<?xml version="1.0" encoding="UTF-8"?>
<testsuite name="serie1.ex3.PoolTest" tests="6" skipped="0" failures="0" errors="0" timestamp="2022-04-22T20:56:55" hostname="LAPTOP-8IJG8NP1" time="1.17">
  <properties/>
  <testcase name="Executor throws IllegalState when trying to shutdown when is already shutting down" classname="serie1.ex3.PoolTest" time="0.084"/>
  <testcase name="simple test with success with max pool size 1" classname="serie1.ex3.PoolTest" time="0.002"/>
  <testcase name="simple test with success with max pool size 4" classname="serie1.ex3.PoolTest" time="0.006"/>
  <testcase name="Executor uses a pending worker" classname="serie1.ex3.PoolTest" time="1.076"/>
  <testcase name="Executor throws IllegalState when trying terminate without shutting down first" classname="serie1.ex3.PoolTest" time="0.001"/>
  <testcase name="Executor throws RejectedExecutionException when trying to execute" classname="serie1.ex3.PoolTest" time="0.001"/>
  <system-out><![CDATA[1
]]></system-out>
  <system-err><![CDATA[]]></system-err>
</testsuite>
