<?xml version="1.0" encoding="UTF-8"?>
<testsuite name="serie2.ex2.MessageBoxTest" tests="1000" skipped="0" failures="0" errors="0" timestamp="2022-05-14T13:31:19" hostname="LAPTOP-8IJG8NP1" time="12.996">
  <properties/>
  <testcase name="MultiThreaded consumers trying to consume 1 message with N lives[Lives: 1]" classname="serie2.ex2.MessageBoxTest" time="0.028"/>
  <testcase name="MultiThreaded consumers trying to consume 1 message with N lives[Lives: 2]" classname="serie2.ex2.MessageBoxTest" time="0.01"/>
  <testcase name="MultiThreaded consumers trying to consume 1 message with N lives[Lives: 3]" classname="serie2.ex2.MessageBoxTest" time="0.017"/>
  <testcase name="MultiThreaded consumers trying to consume 1 message with N lives[Lives: 4]" classname="serie2.ex2.MessageBoxTest" time="0.015"/>
  <testcase name="MultiThreaded consumers trying to consume 1 message with N lives[Lives: 5]" classname="serie2.ex2.MessageBoxTest" time="0.015"/>
  <testcase name="MultiThreaded consumers trying to consume 1 message with N lives[Lives: 6]" classname="serie2.ex2.MessageBoxTest" time="0.015"/>
  <testcase name="MultiThreaded consumers trying to consume 1 message with N lives[Lives: 7]" classname="serie2.ex2.MessageBoxTest" time="0.014"/>
  <testcase name="MultiThreaded consumers trying to consume 1 message with N lives[Lives: 8]" classname="serie2.ex2.MessageBoxTest" time="0.013"/>
  <testcase name="MultiThreaded consumers trying to consume 1 message with N lives[Lives: 9]" classname="serie2.ex2.MessageBoxTest" time="0.014"/>
  <testcase name="MultiThreaded consumers trying to consume 1 message with N lives[Lives: 10]" classname="serie2.ex2.MessageBoxTest" time="0.015"/>
  <testcase name="MultiThreaded consumers trying to consume 1 message with N lives[Lives: 11]" classname="serie2.ex2.MessageBoxTest" time="0.015"/>
  <testcase name="MultiThreaded consumers trying to consume 1 message with N lives[Lives: 12]" classname="serie2.ex2.MessageBoxTest" time="0.007"/>
  <testcase name="MultiThreaded consumers trying to consume 1 message with N lives[Lives: 13]" classname="serie2.ex2.MessageBoxTest" time="0.006"/>
  <testcase name="MultiThreaded consumers trying to consume 1 message with N lives[Lives: 14]" classname="serie2.ex2.MessageBoxTest" time="0.008"/>
  <testcase name="MultiThreaded consumers trying to consume 1 message with N lives[Lives: 15]" classname="serie2.ex2.MessageBoxTest" time="0.006"/>
  <testcase name="MultiThreaded consumers trying to consume 1 message with N lives[Lives: 16]" classname="serie2.ex2.MessageBoxTest" time="0.007"/>
  <testcase name="MultiThreaded consumers trying to consume 1 message with N lives[Lives: 17]" classname="serie2.ex2.MessageBoxTest" time="0.006"/>
  <testcase name="MultiThreaded consumers trying to consume 1 message with N lives[Lives: 18]" classname="serie2.ex2.MessageBoxTest" time="0.007"/>
  <testcase name="MultiThreaded consumers trying to consume 1 message with N lives[Lives: 19]" classname="serie2.ex2.MessageBoxTest" time="0.007"/>
  <testcase name="MultiThreaded consumers trying to consume 1 message with N lives[Lives: 20]" classname="serie2.ex2.MessageBoxTest" time="0.009"/>
  <testcase name="MultiThreaded consumers trying to consume 1 message with N lives[Lives: 21]" classname="serie2.ex2.MessageBoxTest" time="0.007"/>
  <testcase name="MultiThreaded consumers trying to consume 1 message with N lives[Lives: 22]" classname="serie2.ex2.MessageBoxTest" time="0.008"/>
  <testcase name="MultiThreaded consumers trying to consume 1 message with N lives[Lives: 23]" classname="serie2.ex2.MessageBoxTest" time="0.008"/>
  <testcase name="MultiThreaded consumers trying to consume 1 message with N lives[Lives: 24]" classname="serie2.ex2.MessageBoxTest" time="0.007"/>
  <testcase name="MultiThreaded consumers trying to consume 1 message with N lives[Lives: 25]" classname="serie2.ex2.MessageBoxTest" time="0.007"/>
  <testcase name="MultiThreaded consumers trying to consume 1 message with N lives[Lives: 26]" classname="serie2.ex2.MessageBoxTest" time="0.007"/>
  <testcase name="MultiThreaded consumers trying to consume 1 message with N lives[Lives: 27]" classname="serie2.ex2.MessageBoxTest" time="0.013"/>
  <testcase name="MultiThreaded consumers trying to consume 1 message with N lives[Lives: 28]" classname="serie2.ex2.MessageBoxTest" time="0.012"/>
  <testcase name="MultiThreaded consumers trying to consume 1 message with N lives[Lives: 29]" classname="serie2.ex2.MessageBoxTest" time="0.012"/>
  <testcase name="MultiThreaded consumers trying to consume 1 message with N lives[Lives: 30]" classname="serie2.ex2.MessageBoxTest" time="0.013"/>
  <testcase name="MultiThreaded consumers trying to consume 1 message with N lives[Lives: 31]" classname="serie2.ex2.MessageBoxTest" time="0.011"/>
  <testcase name="MultiThreaded consumers trying to consume 1 message with N lives[Lives: 32]" classname="serie2.ex2.MessageBoxTest" time="0.012"/>
  <testcase name="MultiThreaded consumers trying to consume 1 message with N lives[Lives: 33]" classname="serie2.ex2.MessageBoxTest" time="0.012"/>
  <testcase name="MultiThreaded consumers trying to consume 1 message with N lives[Lives: 34]" classname="serie2.ex2.MessageBoxTest" time="0.012"/>
  <testcase name="MultiThreaded consumers trying to consume 1 message with N lives[Lives: 35]" classname="serie2.ex2.MessageBoxTest" time="0.012"/>
  <testcase name="MultiThreaded consumers trying to consume 1 message with N lives[Lives: 36]" classname="serie2.ex2.MessageBoxTest" time="0.012"/>
  <testcase name="MultiThreaded consumers trying to consume 1 message with N lives[Lives: 37]" classname="serie2.ex2.MessageBoxTest" time="0.013"/>
  <testcase name="MultiThreaded consumers trying to consume 1 message with N lives[Lives: 38]" classname="serie2.ex2.MessageBoxTest" time="0.012"/>
  <testcase name="MultiThreaded consumers trying to consume 1 message with N lives[Lives: 39]" classname="serie2.ex2.MessageBoxTest" time="0.012"/>
  <testcase name="MultiThreaded consumers trying to consume 1 message with N lives[Lives: 40]" classname="serie2.ex2.MessageBoxTest" time="0.011"/>
  <testcase name="MultiThreaded consumers trying to consume 1 message with N lives[Lives: 41]" classname="serie2.ex2.MessageBoxTest" time="0.012"/>
  <testcase name="MultiThreaded consumers trying to consume 1 message with N lives[Lives: 42]" classname="serie2.ex2.MessageBoxTest" time="0.011"/>
  <testcase name="MultiThreaded consumers trying to consume 1 message with N lives[Lives: 43]" classname="serie2.ex2.MessageBoxTest" time="0.012"/>
  <testcase name="MultiThreaded consumers trying to consume 1 message with N lives[Lives: 44]" classname="serie2.ex2.MessageBoxTest" time="0.013"/>
  <testcase name="MultiThreaded consumers trying to consume 1 message with N lives[Lives: 45]" classname="serie2.ex2.MessageBoxTest" time="0.012"/>
  <testcase name="MultiThreaded consumers trying to consume 1 message with N lives[Lives: 46]" classname="serie2.ex2.MessageBoxTest" time="0.011"/>
  <testcase name="MultiThreaded consumers trying to consume 1 message with N lives[Lives: 47]" classname="serie2.ex2.MessageBoxTest" time="0.011"/>
  <testcase name="MultiThreaded consumers trying to consume 1 message with N lives[Lives: 48]" classname="serie2.ex2.MessageBoxTest" time="0.013"/>
  <testcase name="MultiThreaded consumers trying to consume 1 message with N lives[Lives: 49]" classname="serie2.ex2.MessageBoxTest" time="0.016"/>
  <testcase name="MultiThreaded consumers trying to consume 1 message with N lives[Lives: 50]" classname="serie2.ex2.MessageBoxTest" time="0.014"/>
  <testcase name="MultiThreaded consumers trying to consume 1 message with N lives[Lives: 51]" classname="serie2.ex2.MessageBoxTest" time="0.013"/>
  <testcase name="MultiThreaded consumers trying to consume 1 message with N lives[Lives: 52]" classname="serie2.ex2.MessageBoxTest" time="0.018"/>
  <testcase name="MultiThreaded consumers trying to consume 1 message with N lives[Lives: 53]" classname="serie2.ex2.MessageBoxTest" time="0.014"/>
  <testcase name="MultiThreaded consumers trying to consume 1 message with N lives[Lives: 54]" classname="serie2.ex2.MessageBoxTest" time="0.017"/>
  <testcase name="MultiThreaded consumers trying to consume 1 message with N lives[Lives: 55]" classname="serie2.ex2.MessageBoxTest" time="0.014"/>
  <testcase name="MultiThreaded consumers trying to consume 1 message with N lives[Lives: 56]" classname="serie2.ex2.MessageBoxTest" time="0.013"/>
  <testcase name="MultiThreaded consumers trying to consume 1 message with N lives[Lives: 57]" classname="serie2.ex2.MessageBoxTest" time="0.012"/>
  <testcase name="MultiThreaded consumers trying to consume 1 message with N lives[Lives: 58]" classname="serie2.ex2.MessageBoxTest" time="0.012"/>
  <testcase name="MultiThreaded consumers trying to consume 1 message with N lives[Lives: 59]" classname="serie2.ex2.MessageBoxTest" time="0.014"/>
  <testcase name="MultiThreaded consumers trying to consume 1 message with N lives[Lives: 60]" classname="serie2.ex2.MessageBoxTest" time="0.013"/>
  <testcase name="MultiThreaded consumers trying to consume 1 message with N lives[Lives: 61]" classname="serie2.ex2.MessageBoxTest" time="0.013"/>
  <testcase name="MultiThreaded consumers trying to consume 1 message with N lives[Lives: 62]" classname="serie2.ex2.MessageBoxTest" time="0.014"/>
  <testcase name="MultiThreaded consumers trying to consume 1 message with N lives[Lives: 63]" classname="serie2.ex2.MessageBoxTest" time="0.013"/>
  <testcase name="MultiThreaded consumers trying to consume 1 message with N lives[Lives: 64]" classname="serie2.ex2.MessageBoxTest" time="0.014"/>
  <testcase name="MultiThreaded consumers trying to consume 1 message with N lives[Lives: 65]" classname="serie2.ex2.MessageBoxTest" time="0.013"/>
  <testcase name="MultiThreaded consumers trying to consume 1 message with N lives[Lives: 66]" classname="serie2.ex2.MessageBoxTest" time="0.014"/>
  <testcase name="MultiThreaded consumers trying to consume 1 message with N lives[Lives: 67]" classname="serie2.ex2.MessageBoxTest" time="0.015"/>
  <testcase name="MultiThreaded consumers trying to consume 1 message with N lives[Lives: 68]" classname="serie2.ex2.MessageBoxTest" time="0.014"/>
  <testcase name="MultiThreaded consumers trying to consume 1 message with N lives[Lives: 69]" classname="serie2.ex2.MessageBoxTest" time="0.014"/>
  <testcase name="MultiThreaded consumers trying to consume 1 message with N lives[Lives: 70]" classname="serie2.ex2.MessageBoxTest" time="0.013"/>
  <testcase name="MultiThreaded consumers trying to consume 1 message with N lives[Lives: 71]" classname="serie2.ex2.MessageBoxTest" time="0.015"/>
  <testcase name="MultiThreaded consumers trying to consume 1 message with N lives[Lives: 72]" classname="serie2.ex2.MessageBoxTest" time="0.013"/>
  <testcase name="MultiThreaded consumers trying to consume 1 message with N lives[Lives: 73]" classname="serie2.ex2.MessageBoxTest" time="0.014"/>
  <testcase name="MultiThreaded consumers trying to consume 1 message with N lives[Lives: 74]" classname="serie2.ex2.MessageBoxTest" time="0.014"/>
  <testcase name="MultiThreaded consumers trying to consume 1 message with N lives[Lives: 75]" classname="serie2.ex2.MessageBoxTest" time="0.014"/>
  <testcase name="MultiThreaded consumers trying to consume 1 message with N lives[Lives: 76]" classname="serie2.ex2.MessageBoxTest" time="0.016"/>
  <testcase name="MultiThreaded consumers trying to consume 1 message with N lives[Lives: 77]" classname="serie2.ex2.MessageBoxTest" time="0.013"/>
  <testcase name="MultiThreaded consumers trying to consume 1 message with N lives[Lives: 78]" classname="serie2.ex2.MessageBoxTest" time="0.015"/>
  <testcase name="MultiThreaded consumers trying to consume 1 message with N lives[Lives: 79]" classname="serie2.ex2.MessageBoxTest" time="0.012"/>
  <testcase name="MultiThreaded consumers trying to consume 1 message with N lives[Lives: 80]" classname="serie2.ex2.MessageBoxTest" time="0.015"/>
  <testcase name="MultiThreaded consumers trying to consume 1 message with N lives[Lives: 81]" classname="serie2.ex2.MessageBoxTest" time="0.015"/>
  <testcase name="MultiThreaded consumers trying to consume 1 message with N lives[Lives: 82]" classname="serie2.ex2.MessageBoxTest" time="0.016"/>
  <testcase name="MultiThreaded consumers trying to consume 1 message with N lives[Lives: 83]" classname="serie2.ex2.MessageBoxTest" time="0.015"/>
  <testcase name="MultiThreaded consumers trying to consume 1 message with N lives[Lives: 84]" classname="serie2.ex2.MessageBoxTest" time="0.014"/>
  <testcase name="MultiThreaded consumers trying to consume 1 message with N lives[Lives: 85]" classname="serie2.ex2.MessageBoxTest" time="0.013"/>
  <testcase name="MultiThreaded consumers trying to consume 1 message with N lives[Lives: 86]" classname="serie2.ex2.MessageBoxTest" time="0.013"/>
  <testcase name="MultiThreaded consumers trying to consume 1 message with N lives[Lives: 87]" classname="serie2.ex2.MessageBoxTest" time="0.017"/>
  <testcase name="MultiThreaded consumers trying to consume 1 message with N lives[Lives: 88]" classname="serie2.ex2.MessageBoxTest" time="0.014"/>
  <testcase name="MultiThreaded consumers trying to consume 1 message with N lives[Lives: 89]" classname="serie2.ex2.MessageBoxTest" time="0.017"/>
  <testcase name="MultiThreaded consumers trying to consume 1 message with N lives[Lives: 90]" classname="serie2.ex2.MessageBoxTest" time="0.016"/>
  <testcase name="MultiThreaded consumers trying to consume 1 message with N lives[Lives: 91]" classname="serie2.ex2.MessageBoxTest" time="0.019"/>
  <testcase name="MultiThreaded consumers trying to consume 1 message with N lives[Lives: 92]" classname="serie2.ex2.MessageBoxTest" time="0.022"/>
  <testcase name="MultiThreaded consumers trying to consume 1 message with N lives[Lives: 93]" classname="serie2.ex2.MessageBoxTest" time="0.043"/>
  <testcase name="MultiThreaded consumers trying to consume 1 message with N lives[Lives: 94]" classname="serie2.ex2.MessageBoxTest" time="0.021"/>
  <testcase name="MultiThreaded consumers trying to consume 1 message with N lives[Lives: 95]" classname="serie2.ex2.MessageBoxTest" time="0.015"/>
  <testcase name="MultiThreaded consumers trying to consume 1 message with N lives[Lives: 96]" classname="serie2.ex2.MessageBoxTest" time="0.017"/>
  <testcase name="MultiThreaded consumers trying to consume 1 message with N lives[Lives: 97]" classname="serie2.ex2.MessageBoxTest" time="0.015"/>
  <testcase name="MultiThreaded consumers trying to consume 1 message with N lives[Lives: 98]" classname="serie2.ex2.MessageBoxTest" time="0.013"/>
  <testcase name="MultiThreaded consumers trying to consume 1 message with N lives[Lives: 99]" classname="serie2.ex2.MessageBoxTest" time="0.012"/>
  <testcase name="MultiThreaded consumers trying to consume 1 message with N lives[Lives: 100]" classname="serie2.ex2.MessageBoxTest" time="0.014"/>
  <testcase name="MultiThreaded consumers trying to consume 1 message with N lives[Lives: 101]" classname="serie2.ex2.MessageBoxTest" time="0.011"/>
  <testcase name="MultiThreaded consumers trying to consume 1 message with N lives[Lives: 102]" classname="serie2.ex2.MessageBoxTest" time="0.013"/>
  <testcase name="MultiThreaded consumers trying to consume 1 message with N lives[Lives: 103]" classname="serie2.ex2.MessageBoxTest" time="0.016"/>
  <testcase name="MultiThreaded consumers trying to consume 1 message with N lives[Lives: 104]" classname="serie2.ex2.MessageBoxTest" time="0.015"/>
  <testcase name="MultiThreaded consumers trying to consume 1 message with N lives[Lives: 105]" classname="serie2.ex2.MessageBoxTest" time="0.014"/>
  <testcase name="MultiThreaded consumers trying to consume 1 message with N lives[Lives: 106]" classname="serie2.ex2.MessageBoxTest" time="0.013"/>
  <testcase name="MultiThreaded consumers trying to consume 1 message with N lives[Lives: 107]" classname="serie2.ex2.MessageBoxTest" time="0.013"/>
  <testcase name="MultiThreaded consumers trying to consume 1 message with N lives[Lives: 108]" classname="serie2.ex2.MessageBoxTest" time="0.014"/>
  <testcase name="MultiThreaded consumers trying to consume 1 message with N lives[Lives: 109]" classname="serie2.ex2.MessageBoxTest" time="0.013"/>
  <testcase name="MultiThreaded consumers trying to consume 1 message with N lives[Lives: 110]" classname="serie2.ex2.MessageBoxTest" time="0.016"/>
  <testcase name="MultiThreaded consumers trying to consume 1 message with N lives[Lives: 111]" classname="serie2.ex2.MessageBoxTest" time="0.014"/>
  <testcase name="MultiThreaded consumers trying to consume 1 message with N lives[Lives: 112]" classname="serie2.ex2.MessageBoxTest" time="0.018"/>
  <testcase name="MultiThreaded consumers trying to consume 1 message with N lives[Lives: 113]" classname="serie2.ex2.MessageBoxTest" time="0.014"/>
  <testcase name="MultiThreaded consumers trying to consume 1 message with N lives[Lives: 114]" classname="serie2.ex2.MessageBoxTest" time="0.015"/>
  <testcase name="MultiThreaded consumers trying to consume 1 message with N lives[Lives: 115]" classname="serie2.ex2.MessageBoxTest" time="0.013"/>
  <testcase name="MultiThreaded consumers trying to consume 1 message with N lives[Lives: 116]" classname="serie2.ex2.MessageBoxTest" time="0.014"/>
  <testcase name="MultiThreaded consumers trying to consume 1 message with N lives[Lives: 117]" classname="serie2.ex2.MessageBoxTest" time="0.013"/>
  <testcase name="MultiThreaded consumers trying to consume 1 message with N lives[Lives: 118]" classname="serie2.ex2.MessageBoxTest" time="0.013"/>
  <testcase name="MultiThreaded consumers trying to consume 1 message with N lives[Lives: 119]" classname="serie2.ex2.MessageBoxTest" time="0.014"/>
  <testcase name="MultiThreaded consumers trying to consume 1 message with N lives[Lives: 120]" classname="serie2.ex2.MessageBoxTest" time="0.014"/>
  <testcase name="MultiThreaded consumers trying to consume 1 message with N lives[Lives: 121]" classname="serie2.ex2.MessageBoxTest" time="0.014"/>
  <testcase name="MultiThreaded consumers trying to consume 1 message with N lives[Lives: 122]" classname="serie2.ex2.MessageBoxTest" time="0.015"/>
  <testcase name="MultiThreaded consumers trying to consume 1 message with N lives[Lives: 123]" classname="serie2.ex2.MessageBoxTest" time="0.014"/>
  <testcase name="MultiThreaded consumers trying to consume 1 message with N lives[Lives: 124]" classname="serie2.ex2.MessageBoxTest" time="0.012"/>
  <testcase name="MultiThreaded consumers trying to consume 1 message with N lives[Lives: 125]" classname="serie2.ex2.MessageBoxTest" time="0.011"/>
  <testcase name="MultiThreaded consumers trying to consume 1 message with N lives[Lives: 126]" classname="serie2.ex2.MessageBoxTest" time="0.013"/>
  <testcase name="MultiThreaded consumers trying to consume 1 message with N lives[Lives: 127]" classname="serie2.ex2.MessageBoxTest" time="0.012"/>
  <testcase name="MultiThreaded consumers trying to consume 1 message with N lives[Lives: 128]" classname="serie2.ex2.MessageBoxTest" time="0.012"/>
  <testcase name="MultiThreaded consumers trying to consume 1 message with N lives[Lives: 129]" classname="serie2.ex2.MessageBoxTest" time="0.011"/>
  <testcase name="MultiThreaded consumers trying to consume 1 message with N lives[Lives: 130]" classname="serie2.ex2.MessageBoxTest" time="0.012"/>
  <testcase name="MultiThreaded consumers trying to consume 1 message with N lives[Lives: 131]" classname="serie2.ex2.MessageBoxTest" time="0.011"/>
  <testcase name="MultiThreaded consumers trying to consume 1 message with N lives[Lives: 132]" classname="serie2.ex2.MessageBoxTest" time="0.011"/>
  <testcase name="MultiThreaded consumers trying to consume 1 message with N lives[Lives: 133]" classname="serie2.ex2.MessageBoxTest" time="0.012"/>
  <testcase name="MultiThreaded consumers trying to consume 1 message with N lives[Lives: 134]" classname="serie2.ex2.MessageBoxTest" time="0.013"/>
  <testcase name="MultiThreaded consumers trying to consume 1 message with N lives[Lives: 135]" classname="serie2.ex2.MessageBoxTest" time="0.012"/>
  <testcase name="MultiThreaded consumers trying to consume 1 message with N lives[Lives: 136]" classname="serie2.ex2.MessageBoxTest" time="0.018"/>
  <testcase name="MultiThreaded consumers trying to consume 1 message with N lives[Lives: 137]" classname="serie2.ex2.MessageBoxTest" time="0.011"/>
  <testcase name="MultiThreaded consumers trying to consume 1 message with N lives[Lives: 138]" classname="serie2.ex2.MessageBoxTest" time="0.011"/>
  <testcase name="MultiThreaded consumers trying to consume 1 message with N lives[Lives: 139]" classname="serie2.ex2.MessageBoxTest" time="0.012"/>
  <testcase name="MultiThreaded consumers trying to consume 1 message with N lives[Lives: 140]" classname="serie2.ex2.MessageBoxTest" time="0.012"/>
  <testcase name="MultiThreaded consumers trying to consume 1 message with N lives[Lives: 141]" classname="serie2.ex2.MessageBoxTest" time="0.013"/>
  <testcase name="MultiThreaded consumers trying to consume 1 message with N lives[Lives: 142]" classname="serie2.ex2.MessageBoxTest" time="0.012"/>
  <testcase name="MultiThreaded consumers trying to consume 1 message with N lives[Lives: 143]" classname="serie2.ex2.MessageBoxTest" time="0.013"/>
  <testcase name="MultiThreaded consumers trying to consume 1 message with N lives[Lives: 144]" classname="serie2.ex2.MessageBoxTest" time="0.013"/>
  <testcase name="MultiThreaded consumers trying to consume 1 message with N lives[Lives: 145]" classname="serie2.ex2.MessageBoxTest" time="0.012"/>
  <testcase name="MultiThreaded consumers trying to consume 1 message with N lives[Lives: 146]" classname="serie2.ex2.MessageBoxTest" time="0.014"/>
  <testcase name="MultiThreaded consumers trying to consume 1 message with N lives[Lives: 147]" classname="serie2.ex2.MessageBoxTest" time="0.012"/>
  <testcase name="MultiThreaded consumers trying to consume 1 message with N lives[Lives: 148]" classname="serie2.ex2.MessageBoxTest" time="0.011"/>
  <testcase name="MultiThreaded consumers trying to consume 1 message with N lives[Lives: 149]" classname="serie2.ex2.MessageBoxTest" time="0.013"/>
  <testcase name="MultiThreaded consumers trying to consume 1 message with N lives[Lives: 150]" classname="serie2.ex2.MessageBoxTest" time="0.014"/>
  <testcase name="MultiThreaded consumers trying to consume 1 message with N lives[Lives: 151]" classname="serie2.ex2.MessageBoxTest" time="0.012"/>
  <testcase name="MultiThreaded consumers trying to consume 1 message with N lives[Lives: 152]" classname="serie2.ex2.MessageBoxTest" time="0.013"/>
  <testcase name="MultiThreaded consumers trying to consume 1 message with N lives[Lives: 153]" classname="serie2.ex2.MessageBoxTest" time="0.012"/>
  <testcase name="MultiThreaded consumers trying to consume 1 message with N lives[Lives: 154]" classname="serie2.ex2.MessageBoxTest" time="0.011"/>
  <testcase name="MultiThreaded consumers trying to consume 1 message with N lives[Lives: 155]" classname="serie2.ex2.MessageBoxTest" time="0.013"/>
  <testcase name="MultiThreaded consumers trying to consume 1 message with N lives[Lives: 156]" classname="serie2.ex2.MessageBoxTest" time="0.044"/>
  <testcase name="MultiThreaded consumers trying to consume 1 message with N lives[Lives: 157]" classname="serie2.ex2.MessageBoxTest" time="0.015"/>
  <testcase name="MultiThreaded consumers trying to consume 1 message with N lives[Lives: 158]" classname="serie2.ex2.MessageBoxTest" time="0.013"/>
  <testcase name="MultiThreaded consumers trying to consume 1 message with N lives[Lives: 159]" classname="serie2.ex2.MessageBoxTest" time="0.012"/>
  <testcase name="MultiThreaded consumers trying to consume 1 message with N lives[Lives: 160]" classname="serie2.ex2.MessageBoxTest" time="0.012"/>
  <testcase name="MultiThreaded consumers trying to consume 1 message with N lives[Lives: 161]" classname="serie2.ex2.MessageBoxTest" time="0.013"/>
  <testcase name="MultiThreaded consumers trying to consume 1 message with N lives[Lives: 162]" classname="serie2.ex2.MessageBoxTest" time="0.011"/>
  <testcase name="MultiThreaded consumers trying to consume 1 message with N lives[Lives: 163]" classname="serie2.ex2.MessageBoxTest" time="0.013"/>
  <testcase name="MultiThreaded consumers trying to consume 1 message with N lives[Lives: 164]" classname="serie2.ex2.MessageBoxTest" time="0.011"/>
  <testcase name="MultiThreaded consumers trying to consume 1 message with N lives[Lives: 165]" classname="serie2.ex2.MessageBoxTest" time="0.012"/>
  <testcase name="MultiThreaded consumers trying to consume 1 message with N lives[Lives: 166]" classname="serie2.ex2.MessageBoxTest" time="0.01"/>
  <testcase name="MultiThreaded consumers trying to consume 1 message with N lives[Lives: 167]" classname="serie2.ex2.MessageBoxTest" time="0.012"/>
  <testcase name="MultiThreaded consumers trying to consume 1 message with N lives[Lives: 168]" classname="serie2.ex2.MessageBoxTest" time="0.013"/>
  <testcase name="MultiThreaded consumers trying to consume 1 message with N lives[Lives: 169]" classname="serie2.ex2.MessageBoxTest" time="0.012"/>
  <testcase name="MultiThreaded consumers trying to consume 1 message with N lives[Lives: 170]" classname="serie2.ex2.MessageBoxTest" time="0.014"/>
  <testcase name="MultiThreaded consumers trying to consume 1 message with N lives[Lives: 171]" classname="serie2.ex2.MessageBoxTest" time="0.013"/>
  <testcase name="MultiThreaded consumers trying to consume 1 message with N lives[Lives: 172]" classname="serie2.ex2.MessageBoxTest" time="0.012"/>
  <testcase name="MultiThreaded consumers trying to consume 1 message with N lives[Lives: 173]" classname="serie2.ex2.MessageBoxTest" time="0.012"/>
  <testcase name="MultiThreaded consumers trying to consume 1 message with N lives[Lives: 174]" classname="serie2.ex2.MessageBoxTest" time="0.012"/>
  <testcase name="MultiThreaded consumers trying to consume 1 message with N lives[Lives: 175]" classname="serie2.ex2.MessageBoxTest" time="0.011"/>
  <testcase name="MultiThreaded consumers trying to consume 1 message with N lives[Lives: 176]" classname="serie2.ex2.MessageBoxTest" time="0.01"/>
  <testcase name="MultiThreaded consumers trying to consume 1 message with N lives[Lives: 177]" classname="serie2.ex2.MessageBoxTest" time="0.011"/>
  <testcase name="MultiThreaded consumers trying to consume 1 message with N lives[Lives: 178]" classname="serie2.ex2.MessageBoxTest" time="0.013"/>
  <testcase name="MultiThreaded consumers trying to consume 1 message with N lives[Lives: 179]" classname="serie2.ex2.MessageBoxTest" time="0.012"/>
  <testcase name="MultiThreaded consumers trying to consume 1 message with N lives[Lives: 180]" classname="serie2.ex2.MessageBoxTest" time="0.013"/>
  <testcase name="MultiThreaded consumers trying to consume 1 message with N lives[Lives: 181]" classname="serie2.ex2.MessageBoxTest" time="0.012"/>
  <testcase name="MultiThreaded consumers trying to consume 1 message with N lives[Lives: 182]" classname="serie2.ex2.MessageBoxTest" time="0.01"/>
  <testcase name="MultiThreaded consumers trying to consume 1 message with N lives[Lives: 183]" classname="serie2.ex2.MessageBoxTest" time="0.012"/>
  <testcase name="MultiThreaded consumers trying to consume 1 message with N lives[Lives: 184]" classname="serie2.ex2.MessageBoxTest" time="0.012"/>
  <testcase name="MultiThreaded consumers trying to consume 1 message with N lives[Lives: 185]" classname="serie2.ex2.MessageBoxTest" time="0.012"/>
  <testcase name="MultiThreaded consumers trying to consume 1 message with N lives[Lives: 186]" classname="serie2.ex2.MessageBoxTest" time="0.013"/>
  <testcase name="MultiThreaded consumers trying to consume 1 message with N lives[Lives: 187]" classname="serie2.ex2.MessageBoxTest" time="0.012"/>
  <testcase name="MultiThreaded consumers trying to consume 1 message with N lives[Lives: 188]" classname="serie2.ex2.MessageBoxTest" time="0.014"/>
  <testcase name="MultiThreaded consumers trying to consume 1 message with N lives[Lives: 189]" classname="serie2.ex2.MessageBoxTest" time="0.012"/>
  <testcase name="MultiThreaded consumers trying to consume 1 message with N lives[Lives: 190]" classname="serie2.ex2.MessageBoxTest" time="0.013"/>
  <testcase name="MultiThreaded consumers trying to consume 1 message with N lives[Lives: 191]" classname="serie2.ex2.MessageBoxTest" time="0.012"/>
  <testcase name="MultiThreaded consumers trying to consume 1 message with N lives[Lives: 192]" classname="serie2.ex2.MessageBoxTest" time="0.012"/>
  <testcase name="MultiThreaded consumers trying to consume 1 message with N lives[Lives: 193]" classname="serie2.ex2.MessageBoxTest" time="0.011"/>
  <testcase name="MultiThreaded consumers trying to consume 1 message with N lives[Lives: 194]" classname="serie2.ex2.MessageBoxTest" time="0.013"/>
  <testcase name="MultiThreaded consumers trying to consume 1 message with N lives[Lives: 195]" classname="serie2.ex2.MessageBoxTest" time="0.013"/>
  <testcase name="MultiThreaded consumers trying to consume 1 message with N lives[Lives: 196]" classname="serie2.ex2.MessageBoxTest" time="0.012"/>
  <testcase name="MultiThreaded consumers trying to consume 1 message with N lives[Lives: 197]" classname="serie2.ex2.MessageBoxTest" time="0.012"/>
  <testcase name="MultiThreaded consumers trying to consume 1 message with N lives[Lives: 198]" classname="serie2.ex2.MessageBoxTest" time="0.012"/>
  <testcase name="MultiThreaded consumers trying to consume 1 message with N lives[Lives: 199]" classname="serie2.ex2.MessageBoxTest" time="0.012"/>
  <testcase name="MultiThreaded consumers trying to consume 1 message with N lives[Lives: 200]" classname="serie2.ex2.MessageBoxTest" time="0.012"/>
  <testcase name="MultiThreaded consumers trying to consume 1 message with N lives[Lives: 201]" classname="serie2.ex2.MessageBoxTest" time="0.012"/>
  <testcase name="MultiThreaded consumers trying to consume 1 message with N lives[Lives: 202]" classname="serie2.ex2.MessageBoxTest" time="0.013"/>
  <testcase name="MultiThreaded consumers trying to consume 1 message with N lives[Lives: 203]" classname="serie2.ex2.MessageBoxTest" time="0.011"/>
  <testcase name="MultiThreaded consumers trying to consume 1 message with N lives[Lives: 204]" classname="serie2.ex2.MessageBoxTest" time="0.012"/>
  <testcase name="MultiThreaded consumers trying to consume 1 message with N lives[Lives: 205]" classname="serie2.ex2.MessageBoxTest" time="0.011"/>
  <testcase name="MultiThreaded consumers trying to consume 1 message with N lives[Lives: 206]" classname="serie2.ex2.MessageBoxTest" time="0.012"/>
  <testcase name="MultiThreaded consumers trying to consume 1 message with N lives[Lives: 207]" classname="serie2.ex2.MessageBoxTest" time="0.012"/>
  <testcase name="MultiThreaded consumers trying to consume 1 message with N lives[Lives: 208]" classname="serie2.ex2.MessageBoxTest" time="0.012"/>
  <testcase name="MultiThreaded consumers trying to consume 1 message with N lives[Lives: 209]" classname="serie2.ex2.MessageBoxTest" time="0.011"/>
  <testcase name="MultiThreaded consumers trying to consume 1 message with N lives[Lives: 210]" classname="serie2.ex2.MessageBoxTest" time="0.011"/>
  <testcase name="MultiThreaded consumers trying to consume 1 message with N lives[Lives: 211]" classname="serie2.ex2.MessageBoxTest" time="0.011"/>
  <testcase name="MultiThreaded consumers trying to consume 1 message with N lives[Lives: 212]" classname="serie2.ex2.MessageBoxTest" time="0.012"/>
  <testcase name="MultiThreaded consumers trying to consume 1 message with N lives[Lives: 213]" classname="serie2.ex2.MessageBoxTest" time="0.012"/>
  <testcase name="MultiThreaded consumers trying to consume 1 message with N lives[Lives: 214]" classname="serie2.ex2.MessageBoxTest" time="0.014"/>
  <testcase name="MultiThreaded consumers trying to consume 1 message with N lives[Lives: 215]" classname="serie2.ex2.MessageBoxTest" time="0.012"/>
  <testcase name="MultiThreaded consumers trying to consume 1 message with N lives[Lives: 216]" classname="serie2.ex2.MessageBoxTest" time="0.015"/>
  <testcase name="MultiThreaded consumers trying to consume 1 message with N lives[Lives: 217]" classname="serie2.ex2.MessageBoxTest" time="0.012"/>
  <testcase name="MultiThreaded consumers trying to consume 1 message with N lives[Lives: 218]" classname="serie2.ex2.MessageBoxTest" time="0.012"/>
  <testcase name="MultiThreaded consumers trying to consume 1 message with N lives[Lives: 219]" classname="serie2.ex2.MessageBoxTest" time="0.013"/>
  <testcase name="MultiThreaded consumers trying to consume 1 message with N lives[Lives: 220]" classname="serie2.ex2.MessageBoxTest" time="0.012"/>
  <testcase name="MultiThreaded consumers trying to consume 1 message with N lives[Lives: 221]" classname="serie2.ex2.MessageBoxTest" time="0.013"/>
  <testcase name="MultiThreaded consumers trying to consume 1 message with N lives[Lives: 222]" classname="serie2.ex2.MessageBoxTest" time="0.012"/>
  <testcase name="MultiThreaded consumers trying to consume 1 message with N lives[Lives: 223]" classname="serie2.ex2.MessageBoxTest" time="0.012"/>
  <testcase name="MultiThreaded consumers trying to consume 1 message with N lives[Lives: 224]" classname="serie2.ex2.MessageBoxTest" time="0.011"/>
  <testcase name="MultiThreaded consumers trying to consume 1 message with N lives[Lives: 225]" classname="serie2.ex2.MessageBoxTest" time="0.013"/>
  <testcase name="MultiThreaded consumers trying to consume 1 message with N lives[Lives: 226]" classname="serie2.ex2.MessageBoxTest" time="0.011"/>
  <testcase name="MultiThreaded consumers trying to consume 1 message with N lives[Lives: 227]" classname="serie2.ex2.MessageBoxTest" time="0.011"/>
  <testcase name="MultiThreaded consumers trying to consume 1 message with N lives[Lives: 228]" classname="serie2.ex2.MessageBoxTest" time="0.012"/>
  <testcase name="MultiThreaded consumers trying to consume 1 message with N lives[Lives: 229]" classname="serie2.ex2.MessageBoxTest" time="0.013"/>
  <testcase name="MultiThreaded consumers trying to consume 1 message with N lives[Lives: 230]" classname="serie2.ex2.MessageBoxTest" time="0.012"/>
  <testcase name="MultiThreaded consumers trying to consume 1 message with N lives[Lives: 231]" classname="serie2.ex2.MessageBoxTest" time="0.012"/>
  <testcase name="MultiThreaded consumers trying to consume 1 message with N lives[Lives: 232]" classname="serie2.ex2.MessageBoxTest" time="0.013"/>
  <testcase name="MultiThreaded consumers trying to consume 1 message with N lives[Lives: 233]" classname="serie2.ex2.MessageBoxTest" time="0.012"/>
  <testcase name="MultiThreaded consumers trying to consume 1 message with N lives[Lives: 234]" classname="serie2.ex2.MessageBoxTest" time="0.013"/>
  <testcase name="MultiThreaded consumers trying to consume 1 message with N lives[Lives: 235]" classname="serie2.ex2.MessageBoxTest" time="0.013"/>
  <testcase name="MultiThreaded consumers trying to consume 1 message with N lives[Lives: 236]" classname="serie2.ex2.MessageBoxTest" time="0.012"/>
  <testcase name="MultiThreaded consumers trying to consume 1 message with N lives[Lives: 237]" classname="serie2.ex2.MessageBoxTest" time="0.011"/>
  <testcase name="MultiThreaded consumers trying to consume 1 message with N lives[Lives: 238]" classname="serie2.ex2.MessageBoxTest" time="0.012"/>
  <testcase name="MultiThreaded consumers trying to consume 1 message with N lives[Lives: 239]" classname="serie2.ex2.MessageBoxTest" time="0.013"/>
  <testcase name="MultiThreaded consumers trying to consume 1 message with N lives[Lives: 240]" classname="serie2.ex2.MessageBoxTest" time="0.013"/>
  <testcase name="MultiThreaded consumers trying to consume 1 message with N lives[Lives: 241]" classname="serie2.ex2.MessageBoxTest" time="0.012"/>
  <testcase name="MultiThreaded consumers trying to consume 1 message with N lives[Lives: 242]" classname="serie2.ex2.MessageBoxTest" time="0.013"/>
  <testcase name="MultiThreaded consumers trying to consume 1 message with N lives[Lives: 243]" classname="serie2.ex2.MessageBoxTest" time="0.012"/>
  <testcase name="MultiThreaded consumers trying to consume 1 message with N lives[Lives: 244]" classname="serie2.ex2.MessageBoxTest" time="0.012"/>
  <testcase name="MultiThreaded consumers trying to consume 1 message with N lives[Lives: 245]" classname="serie2.ex2.MessageBoxTest" time="0.012"/>
  <testcase name="MultiThreaded consumers trying to consume 1 message with N lives[Lives: 246]" classname="serie2.ex2.MessageBoxTest" time="0.013"/>
  <testcase name="MultiThreaded consumers trying to consume 1 message with N lives[Lives: 247]" classname="serie2.ex2.MessageBoxTest" time="0.012"/>
  <testcase name="MultiThreaded consumers trying to consume 1 message with N lives[Lives: 248]" classname="serie2.ex2.MessageBoxTest" time="0.012"/>
  <testcase name="MultiThreaded consumers trying to consume 1 message with N lives[Lives: 249]" classname="serie2.ex2.MessageBoxTest" time="0.012"/>
  <testcase name="MultiThreaded consumers trying to consume 1 message with N lives[Lives: 250]" classname="serie2.ex2.MessageBoxTest" time="0.012"/>
  <testcase name="MultiThreaded consumers trying to consume 1 message with N lives[Lives: 251]" classname="serie2.ex2.MessageBoxTest" time="0.012"/>
  <testcase name="MultiThreaded consumers trying to consume 1 message with N lives[Lives: 252]" classname="serie2.ex2.MessageBoxTest" time="0.012"/>
  <testcase name="MultiThreaded consumers trying to consume 1 message with N lives[Lives: 253]" classname="serie2.ex2.MessageBoxTest" time="0.012"/>
  <testcase name="MultiThreaded consumers trying to consume 1 message with N lives[Lives: 254]" classname="serie2.ex2.MessageBoxTest" time="0.012"/>
  <testcase name="MultiThreaded consumers trying to consume 1 message with N lives[Lives: 255]" classname="serie2.ex2.MessageBoxTest" time="0.012"/>
  <testcase name="MultiThreaded consumers trying to consume 1 message with N lives[Lives: 256]" classname="serie2.ex2.MessageBoxTest" time="0.012"/>
  <testcase name="MultiThreaded consumers trying to consume 1 message with N lives[Lives: 257]" classname="serie2.ex2.MessageBoxTest" time="0.011"/>
  <testcase name="MultiThreaded consumers trying to consume 1 message with N lives[Lives: 258]" classname="serie2.ex2.MessageBoxTest" time="0.012"/>
  <testcase name="MultiThreaded consumers trying to consume 1 message with N lives[Lives: 259]" classname="serie2.ex2.MessageBoxTest" time="0.01"/>
  <testcase name="MultiThreaded consumers trying to consume 1 message with N lives[Lives: 260]" classname="serie2.ex2.MessageBoxTest" time="0.012"/>
  <testcase name="MultiThreaded consumers trying to consume 1 message with N lives[Lives: 261]" classname="serie2.ex2.MessageBoxTest" time="0.012"/>
  <testcase name="MultiThreaded consumers trying to consume 1 message with N lives[Lives: 262]" classname="serie2.ex2.MessageBoxTest" time="0.012"/>
  <testcase name="MultiThreaded consumers trying to consume 1 message with N lives[Lives: 263]" classname="serie2.ex2.MessageBoxTest" time="0.012"/>
  <testcase name="MultiThreaded consumers trying to consume 1 message with N lives[Lives: 264]" classname="serie2.ex2.MessageBoxTest" time="0.011"/>
  <testcase name="MultiThreaded consumers trying to consume 1 message with N lives[Lives: 265]" classname="serie2.ex2.MessageBoxTest" time="0.011"/>
  <testcase name="MultiThreaded consumers trying to consume 1 message with N lives[Lives: 266]" classname="serie2.ex2.MessageBoxTest" time="0.012"/>
  <testcase name="MultiThreaded consumers trying to consume 1 message with N lives[Lives: 267]" classname="serie2.ex2.MessageBoxTest" time="0.012"/>
  <testcase name="MultiThreaded consumers trying to consume 1 message with N lives[Lives: 268]" classname="serie2.ex2.MessageBoxTest" time="0.013"/>
  <testcase name="MultiThreaded consumers trying to consume 1 message with N lives[Lives: 269]" classname="serie2.ex2.MessageBoxTest" time="0.012"/>
  <testcase name="MultiThreaded consumers trying to consume 1 message with N lives[Lives: 270]" classname="serie2.ex2.MessageBoxTest" time="0.011"/>
  <testcase name="MultiThreaded consumers trying to consume 1 message with N lives[Lives: 271]" classname="serie2.ex2.MessageBoxTest" time="0.012"/>
  <testcase name="MultiThreaded consumers trying to consume 1 message with N lives[Lives: 272]" classname="serie2.ex2.MessageBoxTest" time="0.012"/>
  <testcase name="MultiThreaded consumers trying to consume 1 message with N lives[Lives: 273]" classname="serie2.ex2.MessageBoxTest" time="0.012"/>
  <testcase name="MultiThreaded consumers trying to consume 1 message with N lives[Lives: 274]" classname="serie2.ex2.MessageBoxTest" time="0.011"/>
  <testcase name="MultiThreaded consumers trying to consume 1 message with N lives[Lives: 275]" classname="serie2.ex2.MessageBoxTest" time="0.012"/>
  <testcase name="MultiThreaded consumers trying to consume 1 message with N lives[Lives: 276]" classname="serie2.ex2.MessageBoxTest" time="0.012"/>
  <testcase name="MultiThreaded consumers trying to consume 1 message with N lives[Lives: 277]" classname="serie2.ex2.MessageBoxTest" time="0.012"/>
  <testcase name="MultiThreaded consumers trying to consume 1 message with N lives[Lives: 278]" classname="serie2.ex2.MessageBoxTest" time="0.011"/>
  <testcase name="MultiThreaded consumers trying to consume 1 message with N lives[Lives: 279]" classname="serie2.ex2.MessageBoxTest" time="0.012"/>
  <testcase name="MultiThreaded consumers trying to consume 1 message with N lives[Lives: 280]" classname="serie2.ex2.MessageBoxTest" time="0.014"/>
  <testcase name="MultiThreaded consumers trying to consume 1 message with N lives[Lives: 281]" classname="serie2.ex2.MessageBoxTest" time="0.012"/>
  <testcase name="MultiThreaded consumers trying to consume 1 message with N lives[Lives: 282]" classname="serie2.ex2.MessageBoxTest" time="0.012"/>
  <testcase name="MultiThreaded consumers trying to consume 1 message with N lives[Lives: 283]" classname="serie2.ex2.MessageBoxTest" time="0.012"/>
  <testcase name="MultiThreaded consumers trying to consume 1 message with N lives[Lives: 284]" classname="serie2.ex2.MessageBoxTest" time="0.012"/>
  <testcase name="MultiThreaded consumers trying to consume 1 message with N lives[Lives: 285]" classname="serie2.ex2.MessageBoxTest" time="0.012"/>
  <testcase name="MultiThreaded consumers trying to consume 1 message with N lives[Lives: 286]" classname="serie2.ex2.MessageBoxTest" time="0.013"/>
  <testcase name="MultiThreaded consumers trying to consume 1 message with N lives[Lives: 287]" classname="serie2.ex2.MessageBoxTest" time="0.012"/>
  <testcase name="MultiThreaded consumers trying to consume 1 message with N lives[Lives: 288]" classname="serie2.ex2.MessageBoxTest" time="0.012"/>
  <testcase name="MultiThreaded consumers trying to consume 1 message with N lives[Lives: 289]" classname="serie2.ex2.MessageBoxTest" time="0.013"/>
  <testcase name="MultiThreaded consumers trying to consume 1 message with N lives[Lives: 290]" classname="serie2.ex2.MessageBoxTest" time="0.012"/>
  <testcase name="MultiThreaded consumers trying to consume 1 message with N lives[Lives: 291]" classname="serie2.ex2.MessageBoxTest" time="0.012"/>
  <testcase name="MultiThreaded consumers trying to consume 1 message with N lives[Lives: 292]" classname="serie2.ex2.MessageBoxTest" time="0.013"/>
  <testcase name="MultiThreaded consumers trying to consume 1 message with N lives[Lives: 293]" classname="serie2.ex2.MessageBoxTest" time="0.012"/>
  <testcase name="MultiThreaded consumers trying to consume 1 message with N lives[Lives: 294]" classname="serie2.ex2.MessageBoxTest" time="0.01"/>
  <testcase name="MultiThreaded consumers trying to consume 1 message with N lives[Lives: 295]" classname="serie2.ex2.MessageBoxTest" time="0.012"/>
  <testcase name="MultiThreaded consumers trying to consume 1 message with N lives[Lives: 296]" classname="serie2.ex2.MessageBoxTest" time="0.013"/>
  <testcase name="MultiThreaded consumers trying to consume 1 message with N lives[Lives: 297]" classname="serie2.ex2.MessageBoxTest" time="0.012"/>
  <testcase name="MultiThreaded consumers trying to consume 1 message with N lives[Lives: 298]" classname="serie2.ex2.MessageBoxTest" time="0.012"/>
  <testcase name="MultiThreaded consumers trying to consume 1 message with N lives[Lives: 299]" classname="serie2.ex2.MessageBoxTest" time="0.012"/>
  <testcase name="MultiThreaded consumers trying to consume 1 message with N lives[Lives: 300]" classname="serie2.ex2.MessageBoxTest" time="0.012"/>
  <testcase name="MultiThreaded consumers trying to consume 1 message with N lives[Lives: 301]" classname="serie2.ex2.MessageBoxTest" time="0.012"/>
  <testcase name="MultiThreaded consumers trying to consume 1 message with N lives[Lives: 302]" classname="serie2.ex2.MessageBoxTest" time="0.012"/>
  <testcase name="MultiThreaded consumers trying to consume 1 message with N lives[Lives: 303]" classname="serie2.ex2.MessageBoxTest" time="0.012"/>
  <testcase name="MultiThreaded consumers trying to consume 1 message with N lives[Lives: 304]" classname="serie2.ex2.MessageBoxTest" time="0.012"/>
  <testcase name="MultiThreaded consumers trying to consume 1 message with N lives[Lives: 305]" classname="serie2.ex2.MessageBoxTest" time="0.012"/>
  <testcase name="MultiThreaded consumers trying to consume 1 message with N lives[Lives: 306]" classname="serie2.ex2.MessageBoxTest" time="0.012"/>
  <testcase name="MultiThreaded consumers trying to consume 1 message with N lives[Lives: 307]" classname="serie2.ex2.MessageBoxTest" time="0.01"/>
  <testcase name="MultiThreaded consumers trying to consume 1 message with N lives[Lives: 308]" classname="serie2.ex2.MessageBoxTest" time="0.013"/>
  <testcase name="MultiThreaded consumers trying to consume 1 message with N lives[Lives: 309]" classname="serie2.ex2.MessageBoxTest" time="0.012"/>
  <testcase name="MultiThreaded consumers trying to consume 1 message with N lives[Lives: 310]" classname="serie2.ex2.MessageBoxTest" time="0.012"/>
  <testcase name="MultiThreaded consumers trying to consume 1 message with N lives[Lives: 311]" classname="serie2.ex2.MessageBoxTest" time="0.012"/>
  <testcase name="MultiThreaded consumers trying to consume 1 message with N lives[Lives: 312]" classname="serie2.ex2.MessageBoxTest" time="0.012"/>
  <testcase name="MultiThreaded consumers trying to consume 1 message with N lives[Lives: 313]" classname="serie2.ex2.MessageBoxTest" time="0.012"/>
  <testcase name="MultiThreaded consumers trying to consume 1 message with N lives[Lives: 314]" classname="serie2.ex2.MessageBoxTest" time="0.012"/>
  <testcase name="MultiThreaded consumers trying to consume 1 message with N lives[Lives: 315]" classname="serie2.ex2.MessageBoxTest" time="0.012"/>
  <testcase name="MultiThreaded consumers trying to consume 1 message with N lives[Lives: 316]" classname="serie2.ex2.MessageBoxTest" time="0.012"/>
  <testcase name="MultiThreaded consumers trying to consume 1 message with N lives[Lives: 317]" classname="serie2.ex2.MessageBoxTest" time="0.011"/>
  <testcase name="MultiThreaded consumers trying to consume 1 message with N lives[Lives: 318]" classname="serie2.ex2.MessageBoxTest" time="0.012"/>
  <testcase name="MultiThreaded consumers trying to consume 1 message with N lives[Lives: 319]" classname="serie2.ex2.MessageBoxTest" time="0.012"/>
  <testcase name="MultiThreaded consumers trying to consume 1 message with N lives[Lives: 320]" classname="serie2.ex2.MessageBoxTest" time="0.012"/>
  <testcase name="MultiThreaded consumers trying to consume 1 message with N lives[Lives: 321]" classname="serie2.ex2.MessageBoxTest" time="0.012"/>
  <testcase name="MultiThreaded consumers trying to consume 1 message with N lives[Lives: 322]" classname="serie2.ex2.MessageBoxTest" time="0.012"/>
  <testcase name="MultiThreaded consumers trying to consume 1 message with N lives[Lives: 323]" classname="serie2.ex2.MessageBoxTest" time="0.014"/>
  <testcase name="MultiThreaded consumers trying to consume 1 message with N lives[Lives: 324]" classname="serie2.ex2.MessageBoxTest" time="0.012"/>
  <testcase name="MultiThreaded consumers trying to consume 1 message with N lives[Lives: 325]" classname="serie2.ex2.MessageBoxTest" time="0.012"/>
  <testcase name="MultiThreaded consumers trying to consume 1 message with N lives[Lives: 326]" classname="serie2.ex2.MessageBoxTest" time="0.012"/>
  <testcase name="MultiThreaded consumers trying to consume 1 message with N lives[Lives: 327]" classname="serie2.ex2.MessageBoxTest" time="0.013"/>
  <testcase name="MultiThreaded consumers trying to consume 1 message with N lives[Lives: 328]" classname="serie2.ex2.MessageBoxTest" time="0.011"/>
  <testcase name="MultiThreaded consumers trying to consume 1 message with N lives[Lives: 329]" classname="serie2.ex2.MessageBoxTest" time="0.012"/>
  <testcase name="MultiThreaded consumers trying to consume 1 message with N lives[Lives: 330]" classname="serie2.ex2.MessageBoxTest" time="0.012"/>
  <testcase name="MultiThreaded consumers trying to consume 1 message with N lives[Lives: 331]" classname="serie2.ex2.MessageBoxTest" time="0.011"/>
  <testcase name="MultiThreaded consumers trying to consume 1 message with N lives[Lives: 332]" classname="serie2.ex2.MessageBoxTest" time="0.01"/>
  <testcase name="MultiThreaded consumers trying to consume 1 message with N lives[Lives: 333]" classname="serie2.ex2.MessageBoxTest" time="0.013"/>
  <testcase name="MultiThreaded consumers trying to consume 1 message with N lives[Lives: 334]" classname="serie2.ex2.MessageBoxTest" time="0.013"/>
  <testcase name="MultiThreaded consumers trying to consume 1 message with N lives[Lives: 335]" classname="serie2.ex2.MessageBoxTest" time="0.012"/>
  <testcase name="MultiThreaded consumers trying to consume 1 message with N lives[Lives: 336]" classname="serie2.ex2.MessageBoxTest" time="0.012"/>
  <testcase name="MultiThreaded consumers trying to consume 1 message with N lives[Lives: 337]" classname="serie2.ex2.MessageBoxTest" time="0.014"/>
  <testcase name="MultiThreaded consumers trying to consume 1 message with N lives[Lives: 338]" classname="serie2.ex2.MessageBoxTest" time="0.012"/>
  <testcase name="MultiThreaded consumers trying to consume 1 message with N lives[Lives: 339]" classname="serie2.ex2.MessageBoxTest" time="0.012"/>
  <testcase name="MultiThreaded consumers trying to consume 1 message with N lives[Lives: 340]" classname="serie2.ex2.MessageBoxTest" time="0.015"/>
  <testcase name="MultiThreaded consumers trying to consume 1 message with N lives[Lives: 341]" classname="serie2.ex2.MessageBoxTest" time="0.014"/>
  <testcase name="MultiThreaded consumers trying to consume 1 message with N lives[Lives: 342]" classname="serie2.ex2.MessageBoxTest" time="0.012"/>
  <testcase name="MultiThreaded consumers trying to consume 1 message with N lives[Lives: 343]" classname="serie2.ex2.MessageBoxTest" time="0.013"/>
  <testcase name="MultiThreaded consumers trying to consume 1 message with N lives[Lives: 344]" classname="serie2.ex2.MessageBoxTest" time="0.015"/>
  <testcase name="MultiThreaded consumers trying to consume 1 message with N lives[Lives: 345]" classname="serie2.ex2.MessageBoxTest" time="0.015"/>
  <testcase name="MultiThreaded consumers trying to consume 1 message with N lives[Lives: 346]" classname="serie2.ex2.MessageBoxTest" time="0.016"/>
  <testcase name="MultiThreaded consumers trying to consume 1 message with N lives[Lives: 347]" classname="serie2.ex2.MessageBoxTest" time="0.014"/>
  <testcase name="MultiThreaded consumers trying to consume 1 message with N lives[Lives: 348]" classname="serie2.ex2.MessageBoxTest" time="0.013"/>
  <testcase name="MultiThreaded consumers trying to consume 1 message with N lives[Lives: 349]" classname="serie2.ex2.MessageBoxTest" time="0.015"/>
  <testcase name="MultiThreaded consumers trying to consume 1 message with N lives[Lives: 350]" classname="serie2.ex2.MessageBoxTest" time="0.015"/>
  <testcase name="MultiThreaded consumers trying to consume 1 message with N lives[Lives: 351]" classname="serie2.ex2.MessageBoxTest" time="0.015"/>
  <testcase name="MultiThreaded consumers trying to consume 1 message with N lives[Lives: 352]" classname="serie2.ex2.MessageBoxTest" time="0.015"/>
  <testcase name="MultiThreaded consumers trying to consume 1 message with N lives[Lives: 353]" classname="serie2.ex2.MessageBoxTest" time="0.011"/>
  <testcase name="MultiThreaded consumers trying to consume 1 message with N lives[Lives: 354]" classname="serie2.ex2.MessageBoxTest" time="0.012"/>
  <testcase name="MultiThreaded consumers trying to consume 1 message with N lives[Lives: 355]" classname="serie2.ex2.MessageBoxTest" time="0.012"/>
  <testcase name="MultiThreaded consumers trying to consume 1 message with N lives[Lives: 356]" classname="serie2.ex2.MessageBoxTest" time="0.013"/>
  <testcase name="MultiThreaded consumers trying to consume 1 message with N lives[Lives: 357]" classname="serie2.ex2.MessageBoxTest" time="0.012"/>
  <testcase name="MultiThreaded consumers trying to consume 1 message with N lives[Lives: 358]" classname="serie2.ex2.MessageBoxTest" time="0.014"/>
  <testcase name="MultiThreaded consumers trying to consume 1 message with N lives[Lives: 359]" classname="serie2.ex2.MessageBoxTest" time="0.013"/>
  <testcase name="MultiThreaded consumers trying to consume 1 message with N lives[Lives: 360]" classname="serie2.ex2.MessageBoxTest" time="0.014"/>
  <testcase name="MultiThreaded consumers trying to consume 1 message with N lives[Lives: 361]" classname="serie2.ex2.MessageBoxTest" time="0.014"/>
  <testcase name="MultiThreaded consumers trying to consume 1 message with N lives[Lives: 362]" classname="serie2.ex2.MessageBoxTest" time="0.014"/>
  <testcase name="MultiThreaded consumers trying to consume 1 message with N lives[Lives: 363]" classname="serie2.ex2.MessageBoxTest" time="0.014"/>
  <testcase name="MultiThreaded consumers trying to consume 1 message with N lives[Lives: 364]" classname="serie2.ex2.MessageBoxTest" time="0.014"/>
  <testcase name="MultiThreaded consumers trying to consume 1 message with N lives[Lives: 365]" classname="serie2.ex2.MessageBoxTest" time="0.015"/>
  <testcase name="MultiThreaded consumers trying to consume 1 message with N lives[Lives: 366]" classname="serie2.ex2.MessageBoxTest" time="0.011"/>
  <testcase name="MultiThreaded consumers trying to consume 1 message with N lives[Lives: 367]" classname="serie2.ex2.MessageBoxTest" time="0.016"/>
  <testcase name="MultiThreaded consumers trying to consume 1 message with N lives[Lives: 368]" classname="serie2.ex2.MessageBoxTest" time="0.015"/>
  <testcase name="MultiThreaded consumers trying to consume 1 message with N lives[Lives: 369]" classname="serie2.ex2.MessageBoxTest" time="0.014"/>
  <testcase name="MultiThreaded consumers trying to consume 1 message with N lives[Lives: 370]" classname="serie2.ex2.MessageBoxTest" time="0.013"/>
  <testcase name="MultiThreaded consumers trying to consume 1 message with N lives[Lives: 371]" classname="serie2.ex2.MessageBoxTest" time="0.014"/>
  <testcase name="MultiThreaded consumers trying to consume 1 message with N lives[Lives: 372]" classname="serie2.ex2.MessageBoxTest" time="0.014"/>
  <testcase name="MultiThreaded consumers trying to consume 1 message with N lives[Lives: 373]" classname="serie2.ex2.MessageBoxTest" time="0.013"/>
  <testcase name="MultiThreaded consumers trying to consume 1 message with N lives[Lives: 374]" classname="serie2.ex2.MessageBoxTest" time="0.014"/>
  <testcase name="MultiThreaded consumers trying to consume 1 message with N lives[Lives: 375]" classname="serie2.ex2.MessageBoxTest" time="0.015"/>
  <testcase name="MultiThreaded consumers trying to consume 1 message with N lives[Lives: 376]" classname="serie2.ex2.MessageBoxTest" time="0.016"/>
  <testcase name="MultiThreaded consumers trying to consume 1 message with N lives[Lives: 377]" classname="serie2.ex2.MessageBoxTest" time="0.019"/>
  <testcase name="MultiThreaded consumers trying to consume 1 message with N lives[Lives: 378]" classname="serie2.ex2.MessageBoxTest" time="0.025"/>
  <testcase name="MultiThreaded consumers trying to consume 1 message with N lives[Lives: 379]" classname="serie2.ex2.MessageBoxTest" time="0.048"/>
  <testcase name="MultiThreaded consumers trying to consume 1 message with N lives[Lives: 380]" classname="serie2.ex2.MessageBoxTest" time="0.015"/>
  <testcase name="MultiThreaded consumers trying to consume 1 message with N lives[Lives: 381]" classname="serie2.ex2.MessageBoxTest" time="0.013"/>
  <testcase name="MultiThreaded consumers trying to consume 1 message with N lives[Lives: 382]" classname="serie2.ex2.MessageBoxTest" time="0.016"/>
  <testcase name="MultiThreaded consumers trying to consume 1 message with N lives[Lives: 383]" classname="serie2.ex2.MessageBoxTest" time="0.016"/>
  <testcase name="MultiThreaded consumers trying to consume 1 message with N lives[Lives: 384]" classname="serie2.ex2.MessageBoxTest" time="0.014"/>
  <testcase name="MultiThreaded consumers trying to consume 1 message with N lives[Lives: 385]" classname="serie2.ex2.MessageBoxTest" time="0.017"/>
  <testcase name="MultiThreaded consumers trying to consume 1 message with N lives[Lives: 386]" classname="serie2.ex2.MessageBoxTest" time="0.016"/>
  <testcase name="MultiThreaded consumers trying to consume 1 message with N lives[Lives: 387]" classname="serie2.ex2.MessageBoxTest" time="0.016"/>
  <testcase name="MultiThreaded consumers trying to consume 1 message with N lives[Lives: 388]" classname="serie2.ex2.MessageBoxTest" time="0.018"/>
  <testcase name="MultiThreaded consumers trying to consume 1 message with N lives[Lives: 389]" classname="serie2.ex2.MessageBoxTest" time="0.014"/>
  <testcase name="MultiThreaded consumers trying to consume 1 message with N lives[Lives: 390]" classname="serie2.ex2.MessageBoxTest" time="0.017"/>
  <testcase name="MultiThreaded consumers trying to consume 1 message with N lives[Lives: 391]" classname="serie2.ex2.MessageBoxTest" time="0.015"/>
  <testcase name="MultiThreaded consumers trying to consume 1 message with N lives[Lives: 392]" classname="serie2.ex2.MessageBoxTest" time="0.015"/>
  <testcase name="MultiThreaded consumers trying to consume 1 message with N lives[Lives: 393]" classname="serie2.ex2.MessageBoxTest" time="0.013"/>
  <testcase name="MultiThreaded consumers trying to consume 1 message with N lives[Lives: 394]" classname="serie2.ex2.MessageBoxTest" time="0.013"/>
  <testcase name="MultiThreaded consumers trying to consume 1 message with N lives[Lives: 395]" classname="serie2.ex2.MessageBoxTest" time="0.015"/>
  <testcase name="MultiThreaded consumers trying to consume 1 message with N lives[Lives: 396]" classname="serie2.ex2.MessageBoxTest" time="0.011"/>
  <testcase name="MultiThreaded consumers trying to consume 1 message with N lives[Lives: 397]" classname="serie2.ex2.MessageBoxTest" time="0.016"/>
  <testcase name="MultiThreaded consumers trying to consume 1 message with N lives[Lives: 398]" classname="serie2.ex2.MessageBoxTest" time="0.013"/>
  <testcase name="MultiThreaded consumers trying to consume 1 message with N lives[Lives: 399]" classname="serie2.ex2.MessageBoxTest" time="0.017"/>
  <testcase name="MultiThreaded consumers trying to consume 1 message with N lives[Lives: 400]" classname="serie2.ex2.MessageBoxTest" time="0.013"/>
  <testcase name="MultiThreaded consumers trying to consume 1 message with N lives[Lives: 401]" classname="serie2.ex2.MessageBoxTest" time="0.017"/>
  <testcase name="MultiThreaded consumers trying to consume 1 message with N lives[Lives: 402]" classname="serie2.ex2.MessageBoxTest" time="0.015"/>
  <testcase name="MultiThreaded consumers trying to consume 1 message with N lives[Lives: 403]" classname="serie2.ex2.MessageBoxTest" time="0.016"/>
  <testcase name="MultiThreaded consumers trying to consume 1 message with N lives[Lives: 404]" classname="serie2.ex2.MessageBoxTest" time="0.013"/>
  <testcase name="MultiThreaded consumers trying to consume 1 message with N lives[Lives: 405]" classname="serie2.ex2.MessageBoxTest" time="0.016"/>
  <testcase name="MultiThreaded consumers trying to consume 1 message with N lives[Lives: 406]" classname="serie2.ex2.MessageBoxTest" time="0.017"/>
  <testcase name="MultiThreaded consumers trying to consume 1 message with N lives[Lives: 407]" classname="serie2.ex2.MessageBoxTest" time="0.012"/>
  <testcase name="MultiThreaded consumers trying to consume 1 message with N lives[Lives: 408]" classname="serie2.ex2.MessageBoxTest" time="0.012"/>
  <testcase name="MultiThreaded consumers trying to consume 1 message with N lives[Lives: 409]" classname="serie2.ex2.MessageBoxTest" time="0.011"/>
  <testcase name="MultiThreaded consumers trying to consume 1 message with N lives[Lives: 410]" classname="serie2.ex2.MessageBoxTest" time="0.012"/>
  <testcase name="MultiThreaded consumers trying to consume 1 message with N lives[Lives: 411]" classname="serie2.ex2.MessageBoxTest" time="0.013"/>
  <testcase name="MultiThreaded consumers trying to consume 1 message with N lives[Lives: 412]" classname="serie2.ex2.MessageBoxTest" time="0.014"/>
  <testcase name="MultiThreaded consumers trying to consume 1 message with N lives[Lives: 413]" classname="serie2.ex2.MessageBoxTest" time="0.014"/>
  <testcase name="MultiThreaded consumers trying to consume 1 message with N lives[Lives: 414]" classname="serie2.ex2.MessageBoxTest" time="0.013"/>
  <testcase name="MultiThreaded consumers trying to consume 1 message with N lives[Lives: 415]" classname="serie2.ex2.MessageBoxTest" time="0.012"/>
  <testcase name="MultiThreaded consumers trying to consume 1 message with N lives[Lives: 416]" classname="serie2.ex2.MessageBoxTest" time="0.012"/>
  <testcase name="MultiThreaded consumers trying to consume 1 message with N lives[Lives: 417]" classname="serie2.ex2.MessageBoxTest" time="0.014"/>
  <testcase name="MultiThreaded consumers trying to consume 1 message with N lives[Lives: 418]" classname="serie2.ex2.MessageBoxTest" time="0.012"/>
  <testcase name="MultiThreaded consumers trying to consume 1 message with N lives[Lives: 419]" classname="serie2.ex2.MessageBoxTest" time="0.014"/>
  <testcase name="MultiThreaded consumers trying to consume 1 message with N lives[Lives: 420]" classname="serie2.ex2.MessageBoxTest" time="0.013"/>
  <testcase name="MultiThreaded consumers trying to consume 1 message with N lives[Lives: 421]" classname="serie2.ex2.MessageBoxTest" time="0.019"/>
  <testcase name="MultiThreaded consumers trying to consume 1 message with N lives[Lives: 422]" classname="serie2.ex2.MessageBoxTest" time="0.015"/>
  <testcase name="MultiThreaded consumers trying to consume 1 message with N lives[Lives: 423]" classname="serie2.ex2.MessageBoxTest" time="0.013"/>
  <testcase name="MultiThreaded consumers trying to consume 1 message with N lives[Lives: 424]" classname="serie2.ex2.MessageBoxTest" time="0.015"/>
  <testcase name="MultiThreaded consumers trying to consume 1 message with N lives[Lives: 425]" classname="serie2.ex2.MessageBoxTest" time="0.012"/>
  <testcase name="MultiThreaded consumers trying to consume 1 message with N lives[Lives: 426]" classname="serie2.ex2.MessageBoxTest" time="0.013"/>
  <testcase name="MultiThreaded consumers trying to consume 1 message with N lives[Lives: 427]" classname="serie2.ex2.MessageBoxTest" time="0.014"/>
  <testcase name="MultiThreaded consumers trying to consume 1 message with N lives[Lives: 428]" classname="serie2.ex2.MessageBoxTest" time="0.014"/>
  <testcase name="MultiThreaded consumers trying to consume 1 message with N lives[Lives: 429]" classname="serie2.ex2.MessageBoxTest" time="0.013"/>
  <testcase name="MultiThreaded consumers trying to consume 1 message with N lives[Lives: 430]" classname="serie2.ex2.MessageBoxTest" time="0.012"/>
  <testcase name="MultiThreaded consumers trying to consume 1 message with N lives[Lives: 431]" classname="serie2.ex2.MessageBoxTest" time="0.013"/>
  <testcase name="MultiThreaded consumers trying to consume 1 message with N lives[Lives: 432]" classname="serie2.ex2.MessageBoxTest" time="0.013"/>
  <testcase name="MultiThreaded consumers trying to consume 1 message with N lives[Lives: 433]" classname="serie2.ex2.MessageBoxTest" time="0.013"/>
  <testcase name="MultiThreaded consumers trying to consume 1 message with N lives[Lives: 434]" classname="serie2.ex2.MessageBoxTest" time="0.012"/>
  <testcase name="MultiThreaded consumers trying to consume 1 message with N lives[Lives: 435]" classname="serie2.ex2.MessageBoxTest" time="0.013"/>
  <testcase name="MultiThreaded consumers trying to consume 1 message with N lives[Lives: 436]" classname="serie2.ex2.MessageBoxTest" time="0.014"/>
  <testcase name="MultiThreaded consumers trying to consume 1 message with N lives[Lives: 437]" classname="serie2.ex2.MessageBoxTest" time="0.013"/>
  <testcase name="MultiThreaded consumers trying to consume 1 message with N lives[Lives: 438]" classname="serie2.ex2.MessageBoxTest" time="0.012"/>
  <testcase name="MultiThreaded consumers trying to consume 1 message with N lives[Lives: 439]" classname="serie2.ex2.MessageBoxTest" time="0.012"/>
  <testcase name="MultiThreaded consumers trying to consume 1 message with N lives[Lives: 440]" classname="serie2.ex2.MessageBoxTest" time="0.013"/>
  <testcase name="MultiThreaded consumers trying to consume 1 message with N lives[Lives: 441]" classname="serie2.ex2.MessageBoxTest" time="0.012"/>
  <testcase name="MultiThreaded consumers trying to consume 1 message with N lives[Lives: 442]" classname="serie2.ex2.MessageBoxTest" time="0.012"/>
  <testcase name="MultiThreaded consumers trying to consume 1 message with N lives[Lives: 443]" classname="serie2.ex2.MessageBoxTest" time="0.026"/>
  <testcase name="MultiThreaded consumers trying to consume 1 message with N lives[Lives: 444]" classname="serie2.ex2.MessageBoxTest" time="0.013"/>
  <testcase name="MultiThreaded consumers trying to consume 1 message with N lives[Lives: 445]" classname="serie2.ex2.MessageBoxTest" time="0.013"/>
  <testcase name="MultiThreaded consumers trying to consume 1 message with N lives[Lives: 446]" classname="serie2.ex2.MessageBoxTest" time="0.013"/>
  <testcase name="MultiThreaded consumers trying to consume 1 message with N lives[Lives: 447]" classname="serie2.ex2.MessageBoxTest" time="0.011"/>
  <testcase name="MultiThreaded consumers trying to consume 1 message with N lives[Lives: 448]" classname="serie2.ex2.MessageBoxTest" time="0.012"/>
  <testcase name="MultiThreaded consumers trying to consume 1 message with N lives[Lives: 449]" classname="serie2.ex2.MessageBoxTest" time="0.012"/>
  <testcase name="MultiThreaded consumers trying to consume 1 message with N lives[Lives: 450]" classname="serie2.ex2.MessageBoxTest" time="0.013"/>
  <testcase name="MultiThreaded consumers trying to consume 1 message with N lives[Lives: 451]" classname="serie2.ex2.MessageBoxTest" time="0.012"/>
  <testcase name="MultiThreaded consumers trying to consume 1 message with N lives[Lives: 452]" classname="serie2.ex2.MessageBoxTest" time="0.012"/>
  <testcase name="MultiThreaded consumers trying to consume 1 message with N lives[Lives: 453]" classname="serie2.ex2.MessageBoxTest" time="0.013"/>
  <testcase name="MultiThreaded consumers trying to consume 1 message with N lives[Lives: 454]" classname="serie2.ex2.MessageBoxTest" time="0.013"/>
  <testcase name="MultiThreaded consumers trying to consume 1 message with N lives[Lives: 455]" classname="serie2.ex2.MessageBoxTest" time="0.011"/>
  <testcase name="MultiThreaded consumers trying to consume 1 message with N lives[Lives: 456]" classname="serie2.ex2.MessageBoxTest" time="0.013"/>
  <testcase name="MultiThreaded consumers trying to consume 1 message with N lives[Lives: 457]" classname="serie2.ex2.MessageBoxTest" time="0.011"/>
  <testcase name="MultiThreaded consumers trying to consume 1 message with N lives[Lives: 458]" classname="serie2.ex2.MessageBoxTest" time="0.013"/>
  <testcase name="MultiThreaded consumers trying to consume 1 message with N lives[Lives: 459]" classname="serie2.ex2.MessageBoxTest" time="0.011"/>
  <testcase name="MultiThreaded consumers trying to consume 1 message with N lives[Lives: 460]" classname="serie2.ex2.MessageBoxTest" time="0.012"/>
  <testcase name="MultiThreaded consumers trying to consume 1 message with N lives[Lives: 461]" classname="serie2.ex2.MessageBoxTest" time="0.011"/>
  <testcase name="MultiThreaded consumers trying to consume 1 message with N lives[Lives: 462]" classname="serie2.ex2.MessageBoxTest" time="0.013"/>
  <testcase name="MultiThreaded consumers trying to consume 1 message with N lives[Lives: 463]" classname="serie2.ex2.MessageBoxTest" time="0.013"/>
  <testcase name="MultiThreaded consumers trying to consume 1 message with N lives[Lives: 464]" classname="serie2.ex2.MessageBoxTest" time="0.013"/>
  <testcase name="MultiThreaded consumers trying to consume 1 message with N lives[Lives: 465]" classname="serie2.ex2.MessageBoxTest" time="0.011"/>
  <testcase name="MultiThreaded consumers trying to consume 1 message with N lives[Lives: 466]" classname="serie2.ex2.MessageBoxTest" time="0.012"/>
  <testcase name="MultiThreaded consumers trying to consume 1 message with N lives[Lives: 467]" classname="serie2.ex2.MessageBoxTest" time="0.011"/>
  <testcase name="MultiThreaded consumers trying to consume 1 message with N lives[Lives: 468]" classname="serie2.ex2.MessageBoxTest" time="0.012"/>
  <testcase name="MultiThreaded consumers trying to consume 1 message with N lives[Lives: 469]" classname="serie2.ex2.MessageBoxTest" time="0.011"/>
  <testcase name="MultiThreaded consumers trying to consume 1 message with N lives[Lives: 470]" classname="serie2.ex2.MessageBoxTest" time="0.011"/>
  <testcase name="MultiThreaded consumers trying to consume 1 message with N lives[Lives: 471]" classname="serie2.ex2.MessageBoxTest" time="0.013"/>
  <testcase name="MultiThreaded consumers trying to consume 1 message with N lives[Lives: 472]" classname="serie2.ex2.MessageBoxTest" time="0.013"/>
  <testcase name="MultiThreaded consumers trying to consume 1 message with N lives[Lives: 473]" classname="serie2.ex2.MessageBoxTest" time="0.013"/>
  <testcase name="MultiThreaded consumers trying to consume 1 message with N lives[Lives: 474]" classname="serie2.ex2.MessageBoxTest" time="0.012"/>
  <testcase name="MultiThreaded consumers trying to consume 1 message with N lives[Lives: 475]" classname="serie2.ex2.MessageBoxTest" time="0.012"/>
  <testcase name="MultiThreaded consumers trying to consume 1 message with N lives[Lives: 476]" classname="serie2.ex2.MessageBoxTest" time="0.011"/>
  <testcase name="MultiThreaded consumers trying to consume 1 message with N lives[Lives: 477]" classname="serie2.ex2.MessageBoxTest" time="0.013"/>
  <testcase name="MultiThreaded consumers trying to consume 1 message with N lives[Lives: 478]" classname="serie2.ex2.MessageBoxTest" time="0.012"/>
  <testcase name="MultiThreaded consumers trying to consume 1 message with N lives[Lives: 479]" classname="serie2.ex2.MessageBoxTest" time="0.011"/>
  <testcase name="MultiThreaded consumers trying to consume 1 message with N lives[Lives: 480]" classname="serie2.ex2.MessageBoxTest" time="0.012"/>
  <testcase name="MultiThreaded consumers trying to consume 1 message with N lives[Lives: 481]" classname="serie2.ex2.MessageBoxTest" time="0.012"/>
  <testcase name="MultiThreaded consumers trying to consume 1 message with N lives[Lives: 482]" classname="serie2.ex2.MessageBoxTest" time="0.013"/>
  <testcase name="MultiThreaded consumers trying to consume 1 message with N lives[Lives: 483]" classname="serie2.ex2.MessageBoxTest" time="0.012"/>
  <testcase name="MultiThreaded consumers trying to consume 1 message with N lives[Lives: 484]" classname="serie2.ex2.MessageBoxTest" time="0.013"/>
  <testcase name="MultiThreaded consumers trying to consume 1 message with N lives[Lives: 485]" classname="serie2.ex2.MessageBoxTest" time="0.012"/>
  <testcase name="MultiThreaded consumers trying to consume 1 message with N lives[Lives: 486]" classname="serie2.ex2.MessageBoxTest" time="0.012"/>
  <testcase name="MultiThreaded consumers trying to consume 1 message with N lives[Lives: 487]" classname="serie2.ex2.MessageBoxTest" time="0.012"/>
  <testcase name="MultiThreaded consumers trying to consume 1 message with N lives[Lives: 488]" classname="serie2.ex2.MessageBoxTest" time="0.012"/>
  <testcase name="MultiThreaded consumers trying to consume 1 message with N lives[Lives: 489]" classname="serie2.ex2.MessageBoxTest" time="0.012"/>
  <testcase name="MultiThreaded consumers trying to consume 1 message with N lives[Lives: 490]" classname="serie2.ex2.MessageBoxTest" time="0.012"/>
  <testcase name="MultiThreaded consumers trying to consume 1 message with N lives[Lives: 491]" classname="serie2.ex2.MessageBoxTest" time="0.013"/>
  <testcase name="MultiThreaded consumers trying to consume 1 message with N lives[Lives: 492]" classname="serie2.ex2.MessageBoxTest" time="0.012"/>
  <testcase name="MultiThreaded consumers trying to consume 1 message with N lives[Lives: 493]" classname="serie2.ex2.MessageBoxTest" time="0.011"/>
  <testcase name="MultiThreaded consumers trying to consume 1 message with N lives[Lives: 494]" classname="serie2.ex2.MessageBoxTest" time="0.013"/>
  <testcase name="MultiThreaded consumers trying to consume 1 message with N lives[Lives: 495]" classname="serie2.ex2.MessageBoxTest" time="0.013"/>
  <testcase name="MultiThreaded consumers trying to consume 1 message with N lives[Lives: 496]" classname="serie2.ex2.MessageBoxTest" time="0.011"/>
  <testcase name="MultiThreaded consumers trying to consume 1 message with N lives[Lives: 497]" classname="serie2.ex2.MessageBoxTest" time="0.011"/>
  <testcase name="MultiThreaded consumers trying to consume 1 message with N lives[Lives: 498]" classname="serie2.ex2.MessageBoxTest" time="0.013"/>
  <testcase name="MultiThreaded consumers trying to consume 1 message with N lives[Lives: 499]" classname="serie2.ex2.MessageBoxTest" time="0.012"/>
  <testcase name="MultiThreaded consumers trying to consume 1 message with N lives[Lives: 500]" classname="serie2.ex2.MessageBoxTest" time="0.012"/>
  <testcase name="MultiThreaded consumers trying to consume 1 message with N lives[Lives: 501]" classname="serie2.ex2.MessageBoxTest" time="0.011"/>
  <testcase name="MultiThreaded consumers trying to consume 1 message with N lives[Lives: 502]" classname="serie2.ex2.MessageBoxTest" time="0.012"/>
  <testcase name="MultiThreaded consumers trying to consume 1 message with N lives[Lives: 503]" classname="serie2.ex2.MessageBoxTest" time="0.012"/>
  <testcase name="MultiThreaded consumers trying to consume 1 message with N lives[Lives: 504]" classname="serie2.ex2.MessageBoxTest" time="0.012"/>
  <testcase name="MultiThreaded consumers trying to consume 1 message with N lives[Lives: 505]" classname="serie2.ex2.MessageBoxTest" time="0.012"/>
  <testcase name="MultiThreaded consumers trying to consume 1 message with N lives[Lives: 506]" classname="serie2.ex2.MessageBoxTest" time="0.012"/>
  <testcase name="MultiThreaded consumers trying to consume 1 message with N lives[Lives: 507]" classname="serie2.ex2.MessageBoxTest" time="0.012"/>
  <testcase name="MultiThreaded consumers trying to consume 1 message with N lives[Lives: 508]" classname="serie2.ex2.MessageBoxTest" time="0.014"/>
  <testcase name="MultiThreaded consumers trying to consume 1 message with N lives[Lives: 509]" classname="serie2.ex2.MessageBoxTest" time="0.018"/>
  <testcase name="MultiThreaded consumers trying to consume 1 message with N lives[Lives: 510]" classname="serie2.ex2.MessageBoxTest" time="0.012"/>
  <testcase name="MultiThreaded consumers trying to consume 1 message with N lives[Lives: 511]" classname="serie2.ex2.MessageBoxTest" time="0.012"/>
  <testcase name="MultiThreaded consumers trying to consume 1 message with N lives[Lives: 512]" classname="serie2.ex2.MessageBoxTest" time="0.013"/>
  <testcase name="MultiThreaded consumers trying to consume 1 message with N lives[Lives: 513]" classname="serie2.ex2.MessageBoxTest" time="0.014"/>
  <testcase name="MultiThreaded consumers trying to consume 1 message with N lives[Lives: 514]" classname="serie2.ex2.MessageBoxTest" time="0.014"/>
  <testcase name="MultiThreaded consumers trying to consume 1 message with N lives[Lives: 515]" classname="serie2.ex2.MessageBoxTest" time="0.014"/>
  <testcase name="MultiThreaded consumers trying to consume 1 message with N lives[Lives: 516]" classname="serie2.ex2.MessageBoxTest" time="0.018"/>
  <testcase name="MultiThreaded consumers trying to consume 1 message with N lives[Lives: 517]" classname="serie2.ex2.MessageBoxTest" time="0.014"/>
  <testcase name="MultiThreaded consumers trying to consume 1 message with N lives[Lives: 518]" classname="serie2.ex2.MessageBoxTest" time="0.016"/>
  <testcase name="MultiThreaded consumers trying to consume 1 message with N lives[Lives: 519]" classname="serie2.ex2.MessageBoxTest" time="0.019"/>
  <testcase name="MultiThreaded consumers trying to consume 1 message with N lives[Lives: 520]" classname="serie2.ex2.MessageBoxTest" time="0.014"/>
  <testcase name="MultiThreaded consumers trying to consume 1 message with N lives[Lives: 521]" classname="serie2.ex2.MessageBoxTest" time="0.015"/>
  <testcase name="MultiThreaded consumers trying to consume 1 message with N lives[Lives: 522]" classname="serie2.ex2.MessageBoxTest" time="0.013"/>
  <testcase name="MultiThreaded consumers trying to consume 1 message with N lives[Lives: 523]" classname="serie2.ex2.MessageBoxTest" time="0.014"/>
  <testcase name="MultiThreaded consumers trying to consume 1 message with N lives[Lives: 524]" classname="serie2.ex2.MessageBoxTest" time="0.014"/>
  <testcase name="MultiThreaded consumers trying to consume 1 message with N lives[Lives: 525]" classname="serie2.ex2.MessageBoxTest" time="0.013"/>
  <testcase name="MultiThreaded consumers trying to consume 1 message with N lives[Lives: 526]" classname="serie2.ex2.MessageBoxTest" time="0.013"/>
  <testcase name="MultiThreaded consumers trying to consume 1 message with N lives[Lives: 527]" classname="serie2.ex2.MessageBoxTest" time="0.012"/>
  <testcase name="MultiThreaded consumers trying to consume 1 message with N lives[Lives: 528]" classname="serie2.ex2.MessageBoxTest" time="0.012"/>
  <testcase name="MultiThreaded consumers trying to consume 1 message with N lives[Lives: 529]" classname="serie2.ex2.MessageBoxTest" time="0.013"/>
  <testcase name="MultiThreaded consumers trying to consume 1 message with N lives[Lives: 530]" classname="serie2.ex2.MessageBoxTest" time="0.012"/>
  <testcase name="MultiThreaded consumers trying to consume 1 message with N lives[Lives: 531]" classname="serie2.ex2.MessageBoxTest" time="0.013"/>
  <testcase name="MultiThreaded consumers trying to consume 1 message with N lives[Lives: 532]" classname="serie2.ex2.MessageBoxTest" time="0.012"/>
  <testcase name="MultiThreaded consumers trying to consume 1 message with N lives[Lives: 533]" classname="serie2.ex2.MessageBoxTest" time="0.012"/>
  <testcase name="MultiThreaded consumers trying to consume 1 message with N lives[Lives: 534]" classname="serie2.ex2.MessageBoxTest" time="0.012"/>
  <testcase name="MultiThreaded consumers trying to consume 1 message with N lives[Lives: 535]" classname="serie2.ex2.MessageBoxTest" time="0.012"/>
  <testcase name="MultiThreaded consumers trying to consume 1 message with N lives[Lives: 536]" classname="serie2.ex2.MessageBoxTest" time="0.012"/>
  <testcase name="MultiThreaded consumers trying to consume 1 message with N lives[Lives: 537]" classname="serie2.ex2.MessageBoxTest" time="0.014"/>
  <testcase name="MultiThreaded consumers trying to consume 1 message with N lives[Lives: 538]" classname="serie2.ex2.MessageBoxTest" time="0.013"/>
  <testcase name="MultiThreaded consumers trying to consume 1 message with N lives[Lives: 539]" classname="serie2.ex2.MessageBoxTest" time="0.01"/>
  <testcase name="MultiThreaded consumers trying to consume 1 message with N lives[Lives: 540]" classname="serie2.ex2.MessageBoxTest" time="0.013"/>
  <testcase name="MultiThreaded consumers trying to consume 1 message with N lives[Lives: 541]" classname="serie2.ex2.MessageBoxTest" time="0.012"/>
  <testcase name="MultiThreaded consumers trying to consume 1 message with N lives[Lives: 542]" classname="serie2.ex2.MessageBoxTest" time="0.011"/>
  <testcase name="MultiThreaded consumers trying to consume 1 message with N lives[Lives: 543]" classname="serie2.ex2.MessageBoxTest" time="0.012"/>
  <testcase name="MultiThreaded consumers trying to consume 1 message with N lives[Lives: 544]" classname="serie2.ex2.MessageBoxTest" time="0.012"/>
  <testcase name="MultiThreaded consumers trying to consume 1 message with N lives[Lives: 545]" classname="serie2.ex2.MessageBoxTest" time="0.013"/>
  <testcase name="MultiThreaded consumers trying to consume 1 message with N lives[Lives: 546]" classname="serie2.ex2.MessageBoxTest" time="0.012"/>
  <testcase name="MultiThreaded consumers trying to consume 1 message with N lives[Lives: 547]" classname="serie2.ex2.MessageBoxTest" time="0.012"/>
  <testcase name="MultiThreaded consumers trying to consume 1 message with N lives[Lives: 548]" classname="serie2.ex2.MessageBoxTest" time="0.011"/>
  <testcase name="MultiThreaded consumers trying to consume 1 message with N lives[Lives: 549]" classname="serie2.ex2.MessageBoxTest" time="0.012"/>
  <testcase name="MultiThreaded consumers trying to consume 1 message with N lives[Lives: 550]" classname="serie2.ex2.MessageBoxTest" time="0.011"/>
  <testcase name="MultiThreaded consumers trying to consume 1 message with N lives[Lives: 551]" classname="serie2.ex2.MessageBoxTest" time="0.012"/>
  <testcase name="MultiThreaded consumers trying to consume 1 message with N lives[Lives: 552]" classname="serie2.ex2.MessageBoxTest" time="0.012"/>
  <testcase name="MultiThreaded consumers trying to consume 1 message with N lives[Lives: 553]" classname="serie2.ex2.MessageBoxTest" time="0.015"/>
  <testcase name="MultiThreaded consumers trying to consume 1 message with N lives[Lives: 554]" classname="serie2.ex2.MessageBoxTest" time="0.013"/>
  <testcase name="MultiThreaded consumers trying to consume 1 message with N lives[Lives: 555]" classname="serie2.ex2.MessageBoxTest" time="0.011"/>
  <testcase name="MultiThreaded consumers trying to consume 1 message with N lives[Lives: 556]" classname="serie2.ex2.MessageBoxTest" time="0.012"/>
  <testcase name="MultiThreaded consumers trying to consume 1 message with N lives[Lives: 557]" classname="serie2.ex2.MessageBoxTest" time="0.012"/>
  <testcase name="MultiThreaded consumers trying to consume 1 message with N lives[Lives: 558]" classname="serie2.ex2.MessageBoxTest" time="0.012"/>
  <testcase name="MultiThreaded consumers trying to consume 1 message with N lives[Lives: 559]" classname="serie2.ex2.MessageBoxTest" time="0.012"/>
  <testcase name="MultiThreaded consumers trying to consume 1 message with N lives[Lives: 560]" classname="serie2.ex2.MessageBoxTest" time="0.015"/>
  <testcase name="MultiThreaded consumers trying to consume 1 message with N lives[Lives: 561]" classname="serie2.ex2.MessageBoxTest" time="0.014"/>
  <testcase name="MultiThreaded consumers trying to consume 1 message with N lives[Lives: 562]" classname="serie2.ex2.MessageBoxTest" time="0.016"/>
  <testcase name="MultiThreaded consumers trying to consume 1 message with N lives[Lives: 563]" classname="serie2.ex2.MessageBoxTest" time="0.015"/>
  <testcase name="MultiThreaded consumers trying to consume 1 message with N lives[Lives: 564]" classname="serie2.ex2.MessageBoxTest" time="0.015"/>
  <testcase name="MultiThreaded consumers trying to consume 1 message with N lives[Lives: 565]" classname="serie2.ex2.MessageBoxTest" time="0.015"/>
  <testcase name="MultiThreaded consumers trying to consume 1 message with N lives[Lives: 566]" classname="serie2.ex2.MessageBoxTest" time="0.015"/>
  <testcase name="MultiThreaded consumers trying to consume 1 message with N lives[Lives: 567]" classname="serie2.ex2.MessageBoxTest" time="0.013"/>
  <testcase name="MultiThreaded consumers trying to consume 1 message with N lives[Lives: 568]" classname="serie2.ex2.MessageBoxTest" time="0.014"/>
  <testcase name="MultiThreaded consumers trying to consume 1 message with N lives[Lives: 569]" classname="serie2.ex2.MessageBoxTest" time="0.014"/>
  <testcase name="MultiThreaded consumers trying to consume 1 message with N lives[Lives: 570]" classname="serie2.ex2.MessageBoxTest" time="0.014"/>
  <testcase name="MultiThreaded consumers trying to consume 1 message with N lives[Lives: 571]" classname="serie2.ex2.MessageBoxTest" time="0.015"/>
  <testcase name="MultiThreaded consumers trying to consume 1 message with N lives[Lives: 572]" classname="serie2.ex2.MessageBoxTest" time="0.013"/>
  <testcase name="MultiThreaded consumers trying to consume 1 message with N lives[Lives: 573]" classname="serie2.ex2.MessageBoxTest" time="0.012"/>
  <testcase name="MultiThreaded consumers trying to consume 1 message with N lives[Lives: 574]" classname="serie2.ex2.MessageBoxTest" time="0.013"/>
  <testcase name="MultiThreaded consumers trying to consume 1 message with N lives[Lives: 575]" classname="serie2.ex2.MessageBoxTest" time="0.014"/>
  <testcase name="MultiThreaded consumers trying to consume 1 message with N lives[Lives: 576]" classname="serie2.ex2.MessageBoxTest" time="0.014"/>
  <testcase name="MultiThreaded consumers trying to consume 1 message with N lives[Lives: 577]" classname="serie2.ex2.MessageBoxTest" time="0.014"/>
  <testcase name="MultiThreaded consumers trying to consume 1 message with N lives[Lives: 578]" classname="serie2.ex2.MessageBoxTest" time="0.015"/>
  <testcase name="MultiThreaded consumers trying to consume 1 message with N lives[Lives: 579]" classname="serie2.ex2.MessageBoxTest" time="0.013"/>
  <testcase name="MultiThreaded consumers trying to consume 1 message with N lives[Lives: 580]" classname="serie2.ex2.MessageBoxTest" time="0.014"/>
  <testcase name="MultiThreaded consumers trying to consume 1 message with N lives[Lives: 581]" classname="serie2.ex2.MessageBoxTest" time="0.014"/>
  <testcase name="MultiThreaded consumers trying to consume 1 message with N lives[Lives: 582]" classname="serie2.ex2.MessageBoxTest" time="0.011"/>
  <testcase name="MultiThreaded consumers trying to consume 1 message with N lives[Lives: 583]" classname="serie2.ex2.MessageBoxTest" time="0.012"/>
  <testcase name="MultiThreaded consumers trying to consume 1 message with N lives[Lives: 584]" classname="serie2.ex2.MessageBoxTest" time="0.013"/>
  <testcase name="MultiThreaded consumers trying to consume 1 message with N lives[Lives: 585]" classname="serie2.ex2.MessageBoxTest" time="0.013"/>
  <testcase name="MultiThreaded consumers trying to consume 1 message with N lives[Lives: 586]" classname="serie2.ex2.MessageBoxTest" time="0.013"/>
  <testcase name="MultiThreaded consumers trying to consume 1 message with N lives[Lives: 587]" classname="serie2.ex2.MessageBoxTest" time="0.012"/>
  <testcase name="MultiThreaded consumers trying to consume 1 message with N lives[Lives: 588]" classname="serie2.ex2.MessageBoxTest" time="0.013"/>
  <testcase name="MultiThreaded consumers trying to consume 1 message with N lives[Lives: 589]" classname="serie2.ex2.MessageBoxTest" time="0.012"/>
  <testcase name="MultiThreaded consumers trying to consume 1 message with N lives[Lives: 590]" classname="serie2.ex2.MessageBoxTest" time="0.013"/>
  <testcase name="MultiThreaded consumers trying to consume 1 message with N lives[Lives: 591]" classname="serie2.ex2.MessageBoxTest" time="0.012"/>
  <testcase name="MultiThreaded consumers trying to consume 1 message with N lives[Lives: 592]" classname="serie2.ex2.MessageBoxTest" time="0.012"/>
  <testcase name="MultiThreaded consumers trying to consume 1 message with N lives[Lives: 593]" classname="serie2.ex2.MessageBoxTest" time="0.012"/>
  <testcase name="MultiThreaded consumers trying to consume 1 message with N lives[Lives: 594]" classname="serie2.ex2.MessageBoxTest" time="0.011"/>
  <testcase name="MultiThreaded consumers trying to consume 1 message with N lives[Lives: 595]" classname="serie2.ex2.MessageBoxTest" time="0.012"/>
  <testcase name="MultiThreaded consumers trying to consume 1 message with N lives[Lives: 596]" classname="serie2.ex2.MessageBoxTest" time="0.011"/>
  <testcase name="MultiThreaded consumers trying to consume 1 message with N lives[Lives: 597]" classname="serie2.ex2.MessageBoxTest" time="0.012"/>
  <testcase name="MultiThreaded consumers trying to consume 1 message with N lives[Lives: 598]" classname="serie2.ex2.MessageBoxTest" time="0.012"/>
  <testcase name="MultiThreaded consumers trying to consume 1 message with N lives[Lives: 599]" classname="serie2.ex2.MessageBoxTest" time="0.011"/>
  <testcase name="MultiThreaded consumers trying to consume 1 message with N lives[Lives: 600]" classname="serie2.ex2.MessageBoxTest" time="0.012"/>
  <testcase name="MultiThreaded consumers trying to consume 1 message with N lives[Lives: 601]" classname="serie2.ex2.MessageBoxTest" time="0.012"/>
  <testcase name="MultiThreaded consumers trying to consume 1 message with N lives[Lives: 602]" classname="serie2.ex2.MessageBoxTest" time="0.013"/>
  <testcase name="MultiThreaded consumers trying to consume 1 message with N lives[Lives: 603]" classname="serie2.ex2.MessageBoxTest" time="0.013"/>
  <testcase name="MultiThreaded consumers trying to consume 1 message with N lives[Lives: 604]" classname="serie2.ex2.MessageBoxTest" time="0.012"/>
  <testcase name="MultiThreaded consumers trying to consume 1 message with N lives[Lives: 605]" classname="serie2.ex2.MessageBoxTest" time="0.012"/>
  <testcase name="MultiThreaded consumers trying to consume 1 message with N lives[Lives: 606]" classname="serie2.ex2.MessageBoxTest" time="0.011"/>
  <testcase name="MultiThreaded consumers trying to consume 1 message with N lives[Lives: 607]" classname="serie2.ex2.MessageBoxTest" time="0.012"/>
  <testcase name="MultiThreaded consumers trying to consume 1 message with N lives[Lives: 608]" classname="serie2.ex2.MessageBoxTest" time="0.012"/>
  <testcase name="MultiThreaded consumers trying to consume 1 message with N lives[Lives: 609]" classname="serie2.ex2.MessageBoxTest" time="0.013"/>
  <testcase name="MultiThreaded consumers trying to consume 1 message with N lives[Lives: 610]" classname="serie2.ex2.MessageBoxTest" time="0.011"/>
  <testcase name="MultiThreaded consumers trying to consume 1 message with N lives[Lives: 611]" classname="serie2.ex2.MessageBoxTest" time="0.013"/>
  <testcase name="MultiThreaded consumers trying to consume 1 message with N lives[Lives: 612]" classname="serie2.ex2.MessageBoxTest" time="0.013"/>
  <testcase name="MultiThreaded consumers trying to consume 1 message with N lives[Lives: 613]" classname="serie2.ex2.MessageBoxTest" time="0.011"/>
  <testcase name="MultiThreaded consumers trying to consume 1 message with N lives[Lives: 614]" classname="serie2.ex2.MessageBoxTest" time="0.013"/>
  <testcase name="MultiThreaded consumers trying to consume 1 message with N lives[Lives: 615]" classname="serie2.ex2.MessageBoxTest" time="0.011"/>
  <testcase name="MultiThreaded consumers trying to consume 1 message with N lives[Lives: 616]" classname="serie2.ex2.MessageBoxTest" time="0.013"/>
  <testcase name="MultiThreaded consumers trying to consume 1 message with N lives[Lives: 617]" classname="serie2.ex2.MessageBoxTest" time="0.012"/>
  <testcase name="MultiThreaded consumers trying to consume 1 message with N lives[Lives: 618]" classname="serie2.ex2.MessageBoxTest" time="0.014"/>
  <testcase name="MultiThreaded consumers trying to consume 1 message with N lives[Lives: 619]" classname="serie2.ex2.MessageBoxTest" time="0.013"/>
  <testcase name="MultiThreaded consumers trying to consume 1 message with N lives[Lives: 620]" classname="serie2.ex2.MessageBoxTest" time="0.012"/>
  <testcase name="MultiThreaded consumers trying to consume 1 message with N lives[Lives: 621]" classname="serie2.ex2.MessageBoxTest" time="0.014"/>
  <testcase name="MultiThreaded consumers trying to consume 1 message with N lives[Lives: 622]" classname="serie2.ex2.MessageBoxTest" time="0.014"/>
  <testcase name="MultiThreaded consumers trying to consume 1 message with N lives[Lives: 623]" classname="serie2.ex2.MessageBoxTest" time="0.012"/>
  <testcase name="MultiThreaded consumers trying to consume 1 message with N lives[Lives: 624]" classname="serie2.ex2.MessageBoxTest" time="0.012"/>
  <testcase name="MultiThreaded consumers trying to consume 1 message with N lives[Lives: 625]" classname="serie2.ex2.MessageBoxTest" time="0.013"/>
  <testcase name="MultiThreaded consumers trying to consume 1 message with N lives[Lives: 626]" classname="serie2.ex2.MessageBoxTest" time="0.011"/>
  <testcase name="MultiThreaded consumers trying to consume 1 message with N lives[Lives: 627]" classname="serie2.ex2.MessageBoxTest" time="0.013"/>
  <testcase name="MultiThreaded consumers trying to consume 1 message with N lives[Lives: 628]" classname="serie2.ex2.MessageBoxTest" time="0.013"/>
  <testcase name="MultiThreaded consumers trying to consume 1 message with N lives[Lives: 629]" classname="serie2.ex2.MessageBoxTest" time="0.012"/>
  <testcase name="MultiThreaded consumers trying to consume 1 message with N lives[Lives: 630]" classname="serie2.ex2.MessageBoxTest" time="0.013"/>
  <testcase name="MultiThreaded consumers trying to consume 1 message with N lives[Lives: 631]" classname="serie2.ex2.MessageBoxTest" time="0.012"/>
  <testcase name="MultiThreaded consumers trying to consume 1 message with N lives[Lives: 632]" classname="serie2.ex2.MessageBoxTest" time="0.014"/>
  <testcase name="MultiThreaded consumers trying to consume 1 message with N lives[Lives: 633]" classname="serie2.ex2.MessageBoxTest" time="0.013"/>
  <testcase name="MultiThreaded consumers trying to consume 1 message with N lives[Lives: 634]" classname="serie2.ex2.MessageBoxTest" time="0.012"/>
  <testcase name="MultiThreaded consumers trying to consume 1 message with N lives[Lives: 635]" classname="serie2.ex2.MessageBoxTest" time="0.012"/>
  <testcase name="MultiThreaded consumers trying to consume 1 message with N lives[Lives: 636]" classname="serie2.ex2.MessageBoxTest" time="0.012"/>
  <testcase name="MultiThreaded consumers trying to consume 1 message with N lives[Lives: 637]" classname="serie2.ex2.MessageBoxTest" time="0.014"/>
  <testcase name="MultiThreaded consumers trying to consume 1 message with N lives[Lives: 638]" classname="serie2.ex2.MessageBoxTest" time="0.014"/>
  <testcase name="MultiThreaded consumers trying to consume 1 message with N lives[Lives: 639]" classname="serie2.ex2.MessageBoxTest" time="0.012"/>
  <testcase name="MultiThreaded consumers trying to consume 1 message with N lives[Lives: 640]" classname="serie2.ex2.MessageBoxTest" time="0.012"/>
  <testcase name="MultiThreaded consumers trying to consume 1 message with N lives[Lives: 641]" classname="serie2.ex2.MessageBoxTest" time="0.011"/>
  <testcase name="MultiThreaded consumers trying to consume 1 message with N lives[Lives: 642]" classname="serie2.ex2.MessageBoxTest" time="0.012"/>
  <testcase name="MultiThreaded consumers trying to consume 1 message with N lives[Lives: 643]" classname="serie2.ex2.MessageBoxTest" time="0.011"/>
  <testcase name="MultiThreaded consumers trying to consume 1 message with N lives[Lives: 644]" classname="serie2.ex2.MessageBoxTest" time="0.016"/>
  <testcase name="MultiThreaded consumers trying to consume 1 message with N lives[Lives: 645]" classname="serie2.ex2.MessageBoxTest" time="0.014"/>
  <testcase name="MultiThreaded consumers trying to consume 1 message with N lives[Lives: 646]" classname="serie2.ex2.MessageBoxTest" time="0.014"/>
  <testcase name="MultiThreaded consumers trying to consume 1 message with N lives[Lives: 647]" classname="serie2.ex2.MessageBoxTest" time="0.015"/>
  <testcase name="MultiThreaded consumers trying to consume 1 message with N lives[Lives: 648]" classname="serie2.ex2.MessageBoxTest" time="0.012"/>
  <testcase name="MultiThreaded consumers trying to consume 1 message with N lives[Lives: 649]" classname="serie2.ex2.MessageBoxTest" time="0.011"/>
  <testcase name="MultiThreaded consumers trying to consume 1 message with N lives[Lives: 650]" classname="serie2.ex2.MessageBoxTest" time="0.013"/>
  <testcase name="MultiThreaded consumers trying to consume 1 message with N lives[Lives: 651]" classname="serie2.ex2.MessageBoxTest" time="0.015"/>
  <testcase name="MultiThreaded consumers trying to consume 1 message with N lives[Lives: 652]" classname="serie2.ex2.MessageBoxTest" time="0.012"/>
  <testcase name="MultiThreaded consumers trying to consume 1 message with N lives[Lives: 653]" classname="serie2.ex2.MessageBoxTest" time="0.015"/>
  <testcase name="MultiThreaded consumers trying to consume 1 message with N lives[Lives: 654]" classname="serie2.ex2.MessageBoxTest" time="0.014"/>
  <testcase name="MultiThreaded consumers trying to consume 1 message with N lives[Lives: 655]" classname="serie2.ex2.MessageBoxTest" time="0.031"/>
  <testcase name="MultiThreaded consumers trying to consume 1 message with N lives[Lives: 656]" classname="serie2.ex2.MessageBoxTest" time="0.015"/>
  <testcase name="MultiThreaded consumers trying to consume 1 message with N lives[Lives: 657]" classname="serie2.ex2.MessageBoxTest" time="0.015"/>
  <testcase name="MultiThreaded consumers trying to consume 1 message with N lives[Lives: 658]" classname="serie2.ex2.MessageBoxTest" time="0.013"/>
  <testcase name="MultiThreaded consumers trying to consume 1 message with N lives[Lives: 659]" classname="serie2.ex2.MessageBoxTest" time="0.012"/>
  <testcase name="MultiThreaded consumers trying to consume 1 message with N lives[Lives: 660]" classname="serie2.ex2.MessageBoxTest" time="0.013"/>
  <testcase name="MultiThreaded consumers trying to consume 1 message with N lives[Lives: 661]" classname="serie2.ex2.MessageBoxTest" time="0.012"/>
  <testcase name="MultiThreaded consumers trying to consume 1 message with N lives[Lives: 662]" classname="serie2.ex2.MessageBoxTest" time="0.015"/>
  <testcase name="MultiThreaded consumers trying to consume 1 message with N lives[Lives: 663]" classname="serie2.ex2.MessageBoxTest" time="0.014"/>
  <testcase name="MultiThreaded consumers trying to consume 1 message with N lives[Lives: 664]" classname="serie2.ex2.MessageBoxTest" time="0.014"/>
  <testcase name="MultiThreaded consumers trying to consume 1 message with N lives[Lives: 665]" classname="serie2.ex2.MessageBoxTest" time="0.014"/>
  <testcase name="MultiThreaded consumers trying to consume 1 message with N lives[Lives: 666]" classname="serie2.ex2.MessageBoxTest" time="0.015"/>
  <testcase name="MultiThreaded consumers trying to consume 1 message with N lives[Lives: 667]" classname="serie2.ex2.MessageBoxTest" time="0.013"/>
  <testcase name="MultiThreaded consumers trying to consume 1 message with N lives[Lives: 668]" classname="serie2.ex2.MessageBoxTest" time="0.011"/>
  <testcase name="MultiThreaded consumers trying to consume 1 message with N lives[Lives: 669]" classname="serie2.ex2.MessageBoxTest" time="0.013"/>
  <testcase name="MultiThreaded consumers trying to consume 1 message with N lives[Lives: 670]" classname="serie2.ex2.MessageBoxTest" time="0.015"/>
  <testcase name="MultiThreaded consumers trying to consume 1 message with N lives[Lives: 671]" classname="serie2.ex2.MessageBoxTest" time="0.013"/>
  <testcase name="MultiThreaded consumers trying to consume 1 message with N lives[Lives: 672]" classname="serie2.ex2.MessageBoxTest" time="0.015"/>
  <testcase name="MultiThreaded consumers trying to consume 1 message with N lives[Lives: 673]" classname="serie2.ex2.MessageBoxTest" time="0.016"/>
  <testcase name="MultiThreaded consumers trying to consume 1 message with N lives[Lives: 674]" classname="serie2.ex2.MessageBoxTest" time="0.015"/>
  <testcase name="MultiThreaded consumers trying to consume 1 message with N lives[Lives: 675]" classname="serie2.ex2.MessageBoxTest" time="0.017"/>
  <testcase name="MultiThreaded consumers trying to consume 1 message with N lives[Lives: 676]" classname="serie2.ex2.MessageBoxTest" time="0.014"/>
  <testcase name="MultiThreaded consumers trying to consume 1 message with N lives[Lives: 677]" classname="serie2.ex2.MessageBoxTest" time="0.012"/>
  <testcase name="MultiThreaded consumers trying to consume 1 message with N lives[Lives: 678]" classname="serie2.ex2.MessageBoxTest" time="0.014"/>
  <testcase name="MultiThreaded consumers trying to consume 1 message with N lives[Lives: 679]" classname="serie2.ex2.MessageBoxTest" time="0.013"/>
  <testcase name="MultiThreaded consumers trying to consume 1 message with N lives[Lives: 680]" classname="serie2.ex2.MessageBoxTest" time="0.016"/>
  <testcase name="MultiThreaded consumers trying to consume 1 message with N lives[Lives: 681]" classname="serie2.ex2.MessageBoxTest" time="0.015"/>
  <testcase name="MultiThreaded consumers trying to consume 1 message with N lives[Lives: 682]" classname="serie2.ex2.MessageBoxTest" time="0.018"/>
  <testcase name="MultiThreaded consumers trying to consume 1 message with N lives[Lives: 683]" classname="serie2.ex2.MessageBoxTest" time="0.019"/>
  <testcase name="MultiThreaded consumers trying to consume 1 message with N lives[Lives: 684]" classname="serie2.ex2.MessageBoxTest" time="0.015"/>
  <testcase name="MultiThreaded consumers trying to consume 1 message with N lives[Lives: 685]" classname="serie2.ex2.MessageBoxTest" time="0.015"/>
  <testcase name="MultiThreaded consumers trying to consume 1 message with N lives[Lives: 686]" classname="serie2.ex2.MessageBoxTest" time="0.04"/>
  <testcase name="MultiThreaded consumers trying to consume 1 message with N lives[Lives: 687]" classname="serie2.ex2.MessageBoxTest" time="0.015"/>
  <testcase name="MultiThreaded consumers trying to consume 1 message with N lives[Lives: 688]" classname="serie2.ex2.MessageBoxTest" time="0.015"/>
  <testcase name="MultiThreaded consumers trying to consume 1 message with N lives[Lives: 689]" classname="serie2.ex2.MessageBoxTest" time="0.024"/>
  <testcase name="MultiThreaded consumers trying to consume 1 message with N lives[Lives: 690]" classname="serie2.ex2.MessageBoxTest" time="0.018"/>
  <testcase name="MultiThreaded consumers trying to consume 1 message with N lives[Lives: 691]" classname="serie2.ex2.MessageBoxTest" time="0.016"/>
  <testcase name="MultiThreaded consumers trying to consume 1 message with N lives[Lives: 692]" classname="serie2.ex2.MessageBoxTest" time="0.015"/>
  <testcase name="MultiThreaded consumers trying to consume 1 message with N lives[Lives: 693]" classname="serie2.ex2.MessageBoxTest" time="0.014"/>
  <testcase name="MultiThreaded consumers trying to consume 1 message with N lives[Lives: 694]" classname="serie2.ex2.MessageBoxTest" time="0.014"/>
  <testcase name="MultiThreaded consumers trying to consume 1 message with N lives[Lives: 695]" classname="serie2.ex2.MessageBoxTest" time="0.015"/>
  <testcase name="MultiThreaded consumers trying to consume 1 message with N lives[Lives: 696]" classname="serie2.ex2.MessageBoxTest" time="0.014"/>
  <testcase name="MultiThreaded consumers trying to consume 1 message with N lives[Lives: 697]" classname="serie2.ex2.MessageBoxTest" time="0.015"/>
  <testcase name="MultiThreaded consumers trying to consume 1 message with N lives[Lives: 698]" classname="serie2.ex2.MessageBoxTest" time="0.015"/>
  <testcase name="MultiThreaded consumers trying to consume 1 message with N lives[Lives: 699]" classname="serie2.ex2.MessageBoxTest" time="0.016"/>
  <testcase name="MultiThreaded consumers trying to consume 1 message with N lives[Lives: 700]" classname="serie2.ex2.MessageBoxTest" time="0.014"/>
  <testcase name="MultiThreaded consumers trying to consume 1 message with N lives[Lives: 701]" classname="serie2.ex2.MessageBoxTest" time="0.012"/>
  <testcase name="MultiThreaded consumers trying to consume 1 message with N lives[Lives: 702]" classname="serie2.ex2.MessageBoxTest" time="0.012"/>
  <testcase name="MultiThreaded consumers trying to consume 1 message with N lives[Lives: 703]" classname="serie2.ex2.MessageBoxTest" time="0.013"/>
  <testcase name="MultiThreaded consumers trying to consume 1 message with N lives[Lives: 704]" classname="serie2.ex2.MessageBoxTest" time="0.013"/>
  <testcase name="MultiThreaded consumers trying to consume 1 message with N lives[Lives: 705]" classname="serie2.ex2.MessageBoxTest" time="0.015"/>
  <testcase name="MultiThreaded consumers trying to consume 1 message with N lives[Lives: 706]" classname="serie2.ex2.MessageBoxTest" time="0.014"/>
  <testcase name="MultiThreaded consumers trying to consume 1 message with N lives[Lives: 707]" classname="serie2.ex2.MessageBoxTest" time="0.013"/>
  <testcase name="MultiThreaded consumers trying to consume 1 message with N lives[Lives: 708]" classname="serie2.ex2.MessageBoxTest" time="0.011"/>
  <testcase name="MultiThreaded consumers trying to consume 1 message with N lives[Lives: 709]" classname="serie2.ex2.MessageBoxTest" time="0.014"/>
  <testcase name="MultiThreaded consumers trying to consume 1 message with N lives[Lives: 710]" classname="serie2.ex2.MessageBoxTest" time="0.014"/>
  <testcase name="MultiThreaded consumers trying to consume 1 message with N lives[Lives: 711]" classname="serie2.ex2.MessageBoxTest" time="0.013"/>
  <testcase name="MultiThreaded consumers trying to consume 1 message with N lives[Lives: 712]" classname="serie2.ex2.MessageBoxTest" time="0.014"/>
  <testcase name="MultiThreaded consumers trying to consume 1 message with N lives[Lives: 713]" classname="serie2.ex2.MessageBoxTest" time="0.013"/>
  <testcase name="MultiThreaded consumers trying to consume 1 message with N lives[Lives: 714]" classname="serie2.ex2.MessageBoxTest" time="0.013"/>
  <testcase name="MultiThreaded consumers trying to consume 1 message with N lives[Lives: 715]" classname="serie2.ex2.MessageBoxTest" time="0.016"/>
  <testcase name="MultiThreaded consumers trying to consume 1 message with N lives[Lives: 716]" classname="serie2.ex2.MessageBoxTest" time="0.013"/>
  <testcase name="MultiThreaded consumers trying to consume 1 message with N lives[Lives: 717]" classname="serie2.ex2.MessageBoxTest" time="0.012"/>
  <testcase name="MultiThreaded consumers trying to consume 1 message with N lives[Lives: 718]" classname="serie2.ex2.MessageBoxTest" time="0.013"/>
  <testcase name="MultiThreaded consumers trying to consume 1 message with N lives[Lives: 719]" classname="serie2.ex2.MessageBoxTest" time="0.011"/>
  <testcase name="MultiThreaded consumers trying to consume 1 message with N lives[Lives: 720]" classname="serie2.ex2.MessageBoxTest" time="0.012"/>
  <testcase name="MultiThreaded consumers trying to consume 1 message with N lives[Lives: 721]" classname="serie2.ex2.MessageBoxTest" time="0.012"/>
  <testcase name="MultiThreaded consumers trying to consume 1 message with N lives[Lives: 722]" classname="serie2.ex2.MessageBoxTest" time="0.012"/>
  <testcase name="MultiThreaded consumers trying to consume 1 message with N lives[Lives: 723]" classname="serie2.ex2.MessageBoxTest" time="0.011"/>
  <testcase name="MultiThreaded consumers trying to consume 1 message with N lives[Lives: 724]" classname="serie2.ex2.MessageBoxTest" time="0.014"/>
  <testcase name="MultiThreaded consumers trying to consume 1 message with N lives[Lives: 725]" classname="serie2.ex2.MessageBoxTest" time="0.012"/>
  <testcase name="MultiThreaded consumers trying to consume 1 message with N lives[Lives: 726]" classname="serie2.ex2.MessageBoxTest" time="0.013"/>
  <testcase name="MultiThreaded consumers trying to consume 1 message with N lives[Lives: 727]" classname="serie2.ex2.MessageBoxTest" time="0.012"/>
  <testcase name="MultiThreaded consumers trying to consume 1 message with N lives[Lives: 728]" classname="serie2.ex2.MessageBoxTest" time="0.011"/>
  <testcase name="MultiThreaded consumers trying to consume 1 message with N lives[Lives: 729]" classname="serie2.ex2.MessageBoxTest" time="0.012"/>
  <testcase name="MultiThreaded consumers trying to consume 1 message with N lives[Lives: 730]" classname="serie2.ex2.MessageBoxTest" time="0.011"/>
  <testcase name="MultiThreaded consumers trying to consume 1 message with N lives[Lives: 731]" classname="serie2.ex2.MessageBoxTest" time="0.013"/>
  <testcase name="MultiThreaded consumers trying to consume 1 message with N lives[Lives: 732]" classname="serie2.ex2.MessageBoxTest" time="0.011"/>
  <testcase name="MultiThreaded consumers trying to consume 1 message with N lives[Lives: 733]" classname="serie2.ex2.MessageBoxTest" time="0.013"/>
  <testcase name="MultiThreaded consumers trying to consume 1 message with N lives[Lives: 734]" classname="serie2.ex2.MessageBoxTest" time="0.011"/>
  <testcase name="MultiThreaded consumers trying to consume 1 message with N lives[Lives: 735]" classname="serie2.ex2.MessageBoxTest" time="0.014"/>
  <testcase name="MultiThreaded consumers trying to consume 1 message with N lives[Lives: 736]" classname="serie2.ex2.MessageBoxTest" time="0.015"/>
  <testcase name="MultiThreaded consumers trying to consume 1 message with N lives[Lives: 737]" classname="serie2.ex2.MessageBoxTest" time="0.012"/>
  <testcase name="MultiThreaded consumers trying to consume 1 message with N lives[Lives: 738]" classname="serie2.ex2.MessageBoxTest" time="0.013"/>
  <testcase name="MultiThreaded consumers trying to consume 1 message with N lives[Lives: 739]" classname="serie2.ex2.MessageBoxTest" time="0.012"/>
  <testcase name="MultiThreaded consumers trying to consume 1 message with N lives[Lives: 740]" classname="serie2.ex2.MessageBoxTest" time="0.012"/>
  <testcase name="MultiThreaded consumers trying to consume 1 message with N lives[Lives: 741]" classname="serie2.ex2.MessageBoxTest" time="0.012"/>
  <testcase name="MultiThreaded consumers trying to consume 1 message with N lives[Lives: 742]" classname="serie2.ex2.MessageBoxTest" time="0.011"/>
  <testcase name="MultiThreaded consumers trying to consume 1 message with N lives[Lives: 743]" classname="serie2.ex2.MessageBoxTest" time="0.013"/>
  <testcase name="MultiThreaded consumers trying to consume 1 message with N lives[Lives: 744]" classname="serie2.ex2.MessageBoxTest" time="0.012"/>
  <testcase name="MultiThreaded consumers trying to consume 1 message with N lives[Lives: 745]" classname="serie2.ex2.MessageBoxTest" time="0.012"/>
  <testcase name="MultiThreaded consumers trying to consume 1 message with N lives[Lives: 746]" classname="serie2.ex2.MessageBoxTest" time="0.011"/>
  <testcase name="MultiThreaded consumers trying to consume 1 message with N lives[Lives: 747]" classname="serie2.ex2.MessageBoxTest" time="0.013"/>
  <testcase name="MultiThreaded consumers trying to consume 1 message with N lives[Lives: 748]" classname="serie2.ex2.MessageBoxTest" time="0.013"/>
  <testcase name="MultiThreaded consumers trying to consume 1 message with N lives[Lives: 749]" classname="serie2.ex2.MessageBoxTest" time="0.012"/>
  <testcase name="MultiThreaded consumers trying to consume 1 message with N lives[Lives: 750]" classname="serie2.ex2.MessageBoxTest" time="0.011"/>
  <testcase name="MultiThreaded consumers trying to consume 1 message with N lives[Lives: 751]" classname="serie2.ex2.MessageBoxTest" time="0.012"/>
  <testcase name="MultiThreaded consumers trying to consume 1 message with N lives[Lives: 752]" classname="serie2.ex2.MessageBoxTest" time="0.012"/>
  <testcase name="MultiThreaded consumers trying to consume 1 message with N lives[Lives: 753]" classname="serie2.ex2.MessageBoxTest" time="0.014"/>
  <testcase name="MultiThreaded consumers trying to consume 1 message with N lives[Lives: 754]" classname="serie2.ex2.MessageBoxTest" time="0.011"/>
  <testcase name="MultiThreaded consumers trying to consume 1 message with N lives[Lives: 755]" classname="serie2.ex2.MessageBoxTest" time="0.012"/>
  <testcase name="MultiThreaded consumers trying to consume 1 message with N lives[Lives: 756]" classname="serie2.ex2.MessageBoxTest" time="0.021"/>
  <testcase name="MultiThreaded consumers trying to consume 1 message with N lives[Lives: 757]" classname="serie2.ex2.MessageBoxTest" time="0.013"/>
  <testcase name="MultiThreaded consumers trying to consume 1 message with N lives[Lives: 758]" classname="serie2.ex2.MessageBoxTest" time="0.012"/>
  <testcase name="MultiThreaded consumers trying to consume 1 message with N lives[Lives: 759]" classname="serie2.ex2.MessageBoxTest" time="0.012"/>
  <testcase name="MultiThreaded consumers trying to consume 1 message with N lives[Lives: 760]" classname="serie2.ex2.MessageBoxTest" time="0.013"/>
  <testcase name="MultiThreaded consumers trying to consume 1 message with N lives[Lives: 761]" classname="serie2.ex2.MessageBoxTest" time="0.012"/>
  <testcase name="MultiThreaded consumers trying to consume 1 message with N lives[Lives: 762]" classname="serie2.ex2.MessageBoxTest" time="0.011"/>
  <testcase name="MultiThreaded consumers trying to consume 1 message with N lives[Lives: 763]" classname="serie2.ex2.MessageBoxTest" time="0.012"/>
  <testcase name="MultiThreaded consumers trying to consume 1 message with N lives[Lives: 764]" classname="serie2.ex2.MessageBoxTest" time="0.013"/>
  <testcase name="MultiThreaded consumers trying to consume 1 message with N lives[Lives: 765]" classname="serie2.ex2.MessageBoxTest" time="0.013"/>
  <testcase name="MultiThreaded consumers trying to consume 1 message with N lives[Lives: 766]" classname="serie2.ex2.MessageBoxTest" time="0.013"/>
  <testcase name="MultiThreaded consumers trying to consume 1 message with N lives[Lives: 767]" classname="serie2.ex2.MessageBoxTest" time="0.012"/>
  <testcase name="MultiThreaded consumers trying to consume 1 message with N lives[Lives: 768]" classname="serie2.ex2.MessageBoxTest" time="0.012"/>
  <testcase name="MultiThreaded consumers trying to consume 1 message with N lives[Lives: 769]" classname="serie2.ex2.MessageBoxTest" time="0.012"/>
  <testcase name="MultiThreaded consumers trying to consume 1 message with N lives[Lives: 770]" classname="serie2.ex2.MessageBoxTest" time="0.01"/>
  <testcase name="MultiThreaded consumers trying to consume 1 message with N lives[Lives: 771]" classname="serie2.ex2.MessageBoxTest" time="0.011"/>
  <testcase name="MultiThreaded consumers trying to consume 1 message with N lives[Lives: 772]" classname="serie2.ex2.MessageBoxTest" time="0.011"/>
  <testcase name="MultiThreaded consumers trying to consume 1 message with N lives[Lives: 773]" classname="serie2.ex2.MessageBoxTest" time="0.012"/>
  <testcase name="MultiThreaded consumers trying to consume 1 message with N lives[Lives: 774]" classname="serie2.ex2.MessageBoxTest" time="0.011"/>
  <testcase name="MultiThreaded consumers trying to consume 1 message with N lives[Lives: 775]" classname="serie2.ex2.MessageBoxTest" time="0.012"/>
  <testcase name="MultiThreaded consumers trying to consume 1 message with N lives[Lives: 776]" classname="serie2.ex2.MessageBoxTest" time="0.012"/>
  <testcase name="MultiThreaded consumers trying to consume 1 message with N lives[Lives: 777]" classname="serie2.ex2.MessageBoxTest" time="0.012"/>
  <testcase name="MultiThreaded consumers trying to consume 1 message with N lives[Lives: 778]" classname="serie2.ex2.MessageBoxTest" time="0.012"/>
  <testcase name="MultiThreaded consumers trying to consume 1 message with N lives[Lives: 779]" classname="serie2.ex2.MessageBoxTest" time="0.012"/>
  <testcase name="MultiThreaded consumers trying to consume 1 message with N lives[Lives: 780]" classname="serie2.ex2.MessageBoxTest" time="0.012"/>
  <testcase name="MultiThreaded consumers trying to consume 1 message with N lives[Lives: 781]" classname="serie2.ex2.MessageBoxTest" time="0.012"/>
  <testcase name="MultiThreaded consumers trying to consume 1 message with N lives[Lives: 782]" classname="serie2.ex2.MessageBoxTest" time="0.012"/>
  <testcase name="MultiThreaded consumers trying to consume 1 message with N lives[Lives: 783]" classname="serie2.ex2.MessageBoxTest" time="0.012"/>
  <testcase name="MultiThreaded consumers trying to consume 1 message with N lives[Lives: 784]" classname="serie2.ex2.MessageBoxTest" time="0.012"/>
  <testcase name="MultiThreaded consumers trying to consume 1 message with N lives[Lives: 785]" classname="serie2.ex2.MessageBoxTest" time="0.012"/>
  <testcase name="MultiThreaded consumers trying to consume 1 message with N lives[Lives: 786]" classname="serie2.ex2.MessageBoxTest" time="0.011"/>
  <testcase name="MultiThreaded consumers trying to consume 1 message with N lives[Lives: 787]" classname="serie2.ex2.MessageBoxTest" time="0.013"/>
  <testcase name="MultiThreaded consumers trying to consume 1 message with N lives[Lives: 788]" classname="serie2.ex2.MessageBoxTest" time="0.013"/>
  <testcase name="MultiThreaded consumers trying to consume 1 message with N lives[Lives: 789]" classname="serie2.ex2.MessageBoxTest" time="0.011"/>
  <testcase name="MultiThreaded consumers trying to consume 1 message with N lives[Lives: 790]" classname="serie2.ex2.MessageBoxTest" time="0.012"/>
  <testcase name="MultiThreaded consumers trying to consume 1 message with N lives[Lives: 791]" classname="serie2.ex2.MessageBoxTest" time="0.012"/>
  <testcase name="MultiThreaded consumers trying to consume 1 message with N lives[Lives: 792]" classname="serie2.ex2.MessageBoxTest" time="0.013"/>
  <testcase name="MultiThreaded consumers trying to consume 1 message with N lives[Lives: 793]" classname="serie2.ex2.MessageBoxTest" time="0.013"/>
  <testcase name="MultiThreaded consumers trying to consume 1 message with N lives[Lives: 794]" classname="serie2.ex2.MessageBoxTest" time="0.012"/>
  <testcase name="MultiThreaded consumers trying to consume 1 message with N lives[Lives: 795]" classname="serie2.ex2.MessageBoxTest" time="0.012"/>
  <testcase name="MultiThreaded consumers trying to consume 1 message with N lives[Lives: 796]" classname="serie2.ex2.MessageBoxTest" time="0.011"/>
  <testcase name="MultiThreaded consumers trying to consume 1 message with N lives[Lives: 797]" classname="serie2.ex2.MessageBoxTest" time="0.012"/>
  <testcase name="MultiThreaded consumers trying to consume 1 message with N lives[Lives: 798]" classname="serie2.ex2.MessageBoxTest" time="0.011"/>
  <testcase name="MultiThreaded consumers trying to consume 1 message with N lives[Lives: 799]" classname="serie2.ex2.MessageBoxTest" time="0.012"/>
  <testcase name="MultiThreaded consumers trying to consume 1 message with N lives[Lives: 800]" classname="serie2.ex2.MessageBoxTest" time="0.012"/>
  <testcase name="MultiThreaded consumers trying to consume 1 message with N lives[Lives: 801]" classname="serie2.ex2.MessageBoxTest" time="0.012"/>
  <testcase name="MultiThreaded consumers trying to consume 1 message with N lives[Lives: 802]" classname="serie2.ex2.MessageBoxTest" time="0.013"/>
  <testcase name="MultiThreaded consumers trying to consume 1 message with N lives[Lives: 803]" classname="serie2.ex2.MessageBoxTest" time="0.012"/>
  <testcase name="MultiThreaded consumers trying to consume 1 message with N lives[Lives: 804]" classname="serie2.ex2.MessageBoxTest" time="0.012"/>
  <testcase name="MultiThreaded consumers trying to consume 1 message with N lives[Lives: 805]" classname="serie2.ex2.MessageBoxTest" time="0.013"/>
  <testcase name="MultiThreaded consumers trying to consume 1 message with N lives[Lives: 806]" classname="serie2.ex2.MessageBoxTest" time="0.012"/>
  <testcase name="MultiThreaded consumers trying to consume 1 message with N lives[Lives: 807]" classname="serie2.ex2.MessageBoxTest" time="0.012"/>
  <testcase name="MultiThreaded consumers trying to consume 1 message with N lives[Lives: 808]" classname="serie2.ex2.MessageBoxTest" time="0.011"/>
  <testcase name="MultiThreaded consumers trying to consume 1 message with N lives[Lives: 809]" classname="serie2.ex2.MessageBoxTest" time="0.012"/>
  <testcase name="MultiThreaded consumers trying to consume 1 message with N lives[Lives: 810]" classname="serie2.ex2.MessageBoxTest" time="0.012"/>
  <testcase name="MultiThreaded consumers trying to consume 1 message with N lives[Lives: 811]" classname="serie2.ex2.MessageBoxTest" time="0.012"/>
  <testcase name="MultiThreaded consumers trying to consume 1 message with N lives[Lives: 812]" classname="serie2.ex2.MessageBoxTest" time="0.011"/>
  <testcase name="MultiThreaded consumers trying to consume 1 message with N lives[Lives: 813]" classname="serie2.ex2.MessageBoxTest" time="0.013"/>
  <testcase name="MultiThreaded consumers trying to consume 1 message with N lives[Lives: 814]" classname="serie2.ex2.MessageBoxTest" time="0.012"/>
  <testcase name="MultiThreaded consumers trying to consume 1 message with N lives[Lives: 815]" classname="serie2.ex2.MessageBoxTest" time="0.012"/>
  <testcase name="MultiThreaded consumers trying to consume 1 message with N lives[Lives: 816]" classname="serie2.ex2.MessageBoxTest" time="0.012"/>
  <testcase name="MultiThreaded consumers trying to consume 1 message with N lives[Lives: 817]" classname="serie2.ex2.MessageBoxTest" time="0.013"/>
  <testcase name="MultiThreaded consumers trying to consume 1 message with N lives[Lives: 818]" classname="serie2.ex2.MessageBoxTest" time="0.012"/>
  <testcase name="MultiThreaded consumers trying to consume 1 message with N lives[Lives: 819]" classname="serie2.ex2.MessageBoxTest" time="0.012"/>
  <testcase name="MultiThreaded consumers trying to consume 1 message with N lives[Lives: 820]" classname="serie2.ex2.MessageBoxTest" time="0.012"/>
  <testcase name="MultiThreaded consumers trying to consume 1 message with N lives[Lives: 821]" classname="serie2.ex2.MessageBoxTest" time="0.013"/>
  <testcase name="MultiThreaded consumers trying to consume 1 message with N lives[Lives: 822]" classname="serie2.ex2.MessageBoxTest" time="0.012"/>
  <testcase name="MultiThreaded consumers trying to consume 1 message with N lives[Lives: 823]" classname="serie2.ex2.MessageBoxTest" time="0.012"/>
  <testcase name="MultiThreaded consumers trying to consume 1 message with N lives[Lives: 824]" classname="serie2.ex2.MessageBoxTest" time="0.011"/>
  <testcase name="MultiThreaded consumers trying to consume 1 message with N lives[Lives: 825]" classname="serie2.ex2.MessageBoxTest" time="0.012"/>
  <testcase name="MultiThreaded consumers trying to consume 1 message with N lives[Lives: 826]" classname="serie2.ex2.MessageBoxTest" time="0.013"/>
  <testcase name="MultiThreaded consumers trying to consume 1 message with N lives[Lives: 827]" classname="serie2.ex2.MessageBoxTest" time="0.012"/>
  <testcase name="MultiThreaded consumers trying to consume 1 message with N lives[Lives: 828]" classname="serie2.ex2.MessageBoxTest" time="0.013"/>
  <testcase name="MultiThreaded consumers trying to consume 1 message with N lives[Lives: 829]" classname="serie2.ex2.MessageBoxTest" time="0.015"/>
  <testcase name="MultiThreaded consumers trying to consume 1 message with N lives[Lives: 830]" classname="serie2.ex2.MessageBoxTest" time="0.013"/>
  <testcase name="MultiThreaded consumers trying to consume 1 message with N lives[Lives: 831]" classname="serie2.ex2.MessageBoxTest" time="0.012"/>
  <testcase name="MultiThreaded consumers trying to consume 1 message with N lives[Lives: 832]" classname="serie2.ex2.MessageBoxTest" time="0.011"/>
  <testcase name="MultiThreaded consumers trying to consume 1 message with N lives[Lives: 833]" classname="serie2.ex2.MessageBoxTest" time="0.012"/>
  <testcase name="MultiThreaded consumers trying to consume 1 message with N lives[Lives: 834]" classname="serie2.ex2.MessageBoxTest" time="0.011"/>
  <testcase name="MultiThreaded consumers trying to consume 1 message with N lives[Lives: 835]" classname="serie2.ex2.MessageBoxTest" time="0.012"/>
  <testcase name="MultiThreaded consumers trying to consume 1 message with N lives[Lives: 836]" classname="serie2.ex2.MessageBoxTest" time="0.012"/>
  <testcase name="MultiThreaded consumers trying to consume 1 message with N lives[Lives: 837]" classname="serie2.ex2.MessageBoxTest" time="0.012"/>
  <testcase name="MultiThreaded consumers trying to consume 1 message with N lives[Lives: 838]" classname="serie2.ex2.MessageBoxTest" time="0.012"/>
  <testcase name="MultiThreaded consumers trying to consume 1 message with N lives[Lives: 839]" classname="serie2.ex2.MessageBoxTest" time="0.013"/>
  <testcase name="MultiThreaded consumers trying to consume 1 message with N lives[Lives: 840]" classname="serie2.ex2.MessageBoxTest" time="0.011"/>
  <testcase name="MultiThreaded consumers trying to consume 1 message with N lives[Lives: 841]" classname="serie2.ex2.MessageBoxTest" time="0.011"/>
  <testcase name="MultiThreaded consumers trying to consume 1 message with N lives[Lives: 842]" classname="serie2.ex2.MessageBoxTest" time="0.012"/>
  <testcase name="MultiThreaded consumers trying to consume 1 message with N lives[Lives: 843]" classname="serie2.ex2.MessageBoxTest" time="0.012"/>
  <testcase name="MultiThreaded consumers trying to consume 1 message with N lives[Lives: 844]" classname="serie2.ex2.MessageBoxTest" time="0.012"/>
  <testcase name="MultiThreaded consumers trying to consume 1 message with N lives[Lives: 845]" classname="serie2.ex2.MessageBoxTest" time="0.012"/>
  <testcase name="MultiThreaded consumers trying to consume 1 message with N lives[Lives: 846]" classname="serie2.ex2.MessageBoxTest" time="0.011"/>
  <testcase name="MultiThreaded consumers trying to consume 1 message with N lives[Lives: 847]" classname="serie2.ex2.MessageBoxTest" time="0.013"/>
  <testcase name="MultiThreaded consumers trying to consume 1 message with N lives[Lives: 848]" classname="serie2.ex2.MessageBoxTest" time="0.012"/>
  <testcase name="MultiThreaded consumers trying to consume 1 message with N lives[Lives: 849]" classname="serie2.ex2.MessageBoxTest" time="0.013"/>
  <testcase name="MultiThreaded consumers trying to consume 1 message with N lives[Lives: 850]" classname="serie2.ex2.MessageBoxTest" time="0.013"/>
  <testcase name="MultiThreaded consumers trying to consume 1 message with N lives[Lives: 851]" classname="serie2.ex2.MessageBoxTest" time="0.012"/>
  <testcase name="MultiThreaded consumers trying to consume 1 message with N lives[Lives: 852]" classname="serie2.ex2.MessageBoxTest" time="0.012"/>
  <testcase name="MultiThreaded consumers trying to consume 1 message with N lives[Lives: 853]" classname="serie2.ex2.MessageBoxTest" time="0.014"/>
  <testcase name="MultiThreaded consumers trying to consume 1 message with N lives[Lives: 854]" classname="serie2.ex2.MessageBoxTest" time="0.012"/>
  <testcase name="MultiThreaded consumers trying to consume 1 message with N lives[Lives: 855]" classname="serie2.ex2.MessageBoxTest" time="0.011"/>
  <testcase name="MultiThreaded consumers trying to consume 1 message with N lives[Lives: 856]" classname="serie2.ex2.MessageBoxTest" time="0.013"/>
  <testcase name="MultiThreaded consumers trying to consume 1 message with N lives[Lives: 857]" classname="serie2.ex2.MessageBoxTest" time="0.013"/>
  <testcase name="MultiThreaded consumers trying to consume 1 message with N lives[Lives: 858]" classname="serie2.ex2.MessageBoxTest" time="0.012"/>
  <testcase name="MultiThreaded consumers trying to consume 1 message with N lives[Lives: 859]" classname="serie2.ex2.MessageBoxTest" time="0.012"/>
  <testcase name="MultiThreaded consumers trying to consume 1 message with N lives[Lives: 860]" classname="serie2.ex2.MessageBoxTest" time="0.013"/>
  <testcase name="MultiThreaded consumers trying to consume 1 message with N lives[Lives: 861]" classname="serie2.ex2.MessageBoxTest" time="0.013"/>
  <testcase name="MultiThreaded consumers trying to consume 1 message with N lives[Lives: 862]" classname="serie2.ex2.MessageBoxTest" time="0.012"/>
  <testcase name="MultiThreaded consumers trying to consume 1 message with N lives[Lives: 863]" classname="serie2.ex2.MessageBoxTest" time="0.013"/>
  <testcase name="MultiThreaded consumers trying to consume 1 message with N lives[Lives: 864]" classname="serie2.ex2.MessageBoxTest" time="0.011"/>
  <testcase name="MultiThreaded consumers trying to consume 1 message with N lives[Lives: 865]" classname="serie2.ex2.MessageBoxTest" time="0.011"/>
  <testcase name="MultiThreaded consumers trying to consume 1 message with N lives[Lives: 866]" classname="serie2.ex2.MessageBoxTest" time="0.012"/>
  <testcase name="MultiThreaded consumers trying to consume 1 message with N lives[Lives: 867]" classname="serie2.ex2.MessageBoxTest" time="0.012"/>
  <testcase name="MultiThreaded consumers trying to consume 1 message with N lives[Lives: 868]" classname="serie2.ex2.MessageBoxTest" time="0.011"/>
  <testcase name="MultiThreaded consumers trying to consume 1 message with N lives[Lives: 869]" classname="serie2.ex2.MessageBoxTest" time="0.01"/>
  <testcase name="MultiThreaded consumers trying to consume 1 message with N lives[Lives: 870]" classname="serie2.ex2.MessageBoxTest" time="0.012"/>
  <testcase name="MultiThreaded consumers trying to consume 1 message with N lives[Lives: 871]" classname="serie2.ex2.MessageBoxTest" time="0.013"/>
  <testcase name="MultiThreaded consumers trying to consume 1 message with N lives[Lives: 872]" classname="serie2.ex2.MessageBoxTest" time="0.013"/>
  <testcase name="MultiThreaded consumers trying to consume 1 message with N lives[Lives: 873]" classname="serie2.ex2.MessageBoxTest" time="0.011"/>
  <testcase name="MultiThreaded consumers trying to consume 1 message with N lives[Lives: 874]" classname="serie2.ex2.MessageBoxTest" time="0.011"/>
  <testcase name="MultiThreaded consumers trying to consume 1 message with N lives[Lives: 875]" classname="serie2.ex2.MessageBoxTest" time="0.013"/>
  <testcase name="MultiThreaded consumers trying to consume 1 message with N lives[Lives: 876]" classname="serie2.ex2.MessageBoxTest" time="0.011"/>
  <testcase name="MultiThreaded consumers trying to consume 1 message with N lives[Lives: 877]" classname="serie2.ex2.MessageBoxTest" time="0.011"/>
  <testcase name="MultiThreaded consumers trying to consume 1 message with N lives[Lives: 878]" classname="serie2.ex2.MessageBoxTest" time="0.011"/>
  <testcase name="MultiThreaded consumers trying to consume 1 message with N lives[Lives: 879]" classname="serie2.ex2.MessageBoxTest" time="0.013"/>
  <testcase name="MultiThreaded consumers trying to consume 1 message with N lives[Lives: 880]" classname="serie2.ex2.MessageBoxTest" time="0.011"/>
  <testcase name="MultiThreaded consumers trying to consume 1 message with N lives[Lives: 881]" classname="serie2.ex2.MessageBoxTest" time="0.013"/>
  <testcase name="MultiThreaded consumers trying to consume 1 message with N lives[Lives: 882]" classname="serie2.ex2.MessageBoxTest" time="0.012"/>
  <testcase name="MultiThreaded consumers trying to consume 1 message with N lives[Lives: 883]" classname="serie2.ex2.MessageBoxTest" time="0.012"/>
  <testcase name="MultiThreaded consumers trying to consume 1 message with N lives[Lives: 884]" classname="serie2.ex2.MessageBoxTest" time="0.012"/>
  <testcase name="MultiThreaded consumers trying to consume 1 message with N lives[Lives: 885]" classname="serie2.ex2.MessageBoxTest" time="0.011"/>
  <testcase name="MultiThreaded consumers trying to consume 1 message with N lives[Lives: 886]" classname="serie2.ex2.MessageBoxTest" time="0.012"/>
  <testcase name="MultiThreaded consumers trying to consume 1 message with N lives[Lives: 887]" classname="serie2.ex2.MessageBoxTest" time="0.012"/>
  <testcase name="MultiThreaded consumers trying to consume 1 message with N lives[Lives: 888]" classname="serie2.ex2.MessageBoxTest" time="0.013"/>
  <testcase name="MultiThreaded consumers trying to consume 1 message with N lives[Lives: 889]" classname="serie2.ex2.MessageBoxTest" time="0.012"/>
  <testcase name="MultiThreaded consumers trying to consume 1 message with N lives[Lives: 890]" classname="serie2.ex2.MessageBoxTest" time="0.013"/>
  <testcase name="MultiThreaded consumers trying to consume 1 message with N lives[Lives: 891]" classname="serie2.ex2.MessageBoxTest" time="0.013"/>
  <testcase name="MultiThreaded consumers trying to consume 1 message with N lives[Lives: 892]" classname="serie2.ex2.MessageBoxTest" time="0.011"/>
  <testcase name="MultiThreaded consumers trying to consume 1 message with N lives[Lives: 893]" classname="serie2.ex2.MessageBoxTest" time="0.012"/>
  <testcase name="MultiThreaded consumers trying to consume 1 message with N lives[Lives: 894]" classname="serie2.ex2.MessageBoxTest" time="0.012"/>
  <testcase name="MultiThreaded consumers trying to consume 1 message with N lives[Lives: 895]" classname="serie2.ex2.MessageBoxTest" time="0.013"/>
  <testcase name="MultiThreaded consumers trying to consume 1 message with N lives[Lives: 896]" classname="serie2.ex2.MessageBoxTest" time="0.012"/>
  <testcase name="MultiThreaded consumers trying to consume 1 message with N lives[Lives: 897]" classname="serie2.ex2.MessageBoxTest" time="0.013"/>
  <testcase name="MultiThreaded consumers trying to consume 1 message with N lives[Lives: 898]" classname="serie2.ex2.MessageBoxTest" time="0.011"/>
  <testcase name="MultiThreaded consumers trying to consume 1 message with N lives[Lives: 899]" classname="serie2.ex2.MessageBoxTest" time="0.012"/>
  <testcase name="MultiThreaded consumers trying to consume 1 message with N lives[Lives: 900]" classname="serie2.ex2.MessageBoxTest" time="0.013"/>
  <testcase name="MultiThreaded consumers trying to consume 1 message with N lives[Lives: 901]" classname="serie2.ex2.MessageBoxTest" time="0.013"/>
  <testcase name="MultiThreaded consumers trying to consume 1 message with N lives[Lives: 902]" classname="serie2.ex2.MessageBoxTest" time="0.012"/>
  <testcase name="MultiThreaded consumers trying to consume 1 message with N lives[Lives: 903]" classname="serie2.ex2.MessageBoxTest" time="0.012"/>
  <testcase name="MultiThreaded consumers trying to consume 1 message with N lives[Lives: 904]" classname="serie2.ex2.MessageBoxTest" time="0.011"/>
  <testcase name="MultiThreaded consumers trying to consume 1 message with N lives[Lives: 905]" classname="serie2.ex2.MessageBoxTest" time="0.015"/>
  <testcase name="MultiThreaded consumers trying to consume 1 message with N lives[Lives: 906]" classname="serie2.ex2.MessageBoxTest" time="0.012"/>
  <testcase name="MultiThreaded consumers trying to consume 1 message with N lives[Lives: 907]" classname="serie2.ex2.MessageBoxTest" time="0.012"/>
  <testcase name="MultiThreaded consumers trying to consume 1 message with N lives[Lives: 908]" classname="serie2.ex2.MessageBoxTest" time="0.012"/>
  <testcase name="MultiThreaded consumers trying to consume 1 message with N lives[Lives: 909]" classname="serie2.ex2.MessageBoxTest" time="0.013"/>
  <testcase name="MultiThreaded consumers trying to consume 1 message with N lives[Lives: 910]" classname="serie2.ex2.MessageBoxTest" time="0.011"/>
  <testcase name="MultiThreaded consumers trying to consume 1 message with N lives[Lives: 911]" classname="serie2.ex2.MessageBoxTest" time="0.012"/>
  <testcase name="MultiThreaded consumers trying to consume 1 message with N lives[Lives: 912]" classname="serie2.ex2.MessageBoxTest" time="0.011"/>
  <testcase name="MultiThreaded consumers trying to consume 1 message with N lives[Lives: 913]" classname="serie2.ex2.MessageBoxTest" time="0.012"/>
  <testcase name="MultiThreaded consumers trying to consume 1 message with N lives[Lives: 914]" classname="serie2.ex2.MessageBoxTest" time="0.013"/>
  <testcase name="MultiThreaded consumers trying to consume 1 message with N lives[Lives: 915]" classname="serie2.ex2.MessageBoxTest" time="0.012"/>
  <testcase name="MultiThreaded consumers trying to consume 1 message with N lives[Lives: 916]" classname="serie2.ex2.MessageBoxTest" time="0.012"/>
  <testcase name="MultiThreaded consumers trying to consume 1 message with N lives[Lives: 917]" classname="serie2.ex2.MessageBoxTest" time="0.013"/>
  <testcase name="MultiThreaded consumers trying to consume 1 message with N lives[Lives: 918]" classname="serie2.ex2.MessageBoxTest" time="0.013"/>
  <testcase name="MultiThreaded consumers trying to consume 1 message with N lives[Lives: 919]" classname="serie2.ex2.MessageBoxTest" time="0.011"/>
  <testcase name="MultiThreaded consumers trying to consume 1 message with N lives[Lives: 920]" classname="serie2.ex2.MessageBoxTest" time="0.012"/>
  <testcase name="MultiThreaded consumers trying to consume 1 message with N lives[Lives: 921]" classname="serie2.ex2.MessageBoxTest" time="0.011"/>
  <testcase name="MultiThreaded consumers trying to consume 1 message with N lives[Lives: 922]" classname="serie2.ex2.MessageBoxTest" time="0.012"/>
  <testcase name="MultiThreaded consumers trying to consume 1 message with N lives[Lives: 923]" classname="serie2.ex2.MessageBoxTest" time="0.012"/>
  <testcase name="MultiThreaded consumers trying to consume 1 message with N lives[Lives: 924]" classname="serie2.ex2.MessageBoxTest" time="0.013"/>
  <testcase name="MultiThreaded consumers trying to consume 1 message with N lives[Lives: 925]" classname="serie2.ex2.MessageBoxTest" time="0.013"/>
  <testcase name="MultiThreaded consumers trying to consume 1 message with N lives[Lives: 926]" classname="serie2.ex2.MessageBoxTest" time="0.012"/>
  <testcase name="MultiThreaded consumers trying to consume 1 message with N lives[Lives: 927]" classname="serie2.ex2.MessageBoxTest" time="0.011"/>
  <testcase name="MultiThreaded consumers trying to consume 1 message with N lives[Lives: 928]" classname="serie2.ex2.MessageBoxTest" time="0.012"/>
  <testcase name="MultiThreaded consumers trying to consume 1 message with N lives[Lives: 929]" classname="serie2.ex2.MessageBoxTest" time="0.011"/>
  <testcase name="MultiThreaded consumers trying to consume 1 message with N lives[Lives: 930]" classname="serie2.ex2.MessageBoxTest" time="0.012"/>
  <testcase name="MultiThreaded consumers trying to consume 1 message with N lives[Lives: 931]" classname="serie2.ex2.MessageBoxTest" time="0.011"/>
  <testcase name="MultiThreaded consumers trying to consume 1 message with N lives[Lives: 932]" classname="serie2.ex2.MessageBoxTest" time="0.013"/>
  <testcase name="MultiThreaded consumers trying to consume 1 message with N lives[Lives: 933]" classname="serie2.ex2.MessageBoxTest" time="0.012"/>
  <testcase name="MultiThreaded consumers trying to consume 1 message with N lives[Lives: 934]" classname="serie2.ex2.MessageBoxTest" time="0.012"/>
  <testcase name="MultiThreaded consumers trying to consume 1 message with N lives[Lives: 935]" classname="serie2.ex2.MessageBoxTest" time="0.012"/>
  <testcase name="MultiThreaded consumers trying to consume 1 message with N lives[Lives: 936]" classname="serie2.ex2.MessageBoxTest" time="0.012"/>
  <testcase name="MultiThreaded consumers trying to consume 1 message with N lives[Lives: 937]" classname="serie2.ex2.MessageBoxTest" time="0.012"/>
  <testcase name="MultiThreaded consumers trying to consume 1 message with N lives[Lives: 938]" classname="serie2.ex2.MessageBoxTest" time="0.011"/>
  <testcase name="MultiThreaded consumers trying to consume 1 message with N lives[Lives: 939]" classname="serie2.ex2.MessageBoxTest" time="0.013"/>
  <testcase name="MultiThreaded consumers trying to consume 1 message with N lives[Lives: 940]" classname="serie2.ex2.MessageBoxTest" time="0.013"/>
  <testcase name="MultiThreaded consumers trying to consume 1 message with N lives[Lives: 941]" classname="serie2.ex2.MessageBoxTest" time="0.011"/>
  <testcase name="MultiThreaded consumers trying to consume 1 message with N lives[Lives: 942]" classname="serie2.ex2.MessageBoxTest" time="0.011"/>
  <testcase name="MultiThreaded consumers trying to consume 1 message with N lives[Lives: 943]" classname="serie2.ex2.MessageBoxTest" time="0.013"/>
  <testcase name="MultiThreaded consumers trying to consume 1 message with N lives[Lives: 944]" classname="serie2.ex2.MessageBoxTest" time="0.012"/>
  <testcase name="MultiThreaded consumers trying to consume 1 message with N lives[Lives: 945]" classname="serie2.ex2.MessageBoxTest" time="0.012"/>
  <testcase name="MultiThreaded consumers trying to consume 1 message with N lives[Lives: 946]" classname="serie2.ex2.MessageBoxTest" time="0.013"/>
  <testcase name="MultiThreaded consumers trying to consume 1 message with N lives[Lives: 947]" classname="serie2.ex2.MessageBoxTest" time="0.012"/>
  <testcase name="MultiThreaded consumers trying to consume 1 message with N lives[Lives: 948]" classname="serie2.ex2.MessageBoxTest" time="0.012"/>
  <testcase name="MultiThreaded consumers trying to consume 1 message with N lives[Lives: 949]" classname="serie2.ex2.MessageBoxTest" time="0.012"/>
  <testcase name="MultiThreaded consumers trying to consume 1 message with N lives[Lives: 950]" classname="serie2.ex2.MessageBoxTest" time="0.012"/>
  <testcase name="MultiThreaded consumers trying to consume 1 message with N lives[Lives: 951]" classname="serie2.ex2.MessageBoxTest" time="0.013"/>
  <testcase name="MultiThreaded consumers trying to consume 1 message with N lives[Lives: 952]" classname="serie2.ex2.MessageBoxTest" time="0.013"/>
  <testcase name="MultiThreaded consumers trying to consume 1 message with N lives[Lives: 953]" classname="serie2.ex2.MessageBoxTest" time="0.011"/>
  <testcase name="MultiThreaded consumers trying to consume 1 message with N lives[Lives: 954]" classname="serie2.ex2.MessageBoxTest" time="0.013"/>
  <testcase name="MultiThreaded consumers trying to consume 1 message with N lives[Lives: 955]" classname="serie2.ex2.MessageBoxTest" time="0.013"/>
  <testcase name="MultiThreaded consumers trying to consume 1 message with N lives[Lives: 956]" classname="serie2.ex2.MessageBoxTest" time="0.011"/>
  <testcase name="MultiThreaded consumers trying to consume 1 message with N lives[Lives: 957]" classname="serie2.ex2.MessageBoxTest" time="0.011"/>
  <testcase name="MultiThreaded consumers trying to consume 1 message with N lives[Lives: 958]" classname="serie2.ex2.MessageBoxTest" time="0.012"/>
  <testcase name="MultiThreaded consumers trying to consume 1 message with N lives[Lives: 959]" classname="serie2.ex2.MessageBoxTest" time="0.012"/>
  <testcase name="MultiThreaded consumers trying to consume 1 message with N lives[Lives: 960]" classname="serie2.ex2.MessageBoxTest" time="0.012"/>
  <testcase name="MultiThreaded consumers trying to consume 1 message with N lives[Lives: 961]" classname="serie2.ex2.MessageBoxTest" time="0.013"/>
  <testcase name="MultiThreaded consumers trying to consume 1 message with N lives[Lives: 962]" classname="serie2.ex2.MessageBoxTest" time="0.012"/>
  <testcase name="MultiThreaded consumers trying to consume 1 message with N lives[Lives: 963]" classname="serie2.ex2.MessageBoxTest" time="0.012"/>
  <testcase name="MultiThreaded consumers trying to consume 1 message with N lives[Lives: 964]" classname="serie2.ex2.MessageBoxTest" time="0.012"/>
  <testcase name="MultiThreaded consumers trying to consume 1 message with N lives[Lives: 965]" classname="serie2.ex2.MessageBoxTest" time="0.013"/>
  <testcase name="MultiThreaded consumers trying to consume 1 message with N lives[Lives: 966]" classname="serie2.ex2.MessageBoxTest" time="0.012"/>
  <testcase name="MultiThreaded consumers trying to consume 1 message with N lives[Lives: 967]" classname="serie2.ex2.MessageBoxTest" time="0.013"/>
  <testcase name="MultiThreaded consumers trying to consume 1 message with N lives[Lives: 968]" classname="serie2.ex2.MessageBoxTest" time="0.012"/>
  <testcase name="MultiThreaded consumers trying to consume 1 message with N lives[Lives: 969]" classname="serie2.ex2.MessageBoxTest" time="0.012"/>
  <testcase name="MultiThreaded consumers trying to consume 1 message with N lives[Lives: 970]" classname="serie2.ex2.MessageBoxTest" time="0.012"/>
  <testcase name="MultiThreaded consumers trying to consume 1 message with N lives[Lives: 971]" classname="serie2.ex2.MessageBoxTest" time="0.012"/>
  <testcase name="MultiThreaded consumers trying to consume 1 message with N lives[Lives: 972]" classname="serie2.ex2.MessageBoxTest" time="0.012"/>
  <testcase name="MultiThreaded consumers trying to consume 1 message with N lives[Lives: 973]" classname="serie2.ex2.MessageBoxTest" time="0.012"/>
  <testcase name="MultiThreaded consumers trying to consume 1 message with N lives[Lives: 974]" classname="serie2.ex2.MessageBoxTest" time="0.011"/>
  <testcase name="MultiThreaded consumers trying to consume 1 message with N lives[Lives: 975]" classname="serie2.ex2.MessageBoxTest" time="0.012"/>
  <testcase name="MultiThreaded consumers trying to consume 1 message with N lives[Lives: 976]" classname="serie2.ex2.MessageBoxTest" time="0.012"/>
  <testcase name="MultiThreaded consumers trying to consume 1 message with N lives[Lives: 977]" classname="serie2.ex2.MessageBoxTest" time="0.013"/>
  <testcase name="MultiThreaded consumers trying to consume 1 message with N lives[Lives: 978]" classname="serie2.ex2.MessageBoxTest" time="0.013"/>
  <testcase name="MultiThreaded consumers trying to consume 1 message with N lives[Lives: 979]" classname="serie2.ex2.MessageBoxTest" time="0.018"/>
  <testcase name="MultiThreaded consumers trying to consume 1 message with N lives[Lives: 980]" classname="serie2.ex2.MessageBoxTest" time="0.013"/>
  <testcase name="MultiThreaded consumers trying to consume 1 message with N lives[Lives: 981]" classname="serie2.ex2.MessageBoxTest" time="0.015"/>
  <testcase name="MultiThreaded consumers trying to consume 1 message with N lives[Lives: 982]" classname="serie2.ex2.MessageBoxTest" time="0.013"/>
  <testcase name="MultiThreaded consumers trying to consume 1 message with N lives[Lives: 983]" classname="serie2.ex2.MessageBoxTest" time="0.015"/>
  <testcase name="MultiThreaded consumers trying to consume 1 message with N lives[Lives: 984]" classname="serie2.ex2.MessageBoxTest" time="0.016"/>
  <testcase name="MultiThreaded consumers trying to consume 1 message with N lives[Lives: 985]" classname="serie2.ex2.MessageBoxTest" time="0.018"/>
  <testcase name="MultiThreaded consumers trying to consume 1 message with N lives[Lives: 986]" classname="serie2.ex2.MessageBoxTest" time="0.014"/>
  <testcase name="MultiThreaded consumers trying to consume 1 message with N lives[Lives: 987]" classname="serie2.ex2.MessageBoxTest" time="0.015"/>
  <testcase name="MultiThreaded consumers trying to consume 1 message with N lives[Lives: 988]" classname="serie2.ex2.MessageBoxTest" time="0.015"/>
  <testcase name="MultiThreaded consumers trying to consume 1 message with N lives[Lives: 989]" classname="serie2.ex2.MessageBoxTest" time="0.017"/>
  <testcase name="MultiThreaded consumers trying to consume 1 message with N lives[Lives: 990]" classname="serie2.ex2.MessageBoxTest" time="0.017"/>
  <testcase name="MultiThreaded consumers trying to consume 1 message with N lives[Lives: 991]" classname="serie2.ex2.MessageBoxTest" time="0.018"/>
  <testcase name="MultiThreaded consumers trying to consume 1 message with N lives[Lives: 992]" classname="serie2.ex2.MessageBoxTest" time="0.015"/>
  <testcase name="MultiThreaded consumers trying to consume 1 message with N lives[Lives: 993]" classname="serie2.ex2.MessageBoxTest" time="0.015"/>
  <testcase name="MultiThreaded consumers trying to consume 1 message with N lives[Lives: 994]" classname="serie2.ex2.MessageBoxTest" time="0.014"/>
  <testcase name="MultiThreaded consumers trying to consume 1 message with N lives[Lives: 995]" classname="serie2.ex2.MessageBoxTest" time="0.012"/>
  <testcase name="MultiThreaded consumers trying to consume 1 message with N lives[Lives: 996]" classname="serie2.ex2.MessageBoxTest" time="0.014"/>
  <testcase name="MultiThreaded consumers trying to consume 1 message with N lives[Lives: 997]" classname="serie2.ex2.MessageBoxTest" time="0.015"/>
  <testcase name="MultiThreaded consumers trying to consume 1 message with N lives[Lives: 998]" classname="serie2.ex2.MessageBoxTest" time="0.015"/>
  <testcase name="MultiThreaded consumers trying to consume 1 message with N lives[Lives: 999]" classname="serie2.ex2.MessageBoxTest" time="0.016"/>
  <testcase name="MultiThreaded consumers trying to consume 1 message with N lives[Lives: 1,000]" classname="serie2.ex2.MessageBoxTest" time="0.017"/>
  <system-out><![CDATA[]]></system-out>
  <system-err><![CDATA[]]></system-err>
</testsuite>
