<?xml version="1.0" encoding="UTF-8"?>
<testsuite name="serie1.ex4.FutureTest" tests="432" skipped="0" failures="1" errors="0" timestamp="2022-04-22T20:56:56" hostname="LAPTOP-8IJG8NP1" time="437.724">
  <properties/>
  <testcase name="blocking message single dequeue on an initial empty queue[NREADERS=5, NWRITERS=5, CAPACITY=5]" classname="serie1.ex4.FutureTest" time="0.001"/>
  <testcase name="blocking_message_multiple_send_receive[NREADERS=5, NWRITERS=5, CAPACITY=5]" classname="serie1.ex4.FutureTest" time="2.027"/>
  <testcase name="blocking message single dequeue on an initial empty queue[NREADERS=5, NWRITERS=5, CAPACITY=6]" classname="serie1.ex4.FutureTest" time="0.0"/>
  <testcase name="blocking_message_multiple_send_receive[NREADERS=5, NWRITERS=5, CAPACITY=6]" classname="serie1.ex4.FutureTest" time="2.015"/>
  <testcase name="blocking message single dequeue on an initial empty queue[NREADERS=5, NWRITERS=5, CAPACITY=7]" classname="serie1.ex4.FutureTest" time="0.001"/>
  <testcase name="blocking_message_multiple_send_receive[NREADERS=5, NWRITERS=5, CAPACITY=7]" classname="serie1.ex4.FutureTest" time="2.01"/>
  <testcase name="blocking message single dequeue on an initial empty queue[NREADERS=5, NWRITERS=5, CAPACITY=8]" classname="serie1.ex4.FutureTest" time="0.0"/>
  <testcase name="blocking_message_multiple_send_receive[NREADERS=5, NWRITERS=5, CAPACITY=8]" classname="serie1.ex4.FutureTest" time="2.02"/>
  <testcase name="blocking message single dequeue on an initial empty queue[NREADERS=5, NWRITERS=5, CAPACITY=9]" classname="serie1.ex4.FutureTest" time="0.001"/>
  <testcase name="blocking_message_multiple_send_receive[NREADERS=5, NWRITERS=5, CAPACITY=9]" classname="serie1.ex4.FutureTest" time="2.01"/>
  <testcase name="blocking message single dequeue on an initial empty queue[NREADERS=5, NWRITERS=5, CAPACITY=10]" classname="serie1.ex4.FutureTest" time="0.0"/>
  <testcase name="blocking_message_multiple_send_receive[NREADERS=5, NWRITERS=5, CAPACITY=10]" classname="serie1.ex4.FutureTest" time="2.006"/>
  <testcase name="blocking message single dequeue on an initial empty queue[NREADERS=5, NWRITERS=6, CAPACITY=5]" classname="serie1.ex4.FutureTest" time="0.001"/>
  <testcase name="blocking_message_multiple_send_receive[NREADERS=5, NWRITERS=6, CAPACITY=5]" classname="serie1.ex4.FutureTest" time="2.014"/>
  <testcase name="blocking message single dequeue on an initial empty queue[NREADERS=5, NWRITERS=6, CAPACITY=6]" classname="serie1.ex4.FutureTest" time="0.0"/>
  <testcase name="blocking_message_multiple_send_receive[NREADERS=5, NWRITERS=6, CAPACITY=6]" classname="serie1.ex4.FutureTest" time="2.012"/>
  <testcase name="blocking message single dequeue on an initial empty queue[NREADERS=5, NWRITERS=6, CAPACITY=7]" classname="serie1.ex4.FutureTest" time="0.0"/>
  <testcase name="blocking_message_multiple_send_receive[NREADERS=5, NWRITERS=6, CAPACITY=7]" classname="serie1.ex4.FutureTest" time="2.01"/>
  <testcase name="blocking message single dequeue on an initial empty queue[NREADERS=5, NWRITERS=6, CAPACITY=8]" classname="serie1.ex4.FutureTest" time="0.0"/>
  <testcase name="blocking_message_multiple_send_receive[NREADERS=5, NWRITERS=6, CAPACITY=8]" classname="serie1.ex4.FutureTest" time="2.006"/>
  <testcase name="blocking message single dequeue on an initial empty queue[NREADERS=5, NWRITERS=6, CAPACITY=9]" classname="serie1.ex4.FutureTest" time="0.0"/>
  <testcase name="blocking_message_multiple_send_receive[NREADERS=5, NWRITERS=6, CAPACITY=9]" classname="serie1.ex4.FutureTest" time="2.019"/>
  <testcase name="blocking message single dequeue on an initial empty queue[NREADERS=5, NWRITERS=6, CAPACITY=10]" classname="serie1.ex4.FutureTest" time="0.0"/>
  <testcase name="blocking_message_multiple_send_receive[NREADERS=5, NWRITERS=6, CAPACITY=10]" classname="serie1.ex4.FutureTest" time="2.007"/>
  <testcase name="blocking message single dequeue on an initial empty queue[NREADERS=5, NWRITERS=7, CAPACITY=5]" classname="serie1.ex4.FutureTest" time="0.0"/>
  <testcase name="blocking_message_multiple_send_receive[NREADERS=5, NWRITERS=7, CAPACITY=5]" classname="serie1.ex4.FutureTest" time="2.015"/>
  <testcase name="blocking message single dequeue on an initial empty queue[NREADERS=5, NWRITERS=7, CAPACITY=6]" classname="serie1.ex4.FutureTest" time="0.0"/>
  <testcase name="blocking_message_multiple_send_receive[NREADERS=5, NWRITERS=7, CAPACITY=6]" classname="serie1.ex4.FutureTest" time="2.018"/>
  <testcase name="blocking message single dequeue on an initial empty queue[NREADERS=5, NWRITERS=7, CAPACITY=7]" classname="serie1.ex4.FutureTest" time="0.0"/>
  <testcase name="blocking_message_multiple_send_receive[NREADERS=5, NWRITERS=7, CAPACITY=7]" classname="serie1.ex4.FutureTest" time="2.01"/>
  <testcase name="blocking message single dequeue on an initial empty queue[NREADERS=5, NWRITERS=7, CAPACITY=8]" classname="serie1.ex4.FutureTest" time="0.0"/>
  <testcase name="blocking_message_multiple_send_receive[NREADERS=5, NWRITERS=7, CAPACITY=8]" classname="serie1.ex4.FutureTest" time="2.007"/>
  <testcase name="blocking message single dequeue on an initial empty queue[NREADERS=5, NWRITERS=7, CAPACITY=9]" classname="serie1.ex4.FutureTest" time="0.0"/>
  <testcase name="blocking_message_multiple_send_receive[NREADERS=5, NWRITERS=7, CAPACITY=9]" classname="serie1.ex4.FutureTest" time="2.019"/>
  <testcase name="blocking message single dequeue on an initial empty queue[NREADERS=5, NWRITERS=7, CAPACITY=10]" classname="serie1.ex4.FutureTest" time="0.0"/>
  <testcase name="blocking_message_multiple_send_receive[NREADERS=5, NWRITERS=7, CAPACITY=10]" classname="serie1.ex4.FutureTest" time="2.014"/>
  <testcase name="blocking message single dequeue on an initial empty queue[NREADERS=5, NWRITERS=8, CAPACITY=5]" classname="serie1.ex4.FutureTest" time="0.0"/>
  <testcase name="blocking_message_multiple_send_receive[NREADERS=5, NWRITERS=8, CAPACITY=5]" classname="serie1.ex4.FutureTest" time="2.008"/>
  <testcase name="blocking message single dequeue on an initial empty queue[NREADERS=5, NWRITERS=8, CAPACITY=6]" classname="serie1.ex4.FutureTest" time="0.0"/>
  <testcase name="blocking_message_multiple_send_receive[NREADERS=5, NWRITERS=8, CAPACITY=6]" classname="serie1.ex4.FutureTest" time="2.016"/>
  <testcase name="blocking message single dequeue on an initial empty queue[NREADERS=5, NWRITERS=8, CAPACITY=7]" classname="serie1.ex4.FutureTest" time="0.0"/>
  <testcase name="blocking_message_multiple_send_receive[NREADERS=5, NWRITERS=8, CAPACITY=7]" classname="serie1.ex4.FutureTest" time="2.01"/>
  <testcase name="blocking message single dequeue on an initial empty queue[NREADERS=5, NWRITERS=8, CAPACITY=8]" classname="serie1.ex4.FutureTest" time="0.0"/>
  <testcase name="blocking_message_multiple_send_receive[NREADERS=5, NWRITERS=8, CAPACITY=8]" classname="serie1.ex4.FutureTest" time="2.008"/>
  <testcase name="blocking message single dequeue on an initial empty queue[NREADERS=5, NWRITERS=8, CAPACITY=9]" classname="serie1.ex4.FutureTest" time="0.001"/>
  <testcase name="blocking_message_multiple_send_receive[NREADERS=5, NWRITERS=8, CAPACITY=9]" classname="serie1.ex4.FutureTest" time="2.016"/>
  <testcase name="blocking message single dequeue on an initial empty queue[NREADERS=5, NWRITERS=8, CAPACITY=10]" classname="serie1.ex4.FutureTest" time="0.0"/>
  <testcase name="blocking_message_multiple_send_receive[NREADERS=5, NWRITERS=8, CAPACITY=10]" classname="serie1.ex4.FutureTest" time="2.009"/>
  <testcase name="blocking message single dequeue on an initial empty queue[NREADERS=5, NWRITERS=9, CAPACITY=5]" classname="serie1.ex4.FutureTest" time="0.001"/>
  <testcase name="blocking_message_multiple_send_receive[NREADERS=5, NWRITERS=9, CAPACITY=5]" classname="serie1.ex4.FutureTest" time="2.007"/>
  <testcase name="blocking message single dequeue on an initial empty queue[NREADERS=5, NWRITERS=9, CAPACITY=6]" classname="serie1.ex4.FutureTest" time="0.0"/>
  <testcase name="blocking_message_multiple_send_receive[NREADERS=5, NWRITERS=9, CAPACITY=6]" classname="serie1.ex4.FutureTest" time="2.015"/>
  <testcase name="blocking message single dequeue on an initial empty queue[NREADERS=5, NWRITERS=9, CAPACITY=7]" classname="serie1.ex4.FutureTest" time="0.0"/>
  <testcase name="blocking_message_multiple_send_receive[NREADERS=5, NWRITERS=9, CAPACITY=7]" classname="serie1.ex4.FutureTest" time="2.007"/>
  <testcase name="blocking message single dequeue on an initial empty queue[NREADERS=5, NWRITERS=9, CAPACITY=8]" classname="serie1.ex4.FutureTest" time="0.0"/>
  <testcase name="blocking_message_multiple_send_receive[NREADERS=5, NWRITERS=9, CAPACITY=8]" classname="serie1.ex4.FutureTest" time="2.006"/>
  <testcase name="blocking message single dequeue on an initial empty queue[NREADERS=5, NWRITERS=9, CAPACITY=9]" classname="serie1.ex4.FutureTest" time="0.001"/>
  <testcase name="blocking_message_multiple_send_receive[NREADERS=5, NWRITERS=9, CAPACITY=9]" classname="serie1.ex4.FutureTest" time="2.007"/>
  <testcase name="blocking message single dequeue on an initial empty queue[NREADERS=5, NWRITERS=9, CAPACITY=10]" classname="serie1.ex4.FutureTest" time="0.0"/>
  <testcase name="blocking_message_multiple_send_receive[NREADERS=5, NWRITERS=9, CAPACITY=10]" classname="serie1.ex4.FutureTest" time="2.006"/>
  <testcase name="blocking message single dequeue on an initial empty queue[NREADERS=5, NWRITERS=10, CAPACITY=5]" classname="serie1.ex4.FutureTest" time="0.001"/>
  <testcase name="blocking_message_multiple_send_receive[NREADERS=5, NWRITERS=10, CAPACITY=5]" classname="serie1.ex4.FutureTest" time="2.014"/>
  <testcase name="blocking message single dequeue on an initial empty queue[NREADERS=5, NWRITERS=10, CAPACITY=6]" classname="serie1.ex4.FutureTest" time="0.0"/>
  <testcase name="blocking_message_multiple_send_receive[NREADERS=5, NWRITERS=10, CAPACITY=6]" classname="serie1.ex4.FutureTest" time="2.008"/>
  <testcase name="blocking message single dequeue on an initial empty queue[NREADERS=5, NWRITERS=10, CAPACITY=7]" classname="serie1.ex4.FutureTest" time="0.001"/>
  <testcase name="blocking_message_multiple_send_receive[NREADERS=5, NWRITERS=10, CAPACITY=7]" classname="serie1.ex4.FutureTest" time="2.007"/>
  <testcase name="blocking message single dequeue on an initial empty queue[NREADERS=5, NWRITERS=10, CAPACITY=8]" classname="serie1.ex4.FutureTest" time="0.0"/>
  <testcase name="blocking_message_multiple_send_receive[NREADERS=5, NWRITERS=10, CAPACITY=8]" classname="serie1.ex4.FutureTest" time="2.019"/>
  <testcase name="blocking message single dequeue on an initial empty queue[NREADERS=5, NWRITERS=10, CAPACITY=9]" classname="serie1.ex4.FutureTest" time="0.001"/>
  <testcase name="blocking_message_multiple_send_receive[NREADERS=5, NWRITERS=10, CAPACITY=9]" classname="serie1.ex4.FutureTest" time="2.008"/>
  <testcase name="blocking message single dequeue on an initial empty queue[NREADERS=5, NWRITERS=10, CAPACITY=10]" classname="serie1.ex4.FutureTest" time="0.0"/>
  <testcase name="blocking_message_multiple_send_receive[NREADERS=5, NWRITERS=10, CAPACITY=10]" classname="serie1.ex4.FutureTest" time="2.011"/>
  <testcase name="blocking message single dequeue on an initial empty queue[NREADERS=6, NWRITERS=5, CAPACITY=5]" classname="serie1.ex4.FutureTest" time="0.001"/>
  <testcase name="blocking_message_multiple_send_receive[NREADERS=6, NWRITERS=5, CAPACITY=5]" classname="serie1.ex4.FutureTest" time="2.009"/>
  <testcase name="blocking message single dequeue on an initial empty queue[NREADERS=6, NWRITERS=5, CAPACITY=6]" classname="serie1.ex4.FutureTest" time="0.0"/>
  <testcase name="blocking_message_multiple_send_receive[NREADERS=6, NWRITERS=5, CAPACITY=6]" classname="serie1.ex4.FutureTest" time="2.01"/>
  <testcase name="blocking message single dequeue on an initial empty queue[NREADERS=6, NWRITERS=5, CAPACITY=7]" classname="serie1.ex4.FutureTest" time="0.0"/>
  <testcase name="blocking_message_multiple_send_receive[NREADERS=6, NWRITERS=5, CAPACITY=7]" classname="serie1.ex4.FutureTest" time="2.012"/>
  <testcase name="blocking message single dequeue on an initial empty queue[NREADERS=6, NWRITERS=5, CAPACITY=8]" classname="serie1.ex4.FutureTest" time="0.0"/>
  <testcase name="blocking_message_multiple_send_receive[NREADERS=6, NWRITERS=5, CAPACITY=8]" classname="serie1.ex4.FutureTest" time="2.017"/>
  <testcase name="blocking message single dequeue on an initial empty queue[NREADERS=6, NWRITERS=5, CAPACITY=9]" classname="serie1.ex4.FutureTest" time="0.0"/>
  <testcase name="blocking_message_multiple_send_receive[NREADERS=6, NWRITERS=5, CAPACITY=9]" classname="serie1.ex4.FutureTest" time="2.007"/>
  <testcase name="blocking message single dequeue on an initial empty queue[NREADERS=6, NWRITERS=5, CAPACITY=10]" classname="serie1.ex4.FutureTest" time="0.0"/>
  <testcase name="blocking_message_multiple_send_receive[NREADERS=6, NWRITERS=5, CAPACITY=10]" classname="serie1.ex4.FutureTest" time="2.008"/>
  <testcase name="blocking message single dequeue on an initial empty queue[NREADERS=6, NWRITERS=6, CAPACITY=5]" classname="serie1.ex4.FutureTest" time="0.001"/>
  <testcase name="blocking_message_multiple_send_receive[NREADERS=6, NWRITERS=6, CAPACITY=5]" classname="serie1.ex4.FutureTest" time="2.011"/>
  <testcase name="blocking message single dequeue on an initial empty queue[NREADERS=6, NWRITERS=6, CAPACITY=6]" classname="serie1.ex4.FutureTest" time="0.0"/>
  <testcase name="blocking_message_multiple_send_receive[NREADERS=6, NWRITERS=6, CAPACITY=6]" classname="serie1.ex4.FutureTest" time="2.021"/>
  <testcase name="blocking message single dequeue on an initial empty queue[NREADERS=6, NWRITERS=6, CAPACITY=7]" classname="serie1.ex4.FutureTest" time="0.001"/>
  <testcase name="blocking_message_multiple_send_receive[NREADERS=6, NWRITERS=6, CAPACITY=7]" classname="serie1.ex4.FutureTest" time="2.017"/>
  <testcase name="blocking message single dequeue on an initial empty queue[NREADERS=6, NWRITERS=6, CAPACITY=8]" classname="serie1.ex4.FutureTest" time="0.0"/>
  <testcase name="blocking_message_multiple_send_receive[NREADERS=6, NWRITERS=6, CAPACITY=8]" classname="serie1.ex4.FutureTest" time="2.011"/>
  <testcase name="blocking message single dequeue on an initial empty queue[NREADERS=6, NWRITERS=6, CAPACITY=9]" classname="serie1.ex4.FutureTest" time="0.001"/>
  <testcase name="blocking_message_multiple_send_receive[NREADERS=6, NWRITERS=6, CAPACITY=9]" classname="serie1.ex4.FutureTest" time="2.012"/>
  <testcase name="blocking message single dequeue on an initial empty queue[NREADERS=6, NWRITERS=6, CAPACITY=10]" classname="serie1.ex4.FutureTest" time="0.0"/>
  <testcase name="blocking_message_multiple_send_receive[NREADERS=6, NWRITERS=6, CAPACITY=10]" classname="serie1.ex4.FutureTest" time="2.018"/>
  <testcase name="blocking message single dequeue on an initial empty queue[NREADERS=6, NWRITERS=7, CAPACITY=5]" classname="serie1.ex4.FutureTest" time="0.001"/>
  <testcase name="blocking_message_multiple_send_receive[NREADERS=6, NWRITERS=7, CAPACITY=5]" classname="serie1.ex4.FutureTest" time="2.007"/>
  <testcase name="blocking message single dequeue on an initial empty queue[NREADERS=6, NWRITERS=7, CAPACITY=6]" classname="serie1.ex4.FutureTest" time="0.0"/>
  <testcase name="blocking_message_multiple_send_receive[NREADERS=6, NWRITERS=7, CAPACITY=6]" classname="serie1.ex4.FutureTest" time="2.019"/>
  <testcase name="blocking message single dequeue on an initial empty queue[NREADERS=6, NWRITERS=7, CAPACITY=7]" classname="serie1.ex4.FutureTest" time="0.001"/>
  <testcase name="blocking_message_multiple_send_receive[NREADERS=6, NWRITERS=7, CAPACITY=7]" classname="serie1.ex4.FutureTest" time="2.019"/>
  <testcase name="blocking message single dequeue on an initial empty queue[NREADERS=6, NWRITERS=7, CAPACITY=8]" classname="serie1.ex4.FutureTest" time="0.0"/>
  <testcase name="blocking_message_multiple_send_receive[NREADERS=6, NWRITERS=7, CAPACITY=8]" classname="serie1.ex4.FutureTest" time="2.016"/>
  <testcase name="blocking message single dequeue on an initial empty queue[NREADERS=6, NWRITERS=7, CAPACITY=9]" classname="serie1.ex4.FutureTest" time="0.0"/>
  <testcase name="blocking_message_multiple_send_receive[NREADERS=6, NWRITERS=7, CAPACITY=9]" classname="serie1.ex4.FutureTest" time="2.021"/>
  <testcase name="blocking message single dequeue on an initial empty queue[NREADERS=6, NWRITERS=7, CAPACITY=10]" classname="serie1.ex4.FutureTest" time="0.0"/>
  <testcase name="blocking_message_multiple_send_receive[NREADERS=6, NWRITERS=7, CAPACITY=10]" classname="serie1.ex4.FutureTest" time="2.008"/>
  <testcase name="blocking message single dequeue on an initial empty queue[NREADERS=6, NWRITERS=8, CAPACITY=5]" classname="serie1.ex4.FutureTest" time="0.0"/>
  <testcase name="blocking_message_multiple_send_receive[NREADERS=6, NWRITERS=8, CAPACITY=5]" classname="serie1.ex4.FutureTest" time="2.011"/>
  <testcase name="blocking message single dequeue on an initial empty queue[NREADERS=6, NWRITERS=8, CAPACITY=6]" classname="serie1.ex4.FutureTest" time="0.0"/>
  <testcase name="blocking_message_multiple_send_receive[NREADERS=6, NWRITERS=8, CAPACITY=6]" classname="serie1.ex4.FutureTest" time="2.018"/>
  <testcase name="blocking message single dequeue on an initial empty queue[NREADERS=6, NWRITERS=8, CAPACITY=7]" classname="serie1.ex4.FutureTest" time="0.0"/>
  <testcase name="blocking_message_multiple_send_receive[NREADERS=6, NWRITERS=8, CAPACITY=7]" classname="serie1.ex4.FutureTest" time="2.019"/>
  <testcase name="blocking message single dequeue on an initial empty queue[NREADERS=6, NWRITERS=8, CAPACITY=8]" classname="serie1.ex4.FutureTest" time="0.0"/>
  <testcase name="blocking_message_multiple_send_receive[NREADERS=6, NWRITERS=8, CAPACITY=8]" classname="serie1.ex4.FutureTest" time="2.01"/>
  <testcase name="blocking message single dequeue on an initial empty queue[NREADERS=6, NWRITERS=8, CAPACITY=9]" classname="serie1.ex4.FutureTest" time="0.001"/>
  <testcase name="blocking_message_multiple_send_receive[NREADERS=6, NWRITERS=8, CAPACITY=9]" classname="serie1.ex4.FutureTest" time="2.019"/>
  <testcase name="blocking message single dequeue on an initial empty queue[NREADERS=6, NWRITERS=8, CAPACITY=10]" classname="serie1.ex4.FutureTest" time="0.0"/>
  <testcase name="blocking_message_multiple_send_receive[NREADERS=6, NWRITERS=8, CAPACITY=10]" classname="serie1.ex4.FutureTest" time="2.006"/>
  <testcase name="blocking message single dequeue on an initial empty queue[NREADERS=6, NWRITERS=9, CAPACITY=5]" classname="serie1.ex4.FutureTest" time="0.001"/>
  <testcase name="blocking_message_multiple_send_receive[NREADERS=6, NWRITERS=9, CAPACITY=5]" classname="serie1.ex4.FutureTest" time="2.013"/>
  <testcase name="blocking message single dequeue on an initial empty queue[NREADERS=6, NWRITERS=9, CAPACITY=6]" classname="serie1.ex4.FutureTest" time="0.0"/>
  <testcase name="blocking_message_multiple_send_receive[NREADERS=6, NWRITERS=9, CAPACITY=6]" classname="serie1.ex4.FutureTest" time="2.007"/>
  <testcase name="blocking message single dequeue on an initial empty queue[NREADERS=6, NWRITERS=9, CAPACITY=7]" classname="serie1.ex4.FutureTest" time="0.0"/>
  <testcase name="blocking_message_multiple_send_receive[NREADERS=6, NWRITERS=9, CAPACITY=7]" classname="serie1.ex4.FutureTest" time="2.009"/>
  <testcase name="blocking message single dequeue on an initial empty queue[NREADERS=6, NWRITERS=9, CAPACITY=8]" classname="serie1.ex4.FutureTest" time="0.0"/>
  <testcase name="blocking_message_multiple_send_receive[NREADERS=6, NWRITERS=9, CAPACITY=8]" classname="serie1.ex4.FutureTest" time="2.012"/>
  <testcase name="blocking message single dequeue on an initial empty queue[NREADERS=6, NWRITERS=9, CAPACITY=9]" classname="serie1.ex4.FutureTest" time="0.0"/>
  <testcase name="blocking_message_multiple_send_receive[NREADERS=6, NWRITERS=9, CAPACITY=9]" classname="serie1.ex4.FutureTest" time="2.016"/>
  <testcase name="blocking message single dequeue on an initial empty queue[NREADERS=6, NWRITERS=9, CAPACITY=10]" classname="serie1.ex4.FutureTest" time="0.0"/>
  <testcase name="blocking_message_multiple_send_receive[NREADERS=6, NWRITERS=9, CAPACITY=10]" classname="serie1.ex4.FutureTest" time="2.013"/>
  <testcase name="blocking message single dequeue on an initial empty queue[NREADERS=6, NWRITERS=10, CAPACITY=5]" classname="serie1.ex4.FutureTest" time="0.001"/>
  <testcase name="blocking_message_multiple_send_receive[NREADERS=6, NWRITERS=10, CAPACITY=5]" classname="serie1.ex4.FutureTest" time="2.009"/>
  <testcase name="blocking message single dequeue on an initial empty queue[NREADERS=6, NWRITERS=10, CAPACITY=6]" classname="serie1.ex4.FutureTest" time="0.0"/>
  <testcase name="blocking_message_multiple_send_receive[NREADERS=6, NWRITERS=10, CAPACITY=6]" classname="serie1.ex4.FutureTest" time="2.02"/>
  <testcase name="blocking message single dequeue on an initial empty queue[NREADERS=6, NWRITERS=10, CAPACITY=7]" classname="serie1.ex4.FutureTest" time="0.0"/>
  <testcase name="blocking_message_multiple_send_receive[NREADERS=6, NWRITERS=10, CAPACITY=7]" classname="serie1.ex4.FutureTest" time="2.012"/>
  <testcase name="blocking message single dequeue on an initial empty queue[NREADERS=6, NWRITERS=10, CAPACITY=8]" classname="serie1.ex4.FutureTest" time="0.0"/>
  <testcase name="blocking_message_multiple_send_receive[NREADERS=6, NWRITERS=10, CAPACITY=8]" classname="serie1.ex4.FutureTest" time="2.007"/>
  <testcase name="blocking message single dequeue on an initial empty queue[NREADERS=6, NWRITERS=10, CAPACITY=9]" classname="serie1.ex4.FutureTest" time="0.0"/>
  <testcase name="blocking_message_multiple_send_receive[NREADERS=6, NWRITERS=10, CAPACITY=9]" classname="serie1.ex4.FutureTest" time="2.01"/>
  <testcase name="blocking message single dequeue on an initial empty queue[NREADERS=6, NWRITERS=10, CAPACITY=10]" classname="serie1.ex4.FutureTest" time="0.0"/>
  <testcase name="blocking_message_multiple_send_receive[NREADERS=6, NWRITERS=10, CAPACITY=10]" classname="serie1.ex4.FutureTest" time="2.006"/>
  <testcase name="blocking message single dequeue on an initial empty queue[NREADERS=7, NWRITERS=5, CAPACITY=5]" classname="serie1.ex4.FutureTest" time="0.0"/>
  <testcase name="blocking_message_multiple_send_receive[NREADERS=7, NWRITERS=5, CAPACITY=5]" classname="serie1.ex4.FutureTest" time="2.012"/>
  <testcase name="blocking message single dequeue on an initial empty queue[NREADERS=7, NWRITERS=5, CAPACITY=6]" classname="serie1.ex4.FutureTest" time="0.0"/>
  <testcase name="blocking_message_multiple_send_receive[NREADERS=7, NWRITERS=5, CAPACITY=6]" classname="serie1.ex4.FutureTest" time="2.02"/>
  <testcase name="blocking message single dequeue on an initial empty queue[NREADERS=7, NWRITERS=5, CAPACITY=7]" classname="serie1.ex4.FutureTest" time="0.0"/>
  <testcase name="blocking_message_multiple_send_receive[NREADERS=7, NWRITERS=5, CAPACITY=7]" classname="serie1.ex4.FutureTest" time="2.009"/>
  <testcase name="blocking message single dequeue on an initial empty queue[NREADERS=7, NWRITERS=5, CAPACITY=8]" classname="serie1.ex4.FutureTest" time="0.0"/>
  <testcase name="blocking_message_multiple_send_receive[NREADERS=7, NWRITERS=5, CAPACITY=8]" classname="serie1.ex4.FutureTest" time="2.005"/>
  <testcase name="blocking message single dequeue on an initial empty queue[NREADERS=7, NWRITERS=5, CAPACITY=9]" classname="serie1.ex4.FutureTest" time="0.0"/>
  <testcase name="blocking_message_multiple_send_receive[NREADERS=7, NWRITERS=5, CAPACITY=9]" classname="serie1.ex4.FutureTest" time="2.006"/>
  <testcase name="blocking message single dequeue on an initial empty queue[NREADERS=7, NWRITERS=5, CAPACITY=10]" classname="serie1.ex4.FutureTest" time="0.0"/>
  <testcase name="blocking_message_multiple_send_receive[NREADERS=7, NWRITERS=5, CAPACITY=10]" classname="serie1.ex4.FutureTest" time="2.012"/>
  <testcase name="blocking message single dequeue on an initial empty queue[NREADERS=7, NWRITERS=6, CAPACITY=5]" classname="serie1.ex4.FutureTest" time="0.0"/>
  <testcase name="blocking_message_multiple_send_receive[NREADERS=7, NWRITERS=6, CAPACITY=5]" classname="serie1.ex4.FutureTest" time="2.02"/>
  <testcase name="blocking message single dequeue on an initial empty queue[NREADERS=7, NWRITERS=6, CAPACITY=6]" classname="serie1.ex4.FutureTest" time="0.0"/>
  <testcase name="blocking_message_multiple_send_receive[NREADERS=7, NWRITERS=6, CAPACITY=6]" classname="serie1.ex4.FutureTest" time="2.008"/>
  <testcase name="blocking message single dequeue on an initial empty queue[NREADERS=7, NWRITERS=6, CAPACITY=7]" classname="serie1.ex4.FutureTest" time="0.0"/>
  <testcase name="blocking_message_multiple_send_receive[NREADERS=7, NWRITERS=6, CAPACITY=7]" classname="serie1.ex4.FutureTest" time="2.021"/>
  <testcase name="blocking message single dequeue on an initial empty queue[NREADERS=7, NWRITERS=6, CAPACITY=8]" classname="serie1.ex4.FutureTest" time="0.0"/>
  <testcase name="blocking_message_multiple_send_receive[NREADERS=7, NWRITERS=6, CAPACITY=8]" classname="serie1.ex4.FutureTest" time="2.01"/>
  <testcase name="blocking message single dequeue on an initial empty queue[NREADERS=7, NWRITERS=6, CAPACITY=9]" classname="serie1.ex4.FutureTest" time="0.0"/>
  <testcase name="blocking_message_multiple_send_receive[NREADERS=7, NWRITERS=6, CAPACITY=9]" classname="serie1.ex4.FutureTest" time="2.006"/>
  <testcase name="blocking message single dequeue on an initial empty queue[NREADERS=7, NWRITERS=6, CAPACITY=10]" classname="serie1.ex4.FutureTest" time="0.0"/>
  <testcase name="blocking_message_multiple_send_receive[NREADERS=7, NWRITERS=6, CAPACITY=10]" classname="serie1.ex4.FutureTest" time="2.006"/>
  <testcase name="blocking message single dequeue on an initial empty queue[NREADERS=7, NWRITERS=7, CAPACITY=5]" classname="serie1.ex4.FutureTest" time="0.001"/>
  <testcase name="blocking_message_multiple_send_receive[NREADERS=7, NWRITERS=7, CAPACITY=5]" classname="serie1.ex4.FutureTest" time="2.012"/>
  <testcase name="blocking message single dequeue on an initial empty queue[NREADERS=7, NWRITERS=7, CAPACITY=6]" classname="serie1.ex4.FutureTest" time="0.0"/>
  <testcase name="blocking_message_multiple_send_receive[NREADERS=7, NWRITERS=7, CAPACITY=6]" classname="serie1.ex4.FutureTest" time="2.011"/>
  <testcase name="blocking message single dequeue on an initial empty queue[NREADERS=7, NWRITERS=7, CAPACITY=7]" classname="serie1.ex4.FutureTest" time="0.001"/>
  <testcase name="blocking_message_multiple_send_receive[NREADERS=7, NWRITERS=7, CAPACITY=7]" classname="serie1.ex4.FutureTest" time="2.01"/>
  <testcase name="blocking message single dequeue on an initial empty queue[NREADERS=7, NWRITERS=7, CAPACITY=8]" classname="serie1.ex4.FutureTest" time="0.0"/>
  <testcase name="blocking_message_multiple_send_receive[NREADERS=7, NWRITERS=7, CAPACITY=8]" classname="serie1.ex4.FutureTest" time="2.005"/>
  <testcase name="blocking message single dequeue on an initial empty queue[NREADERS=7, NWRITERS=7, CAPACITY=9]" classname="serie1.ex4.FutureTest" time="0.001"/>
  <testcase name="blocking_message_multiple_send_receive[NREADERS=7, NWRITERS=7, CAPACITY=9]" classname="serie1.ex4.FutureTest" time="2.01"/>
  <testcase name="blocking message single dequeue on an initial empty queue[NREADERS=7, NWRITERS=7, CAPACITY=10]" classname="serie1.ex4.FutureTest" time="0.0"/>
  <testcase name="blocking_message_multiple_send_receive[NREADERS=7, NWRITERS=7, CAPACITY=10]" classname="serie1.ex4.FutureTest" time="2.007"/>
  <testcase name="blocking message single dequeue on an initial empty queue[NREADERS=7, NWRITERS=8, CAPACITY=5]" classname="serie1.ex4.FutureTest" time="0.001"/>
  <testcase name="blocking_message_multiple_send_receive[NREADERS=7, NWRITERS=8, CAPACITY=5]" classname="serie1.ex4.FutureTest" time="2.02"/>
  <testcase name="blocking message single dequeue on an initial empty queue[NREADERS=7, NWRITERS=8, CAPACITY=6]" classname="serie1.ex4.FutureTest" time="0.0"/>
  <testcase name="blocking_message_multiple_send_receive[NREADERS=7, NWRITERS=8, CAPACITY=6]" classname="serie1.ex4.FutureTest" time="2.007"/>
  <testcase name="blocking message single dequeue on an initial empty queue[NREADERS=7, NWRITERS=8, CAPACITY=7]" classname="serie1.ex4.FutureTest" time="0.001"/>
  <testcase name="blocking_message_multiple_send_receive[NREADERS=7, NWRITERS=8, CAPACITY=7]" classname="serie1.ex4.FutureTest" time="2.009"/>
  <testcase name="blocking message single dequeue on an initial empty queue[NREADERS=7, NWRITERS=8, CAPACITY=8]" classname="serie1.ex4.FutureTest" time="0.0"/>
  <testcase name="blocking_message_multiple_send_receive[NREADERS=7, NWRITERS=8, CAPACITY=8]" classname="serie1.ex4.FutureTest" time="2.01"/>
  <testcase name="blocking message single dequeue on an initial empty queue[NREADERS=7, NWRITERS=8, CAPACITY=9]" classname="serie1.ex4.FutureTest" time="0.0"/>
  <testcase name="blocking_message_multiple_send_receive[NREADERS=7, NWRITERS=8, CAPACITY=9]" classname="serie1.ex4.FutureTest" time="2.006"/>
  <testcase name="blocking message single dequeue on an initial empty queue[NREADERS=7, NWRITERS=8, CAPACITY=10]" classname="serie1.ex4.FutureTest" time="0.0"/>
  <testcase name="blocking_message_multiple_send_receive[NREADERS=7, NWRITERS=8, CAPACITY=10]" classname="serie1.ex4.FutureTest" time="2.017"/>
  <testcase name="blocking message single dequeue on an initial empty queue[NREADERS=7, NWRITERS=9, CAPACITY=5]" classname="serie1.ex4.FutureTest" time="0.0"/>
  <testcase name="blocking_message_multiple_send_receive[NREADERS=7, NWRITERS=9, CAPACITY=5]" classname="serie1.ex4.FutureTest" time="2.011"/>
  <testcase name="blocking message single dequeue on an initial empty queue[NREADERS=7, NWRITERS=9, CAPACITY=6]" classname="serie1.ex4.FutureTest" time="0.0"/>
  <testcase name="blocking_message_multiple_send_receive[NREADERS=7, NWRITERS=9, CAPACITY=6]" classname="serie1.ex4.FutureTest" time="2.017"/>
  <testcase name="blocking message single dequeue on an initial empty queue[NREADERS=7, NWRITERS=9, CAPACITY=7]" classname="serie1.ex4.FutureTest" time="0.0"/>
  <testcase name="blocking_message_multiple_send_receive[NREADERS=7, NWRITERS=9, CAPACITY=7]" classname="serie1.ex4.FutureTest" time="2.007"/>
  <testcase name="blocking message single dequeue on an initial empty queue[NREADERS=7, NWRITERS=9, CAPACITY=8]" classname="serie1.ex4.FutureTest" time="0.0"/>
  <testcase name="blocking_message_multiple_send_receive[NREADERS=7, NWRITERS=9, CAPACITY=8]" classname="serie1.ex4.FutureTest" time="2.008"/>
  <testcase name="blocking message single dequeue on an initial empty queue[NREADERS=7, NWRITERS=9, CAPACITY=9]" classname="serie1.ex4.FutureTest" time="0.0"/>
  <testcase name="blocking_message_multiple_send_receive[NREADERS=7, NWRITERS=9, CAPACITY=9]" classname="serie1.ex4.FutureTest" time="2.007"/>
  <testcase name="blocking message single dequeue on an initial empty queue[NREADERS=7, NWRITERS=9, CAPACITY=10]" classname="serie1.ex4.FutureTest" time="0.0"/>
  <testcase name="blocking_message_multiple_send_receive[NREADERS=7, NWRITERS=9, CAPACITY=10]" classname="serie1.ex4.FutureTest" time="2.014"/>
  <testcase name="blocking message single dequeue on an initial empty queue[NREADERS=7, NWRITERS=10, CAPACITY=5]" classname="serie1.ex4.FutureTest" time="0.001"/>
  <testcase name="blocking_message_multiple_send_receive[NREADERS=7, NWRITERS=10, CAPACITY=5]" classname="serie1.ex4.FutureTest" time="2.005"/>
  <testcase name="blocking message single dequeue on an initial empty queue[NREADERS=7, NWRITERS=10, CAPACITY=6]" classname="serie1.ex4.FutureTest" time="0.0"/>
  <testcase name="blocking_message_multiple_send_receive[NREADERS=7, NWRITERS=10, CAPACITY=6]" classname="serie1.ex4.FutureTest" time="2.019"/>
  <testcase name="blocking message single dequeue on an initial empty queue[NREADERS=7, NWRITERS=10, CAPACITY=7]" classname="serie1.ex4.FutureTest" time="0.001"/>
  <testcase name="blocking_message_multiple_send_receive[NREADERS=7, NWRITERS=10, CAPACITY=7]" classname="serie1.ex4.FutureTest" time="2.015"/>
  <testcase name="blocking message single dequeue on an initial empty queue[NREADERS=7, NWRITERS=10, CAPACITY=8]" classname="serie1.ex4.FutureTest" time="0.0"/>
  <testcase name="blocking_message_multiple_send_receive[NREADERS=7, NWRITERS=10, CAPACITY=8]" classname="serie1.ex4.FutureTest" time="2.009"/>
  <testcase name="blocking message single dequeue on an initial empty queue[NREADERS=7, NWRITERS=10, CAPACITY=9]" classname="serie1.ex4.FutureTest" time="0.001"/>
  <testcase name="blocking_message_multiple_send_receive[NREADERS=7, NWRITERS=10, CAPACITY=9]" classname="serie1.ex4.FutureTest" time="2.007"/>
  <testcase name="blocking message single dequeue on an initial empty queue[NREADERS=7, NWRITERS=10, CAPACITY=10]" classname="serie1.ex4.FutureTest" time="0.0"/>
  <testcase name="blocking_message_multiple_send_receive[NREADERS=7, NWRITERS=10, CAPACITY=10]" classname="serie1.ex4.FutureTest" time="2.009"/>
  <testcase name="blocking message single dequeue on an initial empty queue[NREADERS=8, NWRITERS=5, CAPACITY=5]" classname="serie1.ex4.FutureTest" time="0.001"/>
  <testcase name="blocking_message_multiple_send_receive[NREADERS=8, NWRITERS=5, CAPACITY=5]" classname="serie1.ex4.FutureTest" time="2.013"/>
  <testcase name="blocking message single dequeue on an initial empty queue[NREADERS=8, NWRITERS=5, CAPACITY=6]" classname="serie1.ex4.FutureTest" time="0.0"/>
  <testcase name="blocking_message_multiple_send_receive[NREADERS=8, NWRITERS=5, CAPACITY=6]" classname="serie1.ex4.FutureTest" time="2.012"/>
  <testcase name="blocking message single dequeue on an initial empty queue[NREADERS=8, NWRITERS=5, CAPACITY=7]" classname="serie1.ex4.FutureTest" time="0.0"/>
  <testcase name="blocking_message_multiple_send_receive[NREADERS=8, NWRITERS=5, CAPACITY=7]" classname="serie1.ex4.FutureTest" time="2.016"/>
  <testcase name="blocking message single dequeue on an initial empty queue[NREADERS=8, NWRITERS=5, CAPACITY=8]" classname="serie1.ex4.FutureTest" time="0.0"/>
  <testcase name="blocking_message_multiple_send_receive[NREADERS=8, NWRITERS=5, CAPACITY=8]" classname="serie1.ex4.FutureTest" time="2.01"/>
  <testcase name="blocking message single dequeue on an initial empty queue[NREADERS=8, NWRITERS=5, CAPACITY=9]" classname="serie1.ex4.FutureTest" time="0.0"/>
  <testcase name="blocking_message_multiple_send_receive[NREADERS=8, NWRITERS=5, CAPACITY=9]" classname="serie1.ex4.FutureTest" time="2.009"/>
  <testcase name="blocking message single dequeue on an initial empty queue[NREADERS=8, NWRITERS=5, CAPACITY=10]" classname="serie1.ex4.FutureTest" time="0.0"/>
  <testcase name="blocking_message_multiple_send_receive[NREADERS=8, NWRITERS=5, CAPACITY=10]" classname="serie1.ex4.FutureTest" time="2.01"/>
  <testcase name="blocking message single dequeue on an initial empty queue[NREADERS=8, NWRITERS=6, CAPACITY=5]" classname="serie1.ex4.FutureTest" time="0.0"/>
  <testcase name="blocking_message_multiple_send_receive[NREADERS=8, NWRITERS=6, CAPACITY=5]" classname="serie1.ex4.FutureTest" time="2.019"/>
  <testcase name="blocking message single dequeue on an initial empty queue[NREADERS=8, NWRITERS=6, CAPACITY=6]" classname="serie1.ex4.FutureTest" time="0.0"/>
  <testcase name="blocking_message_multiple_send_receive[NREADERS=8, NWRITERS=6, CAPACITY=6]" classname="serie1.ex4.FutureTest" time="2.017"/>
  <testcase name="blocking message single dequeue on an initial empty queue[NREADERS=8, NWRITERS=6, CAPACITY=7]" classname="serie1.ex4.FutureTest" time="0.0"/>
  <testcase name="blocking_message_multiple_send_receive[NREADERS=8, NWRITERS=6, CAPACITY=7]" classname="serie1.ex4.FutureTest" time="2.019"/>
  <testcase name="blocking message single dequeue on an initial empty queue[NREADERS=8, NWRITERS=6, CAPACITY=8]" classname="serie1.ex4.FutureTest" time="0.0"/>
  <testcase name="blocking_message_multiple_send_receive[NREADERS=8, NWRITERS=6, CAPACITY=8]" classname="serie1.ex4.FutureTest" time="2.005"/>
  <testcase name="blocking message single dequeue on an initial empty queue[NREADERS=8, NWRITERS=6, CAPACITY=9]" classname="serie1.ex4.FutureTest" time="0.001"/>
  <testcase name="blocking_message_multiple_send_receive[NREADERS=8, NWRITERS=6, CAPACITY=9]" classname="serie1.ex4.FutureTest" time="2.008"/>
  <testcase name="blocking message single dequeue on an initial empty queue[NREADERS=8, NWRITERS=6, CAPACITY=10]" classname="serie1.ex4.FutureTest" time="0.0"/>
  <testcase name="blocking_message_multiple_send_receive[NREADERS=8, NWRITERS=6, CAPACITY=10]" classname="serie1.ex4.FutureTest" time="2.012"/>
  <testcase name="blocking message single dequeue on an initial empty queue[NREADERS=8, NWRITERS=7, CAPACITY=5]" classname="serie1.ex4.FutureTest" time="0.001"/>
  <testcase name="blocking_message_multiple_send_receive[NREADERS=8, NWRITERS=7, CAPACITY=5]" classname="serie1.ex4.FutureTest" time="2.007"/>
  <testcase name="blocking message single dequeue on an initial empty queue[NREADERS=8, NWRITERS=7, CAPACITY=6]" classname="serie1.ex4.FutureTest" time="0.0"/>
  <testcase name="blocking_message_multiple_send_receive[NREADERS=8, NWRITERS=7, CAPACITY=6]" classname="serie1.ex4.FutureTest" time="2.006"/>
  <testcase name="blocking message single dequeue on an initial empty queue[NREADERS=8, NWRITERS=7, CAPACITY=7]" classname="serie1.ex4.FutureTest" time="0.001"/>
  <testcase name="blocking_message_multiple_send_receive[NREADERS=8, NWRITERS=7, CAPACITY=7]" classname="serie1.ex4.FutureTest" time="5.009">
    <failure message="junit.framework.AssertionFailedError: too much execution time for reader thread" type="junit.framework.AssertionFailedError">junit.framework.AssertionFailedError: too much execution time for reader thread
	at junit.framework.Assert.fail(Assert.java:57)
	at junit.framework.TestCase.fail(TestCase.java:227)
	at serie1.ex4.FutureTest.blocking_message_multiple_send_receive(BlockingMessageQueueWithFutureTest.kt:203)
	at jdk.internal.reflect.GeneratedMethodAccessor7.invoke(Unknown Source)
	at java.base/jdk.internal.reflect.DelegatingMethodAccessorImpl.invoke(DelegatingMethodAccessorImpl.java:43)
	at java.base/java.lang.reflect.Method.invoke(Method.java:567)
	at org.junit.runners.model.FrameworkMethod$1.runReflectiveCall(FrameworkMethod.java:50)
	at org.junit.internal.runners.model.ReflectiveCallable.run(ReflectiveCallable.java:12)
	at org.junit.runners.model.FrameworkMethod.invokeExplosively(FrameworkMethod.java:47)
	at org.junit.internal.runners.statements.InvokeMethod.evaluate(InvokeMethod.java:17)
	at org.junit.runners.ParentRunner.runLeaf(ParentRunner.java:325)
	at org.junit.runners.BlockJUnit4ClassRunner.runChild(BlockJUnit4ClassRunner.java:78)
	at org.junit.runners.BlockJUnit4ClassRunner.runChild(BlockJUnit4ClassRunner.java:57)
	at org.junit.runners.ParentRunner$3.run(ParentRunner.java:290)
	at org.junit.runners.ParentRunner$1.schedule(ParentRunner.java:71)
	at org.junit.runners.ParentRunner.runChildren(ParentRunner.java:288)
	at org.junit.runners.ParentRunner.access$000(ParentRunner.java:58)
	at org.junit.runners.ParentRunner$2.evaluate(ParentRunner.java:268)
	at org.junit.runners.ParentRunner.run(ParentRunner.java:363)
	at org.junit.runners.Suite.runChild(Suite.java:128)
	at org.junit.runners.Suite.runChild(Suite.java:27)
	at org.junit.runners.ParentRunner$3.run(ParentRunner.java:290)
	at org.junit.runners.ParentRunner$1.schedule(ParentRunner.java:71)
	at org.junit.runners.ParentRunner.runChildren(ParentRunner.java:288)
	at org.junit.runners.ParentRunner.access$000(ParentRunner.java:58)
	at org.junit.runners.ParentRunner$2.evaluate(ParentRunner.java:268)
	at org.junit.runners.ParentRunner.run(ParentRunner.java:363)
	at org.gradle.api.internal.tasks.testing.junit.JUnitTestClassExecutor.runTestClass(JUnitTestClassExecutor.java:110)
	at org.gradle.api.internal.tasks.testing.junit.JUnitTestClassExecutor.execute(JUnitTestClassExecutor.java:58)
	at org.gradle.api.internal.tasks.testing.junit.JUnitTestClassExecutor.execute(JUnitTestClassExecutor.java:38)
	at org.gradle.api.internal.tasks.testing.junit.AbstractJUnitTestClassProcessor.processTestClass(AbstractJUnitTestClassProcessor.java:62)
	at org.gradle.api.internal.tasks.testing.SuiteTestClassProcessor.processTestClass(SuiteTestClassProcessor.java:51)
	at java.base/jdk.internal.reflect.NativeMethodAccessorImpl.invoke0(Native Method)
	at java.base/jdk.internal.reflect.NativeMethodAccessorImpl.invoke(NativeMethodAccessorImpl.java:78)
	at java.base/jdk.internal.reflect.DelegatingMethodAccessorImpl.invoke(DelegatingMethodAccessorImpl.java:43)
	at java.base/java.lang.reflect.Method.invoke(Method.java:567)
	at org.gradle.internal.dispatch.ReflectionDispatch.dispatch(ReflectionDispatch.java:36)
	at org.gradle.internal.dispatch.ReflectionDispatch.dispatch(ReflectionDispatch.java:24)
	at org.gradle.internal.dispatch.ContextClassLoaderDispatch.dispatch(ContextClassLoaderDispatch.java:33)
	at org.gradle.internal.dispatch.ProxyDispatchAdapter$DispatchingInvocationHandler.invoke(ProxyDispatchAdapter.java:94)
	at jdk.proxy1/jdk.proxy1.$Proxy2.processTestClass(Unknown Source)
	at org.gradle.api.internal.tasks.testing.worker.TestWorker.processTestClass(TestWorker.java:121)
	at java.base/jdk.internal.reflect.NativeMethodAccessorImpl.invoke0(Native Method)
	at java.base/jdk.internal.reflect.NativeMethodAccessorImpl.invoke(NativeMethodAccessorImpl.java:78)
	at java.base/jdk.internal.reflect.DelegatingMethodAccessorImpl.invoke(DelegatingMethodAccessorImpl.java:43)
	at java.base/java.lang.reflect.Method.invoke(Method.java:567)
	at org.gradle.internal.dispatch.ReflectionDispatch.dispatch(ReflectionDispatch.java:36)
	at org.gradle.internal.dispatch.ReflectionDispatch.dispatch(ReflectionDispatch.java:24)
	at org.gradle.internal.remote.internal.hub.MessageHubBackedObjectConnection$DispatchWrapper.dispatch(MessageHubBackedObjectConnection.java:182)
	at org.gradle.internal.remote.internal.hub.MessageHubBackedObjectConnection$DispatchWrapper.dispatch(MessageHubBackedObjectConnection.java:164)
	at org.gradle.internal.remote.internal.hub.MessageHub$Handler.run(MessageHub.java:414)
	at org.gradle.internal.concurrent.ExecutorPolicy$CatchAndRecordFailures.onExecute(ExecutorPolicy.java:64)
	at org.gradle.internal.concurrent.ManagedExecutorImpl$1.run(ManagedExecutorImpl.java:48)
	at java.base/java.util.concurrent.ThreadPoolExecutor.runWorker(ThreadPoolExecutor.java:1130)
	at java.base/java.util.concurrent.ThreadPoolExecutor$Worker.run(ThreadPoolExecutor.java:630)
	at org.gradle.internal.concurrent.ThreadFactoryImpl$ManagedThreadRunnable.run(ThreadFactoryImpl.java:56)
	at java.base/java.lang.Thread.run(Thread.java:831)
</failure>
  </testcase>
  <testcase name="blocking message single dequeue on an initial empty queue[NREADERS=8, NWRITERS=7, CAPACITY=8]" classname="serie1.ex4.FutureTest" time="0.0"/>
  <testcase name="blocking_message_multiple_send_receive[NREADERS=8, NWRITERS=7, CAPACITY=8]" classname="serie1.ex4.FutureTest" time="2.007"/>
  <testcase name="blocking message single dequeue on an initial empty queue[NREADERS=8, NWRITERS=7, CAPACITY=9]" classname="serie1.ex4.FutureTest" time="0.0"/>
  <testcase name="blocking_message_multiple_send_receive[NREADERS=8, NWRITERS=7, CAPACITY=9]" classname="serie1.ex4.FutureTest" time="2.019"/>
  <testcase name="blocking message single dequeue on an initial empty queue[NREADERS=8, NWRITERS=7, CAPACITY=10]" classname="serie1.ex4.FutureTest" time="0.0"/>
  <testcase name="blocking_message_multiple_send_receive[NREADERS=8, NWRITERS=7, CAPACITY=10]" classname="serie1.ex4.FutureTest" time="2.011"/>
  <testcase name="blocking message single dequeue on an initial empty queue[NREADERS=8, NWRITERS=8, CAPACITY=5]" classname="serie1.ex4.FutureTest" time="0.001"/>
  <testcase name="blocking_message_multiple_send_receive[NREADERS=8, NWRITERS=8, CAPACITY=5]" classname="serie1.ex4.FutureTest" time="2.009"/>
  <testcase name="blocking message single dequeue on an initial empty queue[NREADERS=8, NWRITERS=8, CAPACITY=6]" classname="serie1.ex4.FutureTest" time="0.0"/>
  <testcase name="blocking_message_multiple_send_receive[NREADERS=8, NWRITERS=8, CAPACITY=6]" classname="serie1.ex4.FutureTest" time="2.012"/>
  <testcase name="blocking message single dequeue on an initial empty queue[NREADERS=8, NWRITERS=8, CAPACITY=7]" classname="serie1.ex4.FutureTest" time="0.001"/>
  <testcase name="blocking_message_multiple_send_receive[NREADERS=8, NWRITERS=8, CAPACITY=7]" classname="serie1.ex4.FutureTest" time="2.017"/>
  <testcase name="blocking message single dequeue on an initial empty queue[NREADERS=8, NWRITERS=8, CAPACITY=8]" classname="serie1.ex4.FutureTest" time="0.0"/>
  <testcase name="blocking_message_multiple_send_receive[NREADERS=8, NWRITERS=8, CAPACITY=8]" classname="serie1.ex4.FutureTest" time="2.019"/>
  <testcase name="blocking message single dequeue on an initial empty queue[NREADERS=8, NWRITERS=8, CAPACITY=9]" classname="serie1.ex4.FutureTest" time="0.001"/>
  <testcase name="blocking_message_multiple_send_receive[NREADERS=8, NWRITERS=8, CAPACITY=9]" classname="serie1.ex4.FutureTest" time="2.01"/>
  <testcase name="blocking message single dequeue on an initial empty queue[NREADERS=8, NWRITERS=8, CAPACITY=10]" classname="serie1.ex4.FutureTest" time="0.0"/>
  <testcase name="blocking_message_multiple_send_receive[NREADERS=8, NWRITERS=8, CAPACITY=10]" classname="serie1.ex4.FutureTest" time="2.01"/>
  <testcase name="blocking message single dequeue on an initial empty queue[NREADERS=8, NWRITERS=9, CAPACITY=5]" classname="serie1.ex4.FutureTest" time="0.001"/>
  <testcase name="blocking_message_multiple_send_receive[NREADERS=8, NWRITERS=9, CAPACITY=5]" classname="serie1.ex4.FutureTest" time="2.014"/>
  <testcase name="blocking message single dequeue on an initial empty queue[NREADERS=8, NWRITERS=9, CAPACITY=6]" classname="serie1.ex4.FutureTest" time="0.0"/>
  <testcase name="blocking_message_multiple_send_receive[NREADERS=8, NWRITERS=9, CAPACITY=6]" classname="serie1.ex4.FutureTest" time="2.019"/>
  <testcase name="blocking message single dequeue on an initial empty queue[NREADERS=8, NWRITERS=9, CAPACITY=7]" classname="serie1.ex4.FutureTest" time="0.0"/>
  <testcase name="blocking_message_multiple_send_receive[NREADERS=8, NWRITERS=9, CAPACITY=7]" classname="serie1.ex4.FutureTest" time="2.018"/>
  <testcase name="blocking message single dequeue on an initial empty queue[NREADERS=8, NWRITERS=9, CAPACITY=8]" classname="serie1.ex4.FutureTest" time="0.0"/>
  <testcase name="blocking_message_multiple_send_receive[NREADERS=8, NWRITERS=9, CAPACITY=8]" classname="serie1.ex4.FutureTest" time="2.008"/>
  <testcase name="blocking message single dequeue on an initial empty queue[NREADERS=8, NWRITERS=9, CAPACITY=9]" classname="serie1.ex4.FutureTest" time="0.0"/>
  <testcase name="blocking_message_multiple_send_receive[NREADERS=8, NWRITERS=9, CAPACITY=9]" classname="serie1.ex4.FutureTest" time="2.011"/>
  <testcase name="blocking message single dequeue on an initial empty queue[NREADERS=8, NWRITERS=9, CAPACITY=10]" classname="serie1.ex4.FutureTest" time="0.0"/>
  <testcase name="blocking_message_multiple_send_receive[NREADERS=8, NWRITERS=9, CAPACITY=10]" classname="serie1.ex4.FutureTest" time="2.006"/>
  <testcase name="blocking message single dequeue on an initial empty queue[NREADERS=8, NWRITERS=10, CAPACITY=5]" classname="serie1.ex4.FutureTest" time="0.0"/>
  <testcase name="blocking_message_multiple_send_receive[NREADERS=8, NWRITERS=10, CAPACITY=5]" classname="serie1.ex4.FutureTest" time="2.018"/>
  <testcase name="blocking message single dequeue on an initial empty queue[NREADERS=8, NWRITERS=10, CAPACITY=6]" classname="serie1.ex4.FutureTest" time="0.0"/>
  <testcase name="blocking_message_multiple_send_receive[NREADERS=8, NWRITERS=10, CAPACITY=6]" classname="serie1.ex4.FutureTest" time="2.013"/>
  <testcase name="blocking message single dequeue on an initial empty queue[NREADERS=8, NWRITERS=10, CAPACITY=7]" classname="serie1.ex4.FutureTest" time="0.0"/>
  <testcase name="blocking_message_multiple_send_receive[NREADERS=8, NWRITERS=10, CAPACITY=7]" classname="serie1.ex4.FutureTest" time="2.011"/>
  <testcase name="blocking message single dequeue on an initial empty queue[NREADERS=8, NWRITERS=10, CAPACITY=8]" classname="serie1.ex4.FutureTest" time="0.0"/>
  <testcase name="blocking_message_multiple_send_receive[NREADERS=8, NWRITERS=10, CAPACITY=8]" classname="serie1.ex4.FutureTest" time="2.015"/>
  <testcase name="blocking message single dequeue on an initial empty queue[NREADERS=8, NWRITERS=10, CAPACITY=9]" classname="serie1.ex4.FutureTest" time="0.0"/>
  <testcase name="blocking_message_multiple_send_receive[NREADERS=8, NWRITERS=10, CAPACITY=9]" classname="serie1.ex4.FutureTest" time="2.016"/>
  <testcase name="blocking message single dequeue on an initial empty queue[NREADERS=8, NWRITERS=10, CAPACITY=10]" classname="serie1.ex4.FutureTest" time="0.0"/>
  <testcase name="blocking_message_multiple_send_receive[NREADERS=8, NWRITERS=10, CAPACITY=10]" classname="serie1.ex4.FutureTest" time="2.006"/>
  <testcase name="blocking message single dequeue on an initial empty queue[NREADERS=9, NWRITERS=5, CAPACITY=5]" classname="serie1.ex4.FutureTest" time="0.001"/>
  <testcase name="blocking_message_multiple_send_receive[NREADERS=9, NWRITERS=5, CAPACITY=5]" classname="serie1.ex4.FutureTest" time="2.007"/>
  <testcase name="blocking message single dequeue on an initial empty queue[NREADERS=9, NWRITERS=5, CAPACITY=6]" classname="serie1.ex4.FutureTest" time="0.0"/>
  <testcase name="blocking_message_multiple_send_receive[NREADERS=9, NWRITERS=5, CAPACITY=6]" classname="serie1.ex4.FutureTest" time="2.014"/>
  <testcase name="blocking message single dequeue on an initial empty queue[NREADERS=9, NWRITERS=5, CAPACITY=7]" classname="serie1.ex4.FutureTest" time="0.0"/>
  <testcase name="blocking_message_multiple_send_receive[NREADERS=9, NWRITERS=5, CAPACITY=7]" classname="serie1.ex4.FutureTest" time="2.017"/>
  <testcase name="blocking message single dequeue on an initial empty queue[NREADERS=9, NWRITERS=5, CAPACITY=8]" classname="serie1.ex4.FutureTest" time="0.0"/>
  <testcase name="blocking_message_multiple_send_receive[NREADERS=9, NWRITERS=5, CAPACITY=8]" classname="serie1.ex4.FutureTest" time="2.007"/>
  <testcase name="blocking message single dequeue on an initial empty queue[NREADERS=9, NWRITERS=5, CAPACITY=9]" classname="serie1.ex4.FutureTest" time="0.0"/>
  <testcase name="blocking_message_multiple_send_receive[NREADERS=9, NWRITERS=5, CAPACITY=9]" classname="serie1.ex4.FutureTest" time="2.011"/>
  <testcase name="blocking message single dequeue on an initial empty queue[NREADERS=9, NWRITERS=5, CAPACITY=10]" classname="serie1.ex4.FutureTest" time="0.0"/>
  <testcase name="blocking_message_multiple_send_receive[NREADERS=9, NWRITERS=5, CAPACITY=10]" classname="serie1.ex4.FutureTest" time="2.009"/>
  <testcase name="blocking message single dequeue on an initial empty queue[NREADERS=9, NWRITERS=6, CAPACITY=5]" classname="serie1.ex4.FutureTest" time="0.0"/>
  <testcase name="blocking_message_multiple_send_receive[NREADERS=9, NWRITERS=6, CAPACITY=5]" classname="serie1.ex4.FutureTest" time="2.014"/>
  <testcase name="blocking message single dequeue on an initial empty queue[NREADERS=9, NWRITERS=6, CAPACITY=6]" classname="serie1.ex4.FutureTest" time="0.0"/>
  <testcase name="blocking_message_multiple_send_receive[NREADERS=9, NWRITERS=6, CAPACITY=6]" classname="serie1.ex4.FutureTest" time="2.018"/>
  <testcase name="blocking message single dequeue on an initial empty queue[NREADERS=9, NWRITERS=6, CAPACITY=7]" classname="serie1.ex4.FutureTest" time="0.0"/>
  <testcase name="blocking_message_multiple_send_receive[NREADERS=9, NWRITERS=6, CAPACITY=7]" classname="serie1.ex4.FutureTest" time="2.009"/>
  <testcase name="blocking message single dequeue on an initial empty queue[NREADERS=9, NWRITERS=6, CAPACITY=8]" classname="serie1.ex4.FutureTest" time="0.0"/>
  <testcase name="blocking_message_multiple_send_receive[NREADERS=9, NWRITERS=6, CAPACITY=8]" classname="serie1.ex4.FutureTest" time="2.01"/>
  <testcase name="blocking message single dequeue on an initial empty queue[NREADERS=9, NWRITERS=6, CAPACITY=9]" classname="serie1.ex4.FutureTest" time="0.0"/>
  <testcase name="blocking_message_multiple_send_receive[NREADERS=9, NWRITERS=6, CAPACITY=9]" classname="serie1.ex4.FutureTest" time="2.018"/>
  <testcase name="blocking message single dequeue on an initial empty queue[NREADERS=9, NWRITERS=6, CAPACITY=10]" classname="serie1.ex4.FutureTest" time="0.0"/>
  <testcase name="blocking_message_multiple_send_receive[NREADERS=9, NWRITERS=6, CAPACITY=10]" classname="serie1.ex4.FutureTest" time="2.012"/>
  <testcase name="blocking message single dequeue on an initial empty queue[NREADERS=9, NWRITERS=7, CAPACITY=5]" classname="serie1.ex4.FutureTest" time="0.0"/>
  <testcase name="blocking_message_multiple_send_receive[NREADERS=9, NWRITERS=7, CAPACITY=5]" classname="serie1.ex4.FutureTest" time="2.008"/>
  <testcase name="blocking message single dequeue on an initial empty queue[NREADERS=9, NWRITERS=7, CAPACITY=6]" classname="serie1.ex4.FutureTest" time="0.0"/>
  <testcase name="blocking_message_multiple_send_receive[NREADERS=9, NWRITERS=7, CAPACITY=6]" classname="serie1.ex4.FutureTest" time="2.014"/>
  <testcase name="blocking message single dequeue on an initial empty queue[NREADERS=9, NWRITERS=7, CAPACITY=7]" classname="serie1.ex4.FutureTest" time="0.001"/>
  <testcase name="blocking_message_multiple_send_receive[NREADERS=9, NWRITERS=7, CAPACITY=7]" classname="serie1.ex4.FutureTest" time="2.012"/>
  <testcase name="blocking message single dequeue on an initial empty queue[NREADERS=9, NWRITERS=7, CAPACITY=8]" classname="serie1.ex4.FutureTest" time="0.0"/>
  <testcase name="blocking_message_multiple_send_receive[NREADERS=9, NWRITERS=7, CAPACITY=8]" classname="serie1.ex4.FutureTest" time="2.016"/>
  <testcase name="blocking message single dequeue on an initial empty queue[NREADERS=9, NWRITERS=7, CAPACITY=9]" classname="serie1.ex4.FutureTest" time="0.001"/>
  <testcase name="blocking_message_multiple_send_receive[NREADERS=9, NWRITERS=7, CAPACITY=9]" classname="serie1.ex4.FutureTest" time="2.02"/>
  <testcase name="blocking message single dequeue on an initial empty queue[NREADERS=9, NWRITERS=7, CAPACITY=10]" classname="serie1.ex4.FutureTest" time="0.0"/>
  <testcase name="blocking_message_multiple_send_receive[NREADERS=9, NWRITERS=7, CAPACITY=10]" classname="serie1.ex4.FutureTest" time="2.018"/>
  <testcase name="blocking message single dequeue on an initial empty queue[NREADERS=9, NWRITERS=8, CAPACITY=5]" classname="serie1.ex4.FutureTest" time="0.001"/>
  <testcase name="blocking_message_multiple_send_receive[NREADERS=9, NWRITERS=8, CAPACITY=5]" classname="serie1.ex4.FutureTest" time="2.005"/>
  <testcase name="blocking message single dequeue on an initial empty queue[NREADERS=9, NWRITERS=8, CAPACITY=6]" classname="serie1.ex4.FutureTest" time="0.0"/>
  <testcase name="blocking_message_multiple_send_receive[NREADERS=9, NWRITERS=8, CAPACITY=6]" classname="serie1.ex4.FutureTest" time="2.008"/>
  <testcase name="blocking message single dequeue on an initial empty queue[NREADERS=9, NWRITERS=8, CAPACITY=7]" classname="serie1.ex4.FutureTest" time="0.0"/>
  <testcase name="blocking_message_multiple_send_receive[NREADERS=9, NWRITERS=8, CAPACITY=7]" classname="serie1.ex4.FutureTest" time="2.008"/>
  <testcase name="blocking message single dequeue on an initial empty queue[NREADERS=9, NWRITERS=8, CAPACITY=8]" classname="serie1.ex4.FutureTest" time="0.0"/>
  <testcase name="blocking_message_multiple_send_receive[NREADERS=9, NWRITERS=8, CAPACITY=8]" classname="serie1.ex4.FutureTest" time="2.011"/>
  <testcase name="blocking message single dequeue on an initial empty queue[NREADERS=9, NWRITERS=8, CAPACITY=9]" classname="serie1.ex4.FutureTest" time="0.001"/>
  <testcase name="blocking_message_multiple_send_receive[NREADERS=9, NWRITERS=8, CAPACITY=9]" classname="serie1.ex4.FutureTest" time="2.015"/>
  <testcase name="blocking message single dequeue on an initial empty queue[NREADERS=9, NWRITERS=8, CAPACITY=10]" classname="serie1.ex4.FutureTest" time="0.0"/>
  <testcase name="blocking_message_multiple_send_receive[NREADERS=9, NWRITERS=8, CAPACITY=10]" classname="serie1.ex4.FutureTest" time="2.007"/>
  <testcase name="blocking message single dequeue on an initial empty queue[NREADERS=9, NWRITERS=9, CAPACITY=5]" classname="serie1.ex4.FutureTest" time="0.0"/>
  <testcase name="blocking_message_multiple_send_receive[NREADERS=9, NWRITERS=9, CAPACITY=5]" classname="serie1.ex4.FutureTest" time="2.015"/>
  <testcase name="blocking message single dequeue on an initial empty queue[NREADERS=9, NWRITERS=9, CAPACITY=6]" classname="serie1.ex4.FutureTest" time="0.0"/>
  <testcase name="blocking_message_multiple_send_receive[NREADERS=9, NWRITERS=9, CAPACITY=6]" classname="serie1.ex4.FutureTest" time="2.014"/>
  <testcase name="blocking message single dequeue on an initial empty queue[NREADERS=9, NWRITERS=9, CAPACITY=7]" classname="serie1.ex4.FutureTest" time="0.001"/>
  <testcase name="blocking_message_multiple_send_receive[NREADERS=9, NWRITERS=9, CAPACITY=7]" classname="serie1.ex4.FutureTest" time="2.015"/>
  <testcase name="blocking message single dequeue on an initial empty queue[NREADERS=9, NWRITERS=9, CAPACITY=8]" classname="serie1.ex4.FutureTest" time="0.0"/>
  <testcase name="blocking_message_multiple_send_receive[NREADERS=9, NWRITERS=9, CAPACITY=8]" classname="serie1.ex4.FutureTest" time="2.017"/>
  <testcase name="blocking message single dequeue on an initial empty queue[NREADERS=9, NWRITERS=9, CAPACITY=9]" classname="serie1.ex4.FutureTest" time="0.001"/>
  <testcase name="blocking_message_multiple_send_receive[NREADERS=9, NWRITERS=9, CAPACITY=9]" classname="serie1.ex4.FutureTest" time="2.016"/>
  <testcase name="blocking message single dequeue on an initial empty queue[NREADERS=9, NWRITERS=9, CAPACITY=10]" classname="serie1.ex4.FutureTest" time="0.0"/>
  <testcase name="blocking_message_multiple_send_receive[NREADERS=9, NWRITERS=9, CAPACITY=10]" classname="serie1.ex4.FutureTest" time="2.007"/>
  <testcase name="blocking message single dequeue on an initial empty queue[NREADERS=9, NWRITERS=10, CAPACITY=5]" classname="serie1.ex4.FutureTest" time="0.0"/>
  <testcase name="blocking_message_multiple_send_receive[NREADERS=9, NWRITERS=10, CAPACITY=5]" classname="serie1.ex4.FutureTest" time="2.017"/>
  <testcase name="blocking message single dequeue on an initial empty queue[NREADERS=9, NWRITERS=10, CAPACITY=6]" classname="serie1.ex4.FutureTest" time="0.0"/>
  <testcase name="blocking_message_multiple_send_receive[NREADERS=9, NWRITERS=10, CAPACITY=6]" classname="serie1.ex4.FutureTest" time="2.018"/>
  <testcase name="blocking message single dequeue on an initial empty queue[NREADERS=9, NWRITERS=10, CAPACITY=7]" classname="serie1.ex4.FutureTest" time="0.001"/>
  <testcase name="blocking_message_multiple_send_receive[NREADERS=9, NWRITERS=10, CAPACITY=7]" classname="serie1.ex4.FutureTest" time="2.01"/>
  <testcase name="blocking message single dequeue on an initial empty queue[NREADERS=9, NWRITERS=10, CAPACITY=8]" classname="serie1.ex4.FutureTest" time="0.0"/>
  <testcase name="blocking_message_multiple_send_receive[NREADERS=9, NWRITERS=10, CAPACITY=8]" classname="serie1.ex4.FutureTest" time="2.014"/>
  <testcase name="blocking message single dequeue on an initial empty queue[NREADERS=9, NWRITERS=10, CAPACITY=9]" classname="serie1.ex4.FutureTest" time="0.0"/>
  <testcase name="blocking_message_multiple_send_receive[NREADERS=9, NWRITERS=10, CAPACITY=9]" classname="serie1.ex4.FutureTest" time="2.009"/>
  <testcase name="blocking message single dequeue on an initial empty queue[NREADERS=9, NWRITERS=10, CAPACITY=10]" classname="serie1.ex4.FutureTest" time="0.0"/>
  <testcase name="blocking_message_multiple_send_receive[NREADERS=9, NWRITERS=10, CAPACITY=10]" classname="serie1.ex4.FutureTest" time="2.013"/>
  <testcase name="blocking message single dequeue on an initial empty queue[NREADERS=10, NWRITERS=5, CAPACITY=5]" classname="serie1.ex4.FutureTest" time="0.0"/>
  <testcase name="blocking_message_multiple_send_receive[NREADERS=10, NWRITERS=5, CAPACITY=5]" classname="serie1.ex4.FutureTest" time="2.015"/>
  <testcase name="blocking message single dequeue on an initial empty queue[NREADERS=10, NWRITERS=5, CAPACITY=6]" classname="serie1.ex4.FutureTest" time="0.0"/>
  <testcase name="blocking_message_multiple_send_receive[NREADERS=10, NWRITERS=5, CAPACITY=6]" classname="serie1.ex4.FutureTest" time="2.014"/>
  <testcase name="blocking message single dequeue on an initial empty queue[NREADERS=10, NWRITERS=5, CAPACITY=7]" classname="serie1.ex4.FutureTest" time="0.0"/>
  <testcase name="blocking_message_multiple_send_receive[NREADERS=10, NWRITERS=5, CAPACITY=7]" classname="serie1.ex4.FutureTest" time="2.006"/>
  <testcase name="blocking message single dequeue on an initial empty queue[NREADERS=10, NWRITERS=5, CAPACITY=8]" classname="serie1.ex4.FutureTest" time="0.0"/>
  <testcase name="blocking_message_multiple_send_receive[NREADERS=10, NWRITERS=5, CAPACITY=8]" classname="serie1.ex4.FutureTest" time="2.014"/>
  <testcase name="blocking message single dequeue on an initial empty queue[NREADERS=10, NWRITERS=5, CAPACITY=9]" classname="serie1.ex4.FutureTest" time="0.001"/>
  <testcase name="blocking_message_multiple_send_receive[NREADERS=10, NWRITERS=5, CAPACITY=9]" classname="serie1.ex4.FutureTest" time="2.015"/>
  <testcase name="blocking message single dequeue on an initial empty queue[NREADERS=10, NWRITERS=5, CAPACITY=10]" classname="serie1.ex4.FutureTest" time="0.0"/>
  <testcase name="blocking_message_multiple_send_receive[NREADERS=10, NWRITERS=5, CAPACITY=10]" classname="serie1.ex4.FutureTest" time="2.011"/>
  <testcase name="blocking message single dequeue on an initial empty queue[NREADERS=10, NWRITERS=6, CAPACITY=5]" classname="serie1.ex4.FutureTest" time="0.0"/>
  <testcase name="blocking_message_multiple_send_receive[NREADERS=10, NWRITERS=6, CAPACITY=5]" classname="serie1.ex4.FutureTest" time="2.017"/>
  <testcase name="blocking message single dequeue on an initial empty queue[NREADERS=10, NWRITERS=6, CAPACITY=6]" classname="serie1.ex4.FutureTest" time="0.0"/>
  <testcase name="blocking_message_multiple_send_receive[NREADERS=10, NWRITERS=6, CAPACITY=6]" classname="serie1.ex4.FutureTest" time="2.016"/>
  <testcase name="blocking message single dequeue on an initial empty queue[NREADERS=10, NWRITERS=6, CAPACITY=7]" classname="serie1.ex4.FutureTest" time="0.0"/>
  <testcase name="blocking_message_multiple_send_receive[NREADERS=10, NWRITERS=6, CAPACITY=7]" classname="serie1.ex4.FutureTest" time="2.019"/>
  <testcase name="blocking message single dequeue on an initial empty queue[NREADERS=10, NWRITERS=6, CAPACITY=8]" classname="serie1.ex4.FutureTest" time="0.0"/>
  <testcase name="blocking_message_multiple_send_receive[NREADERS=10, NWRITERS=6, CAPACITY=8]" classname="serie1.ex4.FutureTest" time="2.014"/>
  <testcase name="blocking message single dequeue on an initial empty queue[NREADERS=10, NWRITERS=6, CAPACITY=9]" classname="serie1.ex4.FutureTest" time="0.0"/>
  <testcase name="blocking_message_multiple_send_receive[NREADERS=10, NWRITERS=6, CAPACITY=9]" classname="serie1.ex4.FutureTest" time="2.02"/>
  <testcase name="blocking message single dequeue on an initial empty queue[NREADERS=10, NWRITERS=6, CAPACITY=10]" classname="serie1.ex4.FutureTest" time="0.0"/>
  <testcase name="blocking_message_multiple_send_receive[NREADERS=10, NWRITERS=6, CAPACITY=10]" classname="serie1.ex4.FutureTest" time="2.018"/>
  <testcase name="blocking message single dequeue on an initial empty queue[NREADERS=10, NWRITERS=7, CAPACITY=5]" classname="serie1.ex4.FutureTest" time="0.001"/>
  <testcase name="blocking_message_multiple_send_receive[NREADERS=10, NWRITERS=7, CAPACITY=5]" classname="serie1.ex4.FutureTest" time="2.006"/>
  <testcase name="blocking message single dequeue on an initial empty queue[NREADERS=10, NWRITERS=7, CAPACITY=6]" classname="serie1.ex4.FutureTest" time="0.0"/>
  <testcase name="blocking_message_multiple_send_receive[NREADERS=10, NWRITERS=7, CAPACITY=6]" classname="serie1.ex4.FutureTest" time="2.015"/>
  <testcase name="blocking message single dequeue on an initial empty queue[NREADERS=10, NWRITERS=7, CAPACITY=7]" classname="serie1.ex4.FutureTest" time="0.0"/>
  <testcase name="blocking_message_multiple_send_receive[NREADERS=10, NWRITERS=7, CAPACITY=7]" classname="serie1.ex4.FutureTest" time="2.021"/>
  <testcase name="blocking message single dequeue on an initial empty queue[NREADERS=10, NWRITERS=7, CAPACITY=8]" classname="serie1.ex4.FutureTest" time="0.0"/>
  <testcase name="blocking_message_multiple_send_receive[NREADERS=10, NWRITERS=7, CAPACITY=8]" classname="serie1.ex4.FutureTest" time="2.019"/>
  <testcase name="blocking message single dequeue on an initial empty queue[NREADERS=10, NWRITERS=7, CAPACITY=9]" classname="serie1.ex4.FutureTest" time="0.001"/>
  <testcase name="blocking_message_multiple_send_receive[NREADERS=10, NWRITERS=7, CAPACITY=9]" classname="serie1.ex4.FutureTest" time="2.016"/>
  <testcase name="blocking message single dequeue on an initial empty queue[NREADERS=10, NWRITERS=7, CAPACITY=10]" classname="serie1.ex4.FutureTest" time="0.0"/>
  <testcase name="blocking_message_multiple_send_receive[NREADERS=10, NWRITERS=7, CAPACITY=10]" classname="serie1.ex4.FutureTest" time="2.019"/>
  <testcase name="blocking message single dequeue on an initial empty queue[NREADERS=10, NWRITERS=8, CAPACITY=5]" classname="serie1.ex4.FutureTest" time="0.0"/>
  <testcase name="blocking_message_multiple_send_receive[NREADERS=10, NWRITERS=8, CAPACITY=5]" classname="serie1.ex4.FutureTest" time="2.021"/>
  <testcase name="blocking message single dequeue on an initial empty queue[NREADERS=10, NWRITERS=8, CAPACITY=6]" classname="serie1.ex4.FutureTest" time="0.0"/>
  <testcase name="blocking_message_multiple_send_receive[NREADERS=10, NWRITERS=8, CAPACITY=6]" classname="serie1.ex4.FutureTest" time="2.006"/>
  <testcase name="blocking message single dequeue on an initial empty queue[NREADERS=10, NWRITERS=8, CAPACITY=7]" classname="serie1.ex4.FutureTest" time="0.001"/>
  <testcase name="blocking_message_multiple_send_receive[NREADERS=10, NWRITERS=8, CAPACITY=7]" classname="serie1.ex4.FutureTest" time="2.007"/>
  <testcase name="blocking message single dequeue on an initial empty queue[NREADERS=10, NWRITERS=8, CAPACITY=8]" classname="serie1.ex4.FutureTest" time="0.0"/>
  <testcase name="blocking_message_multiple_send_receive[NREADERS=10, NWRITERS=8, CAPACITY=8]" classname="serie1.ex4.FutureTest" time="2.012"/>
  <testcase name="blocking message single dequeue on an initial empty queue[NREADERS=10, NWRITERS=8, CAPACITY=9]" classname="serie1.ex4.FutureTest" time="0.0"/>
  <testcase name="blocking_message_multiple_send_receive[NREADERS=10, NWRITERS=8, CAPACITY=9]" classname="serie1.ex4.FutureTest" time="2.013"/>
  <testcase name="blocking message single dequeue on an initial empty queue[NREADERS=10, NWRITERS=8, CAPACITY=10]" classname="serie1.ex4.FutureTest" time="0.0"/>
  <testcase name="blocking_message_multiple_send_receive[NREADERS=10, NWRITERS=8, CAPACITY=10]" classname="serie1.ex4.FutureTest" time="2.016"/>
  <testcase name="blocking message single dequeue on an initial empty queue[NREADERS=10, NWRITERS=9, CAPACITY=5]" classname="serie1.ex4.FutureTest" time="0.001"/>
  <testcase name="blocking_message_multiple_send_receive[NREADERS=10, NWRITERS=9, CAPACITY=5]" classname="serie1.ex4.FutureTest" time="2.013"/>
  <testcase name="blocking message single dequeue on an initial empty queue[NREADERS=10, NWRITERS=9, CAPACITY=6]" classname="serie1.ex4.FutureTest" time="0.0"/>
  <testcase name="blocking_message_multiple_send_receive[NREADERS=10, NWRITERS=9, CAPACITY=6]" classname="serie1.ex4.FutureTest" time="2.01"/>
  <testcase name="blocking message single dequeue on an initial empty queue[NREADERS=10, NWRITERS=9, CAPACITY=7]" classname="serie1.ex4.FutureTest" time="0.0"/>
  <testcase name="blocking_message_multiple_send_receive[NREADERS=10, NWRITERS=9, CAPACITY=7]" classname="serie1.ex4.FutureTest" time="2.011"/>
  <testcase name="blocking message single dequeue on an initial empty queue[NREADERS=10, NWRITERS=9, CAPACITY=8]" classname="serie1.ex4.FutureTest" time="0.0"/>
  <testcase name="blocking_message_multiple_send_receive[NREADERS=10, NWRITERS=9, CAPACITY=8]" classname="serie1.ex4.FutureTest" time="2.007"/>
  <testcase name="blocking message single dequeue on an initial empty queue[NREADERS=10, NWRITERS=9, CAPACITY=9]" classname="serie1.ex4.FutureTest" time="0.0"/>
  <testcase name="blocking_message_multiple_send_receive[NREADERS=10, NWRITERS=9, CAPACITY=9]" classname="serie1.ex4.FutureTest" time="2.012"/>
  <testcase name="blocking message single dequeue on an initial empty queue[NREADERS=10, NWRITERS=9, CAPACITY=10]" classname="serie1.ex4.FutureTest" time="0.0"/>
  <testcase name="blocking_message_multiple_send_receive[NREADERS=10, NWRITERS=9, CAPACITY=10]" classname="serie1.ex4.FutureTest" time="2.006"/>
  <testcase name="blocking message single dequeue on an initial empty queue[NREADERS=10, NWRITERS=10, CAPACITY=5]" classname="serie1.ex4.FutureTest" time="0.001"/>
  <testcase name="blocking_message_multiple_send_receive[NREADERS=10, NWRITERS=10, CAPACITY=5]" classname="serie1.ex4.FutureTest" time="2.023"/>
  <testcase name="blocking message single dequeue on an initial empty queue[NREADERS=10, NWRITERS=10, CAPACITY=6]" classname="serie1.ex4.FutureTest" time="0.0"/>
  <testcase name="blocking_message_multiple_send_receive[NREADERS=10, NWRITERS=10, CAPACITY=6]" classname="serie1.ex4.FutureTest" time="2.008"/>
  <testcase name="blocking message single dequeue on an initial empty queue[NREADERS=10, NWRITERS=10, CAPACITY=7]" classname="serie1.ex4.FutureTest" time="0.0"/>
  <testcase name="blocking_message_multiple_send_receive[NREADERS=10, NWRITERS=10, CAPACITY=7]" classname="serie1.ex4.FutureTest" time="2.015"/>
  <testcase name="blocking message single dequeue on an initial empty queue[NREADERS=10, NWRITERS=10, CAPACITY=8]" classname="serie1.ex4.FutureTest" time="0.0"/>
  <testcase name="blocking_message_multiple_send_receive[NREADERS=10, NWRITERS=10, CAPACITY=8]" classname="serie1.ex4.FutureTest" time="2.017"/>
  <testcase name="blocking message single dequeue on an initial empty queue[NREADERS=10, NWRITERS=10, CAPACITY=9]" classname="serie1.ex4.FutureTest" time="0.001"/>
  <testcase name="blocking_message_multiple_send_receive[NREADERS=10, NWRITERS=10, CAPACITY=9]" classname="serie1.ex4.FutureTest" time="2.007"/>
  <testcase name="blocking message single dequeue on an initial empty queue[NREADERS=10, NWRITERS=10, CAPACITY=10]" classname="serie1.ex4.FutureTest" time="0.0"/>
  <testcase name="blocking_message_multiple_send_receive[NREADERS=10, NWRITERS=10, CAPACITY=10]" classname="serie1.ex4.FutureTest" time="2.019"/>
  <system-out><![CDATA[[6, 10, 9, 8, 5, 4, 7, 20, 11, 19, 18, 13, 3, 14, 15, 16, 17, 12, 1, 2]
[10, 9, 8, 5, 4, 7, 20, 11, 19, 18, 13, 3, 14, 15, 16, 17, 12, 1, 2]
[9, 8, 5, 4, 7, 20, 11, 19, 18, 13, 3, 14, 15, 16, 17, 12, 1, 2]
[8, 5, 4, 7, 20, 11, 19, 18, 13, 3, 14, 15, 16, 17, 12, 1, 2]
[5, 4, 7, 20, 11, 19, 18, 13, 3, 14, 15, 16, 17, 12, 1, 2]
[4, 7, 20, 11, 19, 18, 13, 3, 14, 15, 16, 17, 12, 1, 2]
[7, 20, 11, 19, 18, 13, 3, 14, 15, 16, 17, 12, 1, 2]
[20, 11, 19, 18, 13, 3, 14, 15, 16, 17, 12, 1, 2]
[11, 19, 18, 13, 3, 14, 15, 16, 17, 12, 1, 2]
[19, 18, 13, 3, 14, 15, 16, 17, 12, 1, 2]
[18, 13, 3, 14, 15, 16, 17, 12, 1, 2]
[13, 3, 14, 15, 16, 17, 12, 1, 2]
[3, 14, 15, 16, 17, 12, 1, 2]
[14, 15, 16, 17, 12, 1, 2]
[15, 16, 17, 12, 1, 2]
[16, 17, 12, 1, 2]
[17, 12, 1, 2]
[12, 1, 2]
[1, 2]
[2]
[6, 4, 9, 5, 7, 18, 19, 20, 11, 12, 13, 1, 2, 10, 14, 15, 16, 17, 8, 3]
[4, 9, 5, 7, 18, 19, 20, 11, 12, 13, 1, 2, 10, 14, 15, 16, 17, 8, 3]
[9, 5, 7, 18, 19, 20, 11, 12, 13, 1, 2, 10, 14, 15, 16, 17, 8, 3]
[5, 7, 18, 19, 20, 11, 12, 13, 1, 2, 10, 14, 15, 16, 17, 8, 3]
[7, 18, 19, 20, 11, 12, 13, 1, 2, 10, 14, 15, 16, 17, 8, 3]
[18, 19, 20, 11, 12, 13, 1, 2, 10, 14, 15, 16, 17, 8, 3]
[19, 20, 11, 12, 13, 1, 2, 10, 14, 15, 16, 17, 8, 3]
[20, 11, 12, 13, 1, 2, 10, 14, 15, 16, 17, 8, 3]
[11, 12, 13, 1, 2, 10, 14, 15, 16, 17, 8, 3]
[12, 13, 1, 2, 10, 14, 15, 16, 17, 8, 3]
[13, 1, 2, 10, 14, 15, 16, 17, 8, 3]
[1, 2, 10, 14, 15, 16, 17, 8, 3]
[2, 10, 14, 15, 16, 17, 8, 3]
[10, 14, 15, 16, 17, 8, 3]
[14, 15, 16, 17, 8, 3]
[15, 16, 17, 8, 3]
[16, 17, 8, 3]
[17, 8, 3]
[8, 3]
[3]
[5, 6, 7, 8, 4, 10, 11, 9, 2, 3, 18, 19, 20, 14, 15, 16, 17, 12, 1, 13]
[6, 7, 8, 4, 10, 11, 9, 2, 3, 18, 19, 20, 14, 15, 16, 17, 12, 1, 13]
[7, 8, 4, 10, 11, 9, 2, 3, 18, 19, 20, 14, 15, 16, 17, 12, 1, 13]
[8, 4, 10, 11, 9, 2, 3, 18, 19, 20, 14, 15, 16, 17, 12, 1, 13]
[4, 10, 11, 9, 2, 3, 18, 19, 20, 14, 15, 16, 17, 12, 1, 13]
[10, 11, 9, 2, 3, 18, 19, 20, 14, 15, 16, 17, 12, 1, 13]
[11, 9, 2, 3, 18, 19, 20, 14, 15, 16, 17, 12, 1, 13]
[9, 2, 3, 18, 19, 20, 14, 15, 16, 17, 12, 1, 13]
[2, 3, 18, 19, 20, 14, 15, 16, 17, 12, 1, 13]
[3, 18, 19, 20, 14, 15, 16, 17, 12, 1, 13]
[18, 19, 20, 14, 15, 16, 17, 12, 1, 13]
[19, 20, 14, 15, 16, 17, 12, 1, 13]
[20, 14, 15, 16, 17, 12, 1, 13]
[14, 15, 16, 17, 12, 1, 13]
[15, 16, 17, 12, 1, 13]
[16, 17, 12, 1, 13]
[17, 12, 1, 13]
[12, 1, 13]
[1, 13]
[13]
[1, 2, 3, 4, 5, 6, 19, 18, 20, 17, 11, 14, 13, 16, 8, 9, 10, 7, 12, 15]
[2, 3, 4, 5, 6, 19, 18, 20, 17, 11, 14, 13, 16, 8, 9, 10, 7, 12, 15]
[3, 4, 5, 6, 19, 18, 20, 17, 11, 14, 13, 16, 8, 9, 10, 7, 12, 15]
[4, 5, 6, 19, 18, 20, 17, 11, 14, 13, 16, 8, 9, 10, 7, 12, 15]
[5, 6, 19, 18, 20, 17, 11, 14, 13, 16, 8, 9, 10, 7, 12, 15]
[6, 19, 18, 20, 17, 11, 14, 13, 16, 8, 9, 10, 7, 12, 15]
[19, 18, 20, 17, 11, 14, 13, 16, 8, 9, 10, 7, 12, 15]
[18, 20, 17, 11, 14, 13, 16, 8, 9, 10, 7, 12, 15]
[20, 17, 11, 14, 13, 16, 8, 9, 10, 7, 12, 15]
[17, 11, 14, 13, 16, 8, 9, 10, 7, 12, 15]
[11, 14, 13, 16, 8, 9, 10, 7, 12, 15]
[14, 13, 16, 8, 9, 10, 7, 12, 15]
[13, 16, 8, 9, 10, 7, 12, 15]
[16, 8, 9, 10, 7, 12, 15]
[8, 9, 10, 7, 12, 15]
[9, 10, 7, 12, 15]
[10, 7, 12, 15]
[7, 12, 15]
[12, 15]
[15]
[1, 2, 6, 9, 10, 18, 3, 20, 4, 5, 11, 12, 13, 14, 15, 8, 16, 17, 7, 19]
[2, 6, 9, 10, 18, 3, 20, 4, 5, 11, 12, 13, 14, 15, 8, 16, 17, 7, 19]
[6, 9, 10, 18, 3, 20, 4, 5, 11, 12, 13, 14, 15, 8, 16, 17, 7, 19]
[9, 10, 18, 3, 20, 4, 5, 11, 12, 13, 14, 15, 8, 16, 17, 7, 19]
[10, 18, 3, 20, 4, 5, 11, 12, 13, 14, 15, 8, 16, 17, 7, 19]
[18, 3, 20, 4, 5, 11, 12, 13, 14, 15, 8, 16, 17, 7, 19]
[3, 20, 4, 5, 11, 12, 13, 14, 15, 8, 16, 17, 7, 19]
[20, 4, 5, 11, 12, 13, 14, 15, 8, 16, 17, 7, 19]
[4, 5, 11, 12, 13, 14, 15, 8, 16, 17, 7, 19]
[5, 11, 12, 13, 14, 15, 8, 16, 17, 7, 19]
[11, 12, 13, 14, 15, 8, 16, 17, 7, 19]
[12, 13, 14, 15, 8, 16, 17, 7, 19]
[13, 14, 15, 8, 16, 17, 7, 19]
[14, 15, 8, 16, 17, 7, 19]
[15, 8, 16, 17, 7, 19]
[8, 16, 17, 7, 19]
[16, 17, 7, 19]
[17, 7, 19]
[7, 19]
[19]
serie1.Ex4.BlockingMessageQueueFuture$MyFuture@74b7c3c6
[7, 8, 10, 9, 2, 3, 1, 15, 14, 17, 16, 20, 6, 5, 11, 12, 4, 13, 19, 18]
[8, 10, 9, 2, 3, 1, 15, 14, 17, 16, 20, 6, 5, 11, 12, 4, 13, 19, 18]
[10, 9, 2, 3, 1, 15, 14, 17, 16, 20, 6, 5, 11, 12, 4, 13, 19, 18]
[9, 2, 3, 1, 15, 14, 17, 16, 20, 6, 5, 11, 12, 4, 13, 19, 18]
[2, 3, 1, 15, 14, 17, 16, 20, 6, 5, 11, 12, 4, 13, 19, 18]
[3, 1, 15, 14, 17, 16, 20, 6, 5, 11, 12, 4, 13, 19, 18]
[1, 15, 14, 17, 16, 20, 6, 5, 11, 12, 4, 13, 19, 18]
[15, 14, 17, 16, 20, 6, 5, 11, 12, 4, 13, 19, 18]
[14, 17, 16, 20, 6, 5, 11, 12, 4, 13, 19, 18]
[17, 16, 20, 6, 5, 11, 12, 4, 13, 19, 18]
[16, 20, 6, 5, 11, 12, 4, 13, 19, 18]
[20, 6, 5, 11, 12, 4, 13, 19, 18]
[6, 5, 11, 12, 4, 13, 19, 18]
[5, 11, 12, 4, 13, 19, 18]
[11, 12, 4, 13, 19, 18]
[12, 4, 13, 19, 18]
[4, 13, 19, 18]
[13, 19, 18]
[19, 18]
[18]
[2, 1, 11, 13, 5, 18, 6, 20, 14, 15, 3, 17, 7, 8, 9, 16, 10, 19, 4, 12]
[1, 11, 13, 5, 18, 6, 20, 14, 15, 3, 17, 7, 8, 9, 16, 10, 19, 4, 12]
[11, 13, 5, 18, 6, 20, 14, 15, 3, 17, 7, 8, 9, 16, 10, 19, 4, 12]
[13, 5, 18, 6, 20, 14, 15, 3, 17, 7, 8, 9, 16, 10, 19, 4, 12]
[5, 18, 6, 20, 14, 15, 3, 17, 7, 8, 9, 16, 10, 19, 4, 12]
[18, 6, 20, 14, 15, 3, 17, 7, 8, 9, 16, 10, 19, 4, 12]
[6, 20, 14, 15, 3, 17, 7, 8, 9, 16, 10, 19, 4, 12]
[20, 14, 15, 3, 17, 7, 8, 9, 16, 10, 19, 4, 12]
[14, 15, 3, 17, 7, 8, 9, 16, 10, 19, 4, 12]
[15, 3, 17, 7, 8, 9, 16, 10, 19, 4, 12]
[3, 17, 7, 8, 9, 16, 10, 19, 4, 12]
[17, 7, 8, 9, 16, 10, 19, 4, 12]
[7, 8, 9, 16, 10, 19, 4, 12]
[8, 9, 16, 10, 19, 4, 12]
[9, 16, 10, 19, 4, 12]
[16, 10, 19, 4, 12]
[10, 19, 4, 12]
[19, 4, 12]
[4, 12]
[12]
[4, 1, 2, 6, 5, 8, 7, 18, 10, 3, 9, 11, 12, 13, 14, 15, 16, 17, 20, 19]
[1, 2, 6, 5, 8, 7, 18, 10, 3, 9, 11, 12, 13, 14, 15, 16, 17, 20, 19]
[2, 6, 5, 8, 7, 18, 10, 3, 9, 11, 12, 13, 14, 15, 16, 17, 20, 19]
[6, 5, 8, 7, 18, 10, 3, 9, 11, 12, 13, 14, 15, 16, 17, 20, 19]
[5, 8, 7, 18, 10, 3, 9, 11, 12, 13, 14, 15, 16, 17, 20, 19]
[8, 7, 18, 10, 3, 9, 11, 12, 13, 14, 15, 16, 17, 20, 19]
[7, 18, 10, 3, 9, 11, 12, 13, 14, 15, 16, 17, 20, 19]
[18, 10, 3, 9, 11, 12, 13, 14, 15, 16, 17, 20, 19]
[10, 3, 9, 11, 12, 13, 14, 15, 16, 17, 20, 19]
[3, 9, 11, 12, 13, 14, 15, 16, 17, 20, 19]
[9, 11, 12, 13, 14, 15, 16, 17, 20, 19]
[11, 12, 13, 14, 15, 16, 17, 20, 19]
[12, 13, 14, 15, 16, 17, 20, 19]
[13, 14, 15, 16, 17, 20, 19]
[14, 15, 16, 17, 20, 19]
[15, 16, 17, 20, 19]
[16, 17, 20, 19]
[17, 20, 19]
[20, 19]
[19]
[7, 8, 9, 10, 11, 12, 13, 6, 19, 20, 4, 5, 1, 18, 2, 3, 14, 15, 16, 17]
[8, 9, 10, 11, 12, 13, 6, 19, 20, 4, 5, 1, 18, 2, 3, 14, 15, 16, 17]
[9, 10, 11, 12, 13, 6, 19, 20, 4, 5, 1, 18, 2, 3, 14, 15, 16, 17]
[10, 11, 12, 13, 6, 19, 20, 4, 5, 1, 18, 2, 3, 14, 15, 16, 17]
[11, 12, 13, 6, 19, 20, 4, 5, 1, 18, 2, 3, 14, 15, 16, 17]
[12, 13, 6, 19, 20, 4, 5, 1, 18, 2, 3, 14, 15, 16, 17]
[13, 6, 19, 20, 4, 5, 1, 18, 2, 3, 14, 15, 16, 17]
[6, 19, 20, 4, 5, 1, 18, 2, 3, 14, 15, 16, 17]
[19, 20, 4, 5, 1, 18, 2, 3, 14, 15, 16, 17]
[20, 4, 5, 1, 18, 2, 3, 14, 15, 16, 17]
[4, 5, 1, 18, 2, 3, 14, 15, 16, 17]
[5, 1, 18, 2, 3, 14, 15, 16, 17]
[1, 18, 2, 3, 14, 15, 16, 17]
[18, 2, 3, 14, 15, 16, 17]
[2, 3, 14, 15, 16, 17]
[3, 14, 15, 16, 17]
[14, 15, 16, 17]
[15, 16, 17]
[16, 17]
[17]
[1, 3, 4, 5, 18, 2, 19, 20, 11, 12, 13, 6, 7, 8, 9, 14, 15, 16, 17, 10]
[3, 4, 5, 18, 2, 19, 20, 11, 12, 13, 6, 7, 8, 9, 14, 15, 16, 17, 10]
[4, 5, 18, 2, 19, 20, 11, 12, 13, 6, 7, 8, 9, 14, 15, 16, 17, 10]
[5, 18, 2, 19, 20, 11, 12, 13, 6, 7, 8, 9, 14, 15, 16, 17, 10]
[18, 2, 19, 20, 11, 12, 13, 6, 7, 8, 9, 14, 15, 16, 17, 10]
[2, 19, 20, 11, 12, 13, 6, 7, 8, 9, 14, 15, 16, 17, 10]
[19, 20, 11, 12, 13, 6, 7, 8, 9, 14, 15, 16, 17, 10]
[20, 11, 12, 13, 6, 7, 8, 9, 14, 15, 16, 17, 10]
[11, 12, 13, 6, 7, 8, 9, 14, 15, 16, 17, 10]
[12, 13, 6, 7, 8, 9, 14, 15, 16, 17, 10]
[13, 6, 7, 8, 9, 14, 15, 16, 17, 10]
[6, 7, 8, 9, 14, 15, 16, 17, 10]
[7, 8, 9, 14, 15, 16, 17, 10]
[8, 9, 14, 15, 16, 17, 10]
[9, 14, 15, 16, 17, 10]
[14, 15, 16, 17, 10]
[15, 16, 17, 10]
[16, 17, 10]
[17, 10]
[10]
serie1.Ex4.BlockingMessageQueueFuture$MyFuture@5fce14ac
[5, 4, 1, 7, 8, 9, 10, 6, 11, 12, 13, 14, 15, 16, 17, 19, 20, 18, 3, 2]
[4, 1, 7, 8, 9, 10, 6, 11, 12, 13, 14, 15, 16, 17, 19, 20, 18, 3, 2]
[1, 7, 8, 9, 10, 6, 11, 12, 13, 14, 15, 16, 17, 19, 20, 18, 3, 2]
[7, 8, 9, 10, 6, 11, 12, 13, 14, 15, 16, 17, 19, 20, 18, 3, 2]
[8, 9, 10, 6, 11, 12, 13, 14, 15, 16, 17, 19, 20, 18, 3, 2]
[9, 10, 6, 11, 12, 13, 14, 15, 16, 17, 19, 20, 18, 3, 2]
[10, 6, 11, 12, 13, 14, 15, 16, 17, 19, 20, 18, 3, 2]
[6, 11, 12, 13, 14, 15, 16, 17, 19, 20, 18, 3, 2]
[11, 12, 13, 14, 15, 16, 17, 19, 20, 18, 3, 2]
[12, 13, 14, 15, 16, 17, 19, 20, 18, 3, 2]
[13, 14, 15, 16, 17, 19, 20, 18, 3, 2]
[14, 15, 16, 17, 19, 20, 18, 3, 2]
[15, 16, 17, 19, 20, 18, 3, 2]
[16, 17, 19, 20, 18, 3, 2]
[17, 19, 20, 18, 3, 2]
[19, 20, 18, 3, 2]
[20, 18, 3, 2]
[18, 3, 2]
[3, 2]
[2]
[5, 6, 8, 9, 10, 11, 12, 13, 18, 19, 20, 14, 7, 16, 17, 1, 4, 3, 2, 15]
[6, 8, 9, 10, 11, 12, 13, 18, 19, 20, 14, 7, 16, 17, 1, 4, 3, 2, 15]
[8, 9, 10, 11, 12, 13, 18, 19, 20, 14, 7, 16, 17, 1, 4, 3, 2, 15]
[9, 10, 11, 12, 13, 18, 19, 20, 14, 7, 16, 17, 1, 4, 3, 2, 15]
[10, 11, 12, 13, 18, 19, 20, 14, 7, 16, 17, 1, 4, 3, 2, 15]
[11, 12, 13, 18, 19, 20, 14, 7, 16, 17, 1, 4, 3, 2, 15]
[12, 13, 18, 19, 20, 14, 7, 16, 17, 1, 4, 3, 2, 15]
[13, 18, 19, 20, 14, 7, 16, 17, 1, 4, 3, 2, 15]
[18, 19, 20, 14, 7, 16, 17, 1, 4, 3, 2, 15]
[19, 20, 14, 7, 16, 17, 1, 4, 3, 2, 15]
[20, 14, 7, 16, 17, 1, 4, 3, 2, 15]
[14, 7, 16, 17, 1, 4, 3, 2, 15]
[7, 16, 17, 1, 4, 3, 2, 15]
[16, 17, 1, 4, 3, 2, 15]
[17, 1, 4, 3, 2, 15]
[1, 4, 3, 2, 15]
[4, 3, 2, 15]
[3, 2, 15]
[2, 15]
[15]
[1, 2, 3, 4, 5, 6, 18, 19, 20, 12, 13, 14, 15, 17, 16, 8, 9, 10, 11, 7]
[2, 3, 4, 5, 6, 18, 19, 20, 12, 13, 14, 15, 17, 16, 8, 9, 10, 11, 7]
[3, 4, 5, 6, 18, 19, 20, 12, 13, 14, 15, 17, 16, 8, 9, 10, 11, 7]
[4, 5, 6, 18, 19, 20, 12, 13, 14, 15, 17, 16, 8, 9, 10, 11, 7]
[5, 6, 18, 19, 20, 12, 13, 14, 15, 17, 16, 8, 9, 10, 11, 7]
[6, 18, 19, 20, 12, 13, 14, 15, 17, 16, 8, 9, 10, 11, 7]
[18, 19, 20, 12, 13, 14, 15, 17, 16, 8, 9, 10, 11, 7]
[19, 20, 12, 13, 14, 15, 17, 16, 8, 9, 10, 11, 7]
[20, 12, 13, 14, 15, 17, 16, 8, 9, 10, 11, 7]
[12, 13, 14, 15, 17, 16, 8, 9, 10, 11, 7]
[13, 14, 15, 17, 16, 8, 9, 10, 11, 7]
[14, 15, 17, 16, 8, 9, 10, 11, 7]
[15, 17, 16, 8, 9, 10, 11, 7]
[17, 16, 8, 9, 10, 11, 7]
[16, 8, 9, 10, 11, 7]
[8, 9, 10, 11, 7]
[9, 10, 11, 7]
[10, 11, 7]
[11, 7]
[7]
[1, 2, 3, 4, 5, 6, 11, 12, 13, 14, 16, 17, 18, 15, 19, 20, 7, 8, 9, 10]
[2, 3, 4, 5, 6, 11, 12, 13, 14, 16, 17, 18, 15, 19, 20, 7, 8, 9, 10]
[3, 4, 5, 6, 11, 12, 13, 14, 16, 17, 18, 15, 19, 20, 7, 8, 9, 10]
[4, 5, 6, 11, 12, 13, 14, 16, 17, 18, 15, 19, 20, 7, 8, 9, 10]
[5, 6, 11, 12, 13, 14, 16, 17, 18, 15, 19, 20, 7, 8, 9, 10]
[6, 11, 12, 13, 14, 16, 17, 18, 15, 19, 20, 7, 8, 9, 10]
[11, 12, 13, 14, 16, 17, 18, 15, 19, 20, 7, 8, 9, 10]
[12, 13, 14, 16, 17, 18, 15, 19, 20, 7, 8, 9, 10]
[13, 14, 16, 17, 18, 15, 19, 20, 7, 8, 9, 10]
[14, 16, 17, 18, 15, 19, 20, 7, 8, 9, 10]
[16, 17, 18, 15, 19, 20, 7, 8, 9, 10]
[17, 18, 15, 19, 20, 7, 8, 9, 10]
[18, 15, 19, 20, 7, 8, 9, 10]
[15, 19, 20, 7, 8, 9, 10]
[19, 20, 7, 8, 9, 10]
[20, 7, 8, 9, 10]
[7, 8, 9, 10]
[8, 9, 10]
[9, 10]
[10]
[1, 2, 4, 5, 6, 3, 11, 12, 13, 7, 8, 14, 15, 16, 17, 18, 19, 20, 10, 9]
[2, 4, 5, 6, 3, 11, 12, 13, 7, 8, 14, 15, 16, 17, 18, 19, 20, 10, 9]
[4, 5, 6, 3, 11, 12, 13, 7, 8, 14, 15, 16, 17, 18, 19, 20, 10, 9]
[5, 6, 3, 11, 12, 13, 7, 8, 14, 15, 16, 17, 18, 19, 20, 10, 9]
[6, 3, 11, 12, 13, 7, 8, 14, 15, 16, 17, 18, 19, 20, 10, 9]
[3, 11, 12, 13, 7, 8, 14, 15, 16, 17, 18, 19, 20, 10, 9]
[11, 12, 13, 7, 8, 14, 15, 16, 17, 18, 19, 20, 10, 9]
[12, 13, 7, 8, 14, 15, 16, 17, 18, 19, 20, 10, 9]
[13, 7, 8, 14, 15, 16, 17, 18, 19, 20, 10, 9]
[7, 8, 14, 15, 16, 17, 18, 19, 20, 10, 9]
[8, 14, 15, 16, 17, 18, 19, 20, 10, 9]
[14, 15, 16, 17, 18, 19, 20, 10, 9]
[15, 16, 17, 18, 19, 20, 10, 9]
[16, 17, 18, 19, 20, 10, 9]
[17, 18, 19, 20, 10, 9]
[18, 19, 20, 10, 9]
[19, 20, 10, 9]
[20, 10, 9]
[10, 9]
[9]
[4, 5, 6, 8, 9, 10, 18, 19, 20, 12, 13, 7, 2, 3, 1, 11, 15, 16, 17, 14]
[5, 6, 8, 9, 10, 18, 19, 20, 12, 13, 7, 2, 3, 1, 11, 15, 16, 17, 14]
[6, 8, 9, 10, 18, 19, 20, 12, 13, 7, 2, 3, 1, 11, 15, 16, 17, 14]
[8, 9, 10, 18, 19, 20, 12, 13, 7, 2, 3, 1, 11, 15, 16, 17, 14]
[9, 10, 18, 19, 20, 12, 13, 7, 2, 3, 1, 11, 15, 16, 17, 14]
[10, 18, 19, 20, 12, 13, 7, 2, 3, 1, 11, 15, 16, 17, 14]
[18, 19, 20, 12, 13, 7, 2, 3, 1, 11, 15, 16, 17, 14]
[19, 20, 12, 13, 7, 2, 3, 1, 11, 15, 16, 17, 14]
[20, 12, 13, 7, 2, 3, 1, 11, 15, 16, 17, 14]
[12, 13, 7, 2, 3, 1, 11, 15, 16, 17, 14]
[13, 7, 2, 3, 1, 11, 15, 16, 17, 14]
[7, 2, 3, 1, 11, 15, 16, 17, 14]
[2, 3, 1, 11, 15, 16, 17, 14]
[3, 1, 11, 15, 16, 17, 14]
[1, 11, 15, 16, 17, 14]
[11, 15, 16, 17, 14]
[15, 16, 17, 14]
[16, 17, 14]
[17, 14]
[14]
[2, 5, 3, 7, 8, 1, 10, 9, 13, 18, 19, 20, 14, 15, 16, 17, 4, 12, 11, 6]
[5, 3, 7, 8, 1, 10, 9, 13, 18, 19, 20, 14, 15, 16, 17, 4, 12, 11, 6]
[3, 7, 8, 1, 10, 9, 13, 18, 19, 20, 14, 15, 16, 17, 4, 12, 11, 6]
[7, 8, 1, 10, 9, 13, 18, 19, 20, 14, 15, 16, 17, 4, 12, 11, 6]
[8, 1, 10, 9, 13, 18, 19, 20, 14, 15, 16, 17, 4, 12, 11, 6]
[1, 10, 9, 13, 18, 19, 20, 14, 15, 16, 17, 4, 12, 11, 6]
[10, 9, 13, 18, 19, 20, 14, 15, 16, 17, 4, 12, 11, 6]
[9, 13, 18, 19, 20, 14, 15, 16, 17, 4, 12, 11, 6]
[13, 18, 19, 20, 14, 15, 16, 17, 4, 12, 11, 6]
[18, 19, 20, 14, 15, 16, 17, 4, 12, 11, 6]
[19, 20, 14, 15, 16, 17, 4, 12, 11, 6]
[20, 14, 15, 16, 17, 4, 12, 11, 6]
[14, 15, 16, 17, 4, 12, 11, 6]
[15, 16, 17, 4, 12, 11, 6]
[16, 17, 4, 12, 11, 6]
[17, 4, 12, 11, 6]
[4, 12, 11, 6]
[12, 11, 6]
[11, 6]
[6]
[1, 2, 3, 6, 7, 8, 9, 10, 12, 13, 14, 15, 16, 17, 4, 5, 18, 19, 20, 11]
[2, 3, 6, 7, 8, 9, 10, 12, 13, 14, 15, 16, 17, 4, 5, 18, 19, 20, 11]
[3, 6, 7, 8, 9, 10, 12, 13, 14, 15, 16, 17, 4, 5, 18, 19, 20, 11]
[6, 7, 8, 9, 10, 12, 13, 14, 15, 16, 17, 4, 5, 18, 19, 20, 11]
[7, 8, 9, 10, 12, 13, 14, 15, 16, 17, 4, 5, 18, 19, 20, 11]
[8, 9, 10, 12, 13, 14, 15, 16, 17, 4, 5, 18, 19, 20, 11]
[9, 10, 12, 13, 14, 15, 16, 17, 4, 5, 18, 19, 20, 11]
[10, 12, 13, 14, 15, 16, 17, 4, 5, 18, 19, 20, 11]
[12, 13, 14, 15, 16, 17, 4, 5, 18, 19, 20, 11]
[13, 14, 15, 16, 17, 4, 5, 18, 19, 20, 11]
[14, 15, 16, 17, 4, 5, 18, 19, 20, 11]
[15, 16, 17, 4, 5, 18, 19, 20, 11]
[16, 17, 4, 5, 18, 19, 20, 11]
[17, 4, 5, 18, 19, 20, 11]
[4, 5, 18, 19, 20, 11]
[5, 18, 19, 20, 11]
[18, 19, 20, 11]
[19, 20, 11]
[20, 11]
[11]
[1, 2, 3, 4, 5, 6, 18, 19, 20, 12, 13, 7, 11, 9, 14, 15, 16, 17, 10, 8]
[2, 3, 4, 5, 6, 18, 19, 20, 12, 13, 7, 11, 9, 14, 15, 16, 17, 10, 8]
[3, 4, 5, 6, 18, 19, 20, 12, 13, 7, 11, 9, 14, 15, 16, 17, 10, 8]
[4, 5, 6, 18, 19, 20, 12, 13, 7, 11, 9, 14, 15, 16, 17, 10, 8]
[5, 6, 18, 19, 20, 12, 13, 7, 11, 9, 14, 15, 16, 17, 10, 8]
[6, 18, 19, 20, 12, 13, 7, 11, 9, 14, 15, 16, 17, 10, 8]
[18, 19, 20, 12, 13, 7, 11, 9, 14, 15, 16, 17, 10, 8]
[19, 20, 12, 13, 7, 11, 9, 14, 15, 16, 17, 10, 8]
[20, 12, 13, 7, 11, 9, 14, 15, 16, 17, 10, 8]
[12, 13, 7, 11, 9, 14, 15, 16, 17, 10, 8]
[13, 7, 11, 9, 14, 15, 16, 17, 10, 8]
[7, 11, 9, 14, 15, 16, 17, 10, 8]
[11, 9, 14, 15, 16, 17, 10, 8]
[9, 14, 15, 16, 17, 10, 8]
[14, 15, 16, 17, 10, 8]
[15, 16, 17, 10, 8]
[16, 17, 10, 8]
[17, 10, 8]
[10, 8]
[8]
[1, 2, 6, 11, 12, 13, 5, 4, 20, 7, 8, 10, 19, 15, 16, 17, 18, 3, 14, 9]
[2, 6, 11, 12, 13, 5, 4, 20, 7, 8, 10, 19, 15, 16, 17, 18, 3, 14, 9]
[6, 11, 12, 13, 5, 4, 20, 7, 8, 10, 19, 15, 16, 17, 18, 3, 14, 9]
[11, 12, 13, 5, 4, 20, 7, 8, 10, 19, 15, 16, 17, 18, 3, 14, 9]
[12, 13, 5, 4, 20, 7, 8, 10, 19, 15, 16, 17, 18, 3, 14, 9]
[13, 5, 4, 20, 7, 8, 10, 19, 15, 16, 17, 18, 3, 14, 9]
[5, 4, 20, 7, 8, 10, 19, 15, 16, 17, 18, 3, 14, 9]
[4, 20, 7, 8, 10, 19, 15, 16, 17, 18, 3, 14, 9]
[20, 7, 8, 10, 19, 15, 16, 17, 18, 3, 14, 9]
[7, 8, 10, 19, 15, 16, 17, 18, 3, 14, 9]
[8, 10, 19, 15, 16, 17, 18, 3, 14, 9]
[10, 19, 15, 16, 17, 18, 3, 14, 9]
[19, 15, 16, 17, 18, 3, 14, 9]
[15, 16, 17, 18, 3, 14, 9]
[16, 17, 18, 3, 14, 9]
[17, 18, 3, 14, 9]
[18, 3, 14, 9]
[3, 14, 9]
[14, 9]
[9]
[1, 2, 5, 6, 11, 12, 3, 18, 19, 20, 7, 8, 9, 10, 14, 15, 16, 17, 13, 4]
[2, 5, 6, 11, 12, 3, 18, 19, 20, 7, 8, 9, 10, 14, 15, 16, 17, 13, 4]
[5, 6, 11, 12, 3, 18, 19, 20, 7, 8, 9, 10, 14, 15, 16, 17, 13, 4]
[6, 11, 12, 3, 18, 19, 20, 7, 8, 9, 10, 14, 15, 16, 17, 13, 4]
[11, 12, 3, 18, 19, 20, 7, 8, 9, 10, 14, 15, 16, 17, 13, 4]
[12, 3, 18, 19, 20, 7, 8, 9, 10, 14, 15, 16, 17, 13, 4]
[3, 18, 19, 20, 7, 8, 9, 10, 14, 15, 16, 17, 13, 4]
[18, 19, 20, 7, 8, 9, 10, 14, 15, 16, 17, 13, 4]
[19, 20, 7, 8, 9, 10, 14, 15, 16, 17, 13, 4]
[20, 7, 8, 9, 10, 14, 15, 16, 17, 13, 4]
[7, 8, 9, 10, 14, 15, 16, 17, 13, 4]
[8, 9, 10, 14, 15, 16, 17, 13, 4]
[9, 10, 14, 15, 16, 17, 13, 4]
[10, 14, 15, 16, 17, 13, 4]
[14, 15, 16, 17, 13, 4]
[15, 16, 17, 13, 4]
[16, 17, 13, 4]
[17, 13, 4]
[13, 4]
[4]
[1, 3, 12, 13, 6, 4, 11, 18, 19, 20, 14, 15, 2, 16, 17, 7, 8, 9, 10, 5]
[3, 12, 13, 6, 4, 11, 18, 19, 20, 14, 15, 2, 16, 17, 7, 8, 9, 10, 5]
[12, 13, 6, 4, 11, 18, 19, 20, 14, 15, 2, 16, 17, 7, 8, 9, 10, 5]
[13, 6, 4, 11, 18, 19, 20, 14, 15, 2, 16, 17, 7, 8, 9, 10, 5]
[6, 4, 11, 18, 19, 20, 14, 15, 2, 16, 17, 7, 8, 9, 10, 5]
[4, 11, 18, 19, 20, 14, 15, 2, 16, 17, 7, 8, 9, 10, 5]
[11, 18, 19, 20, 14, 15, 2, 16, 17, 7, 8, 9, 10, 5]
[18, 19, 20, 14, 15, 2, 16, 17, 7, 8, 9, 10, 5]
[19, 20, 14, 15, 2, 16, 17, 7, 8, 9, 10, 5]
[20, 14, 15, 2, 16, 17, 7, 8, 9, 10, 5]
[14, 15, 2, 16, 17, 7, 8, 9, 10, 5]
[15, 2, 16, 17, 7, 8, 9, 10, 5]
[2, 16, 17, 7, 8, 9, 10, 5]
[16, 17, 7, 8, 9, 10, 5]
[17, 7, 8, 9, 10, 5]
[7, 8, 9, 10, 5]
[8, 9, 10, 5]
[9, 10, 5]
[10, 5]
[5]
[4, 7, 8, 9, 11, 12, 13, 5, 19, 20, 6, 1, 2, 18, 14, 15, 16, 17, 10, 3]
[7, 8, 9, 11, 12, 13, 5, 19, 20, 6, 1, 2, 18, 14, 15, 16, 17, 10, 3]
[8, 9, 11, 12, 13, 5, 19, 20, 6, 1, 2, 18, 14, 15, 16, 17, 10, 3]
[9, 11, 12, 13, 5, 19, 20, 6, 1, 2, 18, 14, 15, 16, 17, 10, 3]
[11, 12, 13, 5, 19, 20, 6, 1, 2, 18, 14, 15, 16, 17, 10, 3]
[12, 13, 5, 19, 20, 6, 1, 2, 18, 14, 15, 16, 17, 10, 3]
[13, 5, 19, 20, 6, 1, 2, 18, 14, 15, 16, 17, 10, 3]
[5, 19, 20, 6, 1, 2, 18, 14, 15, 16, 17, 10, 3]
[19, 20, 6, 1, 2, 18, 14, 15, 16, 17, 10, 3]
[20, 6, 1, 2, 18, 14, 15, 16, 17, 10, 3]
[6, 1, 2, 18, 14, 15, 16, 17, 10, 3]
[1, 2, 18, 14, 15, 16, 17, 10, 3]
[2, 18, 14, 15, 16, 17, 10, 3]
[18, 14, 15, 16, 17, 10, 3]
[14, 15, 16, 17, 10, 3]
[15, 16, 17, 10, 3]
[16, 17, 10, 3]
[17, 10, 3]
[10, 3]
[3]
[1, 2, 4, 7, 8, 9, 10, 3, 18, 19, 20, 11, 12, 13, 14, 15, 16, 17, 6, 5]
[2, 4, 7, 8, 9, 10, 3, 18, 19, 20, 11, 12, 13, 14, 15, 16, 17, 6, 5]
[4, 7, 8, 9, 10, 3, 18, 19, 20, 11, 12, 13, 14, 15, 16, 17, 6, 5]
[7, 8, 9, 10, 3, 18, 19, 20, 11, 12, 13, 14, 15, 16, 17, 6, 5]
[8, 9, 10, 3, 18, 19, 20, 11, 12, 13, 14, 15, 16, 17, 6, 5]
[9, 10, 3, 18, 19, 20, 11, 12, 13, 14, 15, 16, 17, 6, 5]
[10, 3, 18, 19, 20, 11, 12, 13, 14, 15, 16, 17, 6, 5]
[3, 18, 19, 20, 11, 12, 13, 14, 15, 16, 17, 6, 5]
[18, 19, 20, 11, 12, 13, 14, 15, 16, 17, 6, 5]
[19, 20, 11, 12, 13, 14, 15, 16, 17, 6, 5]
[20, 11, 12, 13, 14, 15, 16, 17, 6, 5]
[11, 12, 13, 14, 15, 16, 17, 6, 5]
[12, 13, 14, 15, 16, 17, 6, 5]
[13, 14, 15, 16, 17, 6, 5]
[14, 15, 16, 17, 6, 5]
[15, 16, 17, 6, 5]
[16, 17, 6, 5]
[17, 6, 5]
[6, 5]
[5]
[1, 2, 6, 18, 19, 3, 4, 5, 14, 15, 20, 17, 12, 13, 7, 8, 9, 10, 16, 11]
[2, 6, 18, 19, 3, 4, 5, 14, 15, 20, 17, 12, 13, 7, 8, 9, 10, 16, 11]
[6, 18, 19, 3, 4, 5, 14, 15, 20, 17, 12, 13, 7, 8, 9, 10, 16, 11]
[18, 19, 3, 4, 5, 14, 15, 20, 17, 12, 13, 7, 8, 9, 10, 16, 11]
[19, 3, 4, 5, 14, 15, 20, 17, 12, 13, 7, 8, 9, 10, 16, 11]
[3, 4, 5, 14, 15, 20, 17, 12, 13, 7, 8, 9, 10, 16, 11]
[4, 5, 14, 15, 20, 17, 12, 13, 7, 8, 9, 10, 16, 11]
[5, 14, 15, 20, 17, 12, 13, 7, 8, 9, 10, 16, 11]
[14, 15, 20, 17, 12, 13, 7, 8, 9, 10, 16, 11]
[15, 20, 17, 12, 13, 7, 8, 9, 10, 16, 11]
[20, 17, 12, 13, 7, 8, 9, 10, 16, 11]
[17, 12, 13, 7, 8, 9, 10, 16, 11]
[12, 13, 7, 8, 9, 10, 16, 11]
[13, 7, 8, 9, 10, 16, 11]
[7, 8, 9, 10, 16, 11]
[8, 9, 10, 16, 11]
[9, 10, 16, 11]
[10, 16, 11]
[16, 11]
[11]
[1, 3, 5, 6, 7, 8, 9, 10, 18, 19, 20, 11, 2, 13, 15, 16, 17, 12, 4, 14]
[3, 5, 6, 7, 8, 9, 10, 18, 19, 20, 11, 2, 13, 15, 16, 17, 12, 4, 14]
[5, 6, 7, 8, 9, 10, 18, 19, 20, 11, 2, 13, 15, 16, 17, 12, 4, 14]
[6, 7, 8, 9, 10, 18, 19, 20, 11, 2, 13, 15, 16, 17, 12, 4, 14]
[7, 8, 9, 10, 18, 19, 20, 11, 2, 13, 15, 16, 17, 12, 4, 14]
[8, 9, 10, 18, 19, 20, 11, 2, 13, 15, 16, 17, 12, 4, 14]
[9, 10, 18, 19, 20, 11, 2, 13, 15, 16, 17, 12, 4, 14]
[10, 18, 19, 20, 11, 2, 13, 15, 16, 17, 12, 4, 14]
[18, 19, 20, 11, 2, 13, 15, 16, 17, 12, 4, 14]
[19, 20, 11, 2, 13, 15, 16, 17, 12, 4, 14]
[20, 11, 2, 13, 15, 16, 17, 12, 4, 14]
[11, 2, 13, 15, 16, 17, 12, 4, 14]
[2, 13, 15, 16, 17, 12, 4, 14]
[13, 15, 16, 17, 12, 4, 14]
[15, 16, 17, 12, 4, 14]
[16, 17, 12, 4, 14]
[17, 12, 4, 14]
[12, 4, 14]
[4, 14]
[14]
[1, 2, 4, 6, 11, 12, 13, 18, 19, 20, 14, 15, 17, 7, 8, 9, 10, 5, 3, 16]
[2, 4, 6, 11, 12, 13, 18, 19, 20, 14, 15, 17, 7, 8, 9, 10, 5, 3, 16]
[4, 6, 11, 12, 13, 18, 19, 20, 14, 15, 17, 7, 8, 9, 10, 5, 3, 16]
[6, 11, 12, 13, 18, 19, 20, 14, 15, 17, 7, 8, 9, 10, 5, 3, 16]
[11, 12, 13, 18, 19, 20, 14, 15, 17, 7, 8, 9, 10, 5, 3, 16]
[12, 13, 18, 19, 20, 14, 15, 17, 7, 8, 9, 10, 5, 3, 16]
[13, 18, 19, 20, 14, 15, 17, 7, 8, 9, 10, 5, 3, 16]
[18, 19, 20, 14, 15, 17, 7, 8, 9, 10, 5, 3, 16]
[19, 20, 14, 15, 17, 7, 8, 9, 10, 5, 3, 16]
[20, 14, 15, 17, 7, 8, 9, 10, 5, 3, 16]
[14, 15, 17, 7, 8, 9, 10, 5, 3, 16]
[15, 17, 7, 8, 9, 10, 5, 3, 16]
[17, 7, 8, 9, 10, 5, 3, 16]
[7, 8, 9, 10, 5, 3, 16]
[8, 9, 10, 5, 3, 16]
[9, 10, 5, 3, 16]
[10, 5, 3, 16]
[5, 3, 16]
[3, 16]
[16]
[1, 2, 3, 4, 5, 12, 18, 19, 20, 7, 9, 10, 6, 14, 15, 16, 17, 13, 8, 11]
[2, 3, 4, 5, 12, 18, 19, 20, 7, 9, 10, 6, 14, 15, 16, 17, 13, 8, 11]
[3, 4, 5, 12, 18, 19, 20, 7, 9, 10, 6, 14, 15, 16, 17, 13, 8, 11]
[4, 5, 12, 18, 19, 20, 7, 9, 10, 6, 14, 15, 16, 17, 13, 8, 11]
[5, 12, 18, 19, 20, 7, 9, 10, 6, 14, 15, 16, 17, 13, 8, 11]
[12, 18, 19, 20, 7, 9, 10, 6, 14, 15, 16, 17, 13, 8, 11]
[18, 19, 20, 7, 9, 10, 6, 14, 15, 16, 17, 13, 8, 11]
[19, 20, 7, 9, 10, 6, 14, 15, 16, 17, 13, 8, 11]
[20, 7, 9, 10, 6, 14, 15, 16, 17, 13, 8, 11]
[7, 9, 10, 6, 14, 15, 16, 17, 13, 8, 11]
[9, 10, 6, 14, 15, 16, 17, 13, 8, 11]
[10, 6, 14, 15, 16, 17, 13, 8, 11]
[6, 14, 15, 16, 17, 13, 8, 11]
[14, 15, 16, 17, 13, 8, 11]
[15, 16, 17, 13, 8, 11]
[16, 17, 13, 8, 11]
[17, 13, 8, 11]
[13, 8, 11]
[8, 11]
[11]
[1, 2, 7, 9, 8, 4, 5, 18, 19, 20, 6, 11, 12, 13, 14, 15, 16, 17, 3, 10]
[2, 7, 9, 8, 4, 5, 18, 19, 20, 6, 11, 12, 13, 14, 15, 16, 17, 3, 10]
[7, 9, 8, 4, 5, 18, 19, 20, 6, 11, 12, 13, 14, 15, 16, 17, 3, 10]
[9, 8, 4, 5, 18, 19, 20, 6, 11, 12, 13, 14, 15, 16, 17, 3, 10]
[8, 4, 5, 18, 19, 20, 6, 11, 12, 13, 14, 15, 16, 17, 3, 10]
[4, 5, 18, 19, 20, 6, 11, 12, 13, 14, 15, 16, 17, 3, 10]
[5, 18, 19, 20, 6, 11, 12, 13, 14, 15, 16, 17, 3, 10]
[18, 19, 20, 6, 11, 12, 13, 14, 15, 16, 17, 3, 10]
[19, 20, 6, 11, 12, 13, 14, 15, 16, 17, 3, 10]
[20, 6, 11, 12, 13, 14, 15, 16, 17, 3, 10]
[6, 11, 12, 13, 14, 15, 16, 17, 3, 10]
[11, 12, 13, 14, 15, 16, 17, 3, 10]
[12, 13, 14, 15, 16, 17, 3, 10]
[13, 14, 15, 16, 17, 3, 10]
[14, 15, 16, 17, 3, 10]
[15, 16, 17, 3, 10]
[16, 17, 3, 10]
[17, 3, 10]
[3, 10]
[10]
[2, 1, 6, 8, 10, 18, 19, 20, 4, 5, 11, 12, 13, 14, 15, 16, 3, 17, 9, 7]
[1, 6, 8, 10, 18, 19, 20, 4, 5, 11, 12, 13, 14, 15, 16, 3, 17, 9, 7]
[6, 8, 10, 18, 19, 20, 4, 5, 11, 12, 13, 14, 15, 16, 3, 17, 9, 7]
[8, 10, 18, 19, 20, 4, 5, 11, 12, 13, 14, 15, 16, 3, 17, 9, 7]
[10, 18, 19, 20, 4, 5, 11, 12, 13, 14, 15, 16, 3, 17, 9, 7]
[18, 19, 20, 4, 5, 11, 12, 13, 14, 15, 16, 3, 17, 9, 7]
[19, 20, 4, 5, 11, 12, 13, 14, 15, 16, 3, 17, 9, 7]
[20, 4, 5, 11, 12, 13, 14, 15, 16, 3, 17, 9, 7]
[4, 5, 11, 12, 13, 14, 15, 16, 3, 17, 9, 7]
[5, 11, 12, 13, 14, 15, 16, 3, 17, 9, 7]
[11, 12, 13, 14, 15, 16, 3, 17, 9, 7]
[12, 13, 14, 15, 16, 3, 17, 9, 7]
[13, 14, 15, 16, 3, 17, 9, 7]
[14, 15, 16, 3, 17, 9, 7]
[15, 16, 3, 17, 9, 7]
[16, 3, 17, 9, 7]
[3, 17, 9, 7]
[17, 9, 7]
[9, 7]
[7]
[1, 2, 4, 5, 18, 3, 19, 20, 6, 11, 13, 15, 16, 17, 8, 9, 10, 12, 14, 7]
[2, 4, 5, 18, 3, 19, 20, 6, 11, 13, 15, 16, 17, 8, 9, 10, 12, 14, 7]
[4, 5, 18, 3, 19, 20, 6, 11, 13, 15, 16, 17, 8, 9, 10, 12, 14, 7]
[5, 18, 3, 19, 20, 6, 11, 13, 15, 16, 17, 8, 9, 10, 12, 14, 7]
[18, 3, 19, 20, 6, 11, 13, 15, 16, 17, 8, 9, 10, 12, 14, 7]
[3, 19, 20, 6, 11, 13, 15, 16, 17, 8, 9, 10, 12, 14, 7]
[19, 20, 6, 11, 13, 15, 16, 17, 8, 9, 10, 12, 14, 7]
[20, 6, 11, 13, 15, 16, 17, 8, 9, 10, 12, 14, 7]
[6, 11, 13, 15, 16, 17, 8, 9, 10, 12, 14, 7]
[11, 13, 15, 16, 17, 8, 9, 10, 12, 14, 7]
[13, 15, 16, 17, 8, 9, 10, 12, 14, 7]
[15, 16, 17, 8, 9, 10, 12, 14, 7]
[16, 17, 8, 9, 10, 12, 14, 7]
[17, 8, 9, 10, 12, 14, 7]
[8, 9, 10, 12, 14, 7]
[9, 10, 12, 14, 7]
[10, 12, 14, 7]
[12, 14, 7]
[14, 7]
[7]
[2, 1, 3, 4, 6, 18, 19, 20, 11, 12, 5, 14, 15, 16, 17, 7, 9, 10, 13, 8]
[1, 3, 4, 6, 18, 19, 20, 11, 12, 5, 14, 15, 16, 17, 7, 9, 10, 13, 8]
[3, 4, 6, 18, 19, 20, 11, 12, 5, 14, 15, 16, 17, 7, 9, 10, 13, 8]
[4, 6, 18, 19, 20, 11, 12, 5, 14, 15, 16, 17, 7, 9, 10, 13, 8]
[6, 18, 19, 20, 11, 12, 5, 14, 15, 16, 17, 7, 9, 10, 13, 8]
[18, 19, 20, 11, 12, 5, 14, 15, 16, 17, 7, 9, 10, 13, 8]
[19, 20, 11, 12, 5, 14, 15, 16, 17, 7, 9, 10, 13, 8]
[20, 11, 12, 5, 14, 15, 16, 17, 7, 9, 10, 13, 8]
[11, 12, 5, 14, 15, 16, 17, 7, 9, 10, 13, 8]
[12, 5, 14, 15, 16, 17, 7, 9, 10, 13, 8]
[5, 14, 15, 16, 17, 7, 9, 10, 13, 8]
[14, 15, 16, 17, 7, 9, 10, 13, 8]
[15, 16, 17, 7, 9, 10, 13, 8]
[16, 17, 7, 9, 10, 13, 8]
[17, 7, 9, 10, 13, 8]
[7, 9, 10, 13, 8]
[9, 10, 13, 8]
[10, 13, 8]
[13, 8]
[8]
[1, 2, 3, 4, 6, 5, 20, 14, 15, 16, 19, 17, 11, 12, 13, 7, 8, 9, 18, 10]
[2, 3, 4, 6, 5, 20, 14, 15, 16, 19, 17, 11, 12, 13, 7, 8, 9, 18, 10]
[3, 4, 6, 5, 20, 14, 15, 16, 19, 17, 11, 12, 13, 7, 8, 9, 18, 10]
[4, 6, 5, 20, 14, 15, 16, 19, 17, 11, 12, 13, 7, 8, 9, 18, 10]
[6, 5, 20, 14, 15, 16, 19, 17, 11, 12, 13, 7, 8, 9, 18, 10]
[5, 20, 14, 15, 16, 19, 17, 11, 12, 13, 7, 8, 9, 18, 10]
[20, 14, 15, 16, 19, 17, 11, 12, 13, 7, 8, 9, 18, 10]
[14, 15, 16, 19, 17, 11, 12, 13, 7, 8, 9, 18, 10]
[15, 16, 19, 17, 11, 12, 13, 7, 8, 9, 18, 10]
[16, 19, 17, 11, 12, 13, 7, 8, 9, 18, 10]
[19, 17, 11, 12, 13, 7, 8, 9, 18, 10]
[17, 11, 12, 13, 7, 8, 9, 18, 10]
[11, 12, 13, 7, 8, 9, 18, 10]
[12, 13, 7, 8, 9, 18, 10]
[13, 7, 8, 9, 18, 10]
[7, 8, 9, 18, 10]
[8, 9, 18, 10]
[9, 18, 10]
[18, 10]
[10]
[2, 1, 3, 4, 12, 13, 6, 11, 5, 7, 8, 9, 10, 14, 15, 16, 17, 20, 19, 18]
[1, 3, 4, 12, 13, 6, 11, 5, 7, 8, 9, 10, 14, 15, 16, 17, 20, 19, 18]
[3, 4, 12, 13, 6, 11, 5, 7, 8, 9, 10, 14, 15, 16, 17, 20, 19, 18]
[4, 12, 13, 6, 11, 5, 7, 8, 9, 10, 14, 15, 16, 17, 20, 19, 18]
[12, 13, 6, 11, 5, 7, 8, 9, 10, 14, 15, 16, 17, 20, 19, 18]
[13, 6, 11, 5, 7, 8, 9, 10, 14, 15, 16, 17, 20, 19, 18]
[6, 11, 5, 7, 8, 9, 10, 14, 15, 16, 17, 20, 19, 18]
[11, 5, 7, 8, 9, 10, 14, 15, 16, 17, 20, 19, 18]
[5, 7, 8, 9, 10, 14, 15, 16, 17, 20, 19, 18]
[7, 8, 9, 10, 14, 15, 16, 17, 20, 19, 18]
[8, 9, 10, 14, 15, 16, 17, 20, 19, 18]
[9, 10, 14, 15, 16, 17, 20, 19, 18]
[10, 14, 15, 16, 17, 20, 19, 18]
[14, 15, 16, 17, 20, 19, 18]
[15, 16, 17, 20, 19, 18]
[16, 17, 20, 19, 18]
[17, 20, 19, 18]
[20, 19, 18]
[19, 18]
[18]
[2, 5, 1, 11, 6, 12, 13, 18, 19, 20, 14, 15, 3, 16, 17, 7, 8, 9, 10, 4]
[5, 1, 11, 6, 12, 13, 18, 19, 20, 14, 15, 3, 16, 17, 7, 8, 9, 10, 4]
[1, 11, 6, 12, 13, 18, 19, 20, 14, 15, 3, 16, 17, 7, 8, 9, 10, 4]
[11, 6, 12, 13, 18, 19, 20, 14, 15, 3, 16, 17, 7, 8, 9, 10, 4]
[6, 12, 13, 18, 19, 20, 14, 15, 3, 16, 17, 7, 8, 9, 10, 4]
[12, 13, 18, 19, 20, 14, 15, 3, 16, 17, 7, 8, 9, 10, 4]
[13, 18, 19, 20, 14, 15, 3, 16, 17, 7, 8, 9, 10, 4]
[18, 19, 20, 14, 15, 3, 16, 17, 7, 8, 9, 10, 4]
[19, 20, 14, 15, 3, 16, 17, 7, 8, 9, 10, 4]
[20, 14, 15, 3, 16, 17, 7, 8, 9, 10, 4]
[14, 15, 3, 16, 17, 7, 8, 9, 10, 4]
[15, 3, 16, 17, 7, 8, 9, 10, 4]
[3, 16, 17, 7, 8, 9, 10, 4]
[16, 17, 7, 8, 9, 10, 4]
[17, 7, 8, 9, 10, 4]
[7, 8, 9, 10, 4]
[8, 9, 10, 4]
[9, 10, 4]
[10, 4]
[4]
[5, 1, 3, 7, 8, 9, 10, 2, 11, 12, 13, 18, 19, 20, 14, 15, 16, 17, 4, 6]
[1, 3, 7, 8, 9, 10, 2, 11, 12, 13, 18, 19, 20, 14, 15, 16, 17, 4, 6]
[3, 7, 8, 9, 10, 2, 11, 12, 13, 18, 19, 20, 14, 15, 16, 17, 4, 6]
[7, 8, 9, 10, 2, 11, 12, 13, 18, 19, 20, 14, 15, 16, 17, 4, 6]
[8, 9, 10, 2, 11, 12, 13, 18, 19, 20, 14, 15, 16, 17, 4, 6]
[9, 10, 2, 11, 12, 13, 18, 19, 20, 14, 15, 16, 17, 4, 6]
[10, 2, 11, 12, 13, 18, 19, 20, 14, 15, 16, 17, 4, 6]
[2, 11, 12, 13, 18, 19, 20, 14, 15, 16, 17, 4, 6]
[11, 12, 13, 18, 19, 20, 14, 15, 16, 17, 4, 6]
[12, 13, 18, 19, 20, 14, 15, 16, 17, 4, 6]
[13, 18, 19, 20, 14, 15, 16, 17, 4, 6]
[18, 19, 20, 14, 15, 16, 17, 4, 6]
[19, 20, 14, 15, 16, 17, 4, 6]
[20, 14, 15, 16, 17, 4, 6]
[14, 15, 16, 17, 4, 6]
[15, 16, 17, 4, 6]
[16, 17, 4, 6]
[17, 4, 6]
[4, 6]
[6]
serie1.Ex4.BlockingMessageQueueFuture$MyFuture@6927419f
serie1.Ex4.BlockingMessageQueueFuture$MyFuture@59555353
[4, 5, 6, 12, 13, 14, 15, 17, 18, 19, 20, 7, 16, 9, 10, 1, 2, 3, 11, 8]
[5, 6, 12, 13, 14, 15, 17, 18, 19, 20, 7, 16, 9, 10, 1, 2, 3, 11, 8]
[6, 12, 13, 14, 15, 17, 18, 19, 20, 7, 16, 9, 10, 1, 2, 3, 11, 8]
[12, 13, 14, 15, 17, 18, 19, 20, 7, 16, 9, 10, 1, 2, 3, 11, 8]
[13, 14, 15, 17, 18, 19, 20, 7, 16, 9, 10, 1, 2, 3, 11, 8]
[14, 15, 17, 18, 19, 20, 7, 16, 9, 10, 1, 2, 3, 11, 8]
[15, 17, 18, 19, 20, 7, 16, 9, 10, 1, 2, 3, 11, 8]
[17, 18, 19, 20, 7, 16, 9, 10, 1, 2, 3, 11, 8]
[18, 19, 20, 7, 16, 9, 10, 1, 2, 3, 11, 8]
[19, 20, 7, 16, 9, 10, 1, 2, 3, 11, 8]
[20, 7, 16, 9, 10, 1, 2, 3, 11, 8]
[7, 16, 9, 10, 1, 2, 3, 11, 8]
[16, 9, 10, 1, 2, 3, 11, 8]
[9, 10, 1, 2, 3, 11, 8]
[10, 1, 2, 3, 11, 8]
[1, 2, 3, 11, 8]
[2, 3, 11, 8]
[3, 11, 8]
[11, 8]
[8]
serie1.Ex4.BlockingMessageQueueFuture$MyFuture@181bfa51
serie1.Ex4.BlockingMessageQueueFuture$MyFuture@16dc1722
serie1.Ex4.BlockingMessageQueueFuture$MyFuture@12e39121
[3, 2, 5, 6, 11, 12, 13, 14, 1, 16, 17, 7, 8, 15, 10, 4, 19, 9, 20, 18]
[2, 5, 6, 11, 12, 13, 14, 1, 16, 17, 7, 8, 15, 10, 4, 19, 9, 20, 18]
[5, 6, 11, 12, 13, 14, 1, 16, 17, 7, 8, 15, 10, 4, 19, 9, 20, 18]
[6, 11, 12, 13, 14, 1, 16, 17, 7, 8, 15, 10, 4, 19, 9, 20, 18]
[11, 12, 13, 14, 1, 16, 17, 7, 8, 15, 10, 4, 19, 9, 20, 18]
[12, 13, 14, 1, 16, 17, 7, 8, 15, 10, 4, 19, 9, 20, 18]
[13, 14, 1, 16, 17, 7, 8, 15, 10, 4, 19, 9, 20, 18]
[14, 1, 16, 17, 7, 8, 15, 10, 4, 19, 9, 20, 18]
[1, 16, 17, 7, 8, 15, 10, 4, 19, 9, 20, 18]
[16, 17, 7, 8, 15, 10, 4, 19, 9, 20, 18]
[17, 7, 8, 15, 10, 4, 19, 9, 20, 18]
[7, 8, 15, 10, 4, 19, 9, 20, 18]
[8, 15, 10, 4, 19, 9, 20, 18]
[15, 10, 4, 19, 9, 20, 18]
[10, 4, 19, 9, 20, 18]
[4, 19, 9, 20, 18]
[19, 9, 20, 18]
[9, 20, 18]
[20, 18]
[18]
[4, 5, 6, 7, 8, 9, 10, 18, 19, 20, 14, 15, 17, 1, 2, 3, 11, 12, 13, 16]
[5, 6, 7, 8, 9, 10, 18, 19, 20, 14, 15, 17, 1, 2, 3, 11, 12, 13, 16]
[6, 7, 8, 9, 10, 18, 19, 20, 14, 15, 17, 1, 2, 3, 11, 12, 13, 16]
[7, 8, 9, 10, 18, 19, 20, 14, 15, 17, 1, 2, 3, 11, 12, 13, 16]
[8, 9, 10, 18, 19, 20, 14, 15, 17, 1, 2, 3, 11, 12, 13, 16]
[9, 10, 18, 19, 20, 14, 15, 17, 1, 2, 3, 11, 12, 13, 16]
[10, 18, 19, 20, 14, 15, 17, 1, 2, 3, 11, 12, 13, 16]
[18, 19, 20, 14, 15, 17, 1, 2, 3, 11, 12, 13, 16]
[19, 20, 14, 15, 17, 1, 2, 3, 11, 12, 13, 16]
[20, 14, 15, 17, 1, 2, 3, 11, 12, 13, 16]
[14, 15, 17, 1, 2, 3, 11, 12, 13, 16]
[15, 17, 1, 2, 3, 11, 12, 13, 16]
[17, 1, 2, 3, 11, 12, 13, 16]
[1, 2, 3, 11, 12, 13, 16]
[2, 3, 11, 12, 13, 16]
[3, 11, 12, 13, 16]
[11, 12, 13, 16]
[12, 13, 16]
[13, 16]
[16]
[1, 3, 2, 4, 13, 6, 8, 9, 10, 18, 19, 20, 14, 15, 16, 17, 7, 12, 11, 5]
[3, 2, 4, 13, 6, 8, 9, 10, 18, 19, 20, 14, 15, 16, 17, 7, 12, 11, 5]
[2, 4, 13, 6, 8, 9, 10, 18, 19, 20, 14, 15, 16, 17, 7, 12, 11, 5]
[4, 13, 6, 8, 9, 10, 18, 19, 20, 14, 15, 16, 17, 7, 12, 11, 5]
[13, 6, 8, 9, 10, 18, 19, 20, 14, 15, 16, 17, 7, 12, 11, 5]
[6, 8, 9, 10, 18, 19, 20, 14, 15, 16, 17, 7, 12, 11, 5]
[8, 9, 10, 18, 19, 20, 14, 15, 16, 17, 7, 12, 11, 5]
[9, 10, 18, 19, 20, 14, 15, 16, 17, 7, 12, 11, 5]
[10, 18, 19, 20, 14, 15, 16, 17, 7, 12, 11, 5]
[18, 19, 20, 14, 15, 16, 17, 7, 12, 11, 5]
[19, 20, 14, 15, 16, 17, 7, 12, 11, 5]
[20, 14, 15, 16, 17, 7, 12, 11, 5]
[14, 15, 16, 17, 7, 12, 11, 5]
[15, 16, 17, 7, 12, 11, 5]
[16, 17, 7, 12, 11, 5]
[17, 7, 12, 11, 5]
[7, 12, 11, 5]
[12, 11, 5]
[11, 5]
[5]
[4, 5, 6, 8, 10, 11, 9, 13, 1, 2, 3, 18, 19, 20, 14, 15, 16, 17, 12, 7]
[5, 6, 8, 10, 11, 9, 13, 1, 2, 3, 18, 19, 20, 14, 15, 16, 17, 12, 7]
[6, 8, 10, 11, 9, 13, 1, 2, 3, 18, 19, 20, 14, 15, 16, 17, 12, 7]
[8, 10, 11, 9, 13, 1, 2, 3, 18, 19, 20, 14, 15, 16, 17, 12, 7]
[10, 11, 9, 13, 1, 2, 3, 18, 19, 20, 14, 15, 16, 17, 12, 7]
[11, 9, 13, 1, 2, 3, 18, 19, 20, 14, 15, 16, 17, 12, 7]
[9, 13, 1, 2, 3, 18, 19, 20, 14, 15, 16, 17, 12, 7]
[13, 1, 2, 3, 18, 19, 20, 14, 15, 16, 17, 12, 7]
[1, 2, 3, 18, 19, 20, 14, 15, 16, 17, 12, 7]
[2, 3, 18, 19, 20, 14, 15, 16, 17, 12, 7]
[3, 18, 19, 20, 14, 15, 16, 17, 12, 7]
[18, 19, 20, 14, 15, 16, 17, 12, 7]
[19, 20, 14, 15, 16, 17, 12, 7]
[20, 14, 15, 16, 17, 12, 7]
[14, 15, 16, 17, 12, 7]
[15, 16, 17, 12, 7]
[16, 17, 12, 7]
[17, 12, 7]
[12, 7]
[7]
[4, 5, 6, 7, 9, 8, 11, 12, 1, 2, 3, 18, 19, 20, 14, 15, 16, 17, 10, 13]
[5, 6, 7, 9, 8, 11, 12, 1, 2, 3, 18, 19, 20, 14, 15, 16, 17, 10, 13]
[6, 7, 9, 8, 11, 12, 1, 2, 3, 18, 19, 20, 14, 15, 16, 17, 10, 13]
[7, 9, 8, 11, 12, 1, 2, 3, 18, 19, 20, 14, 15, 16, 17, 10, 13]
[9, 8, 11, 12, 1, 2, 3, 18, 19, 20, 14, 15, 16, 17, 10, 13]
[8, 11, 12, 1, 2, 3, 18, 19, 20, 14, 15, 16, 17, 10, 13]
[11, 12, 1, 2, 3, 18, 19, 20, 14, 15, 16, 17, 10, 13]
[12, 1, 2, 3, 18, 19, 20, 14, 15, 16, 17, 10, 13]
[1, 2, 3, 18, 19, 20, 14, 15, 16, 17, 10, 13]
[2, 3, 18, 19, 20, 14, 15, 16, 17, 10, 13]
[3, 18, 19, 20, 14, 15, 16, 17, 10, 13]
[18, 19, 20, 14, 15, 16, 17, 10, 13]
[19, 20, 14, 15, 16, 17, 10, 13]
[20, 14, 15, 16, 17, 10, 13]
[14, 15, 16, 17, 10, 13]
[15, 16, 17, 10, 13]
[16, 17, 10, 13]
[17, 10, 13]
[10, 13]
[13]
[1, 3, 5, 6, 11, 12, 13, 18, 4, 20, 7, 8, 9, 2, 10, 14, 16, 17, 19, 15]
[3, 5, 6, 11, 12, 13, 18, 4, 20, 7, 8, 9, 2, 10, 14, 16, 17, 19, 15]
[5, 6, 11, 12, 13, 18, 4, 20, 7, 8, 9, 2, 10, 14, 16, 17, 19, 15]
[6, 11, 12, 13, 18, 4, 20, 7, 8, 9, 2, 10, 14, 16, 17, 19, 15]
[11, 12, 13, 18, 4, 20, 7, 8, 9, 2, 10, 14, 16, 17, 19, 15]
[12, 13, 18, 4, 20, 7, 8, 9, 2, 10, 14, 16, 17, 19, 15]
[13, 18, 4, 20, 7, 8, 9, 2, 10, 14, 16, 17, 19, 15]
[18, 4, 20, 7, 8, 9, 2, 10, 14, 16, 17, 19, 15]
[4, 20, 7, 8, 9, 2, 10, 14, 16, 17, 19, 15]
[20, 7, 8, 9, 2, 10, 14, 16, 17, 19, 15]
[7, 8, 9, 2, 10, 14, 16, 17, 19, 15]
[8, 9, 2, 10, 14, 16, 17, 19, 15]
[9, 2, 10, 14, 16, 17, 19, 15]
[2, 10, 14, 16, 17, 19, 15]
[10, 14, 16, 17, 19, 15]
[14, 16, 17, 19, 15]
[16, 17, 19, 15]
[17, 19, 15]
[19, 15]
[15]
[4, 5, 6, 11, 12, 2, 18, 19, 20, 14, 15, 16, 17, 1, 7, 8, 9, 10, 13, 3]
[5, 6, 11, 12, 2, 18, 19, 20, 14, 15, 16, 17, 1, 7, 8, 9, 10, 13, 3]
[6, 11, 12, 2, 18, 19, 20, 14, 15, 16, 17, 1, 7, 8, 9, 10, 13, 3]
[11, 12, 2, 18, 19, 20, 14, 15, 16, 17, 1, 7, 8, 9, 10, 13, 3]
[12, 2, 18, 19, 20, 14, 15, 16, 17, 1, 7, 8, 9, 10, 13, 3]
[2, 18, 19, 20, 14, 15, 16, 17, 1, 7, 8, 9, 10, 13, 3]
[18, 19, 20, 14, 15, 16, 17, 1, 7, 8, 9, 10, 13, 3]
[19, 20, 14, 15, 16, 17, 1, 7, 8, 9, 10, 13, 3]
[20, 14, 15, 16, 17, 1, 7, 8, 9, 10, 13, 3]
[14, 15, 16, 17, 1, 7, 8, 9, 10, 13, 3]
[15, 16, 17, 1, 7, 8, 9, 10, 13, 3]
[16, 17, 1, 7, 8, 9, 10, 13, 3]
[17, 1, 7, 8, 9, 10, 13, 3]
[1, 7, 8, 9, 10, 13, 3]
[7, 8, 9, 10, 13, 3]
[8, 9, 10, 13, 3]
[9, 10, 13, 3]
[10, 13, 3]
[13, 3]
[3]
[2, 1, 4, 5, 6, 12, 13, 18, 19, 20, 3, 15, 16, 17, 7, 8, 9, 10, 14, 11]
[1, 4, 5, 6, 12, 13, 18, 19, 20, 3, 15, 16, 17, 7, 8, 9, 10, 14, 11]
[4, 5, 6, 12, 13, 18, 19, 20, 3, 15, 16, 17, 7, 8, 9, 10, 14, 11]
[5, 6, 12, 13, 18, 19, 20, 3, 15, 16, 17, 7, 8, 9, 10, 14, 11]
[6, 12, 13, 18, 19, 20, 3, 15, 16, 17, 7, 8, 9, 10, 14, 11]
[12, 13, 18, 19, 20, 3, 15, 16, 17, 7, 8, 9, 10, 14, 11]
[13, 18, 19, 20, 3, 15, 16, 17, 7, 8, 9, 10, 14, 11]
[18, 19, 20, 3, 15, 16, 17, 7, 8, 9, 10, 14, 11]
[19, 20, 3, 15, 16, 17, 7, 8, 9, 10, 14, 11]
[20, 3, 15, 16, 17, 7, 8, 9, 10, 14, 11]
[3, 15, 16, 17, 7, 8, 9, 10, 14, 11]
[15, 16, 17, 7, 8, 9, 10, 14, 11]
[16, 17, 7, 8, 9, 10, 14, 11]
[17, 7, 8, 9, 10, 14, 11]
[7, 8, 9, 10, 14, 11]
[8, 9, 10, 14, 11]
[9, 10, 14, 11]
[10, 14, 11]
[14, 11]
[11]
[1, 2, 3, 6, 4, 5, 18, 19, 12, 20, 14, 15, 16, 17, 7, 8, 9, 10, 13, 11]
[2, 3, 6, 4, 5, 18, 19, 12, 20, 14, 15, 16, 17, 7, 8, 9, 10, 13, 11]
[3, 6, 4, 5, 18, 19, 12, 20, 14, 15, 16, 17, 7, 8, 9, 10, 13, 11]
[6, 4, 5, 18, 19, 12, 20, 14, 15, 16, 17, 7, 8, 9, 10, 13, 11]
[4, 5, 18, 19, 12, 20, 14, 15, 16, 17, 7, 8, 9, 10, 13, 11]
[5, 18, 19, 12, 20, 14, 15, 16, 17, 7, 8, 9, 10, 13, 11]
[18, 19, 12, 20, 14, 15, 16, 17, 7, 8, 9, 10, 13, 11]
[19, 12, 20, 14, 15, 16, 17, 7, 8, 9, 10, 13, 11]
[12, 20, 14, 15, 16, 17, 7, 8, 9, 10, 13, 11]
[20, 14, 15, 16, 17, 7, 8, 9, 10, 13, 11]
[14, 15, 16, 17, 7, 8, 9, 10, 13, 11]
[15, 16, 17, 7, 8, 9, 10, 13, 11]
[16, 17, 7, 8, 9, 10, 13, 11]
[17, 7, 8, 9, 10, 13, 11]
[7, 8, 9, 10, 13, 11]
[8, 9, 10, 13, 11]
[9, 10, 13, 11]
[10, 13, 11]
[13, 11]
[11]
[4, 6, 7, 8, 5, 18, 19, 20, 1, 2, 3, 13, 12, 15, 16, 17, 11, 10, 9, 14]
[6, 7, 8, 5, 18, 19, 20, 1, 2, 3, 13, 12, 15, 16, 17, 11, 10, 9, 14]
[7, 8, 5, 18, 19, 20, 1, 2, 3, 13, 12, 15, 16, 17, 11, 10, 9, 14]
[8, 5, 18, 19, 20, 1, 2, 3, 13, 12, 15, 16, 17, 11, 10, 9, 14]
[5, 18, 19, 20, 1, 2, 3, 13, 12, 15, 16, 17, 11, 10, 9, 14]
[18, 19, 20, 1, 2, 3, 13, 12, 15, 16, 17, 11, 10, 9, 14]
[19, 20, 1, 2, 3, 13, 12, 15, 16, 17, 11, 10, 9, 14]
[20, 1, 2, 3, 13, 12, 15, 16, 17, 11, 10, 9, 14]
[1, 2, 3, 13, 12, 15, 16, 17, 11, 10, 9, 14]
[2, 3, 13, 12, 15, 16, 17, 11, 10, 9, 14]
[3, 13, 12, 15, 16, 17, 11, 10, 9, 14]
[13, 12, 15, 16, 17, 11, 10, 9, 14]
[12, 15, 16, 17, 11, 10, 9, 14]
[15, 16, 17, 11, 10, 9, 14]
[16, 17, 11, 10, 9, 14]
[17, 11, 10, 9, 14]
[11, 10, 9, 14]
[10, 9, 14]
[9, 14]
[14]
[2, 3, 4, 5, 6, 7, 1, 9, 10, 11, 12, 13, 14, 15, 16, 17, 8, 20, 19, 18]
[3, 4, 5, 6, 7, 1, 9, 10, 11, 12, 13, 14, 15, 16, 17, 8, 20, 19, 18]
[4, 5, 6, 7, 1, 9, 10, 11, 12, 13, 14, 15, 16, 17, 8, 20, 19, 18]
[5, 6, 7, 1, 9, 10, 11, 12, 13, 14, 15, 16, 17, 8, 20, 19, 18]
[6, 7, 1, 9, 10, 11, 12, 13, 14, 15, 16, 17, 8, 20, 19, 18]
[7, 1, 9, 10, 11, 12, 13, 14, 15, 16, 17, 8, 20, 19, 18]
[1, 9, 10, 11, 12, 13, 14, 15, 16, 17, 8, 20, 19, 18]
[9, 10, 11, 12, 13, 14, 15, 16, 17, 8, 20, 19, 18]
[10, 11, 12, 13, 14, 15, 16, 17, 8, 20, 19, 18]
[11, 12, 13, 14, 15, 16, 17, 8, 20, 19, 18]
[12, 13, 14, 15, 16, 17, 8, 20, 19, 18]
[13, 14, 15, 16, 17, 8, 20, 19, 18]
[14, 15, 16, 17, 8, 20, 19, 18]
[15, 16, 17, 8, 20, 19, 18]
[16, 17, 8, 20, 19, 18]
[17, 8, 20, 19, 18]
[8, 20, 19, 18]
[20, 19, 18]
[19, 18]
[18]
[1, 3, 6, 11, 13, 12, 2, 14, 15, 16, 17, 7, 8, 9, 10, 4, 20, 19, 18, 5]
[3, 6, 11, 13, 12, 2, 14, 15, 16, 17, 7, 8, 9, 10, 4, 20, 19, 18, 5]
[6, 11, 13, 12, 2, 14, 15, 16, 17, 7, 8, 9, 10, 4, 20, 19, 18, 5]
[11, 13, 12, 2, 14, 15, 16, 17, 7, 8, 9, 10, 4, 20, 19, 18, 5]
[13, 12, 2, 14, 15, 16, 17, 7, 8, 9, 10, 4, 20, 19, 18, 5]
[12, 2, 14, 15, 16, 17, 7, 8, 9, 10, 4, 20, 19, 18, 5]
[2, 14, 15, 16, 17, 7, 8, 9, 10, 4, 20, 19, 18, 5]
[14, 15, 16, 17, 7, 8, 9, 10, 4, 20, 19, 18, 5]
[15, 16, 17, 7, 8, 9, 10, 4, 20, 19, 18, 5]
[16, 17, 7, 8, 9, 10, 4, 20, 19, 18, 5]
[17, 7, 8, 9, 10, 4, 20, 19, 18, 5]
[7, 8, 9, 10, 4, 20, 19, 18, 5]
[8, 9, 10, 4, 20, 19, 18, 5]
[9, 10, 4, 20, 19, 18, 5]
[10, 4, 20, 19, 18, 5]
[4, 20, 19, 18, 5]
[20, 19, 18, 5]
[19, 18, 5]
[18, 5]
[5]
[2, 3, 6, 1, 20, 11, 12, 13, 7, 8, 9, 10, 14, 15, 16, 17, 19, 18, 5, 4]
[3, 6, 1, 20, 11, 12, 13, 7, 8, 9, 10, 14, 15, 16, 17, 19, 18, 5, 4]
[6, 1, 20, 11, 12, 13, 7, 8, 9, 10, 14, 15, 16, 17, 19, 18, 5, 4]
[1, 20, 11, 12, 13, 7, 8, 9, 10, 14, 15, 16, 17, 19, 18, 5, 4]
[20, 11, 12, 13, 7, 8, 9, 10, 14, 15, 16, 17, 19, 18, 5, 4]
[11, 12, 13, 7, 8, 9, 10, 14, 15, 16, 17, 19, 18, 5, 4]
[12, 13, 7, 8, 9, 10, 14, 15, 16, 17, 19, 18, 5, 4]
[13, 7, 8, 9, 10, 14, 15, 16, 17, 19, 18, 5, 4]
[7, 8, 9, 10, 14, 15, 16, 17, 19, 18, 5, 4]
[8, 9, 10, 14, 15, 16, 17, 19, 18, 5, 4]
[9, 10, 14, 15, 16, 17, 19, 18, 5, 4]
[10, 14, 15, 16, 17, 19, 18, 5, 4]
[14, 15, 16, 17, 19, 18, 5, 4]
[15, 16, 17, 19, 18, 5, 4]
[16, 17, 19, 18, 5, 4]
[17, 19, 18, 5, 4]
[19, 18, 5, 4]
[18, 5, 4]
[5, 4]
[4]
[1, 2, 3, 4, 5, 11, 13, 18, 19, 20, 14, 15, 16, 17, 7, 8, 9, 10, 6, 12]
[2, 3, 4, 5, 11, 13, 18, 19, 20, 14, 15, 16, 17, 7, 8, 9, 10, 6, 12]
[3, 4, 5, 11, 13, 18, 19, 20, 14, 15, 16, 17, 7, 8, 9, 10, 6, 12]
[4, 5, 11, 13, 18, 19, 20, 14, 15, 16, 17, 7, 8, 9, 10, 6, 12]
[5, 11, 13, 18, 19, 20, 14, 15, 16, 17, 7, 8, 9, 10, 6, 12]
[11, 13, 18, 19, 20, 14, 15, 16, 17, 7, 8, 9, 10, 6, 12]
[13, 18, 19, 20, 14, 15, 16, 17, 7, 8, 9, 10, 6, 12]
[18, 19, 20, 14, 15, 16, 17, 7, 8, 9, 10, 6, 12]
[19, 20, 14, 15, 16, 17, 7, 8, 9, 10, 6, 12]
[20, 14, 15, 16, 17, 7, 8, 9, 10, 6, 12]
[14, 15, 16, 17, 7, 8, 9, 10, 6, 12]
[15, 16, 17, 7, 8, 9, 10, 6, 12]
[16, 17, 7, 8, 9, 10, 6, 12]
[17, 7, 8, 9, 10, 6, 12]
[7, 8, 9, 10, 6, 12]
[8, 9, 10, 6, 12]
[9, 10, 6, 12]
[10, 6, 12]
[6, 12]
[12]
[1, 2, 3, 6, 8, 9, 7, 18, 20, 11, 12, 4, 5, 14, 15, 16, 17, 10, 13, 19]
[2, 3, 6, 8, 9, 7, 18, 20, 11, 12, 4, 5, 14, 15, 16, 17, 10, 13, 19]
[3, 6, 8, 9, 7, 18, 20, 11, 12, 4, 5, 14, 15, 16, 17, 10, 13, 19]
[6, 8, 9, 7, 18, 20, 11, 12, 4, 5, 14, 15, 16, 17, 10, 13, 19]
[8, 9, 7, 18, 20, 11, 12, 4, 5, 14, 15, 16, 17, 10, 13, 19]
[9, 7, 18, 20, 11, 12, 4, 5, 14, 15, 16, 17, 10, 13, 19]
[7, 18, 20, 11, 12, 4, 5, 14, 15, 16, 17, 10, 13, 19]
[18, 20, 11, 12, 4, 5, 14, 15, 16, 17, 10, 13, 19]
[20, 11, 12, 4, 5, 14, 15, 16, 17, 10, 13, 19]
[11, 12, 4, 5, 14, 15, 16, 17, 10, 13, 19]
[12, 4, 5, 14, 15, 16, 17, 10, 13, 19]
[4, 5, 14, 15, 16, 17, 10, 13, 19]
[5, 14, 15, 16, 17, 10, 13, 19]
[14, 15, 16, 17, 10, 13, 19]
[15, 16, 17, 10, 13, 19]
[16, 17, 10, 13, 19]
[17, 10, 13, 19]
[10, 13, 19]
[13, 19]
[19]
[1, 2, 4, 6, 11, 12, 13, 18, 19, 20, 7, 8, 9, 10, 14, 15, 16, 17, 5, 3]
[2, 4, 6, 11, 12, 13, 18, 19, 20, 7, 8, 9, 10, 14, 15, 16, 17, 5, 3]
[4, 6, 11, 12, 13, 18, 19, 20, 7, 8, 9, 10, 14, 15, 16, 17, 5, 3]
[6, 11, 12, 13, 18, 19, 20, 7, 8, 9, 10, 14, 15, 16, 17, 5, 3]
[11, 12, 13, 18, 19, 20, 7, 8, 9, 10, 14, 15, 16, 17, 5, 3]
[12, 13, 18, 19, 20, 7, 8, 9, 10, 14, 15, 16, 17, 5, 3]
[13, 18, 19, 20, 7, 8, 9, 10, 14, 15, 16, 17, 5, 3]
[18, 19, 20, 7, 8, 9, 10, 14, 15, 16, 17, 5, 3]
[19, 20, 7, 8, 9, 10, 14, 15, 16, 17, 5, 3]
[20, 7, 8, 9, 10, 14, 15, 16, 17, 5, 3]
[7, 8, 9, 10, 14, 15, 16, 17, 5, 3]
[8, 9, 10, 14, 15, 16, 17, 5, 3]
[9, 10, 14, 15, 16, 17, 5, 3]
[10, 14, 15, 16, 17, 5, 3]
[14, 15, 16, 17, 5, 3]
[15, 16, 17, 5, 3]
[16, 17, 5, 3]
[17, 5, 3]
[5, 3]
[3]
[1, 2, 3, 4, 5, 7, 8, 9, 10, 11, 12, 13, 14, 15, 6, 17, 18, 16, 19, 20]
[2, 3, 4, 5, 7, 8, 9, 10, 11, 12, 13, 14, 15, 6, 17, 18, 16, 19, 20]
[3, 4, 5, 7, 8, 9, 10, 11, 12, 13, 14, 15, 6, 17, 18, 16, 19, 20]
[4, 5, 7, 8, 9, 10, 11, 12, 13, 14, 15, 6, 17, 18, 16, 19, 20]
[5, 7, 8, 9, 10, 11, 12, 13, 14, 15, 6, 17, 18, 16, 19, 20]
[7, 8, 9, 10, 11, 12, 13, 14, 15, 6, 17, 18, 16, 19, 20]
[8, 9, 10, 11, 12, 13, 14, 15, 6, 17, 18, 16, 19, 20]
[9, 10, 11, 12, 13, 14, 15, 6, 17, 18, 16, 19, 20]
[10, 11, 12, 13, 14, 15, 6, 17, 18, 16, 19, 20]
[11, 12, 13, 14, 15, 6, 17, 18, 16, 19, 20]
[12, 13, 14, 15, 6, 17, 18, 16, 19, 20]
[13, 14, 15, 6, 17, 18, 16, 19, 20]
[14, 15, 6, 17, 18, 16, 19, 20]
[15, 6, 17, 18, 16, 19, 20]
[6, 17, 18, 16, 19, 20]
[17, 18, 16, 19, 20]
[18, 16, 19, 20]
[16, 19, 20]
[19, 20]
[20]
[4, 5, 6, 11, 13, 18, 19, 20, 1, 2, 12, 7, 8, 9, 10, 14, 15, 16, 17, 3]
[5, 6, 11, 13, 18, 19, 20, 1, 2, 12, 7, 8, 9, 10, 14, 15, 16, 17, 3]
[6, 11, 13, 18, 19, 20, 1, 2, 12, 7, 8, 9, 10, 14, 15, 16, 17, 3]
[11, 13, 18, 19, 20, 1, 2, 12, 7, 8, 9, 10, 14, 15, 16, 17, 3]
[13, 18, 19, 20, 1, 2, 12, 7, 8, 9, 10, 14, 15, 16, 17, 3]
[18, 19, 20, 1, 2, 12, 7, 8, 9, 10, 14, 15, 16, 17, 3]
[19, 20, 1, 2, 12, 7, 8, 9, 10, 14, 15, 16, 17, 3]
[20, 1, 2, 12, 7, 8, 9, 10, 14, 15, 16, 17, 3]
[1, 2, 12, 7, 8, 9, 10, 14, 15, 16, 17, 3]
[2, 12, 7, 8, 9, 10, 14, 15, 16, 17, 3]
[12, 7, 8, 9, 10, 14, 15, 16, 17, 3]
[7, 8, 9, 10, 14, 15, 16, 17, 3]
[8, 9, 10, 14, 15, 16, 17, 3]
[9, 10, 14, 15, 16, 17, 3]
[10, 14, 15, 16, 17, 3]
[14, 15, 16, 17, 3]
[15, 16, 17, 3]
[16, 17, 3]
[17, 3]
[3]
[1, 2, 3, 5, 4, 18, 20, 11, 6, 13, 7, 9, 10, 14, 15, 16, 17, 8, 12, 19]
[2, 3, 5, 4, 18, 20, 11, 6, 13, 7, 9, 10, 14, 15, 16, 17, 8, 12, 19]
[3, 5, 4, 18, 20, 11, 6, 13, 7, 9, 10, 14, 15, 16, 17, 8, 12, 19]
[5, 4, 18, 20, 11, 6, 13, 7, 9, 10, 14, 15, 16, 17, 8, 12, 19]
[4, 18, 20, 11, 6, 13, 7, 9, 10, 14, 15, 16, 17, 8, 12, 19]
[18, 20, 11, 6, 13, 7, 9, 10, 14, 15, 16, 17, 8, 12, 19]
[20, 11, 6, 13, 7, 9, 10, 14, 15, 16, 17, 8, 12, 19]
[11, 6, 13, 7, 9, 10, 14, 15, 16, 17, 8, 12, 19]
[6, 13, 7, 9, 10, 14, 15, 16, 17, 8, 12, 19]
[13, 7, 9, 10, 14, 15, 16, 17, 8, 12, 19]
[7, 9, 10, 14, 15, 16, 17, 8, 12, 19]
[9, 10, 14, 15, 16, 17, 8, 12, 19]
[10, 14, 15, 16, 17, 8, 12, 19]
[14, 15, 16, 17, 8, 12, 19]
[15, 16, 17, 8, 12, 19]
[16, 17, 8, 12, 19]
[17, 8, 12, 19]
[8, 12, 19]
[12, 19]
[19]
[4, 5, 8, 7, 2, 6, 18, 19, 20, 11, 12, 13, 14, 15, 16, 17, 3, 1, 10, 9]
[5, 8, 7, 2, 6, 18, 19, 20, 11, 12, 13, 14, 15, 16, 17, 3, 1, 10, 9]
[8, 7, 2, 6, 18, 19, 20, 11, 12, 13, 14, 15, 16, 17, 3, 1, 10, 9]
[7, 2, 6, 18, 19, 20, 11, 12, 13, 14, 15, 16, 17, 3, 1, 10, 9]
[2, 6, 18, 19, 20, 11, 12, 13, 14, 15, 16, 17, 3, 1, 10, 9]
[6, 18, 19, 20, 11, 12, 13, 14, 15, 16, 17, 3, 1, 10, 9]
[18, 19, 20, 11, 12, 13, 14, 15, 16, 17, 3, 1, 10, 9]
[19, 20, 11, 12, 13, 14, 15, 16, 17, 3, 1, 10, 9]
[20, 11, 12, 13, 14, 15, 16, 17, 3, 1, 10, 9]
[11, 12, 13, 14, 15, 16, 17, 3, 1, 10, 9]
[12, 13, 14, 15, 16, 17, 3, 1, 10, 9]
[13, 14, 15, 16, 17, 3, 1, 10, 9]
[14, 15, 16, 17, 3, 1, 10, 9]
[15, 16, 17, 3, 1, 10, 9]
[16, 17, 3, 1, 10, 9]
[17, 3, 1, 10, 9]
[3, 1, 10, 9]
[1, 10, 9]
[10, 9]
[9]
[7, 6, 10, 11, 12, 13, 9, 4, 8, 5, 1, 2, 3, 18, 19, 20, 14, 16, 17, 15]
[6, 10, 11, 12, 13, 9, 4, 8, 5, 1, 2, 3, 18, 19, 20, 14, 16, 17, 15]
[10, 11, 12, 13, 9, 4, 8, 5, 1, 2, 3, 18, 19, 20, 14, 16, 17, 15]
[11, 12, 13, 9, 4, 8, 5, 1, 2, 3, 18, 19, 20, 14, 16, 17, 15]
[12, 13, 9, 4, 8, 5, 1, 2, 3, 18, 19, 20, 14, 16, 17, 15]
[13, 9, 4, 8, 5, 1, 2, 3, 18, 19, 20, 14, 16, 17, 15]
[9, 4, 8, 5, 1, 2, 3, 18, 19, 20, 14, 16, 17, 15]
[4, 8, 5, 1, 2, 3, 18, 19, 20, 14, 16, 17, 15]
[8, 5, 1, 2, 3, 18, 19, 20, 14, 16, 17, 15]
[5, 1, 2, 3, 18, 19, 20, 14, 16, 17, 15]
[1, 2, 3, 18, 19, 20, 14, 16, 17, 15]
[2, 3, 18, 19, 20, 14, 16, 17, 15]
[3, 18, 19, 20, 14, 16, 17, 15]
[18, 19, 20, 14, 16, 17, 15]
[19, 20, 14, 16, 17, 15]
[20, 14, 16, 17, 15]
[14, 16, 17, 15]
[16, 17, 15]
[17, 15]
[15]
[1, 2, 3, 5, 11, 12, 13, 6, 20, 7, 8, 9, 10, 14, 4, 15, 16, 17, 19, 18]
[2, 3, 5, 11, 12, 13, 6, 20, 7, 8, 9, 10, 14, 4, 15, 16, 17, 19, 18]
[3, 5, 11, 12, 13, 6, 20, 7, 8, 9, 10, 14, 4, 15, 16, 17, 19, 18]
[5, 11, 12, 13, 6, 20, 7, 8, 9, 10, 14, 4, 15, 16, 17, 19, 18]
[11, 12, 13, 6, 20, 7, 8, 9, 10, 14, 4, 15, 16, 17, 19, 18]
[12, 13, 6, 20, 7, 8, 9, 10, 14, 4, 15, 16, 17, 19, 18]
[13, 6, 20, 7, 8, 9, 10, 14, 4, 15, 16, 17, 19, 18]
[6, 20, 7, 8, 9, 10, 14, 4, 15, 16, 17, 19, 18]
[20, 7, 8, 9, 10, 14, 4, 15, 16, 17, 19, 18]
[7, 8, 9, 10, 14, 4, 15, 16, 17, 19, 18]
[8, 9, 10, 14, 4, 15, 16, 17, 19, 18]
[9, 10, 14, 4, 15, 16, 17, 19, 18]
[10, 14, 4, 15, 16, 17, 19, 18]
[14, 4, 15, 16, 17, 19, 18]
[4, 15, 16, 17, 19, 18]
[15, 16, 17, 19, 18]
[16, 17, 19, 18]
[17, 19, 18]
[19, 18]
[18]
[1, 2, 3, 5, 6, 7, 8, 9, 10, 18, 19, 20, 11, 12, 13, 14, 15, 16, 17, 4]
[2, 3, 5, 6, 7, 8, 9, 10, 18, 19, 20, 11, 12, 13, 14, 15, 16, 17, 4]
[3, 5, 6, 7, 8, 9, 10, 18, 19, 20, 11, 12, 13, 14, 15, 16, 17, 4]
[5, 6, 7, 8, 9, 10, 18, 19, 20, 11, 12, 13, 14, 15, 16, 17, 4]
[6, 7, 8, 9, 10, 18, 19, 20, 11, 12, 13, 14, 15, 16, 17, 4]
[7, 8, 9, 10, 18, 19, 20, 11, 12, 13, 14, 15, 16, 17, 4]
[8, 9, 10, 18, 19, 20, 11, 12, 13, 14, 15, 16, 17, 4]
[9, 10, 18, 19, 20, 11, 12, 13, 14, 15, 16, 17, 4]
[10, 18, 19, 20, 11, 12, 13, 14, 15, 16, 17, 4]
[18, 19, 20, 11, 12, 13, 14, 15, 16, 17, 4]
[19, 20, 11, 12, 13, 14, 15, 16, 17, 4]
[20, 11, 12, 13, 14, 15, 16, 17, 4]
[11, 12, 13, 14, 15, 16, 17, 4]
[12, 13, 14, 15, 16, 17, 4]
[13, 14, 15, 16, 17, 4]
[14, 15, 16, 17, 4]
[15, 16, 17, 4]
[16, 17, 4]
[17, 4]
[4]
[2, 4, 5, 6, 15, 16, 17, 11, 12, 13, 18, 19, 20, 7, 8, 9, 10, 1, 14, 3]
[4, 5, 6, 15, 16, 17, 11, 12, 13, 18, 19, 20, 7, 8, 9, 10, 1, 14, 3]
[5, 6, 15, 16, 17, 11, 12, 13, 18, 19, 20, 7, 8, 9, 10, 1, 14, 3]
[6, 15, 16, 17, 11, 12, 13, 18, 19, 20, 7, 8, 9, 10, 1, 14, 3]
[15, 16, 17, 11, 12, 13, 18, 19, 20, 7, 8, 9, 10, 1, 14, 3]
[16, 17, 11, 12, 13, 18, 19, 20, 7, 8, 9, 10, 1, 14, 3]
[17, 11, 12, 13, 18, 19, 20, 7, 8, 9, 10, 1, 14, 3]
[11, 12, 13, 18, 19, 20, 7, 8, 9, 10, 1, 14, 3]
[12, 13, 18, 19, 20, 7, 8, 9, 10, 1, 14, 3]
[13, 18, 19, 20, 7, 8, 9, 10, 1, 14, 3]
[18, 19, 20, 7, 8, 9, 10, 1, 14, 3]
[19, 20, 7, 8, 9, 10, 1, 14, 3]
[20, 7, 8, 9, 10, 1, 14, 3]
[7, 8, 9, 10, 1, 14, 3]
[8, 9, 10, 1, 14, 3]
[9, 10, 1, 14, 3]
[10, 1, 14, 3]
[1, 14, 3]
[14, 3]
[3]
[1, 3, 4, 5, 2, 19, 20, 11, 12, 13, 7, 8, 18, 9, 10, 14, 15, 16, 17, 6]
[3, 4, 5, 2, 19, 20, 11, 12, 13, 7, 8, 18, 9, 10, 14, 15, 16, 17, 6]
[4, 5, 2, 19, 20, 11, 12, 13, 7, 8, 18, 9, 10, 14, 15, 16, 17, 6]
[5, 2, 19, 20, 11, 12, 13, 7, 8, 18, 9, 10, 14, 15, 16, 17, 6]
[2, 19, 20, 11, 12, 13, 7, 8, 18, 9, 10, 14, 15, 16, 17, 6]
[19, 20, 11, 12, 13, 7, 8, 18, 9, 10, 14, 15, 16, 17, 6]
[20, 11, 12, 13, 7, 8, 18, 9, 10, 14, 15, 16, 17, 6]
[11, 12, 13, 7, 8, 18, 9, 10, 14, 15, 16, 17, 6]
[12, 13, 7, 8, 18, 9, 10, 14, 15, 16, 17, 6]
[13, 7, 8, 18, 9, 10, 14, 15, 16, 17, 6]
[7, 8, 18, 9, 10, 14, 15, 16, 17, 6]
[8, 18, 9, 10, 14, 15, 16, 17, 6]
[18, 9, 10, 14, 15, 16, 17, 6]
[9, 10, 14, 15, 16, 17, 6]
[10, 14, 15, 16, 17, 6]
[14, 15, 16, 17, 6]
[15, 16, 17, 6]
[16, 17, 6]
[17, 6]
[6]
[2, 6, 4, 5, 11, 3, 7, 8, 9, 13, 18, 19, 20, 14, 15, 16, 17, 12, 1, 10]
[6, 4, 5, 11, 3, 7, 8, 9, 13, 18, 19, 20, 14, 15, 16, 17, 12, 1, 10]
[4, 5, 11, 3, 7, 8, 9, 13, 18, 19, 20, 14, 15, 16, 17, 12, 1, 10]
[5, 11, 3, 7, 8, 9, 13, 18, 19, 20, 14, 15, 16, 17, 12, 1, 10]
[11, 3, 7, 8, 9, 13, 18, 19, 20, 14, 15, 16, 17, 12, 1, 10]
[3, 7, 8, 9, 13, 18, 19, 20, 14, 15, 16, 17, 12, 1, 10]
[7, 8, 9, 13, 18, 19, 20, 14, 15, 16, 17, 12, 1, 10]
[8, 9, 13, 18, 19, 20, 14, 15, 16, 17, 12, 1, 10]
[9, 13, 18, 19, 20, 14, 15, 16, 17, 12, 1, 10]
[13, 18, 19, 20, 14, 15, 16, 17, 12, 1, 10]
[18, 19, 20, 14, 15, 16, 17, 12, 1, 10]
[19, 20, 14, 15, 16, 17, 12, 1, 10]
[20, 14, 15, 16, 17, 12, 1, 10]
[14, 15, 16, 17, 12, 1, 10]
[15, 16, 17, 12, 1, 10]
[16, 17, 12, 1, 10]
[17, 12, 1, 10]
[12, 1, 10]
[1, 10]
[10]
[1, 2, 3, 6, 4, 7, 5, 11, 12, 13, 18, 19, 20, 14, 15, 16, 10, 9, 8, 17]
[2, 3, 6, 4, 7, 5, 11, 12, 13, 18, 19, 20, 14, 15, 16, 10, 9, 8, 17]
[3, 6, 4, 7, 5, 11, 12, 13, 18, 19, 20, 14, 15, 16, 10, 9, 8, 17]
[6, 4, 7, 5, 11, 12, 13, 18, 19, 20, 14, 15, 16, 10, 9, 8, 17]
[4, 7, 5, 11, 12, 13, 18, 19, 20, 14, 15, 16, 10, 9, 8, 17]
[7, 5, 11, 12, 13, 18, 19, 20, 14, 15, 16, 10, 9, 8, 17]
[5, 11, 12, 13, 18, 19, 20, 14, 15, 16, 10, 9, 8, 17]
[11, 12, 13, 18, 19, 20, 14, 15, 16, 10, 9, 8, 17]
[12, 13, 18, 19, 20, 14, 15, 16, 10, 9, 8, 17]
[13, 18, 19, 20, 14, 15, 16, 10, 9, 8, 17]
[18, 19, 20, 14, 15, 16, 10, 9, 8, 17]
[19, 20, 14, 15, 16, 10, 9, 8, 17]
[20, 14, 15, 16, 10, 9, 8, 17]
[14, 15, 16, 10, 9, 8, 17]
[15, 16, 10, 9, 8, 17]
[16, 10, 9, 8, 17]
[10, 9, 8, 17]
[9, 8, 17]
[8, 17]
[17]
[1, 2, 3, 4, 5, 6, 11, 12, 13, 18, 20, 14, 19, 16, 15, 7, 17, 8, 9, 10]
[2, 3, 4, 5, 6, 11, 12, 13, 18, 20, 14, 19, 16, 15, 7, 17, 8, 9, 10]
[3, 4, 5, 6, 11, 12, 13, 18, 20, 14, 19, 16, 15, 7, 17, 8, 9, 10]
[4, 5, 6, 11, 12, 13, 18, 20, 14, 19, 16, 15, 7, 17, 8, 9, 10]
[5, 6, 11, 12, 13, 18, 20, 14, 19, 16, 15, 7, 17, 8, 9, 10]
[6, 11, 12, 13, 18, 20, 14, 19, 16, 15, 7, 17, 8, 9, 10]
[11, 12, 13, 18, 20, 14, 19, 16, 15, 7, 17, 8, 9, 10]
[12, 13, 18, 20, 14, 19, 16, 15, 7, 17, 8, 9, 10]
[13, 18, 20, 14, 19, 16, 15, 7, 17, 8, 9, 10]
[18, 20, 14, 19, 16, 15, 7, 17, 8, 9, 10]
[20, 14, 19, 16, 15, 7, 17, 8, 9, 10]
[14, 19, 16, 15, 7, 17, 8, 9, 10]
[19, 16, 15, 7, 17, 8, 9, 10]
[16, 15, 7, 17, 8, 9, 10]
[15, 7, 17, 8, 9, 10]
[7, 17, 8, 9, 10]
[17, 8, 9, 10]
[8, 9, 10]
[9, 10]
[10]
[1, 2, 3, 11, 12, 13, 18, 19, 6, 5, 14, 15, 16, 17, 7, 8, 9, 10, 4, 20]
[2, 3, 11, 12, 13, 18, 19, 6, 5, 14, 15, 16, 17, 7, 8, 9, 10, 4, 20]
[3, 11, 12, 13, 18, 19, 6, 5, 14, 15, 16, 17, 7, 8, 9, 10, 4, 20]
[11, 12, 13, 18, 19, 6, 5, 14, 15, 16, 17, 7, 8, 9, 10, 4, 20]
[12, 13, 18, 19, 6, 5, 14, 15, 16, 17, 7, 8, 9, 10, 4, 20]
[13, 18, 19, 6, 5, 14, 15, 16, 17, 7, 8, 9, 10, 4, 20]
[18, 19, 6, 5, 14, 15, 16, 17, 7, 8, 9, 10, 4, 20]
[19, 6, 5, 14, 15, 16, 17, 7, 8, 9, 10, 4, 20]
[6, 5, 14, 15, 16, 17, 7, 8, 9, 10, 4, 20]
[5, 14, 15, 16, 17, 7, 8, 9, 10, 4, 20]
[14, 15, 16, 17, 7, 8, 9, 10, 4, 20]
[15, 16, 17, 7, 8, 9, 10, 4, 20]
[16, 17, 7, 8, 9, 10, 4, 20]
[17, 7, 8, 9, 10, 4, 20]
[7, 8, 9, 10, 4, 20]
[8, 9, 10, 4, 20]
[9, 10, 4, 20]
[10, 4, 20]
[4, 20]
[20]
[4, 1, 2, 3, 18, 19, 20, 6, 11, 5, 13, 12, 15, 17, 7, 8, 9, 10, 16, 14]
[1, 2, 3, 18, 19, 20, 6, 11, 5, 13, 12, 15, 17, 7, 8, 9, 10, 16, 14]
[2, 3, 18, 19, 20, 6, 11, 5, 13, 12, 15, 17, 7, 8, 9, 10, 16, 14]
[3, 18, 19, 20, 6, 11, 5, 13, 12, 15, 17, 7, 8, 9, 10, 16, 14]
[18, 19, 20, 6, 11, 5, 13, 12, 15, 17, 7, 8, 9, 10, 16, 14]
[19, 20, 6, 11, 5, 13, 12, 15, 17, 7, 8, 9, 10, 16, 14]
[20, 6, 11, 5, 13, 12, 15, 17, 7, 8, 9, 10, 16, 14]
[6, 11, 5, 13, 12, 15, 17, 7, 8, 9, 10, 16, 14]
[11, 5, 13, 12, 15, 17, 7, 8, 9, 10, 16, 14]
[5, 13, 12, 15, 17, 7, 8, 9, 10, 16, 14]
[13, 12, 15, 17, 7, 8, 9, 10, 16, 14]
[12, 15, 17, 7, 8, 9, 10, 16, 14]
[15, 17, 7, 8, 9, 10, 16, 14]
[17, 7, 8, 9, 10, 16, 14]
[7, 8, 9, 10, 16, 14]
[8, 9, 10, 16, 14]
[9, 10, 16, 14]
[10, 16, 14]
[16, 14]
[14]
[2, 3, 1, 4, 5, 6, 20, 7, 8, 9, 10, 11, 12, 13, 15, 16, 17, 19, 18, 14]
[3, 1, 4, 5, 6, 20, 7, 8, 9, 10, 11, 12, 13, 15, 16, 17, 19, 18, 14]
[1, 4, 5, 6, 20, 7, 8, 9, 10, 11, 12, 13, 15, 16, 17, 19, 18, 14]
[4, 5, 6, 20, 7, 8, 9, 10, 11, 12, 13, 15, 16, 17, 19, 18, 14]
[5, 6, 20, 7, 8, 9, 10, 11, 12, 13, 15, 16, 17, 19, 18, 14]
[6, 20, 7, 8, 9, 10, 11, 12, 13, 15, 16, 17, 19, 18, 14]
[20, 7, 8, 9, 10, 11, 12, 13, 15, 16, 17, 19, 18, 14]
[7, 8, 9, 10, 11, 12, 13, 15, 16, 17, 19, 18, 14]
[8, 9, 10, 11, 12, 13, 15, 16, 17, 19, 18, 14]
[9, 10, 11, 12, 13, 15, 16, 17, 19, 18, 14]
[10, 11, 12, 13, 15, 16, 17, 19, 18, 14]
[11, 12, 13, 15, 16, 17, 19, 18, 14]
[12, 13, 15, 16, 17, 19, 18, 14]
[13, 15, 16, 17, 19, 18, 14]
[15, 16, 17, 19, 18, 14]
[16, 17, 19, 18, 14]
[17, 19, 18, 14]
[19, 18, 14]
[18, 14]
[14]
[1, 3, 4, 5, 6, 18, 11, 12, 13, 14, 15, 16, 17, 7, 8, 9, 10, 2, 19, 20]
[3, 4, 5, 6, 18, 11, 12, 13, 14, 15, 16, 17, 7, 8, 9, 10, 2, 19, 20]
[4, 5, 6, 18, 11, 12, 13, 14, 15, 16, 17, 7, 8, 9, 10, 2, 19, 20]
[5, 6, 18, 11, 12, 13, 14, 15, 16, 17, 7, 8, 9, 10, 2, 19, 20]
[6, 18, 11, 12, 13, 14, 15, 16, 17, 7, 8, 9, 10, 2, 19, 20]
[18, 11, 12, 13, 14, 15, 16, 17, 7, 8, 9, 10, 2, 19, 20]
[11, 12, 13, 14, 15, 16, 17, 7, 8, 9, 10, 2, 19, 20]
[12, 13, 14, 15, 16, 17, 7, 8, 9, 10, 2, 19, 20]
[13, 14, 15, 16, 17, 7, 8, 9, 10, 2, 19, 20]
[14, 15, 16, 17, 7, 8, 9, 10, 2, 19, 20]
[15, 16, 17, 7, 8, 9, 10, 2, 19, 20]
[16, 17, 7, 8, 9, 10, 2, 19, 20]
[17, 7, 8, 9, 10, 2, 19, 20]
[7, 8, 9, 10, 2, 19, 20]
[8, 9, 10, 2, 19, 20]
[9, 10, 2, 19, 20]
[10, 2, 19, 20]
[2, 19, 20]
[19, 20]
[20]
[1, 2, 5, 6, 11, 13, 14, 15, 16, 17, 18, 19, 20, 4, 7, 8, 3, 9, 10, 12]
[2, 5, 6, 11, 13, 14, 15, 16, 17, 18, 19, 20, 4, 7, 8, 3, 9, 10, 12]
[5, 6, 11, 13, 14, 15, 16, 17, 18, 19, 20, 4, 7, 8, 3, 9, 10, 12]
[6, 11, 13, 14, 15, 16, 17, 18, 19, 20, 4, 7, 8, 3, 9, 10, 12]
[11, 13, 14, 15, 16, 17, 18, 19, 20, 4, 7, 8, 3, 9, 10, 12]
[13, 14, 15, 16, 17, 18, 19, 20, 4, 7, 8, 3, 9, 10, 12]
[14, 15, 16, 17, 18, 19, 20, 4, 7, 8, 3, 9, 10, 12]
[15, 16, 17, 18, 19, 20, 4, 7, 8, 3, 9, 10, 12]
[16, 17, 18, 19, 20, 4, 7, 8, 3, 9, 10, 12]
[17, 18, 19, 20, 4, 7, 8, 3, 9, 10, 12]
[18, 19, 20, 4, 7, 8, 3, 9, 10, 12]
[19, 20, 4, 7, 8, 3, 9, 10, 12]
[20, 4, 7, 8, 3, 9, 10, 12]
[4, 7, 8, 3, 9, 10, 12]
[7, 8, 3, 9, 10, 12]
[8, 3, 9, 10, 12]
[3, 9, 10, 12]
[9, 10, 12]
[10, 12]
[12]
[1, 3, 11, 13, 6, 7, 8, 9, 10, 18, 19, 20, 14, 15, 16, 17, 12, 5, 4, 2]
[3, 11, 13, 6, 7, 8, 9, 10, 18, 19, 20, 14, 15, 16, 17, 12, 5, 4, 2]
[11, 13, 6, 7, 8, 9, 10, 18, 19, 20, 14, 15, 16, 17, 12, 5, 4, 2]
[13, 6, 7, 8, 9, 10, 18, 19, 20, 14, 15, 16, 17, 12, 5, 4, 2]
[6, 7, 8, 9, 10, 18, 19, 20, 14, 15, 16, 17, 12, 5, 4, 2]
[7, 8, 9, 10, 18, 19, 20, 14, 15, 16, 17, 12, 5, 4, 2]
[8, 9, 10, 18, 19, 20, 14, 15, 16, 17, 12, 5, 4, 2]
[9, 10, 18, 19, 20, 14, 15, 16, 17, 12, 5, 4, 2]
[10, 18, 19, 20, 14, 15, 16, 17, 12, 5, 4, 2]
[18, 19, 20, 14, 15, 16, 17, 12, 5, 4, 2]
[19, 20, 14, 15, 16, 17, 12, 5, 4, 2]
[20, 14, 15, 16, 17, 12, 5, 4, 2]
[14, 15, 16, 17, 12, 5, 4, 2]
[15, 16, 17, 12, 5, 4, 2]
[16, 17, 12, 5, 4, 2]
[17, 12, 5, 4, 2]
[12, 5, 4, 2]
[5, 4, 2]
[4, 2]
[2]
[1, 2, 3, 8, 9, 6, 18, 19, 20, 11, 12, 13, 5, 14, 4, 16, 17, 15, 7, 10]
[2, 3, 8, 9, 6, 18, 19, 20, 11, 12, 13, 5, 14, 4, 16, 17, 15, 7, 10]
[3, 8, 9, 6, 18, 19, 20, 11, 12, 13, 5, 14, 4, 16, 17, 15, 7, 10]
[8, 9, 6, 18, 19, 20, 11, 12, 13, 5, 14, 4, 16, 17, 15, 7, 10]
[9, 6, 18, 19, 20, 11, 12, 13, 5, 14, 4, 16, 17, 15, 7, 10]
[6, 18, 19, 20, 11, 12, 13, 5, 14, 4, 16, 17, 15, 7, 10]
[18, 19, 20, 11, 12, 13, 5, 14, 4, 16, 17, 15, 7, 10]
[19, 20, 11, 12, 13, 5, 14, 4, 16, 17, 15, 7, 10]
[20, 11, 12, 13, 5, 14, 4, 16, 17, 15, 7, 10]
[11, 12, 13, 5, 14, 4, 16, 17, 15, 7, 10]
[12, 13, 5, 14, 4, 16, 17, 15, 7, 10]
[13, 5, 14, 4, 16, 17, 15, 7, 10]
[5, 14, 4, 16, 17, 15, 7, 10]
[14, 4, 16, 17, 15, 7, 10]
[4, 16, 17, 15, 7, 10]
[16, 17, 15, 7, 10]
[17, 15, 7, 10]
[15, 7, 10]
[7, 10]
[10]
[1, 4, 5, 6, 3, 8, 9, 2, 10, 14, 15, 16, 17, 11, 12, 13, 18, 19, 20, 7]
[4, 5, 6, 3, 8, 9, 2, 10, 14, 15, 16, 17, 11, 12, 13, 18, 19, 20, 7]
[5, 6, 3, 8, 9, 2, 10, 14, 15, 16, 17, 11, 12, 13, 18, 19, 20, 7]
[6, 3, 8, 9, 2, 10, 14, 15, 16, 17, 11, 12, 13, 18, 19, 20, 7]
[3, 8, 9, 2, 10, 14, 15, 16, 17, 11, 12, 13, 18, 19, 20, 7]
[8, 9, 2, 10, 14, 15, 16, 17, 11, 12, 13, 18, 19, 20, 7]
[9, 2, 10, 14, 15, 16, 17, 11, 12, 13, 18, 19, 20, 7]
[2, 10, 14, 15, 16, 17, 11, 12, 13, 18, 19, 20, 7]
[10, 14, 15, 16, 17, 11, 12, 13, 18, 19, 20, 7]
[14, 15, 16, 17, 11, 12, 13, 18, 19, 20, 7]
[15, 16, 17, 11, 12, 13, 18, 19, 20, 7]
[16, 17, 11, 12, 13, 18, 19, 20, 7]
[17, 11, 12, 13, 18, 19, 20, 7]
[11, 12, 13, 18, 19, 20, 7]
[12, 13, 18, 19, 20, 7]
[13, 18, 19, 20, 7]
[18, 19, 20, 7]
[19, 20, 7]
[20, 7]
[7]
[1, 2, 3, 4, 5, 6, 11, 12, 13, 8, 9, 10, 18, 19, 14, 15, 16, 17, 7, 20]
[2, 3, 4, 5, 6, 11, 12, 13, 8, 9, 10, 18, 19, 14, 15, 16, 17, 7, 20]
[3, 4, 5, 6, 11, 12, 13, 8, 9, 10, 18, 19, 14, 15, 16, 17, 7, 20]
[4, 5, 6, 11, 12, 13, 8, 9, 10, 18, 19, 14, 15, 16, 17, 7, 20]
[5, 6, 11, 12, 13, 8, 9, 10, 18, 19, 14, 15, 16, 17, 7, 20]
[6, 11, 12, 13, 8, 9, 10, 18, 19, 14, 15, 16, 17, 7, 20]
[11, 12, 13, 8, 9, 10, 18, 19, 14, 15, 16, 17, 7, 20]
[12, 13, 8, 9, 10, 18, 19, 14, 15, 16, 17, 7, 20]
[13, 8, 9, 10, 18, 19, 14, 15, 16, 17, 7, 20]
[8, 9, 10, 18, 19, 14, 15, 16, 17, 7, 20]
[9, 10, 18, 19, 14, 15, 16, 17, 7, 20]
[10, 18, 19, 14, 15, 16, 17, 7, 20]
[18, 19, 14, 15, 16, 17, 7, 20]
[19, 14, 15, 16, 17, 7, 20]
[14, 15, 16, 17, 7, 20]
[15, 16, 17, 7, 20]
[16, 17, 7, 20]
[17, 7, 20]
[7, 20]
[20]
[1, 2, 3, 4, 6, 14, 15, 16, 17, 5, 11, 12, 13, 18, 19, 20, 7, 8, 9, 10]
[2, 3, 4, 6, 14, 15, 16, 17, 5, 11, 12, 13, 18, 19, 20, 7, 8, 9, 10]
[3, 4, 6, 14, 15, 16, 17, 5, 11, 12, 13, 18, 19, 20, 7, 8, 9, 10]
[4, 6, 14, 15, 16, 17, 5, 11, 12, 13, 18, 19, 20, 7, 8, 9, 10]
[6, 14, 15, 16, 17, 5, 11, 12, 13, 18, 19, 20, 7, 8, 9, 10]
[14, 15, 16, 17, 5, 11, 12, 13, 18, 19, 20, 7, 8, 9, 10]
[15, 16, 17, 5, 11, 12, 13, 18, 19, 20, 7, 8, 9, 10]
[16, 17, 5, 11, 12, 13, 18, 19, 20, 7, 8, 9, 10]
[17, 5, 11, 12, 13, 18, 19, 20, 7, 8, 9, 10]
[5, 11, 12, 13, 18, 19, 20, 7, 8, 9, 10]
[11, 12, 13, 18, 19, 20, 7, 8, 9, 10]
[12, 13, 18, 19, 20, 7, 8, 9, 10]
[13, 18, 19, 20, 7, 8, 9, 10]
[18, 19, 20, 7, 8, 9, 10]
[19, 20, 7, 8, 9, 10]
[20, 7, 8, 9, 10]
[7, 8, 9, 10]
[8, 9, 10]
[9, 10]
[10]
[5, 7, 8, 9, 4, 6, 1, 10, 3, 19, 20, 11, 12, 13, 14, 15, 16, 17, 18, 2]
[7, 8, 9, 4, 6, 1, 10, 3, 19, 20, 11, 12, 13, 14, 15, 16, 17, 18, 2]
[8, 9, 4, 6, 1, 10, 3, 19, 20, 11, 12, 13, 14, 15, 16, 17, 18, 2]
[9, 4, 6, 1, 10, 3, 19, 20, 11, 12, 13, 14, 15, 16, 17, 18, 2]
[4, 6, 1, 10, 3, 19, 20, 11, 12, 13, 14, 15, 16, 17, 18, 2]
[6, 1, 10, 3, 19, 20, 11, 12, 13, 14, 15, 16, 17, 18, 2]
[1, 10, 3, 19, 20, 11, 12, 13, 14, 15, 16, 17, 18, 2]
[10, 3, 19, 20, 11, 12, 13, 14, 15, 16, 17, 18, 2]
[3, 19, 20, 11, 12, 13, 14, 15, 16, 17, 18, 2]
[19, 20, 11, 12, 13, 14, 15, 16, 17, 18, 2]
[20, 11, 12, 13, 14, 15, 16, 17, 18, 2]
[11, 12, 13, 14, 15, 16, 17, 18, 2]
[12, 13, 14, 15, 16, 17, 18, 2]
[13, 14, 15, 16, 17, 18, 2]
[14, 15, 16, 17, 18, 2]
[15, 16, 17, 18, 2]
[16, 17, 18, 2]
[17, 18, 2]
[18, 2]
[2]
[1, 3, 4, 5, 6, 11, 12, 13, 14, 15, 16, 17, 7, 8, 9, 2, 18, 19, 20, 10]
[3, 4, 5, 6, 11, 12, 13, 14, 15, 16, 17, 7, 8, 9, 2, 18, 19, 20, 10]
[4, 5, 6, 11, 12, 13, 14, 15, 16, 17, 7, 8, 9, 2, 18, 19, 20, 10]
[5, 6, 11, 12, 13, 14, 15, 16, 17, 7, 8, 9, 2, 18, 19, 20, 10]
[6, 11, 12, 13, 14, 15, 16, 17, 7, 8, 9, 2, 18, 19, 20, 10]
[11, 12, 13, 14, 15, 16, 17, 7, 8, 9, 2, 18, 19, 20, 10]
[12, 13, 14, 15, 16, 17, 7, 8, 9, 2, 18, 19, 20, 10]
[13, 14, 15, 16, 17, 7, 8, 9, 2, 18, 19, 20, 10]
[14, 15, 16, 17, 7, 8, 9, 2, 18, 19, 20, 10]
[15, 16, 17, 7, 8, 9, 2, 18, 19, 20, 10]
[16, 17, 7, 8, 9, 2, 18, 19, 20, 10]
[17, 7, 8, 9, 2, 18, 19, 20, 10]
[7, 8, 9, 2, 18, 19, 20, 10]
[8, 9, 2, 18, 19, 20, 10]
[9, 2, 18, 19, 20, 10]
[2, 18, 19, 20, 10]
[18, 19, 20, 10]
[19, 20, 10]
[20, 10]
[10]
[1, 3, 6, 7, 8, 9, 10, 11, 12, 13, 4, 5, 2, 14, 15, 16, 17, 20, 19, 18]
[3, 6, 7, 8, 9, 10, 11, 12, 13, 4, 5, 2, 14, 15, 16, 17, 20, 19, 18]
[6, 7, 8, 9, 10, 11, 12, 13, 4, 5, 2, 14, 15, 16, 17, 20, 19, 18]
[7, 8, 9, 10, 11, 12, 13, 4, 5, 2, 14, 15, 16, 17, 20, 19, 18]
[8, 9, 10, 11, 12, 13, 4, 5, 2, 14, 15, 16, 17, 20, 19, 18]
[9, 10, 11, 12, 13, 4, 5, 2, 14, 15, 16, 17, 20, 19, 18]
[10, 11, 12, 13, 4, 5, 2, 14, 15, 16, 17, 20, 19, 18]
[11, 12, 13, 4, 5, 2, 14, 15, 16, 17, 20, 19, 18]
[12, 13, 4, 5, 2, 14, 15, 16, 17, 20, 19, 18]
[13, 4, 5, 2, 14, 15, 16, 17, 20, 19, 18]
[4, 5, 2, 14, 15, 16, 17, 20, 19, 18]
[5, 2, 14, 15, 16, 17, 20, 19, 18]
[2, 14, 15, 16, 17, 20, 19, 18]
[14, 15, 16, 17, 20, 19, 18]
[15, 16, 17, 20, 19, 18]
[16, 17, 20, 19, 18]
[17, 20, 19, 18]
[20, 19, 18]
[19, 18]
[18]
[1, 2, 3, 4, 5, 6, 11, 12, 13, 18, 20, 7, 8, 9, 10, 14, 15, 16, 17, 19]
[2, 3, 4, 5, 6, 11, 12, 13, 18, 20, 7, 8, 9, 10, 14, 15, 16, 17, 19]
[3, 4, 5, 6, 11, 12, 13, 18, 20, 7, 8, 9, 10, 14, 15, 16, 17, 19]
[4, 5, 6, 11, 12, 13, 18, 20, 7, 8, 9, 10, 14, 15, 16, 17, 19]
[5, 6, 11, 12, 13, 18, 20, 7, 8, 9, 10, 14, 15, 16, 17, 19]
[6, 11, 12, 13, 18, 20, 7, 8, 9, 10, 14, 15, 16, 17, 19]
[11, 12, 13, 18, 20, 7, 8, 9, 10, 14, 15, 16, 17, 19]
[12, 13, 18, 20, 7, 8, 9, 10, 14, 15, 16, 17, 19]
[13, 18, 20, 7, 8, 9, 10, 14, 15, 16, 17, 19]
[18, 20, 7, 8, 9, 10, 14, 15, 16, 17, 19]
[20, 7, 8, 9, 10, 14, 15, 16, 17, 19]
[7, 8, 9, 10, 14, 15, 16, 17, 19]
[8, 9, 10, 14, 15, 16, 17, 19]
[9, 10, 14, 15, 16, 17, 19]
[10, 14, 15, 16, 17, 19]
[14, 15, 16, 17, 19]
[15, 16, 17, 19]
[16, 17, 19]
[17, 19]
[19]
[1, 2, 4, 5, 6, 7, 8, 10, 14, 15, 17, 11, 12, 13, 18, 19, 20, 9, 3, 16]
[2, 4, 5, 6, 7, 8, 10, 14, 15, 17, 11, 12, 13, 18, 19, 20, 9, 3, 16]
[4, 5, 6, 7, 8, 10, 14, 15, 17, 11, 12, 13, 18, 19, 20, 9, 3, 16]
[5, 6, 7, 8, 10, 14, 15, 17, 11, 12, 13, 18, 19, 20, 9, 3, 16]
[6, 7, 8, 10, 14, 15, 17, 11, 12, 13, 18, 19, 20, 9, 3, 16]
[7, 8, 10, 14, 15, 17, 11, 12, 13, 18, 19, 20, 9, 3, 16]
[8, 10, 14, 15, 17, 11, 12, 13, 18, 19, 20, 9, 3, 16]
[10, 14, 15, 17, 11, 12, 13, 18, 19, 20, 9, 3, 16]
[14, 15, 17, 11, 12, 13, 18, 19, 20, 9, 3, 16]
[15, 17, 11, 12, 13, 18, 19, 20, 9, 3, 16]
[17, 11, 12, 13, 18, 19, 20, 9, 3, 16]
[11, 12, 13, 18, 19, 20, 9, 3, 16]
[12, 13, 18, 19, 20, 9, 3, 16]
[13, 18, 19, 20, 9, 3, 16]
[18, 19, 20, 9, 3, 16]
[19, 20, 9, 3, 16]
[20, 9, 3, 16]
[9, 3, 16]
[3, 16]
[16]
[4, 7, 6, 9, 10, 19, 5, 11, 12, 13, 1, 2, 3, 14, 15, 20, 16, 17, 18, 8]
[7, 6, 9, 10, 19, 5, 11, 12, 13, 1, 2, 3, 14, 15, 20, 16, 17, 18, 8]
[6, 9, 10, 19, 5, 11, 12, 13, 1, 2, 3, 14, 15, 20, 16, 17, 18, 8]
[9, 10, 19, 5, 11, 12, 13, 1, 2, 3, 14, 15, 20, 16, 17, 18, 8]
[10, 19, 5, 11, 12, 13, 1, 2, 3, 14, 15, 20, 16, 17, 18, 8]
[19, 5, 11, 12, 13, 1, 2, 3, 14, 15, 20, 16, 17, 18, 8]
[5, 11, 12, 13, 1, 2, 3, 14, 15, 20, 16, 17, 18, 8]
[11, 12, 13, 1, 2, 3, 14, 15, 20, 16, 17, 18, 8]
[12, 13, 1, 2, 3, 14, 15, 20, 16, 17, 18, 8]
[13, 1, 2, 3, 14, 15, 20, 16, 17, 18, 8]
[1, 2, 3, 14, 15, 20, 16, 17, 18, 8]
[2, 3, 14, 15, 20, 16, 17, 18, 8]
[3, 14, 15, 20, 16, 17, 18, 8]
[14, 15, 20, 16, 17, 18, 8]
[15, 20, 16, 17, 18, 8]
[20, 16, 17, 18, 8]
[16, 17, 18, 8]
[17, 18, 8]
[18, 8]
[8]
[1, 8, 9, 10, 7, 4, 5, 11, 6, 13, 18, 19, 20, 14, 15, 16, 17, 3, 2, 12]
[8, 9, 10, 7, 4, 5, 11, 6, 13, 18, 19, 20, 14, 15, 16, 17, 3, 2, 12]
[9, 10, 7, 4, 5, 11, 6, 13, 18, 19, 20, 14, 15, 16, 17, 3, 2, 12]
[10, 7, 4, 5, 11, 6, 13, 18, 19, 20, 14, 15, 16, 17, 3, 2, 12]
[7, 4, 5, 11, 6, 13, 18, 19, 20, 14, 15, 16, 17, 3, 2, 12]
[4, 5, 11, 6, 13, 18, 19, 20, 14, 15, 16, 17, 3, 2, 12]
[5, 11, 6, 13, 18, 19, 20, 14, 15, 16, 17, 3, 2, 12]
[11, 6, 13, 18, 19, 20, 14, 15, 16, 17, 3, 2, 12]
[6, 13, 18, 19, 20, 14, 15, 16, 17, 3, 2, 12]
[13, 18, 19, 20, 14, 15, 16, 17, 3, 2, 12]
[18, 19, 20, 14, 15, 16, 17, 3, 2, 12]
[19, 20, 14, 15, 16, 17, 3, 2, 12]
[20, 14, 15, 16, 17, 3, 2, 12]
[14, 15, 16, 17, 3, 2, 12]
[15, 16, 17, 3, 2, 12]
[16, 17, 3, 2, 12]
[17, 3, 2, 12]
[3, 2, 12]
[2, 12]
[12]
[6, 7, 8, 9, 10, 11, 5, 13, 1, 2, 3, 18, 19, 20, 4, 15, 16, 17, 14, 12]
[7, 8, 9, 10, 11, 5, 13, 1, 2, 3, 18, 19, 20, 4, 15, 16, 17, 14, 12]
[8, 9, 10, 11, 5, 13, 1, 2, 3, 18, 19, 20, 4, 15, 16, 17, 14, 12]
[9, 10, 11, 5, 13, 1, 2, 3, 18, 19, 20, 4, 15, 16, 17, 14, 12]
[10, 11, 5, 13, 1, 2, 3, 18, 19, 20, 4, 15, 16, 17, 14, 12]
[11, 5, 13, 1, 2, 3, 18, 19, 20, 4, 15, 16, 17, 14, 12]
[5, 13, 1, 2, 3, 18, 19, 20, 4, 15, 16, 17, 14, 12]
[13, 1, 2, 3, 18, 19, 20, 4, 15, 16, 17, 14, 12]
[1, 2, 3, 18, 19, 20, 4, 15, 16, 17, 14, 12]
[2, 3, 18, 19, 20, 4, 15, 16, 17, 14, 12]
[3, 18, 19, 20, 4, 15, 16, 17, 14, 12]
[18, 19, 20, 4, 15, 16, 17, 14, 12]
[19, 20, 4, 15, 16, 17, 14, 12]
[20, 4, 15, 16, 17, 14, 12]
[4, 15, 16, 17, 14, 12]
[15, 16, 17, 14, 12]
[16, 17, 14, 12]
[17, 14, 12]
[14, 12]
[12]
[1, 2, 3, 4, 5, 7, 6, 10, 19, 20, 11, 12, 13, 14, 15, 16, 17, 9, 8, 18]
[2, 3, 4, 5, 7, 6, 10, 19, 20, 11, 12, 13, 14, 15, 16, 17, 9, 8, 18]
[3, 4, 5, 7, 6, 10, 19, 20, 11, 12, 13, 14, 15, 16, 17, 9, 8, 18]
[4, 5, 7, 6, 10, 19, 20, 11, 12, 13, 14, 15, 16, 17, 9, 8, 18]
[5, 7, 6, 10, 19, 20, 11, 12, 13, 14, 15, 16, 17, 9, 8, 18]
[7, 6, 10, 19, 20, 11, 12, 13, 14, 15, 16, 17, 9, 8, 18]
[6, 10, 19, 20, 11, 12, 13, 14, 15, 16, 17, 9, 8, 18]
[10, 19, 20, 11, 12, 13, 14, 15, 16, 17, 9, 8, 18]
[19, 20, 11, 12, 13, 14, 15, 16, 17, 9, 8, 18]
[20, 11, 12, 13, 14, 15, 16, 17, 9, 8, 18]
[11, 12, 13, 14, 15, 16, 17, 9, 8, 18]
[12, 13, 14, 15, 16, 17, 9, 8, 18]
[13, 14, 15, 16, 17, 9, 8, 18]
[14, 15, 16, 17, 9, 8, 18]
[15, 16, 17, 9, 8, 18]
[16, 17, 9, 8, 18]
[17, 9, 8, 18]
[9, 8, 18]
[8, 18]
[18]
[1, 2, 3, 4, 5, 6, 11, 18, 19, 20, 7, 8, 9, 10, 14, 15, 16, 17, 13, 12]
[2, 3, 4, 5, 6, 11, 18, 19, 20, 7, 8, 9, 10, 14, 15, 16, 17, 13, 12]
[3, 4, 5, 6, 11, 18, 19, 20, 7, 8, 9, 10, 14, 15, 16, 17, 13, 12]
[4, 5, 6, 11, 18, 19, 20, 7, 8, 9, 10, 14, 15, 16, 17, 13, 12]
[5, 6, 11, 18, 19, 20, 7, 8, 9, 10, 14, 15, 16, 17, 13, 12]
[6, 11, 18, 19, 20, 7, 8, 9, 10, 14, 15, 16, 17, 13, 12]
[11, 18, 19, 20, 7, 8, 9, 10, 14, 15, 16, 17, 13, 12]
[18, 19, 20, 7, 8, 9, 10, 14, 15, 16, 17, 13, 12]
[19, 20, 7, 8, 9, 10, 14, 15, 16, 17, 13, 12]
[20, 7, 8, 9, 10, 14, 15, 16, 17, 13, 12]
[7, 8, 9, 10, 14, 15, 16, 17, 13, 12]
[8, 9, 10, 14, 15, 16, 17, 13, 12]
[9, 10, 14, 15, 16, 17, 13, 12]
[10, 14, 15, 16, 17, 13, 12]
[14, 15, 16, 17, 13, 12]
[15, 16, 17, 13, 12]
[16, 17, 13, 12]
[17, 13, 12]
[13, 12]
[12]
[2, 3, 4, 6, 1, 16, 17, 18, 19, 20, 15, 11, 14, 13, 7, 8, 9, 10, 5, 12]
[3, 4, 6, 1, 16, 17, 18, 19, 20, 15, 11, 14, 13, 7, 8, 9, 10, 5, 12]
[4, 6, 1, 16, 17, 18, 19, 20, 15, 11, 14, 13, 7, 8, 9, 10, 5, 12]
[6, 1, 16, 17, 18, 19, 20, 15, 11, 14, 13, 7, 8, 9, 10, 5, 12]
[1, 16, 17, 18, 19, 20, 15, 11, 14, 13, 7, 8, 9, 10, 5, 12]
[16, 17, 18, 19, 20, 15, 11, 14, 13, 7, 8, 9, 10, 5, 12]
[17, 18, 19, 20, 15, 11, 14, 13, 7, 8, 9, 10, 5, 12]
[18, 19, 20, 15, 11, 14, 13, 7, 8, 9, 10, 5, 12]
[19, 20, 15, 11, 14, 13, 7, 8, 9, 10, 5, 12]
[20, 15, 11, 14, 13, 7, 8, 9, 10, 5, 12]
[15, 11, 14, 13, 7, 8, 9, 10, 5, 12]
[11, 14, 13, 7, 8, 9, 10, 5, 12]
[14, 13, 7, 8, 9, 10, 5, 12]
[13, 7, 8, 9, 10, 5, 12]
[7, 8, 9, 10, 5, 12]
[8, 9, 10, 5, 12]
[9, 10, 5, 12]
[10, 5, 12]
[5, 12]
[12]
[5, 6, 7, 8, 9, 10, 4, 11, 12, 13, 1, 2, 19, 20, 14, 18, 15, 16, 17, 3]
[6, 7, 8, 9, 10, 4, 11, 12, 13, 1, 2, 19, 20, 14, 18, 15, 16, 17, 3]
[7, 8, 9, 10, 4, 11, 12, 13, 1, 2, 19, 20, 14, 18, 15, 16, 17, 3]
[8, 9, 10, 4, 11, 12, 13, 1, 2, 19, 20, 14, 18, 15, 16, 17, 3]
[9, 10, 4, 11, 12, 13, 1, 2, 19, 20, 14, 18, 15, 16, 17, 3]
[10, 4, 11, 12, 13, 1, 2, 19, 20, 14, 18, 15, 16, 17, 3]
[4, 11, 12, 13, 1, 2, 19, 20, 14, 18, 15, 16, 17, 3]
[11, 12, 13, 1, 2, 19, 20, 14, 18, 15, 16, 17, 3]
[12, 13, 1, 2, 19, 20, 14, 18, 15, 16, 17, 3]
[13, 1, 2, 19, 20, 14, 18, 15, 16, 17, 3]
[1, 2, 19, 20, 14, 18, 15, 16, 17, 3]
[2, 19, 20, 14, 18, 15, 16, 17, 3]
[19, 20, 14, 18, 15, 16, 17, 3]
[20, 14, 18, 15, 16, 17, 3]
[14, 18, 15, 16, 17, 3]
[18, 15, 16, 17, 3]
[15, 16, 17, 3]
[16, 17, 3]
[17, 3]
[3]
[1, 3, 4, 6, 11, 12, 13, 18, 19, 20, 14, 15, 16, 17, 7, 8, 9, 10, 5, 2]
[3, 4, 6, 11, 12, 13, 18, 19, 20, 14, 15, 16, 17, 7, 8, 9, 10, 5, 2]
[4, 6, 11, 12, 13, 18, 19, 20, 14, 15, 16, 17, 7, 8, 9, 10, 5, 2]
[6, 11, 12, 13, 18, 19, 20, 14, 15, 16, 17, 7, 8, 9, 10, 5, 2]
[11, 12, 13, 18, 19, 20, 14, 15, 16, 17, 7, 8, 9, 10, 5, 2]
[12, 13, 18, 19, 20, 14, 15, 16, 17, 7, 8, 9, 10, 5, 2]
[13, 18, 19, 20, 14, 15, 16, 17, 7, 8, 9, 10, 5, 2]
[18, 19, 20, 14, 15, 16, 17, 7, 8, 9, 10, 5, 2]
[19, 20, 14, 15, 16, 17, 7, 8, 9, 10, 5, 2]
[20, 14, 15, 16, 17, 7, 8, 9, 10, 5, 2]
[14, 15, 16, 17, 7, 8, 9, 10, 5, 2]
[15, 16, 17, 7, 8, 9, 10, 5, 2]
[16, 17, 7, 8, 9, 10, 5, 2]
[17, 7, 8, 9, 10, 5, 2]
[7, 8, 9, 10, 5, 2]
[8, 9, 10, 5, 2]
[9, 10, 5, 2]
[10, 5, 2]
[5, 2]
[2]
[1, 2, 3, 4, 7, 5, 9, 10, 19, 20, 11, 12, 13, 14, 15, 16, 18, 17, 6, 8]
[2, 3, 4, 7, 5, 9, 10, 19, 20, 11, 12, 13, 14, 15, 16, 18, 17, 6, 8]
[3, 4, 7, 5, 9, 10, 19, 20, 11, 12, 13, 14, 15, 16, 18, 17, 6, 8]
[4, 7, 5, 9, 10, 19, 20, 11, 12, 13, 14, 15, 16, 18, 17, 6, 8]
[7, 5, 9, 10, 19, 20, 11, 12, 13, 14, 15, 16, 18, 17, 6, 8]
[5, 9, 10, 19, 20, 11, 12, 13, 14, 15, 16, 18, 17, 6, 8]
[9, 10, 19, 20, 11, 12, 13, 14, 15, 16, 18, 17, 6, 8]
[10, 19, 20, 11, 12, 13, 14, 15, 16, 18, 17, 6, 8]
[19, 20, 11, 12, 13, 14, 15, 16, 18, 17, 6, 8]
[20, 11, 12, 13, 14, 15, 16, 18, 17, 6, 8]
[11, 12, 13, 14, 15, 16, 18, 17, 6, 8]
[12, 13, 14, 15, 16, 18, 17, 6, 8]
[13, 14, 15, 16, 18, 17, 6, 8]
[14, 15, 16, 18, 17, 6, 8]
[15, 16, 18, 17, 6, 8]
[16, 18, 17, 6, 8]
[18, 17, 6, 8]
[17, 6, 8]
[6, 8]
[8]
[4, 5, 6, 7, 8, 9, 10, 11, 12, 13, 18, 19, 20, 14, 15, 16, 17, 1, 3, 2]
[5, 6, 7, 8, 9, 10, 11, 12, 13, 18, 19, 20, 14, 15, 16, 17, 1, 3, 2]
[6, 7, 8, 9, 10, 11, 12, 13, 18, 19, 20, 14, 15, 16, 17, 1, 3, 2]
[7, 8, 9, 10, 11, 12, 13, 18, 19, 20, 14, 15, 16, 17, 1, 3, 2]
[8, 9, 10, 11, 12, 13, 18, 19, 20, 14, 15, 16, 17, 1, 3, 2]
[9, 10, 11, 12, 13, 18, 19, 20, 14, 15, 16, 17, 1, 3, 2]
[10, 11, 12, 13, 18, 19, 20, 14, 15, 16, 17, 1, 3, 2]
[11, 12, 13, 18, 19, 20, 14, 15, 16, 17, 1, 3, 2]
[12, 13, 18, 19, 20, 14, 15, 16, 17, 1, 3, 2]
[13, 18, 19, 20, 14, 15, 16, 17, 1, 3, 2]
[18, 19, 20, 14, 15, 16, 17, 1, 3, 2]
[19, 20, 14, 15, 16, 17, 1, 3, 2]
[20, 14, 15, 16, 17, 1, 3, 2]
[14, 15, 16, 17, 1, 3, 2]
[15, 16, 17, 1, 3, 2]
[16, 17, 1, 3, 2]
[17, 1, 3, 2]
[1, 3, 2]
[3, 2]
[2]
[1, 3, 5, 7, 8, 9, 10, 11, 2, 13, 18, 19, 20, 14, 15, 17, 12, 6, 4, 16]
[3, 5, 7, 8, 9, 10, 11, 2, 13, 18, 19, 20, 14, 15, 17, 12, 6, 4, 16]
[5, 7, 8, 9, 10, 11, 2, 13, 18, 19, 20, 14, 15, 17, 12, 6, 4, 16]
[7, 8, 9, 10, 11, 2, 13, 18, 19, 20, 14, 15, 17, 12, 6, 4, 16]
[8, 9, 10, 11, 2, 13, 18, 19, 20, 14, 15, 17, 12, 6, 4, 16]
[9, 10, 11, 2, 13, 18, 19, 20, 14, 15, 17, 12, 6, 4, 16]
[10, 11, 2, 13, 18, 19, 20, 14, 15, 17, 12, 6, 4, 16]
[11, 2, 13, 18, 19, 20, 14, 15, 17, 12, 6, 4, 16]
[2, 13, 18, 19, 20, 14, 15, 17, 12, 6, 4, 16]
[13, 18, 19, 20, 14, 15, 17, 12, 6, 4, 16]
[18, 19, 20, 14, 15, 17, 12, 6, 4, 16]
[19, 20, 14, 15, 17, 12, 6, 4, 16]
[20, 14, 15, 17, 12, 6, 4, 16]
[14, 15, 17, 12, 6, 4, 16]
[15, 17, 12, 6, 4, 16]
[17, 12, 6, 4, 16]
[12, 6, 4, 16]
[6, 4, 16]
[4, 16]
[16]
[1, 3, 6, 5, 18, 19, 20, 11, 12, 13, 14, 15, 17, 7, 8, 4, 2, 10, 9, 16]
[3, 6, 5, 18, 19, 20, 11, 12, 13, 14, 15, 17, 7, 8, 4, 2, 10, 9, 16]
[6, 5, 18, 19, 20, 11, 12, 13, 14, 15, 17, 7, 8, 4, 2, 10, 9, 16]
[5, 18, 19, 20, 11, 12, 13, 14, 15, 17, 7, 8, 4, 2, 10, 9, 16]
[18, 19, 20, 11, 12, 13, 14, 15, 17, 7, 8, 4, 2, 10, 9, 16]
[19, 20, 11, 12, 13, 14, 15, 17, 7, 8, 4, 2, 10, 9, 16]
[20, 11, 12, 13, 14, 15, 17, 7, 8, 4, 2, 10, 9, 16]
[11, 12, 13, 14, 15, 17, 7, 8, 4, 2, 10, 9, 16]
[12, 13, 14, 15, 17, 7, 8, 4, 2, 10, 9, 16]
[13, 14, 15, 17, 7, 8, 4, 2, 10, 9, 16]
[14, 15, 17, 7, 8, 4, 2, 10, 9, 16]
[15, 17, 7, 8, 4, 2, 10, 9, 16]
[17, 7, 8, 4, 2, 10, 9, 16]
[7, 8, 4, 2, 10, 9, 16]
[8, 4, 2, 10, 9, 16]
[4, 2, 10, 9, 16]
[2, 10, 9, 16]
[10, 9, 16]
[9, 16]
[16]
[1, 2, 5, 19, 4, 3, 11, 12, 13, 7, 8, 10, 14, 20, 15, 16, 17, 18, 6, 9]
[2, 5, 19, 4, 3, 11, 12, 13, 7, 8, 10, 14, 20, 15, 16, 17, 18, 6, 9]
[5, 19, 4, 3, 11, 12, 13, 7, 8, 10, 14, 20, 15, 16, 17, 18, 6, 9]
[19, 4, 3, 11, 12, 13, 7, 8, 10, 14, 20, 15, 16, 17, 18, 6, 9]
[4, 3, 11, 12, 13, 7, 8, 10, 14, 20, 15, 16, 17, 18, 6, 9]
[3, 11, 12, 13, 7, 8, 10, 14, 20, 15, 16, 17, 18, 6, 9]
[11, 12, 13, 7, 8, 10, 14, 20, 15, 16, 17, 18, 6, 9]
[12, 13, 7, 8, 10, 14, 20, 15, 16, 17, 18, 6, 9]
[13, 7, 8, 10, 14, 20, 15, 16, 17, 18, 6, 9]
[7, 8, 10, 14, 20, 15, 16, 17, 18, 6, 9]
[8, 10, 14, 20, 15, 16, 17, 18, 6, 9]
[10, 14, 20, 15, 16, 17, 18, 6, 9]
[14, 20, 15, 16, 17, 18, 6, 9]
[20, 15, 16, 17, 18, 6, 9]
[15, 16, 17, 18, 6, 9]
[16, 17, 18, 6, 9]
[17, 18, 6, 9]
[18, 6, 9]
[6, 9]
[9]
[1, 2, 3, 5, 6, 11, 13, 18, 19, 20, 14, 12, 15, 16, 17, 7, 8, 9, 10, 4]
[2, 3, 5, 6, 11, 13, 18, 19, 20, 14, 12, 15, 16, 17, 7, 8, 9, 10, 4]
[3, 5, 6, 11, 13, 18, 19, 20, 14, 12, 15, 16, 17, 7, 8, 9, 10, 4]
[5, 6, 11, 13, 18, 19, 20, 14, 12, 15, 16, 17, 7, 8, 9, 10, 4]
[6, 11, 13, 18, 19, 20, 14, 12, 15, 16, 17, 7, 8, 9, 10, 4]
[11, 13, 18, 19, 20, 14, 12, 15, 16, 17, 7, 8, 9, 10, 4]
[13, 18, 19, 20, 14, 12, 15, 16, 17, 7, 8, 9, 10, 4]
[18, 19, 20, 14, 12, 15, 16, 17, 7, 8, 9, 10, 4]
[19, 20, 14, 12, 15, 16, 17, 7, 8, 9, 10, 4]
[20, 14, 12, 15, 16, 17, 7, 8, 9, 10, 4]
[14, 12, 15, 16, 17, 7, 8, 9, 10, 4]
[12, 15, 16, 17, 7, 8, 9, 10, 4]
[15, 16, 17, 7, 8, 9, 10, 4]
[16, 17, 7, 8, 9, 10, 4]
[17, 7, 8, 9, 10, 4]
[7, 8, 9, 10, 4]
[8, 9, 10, 4]
[9, 10, 4]
[10, 4]
[4]
[1, 2, 4, 5, 7, 8, 10, 6, 11, 3, 12, 13, 18, 19, 20, 14, 15, 16, 17, 9]
[2, 4, 5, 7, 8, 10, 6, 11, 3, 12, 13, 18, 19, 20, 14, 15, 16, 17, 9]
[4, 5, 7, 8, 10, 6, 11, 3, 12, 13, 18, 19, 20, 14, 15, 16, 17, 9]
[5, 7, 8, 10, 6, 11, 3, 12, 13, 18, 19, 20, 14, 15, 16, 17, 9]
[7, 8, 10, 6, 11, 3, 12, 13, 18, 19, 20, 14, 15, 16, 17, 9]
[8, 10, 6, 11, 3, 12, 13, 18, 19, 20, 14, 15, 16, 17, 9]
[10, 6, 11, 3, 12, 13, 18, 19, 20, 14, 15, 16, 17, 9]
[6, 11, 3, 12, 13, 18, 19, 20, 14, 15, 16, 17, 9]
[11, 3, 12, 13, 18, 19, 20, 14, 15, 16, 17, 9]
[3, 12, 13, 18, 19, 20, 14, 15, 16, 17, 9]
[12, 13, 18, 19, 20, 14, 15, 16, 17, 9]
[13, 18, 19, 20, 14, 15, 16, 17, 9]
[18, 19, 20, 14, 15, 16, 17, 9]
[19, 20, 14, 15, 16, 17, 9]
[20, 14, 15, 16, 17, 9]
[14, 15, 16, 17, 9]
[15, 16, 17, 9]
[16, 17, 9]
[17, 9]
[9]
[1, 3, 5, 11, 12, 6, 18, 19, 20, 7, 8, 2, 10, 15, 16, 17, 14, 9, 13, 4]
[3, 5, 11, 12, 6, 18, 19, 20, 7, 8, 2, 10, 15, 16, 17, 14, 9, 13, 4]
[5, 11, 12, 6, 18, 19, 20, 7, 8, 2, 10, 15, 16, 17, 14, 9, 13, 4]
[11, 12, 6, 18, 19, 20, 7, 8, 2, 10, 15, 16, 17, 14, 9, 13, 4]
[12, 6, 18, 19, 20, 7, 8, 2, 10, 15, 16, 17, 14, 9, 13, 4]
[6, 18, 19, 20, 7, 8, 2, 10, 15, 16, 17, 14, 9, 13, 4]
[18, 19, 20, 7, 8, 2, 10, 15, 16, 17, 14, 9, 13, 4]
[19, 20, 7, 8, 2, 10, 15, 16, 17, 14, 9, 13, 4]
[20, 7, 8, 2, 10, 15, 16, 17, 14, 9, 13, 4]
[7, 8, 2, 10, 15, 16, 17, 14, 9, 13, 4]
[8, 2, 10, 15, 16, 17, 14, 9, 13, 4]
[2, 10, 15, 16, 17, 14, 9, 13, 4]
[10, 15, 16, 17, 14, 9, 13, 4]
[15, 16, 17, 14, 9, 13, 4]
[16, 17, 14, 9, 13, 4]
[17, 14, 9, 13, 4]
[14, 9, 13, 4]
[9, 13, 4]
[13, 4]
[4]
[1, 3, 5, 6, 11, 12, 13, 7, 8, 9, 10, 14, 4, 15, 16, 17, 18, 19, 20, 2]
[3, 5, 6, 11, 12, 13, 7, 8, 9, 10, 14, 4, 15, 16, 17, 18, 19, 20, 2]
[5, 6, 11, 12, 13, 7, 8, 9, 10, 14, 4, 15, 16, 17, 18, 19, 20, 2]
[6, 11, 12, 13, 7, 8, 9, 10, 14, 4, 15, 16, 17, 18, 19, 20, 2]
[11, 12, 13, 7, 8, 9, 10, 14, 4, 15, 16, 17, 18, 19, 20, 2]
[12, 13, 7, 8, 9, 10, 14, 4, 15, 16, 17, 18, 19, 20, 2]
[13, 7, 8, 9, 10, 14, 4, 15, 16, 17, 18, 19, 20, 2]
[7, 8, 9, 10, 14, 4, 15, 16, 17, 18, 19, 20, 2]
[8, 9, 10, 14, 4, 15, 16, 17, 18, 19, 20, 2]
[9, 10, 14, 4, 15, 16, 17, 18, 19, 20, 2]
[10, 14, 4, 15, 16, 17, 18, 19, 20, 2]
[14, 4, 15, 16, 17, 18, 19, 20, 2]
[4, 15, 16, 17, 18, 19, 20, 2]
[15, 16, 17, 18, 19, 20, 2]
[16, 17, 18, 19, 20, 2]
[17, 18, 19, 20, 2]
[18, 19, 20, 2]
[19, 20, 2]
[20, 2]
[2]
[4, 5, 1, 3, 18, 2, 20, 11, 19, 13, 7, 8, 9, 10, 14, 6, 15, 16, 12, 17]
[5, 1, 3, 18, 2, 20, 11, 19, 13, 7, 8, 9, 10, 14, 6, 15, 16, 12, 17]
[1, 3, 18, 2, 20, 11, 19, 13, 7, 8, 9, 10, 14, 6, 15, 16, 12, 17]
[3, 18, 2, 20, 11, 19, 13, 7, 8, 9, 10, 14, 6, 15, 16, 12, 17]
[18, 2, 20, 11, 19, 13, 7, 8, 9, 10, 14, 6, 15, 16, 12, 17]
[2, 20, 11, 19, 13, 7, 8, 9, 10, 14, 6, 15, 16, 12, 17]
[20, 11, 19, 13, 7, 8, 9, 10, 14, 6, 15, 16, 12, 17]
[11, 19, 13, 7, 8, 9, 10, 14, 6, 15, 16, 12, 17]
[19, 13, 7, 8, 9, 10, 14, 6, 15, 16, 12, 17]
[13, 7, 8, 9, 10, 14, 6, 15, 16, 12, 17]
[7, 8, 9, 10, 14, 6, 15, 16, 12, 17]
[8, 9, 10, 14, 6, 15, 16, 12, 17]
[9, 10, 14, 6, 15, 16, 12, 17]
[10, 14, 6, 15, 16, 12, 17]
[14, 6, 15, 16, 12, 17]
[6, 15, 16, 12, 17]
[15, 16, 12, 17]
[16, 12, 17]
[12, 17]
[17]
[1, 3, 4, 2, 11, 12, 13, 7, 8, 9, 6, 15, 16, 17, 18, 19, 20, 5, 14, 10]
[3, 4, 2, 11, 12, 13, 7, 8, 9, 6, 15, 16, 17, 18, 19, 20, 5, 14, 10]
[4, 2, 11, 12, 13, 7, 8, 9, 6, 15, 16, 17, 18, 19, 20, 5, 14, 10]
[2, 11, 12, 13, 7, 8, 9, 6, 15, 16, 17, 18, 19, 20, 5, 14, 10]
[11, 12, 13, 7, 8, 9, 6, 15, 16, 17, 18, 19, 20, 5, 14, 10]
[12, 13, 7, 8, 9, 6, 15, 16, 17, 18, 19, 20, 5, 14, 10]
[13, 7, 8, 9, 6, 15, 16, 17, 18, 19, 20, 5, 14, 10]
[7, 8, 9, 6, 15, 16, 17, 18, 19, 20, 5, 14, 10]
[8, 9, 6, 15, 16, 17, 18, 19, 20, 5, 14, 10]
[9, 6, 15, 16, 17, 18, 19, 20, 5, 14, 10]
[6, 15, 16, 17, 18, 19, 20, 5, 14, 10]
[15, 16, 17, 18, 19, 20, 5, 14, 10]
[16, 17, 18, 19, 20, 5, 14, 10]
[17, 18, 19, 20, 5, 14, 10]
[18, 19, 20, 5, 14, 10]
[19, 20, 5, 14, 10]
[20, 5, 14, 10]
[5, 14, 10]
[14, 10]
[10]
[2, 3, 4, 5, 11, 12, 13, 18, 19, 20, 7, 8, 9, 10, 14, 15, 16, 17, 1, 6]
[3, 4, 5, 11, 12, 13, 18, 19, 20, 7, 8, 9, 10, 14, 15, 16, 17, 1, 6]
[4, 5, 11, 12, 13, 18, 19, 20, 7, 8, 9, 10, 14, 15, 16, 17, 1, 6]
[5, 11, 12, 13, 18, 19, 20, 7, 8, 9, 10, 14, 15, 16, 17, 1, 6]
[11, 12, 13, 18, 19, 20, 7, 8, 9, 10, 14, 15, 16, 17, 1, 6]
[12, 13, 18, 19, 20, 7, 8, 9, 10, 14, 15, 16, 17, 1, 6]
[13, 18, 19, 20, 7, 8, 9, 10, 14, 15, 16, 17, 1, 6]
[18, 19, 20, 7, 8, 9, 10, 14, 15, 16, 17, 1, 6]
[19, 20, 7, 8, 9, 10, 14, 15, 16, 17, 1, 6]
[20, 7, 8, 9, 10, 14, 15, 16, 17, 1, 6]
[7, 8, 9, 10, 14, 15, 16, 17, 1, 6]
[8, 9, 10, 14, 15, 16, 17, 1, 6]
[9, 10, 14, 15, 16, 17, 1, 6]
[10, 14, 15, 16, 17, 1, 6]
[14, 15, 16, 17, 1, 6]
[15, 16, 17, 1, 6]
[16, 17, 1, 6]
[17, 1, 6]
[1, 6]
[6]
[1, 3, 2, 7, 9, 10, 6, 19, 20, 4, 5, 11, 12, 13, 14, 15, 16, 17, 8, 18]
[3, 2, 7, 9, 10, 6, 19, 20, 4, 5, 11, 12, 13, 14, 15, 16, 17, 8, 18]
[2, 7, 9, 10, 6, 19, 20, 4, 5, 11, 12, 13, 14, 15, 16, 17, 8, 18]
[7, 9, 10, 6, 19, 20, 4, 5, 11, 12, 13, 14, 15, 16, 17, 8, 18]
[9, 10, 6, 19, 20, 4, 5, 11, 12, 13, 14, 15, 16, 17, 8, 18]
[10, 6, 19, 20, 4, 5, 11, 12, 13, 14, 15, 16, 17, 8, 18]
[6, 19, 20, 4, 5, 11, 12, 13, 14, 15, 16, 17, 8, 18]
[19, 20, 4, 5, 11, 12, 13, 14, 15, 16, 17, 8, 18]
[20, 4, 5, 11, 12, 13, 14, 15, 16, 17, 8, 18]
[4, 5, 11, 12, 13, 14, 15, 16, 17, 8, 18]
[5, 11, 12, 13, 14, 15, 16, 17, 8, 18]
[11, 12, 13, 14, 15, 16, 17, 8, 18]
[12, 13, 14, 15, 16, 17, 8, 18]
[13, 14, 15, 16, 17, 8, 18]
[14, 15, 16, 17, 8, 18]
[15, 16, 17, 8, 18]
[16, 17, 8, 18]
[17, 8, 18]
[8, 18]
[18]
[1, 3, 5, 6, 7, 8, 9, 10, 4, 18, 19, 20, 11, 12, 13, 14, 15, 16, 2, 17]
[3, 5, 6, 7, 8, 9, 10, 4, 18, 19, 20, 11, 12, 13, 14, 15, 16, 2, 17]
[5, 6, 7, 8, 9, 10, 4, 18, 19, 20, 11, 12, 13, 14, 15, 16, 2, 17]
[6, 7, 8, 9, 10, 4, 18, 19, 20, 11, 12, 13, 14, 15, 16, 2, 17]
[7, 8, 9, 10, 4, 18, 19, 20, 11, 12, 13, 14, 15, 16, 2, 17]
[8, 9, 10, 4, 18, 19, 20, 11, 12, 13, 14, 15, 16, 2, 17]
[9, 10, 4, 18, 19, 20, 11, 12, 13, 14, 15, 16, 2, 17]
[10, 4, 18, 19, 20, 11, 12, 13, 14, 15, 16, 2, 17]
[4, 18, 19, 20, 11, 12, 13, 14, 15, 16, 2, 17]
[18, 19, 20, 11, 12, 13, 14, 15, 16, 2, 17]
[19, 20, 11, 12, 13, 14, 15, 16, 2, 17]
[20, 11, 12, 13, 14, 15, 16, 2, 17]
[11, 12, 13, 14, 15, 16, 2, 17]
[12, 13, 14, 15, 16, 2, 17]
[13, 14, 15, 16, 2, 17]
[14, 15, 16, 2, 17]
[15, 16, 2, 17]
[16, 2, 17]
[2, 17]
[17]
[2, 3, 5, 6, 18, 19, 20, 11, 12, 13, 14, 15, 1, 17, 7, 8, 9, 10, 16, 4]
[3, 5, 6, 18, 19, 20, 11, 12, 13, 14, 15, 1, 17, 7, 8, 9, 10, 16, 4]
[5, 6, 18, 19, 20, 11, 12, 13, 14, 15, 1, 17, 7, 8, 9, 10, 16, 4]
[6, 18, 19, 20, 11, 12, 13, 14, 15, 1, 17, 7, 8, 9, 10, 16, 4]
[18, 19, 20, 11, 12, 13, 14, 15, 1, 17, 7, 8, 9, 10, 16, 4]
[19, 20, 11, 12, 13, 14, 15, 1, 17, 7, 8, 9, 10, 16, 4]
[20, 11, 12, 13, 14, 15, 1, 17, 7, 8, 9, 10, 16, 4]
[11, 12, 13, 14, 15, 1, 17, 7, 8, 9, 10, 16, 4]
[12, 13, 14, 15, 1, 17, 7, 8, 9, 10, 16, 4]
[13, 14, 15, 1, 17, 7, 8, 9, 10, 16, 4]
[14, 15, 1, 17, 7, 8, 9, 10, 16, 4]
[15, 1, 17, 7, 8, 9, 10, 16, 4]
[1, 17, 7, 8, 9, 10, 16, 4]
[17, 7, 8, 9, 10, 16, 4]
[7, 8, 9, 10, 16, 4]
[8, 9, 10, 16, 4]
[9, 10, 16, 4]
[10, 16, 4]
[16, 4]
[4]
[1, 2, 3, 6, 4, 5, 19, 18, 11, 12, 13, 7, 8, 9, 10, 14, 20, 16, 17, 15]
[2, 3, 6, 4, 5, 19, 18, 11, 12, 13, 7, 8, 9, 10, 14, 20, 16, 17, 15]
[3, 6, 4, 5, 19, 18, 11, 12, 13, 7, 8, 9, 10, 14, 20, 16, 17, 15]
[6, 4, 5, 19, 18, 11, 12, 13, 7, 8, 9, 10, 14, 20, 16, 17, 15]
[4, 5, 19, 18, 11, 12, 13, 7, 8, 9, 10, 14, 20, 16, 17, 15]
[5, 19, 18, 11, 12, 13, 7, 8, 9, 10, 14, 20, 16, 17, 15]
[19, 18, 11, 12, 13, 7, 8, 9, 10, 14, 20, 16, 17, 15]
[18, 11, 12, 13, 7, 8, 9, 10, 14, 20, 16, 17, 15]
[11, 12, 13, 7, 8, 9, 10, 14, 20, 16, 17, 15]
[12, 13, 7, 8, 9, 10, 14, 20, 16, 17, 15]
[13, 7, 8, 9, 10, 14, 20, 16, 17, 15]
[7, 8, 9, 10, 14, 20, 16, 17, 15]
[8, 9, 10, 14, 20, 16, 17, 15]
[9, 10, 14, 20, 16, 17, 15]
[10, 14, 20, 16, 17, 15]
[14, 20, 16, 17, 15]
[20, 16, 17, 15]
[16, 17, 15]
[17, 15]
[15]
[1, 2, 4, 5, 6, 12, 13, 14, 15, 16, 17, 18, 19, 20, 7, 8, 9, 10, 11, 3]
[2, 4, 5, 6, 12, 13, 14, 15, 16, 17, 18, 19, 20, 7, 8, 9, 10, 11, 3]
[4, 5, 6, 12, 13, 14, 15, 16, 17, 18, 19, 20, 7, 8, 9, 10, 11, 3]
[5, 6, 12, 13, 14, 15, 16, 17, 18, 19, 20, 7, 8, 9, 10, 11, 3]
[6, 12, 13, 14, 15, 16, 17, 18, 19, 20, 7, 8, 9, 10, 11, 3]
[12, 13, 14, 15, 16, 17, 18, 19, 20, 7, 8, 9, 10, 11, 3]
[13, 14, 15, 16, 17, 18, 19, 20, 7, 8, 9, 10, 11, 3]
[14, 15, 16, 17, 18, 19, 20, 7, 8, 9, 10, 11, 3]
[15, 16, 17, 18, 19, 20, 7, 8, 9, 10, 11, 3]
[16, 17, 18, 19, 20, 7, 8, 9, 10, 11, 3]
[17, 18, 19, 20, 7, 8, 9, 10, 11, 3]
[18, 19, 20, 7, 8, 9, 10, 11, 3]
[19, 20, 7, 8, 9, 10, 11, 3]
[20, 7, 8, 9, 10, 11, 3]
[7, 8, 9, 10, 11, 3]
[8, 9, 10, 11, 3]
[9, 10, 11, 3]
[10, 11, 3]
[11, 3]
[3]
[2, 3, 4, 1, 7, 6, 9, 10, 11, 5, 13, 18, 19, 20, 14, 15, 16, 17, 12, 8]
[3, 4, 1, 7, 6, 9, 10, 11, 5, 13, 18, 19, 20, 14, 15, 16, 17, 12, 8]
[4, 1, 7, 6, 9, 10, 11, 5, 13, 18, 19, 20, 14, 15, 16, 17, 12, 8]
[1, 7, 6, 9, 10, 11, 5, 13, 18, 19, 20, 14, 15, 16, 17, 12, 8]
[7, 6, 9, 10, 11, 5, 13, 18, 19, 20, 14, 15, 16, 17, 12, 8]
[6, 9, 10, 11, 5, 13, 18, 19, 20, 14, 15, 16, 17, 12, 8]
[9, 10, 11, 5, 13, 18, 19, 20, 14, 15, 16, 17, 12, 8]
[10, 11, 5, 13, 18, 19, 20, 14, 15, 16, 17, 12, 8]
[11, 5, 13, 18, 19, 20, 14, 15, 16, 17, 12, 8]
[5, 13, 18, 19, 20, 14, 15, 16, 17, 12, 8]
[13, 18, 19, 20, 14, 15, 16, 17, 12, 8]
[18, 19, 20, 14, 15, 16, 17, 12, 8]
[19, 20, 14, 15, 16, 17, 12, 8]
[20, 14, 15, 16, 17, 12, 8]
[14, 15, 16, 17, 12, 8]
[15, 16, 17, 12, 8]
[16, 17, 12, 8]
[17, 12, 8]
[12, 8]
[8]
[2, 1, 4, 3, 5, 12, 13, 14, 6, 17, 11, 19, 20, 7, 8, 18, 10, 16, 15, 9]
[1, 4, 3, 5, 12, 13, 14, 6, 17, 11, 19, 20, 7, 8, 18, 10, 16, 15, 9]
[4, 3, 5, 12, 13, 14, 6, 17, 11, 19, 20, 7, 8, 18, 10, 16, 15, 9]
[3, 5, 12, 13, 14, 6, 17, 11, 19, 20, 7, 8, 18, 10, 16, 15, 9]
[5, 12, 13, 14, 6, 17, 11, 19, 20, 7, 8, 18, 10, 16, 15, 9]
[12, 13, 14, 6, 17, 11, 19, 20, 7, 8, 18, 10, 16, 15, 9]
[13, 14, 6, 17, 11, 19, 20, 7, 8, 18, 10, 16, 15, 9]
[14, 6, 17, 11, 19, 20, 7, 8, 18, 10, 16, 15, 9]
[6, 17, 11, 19, 20, 7, 8, 18, 10, 16, 15, 9]
[17, 11, 19, 20, 7, 8, 18, 10, 16, 15, 9]
[11, 19, 20, 7, 8, 18, 10, 16, 15, 9]
[19, 20, 7, 8, 18, 10, 16, 15, 9]
[20, 7, 8, 18, 10, 16, 15, 9]
[7, 8, 18, 10, 16, 15, 9]
[8, 18, 10, 16, 15, 9]
[18, 10, 16, 15, 9]
[10, 16, 15, 9]
[16, 15, 9]
[15, 9]
[9]
[1, 2, 3, 5, 6, 7, 8, 9, 10, 11, 12, 13, 18, 19, 20, 14, 15, 4, 17, 16]
[2, 3, 5, 6, 7, 8, 9, 10, 11, 12, 13, 18, 19, 20, 14, 15, 4, 17, 16]
[3, 5, 6, 7, 8, 9, 10, 11, 12, 13, 18, 19, 20, 14, 15, 4, 17, 16]
[5, 6, 7, 8, 9, 10, 11, 12, 13, 18, 19, 20, 14, 15, 4, 17, 16]
[6, 7, 8, 9, 10, 11, 12, 13, 18, 19, 20, 14, 15, 4, 17, 16]
[7, 8, 9, 10, 11, 12, 13, 18, 19, 20, 14, 15, 4, 17, 16]
[8, 9, 10, 11, 12, 13, 18, 19, 20, 14, 15, 4, 17, 16]
[9, 10, 11, 12, 13, 18, 19, 20, 14, 15, 4, 17, 16]
[10, 11, 12, 13, 18, 19, 20, 14, 15, 4, 17, 16]
[11, 12, 13, 18, 19, 20, 14, 15, 4, 17, 16]
[12, 13, 18, 19, 20, 14, 15, 4, 17, 16]
[13, 18, 19, 20, 14, 15, 4, 17, 16]
[18, 19, 20, 14, 15, 4, 17, 16]
[19, 20, 14, 15, 4, 17, 16]
[20, 14, 15, 4, 17, 16]
[14, 15, 4, 17, 16]
[15, 4, 17, 16]
[4, 17, 16]
[17, 16]
[16]
[1, 4, 5, 6, 14, 15, 16, 17, 18, 19, 20, 11, 3, 2, 7, 8, 9, 10, 13, 12]
[4, 5, 6, 14, 15, 16, 17, 18, 19, 20, 11, 3, 2, 7, 8, 9, 10, 13, 12]
[5, 6, 14, 15, 16, 17, 18, 19, 20, 11, 3, 2, 7, 8, 9, 10, 13, 12]
[6, 14, 15, 16, 17, 18, 19, 20, 11, 3, 2, 7, 8, 9, 10, 13, 12]
[14, 15, 16, 17, 18, 19, 20, 11, 3, 2, 7, 8, 9, 10, 13, 12]
[15, 16, 17, 18, 19, 20, 11, 3, 2, 7, 8, 9, 10, 13, 12]
[16, 17, 18, 19, 20, 11, 3, 2, 7, 8, 9, 10, 13, 12]
[17, 18, 19, 20, 11, 3, 2, 7, 8, 9, 10, 13, 12]
[18, 19, 20, 11, 3, 2, 7, 8, 9, 10, 13, 12]
[19, 20, 11, 3, 2, 7, 8, 9, 10, 13, 12]
[20, 11, 3, 2, 7, 8, 9, 10, 13, 12]
[11, 3, 2, 7, 8, 9, 10, 13, 12]
[3, 2, 7, 8, 9, 10, 13, 12]
[2, 7, 8, 9, 10, 13, 12]
[7, 8, 9, 10, 13, 12]
[8, 9, 10, 13, 12]
[9, 10, 13, 12]
[10, 13, 12]
[13, 12]
[12]
serie1.Ex4.BlockingMessageQueueFuture$MyFuture@6cffdc57
serie1.Ex4.BlockingMessageQueueFuture$MyFuture@6c8d448b
serie1.Ex4.BlockingMessageQueueFuture$MyFuture@62383fb8
serie1.Ex4.BlockingMessageQueueFuture$MyFuture@6607b727
serie1.Ex4.BlockingMessageQueueFuture$MyFuture@549bba5e
[1, 3, 4, 5, 6, 11, 12, 13, 18, 19, 20, 2, 16, 17, 14, 8, 9, 10, 15, 7]
[3, 4, 5, 6, 11, 12, 13, 18, 19, 20, 2, 16, 17, 14, 8, 9, 10, 15, 7]
[4, 5, 6, 11, 12, 13, 18, 19, 20, 2, 16, 17, 14, 8, 9, 10, 15, 7]
[5, 6, 11, 12, 13, 18, 19, 20, 2, 16, 17, 14, 8, 9, 10, 15, 7]
[6, 11, 12, 13, 18, 19, 20, 2, 16, 17, 14, 8, 9, 10, 15, 7]
[11, 12, 13, 18, 19, 20, 2, 16, 17, 14, 8, 9, 10, 15, 7]
[12, 13, 18, 19, 20, 2, 16, 17, 14, 8, 9, 10, 15, 7]
[13, 18, 19, 20, 2, 16, 17, 14, 8, 9, 10, 15, 7]
[18, 19, 20, 2, 16, 17, 14, 8, 9, 10, 15, 7]
[19, 20, 2, 16, 17, 14, 8, 9, 10, 15, 7]
[20, 2, 16, 17, 14, 8, 9, 10, 15, 7]
[2, 16, 17, 14, 8, 9, 10, 15, 7]
[16, 17, 14, 8, 9, 10, 15, 7]
[17, 14, 8, 9, 10, 15, 7]
[14, 8, 9, 10, 15, 7]
[8, 9, 10, 15, 7]
[9, 10, 15, 7]
[10, 15, 7]
[15, 7]
[7]
serie1.Ex4.BlockingMessageQueueFuture$MyFuture@22339316
serie1.Ex4.BlockingMessageQueueFuture$MyFuture@578ada19
[1, 2, 4, 5, 11, 12, 13, 14, 15, 16, 17, 18, 19, 3, 8, 9, 7, 6, 20, 10]
[2, 4, 5, 11, 12, 13, 14, 15, 16, 17, 18, 19, 3, 8, 9, 7, 6, 20, 10]
[4, 5, 11, 12, 13, 14, 15, 16, 17, 18, 19, 3, 8, 9, 7, 6, 20, 10]
[5, 11, 12, 13, 14, 15, 16, 17, 18, 19, 3, 8, 9, 7, 6, 20, 10]
[11, 12, 13, 14, 15, 16, 17, 18, 19, 3, 8, 9, 7, 6, 20, 10]
[12, 13, 14, 15, 16, 17, 18, 19, 3, 8, 9, 7, 6, 20, 10]
[13, 14, 15, 16, 17, 18, 19, 3, 8, 9, 7, 6, 20, 10]
[14, 15, 16, 17, 18, 19, 3, 8, 9, 7, 6, 20, 10]
[15, 16, 17, 18, 19, 3, 8, 9, 7, 6, 20, 10]
[16, 17, 18, 19, 3, 8, 9, 7, 6, 20, 10]
[17, 18, 19, 3, 8, 9, 7, 6, 20, 10]
[18, 19, 3, 8, 9, 7, 6, 20, 10]
[19, 3, 8, 9, 7, 6, 20, 10]
[3, 8, 9, 7, 6, 20, 10]
[8, 9, 7, 6, 20, 10]
[9, 7, 6, 20, 10]
[7, 6, 20, 10]
[6, 20, 10]
[20, 10]
[10]
[1, 2, 4, 5, 6, 3, 19, 20, 11, 12, 13, 7, 8, 9, 10, 14, 15, 16, 17, 18]
[2, 4, 5, 6, 3, 19, 20, 11, 12, 13, 7, 8, 9, 10, 14, 15, 16, 17, 18]
[4, 5, 6, 3, 19, 20, 11, 12, 13, 7, 8, 9, 10, 14, 15, 16, 17, 18]
[5, 6, 3, 19, 20, 11, 12, 13, 7, 8, 9, 10, 14, 15, 16, 17, 18]
[6, 3, 19, 20, 11, 12, 13, 7, 8, 9, 10, 14, 15, 16, 17, 18]
[3, 19, 20, 11, 12, 13, 7, 8, 9, 10, 14, 15, 16, 17, 18]
[19, 20, 11, 12, 13, 7, 8, 9, 10, 14, 15, 16, 17, 18]
[20, 11, 12, 13, 7, 8, 9, 10, 14, 15, 16, 17, 18]
[11, 12, 13, 7, 8, 9, 10, 14, 15, 16, 17, 18]
[12, 13, 7, 8, 9, 10, 14, 15, 16, 17, 18]
[13, 7, 8, 9, 10, 14, 15, 16, 17, 18]
[7, 8, 9, 10, 14, 15, 16, 17, 18]
[8, 9, 10, 14, 15, 16, 17, 18]
[9, 10, 14, 15, 16, 17, 18]
[10, 14, 15, 16, 17, 18]
[14, 15, 16, 17, 18]
[15, 16, 17, 18]
[16, 17, 18]
[17, 18]
[18]
[1, 2, 6, 7, 8, 10, 11, 13, 4, 5, 18, 19, 20, 14, 15, 16, 17, 3, 12, 9]
[2, 6, 7, 8, 10, 11, 13, 4, 5, 18, 19, 20, 14, 15, 16, 17, 3, 12, 9]
[6, 7, 8, 10, 11, 13, 4, 5, 18, 19, 20, 14, 15, 16, 17, 3, 12, 9]
[7, 8, 10, 11, 13, 4, 5, 18, 19, 20, 14, 15, 16, 17, 3, 12, 9]
[8, 10, 11, 13, 4, 5, 18, 19, 20, 14, 15, 16, 17, 3, 12, 9]
[10, 11, 13, 4, 5, 18, 19, 20, 14, 15, 16, 17, 3, 12, 9]
[11, 13, 4, 5, 18, 19, 20, 14, 15, 16, 17, 3, 12, 9]
[13, 4, 5, 18, 19, 20, 14, 15, 16, 17, 3, 12, 9]
[4, 5, 18, 19, 20, 14, 15, 16, 17, 3, 12, 9]
[5, 18, 19, 20, 14, 15, 16, 17, 3, 12, 9]
[18, 19, 20, 14, 15, 16, 17, 3, 12, 9]
[19, 20, 14, 15, 16, 17, 3, 12, 9]
[20, 14, 15, 16, 17, 3, 12, 9]
[14, 15, 16, 17, 3, 12, 9]
[15, 16, 17, 3, 12, 9]
[16, 17, 3, 12, 9]
[17, 3, 12, 9]
[3, 12, 9]
[12, 9]
[9]
[1, 2, 3, 5, 6, 7, 9, 10, 14, 15, 16, 17, 11, 12, 13, 18, 19, 20, 8, 4]
[2, 3, 5, 6, 7, 9, 10, 14, 15, 16, 17, 11, 12, 13, 18, 19, 20, 8, 4]
[3, 5, 6, 7, 9, 10, 14, 15, 16, 17, 11, 12, 13, 18, 19, 20, 8, 4]
[5, 6, 7, 9, 10, 14, 15, 16, 17, 11, 12, 13, 18, 19, 20, 8, 4]
[6, 7, 9, 10, 14, 15, 16, 17, 11, 12, 13, 18, 19, 20, 8, 4]
[7, 9, 10, 14, 15, 16, 17, 11, 12, 13, 18, 19, 20, 8, 4]
[9, 10, 14, 15, 16, 17, 11, 12, 13, 18, 19, 20, 8, 4]
[10, 14, 15, 16, 17, 11, 12, 13, 18, 19, 20, 8, 4]
[14, 15, 16, 17, 11, 12, 13, 18, 19, 20, 8, 4]
[15, 16, 17, 11, 12, 13, 18, 19, 20, 8, 4]
[16, 17, 11, 12, 13, 18, 19, 20, 8, 4]
[17, 11, 12, 13, 18, 19, 20, 8, 4]
[11, 12, 13, 18, 19, 20, 8, 4]
[12, 13, 18, 19, 20, 8, 4]
[13, 18, 19, 20, 8, 4]
[18, 19, 20, 8, 4]
[19, 20, 8, 4]
[20, 8, 4]
[8, 4]
[4]
[1, 3, 4, 14, 15, 16, 17, 18, 19, 2, 20, 11, 6, 13, 7, 5, 9, 10, 8, 12]
[3, 4, 14, 15, 16, 17, 18, 19, 2, 20, 11, 6, 13, 7, 5, 9, 10, 8, 12]
[4, 14, 15, 16, 17, 18, 19, 2, 20, 11, 6, 13, 7, 5, 9, 10, 8, 12]
[14, 15, 16, 17, 18, 19, 2, 20, 11, 6, 13, 7, 5, 9, 10, 8, 12]
[15, 16, 17, 18, 19, 2, 20, 11, 6, 13, 7, 5, 9, 10, 8, 12]
[16, 17, 18, 19, 2, 20, 11, 6, 13, 7, 5, 9, 10, 8, 12]
[17, 18, 19, 2, 20, 11, 6, 13, 7, 5, 9, 10, 8, 12]
[18, 19, 2, 20, 11, 6, 13, 7, 5, 9, 10, 8, 12]
[19, 2, 20, 11, 6, 13, 7, 5, 9, 10, 8, 12]
[2, 20, 11, 6, 13, 7, 5, 9, 10, 8, 12]
[20, 11, 6, 13, 7, 5, 9, 10, 8, 12]
[11, 6, 13, 7, 5, 9, 10, 8, 12]
[6, 13, 7, 5, 9, 10, 8, 12]
[13, 7, 5, 9, 10, 8, 12]
[7, 5, 9, 10, 8, 12]
[5, 9, 10, 8, 12]
[9, 10, 8, 12]
[10, 8, 12]
[8, 12]
[12]
[1, 2, 3, 4, 5, 6, 14, 15, 16, 17, 19, 20, 12, 13, 7, 8, 9, 10, 11, 18]
[2, 3, 4, 5, 6, 14, 15, 16, 17, 19, 20, 12, 13, 7, 8, 9, 10, 11, 18]
[3, 4, 5, 6, 14, 15, 16, 17, 19, 20, 12, 13, 7, 8, 9, 10, 11, 18]
[4, 5, 6, 14, 15, 16, 17, 19, 20, 12, 13, 7, 8, 9, 10, 11, 18]
[5, 6, 14, 15, 16, 17, 19, 20, 12, 13, 7, 8, 9, 10, 11, 18]
[6, 14, 15, 16, 17, 19, 20, 12, 13, 7, 8, 9, 10, 11, 18]
[14, 15, 16, 17, 19, 20, 12, 13, 7, 8, 9, 10, 11, 18]
[15, 16, 17, 19, 20, 12, 13, 7, 8, 9, 10, 11, 18]
[16, 17, 19, 20, 12, 13, 7, 8, 9, 10, 11, 18]
[17, 19, 20, 12, 13, 7, 8, 9, 10, 11, 18]
[19, 20, 12, 13, 7, 8, 9, 10, 11, 18]
[20, 12, 13, 7, 8, 9, 10, 11, 18]
[12, 13, 7, 8, 9, 10, 11, 18]
[13, 7, 8, 9, 10, 11, 18]
[7, 8, 9, 10, 11, 18]
[8, 9, 10, 11, 18]
[9, 10, 11, 18]
[10, 11, 18]
[11, 18]
[18]
[1, 2, 3, 5, 7, 8, 9, 10, 4, 15, 16, 17, 11, 12, 18, 19, 20, 14, 6, 13]
[2, 3, 5, 7, 8, 9, 10, 4, 15, 16, 17, 11, 12, 18, 19, 20, 14, 6, 13]
[3, 5, 7, 8, 9, 10, 4, 15, 16, 17, 11, 12, 18, 19, 20, 14, 6, 13]
[5, 7, 8, 9, 10, 4, 15, 16, 17, 11, 12, 18, 19, 20, 14, 6, 13]
[7, 8, 9, 10, 4, 15, 16, 17, 11, 12, 18, 19, 20, 14, 6, 13]
[8, 9, 10, 4, 15, 16, 17, 11, 12, 18, 19, 20, 14, 6, 13]
[9, 10, 4, 15, 16, 17, 11, 12, 18, 19, 20, 14, 6, 13]
[10, 4, 15, 16, 17, 11, 12, 18, 19, 20, 14, 6, 13]
[4, 15, 16, 17, 11, 12, 18, 19, 20, 14, 6, 13]
[15, 16, 17, 11, 12, 18, 19, 20, 14, 6, 13]
[16, 17, 11, 12, 18, 19, 20, 14, 6, 13]
[17, 11, 12, 18, 19, 20, 14, 6, 13]
[11, 12, 18, 19, 20, 14, 6, 13]
[12, 18, 19, 20, 14, 6, 13]
[18, 19, 20, 14, 6, 13]
[19, 20, 14, 6, 13]
[20, 14, 6, 13]
[14, 6, 13]
[6, 13]
[13]
[1, 2, 3, 4, 5, 6, 15, 16, 17, 18, 19, 20, 14, 12, 7, 8, 9, 11, 10, 13]
[2, 3, 4, 5, 6, 15, 16, 17, 18, 19, 20, 14, 12, 7, 8, 9, 11, 10, 13]
[3, 4, 5, 6, 15, 16, 17, 18, 19, 20, 14, 12, 7, 8, 9, 11, 10, 13]
[4, 5, 6, 15, 16, 17, 18, 19, 20, 14, 12, 7, 8, 9, 11, 10, 13]
[5, 6, 15, 16, 17, 18, 19, 20, 14, 12, 7, 8, 9, 11, 10, 13]
[6, 15, 16, 17, 18, 19, 20, 14, 12, 7, 8, 9, 11, 10, 13]
[15, 16, 17, 18, 19, 20, 14, 12, 7, 8, 9, 11, 10, 13]
[16, 17, 18, 19, 20, 14, 12, 7, 8, 9, 11, 10, 13]
[17, 18, 19, 20, 14, 12, 7, 8, 9, 11, 10, 13]
[18, 19, 20, 14, 12, 7, 8, 9, 11, 10, 13]
[19, 20, 14, 12, 7, 8, 9, 11, 10, 13]
[20, 14, 12, 7, 8, 9, 11, 10, 13]
[14, 12, 7, 8, 9, 11, 10, 13]
[12, 7, 8, 9, 11, 10, 13]
[7, 8, 9, 11, 10, 13]
[8, 9, 11, 10, 13]
[9, 11, 10, 13]
[11, 10, 13]
[10, 13]
[13]
[1, 2, 3, 4, 5, 6, 11, 12, 13, 18, 19, 20, 14, 15, 16, 17, 7, 8, 10, 9]
[2, 3, 4, 5, 6, 11, 12, 13, 18, 19, 20, 14, 15, 16, 17, 7, 8, 10, 9]
[3, 4, 5, 6, 11, 12, 13, 18, 19, 20, 14, 15, 16, 17, 7, 8, 10, 9]
[4, 5, 6, 11, 12, 13, 18, 19, 20, 14, 15, 16, 17, 7, 8, 10, 9]
[5, 6, 11, 12, 13, 18, 19, 20, 14, 15, 16, 17, 7, 8, 10, 9]
[6, 11, 12, 13, 18, 19, 20, 14, 15, 16, 17, 7, 8, 10, 9]
[11, 12, 13, 18, 19, 20, 14, 15, 16, 17, 7, 8, 10, 9]
[12, 13, 18, 19, 20, 14, 15, 16, 17, 7, 8, 10, 9]
[13, 18, 19, 20, 14, 15, 16, 17, 7, 8, 10, 9]
[18, 19, 20, 14, 15, 16, 17, 7, 8, 10, 9]
[19, 20, 14, 15, 16, 17, 7, 8, 10, 9]
[20, 14, 15, 16, 17, 7, 8, 10, 9]
[14, 15, 16, 17, 7, 8, 10, 9]
[15, 16, 17, 7, 8, 10, 9]
[16, 17, 7, 8, 10, 9]
[17, 7, 8, 10, 9]
[7, 8, 10, 9]
[8, 10, 9]
[10, 9]
[9]
[2, 4, 5, 1, 7, 8, 9, 6, 18, 19, 20, 14, 15, 3, 16, 17, 11, 12, 13, 10]
[4, 5, 1, 7, 8, 9, 6, 18, 19, 20, 14, 15, 3, 16, 17, 11, 12, 13, 10]
[5, 1, 7, 8, 9, 6, 18, 19, 20, 14, 15, 3, 16, 17, 11, 12, 13, 10]
[1, 7, 8, 9, 6, 18, 19, 20, 14, 15, 3, 16, 17, 11, 12, 13, 10]
[7, 8, 9, 6, 18, 19, 20, 14, 15, 3, 16, 17, 11, 12, 13, 10]
[8, 9, 6, 18, 19, 20, 14, 15, 3, 16, 17, 11, 12, 13, 10]
[9, 6, 18, 19, 20, 14, 15, 3, 16, 17, 11, 12, 13, 10]
[6, 18, 19, 20, 14, 15, 3, 16, 17, 11, 12, 13, 10]
[18, 19, 20, 14, 15, 3, 16, 17, 11, 12, 13, 10]
[19, 20, 14, 15, 3, 16, 17, 11, 12, 13, 10]
[20, 14, 15, 3, 16, 17, 11, 12, 13, 10]
[14, 15, 3, 16, 17, 11, 12, 13, 10]
[15, 3, 16, 17, 11, 12, 13, 10]
[3, 16, 17, 11, 12, 13, 10]
[16, 17, 11, 12, 13, 10]
[17, 11, 12, 13, 10]
[11, 12, 13, 10]
[12, 13, 10]
[13, 10]
[10]
[2, 3, 4, 5, 6, 18, 19, 20, 11, 12, 13, 7, 8, 9, 10, 14, 15, 16, 17, 1]
[3, 4, 5, 6, 18, 19, 20, 11, 12, 13, 7, 8, 9, 10, 14, 15, 16, 17, 1]
[4, 5, 6, 18, 19, 20, 11, 12, 13, 7, 8, 9, 10, 14, 15, 16, 17, 1]
[5, 6, 18, 19, 20, 11, 12, 13, 7, 8, 9, 10, 14, 15, 16, 17, 1]
[6, 18, 19, 20, 11, 12, 13, 7, 8, 9, 10, 14, 15, 16, 17, 1]
[18, 19, 20, 11, 12, 13, 7, 8, 9, 10, 14, 15, 16, 17, 1]
[19, 20, 11, 12, 13, 7, 8, 9, 10, 14, 15, 16, 17, 1]
[20, 11, 12, 13, 7, 8, 9, 10, 14, 15, 16, 17, 1]
[11, 12, 13, 7, 8, 9, 10, 14, 15, 16, 17, 1]
[12, 13, 7, 8, 9, 10, 14, 15, 16, 17, 1]
[13, 7, 8, 9, 10, 14, 15, 16, 17, 1]
[7, 8, 9, 10, 14, 15, 16, 17, 1]
[8, 9, 10, 14, 15, 16, 17, 1]
[9, 10, 14, 15, 16, 17, 1]
[10, 14, 15, 16, 17, 1]
[14, 15, 16, 17, 1]
[15, 16, 17, 1]
[16, 17, 1]
[17, 1]
[1]
[1, 2, 4, 6, 18, 5, 20, 11, 12, 13, 14, 15, 3, 16, 19, 7, 8, 9, 10, 17]
[2, 4, 6, 18, 5, 20, 11, 12, 13, 14, 15, 3, 16, 19, 7, 8, 9, 10, 17]
[4, 6, 18, 5, 20, 11, 12, 13, 14, 15, 3, 16, 19, 7, 8, 9, 10, 17]
[6, 18, 5, 20, 11, 12, 13, 14, 15, 3, 16, 19, 7, 8, 9, 10, 17]
[18, 5, 20, 11, 12, 13, 14, 15, 3, 16, 19, 7, 8, 9, 10, 17]
[5, 20, 11, 12, 13, 14, 15, 3, 16, 19, 7, 8, 9, 10, 17]
[20, 11, 12, 13, 14, 15, 3, 16, 19, 7, 8, 9, 10, 17]
[11, 12, 13, 14, 15, 3, 16, 19, 7, 8, 9, 10, 17]
[12, 13, 14, 15, 3, 16, 19, 7, 8, 9, 10, 17]
[13, 14, 15, 3, 16, 19, 7, 8, 9, 10, 17]
[14, 15, 3, 16, 19, 7, 8, 9, 10, 17]
[15, 3, 16, 19, 7, 8, 9, 10, 17]
[3, 16, 19, 7, 8, 9, 10, 17]
[16, 19, 7, 8, 9, 10, 17]
[19, 7, 8, 9, 10, 17]
[7, 8, 9, 10, 17]
[8, 9, 10, 17]
[9, 10, 17]
[10, 17]
[17]
serie1.Ex4.BlockingMessageQueueFuture$MyFuture@6acc586e
serie1.Ex4.BlockingMessageQueueFuture$MyFuture@4035660a
serie1.Ex4.BlockingMessageQueueFuture$MyFuture@331da68d
[4, 5, 9, 10, 6, 7, 1, 2, 19, 12, 13, 14, 18, 15, 16, 17, 3, 8, 11, 20]
[5, 9, 10, 6, 7, 1, 2, 19, 12, 13, 14, 18, 15, 16, 17, 3, 8, 11, 20]
[9, 10, 6, 7, 1, 2, 19, 12, 13, 14, 18, 15, 16, 17, 3, 8, 11, 20]
[10, 6, 7, 1, 2, 19, 12, 13, 14, 18, 15, 16, 17, 3, 8, 11, 20]
[6, 7, 1, 2, 19, 12, 13, 14, 18, 15, 16, 17, 3, 8, 11, 20]
[7, 1, 2, 19, 12, 13, 14, 18, 15, 16, 17, 3, 8, 11, 20]
[1, 2, 19, 12, 13, 14, 18, 15, 16, 17, 3, 8, 11, 20]
[2, 19, 12, 13, 14, 18, 15, 16, 17, 3, 8, 11, 20]
[19, 12, 13, 14, 18, 15, 16, 17, 3, 8, 11, 20]
[12, 13, 14, 18, 15, 16, 17, 3, 8, 11, 20]
[13, 14, 18, 15, 16, 17, 3, 8, 11, 20]
[14, 18, 15, 16, 17, 3, 8, 11, 20]
[18, 15, 16, 17, 3, 8, 11, 20]
[15, 16, 17, 3, 8, 11, 20]
[16, 17, 3, 8, 11, 20]
[17, 3, 8, 11, 20]
[3, 8, 11, 20]
[8, 11, 20]
[11, 20]
[20]
[1, 2, 3, 6, 4, 5, 7, 8, 9, 10, 11, 12, 13, 19, 18, 20, 15, 14, 16, 17]
[2, 3, 6, 4, 5, 7, 8, 9, 10, 11, 12, 13, 19, 18, 20, 15, 14, 16, 17]
[3, 6, 4, 5, 7, 8, 9, 10, 11, 12, 13, 19, 18, 20, 15, 14, 16, 17]
[6, 4, 5, 7, 8, 9, 10, 11, 12, 13, 19, 18, 20, 15, 14, 16, 17]
[4, 5, 7, 8, 9, 10, 11, 12, 13, 19, 18, 20, 15, 14, 16, 17]
[5, 7, 8, 9, 10, 11, 12, 13, 19, 18, 20, 15, 14, 16, 17]
[7, 8, 9, 10, 11, 12, 13, 19, 18, 20, 15, 14, 16, 17]
[8, 9, 10, 11, 12, 13, 19, 18, 20, 15, 14, 16, 17]
[9, 10, 11, 12, 13, 19, 18, 20, 15, 14, 16, 17]
[10, 11, 12, 13, 19, 18, 20, 15, 14, 16, 17]
[11, 12, 13, 19, 18, 20, 15, 14, 16, 17]
[12, 13, 19, 18, 20, 15, 14, 16, 17]
[13, 19, 18, 20, 15, 14, 16, 17]
[19, 18, 20, 15, 14, 16, 17]
[18, 20, 15, 14, 16, 17]
[20, 15, 14, 16, 17]
[15, 14, 16, 17]
[14, 16, 17]
[16, 17]
[17]
[4, 5, 14, 15, 17, 11, 12, 13, 6, 16, 19, 18, 3, 2, 20, 1, 7, 9, 8, 10]
[5, 14, 15, 17, 11, 12, 13, 6, 16, 19, 18, 3, 2, 20, 1, 7, 9, 8, 10]
[14, 15, 17, 11, 12, 13, 6, 16, 19, 18, 3, 2, 20, 1, 7, 9, 8, 10]
[15, 17, 11, 12, 13, 6, 16, 19, 18, 3, 2, 20, 1, 7, 9, 8, 10]
[17, 11, 12, 13, 6, 16, 19, 18, 3, 2, 20, 1, 7, 9, 8, 10]
[11, 12, 13, 6, 16, 19, 18, 3, 2, 20, 1, 7, 9, 8, 10]
[12, 13, 6, 16, 19, 18, 3, 2, 20, 1, 7, 9, 8, 10]
[13, 6, 16, 19, 18, 3, 2, 20, 1, 7, 9, 8, 10]
[6, 16, 19, 18, 3, 2, 20, 1, 7, 9, 8, 10]
[16, 19, 18, 3, 2, 20, 1, 7, 9, 8, 10]
[19, 18, 3, 2, 20, 1, 7, 9, 8, 10]
[18, 3, 2, 20, 1, 7, 9, 8, 10]
[3, 2, 20, 1, 7, 9, 8, 10]
[2, 20, 1, 7, 9, 8, 10]
[20, 1, 7, 9, 8, 10]
[1, 7, 9, 8, 10]
[7, 9, 8, 10]
[9, 8, 10]
[8, 10]
[10]
[1, 2, 3, 14, 4, 16, 5, 6, 15, 11, 17, 13, 7, 8, 9, 10, 19, 18, 20, 12]
[2, 3, 14, 4, 16, 5, 6, 15, 11, 17, 13, 7, 8, 9, 10, 19, 18, 20, 12]
[3, 14, 4, 16, 5, 6, 15, 11, 17, 13, 7, 8, 9, 10, 19, 18, 20, 12]
[14, 4, 16, 5, 6, 15, 11, 17, 13, 7, 8, 9, 10, 19, 18, 20, 12]
[4, 16, 5, 6, 15, 11, 17, 13, 7, 8, 9, 10, 19, 18, 20, 12]
[16, 5, 6, 15, 11, 17, 13, 7, 8, 9, 10, 19, 18, 20, 12]
[5, 6, 15, 11, 17, 13, 7, 8, 9, 10, 19, 18, 20, 12]
[6, 15, 11, 17, 13, 7, 8, 9, 10, 19, 18, 20, 12]
[15, 11, 17, 13, 7, 8, 9, 10, 19, 18, 20, 12]
[11, 17, 13, 7, 8, 9, 10, 19, 18, 20, 12]
[17, 13, 7, 8, 9, 10, 19, 18, 20, 12]
[13, 7, 8, 9, 10, 19, 18, 20, 12]
[7, 8, 9, 10, 19, 18, 20, 12]
[8, 9, 10, 19, 18, 20, 12]
[9, 10, 19, 18, 20, 12]
[10, 19, 18, 20, 12]
[19, 18, 20, 12]
[18, 20, 12]
[20, 12]
[12]
[2, 1, 5, 6, 4, 3, 12, 19, 9, 13, 10, 14, 18, 8, 20, 11, 7, 16, 15, 17]
[1, 5, 6, 4, 3, 12, 19, 9, 13, 10, 14, 18, 8, 20, 11, 7, 16, 15, 17]
[5, 6, 4, 3, 12, 19, 9, 13, 10, 14, 18, 8, 20, 11, 7, 16, 15, 17]
[6, 4, 3, 12, 19, 9, 13, 10, 14, 18, 8, 20, 11, 7, 16, 15, 17]
[4, 3, 12, 19, 9, 13, 10, 14, 18, 8, 20, 11, 7, 16, 15, 17]
[3, 12, 19, 9, 13, 10, 14, 18, 8, 20, 11, 7, 16, 15, 17]
[12, 19, 9, 13, 10, 14, 18, 8, 20, 11, 7, 16, 15, 17]
[19, 9, 13, 10, 14, 18, 8, 20, 11, 7, 16, 15, 17]
[9, 13, 10, 14, 18, 8, 20, 11, 7, 16, 15, 17]
[13, 10, 14, 18, 8, 20, 11, 7, 16, 15, 17]
[10, 14, 18, 8, 20, 11, 7, 16, 15, 17]
[14, 18, 8, 20, 11, 7, 16, 15, 17]
[18, 8, 20, 11, 7, 16, 15, 17]
[8, 20, 11, 7, 16, 15, 17]
[20, 11, 7, 16, 15, 17]
[11, 7, 16, 15, 17]
[7, 16, 15, 17]
[16, 15, 17]
[15, 17]
[17]
[7, 9, 8, 6, 4, 5, 18, 19, 10, 1, 11, 3, 2, 15, 20, 13, 12, 17, 14, 16]
[9, 8, 6, 4, 5, 18, 19, 10, 1, 11, 3, 2, 15, 20, 13, 12, 17, 14, 16]
[8, 6, 4, 5, 18, 19, 10, 1, 11, 3, 2, 15, 20, 13, 12, 17, 14, 16]
[6, 4, 5, 18, 19, 10, 1, 11, 3, 2, 15, 20, 13, 12, 17, 14, 16]
[4, 5, 18, 19, 10, 1, 11, 3, 2, 15, 20, 13, 12, 17, 14, 16]
[5, 18, 19, 10, 1, 11, 3, 2, 15, 20, 13, 12, 17, 14, 16]
[18, 19, 10, 1, 11, 3, 2, 15, 20, 13, 12, 17, 14, 16]
[19, 10, 1, 11, 3, 2, 15, 20, 13, 12, 17, 14, 16]
[10, 1, 11, 3, 2, 15, 20, 13, 12, 17, 14, 16]
[1, 11, 3, 2, 15, 20, 13, 12, 17, 14, 16]
[11, 3, 2, 15, 20, 13, 12, 17, 14, 16]
[3, 2, 15, 20, 13, 12, 17, 14, 16]
[2, 15, 20, 13, 12, 17, 14, 16]
[15, 20, 13, 12, 17, 14, 16]
[20, 13, 12, 17, 14, 16]
[13, 12, 17, 14, 16]
[12, 17, 14, 16]
[17, 14, 16]
[14, 16]
[16]
[1, 2, 3, 8, 9, 10, 4, 7, 13, 18, 11, 6, 19, 15, 5, 12, 14, 20, 16, 17]
[2, 3, 8, 9, 10, 4, 7, 13, 18, 11, 6, 19, 15, 5, 12, 14, 20, 16, 17]
[3, 8, 9, 10, 4, 7, 13, 18, 11, 6, 19, 15, 5, 12, 14, 20, 16, 17]
[8, 9, 10, 4, 7, 13, 18, 11, 6, 19, 15, 5, 12, 14, 20, 16, 17]
[9, 10, 4, 7, 13, 18, 11, 6, 19, 15, 5, 12, 14, 20, 16, 17]
[10, 4, 7, 13, 18, 11, 6, 19, 15, 5, 12, 14, 20, 16, 17]
[4, 7, 13, 18, 11, 6, 19, 15, 5, 12, 14, 20, 16, 17]
[7, 13, 18, 11, 6, 19, 15, 5, 12, 14, 20, 16, 17]
[13, 18, 11, 6, 19, 15, 5, 12, 14, 20, 16, 17]
[18, 11, 6, 19, 15, 5, 12, 14, 20, 16, 17]
[11, 6, 19, 15, 5, 12, 14, 20, 16, 17]
[6, 19, 15, 5, 12, 14, 20, 16, 17]
[19, 15, 5, 12, 14, 20, 16, 17]
[15, 5, 12, 14, 20, 16, 17]
[5, 12, 14, 20, 16, 17]
[12, 14, 20, 16, 17]
[14, 20, 16, 17]
[20, 16, 17]
[16, 17]
[17]
[7, 10, 13, 12, 9, 8, 2, 3, 18, 20, 4, 11, 16, 14, 19, 1, 5, 6, 17, 15]
[10, 13, 12, 9, 8, 2, 3, 18, 20, 4, 11, 16, 14, 19, 1, 5, 6, 17, 15]
[13, 12, 9, 8, 2, 3, 18, 20, 4, 11, 16, 14, 19, 1, 5, 6, 17, 15]
[12, 9, 8, 2, 3, 18, 20, 4, 11, 16, 14, 19, 1, 5, 6, 17, 15]
[9, 8, 2, 3, 18, 20, 4, 11, 16, 14, 19, 1, 5, 6, 17, 15]
[8, 2, 3, 18, 20, 4, 11, 16, 14, 19, 1, 5, 6, 17, 15]
[2, 3, 18, 20, 4, 11, 16, 14, 19, 1, 5, 6, 17, 15]
[3, 18, 20, 4, 11, 16, 14, 19, 1, 5, 6, 17, 15]
[18, 20, 4, 11, 16, 14, 19, 1, 5, 6, 17, 15]
[20, 4, 11, 16, 14, 19, 1, 5, 6, 17, 15]
[4, 11, 16, 14, 19, 1, 5, 6, 17, 15]
[11, 16, 14, 19, 1, 5, 6, 17, 15]
[16, 14, 19, 1, 5, 6, 17, 15]
[14, 19, 1, 5, 6, 17, 15]
[19, 1, 5, 6, 17, 15]
[1, 5, 6, 17, 15]
[5, 6, 17, 15]
[6, 17, 15]
[17, 15]
[15]
[1, 2, 7, 5, 18, 20, 9, 3, 13, 11, 19, 4, 10, 6, 15, 16, 17, 14, 8, 12]
[2, 7, 5, 18, 20, 9, 3, 13, 11, 19, 4, 10, 6, 15, 16, 17, 14, 8, 12]
[7, 5, 18, 20, 9, 3, 13, 11, 19, 4, 10, 6, 15, 16, 17, 14, 8, 12]
[5, 18, 20, 9, 3, 13, 11, 19, 4, 10, 6, 15, 16, 17, 14, 8, 12]
[18, 20, 9, 3, 13, 11, 19, 4, 10, 6, 15, 16, 17, 14, 8, 12]
[20, 9, 3, 13, 11, 19, 4, 10, 6, 15, 16, 17, 14, 8, 12]
[9, 3, 13, 11, 19, 4, 10, 6, 15, 16, 17, 14, 8, 12]
[3, 13, 11, 19, 4, 10, 6, 15, 16, 17, 14, 8, 12]
[13, 11, 19, 4, 10, 6, 15, 16, 17, 14, 8, 12]
[11, 19, 4, 10, 6, 15, 16, 17, 14, 8, 12]
[19, 4, 10, 6, 15, 16, 17, 14, 8, 12]
[4, 10, 6, 15, 16, 17, 14, 8, 12]
[10, 6, 15, 16, 17, 14, 8, 12]
[6, 15, 16, 17, 14, 8, 12]
[15, 16, 17, 14, 8, 12]
[16, 17, 14, 8, 12]
[17, 14, 8, 12]
[14, 8, 12]
[8, 12]
[12]
[2, 1, 4, 6, 19, 20, 3, 5, 18, 7, 9, 14, 15, 17, 10, 12, 11, 13, 16, 8]
[1, 4, 6, 19, 20, 3, 5, 18, 7, 9, 14, 15, 17, 10, 12, 11, 13, 16, 8]
[4, 6, 19, 20, 3, 5, 18, 7, 9, 14, 15, 17, 10, 12, 11, 13, 16, 8]
[6, 19, 20, 3, 5, 18, 7, 9, 14, 15, 17, 10, 12, 11, 13, 16, 8]
[19, 20, 3, 5, 18, 7, 9, 14, 15, 17, 10, 12, 11, 13, 16, 8]
[20, 3, 5, 18, 7, 9, 14, 15, 17, 10, 12, 11, 13, 16, 8]
[3, 5, 18, 7, 9, 14, 15, 17, 10, 12, 11, 13, 16, 8]
[5, 18, 7, 9, 14, 15, 17, 10, 12, 11, 13, 16, 8]
[18, 7, 9, 14, 15, 17, 10, 12, 11, 13, 16, 8]
[7, 9, 14, 15, 17, 10, 12, 11, 13, 16, 8]
[9, 14, 15, 17, 10, 12, 11, 13, 16, 8]
[14, 15, 17, 10, 12, 11, 13, 16, 8]
[15, 17, 10, 12, 11, 13, 16, 8]
[17, 10, 12, 11, 13, 16, 8]
[10, 12, 11, 13, 16, 8]
[12, 11, 13, 16, 8]
[11, 13, 16, 8]
[13, 16, 8]
[16, 8]
[8]
[3, 2, 1, 4, 14, 15, 16, 17, 11, 6, 12, 8, 9, 7, 5, 20, 19, 13, 18, 10]
[2, 1, 4, 14, 15, 16, 17, 11, 6, 12, 8, 9, 7, 5, 20, 19, 13, 18, 10]
[1, 4, 14, 15, 16, 17, 11, 6, 12, 8, 9, 7, 5, 20, 19, 13, 18, 10]
[4, 14, 15, 16, 17, 11, 6, 12, 8, 9, 7, 5, 20, 19, 13, 18, 10]
[14, 15, 16, 17, 11, 6, 12, 8, 9, 7, 5, 20, 19, 13, 18, 10]
[15, 16, 17, 11, 6, 12, 8, 9, 7, 5, 20, 19, 13, 18, 10]
[16, 17, 11, 6, 12, 8, 9, 7, 5, 20, 19, 13, 18, 10]
[17, 11, 6, 12, 8, 9, 7, 5, 20, 19, 13, 18, 10]
[11, 6, 12, 8, 9, 7, 5, 20, 19, 13, 18, 10]
[6, 12, 8, 9, 7, 5, 20, 19, 13, 18, 10]
[12, 8, 9, 7, 5, 20, 19, 13, 18, 10]
[8, 9, 7, 5, 20, 19, 13, 18, 10]
[9, 7, 5, 20, 19, 13, 18, 10]
[7, 5, 20, 19, 13, 18, 10]
[5, 20, 19, 13, 18, 10]
[20, 19, 13, 18, 10]
[19, 13, 18, 10]
[13, 18, 10]
[18, 10]
[10]
[11, 12, 13, 14, 15, 17, 16, 18, 19, 5, 6, 1, 2, 4, 7, 20, 10, 8, 3, 9]
[12, 13, 14, 15, 17, 16, 18, 19, 5, 6, 1, 2, 4, 7, 20, 10, 8, 3, 9]
[13, 14, 15, 17, 16, 18, 19, 5, 6, 1, 2, 4, 7, 20, 10, 8, 3, 9]
[14, 15, 17, 16, 18, 19, 5, 6, 1, 2, 4, 7, 20, 10, 8, 3, 9]
[15, 17, 16, 18, 19, 5, 6, 1, 2, 4, 7, 20, 10, 8, 3, 9]
[17, 16, 18, 19, 5, 6, 1, 2, 4, 7, 20, 10, 8, 3, 9]
[16, 18, 19, 5, 6, 1, 2, 4, 7, 20, 10, 8, 3, 9]
[18, 19, 5, 6, 1, 2, 4, 7, 20, 10, 8, 3, 9]
[19, 5, 6, 1, 2, 4, 7, 20, 10, 8, 3, 9]
[5, 6, 1, 2, 4, 7, 20, 10, 8, 3, 9]
[6, 1, 2, 4, 7, 20, 10, 8, 3, 9]
[1, 2, 4, 7, 20, 10, 8, 3, 9]
[2, 4, 7, 20, 10, 8, 3, 9]
[4, 7, 20, 10, 8, 3, 9]
[7, 20, 10, 8, 3, 9]
[20, 10, 8, 3, 9]
[10, 8, 3, 9]
[8, 3, 9]
[3, 9]
[9]
[4, 1, 11, 3, 18, 19, 2, 14, 15, 16, 5, 7, 8, 20, 6, 13, 12, 10, 9, 17]
[1, 11, 3, 18, 19, 2, 14, 15, 16, 5, 7, 8, 20, 6, 13, 12, 10, 9, 17]
[11, 3, 18, 19, 2, 14, 15, 16, 5, 7, 8, 20, 6, 13, 12, 10, 9, 17]
[3, 18, 19, 2, 14, 15, 16, 5, 7, 8, 20, 6, 13, 12, 10, 9, 17]
[18, 19, 2, 14, 15, 16, 5, 7, 8, 20, 6, 13, 12, 10, 9, 17]
[19, 2, 14, 15, 16, 5, 7, 8, 20, 6, 13, 12, 10, 9, 17]
[2, 14, 15, 16, 5, 7, 8, 20, 6, 13, 12, 10, 9, 17]
[14, 15, 16, 5, 7, 8, 20, 6, 13, 12, 10, 9, 17]
[15, 16, 5, 7, 8, 20, 6, 13, 12, 10, 9, 17]
[16, 5, 7, 8, 20, 6, 13, 12, 10, 9, 17]
[5, 7, 8, 20, 6, 13, 12, 10, 9, 17]
[7, 8, 20, 6, 13, 12, 10, 9, 17]
[8, 20, 6, 13, 12, 10, 9, 17]
[20, 6, 13, 12, 10, 9, 17]
[6, 13, 12, 10, 9, 17]
[13, 12, 10, 9, 17]
[12, 10, 9, 17]
[10, 9, 17]
[9, 17]
[17]
[1, 2, 18, 19, 4, 6, 3, 5, 15, 14, 17, 13, 20, 8, 12, 11, 9, 16, 10, 7]
[2, 18, 19, 4, 6, 3, 5, 15, 14, 17, 13, 20, 8, 12, 11, 9, 16, 10, 7]
[18, 19, 4, 6, 3, 5, 15, 14, 17, 13, 20, 8, 12, 11, 9, 16, 10, 7]
[19, 4, 6, 3, 5, 15, 14, 17, 13, 20, 8, 12, 11, 9, 16, 10, 7]
[4, 6, 3, 5, 15, 14, 17, 13, 20, 8, 12, 11, 9, 16, 10, 7]
[6, 3, 5, 15, 14, 17, 13, 20, 8, 12, 11, 9, 16, 10, 7]
[3, 5, 15, 14, 17, 13, 20, 8, 12, 11, 9, 16, 10, 7]
[5, 15, 14, 17, 13, 20, 8, 12, 11, 9, 16, 10, 7]
[15, 14, 17, 13, 20, 8, 12, 11, 9, 16, 10, 7]
[14, 17, 13, 20, 8, 12, 11, 9, 16, 10, 7]
[17, 13, 20, 8, 12, 11, 9, 16, 10, 7]
[13, 20, 8, 12, 11, 9, 16, 10, 7]
[20, 8, 12, 11, 9, 16, 10, 7]
[8, 12, 11, 9, 16, 10, 7]
[12, 11, 9, 16, 10, 7]
[11, 9, 16, 10, 7]
[9, 16, 10, 7]
[16, 10, 7]
[10, 7]
[7]
[1, 2, 3, 7, 9, 4, 6, 11, 12, 13, 5, 10, 19, 8, 20, 14, 15, 16, 18, 17]
[2, 3, 7, 9, 4, 6, 11, 12, 13, 5, 10, 19, 8, 20, 14, 15, 16, 18, 17]
[3, 7, 9, 4, 6, 11, 12, 13, 5, 10, 19, 8, 20, 14, 15, 16, 18, 17]
[7, 9, 4, 6, 11, 12, 13, 5, 10, 19, 8, 20, 14, 15, 16, 18, 17]
[9, 4, 6, 11, 12, 13, 5, 10, 19, 8, 20, 14, 15, 16, 18, 17]
[4, 6, 11, 12, 13, 5, 10, 19, 8, 20, 14, 15, 16, 18, 17]
[6, 11, 12, 13, 5, 10, 19, 8, 20, 14, 15, 16, 18, 17]
[11, 12, 13, 5, 10, 19, 8, 20, 14, 15, 16, 18, 17]
[12, 13, 5, 10, 19, 8, 20, 14, 15, 16, 18, 17]
[13, 5, 10, 19, 8, 20, 14, 15, 16, 18, 17]
[5, 10, 19, 8, 20, 14, 15, 16, 18, 17]
[10, 19, 8, 20, 14, 15, 16, 18, 17]
[19, 8, 20, 14, 15, 16, 18, 17]
[8, 20, 14, 15, 16, 18, 17]
[20, 14, 15, 16, 18, 17]
[14, 15, 16, 18, 17]
[15, 16, 18, 17]
[16, 18, 17]
[18, 17]
[17]
[7, 8, 9, 10, 11, 12, 6, 5, 4, 13, 19, 18, 3, 16, 2, 1, 17, 15, 14, 20]
[8, 9, 10, 11, 12, 6, 5, 4, 13, 19, 18, 3, 16, 2, 1, 17, 15, 14, 20]
[9, 10, 11, 12, 6, 5, 4, 13, 19, 18, 3, 16, 2, 1, 17, 15, 14, 20]
[10, 11, 12, 6, 5, 4, 13, 19, 18, 3, 16, 2, 1, 17, 15, 14, 20]
[11, 12, 6, 5, 4, 13, 19, 18, 3, 16, 2, 1, 17, 15, 14, 20]
[12, 6, 5, 4, 13, 19, 18, 3, 16, 2, 1, 17, 15, 14, 20]
[6, 5, 4, 13, 19, 18, 3, 16, 2, 1, 17, 15, 14, 20]
[5, 4, 13, 19, 18, 3, 16, 2, 1, 17, 15, 14, 20]
[4, 13, 19, 18, 3, 16, 2, 1, 17, 15, 14, 20]
[13, 19, 18, 3, 16, 2, 1, 17, 15, 14, 20]
[19, 18, 3, 16, 2, 1, 17, 15, 14, 20]
[18, 3, 16, 2, 1, 17, 15, 14, 20]
[3, 16, 2, 1, 17, 15, 14, 20]
[16, 2, 1, 17, 15, 14, 20]
[2, 1, 17, 15, 14, 20]
[1, 17, 15, 14, 20]
[17, 15, 14, 20]
[15, 14, 20]
[14, 20]
[20]
[1, 2, 5, 6, 15, 16, 17, 3, 18, 4, 19, 14, 20, 11, 12, 8, 10, 9, 7, 13]
[2, 5, 6, 15, 16, 17, 3, 18, 4, 19, 14, 20, 11, 12, 8, 10, 9, 7, 13]
[5, 6, 15, 16, 17, 3, 18, 4, 19, 14, 20, 11, 12, 8, 10, 9, 7, 13]
[6, 15, 16, 17, 3, 18, 4, 19, 14, 20, 11, 12, 8, 10, 9, 7, 13]
[15, 16, 17, 3, 18, 4, 19, 14, 20, 11, 12, 8, 10, 9, 7, 13]
[16, 17, 3, 18, 4, 19, 14, 20, 11, 12, 8, 10, 9, 7, 13]
[17, 3, 18, 4, 19, 14, 20, 11, 12, 8, 10, 9, 7, 13]
[3, 18, 4, 19, 14, 20, 11, 12, 8, 10, 9, 7, 13]
[18, 4, 19, 14, 20, 11, 12, 8, 10, 9, 7, 13]
[4, 19, 14, 20, 11, 12, 8, 10, 9, 7, 13]
[19, 14, 20, 11, 12, 8, 10, 9, 7, 13]
[14, 20, 11, 12, 8, 10, 9, 7, 13]
[20, 11, 12, 8, 10, 9, 7, 13]
[11, 12, 8, 10, 9, 7, 13]
[12, 8, 10, 9, 7, 13]
[8, 10, 9, 7, 13]
[10, 9, 7, 13]
[9, 7, 13]
[7, 13]
[13]
[1, 15, 3, 17, 2, 6, 19, 18, 7, 8, 14, 10, 11, 16, 12, 9, 5, 4, 13, 20]
[15, 3, 17, 2, 6, 19, 18, 7, 8, 14, 10, 11, 16, 12, 9, 5, 4, 13, 20]
[3, 17, 2, 6, 19, 18, 7, 8, 14, 10, 11, 16, 12, 9, 5, 4, 13, 20]
[17, 2, 6, 19, 18, 7, 8, 14, 10, 11, 16, 12, 9, 5, 4, 13, 20]
[2, 6, 19, 18, 7, 8, 14, 10, 11, 16, 12, 9, 5, 4, 13, 20]
[6, 19, 18, 7, 8, 14, 10, 11, 16, 12, 9, 5, 4, 13, 20]
[19, 18, 7, 8, 14, 10, 11, 16, 12, 9, 5, 4, 13, 20]
[18, 7, 8, 14, 10, 11, 16, 12, 9, 5, 4, 13, 20]
[7, 8, 14, 10, 11, 16, 12, 9, 5, 4, 13, 20]
[8, 14, 10, 11, 16, 12, 9, 5, 4, 13, 20]
[14, 10, 11, 16, 12, 9, 5, 4, 13, 20]
[10, 11, 16, 12, 9, 5, 4, 13, 20]
[11, 16, 12, 9, 5, 4, 13, 20]
[16, 12, 9, 5, 4, 13, 20]
[12, 9, 5, 4, 13, 20]
[9, 5, 4, 13, 20]
[5, 4, 13, 20]
[4, 13, 20]
[13, 20]
[20]
[2, 3, 1, 14, 6, 16, 4, 17, 15, 20, 5, 13, 7, 9, 8, 12, 11, 19, 18, 10]
[3, 1, 14, 6, 16, 4, 17, 15, 20, 5, 13, 7, 9, 8, 12, 11, 19, 18, 10]
[1, 14, 6, 16, 4, 17, 15, 20, 5, 13, 7, 9, 8, 12, 11, 19, 18, 10]
[14, 6, 16, 4, 17, 15, 20, 5, 13, 7, 9, 8, 12, 11, 19, 18, 10]
[6, 16, 4, 17, 15, 20, 5, 13, 7, 9, 8, 12, 11, 19, 18, 10]
[16, 4, 17, 15, 20, 5, 13, 7, 9, 8, 12, 11, 19, 18, 10]
[4, 17, 15, 20, 5, 13, 7, 9, 8, 12, 11, 19, 18, 10]
[17, 15, 20, 5, 13, 7, 9, 8, 12, 11, 19, 18, 10]
[15, 20, 5, 13, 7, 9, 8, 12, 11, 19, 18, 10]
[20, 5, 13, 7, 9, 8, 12, 11, 19, 18, 10]
[5, 13, 7, 9, 8, 12, 11, 19, 18, 10]
[13, 7, 9, 8, 12, 11, 19, 18, 10]
[7, 9, 8, 12, 11, 19, 18, 10]
[9, 8, 12, 11, 19, 18, 10]
[8, 12, 11, 19, 18, 10]
[12, 11, 19, 18, 10]
[11, 19, 18, 10]
[19, 18, 10]
[18, 10]
[10]
[7, 8, 9, 10, 15, 14, 17, 6, 16, 18, 4, 19, 11, 13, 5, 2, 3, 20, 12, 1]
[8, 9, 10, 15, 14, 17, 6, 16, 18, 4, 19, 11, 13, 5, 2, 3, 20, 12, 1]
[9, 10, 15, 14, 17, 6, 16, 18, 4, 19, 11, 13, 5, 2, 3, 20, 12, 1]
[10, 15, 14, 17, 6, 16, 18, 4, 19, 11, 13, 5, 2, 3, 20, 12, 1]
[15, 14, 17, 6, 16, 18, 4, 19, 11, 13, 5, 2, 3, 20, 12, 1]
[14, 17, 6, 16, 18, 4, 19, 11, 13, 5, 2, 3, 20, 12, 1]
[17, 6, 16, 18, 4, 19, 11, 13, 5, 2, 3, 20, 12, 1]
[6, 16, 18, 4, 19, 11, 13, 5, 2, 3, 20, 12, 1]
[16, 18, 4, 19, 11, 13, 5, 2, 3, 20, 12, 1]
[18, 4, 19, 11, 13, 5, 2, 3, 20, 12, 1]
[4, 19, 11, 13, 5, 2, 3, 20, 12, 1]
[19, 11, 13, 5, 2, 3, 20, 12, 1]
[11, 13, 5, 2, 3, 20, 12, 1]
[13, 5, 2, 3, 20, 12, 1]
[5, 2, 3, 20, 12, 1]
[2, 3, 20, 12, 1]
[3, 20, 12, 1]
[20, 12, 1]
[12, 1]
[1]
[4, 5, 1, 2, 13, 3, 8, 12, 11, 6, 10, 15, 9, 20, 17, 7, 19, 18, 16, 14]
[5, 1, 2, 13, 3, 8, 12, 11, 6, 10, 15, 9, 20, 17, 7, 19, 18, 16, 14]
[1, 2, 13, 3, 8, 12, 11, 6, 10, 15, 9, 20, 17, 7, 19, 18, 16, 14]
[2, 13, 3, 8, 12, 11, 6, 10, 15, 9, 20, 17, 7, 19, 18, 16, 14]
[13, 3, 8, 12, 11, 6, 10, 15, 9, 20, 17, 7, 19, 18, 16, 14]
[3, 8, 12, 11, 6, 10, 15, 9, 20, 17, 7, 19, 18, 16, 14]
[8, 12, 11, 6, 10, 15, 9, 20, 17, 7, 19, 18, 16, 14]
[12, 11, 6, 10, 15, 9, 20, 17, 7, 19, 18, 16, 14]
[11, 6, 10, 15, 9, 20, 17, 7, 19, 18, 16, 14]
[6, 10, 15, 9, 20, 17, 7, 19, 18, 16, 14]
[10, 15, 9, 20, 17, 7, 19, 18, 16, 14]
[15, 9, 20, 17, 7, 19, 18, 16, 14]
[9, 20, 17, 7, 19, 18, 16, 14]
[20, 17, 7, 19, 18, 16, 14]
[17, 7, 19, 18, 16, 14]
[7, 19, 18, 16, 14]
[19, 18, 16, 14]
[18, 16, 14]
[16, 14]
[14]
[7, 6, 10, 9, 5, 1, 2, 8, 13, 20, 4, 16, 17, 18, 19, 12, 3, 11, 15, 14]
[6, 10, 9, 5, 1, 2, 8, 13, 20, 4, 16, 17, 18, 19, 12, 3, 11, 15, 14]
[10, 9, 5, 1, 2, 8, 13, 20, 4, 16, 17, 18, 19, 12, 3, 11, 15, 14]
[9, 5, 1, 2, 8, 13, 20, 4, 16, 17, 18, 19, 12, 3, 11, 15, 14]
[5, 1, 2, 8, 13, 20, 4, 16, 17, 18, 19, 12, 3, 11, 15, 14]
[1, 2, 8, 13, 20, 4, 16, 17, 18, 19, 12, 3, 11, 15, 14]
[2, 8, 13, 20, 4, 16, 17, 18, 19, 12, 3, 11, 15, 14]
[8, 13, 20, 4, 16, 17, 18, 19, 12, 3, 11, 15, 14]
[13, 20, 4, 16, 17, 18, 19, 12, 3, 11, 15, 14]
[20, 4, 16, 17, 18, 19, 12, 3, 11, 15, 14]
[4, 16, 17, 18, 19, 12, 3, 11, 15, 14]
[16, 17, 18, 19, 12, 3, 11, 15, 14]
[17, 18, 19, 12, 3, 11, 15, 14]
[18, 19, 12, 3, 11, 15, 14]
[19, 12, 3, 11, 15, 14]
[12, 3, 11, 15, 14]
[3, 11, 15, 14]
[11, 15, 14]
[15, 14]
[14]
serie1.Ex4.BlockingMessageQueueFuture$MyFuture@2d43b894
serie1.Ex4.BlockingMessageQueueFuture$MyFuture@2384434c
[1, 3, 6, 2, 12, 11, 19, 4, 5, 20, 16, 13, 17, 18, 15, 14, 9, 8, 7, 10]
[3, 6, 2, 12, 11, 19, 4, 5, 20, 16, 13, 17, 18, 15, 14, 9, 8, 7, 10]
[6, 2, 12, 11, 19, 4, 5, 20, 16, 13, 17, 18, 15, 14, 9, 8, 7, 10]
[2, 12, 11, 19, 4, 5, 20, 16, 13, 17, 18, 15, 14, 9, 8, 7, 10]
[12, 11, 19, 4, 5, 20, 16, 13, 17, 18, 15, 14, 9, 8, 7, 10]
[11, 19, 4, 5, 20, 16, 13, 17, 18, 15, 14, 9, 8, 7, 10]
[19, 4, 5, 20, 16, 13, 17, 18, 15, 14, 9, 8, 7, 10]
[4, 5, 20, 16, 13, 17, 18, 15, 14, 9, 8, 7, 10]
[5, 20, 16, 13, 17, 18, 15, 14, 9, 8, 7, 10]
[20, 16, 13, 17, 18, 15, 14, 9, 8, 7, 10]
[16, 13, 17, 18, 15, 14, 9, 8, 7, 10]
[13, 17, 18, 15, 14, 9, 8, 7, 10]
[17, 18, 15, 14, 9, 8, 7, 10]
[18, 15, 14, 9, 8, 7, 10]
[15, 14, 9, 8, 7, 10]
[14, 9, 8, 7, 10]
[9, 8, 7, 10]
[8, 7, 10]
[7, 10]
[10]
[2, 3, 4, 1, 11, 12, 5, 13, 15, 16, 14, 17, 19, 6, 7, 8, 9, 10, 20, 18]
[3, 4, 1, 11, 12, 5, 13, 15, 16, 14, 17, 19, 6, 7, 8, 9, 10, 20, 18]
[4, 1, 11, 12, 5, 13, 15, 16, 14, 17, 19, 6, 7, 8, 9, 10, 20, 18]
[1, 11, 12, 5, 13, 15, 16, 14, 17, 19, 6, 7, 8, 9, 10, 20, 18]
[11, 12, 5, 13, 15, 16, 14, 17, 19, 6, 7, 8, 9, 10, 20, 18]
[12, 5, 13, 15, 16, 14, 17, 19, 6, 7, 8, 9, 10, 20, 18]
[5, 13, 15, 16, 14, 17, 19, 6, 7, 8, 9, 10, 20, 18]
[13, 15, 16, 14, 17, 19, 6, 7, 8, 9, 10, 20, 18]
[15, 16, 14, 17, 19, 6, 7, 8, 9, 10, 20, 18]
[16, 14, 17, 19, 6, 7, 8, 9, 10, 20, 18]
[14, 17, 19, 6, 7, 8, 9, 10, 20, 18]
[17, 19, 6, 7, 8, 9, 10, 20, 18]
[19, 6, 7, 8, 9, 10, 20, 18]
[6, 7, 8, 9, 10, 20, 18]
[7, 8, 9, 10, 20, 18]
[8, 9, 10, 20, 18]
[9, 10, 20, 18]
[10, 20, 18]
[20, 18]
[18]
[4, 5, 2, 8, 1, 9, 10, 7, 3, 19, 18, 6, 13, 12, 15, 11, 17, 20, 16, 14]
[5, 2, 8, 1, 9, 10, 7, 3, 19, 18, 6, 13, 12, 15, 11, 17, 20, 16, 14]
[2, 8, 1, 9, 10, 7, 3, 19, 18, 6, 13, 12, 15, 11, 17, 20, 16, 14]
[8, 1, 9, 10, 7, 3, 19, 18, 6, 13, 12, 15, 11, 17, 20, 16, 14]
[1, 9, 10, 7, 3, 19, 18, 6, 13, 12, 15, 11, 17, 20, 16, 14]
[9, 10, 7, 3, 19, 18, 6, 13, 12, 15, 11, 17, 20, 16, 14]
[10, 7, 3, 19, 18, 6, 13, 12, 15, 11, 17, 20, 16, 14]
[7, 3, 19, 18, 6, 13, 12, 15, 11, 17, 20, 16, 14]
[3, 19, 18, 6, 13, 12, 15, 11, 17, 20, 16, 14]
[19, 18, 6, 13, 12, 15, 11, 17, 20, 16, 14]
[18, 6, 13, 12, 15, 11, 17, 20, 16, 14]
[6, 13, 12, 15, 11, 17, 20, 16, 14]
[13, 12, 15, 11, 17, 20, 16, 14]
[12, 15, 11, 17, 20, 16, 14]
[15, 11, 17, 20, 16, 14]
[11, 17, 20, 16, 14]
[17, 20, 16, 14]
[20, 16, 14]
[16, 14]
[14]
[4, 5, 7, 8, 9, 11, 12, 13, 10, 1, 2, 18, 3, 19, 20, 14, 15, 16, 17, 6]
[5, 7, 8, 9, 11, 12, 13, 10, 1, 2, 18, 3, 19, 20, 14, 15, 16, 17, 6]
[7, 8, 9, 11, 12, 13, 10, 1, 2, 18, 3, 19, 20, 14, 15, 16, 17, 6]
[8, 9, 11, 12, 13, 10, 1, 2, 18, 3, 19, 20, 14, 15, 16, 17, 6]
[9, 11, 12, 13, 10, 1, 2, 18, 3, 19, 20, 14, 15, 16, 17, 6]
[11, 12, 13, 10, 1, 2, 18, 3, 19, 20, 14, 15, 16, 17, 6]
[12, 13, 10, 1, 2, 18, 3, 19, 20, 14, 15, 16, 17, 6]
[13, 10, 1, 2, 18, 3, 19, 20, 14, 15, 16, 17, 6]
[10, 1, 2, 18, 3, 19, 20, 14, 15, 16, 17, 6]
[1, 2, 18, 3, 19, 20, 14, 15, 16, 17, 6]
[2, 18, 3, 19, 20, 14, 15, 16, 17, 6]
[18, 3, 19, 20, 14, 15, 16, 17, 6]
[3, 19, 20, 14, 15, 16, 17, 6]
[19, 20, 14, 15, 16, 17, 6]
[20, 14, 15, 16, 17, 6]
[14, 15, 16, 17, 6]
[15, 16, 17, 6]
[16, 17, 6]
[17, 6]
[6]
[1, 2, 11, 4, 15, 17, 13, 19, 14, 7, 8, 12, 10, 6, 3, 5, 9, 20, 18, 16]
[2, 11, 4, 15, 17, 13, 19, 14, 7, 8, 12, 10, 6, 3, 5, 9, 20, 18, 16]
[11, 4, 15, 17, 13, 19, 14, 7, 8, 12, 10, 6, 3, 5, 9, 20, 18, 16]
[4, 15, 17, 13, 19, 14, 7, 8, 12, 10, 6, 3, 5, 9, 20, 18, 16]
[15, 17, 13, 19, 14, 7, 8, 12, 10, 6, 3, 5, 9, 20, 18, 16]
[17, 13, 19, 14, 7, 8, 12, 10, 6, 3, 5, 9, 20, 18, 16]
[13, 19, 14, 7, 8, 12, 10, 6, 3, 5, 9, 20, 18, 16]
[19, 14, 7, 8, 12, 10, 6, 3, 5, 9, 20, 18, 16]
[14, 7, 8, 12, 10, 6, 3, 5, 9, 20, 18, 16]
[7, 8, 12, 10, 6, 3, 5, 9, 20, 18, 16]
[8, 12, 10, 6, 3, 5, 9, 20, 18, 16]
[12, 10, 6, 3, 5, 9, 20, 18, 16]
[10, 6, 3, 5, 9, 20, 18, 16]
[6, 3, 5, 9, 20, 18, 16]
[3, 5, 9, 20, 18, 16]
[5, 9, 20, 18, 16]
[9, 20, 18, 16]
[20, 18, 16]
[18, 16]
[16]
[1, 4, 18, 19, 2, 6, 7, 5, 3, 9, 10, 11, 14, 20, 15, 13, 8, 12, 17, 16]
[4, 18, 19, 2, 6, 7, 5, 3, 9, 10, 11, 14, 20, 15, 13, 8, 12, 17, 16]
[18, 19, 2, 6, 7, 5, 3, 9, 10, 11, 14, 20, 15, 13, 8, 12, 17, 16]
[19, 2, 6, 7, 5, 3, 9, 10, 11, 14, 20, 15, 13, 8, 12, 17, 16]
[2, 6, 7, 5, 3, 9, 10, 11, 14, 20, 15, 13, 8, 12, 17, 16]
[6, 7, 5, 3, 9, 10, 11, 14, 20, 15, 13, 8, 12, 17, 16]
[7, 5, 3, 9, 10, 11, 14, 20, 15, 13, 8, 12, 17, 16]
[5, 3, 9, 10, 11, 14, 20, 15, 13, 8, 12, 17, 16]
[3, 9, 10, 11, 14, 20, 15, 13, 8, 12, 17, 16]
[9, 10, 11, 14, 20, 15, 13, 8, 12, 17, 16]
[10, 11, 14, 20, 15, 13, 8, 12, 17, 16]
[11, 14, 20, 15, 13, 8, 12, 17, 16]
[14, 20, 15, 13, 8, 12, 17, 16]
[20, 15, 13, 8, 12, 17, 16]
[15, 13, 8, 12, 17, 16]
[13, 8, 12, 17, 16]
[8, 12, 17, 16]
[12, 17, 16]
[17, 16]
[16]
serie1.Ex4.BlockingMessageQueueFuture$MyFuture@2a2c96ab
[4, 6, 1, 3, 5, 8, 9, 10, 14, 15, 7, 2, 20, 12, 13, 11, 19, 18, 17, 16]
[6, 1, 3, 5, 8, 9, 10, 14, 15, 7, 2, 20, 12, 13, 11, 19, 18, 17, 16]
[1, 3, 5, 8, 9, 10, 14, 15, 7, 2, 20, 12, 13, 11, 19, 18, 17, 16]
[3, 5, 8, 9, 10, 14, 15, 7, 2, 20, 12, 13, 11, 19, 18, 17, 16]
[5, 8, 9, 10, 14, 15, 7, 2, 20, 12, 13, 11, 19, 18, 17, 16]
[8, 9, 10, 14, 15, 7, 2, 20, 12, 13, 11, 19, 18, 17, 16]
[9, 10, 14, 15, 7, 2, 20, 12, 13, 11, 19, 18, 17, 16]
[10, 14, 15, 7, 2, 20, 12, 13, 11, 19, 18, 17, 16]
[14, 15, 7, 2, 20, 12, 13, 11, 19, 18, 17, 16]
[15, 7, 2, 20, 12, 13, 11, 19, 18, 17, 16]
[7, 2, 20, 12, 13, 11, 19, 18, 17, 16]
[2, 20, 12, 13, 11, 19, 18, 17, 16]
[20, 12, 13, 11, 19, 18, 17, 16]
[12, 13, 11, 19, 18, 17, 16]
[13, 11, 19, 18, 17, 16]
[11, 19, 18, 17, 16]
[19, 18, 17, 16]
[18, 17, 16]
[17, 16]
[16]
serie1.Ex4.BlockingMessageQueueFuture$MyFuture@77904a48
serie1.Ex4.BlockingMessageQueueFuture$MyFuture@5cd745c7
[11, 12, 13, 14, 16, 15, 17, 7, 8, 1, 3, 2, 19, 5, 4, 6, 10, 9, 20, 18]
[12, 13, 14, 16, 15, 17, 7, 8, 1, 3, 2, 19, 5, 4, 6, 10, 9, 20, 18]
[13, 14, 16, 15, 17, 7, 8, 1, 3, 2, 19, 5, 4, 6, 10, 9, 20, 18]
[14, 16, 15, 17, 7, 8, 1, 3, 2, 19, 5, 4, 6, 10, 9, 20, 18]
[16, 15, 17, 7, 8, 1, 3, 2, 19, 5, 4, 6, 10, 9, 20, 18]
[15, 17, 7, 8, 1, 3, 2, 19, 5, 4, 6, 10, 9, 20, 18]
[17, 7, 8, 1, 3, 2, 19, 5, 4, 6, 10, 9, 20, 18]
[7, 8, 1, 3, 2, 19, 5, 4, 6, 10, 9, 20, 18]
[8, 1, 3, 2, 19, 5, 4, 6, 10, 9, 20, 18]
[1, 3, 2, 19, 5, 4, 6, 10, 9, 20, 18]
[3, 2, 19, 5, 4, 6, 10, 9, 20, 18]
[2, 19, 5, 4, 6, 10, 9, 20, 18]
[19, 5, 4, 6, 10, 9, 20, 18]
[5, 4, 6, 10, 9, 20, 18]
[4, 6, 10, 9, 20, 18]
[6, 10, 9, 20, 18]
[10, 9, 20, 18]
[9, 20, 18]
[20, 18]
[18]
[2, 4, 1, 11, 5, 13, 18, 3, 19, 7, 12, 14, 15, 10, 16, 9, 8, 6, 20, 17]
[4, 1, 11, 5, 13, 18, 3, 19, 7, 12, 14, 15, 10, 16, 9, 8, 6, 20, 17]
[1, 11, 5, 13, 18, 3, 19, 7, 12, 14, 15, 10, 16, 9, 8, 6, 20, 17]
[11, 5, 13, 18, 3, 19, 7, 12, 14, 15, 10, 16, 9, 8, 6, 20, 17]
[5, 13, 18, 3, 19, 7, 12, 14, 15, 10, 16, 9, 8, 6, 20, 17]
[13, 18, 3, 19, 7, 12, 14, 15, 10, 16, 9, 8, 6, 20, 17]
[18, 3, 19, 7, 12, 14, 15, 10, 16, 9, 8, 6, 20, 17]
[3, 19, 7, 12, 14, 15, 10, 16, 9, 8, 6, 20, 17]
[19, 7, 12, 14, 15, 10, 16, 9, 8, 6, 20, 17]
[7, 12, 14, 15, 10, 16, 9, 8, 6, 20, 17]
[12, 14, 15, 10, 16, 9, 8, 6, 20, 17]
[14, 15, 10, 16, 9, 8, 6, 20, 17]
[15, 10, 16, 9, 8, 6, 20, 17]
[10, 16, 9, 8, 6, 20, 17]
[16, 9, 8, 6, 20, 17]
[9, 8, 6, 20, 17]
[8, 6, 20, 17]
[6, 20, 17]
[20, 17]
[17]
[5, 1, 2, 3, 7, 8, 4, 9, 18, 20, 19, 6, 15, 16, 17, 10, 12, 11, 14, 13]
[1, 2, 3, 7, 8, 4, 9, 18, 20, 19, 6, 15, 16, 17, 10, 12, 11, 14, 13]
[2, 3, 7, 8, 4, 9, 18, 20, 19, 6, 15, 16, 17, 10, 12, 11, 14, 13]
[3, 7, 8, 4, 9, 18, 20, 19, 6, 15, 16, 17, 10, 12, 11, 14, 13]
[7, 8, 4, 9, 18, 20, 19, 6, 15, 16, 17, 10, 12, 11, 14, 13]
[8, 4, 9, 18, 20, 19, 6, 15, 16, 17, 10, 12, 11, 14, 13]
[4, 9, 18, 20, 19, 6, 15, 16, 17, 10, 12, 11, 14, 13]
[9, 18, 20, 19, 6, 15, 16, 17, 10, 12, 11, 14, 13]
[18, 20, 19, 6, 15, 16, 17, 10, 12, 11, 14, 13]
[20, 19, 6, 15, 16, 17, 10, 12, 11, 14, 13]
[19, 6, 15, 16, 17, 10, 12, 11, 14, 13]
[6, 15, 16, 17, 10, 12, 11, 14, 13]
[15, 16, 17, 10, 12, 11, 14, 13]
[16, 17, 10, 12, 11, 14, 13]
[17, 10, 12, 11, 14, 13]
[10, 12, 11, 14, 13]
[12, 11, 14, 13]
[11, 14, 13]
[14, 13]
[13]
[1, 2, 3, 11, 12, 13, 4, 5, 19, 20, 6, 8, 7, 15, 18, 17, 16, 14, 10, 9]
[2, 3, 11, 12, 13, 4, 5, 19, 20, 6, 8, 7, 15, 18, 17, 16, 14, 10, 9]
[3, 11, 12, 13, 4, 5, 19, 20, 6, 8, 7, 15, 18, 17, 16, 14, 10, 9]
[11, 12, 13, 4, 5, 19, 20, 6, 8, 7, 15, 18, 17, 16, 14, 10, 9]
[12, 13, 4, 5, 19, 20, 6, 8, 7, 15, 18, 17, 16, 14, 10, 9]
[13, 4, 5, 19, 20, 6, 8, 7, 15, 18, 17, 16, 14, 10, 9]
[4, 5, 19, 20, 6, 8, 7, 15, 18, 17, 16, 14, 10, 9]
[5, 19, 20, 6, 8, 7, 15, 18, 17, 16, 14, 10, 9]
[19, 20, 6, 8, 7, 15, 18, 17, 16, 14, 10, 9]
[20, 6, 8, 7, 15, 18, 17, 16, 14, 10, 9]
[6, 8, 7, 15, 18, 17, 16, 14, 10, 9]
[8, 7, 15, 18, 17, 16, 14, 10, 9]
[7, 15, 18, 17, 16, 14, 10, 9]
[15, 18, 17, 16, 14, 10, 9]
[18, 17, 16, 14, 10, 9]
[17, 16, 14, 10, 9]
[16, 14, 10, 9]
[14, 10, 9]
[10, 9]
[9]
[12, 13, 4, 5, 3, 18, 6, 14, 2, 16, 17, 7, 1, 9, 10, 11, 8, 15, 19, 20]
[13, 4, 5, 3, 18, 6, 14, 2, 16, 17, 7, 1, 9, 10, 11, 8, 15, 19, 20]
[4, 5, 3, 18, 6, 14, 2, 16, 17, 7, 1, 9, 10, 11, 8, 15, 19, 20]
[5, 3, 18, 6, 14, 2, 16, 17, 7, 1, 9, 10, 11, 8, 15, 19, 20]
[3, 18, 6, 14, 2, 16, 17, 7, 1, 9, 10, 11, 8, 15, 19, 20]
[18, 6, 14, 2, 16, 17, 7, 1, 9, 10, 11, 8, 15, 19, 20]
[6, 14, 2, 16, 17, 7, 1, 9, 10, 11, 8, 15, 19, 20]
[14, 2, 16, 17, 7, 1, 9, 10, 11, 8, 15, 19, 20]
[2, 16, 17, 7, 1, 9, 10, 11, 8, 15, 19, 20]
[16, 17, 7, 1, 9, 10, 11, 8, 15, 19, 20]
[17, 7, 1, 9, 10, 11, 8, 15, 19, 20]
[7, 1, 9, 10, 11, 8, 15, 19, 20]
[1, 9, 10, 11, 8, 15, 19, 20]
[9, 10, 11, 8, 15, 19, 20]
[10, 11, 8, 15, 19, 20]
[11, 8, 15, 19, 20]
[8, 15, 19, 20]
[15, 19, 20]
[19, 20]
[20]
[5, 4, 11, 13, 18, 6, 2, 1, 3, 20, 8, 19, 12, 10, 15, 16, 7, 17, 14, 9]
[4, 11, 13, 18, 6, 2, 1, 3, 20, 8, 19, 12, 10, 15, 16, 7, 17, 14, 9]
[11, 13, 18, 6, 2, 1, 3, 20, 8, 19, 12, 10, 15, 16, 7, 17, 14, 9]
[13, 18, 6, 2, 1, 3, 20, 8, 19, 12, 10, 15, 16, 7, 17, 14, 9]
[18, 6, 2, 1, 3, 20, 8, 19, 12, 10, 15, 16, 7, 17, 14, 9]
[6, 2, 1, 3, 20, 8, 19, 12, 10, 15, 16, 7, 17, 14, 9]
[2, 1, 3, 20, 8, 19, 12, 10, 15, 16, 7, 17, 14, 9]
[1, 3, 20, 8, 19, 12, 10, 15, 16, 7, 17, 14, 9]
[3, 20, 8, 19, 12, 10, 15, 16, 7, 17, 14, 9]
[20, 8, 19, 12, 10, 15, 16, 7, 17, 14, 9]
[8, 19, 12, 10, 15, 16, 7, 17, 14, 9]
[19, 12, 10, 15, 16, 7, 17, 14, 9]
[12, 10, 15, 16, 7, 17, 14, 9]
[10, 15, 16, 7, 17, 14, 9]
[15, 16, 7, 17, 14, 9]
[16, 7, 17, 14, 9]
[7, 17, 14, 9]
[17, 14, 9]
[14, 9]
[9]
[1, 2, 3, 6, 13, 12, 11, 19, 20, 18, 7, 9, 8, 5, 15, 4, 16, 17, 14, 10]
[2, 3, 6, 13, 12, 11, 19, 20, 18, 7, 9, 8, 5, 15, 4, 16, 17, 14, 10]
[3, 6, 13, 12, 11, 19, 20, 18, 7, 9, 8, 5, 15, 4, 16, 17, 14, 10]
[6, 13, 12, 11, 19, 20, 18, 7, 9, 8, 5, 15, 4, 16, 17, 14, 10]
[13, 12, 11, 19, 20, 18, 7, 9, 8, 5, 15, 4, 16, 17, 14, 10]
[12, 11, 19, 20, 18, 7, 9, 8, 5, 15, 4, 16, 17, 14, 10]
[11, 19, 20, 18, 7, 9, 8, 5, 15, 4, 16, 17, 14, 10]
[19, 20, 18, 7, 9, 8, 5, 15, 4, 16, 17, 14, 10]
[20, 18, 7, 9, 8, 5, 15, 4, 16, 17, 14, 10]
[18, 7, 9, 8, 5, 15, 4, 16, 17, 14, 10]
[7, 9, 8, 5, 15, 4, 16, 17, 14, 10]
[9, 8, 5, 15, 4, 16, 17, 14, 10]
[8, 5, 15, 4, 16, 17, 14, 10]
[5, 15, 4, 16, 17, 14, 10]
[15, 4, 16, 17, 14, 10]
[4, 16, 17, 14, 10]
[16, 17, 14, 10]
[17, 14, 10]
[14, 10]
[10]
[3, 4, 2, 18, 1, 20, 19, 15, 17, 11, 6, 5, 12, 8, 9, 16, 14, 10, 7, 13]
[4, 2, 18, 1, 20, 19, 15, 17, 11, 6, 5, 12, 8, 9, 16, 14, 10, 7, 13]
[2, 18, 1, 20, 19, 15, 17, 11, 6, 5, 12, 8, 9, 16, 14, 10, 7, 13]
[18, 1, 20, 19, 15, 17, 11, 6, 5, 12, 8, 9, 16, 14, 10, 7, 13]
[1, 20, 19, 15, 17, 11, 6, 5, 12, 8, 9, 16, 14, 10, 7, 13]
[20, 19, 15, 17, 11, 6, 5, 12, 8, 9, 16, 14, 10, 7, 13]
[19, 15, 17, 11, 6, 5, 12, 8, 9, 16, 14, 10, 7, 13]
[15, 17, 11, 6, 5, 12, 8, 9, 16, 14, 10, 7, 13]
[17, 11, 6, 5, 12, 8, 9, 16, 14, 10, 7, 13]
[11, 6, 5, 12, 8, 9, 16, 14, 10, 7, 13]
[6, 5, 12, 8, 9, 16, 14, 10, 7, 13]
[5, 12, 8, 9, 16, 14, 10, 7, 13]
[12, 8, 9, 16, 14, 10, 7, 13]
[8, 9, 16, 14, 10, 7, 13]
[9, 16, 14, 10, 7, 13]
[16, 14, 10, 7, 13]
[14, 10, 7, 13]
[10, 7, 13]
[7, 13]
[13]
serie1.Ex4.BlockingMessageQueueFuture$MyFuture@5e106c27
[15, 14, 17, 4, 5, 16, 18, 3, 20, 2, 6, 1, 8, 9, 10, 7, 12, 13, 19, 11]
[14, 17, 4, 5, 16, 18, 3, 20, 2, 6, 1, 8, 9, 10, 7, 12, 13, 19, 11]
[17, 4, 5, 16, 18, 3, 20, 2, 6, 1, 8, 9, 10, 7, 12, 13, 19, 11]
[4, 5, 16, 18, 3, 20, 2, 6, 1, 8, 9, 10, 7, 12, 13, 19, 11]
[5, 16, 18, 3, 20, 2, 6, 1, 8, 9, 10, 7, 12, 13, 19, 11]
[16, 18, 3, 20, 2, 6, 1, 8, 9, 10, 7, 12, 13, 19, 11]
[18, 3, 20, 2, 6, 1, 8, 9, 10, 7, 12, 13, 19, 11]
[3, 20, 2, 6, 1, 8, 9, 10, 7, 12, 13, 19, 11]
[20, 2, 6, 1, 8, 9, 10, 7, 12, 13, 19, 11]
[2, 6, 1, 8, 9, 10, 7, 12, 13, 19, 11]
[6, 1, 8, 9, 10, 7, 12, 13, 19, 11]
[1, 8, 9, 10, 7, 12, 13, 19, 11]
[8, 9, 10, 7, 12, 13, 19, 11]
[9, 10, 7, 12, 13, 19, 11]
[10, 7, 12, 13, 19, 11]
[7, 12, 13, 19, 11]
[12, 13, 19, 11]
[13, 19, 11]
[19, 11]
[11]
[11, 12, 13, 1, 2, 3, 18, 19, 15, 20, 16, 4, 14, 8, 9, 6, 17, 10, 5, 7]
[12, 13, 1, 2, 3, 18, 19, 15, 20, 16, 4, 14, 8, 9, 6, 17, 10, 5, 7]
[13, 1, 2, 3, 18, 19, 15, 20, 16, 4, 14, 8, 9, 6, 17, 10, 5, 7]
[1, 2, 3, 18, 19, 15, 20, 16, 4, 14, 8, 9, 6, 17, 10, 5, 7]
[2, 3, 18, 19, 15, 20, 16, 4, 14, 8, 9, 6, 17, 10, 5, 7]
[3, 18, 19, 15, 20, 16, 4, 14, 8, 9, 6, 17, 10, 5, 7]
[18, 19, 15, 20, 16, 4, 14, 8, 9, 6, 17, 10, 5, 7]
[19, 15, 20, 16, 4, 14, 8, 9, 6, 17, 10, 5, 7]
[15, 20, 16, 4, 14, 8, 9, 6, 17, 10, 5, 7]
[20, 16, 4, 14, 8, 9, 6, 17, 10, 5, 7]
[16, 4, 14, 8, 9, 6, 17, 10, 5, 7]
[4, 14, 8, 9, 6, 17, 10, 5, 7]
[14, 8, 9, 6, 17, 10, 5, 7]
[8, 9, 6, 17, 10, 5, 7]
[9, 6, 17, 10, 5, 7]
[6, 17, 10, 5, 7]
[17, 10, 5, 7]
[10, 5, 7]
[5, 7]
[7]
[1, 2, 3, 4, 5, 14, 15, 18, 17, 11, 19, 6, 8, 12, 16, 20, 10, 9, 7, 13]
[2, 3, 4, 5, 14, 15, 18, 17, 11, 19, 6, 8, 12, 16, 20, 10, 9, 7, 13]
[3, 4, 5, 14, 15, 18, 17, 11, 19, 6, 8, 12, 16, 20, 10, 9, 7, 13]
[4, 5, 14, 15, 18, 17, 11, 19, 6, 8, 12, 16, 20, 10, 9, 7, 13]
[5, 14, 15, 18, 17, 11, 19, 6, 8, 12, 16, 20, 10, 9, 7, 13]
[14, 15, 18, 17, 11, 19, 6, 8, 12, 16, 20, 10, 9, 7, 13]
[15, 18, 17, 11, 19, 6, 8, 12, 16, 20, 10, 9, 7, 13]
[18, 17, 11, 19, 6, 8, 12, 16, 20, 10, 9, 7, 13]
[17, 11, 19, 6, 8, 12, 16, 20, 10, 9, 7, 13]
[11, 19, 6, 8, 12, 16, 20, 10, 9, 7, 13]
[19, 6, 8, 12, 16, 20, 10, 9, 7, 13]
[6, 8, 12, 16, 20, 10, 9, 7, 13]
[8, 12, 16, 20, 10, 9, 7, 13]
[12, 16, 20, 10, 9, 7, 13]
[16, 20, 10, 9, 7, 13]
[20, 10, 9, 7, 13]
[10, 9, 7, 13]
[9, 7, 13]
[7, 13]
[13]
[4, 5, 1, 2, 3, 19, 6, 20, 13, 11, 17, 7, 8, 10, 18, 9, 16, 15, 14, 12]
[5, 1, 2, 3, 19, 6, 20, 13, 11, 17, 7, 8, 10, 18, 9, 16, 15, 14, 12]
[1, 2, 3, 19, 6, 20, 13, 11, 17, 7, 8, 10, 18, 9, 16, 15, 14, 12]
[2, 3, 19, 6, 20, 13, 11, 17, 7, 8, 10, 18, 9, 16, 15, 14, 12]
[3, 19, 6, 20, 13, 11, 17, 7, 8, 10, 18, 9, 16, 15, 14, 12]
[19, 6, 20, 13, 11, 17, 7, 8, 10, 18, 9, 16, 15, 14, 12]
[6, 20, 13, 11, 17, 7, 8, 10, 18, 9, 16, 15, 14, 12]
[20, 13, 11, 17, 7, 8, 10, 18, 9, 16, 15, 14, 12]
[13, 11, 17, 7, 8, 10, 18, 9, 16, 15, 14, 12]
[11, 17, 7, 8, 10, 18, 9, 16, 15, 14, 12]
[17, 7, 8, 10, 18, 9, 16, 15, 14, 12]
[7, 8, 10, 18, 9, 16, 15, 14, 12]
[8, 10, 18, 9, 16, 15, 14, 12]
[10, 18, 9, 16, 15, 14, 12]
[18, 9, 16, 15, 14, 12]
[9, 16, 15, 14, 12]
[16, 15, 14, 12]
[15, 14, 12]
[14, 12]
[12]
[11, 12, 13, 14, 16, 17, 1, 15, 4, 18, 19, 20, 5, 7, 6, 9, 8, 3, 2, 10]
[12, 13, 14, 16, 17, 1, 15, 4, 18, 19, 20, 5, 7, 6, 9, 8, 3, 2, 10]
[13, 14, 16, 17, 1, 15, 4, 18, 19, 20, 5, 7, 6, 9, 8, 3, 2, 10]
[14, 16, 17, 1, 15, 4, 18, 19, 20, 5, 7, 6, 9, 8, 3, 2, 10]
[16, 17, 1, 15, 4, 18, 19, 20, 5, 7, 6, 9, 8, 3, 2, 10]
[17, 1, 15, 4, 18, 19, 20, 5, 7, 6, 9, 8, 3, 2, 10]
[1, 15, 4, 18, 19, 20, 5, 7, 6, 9, 8, 3, 2, 10]
[15, 4, 18, 19, 20, 5, 7, 6, 9, 8, 3, 2, 10]
[4, 18, 19, 20, 5, 7, 6, 9, 8, 3, 2, 10]
[18, 19, 20, 5, 7, 6, 9, 8, 3, 2, 10]
[19, 20, 5, 7, 6, 9, 8, 3, 2, 10]
[20, 5, 7, 6, 9, 8, 3, 2, 10]
[5, 7, 6, 9, 8, 3, 2, 10]
[7, 6, 9, 8, 3, 2, 10]
[6, 9, 8, 3, 2, 10]
[9, 8, 3, 2, 10]
[8, 3, 2, 10]
[3, 2, 10]
[2, 10]
[10]
[11, 13, 14, 16, 17, 5, 6, 18, 20, 7, 4, 15, 10, 1, 3, 12, 2, 9, 8, 19]
[13, 14, 16, 17, 5, 6, 18, 20, 7, 4, 15, 10, 1, 3, 12, 2, 9, 8, 19]
[14, 16, 17, 5, 6, 18, 20, 7, 4, 15, 10, 1, 3, 12, 2, 9, 8, 19]
[16, 17, 5, 6, 18, 20, 7, 4, 15, 10, 1, 3, 12, 2, 9, 8, 19]
[17, 5, 6, 18, 20, 7, 4, 15, 10, 1, 3, 12, 2, 9, 8, 19]
[5, 6, 18, 20, 7, 4, 15, 10, 1, 3, 12, 2, 9, 8, 19]
[6, 18, 20, 7, 4, 15, 10, 1, 3, 12, 2, 9, 8, 19]
[18, 20, 7, 4, 15, 10, 1, 3, 12, 2, 9, 8, 19]
[20, 7, 4, 15, 10, 1, 3, 12, 2, 9, 8, 19]
[7, 4, 15, 10, 1, 3, 12, 2, 9, 8, 19]
[4, 15, 10, 1, 3, 12, 2, 9, 8, 19]
[15, 10, 1, 3, 12, 2, 9, 8, 19]
[10, 1, 3, 12, 2, 9, 8, 19]
[1, 3, 12, 2, 9, 8, 19]
[3, 12, 2, 9, 8, 19]
[12, 2, 9, 8, 19]
[2, 9, 8, 19]
[9, 8, 19]
[8, 19]
[19]
[1, 2, 3, 4, 18, 11, 12, 13, 5, 6, 20, 17, 8, 19, 9, 10, 7, 16, 15, 14]
[2, 3, 4, 18, 11, 12, 13, 5, 6, 20, 17, 8, 19, 9, 10, 7, 16, 15, 14]
[3, 4, 18, 11, 12, 13, 5, 6, 20, 17, 8, 19, 9, 10, 7, 16, 15, 14]
[4, 18, 11, 12, 13, 5, 6, 20, 17, 8, 19, 9, 10, 7, 16, 15, 14]
[18, 11, 12, 13, 5, 6, 20, 17, 8, 19, 9, 10, 7, 16, 15, 14]
[11, 12, 13, 5, 6, 20, 17, 8, 19, 9, 10, 7, 16, 15, 14]
[12, 13, 5, 6, 20, 17, 8, 19, 9, 10, 7, 16, 15, 14]
[13, 5, 6, 20, 17, 8, 19, 9, 10, 7, 16, 15, 14]
[5, 6, 20, 17, 8, 19, 9, 10, 7, 16, 15, 14]
[6, 20, 17, 8, 19, 9, 10, 7, 16, 15, 14]
[20, 17, 8, 19, 9, 10, 7, 16, 15, 14]
[17, 8, 19, 9, 10, 7, 16, 15, 14]
[8, 19, 9, 10, 7, 16, 15, 14]
[19, 9, 10, 7, 16, 15, 14]
[9, 10, 7, 16, 15, 14]
[10, 7, 16, 15, 14]
[7, 16, 15, 14]
[16, 15, 14]
[15, 14]
[14]
[1, 2, 3, 6, 10, 11, 13, 4, 9, 18, 8, 7, 19, 15, 16, 5, 12, 17, 14, 20]
[2, 3, 6, 10, 11, 13, 4, 9, 18, 8, 7, 19, 15, 16, 5, 12, 17, 14, 20]
[3, 6, 10, 11, 13, 4, 9, 18, 8, 7, 19, 15, 16, 5, 12, 17, 14, 20]
[6, 10, 11, 13, 4, 9, 18, 8, 7, 19, 15, 16, 5, 12, 17, 14, 20]
[10, 11, 13, 4, 9, 18, 8, 7, 19, 15, 16, 5, 12, 17, 14, 20]
[11, 13, 4, 9, 18, 8, 7, 19, 15, 16, 5, 12, 17, 14, 20]
[13, 4, 9, 18, 8, 7, 19, 15, 16, 5, 12, 17, 14, 20]
[4, 9, 18, 8, 7, 19, 15, 16, 5, 12, 17, 14, 20]
[9, 18, 8, 7, 19, 15, 16, 5, 12, 17, 14, 20]
[18, 8, 7, 19, 15, 16, 5, 12, 17, 14, 20]
[8, 7, 19, 15, 16, 5, 12, 17, 14, 20]
[7, 19, 15, 16, 5, 12, 17, 14, 20]
[19, 15, 16, 5, 12, 17, 14, 20]
[15, 16, 5, 12, 17, 14, 20]
[16, 5, 12, 17, 14, 20]
[5, 12, 17, 14, 20]
[12, 17, 14, 20]
[17, 14, 20]
[14, 20]
[20]
[1, 3, 2, 5, 4, 19, 13, 7, 12, 9, 11, 6, 14, 16, 17, 10, 8, 20, 18, 15]
[3, 2, 5, 4, 19, 13, 7, 12, 9, 11, 6, 14, 16, 17, 10, 8, 20, 18, 15]
[2, 5, 4, 19, 13, 7, 12, 9, 11, 6, 14, 16, 17, 10, 8, 20, 18, 15]
[5, 4, 19, 13, 7, 12, 9, 11, 6, 14, 16, 17, 10, 8, 20, 18, 15]
[4, 19, 13, 7, 12, 9, 11, 6, 14, 16, 17, 10, 8, 20, 18, 15]
[19, 13, 7, 12, 9, 11, 6, 14, 16, 17, 10, 8, 20, 18, 15]
[13, 7, 12, 9, 11, 6, 14, 16, 17, 10, 8, 20, 18, 15]
[7, 12, 9, 11, 6, 14, 16, 17, 10, 8, 20, 18, 15]
[12, 9, 11, 6, 14, 16, 17, 10, 8, 20, 18, 15]
[9, 11, 6, 14, 16, 17, 10, 8, 20, 18, 15]
[11, 6, 14, 16, 17, 10, 8, 20, 18, 15]
[6, 14, 16, 17, 10, 8, 20, 18, 15]
[14, 16, 17, 10, 8, 20, 18, 15]
[16, 17, 10, 8, 20, 18, 15]
[17, 10, 8, 20, 18, 15]
[10, 8, 20, 18, 15]
[8, 20, 18, 15]
[20, 18, 15]
[18, 15]
[15]
[4, 5, 11, 13, 18, 19, 20, 2, 12, 6, 3, 7, 10, 14, 15, 16, 17, 1, 9, 8]
[5, 11, 13, 18, 19, 20, 2, 12, 6, 3, 7, 10, 14, 15, 16, 17, 1, 9, 8]
[11, 13, 18, 19, 20, 2, 12, 6, 3, 7, 10, 14, 15, 16, 17, 1, 9, 8]
[13, 18, 19, 20, 2, 12, 6, 3, 7, 10, 14, 15, 16, 17, 1, 9, 8]
[18, 19, 20, 2, 12, 6, 3, 7, 10, 14, 15, 16, 17, 1, 9, 8]
[19, 20, 2, 12, 6, 3, 7, 10, 14, 15, 16, 17, 1, 9, 8]
[20, 2, 12, 6, 3, 7, 10, 14, 15, 16, 17, 1, 9, 8]
[2, 12, 6, 3, 7, 10, 14, 15, 16, 17, 1, 9, 8]
[12, 6, 3, 7, 10, 14, 15, 16, 17, 1, 9, 8]
[6, 3, 7, 10, 14, 15, 16, 17, 1, 9, 8]
[3, 7, 10, 14, 15, 16, 17, 1, 9, 8]
[7, 10, 14, 15, 16, 17, 1, 9, 8]
[10, 14, 15, 16, 17, 1, 9, 8]
[14, 15, 16, 17, 1, 9, 8]
[15, 16, 17, 1, 9, 8]
[16, 17, 1, 9, 8]
[17, 1, 9, 8]
[1, 9, 8]
[9, 8]
[8]
[4, 5, 11, 6, 13, 2, 3, 12, 14, 16, 19, 20, 1, 8, 7, 18, 17, 15, 10, 9]
[5, 11, 6, 13, 2, 3, 12, 14, 16, 19, 20, 1, 8, 7, 18, 17, 15, 10, 9]
[11, 6, 13, 2, 3, 12, 14, 16, 19, 20, 1, 8, 7, 18, 17, 15, 10, 9]
[6, 13, 2, 3, 12, 14, 16, 19, 20, 1, 8, 7, 18, 17, 15, 10, 9]
[13, 2, 3, 12, 14, 16, 19, 20, 1, 8, 7, 18, 17, 15, 10, 9]
[2, 3, 12, 14, 16, 19, 20, 1, 8, 7, 18, 17, 15, 10, 9]
[3, 12, 14, 16, 19, 20, 1, 8, 7, 18, 17, 15, 10, 9]
[12, 14, 16, 19, 20, 1, 8, 7, 18, 17, 15, 10, 9]
[14, 16, 19, 20, 1, 8, 7, 18, 17, 15, 10, 9]
[16, 19, 20, 1, 8, 7, 18, 17, 15, 10, 9]
[19, 20, 1, 8, 7, 18, 17, 15, 10, 9]
[20, 1, 8, 7, 18, 17, 15, 10, 9]
[1, 8, 7, 18, 17, 15, 10, 9]
[8, 7, 18, 17, 15, 10, 9]
[7, 18, 17, 15, 10, 9]
[18, 17, 15, 10, 9]
[17, 15, 10, 9]
[15, 10, 9]
[10, 9]
[9]
[1, 2, 3, 6, 5, 13, 4, 12, 11, 14, 20, 16, 18, 17, 19, 7, 8, 10, 15, 9]
[2, 3, 6, 5, 13, 4, 12, 11, 14, 20, 16, 18, 17, 19, 7, 8, 10, 15, 9]
[3, 6, 5, 13, 4, 12, 11, 14, 20, 16, 18, 17, 19, 7, 8, 10, 15, 9]
[6, 5, 13, 4, 12, 11, 14, 20, 16, 18, 17, 19, 7, 8, 10, 15, 9]
[5, 13, 4, 12, 11, 14, 20, 16, 18, 17, 19, 7, 8, 10, 15, 9]
[13, 4, 12, 11, 14, 20, 16, 18, 17, 19, 7, 8, 10, 15, 9]
[4, 12, 11, 14, 20, 16, 18, 17, 19, 7, 8, 10, 15, 9]
[12, 11, 14, 20, 16, 18, 17, 19, 7, 8, 10, 15, 9]
[11, 14, 20, 16, 18, 17, 19, 7, 8, 10, 15, 9]
[14, 20, 16, 18, 17, 19, 7, 8, 10, 15, 9]
[20, 16, 18, 17, 19, 7, 8, 10, 15, 9]
[16, 18, 17, 19, 7, 8, 10, 15, 9]
[18, 17, 19, 7, 8, 10, 15, 9]
[17, 19, 7, 8, 10, 15, 9]
[19, 7, 8, 10, 15, 9]
[7, 8, 10, 15, 9]
[8, 10, 15, 9]
[10, 15, 9]
[15, 9]
[9]
[1, 4, 5, 6, 3, 2, 13, 14, 15, 16, 7, 8, 9, 18, 17, 20, 12, 11, 19, 10]
[4, 5, 6, 3, 2, 13, 14, 15, 16, 7, 8, 9, 18, 17, 20, 12, 11, 19, 10]
[5, 6, 3, 2, 13, 14, 15, 16, 7, 8, 9, 18, 17, 20, 12, 11, 19, 10]
[6, 3, 2, 13, 14, 15, 16, 7, 8, 9, 18, 17, 20, 12, 11, 19, 10]
[3, 2, 13, 14, 15, 16, 7, 8, 9, 18, 17, 20, 12, 11, 19, 10]
[2, 13, 14, 15, 16, 7, 8, 9, 18, 17, 20, 12, 11, 19, 10]
[13, 14, 15, 16, 7, 8, 9, 18, 17, 20, 12, 11, 19, 10]
[14, 15, 16, 7, 8, 9, 18, 17, 20, 12, 11, 19, 10]
[15, 16, 7, 8, 9, 18, 17, 20, 12, 11, 19, 10]
[16, 7, 8, 9, 18, 17, 20, 12, 11, 19, 10]
[7, 8, 9, 18, 17, 20, 12, 11, 19, 10]
[8, 9, 18, 17, 20, 12, 11, 19, 10]
[9, 18, 17, 20, 12, 11, 19, 10]
[18, 17, 20, 12, 11, 19, 10]
[17, 20, 12, 11, 19, 10]
[20, 12, 11, 19, 10]
[12, 11, 19, 10]
[11, 19, 10]
[19, 10]
[10]
[1, 6, 14, 15, 16, 17, 3, 2, 4, 5, 19, 11, 12, 7, 13, 9, 20, 10, 18, 8]
[6, 14, 15, 16, 17, 3, 2, 4, 5, 19, 11, 12, 7, 13, 9, 20, 10, 18, 8]
[14, 15, 16, 17, 3, 2, 4, 5, 19, 11, 12, 7, 13, 9, 20, 10, 18, 8]
[15, 16, 17, 3, 2, 4, 5, 19, 11, 12, 7, 13, 9, 20, 10, 18, 8]
[16, 17, 3, 2, 4, 5, 19, 11, 12, 7, 13, 9, 20, 10, 18, 8]
[17, 3, 2, 4, 5, 19, 11, 12, 7, 13, 9, 20, 10, 18, 8]
[3, 2, 4, 5, 19, 11, 12, 7, 13, 9, 20, 10, 18, 8]
[2, 4, 5, 19, 11, 12, 7, 13, 9, 20, 10, 18, 8]
[4, 5, 19, 11, 12, 7, 13, 9, 20, 10, 18, 8]
[5, 19, 11, 12, 7, 13, 9, 20, 10, 18, 8]
[19, 11, 12, 7, 13, 9, 20, 10, 18, 8]
[11, 12, 7, 13, 9, 20, 10, 18, 8]
[12, 7, 13, 9, 20, 10, 18, 8]
[7, 13, 9, 20, 10, 18, 8]
[13, 9, 20, 10, 18, 8]
[9, 20, 10, 18, 8]
[20, 10, 18, 8]
[10, 18, 8]
[18, 8]
[8]
[6, 1, 2, 3, 12, 20, 13, 11, 19, 14, 15, 18, 8, 9, 7, 17, 16, 5, 4, 10]
[1, 2, 3, 12, 20, 13, 11, 19, 14, 15, 18, 8, 9, 7, 17, 16, 5, 4, 10]
[2, 3, 12, 20, 13, 11, 19, 14, 15, 18, 8, 9, 7, 17, 16, 5, 4, 10]
[3, 12, 20, 13, 11, 19, 14, 15, 18, 8, 9, 7, 17, 16, 5, 4, 10]
[12, 20, 13, 11, 19, 14, 15, 18, 8, 9, 7, 17, 16, 5, 4, 10]
[20, 13, 11, 19, 14, 15, 18, 8, 9, 7, 17, 16, 5, 4, 10]
[13, 11, 19, 14, 15, 18, 8, 9, 7, 17, 16, 5, 4, 10]
[11, 19, 14, 15, 18, 8, 9, 7, 17, 16, 5, 4, 10]
[19, 14, 15, 18, 8, 9, 7, 17, 16, 5, 4, 10]
[14, 15, 18, 8, 9, 7, 17, 16, 5, 4, 10]
[15, 18, 8, 9, 7, 17, 16, 5, 4, 10]
[18, 8, 9, 7, 17, 16, 5, 4, 10]
[8, 9, 7, 17, 16, 5, 4, 10]
[9, 7, 17, 16, 5, 4, 10]
[7, 17, 16, 5, 4, 10]
[17, 16, 5, 4, 10]
[16, 5, 4, 10]
[5, 4, 10]
[4, 10]
[10]
[6, 11, 4, 5, 2, 3, 12, 18, 1, 15, 13, 16, 8, 14, 20, 9, 10, 19, 7, 17]
[11, 4, 5, 2, 3, 12, 18, 1, 15, 13, 16, 8, 14, 20, 9, 10, 19, 7, 17]
[4, 5, 2, 3, 12, 18, 1, 15, 13, 16, 8, 14, 20, 9, 10, 19, 7, 17]
[5, 2, 3, 12, 18, 1, 15, 13, 16, 8, 14, 20, 9, 10, 19, 7, 17]
[2, 3, 12, 18, 1, 15, 13, 16, 8, 14, 20, 9, 10, 19, 7, 17]
[3, 12, 18, 1, 15, 13, 16, 8, 14, 20, 9, 10, 19, 7, 17]
[12, 18, 1, 15, 13, 16, 8, 14, 20, 9, 10, 19, 7, 17]
[18, 1, 15, 13, 16, 8, 14, 20, 9, 10, 19, 7, 17]
[1, 15, 13, 16, 8, 14, 20, 9, 10, 19, 7, 17]
[15, 13, 16, 8, 14, 20, 9, 10, 19, 7, 17]
[13, 16, 8, 14, 20, 9, 10, 19, 7, 17]
[16, 8, 14, 20, 9, 10, 19, 7, 17]
[8, 14, 20, 9, 10, 19, 7, 17]
[14, 20, 9, 10, 19, 7, 17]
[20, 9, 10, 19, 7, 17]
[9, 10, 19, 7, 17]
[10, 19, 7, 17]
[19, 7, 17]
[7, 17]
[17]
[2, 1, 3, 19, 4, 5, 12, 11, 8, 20, 14, 6, 17, 18, 15, 10, 9, 7, 13, 16]
[1, 3, 19, 4, 5, 12, 11, 8, 20, 14, 6, 17, 18, 15, 10, 9, 7, 13, 16]
[3, 19, 4, 5, 12, 11, 8, 20, 14, 6, 17, 18, 15, 10, 9, 7, 13, 16]
[19, 4, 5, 12, 11, 8, 20, 14, 6, 17, 18, 15, 10, 9, 7, 13, 16]
[4, 5, 12, 11, 8, 20, 14, 6, 17, 18, 15, 10, 9, 7, 13, 16]
[5, 12, 11, 8, 20, 14, 6, 17, 18, 15, 10, 9, 7, 13, 16]
[12, 11, 8, 20, 14, 6, 17, 18, 15, 10, 9, 7, 13, 16]
[11, 8, 20, 14, 6, 17, 18, 15, 10, 9, 7, 13, 16]
[8, 20, 14, 6, 17, 18, 15, 10, 9, 7, 13, 16]
[20, 14, 6, 17, 18, 15, 10, 9, 7, 13, 16]
[14, 6, 17, 18, 15, 10, 9, 7, 13, 16]
[6, 17, 18, 15, 10, 9, 7, 13, 16]
[17, 18, 15, 10, 9, 7, 13, 16]
[18, 15, 10, 9, 7, 13, 16]
[15, 10, 9, 7, 13, 16]
[10, 9, 7, 13, 16]
[9, 7, 13, 16]
[7, 13, 16]
[13, 16]
[16]
[3, 4, 6, 19, 20, 14, 1, 5, 2, 11, 12, 13, 17, 16, 9, 10, 15, 18, 8, 7]
[4, 6, 19, 20, 14, 1, 5, 2, 11, 12, 13, 17, 16, 9, 10, 15, 18, 8, 7]
[6, 19, 20, 14, 1, 5, 2, 11, 12, 13, 17, 16, 9, 10, 15, 18, 8, 7]
[19, 20, 14, 1, 5, 2, 11, 12, 13, 17, 16, 9, 10, 15, 18, 8, 7]
[20, 14, 1, 5, 2, 11, 12, 13, 17, 16, 9, 10, 15, 18, 8, 7]
[14, 1, 5, 2, 11, 12, 13, 17, 16, 9, 10, 15, 18, 8, 7]
[1, 5, 2, 11, 12, 13, 17, 16, 9, 10, 15, 18, 8, 7]
[5, 2, 11, 12, 13, 17, 16, 9, 10, 15, 18, 8, 7]
[2, 11, 12, 13, 17, 16, 9, 10, 15, 18, 8, 7]
[11, 12, 13, 17, 16, 9, 10, 15, 18, 8, 7]
[12, 13, 17, 16, 9, 10, 15, 18, 8, 7]
[13, 17, 16, 9, 10, 15, 18, 8, 7]
[17, 16, 9, 10, 15, 18, 8, 7]
[16, 9, 10, 15, 18, 8, 7]
[9, 10, 15, 18, 8, 7]
[10, 15, 18, 8, 7]
[15, 18, 8, 7]
[18, 8, 7]
[8, 7]
[7]
[1, 3, 6, 13, 4, 12, 5, 11, 2, 16, 17, 18, 19, 14, 20, 8, 9, 7, 15, 10]
[3, 6, 13, 4, 12, 5, 11, 2, 16, 17, 18, 19, 14, 20, 8, 9, 7, 15, 10]
[6, 13, 4, 12, 5, 11, 2, 16, 17, 18, 19, 14, 20, 8, 9, 7, 15, 10]
[13, 4, 12, 5, 11, 2, 16, 17, 18, 19, 14, 20, 8, 9, 7, 15, 10]
[4, 12, 5, 11, 2, 16, 17, 18, 19, 14, 20, 8, 9, 7, 15, 10]
[12, 5, 11, 2, 16, 17, 18, 19, 14, 20, 8, 9, 7, 15, 10]
[5, 11, 2, 16, 17, 18, 19, 14, 20, 8, 9, 7, 15, 10]
[11, 2, 16, 17, 18, 19, 14, 20, 8, 9, 7, 15, 10]
[2, 16, 17, 18, 19, 14, 20, 8, 9, 7, 15, 10]
[16, 17, 18, 19, 14, 20, 8, 9, 7, 15, 10]
[17, 18, 19, 14, 20, 8, 9, 7, 15, 10]
[18, 19, 14, 20, 8, 9, 7, 15, 10]
[19, 14, 20, 8, 9, 7, 15, 10]
[14, 20, 8, 9, 7, 15, 10]
[20, 8, 9, 7, 15, 10]
[8, 9, 7, 15, 10]
[9, 7, 15, 10]
[7, 15, 10]
[15, 10]
[10]
[1, 4, 5, 7, 9, 3, 11, 2, 12, 19, 6, 14, 15, 16, 10, 8, 17, 20, 18, 13]
[4, 5, 7, 9, 3, 11, 2, 12, 19, 6, 14, 15, 16, 10, 8, 17, 20, 18, 13]
[5, 7, 9, 3, 11, 2, 12, 19, 6, 14, 15, 16, 10, 8, 17, 20, 18, 13]
[7, 9, 3, 11, 2, 12, 19, 6, 14, 15, 16, 10, 8, 17, 20, 18, 13]
[9, 3, 11, 2, 12, 19, 6, 14, 15, 16, 10, 8, 17, 20, 18, 13]
[3, 11, 2, 12, 19, 6, 14, 15, 16, 10, 8, 17, 20, 18, 13]
[11, 2, 12, 19, 6, 14, 15, 16, 10, 8, 17, 20, 18, 13]
[2, 12, 19, 6, 14, 15, 16, 10, 8, 17, 20, 18, 13]
[12, 19, 6, 14, 15, 16, 10, 8, 17, 20, 18, 13]
[19, 6, 14, 15, 16, 10, 8, 17, 20, 18, 13]
[6, 14, 15, 16, 10, 8, 17, 20, 18, 13]
[14, 15, 16, 10, 8, 17, 20, 18, 13]
[15, 16, 10, 8, 17, 20, 18, 13]
[16, 10, 8, 17, 20, 18, 13]
[10, 8, 17, 20, 18, 13]
[8, 17, 20, 18, 13]
[17, 20, 18, 13]
[20, 18, 13]
[18, 13]
[13]
[1, 2, 3, 4, 18, 19, 5, 6, 16, 20, 13, 12, 8, 11, 17, 15, 14, 10, 9, 7]
[2, 3, 4, 18, 19, 5, 6, 16, 20, 13, 12, 8, 11, 17, 15, 14, 10, 9, 7]
[3, 4, 18, 19, 5, 6, 16, 20, 13, 12, 8, 11, 17, 15, 14, 10, 9, 7]
[4, 18, 19, 5, 6, 16, 20, 13, 12, 8, 11, 17, 15, 14, 10, 9, 7]
[18, 19, 5, 6, 16, 20, 13, 12, 8, 11, 17, 15, 14, 10, 9, 7]
[19, 5, 6, 16, 20, 13, 12, 8, 11, 17, 15, 14, 10, 9, 7]
[5, 6, 16, 20, 13, 12, 8, 11, 17, 15, 14, 10, 9, 7]
[6, 16, 20, 13, 12, 8, 11, 17, 15, 14, 10, 9, 7]
[16, 20, 13, 12, 8, 11, 17, 15, 14, 10, 9, 7]
[20, 13, 12, 8, 11, 17, 15, 14, 10, 9, 7]
[13, 12, 8, 11, 17, 15, 14, 10, 9, 7]
[12, 8, 11, 17, 15, 14, 10, 9, 7]
[8, 11, 17, 15, 14, 10, 9, 7]
[11, 17, 15, 14, 10, 9, 7]
[17, 15, 14, 10, 9, 7]
[15, 14, 10, 9, 7]
[14, 10, 9, 7]
[10, 9, 7]
[9, 7]
[7]
[1, 2, 3, 5, 6, 4, 16, 12, 13, 7, 8, 9, 11, 17, 19, 14, 15, 20, 18, 10]
[2, 3, 5, 6, 4, 16, 12, 13, 7, 8, 9, 11, 17, 19, 14, 15, 20, 18, 10]
[3, 5, 6, 4, 16, 12, 13, 7, 8, 9, 11, 17, 19, 14, 15, 20, 18, 10]
[5, 6, 4, 16, 12, 13, 7, 8, 9, 11, 17, 19, 14, 15, 20, 18, 10]
[6, 4, 16, 12, 13, 7, 8, 9, 11, 17, 19, 14, 15, 20, 18, 10]
[4, 16, 12, 13, 7, 8, 9, 11, 17, 19, 14, 15, 20, 18, 10]
[16, 12, 13, 7, 8, 9, 11, 17, 19, 14, 15, 20, 18, 10]
[12, 13, 7, 8, 9, 11, 17, 19, 14, 15, 20, 18, 10]
[13, 7, 8, 9, 11, 17, 19, 14, 15, 20, 18, 10]
[7, 8, 9, 11, 17, 19, 14, 15, 20, 18, 10]
[8, 9, 11, 17, 19, 14, 15, 20, 18, 10]
[9, 11, 17, 19, 14, 15, 20, 18, 10]
[11, 17, 19, 14, 15, 20, 18, 10]
[17, 19, 14, 15, 20, 18, 10]
[19, 14, 15, 20, 18, 10]
[14, 15, 20, 18, 10]
[15, 20, 18, 10]
[20, 18, 10]
[18, 10]
[10]
[1, 3, 4, 2, 6, 5, 9, 18, 19, 20, 11, 8, 13, 7, 14, 16, 12, 10, 17, 15]
[3, 4, 2, 6, 5, 9, 18, 19, 20, 11, 8, 13, 7, 14, 16, 12, 10, 17, 15]
[4, 2, 6, 5, 9, 18, 19, 20, 11, 8, 13, 7, 14, 16, 12, 10, 17, 15]
[2, 6, 5, 9, 18, 19, 20, 11, 8, 13, 7, 14, 16, 12, 10, 17, 15]
[6, 5, 9, 18, 19, 20, 11, 8, 13, 7, 14, 16, 12, 10, 17, 15]
[5, 9, 18, 19, 20, 11, 8, 13, 7, 14, 16, 12, 10, 17, 15]
[9, 18, 19, 20, 11, 8, 13, 7, 14, 16, 12, 10, 17, 15]
[18, 19, 20, 11, 8, 13, 7, 14, 16, 12, 10, 17, 15]
[19, 20, 11, 8, 13, 7, 14, 16, 12, 10, 17, 15]
[20, 11, 8, 13, 7, 14, 16, 12, 10, 17, 15]
[11, 8, 13, 7, 14, 16, 12, 10, 17, 15]
[8, 13, 7, 14, 16, 12, 10, 17, 15]
[13, 7, 14, 16, 12, 10, 17, 15]
[7, 14, 16, 12, 10, 17, 15]
[14, 16, 12, 10, 17, 15]
[16, 12, 10, 17, 15]
[12, 10, 17, 15]
[10, 17, 15]
[17, 15]
[15]
serie1.Ex4.BlockingMessageQueueFuture$MyFuture@22d465f
serie1.Ex4.BlockingMessageQueueFuture$MyFuture@21cfeb70
serie1.Ex4.BlockingMessageQueueFuture$MyFuture@3b8de6b5
[2, 3, 11, 13, 7, 1, 10, 6, 4, 5, 9, 8, 18, 20, 14, 12, 15, 19, 17, 16]
[3, 11, 13, 7, 1, 10, 6, 4, 5, 9, 8, 18, 20, 14, 12, 15, 19, 17, 16]
[11, 13, 7, 1, 10, 6, 4, 5, 9, 8, 18, 20, 14, 12, 15, 19, 17, 16]
[13, 7, 1, 10, 6, 4, 5, 9, 8, 18, 20, 14, 12, 15, 19, 17, 16]
[7, 1, 10, 6, 4, 5, 9, 8, 18, 20, 14, 12, 15, 19, 17, 16]
[1, 10, 6, 4, 5, 9, 8, 18, 20, 14, 12, 15, 19, 17, 16]
[10, 6, 4, 5, 9, 8, 18, 20, 14, 12, 15, 19, 17, 16]
[6, 4, 5, 9, 8, 18, 20, 14, 12, 15, 19, 17, 16]
[4, 5, 9, 8, 18, 20, 14, 12, 15, 19, 17, 16]
[5, 9, 8, 18, 20, 14, 12, 15, 19, 17, 16]
[9, 8, 18, 20, 14, 12, 15, 19, 17, 16]
[8, 18, 20, 14, 12, 15, 19, 17, 16]
[18, 20, 14, 12, 15, 19, 17, 16]
[20, 14, 12, 15, 19, 17, 16]
[14, 12, 15, 19, 17, 16]
[12, 15, 19, 17, 16]
[15, 19, 17, 16]
[19, 17, 16]
[17, 16]
[16]
[1, 2, 3, 6, 8, 9, 10, 14, 15, 16, 18, 20, 5, 4, 13, 19, 17, 7, 12, 11]
[2, 3, 6, 8, 9, 10, 14, 15, 16, 18, 20, 5, 4, 13, 19, 17, 7, 12, 11]
[3, 6, 8, 9, 10, 14, 15, 16, 18, 20, 5, 4, 13, 19, 17, 7, 12, 11]
[6, 8, 9, 10, 14, 15, 16, 18, 20, 5, 4, 13, 19, 17, 7, 12, 11]
[8, 9, 10, 14, 15, 16, 18, 20, 5, 4, 13, 19, 17, 7, 12, 11]
[9, 10, 14, 15, 16, 18, 20, 5, 4, 13, 19, 17, 7, 12, 11]
[10, 14, 15, 16, 18, 20, 5, 4, 13, 19, 17, 7, 12, 11]
[14, 15, 16, 18, 20, 5, 4, 13, 19, 17, 7, 12, 11]
[15, 16, 18, 20, 5, 4, 13, 19, 17, 7, 12, 11]
[16, 18, 20, 5, 4, 13, 19, 17, 7, 12, 11]
[18, 20, 5, 4, 13, 19, 17, 7, 12, 11]
[20, 5, 4, 13, 19, 17, 7, 12, 11]
[5, 4, 13, 19, 17, 7, 12, 11]
[4, 13, 19, 17, 7, 12, 11]
[13, 19, 17, 7, 12, 11]
[19, 17, 7, 12, 11]
[17, 7, 12, 11]
[7, 12, 11]
[12, 11]
[11]
[1, 2, 3, 4, 5, 6, 9, 10, 8, 19, 7, 20, 11, 13, 18, 16, 17, 15, 14, 12]
[2, 3, 4, 5, 6, 9, 10, 8, 19, 7, 20, 11, 13, 18, 16, 17, 15, 14, 12]
[3, 4, 5, 6, 9, 10, 8, 19, 7, 20, 11, 13, 18, 16, 17, 15, 14, 12]
[4, 5, 6, 9, 10, 8, 19, 7, 20, 11, 13, 18, 16, 17, 15, 14, 12]
[5, 6, 9, 10, 8, 19, 7, 20, 11, 13, 18, 16, 17, 15, 14, 12]
[6, 9, 10, 8, 19, 7, 20, 11, 13, 18, 16, 17, 15, 14, 12]
[9, 10, 8, 19, 7, 20, 11, 13, 18, 16, 17, 15, 14, 12]
[10, 8, 19, 7, 20, 11, 13, 18, 16, 17, 15, 14, 12]
[8, 19, 7, 20, 11, 13, 18, 16, 17, 15, 14, 12]
[19, 7, 20, 11, 13, 18, 16, 17, 15, 14, 12]
[7, 20, 11, 13, 18, 16, 17, 15, 14, 12]
[20, 11, 13, 18, 16, 17, 15, 14, 12]
[11, 13, 18, 16, 17, 15, 14, 12]
[13, 18, 16, 17, 15, 14, 12]
[18, 16, 17, 15, 14, 12]
[16, 17, 15, 14, 12]
[17, 15, 14, 12]
[15, 14, 12]
[14, 12]
[12]
[1, 2, 11, 13, 6, 18, 19, 3, 20, 14, 15, 12, 17, 16, 8, 9, 10, 5, 4, 7]
[2, 11, 13, 6, 18, 19, 3, 20, 14, 15, 12, 17, 16, 8, 9, 10, 5, 4, 7]
[11, 13, 6, 18, 19, 3, 20, 14, 15, 12, 17, 16, 8, 9, 10, 5, 4, 7]
[13, 6, 18, 19, 3, 20, 14, 15, 12, 17, 16, 8, 9, 10, 5, 4, 7]
[6, 18, 19, 3, 20, 14, 15, 12, 17, 16, 8, 9, 10, 5, 4, 7]
[18, 19, 3, 20, 14, 15, 12, 17, 16, 8, 9, 10, 5, 4, 7]
[19, 3, 20, 14, 15, 12, 17, 16, 8, 9, 10, 5, 4, 7]
[3, 20, 14, 15, 12, 17, 16, 8, 9, 10, 5, 4, 7]
[20, 14, 15, 12, 17, 16, 8, 9, 10, 5, 4, 7]
[14, 15, 12, 17, 16, 8, 9, 10, 5, 4, 7]
[15, 12, 17, 16, 8, 9, 10, 5, 4, 7]
[12, 17, 16, 8, 9, 10, 5, 4, 7]
[17, 16, 8, 9, 10, 5, 4, 7]
[16, 8, 9, 10, 5, 4, 7]
[8, 9, 10, 5, 4, 7]
[9, 10, 5, 4, 7]
[10, 5, 4, 7]
[5, 4, 7]
[4, 7]
[7]
[1, 2, 3, 4, 5, 6, 20, 13, 12, 16, 11, 7, 8, 19, 9, 18, 10, 17, 14, 15]
[2, 3, 4, 5, 6, 20, 13, 12, 16, 11, 7, 8, 19, 9, 18, 10, 17, 14, 15]
[3, 4, 5, 6, 20, 13, 12, 16, 11, 7, 8, 19, 9, 18, 10, 17, 14, 15]
[4, 5, 6, 20, 13, 12, 16, 11, 7, 8, 19, 9, 18, 10, 17, 14, 15]
[5, 6, 20, 13, 12, 16, 11, 7, 8, 19, 9, 18, 10, 17, 14, 15]
[6, 20, 13, 12, 16, 11, 7, 8, 19, 9, 18, 10, 17, 14, 15]
[20, 13, 12, 16, 11, 7, 8, 19, 9, 18, 10, 17, 14, 15]
[13, 12, 16, 11, 7, 8, 19, 9, 18, 10, 17, 14, 15]
[12, 16, 11, 7, 8, 19, 9, 18, 10, 17, 14, 15]
[16, 11, 7, 8, 19, 9, 18, 10, 17, 14, 15]
[11, 7, 8, 19, 9, 18, 10, 17, 14, 15]
[7, 8, 19, 9, 18, 10, 17, 14, 15]
[8, 19, 9, 18, 10, 17, 14, 15]
[19, 9, 18, 10, 17, 14, 15]
[9, 18, 10, 17, 14, 15]
[18, 10, 17, 14, 15]
[10, 17, 14, 15]
[17, 14, 15]
[14, 15]
[15]
[6, 11, 1, 12, 3, 4, 5, 19, 2, 7, 8, 13, 14, 10, 16, 9, 17, 20, 18, 15]
[11, 1, 12, 3, 4, 5, 19, 2, 7, 8, 13, 14, 10, 16, 9, 17, 20, 18, 15]
[1, 12, 3, 4, 5, 19, 2, 7, 8, 13, 14, 10, 16, 9, 17, 20, 18, 15]
[12, 3, 4, 5, 19, 2, 7, 8, 13, 14, 10, 16, 9, 17, 20, 18, 15]
[3, 4, 5, 19, 2, 7, 8, 13, 14, 10, 16, 9, 17, 20, 18, 15]
[4, 5, 19, 2, 7, 8, 13, 14, 10, 16, 9, 17, 20, 18, 15]
[5, 19, 2, 7, 8, 13, 14, 10, 16, 9, 17, 20, 18, 15]
[19, 2, 7, 8, 13, 14, 10, 16, 9, 17, 20, 18, 15]
[2, 7, 8, 13, 14, 10, 16, 9, 17, 20, 18, 15]
[7, 8, 13, 14, 10, 16, 9, 17, 20, 18, 15]
[8, 13, 14, 10, 16, 9, 17, 20, 18, 15]
[13, 14, 10, 16, 9, 17, 20, 18, 15]
[14, 10, 16, 9, 17, 20, 18, 15]
[10, 16, 9, 17, 20, 18, 15]
[16, 9, 17, 20, 18, 15]
[9, 17, 20, 18, 15]
[17, 20, 18, 15]
[20, 18, 15]
[18, 15]
[15]
[7, 8, 10, 9, 12, 6, 13, 5, 11, 1, 2, 4, 19, 16, 17, 14, 15, 20, 18, 3]
[8, 10, 9, 12, 6, 13, 5, 11, 1, 2, 4, 19, 16, 17, 14, 15, 20, 18, 3]
[10, 9, 12, 6, 13, 5, 11, 1, 2, 4, 19, 16, 17, 14, 15, 20, 18, 3]
[9, 12, 6, 13, 5, 11, 1, 2, 4, 19, 16, 17, 14, 15, 20, 18, 3]
[12, 6, 13, 5, 11, 1, 2, 4, 19, 16, 17, 14, 15, 20, 18, 3]
[6, 13, 5, 11, 1, 2, 4, 19, 16, 17, 14, 15, 20, 18, 3]
[13, 5, 11, 1, 2, 4, 19, 16, 17, 14, 15, 20, 18, 3]
[5, 11, 1, 2, 4, 19, 16, 17, 14, 15, 20, 18, 3]
[11, 1, 2, 4, 19, 16, 17, 14, 15, 20, 18, 3]
[1, 2, 4, 19, 16, 17, 14, 15, 20, 18, 3]
[2, 4, 19, 16, 17, 14, 15, 20, 18, 3]
[4, 19, 16, 17, 14, 15, 20, 18, 3]
[19, 16, 17, 14, 15, 20, 18, 3]
[16, 17, 14, 15, 20, 18, 3]
[17, 14, 15, 20, 18, 3]
[14, 15, 20, 18, 3]
[15, 20, 18, 3]
[20, 18, 3]
[18, 3]
[3]
[1, 2, 3, 4, 6, 7, 8, 5, 10, 11, 20, 12, 13, 19, 15, 18, 16, 14, 9, 17]
[2, 3, 4, 6, 7, 8, 5, 10, 11, 20, 12, 13, 19, 15, 18, 16, 14, 9, 17]
[3, 4, 6, 7, 8, 5, 10, 11, 20, 12, 13, 19, 15, 18, 16, 14, 9, 17]
[4, 6, 7, 8, 5, 10, 11, 20, 12, 13, 19, 15, 18, 16, 14, 9, 17]
[6, 7, 8, 5, 10, 11, 20, 12, 13, 19, 15, 18, 16, 14, 9, 17]
[7, 8, 5, 10, 11, 20, 12, 13, 19, 15, 18, 16, 14, 9, 17]
[8, 5, 10, 11, 20, 12, 13, 19, 15, 18, 16, 14, 9, 17]
[5, 10, 11, 20, 12, 13, 19, 15, 18, 16, 14, 9, 17]
[10, 11, 20, 12, 13, 19, 15, 18, 16, 14, 9, 17]
[11, 20, 12, 13, 19, 15, 18, 16, 14, 9, 17]
[20, 12, 13, 19, 15, 18, 16, 14, 9, 17]
[12, 13, 19, 15, 18, 16, 14, 9, 17]
[13, 19, 15, 18, 16, 14, 9, 17]
[19, 15, 18, 16, 14, 9, 17]
[15, 18, 16, 14, 9, 17]
[18, 16, 14, 9, 17]
[16, 14, 9, 17]
[14, 9, 17]
[9, 17]
[17]
[12, 1, 13, 6, 18, 20, 3, 9, 4, 5, 11, 15, 16, 17, 2, 14, 10, 8, 7, 19]
[1, 13, 6, 18, 20, 3, 9, 4, 5, 11, 15, 16, 17, 2, 14, 10, 8, 7, 19]
[13, 6, 18, 20, 3, 9, 4, 5, 11, 15, 16, 17, 2, 14, 10, 8, 7, 19]
[6, 18, 20, 3, 9, 4, 5, 11, 15, 16, 17, 2, 14, 10, 8, 7, 19]
[18, 20, 3, 9, 4, 5, 11, 15, 16, 17, 2, 14, 10, 8, 7, 19]
[20, 3, 9, 4, 5, 11, 15, 16, 17, 2, 14, 10, 8, 7, 19]
[3, 9, 4, 5, 11, 15, 16, 17, 2, 14, 10, 8, 7, 19]
[9, 4, 5, 11, 15, 16, 17, 2, 14, 10, 8, 7, 19]
[4, 5, 11, 15, 16, 17, 2, 14, 10, 8, 7, 19]
[5, 11, 15, 16, 17, 2, 14, 10, 8, 7, 19]
[11, 15, 16, 17, 2, 14, 10, 8, 7, 19]
[15, 16, 17, 2, 14, 10, 8, 7, 19]
[16, 17, 2, 14, 10, 8, 7, 19]
[17, 2, 14, 10, 8, 7, 19]
[2, 14, 10, 8, 7, 19]
[14, 10, 8, 7, 19]
[10, 8, 7, 19]
[8, 7, 19]
[7, 19]
[19]
[1, 2, 3, 5, 18, 6, 20, 7, 4, 8, 9, 10, 11, 19, 13, 12, 16, 17, 15, 14]
[2, 3, 5, 18, 6, 20, 7, 4, 8, 9, 10, 11, 19, 13, 12, 16, 17, 15, 14]
[3, 5, 18, 6, 20, 7, 4, 8, 9, 10, 11, 19, 13, 12, 16, 17, 15, 14]
[5, 18, 6, 20, 7, 4, 8, 9, 10, 11, 19, 13, 12, 16, 17, 15, 14]
[18, 6, 20, 7, 4, 8, 9, 10, 11, 19, 13, 12, 16, 17, 15, 14]
[6, 20, 7, 4, 8, 9, 10, 11, 19, 13, 12, 16, 17, 15, 14]
[20, 7, 4, 8, 9, 10, 11, 19, 13, 12, 16, 17, 15, 14]
[7, 4, 8, 9, 10, 11, 19, 13, 12, 16, 17, 15, 14]
[4, 8, 9, 10, 11, 19, 13, 12, 16, 17, 15, 14]
[8, 9, 10, 11, 19, 13, 12, 16, 17, 15, 14]
[9, 10, 11, 19, 13, 12, 16, 17, 15, 14]
[10, 11, 19, 13, 12, 16, 17, 15, 14]
[11, 19, 13, 12, 16, 17, 15, 14]
[19, 13, 12, 16, 17, 15, 14]
[13, 12, 16, 17, 15, 14]
[12, 16, 17, 15, 14]
[16, 17, 15, 14]
[17, 15, 14]
[15, 14]
[14]
serie1.Ex4.BlockingMessageQueueFuture$MyFuture@6463b386
[1, 2, 3, 4, 5, 18, 20, 15, 19, 6, 14, 12, 13, 11, 8, 10, 16, 17, 9, 7]
[2, 3, 4, 5, 18, 20, 15, 19, 6, 14, 12, 13, 11, 8, 10, 16, 17, 9, 7]
[3, 4, 5, 18, 20, 15, 19, 6, 14, 12, 13, 11, 8, 10, 16, 17, 9, 7]
[4, 5, 18, 20, 15, 19, 6, 14, 12, 13, 11, 8, 10, 16, 17, 9, 7]
[5, 18, 20, 15, 19, 6, 14, 12, 13, 11, 8, 10, 16, 17, 9, 7]
[18, 20, 15, 19, 6, 14, 12, 13, 11, 8, 10, 16, 17, 9, 7]
[20, 15, 19, 6, 14, 12, 13, 11, 8, 10, 16, 17, 9, 7]
[15, 19, 6, 14, 12, 13, 11, 8, 10, 16, 17, 9, 7]
[19, 6, 14, 12, 13, 11, 8, 10, 16, 17, 9, 7]
[6, 14, 12, 13, 11, 8, 10, 16, 17, 9, 7]
[14, 12, 13, 11, 8, 10, 16, 17, 9, 7]
[12, 13, 11, 8, 10, 16, 17, 9, 7]
[13, 11, 8, 10, 16, 17, 9, 7]
[11, 8, 10, 16, 17, 9, 7]
[8, 10, 16, 17, 9, 7]
[10, 16, 17, 9, 7]
[16, 17, 9, 7]
[17, 9, 7]
[9, 7]
[7]
[3, 4, 2, 1, 18, 20, 6, 14, 5, 15, 11, 19, 13, 7, 10, 9, 8, 12, 17, 16]
[4, 2, 1, 18, 20, 6, 14, 5, 15, 11, 19, 13, 7, 10, 9, 8, 12, 17, 16]
[2, 1, 18, 20, 6, 14, 5, 15, 11, 19, 13, 7, 10, 9, 8, 12, 17, 16]
[1, 18, 20, 6, 14, 5, 15, 11, 19, 13, 7, 10, 9, 8, 12, 17, 16]
[18, 20, 6, 14, 5, 15, 11, 19, 13, 7, 10, 9, 8, 12, 17, 16]
[20, 6, 14, 5, 15, 11, 19, 13, 7, 10, 9, 8, 12, 17, 16]
[6, 14, 5, 15, 11, 19, 13, 7, 10, 9, 8, 12, 17, 16]
[14, 5, 15, 11, 19, 13, 7, 10, 9, 8, 12, 17, 16]
[5, 15, 11, 19, 13, 7, 10, 9, 8, 12, 17, 16]
[15, 11, 19, 13, 7, 10, 9, 8, 12, 17, 16]
[11, 19, 13, 7, 10, 9, 8, 12, 17, 16]
[19, 13, 7, 10, 9, 8, 12, 17, 16]
[13, 7, 10, 9, 8, 12, 17, 16]
[7, 10, 9, 8, 12, 17, 16]
[10, 9, 8, 12, 17, 16]
[9, 8, 12, 17, 16]
[8, 12, 17, 16]
[12, 17, 16]
[17, 16]
[16]
[4, 5, 13, 11, 20, 12, 1, 2, 6, 19, 18, 16, 3, 7, 8, 9, 10, 17, 15, 14]
[5, 13, 11, 20, 12, 1, 2, 6, 19, 18, 16, 3, 7, 8, 9, 10, 17, 15, 14]
[13, 11, 20, 12, 1, 2, 6, 19, 18, 16, 3, 7, 8, 9, 10, 17, 15, 14]
[11, 20, 12, 1, 2, 6, 19, 18, 16, 3, 7, 8, 9, 10, 17, 15, 14]
[20, 12, 1, 2, 6, 19, 18, 16, 3, 7, 8, 9, 10, 17, 15, 14]
[12, 1, 2, 6, 19, 18, 16, 3, 7, 8, 9, 10, 17, 15, 14]
[1, 2, 6, 19, 18, 16, 3, 7, 8, 9, 10, 17, 15, 14]
[2, 6, 19, 18, 16, 3, 7, 8, 9, 10, 17, 15, 14]
[6, 19, 18, 16, 3, 7, 8, 9, 10, 17, 15, 14]
[19, 18, 16, 3, 7, 8, 9, 10, 17, 15, 14]
[18, 16, 3, 7, 8, 9, 10, 17, 15, 14]
[16, 3, 7, 8, 9, 10, 17, 15, 14]
[3, 7, 8, 9, 10, 17, 15, 14]
[7, 8, 9, 10, 17, 15, 14]
[8, 9, 10, 17, 15, 14]
[9, 10, 17, 15, 14]
[10, 17, 15, 14]
[17, 15, 14]
[15, 14]
[14]
[4, 5, 7, 8, 9, 2, 3, 6, 10, 1, 19, 11, 12, 13, 16, 20, 18, 17, 15, 14]
[5, 7, 8, 9, 2, 3, 6, 10, 1, 19, 11, 12, 13, 16, 20, 18, 17, 15, 14]
[7, 8, 9, 2, 3, 6, 10, 1, 19, 11, 12, 13, 16, 20, 18, 17, 15, 14]
[8, 9, 2, 3, 6, 10, 1, 19, 11, 12, 13, 16, 20, 18, 17, 15, 14]
[9, 2, 3, 6, 10, 1, 19, 11, 12, 13, 16, 20, 18, 17, 15, 14]
[2, 3, 6, 10, 1, 19, 11, 12, 13, 16, 20, 18, 17, 15, 14]
[3, 6, 10, 1, 19, 11, 12, 13, 16, 20, 18, 17, 15, 14]
[6, 10, 1, 19, 11, 12, 13, 16, 20, 18, 17, 15, 14]
[10, 1, 19, 11, 12, 13, 16, 20, 18, 17, 15, 14]
[1, 19, 11, 12, 13, 16, 20, 18, 17, 15, 14]
[19, 11, 12, 13, 16, 20, 18, 17, 15, 14]
[11, 12, 13, 16, 20, 18, 17, 15, 14]
[12, 13, 16, 20, 18, 17, 15, 14]
[13, 16, 20, 18, 17, 15, 14]
[16, 20, 18, 17, 15, 14]
[20, 18, 17, 15, 14]
[18, 17, 15, 14]
[17, 15, 14]
[15, 14]
[14]
[1, 2, 3, 18, 19, 15, 14, 16, 17, 6, 5, 20, 11, 12, 13, 7, 8, 4, 10, 9]
[2, 3, 18, 19, 15, 14, 16, 17, 6, 5, 20, 11, 12, 13, 7, 8, 4, 10, 9]
[3, 18, 19, 15, 14, 16, 17, 6, 5, 20, 11, 12, 13, 7, 8, 4, 10, 9]
[18, 19, 15, 14, 16, 17, 6, 5, 20, 11, 12, 13, 7, 8, 4, 10, 9]
[19, 15, 14, 16, 17, 6, 5, 20, 11, 12, 13, 7, 8, 4, 10, 9]
[15, 14, 16, 17, 6, 5, 20, 11, 12, 13, 7, 8, 4, 10, 9]
[14, 16, 17, 6, 5, 20, 11, 12, 13, 7, 8, 4, 10, 9]
[16, 17, 6, 5, 20, 11, 12, 13, 7, 8, 4, 10, 9]
[17, 6, 5, 20, 11, 12, 13, 7, 8, 4, 10, 9]
[6, 5, 20, 11, 12, 13, 7, 8, 4, 10, 9]
[5, 20, 11, 12, 13, 7, 8, 4, 10, 9]
[20, 11, 12, 13, 7, 8, 4, 10, 9]
[11, 12, 13, 7, 8, 4, 10, 9]
[12, 13, 7, 8, 4, 10, 9]
[13, 7, 8, 4, 10, 9]
[7, 8, 4, 10, 9]
[8, 4, 10, 9]
[4, 10, 9]
[10, 9]
[9]
[3, 4, 5, 18, 19, 2, 1, 16, 17, 9, 11, 12, 6, 10, 8, 7, 15, 14, 20, 13]
[4, 5, 18, 19, 2, 1, 16, 17, 9, 11, 12, 6, 10, 8, 7, 15, 14, 20, 13]
[5, 18, 19, 2, 1, 16, 17, 9, 11, 12, 6, 10, 8, 7, 15, 14, 20, 13]
[18, 19, 2, 1, 16, 17, 9, 11, 12, 6, 10, 8, 7, 15, 14, 20, 13]
[19, 2, 1, 16, 17, 9, 11, 12, 6, 10, 8, 7, 15, 14, 20, 13]
[2, 1, 16, 17, 9, 11, 12, 6, 10, 8, 7, 15, 14, 20, 13]
[1, 16, 17, 9, 11, 12, 6, 10, 8, 7, 15, 14, 20, 13]
[16, 17, 9, 11, 12, 6, 10, 8, 7, 15, 14, 20, 13]
[17, 9, 11, 12, 6, 10, 8, 7, 15, 14, 20, 13]
[9, 11, 12, 6, 10, 8, 7, 15, 14, 20, 13]
[11, 12, 6, 10, 8, 7, 15, 14, 20, 13]
[12, 6, 10, 8, 7, 15, 14, 20, 13]
[6, 10, 8, 7, 15, 14, 20, 13]
[10, 8, 7, 15, 14, 20, 13]
[8, 7, 15, 14, 20, 13]
[7, 15, 14, 20, 13]
[15, 14, 20, 13]
[14, 20, 13]
[20, 13]
[13]
[1, 2, 3, 5, 6, 11, 12, 13, 19, 20, 7, 4, 9, 10, 8, 17, 18, 15, 14, 16]
[2, 3, 5, 6, 11, 12, 13, 19, 20, 7, 4, 9, 10, 8, 17, 18, 15, 14, 16]
[3, 5, 6, 11, 12, 13, 19, 20, 7, 4, 9, 10, 8, 17, 18, 15, 14, 16]
[5, 6, 11, 12, 13, 19, 20, 7, 4, 9, 10, 8, 17, 18, 15, 14, 16]
[6, 11, 12, 13, 19, 20, 7, 4, 9, 10, 8, 17, 18, 15, 14, 16]
[11, 12, 13, 19, 20, 7, 4, 9, 10, 8, 17, 18, 15, 14, 16]
[12, 13, 19, 20, 7, 4, 9, 10, 8, 17, 18, 15, 14, 16]
[13, 19, 20, 7, 4, 9, 10, 8, 17, 18, 15, 14, 16]
[19, 20, 7, 4, 9, 10, 8, 17, 18, 15, 14, 16]
[20, 7, 4, 9, 10, 8, 17, 18, 15, 14, 16]
[7, 4, 9, 10, 8, 17, 18, 15, 14, 16]
[4, 9, 10, 8, 17, 18, 15, 14, 16]
[9, 10, 8, 17, 18, 15, 14, 16]
[10, 8, 17, 18, 15, 14, 16]
[8, 17, 18, 15, 14, 16]
[17, 18, 15, 14, 16]
[18, 15, 14, 16]
[15, 14, 16]
[14, 16]
[16]
[1, 2, 6, 3, 18, 4, 19, 11, 13, 5, 16, 17, 12, 9, 20, 10, 8, 7, 15, 14]
[2, 6, 3, 18, 4, 19, 11, 13, 5, 16, 17, 12, 9, 20, 10, 8, 7, 15, 14]
[6, 3, 18, 4, 19, 11, 13, 5, 16, 17, 12, 9, 20, 10, 8, 7, 15, 14]
[3, 18, 4, 19, 11, 13, 5, 16, 17, 12, 9, 20, 10, 8, 7, 15, 14]
[18, 4, 19, 11, 13, 5, 16, 17, 12, 9, 20, 10, 8, 7, 15, 14]
[4, 19, 11, 13, 5, 16, 17, 12, 9, 20, 10, 8, 7, 15, 14]
[19, 11, 13, 5, 16, 17, 12, 9, 20, 10, 8, 7, 15, 14]
[11, 13, 5, 16, 17, 12, 9, 20, 10, 8, 7, 15, 14]
[13, 5, 16, 17, 12, 9, 20, 10, 8, 7, 15, 14]
[5, 16, 17, 12, 9, 20, 10, 8, 7, 15, 14]
[16, 17, 12, 9, 20, 10, 8, 7, 15, 14]
[17, 12, 9, 20, 10, 8, 7, 15, 14]
[12, 9, 20, 10, 8, 7, 15, 14]
[9, 20, 10, 8, 7, 15, 14]
[20, 10, 8, 7, 15, 14]
[10, 8, 7, 15, 14]
[8, 7, 15, 14]
[7, 15, 14]
[15, 14]
[14]
[2, 3, 1, 5, 4, 11, 13, 6, 20, 12, 16, 17, 15, 14, 9, 19, 18, 10, 8, 7]
[3, 1, 5, 4, 11, 13, 6, 20, 12, 16, 17, 15, 14, 9, 19, 18, 10, 8, 7]
[1, 5, 4, 11, 13, 6, 20, 12, 16, 17, 15, 14, 9, 19, 18, 10, 8, 7]
[5, 4, 11, 13, 6, 20, 12, 16, 17, 15, 14, 9, 19, 18, 10, 8, 7]
[4, 11, 13, 6, 20, 12, 16, 17, 15, 14, 9, 19, 18, 10, 8, 7]
[11, 13, 6, 20, 12, 16, 17, 15, 14, 9, 19, 18, 10, 8, 7]
[13, 6, 20, 12, 16, 17, 15, 14, 9, 19, 18, 10, 8, 7]
[6, 20, 12, 16, 17, 15, 14, 9, 19, 18, 10, 8, 7]
[20, 12, 16, 17, 15, 14, 9, 19, 18, 10, 8, 7]
[12, 16, 17, 15, 14, 9, 19, 18, 10, 8, 7]
[16, 17, 15, 14, 9, 19, 18, 10, 8, 7]
[17, 15, 14, 9, 19, 18, 10, 8, 7]
[15, 14, 9, 19, 18, 10, 8, 7]
[14, 9, 19, 18, 10, 8, 7]
[9, 19, 18, 10, 8, 7]
[19, 18, 10, 8, 7]
[18, 10, 8, 7]
[10, 8, 7]
[8, 7]
[7]
[1, 2, 3, 7, 8, 9, 10, 6, 4, 18, 20, 5, 13, 14, 17, 16, 15, 12, 11, 19]
[2, 3, 7, 8, 9, 10, 6, 4, 18, 20, 5, 13, 14, 17, 16, 15, 12, 11, 19]
[3, 7, 8, 9, 10, 6, 4, 18, 20, 5, 13, 14, 17, 16, 15, 12, 11, 19]
[7, 8, 9, 10, 6, 4, 18, 20, 5, 13, 14, 17, 16, 15, 12, 11, 19]
[8, 9, 10, 6, 4, 18, 20, 5, 13, 14, 17, 16, 15, 12, 11, 19]
[9, 10, 6, 4, 18, 20, 5, 13, 14, 17, 16, 15, 12, 11, 19]
[10, 6, 4, 18, 20, 5, 13, 14, 17, 16, 15, 12, 11, 19]
[6, 4, 18, 20, 5, 13, 14, 17, 16, 15, 12, 11, 19]
[4, 18, 20, 5, 13, 14, 17, 16, 15, 12, 11, 19]
[18, 20, 5, 13, 14, 17, 16, 15, 12, 11, 19]
[20, 5, 13, 14, 17, 16, 15, 12, 11, 19]
[5, 13, 14, 17, 16, 15, 12, 11, 19]
[13, 14, 17, 16, 15, 12, 11, 19]
[14, 17, 16, 15, 12, 11, 19]
[17, 16, 15, 12, 11, 19]
[16, 15, 12, 11, 19]
[15, 12, 11, 19]
[12, 11, 19]
[11, 19]
[19]
[1, 3, 5, 6, 4, 2, 13, 18, 20, 14, 15, 12, 11, 17, 7, 9, 16, 19, 10, 8]
[3, 5, 6, 4, 2, 13, 18, 20, 14, 15, 12, 11, 17, 7, 9, 16, 19, 10, 8]
[5, 6, 4, 2, 13, 18, 20, 14, 15, 12, 11, 17, 7, 9, 16, 19, 10, 8]
[6, 4, 2, 13, 18, 20, 14, 15, 12, 11, 17, 7, 9, 16, 19, 10, 8]
[4, 2, 13, 18, 20, 14, 15, 12, 11, 17, 7, 9, 16, 19, 10, 8]
[2, 13, 18, 20, 14, 15, 12, 11, 17, 7, 9, 16, 19, 10, 8]
[13, 18, 20, 14, 15, 12, 11, 17, 7, 9, 16, 19, 10, 8]
[18, 20, 14, 15, 12, 11, 17, 7, 9, 16, 19, 10, 8]
[20, 14, 15, 12, 11, 17, 7, 9, 16, 19, 10, 8]
[14, 15, 12, 11, 17, 7, 9, 16, 19, 10, 8]
[15, 12, 11, 17, 7, 9, 16, 19, 10, 8]
[12, 11, 17, 7, 9, 16, 19, 10, 8]
[11, 17, 7, 9, 16, 19, 10, 8]
[17, 7, 9, 16, 19, 10, 8]
[7, 9, 16, 19, 10, 8]
[9, 16, 19, 10, 8]
[16, 19, 10, 8]
[19, 10, 8]
[10, 8]
[8]
[2, 1, 3, 6, 4, 9, 11, 5, 13, 19, 12, 10, 15, 7, 8, 17, 16, 14, 20, 18]
[1, 3, 6, 4, 9, 11, 5, 13, 19, 12, 10, 15, 7, 8, 17, 16, 14, 20, 18]
[3, 6, 4, 9, 11, 5, 13, 19, 12, 10, 15, 7, 8, 17, 16, 14, 20, 18]
[6, 4, 9, 11, 5, 13, 19, 12, 10, 15, 7, 8, 17, 16, 14, 20, 18]
[4, 9, 11, 5, 13, 19, 12, 10, 15, 7, 8, 17, 16, 14, 20, 18]
[9, 11, 5, 13, 19, 12, 10, 15, 7, 8, 17, 16, 14, 20, 18]
[11, 5, 13, 19, 12, 10, 15, 7, 8, 17, 16, 14, 20, 18]
[5, 13, 19, 12, 10, 15, 7, 8, 17, 16, 14, 20, 18]
[13, 19, 12, 10, 15, 7, 8, 17, 16, 14, 20, 18]
[19, 12, 10, 15, 7, 8, 17, 16, 14, 20, 18]
[12, 10, 15, 7, 8, 17, 16, 14, 20, 18]
[10, 15, 7, 8, 17, 16, 14, 20, 18]
[15, 7, 8, 17, 16, 14, 20, 18]
[7, 8, 17, 16, 14, 20, 18]
[8, 17, 16, 14, 20, 18]
[17, 16, 14, 20, 18]
[16, 14, 20, 18]
[14, 20, 18]
[20, 18]
[18]
[14, 16, 12, 15, 11, 18, 17, 6, 20, 1, 3, 19, 8, 5, 13, 4, 10, 7, 2, 9]
[16, 12, 15, 11, 18, 17, 6, 20, 1, 3, 19, 8, 5, 13, 4, 10, 7, 2, 9]
[12, 15, 11, 18, 17, 6, 20, 1, 3, 19, 8, 5, 13, 4, 10, 7, 2, 9]
[15, 11, 18, 17, 6, 20, 1, 3, 19, 8, 5, 13, 4, 10, 7, 2, 9]
[11, 18, 17, 6, 20, 1, 3, 19, 8, 5, 13, 4, 10, 7, 2, 9]
[18, 17, 6, 20, 1, 3, 19, 8, 5, 13, 4, 10, 7, 2, 9]
[17, 6, 20, 1, 3, 19, 8, 5, 13, 4, 10, 7, 2, 9]
[6, 20, 1, 3, 19, 8, 5, 13, 4, 10, 7, 2, 9]
[20, 1, 3, 19, 8, 5, 13, 4, 10, 7, 2, 9]
[1, 3, 19, 8, 5, 13, 4, 10, 7, 2, 9]
[3, 19, 8, 5, 13, 4, 10, 7, 2, 9]
[19, 8, 5, 13, 4, 10, 7, 2, 9]
[8, 5, 13, 4, 10, 7, 2, 9]
[5, 13, 4, 10, 7, 2, 9]
[13, 4, 10, 7, 2, 9]
[4, 10, 7, 2, 9]
[10, 7, 2, 9]
[7, 2, 9]
[2, 9]
[9]
[1, 2, 4, 5, 3, 6, 11, 13, 16, 15, 17, 14, 18, 19, 20, 12, 8, 7, 10, 9]
[2, 4, 5, 3, 6, 11, 13, 16, 15, 17, 14, 18, 19, 20, 12, 8, 7, 10, 9]
[4, 5, 3, 6, 11, 13, 16, 15, 17, 14, 18, 19, 20, 12, 8, 7, 10, 9]
[5, 3, 6, 11, 13, 16, 15, 17, 14, 18, 19, 20, 12, 8, 7, 10, 9]
[3, 6, 11, 13, 16, 15, 17, 14, 18, 19, 20, 12, 8, 7, 10, 9]
[6, 11, 13, 16, 15, 17, 14, 18, 19, 20, 12, 8, 7, 10, 9]
[11, 13, 16, 15, 17, 14, 18, 19, 20, 12, 8, 7, 10, 9]
[13, 16, 15, 17, 14, 18, 19, 20, 12, 8, 7, 10, 9]
[16, 15, 17, 14, 18, 19, 20, 12, 8, 7, 10, 9]
[15, 17, 14, 18, 19, 20, 12, 8, 7, 10, 9]
[17, 14, 18, 19, 20, 12, 8, 7, 10, 9]
[14, 18, 19, 20, 12, 8, 7, 10, 9]
[18, 19, 20, 12, 8, 7, 10, 9]
[19, 20, 12, 8, 7, 10, 9]
[20, 12, 8, 7, 10, 9]
[12, 8, 7, 10, 9]
[8, 7, 10, 9]
[7, 10, 9]
[10, 9]
[9]
[6, 4, 5, 13, 2, 12, 19, 8, 9, 10, 11, 15, 16, 14, 7, 20, 18, 3, 1, 17]
[4, 5, 13, 2, 12, 19, 8, 9, 10, 11, 15, 16, 14, 7, 20, 18, 3, 1, 17]
[5, 13, 2, 12, 19, 8, 9, 10, 11, 15, 16, 14, 7, 20, 18, 3, 1, 17]
[13, 2, 12, 19, 8, 9, 10, 11, 15, 16, 14, 7, 20, 18, 3, 1, 17]
[2, 12, 19, 8, 9, 10, 11, 15, 16, 14, 7, 20, 18, 3, 1, 17]
[12, 19, 8, 9, 10, 11, 15, 16, 14, 7, 20, 18, 3, 1, 17]
[19, 8, 9, 10, 11, 15, 16, 14, 7, 20, 18, 3, 1, 17]
[8, 9, 10, 11, 15, 16, 14, 7, 20, 18, 3, 1, 17]
[9, 10, 11, 15, 16, 14, 7, 20, 18, 3, 1, 17]
[10, 11, 15, 16, 14, 7, 20, 18, 3, 1, 17]
[11, 15, 16, 14, 7, 20, 18, 3, 1, 17]
[15, 16, 14, 7, 20, 18, 3, 1, 17]
[16, 14, 7, 20, 18, 3, 1, 17]
[14, 7, 20, 18, 3, 1, 17]
[7, 20, 18, 3, 1, 17]
[20, 18, 3, 1, 17]
[18, 3, 1, 17]
[3, 1, 17]
[1, 17]
[17]
[12, 11, 13, 17, 14, 4, 18, 6, 20, 1, 16, 3, 15, 8, 9, 2, 19, 5, 7, 10]
[11, 13, 17, 14, 4, 18, 6, 20, 1, 16, 3, 15, 8, 9, 2, 19, 5, 7, 10]
[13, 17, 14, 4, 18, 6, 20, 1, 16, 3, 15, 8, 9, 2, 19, 5, 7, 10]
[17, 14, 4, 18, 6, 20, 1, 16, 3, 15, 8, 9, 2, 19, 5, 7, 10]
[14, 4, 18, 6, 20, 1, 16, 3, 15, 8, 9, 2, 19, 5, 7, 10]
[4, 18, 6, 20, 1, 16, 3, 15, 8, 9, 2, 19, 5, 7, 10]
[18, 6, 20, 1, 16, 3, 15, 8, 9, 2, 19, 5, 7, 10]
[6, 20, 1, 16, 3, 15, 8, 9, 2, 19, 5, 7, 10]
[20, 1, 16, 3, 15, 8, 9, 2, 19, 5, 7, 10]
[1, 16, 3, 15, 8, 9, 2, 19, 5, 7, 10]
[16, 3, 15, 8, 9, 2, 19, 5, 7, 10]
[3, 15, 8, 9, 2, 19, 5, 7, 10]
[15, 8, 9, 2, 19, 5, 7, 10]
[8, 9, 2, 19, 5, 7, 10]
[9, 2, 19, 5, 7, 10]
[2, 19, 5, 7, 10]
[19, 5, 7, 10]
[5, 7, 10]
[7, 10]
[10]
[1, 2, 3, 6, 18, 19, 4, 11, 13, 5, 7, 9, 10, 14, 15, 16, 17, 12, 20, 8]
[2, 3, 6, 18, 19, 4, 11, 13, 5, 7, 9, 10, 14, 15, 16, 17, 12, 20, 8]
[3, 6, 18, 19, 4, 11, 13, 5, 7, 9, 10, 14, 15, 16, 17, 12, 20, 8]
[6, 18, 19, 4, 11, 13, 5, 7, 9, 10, 14, 15, 16, 17, 12, 20, 8]
[18, 19, 4, 11, 13, 5, 7, 9, 10, 14, 15, 16, 17, 12, 20, 8]
[19, 4, 11, 13, 5, 7, 9, 10, 14, 15, 16, 17, 12, 20, 8]
[4, 11, 13, 5, 7, 9, 10, 14, 15, 16, 17, 12, 20, 8]
[11, 13, 5, 7, 9, 10, 14, 15, 16, 17, 12, 20, 8]
[13, 5, 7, 9, 10, 14, 15, 16, 17, 12, 20, 8]
[5, 7, 9, 10, 14, 15, 16, 17, 12, 20, 8]
[7, 9, 10, 14, 15, 16, 17, 12, 20, 8]
[9, 10, 14, 15, 16, 17, 12, 20, 8]
[10, 14, 15, 16, 17, 12, 20, 8]
[14, 15, 16, 17, 12, 20, 8]
[15, 16, 17, 12, 20, 8]
[16, 17, 12, 20, 8]
[17, 12, 20, 8]
[12, 20, 8]
[20, 8]
[8]
[6, 11, 12, 19, 20, 18, 13, 2, 15, 16, 14, 3, 8, 1, 5, 4, 10, 9, 7, 17]
[11, 12, 19, 20, 18, 13, 2, 15, 16, 14, 3, 8, 1, 5, 4, 10, 9, 7, 17]
[12, 19, 20, 18, 13, 2, 15, 16, 14, 3, 8, 1, 5, 4, 10, 9, 7, 17]
[19, 20, 18, 13, 2, 15, 16, 14, 3, 8, 1, 5, 4, 10, 9, 7, 17]
[20, 18, 13, 2, 15, 16, 14, 3, 8, 1, 5, 4, 10, 9, 7, 17]
[18, 13, 2, 15, 16, 14, 3, 8, 1, 5, 4, 10, 9, 7, 17]
[13, 2, 15, 16, 14, 3, 8, 1, 5, 4, 10, 9, 7, 17]
[2, 15, 16, 14, 3, 8, 1, 5, 4, 10, 9, 7, 17]
[15, 16, 14, 3, 8, 1, 5, 4, 10, 9, 7, 17]
[16, 14, 3, 8, 1, 5, 4, 10, 9, 7, 17]
[14, 3, 8, 1, 5, 4, 10, 9, 7, 17]
[3, 8, 1, 5, 4, 10, 9, 7, 17]
[8, 1, 5, 4, 10, 9, 7, 17]
[1, 5, 4, 10, 9, 7, 17]
[5, 4, 10, 9, 7, 17]
[4, 10, 9, 7, 17]
[10, 9, 7, 17]
[9, 7, 17]
[7, 17]
[17]
[1, 2, 3, 5, 4, 6, 19, 14, 18, 15, 13, 16, 17, 12, 11, 8, 7, 9, 20, 10]
[2, 3, 5, 4, 6, 19, 14, 18, 15, 13, 16, 17, 12, 11, 8, 7, 9, 20, 10]
[3, 5, 4, 6, 19, 14, 18, 15, 13, 16, 17, 12, 11, 8, 7, 9, 20, 10]
[5, 4, 6, 19, 14, 18, 15, 13, 16, 17, 12, 11, 8, 7, 9, 20, 10]
[4, 6, 19, 14, 18, 15, 13, 16, 17, 12, 11, 8, 7, 9, 20, 10]
[6, 19, 14, 18, 15, 13, 16, 17, 12, 11, 8, 7, 9, 20, 10]
[19, 14, 18, 15, 13, 16, 17, 12, 11, 8, 7, 9, 20, 10]
[14, 18, 15, 13, 16, 17, 12, 11, 8, 7, 9, 20, 10]
[18, 15, 13, 16, 17, 12, 11, 8, 7, 9, 20, 10]
[15, 13, 16, 17, 12, 11, 8, 7, 9, 20, 10]
[13, 16, 17, 12, 11, 8, 7, 9, 20, 10]
[16, 17, 12, 11, 8, 7, 9, 20, 10]
[17, 12, 11, 8, 7, 9, 20, 10]
[12, 11, 8, 7, 9, 20, 10]
[11, 8, 7, 9, 20, 10]
[8, 7, 9, 20, 10]
[7, 9, 20, 10]
[9, 20, 10]
[20, 10]
[10]
[1, 6, 3, 11, 13, 18, 2, 19, 20, 4, 5, 14, 16, 12, 7, 9, 10, 8, 17, 15]
[6, 3, 11, 13, 18, 2, 19, 20, 4, 5, 14, 16, 12, 7, 9, 10, 8, 17, 15]
[3, 11, 13, 18, 2, 19, 20, 4, 5, 14, 16, 12, 7, 9, 10, 8, 17, 15]
[11, 13, 18, 2, 19, 20, 4, 5, 14, 16, 12, 7, 9, 10, 8, 17, 15]
[13, 18, 2, 19, 20, 4, 5, 14, 16, 12, 7, 9, 10, 8, 17, 15]
[18, 2, 19, 20, 4, 5, 14, 16, 12, 7, 9, 10, 8, 17, 15]
[2, 19, 20, 4, 5, 14, 16, 12, 7, 9, 10, 8, 17, 15]
[19, 20, 4, 5, 14, 16, 12, 7, 9, 10, 8, 17, 15]
[20, 4, 5, 14, 16, 12, 7, 9, 10, 8, 17, 15]
[4, 5, 14, 16, 12, 7, 9, 10, 8, 17, 15]
[5, 14, 16, 12, 7, 9, 10, 8, 17, 15]
[14, 16, 12, 7, 9, 10, 8, 17, 15]
[16, 12, 7, 9, 10, 8, 17, 15]
[12, 7, 9, 10, 8, 17, 15]
[7, 9, 10, 8, 17, 15]
[9, 10, 8, 17, 15]
[10, 8, 17, 15]
[8, 17, 15]
[17, 15]
[15]
[1, 2, 4, 5, 3, 6, 11, 13, 14, 15, 12, 16, 17, 20, 8, 9, 19, 10, 18, 7]
[2, 4, 5, 3, 6, 11, 13, 14, 15, 12, 16, 17, 20, 8, 9, 19, 10, 18, 7]
[4, 5, 3, 6, 11, 13, 14, 15, 12, 16, 17, 20, 8, 9, 19, 10, 18, 7]
[5, 3, 6, 11, 13, 14, 15, 12, 16, 17, 20, 8, 9, 19, 10, 18, 7]
[3, 6, 11, 13, 14, 15, 12, 16, 17, 20, 8, 9, 19, 10, 18, 7]
[6, 11, 13, 14, 15, 12, 16, 17, 20, 8, 9, 19, 10, 18, 7]
[11, 13, 14, 15, 12, 16, 17, 20, 8, 9, 19, 10, 18, 7]
[13, 14, 15, 12, 16, 17, 20, 8, 9, 19, 10, 18, 7]
[14, 15, 12, 16, 17, 20, 8, 9, 19, 10, 18, 7]
[15, 12, 16, 17, 20, 8, 9, 19, 10, 18, 7]
[12, 16, 17, 20, 8, 9, 19, 10, 18, 7]
[16, 17, 20, 8, 9, 19, 10, 18, 7]
[17, 20, 8, 9, 19, 10, 18, 7]
[20, 8, 9, 19, 10, 18, 7]
[8, 9, 19, 10, 18, 7]
[9, 19, 10, 18, 7]
[19, 10, 18, 7]
[10, 18, 7]
[18, 7]
[7]
[1, 3, 2, 5, 4, 6, 12, 14, 11, 17, 18, 20, 13, 7, 8, 9, 19, 15, 16, 10]
[3, 2, 5, 4, 6, 12, 14, 11, 17, 18, 20, 13, 7, 8, 9, 19, 15, 16, 10]
[2, 5, 4, 6, 12, 14, 11, 17, 18, 20, 13, 7, 8, 9, 19, 15, 16, 10]
[5, 4, 6, 12, 14, 11, 17, 18, 20, 13, 7, 8, 9, 19, 15, 16, 10]
[4, 6, 12, 14, 11, 17, 18, 20, 13, 7, 8, 9, 19, 15, 16, 10]
[6, 12, 14, 11, 17, 18, 20, 13, 7, 8, 9, 19, 15, 16, 10]
[12, 14, 11, 17, 18, 20, 13, 7, 8, 9, 19, 15, 16, 10]
[14, 11, 17, 18, 20, 13, 7, 8, 9, 19, 15, 16, 10]
[11, 17, 18, 20, 13, 7, 8, 9, 19, 15, 16, 10]
[17, 18, 20, 13, 7, 8, 9, 19, 15, 16, 10]
[18, 20, 13, 7, 8, 9, 19, 15, 16, 10]
[20, 13, 7, 8, 9, 19, 15, 16, 10]
[13, 7, 8, 9, 19, 15, 16, 10]
[7, 8, 9, 19, 15, 16, 10]
[8, 9, 19, 15, 16, 10]
[9, 19, 15, 16, 10]
[19, 15, 16, 10]
[15, 16, 10]
[16, 10]
[10]
[1, 4, 5, 7, 3, 2, 9, 10, 20, 19, 18, 13, 8, 14, 6, 17, 12, 11, 16, 15]
[4, 5, 7, 3, 2, 9, 10, 20, 19, 18, 13, 8, 14, 6, 17, 12, 11, 16, 15]
[5, 7, 3, 2, 9, 10, 20, 19, 18, 13, 8, 14, 6, 17, 12, 11, 16, 15]
[7, 3, 2, 9, 10, 20, 19, 18, 13, 8, 14, 6, 17, 12, 11, 16, 15]
[3, 2, 9, 10, 20, 19, 18, 13, 8, 14, 6, 17, 12, 11, 16, 15]
[2, 9, 10, 20, 19, 18, 13, 8, 14, 6, 17, 12, 11, 16, 15]
[9, 10, 20, 19, 18, 13, 8, 14, 6, 17, 12, 11, 16, 15]
[10, 20, 19, 18, 13, 8, 14, 6, 17, 12, 11, 16, 15]
[20, 19, 18, 13, 8, 14, 6, 17, 12, 11, 16, 15]
[19, 18, 13, 8, 14, 6, 17, 12, 11, 16, 15]
[18, 13, 8, 14, 6, 17, 12, 11, 16, 15]
[13, 8, 14, 6, 17, 12, 11, 16, 15]
[8, 14, 6, 17, 12, 11, 16, 15]
[14, 6, 17, 12, 11, 16, 15]
[6, 17, 12, 11, 16, 15]
[17, 12, 11, 16, 15]
[12, 11, 16, 15]
[11, 16, 15]
[16, 15]
[15]
]]></system-out>
  <system-err><![CDATA[[2022-04-22 21:56:56] [INFO] start reader 
[2022-04-22 21:56:56] [INFO] start writer 
[2022-04-22 21:56:56] [INFO] start writer 
[2022-04-22 21:56:56] [INFO] start writer 
[2022-04-22 21:56:56] [INFO] start writer 
[2022-04-22 21:56:56] [INFO] writer try send [7, 8, 9, 10] 
[2022-04-22 21:56:56] [INFO] start writer 
[2022-04-22 21:56:56] [INFO] writer send [7, 8, 9, 10] 
[2022-04-22 21:56:56] [INFO] writer try send [14, 15, 16, 17] 
[2022-04-22 21:56:56] [INFO] writer try send [6] 
[2022-04-22 21:56:56] [INFO] writer try send [4, 5] 
[2022-04-22 21:56:56] [INFO] writer try send [1, 2, 3] 
[2022-04-22 21:56:56] [INFO] writer send [6] 
[2022-04-22 21:56:56] [INFO] writer try send [18, 19, 20] 
[2022-04-22 21:56:56] [INFO] writer try send [11, 12, 13] 
[2022-04-22 21:56:56] [INFO] start reader 
[2022-04-22 21:56:56] [INFO] start reader 
[2022-04-22 21:56:56] [INFO] start reader 
[2022-04-22 21:56:56] [INFO] start reader 
[2022-04-22 21:56:56] [INFO] start get result 
[2022-04-22 21:56:56] [INFO] writer send [4, 5] 
[2022-04-22 21:56:56] [INFO] start get result 
[2022-04-22 21:56:56] [INFO] end get result 6 
[2022-04-22 21:56:56] [INFO] start get result 
[2022-04-22 21:56:56] [INFO] end get result 10 
[2022-04-22 21:56:56] [INFO] reader get 10 
[2022-04-22 21:56:56] [INFO] start get result 
[2022-04-22 21:56:56] [INFO] end get result 9 
[2022-04-22 21:56:56] [INFO] reader get 9 
[2022-04-22 21:56:56] [INFO] start get result 
[2022-04-22 21:56:56] [INFO] end get result 8 
[2022-04-22 21:56:56] [INFO] start get result 
[2022-04-22 21:56:56] [INFO] end get result 5 
[2022-04-22 21:56:56] [INFO] reader get 5 
[2022-04-22 21:56:56] [INFO] start get result 
[2022-04-22 21:56:56] [INFO] writer send [11, 12, 13] 
[2022-04-22 21:56:56] [INFO] end writer 
[2022-04-22 21:56:56] [INFO] start get result 
[2022-04-22 21:56:56] [INFO] end get result 4 
[2022-04-22 21:56:56] [INFO] reader get 4 
[2022-04-22 21:56:56] [INFO] reader get 6 
[2022-04-22 21:56:56] [INFO] writer send [18, 19, 20] 
[2022-04-22 21:56:56] [INFO] end writer 
[2022-04-22 21:56:56] [INFO] end writer 
[2022-04-22 21:56:56] [INFO] end get result 7 
[2022-04-22 21:56:56] [INFO] start get result 
[2022-04-22 21:56:56] [INFO] end get result 20 
[2022-04-22 21:56:56] [INFO] reader get 20 
[2022-04-22 21:56:56] [INFO] start get result 
[2022-04-22 21:56:56] [INFO] end get result 11 
[2022-04-22 21:56:56] [INFO] reader get 11 
[2022-04-22 21:56:56] [INFO] start get result 
[2022-04-22 21:56:56] [INFO] end get result 19 
[2022-04-22 21:56:56] [INFO] end get result 18 
[2022-04-22 21:56:56] [INFO] reader get 18 
[2022-04-22 21:56:56] [INFO] reader get 8 
[2022-04-22 21:56:56] [INFO] start get result 
[2022-04-22 21:56:56] [INFO] end get result 13 
[2022-04-22 21:56:56] [INFO] reader get 13 
[2022-04-22 21:56:56] [INFO] reader get 19 
[2022-04-22 21:56:56] [INFO] start get result 
[2022-04-22 21:56:56] [INFO] end get result 3 
[2022-04-22 21:56:56] [INFO] reader get 3 
[2022-04-22 21:56:56] [INFO] start get result 
[2022-04-22 21:56:56] [INFO] end get result 14 
[2022-04-22 21:56:56] [INFO] reader get 14 
[2022-04-22 21:56:56] [INFO] start get result 
[2022-04-22 21:56:56] [INFO] end get result 15 
[2022-04-22 21:56:56] [INFO] reader get 15 
[2022-04-22 21:56:56] [INFO] start get result 
[2022-04-22 21:56:56] [INFO] end get result 16 
[2022-04-22 21:56:56] [INFO] reader get 16 
[2022-04-22 21:56:56] [INFO] start get result 
[2022-04-22 21:56:56] [INFO] end get result 17 
[2022-04-22 21:56:56] [INFO] reader get 17 
[2022-04-22 21:56:56] [INFO] start get result 
[2022-04-22 21:56:56] [INFO] writer send [1, 2, 3] 
[2022-04-22 21:56:56] [INFO] end writer 
[2022-04-22 21:56:56] [INFO] start get result 
[2022-04-22 21:56:56] [INFO] end get result 12 
[2022-04-22 21:56:56] [INFO] reader get 12 
[2022-04-22 21:56:56] [INFO] start get result 
[2022-04-22 21:56:56] [INFO] reader get 7 
[2022-04-22 21:56:56] [INFO] start get result 
[2022-04-22 21:56:56] [INFO] writer send [14, 15, 16, 17] 
[2022-04-22 21:56:56] [INFO] start get result 
[2022-04-22 21:56:56] [INFO] start get result 
[2022-04-22 21:56:56] [INFO] end get result 1 
[2022-04-22 21:56:56] [INFO] end get result 2 
[2022-04-22 21:56:56] [INFO] reader get 2 
[2022-04-22 21:56:56] [INFO] start get result 
[2022-04-22 21:56:56] [INFO] end writer 
[2022-04-22 21:56:56] [INFO] reader get 1 
[2022-04-22 21:56:56] [INFO] start get result 
Exception in thread "Thread-61323" java.util.concurrent.TimeoutException
	at serie1.Ex4.BlockingMessageQueueFuture$MyFuture.get(BlockingMessageQueueFuture.kt:222)
	at serie1.ex4.FutureTest$blocking_message_multiple_send_receive$2$thread$1.invoke(BlockingMessageQueueWithFutureTest.kt:179)
	at serie1.ex4.FutureTest$blocking_message_multiple_send_receive$2$thread$1.invoke(BlockingMessageQueueWithFutureTest.kt:169)
	at kotlin.concurrent.ThreadsKt$thread$thread$1.run(Thread.kt:30)
Exception in thread "Thread-61324" java.util.concurrent.TimeoutException
	at serie1.Ex4.BlockingMessageQueueFuture$MyFuture.get(BlockingMessageQueueFuture.kt:222)
	at serie1.ex4.FutureTest$blocking_message_multiple_send_receive$2$thread$1.invoke(BlockingMessageQueueWithFutureTest.kt:179)
	at serie1.ex4.FutureTest$blocking_message_multiple_send_receive$2$thread$1.invoke(BlockingMessageQueueWithFutureTest.kt:169)
	at kotlin.concurrent.ThreadsKt$thread$thread$1.run(Thread.kt:30)
Exception in thread "Thread-61322" java.util.concurrent.TimeoutException
	at serie1.Ex4.BlockingMessageQueueFuture$MyFuture.get(BlockingMessageQueueFuture.kt:222)
	at serie1.ex4.FutureTest$blocking_message_multiple_send_receive$2$thread$1.invoke(BlockingMessageQueueWithFutureTest.kt:179)
	at serie1.ex4.FutureTest$blocking_message_multiple_send_receive$2$thread$1.invoke(BlockingMessageQueueWithFutureTest.kt:169)
	at kotlin.concurrent.ThreadsKt$thread$thread$1.run(Thread.kt:30)
Exception in thread "Thread-61320" java.util.concurrent.TimeoutException
	at serie1.Ex4.BlockingMessageQueueFuture$MyFuture.get(BlockingMessageQueueFuture.kt:222)
	at serie1.ex4.FutureTest$blocking_message_multiple_send_receive$2$thread$1.invoke(BlockingMessageQueueWithFutureTest.kt:179)
	at serie1.ex4.FutureTest$blocking_message_multiple_send_receive$2$thread$1.invoke(BlockingMessageQueueWithFutureTest.kt:169)
	at kotlin.concurrent.ThreadsKt$thread$thread$1.run(Thread.kt:30)
Exception in thread "Thread-61321" java.util.concurrent.TimeoutException
	at serie1.Ex4.BlockingMessageQueueFuture$MyFuture.get(BlockingMessageQueueFuture.kt:222)
	at serie1.ex4.FutureTest$blocking_message_multiple_send_receive$2$thread$1.invoke(BlockingMessageQueueWithFutureTest.kt:179)
	at serie1.ex4.FutureTest$blocking_message_multiple_send_receive$2$thread$1.invoke(BlockingMessageQueueWithFutureTest.kt:169)
	at kotlin.concurrent.ThreadsKt$thread$thread$1.run(Thread.kt:30)
[2022-04-22 21:56:58] [INFO] start writer 
[2022-04-22 21:56:58] [INFO] start writer 
[2022-04-22 21:56:58] [INFO] writer try send [4, 5] 
[2022-04-22 21:56:58] [INFO] start reader 
[2022-04-22 21:56:58] [INFO] start writer 
[2022-04-22 21:56:58] [INFO] writer try send [6] 
[2022-04-22 21:56:58] [INFO] writer send [6] 
[2022-04-22 21:56:58] [INFO] writer try send [7, 8, 9, 10] 
[2022-04-22 21:56:58] [INFO] start reader 
[2022-04-22 21:56:58] [INFO] start writer 
[2022-04-22 21:56:58] [INFO] start reader 
[2022-04-22 21:56:58] [INFO] writer send [4, 5] 
[2022-04-22 21:56:58] [INFO] writer try send [14, 15, 16, 17] 
[2022-04-22 21:56:58] [INFO] start writer 
[2022-04-22 21:56:58] [INFO] writer try send [18, 19, 20] 
[2022-04-22 21:56:58] [INFO] writer try send [1, 2, 3] 
[2022-04-22 21:56:58] [INFO] start get result 
[2022-04-22 21:56:58] [INFO] end get result 6 
[2022-04-22 21:56:58] [INFO] reader get 6 
[2022-04-22 21:56:58] [INFO] start get result 
[2022-04-22 21:56:58] [INFO] start reader 
[2022-04-22 21:56:58] [INFO] writer send [7, 8, 9, 10] 
[2022-04-22 21:56:58] [INFO] end writer 
[2022-04-22 21:56:58] [INFO] writer try send [11, 12, 13] 
[2022-04-22 21:56:58] [INFO] start get result 
[2022-04-22 21:56:58] [INFO] end get result 4 
[2022-04-22 21:56:58] [INFO] reader get 4 
[2022-04-22 21:56:58] [INFO] start get result 
[2022-04-22 21:56:58] [INFO] end get result 9 
[2022-04-22 21:56:58] [INFO] reader get 9 
[2022-04-22 21:56:58] [INFO] start reader 
[2022-04-22 21:56:58] [INFO] writer send [11, 12, 13] 
[2022-04-22 21:56:58] [INFO] end writer 
[2022-04-22 21:56:58] [INFO] end get result 5 
[2022-04-22 21:56:58] [INFO] writer send [18, 19, 20] 
[2022-04-22 21:56:58] [INFO] end writer 
[2022-04-22 21:56:58] [INFO] start get result 
[2022-04-22 21:56:58] [INFO] end get result 7 
[2022-04-22 21:56:58] [INFO] start get result 
[2022-04-22 21:56:58] [INFO] end get result 18 
[2022-04-22 21:56:58] [INFO] reader get 18 
[2022-04-22 21:56:58] [INFO] start get result 
[2022-04-22 21:56:58] [INFO] end get result 19 
[2022-04-22 21:56:58] [INFO] reader get 19 
[2022-04-22 21:56:58] [INFO] start get result 
[2022-04-22 21:56:58] [INFO] end get result 20 
[2022-04-22 21:56:58] [INFO] reader get 20 
[2022-04-22 21:56:58] [INFO] start get result 
[2022-04-22 21:56:58] [INFO] end get result 11 
[2022-04-22 21:56:58] [INFO] reader get 11 
[2022-04-22 21:56:58] [INFO] start get result 
[2022-04-22 21:56:58] [INFO] end get result 12 
[2022-04-22 21:56:58] [INFO] reader get 12 
[2022-04-22 21:56:58] [INFO] start get result 
[2022-04-22 21:56:58] [INFO] end get result 13 
[2022-04-22 21:56:58] [INFO] reader get 13 
[2022-04-22 21:56:58] [INFO] start get result 
[2022-04-22 21:56:58] [INFO] end get result 1 
[2022-04-22 21:56:58] [INFO] reader get 5 
[2022-04-22 21:56:58] [INFO] start get result 
[2022-04-22 21:56:58] [INFO] end get result 2 
[2022-04-22 21:56:58] [INFO] reader get 2 
[2022-04-22 21:56:58] [INFO] start get result 
[2022-04-22 21:56:58] [INFO] end get result 10 
[2022-04-22 21:56:58] [INFO] reader get 10 
[2022-04-22 21:56:58] [INFO] start get result 
[2022-04-22 21:56:58] [INFO] end get result 14 
[2022-04-22 21:56:58] [INFO] reader get 14 
[2022-04-22 21:56:58] [INFO] start get result 
[2022-04-22 21:56:58] [INFO] end get result 15 
[2022-04-22 21:56:58] [INFO] reader get 15 
[2022-04-22 21:56:58] [INFO] start get result 
[2022-04-22 21:56:58] [INFO] end get result 16 
[2022-04-22 21:56:58] [INFO] reader get 16 
[2022-04-22 21:56:58] [INFO] start get result 
[2022-04-22 21:56:58] [INFO] end get result 17 
[2022-04-22 21:56:58] [INFO] reader get 17 
[2022-04-22 21:56:58] [INFO] start get result 
[2022-04-22 21:56:58] [INFO] start get result 
[2022-04-22 21:56:58] [INFO] end get result 8 
[2022-04-22 21:56:58] [INFO] reader get 8 
[2022-04-22 21:56:58] [INFO] start get result 
[2022-04-22 21:56:58] [INFO] start get result 
[2022-04-22 21:56:58] [INFO] end get result 3 
[2022-04-22 21:56:58] [INFO] reader get 3 
[2022-04-22 21:56:58] [INFO] start get result 
[2022-04-22 21:56:58] [INFO] reader get 1 
[2022-04-22 21:56:58] [INFO] start get result 
[2022-04-22 21:56:58] [INFO] writer send [14, 15, 16, 17] 
[2022-04-22 21:56:58] [INFO] end writer 
[2022-04-22 21:56:58] [INFO] writer send [1, 2, 3] 
[2022-04-22 21:56:58] [INFO] end writer 
[2022-04-22 21:56:58] [INFO] reader get 7 
[2022-04-22 21:56:58] [INFO] start get result 
Exception in thread "Thread-61331" java.util.concurrent.TimeoutException
	at serie1.Ex4.BlockingMessageQueueFuture$MyFuture.get(BlockingMessageQueueFuture.kt:222)
	at serie1.ex4.FutureTest$blocking_message_multiple_send_receive$2$thread$1.invoke(BlockingMessageQueueWithFutureTest.kt:179)
	at serie1.ex4.FutureTest$blocking_message_multiple_send_receive$2$thread$1.invoke(BlockingMessageQueueWithFutureTest.kt:169)
	at kotlin.concurrent.ThreadsKt$thread$thread$1.run(Thread.kt:30)
Exception in thread "Thread-61332" java.util.concurrent.TimeoutException
	at serie1.Ex4.BlockingMessageQueueFuture$MyFuture.get(BlockingMessageQueueFuture.kt:222)
	at serie1.ex4.FutureTest$blocking_message_multiple_send_receive$2$thread$1.invoke(BlockingMessageQueueWithFutureTest.kt:179)
	at serie1.ex4.FutureTest$blocking_message_multiple_send_receive$2$thread$1.invoke(BlockingMessageQueueWithFutureTest.kt:169)
	at kotlin.concurrent.ThreadsKt$thread$thread$1.run(Thread.kt:30)
Exception in thread "Thread-61333" java.util.concurrent.TimeoutException
	at serie1.Ex4.BlockingMessageQueueFuture$MyFuture.get(BlockingMessageQueueFuture.kt:222)
	at serie1.ex4.FutureTest$blocking_message_multiple_send_receive$2$thread$1.invoke(BlockingMessageQueueWithFutureTest.kt:179)
	at serie1.ex4.FutureTest$blocking_message_multiple_send_receive$2$thread$1.invoke(BlockingMessageQueueWithFutureTest.kt:169)
	at kotlin.concurrent.ThreadsKt$thread$thread$1.run(Thread.kt:30)
Exception in thread "Thread-61335" java.util.concurrent.TimeoutException
	at serie1.Ex4.BlockingMessageQueueFuture$MyFuture.get(BlockingMessageQueueFuture.kt:222)
	at serie1.ex4.FutureTest$blocking_message_multiple_send_receive$2$thread$1.invoke(BlockingMessageQueueWithFutureTest.kt:179)
	at serie1.ex4.FutureTest$blocking_message_multiple_send_receive$2$thread$1.invoke(BlockingMessageQueueWithFutureTest.kt:169)
	at kotlin.concurrent.ThreadsKt$thread$thread$1.run(Thread.kt:30)
Exception in thread "Thread-61334" java.util.concurrent.TimeoutException
	at serie1.Ex4.BlockingMessageQueueFuture$MyFuture.get(BlockingMessageQueueFuture.kt:222)
	at serie1.ex4.FutureTest$blocking_message_multiple_send_receive$2$thread$1.invoke(BlockingMessageQueueWithFutureTest.kt:179)
	at serie1.ex4.FutureTest$blocking_message_multiple_send_receive$2$thread$1.invoke(BlockingMessageQueueWithFutureTest.kt:169)
	at kotlin.concurrent.ThreadsKt$thread$thread$1.run(Thread.kt:30)
[2022-04-22 21:57:00] [INFO] start reader 
[2022-04-22 21:57:00] [INFO] start writer 
[2022-04-22 21:57:00] [INFO] start reader 
[2022-04-22 21:57:00] [INFO] start writer 
[2022-04-22 21:57:00] [INFO] writer try send [4, 5] 
[2022-04-22 21:57:00] [INFO] start writer 
[2022-04-22 21:57:00] [INFO] writer try send [6] 
[2022-04-22 21:57:00] [INFO] writer send [6] 
[2022-04-22 21:57:00] [INFO] writer try send [7, 8, 9, 10] 
[2022-04-22 21:57:00] [INFO] writer send [7, 8, 9, 10] 
[2022-04-22 21:57:00] [INFO] writer try send [11, 12, 13] 
[2022-04-22 21:57:00] [INFO] start get result 
[2022-04-22 21:57:00] [INFO] end get result 5 
[2022-04-22 21:57:00] [INFO] reader get 5 
[2022-04-22 21:57:00] [INFO] start get result 
[2022-04-22 21:57:00] [INFO] end get result 6 
[2022-04-22 21:57:00] [INFO] reader get 6 
[2022-04-22 21:57:00] [INFO] start get result 
[2022-04-22 21:57:00] [INFO] end get result 7 
[2022-04-22 21:57:00] [INFO] reader get 7 
[2022-04-22 21:57:00] [INFO] start get result 
[2022-04-22 21:57:00] [INFO] end get result 8 
[2022-04-22 21:57:00] [INFO] writer try send [1, 2, 3] 
[2022-04-22 21:57:00] [INFO] reader get 8 
[2022-04-22 21:57:00] [INFO] writer send [11, 12, 13] 
[2022-04-22 21:57:00] [INFO] writer try send [14, 15, 16, 17] 
[2022-04-22 21:57:00] [INFO] start get result 
[2022-04-22 21:57:00] [INFO] end get result 4 
[2022-04-22 21:57:00] [INFO] reader get 4 
[2022-04-22 21:57:00] [INFO] start get result 
[2022-04-22 21:57:00] [INFO] end get result 10 
[2022-04-22 21:57:00] [INFO] reader get 10 
[2022-04-22 21:57:00] [INFO] start get result 
[2022-04-22 21:57:00] [INFO] start writer 
[2022-04-22 21:57:00] [INFO] writer try send [18, 19, 20] 
[2022-04-22 21:57:00] [INFO] start writer 
[2022-04-22 21:57:00] [INFO] end writer 
[2022-04-22 21:57:00] [INFO] writer send [4, 5] 
[2022-04-22 21:57:00] [INFO] end writer 
[2022-04-22 21:57:00] [INFO] start reader 
[2022-04-22 21:57:00] [INFO] end get result 11 
[2022-04-22 21:57:00] [INFO] writer send [1, 2, 3] 
[2022-04-22 21:57:00] [INFO] end writer 
[2022-04-22 21:57:00] [INFO] start reader 
[2022-04-22 21:57:00] [INFO] start get result 
[2022-04-22 21:57:00] [INFO] end get result 9 
[2022-04-22 21:57:00] [INFO] reader get 9 
[2022-04-22 21:57:00] [INFO] reader get 11 
[2022-04-22 21:57:00] [INFO] start get result 
[2022-04-22 21:57:00] [INFO] writer send [18, 19, 20] 
[2022-04-22 21:57:00] [INFO] end writer 
[2022-04-22 21:57:00] [INFO] start get result 
[2022-04-22 21:57:00] [INFO] end get result 2 
[2022-04-22 21:57:00] [INFO] reader get 2 
[2022-04-22 21:57:00] [INFO] start get result 
[2022-04-22 21:57:00] [INFO] end get result 3 
[2022-04-22 21:57:00] [INFO] reader get 3 
[2022-04-22 21:57:00] [INFO] start get result 
[2022-04-22 21:57:00] [INFO] end get result 18 
[2022-04-22 21:57:00] [INFO] reader get 18 
[2022-04-22 21:57:00] [INFO] start get result 
[2022-04-22 21:57:00] [INFO] end get result 19 
[2022-04-22 21:57:00] [INFO] reader get 19 
[2022-04-22 21:57:00] [INFO] start get result 
[2022-04-22 21:57:00] [INFO] end get result 20 
[2022-04-22 21:57:00] [INFO] reader get 20 
[2022-04-22 21:57:00] [INFO] start get result 
[2022-04-22 21:57:00] [INFO] end get result 14 
[2022-04-22 21:57:00] [INFO] reader get 14 
[2022-04-22 21:57:00] [INFO] start get result 
[2022-04-22 21:57:00] [INFO] end get result 15 
[2022-04-22 21:57:00] [INFO] reader get 15 
[2022-04-22 21:57:00] [INFO] start get result 
[2022-04-22 21:57:00] [INFO] end get result 16 
[2022-04-22 21:57:00] [INFO] reader get 16 
[2022-04-22 21:57:00] [INFO] start get result 
[2022-04-22 21:57:00] [INFO] end get result 17 
[2022-04-22 21:57:00] [INFO] reader get 17 
[2022-04-22 21:57:00] [INFO] start get result 
[2022-04-22 21:57:00] [INFO] start get result 
[2022-04-22 21:57:00] [INFO] end get result 12 
[2022-04-22 21:57:00] [INFO] start reader 
[2022-04-22 21:57:00] [INFO] reader get 12 
[2022-04-22 21:57:00] [INFO] writer send [14, 15, 16, 17] 
[2022-04-22 21:57:00] [INFO] end writer 
[2022-04-22 21:57:00] [INFO] start get result 
[2022-04-22 21:57:00] [INFO] end get result 1 
[2022-04-22 21:57:00] [INFO] reader get 1 
[2022-04-22 21:57:00] [INFO] start get result 
[2022-04-22 21:57:00] [INFO] end get result 13 
[2022-04-22 21:57:00] [INFO] start get result 
[2022-04-22 21:57:00] [INFO] start get result 
[2022-04-22 21:57:00] [INFO] reader get 13 
[2022-04-22 21:57:00] [INFO] start get result 
Exception in thread "Thread-61344" java.util.concurrent.TimeoutException
	at serie1.Ex4.BlockingMessageQueueFuture$MyFuture.get(BlockingMessageQueueFuture.kt:222)
	at serie1.ex4.FutureTest$blocking_message_multiple_send_receive$2$thread$1.invoke(BlockingMessageQueueWithFutureTest.kt:179)
	at serie1.ex4.FutureTest$blocking_message_multiple_send_receive$2$thread$1.invoke(BlockingMessageQueueWithFutureTest.kt:169)
	at kotlin.concurrent.ThreadsKt$thread$thread$1.run(Thread.kt:30)
Exception in thread "Thread-61342" java.util.concurrent.TimeoutException
	at serie1.Ex4.BlockingMessageQueueFuture$MyFuture.get(BlockingMessageQueueFuture.kt:222)
	at serie1.ex4.FutureTest$blocking_message_multiple_send_receive$2$thread$1.invoke(BlockingMessageQueueWithFutureTest.kt:179)
	at serie1.ex4.FutureTest$blocking_message_multiple_send_receive$2$thread$1.invoke(BlockingMessageQueueWithFutureTest.kt:169)
	at kotlin.concurrent.ThreadsKt$thread$thread$1.run(Thread.kt:30)
Exception in thread "Thread-61343" java.util.concurrent.TimeoutException
	at serie1.Ex4.BlockingMessageQueueFuture$MyFuture.get(BlockingMessageQueueFuture.kt:222)
	at serie1.ex4.FutureTest$blocking_message_multiple_send_receive$2$thread$1.invoke(BlockingMessageQueueWithFutureTest.kt:179)
	at serie1.ex4.FutureTest$blocking_message_multiple_send_receive$2$thread$1.invoke(BlockingMessageQueueWithFutureTest.kt:169)
	at kotlin.concurrent.ThreadsKt$thread$thread$1.run(Thread.kt:30)
Exception in thread "Thread-61345" java.util.concurrent.TimeoutException
	at serie1.Ex4.BlockingMessageQueueFuture$MyFuture.get(BlockingMessageQueueFuture.kt:222)
	at serie1.ex4.FutureTest$blocking_message_multiple_send_receive$2$thread$1.invoke(BlockingMessageQueueWithFutureTest.kt:179)
	at serie1.ex4.FutureTest$blocking_message_multiple_send_receive$2$thread$1.invoke(BlockingMessageQueueWithFutureTest.kt:169)
	at kotlin.concurrent.ThreadsKt$thread$thread$1.run(Thread.kt:30)
Exception in thread "Thread-61346" java.util.concurrent.TimeoutException
	at serie1.Ex4.BlockingMessageQueueFuture$MyFuture.get(BlockingMessageQueueFuture.kt:222)
	at serie1.ex4.FutureTest$blocking_message_multiple_send_receive$2$thread$1.invoke(BlockingMessageQueueWithFutureTest.kt:179)
	at serie1.ex4.FutureTest$blocking_message_multiple_send_receive$2$thread$1.invoke(BlockingMessageQueueWithFutureTest.kt:169)
	at kotlin.concurrent.ThreadsKt$thread$thread$1.run(Thread.kt:30)
[2022-04-22 21:57:03] [INFO] start writer 
[2022-04-22 21:57:03] [INFO] writer try send [1, 2, 3] 
[2022-04-22 21:57:03] [INFO] start writer 
[2022-04-22 21:57:03] [INFO] writer try send [4, 5] 
[2022-04-22 21:57:03] [INFO] start writer 
[2022-04-22 21:57:03] [INFO] start reader 
[2022-04-22 21:57:03] [INFO] writer send [1, 2, 3] 
[2022-04-22 21:57:03] [INFO] writer try send [6] 
[2022-04-22 21:57:03] [INFO] start writer 
[2022-04-22 21:57:03] [INFO] writer send [4, 5] 
[2022-04-22 21:57:03] [INFO] writer try send [14, 15, 16, 17] 
[2022-04-22 21:57:03] [INFO] start writer 
[2022-04-22 21:57:03] [INFO] writer try send [18, 19, 20] 
[2022-04-22 21:57:03] [INFO] writer send [18, 19, 20] 
[2022-04-22 21:57:03] [INFO] end writer 
[2022-04-22 21:57:03] [INFO] start get result 
[2022-04-22 21:57:03] [INFO] writer try send [11, 12, 13] 
[2022-04-22 21:57:03] [INFO] writer send [6] 
[2022-04-22 21:57:03] [INFO] end writer 
[2022-04-22 21:57:03] [INFO] start reader 
[2022-04-22 21:57:03] [INFO] writer try send [7, 8, 9, 10] 
[2022-04-22 21:57:03] [INFO] end get result 1 
[2022-04-22 21:57:03] [INFO] start reader 
[2022-04-22 21:57:03] [INFO] reader get 1 
[2022-04-22 21:57:03] [INFO] start get result 
[2022-04-22 21:57:03] [INFO] end get result 2 
[2022-04-22 21:57:03] [INFO] reader get 2 
[2022-04-22 21:57:03] [INFO] start reader 
[2022-04-22 21:57:03] [INFO] start get result 
[2022-04-22 21:57:03] [INFO] writer send [14, 15, 16, 17] 
[2022-04-22 21:57:03] [INFO] end writer 
[2022-04-22 21:57:03] [INFO] start get result 
[2022-04-22 21:57:03] [INFO] end get result 3 
[2022-04-22 21:57:03] [INFO] start reader 
[2022-04-22 21:57:03] [INFO] end get result 4 
[2022-04-22 21:57:03] [INFO] start get result 
[2022-04-22 21:57:03] [INFO] end get result 5 
[2022-04-22 21:57:03] [INFO] reader get 4 
[2022-04-22 21:57:03] [INFO] start get result 
[2022-04-22 21:57:03] [INFO] end get result 6 
[2022-04-22 21:57:03] [INFO] writer send [11, 12, 13] 
[2022-04-22 21:57:03] [INFO] end writer 
[2022-04-22 21:57:03] [INFO] reader get 3 
[2022-04-22 21:57:03] [INFO] reader get 6 
[2022-04-22 21:57:03] [INFO] start get result 
[2022-04-22 21:57:03] [INFO] end get result 19 
[2022-04-22 21:57:03] [INFO] start get result 
[2022-04-22 21:57:03] [INFO] reader get 5 
[2022-04-22 21:57:03] [INFO] end get result 18 
[2022-04-22 21:57:03] [INFO] reader get 19 
[2022-04-22 21:57:03] [INFO] start get result 
[2022-04-22 21:57:03] [INFO] writer send [7, 8, 9, 10] 
[2022-04-22 21:57:03] [INFO] end writer 
[2022-04-22 21:57:03] [INFO] start get result 
[2022-04-22 21:57:03] [INFO] end get result 20 
[2022-04-22 21:57:03] [INFO] reader get 20 
[2022-04-22 21:57:03] [INFO] start get result 
[2022-04-22 21:57:03] [INFO] end get result 17 
[2022-04-22 21:57:03] [INFO] reader get 17 
[2022-04-22 21:57:03] [INFO] start get result 
[2022-04-22 21:57:03] [INFO] end get result 11 
[2022-04-22 21:57:03] [INFO] reader get 11 
[2022-04-22 21:57:03] [INFO] end get result 14 
[2022-04-22 21:57:03] [INFO] reader get 14 
[2022-04-22 21:57:03] [INFO] start get result 
[2022-04-22 21:57:03] [INFO] end get result 13 
[2022-04-22 21:57:03] [INFO] start get result 
[2022-04-22 21:57:03] [INFO] end get result 16 
[2022-04-22 21:57:03] [INFO] reader get 16 
[2022-04-22 21:57:03] [INFO] reader get 18 
[2022-04-22 21:57:03] [INFO] start get result 
[2022-04-22 21:57:03] [INFO] end get result 8 
[2022-04-22 21:57:03] [INFO] reader get 8 
[2022-04-22 21:57:03] [INFO] start get result 
[2022-04-22 21:57:03] [INFO] end get result 9 
[2022-04-22 21:57:03] [INFO] reader get 9 
[2022-04-22 21:57:03] [INFO] start get result 
[2022-04-22 21:57:03] [INFO] end get result 10 
[2022-04-22 21:57:03] [INFO] reader get 10 
[2022-04-22 21:57:03] [INFO] start get result 
[2022-04-22 21:57:03] [INFO] start get result 
[2022-04-22 21:57:03] [INFO] start get result 
[2022-04-22 21:57:03] [INFO] end get result 7 
[2022-04-22 21:57:03] [INFO] reader get 7 
[2022-04-22 21:57:03] [INFO] start get result 
[2022-04-22 21:57:03] [INFO] reader get 13 
[2022-04-22 21:57:03] [INFO] start get result 
[2022-04-22 21:57:03] [INFO] start get result 
[2022-04-22 21:57:03] [INFO] end get result 12 
[2022-04-22 21:57:03] [INFO] reader get 12 
[2022-04-22 21:57:03] [INFO] start get result 
[2022-04-22 21:57:03] [INFO] end get result 15 
[2022-04-22 21:57:03] [INFO] reader get 15 
[2022-04-22 21:57:03] [INFO] start get result 
Exception in thread "Thread-61353" java.util.concurrent.TimeoutException
	at serie1.Ex4.BlockingMessageQueueFuture$MyFuture.get(BlockingMessageQueueFuture.kt:222)
	at serie1.ex4.FutureTest$blocking_message_multiple_send_receive$2$thread$1.invoke(BlockingMessageQueueWithFutureTest.kt:179)
	at serie1.ex4.FutureTest$blocking_message_multiple_send_receive$2$thread$1.invoke(BlockingMessageQueueWithFutureTest.kt:169)
	at kotlin.concurrent.ThreadsKt$thread$thread$1.run(Thread.kt:30)
Exception in thread "Thread-61357" java.util.concurrent.TimeoutException
	at serie1.Ex4.BlockingMessageQueueFuture$MyFuture.get(BlockingMessageQueueFuture.kt:222)
	at serie1.ex4.FutureTest$blocking_message_multiple_send_receive$2$thread$1.invoke(BlockingMessageQueueWithFutureTest.kt:179)
	at serie1.ex4.FutureTest$blocking_message_multiple_send_receive$2$thread$1.invoke(BlockingMessageQueueWithFutureTest.kt:169)
	at kotlin.concurrent.ThreadsKt$thread$thread$1.run(Thread.kt:30)
Exception in thread "Thread-61356" java.util.concurrent.TimeoutException
	at serie1.Ex4.BlockingMessageQueueFuture$MyFuture.get(BlockingMessageQueueFuture.kt:222)
	at serie1.ex4.FutureTest$blocking_message_multiple_send_receive$2$thread$1.invoke(BlockingMessageQueueWithFutureTest.kt:179)
	at serie1.ex4.FutureTest$blocking_message_multiple_send_receive$2$thread$1.invoke(BlockingMessageQueueWithFutureTest.kt:169)
	at kotlin.concurrent.ThreadsKt$thread$thread$1.run(Thread.kt:30)
Exception in thread "Thread-61355" java.util.concurrent.TimeoutException
	at serie1.Ex4.BlockingMessageQueueFuture$MyFuture.get(BlockingMessageQueueFuture.kt:222)
	at serie1.ex4.FutureTest$blocking_message_multiple_send_receive$2$thread$1.invoke(BlockingMessageQueueWithFutureTest.kt:179)
	at serie1.ex4.FutureTest$blocking_message_multiple_send_receive$2$thread$1.invoke(BlockingMessageQueueWithFutureTest.kt:169)
	at kotlin.concurrent.ThreadsKt$thread$thread$1.run(Thread.kt:30)
Exception in thread "Thread-61354" java.util.concurrent.TimeoutException
	at serie1.Ex4.BlockingMessageQueueFuture$MyFuture.get(BlockingMessageQueueFuture.kt:222)
	at serie1.ex4.FutureTest$blocking_message_multiple_send_receive$2$thread$1.invoke(BlockingMessageQueueWithFutureTest.kt:179)
	at serie1.ex4.FutureTest$blocking_message_multiple_send_receive$2$thread$1.invoke(BlockingMessageQueueWithFutureTest.kt:169)
	at kotlin.concurrent.ThreadsKt$thread$thread$1.run(Thread.kt:30)
[2022-04-22 21:57:05] [INFO] start writer 
[2022-04-22 21:57:05] [INFO] writer try send [1, 2, 3] 
[2022-04-22 21:57:05] [INFO] start writer 
[2022-04-22 21:57:05] [INFO] writer send [1, 2, 3] 
[2022-04-22 21:57:05] [INFO] writer try send [6] 
[2022-04-22 21:57:05] [INFO] writer send [6] 
[2022-04-22 21:57:05] [INFO] writer try send [7, 8, 9, 10] 
[2022-04-22 21:57:05] [INFO] start writer 
[2022-04-22 21:57:05] [INFO] writer try send [11, 12, 13] 
[2022-04-22 21:57:05] [INFO] start writer 
[2022-04-22 21:57:05] [INFO] start reader 
[2022-04-22 21:57:05] [INFO] writer try send [14, 15, 16, 17] 
[2022-04-22 21:57:05] [INFO] writer send [7, 8, 9, 10] 
[2022-04-22 21:57:05] [INFO] writer try send [18, 19, 20] 
[2022-04-22 21:57:05] [INFO] start writer 
[2022-04-22 21:57:05] [INFO] end writer 
[2022-04-22 21:57:05] [INFO] writer try send [4, 5] 
[2022-04-22 21:57:05] [INFO] start reader 
[2022-04-22 21:57:05] [INFO] start get result 
[2022-04-22 21:57:05] [INFO] end get result 1 
[2022-04-22 21:57:05] [INFO] start reader 
[2022-04-22 21:57:05] [INFO] reader get 1 
[2022-04-22 21:57:05] [INFO] start get result 
[2022-04-22 21:57:05] [INFO] end get result 2 
[2022-04-22 21:57:05] [INFO] reader get 2 
[2022-04-22 21:57:05] [INFO] start reader 
[2022-04-22 21:57:05] [INFO] writer send [4, 5] 
[2022-04-22 21:57:05] [INFO] end writer 
[2022-04-22 21:57:05] [INFO] start get result 
[2022-04-22 21:57:05] [INFO] end get result 6 
[2022-04-22 21:57:05] [INFO] reader get 6 
[2022-04-22 21:57:05] [INFO] writer send [18, 19, 20] 
[2022-04-22 21:57:05] [INFO] start get result 
[2022-04-22 21:57:05] [INFO] end get result 9 
[2022-04-22 21:57:05] [INFO] reader get 9 
[2022-04-22 21:57:05] [INFO] start get result 
[2022-04-22 21:57:05] [INFO] end get result 10 
[2022-04-22 21:57:05] [INFO] reader get 10 
[2022-04-22 21:57:05] [INFO] start get result 
[2022-04-22 21:57:05] [INFO] end get result 18 
[2022-04-22 21:57:05] [INFO] reader get 18 
[2022-04-22 21:57:05] [INFO] start get result 
[2022-04-22 21:57:05] [INFO] end get result 3 
[2022-04-22 21:57:05] [INFO] reader get 3 
[2022-04-22 21:57:05] [INFO] start get result 
[2022-04-22 21:57:05] [INFO] end get result 20 
[2022-04-22 21:57:05] [INFO] reader get 20 
[2022-04-22 21:57:05] [INFO] start get result 
[2022-04-22 21:57:05] [INFO] end get result 4 
[2022-04-22 21:57:05] [INFO] reader get 4 
[2022-04-22 21:57:05] [INFO] start get result 
[2022-04-22 21:57:05] [INFO] end get result 5 
[2022-04-22 21:57:05] [INFO] reader get 5 
[2022-04-22 21:57:05] [INFO] start get result 
[2022-04-22 21:57:05] [INFO] end get result 11 
[2022-04-22 21:57:05] [INFO] reader get 11 
[2022-04-22 21:57:05] [INFO] start get result 
[2022-04-22 21:57:05] [INFO] end get result 12 
[2022-04-22 21:57:05] [INFO] reader get 12 
[2022-04-22 21:57:05] [INFO] start get result 
[2022-04-22 21:57:05] [INFO] end get result 13 
[2022-04-22 21:57:05] [INFO] reader get 13 
[2022-04-22 21:57:05] [INFO] start get result 
[2022-04-22 21:57:05] [INFO] end get result 14 
[2022-04-22 21:57:05] [INFO] reader get 14 
[2022-04-22 21:57:05] [INFO] start get result 
[2022-04-22 21:57:05] [INFO] end get result 15 
[2022-04-22 21:57:05] [INFO] start get result 
[2022-04-22 21:57:05] [INFO] writer send [11, 12, 13] 
[2022-04-22 21:57:05] [INFO] end writer 
[2022-04-22 21:57:05] [INFO] end writer 
[2022-04-22 21:57:05] [INFO] start get result 
[2022-04-22 21:57:05] [INFO] end get result 8 
[2022-04-22 21:57:05] [INFO] reader get 8 
[2022-04-22 21:57:05] [INFO] start get result 
[2022-04-22 21:57:05] [INFO] end get result 16 
[2022-04-22 21:57:05] [INFO] reader get 16 
[2022-04-22 21:57:05] [INFO] start get result 
[2022-04-22 21:57:05] [INFO] end get result 17 
[2022-04-22 21:57:05] [INFO] start get result 
[2022-04-22 21:57:05] [INFO] end get result 7 
[2022-04-22 21:57:05] [INFO] reader get 7 
[2022-04-22 21:57:05] [INFO] start get result 
[2022-04-22 21:57:05] [INFO] start reader 
[2022-04-22 21:57:05] [INFO] reader get 17 
[2022-04-22 21:57:05] [INFO] start get result 
[2022-04-22 21:57:05] [INFO] end get result 19 
[2022-04-22 21:57:05] [INFO] reader get 15 
[2022-04-22 21:57:05] [INFO] start get result 
[2022-04-22 21:57:05] [INFO] writer send [14, 15, 16, 17] 
[2022-04-22 21:57:05] [INFO] end writer 
[2022-04-22 21:57:05] [INFO] start get result 
[2022-04-22 21:57:05] [INFO] reader get 19 
[2022-04-22 21:57:05] [INFO] start get result 
Exception in thread "Thread-61366" java.util.concurrent.TimeoutException
	at serie1.Ex4.BlockingMessageQueueFuture$MyFuture.get(BlockingMessageQueueFuture.kt:222)
	at serie1.ex4.FutureTest$blocking_message_multiple_send_receive$2$thread$1.invoke(BlockingMessageQueueWithFutureTest.kt:179)
	at serie1.ex4.FutureTest$blocking_message_multiple_send_receive$2$thread$1.invoke(BlockingMessageQueueWithFutureTest.kt:169)
	at kotlin.concurrent.ThreadsKt$thread$thread$1.run(Thread.kt:30)
Exception in thread "Thread-61368" java.util.concurrent.TimeoutException
	at serie1.Ex4.BlockingMessageQueueFuture$MyFuture.get(BlockingMessageQueueFuture.kt:222)
	at serie1.ex4.FutureTest$blocking_message_multiple_send_receive$2$thread$1.invoke(BlockingMessageQueueWithFutureTest.kt:179)
	at serie1.ex4.FutureTest$blocking_message_multiple_send_receive$2$thread$1.invoke(BlockingMessageQueueWithFutureTest.kt:169)
	at kotlin.concurrent.ThreadsKt$thread$thread$1.run(Thread.kt:30)
Exception in thread "Thread-61367" java.util.concurrent.TimeoutException
	at serie1.Ex4.BlockingMessageQueueFuture$MyFuture.get(BlockingMessageQueueFuture.kt:222)
	at serie1.ex4.FutureTest$blocking_message_multiple_send_receive$2$thread$1.invoke(BlockingMessageQueueWithFutureTest.kt:179)
	at serie1.ex4.FutureTest$blocking_message_multiple_send_receive$2$thread$1.invoke(BlockingMessageQueueWithFutureTest.kt:169)
	at kotlin.concurrent.ThreadsKt$thread$thread$1.run(Thread.kt:30)
Exception in thread "Thread-61365" java.util.concurrent.TimeoutException
	at serie1.Ex4.BlockingMessageQueueFuture$MyFuture.get(BlockingMessageQueueFuture.kt:222)
	at serie1.ex4.FutureTest$blocking_message_multiple_send_receive$2$thread$1.invoke(BlockingMessageQueueWithFutureTest.kt:179)
	at serie1.ex4.FutureTest$blocking_message_multiple_send_receive$2$thread$1.invoke(BlockingMessageQueueWithFutureTest.kt:169)
	at kotlin.concurrent.ThreadsKt$thread$thread$1.run(Thread.kt:30)
Exception in thread "Thread-61364" java.util.concurrent.TimeoutException
	at serie1.Ex4.BlockingMessageQueueFuture$MyFuture.get(BlockingMessageQueueFuture.kt:222)
	at serie1.ex4.FutureTest$blocking_message_multiple_send_receive$2$thread$1.invoke(BlockingMessageQueueWithFutureTest.kt:179)
	at serie1.ex4.FutureTest$blocking_message_multiple_send_receive$2$thread$1.invoke(BlockingMessageQueueWithFutureTest.kt:169)
	at kotlin.concurrent.ThreadsKt$thread$thread$1.run(Thread.kt:30)
[2022-04-22 21:57:07] [INFO] start reader 
[2022-04-22 21:57:07] [INFO] start writer 
[2022-04-22 21:57:07] [INFO] start writer 
[2022-04-22 21:57:07] [INFO] start writer 
[2022-04-22 21:57:07] [INFO] start writer 
[2022-04-22 21:57:07] [INFO] writer try send [7, 8, 9, 10] 
[2022-04-22 21:57:07] [INFO] writer try send [1, 2, 3] 
[2022-04-22 21:57:07] [INFO] start reader 
[2022-04-22 21:57:07] [INFO] writer send [7, 8, 9, 10] 
[2022-04-22 21:57:07] [INFO] writer send [1, 2, 3] 
[2022-04-22 21:57:07] [INFO] writer try send [14, 15, 16, 17] 
[2022-04-22 21:57:07] [INFO] writer send [14, 15, 16, 17] 
[2022-04-22 21:57:07] [INFO] writer try send [18, 19, 20] 
[2022-04-22 21:57:07] [INFO] start get result 
[2022-04-22 21:57:07] [INFO] end get result 7 
[2022-04-22 21:57:07] [INFO] reader get 7 
[2022-04-22 21:57:07] [INFO] start get result 
[2022-04-22 21:57:07] [INFO] end get result 8 
[2022-04-22 21:57:07] [INFO] reader get 8 
[2022-04-22 21:57:07] [INFO] start get result 
[2022-04-22 21:57:07] [INFO] end get result 10 
[2022-04-22 21:57:07] [INFO] writer send [18, 19, 20] 
[2022-04-22 21:57:07] [INFO] end writer 
[2022-04-22 21:57:07] [INFO] writer try send [6] 
[2022-04-22 21:57:07] [INFO] start writer 
[2022-04-22 21:57:07] [INFO] end writer 
[2022-04-22 21:57:07] [INFO] writer try send [4, 5] 
[2022-04-22 21:57:07] [INFO] reader get 10 
[2022-04-22 21:57:07] [INFO] start get result 
[2022-04-22 21:57:07] [INFO] end get result 9 
[2022-04-22 21:57:07] [INFO] reader get 9 
[2022-04-22 21:57:07] [INFO] start get result 
[2022-04-22 21:57:07] [INFO] end get result 2 
[2022-04-22 21:57:07] [INFO] reader get 2 
[2022-04-22 21:57:07] [INFO] start reader 
[2022-04-22 21:57:07] [INFO] writer try send [11, 12, 13] 
[2022-04-22 21:57:07] [INFO] writer send [4, 5] 
[2022-04-22 21:57:07] [INFO] end writer 
[2022-04-22 21:57:07] [INFO] start get result 
[2022-04-22 21:57:07] [INFO] end get result 3 
[2022-04-22 21:57:07] [INFO] reader get 3 
[2022-04-22 21:57:07] [INFO] writer send [6] 
[2022-04-22 21:57:07] [INFO] start get result 
[2022-04-22 21:57:07] [INFO] end get result 1 
[2022-04-22 21:57:07] [INFO] start get result 
[2022-04-22 21:57:07] [INFO] end get result 15 
[2022-04-22 21:57:07] [INFO] reader get 15 
[2022-04-22 21:57:07] [INFO] end writer 
[2022-04-22 21:57:07] [INFO] start get result 
[2022-04-22 21:57:07] [INFO] start reader 
[2022-04-22 21:57:07] [INFO] end get result 14 
[2022-04-22 21:57:07] [INFO] reader get 14 
[2022-04-22 21:57:07] [INFO] start get result 
[2022-04-22 21:57:07] [INFO] end get result 17 
[2022-04-22 21:57:07] [INFO] reader get 17 
[2022-04-22 21:57:07] [INFO] start get result 
[2022-04-22 21:57:07] [INFO] writer send [11, 12, 13] 
[2022-04-22 21:57:07] [INFO] end writer 
[2022-04-22 21:57:07] [INFO] start get result 
[2022-04-22 21:57:07] [INFO] end get result 16 
[2022-04-22 21:57:07] [INFO] reader get 16 
[2022-04-22 21:57:07] [INFO] start get result 
[2022-04-22 21:57:07] [INFO] end get result 20 
[2022-04-22 21:57:07] [INFO] reader get 20 
[2022-04-22 21:57:07] [INFO] start get result 
[2022-04-22 21:57:07] [INFO] end get result 6 
[2022-04-22 21:57:07] [INFO] reader get 6 
[2022-04-22 21:57:07] [INFO] start get result 
[2022-04-22 21:57:07] [INFO] reader get 1 
[2022-04-22 21:57:07] [INFO] start get result 
[2022-04-22 21:57:07] [INFO] end get result 5 
[2022-04-22 21:57:07] [INFO] reader get 5 
[2022-04-22 21:57:07] [INFO] start get result 
[2022-04-22 21:57:07] [INFO] end get result 11 
[2022-04-22 21:57:07] [INFO] reader get 11 
[2022-04-22 21:57:07] [INFO] start get result 
[2022-04-22 21:57:07] [INFO] end get result 12 
[2022-04-22 21:57:07] [INFO] end get result 4 
[2022-04-22 21:57:07] [INFO] reader get 4 
[2022-04-22 21:57:07] [INFO] start get result 
[2022-04-22 21:57:07] [INFO] end get result 13 
[2022-04-22 21:57:07] [INFO] reader get 13 
[2022-04-22 21:57:07] [INFO] start get result 
[2022-04-22 21:57:07] [INFO] start get result 
[2022-04-22 21:57:07] [INFO] end get result 19 
[2022-04-22 21:57:07] [INFO] reader get 19 
[2022-04-22 21:57:07] [INFO] start get result 
[2022-04-22 21:57:07] [INFO] end get result 18 
[2022-04-22 21:57:07] [INFO] reader get 18 
[2022-04-22 21:57:07] [INFO] start get result 
[2022-04-22 21:57:07] [INFO] start reader 
[2022-04-22 21:57:07] [INFO] reader get 12 
[2022-04-22 21:57:07] [INFO] start get result 
[2022-04-22 21:57:07] [INFO] start get result 
Exception in thread "Thread-61379" java.util.concurrent.TimeoutException
	at serie1.Ex4.BlockingMessageQueueFuture$MyFuture.get(BlockingMessageQueueFuture.kt:222)
	at serie1.ex4.FutureTest$blocking_message_multiple_send_receive$2$thread$1.invoke(BlockingMessageQueueWithFutureTest.kt:179)
	at serie1.ex4.FutureTest$blocking_message_multiple_send_receive$2$thread$1.invoke(BlockingMessageQueueWithFutureTest.kt:169)
	at kotlin.concurrent.ThreadsKt$thread$thread$1.run(Thread.kt:30)
Exception in thread "Thread-61376" java.util.concurrent.TimeoutException
	at serie1.Ex4.BlockingMessageQueueFuture$MyFuture.get(BlockingMessageQueueFuture.kt:222)
	at serie1.ex4.FutureTest$blocking_message_multiple_send_receive$2$thread$1.invoke(BlockingMessageQueueWithFutureTest.kt:179)
	at serie1.ex4.FutureTest$blocking_message_multiple_send_receive$2$thread$1.invoke(BlockingMessageQueueWithFutureTest.kt:169)
	at kotlin.concurrent.ThreadsKt$thread$thread$1.run(Thread.kt:30)
Exception in thread "Thread-61377" java.util.concurrent.TimeoutException
	at serie1.Ex4.BlockingMessageQueueFuture$MyFuture.get(BlockingMessageQueueFuture.kt:222)
	at serie1.ex4.FutureTest$blocking_message_multiple_send_receive$2$thread$1.invoke(BlockingMessageQueueWithFutureTest.kt:179)
	at serie1.ex4.FutureTest$blocking_message_multiple_send_receive$2$thread$1.invoke(BlockingMessageQueueWithFutureTest.kt:169)
	at kotlin.concurrent.ThreadsKt$thread$thread$1.run(Thread.kt:30)
Exception in thread "Thread-61375" java.util.concurrent.TimeoutException
	at serie1.Ex4.BlockingMessageQueueFuture$MyFuture.get(BlockingMessageQueueFuture.kt:222)
	at serie1.ex4.FutureTest$blocking_message_multiple_send_receive$2$thread$1.invoke(BlockingMessageQueueWithFutureTest.kt:179)
	at serie1.ex4.FutureTest$blocking_message_multiple_send_receive$2$thread$1.invoke(BlockingMessageQueueWithFutureTest.kt:169)
	at kotlin.concurrent.ThreadsKt$thread$thread$1.run(Thread.kt:30)
Exception in thread "Thread-61378" java.util.concurrent.TimeoutException
	at serie1.Ex4.BlockingMessageQueueFuture$MyFuture.get(BlockingMessageQueueFuture.kt:222)
	at serie1.ex4.FutureTest$blocking_message_multiple_send_receive$2$thread$1.invoke(BlockingMessageQueueWithFutureTest.kt:179)
	at serie1.ex4.FutureTest$blocking_message_multiple_send_receive$2$thread$1.invoke(BlockingMessageQueueWithFutureTest.kt:169)
	at kotlin.concurrent.ThreadsKt$thread$thread$1.run(Thread.kt:30)
[2022-04-22 21:57:09] [INFO] start writer 
[2022-04-22 21:57:09] [INFO] writer try send [1, 2, 3] 
[2022-04-22 21:57:09] [INFO] start reader 
[2022-04-22 21:57:09] [INFO] start writer 
[2022-04-22 21:57:09] [INFO] start reader 
[2022-04-22 21:57:09] [INFO] start writer 
[2022-04-22 21:57:09] [INFO] writer try send [6] 
[2022-04-22 21:57:09] [INFO] writer send [1, 2, 3] 
[2022-04-22 21:57:09] [INFO] start writer 
[2022-04-22 21:57:09] [INFO] writer try send [11, 12, 13] 
[2022-04-22 21:57:09] [INFO] writer send [6] 
[2022-04-22 21:57:09] [INFO] writer try send [14, 15, 16, 17] 
[2022-04-22 21:57:09] [INFO] start reader 
[2022-04-22 21:57:09] [INFO] start writer 
[2022-04-22 21:57:09] [INFO] writer try send [18, 19, 20] 
[2022-04-22 21:57:09] [INFO] start reader 
[2022-04-22 21:57:09] [INFO] writer try send [4, 5] 
[2022-04-22 21:57:09] [INFO] start writer 
[2022-04-22 21:57:09] [INFO] end writer 
[2022-04-22 21:57:09] [INFO] start reader 
[2022-04-22 21:57:09] [INFO] writer send [11, 12, 13] 
[2022-04-22 21:57:09] [INFO] end writer 
[2022-04-22 21:57:09] [INFO] start get result 
[2022-04-22 21:57:09] [INFO] end get result 2 
[2022-04-22 21:57:09] [INFO] start get result 
[2022-04-22 21:57:09] [INFO] end get result 1 
[2022-04-22 21:57:09] [INFO] writer send [4, 5] 
[2022-04-22 21:57:09] [INFO] end writer 
[2022-04-22 21:57:09] [INFO] writer try send [7, 8, 9, 10] 
[2022-04-22 21:57:09] [INFO] reader get 1 
[2022-04-22 21:57:09] [INFO] start get result 
[2022-04-22 21:57:09] [INFO] end get result 11 
[2022-04-22 21:57:09] [INFO] reader get 11 
[2022-04-22 21:57:09] [INFO] start get result 
[2022-04-22 21:57:09] [INFO] end get result 13 
[2022-04-22 21:57:09] [INFO] reader get 13 
[2022-04-22 21:57:09] [INFO] reader get 2 
[2022-04-22 21:57:09] [INFO] start get result 
[2022-04-22 21:57:09] [INFO] end get result 5 
[2022-04-22 21:57:09] [INFO] reader get 5 
[2022-04-22 21:57:09] [INFO] start get result 
[2022-04-22 21:57:09] [INFO] end get result 18 
[2022-04-22 21:57:09] [INFO] reader get 18 
[2022-04-22 21:57:09] [INFO] start get result 
[2022-04-22 21:57:09] [INFO] end get result 6 
[2022-04-22 21:57:09] [INFO] reader get 6 
[2022-04-22 21:57:09] [INFO] start get result 
[2022-04-22 21:57:09] [INFO] end get result 20 
[2022-04-22 21:57:09] [INFO] reader get 20 
[2022-04-22 21:57:09] [INFO] start get result 
[2022-04-22 21:57:09] [INFO] end get result 14 
[2022-04-22 21:57:09] [INFO] reader get 14 
[2022-04-22 21:57:09] [INFO] start get result 
[2022-04-22 21:57:09] [INFO] end get result 15 
[2022-04-22 21:57:09] [INFO] reader get 15 
[2022-04-22 21:57:09] [INFO] start get result 
[2022-04-22 21:57:09] [INFO] writer send [7, 8, 9, 10] 
[2022-04-22 21:57:09] [INFO] end writer 
[2022-04-22 21:57:09] [INFO] start get result 
[2022-04-22 21:57:09] [INFO] end get result 3 
[2022-04-22 21:57:09] [INFO] reader get 3 
[2022-04-22 21:57:09] [INFO] start get result 
[2022-04-22 21:57:09] [INFO] end get result 17 
[2022-04-22 21:57:09] [INFO] reader get 17 
[2022-04-22 21:57:09] [INFO] start get result 
[2022-04-22 21:57:09] [INFO] end get result 7 
[2022-04-22 21:57:09] [INFO] reader get 7 
[2022-04-22 21:57:09] [INFO] start get result 
[2022-04-22 21:57:09] [INFO] end get result 8 
[2022-04-22 21:57:09] [INFO] reader get 8 
[2022-04-22 21:57:09] [INFO] start get result 
[2022-04-22 21:57:09] [INFO] end get result 9 
[2022-04-22 21:57:09] [INFO] end get result 16 
[2022-04-22 21:57:09] [INFO] reader get 16 
[2022-04-22 21:57:09] [INFO] start get result 
[2022-04-22 21:57:09] [INFO] end get result 10 
[2022-04-22 21:57:09] [INFO] writer send [14, 15, 16, 17] 
[2022-04-22 21:57:09] [INFO] end writer 
[2022-04-22 21:57:09] [INFO] start get result 
[2022-04-22 21:57:09] [INFO] end get result 19 
[2022-04-22 21:57:09] [INFO] reader get 19 
[2022-04-22 21:57:09] [INFO] start get result 
[2022-04-22 21:57:09] [INFO] end get result 4 
[2022-04-22 21:57:09] [INFO] reader get 4 
[2022-04-22 21:57:09] [INFO] start get result 
[2022-04-22 21:57:09] [INFO] writer send [18, 19, 20] 
[2022-04-22 21:57:09] [INFO] end writer 
[2022-04-22 21:57:09] [INFO] start get result 
[2022-04-22 21:57:09] [INFO] end get result 12 
[2022-04-22 21:57:09] [INFO] reader get 12 
[2022-04-22 21:57:09] [INFO] start get result 
[2022-04-22 21:57:09] [INFO] start get result 
[2022-04-22 21:57:09] [INFO] reader get 10 
[2022-04-22 21:57:09] [INFO] start get result 
[2022-04-22 21:57:09] [INFO] reader get 9 
[2022-04-22 21:57:09] [INFO] start get result 
Exception in thread "Thread-61387" java.util.concurrent.TimeoutException
	at serie1.Ex4.BlockingMessageQueueFuture$MyFuture.get(BlockingMessageQueueFuture.kt:222)
	at serie1.ex4.FutureTest$blocking_message_multiple_send_receive$2$thread$1.invoke(BlockingMessageQueueWithFutureTest.kt:179)
	at serie1.ex4.FutureTest$blocking_message_multiple_send_receive$2$thread$1.invoke(BlockingMessageQueueWithFutureTest.kt:169)
	at kotlin.concurrent.ThreadsKt$thread$thread$1.run(Thread.kt:30)
Exception in thread "Thread-61390" java.util.concurrent.TimeoutException
	at serie1.Ex4.BlockingMessageQueueFuture$MyFuture.get(BlockingMessageQueueFuture.kt:222)
	at serie1.ex4.FutureTest$blocking_message_multiple_send_receive$2$thread$1.invoke(BlockingMessageQueueWithFutureTest.kt:179)
	at serie1.ex4.FutureTest$blocking_message_multiple_send_receive$2$thread$1.invoke(BlockingMessageQueueWithFutureTest.kt:169)
	at kotlin.concurrent.ThreadsKt$thread$thread$1.run(Thread.kt:30)
Exception in thread "Thread-61388" java.util.concurrent.TimeoutException
	at serie1.Ex4.BlockingMessageQueueFuture$MyFuture.get(BlockingMessageQueueFuture.kt:222)
	at serie1.ex4.FutureTest$blocking_message_multiple_send_receive$2$thread$1.invoke(BlockingMessageQueueWithFutureTest.kt:179)
	at serie1.ex4.FutureTest$blocking_message_multiple_send_receive$2$thread$1.invoke(BlockingMessageQueueWithFutureTest.kt:169)
	at kotlin.concurrent.ThreadsKt$thread$thread$1.run(Thread.kt:30)
Exception in thread "Thread-61389" java.util.concurrent.TimeoutException
	at serie1.Ex4.BlockingMessageQueueFuture$MyFuture.get(BlockingMessageQueueFuture.kt:222)
	at serie1.ex4.FutureTest$blocking_message_multiple_send_receive$2$thread$1.invoke(BlockingMessageQueueWithFutureTest.kt:179)
	at serie1.ex4.FutureTest$blocking_message_multiple_send_receive$2$thread$1.invoke(BlockingMessageQueueWithFutureTest.kt:169)
	at kotlin.concurrent.ThreadsKt$thread$thread$1.run(Thread.kt:30)
Exception in thread "Thread-61391" java.util.concurrent.TimeoutException
	at serie1.Ex4.BlockingMessageQueueFuture$MyFuture.get(BlockingMessageQueueFuture.kt:222)
	at serie1.ex4.FutureTest$blocking_message_multiple_send_receive$2$thread$1.invoke(BlockingMessageQueueWithFutureTest.kt:179)
	at serie1.ex4.FutureTest$blocking_message_multiple_send_receive$2$thread$1.invoke(BlockingMessageQueueWithFutureTest.kt:169)
	at kotlin.concurrent.ThreadsKt$thread$thread$1.run(Thread.kt:30)
[2022-04-22 21:57:11] [INFO] start writer 
[2022-04-22 21:57:11] [INFO] start writer 
[2022-04-22 21:57:11] [INFO] writer try send [4, 5] 
[2022-04-22 21:57:11] [INFO] start reader 
[2022-04-22 21:57:11] [INFO] writer send [4, 5] 
[2022-04-22 21:57:11] [INFO] writer try send [6] 
[2022-04-22 21:57:11] [INFO] start reader 
[2022-04-22 21:57:11] [INFO] start writer 
[2022-04-22 21:57:11] [INFO] start reader 
[2022-04-22 21:57:11] [INFO] writer try send [1, 2, 3] 
[2022-04-22 21:57:11] [INFO] writer send [1, 2, 3] 
[2022-04-22 21:57:11] [INFO] writer try send [11, 12, 13] 
[2022-04-22 21:57:11] [INFO] writer try send [7, 8, 9, 10] 
[2022-04-22 21:57:11] [INFO] start get result 
[2022-04-22 21:57:11] [INFO] end get result 4 
[2022-04-22 21:57:11] [INFO] reader get 4 
[2022-04-22 21:57:11] [INFO] start get result 
[2022-04-22 21:57:11] [INFO] end get result 1 
[2022-04-22 21:57:11] [INFO] reader get 1 
[2022-04-22 21:57:11] [INFO] writer send [6] 
[2022-04-22 21:57:11] [INFO] start writer 
[2022-04-22 21:57:11] [INFO] writer try send [18, 19, 20] 
[2022-04-22 21:57:11] [INFO] start writer 
[2022-04-22 21:57:11] [INFO] end writer 
[2022-04-22 21:57:11] [INFO] start writer 
[2022-04-22 21:57:11] [INFO] end writer 
[2022-04-22 21:57:11] [INFO] writer try send [14, 15, 16, 17] 
[2022-04-22 21:57:11] [INFO] start get result 
[2022-04-22 21:57:11] [INFO] end get result 2 
[2022-04-22 21:57:11] [INFO] reader get 2 
[2022-04-22 21:57:11] [INFO] writer send [7, 8, 9, 10] 
[2022-04-22 21:57:11] [INFO] end writer 
[2022-04-22 21:57:11] [INFO] start get result 
[2022-04-22 21:57:11] [INFO] end get result 6 
[2022-04-22 21:57:11] [INFO] reader get 6 
[2022-04-22 21:57:11] [INFO] start get result 
[2022-04-22 21:57:11] [INFO] writer send [18, 19, 20] 
[2022-04-22 21:57:11] [INFO] end writer 
[2022-04-22 21:57:11] [INFO] start get result 
[2022-04-22 21:57:11] [INFO] end get result 5 
[2022-04-22 21:57:11] [INFO] reader get 5 
[2022-04-22 21:57:11] [INFO] start reader 
[2022-04-22 21:57:11] [INFO] start get result 
[2022-04-22 21:57:11] [INFO] end get result 8 
[2022-04-22 21:57:11] [INFO] start reader 
[2022-04-22 21:57:11] [INFO] end get result 7 
[2022-04-22 21:57:11] [INFO] start get result 
[2022-04-22 21:57:11] [INFO] reader get 7 
[2022-04-22 21:57:11] [INFO] start get result 
[2022-04-22 21:57:11] [INFO] writer send [11, 12, 13] 
[2022-04-22 21:57:11] [INFO] reader get 8 
[2022-04-22 21:57:11] [INFO] start get result 
[2022-04-22 21:57:11] [INFO] end get result 18 
[2022-04-22 21:57:11] [INFO] reader get 18 
[2022-04-22 21:57:11] [INFO] end writer 
[2022-04-22 21:57:11] [INFO] end get result 10 
[2022-04-22 21:57:11] [INFO] start get result 
[2022-04-22 21:57:11] [INFO] end get result 3 
[2022-04-22 21:57:11] [INFO] end get result 9 
[2022-04-22 21:57:11] [INFO] reader get 9 
[2022-04-22 21:57:11] [INFO] start get result 
[2022-04-22 21:57:11] [INFO] end get result 11 
[2022-04-22 21:57:11] [INFO] reader get 11 
[2022-04-22 21:57:11] [INFO] start get result 
[2022-04-22 21:57:11] [INFO] end get result 12 
[2022-04-22 21:57:11] [INFO] reader get 12 
[2022-04-22 21:57:11] [INFO] start get result 
[2022-04-22 21:57:11] [INFO] end get result 13 
[2022-04-22 21:57:11] [INFO] reader get 13 
[2022-04-22 21:57:11] [INFO] start get result 
[2022-04-22 21:57:11] [INFO] end get result 14 
[2022-04-22 21:57:11] [INFO] reader get 14 
[2022-04-22 21:57:11] [INFO] start get result 
[2022-04-22 21:57:11] [INFO] end get result 15 
[2022-04-22 21:57:11] [INFO] reader get 15 
[2022-04-22 21:57:11] [INFO] start get result 
[2022-04-22 21:57:11] [INFO] end get result 16 
[2022-04-22 21:57:11] [INFO] reader get 16 
[2022-04-22 21:57:11] [INFO] start get result 
[2022-04-22 21:57:11] [INFO] end get result 17 
[2022-04-22 21:57:11] [INFO] reader get 17 
[2022-04-22 21:57:11] [INFO] start get result 
[2022-04-22 21:57:11] [INFO] reader get 10 
[2022-04-22 21:57:11] [INFO] start get result 
[2022-04-22 21:57:11] [INFO] start get result 
[2022-04-22 21:57:11] [INFO] end get result 20 
[2022-04-22 21:57:11] [INFO] reader get 20 
[2022-04-22 21:57:11] [INFO] start get result 
[2022-04-22 21:57:11] [INFO] start get result 
[2022-04-22 21:57:11] [INFO] end get result 19 
[2022-04-22 21:57:11] [INFO] reader get 19 
[2022-04-22 21:57:11] [INFO] start get result 
[2022-04-22 21:57:11] [INFO] writer send [14, 15, 16, 17] 
[2022-04-22 21:57:11] [INFO] end writer 
[2022-04-22 21:57:11] [INFO] reader get 3 
[2022-04-22 21:57:11] [INFO] start get result 
Exception in thread "Thread-61401" java.util.concurrent.TimeoutException
	at serie1.Ex4.BlockingMessageQueueFuture$MyFuture.get(BlockingMessageQueueFuture.kt:222)
	at serie1.ex4.FutureTest$blocking_message_multiple_send_receive$2$thread$1.invoke(BlockingMessageQueueWithFutureTest.kt:179)
	at serie1.ex4.FutureTest$blocking_message_multiple_send_receive$2$thread$1.invoke(BlockingMessageQueueWithFutureTest.kt:169)
	at kotlin.concurrent.ThreadsKt$thread$thread$1.run(Thread.kt:30)
Exception in thread "Thread-61402" java.util.concurrent.TimeoutException
	at serie1.Ex4.BlockingMessageQueueFuture$MyFuture.get(BlockingMessageQueueFuture.kt:222)
	at serie1.ex4.FutureTest$blocking_message_multiple_send_receive$2$thread$1.invoke(BlockingMessageQueueWithFutureTest.kt:179)
	at serie1.ex4.FutureTest$blocking_message_multiple_send_receive$2$thread$1.invoke(BlockingMessageQueueWithFutureTest.kt:169)
	at kotlin.concurrent.ThreadsKt$thread$thread$1.run(Thread.kt:30)
Exception in thread "Thread-61399" java.util.concurrent.TimeoutException
	at serie1.Ex4.BlockingMessageQueueFuture$MyFuture.get(BlockingMessageQueueFuture.kt:222)
	at serie1.ex4.FutureTest$blocking_message_multiple_send_receive$2$thread$1.invoke(BlockingMessageQueueWithFutureTest.kt:179)
	at serie1.ex4.FutureTest$blocking_message_multiple_send_receive$2$thread$1.invoke(BlockingMessageQueueWithFutureTest.kt:169)
	at kotlin.concurrent.ThreadsKt$thread$thread$1.run(Thread.kt:30)
Exception in thread "Thread-61400" java.util.concurrent.TimeoutException
	at serie1.Ex4.BlockingMessageQueueFuture$MyFuture.get(BlockingMessageQueueFuture.kt:222)
	at serie1.ex4.FutureTest$blocking_message_multiple_send_receive$2$thread$1.invoke(BlockingMessageQueueWithFutureTest.kt:179)
	at serie1.ex4.FutureTest$blocking_message_multiple_send_receive$2$thread$1.invoke(BlockingMessageQueueWithFutureTest.kt:169)
	at kotlin.concurrent.ThreadsKt$thread$thread$1.run(Thread.kt:30)
Exception in thread "Thread-61403" java.util.concurrent.TimeoutException
	at serie1.Ex4.BlockingMessageQueueFuture$MyFuture.get(BlockingMessageQueueFuture.kt:222)
	at serie1.ex4.FutureTest$blocking_message_multiple_send_receive$2$thread$1.invoke(BlockingMessageQueueWithFutureTest.kt:179)
	at serie1.ex4.FutureTest$blocking_message_multiple_send_receive$2$thread$1.invoke(BlockingMessageQueueWithFutureTest.kt:169)
	at kotlin.concurrent.ThreadsKt$thread$thread$1.run(Thread.kt:30)
[2022-04-22 21:57:13] [INFO] start writer 
[2022-04-22 21:57:13] [INFO] start writer 
[2022-04-22 21:57:13] [INFO] start writer 
[2022-04-22 21:57:13] [INFO] writer try send [6] 
[2022-04-22 21:57:13] [INFO] writer send [6] 
[2022-04-22 21:57:13] [INFO] writer try send [7, 8, 9, 10] 
[2022-04-22 21:57:13] [INFO] writer send [7, 8, 9, 10] 
[2022-04-22 21:57:13] [INFO] writer try send [11, 12, 13] 
[2022-04-22 21:57:13] [INFO] start writer 
[2022-04-22 21:57:13] [INFO] writer try send [14, 15, 16, 17] 
[2022-04-22 21:57:13] [INFO] start reader 
[2022-04-22 21:57:13] [INFO] writer try send [1, 2, 3] 
[2022-04-22 21:57:13] [INFO] start reader 
[2022-04-22 21:57:13] [INFO] start writer 
[2022-04-22 21:57:13] [INFO] writer try send [18, 19, 20] 
[2022-04-22 21:57:13] [INFO] start writer 
[2022-04-22 21:57:13] [INFO] end writer 
[2022-04-22 21:57:13] [INFO] writer send [11, 12, 13] 
[2022-04-22 21:57:13] [INFO] end writer 
[2022-04-22 21:57:13] [INFO] writer try send [4, 5] 
[2022-04-22 21:57:13] [INFO] start get result 
[2022-04-22 21:57:13] [INFO] end get result 7 
[2022-04-22 21:57:13] [INFO] reader get 7 
[2022-04-22 21:57:13] [INFO] start get result 
[2022-04-22 21:57:13] [INFO] end get result 8 
[2022-04-22 21:57:13] [INFO] reader get 8 
[2022-04-22 21:57:13] [INFO] start get result 
[2022-04-22 21:57:13] [INFO] end get result 9 
[2022-04-22 21:57:13] [INFO] reader get 9 
[2022-04-22 21:57:13] [INFO] start get result 
[2022-04-22 21:57:13] [INFO] end get result 10 
[2022-04-22 21:57:13] [INFO] reader get 10 
[2022-04-22 21:57:13] [INFO] start get result 
[2022-04-22 21:57:13] [INFO] end get result 11 
[2022-04-22 21:57:13] [INFO] reader get 11 
[2022-04-22 21:57:13] [INFO] start get result 
[2022-04-22 21:57:13] [INFO] end get result 12 
[2022-04-22 21:57:13] [INFO] reader get 12 
[2022-04-22 21:57:13] [INFO] start get result 
[2022-04-22 21:57:13] [INFO] end get result 13 
[2022-04-22 21:57:13] [INFO] reader get 13 
[2022-04-22 21:57:13] [INFO] start get result 
[2022-04-22 21:57:13] [INFO] writer send [1, 2, 3] 
[2022-04-22 21:57:13] [INFO] end writer 
[2022-04-22 21:57:13] [INFO] start get result 
[2022-04-22 21:57:13] [INFO] end get result 6 
[2022-04-22 21:57:13] [INFO] reader get 6 
[2022-04-22 21:57:13] [INFO] start get result 
[2022-04-22 21:57:13] [INFO] end get result 19 
[2022-04-22 21:57:13] [INFO] reader get 19 
[2022-04-22 21:57:13] [INFO] start get result 
[2022-04-22 21:57:13] [INFO] end get result 20 
[2022-04-22 21:57:13] [INFO] reader get 20 
[2022-04-22 21:57:13] [INFO] start get result 
[2022-04-22 21:57:13] [INFO] end get result 4 
[2022-04-22 21:57:13] [INFO] reader get 4 
[2022-04-22 21:57:13] [INFO] start get result 
[2022-04-22 21:57:13] [INFO] end get result 5 
[2022-04-22 21:57:13] [INFO] start reader 
[2022-04-22 21:57:13] [INFO] reader get 5 
[2022-04-22 21:57:13] [INFO] start get result 
[2022-04-22 21:57:13] [INFO] end get result 1 
[2022-04-22 21:57:13] [INFO] end get result 18 
[2022-04-22 21:57:13] [INFO] writer send [4, 5] 
[2022-04-22 21:57:13] [INFO] end writer 
[2022-04-22 21:57:13] [INFO] writer send [18, 19, 20] 
[2022-04-22 21:57:13] [INFO] end writer 
[2022-04-22 21:57:13] [INFO] start get result 
[2022-04-22 21:57:13] [INFO] end get result 2 
[2022-04-22 21:57:13] [INFO] reader get 2 
[2022-04-22 21:57:13] [INFO] start get result 
[2022-04-22 21:57:13] [INFO] end get result 3 
[2022-04-22 21:57:13] [INFO] reader get 3 
[2022-04-22 21:57:13] [INFO] start get result 
[2022-04-22 21:57:13] [INFO] end get result 14 
[2022-04-22 21:57:13] [INFO] reader get 14 
[2022-04-22 21:57:13] [INFO] start get result 
[2022-04-22 21:57:13] [INFO] end get result 15 
[2022-04-22 21:57:13] [INFO] reader get 15 
[2022-04-22 21:57:13] [INFO] start get result 
[2022-04-22 21:57:13] [INFO] end get result 16 
[2022-04-22 21:57:13] [INFO] reader get 16 
[2022-04-22 21:57:13] [INFO] start get result 
[2022-04-22 21:57:13] [INFO] end get result 17 
[2022-04-22 21:57:13] [INFO] reader get 17 
[2022-04-22 21:57:13] [INFO] start get result 
[2022-04-22 21:57:13] [INFO] reader get 18 
[2022-04-22 21:57:13] [INFO] start get result 
[2022-04-22 21:57:13] [INFO] reader get 1 
[2022-04-22 21:57:13] [INFO] start get result 
[2022-04-22 21:57:13] [INFO] start reader 
[2022-04-22 21:57:13] [INFO] writer send [14, 15, 16, 17] 
[2022-04-22 21:57:13] [INFO] end writer 
[2022-04-22 21:57:13] [INFO] start reader 
[2022-04-22 21:57:13] [INFO] start get result 
[2022-04-22 21:57:13] [INFO] start get result 
Exception in thread "Thread-61411" java.util.concurrent.TimeoutException
	at serie1.Ex4.BlockingMessageQueueFuture$MyFuture.get(BlockingMessageQueueFuture.kt:222)
	at serie1.ex4.FutureTest$blocking_message_multiple_send_receive$2$thread$1.invoke(BlockingMessageQueueWithFutureTest.kt:179)
	at serie1.ex4.FutureTest$blocking_message_multiple_send_receive$2$thread$1.invoke(BlockingMessageQueueWithFutureTest.kt:169)
	at kotlin.concurrent.ThreadsKt$thread$thread$1.run(Thread.kt:30)
Exception in thread "Thread-61414" java.util.concurrent.TimeoutException
	at serie1.Ex4.BlockingMessageQueueFuture$MyFuture.get(BlockingMessageQueueFuture.kt:222)
	at serie1.ex4.FutureTest$blocking_message_multiple_send_receive$2$thread$1.invoke(BlockingMessageQueueWithFutureTest.kt:179)
	at serie1.ex4.FutureTest$blocking_message_multiple_send_receive$2$thread$1.invoke(BlockingMessageQueueWithFutureTest.kt:169)
	at kotlin.concurrent.ThreadsKt$thread$thread$1.run(Thread.kt:30)
Exception in thread "Thread-61415" java.util.concurrent.TimeoutException
	at serie1.Ex4.BlockingMessageQueueFuture$MyFuture.get(BlockingMessageQueueFuture.kt:222)
	at serie1.ex4.FutureTest$blocking_message_multiple_send_receive$2$thread$1.invoke(BlockingMessageQueueWithFutureTest.kt:179)
	at serie1.ex4.FutureTest$blocking_message_multiple_send_receive$2$thread$1.invoke(BlockingMessageQueueWithFutureTest.kt:169)
	at kotlin.concurrent.ThreadsKt$thread$thread$1.run(Thread.kt:30)
Exception in thread "Thread-61412" java.util.concurrent.TimeoutException
	at serie1.Ex4.BlockingMessageQueueFuture$MyFuture.get(BlockingMessageQueueFuture.kt:222)
	at serie1.ex4.FutureTest$blocking_message_multiple_send_receive$2$thread$1.invoke(BlockingMessageQueueWithFutureTest.kt:179)
	at serie1.ex4.FutureTest$blocking_message_multiple_send_receive$2$thread$1.invoke(BlockingMessageQueueWithFutureTest.kt:169)
	at kotlin.concurrent.ThreadsKt$thread$thread$1.run(Thread.kt:30)
Exception in thread "Thread-61413" java.util.concurrent.TimeoutException
	at serie1.Ex4.BlockingMessageQueueFuture$MyFuture.get(BlockingMessageQueueFuture.kt:222)
	at serie1.ex4.FutureTest$blocking_message_multiple_send_receive$2$thread$1.invoke(BlockingMessageQueueWithFutureTest.kt:179)
	at serie1.ex4.FutureTest$blocking_message_multiple_send_receive$2$thread$1.invoke(BlockingMessageQueueWithFutureTest.kt:169)
	at kotlin.concurrent.ThreadsKt$thread$thread$1.run(Thread.kt:30)
[2022-04-22 21:57:15] [INFO] start writer 
[2022-04-22 21:57:15] [INFO] writer try send [1, 2, 3] 
[2022-04-22 21:57:15] [INFO] writer send [1, 2, 3] 
[2022-04-22 21:57:15] [INFO] writer try send [4, 5] 
[2022-04-22 21:57:15] [INFO] writer send [4, 5] 
[2022-04-22 21:57:15] [INFO] writer try send [6] 
[2022-04-22 21:57:15] [INFO] writer send [6] 
[2022-04-22 21:57:15] [INFO] writer try send [7, 8, 9, 10] 
[2022-04-22 21:57:15] [INFO] start reader 
[2022-04-22 21:57:15] [INFO] start writer 
[2022-04-22 21:57:15] [INFO] start writer 
[2022-04-22 21:57:15] [INFO] start writer 
[2022-04-22 21:57:15] [INFO] writer try send [18, 19, 20] 
[2022-04-22 21:57:15] [INFO] start get result 
[2022-04-22 21:57:15] [INFO] end get result 1 
[2022-04-22 21:57:15] [INFO] reader get 1 
[2022-04-22 21:57:15] [INFO] start writer 
[2022-04-22 21:57:15] [INFO] end writer 
[2022-04-22 21:57:15] [INFO] start writer 
[2022-04-22 21:57:15] [INFO] end writer 
[2022-04-22 21:57:15] [INFO] start reader 
[2022-04-22 21:57:15] [INFO] writer try send [11, 12, 13] 
[2022-04-22 21:57:15] [INFO] start reader 
[2022-04-22 21:57:15] [INFO] writer send [18, 19, 20] 
[2022-04-22 21:57:15] [INFO] end writer 
[2022-04-22 21:57:15] [INFO] start get result 
[2022-04-22 21:57:15] [INFO] end get result 3 
[2022-04-22 21:57:15] [INFO] reader get 3 
[2022-04-22 21:57:15] [INFO] start get result 
[2022-04-22 21:57:15] [INFO] end get result 4 
[2022-04-22 21:57:15] [INFO] reader get 4 
[2022-04-22 21:57:15] [INFO] start get result 
[2022-04-22 21:57:15] [INFO] end get result 5 
[2022-04-22 21:57:15] [INFO] reader get 5 
[2022-04-22 21:57:15] [INFO] start get result 
[2022-04-22 21:57:15] [INFO] end get result 18 
[2022-04-22 21:57:15] [INFO] reader get 18 
[2022-04-22 21:57:15] [INFO] start get result 
[2022-04-22 21:57:15] [INFO] writer send [7, 8, 9, 10] 
[2022-04-22 21:57:15] [INFO] end writer 
[2022-04-22 21:57:15] [INFO] writer try send [14, 15, 16, 17] 
[2022-04-22 21:57:15] [INFO] end get result 2 
[2022-04-22 21:57:15] [INFO] start get result 
[2022-04-22 21:57:15] [INFO] end get result 19 
[2022-04-22 21:57:15] [INFO] reader get 19 
[2022-04-22 21:57:15] [INFO] start get result 
[2022-04-22 21:57:15] [INFO] end get result 20 
[2022-04-22 21:57:15] [INFO] reader get 20 
[2022-04-22 21:57:15] [INFO] start get result 
[2022-04-22 21:57:15] [INFO] end get result 11 
[2022-04-22 21:57:15] [INFO] reader get 11 
[2022-04-22 21:57:15] [INFO] start get result 
[2022-04-22 21:57:15] [INFO] end get result 12 
[2022-04-22 21:57:15] [INFO] reader get 12 
[2022-04-22 21:57:15] [INFO] start get result 
[2022-04-22 21:57:15] [INFO] end get result 13 
[2022-04-22 21:57:15] [INFO] writer send [14, 15, 16, 17] 
[2022-04-22 21:57:15] [INFO] end writer 
[2022-04-22 21:57:15] [INFO] start get result 
[2022-04-22 21:57:15] [INFO] end get result 6 
[2022-04-22 21:57:15] [INFO] reader get 6 
[2022-04-22 21:57:15] [INFO] start get result 
[2022-04-22 21:57:15] [INFO] end get result 7 
[2022-04-22 21:57:15] [INFO] reader get 7 
[2022-04-22 21:57:15] [INFO] start get result 
[2022-04-22 21:57:15] [INFO] end get result 8 
[2022-04-22 21:57:15] [INFO] reader get 8 
[2022-04-22 21:57:15] [INFO] start get result 
[2022-04-22 21:57:15] [INFO] end get result 9 
[2022-04-22 21:57:15] [INFO] writer send [11, 12, 13] 
[2022-04-22 21:57:15] [INFO] end writer 
[2022-04-22 21:57:15] [INFO] start reader 
[2022-04-22 21:57:15] [INFO] reader get 9 
[2022-04-22 21:57:15] [INFO] reader get 13 
[2022-04-22 21:57:15] [INFO] start get result 
[2022-04-22 21:57:15] [INFO] end get result 14 
[2022-04-22 21:57:15] [INFO] reader get 14 
[2022-04-22 21:57:15] [INFO] start get result 
[2022-04-22 21:57:15] [INFO] end get result 15 
[2022-04-22 21:57:15] [INFO] reader get 15 
[2022-04-22 21:57:15] [INFO] start get result 
[2022-04-22 21:57:15] [INFO] end get result 16 
[2022-04-22 21:57:15] [INFO] reader get 16 
[2022-04-22 21:57:15] [INFO] start get result 
[2022-04-22 21:57:15] [INFO] reader get 2 
[2022-04-22 21:57:15] [INFO] start get result 
[2022-04-22 21:57:15] [INFO] start get result 
[2022-04-22 21:57:15] [INFO] end get result 17 
[2022-04-22 21:57:15] [INFO] reader get 17 
[2022-04-22 21:57:15] [INFO] start get result 
[2022-04-22 21:57:15] [INFO] start reader 
[2022-04-22 21:57:15] [INFO] start get result 
[2022-04-22 21:57:15] [INFO] end get result 10 
[2022-04-22 21:57:15] [INFO] reader get 10 
[2022-04-22 21:57:15] [INFO] start get result 
[2022-04-22 21:57:15] [INFO] start get result 
Exception in thread "Thread-61426" java.util.concurrent.TimeoutException
	at serie1.Ex4.BlockingMessageQueueFuture$MyFuture.get(BlockingMessageQueueFuture.kt:222)
	at serie1.ex4.FutureTest$blocking_message_multiple_send_receive$2$thread$1.invoke(BlockingMessageQueueWithFutureTest.kt:179)
	at serie1.ex4.FutureTest$blocking_message_multiple_send_receive$2$thread$1.invoke(BlockingMessageQueueWithFutureTest.kt:169)
	at kotlin.concurrent.ThreadsKt$thread$thread$1.run(Thread.kt:30)
Exception in thread "Thread-61427" java.util.concurrent.TimeoutException
	at serie1.Ex4.BlockingMessageQueueFuture$MyFuture.get(BlockingMessageQueueFuture.kt:222)
	at serie1.ex4.FutureTest$blocking_message_multiple_send_receive$2$thread$1.invoke(BlockingMessageQueueWithFutureTest.kt:179)
	at serie1.ex4.FutureTest$blocking_message_multiple_send_receive$2$thread$1.invoke(BlockingMessageQueueWithFutureTest.kt:169)
	at kotlin.concurrent.ThreadsKt$thread$thread$1.run(Thread.kt:30)
Exception in thread "Thread-61424" java.util.concurrent.TimeoutException
	at serie1.Ex4.BlockingMessageQueueFuture$MyFuture.get(BlockingMessageQueueFuture.kt:222)
	at serie1.ex4.FutureTest$blocking_message_multiple_send_receive$2$thread$1.invoke(BlockingMessageQueueWithFutureTest.kt:179)
	at serie1.ex4.FutureTest$blocking_message_multiple_send_receive$2$thread$1.invoke(BlockingMessageQueueWithFutureTest.kt:169)
	at kotlin.concurrent.ThreadsKt$thread$thread$1.run(Thread.kt:30)
Exception in thread "Thread-61425" java.util.concurrent.TimeoutException
	at serie1.Ex4.BlockingMessageQueueFuture$MyFuture.get(BlockingMessageQueueFuture.kt:222)
	at serie1.ex4.FutureTest$blocking_message_multiple_send_receive$2$thread$1.invoke(BlockingMessageQueueWithFutureTest.kt:179)
	at serie1.ex4.FutureTest$blocking_message_multiple_send_receive$2$thread$1.invoke(BlockingMessageQueueWithFutureTest.kt:169)
	at kotlin.concurrent.ThreadsKt$thread$thread$1.run(Thread.kt:30)
Exception in thread "Thread-61423" java.util.concurrent.TimeoutException
	at serie1.Ex4.BlockingMessageQueueFuture$MyFuture.get(BlockingMessageQueueFuture.kt:222)
	at serie1.ex4.FutureTest$blocking_message_multiple_send_receive$2$thread$1.invoke(BlockingMessageQueueWithFutureTest.kt:179)
	at serie1.ex4.FutureTest$blocking_message_multiple_send_receive$2$thread$1.invoke(BlockingMessageQueueWithFutureTest.kt:169)
	at kotlin.concurrent.ThreadsKt$thread$thread$1.run(Thread.kt:30)
[2022-04-22 21:57:17] [INFO] start writer 
[2022-04-22 21:57:17] [INFO] start reader 
[2022-04-22 21:57:17] [INFO] start writer 
[2022-04-22 21:57:17] [INFO] writer try send [4, 5] 
[2022-04-22 21:57:17] [INFO] writer try send [1, 2, 3] 
[2022-04-22 21:57:17] [INFO] start reader 
[2022-04-22 21:57:17] [INFO] start writer 
[2022-04-22 21:57:17] [INFO] start writer 
[2022-04-22 21:57:17] [INFO] writer try send [7, 8, 9, 10] 
[2022-04-22 21:57:17] [INFO] writer send [7, 8, 9, 10] 
[2022-04-22 21:57:17] [INFO] writer try send [11, 12, 13] 
[2022-04-22 21:57:17] [INFO] start writer 
[2022-04-22 21:57:17] [INFO] writer try send [14, 15, 16, 17] 
[2022-04-22 21:57:17] [INFO] start get result 
[2022-04-22 21:57:17] [INFO] end get result 5 
[2022-04-22 21:57:17] [INFO] start reader 
[2022-04-22 21:57:17] [INFO] start get result 
[2022-04-22 21:57:17] [INFO] end get result 4 
[2022-04-22 21:57:17] [INFO] start reader 
[2022-04-22 21:57:17] [INFO] writer try send [6] 
[2022-04-22 21:57:17] [INFO] writer send [1, 2, 3] 
[2022-04-22 21:57:17] [INFO] start reader 
[2022-04-22 21:57:17] [INFO] start get result 
[2022-04-22 21:57:17] [INFO] end get result 1 
[2022-04-22 21:57:17] [INFO] writer send [4, 5] 
[2022-04-22 21:57:17] [INFO] start writer 
[2022-04-22 21:57:17] [INFO] end writer 
[2022-04-22 21:57:17] [INFO] reader get 1 
[2022-04-22 21:57:17] [INFO] start get result 
[2022-04-22 21:57:17] [INFO] end get result 7 
[2022-04-22 21:57:17] [INFO] reader get 7 
[2022-04-22 21:57:17] [INFO] start get result 
[2022-04-22 21:57:17] [INFO] end get result 8 
[2022-04-22 21:57:17] [INFO] reader get 8 
[2022-04-22 21:57:17] [INFO] start get result 
[2022-04-22 21:57:17] [INFO] end get result 9 
[2022-04-22 21:57:17] [INFO] reader get 9 
[2022-04-22 21:57:17] [INFO] start get result 
[2022-04-22 21:57:17] [INFO] end get result 10 
[2022-04-22 21:57:17] [INFO] reader get 10 
[2022-04-22 21:57:17] [INFO] start get result 
[2022-04-22 21:57:17] [INFO] end get result 6 
[2022-04-22 21:57:17] [INFO] reader get 6 
[2022-04-22 21:57:17] [INFO] start get result 
[2022-04-22 21:57:17] [INFO] end get result 11 
[2022-04-22 21:57:17] [INFO] reader get 11 
[2022-04-22 21:57:17] [INFO] start get result 
[2022-04-22 21:57:17] [INFO] end get result 12 
[2022-04-22 21:57:17] [INFO] reader get 12 
[2022-04-22 21:57:17] [INFO] start get result 
[2022-04-22 21:57:17] [INFO] end get result 13 
[2022-04-22 21:57:17] [INFO] reader get 13 
[2022-04-22 21:57:17] [INFO] start get result 
[2022-04-22 21:57:17] [INFO] end get result 14 
[2022-04-22 21:57:17] [INFO] reader get 14 
[2022-04-22 21:57:17] [INFO] start get result 
[2022-04-22 21:57:17] [INFO] end get result 15 
[2022-04-22 21:57:17] [INFO] reader get 15 
[2022-04-22 21:57:17] [INFO] start get result 
[2022-04-22 21:57:17] [INFO] end get result 16 
[2022-04-22 21:57:17] [INFO] reader get 16 
[2022-04-22 21:57:17] [INFO] start get result 
[2022-04-22 21:57:17] [INFO] end get result 17 
[2022-04-22 21:57:17] [INFO] reader get 17 
[2022-04-22 21:57:17] [INFO] start get result 
[2022-04-22 21:57:17] [INFO] end writer 
[2022-04-22 21:57:17] [INFO] writer try send [18, 19, 20] 
[2022-04-22 21:57:17] [INFO] writer send [6] 
[2022-04-22 21:57:17] [INFO] end writer 
[2022-04-22 21:57:17] [INFO] reader get 4 
[2022-04-22 21:57:17] [INFO] start get result 
[2022-04-22 21:57:17] [INFO] end get result 19 
[2022-04-22 21:57:17] [INFO] reader get 19 
[2022-04-22 21:57:17] [INFO] start get result 
[2022-04-22 21:57:17] [INFO] end get result 20 
[2022-04-22 21:57:17] [INFO] reader get 20 
[2022-04-22 21:57:17] [INFO] start get result 
[2022-04-22 21:57:17] [INFO] reader get 5 
[2022-04-22 21:57:17] [INFO] start get result 
[2022-04-22 21:57:17] [INFO] end get result 18 
[2022-04-22 21:57:17] [INFO] reader get 18 
[2022-04-22 21:57:17] [INFO] start get result 
[2022-04-22 21:57:17] [INFO] writer send [18, 19, 20] 
[2022-04-22 21:57:17] [INFO] end writer 
[2022-04-22 21:57:17] [INFO] writer send [14, 15, 16, 17] 
[2022-04-22 21:57:17] [INFO] end writer 
[2022-04-22 21:57:17] [INFO] writer send [11, 12, 13] 
[2022-04-22 21:57:17] [INFO] end writer 
[2022-04-22 21:57:17] [INFO] start get result 
[2022-04-22 21:57:17] [INFO] end get result 3 
[2022-04-22 21:57:17] [INFO] reader get 3 
[2022-04-22 21:57:17] [INFO] start get result 
[2022-04-22 21:57:17] [INFO] start get result 
[2022-04-22 21:57:17] [INFO] end get result 2 
[2022-04-22 21:57:17] [INFO] reader get 2 
[2022-04-22 21:57:17] [INFO] start get result 
Exception in thread "Thread-61438" java.util.concurrent.TimeoutException
	at serie1.Ex4.BlockingMessageQueueFuture$MyFuture.get(BlockingMessageQueueFuture.kt:222)
	at serie1.ex4.FutureTest$blocking_message_multiple_send_receive$2$thread$1.invoke(BlockingMessageQueueWithFutureTest.kt:179)
	at serie1.ex4.FutureTest$blocking_message_multiple_send_receive$2$thread$1.invoke(BlockingMessageQueueWithFutureTest.kt:169)
	at kotlin.concurrent.ThreadsKt$thread$thread$1.run(Thread.kt:30)
Exception in thread "Thread-61436" java.util.concurrent.TimeoutException
	at serie1.Ex4.BlockingMessageQueueFuture$MyFuture.get(BlockingMessageQueueFuture.kt:222)
	at serie1.ex4.FutureTest$blocking_message_multiple_send_receive$2$thread$1.invoke(BlockingMessageQueueWithFutureTest.kt:179)
	at serie1.ex4.FutureTest$blocking_message_multiple_send_receive$2$thread$1.invoke(BlockingMessageQueueWithFutureTest.kt:169)
	at kotlin.concurrent.ThreadsKt$thread$thread$1.run(Thread.kt:30)
Exception in thread "Thread-61439" java.util.concurrent.TimeoutException
	at serie1.Ex4.BlockingMessageQueueFuture$MyFuture.get(BlockingMessageQueueFuture.kt:222)
	at serie1.ex4.FutureTest$blocking_message_multiple_send_receive$2$thread$1.invoke(BlockingMessageQueueWithFutureTest.kt:179)
	at serie1.ex4.FutureTest$blocking_message_multiple_send_receive$2$thread$1.invoke(BlockingMessageQueueWithFutureTest.kt:169)
	at kotlin.concurrent.ThreadsKt$thread$thread$1.run(Thread.kt:30)
Exception in thread "Thread-61435" java.util.concurrent.TimeoutException
	at serie1.Ex4.BlockingMessageQueueFuture$MyFuture.get(BlockingMessageQueueFuture.kt:222)
	at serie1.ex4.FutureTest$blocking_message_multiple_send_receive$2$thread$1.invoke(BlockingMessageQueueWithFutureTest.kt:179)
	at serie1.ex4.FutureTest$blocking_message_multiple_send_receive$2$thread$1.invoke(BlockingMessageQueueWithFutureTest.kt:169)
	at kotlin.concurrent.ThreadsKt$thread$thread$1.run(Thread.kt:30)
Exception in thread "Thread-61437" java.util.concurrent.TimeoutException
	at serie1.Ex4.BlockingMessageQueueFuture$MyFuture.get(BlockingMessageQueueFuture.kt:222)
	at serie1.ex4.FutureTest$blocking_message_multiple_send_receive$2$thread$1.invoke(BlockingMessageQueueWithFutureTest.kt:179)
	at serie1.ex4.FutureTest$blocking_message_multiple_send_receive$2$thread$1.invoke(BlockingMessageQueueWithFutureTest.kt:169)
	at kotlin.concurrent.ThreadsKt$thread$thread$1.run(Thread.kt:30)
[2022-04-22 21:57:19] [INFO] start reader 
[2022-04-22 21:57:19] [INFO] start reader 
[2022-04-22 21:57:19] [INFO] start writer 
[2022-04-22 21:57:19] [INFO] start reader 
[2022-04-22 21:57:19] [INFO] start writer 
[2022-04-22 21:57:19] [INFO] writer try send [4, 5] 
[2022-04-22 21:57:19] [INFO] writer send [4, 5] 
[2022-04-22 21:57:19] [INFO] writer try send [6] 
[2022-04-22 21:57:19] [INFO] writer send [6] 
[2022-04-22 21:57:19] [INFO] writer try send [7, 8, 9, 10] 
[2022-04-22 21:57:19] [INFO] writer send [7, 8, 9, 10] 
[2022-04-22 21:57:19] [INFO] writer try send [11, 12, 13] 
[2022-04-22 21:57:19] [INFO] writer send [11, 12, 13] 
[2022-04-22 21:57:19] [INFO] writer try send [14, 15, 16, 17] 
[2022-04-22 21:57:19] [INFO] start writer 
[2022-04-22 21:57:19] [INFO] writer try send [18, 19, 20] 
[2022-04-22 21:57:19] [INFO] start get result 
[2022-04-22 21:57:19] [INFO] end get result 5 
[2022-04-22 21:57:19] [INFO] reader get 5 
[2022-04-22 21:57:19] [INFO] start get result 
[2022-04-22 21:57:19] [INFO] end get result 6 
[2022-04-22 21:57:19] [INFO] reader get 6 
[2022-04-22 21:57:19] [INFO] writer try send [1, 2, 3] 
[2022-04-22 21:57:19] [INFO] writer send [18, 19, 20] 
[2022-04-22 21:57:19] [INFO] start writer 
[2022-04-22 21:57:19] [INFO] end writer 
[2022-04-22 21:57:19] [INFO] end writer 
[2022-04-22 21:57:19] [INFO] start get result 
[2022-04-22 21:57:19] [INFO] end get result 8 
[2022-04-22 21:57:19] [INFO] reader get 8 
[2022-04-22 21:57:19] [INFO] start get result 
[2022-04-22 21:57:19] [INFO] end get result 9 
[2022-04-22 21:57:19] [INFO] reader get 9 
[2022-04-22 21:57:19] [INFO] start get result 
[2022-04-22 21:57:19] [INFO] end get result 10 
[2022-04-22 21:57:19] [INFO] reader get 10 
[2022-04-22 21:57:19] [INFO] start get result 
[2022-04-22 21:57:19] [INFO] end get result 11 
[2022-04-22 21:57:19] [INFO] reader get 11 
[2022-04-22 21:57:19] [INFO] start get result 
[2022-04-22 21:57:19] [INFO] end get result 12 
[2022-04-22 21:57:19] [INFO] reader get 12 
[2022-04-22 21:57:19] [INFO] start get result 
[2022-04-22 21:57:19] [INFO] end get result 13 
[2022-04-22 21:57:19] [INFO] reader get 13 
[2022-04-22 21:57:19] [INFO] start get result 
[2022-04-22 21:57:19] [INFO] end get result 18 
[2022-04-22 21:57:19] [INFO] reader get 18 
[2022-04-22 21:57:19] [INFO] start get result 
[2022-04-22 21:57:19] [INFO] end get result 19 
[2022-04-22 21:57:19] [INFO] reader get 19 
[2022-04-22 21:57:19] [INFO] start get result 
[2022-04-22 21:57:19] [INFO] end get result 20 
[2022-04-22 21:57:19] [INFO] reader get 20 
[2022-04-22 21:57:19] [INFO] start get result 
[2022-04-22 21:57:19] [INFO] end get result 14 
[2022-04-22 21:57:19] [INFO] reader get 14 
[2022-04-22 21:57:19] [INFO] start get result 
[2022-04-22 21:57:19] [INFO] end get result 7 
[2022-04-22 21:57:19] [INFO] reader get 7 
[2022-04-22 21:57:19] [INFO] start get result 
[2022-04-22 21:57:19] [INFO] end get result 16 
[2022-04-22 21:57:19] [INFO] reader get 16 
[2022-04-22 21:57:19] [INFO] start get result 
[2022-04-22 21:57:19] [INFO] end get result 17 
[2022-04-22 21:57:19] [INFO] reader get 17 
[2022-04-22 21:57:19] [INFO] start get result 
[2022-04-22 21:57:19] [INFO] end get result 1 
[2022-04-22 21:57:19] [INFO] reader get 1 
[2022-04-22 21:57:19] [INFO] start get result 
[2022-04-22 21:57:19] [INFO] end get result 4 
[2022-04-22 21:57:19] [INFO] reader get 4 
[2022-04-22 21:57:19] [INFO] start get result 
[2022-04-22 21:57:19] [INFO] end get result 3 
[2022-04-22 21:57:19] [INFO] reader get 3 
[2022-04-22 21:57:19] [INFO] start get result 
[2022-04-22 21:57:19] [INFO] start writer 
[2022-04-22 21:57:19] [INFO] end writer 
[2022-04-22 21:57:19] [INFO] start reader 
[2022-04-22 21:57:19] [INFO] start writer 
[2022-04-22 21:57:19] [INFO] end writer 
[2022-04-22 21:57:19] [INFO] start reader 
[2022-04-22 21:57:19] [INFO] start get result 
[2022-04-22 21:57:19] [INFO] end get result 2 
[2022-04-22 21:57:19] [INFO] start get result 
[2022-04-22 21:57:19] [INFO] start get result 
[2022-04-22 21:57:19] [INFO] writer send [1, 2, 3] 
[2022-04-22 21:57:19] [INFO] end writer 
[2022-04-22 21:57:19] [INFO] writer send [14, 15, 16, 17] 
[2022-04-22 21:57:19] [INFO] end writer 
[2022-04-22 21:57:19] [INFO] start get result 
[2022-04-22 21:57:19] [INFO] end get result 15 
[2022-04-22 21:57:19] [INFO] reader get 2 
[2022-04-22 21:57:19] [INFO] start get result 
[2022-04-22 21:57:19] [INFO] reader get 15 
[2022-04-22 21:57:19] [INFO] start get result 
Exception in thread "Thread-61448" java.util.concurrent.TimeoutException
	at serie1.Ex4.BlockingMessageQueueFuture$MyFuture.get(BlockingMessageQueueFuture.kt:222)
	at serie1.ex4.FutureTest$blocking_message_multiple_send_receive$2$thread$1.invoke(BlockingMessageQueueWithFutureTest.kt:179)
	at serie1.ex4.FutureTest$blocking_message_multiple_send_receive$2$thread$1.invoke(BlockingMessageQueueWithFutureTest.kt:169)
	at kotlin.concurrent.ThreadsKt$thread$thread$1.run(Thread.kt:30)
Exception in thread "Thread-61449" java.util.concurrent.TimeoutException
	at serie1.Ex4.BlockingMessageQueueFuture$MyFuture.get(BlockingMessageQueueFuture.kt:222)
	at serie1.ex4.FutureTest$blocking_message_multiple_send_receive$2$thread$1.invoke(BlockingMessageQueueWithFutureTest.kt:179)
	at serie1.ex4.FutureTest$blocking_message_multiple_send_receive$2$thread$1.invoke(BlockingMessageQueueWithFutureTest.kt:169)
	at kotlin.concurrent.ThreadsKt$thread$thread$1.run(Thread.kt:30)
Exception in thread "Thread-61450" java.util.concurrent.TimeoutException
	at serie1.Ex4.BlockingMessageQueueFuture$MyFuture.get(BlockingMessageQueueFuture.kt:222)
	at serie1.ex4.FutureTest$blocking_message_multiple_send_receive$2$thread$1.invoke(BlockingMessageQueueWithFutureTest.kt:179)
	at serie1.ex4.FutureTest$blocking_message_multiple_send_receive$2$thread$1.invoke(BlockingMessageQueueWithFutureTest.kt:169)
	at kotlin.concurrent.ThreadsKt$thread$thread$1.run(Thread.kt:30)
Exception in thread "Thread-61451" java.util.concurrent.TimeoutException
	at serie1.Ex4.BlockingMessageQueueFuture$MyFuture.get(BlockingMessageQueueFuture.kt:222)
	at serie1.ex4.FutureTest$blocking_message_multiple_send_receive$2$thread$1.invoke(BlockingMessageQueueWithFutureTest.kt:179)
	at serie1.ex4.FutureTest$blocking_message_multiple_send_receive$2$thread$1.invoke(BlockingMessageQueueWithFutureTest.kt:169)
	at kotlin.concurrent.ThreadsKt$thread$thread$1.run(Thread.kt:30)
Exception in thread "Thread-61447" java.util.concurrent.TimeoutException
	at serie1.Ex4.BlockingMessageQueueFuture$MyFuture.get(BlockingMessageQueueFuture.kt:222)
	at serie1.ex4.FutureTest$blocking_message_multiple_send_receive$2$thread$1.invoke(BlockingMessageQueueWithFutureTest.kt:179)
	at serie1.ex4.FutureTest$blocking_message_multiple_send_receive$2$thread$1.invoke(BlockingMessageQueueWithFutureTest.kt:169)
	at kotlin.concurrent.ThreadsKt$thread$thread$1.run(Thread.kt:30)
[2022-04-22 21:57:21] [INFO] start writer 
[2022-04-22 21:57:21] [INFO] writer try send [1, 2, 3] 
[2022-04-22 21:57:21] [INFO] writer send [1, 2, 3] 
[2022-04-22 21:57:21] [INFO] writer try send [4, 5] 
[2022-04-22 21:57:21] [INFO] start writer 
[2022-04-22 21:57:21] [INFO] writer try send [6] 
[2022-04-22 21:57:21] [INFO] writer send [4, 5] 
[2022-04-22 21:57:21] [INFO] writer try send [7, 8, 9, 10] 
[2022-04-22 21:57:21] [INFO] start writer 
[2022-04-22 21:57:21] [INFO] writer try send [11, 12, 13] 
[2022-04-22 21:57:21] [INFO] start writer 
[2022-04-22 21:57:21] [INFO] start reader 
[2022-04-22 21:57:21] [INFO] writer try send [14, 15, 16, 17] 
[2022-04-22 21:57:21] [INFO] start writer 
[2022-04-22 21:57:21] [INFO] writer try send [18, 19, 20] 
[2022-04-22 21:57:21] [INFO] start writer 
[2022-04-22 21:57:21] [INFO] end writer 
[2022-04-22 21:57:21] [INFO] start writer 
[2022-04-22 21:57:21] [INFO] end writer 
[2022-04-22 21:57:21] [INFO] start get result 
[2022-04-22 21:57:21] [INFO] end get result 1 
[2022-04-22 21:57:21] [INFO] reader get 1 
[2022-04-22 21:57:21] [INFO] start reader 
[2022-04-22 21:57:21] [INFO] start get result 
[2022-04-22 21:57:21] [INFO] end get result 2 
[2022-04-22 21:57:21] [INFO] reader get 2 
[2022-04-22 21:57:21] [INFO] writer send [6] 
[2022-04-22 21:57:21] [INFO] end writer 
[2022-04-22 21:57:21] [INFO] start get result 
[2022-04-22 21:57:21] [INFO] end get result 3 
[2022-04-22 21:57:21] [INFO] start get result 
[2022-04-22 21:57:21] [INFO] end get result 4 
[2022-04-22 21:57:21] [INFO] reader get 4 
[2022-04-22 21:57:21] [INFO] start get result 
[2022-04-22 21:57:21] [INFO] end get result 5 
[2022-04-22 21:57:21] [INFO] reader get 5 
[2022-04-22 21:57:21] [INFO] start reader 
[2022-04-22 21:57:21] [INFO] start get result 
[2022-04-22 21:57:21] [INFO] end get result 6 
[2022-04-22 21:57:21] [INFO] reader get 6 
[2022-04-22 21:57:21] [INFO] start get result 
[2022-04-22 21:57:21] [INFO] end get result 18 
[2022-04-22 21:57:21] [INFO] reader get 18 
[2022-04-22 21:57:21] [INFO] start get result 
[2022-04-22 21:57:21] [INFO] end get result 19 
[2022-04-22 21:57:21] [INFO] reader get 19 
[2022-04-22 21:57:21] [INFO] start get result 
[2022-04-22 21:57:21] [INFO] end get result 20 
[2022-04-22 21:57:21] [INFO] reader get 20 
[2022-04-22 21:57:21] [INFO] start get result 
[2022-04-22 21:57:21] [INFO] start get result 
[2022-04-22 21:57:21] [INFO] end get result 12 
[2022-04-22 21:57:21] [INFO] reader get 12 
[2022-04-22 21:57:21] [INFO] start get result 
[2022-04-22 21:57:21] [INFO] end get result 13 
[2022-04-22 21:57:21] [INFO] reader get 13 
[2022-04-22 21:57:21] [INFO] start get result 
[2022-04-22 21:57:21] [INFO] end get result 14 
[2022-04-22 21:57:21] [INFO] reader get 14 
[2022-04-22 21:57:21] [INFO] start get result 
[2022-04-22 21:57:21] [INFO] end get result 15 
[2022-04-22 21:57:21] [INFO] reader get 15 
[2022-04-22 21:57:21] [INFO] start get result 
[2022-04-22 21:57:21] [INFO] writer send [7, 8, 9, 10] 
[2022-04-22 21:57:21] [INFO] end writer 
[2022-04-22 21:57:21] [INFO] reader get 3 
[2022-04-22 21:57:21] [INFO] start get result 
[2022-04-22 21:57:21] [INFO] end get result 17 
[2022-04-22 21:57:21] [INFO] reader get 17 
[2022-04-22 21:57:21] [INFO] end get result 16 
[2022-04-22 21:57:21] [INFO] reader get 16 
[2022-04-22 21:57:21] [INFO] start get result 
[2022-04-22 21:57:21] [INFO] end get result 8 
[2022-04-22 21:57:21] [INFO] reader get 8 
[2022-04-22 21:57:21] [INFO] start get result 
[2022-04-22 21:57:21] [INFO] end get result 9 
[2022-04-22 21:57:21] [INFO] reader get 9 
[2022-04-22 21:57:21] [INFO] start get result 
[2022-04-22 21:57:21] [INFO] end get result 10 
[2022-04-22 21:57:21] [INFO] reader get 10 
[2022-04-22 21:57:21] [INFO] start get result 
[2022-04-22 21:57:21] [INFO] writer send [14, 15, 16, 17] 
[2022-04-22 21:57:21] [INFO] end writer 
[2022-04-22 21:57:21] [INFO] end get result 11 
[2022-04-22 21:57:21] [INFO] reader get 11 
[2022-04-22 21:57:21] [INFO] start get result 
[2022-04-22 21:57:21] [INFO] writer send [11, 12, 13] 
[2022-04-22 21:57:21] [INFO] end writer 
[2022-04-22 21:57:21] [INFO] start reader 
[2022-04-22 21:57:21] [INFO] writer send [18, 19, 20] 
[2022-04-22 21:57:21] [INFO] start reader 
[2022-04-22 21:57:21] [INFO] start get result 
[2022-04-22 21:57:21] [INFO] end get result 7 
[2022-04-22 21:57:21] [INFO] reader get 7 
[2022-04-22 21:57:21] [INFO] start get result 
[2022-04-22 21:57:21] [INFO] end writer 
[2022-04-22 21:57:21] [INFO] start get result 
[2022-04-22 21:57:21] [INFO] start get result 
Exception in thread "Thread-61463" java.util.concurrent.TimeoutException
	at serie1.Ex4.BlockingMessageQueueFuture$MyFuture.get(BlockingMessageQueueFuture.kt:222)
	at serie1.ex4.FutureTest$blocking_message_multiple_send_receive$2$thread$1.invoke(BlockingMessageQueueWithFutureTest.kt:179)
	at serie1.ex4.FutureTest$blocking_message_multiple_send_receive$2$thread$1.invoke(BlockingMessageQueueWithFutureTest.kt:169)
	at kotlin.concurrent.ThreadsKt$thread$thread$1.run(Thread.kt:30)
Exception in thread "Thread-61461" java.util.concurrent.TimeoutException
	at serie1.Ex4.BlockingMessageQueueFuture$MyFuture.get(BlockingMessageQueueFuture.kt:222)
	at serie1.ex4.FutureTest$blocking_message_multiple_send_receive$2$thread$1.invoke(BlockingMessageQueueWithFutureTest.kt:179)
	at serie1.ex4.FutureTest$blocking_message_multiple_send_receive$2$thread$1.invoke(BlockingMessageQueueWithFutureTest.kt:169)
	at kotlin.concurrent.ThreadsKt$thread$thread$1.run(Thread.kt:30)
Exception in thread "Thread-61464" java.util.concurrent.TimeoutException
	at serie1.Ex4.BlockingMessageQueueFuture$MyFuture.get(BlockingMessageQueueFuture.kt:222)
	at serie1.ex4.FutureTest$blocking_message_multiple_send_receive$2$thread$1.invoke(BlockingMessageQueueWithFutureTest.kt:179)
	at serie1.ex4.FutureTest$blocking_message_multiple_send_receive$2$thread$1.invoke(BlockingMessageQueueWithFutureTest.kt:169)
	at kotlin.concurrent.ThreadsKt$thread$thread$1.run(Thread.kt:30)
Exception in thread "Thread-61462" java.util.concurrent.TimeoutException
	at serie1.Ex4.BlockingMessageQueueFuture$MyFuture.get(BlockingMessageQueueFuture.kt:222)
	at serie1.ex4.FutureTest$blocking_message_multiple_send_receive$2$thread$1.invoke(BlockingMessageQueueWithFutureTest.kt:179)
	at serie1.ex4.FutureTest$blocking_message_multiple_send_receive$2$thread$1.invoke(BlockingMessageQueueWithFutureTest.kt:169)
	at kotlin.concurrent.ThreadsKt$thread$thread$1.run(Thread.kt:30)
Exception in thread "Thread-61460" java.util.concurrent.TimeoutException
	at serie1.Ex4.BlockingMessageQueueFuture$MyFuture.get(BlockingMessageQueueFuture.kt:222)
	at serie1.ex4.FutureTest$blocking_message_multiple_send_receive$2$thread$1.invoke(BlockingMessageQueueWithFutureTest.kt:179)
	at serie1.ex4.FutureTest$blocking_message_multiple_send_receive$2$thread$1.invoke(BlockingMessageQueueWithFutureTest.kt:169)
	at kotlin.concurrent.ThreadsKt$thread$thread$1.run(Thread.kt:30)
[2022-04-22 21:57:23] [INFO] start writer 
[2022-04-22 21:57:23] [INFO] writer try send [1, 2, 3] 
[2022-04-22 21:57:23] [INFO] writer send [1, 2, 3] 
[2022-04-22 21:57:23] [INFO] writer try send [4, 5] 
[2022-04-22 21:57:23] [INFO] writer send [4, 5] 
[2022-04-22 21:57:23] [INFO] writer try send [6] 
[2022-04-22 21:57:23] [INFO] writer send [6] 
[2022-04-22 21:57:23] [INFO] writer try send [7, 8, 9, 10] 
[2022-04-22 21:57:23] [INFO] start writer 
[2022-04-22 21:57:23] [INFO] writer try send [11, 12, 13] 
[2022-04-22 21:57:23] [INFO] start writer 
[2022-04-22 21:57:23] [INFO] writer try send [14, 15, 16, 17] 
[2022-04-22 21:57:23] [INFO] start reader 
[2022-04-22 21:57:23] [INFO] start writer 
[2022-04-22 21:57:23] [INFO] start writer 
[2022-04-22 21:57:23] [INFO] end writer 
[2022-04-22 21:57:23] [INFO] start writer 
[2022-04-22 21:57:23] [INFO] end writer 
[2022-04-22 21:57:23] [INFO] start get result 
[2022-04-22 21:57:23] [INFO] end get result 1 
[2022-04-22 21:57:23] [INFO] reader get 1 
[2022-04-22 21:57:23] [INFO] start get result 
[2022-04-22 21:57:23] [INFO] end get result 2 
[2022-04-22 21:57:23] [INFO] reader get 2 
[2022-04-22 21:57:23] [INFO] start get result 
[2022-04-22 21:57:23] [INFO] end get result 3 
[2022-04-22 21:57:23] [INFO] reader get 3 
[2022-04-22 21:57:23] [INFO] start get result 
[2022-04-22 21:57:23] [INFO] end get result 4 
[2022-04-22 21:57:23] [INFO] reader get 4 
[2022-04-22 21:57:23] [INFO] start get result 
[2022-04-22 21:57:23] [INFO] end get result 5 
[2022-04-22 21:57:23] [INFO] reader get 5 
[2022-04-22 21:57:23] [INFO] start get result 
[2022-04-22 21:57:23] [INFO] end get result 6 
[2022-04-22 21:57:23] [INFO] reader get 6 
[2022-04-22 21:57:23] [INFO] start get result 
[2022-04-22 21:57:23] [INFO] end get result 11 
[2022-04-22 21:57:23] [INFO] reader get 11 
[2022-04-22 21:57:23] [INFO] start get result 
[2022-04-22 21:57:23] [INFO] start writer 
[2022-04-22 21:57:23] [INFO] end writer 
[2022-04-22 21:57:23] [INFO] writer try send [18, 19, 20] 
[2022-04-22 21:57:23] [INFO] start reader 
[2022-04-22 21:57:23] [INFO] end get result 12 
[2022-04-22 21:57:23] [INFO] reader get 12 
[2022-04-22 21:57:23] [INFO] start get result 
[2022-04-22 21:57:23] [INFO] end get result 13 
[2022-04-22 21:57:23] [INFO] reader get 13 
[2022-04-22 21:57:23] [INFO] start get result 
[2022-04-22 21:57:23] [INFO] end get result 14 
[2022-04-22 21:57:23] [INFO] reader get 14 
[2022-04-22 21:57:23] [INFO] start get result 
[2022-04-22 21:57:23] [INFO] end get result 16 
[2022-04-22 21:57:23] [INFO] reader get 16 
[2022-04-22 21:57:23] [INFO] start get result 
[2022-04-22 21:57:23] [INFO] end get result 17 
[2022-04-22 21:57:23] [INFO] reader get 17 
[2022-04-22 21:57:23] [INFO] start get result 
[2022-04-22 21:57:23] [INFO] writer send [7, 8, 9, 10] 
[2022-04-22 21:57:23] [INFO] end writer 
[2022-04-22 21:57:23] [INFO] writer send [14, 15, 16, 17] 
[2022-04-22 21:57:23] [INFO] end writer 
[2022-04-22 21:57:23] [INFO] writer send [11, 12, 13] 
[2022-04-22 21:57:23] [INFO] end writer 
[2022-04-22 21:57:23] [INFO] end get result 18 
[2022-04-22 21:57:23] [INFO] start get result 
[2022-04-22 21:57:23] [INFO] end get result 15 
[2022-04-22 21:57:23] [INFO] reader get 15 
[2022-04-22 21:57:23] [INFO] start get result 
[2022-04-22 21:57:23] [INFO] end get result 19 
[2022-04-22 21:57:23] [INFO] reader get 19 
[2022-04-22 21:57:23] [INFO] start get result 
[2022-04-22 21:57:23] [INFO] end get result 20 
[2022-04-22 21:57:23] [INFO] reader get 20 
[2022-04-22 21:57:23] [INFO] start get result 
[2022-04-22 21:57:23] [INFO] end get result 7 
[2022-04-22 21:57:23] [INFO] reader get 7 
[2022-04-22 21:57:23] [INFO] start get result 
[2022-04-22 21:57:23] [INFO] end get result 8 
[2022-04-22 21:57:23] [INFO] reader get 8 
[2022-04-22 21:57:23] [INFO] start get result 
[2022-04-22 21:57:23] [INFO] end get result 9 
[2022-04-22 21:57:23] [INFO] reader get 9 
[2022-04-22 21:57:23] [INFO] start get result 
[2022-04-22 21:57:23] [INFO] end get result 10 
[2022-04-22 21:57:23] [INFO] reader get 10 
[2022-04-22 21:57:23] [INFO] start get result 
[2022-04-22 21:57:23] [INFO] writer send [18, 19, 20] 
[2022-04-22 21:57:23] [INFO] end writer 
[2022-04-22 21:57:23] [INFO] start reader 
[2022-04-22 21:57:23] [INFO] reader get 18 
[2022-04-22 21:57:23] [INFO] start get result 
[2022-04-22 21:57:23] [INFO] start reader 
[2022-04-22 21:57:23] [INFO] start reader 
[2022-04-22 21:57:23] [INFO] start get result 
[2022-04-22 21:57:23] [INFO] start get result 
[2022-04-22 21:57:23] [INFO] start get result 
Exception in thread "Thread-61477" java.util.concurrent.TimeoutException
	at serie1.Ex4.BlockingMessageQueueFuture$MyFuture.get(BlockingMessageQueueFuture.kt:222)
	at serie1.ex4.FutureTest$blocking_message_multiple_send_receive$2$thread$1.invoke(BlockingMessageQueueWithFutureTest.kt:179)
	at serie1.ex4.FutureTest$blocking_message_multiple_send_receive$2$thread$1.invoke(BlockingMessageQueueWithFutureTest.kt:169)
	at kotlin.concurrent.ThreadsKt$thread$thread$1.run(Thread.kt:30)
Exception in thread "Thread-61476" java.util.concurrent.TimeoutException
	at serie1.Ex4.BlockingMessageQueueFuture$MyFuture.get(BlockingMessageQueueFuture.kt:222)
	at serie1.ex4.FutureTest$blocking_message_multiple_send_receive$2$thread$1.invoke(BlockingMessageQueueWithFutureTest.kt:179)
	at serie1.ex4.FutureTest$blocking_message_multiple_send_receive$2$thread$1.invoke(BlockingMessageQueueWithFutureTest.kt:169)
	at kotlin.concurrent.ThreadsKt$thread$thread$1.run(Thread.kt:30)
Exception in thread "Thread-61475" java.util.concurrent.TimeoutException
	at serie1.Ex4.BlockingMessageQueueFuture$MyFuture.get(BlockingMessageQueueFuture.kt:222)
	at serie1.ex4.FutureTest$blocking_message_multiple_send_receive$2$thread$1.invoke(BlockingMessageQueueWithFutureTest.kt:179)
	at serie1.ex4.FutureTest$blocking_message_multiple_send_receive$2$thread$1.invoke(BlockingMessageQueueWithFutureTest.kt:169)
	at kotlin.concurrent.ThreadsKt$thread$thread$1.run(Thread.kt:30)
Exception in thread "Thread-61474" java.util.concurrent.TimeoutException
	at serie1.Ex4.BlockingMessageQueueFuture$MyFuture.get(BlockingMessageQueueFuture.kt:222)
	at serie1.ex4.FutureTest$blocking_message_multiple_send_receive$2$thread$1.invoke(BlockingMessageQueueWithFutureTest.kt:179)
	at serie1.ex4.FutureTest$blocking_message_multiple_send_receive$2$thread$1.invoke(BlockingMessageQueueWithFutureTest.kt:169)
	at kotlin.concurrent.ThreadsKt$thread$thread$1.run(Thread.kt:30)
Exception in thread "Thread-61473" java.util.concurrent.TimeoutException
	at serie1.Ex4.BlockingMessageQueueFuture$MyFuture.get(BlockingMessageQueueFuture.kt:222)
	at serie1.ex4.FutureTest$blocking_message_multiple_send_receive$2$thread$1.invoke(BlockingMessageQueueWithFutureTest.kt:179)
	at serie1.ex4.FutureTest$blocking_message_multiple_send_receive$2$thread$1.invoke(BlockingMessageQueueWithFutureTest.kt:169)
	at kotlin.concurrent.ThreadsKt$thread$thread$1.run(Thread.kt:30)
[2022-04-22 21:57:25] [INFO] start writer 
[2022-04-22 21:57:25] [INFO] writer try send [1, 2, 3] 
[2022-04-22 21:57:25] [INFO] writer send [1, 2, 3] 
[2022-04-22 21:57:25] [INFO] writer try send [4, 5] 
[2022-04-22 21:57:25] [INFO] writer send [4, 5] 
[2022-04-22 21:57:25] [INFO] writer try send [6] 
[2022-04-22 21:57:25] [INFO] writer send [6] 
[2022-04-22 21:57:25] [INFO] writer try send [7, 8, 9, 10] 
[2022-04-22 21:57:25] [INFO] start writer 
[2022-04-22 21:57:25] [INFO] writer try send [11, 12, 13] 
[2022-04-22 21:57:25] [INFO] start reader 
[2022-04-22 21:57:25] [INFO] start writer 
[2022-04-22 21:57:25] [INFO] start reader 
[2022-04-22 21:57:25] [INFO] start writer 
[2022-04-22 21:57:25] [INFO] start writer 
[2022-04-22 21:57:25] [INFO] end writer 
[2022-04-22 21:57:25] [INFO] start get result 
[2022-04-22 21:57:25] [INFO] end get result 1 
[2022-04-22 21:57:25] [INFO] reader get 1 
[2022-04-22 21:57:25] [INFO] start get result 
[2022-04-22 21:57:25] [INFO] end get result 2 
[2022-04-22 21:57:25] [INFO] reader get 2 
[2022-04-22 21:57:25] [INFO] start get result 
[2022-04-22 21:57:25] [INFO] end get result 4 
[2022-04-22 21:57:25] [INFO] reader get 4 
[2022-04-22 21:57:25] [INFO] start writer 
[2022-04-22 21:57:25] [INFO] end writer 
[2022-04-22 21:57:25] [INFO] writer try send [14, 15, 16, 17] 
[2022-04-22 21:57:25] [INFO] start writer 
[2022-04-22 21:57:25] [INFO] end writer 
[2022-04-22 21:57:25] [INFO] start get result 
[2022-04-22 21:57:25] [INFO] end get result 5 
[2022-04-22 21:57:25] [INFO] reader get 5 
[2022-04-22 21:57:25] [INFO] start get result 
[2022-04-22 21:57:25] [INFO] end get result 6 
[2022-04-22 21:57:25] [INFO] writer send [7, 8, 9, 10] 
[2022-04-22 21:57:25] [INFO] end writer 
[2022-04-22 21:57:25] [INFO] start get result 
[2022-04-22 21:57:25] [INFO] end get result 3 
[2022-04-22 21:57:25] [INFO] reader get 3 
[2022-04-22 21:57:25] [INFO] start get result 
[2022-04-22 21:57:25] [INFO] end get result 11 
[2022-04-22 21:57:25] [INFO] reader get 11 
[2022-04-22 21:57:25] [INFO] start get result 
[2022-04-22 21:57:25] [INFO] end get result 12 
[2022-04-22 21:57:25] [INFO] reader get 12 
[2022-04-22 21:57:25] [INFO] start get result 
[2022-04-22 21:57:25] [INFO] end get result 13 
[2022-04-22 21:57:25] [INFO] reader get 13 
[2022-04-22 21:57:25] [INFO] writer send [11, 12, 13] 
[2022-04-22 21:57:25] [INFO] end writer 
[2022-04-22 21:57:25] [INFO] start reader 
[2022-04-22 21:57:25] [INFO] writer try send [18, 19, 20] 
[2022-04-22 21:57:25] [INFO] writer send [14, 15, 16, 17] 
[2022-04-22 21:57:25] [INFO] start reader 
[2022-04-22 21:57:25] [INFO] end writer 
[2022-04-22 21:57:25] [INFO] start get result 
[2022-04-22 21:57:25] [INFO] end get result 7 
[2022-04-22 21:57:25] [INFO] reader get 7 
[2022-04-22 21:57:25] [INFO] start get result 
[2022-04-22 21:57:25] [INFO] end get result 8 
[2022-04-22 21:57:25] [INFO] reader get 8 
[2022-04-22 21:57:25] [INFO] start get result 
[2022-04-22 21:57:25] [INFO] end get result 14 
[2022-04-22 21:57:25] [INFO] reader get 14 
[2022-04-22 21:57:25] [INFO] start get result 
[2022-04-22 21:57:25] [INFO] end get result 15 
[2022-04-22 21:57:25] [INFO] reader get 15 
[2022-04-22 21:57:25] [INFO] start get result 
[2022-04-22 21:57:25] [INFO] end get result 16 
[2022-04-22 21:57:25] [INFO] reader get 16 
[2022-04-22 21:57:25] [INFO] start get result 
[2022-04-22 21:57:25] [INFO] end get result 17 
[2022-04-22 21:57:25] [INFO] reader get 17 
[2022-04-22 21:57:25] [INFO] start get result 
[2022-04-22 21:57:25] [INFO] end get result 18 
[2022-04-22 21:57:25] [INFO] reader get 18 
[2022-04-22 21:57:25] [INFO] start get result 
[2022-04-22 21:57:25] [INFO] end get result 19 
[2022-04-22 21:57:25] [INFO] reader get 19 
[2022-04-22 21:57:25] [INFO] start get result 
[2022-04-22 21:57:25] [INFO] end get result 20 
[2022-04-22 21:57:25] [INFO] reader get 20 
[2022-04-22 21:57:25] [INFO] start get result 
[2022-04-22 21:57:25] [INFO] reader get 6 
[2022-04-22 21:57:25] [INFO] start get result 
[2022-04-22 21:57:25] [INFO] writer send [18, 19, 20] 
[2022-04-22 21:57:25] [INFO] end writer 
[2022-04-22 21:57:25] [INFO] start get result 
[2022-04-22 21:57:25] [INFO] end get result 10 
[2022-04-22 21:57:25] [INFO] reader get 10 
[2022-04-22 21:57:25] [INFO] start get result 
[2022-04-22 21:57:25] [INFO] start get result 
[2022-04-22 21:57:25] [INFO] end get result 9 
[2022-04-22 21:57:25] [INFO] reader get 9 
[2022-04-22 21:57:25] [INFO] start get result 
[2022-04-22 21:57:25] [INFO] start reader 
[2022-04-22 21:57:25] [INFO] start get result 
Exception in thread "Thread-61488" java.util.concurrent.TimeoutException
	at serie1.Ex4.BlockingMessageQueueFuture$MyFuture.get(BlockingMessageQueueFuture.kt:222)
	at serie1.ex4.FutureTest$blocking_message_multiple_send_receive$2$thread$1.invoke(BlockingMessageQueueWithFutureTest.kt:179)
	at serie1.ex4.FutureTest$blocking_message_multiple_send_receive$2$thread$1.invoke(BlockingMessageQueueWithFutureTest.kt:169)
	at kotlin.concurrent.ThreadsKt$thread$thread$1.run(Thread.kt:30)
Exception in thread "Thread-61486" java.util.concurrent.TimeoutException
	at serie1.Ex4.BlockingMessageQueueFuture$MyFuture.get(BlockingMessageQueueFuture.kt:222)
	at serie1.ex4.FutureTest$blocking_message_multiple_send_receive$2$thread$1.invoke(BlockingMessageQueueWithFutureTest.kt:179)
	at serie1.ex4.FutureTest$blocking_message_multiple_send_receive$2$thread$1.invoke(BlockingMessageQueueWithFutureTest.kt:169)
	at kotlin.concurrent.ThreadsKt$thread$thread$1.run(Thread.kt:30)
Exception in thread "Thread-61487" java.util.concurrent.TimeoutException
	at serie1.Ex4.BlockingMessageQueueFuture$MyFuture.get(BlockingMessageQueueFuture.kt:222)
	at serie1.ex4.FutureTest$blocking_message_multiple_send_receive$2$thread$1.invoke(BlockingMessageQueueWithFutureTest.kt:179)
	at serie1.ex4.FutureTest$blocking_message_multiple_send_receive$2$thread$1.invoke(BlockingMessageQueueWithFutureTest.kt:169)
	at kotlin.concurrent.ThreadsKt$thread$thread$1.run(Thread.kt:30)
Exception in thread "Thread-61490" java.util.concurrent.TimeoutException
	at serie1.Ex4.BlockingMessageQueueFuture$MyFuture.get(BlockingMessageQueueFuture.kt:222)
	at serie1.ex4.FutureTest$blocking_message_multiple_send_receive$2$thread$1.invoke(BlockingMessageQueueWithFutureTest.kt:179)
	at serie1.ex4.FutureTest$blocking_message_multiple_send_receive$2$thread$1.invoke(BlockingMessageQueueWithFutureTest.kt:169)
	at kotlin.concurrent.ThreadsKt$thread$thread$1.run(Thread.kt:30)
Exception in thread "Thread-61489" java.util.concurrent.TimeoutException
	at serie1.Ex4.BlockingMessageQueueFuture$MyFuture.get(BlockingMessageQueueFuture.kt:222)
	at serie1.ex4.FutureTest$blocking_message_multiple_send_receive$2$thread$1.invoke(BlockingMessageQueueWithFutureTest.kt:179)
	at serie1.ex4.FutureTest$blocking_message_multiple_send_receive$2$thread$1.invoke(BlockingMessageQueueWithFutureTest.kt:169)
	at kotlin.concurrent.ThreadsKt$thread$thread$1.run(Thread.kt:30)
[2022-04-22 21:57:27] [INFO] start writer 
[2022-04-22 21:57:27] [INFO] start writer 
[2022-04-22 21:57:27] [INFO] writer try send [4, 5] 
[2022-04-22 21:57:27] [INFO] start reader 
[2022-04-22 21:57:27] [INFO] start writer 
[2022-04-22 21:57:27] [INFO] writer try send [6] 
[2022-04-22 21:57:27] [INFO] writer send [6] 
[2022-04-22 21:57:27] [INFO] writer try send [7, 8, 9, 10] 
[2022-04-22 21:57:27] [INFO] writer send [7, 8, 9, 10] 
[2022-04-22 21:57:27] [INFO] writer try send [11, 12, 13] 
[2022-04-22 21:57:27] [INFO] start writer 
[2022-04-22 21:57:27] [INFO] writer try send [14, 15, 16, 17] 
[2022-04-22 21:57:27] [INFO] writer send [4, 5] 
[2022-04-22 21:57:27] [INFO] writer try send [18, 19, 20] 
[2022-04-22 21:57:27] [INFO] writer try send [1, 2, 3] 
[2022-04-22 21:57:27] [INFO] start writer 
[2022-04-22 21:57:27] [INFO] end writer 
[2022-04-22 21:57:27] [INFO] start writer 
[2022-04-22 21:57:27] [INFO] end writer 
[2022-04-22 21:57:27] [INFO] start reader 
[2022-04-22 21:57:27] [INFO] start writer 
[2022-04-22 21:57:27] [INFO] end writer 
[2022-04-22 21:57:27] [INFO] start get result 
[2022-04-22 21:57:27] [INFO] end get result 4 
[2022-04-22 21:57:27] [INFO] reader get 4 
[2022-04-22 21:57:27] [INFO] start get result 
[2022-04-22 21:57:27] [INFO] end get result 5 
[2022-04-22 21:57:27] [INFO] reader get 5 
[2022-04-22 21:57:27] [INFO] start get result 
[2022-04-22 21:57:27] [INFO] end get result 6 
[2022-04-22 21:57:27] [INFO] reader get 6 
[2022-04-22 21:57:27] [INFO] start get result 
[2022-04-22 21:57:27] [INFO] end get result 8 
[2022-04-22 21:57:27] [INFO] reader get 8 
[2022-04-22 21:57:27] [INFO] start get result 
[2022-04-22 21:57:27] [INFO] end get result 9 
[2022-04-22 21:57:27] [INFO] reader get 9 
[2022-04-22 21:57:27] [INFO] start reader 
[2022-04-22 21:57:27] [INFO] start get result 
[2022-04-22 21:57:27] [INFO] end get result 10 
[2022-04-22 21:57:27] [INFO] reader get 10 
[2022-04-22 21:57:27] [INFO] start get result 
[2022-04-22 21:57:27] [INFO] end get result 18 
[2022-04-22 21:57:27] [INFO] reader get 18 
[2022-04-22 21:57:27] [INFO] start get result 
[2022-04-22 21:57:27] [INFO] end get result 19 
[2022-04-22 21:57:27] [INFO] reader get 19 
[2022-04-22 21:57:27] [INFO] start get result 
[2022-04-22 21:57:27] [INFO] end get result 20 
[2022-04-22 21:57:27] [INFO] reader get 20 
[2022-04-22 21:57:27] [INFO] start get result 
[2022-04-22 21:57:27] [INFO] end get result 12 
[2022-04-22 21:57:27] [INFO] reader get 12 
[2022-04-22 21:57:27] [INFO] start get result 
[2022-04-22 21:57:27] [INFO] end get result 13 
[2022-04-22 21:57:27] [INFO] reader get 13 
[2022-04-22 21:57:27] [INFO] start get result 
[2022-04-22 21:57:27] [INFO] writer send [11, 12, 13] 
[2022-04-22 21:57:27] [INFO] end writer 
[2022-04-22 21:57:27] [INFO] writer send [18, 19, 20] 
[2022-04-22 21:57:27] [INFO] end writer 
[2022-04-22 21:57:27] [INFO] start get result 
[2022-04-22 21:57:27] [INFO] end get result 7 
[2022-04-22 21:57:27] [INFO] reader get 7 
[2022-04-22 21:57:27] [INFO] start get result 
[2022-04-22 21:57:27] [INFO] end get result 2 
[2022-04-22 21:57:27] [INFO] reader get 2 
[2022-04-22 21:57:27] [INFO] start get result 
[2022-04-22 21:57:27] [INFO] end get result 3 
[2022-04-22 21:57:27] [INFO] reader get 3 
[2022-04-22 21:57:27] [INFO] end get result 1 
[2022-04-22 21:57:27] [INFO] writer send [14, 15, 16, 17] 
[2022-04-22 21:57:27] [INFO] end writer 
[2022-04-22 21:57:27] [INFO] start get result 
[2022-04-22 21:57:27] [INFO] end get result 11 
[2022-04-22 21:57:27] [INFO] reader get 11 
[2022-04-22 21:57:27] [INFO] start get result 
[2022-04-22 21:57:27] [INFO] end get result 15 
[2022-04-22 21:57:27] [INFO] reader get 15 
[2022-04-22 21:57:27] [INFO] start get result 
[2022-04-22 21:57:27] [INFO] end get result 16 
[2022-04-22 21:57:27] [INFO] reader get 16 
[2022-04-22 21:57:27] [INFO] start get result 
[2022-04-22 21:57:27] [INFO] writer send [1, 2, 3] 
[2022-04-22 21:57:27] [INFO] end writer 
[2022-04-22 21:57:27] [INFO] start reader 
[2022-04-22 21:57:27] [INFO] end get result 17 
[2022-04-22 21:57:27] [INFO] reader get 17 
[2022-04-22 21:57:27] [INFO] start get result 
[2022-04-22 21:57:27] [INFO] reader get 1 
[2022-04-22 21:57:27] [INFO] start get result 
[2022-04-22 21:57:27] [INFO] start get result 
[2022-04-22 21:57:27] [INFO] start get result 
[2022-04-22 21:57:27] [INFO] start reader 
[2022-04-22 21:57:27] [INFO] end get result 14 
[2022-04-22 21:57:27] [INFO] reader get 14 
[2022-04-22 21:57:27] [INFO] start get result 
[2022-04-22 21:57:27] [INFO] start get result 
Exception in thread "Thread-61502" java.util.concurrent.TimeoutException
	at serie1.Ex4.BlockingMessageQueueFuture$MyFuture.get(BlockingMessageQueueFuture.kt:222)
	at serie1.ex4.FutureTest$blocking_message_multiple_send_receive$2$thread$1.invoke(BlockingMessageQueueWithFutureTest.kt:179)
	at serie1.ex4.FutureTest$blocking_message_multiple_send_receive$2$thread$1.invoke(BlockingMessageQueueWithFutureTest.kt:169)
	at kotlin.concurrent.ThreadsKt$thread$thread$1.run(Thread.kt:30)
Exception in thread "Thread-61500" java.util.concurrent.TimeoutException
	at serie1.Ex4.BlockingMessageQueueFuture$MyFuture.get(BlockingMessageQueueFuture.kt:222)
	at serie1.ex4.FutureTest$blocking_message_multiple_send_receive$2$thread$1.invoke(BlockingMessageQueueWithFutureTest.kt:179)
	at serie1.ex4.FutureTest$blocking_message_multiple_send_receive$2$thread$1.invoke(BlockingMessageQueueWithFutureTest.kt:169)
	at kotlin.concurrent.ThreadsKt$thread$thread$1.run(Thread.kt:30)
Exception in thread "Thread-61501" java.util.concurrent.TimeoutException
	at serie1.Ex4.BlockingMessageQueueFuture$MyFuture.get(BlockingMessageQueueFuture.kt:222)
	at serie1.ex4.FutureTest$blocking_message_multiple_send_receive$2$thread$1.invoke(BlockingMessageQueueWithFutureTest.kt:179)
	at serie1.ex4.FutureTest$blocking_message_multiple_send_receive$2$thread$1.invoke(BlockingMessageQueueWithFutureTest.kt:169)
	at kotlin.concurrent.ThreadsKt$thread$thread$1.run(Thread.kt:30)
Exception in thread "Thread-61503" java.util.concurrent.TimeoutException
	at serie1.Ex4.BlockingMessageQueueFuture$MyFuture.get(BlockingMessageQueueFuture.kt:222)
	at serie1.ex4.FutureTest$blocking_message_multiple_send_receive$2$thread$1.invoke(BlockingMessageQueueWithFutureTest.kt:179)
	at serie1.ex4.FutureTest$blocking_message_multiple_send_receive$2$thread$1.invoke(BlockingMessageQueueWithFutureTest.kt:169)
	at kotlin.concurrent.ThreadsKt$thread$thread$1.run(Thread.kt:30)
Exception in thread "Thread-61499" java.util.concurrent.TimeoutException
	at serie1.Ex4.BlockingMessageQueueFuture$MyFuture.get(BlockingMessageQueueFuture.kt:222)
	at serie1.ex4.FutureTest$blocking_message_multiple_send_receive$2$thread$1.invoke(BlockingMessageQueueWithFutureTest.kt:179)
	at serie1.ex4.FutureTest$blocking_message_multiple_send_receive$2$thread$1.invoke(BlockingMessageQueueWithFutureTest.kt:169)
	at kotlin.concurrent.ThreadsKt$thread$thread$1.run(Thread.kt:30)
[2022-04-22 21:57:29] [INFO] start writer 
[2022-04-22 21:57:29] [INFO] writer try send [1, 2, 3] 
[2022-04-22 21:57:29] [INFO] start writer 
[2022-04-22 21:57:29] [INFO] writer try send [4, 5] 
[2022-04-22 21:57:29] [INFO] writer send [4, 5] 
[2022-04-22 21:57:29] [INFO] start writer 
[2022-04-22 21:57:29] [INFO] writer try send [7, 8, 9, 10] 
[2022-04-22 21:57:29] [INFO] writer send [7, 8, 9, 10] 
[2022-04-22 21:57:29] [INFO] writer try send [11, 12, 13] 
[2022-04-22 21:57:29] [INFO] start writer 
[2022-04-22 21:57:29] [INFO] writer try send [14, 15, 16, 17] 
[2022-04-22 21:57:29] [INFO] start writer 
[2022-04-22 21:57:29] [INFO] writer send [1, 2, 3] 
[2022-04-22 21:57:29] [INFO] end writer 
[2022-04-22 21:57:29] [INFO] start reader 
[2022-04-22 21:57:29] [INFO] start writer 
[2022-04-22 21:57:29] [INFO] end writer 
[2022-04-22 21:57:29] [INFO] start reader 
[2022-04-22 21:57:29] [INFO] writer try send [18, 19, 20] 
[2022-04-22 21:57:29] [INFO] start writer 
[2022-04-22 21:57:29] [INFO] writer try send [6] 
[2022-04-22 21:57:29] [INFO] writer send [6] 
[2022-04-22 21:57:29] [INFO] end writer 
[2022-04-22 21:57:29] [INFO] end writer 
[2022-04-22 21:57:29] [INFO] start reader 
[2022-04-22 21:57:29] [INFO] start get result 
[2022-04-22 21:57:29] [INFO] start reader 
[2022-04-22 21:57:29] [INFO] start get result 
[2022-04-22 21:57:29] [INFO] end get result 2 
[2022-04-22 21:57:29] [INFO] reader get 2 
[2022-04-22 21:57:29] [INFO] start get result 
[2022-04-22 21:57:29] [INFO] writer send [11, 12, 13] 
[2022-04-22 21:57:29] [INFO] end writer 
[2022-04-22 21:57:29] [INFO] start get result 
[2022-04-22 21:57:29] [INFO] end get result 5 
[2022-04-22 21:57:29] [INFO] start get result 
[2022-04-22 21:57:29] [INFO] end get result 3 
[2022-04-22 21:57:29] [INFO] reader get 3 
[2022-04-22 21:57:29] [INFO] start get result 
[2022-04-22 21:57:29] [INFO] end get result 7 
[2022-04-22 21:57:29] [INFO] reader get 7 
[2022-04-22 21:57:29] [INFO] start get result 
[2022-04-22 21:57:29] [INFO] end get result 8 
[2022-04-22 21:57:29] [INFO] reader get 8 
[2022-04-22 21:57:29] [INFO] start get result 
[2022-04-22 21:57:29] [INFO] writer send [18, 19, 20] 
[2022-04-22 21:57:29] [INFO] end writer 
[2022-04-22 21:57:29] [INFO] start reader 
[2022-04-22 21:57:29] [INFO] end get result 1 
[2022-04-22 21:57:29] [INFO] reader get 1 
[2022-04-22 21:57:29] [INFO] start get result 
[2022-04-22 21:57:29] [INFO] end get result 10 
[2022-04-22 21:57:29] [INFO] reader get 10 
[2022-04-22 21:57:29] [INFO] end get result 9 
[2022-04-22 21:57:29] [INFO] reader get 9 
[2022-04-22 21:57:29] [INFO] start get result 
[2022-04-22 21:57:29] [INFO] writer send [14, 15, 16, 17] 
[2022-04-22 21:57:29] [INFO] end writer 
[2022-04-22 21:57:29] [INFO] reader get 5 
[2022-04-22 21:57:29] [INFO] start get result 
[2022-04-22 21:57:29] [INFO] end get result 13 
[2022-04-22 21:57:29] [INFO] reader get 13 
[2022-04-22 21:57:29] [INFO] start get result 
[2022-04-22 21:57:29] [INFO] end get result 18 
[2022-04-22 21:57:29] [INFO] reader get 18 
[2022-04-22 21:57:29] [INFO] start get result 
[2022-04-22 21:57:29] [INFO] end get result 19 
[2022-04-22 21:57:29] [INFO] reader get 19 
[2022-04-22 21:57:29] [INFO] start get result 
[2022-04-22 21:57:29] [INFO] end get result 20 
[2022-04-22 21:57:29] [INFO] reader get 20 
[2022-04-22 21:57:29] [INFO] start get result 
[2022-04-22 21:57:29] [INFO] end get result 14 
[2022-04-22 21:57:29] [INFO] reader get 14 
[2022-04-22 21:57:29] [INFO] start get result 
[2022-04-22 21:57:29] [INFO] end get result 15 
[2022-04-22 21:57:29] [INFO] reader get 15 
[2022-04-22 21:57:29] [INFO] start get result 
[2022-04-22 21:57:29] [INFO] end get result 16 
[2022-04-22 21:57:29] [INFO] reader get 16 
[2022-04-22 21:57:29] [INFO] start get result 
[2022-04-22 21:57:29] [INFO] end get result 17 
[2022-04-22 21:57:29] [INFO] reader get 17 
[2022-04-22 21:57:29] [INFO] start get result 
[2022-04-22 21:57:29] [INFO] end get result 4 
[2022-04-22 21:57:29] [INFO] reader get 4 
[2022-04-22 21:57:29] [INFO] start get result 
[2022-04-22 21:57:29] [INFO] start get result 
[2022-04-22 21:57:29] [INFO] end get result 12 
[2022-04-22 21:57:29] [INFO] reader get 12 
[2022-04-22 21:57:29] [INFO] start get result 
[2022-04-22 21:57:29] [INFO] end get result 11 
[2022-04-22 21:57:29] [INFO] reader get 11 
[2022-04-22 21:57:29] [INFO] start get result 
[2022-04-22 21:57:29] [INFO] start get result 
[2022-04-22 21:57:29] [INFO] end get result 6 
[2022-04-22 21:57:29] [INFO] reader get 6 
[2022-04-22 21:57:29] [INFO] start get result 
Exception in thread "Thread-61512" java.util.concurrent.TimeoutException
	at serie1.Ex4.BlockingMessageQueueFuture$MyFuture.get(BlockingMessageQueueFuture.kt:222)
	at serie1.ex4.FutureTest$blocking_message_multiple_send_receive$2$thread$1.invoke(BlockingMessageQueueWithFutureTest.kt:179)
	at serie1.ex4.FutureTest$blocking_message_multiple_send_receive$2$thread$1.invoke(BlockingMessageQueueWithFutureTest.kt:169)
	at kotlin.concurrent.ThreadsKt$thread$thread$1.run(Thread.kt:30)
Exception in thread "Thread-61513" java.util.concurrent.TimeoutException
	at serie1.Ex4.BlockingMessageQueueFuture$MyFuture.get(BlockingMessageQueueFuture.kt:222)
	at serie1.ex4.FutureTest$blocking_message_multiple_send_receive$2$thread$1.invoke(BlockingMessageQueueWithFutureTest.kt:179)
	at serie1.ex4.FutureTest$blocking_message_multiple_send_receive$2$thread$1.invoke(BlockingMessageQueueWithFutureTest.kt:169)
	at kotlin.concurrent.ThreadsKt$thread$thread$1.run(Thread.kt:30)
Exception in thread "Thread-61516" java.util.concurrent.TimeoutException
	at serie1.Ex4.BlockingMessageQueueFuture$MyFuture.get(BlockingMessageQueueFuture.kt:222)
	at serie1.ex4.FutureTest$blocking_message_multiple_send_receive$2$thread$1.invoke(BlockingMessageQueueWithFutureTest.kt:179)
	at serie1.ex4.FutureTest$blocking_message_multiple_send_receive$2$thread$1.invoke(BlockingMessageQueueWithFutureTest.kt:169)
	at kotlin.concurrent.ThreadsKt$thread$thread$1.run(Thread.kt:30)
Exception in thread "Thread-61515" java.util.concurrent.TimeoutException
	at serie1.Ex4.BlockingMessageQueueFuture$MyFuture.get(BlockingMessageQueueFuture.kt:222)
	at serie1.ex4.FutureTest$blocking_message_multiple_send_receive$2$thread$1.invoke(BlockingMessageQueueWithFutureTest.kt:179)
	at serie1.ex4.FutureTest$blocking_message_multiple_send_receive$2$thread$1.invoke(BlockingMessageQueueWithFutureTest.kt:169)
	at kotlin.concurrent.ThreadsKt$thread$thread$1.run(Thread.kt:30)
Exception in thread "Thread-61514" java.util.concurrent.TimeoutException
	at serie1.Ex4.BlockingMessageQueueFuture$MyFuture.get(BlockingMessageQueueFuture.kt:222)
	at serie1.ex4.FutureTest$blocking_message_multiple_send_receive$2$thread$1.invoke(BlockingMessageQueueWithFutureTest.kt:179)
	at serie1.ex4.FutureTest$blocking_message_multiple_send_receive$2$thread$1.invoke(BlockingMessageQueueWithFutureTest.kt:169)
	at kotlin.concurrent.ThreadsKt$thread$thread$1.run(Thread.kt:30)
[2022-04-22 21:57:31] [INFO] start writer 
[2022-04-22 21:57:31] [INFO] writer try send [1, 2, 3] 
[2022-04-22 21:57:31] [INFO] start reader 
[2022-04-22 21:57:31] [INFO] start writer 
[2022-04-22 21:57:31] [INFO] start writer 
[2022-04-22 21:57:31] [INFO] writer try send [6] 
[2022-04-22 21:57:31] [INFO] writer send [6] 
[2022-04-22 21:57:31] [INFO] writer try send [7, 8, 9, 10] 
[2022-04-22 21:57:31] [INFO] writer send [7, 8, 9, 10] 
[2022-04-22 21:57:31] [INFO] writer try send [11, 12, 13] 
[2022-04-22 21:57:31] [INFO] start writer 
[2022-04-22 21:57:31] [INFO] writer try send [14, 15, 16, 17] 
[2022-04-22 21:57:31] [INFO] start get result 
[2022-04-22 21:57:31] [INFO] end get result 1 
[2022-04-22 21:57:31] [INFO] reader get 1 
[2022-04-22 21:57:31] [INFO] start get result 
[2022-04-22 21:57:31] [INFO] end get result 2 
[2022-04-22 21:57:31] [INFO] reader get 2 
[2022-04-22 21:57:31] [INFO] start get result 
[2022-04-22 21:57:31] [INFO] start writer 
[2022-04-22 21:57:31] [INFO] writer try send [18, 19, 20] 
[2022-04-22 21:57:31] [INFO] writer send [1, 2, 3] 
[2022-04-22 21:57:31] [INFO] end writer 
[2022-04-22 21:57:31] [INFO] end get result 3 
[2022-04-22 21:57:31] [INFO] reader get 3 
[2022-04-22 21:57:31] [INFO] start get result 
[2022-04-22 21:57:31] [INFO] end get result 6 
[2022-04-22 21:57:31] [INFO] reader get 6 
[2022-04-22 21:57:31] [INFO] start get result 
[2022-04-22 21:57:31] [INFO] end get result 7 
[2022-04-22 21:57:31] [INFO] reader get 7 
[2022-04-22 21:57:31] [INFO] writer send [11, 12, 13] 
[2022-04-22 21:57:31] [INFO] end writer 
[2022-04-22 21:57:31] [INFO] start writer 
[2022-04-22 21:57:31] [INFO] end writer 
[2022-04-22 21:57:31] [INFO] start writer 
[2022-04-22 21:57:31] [INFO] end writer 
[2022-04-22 21:57:31] [INFO] start reader 
[2022-04-22 21:57:31] [INFO] writer try send [4, 5] 
[2022-04-22 21:57:31] [INFO] start get result 
[2022-04-22 21:57:31] [INFO] end get result 8 
[2022-04-22 21:57:31] [INFO] reader get 8 
[2022-04-22 21:57:31] [INFO] start get result 
[2022-04-22 21:57:31] [INFO] end get result 9 
[2022-04-22 21:57:31] [INFO] reader get 9 
[2022-04-22 21:57:31] [INFO] start get result 
[2022-04-22 21:57:31] [INFO] end get result 10 
[2022-04-22 21:57:31] [INFO] reader get 10 
[2022-04-22 21:57:31] [INFO] start get result 
[2022-04-22 21:57:31] [INFO] end get result 12 
[2022-04-22 21:57:31] [INFO] reader get 12 
[2022-04-22 21:57:31] [INFO] start get result 
[2022-04-22 21:57:31] [INFO] end get result 13 
[2022-04-22 21:57:31] [INFO] reader get 13 
[2022-04-22 21:57:31] [INFO] start get result 
[2022-04-22 21:57:31] [INFO] end get result 14 
[2022-04-22 21:57:31] [INFO] reader get 14 
[2022-04-22 21:57:31] [INFO] start get result 
[2022-04-22 21:57:31] [INFO] end get result 15 
[2022-04-22 21:57:31] [INFO] reader get 15 
[2022-04-22 21:57:31] [INFO] start get result 
[2022-04-22 21:57:31] [INFO] end get result 16 
[2022-04-22 21:57:31] [INFO] reader get 16 
[2022-04-22 21:57:31] [INFO] start get result 
[2022-04-22 21:57:31] [INFO] end get result 17 
[2022-04-22 21:57:31] [INFO] reader get 17 
[2022-04-22 21:57:31] [INFO] start get result 
[2022-04-22 21:57:31] [INFO] end get result 4 
[2022-04-22 21:57:31] [INFO] reader get 4 
[2022-04-22 21:57:31] [INFO] start get result 
[2022-04-22 21:57:31] [INFO] end get result 5 
[2022-04-22 21:57:31] [INFO] reader get 5 
[2022-04-22 21:57:31] [INFO] start get result 
[2022-04-22 21:57:31] [INFO] end get result 18 
[2022-04-22 21:57:31] [INFO] reader get 18 
[2022-04-22 21:57:31] [INFO] start get result 
[2022-04-22 21:57:31] [INFO] end get result 19 
[2022-04-22 21:57:31] [INFO] reader get 19 
[2022-04-22 21:57:31] [INFO] start get result 
[2022-04-22 21:57:31] [INFO] end get result 20 
[2022-04-22 21:57:31] [INFO] reader get 20 
[2022-04-22 21:57:31] [INFO] start get result 
[2022-04-22 21:57:31] [INFO] writer send [14, 15, 16, 17] 
[2022-04-22 21:57:31] [INFO] end writer 
[2022-04-22 21:57:31] [INFO] writer send [18, 19, 20] 
[2022-04-22 21:57:31] [INFO] end writer 
[2022-04-22 21:57:31] [INFO] start get result 
[2022-04-22 21:57:31] [INFO] end get result 11 
[2022-04-22 21:57:31] [INFO] reader get 11 
[2022-04-22 21:57:31] [INFO] start get result 
[2022-04-22 21:57:31] [INFO] writer send [4, 5] 
[2022-04-22 21:57:31] [INFO] end writer 
[2022-04-22 21:57:31] [INFO] start reader 
[2022-04-22 21:57:31] [INFO] start reader 
[2022-04-22 21:57:31] [INFO] start reader 
[2022-04-22 21:57:31] [INFO] start get result 
[2022-04-22 21:57:31] [INFO] start get result 
[2022-04-22 21:57:31] [INFO] start get result 
Exception in thread "Thread-61528" java.util.concurrent.TimeoutException
	at serie1.Ex4.BlockingMessageQueueFuture$MyFuture.get(BlockingMessageQueueFuture.kt:222)
	at serie1.ex4.FutureTest$blocking_message_multiple_send_receive$2$thread$1.invoke(BlockingMessageQueueWithFutureTest.kt:179)
	at serie1.ex4.FutureTest$blocking_message_multiple_send_receive$2$thread$1.invoke(BlockingMessageQueueWithFutureTest.kt:169)
	at kotlin.concurrent.ThreadsKt$thread$thread$1.run(Thread.kt:30)
Exception in thread "Thread-61526" java.util.concurrent.TimeoutException
	at serie1.Ex4.BlockingMessageQueueFuture$MyFuture.get(BlockingMessageQueueFuture.kt:222)
	at serie1.ex4.FutureTest$blocking_message_multiple_send_receive$2$thread$1.invoke(BlockingMessageQueueWithFutureTest.kt:179)
	at serie1.ex4.FutureTest$blocking_message_multiple_send_receive$2$thread$1.invoke(BlockingMessageQueueWithFutureTest.kt:169)
	at kotlin.concurrent.ThreadsKt$thread$thread$1.run(Thread.kt:30)
Exception in thread "Thread-61529" java.util.concurrent.TimeoutException
	at serie1.Ex4.BlockingMessageQueueFuture$MyFuture.get(BlockingMessageQueueFuture.kt:222)
	at serie1.ex4.FutureTest$blocking_message_multiple_send_receive$2$thread$1.invoke(BlockingMessageQueueWithFutureTest.kt:179)
	at serie1.ex4.FutureTest$blocking_message_multiple_send_receive$2$thread$1.invoke(BlockingMessageQueueWithFutureTest.kt:169)
	at kotlin.concurrent.ThreadsKt$thread$thread$1.run(Thread.kt:30)
Exception in thread "Thread-61525" java.util.concurrent.TimeoutException
	at serie1.Ex4.BlockingMessageQueueFuture$MyFuture.get(BlockingMessageQueueFuture.kt:222)
	at serie1.ex4.FutureTest$blocking_message_multiple_send_receive$2$thread$1.invoke(BlockingMessageQueueWithFutureTest.kt:179)
	at serie1.ex4.FutureTest$blocking_message_multiple_send_receive$2$thread$1.invoke(BlockingMessageQueueWithFutureTest.kt:169)
	at kotlin.concurrent.ThreadsKt$thread$thread$1.run(Thread.kt:30)
Exception in thread "Thread-61527" java.util.concurrent.TimeoutException
	at serie1.Ex4.BlockingMessageQueueFuture$MyFuture.get(BlockingMessageQueueFuture.kt:222)
	at serie1.ex4.FutureTest$blocking_message_multiple_send_receive$2$thread$1.invoke(BlockingMessageQueueWithFutureTest.kt:179)
	at serie1.ex4.FutureTest$blocking_message_multiple_send_receive$2$thread$1.invoke(BlockingMessageQueueWithFutureTest.kt:169)
	at kotlin.concurrent.ThreadsKt$thread$thread$1.run(Thread.kt:30)
[2022-04-22 21:57:33] [INFO] start writer 
[2022-04-22 21:57:33] [INFO] writer try send [1, 2, 3] 
[2022-04-22 21:57:33] [INFO] writer send [1, 2, 3] 
[2022-04-22 21:57:33] [INFO] writer try send [4, 5] 
[2022-04-22 21:57:33] [INFO] start writer 
[2022-04-22 21:57:33] [INFO] start writer 
[2022-04-22 21:57:33] [INFO] writer try send [7, 8, 9, 10] 
[2022-04-22 21:57:33] [INFO] writer send [4, 5] 
[2022-04-22 21:57:33] [INFO] writer try send [11, 12, 13] 
[2022-04-22 21:57:33] [INFO] start writer 
[2022-04-22 21:57:33] [INFO] writer try send [14, 15, 16, 17] 
[2022-04-22 21:57:33] [INFO] start reader 
[2022-04-22 21:57:33] [INFO] writer try send [6] 
[2022-04-22 21:57:33] [INFO] start writer 
[2022-04-22 21:57:33] [INFO] writer try send [18, 19, 20] 
[2022-04-22 21:57:33] [INFO] start writer 
[2022-04-22 21:57:33] [INFO] start get result 
[2022-04-22 21:57:33] [INFO] end get result 1 
[2022-04-22 21:57:33] [INFO] reader get 1 
[2022-04-22 21:57:33] [INFO] start get result 
[2022-04-22 21:57:33] [INFO] end get result 2 
[2022-04-22 21:57:33] [INFO] reader get 2 
[2022-04-22 21:57:33] [INFO] start get result 
[2022-04-22 21:57:33] [INFO] end get result 3 
[2022-04-22 21:57:33] [INFO] reader get 3 
[2022-04-22 21:57:33] [INFO] start get result 
[2022-04-22 21:57:33] [INFO] end get result 4 
[2022-04-22 21:57:33] [INFO] reader get 4 
[2022-04-22 21:57:33] [INFO] start get result 
[2022-04-22 21:57:33] [INFO] writer send [18, 19, 20] 
[2022-04-22 21:57:33] [INFO] end writer 
[2022-04-22 21:57:33] [INFO] start writer 
[2022-04-22 21:57:33] [INFO] end writer 
[2022-04-22 21:57:33] [INFO] end get result 5 
[2022-04-22 21:57:33] [INFO] reader get 5 
[2022-04-22 21:57:33] [INFO] writer send [6] 
[2022-04-22 21:57:33] [INFO] end writer 
[2022-04-22 21:57:33] [INFO] end writer 
[2022-04-22 21:57:33] [INFO] start writer 
[2022-04-22 21:57:33] [INFO] end writer 
[2022-04-22 21:57:33] [INFO] start reader 
[2022-04-22 21:57:33] [INFO] start get result 
[2022-04-22 21:57:33] [INFO] end get result 6 
[2022-04-22 21:57:33] [INFO] reader get 6 
[2022-04-22 21:57:33] [INFO] start get result 
[2022-04-22 21:57:33] [INFO] end get result 18 
[2022-04-22 21:57:33] [INFO] reader get 18 
[2022-04-22 21:57:33] [INFO] start get result 
[2022-04-22 21:57:33] [INFO] end get result 19 
[2022-04-22 21:57:33] [INFO] reader get 19 
[2022-04-22 21:57:33] [INFO] start get result 
[2022-04-22 21:57:33] [INFO] end get result 20 
[2022-04-22 21:57:33] [INFO] reader get 20 
[2022-04-22 21:57:33] [INFO] writer send [11, 12, 13] 
[2022-04-22 21:57:33] [INFO] end writer 
[2022-04-22 21:57:33] [INFO] writer send [7, 8, 9, 10] 
[2022-04-22 21:57:33] [INFO] end writer 
[2022-04-22 21:57:33] [INFO] start get result 
[2022-04-22 21:57:33] [INFO] end get result 12 
[2022-04-22 21:57:33] [INFO] reader get 12 
[2022-04-22 21:57:33] [INFO] start get result 
[2022-04-22 21:57:33] [INFO] end get result 13 
[2022-04-22 21:57:33] [INFO] reader get 13 
[2022-04-22 21:57:33] [INFO] start get result 
[2022-04-22 21:57:33] [INFO] end get result 7 
[2022-04-22 21:57:33] [INFO] reader get 7 
[2022-04-22 21:57:33] [INFO] start get result 
[2022-04-22 21:57:33] [INFO] end get result 11 
[2022-04-22 21:57:33] [INFO] reader get 11 
[2022-04-22 21:57:33] [INFO] start reader 
[2022-04-22 21:57:33] [INFO] writer send [14, 15, 16, 17] 
[2022-04-22 21:57:33] [INFO] end writer 
[2022-04-22 21:57:33] [INFO] start get result 
[2022-04-22 21:57:33] [INFO] end get result 9 
[2022-04-22 21:57:33] [INFO] reader get 9 
[2022-04-22 21:57:33] [INFO] start get result 
[2022-04-22 21:57:33] [INFO] start get result 
[2022-04-22 21:57:33] [INFO] end get result 14 
[2022-04-22 21:57:33] [INFO] reader get 14 
[2022-04-22 21:57:33] [INFO] start get result 
[2022-04-22 21:57:33] [INFO] end get result 15 
[2022-04-22 21:57:33] [INFO] reader get 15 
[2022-04-22 21:57:33] [INFO] start get result 
[2022-04-22 21:57:33] [INFO] end get result 16 
[2022-04-22 21:57:33] [INFO] reader get 16 
[2022-04-22 21:57:33] [INFO] start get result 
[2022-04-22 21:57:33] [INFO] end get result 17 
[2022-04-22 21:57:33] [INFO] reader get 17 
[2022-04-22 21:57:33] [INFO] start get result 
[2022-04-22 21:57:33] [INFO] start get result 
[2022-04-22 21:57:33] [INFO] end get result 10 
[2022-04-22 21:57:33] [INFO] reader get 10 
[2022-04-22 21:57:33] [INFO] start get result 
[2022-04-22 21:57:33] [INFO] start reader 
[2022-04-22 21:57:33] [INFO] end get result 8 
[2022-04-22 21:57:33] [INFO] reader get 8 
[2022-04-22 21:57:33] [INFO] start get result 
[2022-04-22 21:57:33] [INFO] start reader 
[2022-04-22 21:57:33] [INFO] start get result 
[2022-04-22 21:57:33] [INFO] start get result 
Exception in thread "Thread-61539" java.util.concurrent.TimeoutException
	at serie1.Ex4.BlockingMessageQueueFuture$MyFuture.get(BlockingMessageQueueFuture.kt:222)
	at serie1.ex4.FutureTest$blocking_message_multiple_send_receive$2$thread$1.invoke(BlockingMessageQueueWithFutureTest.kt:179)
	at serie1.ex4.FutureTest$blocking_message_multiple_send_receive$2$thread$1.invoke(BlockingMessageQueueWithFutureTest.kt:169)
	at kotlin.concurrent.ThreadsKt$thread$thread$1.run(Thread.kt:30)
Exception in thread "Thread-61542" java.util.concurrent.TimeoutException
	at serie1.Ex4.BlockingMessageQueueFuture$MyFuture.get(BlockingMessageQueueFuture.kt:222)
	at serie1.ex4.FutureTest$blocking_message_multiple_send_receive$2$thread$1.invoke(BlockingMessageQueueWithFutureTest.kt:179)
	at serie1.ex4.FutureTest$blocking_message_multiple_send_receive$2$thread$1.invoke(BlockingMessageQueueWithFutureTest.kt:169)
	at kotlin.concurrent.ThreadsKt$thread$thread$1.run(Thread.kt:30)
Exception in thread "Thread-61540" java.util.concurrent.TimeoutException
	at serie1.Ex4.BlockingMessageQueueFuture$MyFuture.get(BlockingMessageQueueFuture.kt:222)
	at serie1.ex4.FutureTest$blocking_message_multiple_send_receive$2$thread$1.invoke(BlockingMessageQueueWithFutureTest.kt:179)
	at serie1.ex4.FutureTest$blocking_message_multiple_send_receive$2$thread$1.invoke(BlockingMessageQueueWithFutureTest.kt:169)
	at kotlin.concurrent.ThreadsKt$thread$thread$1.run(Thread.kt:30)
Exception in thread "Thread-61541" java.util.concurrent.TimeoutException
	at serie1.Ex4.BlockingMessageQueueFuture$MyFuture.get(BlockingMessageQueueFuture.kt:222)
	at serie1.ex4.FutureTest$blocking_message_multiple_send_receive$2$thread$1.invoke(BlockingMessageQueueWithFutureTest.kt:179)
	at serie1.ex4.FutureTest$blocking_message_multiple_send_receive$2$thread$1.invoke(BlockingMessageQueueWithFutureTest.kt:169)
	at kotlin.concurrent.ThreadsKt$thread$thread$1.run(Thread.kt:30)
Exception in thread "Thread-61543" java.util.concurrent.TimeoutException
	at serie1.Ex4.BlockingMessageQueueFuture$MyFuture.get(BlockingMessageQueueFuture.kt:222)
	at serie1.ex4.FutureTest$blocking_message_multiple_send_receive$2$thread$1.invoke(BlockingMessageQueueWithFutureTest.kt:179)
	at serie1.ex4.FutureTest$blocking_message_multiple_send_receive$2$thread$1.invoke(BlockingMessageQueueWithFutureTest.kt:169)
	at kotlin.concurrent.ThreadsKt$thread$thread$1.run(Thread.kt:30)
[2022-04-22 21:57:35] [INFO] start writer 
[2022-04-22 21:57:35] [INFO] writer try send [1, 2, 3] 
[2022-04-22 21:57:35] [INFO] writer send [1, 2, 3] 
[2022-04-22 21:57:35] [INFO] start writer 
[2022-04-22 21:57:35] [INFO] writer try send [6] 
[2022-04-22 21:57:35] [INFO] writer send [6] 
[2022-04-22 21:57:35] [INFO] writer try send [7, 8, 9, 10] 
[2022-04-22 21:57:35] [INFO] start writer 
[2022-04-22 21:57:35] [INFO] writer try send [11, 12, 13] 
[2022-04-22 21:57:35] [INFO] start writer 
[2022-04-22 21:57:35] [INFO] start writer 
[2022-04-22 21:57:35] [INFO] start writer 
[2022-04-22 21:57:35] [INFO] end writer 
[2022-04-22 21:57:35] [INFO] start reader 
[2022-04-22 21:57:35] [INFO] writer try send [4, 5] 
[2022-04-22 21:57:35] [INFO] writer send [4, 5] 
[2022-04-22 21:57:35] [INFO] end writer 
[2022-04-22 21:57:35] [INFO] start reader 
[2022-04-22 21:57:35] [INFO] start writer 
[2022-04-22 21:57:35] [INFO] end writer 
[2022-04-22 21:57:35] [INFO] start get result 
[2022-04-22 21:57:35] [INFO] end get result 1 
[2022-04-22 21:57:35] [INFO] reader get 1 
[2022-04-22 21:57:35] [INFO] start get result 
[2022-04-22 21:57:35] [INFO] end get result 2 
[2022-04-22 21:57:35] [INFO] reader get 2 
[2022-04-22 21:57:35] [INFO] start get result 
[2022-04-22 21:57:35] [INFO] writer send [11, 12, 13] 
[2022-04-22 21:57:35] [INFO] end writer 
[2022-04-22 21:57:35] [INFO] start reader 
[2022-04-22 21:57:35] [INFO] writer try send [18, 19, 20] 
[2022-04-22 21:57:35] [INFO] writer try send [14, 15, 16, 17] 
[2022-04-22 21:57:35] [INFO] start writer 
[2022-04-22 21:57:35] [INFO] end writer 
[2022-04-22 21:57:35] [INFO] start reader 
[2022-04-22 21:57:35] [INFO] end get result 6 
[2022-04-22 21:57:35] [INFO] reader get 6 
[2022-04-22 21:57:35] [INFO] start get result 
[2022-04-22 21:57:35] [INFO] writer send [18, 19, 20] 
[2022-04-22 21:57:35] [INFO] end writer 
[2022-04-22 21:57:35] [INFO] start get result 
[2022-04-22 21:57:35] [INFO] start get result 
[2022-04-22 21:57:35] [INFO] end get result 11 
[2022-04-22 21:57:35] [INFO] reader get 11 
[2022-04-22 21:57:35] [INFO] start get result 
[2022-04-22 21:57:35] [INFO] end get result 12 
[2022-04-22 21:57:35] [INFO] reader get 12 
[2022-04-22 21:57:35] [INFO] start get result 
[2022-04-22 21:57:35] [INFO] end get result 13 
[2022-04-22 21:57:35] [INFO] reader get 13 
[2022-04-22 21:57:35] [INFO] start get result 
[2022-04-22 21:57:35] [INFO] writer send [7, 8, 9, 10] 
[2022-04-22 21:57:35] [INFO] end writer 
[2022-04-22 21:57:35] [INFO] end get result 5 
[2022-04-22 21:57:35] [INFO] reader get 5 
[2022-04-22 21:57:35] [INFO] start reader 
[2022-04-22 21:57:35] [INFO] start get result 
[2022-04-22 21:57:35] [INFO] end get result 4 
[2022-04-22 21:57:35] [INFO] reader get 4 
[2022-04-22 21:57:35] [INFO] start get result 
[2022-04-22 21:57:35] [INFO] end get result 20 
[2022-04-22 21:57:35] [INFO] reader get 20 
[2022-04-22 21:57:35] [INFO] start get result 
[2022-04-22 21:57:35] [INFO] end get result 7 
[2022-04-22 21:57:35] [INFO] reader get 7 
[2022-04-22 21:57:35] [INFO] start get result 
[2022-04-22 21:57:35] [INFO] end get result 8 
[2022-04-22 21:57:35] [INFO] reader get 8 
[2022-04-22 21:57:35] [INFO] start get result 
[2022-04-22 21:57:35] [INFO] end get result 10 
[2022-04-22 21:57:35] [INFO] reader get 10 
[2022-04-22 21:57:35] [INFO] start get result 
[2022-04-22 21:57:35] [INFO] end get result 19 
[2022-04-22 21:57:35] [INFO] reader get 19 
[2022-04-22 21:57:35] [INFO] start get result 
[2022-04-22 21:57:35] [INFO] end get result 15 
[2022-04-22 21:57:35] [INFO] reader get 15 
[2022-04-22 21:57:35] [INFO] start get result 
[2022-04-22 21:57:35] [INFO] end get result 16 
[2022-04-22 21:57:35] [INFO] reader get 16 
[2022-04-22 21:57:35] [INFO] start get result 
[2022-04-22 21:57:35] [INFO] end get result 17 
[2022-04-22 21:57:35] [INFO] reader get 17 
[2022-04-22 21:57:35] [INFO] start get result 
[2022-04-22 21:57:35] [INFO] end get result 18 
[2022-04-22 21:57:35] [INFO] reader get 18 
[2022-04-22 21:57:35] [INFO] start get result 
[2022-04-22 21:57:35] [INFO] end get result 3 
[2022-04-22 21:57:35] [INFO] reader get 3 
[2022-04-22 21:57:35] [INFO] start get result 
[2022-04-22 21:57:35] [INFO] start get result 
[2022-04-22 21:57:35] [INFO] end get result 14 
[2022-04-22 21:57:35] [INFO] reader get 14 
[2022-04-22 21:57:35] [INFO] start get result 
[2022-04-22 21:57:35] [INFO] start get result 
[2022-04-22 21:57:35] [INFO] end get result 9 
[2022-04-22 21:57:35] [INFO] reader get 9 
[2022-04-22 21:57:35] [INFO] start get result 
[2022-04-22 21:57:35] [INFO] writer send [14, 15, 16, 17] 
[2022-04-22 21:57:35] [INFO] end writer 
Exception in thread "Thread-61556" java.util.concurrent.TimeoutException
	at serie1.Ex4.BlockingMessageQueueFuture$MyFuture.get(BlockingMessageQueueFuture.kt:222)
	at serie1.ex4.FutureTest$blocking_message_multiple_send_receive$2$thread$1.invoke(BlockingMessageQueueWithFutureTest.kt:179)
	at serie1.ex4.FutureTest$blocking_message_multiple_send_receive$2$thread$1.invoke(BlockingMessageQueueWithFutureTest.kt:169)
	at kotlin.concurrent.ThreadsKt$thread$thread$1.run(Thread.kt:30)
Exception in thread "Thread-61554" java.util.concurrent.TimeoutException
	at serie1.Ex4.BlockingMessageQueueFuture$MyFuture.get(BlockingMessageQueueFuture.kt:222)
	at serie1.ex4.FutureTest$blocking_message_multiple_send_receive$2$thread$1.invoke(BlockingMessageQueueWithFutureTest.kt:179)
	at serie1.ex4.FutureTest$blocking_message_multiple_send_receive$2$thread$1.invoke(BlockingMessageQueueWithFutureTest.kt:169)
	at kotlin.concurrent.ThreadsKt$thread$thread$1.run(Thread.kt:30)
Exception in thread "Thread-61553" java.util.concurrent.TimeoutException
	at serie1.Ex4.BlockingMessageQueueFuture$MyFuture.get(BlockingMessageQueueFuture.kt:222)
	at serie1.ex4.FutureTest$blocking_message_multiple_send_receive$2$thread$1.invoke(BlockingMessageQueueWithFutureTest.kt:179)
	at serie1.ex4.FutureTest$blocking_message_multiple_send_receive$2$thread$1.invoke(BlockingMessageQueueWithFutureTest.kt:169)
	at kotlin.concurrent.ThreadsKt$thread$thread$1.run(Thread.kt:30)
Exception in thread "Thread-61557" java.util.concurrent.TimeoutException
	at serie1.Ex4.BlockingMessageQueueFuture$MyFuture.get(BlockingMessageQueueFuture.kt:222)
	at serie1.ex4.FutureTest$blocking_message_multiple_send_receive$2$thread$1.invoke(BlockingMessageQueueWithFutureTest.kt:179)
	at serie1.ex4.FutureTest$blocking_message_multiple_send_receive$2$thread$1.invoke(BlockingMessageQueueWithFutureTest.kt:169)
	at kotlin.concurrent.ThreadsKt$thread$thread$1.run(Thread.kt:30)
Exception in thread "Thread-61555" java.util.concurrent.TimeoutException
	at serie1.Ex4.BlockingMessageQueueFuture$MyFuture.get(BlockingMessageQueueFuture.kt:222)
	at serie1.ex4.FutureTest$blocking_message_multiple_send_receive$2$thread$1.invoke(BlockingMessageQueueWithFutureTest.kt:179)
	at serie1.ex4.FutureTest$blocking_message_multiple_send_receive$2$thread$1.invoke(BlockingMessageQueueWithFutureTest.kt:169)
	at kotlin.concurrent.ThreadsKt$thread$thread$1.run(Thread.kt:30)
[2022-04-22 21:57:37] [INFO] start writer 
[2022-04-22 21:57:37] [INFO] writer try send [1, 2, 3] 
[2022-04-22 21:57:37] [INFO] writer send [1, 2, 3] 
[2022-04-22 21:57:37] [INFO] writer try send [4, 5] 
[2022-04-22 21:57:37] [INFO] writer send [4, 5] 
[2022-04-22 21:57:37] [INFO] writer try send [6] 
[2022-04-22 21:57:37] [INFO] start writer 
[2022-04-22 21:57:37] [INFO] writer try send [7, 8, 9, 10] 
[2022-04-22 21:57:37] [INFO] start writer 
[2022-04-22 21:57:37] [INFO] writer try send [11, 12, 13] 
[2022-04-22 21:57:37] [INFO] start writer 
[2022-04-22 21:57:37] [INFO] start writer 
[2022-04-22 21:57:37] [INFO] writer try send [18, 19, 20] 
[2022-04-22 21:57:37] [INFO] start reader 
[2022-04-22 21:57:37] [INFO] start writer 
[2022-04-22 21:57:37] [INFO] end writer 
[2022-04-22 21:57:37] [INFO] writer send [6] 
[2022-04-22 21:57:37] [INFO] end writer 
[2022-04-22 21:57:37] [INFO] start reader 
[2022-04-22 21:57:37] [INFO] start writer 
[2022-04-22 21:57:37] [INFO] end writer 
[2022-04-22 21:57:37] [INFO] start reader 
[2022-04-22 21:57:37] [INFO] writer try send [14, 15, 16, 17] 
[2022-04-22 21:57:37] [INFO] start reader 
[2022-04-22 21:57:37] [INFO] start writer 
[2022-04-22 21:57:37] [INFO] start get result 
[2022-04-22 21:57:37] [INFO] start get result 
[2022-04-22 21:57:37] [INFO] end get result 1 
[2022-04-22 21:57:37] [INFO] end get result 2 
[2022-04-22 21:57:37] [INFO] reader get 2 
[2022-04-22 21:57:37] [INFO] start get result 
[2022-04-22 21:57:37] [INFO] end get result 5 
[2022-04-22 21:57:37] [INFO] reader get 5 
[2022-04-22 21:57:37] [INFO] start get result 
[2022-04-22 21:57:37] [INFO] end get result 6 
[2022-04-22 21:57:37] [INFO] reader get 6 
[2022-04-22 21:57:37] [INFO] start get result 
[2022-04-22 21:57:37] [INFO] end get result 11 
[2022-04-22 21:57:37] [INFO] reader get 11 
[2022-04-22 21:57:37] [INFO] start get result 
[2022-04-22 21:57:37] [INFO] end get result 12 
[2022-04-22 21:57:37] [INFO] reader get 12 
[2022-04-22 21:57:37] [INFO] writer send [11, 12, 13] 
[2022-04-22 21:57:37] [INFO] end writer 
[2022-04-22 21:57:37] [INFO] start get result 
[2022-04-22 21:57:37] [INFO] end get result 3 
[2022-04-22 21:57:37] [INFO] reader get 3 
[2022-04-22 21:57:37] [INFO] start get result 
[2022-04-22 21:57:37] [INFO] end get result 18 
[2022-04-22 21:57:37] [INFO] reader get 18 
[2022-04-22 21:57:37] [INFO] start get result 
[2022-04-22 21:57:37] [INFO] end get result 19 
[2022-04-22 21:57:37] [INFO] reader get 19 
[2022-04-22 21:57:37] [INFO] start get result 
[2022-04-22 21:57:37] [INFO] end get result 20 
[2022-04-22 21:57:37] [INFO] reader get 20 
[2022-04-22 21:57:37] [INFO] start get result 
[2022-04-22 21:57:37] [INFO] end get result 7 
[2022-04-22 21:57:37] [INFO] reader get 7 
[2022-04-22 21:57:37] [INFO] start get result 
[2022-04-22 21:57:37] [INFO] end get result 8 
[2022-04-22 21:57:37] [INFO] reader get 8 
[2022-04-22 21:57:37] [INFO] start get result 
[2022-04-22 21:57:37] [INFO] end get result 9 
[2022-04-22 21:57:37] [INFO] reader get 9 
[2022-04-22 21:57:37] [INFO] start get result 
[2022-04-22 21:57:37] [INFO] end get result 10 
[2022-04-22 21:57:37] [INFO] reader get 10 
[2022-04-22 21:57:37] [INFO] start get result 
[2022-04-22 21:57:37] [INFO] end get result 14 
[2022-04-22 21:57:37] [INFO] start reader 
[2022-04-22 21:57:37] [INFO] end writer 
[2022-04-22 21:57:37] [INFO] reader get 14 
[2022-04-22 21:57:37] [INFO] start get result 
[2022-04-22 21:57:37] [INFO] end get result 15 
[2022-04-22 21:57:37] [INFO] reader get 15 
[2022-04-22 21:57:37] [INFO] start get result 
[2022-04-22 21:57:37] [INFO] end get result 16 
[2022-04-22 21:57:37] [INFO] reader get 16 
[2022-04-22 21:57:37] [INFO] start get result 
[2022-04-22 21:57:37] [INFO] end get result 17 
[2022-04-22 21:57:37] [INFO] reader get 17 
[2022-04-22 21:57:37] [INFO] start get result 
[2022-04-22 21:57:37] [INFO] writer send [14, 15, 16, 17] 
[2022-04-22 21:57:37] [INFO] end writer 
[2022-04-22 21:57:37] [INFO] writer send [7, 8, 9, 10] 
[2022-04-22 21:57:37] [INFO] end writer 
[2022-04-22 21:57:37] [INFO] start get result 
[2022-04-22 21:57:37] [INFO] end get result 13 
[2022-04-22 21:57:37] [INFO] reader get 13 
[2022-04-22 21:57:37] [INFO] start get result 
[2022-04-22 21:57:37] [INFO] writer send [18, 19, 20] 
[2022-04-22 21:57:37] [INFO] end writer 
[2022-04-22 21:57:37] [INFO] reader get 1 
[2022-04-22 21:57:37] [INFO] start get result 
[2022-04-22 21:57:37] [INFO] start get result 
[2022-04-22 21:57:37] [INFO] end get result 4 
[2022-04-22 21:57:37] [INFO] reader get 4 
[2022-04-22 21:57:37] [INFO] start get result 
[2022-04-22 21:57:37] [INFO] start get result 
Exception in thread "Thread-61569" java.util.concurrent.TimeoutException
	at serie1.Ex4.BlockingMessageQueueFuture$MyFuture.get(BlockingMessageQueueFuture.kt:222)
	at serie1.ex4.FutureTest$blocking_message_multiple_send_receive$2$thread$1.invoke(BlockingMessageQueueWithFutureTest.kt:179)
	at serie1.ex4.FutureTest$blocking_message_multiple_send_receive$2$thread$1.invoke(BlockingMessageQueueWithFutureTest.kt:169)
	at kotlin.concurrent.ThreadsKt$thread$thread$1.run(Thread.kt:30)
Exception in thread "Thread-61571" java.util.concurrent.TimeoutException
	at serie1.Ex4.BlockingMessageQueueFuture$MyFuture.get(BlockingMessageQueueFuture.kt:222)
	at serie1.ex4.FutureTest$blocking_message_multiple_send_receive$2$thread$1.invoke(BlockingMessageQueueWithFutureTest.kt:179)
	at serie1.ex4.FutureTest$blocking_message_multiple_send_receive$2$thread$1.invoke(BlockingMessageQueueWithFutureTest.kt:169)
	at kotlin.concurrent.ThreadsKt$thread$thread$1.run(Thread.kt:30)
Exception in thread "Thread-61568" java.util.concurrent.TimeoutException
	at serie1.Ex4.BlockingMessageQueueFuture$MyFuture.get(BlockingMessageQueueFuture.kt:222)
	at serie1.ex4.FutureTest$blocking_message_multiple_send_receive$2$thread$1.invoke(BlockingMessageQueueWithFutureTest.kt:179)
	at serie1.ex4.FutureTest$blocking_message_multiple_send_receive$2$thread$1.invoke(BlockingMessageQueueWithFutureTest.kt:169)
	at kotlin.concurrent.ThreadsKt$thread$thread$1.run(Thread.kt:30)
Exception in thread "Thread-61567" java.util.concurrent.TimeoutException
	at serie1.Ex4.BlockingMessageQueueFuture$MyFuture.get(BlockingMessageQueueFuture.kt:222)
	at serie1.ex4.FutureTest$blocking_message_multiple_send_receive$2$thread$1.invoke(BlockingMessageQueueWithFutureTest.kt:179)
	at serie1.ex4.FutureTest$blocking_message_multiple_send_receive$2$thread$1.invoke(BlockingMessageQueueWithFutureTest.kt:169)
	at kotlin.concurrent.ThreadsKt$thread$thread$1.run(Thread.kt:30)
Exception in thread "Thread-61570" java.util.concurrent.TimeoutException
	at serie1.Ex4.BlockingMessageQueueFuture$MyFuture.get(BlockingMessageQueueFuture.kt:222)
	at serie1.ex4.FutureTest$blocking_message_multiple_send_receive$2$thread$1.invoke(BlockingMessageQueueWithFutureTest.kt:179)
	at serie1.ex4.FutureTest$blocking_message_multiple_send_receive$2$thread$1.invoke(BlockingMessageQueueWithFutureTest.kt:169)
	at kotlin.concurrent.ThreadsKt$thread$thread$1.run(Thread.kt:30)
[2022-04-22 21:57:39] [INFO] start writer 
[2022-04-22 21:57:39] [INFO] writer try send [1, 2, 3] 
[2022-04-22 21:57:39] [INFO] start writer 
[2022-04-22 21:57:39] [INFO] start reader 
[2022-04-22 21:57:39] [INFO] start writer 
[2022-04-22 21:57:39] [INFO] writer send [1, 2, 3] 
[2022-04-22 21:57:39] [INFO] start writer 
[2022-04-22 21:57:39] [INFO] writer try send [11, 12, 13] 
[2022-04-22 21:57:39] [INFO] writer send [11, 12, 13] 
[2022-04-22 21:57:39] [INFO] writer try send [14, 15, 16, 17] 
[2022-04-22 21:57:39] [INFO] start writer 
[2022-04-22 21:57:39] [INFO] writer try send [18, 19, 20] 
[2022-04-22 21:57:39] [INFO] writer try send [6] 
[2022-04-22 21:57:39] [INFO] writer send [6] 
[2022-04-22 21:57:39] [INFO] end writer 
[2022-04-22 21:57:39] [INFO] start reader 
[2022-04-22 21:57:39] [INFO] start writer 
[2022-04-22 21:57:39] [INFO] start reader 
[2022-04-22 21:57:39] [INFO] writer try send [4, 5] 
[2022-04-22 21:57:39] [INFO] writer send [4, 5] 
[2022-04-22 21:57:39] [INFO] end writer 
[2022-04-22 21:57:39] [INFO] end writer 
[2022-04-22 21:57:39] [INFO] start get result 
[2022-04-22 21:57:39] [INFO] end get result 1 
[2022-04-22 21:57:39] [INFO] reader get 1 
[2022-04-22 21:57:39] [INFO] start get result 
[2022-04-22 21:57:39] [INFO] end get result 3 
[2022-04-22 21:57:39] [INFO] reader get 3 
[2022-04-22 21:57:39] [INFO] start get result 
[2022-04-22 21:57:39] [INFO] end get result 12 
[2022-04-22 21:57:39] [INFO] reader get 12 
[2022-04-22 21:57:39] [INFO] start get result 
[2022-04-22 21:57:39] [INFO] end get result 13 
[2022-04-22 21:57:39] [INFO] reader get 13 
[2022-04-22 21:57:39] [INFO] start get result 
[2022-04-22 21:57:39] [INFO] end get result 6 
[2022-04-22 21:57:39] [INFO] reader get 6 
[2022-04-22 21:57:39] [INFO] start writer 
[2022-04-22 21:57:39] [INFO] start writer 
[2022-04-22 21:57:39] [INFO] end writer 
[2022-04-22 21:57:39] [INFO] writer try send [7, 8, 9, 10] 
[2022-04-22 21:57:39] [INFO] end writer 
[2022-04-22 21:57:39] [INFO] writer send [14, 15, 16, 17] 
[2022-04-22 21:57:39] [INFO] end writer 
[2022-04-22 21:57:39] [INFO] start get result 
[2022-04-22 21:57:39] [INFO] end get result 4 
[2022-04-22 21:57:39] [INFO] reader get 4 
[2022-04-22 21:57:39] [INFO] writer send [18, 19, 20] 
[2022-04-22 21:57:39] [INFO] end writer 
[2022-04-22 21:57:39] [INFO] start get result 
[2022-04-22 21:57:39] [INFO] end get result 11 
[2022-04-22 21:57:39] [INFO] reader get 11 
[2022-04-22 21:57:39] [INFO] start get result 
[2022-04-22 21:57:39] [INFO] end get result 18 
[2022-04-22 21:57:39] [INFO] reader get 18 
[2022-04-22 21:57:39] [INFO] start get result 
[2022-04-22 21:57:39] [INFO] end get result 19 
[2022-04-22 21:57:39] [INFO] reader get 19 
[2022-04-22 21:57:39] [INFO] start get result 
[2022-04-22 21:57:39] [INFO] end get result 20 
[2022-04-22 21:57:39] [INFO] reader get 20 
[2022-04-22 21:57:39] [INFO] start get result 
[2022-04-22 21:57:39] [INFO] end get result 14 
[2022-04-22 21:57:39] [INFO] reader get 14 
[2022-04-22 21:57:39] [INFO] start get result 
[2022-04-22 21:57:39] [INFO] end get result 15 
[2022-04-22 21:57:39] [INFO] start get result 
[2022-04-22 21:57:39] [INFO] end get result 2 
[2022-04-22 21:57:39] [INFO] reader get 2 
[2022-04-22 21:57:39] [INFO] start get result 
[2022-04-22 21:57:39] [INFO] end get result 16 
[2022-04-22 21:57:39] [INFO] reader get 16 
[2022-04-22 21:57:39] [INFO] start get result 
[2022-04-22 21:57:39] [INFO] end get result 17 
[2022-04-22 21:57:39] [INFO] reader get 17 
[2022-04-22 21:57:39] [INFO] start get result 
[2022-04-22 21:57:39] [INFO] end get result 7 
[2022-04-22 21:57:39] [INFO] reader get 7 
[2022-04-22 21:57:39] [INFO] start get result 
[2022-04-22 21:57:39] [INFO] end get result 8 
[2022-04-22 21:57:39] [INFO] reader get 8 
[2022-04-22 21:57:39] [INFO] start get result 
[2022-04-22 21:57:39] [INFO] end get result 9 
[2022-04-22 21:57:39] [INFO] reader get 9 
[2022-04-22 21:57:39] [INFO] start get result 
[2022-04-22 21:57:39] [INFO] end get result 10 
[2022-04-22 21:57:39] [INFO] reader get 10 
[2022-04-22 21:57:39] [INFO] start get result 
[2022-04-22 21:57:39] [INFO] start reader 
[2022-04-22 21:57:39] [INFO] reader get 15 
[2022-04-22 21:57:39] [INFO] start get result 
[2022-04-22 21:57:39] [INFO] writer send [7, 8, 9, 10] 
[2022-04-22 21:57:39] [INFO] end writer 
[2022-04-22 21:57:39] [INFO] start get result 
[2022-04-22 21:57:39] [INFO] end get result 5 
[2022-04-22 21:57:39] [INFO] reader get 5 
[2022-04-22 21:57:39] [INFO] start get result 
[2022-04-22 21:57:39] [INFO] start reader 
[2022-04-22 21:57:39] [INFO] start get result 
[2022-04-22 21:57:39] [INFO] start get result 
Exception in thread "Thread-61581" java.util.concurrent.TimeoutException
	at serie1.Ex4.BlockingMessageQueueFuture$MyFuture.get(BlockingMessageQueueFuture.kt:222)
	at serie1.ex4.FutureTest$blocking_message_multiple_send_receive$2$thread$1.invoke(BlockingMessageQueueWithFutureTest.kt:179)
	at serie1.ex4.FutureTest$blocking_message_multiple_send_receive$2$thread$1.invoke(BlockingMessageQueueWithFutureTest.kt:169)
	at kotlin.concurrent.ThreadsKt$thread$thread$1.run(Thread.kt:30)
Exception in thread "Thread-61584" java.util.concurrent.TimeoutException
	at serie1.Ex4.BlockingMessageQueueFuture$MyFuture.get(BlockingMessageQueueFuture.kt:222)
	at serie1.ex4.FutureTest$blocking_message_multiple_send_receive$2$thread$1.invoke(BlockingMessageQueueWithFutureTest.kt:179)
	at serie1.ex4.FutureTest$blocking_message_multiple_send_receive$2$thread$1.invoke(BlockingMessageQueueWithFutureTest.kt:169)
	at kotlin.concurrent.ThreadsKt$thread$thread$1.run(Thread.kt:30)
Exception in thread "Thread-61583" java.util.concurrent.TimeoutException
	at serie1.Ex4.BlockingMessageQueueFuture$MyFuture.get(BlockingMessageQueueFuture.kt:222)
	at serie1.ex4.FutureTest$blocking_message_multiple_send_receive$2$thread$1.invoke(BlockingMessageQueueWithFutureTest.kt:179)
	at serie1.ex4.FutureTest$blocking_message_multiple_send_receive$2$thread$1.invoke(BlockingMessageQueueWithFutureTest.kt:169)
	at kotlin.concurrent.ThreadsKt$thread$thread$1.run(Thread.kt:30)
Exception in thread "Thread-61582" java.util.concurrent.TimeoutException
	at serie1.Ex4.BlockingMessageQueueFuture$MyFuture.get(BlockingMessageQueueFuture.kt:222)
	at serie1.ex4.FutureTest$blocking_message_multiple_send_receive$2$thread$1.invoke(BlockingMessageQueueWithFutureTest.kt:179)
	at serie1.ex4.FutureTest$blocking_message_multiple_send_receive$2$thread$1.invoke(BlockingMessageQueueWithFutureTest.kt:169)
	at kotlin.concurrent.ThreadsKt$thread$thread$1.run(Thread.kt:30)
Exception in thread "Thread-61585" java.util.concurrent.TimeoutException
	at serie1.Ex4.BlockingMessageQueueFuture$MyFuture.get(BlockingMessageQueueFuture.kt:222)
	at serie1.ex4.FutureTest$blocking_message_multiple_send_receive$2$thread$1.invoke(BlockingMessageQueueWithFutureTest.kt:179)
	at serie1.ex4.FutureTest$blocking_message_multiple_send_receive$2$thread$1.invoke(BlockingMessageQueueWithFutureTest.kt:169)
	at kotlin.concurrent.ThreadsKt$thread$thread$1.run(Thread.kt:30)
[2022-04-22 21:57:41] [INFO] start writer 
[2022-04-22 21:57:41] [INFO] start writer 
[2022-04-22 21:57:41] [INFO] writer try send [4, 5] 
[2022-04-22 21:57:41] [INFO] start writer 
[2022-04-22 21:57:41] [INFO] writer send [4, 5] 
[2022-04-22 21:57:41] [INFO] writer try send [7, 8, 9, 10] 
[2022-04-22 21:57:41] [INFO] writer send [7, 8, 9, 10] 
[2022-04-22 21:57:41] [INFO] writer try send [11, 12, 13] 
[2022-04-22 21:57:41] [INFO] start writer 
[2022-04-22 21:57:41] [INFO] writer try send [14, 15, 16, 17] 
[2022-04-22 21:57:41] [INFO] writer try send [1, 2, 3] 
[2022-04-22 21:57:41] [INFO] start writer 
[2022-04-22 21:57:41] [INFO] writer try send [18, 19, 20] 
[2022-04-22 21:57:41] [INFO] start writer 
[2022-04-22 21:57:41] [INFO] end writer 
[2022-04-22 21:57:41] [INFO] writer send [11, 12, 13] 
[2022-04-22 21:57:41] [INFO] end writer 
[2022-04-22 21:57:41] [INFO] start reader 
[2022-04-22 21:57:41] [INFO] start writer 
[2022-04-22 21:57:41] [INFO] start writer 
[2022-04-22 21:57:41] [INFO] writer try send [6] 
[2022-04-22 21:57:41] [INFO] end writer 
[2022-04-22 21:57:41] [INFO] start reader 
[2022-04-22 21:57:41] [INFO] end writer 
[2022-04-22 21:57:41] [INFO] start get result 
[2022-04-22 21:57:41] [INFO] end get result 4 
[2022-04-22 21:57:41] [INFO] reader get 4 
[2022-04-22 21:57:41] [INFO] start reader 
[2022-04-22 21:57:41] [INFO] start get result 
[2022-04-22 21:57:41] [INFO] end get result 7 
[2022-04-22 21:57:41] [INFO] reader get 7 
[2022-04-22 21:57:41] [INFO] start get result 
[2022-04-22 21:57:41] [INFO] end get result 8 
[2022-04-22 21:57:41] [INFO] reader get 8 
[2022-04-22 21:57:41] [INFO] start get result 
[2022-04-22 21:57:41] [INFO] end get result 9 
[2022-04-22 21:57:41] [INFO] reader get 9 
[2022-04-22 21:57:41] [INFO] start get result 
[2022-04-22 21:57:41] [INFO] end get result 11 
[2022-04-22 21:57:41] [INFO] reader get 11 
[2022-04-22 21:57:41] [INFO] start get result 
[2022-04-22 21:57:41] [INFO] end get result 12 
[2022-04-22 21:57:41] [INFO] reader get 12 
[2022-04-22 21:57:41] [INFO] start get result 
[2022-04-22 21:57:41] [INFO] end get result 13 
[2022-04-22 21:57:41] [INFO] reader get 13 
[2022-04-22 21:57:41] [INFO] start get result 
[2022-04-22 21:57:41] [INFO] start get result 
[2022-04-22 21:57:41] [INFO] end get result 5 
[2022-04-22 21:57:41] [INFO] reader get 5 
[2022-04-22 21:57:41] [INFO] start get result 
[2022-04-22 21:57:41] [INFO] end get result 19 
[2022-04-22 21:57:41] [INFO] reader get 19 
[2022-04-22 21:57:41] [INFO] start get result 
[2022-04-22 21:57:41] [INFO] end get result 20 
[2022-04-22 21:57:41] [INFO] reader get 20 
[2022-04-22 21:57:41] [INFO] start get result 
[2022-04-22 21:57:41] [INFO] end get result 6 
[2022-04-22 21:57:41] [INFO] reader get 6 
[2022-04-22 21:57:41] [INFO] start get result 
[2022-04-22 21:57:41] [INFO] end get result 1 
[2022-04-22 21:57:41] [INFO] reader get 1 
[2022-04-22 21:57:41] [INFO] start get result 
[2022-04-22 21:57:41] [INFO] end get result 2 
[2022-04-22 21:57:41] [INFO] reader get 2 
[2022-04-22 21:57:41] [INFO] end get result 18 
[2022-04-22 21:57:41] [INFO] reader get 18 
[2022-04-22 21:57:41] [INFO] start get result 
[2022-04-22 21:57:41] [INFO] end get result 14 
[2022-04-22 21:57:41] [INFO] reader get 14 
[2022-04-22 21:57:41] [INFO] start get result 
[2022-04-22 21:57:41] [INFO] end get result 15 
[2022-04-22 21:57:41] [INFO] reader get 15 
[2022-04-22 21:57:41] [INFO] start get result 
[2022-04-22 21:57:41] [INFO] end get result 16 
[2022-04-22 21:57:41] [INFO] reader get 16 
[2022-04-22 21:57:41] [INFO] start get result 
[2022-04-22 21:57:41] [INFO] end get result 17 
[2022-04-22 21:57:41] [INFO] reader get 17 
[2022-04-22 21:57:41] [INFO] start get result 
[2022-04-22 21:57:41] [INFO] writer send [1, 2, 3] 
[2022-04-22 21:57:41] [INFO] end writer 
[2022-04-22 21:57:41] [INFO] start get result 
[2022-04-22 21:57:41] [INFO] end get result 10 
[2022-04-22 21:57:41] [INFO] writer send [6] 
[2022-04-22 21:57:41] [INFO] start reader 
[2022-04-22 21:57:41] [INFO] writer send [18, 19, 20] 
[2022-04-22 21:57:41] [INFO] end writer 
[2022-04-22 21:57:41] [INFO] end writer 
[2022-04-22 21:57:41] [INFO] reader get 10 
[2022-04-22 21:57:41] [INFO] start get result 
[2022-04-22 21:57:41] [INFO] start get result 
[2022-04-22 21:57:41] [INFO] end get result 3 
[2022-04-22 21:57:41] [INFO] reader get 3 
[2022-04-22 21:57:41] [INFO] start get result 
[2022-04-22 21:57:41] [INFO] writer send [14, 15, 16, 17] 
[2022-04-22 21:57:41] [INFO] end writer 
[2022-04-22 21:57:41] [INFO] start reader 
[2022-04-22 21:57:41] [INFO] start get result 
[2022-04-22 21:57:41] [INFO] start get result 
Exception in thread "Thread-61597" java.util.concurrent.TimeoutException
	at serie1.Ex4.BlockingMessageQueueFuture$MyFuture.get(BlockingMessageQueueFuture.kt:222)
	at serie1.ex4.FutureTest$blocking_message_multiple_send_receive$2$thread$1.invoke(BlockingMessageQueueWithFutureTest.kt:179)
	at serie1.ex4.FutureTest$blocking_message_multiple_send_receive$2$thread$1.invoke(BlockingMessageQueueWithFutureTest.kt:169)
	at kotlin.concurrent.ThreadsKt$thread$thread$1.run(Thread.kt:30)
Exception in thread "Thread-61598" java.util.concurrent.TimeoutException
	at serie1.Ex4.BlockingMessageQueueFuture$MyFuture.get(BlockingMessageQueueFuture.kt:222)
	at serie1.ex4.FutureTest$blocking_message_multiple_send_receive$2$thread$1.invoke(BlockingMessageQueueWithFutureTest.kt:179)
	at serie1.ex4.FutureTest$blocking_message_multiple_send_receive$2$thread$1.invoke(BlockingMessageQueueWithFutureTest.kt:169)
	at kotlin.concurrent.ThreadsKt$thread$thread$1.run(Thread.kt:30)
Exception in thread "Thread-61596" java.util.concurrent.TimeoutException
	at serie1.Ex4.BlockingMessageQueueFuture$MyFuture.get(BlockingMessageQueueFuture.kt:222)
	at serie1.ex4.FutureTest$blocking_message_multiple_send_receive$2$thread$1.invoke(BlockingMessageQueueWithFutureTest.kt:179)
	at serie1.ex4.FutureTest$blocking_message_multiple_send_receive$2$thread$1.invoke(BlockingMessageQueueWithFutureTest.kt:169)
	at kotlin.concurrent.ThreadsKt$thread$thread$1.run(Thread.kt:30)
Exception in thread "Thread-61599" java.util.concurrent.TimeoutException
	at serie1.Ex4.BlockingMessageQueueFuture$MyFuture.get(BlockingMessageQueueFuture.kt:222)
	at serie1.ex4.FutureTest$blocking_message_multiple_send_receive$2$thread$1.invoke(BlockingMessageQueueWithFutureTest.kt:179)
	at serie1.ex4.FutureTest$blocking_message_multiple_send_receive$2$thread$1.invoke(BlockingMessageQueueWithFutureTest.kt:169)
	at kotlin.concurrent.ThreadsKt$thread$thread$1.run(Thread.kt:30)
Exception in thread "Thread-61595" java.util.concurrent.TimeoutException
	at serie1.Ex4.BlockingMessageQueueFuture$MyFuture.get(BlockingMessageQueueFuture.kt:222)
	at serie1.ex4.FutureTest$blocking_message_multiple_send_receive$2$thread$1.invoke(BlockingMessageQueueWithFutureTest.kt:179)
	at serie1.ex4.FutureTest$blocking_message_multiple_send_receive$2$thread$1.invoke(BlockingMessageQueueWithFutureTest.kt:169)
	at kotlin.concurrent.ThreadsKt$thread$thread$1.run(Thread.kt:30)
[2022-04-22 21:57:43] [INFO] start writer 
[2022-04-22 21:57:43] [INFO] writer try send [1, 2, 3] 
[2022-04-22 21:57:43] [INFO] start writer 
[2022-04-22 21:57:43] [INFO] writer try send [4, 5] 
[2022-04-22 21:57:43] [INFO] writer send [4, 5] 
[2022-04-22 21:57:43] [INFO] writer try send [6] 
[2022-04-22 21:57:43] [INFO] start writer 
[2022-04-22 21:57:43] [INFO] writer try send [7, 8, 9, 10] 
[2022-04-22 21:57:43] [INFO] start writer 
[2022-04-22 21:57:43] [INFO] writer try send [11, 12, 13] 
[2022-04-22 21:57:43] [INFO] start writer 
[2022-04-22 21:57:43] [INFO] writer try send [14, 15, 16, 17] 
[2022-04-22 21:57:43] [INFO] start writer 
[2022-04-22 21:57:43] [INFO] writer send [1, 2, 3] 
[2022-04-22 21:57:43] [INFO] end writer 
[2022-04-22 21:57:43] [INFO] start writer 
[2022-04-22 21:57:43] [INFO] end writer 
[2022-04-22 21:57:43] [INFO] writer try send [18, 19, 20] 
[2022-04-22 21:57:43] [INFO] writer send [7, 8, 9, 10] 
[2022-04-22 21:57:43] [INFO] end writer 
[2022-04-22 21:57:43] [INFO] start reader 
[2022-04-22 21:57:43] [INFO] start writer 
[2022-04-22 21:57:43] [INFO] writer send [6] 
[2022-04-22 21:57:43] [INFO] end writer 
[2022-04-22 21:57:43] [INFO] start reader 
[2022-04-22 21:57:43] [INFO] end writer 
[2022-04-22 21:57:43] [INFO] start reader 
[2022-04-22 21:57:43] [INFO] start get result 
[2022-04-22 21:57:43] [INFO] end get result 1 
[2022-04-22 21:57:43] [INFO] start reader 
[2022-04-22 21:57:43] [INFO] start get result 
[2022-04-22 21:57:43] [INFO] end get result 2 
[2022-04-22 21:57:43] [INFO] reader get 2 
[2022-04-22 21:57:43] [INFO] reader get 1 
[2022-04-22 21:57:43] [INFO] writer send [18, 19, 20] 
[2022-04-22 21:57:43] [INFO] end writer 
[2022-04-22 21:57:43] [INFO] start get result 
[2022-04-22 21:57:43] [INFO] end get result 4 
[2022-04-22 21:57:43] [INFO] reader get 4 
[2022-04-22 21:57:43] [INFO] start get result 
[2022-04-22 21:57:43] [INFO] end get result 7 
[2022-04-22 21:57:43] [INFO] reader get 7 
[2022-04-22 21:57:43] [INFO] start get result 
[2022-04-22 21:57:43] [INFO] end get result 8 
[2022-04-22 21:57:43] [INFO] reader get 8 
[2022-04-22 21:57:43] [INFO] start get result 
[2022-04-22 21:57:43] [INFO] end get result 9 
[2022-04-22 21:57:43] [INFO] reader get 9 
[2022-04-22 21:57:43] [INFO] start get result 
[2022-04-22 21:57:43] [INFO] end get result 10 
[2022-04-22 21:57:43] [INFO] start get result 
[2022-04-22 21:57:43] [INFO] end get result 3 
[2022-04-22 21:57:43] [INFO] reader get 3 
[2022-04-22 21:57:43] [INFO] start get result 
[2022-04-22 21:57:43] [INFO] end get result 18 
[2022-04-22 21:57:43] [INFO] reader get 18 
[2022-04-22 21:57:43] [INFO] start get result 
[2022-04-22 21:57:43] [INFO] end get result 19 
[2022-04-22 21:57:43] [INFO] reader get 19 
[2022-04-22 21:57:43] [INFO] start get result 
[2022-04-22 21:57:43] [INFO] end get result 20 
[2022-04-22 21:57:43] [INFO] reader get 20 
[2022-04-22 21:57:43] [INFO] start get result 
[2022-04-22 21:57:43] [INFO] end get result 11 
[2022-04-22 21:57:43] [INFO] reader get 11 
[2022-04-22 21:57:43] [INFO] start get result 
[2022-04-22 21:57:43] [INFO] end get result 12 
[2022-04-22 21:57:43] [INFO] reader get 12 
[2022-04-22 21:57:43] [INFO] start get result 
[2022-04-22 21:57:43] [INFO] end get result 13 
[2022-04-22 21:57:43] [INFO] reader get 13 
[2022-04-22 21:57:43] [INFO] start get result 
[2022-04-22 21:57:43] [INFO] end get result 14 
[2022-04-22 21:57:43] [INFO] reader get 14 
[2022-04-22 21:57:43] [INFO] start get result 
[2022-04-22 21:57:43] [INFO] end get result 15 
[2022-04-22 21:57:43] [INFO] reader get 15 
[2022-04-22 21:57:43] [INFO] start get result 
[2022-04-22 21:57:43] [INFO] end get result 16 
[2022-04-22 21:57:43] [INFO] reader get 16 
[2022-04-22 21:57:43] [INFO] start get result 
[2022-04-22 21:57:43] [INFO] end get result 17 
[2022-04-22 21:57:43] [INFO] reader get 17 
[2022-04-22 21:57:43] [INFO] start get result 
[2022-04-22 21:57:43] [INFO] start reader 
[2022-04-22 21:57:43] [INFO] reader get 10 
[2022-04-22 21:57:43] [INFO] start get result 
[2022-04-22 21:57:43] [INFO] writer send [14, 15, 16, 17] 
[2022-04-22 21:57:43] [INFO] end writer 
[2022-04-22 21:57:43] [INFO] writer send [11, 12, 13] 
[2022-04-22 21:57:43] [INFO] end writer 
[2022-04-22 21:57:43] [INFO] start get result 
[2022-04-22 21:57:43] [INFO] end get result 6 
[2022-04-22 21:57:43] [INFO] reader get 6 
[2022-04-22 21:57:43] [INFO] start get result 
[2022-04-22 21:57:43] [INFO] start get result 
[2022-04-22 21:57:43] [INFO] end get result 5 
[2022-04-22 21:57:43] [INFO] reader get 5 
[2022-04-22 21:57:43] [INFO] start get result 
[2022-04-22 21:57:43] [INFO] start get result 
Exception in thread "Thread-61612" java.util.concurrent.TimeoutException
	at serie1.Ex4.BlockingMessageQueueFuture$MyFuture.get(BlockingMessageQueueFuture.kt:222)
	at serie1.ex4.FutureTest$blocking_message_multiple_send_receive$2$thread$1.invoke(BlockingMessageQueueWithFutureTest.kt:179)
	at serie1.ex4.FutureTest$blocking_message_multiple_send_receive$2$thread$1.invoke(BlockingMessageQueueWithFutureTest.kt:169)
	at kotlin.concurrent.ThreadsKt$thread$thread$1.run(Thread.kt:30)
Exception in thread "Thread-61610" java.util.concurrent.TimeoutException
	at serie1.Ex4.BlockingMessageQueueFuture$MyFuture.get(BlockingMessageQueueFuture.kt:222)
	at serie1.ex4.FutureTest$blocking_message_multiple_send_receive$2$thread$1.invoke(BlockingMessageQueueWithFutureTest.kt:179)
	at serie1.ex4.FutureTest$blocking_message_multiple_send_receive$2$thread$1.invoke(BlockingMessageQueueWithFutureTest.kt:169)
	at kotlin.concurrent.ThreadsKt$thread$thread$1.run(Thread.kt:30)
Exception in thread "Thread-61609" java.util.concurrent.TimeoutException
	at serie1.Ex4.BlockingMessageQueueFuture$MyFuture.get(BlockingMessageQueueFuture.kt:222)
	at serie1.ex4.FutureTest$blocking_message_multiple_send_receive$2$thread$1.invoke(BlockingMessageQueueWithFutureTest.kt:179)
	at serie1.ex4.FutureTest$blocking_message_multiple_send_receive$2$thread$1.invoke(BlockingMessageQueueWithFutureTest.kt:169)
	at kotlin.concurrent.ThreadsKt$thread$thread$1.run(Thread.kt:30)
Exception in thread "Thread-61613" java.util.concurrent.TimeoutException
	at serie1.Ex4.BlockingMessageQueueFuture$MyFuture.get(BlockingMessageQueueFuture.kt:222)
	at serie1.ex4.FutureTest$blocking_message_multiple_send_receive$2$thread$1.invoke(BlockingMessageQueueWithFutureTest.kt:179)
	at serie1.ex4.FutureTest$blocking_message_multiple_send_receive$2$thread$1.invoke(BlockingMessageQueueWithFutureTest.kt:169)
	at kotlin.concurrent.ThreadsKt$thread$thread$1.run(Thread.kt:30)
Exception in thread "Thread-61611" java.util.concurrent.TimeoutException
	at serie1.Ex4.BlockingMessageQueueFuture$MyFuture.get(BlockingMessageQueueFuture.kt:222)
	at serie1.ex4.FutureTest$blocking_message_multiple_send_receive$2$thread$1.invoke(BlockingMessageQueueWithFutureTest.kt:179)
	at serie1.ex4.FutureTest$blocking_message_multiple_send_receive$2$thread$1.invoke(BlockingMessageQueueWithFutureTest.kt:169)
	at kotlin.concurrent.ThreadsKt$thread$thread$1.run(Thread.kt:30)
[2022-04-22 21:57:45] [INFO] start writer 
[2022-04-22 21:57:45] [INFO] writer try send [1, 2, 3] 
[2022-04-22 21:57:45] [INFO] start writer 
[2022-04-22 21:57:45] [INFO] start writer 
[2022-04-22 21:57:45] [INFO] writer try send [6] 
[2022-04-22 21:57:45] [INFO] writer send [6] 
[2022-04-22 21:57:45] [INFO] writer try send [7, 8, 9, 10] 
[2022-04-22 21:57:45] [INFO] writer send [1, 2, 3] 
[2022-04-22 21:57:45] [INFO] start writer 
[2022-04-22 21:57:45] [INFO] writer try send [14, 15, 16, 17] 
[2022-04-22 21:57:45] [INFO] start writer 
[2022-04-22 21:57:45] [INFO] writer try send [18, 19, 20] 
[2022-04-22 21:57:45] [INFO] start writer 
[2022-04-22 21:57:45] [INFO] end writer 
[2022-04-22 21:57:45] [INFO] start reader 
[2022-04-22 21:57:45] [INFO] start writer 
[2022-04-22 21:57:45] [INFO] end writer 
[2022-04-22 21:57:45] [INFO] start reader 
[2022-04-22 21:57:45] [INFO] writer try send [4, 5] 
[2022-04-22 21:57:45] [INFO] start writer 
[2022-04-22 21:57:45] [INFO] end writer 
[2022-04-22 21:57:45] [INFO] start get result 
[2022-04-22 21:57:45] [INFO] end get result 1 
[2022-04-22 21:57:45] [INFO] reader get 1 
[2022-04-22 21:57:45] [INFO] start get result 
[2022-04-22 21:57:45] [INFO] end get result 2 
[2022-04-22 21:57:45] [INFO] reader get 2 
[2022-04-22 21:57:45] [INFO] start get result 
[2022-04-22 21:57:45] [INFO] end get result 6 
[2022-04-22 21:57:45] [INFO] reader get 6 
[2022-04-22 21:57:45] [INFO] start get result 
[2022-04-22 21:57:45] [INFO] end get result 18 
[2022-04-22 21:57:45] [INFO] reader get 18 
[2022-04-22 21:57:45] [INFO] writer send [4, 5] 
[2022-04-22 21:57:45] [INFO] end writer 
[2022-04-22 21:57:45] [INFO] start writer 
[2022-04-22 21:57:45] [INFO] end writer 
[2022-04-22 21:57:45] [INFO] writer try send [11, 12, 13] 
[2022-04-22 21:57:45] [INFO] start get result 
[2022-04-22 21:57:45] [INFO] end get result 19 
[2022-04-22 21:57:45] [INFO] reader get 19 
[2022-04-22 21:57:45] [INFO] start get result 
[2022-04-22 21:57:45] [INFO] writer send [18, 19, 20] 
[2022-04-22 21:57:45] [INFO] end writer 
[2022-04-22 21:57:45] [INFO] start get result 
[2022-04-22 21:57:45] [INFO] end get result 3 
[2022-04-22 21:57:45] [INFO] reader get 3 
[2022-04-22 21:57:45] [INFO] start get result 
[2022-04-22 21:57:45] [INFO] end get result 4 
[2022-04-22 21:57:45] [INFO] reader get 4 
[2022-04-22 21:57:45] [INFO] start get result 
[2022-04-22 21:57:45] [INFO] end get result 5 
[2022-04-22 21:57:45] [INFO] reader get 5 
[2022-04-22 21:57:45] [INFO] start get result 
[2022-04-22 21:57:45] [INFO] end get result 14 
[2022-04-22 21:57:45] [INFO] reader get 14 
[2022-04-22 21:57:45] [INFO] start get result 
[2022-04-22 21:57:45] [INFO] end get result 15 
[2022-04-22 21:57:45] [INFO] reader get 15 
[2022-04-22 21:57:45] [INFO] start reader 
[2022-04-22 21:57:45] [INFO] start get result 
[2022-04-22 21:57:45] [INFO] writer send [11, 12, 13] 
[2022-04-22 21:57:45] [INFO] end writer 
[2022-04-22 21:57:45] [INFO] writer send [14, 15, 16, 17] 
[2022-04-22 21:57:45] [INFO] end writer 
[2022-04-22 21:57:45] [INFO] end get result 20 
[2022-04-22 21:57:45] [INFO] reader get 20 
[2022-04-22 21:57:45] [INFO] start get result 
[2022-04-22 21:57:45] [INFO] end get result 17 
[2022-04-22 21:57:45] [INFO] reader get 17 
[2022-04-22 21:57:45] [INFO] start get result 
[2022-04-22 21:57:45] [INFO] end get result 12 
[2022-04-22 21:57:45] [INFO] reader get 12 
[2022-04-22 21:57:45] [INFO] start get result 
[2022-04-22 21:57:45] [INFO] end get result 13 
[2022-04-22 21:57:45] [INFO] reader get 13 
[2022-04-22 21:57:45] [INFO] start get result 
[2022-04-22 21:57:45] [INFO] end get result 7 
[2022-04-22 21:57:45] [INFO] reader get 7 
[2022-04-22 21:57:45] [INFO] start get result 
[2022-04-22 21:57:45] [INFO] end get result 8 
[2022-04-22 21:57:45] [INFO] reader get 8 
[2022-04-22 21:57:45] [INFO] start get result 
[2022-04-22 21:57:45] [INFO] end get result 9 
[2022-04-22 21:57:45] [INFO] reader get 9 
[2022-04-22 21:57:45] [INFO] start get result 
[2022-04-22 21:57:45] [INFO] end get result 10 
[2022-04-22 21:57:45] [INFO] reader get 10 
[2022-04-22 21:57:45] [INFO] start get result 
[2022-04-22 21:57:45] [INFO] start reader 
[2022-04-22 21:57:45] [INFO] end get result 16 
[2022-04-22 21:57:45] [INFO] reader get 16 
[2022-04-22 21:57:45] [INFO] start get result 
[2022-04-22 21:57:45] [INFO] start reader 
[2022-04-22 21:57:45] [INFO] writer send [7, 8, 9, 10] 
[2022-04-22 21:57:45] [INFO] end writer 
[2022-04-22 21:57:45] [INFO] start get result 
[2022-04-22 21:57:45] [INFO] end get result 11 
[2022-04-22 21:57:45] [INFO] reader get 11 
[2022-04-22 21:57:45] [INFO] start get result 
[2022-04-22 21:57:45] [INFO] start get result 
[2022-04-22 21:57:45] [INFO] start get result 
Exception in thread "Thread-61625" java.util.concurrent.TimeoutException
	at serie1.Ex4.BlockingMessageQueueFuture$MyFuture.get(BlockingMessageQueueFuture.kt:222)
	at serie1.ex4.FutureTest$blocking_message_multiple_send_receive$2$thread$1.invoke(BlockingMessageQueueWithFutureTest.kt:179)
	at serie1.ex4.FutureTest$blocking_message_multiple_send_receive$2$thread$1.invoke(BlockingMessageQueueWithFutureTest.kt:169)
	at kotlin.concurrent.ThreadsKt$thread$thread$1.run(Thread.kt:30)
Exception in thread "Thread-61628" java.util.concurrent.TimeoutException
	at serie1.Ex4.BlockingMessageQueueFuture$MyFuture.get(BlockingMessageQueueFuture.kt:222)
	at serie1.ex4.FutureTest$blocking_message_multiple_send_receive$2$thread$1.invoke(BlockingMessageQueueWithFutureTest.kt:179)
	at serie1.ex4.FutureTest$blocking_message_multiple_send_receive$2$thread$1.invoke(BlockingMessageQueueWithFutureTest.kt:169)
	at kotlin.concurrent.ThreadsKt$thread$thread$1.run(Thread.kt:30)
Exception in thread "Thread-61627" java.util.concurrent.TimeoutException
	at serie1.Ex4.BlockingMessageQueueFuture$MyFuture.get(BlockingMessageQueueFuture.kt:222)
	at serie1.ex4.FutureTest$blocking_message_multiple_send_receive$2$thread$1.invoke(BlockingMessageQueueWithFutureTest.kt:179)
	at serie1.ex4.FutureTest$blocking_message_multiple_send_receive$2$thread$1.invoke(BlockingMessageQueueWithFutureTest.kt:169)
	at kotlin.concurrent.ThreadsKt$thread$thread$1.run(Thread.kt:30)
Exception in thread "Thread-61624" java.util.concurrent.TimeoutException
	at serie1.Ex4.BlockingMessageQueueFuture$MyFuture.get(BlockingMessageQueueFuture.kt:222)
	at serie1.ex4.FutureTest$blocking_message_multiple_send_receive$2$thread$1.invoke(BlockingMessageQueueWithFutureTest.kt:179)
	at serie1.ex4.FutureTest$blocking_message_multiple_send_receive$2$thread$1.invoke(BlockingMessageQueueWithFutureTest.kt:169)
	at kotlin.concurrent.ThreadsKt$thread$thread$1.run(Thread.kt:30)
Exception in thread "Thread-61626" java.util.concurrent.TimeoutException
	at serie1.Ex4.BlockingMessageQueueFuture$MyFuture.get(BlockingMessageQueueFuture.kt:222)
	at serie1.ex4.FutureTest$blocking_message_multiple_send_receive$2$thread$1.invoke(BlockingMessageQueueWithFutureTest.kt:179)
	at serie1.ex4.FutureTest$blocking_message_multiple_send_receive$2$thread$1.invoke(BlockingMessageQueueWithFutureTest.kt:169)
	at kotlin.concurrent.ThreadsKt$thread$thread$1.run(Thread.kt:30)
[2022-04-22 21:57:47] [INFO] start writer 
[2022-04-22 21:57:47] [INFO] writer try send [1, 2, 3] 
[2022-04-22 21:57:47] [INFO] writer send [1, 2, 3] 
[2022-04-22 21:57:47] [INFO] writer try send [4, 5] 
[2022-04-22 21:57:47] [INFO] writer send [4, 5] 
[2022-04-22 21:57:47] [INFO] writer try send [6] 
[2022-04-22 21:57:47] [INFO] writer send [6] 
[2022-04-22 21:57:47] [INFO] writer try send [7, 8, 9, 10] 
[2022-04-22 21:57:47] [INFO] start reader 
[2022-04-22 21:57:47] [INFO] start writer 
[2022-04-22 21:57:47] [INFO] writer try send [11, 12, 13] 
[2022-04-22 21:57:47] [INFO] start writer 
[2022-04-22 21:57:47] [INFO] writer try send [14, 15, 16, 17] 
[2022-04-22 21:57:47] [INFO] start reader 
[2022-04-22 21:57:47] [INFO] start writer 
[2022-04-22 21:57:47] [INFO] writer try send [18, 19, 20] 
[2022-04-22 21:57:47] [INFO] start writer 
[2022-04-22 21:57:47] [INFO] end writer 
[2022-04-22 21:57:47] [INFO] start writer 
[2022-04-22 21:57:47] [INFO] end writer 
[2022-04-22 21:57:47] [INFO] start writer 
[2022-04-22 21:57:47] [INFO] end writer 
[2022-04-22 21:57:47] [INFO] start writer 
[2022-04-22 21:57:47] [INFO] end writer 
[2022-04-22 21:57:47] [INFO] start reader 
[2022-04-22 21:57:47] [INFO] start writer 
[2022-04-22 21:57:47] [INFO] end writer 
[2022-04-22 21:57:47] [INFO] start get result 
[2022-04-22 21:57:47] [INFO] end get result 1 
[2022-04-22 21:57:47] [INFO] reader get 1 
[2022-04-22 21:57:47] [INFO] start get result 
[2022-04-22 21:57:47] [INFO] end get result 3 
[2022-04-22 21:57:47] [INFO] reader get 3 
[2022-04-22 21:57:47] [INFO] start get result 
[2022-04-22 21:57:47] [INFO] end get result 5 
[2022-04-22 21:57:47] [INFO] reader get 5 
[2022-04-22 21:57:47] [INFO] start get result 
[2022-04-22 21:57:47] [INFO] end get result 6 
[2022-04-22 21:57:47] [INFO] reader get 6 
[2022-04-22 21:57:47] [INFO] start get result 
[2022-04-22 21:57:47] [INFO] end get result 7 
[2022-04-22 21:57:47] [INFO] reader get 7 
[2022-04-22 21:57:47] [INFO] start get result 
[2022-04-22 21:57:47] [INFO] end get result 8 
[2022-04-22 21:57:47] [INFO] reader get 8 
[2022-04-22 21:57:47] [INFO] start get result 
[2022-04-22 21:57:47] [INFO] end get result 9 
[2022-04-22 21:57:47] [INFO] reader get 9 
[2022-04-22 21:57:47] [INFO] start get result 
[2022-04-22 21:57:47] [INFO] end get result 10 
[2022-04-22 21:57:47] [INFO] reader get 10 
[2022-04-22 21:57:47] [INFO] start get result 
[2022-04-22 21:57:47] [INFO] end get result 18 
[2022-04-22 21:57:47] [INFO] reader get 18 
[2022-04-22 21:57:47] [INFO] start get result 
[2022-04-22 21:57:47] [INFO] end get result 19 
[2022-04-22 21:57:47] [INFO] reader get 19 
[2022-04-22 21:57:47] [INFO] start get result 
[2022-04-22 21:57:47] [INFO] end get result 20 
[2022-04-22 21:57:47] [INFO] reader get 20 
[2022-04-22 21:57:47] [INFO] start get result 
[2022-04-22 21:57:47] [INFO] end get result 11 
[2022-04-22 21:57:47] [INFO] reader get 11 
[2022-04-22 21:57:47] [INFO] start get result 
[2022-04-22 21:57:47] [INFO] start reader 
[2022-04-22 21:57:47] [INFO] start get result 
[2022-04-22 21:57:47] [INFO] end get result 2 
[2022-04-22 21:57:47] [INFO] reader get 2 
[2022-04-22 21:57:47] [INFO] start get result 
[2022-04-22 21:57:47] [INFO] end get result 13 
[2022-04-22 21:57:47] [INFO] reader get 13 
[2022-04-22 21:57:47] [INFO] start get result 
[2022-04-22 21:57:47] [INFO] end get result 15 
[2022-04-22 21:57:47] [INFO] reader get 15 
[2022-04-22 21:57:47] [INFO] start get result 
[2022-04-22 21:57:47] [INFO] end get result 16 
[2022-04-22 21:57:47] [INFO] reader get 16 
[2022-04-22 21:57:47] [INFO] start get result 
[2022-04-22 21:57:47] [INFO] end get result 17 
[2022-04-22 21:57:47] [INFO] reader get 17 
[2022-04-22 21:57:47] [INFO] start get result 
[2022-04-22 21:57:47] [INFO] start reader 
[2022-04-22 21:57:47] [INFO] end get result 12 
[2022-04-22 21:57:47] [INFO] reader get 12 
[2022-04-22 21:57:47] [INFO] start get result 
[2022-04-22 21:57:47] [INFO] writer send [14, 15, 16, 17] 
[2022-04-22 21:57:47] [INFO] end writer 
[2022-04-22 21:57:47] [INFO] writer send [11, 12, 13] 
[2022-04-22 21:57:47] [INFO] end writer 
[2022-04-22 21:57:47] [INFO] writer send [18, 19, 20] 
[2022-04-22 21:57:47] [INFO] end writer 
[2022-04-22 21:57:47] [INFO] writer send [7, 8, 9, 10] 
[2022-04-22 21:57:47] [INFO] end writer 
[2022-04-22 21:57:47] [INFO] start get result 
[2022-04-22 21:57:47] [INFO] end get result 4 
[2022-04-22 21:57:47] [INFO] start get result 
[2022-04-22 21:57:47] [INFO] start get result 
[2022-04-22 21:57:47] [INFO] end get result 14 
[2022-04-22 21:57:47] [INFO] reader get 14 
[2022-04-22 21:57:47] [INFO] start get result 
[2022-04-22 21:57:47] [INFO] reader get 4 
[2022-04-22 21:57:47] [INFO] start get result 
Exception in thread "Thread-61643" java.util.concurrent.TimeoutException
	at serie1.Ex4.BlockingMessageQueueFuture$MyFuture.get(BlockingMessageQueueFuture.kt:222)
	at serie1.ex4.FutureTest$blocking_message_multiple_send_receive$2$thread$1.invoke(BlockingMessageQueueWithFutureTest.kt:179)
	at serie1.ex4.FutureTest$blocking_message_multiple_send_receive$2$thread$1.invoke(BlockingMessageQueueWithFutureTest.kt:169)
	at kotlin.concurrent.ThreadsKt$thread$thread$1.run(Thread.kt:30)
Exception in thread "Thread-61640" java.util.concurrent.TimeoutException
	at serie1.Ex4.BlockingMessageQueueFuture$MyFuture.get(BlockingMessageQueueFuture.kt:222)
	at serie1.ex4.FutureTest$blocking_message_multiple_send_receive$2$thread$1.invoke(BlockingMessageQueueWithFutureTest.kt:179)
	at serie1.ex4.FutureTest$blocking_message_multiple_send_receive$2$thread$1.invoke(BlockingMessageQueueWithFutureTest.kt:169)
	at kotlin.concurrent.ThreadsKt$thread$thread$1.run(Thread.kt:30)
Exception in thread "Thread-61639" java.util.concurrent.TimeoutException
	at serie1.Ex4.BlockingMessageQueueFuture$MyFuture.get(BlockingMessageQueueFuture.kt:222)
	at serie1.ex4.FutureTest$blocking_message_multiple_send_receive$2$thread$1.invoke(BlockingMessageQueueWithFutureTest.kt:179)
	at serie1.ex4.FutureTest$blocking_message_multiple_send_receive$2$thread$1.invoke(BlockingMessageQueueWithFutureTest.kt:169)
	at kotlin.concurrent.ThreadsKt$thread$thread$1.run(Thread.kt:30)
Exception in thread "Thread-61641" java.util.concurrent.TimeoutException
	at serie1.Ex4.BlockingMessageQueueFuture$MyFuture.get(BlockingMessageQueueFuture.kt:222)
	at serie1.ex4.FutureTest$blocking_message_multiple_send_receive$2$thread$1.invoke(BlockingMessageQueueWithFutureTest.kt:179)
	at serie1.ex4.FutureTest$blocking_message_multiple_send_receive$2$thread$1.invoke(BlockingMessageQueueWithFutureTest.kt:169)
	at kotlin.concurrent.ThreadsKt$thread$thread$1.run(Thread.kt:30)
Exception in thread "Thread-61642" java.util.concurrent.TimeoutException
	at serie1.Ex4.BlockingMessageQueueFuture$MyFuture.get(BlockingMessageQueueFuture.kt:222)
	at serie1.ex4.FutureTest$blocking_message_multiple_send_receive$2$thread$1.invoke(BlockingMessageQueueWithFutureTest.kt:179)
	at serie1.ex4.FutureTest$blocking_message_multiple_send_receive$2$thread$1.invoke(BlockingMessageQueueWithFutureTest.kt:169)
	at kotlin.concurrent.ThreadsKt$thread$thread$1.run(Thread.kt:30)
[2022-04-22 21:57:49] [INFO] start writer 
[2022-04-22 21:57:49] [INFO] writer try send [1, 2, 3] 
[2022-04-22 21:57:49] [INFO] start writer 
[2022-04-22 21:57:49] [INFO] writer try send [4, 5] 
[2022-04-22 21:57:49] [INFO] start writer 
[2022-04-22 21:57:49] [INFO] writer send [4, 5] 
[2022-04-22 21:57:49] [INFO] writer try send [7, 8, 9, 10] 
[2022-04-22 21:57:49] [INFO] writer send [1, 2, 3] 
[2022-04-22 21:57:49] [INFO] writer try send [11, 12, 13] 
[2022-04-22 21:57:49] [INFO] start writer 
[2022-04-22 21:57:49] [INFO] start writer 
[2022-04-22 21:57:49] [INFO] start writer 
[2022-04-22 21:57:49] [INFO] end writer 
[2022-04-22 21:57:49] [INFO] start writer 
[2022-04-22 21:57:49] [INFO] end writer 
[2022-04-22 21:57:49] [INFO] start writer 
[2022-04-22 21:57:49] [INFO] end writer 
[2022-04-22 21:57:49] [INFO] writer try send [6] 
[2022-04-22 21:57:49] [INFO] writer try send [18, 19, 20] 
[2022-04-22 21:57:49] [INFO] start writer 
[2022-04-22 21:57:49] [INFO] end writer 
[2022-04-22 21:57:49] [INFO] writer try send [14, 15, 16, 17] 
[2022-04-22 21:57:49] [INFO] start reader 
[2022-04-22 21:57:49] [INFO] writer send [6] 
[2022-04-22 21:57:49] [INFO] end writer 
[2022-04-22 21:57:49] [INFO] start reader 
[2022-04-22 21:57:49] [INFO] start get result 
[2022-04-22 21:57:49] [INFO] start reader 
[2022-04-22 21:57:49] [INFO] end get result 1 
[2022-04-22 21:57:49] [INFO] reader get 1 
[2022-04-22 21:57:49] [INFO] start get result 
[2022-04-22 21:57:49] [INFO] end get result 2 
[2022-04-22 21:57:49] [INFO] reader get 2 
[2022-04-22 21:57:49] [INFO] start get result 
[2022-04-22 21:57:49] [INFO] start get result 
[2022-04-22 21:57:49] [INFO] end get result 4 
[2022-04-22 21:57:49] [INFO] reader get 4 
[2022-04-22 21:57:49] [INFO] start get result 
[2022-04-22 21:57:49] [INFO] end get result 6 
[2022-04-22 21:57:49] [INFO] reader get 6 
[2022-04-22 21:57:49] [INFO] start get result 
[2022-04-22 21:57:49] [INFO] end get result 11 
[2022-04-22 21:57:49] [INFO] reader get 11 
[2022-04-22 21:57:49] [INFO] start get result 
[2022-04-22 21:57:49] [INFO] end get result 12 
[2022-04-22 21:57:49] [INFO] reader get 12 
[2022-04-22 21:57:49] [INFO] start get result 
[2022-04-22 21:57:49] [INFO] end get result 13 
[2022-04-22 21:57:49] [INFO] reader get 13 
[2022-04-22 21:57:49] [INFO] start get result 
[2022-04-22 21:57:49] [INFO] end get result 18 
[2022-04-22 21:57:49] [INFO] reader get 18 
[2022-04-22 21:57:49] [INFO] start reader 
[2022-04-22 21:57:49] [INFO] start get result 
[2022-04-22 21:57:49] [INFO] end get result 19 
[2022-04-22 21:57:49] [INFO] reader get 19 
[2022-04-22 21:57:49] [INFO] start get result 
[2022-04-22 21:57:49] [INFO] end get result 20 
[2022-04-22 21:57:49] [INFO] reader get 20 
[2022-04-22 21:57:49] [INFO] start get result 
[2022-04-22 21:57:49] [INFO] end get result 14 
[2022-04-22 21:57:49] [INFO] reader get 14 
[2022-04-22 21:57:49] [INFO] start get result 
[2022-04-22 21:57:49] [INFO] end get result 15 
[2022-04-22 21:57:49] [INFO] reader get 15 
[2022-04-22 21:57:49] [INFO] start get result 
[2022-04-22 21:57:49] [INFO] end get result 17 
[2022-04-22 21:57:49] [INFO] reader get 17 
[2022-04-22 21:57:49] [INFO] start get result 
[2022-04-22 21:57:49] [INFO] end get result 7 
[2022-04-22 21:57:49] [INFO] reader get 7 
[2022-04-22 21:57:49] [INFO] start get result 
[2022-04-22 21:57:49] [INFO] end get result 8 
[2022-04-22 21:57:49] [INFO] reader get 8 
[2022-04-22 21:57:49] [INFO] start get result 
[2022-04-22 21:57:49] [INFO] end get result 9 
[2022-04-22 21:57:49] [INFO] reader get 9 
[2022-04-22 21:57:49] [INFO] start get result 
[2022-04-22 21:57:49] [INFO] end get result 10 
[2022-04-22 21:57:49] [INFO] reader get 10 
[2022-04-22 21:57:49] [INFO] start get result 
[2022-04-22 21:57:49] [INFO] writer send [14, 15, 16, 17] 
[2022-04-22 21:57:49] [INFO] end writer 
[2022-04-22 21:57:49] [INFO] writer send [18, 19, 20] 
[2022-04-22 21:57:49] [INFO] end writer 
[2022-04-22 21:57:49] [INFO] start get result 
[2022-04-22 21:57:49] [INFO] end get result 5 
[2022-04-22 21:57:49] [INFO] reader get 5 
[2022-04-22 21:57:49] [INFO] start get result 
[2022-04-22 21:57:49] [INFO] end get result 3 
[2022-04-22 21:57:49] [INFO] reader get 3 
[2022-04-22 21:57:49] [INFO] start get result 
[2022-04-22 21:57:49] [INFO] writer send [11, 12, 13] 
[2022-04-22 21:57:49] [INFO] end writer 
[2022-04-22 21:57:49] [INFO] start get result 
[2022-04-22 21:57:49] [INFO] end get result 16 
[2022-04-22 21:57:49] [INFO] reader get 16 
[2022-04-22 21:57:49] [INFO] start get result 
[2022-04-22 21:57:49] [INFO] writer send [7, 8, 9, 10] 
[2022-04-22 21:57:49] [INFO] end writer 
[2022-04-22 21:57:49] [INFO] start reader 
[2022-04-22 21:57:49] [INFO] start get result 
Exception in thread "Thread-61657" java.util.concurrent.TimeoutException
	at serie1.Ex4.BlockingMessageQueueFuture$MyFuture.get(BlockingMessageQueueFuture.kt:222)
	at serie1.ex4.FutureTest$blocking_message_multiple_send_receive$2$thread$1.invoke(BlockingMessageQueueWithFutureTest.kt:179)
	at serie1.ex4.FutureTest$blocking_message_multiple_send_receive$2$thread$1.invoke(BlockingMessageQueueWithFutureTest.kt:169)
	at kotlin.concurrent.ThreadsKt$thread$thread$1.run(Thread.kt:30)
Exception in thread "Thread-61654" java.util.concurrent.TimeoutException
	at serie1.Ex4.BlockingMessageQueueFuture$MyFuture.get(BlockingMessageQueueFuture.kt:222)
	at serie1.ex4.FutureTest$blocking_message_multiple_send_receive$2$thread$1.invoke(BlockingMessageQueueWithFutureTest.kt:179)
	at serie1.ex4.FutureTest$blocking_message_multiple_send_receive$2$thread$1.invoke(BlockingMessageQueueWithFutureTest.kt:169)
	at kotlin.concurrent.ThreadsKt$thread$thread$1.run(Thread.kt:30)
Exception in thread "Thread-61658" java.util.concurrent.TimeoutException
	at serie1.Ex4.BlockingMessageQueueFuture$MyFuture.get(BlockingMessageQueueFuture.kt:222)
	at serie1.ex4.FutureTest$blocking_message_multiple_send_receive$2$thread$1.invoke(BlockingMessageQueueWithFutureTest.kt:179)
	at serie1.ex4.FutureTest$blocking_message_multiple_send_receive$2$thread$1.invoke(BlockingMessageQueueWithFutureTest.kt:169)
	at kotlin.concurrent.ThreadsKt$thread$thread$1.run(Thread.kt:30)
Exception in thread "Thread-61655" java.util.concurrent.TimeoutException
	at serie1.Ex4.BlockingMessageQueueFuture$MyFuture.get(BlockingMessageQueueFuture.kt:222)
	at serie1.ex4.FutureTest$blocking_message_multiple_send_receive$2$thread$1.invoke(BlockingMessageQueueWithFutureTest.kt:179)
	at serie1.ex4.FutureTest$blocking_message_multiple_send_receive$2$thread$1.invoke(BlockingMessageQueueWithFutureTest.kt:169)
	at kotlin.concurrent.ThreadsKt$thread$thread$1.run(Thread.kt:30)
Exception in thread "Thread-61656" java.util.concurrent.TimeoutException
	at serie1.Ex4.BlockingMessageQueueFuture$MyFuture.get(BlockingMessageQueueFuture.kt:222)
	at serie1.ex4.FutureTest$blocking_message_multiple_send_receive$2$thread$1.invoke(BlockingMessageQueueWithFutureTest.kt:179)
	at serie1.ex4.FutureTest$blocking_message_multiple_send_receive$2$thread$1.invoke(BlockingMessageQueueWithFutureTest.kt:169)
	at kotlin.concurrent.ThreadsKt$thread$thread$1.run(Thread.kt:30)
[2022-04-22 21:57:51] [INFO] start writer 
[2022-04-22 21:57:51] [INFO] writer try send [1, 2, 3] 
[2022-04-22 21:57:51] [INFO] start writer 
[2022-04-22 21:57:51] [INFO] writer try send [4, 5] 
[2022-04-22 21:57:51] [INFO] start writer 
[2022-04-22 21:57:51] [INFO] start reader 
[2022-04-22 21:57:51] [INFO] start writer 
[2022-04-22 21:57:51] [INFO] writer try send [7, 8, 9, 10] 
[2022-04-22 21:57:51] [INFO] start writer 
[2022-04-22 21:57:51] [INFO] writer try send [11, 12, 13] 
[2022-04-22 21:57:51] [INFO] writer send [11, 12, 13] 
[2022-04-22 21:57:51] [INFO] writer try send [14, 15, 16, 17] 
[2022-04-22 21:57:51] [INFO] writer send [4, 5] 
[2022-04-22 21:57:51] [INFO] writer try send [18, 19, 20] 
[2022-04-22 21:57:51] [INFO] writer send [1, 2, 3] 
[2022-04-22 21:57:51] [INFO] end writer 
[2022-04-22 21:57:51] [INFO] start get result 
[2022-04-22 21:57:51] [INFO] end get result 1 
[2022-04-22 21:57:51] [INFO] reader get 1 
[2022-04-22 21:57:51] [INFO] start get result 
[2022-04-22 21:57:51] [INFO] end get result 2 
[2022-04-22 21:57:51] [INFO] reader get 2 
[2022-04-22 21:57:51] [INFO] start get result 
[2022-04-22 21:57:51] [INFO] end get result 3 
[2022-04-22 21:57:51] [INFO] reader get 3 
[2022-04-22 21:57:51] [INFO] start get result 
[2022-04-22 21:57:51] [INFO] end get result 4 
[2022-04-22 21:57:51] [INFO] reader get 4 
[2022-04-22 21:57:51] [INFO] start get result 
[2022-04-22 21:57:51] [INFO] end get result 5 
[2022-04-22 21:57:51] [INFO] reader get 5 
[2022-04-22 21:57:51] [INFO] start writer 
[2022-04-22 21:57:51] [INFO] end writer 
[2022-04-22 21:57:51] [INFO] start writer 
[2022-04-22 21:57:51] [INFO] end writer 
[2022-04-22 21:57:51] [INFO] start reader 
[2022-04-22 21:57:51] [INFO] start writer 
[2022-04-22 21:57:51] [INFO] end writer 
[2022-04-22 21:57:51] [INFO] start reader 
[2022-04-22 21:57:51] [INFO] start writer 
[2022-04-22 21:57:51] [INFO] end writer 
[2022-04-22 21:57:51] [INFO] writer try send [6] 
[2022-04-22 21:57:51] [INFO] writer send [7, 8, 9, 10] 
[2022-04-22 21:57:51] [INFO] end writer 
[2022-04-22 21:57:51] [INFO] start get result 
[2022-04-22 21:57:51] [INFO] end get result 12 
[2022-04-22 21:57:51] [INFO] reader get 12 
[2022-04-22 21:57:51] [INFO] start get result 
[2022-04-22 21:57:51] [INFO] end get result 18 
[2022-04-22 21:57:51] [INFO] reader get 18 
[2022-04-22 21:57:51] [INFO] start get result 
[2022-04-22 21:57:51] [INFO] end get result 19 
[2022-04-22 21:57:51] [INFO] reader get 19 
[2022-04-22 21:57:51] [INFO] start get result 
[2022-04-22 21:57:51] [INFO] end get result 20 
[2022-04-22 21:57:51] [INFO] reader get 20 
[2022-04-22 21:57:51] [INFO] start reader 
[2022-04-22 21:57:51] [INFO] writer send [18, 19, 20] 
[2022-04-22 21:57:51] [INFO] end writer 
[2022-04-22 21:57:51] [INFO] start get result 
[2022-04-22 21:57:51] [INFO] start reader 
[2022-04-22 21:57:51] [INFO] writer send [14, 15, 16, 17] 
[2022-04-22 21:57:51] [INFO] end writer 
[2022-04-22 21:57:51] [INFO] start get result 
[2022-04-22 21:57:51] [INFO] end get result 7 
[2022-04-22 21:57:51] [INFO] reader get 7 
[2022-04-22 21:57:51] [INFO] start get result 
[2022-04-22 21:57:51] [INFO] end get result 9 
[2022-04-22 21:57:51] [INFO] start get result 
[2022-04-22 21:57:51] [INFO] end get result 10 
[2022-04-22 21:57:51] [INFO] reader get 10 
[2022-04-22 21:57:51] [INFO] start get result 
[2022-04-22 21:57:51] [INFO] end get result 6 
[2022-04-22 21:57:51] [INFO] reader get 6 
[2022-04-22 21:57:51] [INFO] start get result 
[2022-04-22 21:57:51] [INFO] end get result 14 
[2022-04-22 21:57:51] [INFO] reader get 14 
[2022-04-22 21:57:51] [INFO] start get result 
[2022-04-22 21:57:51] [INFO] end get result 15 
[2022-04-22 21:57:51] [INFO] reader get 15 
[2022-04-22 21:57:51] [INFO] start get result 
[2022-04-22 21:57:51] [INFO] end get result 16 
[2022-04-22 21:57:51] [INFO] reader get 16 
[2022-04-22 21:57:51] [INFO] start get result 
[2022-04-22 21:57:51] [INFO] end get result 17 
[2022-04-22 21:57:51] [INFO] reader get 17 
[2022-04-22 21:57:51] [INFO] start get result 
[2022-04-22 21:57:51] [INFO] writer send [6] 
[2022-04-22 21:57:51] [INFO] end writer 
[2022-04-22 21:57:51] [INFO] start get result 
[2022-04-22 21:57:51] [INFO] end get result 13 
[2022-04-22 21:57:51] [INFO] reader get 13 
[2022-04-22 21:57:51] [INFO] start get result 
[2022-04-22 21:57:51] [INFO] reader get 9 
[2022-04-22 21:57:51] [INFO] start get result 
[2022-04-22 21:57:51] [INFO] start get result 
[2022-04-22 21:57:51] [INFO] end get result 8 
[2022-04-22 21:57:51] [INFO] reader get 8 
[2022-04-22 21:57:51] [INFO] start get result 
[2022-04-22 21:57:51] [INFO] end get result 11 
[2022-04-22 21:57:51] [INFO] reader get 11 
[2022-04-22 21:57:51] [INFO] start get result 
Exception in thread "Thread-61669" java.util.concurrent.TimeoutException
	at serie1.Ex4.BlockingMessageQueueFuture$MyFuture.get(BlockingMessageQueueFuture.kt:222)
	at serie1.ex4.FutureTest$blocking_message_multiple_send_receive$2$thread$1.invoke(BlockingMessageQueueWithFutureTest.kt:179)
	at serie1.ex4.FutureTest$blocking_message_multiple_send_receive$2$thread$1.invoke(BlockingMessageQueueWithFutureTest.kt:169)
	at kotlin.concurrent.ThreadsKt$thread$thread$1.run(Thread.kt:30)
Exception in thread "Thread-61672" java.util.concurrent.TimeoutException
	at serie1.Ex4.BlockingMessageQueueFuture$MyFuture.get(BlockingMessageQueueFuture.kt:222)
	at serie1.ex4.FutureTest$blocking_message_multiple_send_receive$2$thread$1.invoke(BlockingMessageQueueWithFutureTest.kt:179)
	at serie1.ex4.FutureTest$blocking_message_multiple_send_receive$2$thread$1.invoke(BlockingMessageQueueWithFutureTest.kt:169)
	at kotlin.concurrent.ThreadsKt$thread$thread$1.run(Thread.kt:30)
Exception in thread "Thread-61673" java.util.concurrent.TimeoutException
	at serie1.Ex4.BlockingMessageQueueFuture$MyFuture.get(BlockingMessageQueueFuture.kt:222)
	at serie1.ex4.FutureTest$blocking_message_multiple_send_receive$2$thread$1.invoke(BlockingMessageQueueWithFutureTest.kt:179)
	at serie1.ex4.FutureTest$blocking_message_multiple_send_receive$2$thread$1.invoke(BlockingMessageQueueWithFutureTest.kt:169)
	at kotlin.concurrent.ThreadsKt$thread$thread$1.run(Thread.kt:30)
Exception in thread "Thread-61671" java.util.concurrent.TimeoutException
	at serie1.Ex4.BlockingMessageQueueFuture$MyFuture.get(BlockingMessageQueueFuture.kt:222)
	at serie1.ex4.FutureTest$blocking_message_multiple_send_receive$2$thread$1.invoke(BlockingMessageQueueWithFutureTest.kt:179)
	at serie1.ex4.FutureTest$blocking_message_multiple_send_receive$2$thread$1.invoke(BlockingMessageQueueWithFutureTest.kt:169)
	at kotlin.concurrent.ThreadsKt$thread$thread$1.run(Thread.kt:30)
Exception in thread "Thread-61670" java.util.concurrent.TimeoutException
	at serie1.Ex4.BlockingMessageQueueFuture$MyFuture.get(BlockingMessageQueueFuture.kt:222)
	at serie1.ex4.FutureTest$blocking_message_multiple_send_receive$2$thread$1.invoke(BlockingMessageQueueWithFutureTest.kt:179)
	at serie1.ex4.FutureTest$blocking_message_multiple_send_receive$2$thread$1.invoke(BlockingMessageQueueWithFutureTest.kt:169)
	at kotlin.concurrent.ThreadsKt$thread$thread$1.run(Thread.kt:30)
[2022-04-22 21:57:53] [INFO] start writer 
[2022-04-22 21:57:53] [INFO] writer try send [1, 2, 3] 
[2022-04-22 21:57:53] [INFO] writer send [1, 2, 3] 
[2022-04-22 21:57:53] [INFO] start writer 
[2022-04-22 21:57:53] [INFO] start writer 
[2022-04-22 21:57:53] [INFO] writer try send [7, 8, 9, 10] 
[2022-04-22 21:57:53] [INFO] writer send [7, 8, 9, 10] 
[2022-04-22 21:57:53] [INFO] writer try send [11, 12, 13] 
[2022-04-22 21:57:53] [INFO] writer try send [4, 5] 
[2022-04-22 21:57:53] [INFO] start writer 
[2022-04-22 21:57:53] [INFO] writer try send [14, 15, 16, 17] 
[2022-04-22 21:57:53] [INFO] start writer 
[2022-04-22 21:57:53] [INFO] writer try send [18, 19, 20] 
[2022-04-22 21:57:53] [INFO] start writer 
[2022-04-22 21:57:53] [INFO] end writer 
[2022-04-22 21:57:53] [INFO] start reader 
[2022-04-22 21:57:53] [INFO] start writer 
[2022-04-22 21:57:53] [INFO] writer try send [6] 
[2022-04-22 21:57:53] [INFO] end writer 
[2022-04-22 21:57:53] [INFO] start writer 
[2022-04-22 21:57:53] [INFO] end writer 
[2022-04-22 21:57:53] [INFO] start writer 
[2022-04-22 21:57:53] [INFO] end writer 
[2022-04-22 21:57:53] [INFO] writer send [4, 5] 
[2022-04-22 21:57:53] [INFO] end writer 
[2022-04-22 21:57:53] [INFO] start reader 
[2022-04-22 21:57:53] [INFO] start get result 
[2022-04-22 21:57:53] [INFO] start reader 
[2022-04-22 21:57:53] [INFO] end get result 1 
[2022-04-22 21:57:53] [INFO] reader get 1 
[2022-04-22 21:57:53] [INFO] start get result 
[2022-04-22 21:57:53] [INFO] end get result 2 
[2022-04-22 21:57:53] [INFO] reader get 2 
[2022-04-22 21:57:53] [INFO] start get result 
[2022-04-22 21:57:53] [INFO] end get result 7 
[2022-04-22 21:57:53] [INFO] reader get 7 
[2022-04-22 21:57:53] [INFO] start get result 
[2022-04-22 21:57:53] [INFO] end get result 9 
[2022-04-22 21:57:53] [INFO] start reader 
[2022-04-22 21:57:53] [INFO] reader get 9 
[2022-04-22 21:57:53] [INFO] writer send [6] 
[2022-04-22 21:57:53] [INFO] end writer 
[2022-04-22 21:57:53] [INFO] start get result 
[2022-04-22 21:57:53] [INFO] end get result 8 
[2022-04-22 21:57:53] [INFO] reader get 8 
[2022-04-22 21:57:53] [INFO] start get result 
[2022-04-22 21:57:53] [INFO] end get result 4 
[2022-04-22 21:57:53] [INFO] start get result 
[2022-04-22 21:57:53] [INFO] end get result 5 
[2022-04-22 21:57:53] [INFO] reader get 5 
[2022-04-22 21:57:53] [INFO] start get result 
[2022-04-22 21:57:53] [INFO] end get result 18 
[2022-04-22 21:57:53] [INFO] reader get 18 
[2022-04-22 21:57:53] [INFO] start get result 
[2022-04-22 21:57:53] [INFO] end get result 19 
[2022-04-22 21:57:53] [INFO] reader get 19 
[2022-04-22 21:57:53] [INFO] start get result 
[2022-04-22 21:57:53] [INFO] end get result 20 
[2022-04-22 21:57:53] [INFO] reader get 20 
[2022-04-22 21:57:53] [INFO] start get result 
[2022-04-22 21:57:53] [INFO] end get result 6 
[2022-04-22 21:57:53] [INFO] reader get 6 
[2022-04-22 21:57:53] [INFO] start get result 
[2022-04-22 21:57:53] [INFO] end get result 11 
[2022-04-22 21:57:53] [INFO] reader get 11 
[2022-04-22 21:57:53] [INFO] start get result 
[2022-04-22 21:57:53] [INFO] end get result 12 
[2022-04-22 21:57:53] [INFO] reader get 12 
[2022-04-22 21:57:53] [INFO] start get result 
[2022-04-22 21:57:53] [INFO] end get result 13 
[2022-04-22 21:57:53] [INFO] reader get 13 
[2022-04-22 21:57:53] [INFO] start get result 
[2022-04-22 21:57:53] [INFO] end get result 14 
[2022-04-22 21:57:53] [INFO] reader get 14 
[2022-04-22 21:57:53] [INFO] start get result 
[2022-04-22 21:57:53] [INFO] end get result 15 
[2022-04-22 21:57:53] [INFO] reader get 15 
[2022-04-22 21:57:53] [INFO] start get result 
[2022-04-22 21:57:53] [INFO] end get result 16 
[2022-04-22 21:57:53] [INFO] reader get 16 
[2022-04-22 21:57:53] [INFO] start get result 
[2022-04-22 21:57:53] [INFO] end get result 17 
[2022-04-22 21:57:53] [INFO] reader get 17 
[2022-04-22 21:57:53] [INFO] start get result 
[2022-04-22 21:57:53] [INFO] writer send [18, 19, 20] 
[2022-04-22 21:57:53] [INFO] end writer 
[2022-04-22 21:57:53] [INFO] start get result 
[2022-04-22 21:57:53] [INFO] end get result 3 
[2022-04-22 21:57:53] [INFO] reader get 3 
[2022-04-22 21:57:53] [INFO] start get result 
[2022-04-22 21:57:53] [INFO] writer send [14, 15, 16, 17] 
[2022-04-22 21:57:53] [INFO] end writer 
[2022-04-22 21:57:53] [INFO] reader get 4 
[2022-04-22 21:57:53] [INFO] start get result 
[2022-04-22 21:57:53] [INFO] start reader 
[2022-04-22 21:57:53] [INFO] writer send [11, 12, 13] 
[2022-04-22 21:57:53] [INFO] end writer 
[2022-04-22 21:57:53] [INFO] start get result 
[2022-04-22 21:57:53] [INFO] end get result 10 
[2022-04-22 21:57:53] [INFO] reader get 10 
[2022-04-22 21:57:53] [INFO] start get result 
[2022-04-22 21:57:53] [INFO] start get result 
Exception in thread "Thread-61684" java.util.concurrent.TimeoutException
	at serie1.Ex4.BlockingMessageQueueFuture$MyFuture.get(BlockingMessageQueueFuture.kt:222)
	at serie1.ex4.FutureTest$blocking_message_multiple_send_receive$2$thread$1.invoke(BlockingMessageQueueWithFutureTest.kt:179)
	at serie1.ex4.FutureTest$blocking_message_multiple_send_receive$2$thread$1.invoke(BlockingMessageQueueWithFutureTest.kt:169)
	at kotlin.concurrent.ThreadsKt$thread$thread$1.run(Thread.kt:30)
Exception in thread "Thread-61685" java.util.concurrent.TimeoutException
	at serie1.Ex4.BlockingMessageQueueFuture$MyFuture.get(BlockingMessageQueueFuture.kt:222)
	at serie1.ex4.FutureTest$blocking_message_multiple_send_receive$2$thread$1.invoke(BlockingMessageQueueWithFutureTest.kt:179)
	at serie1.ex4.FutureTest$blocking_message_multiple_send_receive$2$thread$1.invoke(BlockingMessageQueueWithFutureTest.kt:169)
	at kotlin.concurrent.ThreadsKt$thread$thread$1.run(Thread.kt:30)
Exception in thread "Thread-61686" java.util.concurrent.TimeoutException
	at serie1.Ex4.BlockingMessageQueueFuture$MyFuture.get(BlockingMessageQueueFuture.kt:222)
	at serie1.ex4.FutureTest$blocking_message_multiple_send_receive$2$thread$1.invoke(BlockingMessageQueueWithFutureTest.kt:179)
	at serie1.ex4.FutureTest$blocking_message_multiple_send_receive$2$thread$1.invoke(BlockingMessageQueueWithFutureTest.kt:169)
	at kotlin.concurrent.ThreadsKt$thread$thread$1.run(Thread.kt:30)
Exception in thread "Thread-61688" java.util.concurrent.TimeoutException
	at serie1.Ex4.BlockingMessageQueueFuture$MyFuture.get(BlockingMessageQueueFuture.kt:222)
	at serie1.ex4.FutureTest$blocking_message_multiple_send_receive$2$thread$1.invoke(BlockingMessageQueueWithFutureTest.kt:179)
	at serie1.ex4.FutureTest$blocking_message_multiple_send_receive$2$thread$1.invoke(BlockingMessageQueueWithFutureTest.kt:169)
	at kotlin.concurrent.ThreadsKt$thread$thread$1.run(Thread.kt:30)
Exception in thread "Thread-61687" java.util.concurrent.TimeoutException
	at serie1.Ex4.BlockingMessageQueueFuture$MyFuture.get(BlockingMessageQueueFuture.kt:222)
	at serie1.ex4.FutureTest$blocking_message_multiple_send_receive$2$thread$1.invoke(BlockingMessageQueueWithFutureTest.kt:179)
	at serie1.ex4.FutureTest$blocking_message_multiple_send_receive$2$thread$1.invoke(BlockingMessageQueueWithFutureTest.kt:169)
	at kotlin.concurrent.ThreadsKt$thread$thread$1.run(Thread.kt:30)
[2022-04-22 21:57:55] [INFO] start writer 
[2022-04-22 21:57:55] [INFO] writer try send [1, 2, 3] 
[2022-04-22 21:57:55] [INFO] start writer 
[2022-04-22 21:57:55] [INFO] writer send [1, 2, 3] 
[2022-04-22 21:57:55] [INFO] writer try send [6] 
[2022-04-22 21:57:55] [INFO] start reader 
[2022-04-22 21:57:55] [INFO] start writer 
[2022-04-22 21:57:55] [INFO] writer try send [7, 8, 9, 10] 
[2022-04-22 21:57:55] [INFO] start reader 
[2022-04-22 21:57:55] [INFO] start writer 
[2022-04-22 21:57:55] [INFO] start writer 
[2022-04-22 21:57:55] [INFO] start get result 
[2022-04-22 21:57:55] [INFO] writer send [6] 
[2022-04-22 21:57:55] [INFO] writer try send [18, 19, 20] 
[2022-04-22 21:57:55] [INFO] writer send [18, 19, 20] 
[2022-04-22 21:57:55] [INFO] end writer 
[2022-04-22 21:57:55] [INFO] start writer 
[2022-04-22 21:57:55] [INFO] end writer 
[2022-04-22 21:57:55] [INFO] start writer 
[2022-04-22 21:57:55] [INFO] end writer 
[2022-04-22 21:57:55] [INFO] writer try send [4, 5] 
[2022-04-22 21:57:55] [INFO] start get result 
[2022-04-22 21:57:55] [INFO] end get result 2 
[2022-04-22 21:57:55] [INFO] end get result 1 
[2022-04-22 21:57:55] [INFO] writer try send [14, 15, 16, 17] 
[2022-04-22 21:57:55] [INFO] writer try send [11, 12, 13] 
[2022-04-22 21:57:55] [INFO] start reader 
[2022-04-22 21:57:55] [INFO] start writer 
[2022-04-22 21:57:55] [INFO] end writer 
[2022-04-22 21:57:55] [INFO] start writer 
[2022-04-22 21:57:55] [INFO] end writer 
[2022-04-22 21:57:55] [INFO] writer send [7, 8, 9, 10] 
[2022-04-22 21:57:55] [INFO] end writer 
[2022-04-22 21:57:55] [INFO] start reader 
[2022-04-22 21:57:55] [INFO] reader get 1 
[2022-04-22 21:57:55] [INFO] start get result 
[2022-04-22 21:57:55] [INFO] reader get 2 
[2022-04-22 21:57:55] [INFO] start reader 
[2022-04-22 21:57:55] [INFO] end get result 6 
[2022-04-22 21:57:55] [INFO] writer send [4, 5] 
[2022-04-22 21:57:55] [INFO] end writer 
[2022-04-22 21:57:55] [INFO] start get result 
[2022-04-22 21:57:55] [INFO] end get result 8 
[2022-04-22 21:57:55] [INFO] reader get 8 
[2022-04-22 21:57:55] [INFO] start get result 
[2022-04-22 21:57:55] [INFO] start get result 
[2022-04-22 21:57:55] [INFO] end get result 10 
[2022-04-22 21:57:55] [INFO] reader get 10 
[2022-04-22 21:57:55] [INFO] start get result 
[2022-04-22 21:57:55] [INFO] end get result 18 
[2022-04-22 21:57:55] [INFO] reader get 18 
[2022-04-22 21:57:55] [INFO] start get result 
[2022-04-22 21:57:55] [INFO] end get result 19 
[2022-04-22 21:57:55] [INFO] reader get 19 
[2022-04-22 21:57:55] [INFO] start get result 
[2022-04-22 21:57:55] [INFO] end get result 20 
[2022-04-22 21:57:55] [INFO] reader get 20 
[2022-04-22 21:57:55] [INFO] start get result 
[2022-04-22 21:57:55] [INFO] end get result 4 
[2022-04-22 21:57:55] [INFO] reader get 4 
[2022-04-22 21:57:55] [INFO] start get result 
[2022-04-22 21:57:55] [INFO] end get result 5 
[2022-04-22 21:57:55] [INFO] reader get 5 
[2022-04-22 21:57:55] [INFO] start get result 
[2022-04-22 21:57:55] [INFO] end get result 11 
[2022-04-22 21:57:55] [INFO] reader get 11 
[2022-04-22 21:57:55] [INFO] start get result 
[2022-04-22 21:57:55] [INFO] end get result 12 
[2022-04-22 21:57:55] [INFO] reader get 12 
[2022-04-22 21:57:55] [INFO] start get result 
[2022-04-22 21:57:55] [INFO] end get result 13 
[2022-04-22 21:57:55] [INFO] reader get 13 
[2022-04-22 21:57:55] [INFO] start get result 
[2022-04-22 21:57:55] [INFO] end get result 14 
[2022-04-22 21:57:55] [INFO] reader get 14 
[2022-04-22 21:57:55] [INFO] start get result 
[2022-04-22 21:57:55] [INFO] end get result 15 
[2022-04-22 21:57:55] [INFO] reader get 15 
[2022-04-22 21:57:55] [INFO] start get result 
[2022-04-22 21:57:55] [INFO] end get result 16 
[2022-04-22 21:57:55] [INFO] reader get 16 
[2022-04-22 21:57:55] [INFO] start get result 
[2022-04-22 21:57:55] [INFO] start get result 
[2022-04-22 21:57:55] [INFO] end get result 3 
[2022-04-22 21:57:55] [INFO] reader get 3 
[2022-04-22 21:57:55] [INFO] start get result 
[2022-04-22 21:57:55] [INFO] end get result 17 
[2022-04-22 21:57:55] [INFO] writer send [14, 15, 16, 17] 
[2022-04-22 21:57:55] [INFO] end get result 9 
[2022-04-22 21:57:55] [INFO] reader get 9 
[2022-04-22 21:57:55] [INFO] start get result 
[2022-04-22 21:57:55] [INFO] writer send [11, 12, 13] 
[2022-04-22 21:57:55] [INFO] end writer 
[2022-04-22 21:57:55] [INFO] reader get 6 
[2022-04-22 21:57:55] [INFO] start get result 
[2022-04-22 21:57:55] [INFO] start get result 
[2022-04-22 21:57:55] [INFO] end get result 7 
[2022-04-22 21:57:55] [INFO] end writer 
[2022-04-22 21:57:55] [INFO] reader get 17 
[2022-04-22 21:57:55] [INFO] start get result 
[2022-04-22 21:57:55] [INFO] reader get 7 
[2022-04-22 21:57:55] [INFO] start get result 
Exception in thread "Thread-61699" java.util.concurrent.TimeoutException
	at serie1.Ex4.BlockingMessageQueueFuture$MyFuture.get(BlockingMessageQueueFuture.kt:222)
	at serie1.ex4.FutureTest$blocking_message_multiple_send_receive$2$thread$1.invoke(BlockingMessageQueueWithFutureTest.kt:179)
	at serie1.ex4.FutureTest$blocking_message_multiple_send_receive$2$thread$1.invoke(BlockingMessageQueueWithFutureTest.kt:169)
	at kotlin.concurrent.ThreadsKt$thread$thread$1.run(Thread.kt:30)
Exception in thread "Thread-61702" java.util.concurrent.TimeoutException
	at serie1.Ex4.BlockingMessageQueueFuture$MyFuture.get(BlockingMessageQueueFuture.kt:222)
	at serie1.ex4.FutureTest$blocking_message_multiple_send_receive$2$thread$1.invoke(BlockingMessageQueueWithFutureTest.kt:179)
	at serie1.ex4.FutureTest$blocking_message_multiple_send_receive$2$thread$1.invoke(BlockingMessageQueueWithFutureTest.kt:169)
	at kotlin.concurrent.ThreadsKt$thread$thread$1.run(Thread.kt:30)
Exception in thread "Thread-61703" java.util.concurrent.TimeoutException
	at serie1.Ex4.BlockingMessageQueueFuture$MyFuture.get(BlockingMessageQueueFuture.kt:222)
	at serie1.ex4.FutureTest$blocking_message_multiple_send_receive$2$thread$1.invoke(BlockingMessageQueueWithFutureTest.kt:179)
	at serie1.ex4.FutureTest$blocking_message_multiple_send_receive$2$thread$1.invoke(BlockingMessageQueueWithFutureTest.kt:169)
	at kotlin.concurrent.ThreadsKt$thread$thread$1.run(Thread.kt:30)
Exception in thread "Thread-61701" java.util.concurrent.TimeoutException
	at serie1.Ex4.BlockingMessageQueueFuture$MyFuture.get(BlockingMessageQueueFuture.kt:222)
	at serie1.ex4.FutureTest$blocking_message_multiple_send_receive$2$thread$1.invoke(BlockingMessageQueueWithFutureTest.kt:179)
	at serie1.ex4.FutureTest$blocking_message_multiple_send_receive$2$thread$1.invoke(BlockingMessageQueueWithFutureTest.kt:169)
	at kotlin.concurrent.ThreadsKt$thread$thread$1.run(Thread.kt:30)
Exception in thread "Thread-61700" java.util.concurrent.TimeoutException
	at serie1.Ex4.BlockingMessageQueueFuture$MyFuture.get(BlockingMessageQueueFuture.kt:222)
	at serie1.ex4.FutureTest$blocking_message_multiple_send_receive$2$thread$1.invoke(BlockingMessageQueueWithFutureTest.kt:179)
	at serie1.ex4.FutureTest$blocking_message_multiple_send_receive$2$thread$1.invoke(BlockingMessageQueueWithFutureTest.kt:169)
	at kotlin.concurrent.ThreadsKt$thread$thread$1.run(Thread.kt:30)
[2022-04-22 21:57:57] [INFO] start writer 
[2022-04-22 21:57:57] [INFO] writer try send [1, 2, 3] 
[2022-04-22 21:57:57] [INFO] writer send [1, 2, 3] 
[2022-04-22 21:57:57] [INFO] writer try send [4, 5] 
[2022-04-22 21:57:57] [INFO] start writer 
[2022-04-22 21:57:57] [INFO] start writer 
[2022-04-22 21:57:57] [INFO] start writer 
[2022-04-22 21:57:57] [INFO] writer try send [11, 12, 13] 
[2022-04-22 21:57:57] [INFO] start reader 
[2022-04-22 21:57:57] [INFO] start writer 
[2022-04-22 21:57:57] [INFO] writer try send [14, 15, 16, 17] 
[2022-04-22 21:57:57] [INFO] start writer 
[2022-04-22 21:57:57] [INFO] writer try send [18, 19, 20] 
[2022-04-22 21:57:57] [INFO] writer try send [6] 
[2022-04-22 21:57:57] [INFO] start writer 
[2022-04-22 21:57:57] [INFO] end writer 
[2022-04-22 21:57:57] [INFO] writer send [4, 5] 
[2022-04-22 21:57:57] [INFO] end writer 
[2022-04-22 21:57:57] [INFO] start get result 
[2022-04-22 21:57:57] [INFO] end get result 1 
[2022-04-22 21:57:57] [INFO] reader get 1 
[2022-04-22 21:57:57] [INFO] start get result 
[2022-04-22 21:57:57] [INFO] end get result 2 
[2022-04-22 21:57:57] [INFO] reader get 2 
[2022-04-22 21:57:57] [INFO] start reader 
[2022-04-22 21:57:57] [INFO] start writer 
[2022-04-22 21:57:57] [INFO] end writer 
[2022-04-22 21:57:57] [INFO] start writer 
[2022-04-22 21:57:57] [INFO] end writer 
[2022-04-22 21:57:57] [INFO] start writer 
[2022-04-22 21:57:57] [INFO] end writer 
[2022-04-22 21:57:57] [INFO] writer try send [7, 8, 9, 10] 
[2022-04-22 21:57:57] [INFO] writer send [6] 
[2022-04-22 21:57:57] [INFO] end writer 
[2022-04-22 21:57:57] [INFO] start get result 
[2022-04-22 21:57:57] [INFO] end get result 4 
[2022-04-22 21:57:57] [INFO] reader get 4 
[2022-04-22 21:57:57] [INFO] start get result 
[2022-04-22 21:57:57] [INFO] end get result 5 
[2022-04-22 21:57:57] [INFO] reader get 5 
[2022-04-22 21:57:57] [INFO] start get result 
[2022-04-22 21:57:57] [INFO] end get result 18 
[2022-04-22 21:57:57] [INFO] reader get 18 
[2022-04-22 21:57:57] [INFO] start get result 
[2022-04-22 21:57:57] [INFO] start reader 
[2022-04-22 21:57:57] [INFO] writer send [18, 19, 20] 
[2022-04-22 21:57:57] [INFO] end writer 
[2022-04-22 21:57:57] [INFO] start get result 
[2022-04-22 21:57:57] [INFO] end get result 3 
[2022-04-22 21:57:57] [INFO] start reader 
[2022-04-22 21:57:57] [INFO] end get result 19 
[2022-04-22 21:57:57] [INFO] start get result 
[2022-04-22 21:57:57] [INFO] end get result 20 
[2022-04-22 21:57:57] [INFO] reader get 20 
[2022-04-22 21:57:57] [INFO] start get result 
[2022-04-22 21:57:57] [INFO] end get result 6 
[2022-04-22 21:57:57] [INFO] reader get 6 
[2022-04-22 21:57:57] [INFO] reader get 3 
[2022-04-22 21:57:57] [INFO] start get result 
[2022-04-22 21:57:57] [INFO] end get result 11 
[2022-04-22 21:57:57] [INFO] reader get 11 
[2022-04-22 21:57:57] [INFO] start get result 
[2022-04-22 21:57:57] [INFO] end get result 13 
[2022-04-22 21:57:57] [INFO] writer send [11, 12, 13] 
[2022-04-22 21:57:57] [INFO] end writer 
[2022-04-22 21:57:57] [INFO] start reader 
[2022-04-22 21:57:57] [INFO] reader get 19 
[2022-04-22 21:57:57] [INFO] start get result 
[2022-04-22 21:57:57] [INFO] end get result 15 
[2022-04-22 21:57:57] [INFO] reader get 15 
[2022-04-22 21:57:57] [INFO] start get result 
[2022-04-22 21:57:57] [INFO] end get result 16 
[2022-04-22 21:57:57] [INFO] reader get 16 
[2022-04-22 21:57:57] [INFO] start get result 
[2022-04-22 21:57:57] [INFO] end get result 17 
[2022-04-22 21:57:57] [INFO] reader get 17 
[2022-04-22 21:57:57] [INFO] start get result 
[2022-04-22 21:57:57] [INFO] end get result 8 
[2022-04-22 21:57:57] [INFO] reader get 8 
[2022-04-22 21:57:57] [INFO] start get result 
[2022-04-22 21:57:57] [INFO] end get result 9 
[2022-04-22 21:57:57] [INFO] reader get 9 
[2022-04-22 21:57:57] [INFO] start get result 
[2022-04-22 21:57:57] [INFO] end get result 10 
[2022-04-22 21:57:57] [INFO] reader get 13 
[2022-04-22 21:57:57] [INFO] start get result 
[2022-04-22 21:57:57] [INFO] start get result 
[2022-04-22 21:57:57] [INFO] writer send [14, 15, 16, 17] 
[2022-04-22 21:57:57] [INFO] end writer 
[2022-04-22 21:57:57] [INFO] start get result 
[2022-04-22 21:57:57] [INFO] end get result 12 
[2022-04-22 21:57:57] [INFO] reader get 12 
[2022-04-22 21:57:57] [INFO] start get result 
[2022-04-22 21:57:57] [INFO] end get result 14 
[2022-04-22 21:57:57] [INFO] reader get 14 
[2022-04-22 21:57:57] [INFO] start get result 
[2022-04-22 21:57:57] [INFO] reader get 10 
[2022-04-22 21:57:57] [INFO] start get result 
[2022-04-22 21:57:57] [INFO] start get result 
[2022-04-22 21:57:57] [INFO] end get result 7 
[2022-04-22 21:57:57] [INFO] reader get 7 
[2022-04-22 21:57:57] [INFO] start get result 
[2022-04-22 21:57:57] [INFO] writer send [7, 8, 9, 10] 
[2022-04-22 21:57:57] [INFO] end writer 
Exception in thread "Thread-61715" java.util.concurrent.TimeoutException
	at serie1.Ex4.BlockingMessageQueueFuture$MyFuture.get(BlockingMessageQueueFuture.kt:222)
	at serie1.ex4.FutureTest$blocking_message_multiple_send_receive$2$thread$1.invoke(BlockingMessageQueueWithFutureTest.kt:179)
	at serie1.ex4.FutureTest$blocking_message_multiple_send_receive$2$thread$1.invoke(BlockingMessageQueueWithFutureTest.kt:169)
	at kotlin.concurrent.ThreadsKt$thread$thread$1.run(Thread.kt:30)
Exception in thread "Thread-61717" java.util.concurrent.TimeoutException
	at serie1.Ex4.BlockingMessageQueueFuture$MyFuture.get(BlockingMessageQueueFuture.kt:222)
	at serie1.ex4.FutureTest$blocking_message_multiple_send_receive$2$thread$1.invoke(BlockingMessageQueueWithFutureTest.kt:179)
	at serie1.ex4.FutureTest$blocking_message_multiple_send_receive$2$thread$1.invoke(BlockingMessageQueueWithFutureTest.kt:169)
	at kotlin.concurrent.ThreadsKt$thread$thread$1.run(Thread.kt:30)
Exception in thread "Thread-61716" java.util.concurrent.TimeoutException
	at serie1.Ex4.BlockingMessageQueueFuture$MyFuture.get(BlockingMessageQueueFuture.kt:222)
	at serie1.ex4.FutureTest$blocking_message_multiple_send_receive$2$thread$1.invoke(BlockingMessageQueueWithFutureTest.kt:179)
	at serie1.ex4.FutureTest$blocking_message_multiple_send_receive$2$thread$1.invoke(BlockingMessageQueueWithFutureTest.kt:169)
	at kotlin.concurrent.ThreadsKt$thread$thread$1.run(Thread.kt:30)
Exception in thread "Thread-61719" java.util.concurrent.TimeoutException
	at serie1.Ex4.BlockingMessageQueueFuture$MyFuture.get(BlockingMessageQueueFuture.kt:222)
	at serie1.ex4.FutureTest$blocking_message_multiple_send_receive$2$thread$1.invoke(BlockingMessageQueueWithFutureTest.kt:179)
	at serie1.ex4.FutureTest$blocking_message_multiple_send_receive$2$thread$1.invoke(BlockingMessageQueueWithFutureTest.kt:169)
	at kotlin.concurrent.ThreadsKt$thread$thread$1.run(Thread.kt:30)
Exception in thread "Thread-61718" java.util.concurrent.TimeoutException
	at serie1.Ex4.BlockingMessageQueueFuture$MyFuture.get(BlockingMessageQueueFuture.kt:222)
	at serie1.ex4.FutureTest$blocking_message_multiple_send_receive$2$thread$1.invoke(BlockingMessageQueueWithFutureTest.kt:179)
	at serie1.ex4.FutureTest$blocking_message_multiple_send_receive$2$thread$1.invoke(BlockingMessageQueueWithFutureTest.kt:169)
	at kotlin.concurrent.ThreadsKt$thread$thread$1.run(Thread.kt:30)
[2022-04-22 21:57:59] [INFO] start writer 
[2022-04-22 21:57:59] [INFO] writer try send [1, 2, 3] 
[2022-04-22 21:57:59] [INFO] writer send [1, 2, 3] 
[2022-04-22 21:57:59] [INFO] writer try send [4, 5] 
[2022-04-22 21:57:59] [INFO] start writer 
[2022-04-22 21:57:59] [INFO] start writer 
[2022-04-22 21:57:59] [INFO] writer try send [7, 8, 9, 10] 
[2022-04-22 21:57:59] [INFO] start writer 
[2022-04-22 21:57:59] [INFO] writer try send [11, 12, 13] 
[2022-04-22 21:57:59] [INFO] writer send [4, 5] 
[2022-04-22 21:57:59] [INFO] start writer 
[2022-04-22 21:57:59] [INFO] start writer 
[2022-04-22 21:57:59] [INFO] end writer 
[2022-04-22 21:57:59] [INFO] start reader 
[2022-04-22 21:57:59] [INFO] writer try send [6] 
[2022-04-22 21:57:59] [INFO] start writer 
[2022-04-22 21:57:59] [INFO] start reader 
[2022-04-22 21:57:59] [INFO] start writer 
[2022-04-22 21:57:59] [INFO] end writer 
[2022-04-22 21:57:59] [INFO] writer try send [18, 19, 20] 
[2022-04-22 21:57:59] [INFO] writer try send [14, 15, 16, 17] 
[2022-04-22 21:57:59] [INFO] start reader 
[2022-04-22 21:57:59] [INFO] start get result 
[2022-04-22 21:57:59] [INFO] end get result 2 
[2022-04-22 21:57:59] [INFO] start get result 
[2022-04-22 21:57:59] [INFO] end get result 1 
[2022-04-22 21:57:59] [INFO] reader get 1 
[2022-04-22 21:57:59] [INFO] start get result 
[2022-04-22 21:57:59] [INFO] end get result 3 
[2022-04-22 21:57:59] [INFO] reader get 3 
[2022-04-22 21:57:59] [INFO] start get result 
[2022-04-22 21:57:59] [INFO] end get result 4 
[2022-04-22 21:57:59] [INFO] reader get 4 
[2022-04-22 21:57:59] [INFO] start get result 
[2022-04-22 21:57:59] [INFO] end get result 6 
[2022-04-22 21:57:59] [INFO] reader get 6 
[2022-04-22 21:57:59] [INFO] start get result 
[2022-04-22 21:57:59] [INFO] end get result 18 
[2022-04-22 21:57:59] [INFO] reader get 18 
[2022-04-22 21:57:59] [INFO] start get result 
[2022-04-22 21:57:59] [INFO] end get result 19 
[2022-04-22 21:57:59] [INFO] reader get 19 
[2022-04-22 21:57:59] [INFO] start writer 
[2022-04-22 21:57:59] [INFO] end writer 
[2022-04-22 21:57:59] [INFO] end writer 
[2022-04-22 21:57:59] [INFO] start writer 
[2022-04-22 21:57:59] [INFO] end writer 
[2022-04-22 21:57:59] [INFO] writer send [6] 
[2022-04-22 21:57:59] [INFO] end writer 
[2022-04-22 21:57:59] [INFO] start get result 
[2022-04-22 21:57:59] [INFO] end get result 20 
[2022-04-22 21:57:59] [INFO] reader get 20 
[2022-04-22 21:57:59] [INFO] start get result 
[2022-04-22 21:57:59] [INFO] end get result 11 
[2022-04-22 21:57:59] [INFO] reader get 11 
[2022-04-22 21:57:59] [INFO] start get result 
[2022-04-22 21:57:59] [INFO] end get result 12 
[2022-04-22 21:57:59] [INFO] reader get 12 
[2022-04-22 21:57:59] [INFO] writer send [11, 12, 13] 
[2022-04-22 21:57:59] [INFO] end writer 
[2022-04-22 21:57:59] [INFO] writer send [18, 19, 20] 
[2022-04-22 21:57:59] [INFO] end writer 
[2022-04-22 21:57:59] [INFO] start get result 
[2022-04-22 21:57:59] [INFO] end get result 5 
[2022-04-22 21:57:59] [INFO] reader get 5 
[2022-04-22 21:57:59] [INFO] start get result 
[2022-04-22 21:57:59] [INFO] end get result 14 
[2022-04-22 21:57:59] [INFO] reader get 14 
[2022-04-22 21:57:59] [INFO] start get result 
[2022-04-22 21:57:59] [INFO] end get result 15 
[2022-04-22 21:57:59] [INFO] reader get 15 
[2022-04-22 21:57:59] [INFO] start get result 
[2022-04-22 21:57:59] [INFO] end get result 16 
[2022-04-22 21:57:59] [INFO] reader get 16 
[2022-04-22 21:57:59] [INFO] start get result 
[2022-04-22 21:57:59] [INFO] end get result 17 
[2022-04-22 21:57:59] [INFO] reader get 17 
[2022-04-22 21:57:59] [INFO] start reader 
[2022-04-22 21:57:59] [INFO] reader get 2 
[2022-04-22 21:57:59] [INFO] start get result 
[2022-04-22 21:57:59] [INFO] end get result 7 
[2022-04-22 21:57:59] [INFO] reader get 7 
[2022-04-22 21:57:59] [INFO] start get result 
[2022-04-22 21:57:59] [INFO] end get result 9 
[2022-04-22 21:57:59] [INFO] reader get 9 
[2022-04-22 21:57:59] [INFO] start get result 
[2022-04-22 21:57:59] [INFO] end get result 10 
[2022-04-22 21:57:59] [INFO] reader get 10 
[2022-04-22 21:57:59] [INFO] start get result 
[2022-04-22 21:57:59] [INFO] writer send [7, 8, 9, 10] 
[2022-04-22 21:57:59] [INFO] end writer 
[2022-04-22 21:57:59] [INFO] start get result 
[2022-04-22 21:57:59] [INFO] start get result 
[2022-04-22 21:57:59] [INFO] end get result 13 
[2022-04-22 21:57:59] [INFO] reader get 13 
[2022-04-22 21:57:59] [INFO] start get result 
[2022-04-22 21:57:59] [INFO] writer send [14, 15, 16, 17] 
[2022-04-22 21:57:59] [INFO] end writer 
[2022-04-22 21:57:59] [INFO] start reader 
[2022-04-22 21:57:59] [INFO] start get result 
[2022-04-22 21:57:59] [INFO] end get result 8 
[2022-04-22 21:57:59] [INFO] reader get 8 
[2022-04-22 21:57:59] [INFO] start get result 
[2022-04-22 21:57:59] [INFO] start get result 
Exception in thread "Thread-61734" java.util.concurrent.TimeoutException
	at serie1.Ex4.BlockingMessageQueueFuture$MyFuture.get(BlockingMessageQueueFuture.kt:222)
	at serie1.ex4.FutureTest$blocking_message_multiple_send_receive$2$thread$1.invoke(BlockingMessageQueueWithFutureTest.kt:179)
	at serie1.ex4.FutureTest$blocking_message_multiple_send_receive$2$thread$1.invoke(BlockingMessageQueueWithFutureTest.kt:169)
	at kotlin.concurrent.ThreadsKt$thread$thread$1.run(Thread.kt:30)
Exception in thread "Thread-61732" java.util.concurrent.TimeoutException
	at serie1.Ex4.BlockingMessageQueueFuture$MyFuture.get(BlockingMessageQueueFuture.kt:222)
	at serie1.ex4.FutureTest$blocking_message_multiple_send_receive$2$thread$1.invoke(BlockingMessageQueueWithFutureTest.kt:179)
	at serie1.ex4.FutureTest$blocking_message_multiple_send_receive$2$thread$1.invoke(BlockingMessageQueueWithFutureTest.kt:169)
	at kotlin.concurrent.ThreadsKt$thread$thread$1.run(Thread.kt:30)
Exception in thread "Thread-61731" java.util.concurrent.TimeoutException
	at serie1.Ex4.BlockingMessageQueueFuture$MyFuture.get(BlockingMessageQueueFuture.kt:222)
	at serie1.ex4.FutureTest$blocking_message_multiple_send_receive$2$thread$1.invoke(BlockingMessageQueueWithFutureTest.kt:179)
	at serie1.ex4.FutureTest$blocking_message_multiple_send_receive$2$thread$1.invoke(BlockingMessageQueueWithFutureTest.kt:169)
	at kotlin.concurrent.ThreadsKt$thread$thread$1.run(Thread.kt:30)
Exception in thread "Thread-61735" java.util.concurrent.TimeoutException
	at serie1.Ex4.BlockingMessageQueueFuture$MyFuture.get(BlockingMessageQueueFuture.kt:222)
	at serie1.ex4.FutureTest$blocking_message_multiple_send_receive$2$thread$1.invoke(BlockingMessageQueueWithFutureTest.kt:179)
	at serie1.ex4.FutureTest$blocking_message_multiple_send_receive$2$thread$1.invoke(BlockingMessageQueueWithFutureTest.kt:169)
	at kotlin.concurrent.ThreadsKt$thread$thread$1.run(Thread.kt:30)
Exception in thread "Thread-61733" java.util.concurrent.TimeoutException
	at serie1.Ex4.BlockingMessageQueueFuture$MyFuture.get(BlockingMessageQueueFuture.kt:222)
	at serie1.ex4.FutureTest$blocking_message_multiple_send_receive$2$thread$1.invoke(BlockingMessageQueueWithFutureTest.kt:179)
	at serie1.ex4.FutureTest$blocking_message_multiple_send_receive$2$thread$1.invoke(BlockingMessageQueueWithFutureTest.kt:169)
	at kotlin.concurrent.ThreadsKt$thread$thread$1.run(Thread.kt:30)
[2022-04-22 21:58:01] [INFO] start writer 
[2022-04-22 21:58:01] [INFO] writer try send [1, 2, 3] 
[2022-04-22 21:58:01] [INFO] writer send [1, 2, 3] 
[2022-04-22 21:58:01] [INFO] writer try send [4, 5] 
[2022-04-22 21:58:01] [INFO] writer send [4, 5] 
[2022-04-22 21:58:01] [INFO] start writer 
[2022-04-22 21:58:01] [INFO] start writer 
[2022-04-22 21:58:01] [INFO] writer try send [11, 12, 13] 
[2022-04-22 21:58:01] [INFO] start writer 
[2022-04-22 21:58:01] [INFO] writer try send [14, 15, 16, 17] 
[2022-04-22 21:58:01] [INFO] writer try send [6] 
[2022-04-22 21:58:01] [INFO] start reader 
[2022-04-22 21:58:01] [INFO] start writer 
[2022-04-22 21:58:01] [INFO] writer try send [18, 19, 20] 
[2022-04-22 21:58:01] [INFO] start writer 
[2022-04-22 21:58:01] [INFO] end writer 
[2022-04-22 21:58:01] [INFO] start writer 
[2022-04-22 21:58:01] [INFO] end writer 
[2022-04-22 21:58:01] [INFO] writer try send [7, 8, 9, 10] 
[2022-04-22 21:58:01] [INFO] start get result 
[2022-04-22 21:58:01] [INFO] end get result 1 
[2022-04-22 21:58:01] [INFO] reader get 1 
[2022-04-22 21:58:01] [INFO] start get result 
[2022-04-22 21:58:01] [INFO] end get result 2 
[2022-04-22 21:58:01] [INFO] reader get 2 
[2022-04-22 21:58:01] [INFO] start get result 
[2022-04-22 21:58:01] [INFO] end get result 3 
[2022-04-22 21:58:01] [INFO] reader get 3 
[2022-04-22 21:58:01] [INFO] start get result 
[2022-04-22 21:58:01] [INFO] end get result 4 
[2022-04-22 21:58:01] [INFO] start writer 
[2022-04-22 21:58:01] [INFO] end writer 
[2022-04-22 21:58:01] [INFO] start reader 
[2022-04-22 21:58:01] [INFO] start writer 
[2022-04-22 21:58:01] [INFO] end writer 
[2022-04-22 21:58:01] [INFO] start writer 
[2022-04-22 21:58:01] [INFO] end writer 
[2022-04-22 21:58:01] [INFO] writer send [6] 
[2022-04-22 21:58:01] [INFO] end writer 
[2022-04-22 21:58:01] [INFO] start reader 
[2022-04-22 21:58:01] [INFO] reader get 4 
[2022-04-22 21:58:01] [INFO] start get result 
[2022-04-22 21:58:01] [INFO] end get result 6 
[2022-04-22 21:58:01] [INFO] start reader 
[2022-04-22 21:58:01] [INFO] writer send [18, 19, 20] 
[2022-04-22 21:58:01] [INFO] end writer 
[2022-04-22 21:58:01] [INFO] writer send [14, 15, 16, 17] 
[2022-04-22 21:58:01] [INFO] end writer 
[2022-04-22 21:58:01] [INFO] reader get 6 
[2022-04-22 21:58:01] [INFO] start get result 
[2022-04-22 21:58:01] [INFO] end get result 5 
[2022-04-22 21:58:01] [INFO] writer send [11, 12, 13] 
[2022-04-22 21:58:01] [INFO] end writer 
[2022-04-22 21:58:01] [INFO] start get result 
[2022-04-22 21:58:01] [INFO] end get result 20 
[2022-04-22 21:58:01] [INFO] reader get 20 
[2022-04-22 21:58:01] [INFO] start get result 
[2022-04-22 21:58:01] [INFO] end get result 14 
[2022-04-22 21:58:01] [INFO] reader get 14 
[2022-04-22 21:58:01] [INFO] start get result 
[2022-04-22 21:58:01] [INFO] end get result 15 
[2022-04-22 21:58:01] [INFO] reader get 15 
[2022-04-22 21:58:01] [INFO] start get result 
[2022-04-22 21:58:01] [INFO] end get result 16 
[2022-04-22 21:58:01] [INFO] start get result 
[2022-04-22 21:58:01] [INFO] end get result 19 
[2022-04-22 21:58:01] [INFO] reader get 19 
[2022-04-22 21:58:01] [INFO] start get result 
[2022-04-22 21:58:01] [INFO] end get result 17 
[2022-04-22 21:58:01] [INFO] reader get 17 
[2022-04-22 21:58:01] [INFO] start get result 
[2022-04-22 21:58:01] [INFO] end get result 11 
[2022-04-22 21:58:01] [INFO] reader get 11 
[2022-04-22 21:58:01] [INFO] start get result 
[2022-04-22 21:58:01] [INFO] end get result 12 
[2022-04-22 21:58:01] [INFO] reader get 12 
[2022-04-22 21:58:01] [INFO] start get result 
[2022-04-22 21:58:01] [INFO] end get result 13 
[2022-04-22 21:58:01] [INFO] reader get 13 
[2022-04-22 21:58:01] [INFO] start get result 
[2022-04-22 21:58:01] [INFO] end get result 7 
[2022-04-22 21:58:01] [INFO] reader get 7 
[2022-04-22 21:58:01] [INFO] start get result 
[2022-04-22 21:58:01] [INFO] end get result 8 
[2022-04-22 21:58:01] [INFO] reader get 8 
[2022-04-22 21:58:01] [INFO] start get result 
[2022-04-22 21:58:01] [INFO] end get result 9 
[2022-04-22 21:58:01] [INFO] reader get 9 
[2022-04-22 21:58:01] [INFO] start get result 
[2022-04-22 21:58:01] [INFO] end get result 18 
[2022-04-22 21:58:01] [INFO] reader get 18 
[2022-04-22 21:58:01] [INFO] start get result 
[2022-04-22 21:58:01] [INFO] start reader 
[2022-04-22 21:58:01] [INFO] start get result 
[2022-04-22 21:58:01] [INFO] end get result 10 
[2022-04-22 21:58:01] [INFO] reader get 10 
[2022-04-22 21:58:01] [INFO] start get result 
[2022-04-22 21:58:01] [INFO] writer send [7, 8, 9, 10] 
[2022-04-22 21:58:01] [INFO] end writer 
[2022-04-22 21:58:01] [INFO] reader get 16 
[2022-04-22 21:58:01] [INFO] start get result 
[2022-04-22 21:58:01] [INFO] reader get 5 
[2022-04-22 21:58:01] [INFO] start get result 
[2022-04-22 21:58:01] [INFO] start get result 
Exception in thread "Thread-61749" java.util.concurrent.TimeoutException
	at serie1.Ex4.BlockingMessageQueueFuture$MyFuture.get(BlockingMessageQueueFuture.kt:222)
	at serie1.ex4.FutureTest$blocking_message_multiple_send_receive$2$thread$1.invoke(BlockingMessageQueueWithFutureTest.kt:179)
	at serie1.ex4.FutureTest$blocking_message_multiple_send_receive$2$thread$1.invoke(BlockingMessageQueueWithFutureTest.kt:169)
	at kotlin.concurrent.ThreadsKt$thread$thread$1.run(Thread.kt:30)
Exception in thread "Thread-61747" java.util.concurrent.TimeoutException
	at serie1.Ex4.BlockingMessageQueueFuture$MyFuture.get(BlockingMessageQueueFuture.kt:222)
	at serie1.ex4.FutureTest$blocking_message_multiple_send_receive$2$thread$1.invoke(BlockingMessageQueueWithFutureTest.kt:179)
	at serie1.ex4.FutureTest$blocking_message_multiple_send_receive$2$thread$1.invoke(BlockingMessageQueueWithFutureTest.kt:169)
	at kotlin.concurrent.ThreadsKt$thread$thread$1.run(Thread.kt:30)
Exception in thread "Thread-61751" java.util.concurrent.TimeoutException
	at serie1.Ex4.BlockingMessageQueueFuture$MyFuture.get(BlockingMessageQueueFuture.kt:222)
	at serie1.ex4.FutureTest$blocking_message_multiple_send_receive$2$thread$1.invoke(BlockingMessageQueueWithFutureTest.kt:179)
	at serie1.ex4.FutureTest$blocking_message_multiple_send_receive$2$thread$1.invoke(BlockingMessageQueueWithFutureTest.kt:169)
	at kotlin.concurrent.ThreadsKt$thread$thread$1.run(Thread.kt:30)
Exception in thread "Thread-61750" java.util.concurrent.TimeoutException
	at serie1.Ex4.BlockingMessageQueueFuture$MyFuture.get(BlockingMessageQueueFuture.kt:222)
	at serie1.ex4.FutureTest$blocking_message_multiple_send_receive$2$thread$1.invoke(BlockingMessageQueueWithFutureTest.kt:179)
	at serie1.ex4.FutureTest$blocking_message_multiple_send_receive$2$thread$1.invoke(BlockingMessageQueueWithFutureTest.kt:169)
	at kotlin.concurrent.ThreadsKt$thread$thread$1.run(Thread.kt:30)
Exception in thread "Thread-61748" java.util.concurrent.TimeoutException
	at serie1.Ex4.BlockingMessageQueueFuture$MyFuture.get(BlockingMessageQueueFuture.kt:222)
	at serie1.ex4.FutureTest$blocking_message_multiple_send_receive$2$thread$1.invoke(BlockingMessageQueueWithFutureTest.kt:179)
	at serie1.ex4.FutureTest$blocking_message_multiple_send_receive$2$thread$1.invoke(BlockingMessageQueueWithFutureTest.kt:169)
	at kotlin.concurrent.ThreadsKt$thread$thread$1.run(Thread.kt:30)
[2022-04-22 21:58:03] [INFO] start writer 
[2022-04-22 21:58:03] [INFO] writer try send [1, 2, 3] 
[2022-04-22 21:58:03] [INFO] writer send [1, 2, 3] 
[2022-04-22 21:58:03] [INFO] start writer 
[2022-04-22 21:58:03] [INFO] writer try send [4, 5] 
[2022-04-22 21:58:03] [INFO] start reader 
[2022-04-22 21:58:03] [INFO] start writer 
[2022-04-22 21:58:03] [INFO] writer try send [7, 8, 9, 10] 
[2022-04-22 21:58:03] [INFO] start writer 
[2022-04-22 21:58:03] [INFO] writer try send [11, 12, 13] 
[2022-04-22 21:58:03] [INFO] start writer 
[2022-04-22 21:58:03] [INFO] start writer 
[2022-04-22 21:58:03] [INFO] writer try send [18, 19, 20] 
[2022-04-22 21:58:03] [INFO] start writer 
[2022-04-22 21:58:03] [INFO] end writer 
[2022-04-22 21:58:03] [INFO] start writer 
[2022-04-22 21:58:03] [INFO] end writer 
[2022-04-22 21:58:03] [INFO] writer try send [14, 15, 16, 17] 
[2022-04-22 21:58:03] [INFO] writer send [11, 12, 13] 
[2022-04-22 21:58:03] [INFO] end writer 
[2022-04-22 21:58:03] [INFO] start reader 
[2022-04-22 21:58:03] [INFO] start writer 
[2022-04-22 21:58:03] [INFO] end writer 
[2022-04-22 21:58:03] [INFO] writer send [4, 5] 
[2022-04-22 21:58:03] [INFO] end writer 
[2022-04-22 21:58:03] [INFO] start writer 
[2022-04-22 21:58:03] [INFO] end writer 
[2022-04-22 21:58:03] [INFO] writer try send [6] 
[2022-04-22 21:58:03] [INFO] writer send [6] 
[2022-04-22 21:58:03] [INFO] end writer 
[2022-04-22 21:58:03] [INFO] start get result 
[2022-04-22 21:58:03] [INFO] end get result 2 
[2022-04-22 21:58:03] [INFO] reader get 2 
[2022-04-22 21:58:03] [INFO] start reader 
[2022-04-22 21:58:03] [INFO] start get result 
[2022-04-22 21:58:03] [INFO] end get result 1 
[2022-04-22 21:58:03] [INFO] reader get 1 
[2022-04-22 21:58:03] [INFO] start get result 
[2022-04-22 21:58:03] [INFO] end get result 3 
[2022-04-22 21:58:03] [INFO] reader get 3 
[2022-04-22 21:58:03] [INFO] start get result 
[2022-04-22 21:58:03] [INFO] end get result 4 
[2022-04-22 21:58:03] [INFO] reader get 4 
[2022-04-22 21:58:03] [INFO] start get result 
[2022-04-22 21:58:03] [INFO] end get result 12 
[2022-04-22 21:58:03] [INFO] reader get 12 
[2022-04-22 21:58:03] [INFO] start get result 
[2022-04-22 21:58:03] [INFO] end get result 13 
[2022-04-22 21:58:03] [INFO] reader get 13 
[2022-04-22 21:58:03] [INFO] start get result 
[2022-04-22 21:58:03] [INFO] start reader 
[2022-04-22 21:58:03] [INFO] writer send [7, 8, 9, 10] 
[2022-04-22 21:58:03] [INFO] end writer 
[2022-04-22 21:58:03] [INFO] end get result 6 
[2022-04-22 21:58:03] [INFO] reader get 6 
[2022-04-22 21:58:03] [INFO] start get result 
[2022-04-22 21:58:03] [INFO] writer send [18, 19, 20] 
[2022-04-22 21:58:03] [INFO] end writer 
[2022-04-22 21:58:03] [INFO] start get result 
[2022-04-22 21:58:03] [INFO] end get result 11 
[2022-04-22 21:58:03] [INFO] reader get 11 
[2022-04-22 21:58:03] [INFO] start get result 
[2022-04-22 21:58:03] [INFO] end get result 5 
[2022-04-22 21:58:03] [INFO] reader get 5 
[2022-04-22 21:58:03] [INFO] start get result 
[2022-04-22 21:58:03] [INFO] end get result 7 
[2022-04-22 21:58:03] [INFO] reader get 7 
[2022-04-22 21:58:03] [INFO] start get result 
[2022-04-22 21:58:03] [INFO] end get result 8 
[2022-04-22 21:58:03] [INFO] reader get 8 
[2022-04-22 21:58:03] [INFO] start get result 
[2022-04-22 21:58:03] [INFO] end get result 9 
[2022-04-22 21:58:03] [INFO] reader get 9 
[2022-04-22 21:58:03] [INFO] start get result 
[2022-04-22 21:58:03] [INFO] end get result 10 
[2022-04-22 21:58:03] [INFO] reader get 10 
[2022-04-22 21:58:03] [INFO] start get result 
[2022-04-22 21:58:03] [INFO] end get result 14 
[2022-04-22 21:58:03] [INFO] reader get 14 
[2022-04-22 21:58:03] [INFO] start get result 
[2022-04-22 21:58:03] [INFO] end get result 15 
[2022-04-22 21:58:03] [INFO] reader get 15 
[2022-04-22 21:58:03] [INFO] start get result 
[2022-04-22 21:58:03] [INFO] end get result 16 
[2022-04-22 21:58:03] [INFO] reader get 16 
[2022-04-22 21:58:03] [INFO] start get result 
[2022-04-22 21:58:03] [INFO] end get result 17 
[2022-04-22 21:58:03] [INFO] reader get 17 
[2022-04-22 21:58:03] [INFO] start get result 
[2022-04-22 21:58:03] [INFO] writer send [14, 15, 16, 17] 
[2022-04-22 21:58:03] [INFO] end writer 
[2022-04-22 21:58:03] [INFO] start get result 
[2022-04-22 21:58:03] [INFO] end get result 20 
[2022-04-22 21:58:03] [INFO] reader get 20 
[2022-04-22 21:58:03] [INFO] start get result 
[2022-04-22 21:58:03] [INFO] start get result 
[2022-04-22 21:58:03] [INFO] end get result 19 
[2022-04-22 21:58:03] [INFO] reader get 19 
[2022-04-22 21:58:03] [INFO] start get result 
[2022-04-22 21:58:03] [INFO] end get result 18 
[2022-04-22 21:58:03] [INFO] reader get 18 
[2022-04-22 21:58:03] [INFO] start get result 
[2022-04-22 21:58:03] [INFO] start reader 
[2022-04-22 21:58:03] [INFO] start get result 
Exception in thread "Thread-61764" java.util.concurrent.TimeoutException
	at serie1.Ex4.BlockingMessageQueueFuture$MyFuture.get(BlockingMessageQueueFuture.kt:222)
	at serie1.ex4.FutureTest$blocking_message_multiple_send_receive$2$thread$1.invoke(BlockingMessageQueueWithFutureTest.kt:179)
	at serie1.ex4.FutureTest$blocking_message_multiple_send_receive$2$thread$1.invoke(BlockingMessageQueueWithFutureTest.kt:169)
	at kotlin.concurrent.ThreadsKt$thread$thread$1.run(Thread.kt:30)
Exception in thread "Thread-61766" java.util.concurrent.TimeoutException
	at serie1.Ex4.BlockingMessageQueueFuture$MyFuture.get(BlockingMessageQueueFuture.kt:222)
	at serie1.ex4.FutureTest$blocking_message_multiple_send_receive$2$thread$1.invoke(BlockingMessageQueueWithFutureTest.kt:179)
	at serie1.ex4.FutureTest$blocking_message_multiple_send_receive$2$thread$1.invoke(BlockingMessageQueueWithFutureTest.kt:169)
	at kotlin.concurrent.ThreadsKt$thread$thread$1.run(Thread.kt:30)
Exception in thread "Thread-61763" java.util.concurrent.TimeoutException
	at serie1.Ex4.BlockingMessageQueueFuture$MyFuture.get(BlockingMessageQueueFuture.kt:222)
	at serie1.ex4.FutureTest$blocking_message_multiple_send_receive$2$thread$1.invoke(BlockingMessageQueueWithFutureTest.kt:179)
	at serie1.ex4.FutureTest$blocking_message_multiple_send_receive$2$thread$1.invoke(BlockingMessageQueueWithFutureTest.kt:169)
	at kotlin.concurrent.ThreadsKt$thread$thread$1.run(Thread.kt:30)
Exception in thread "Thread-61765" java.util.concurrent.TimeoutException
	at serie1.Ex4.BlockingMessageQueueFuture$MyFuture.get(BlockingMessageQueueFuture.kt:222)
	at serie1.ex4.FutureTest$blocking_message_multiple_send_receive$2$thread$1.invoke(BlockingMessageQueueWithFutureTest.kt:179)
	at serie1.ex4.FutureTest$blocking_message_multiple_send_receive$2$thread$1.invoke(BlockingMessageQueueWithFutureTest.kt:169)
	at kotlin.concurrent.ThreadsKt$thread$thread$1.run(Thread.kt:30)
Exception in thread "Thread-61767" java.util.concurrent.TimeoutException
	at serie1.Ex4.BlockingMessageQueueFuture$MyFuture.get(BlockingMessageQueueFuture.kt:222)
	at serie1.ex4.FutureTest$blocking_message_multiple_send_receive$2$thread$1.invoke(BlockingMessageQueueWithFutureTest.kt:179)
	at serie1.ex4.FutureTest$blocking_message_multiple_send_receive$2$thread$1.invoke(BlockingMessageQueueWithFutureTest.kt:169)
	at kotlin.concurrent.ThreadsKt$thread$thread$1.run(Thread.kt:30)
[2022-04-22 21:58:05] [INFO] start writer 
[2022-04-22 21:58:05] [INFO] writer try send [1, 2, 3] 
[2022-04-22 21:58:05] [INFO] start writer 
[2022-04-22 21:58:05] [INFO] writer try send [4, 5] 
[2022-04-22 21:58:05] [INFO] writer send [4, 5] 
[2022-04-22 21:58:05] [INFO] writer try send [6] 
[2022-04-22 21:58:05] [INFO] start reader 
[2022-04-22 21:58:05] [INFO] start writer 
[2022-04-22 21:58:05] [INFO] writer try send [7, 8, 9, 10] 
[2022-04-22 21:58:05] [INFO] writer send [1, 2, 3] 
[2022-04-22 21:58:05] [INFO] writer try send [11, 12, 13] 
[2022-04-22 21:58:05] [INFO] writer send [11, 12, 13] 
[2022-04-22 21:58:05] [INFO] writer try send [14, 15, 16, 17] 
[2022-04-22 21:58:05] [INFO] start writer 
[2022-04-22 21:58:05] [INFO] writer try send [18, 19, 20] 
[2022-04-22 21:58:05] [INFO] start reader 
[2022-04-22 21:58:05] [INFO] writer send [6] 
[2022-04-22 21:58:05] [INFO] end writer 
[2022-04-22 21:58:05] [INFO] start writer 
[2022-04-22 21:58:05] [INFO] end writer 
[2022-04-22 21:58:05] [INFO] start writer 
[2022-04-22 21:58:05] [INFO] end writer 
[2022-04-22 21:58:05] [INFO] start writer 
[2022-04-22 21:58:05] [INFO] end writer 
[2022-04-22 21:58:05] [INFO] start reader 
[2022-04-22 21:58:05] [INFO] start writer 
[2022-04-22 21:58:05] [INFO] start reader 
[2022-04-22 21:58:05] [INFO] start writer 
[2022-04-22 21:58:05] [INFO] end writer 
[2022-04-22 21:58:05] [INFO] start writer 
[2022-04-22 21:58:05] [INFO] end writer 
[2022-04-22 21:58:05] [INFO] writer send [18, 19, 20] 
[2022-04-22 21:58:05] [INFO] end writer 
[2022-04-22 21:58:05] [INFO] start get result 
[2022-04-22 21:58:05] [INFO] start reader 
[2022-04-22 21:58:05] [INFO] end writer 
[2022-04-22 21:58:05] [INFO] start get result 
[2022-04-22 21:58:05] [INFO] end get result 2 
[2022-04-22 21:58:05] [INFO] reader get 2 
[2022-04-22 21:58:05] [INFO] start get result 
[2022-04-22 21:58:05] [INFO] end get result 5 
[2022-04-22 21:58:05] [INFO] reader get 5 
[2022-04-22 21:58:05] [INFO] start get result 
[2022-04-22 21:58:05] [INFO] start get result 
[2022-04-22 21:58:05] [INFO] end get result 1 
[2022-04-22 21:58:05] [INFO] writer send [14, 15, 16, 17] 
[2022-04-22 21:58:05] [INFO] end writer 
[2022-04-22 21:58:05] [INFO] start get result 
[2022-04-22 21:58:05] [INFO] end get result 11 
[2022-04-22 21:58:05] [INFO] end get result 6 
[2022-04-22 21:58:05] [INFO] reader get 6 
[2022-04-22 21:58:05] [INFO] start get result 
[2022-04-22 21:58:05] [INFO] end get result 12 
[2022-04-22 21:58:05] [INFO] reader get 12 
[2022-04-22 21:58:05] [INFO] start get result 
[2022-04-22 21:58:05] [INFO] end get result 13 
[2022-04-22 21:58:05] [INFO] reader get 13 
[2022-04-22 21:58:05] [INFO] start get result 
[2022-04-22 21:58:05] [INFO] end get result 18 
[2022-04-22 21:58:05] [INFO] reader get 18 
[2022-04-22 21:58:05] [INFO] start get result 
[2022-04-22 21:58:05] [INFO] end get result 19 
[2022-04-22 21:58:05] [INFO] reader get 19 
[2022-04-22 21:58:05] [INFO] start get result 
[2022-04-22 21:58:05] [INFO] end get result 20 
[2022-04-22 21:58:05] [INFO] reader get 20 
[2022-04-22 21:58:05] [INFO] start get result 
[2022-04-22 21:58:05] [INFO] end get result 14 
[2022-04-22 21:58:05] [INFO] reader get 14 
[2022-04-22 21:58:05] [INFO] start get result 
[2022-04-22 21:58:05] [INFO] end get result 15 
[2022-04-22 21:58:05] [INFO] end get result 3 
[2022-04-22 21:58:05] [INFO] reader get 3 
[2022-04-22 21:58:05] [INFO] start get result 
[2022-04-22 21:58:05] [INFO] end get result 16 
[2022-04-22 21:58:05] [INFO] reader get 16 
[2022-04-22 21:58:05] [INFO] start get result 
[2022-04-22 21:58:05] [INFO] end get result 17 
[2022-04-22 21:58:05] [INFO] reader get 17 
[2022-04-22 21:58:05] [INFO] start get result 
[2022-04-22 21:58:05] [INFO] end get result 7 
[2022-04-22 21:58:05] [INFO] reader get 7 
[2022-04-22 21:58:05] [INFO] start get result 
[2022-04-22 21:58:05] [INFO] end get result 8 
[2022-04-22 21:58:05] [INFO] reader get 8 
[2022-04-22 21:58:05] [INFO] start get result 
[2022-04-22 21:58:05] [INFO] end get result 9 
[2022-04-22 21:58:05] [INFO] reader get 9 
[2022-04-22 21:58:05] [INFO] start get result 
[2022-04-22 21:58:05] [INFO] end get result 10 
[2022-04-22 21:58:05] [INFO] reader get 10 
[2022-04-22 21:58:05] [INFO] start get result 
[2022-04-22 21:58:05] [INFO] start get result 
[2022-04-22 21:58:05] [INFO] end get result 4 
[2022-04-22 21:58:05] [INFO] reader get 4 
[2022-04-22 21:58:05] [INFO] start get result 
[2022-04-22 21:58:05] [INFO] reader get 15 
[2022-04-22 21:58:05] [INFO] start get result 
[2022-04-22 21:58:05] [INFO] writer send [7, 8, 9, 10] 
[2022-04-22 21:58:05] [INFO] end writer 
[2022-04-22 21:58:05] [INFO] reader get 11 
[2022-04-22 21:58:05] [INFO] start get result 
[2022-04-22 21:58:05] [INFO] reader get 1 
[2022-04-22 21:58:05] [INFO] start get result 
Exception in thread "Thread-61783" java.util.concurrent.TimeoutException
	at serie1.Ex4.BlockingMessageQueueFuture$MyFuture.get(BlockingMessageQueueFuture.kt:222)
	at serie1.ex4.FutureTest$blocking_message_multiple_send_receive$2$thread$1.invoke(BlockingMessageQueueWithFutureTest.kt:179)
	at serie1.ex4.FutureTest$blocking_message_multiple_send_receive$2$thread$1.invoke(BlockingMessageQueueWithFutureTest.kt:169)
	at kotlin.concurrent.ThreadsKt$thread$thread$1.run(Thread.kt:30)
Exception in thread "Thread-61781" java.util.concurrent.TimeoutException
	at serie1.Ex4.BlockingMessageQueueFuture$MyFuture.get(BlockingMessageQueueFuture.kt:222)
	at serie1.ex4.FutureTest$blocking_message_multiple_send_receive$2$thread$1.invoke(BlockingMessageQueueWithFutureTest.kt:179)
	at serie1.ex4.FutureTest$blocking_message_multiple_send_receive$2$thread$1.invoke(BlockingMessageQueueWithFutureTest.kt:169)
	at kotlin.concurrent.ThreadsKt$thread$thread$1.run(Thread.kt:30)
Exception in thread "Thread-61779" java.util.concurrent.TimeoutException
	at serie1.Ex4.BlockingMessageQueueFuture$MyFuture.get(BlockingMessageQueueFuture.kt:222)
	at serie1.ex4.FutureTest$blocking_message_multiple_send_receive$2$thread$1.invoke(BlockingMessageQueueWithFutureTest.kt:179)
	at serie1.ex4.FutureTest$blocking_message_multiple_send_receive$2$thread$1.invoke(BlockingMessageQueueWithFutureTest.kt:169)
	at kotlin.concurrent.ThreadsKt$thread$thread$1.run(Thread.kt:30)
Exception in thread "Thread-61780" java.util.concurrent.TimeoutException
	at serie1.Ex4.BlockingMessageQueueFuture$MyFuture.get(BlockingMessageQueueFuture.kt:222)
	at serie1.ex4.FutureTest$blocking_message_multiple_send_receive$2$thread$1.invoke(BlockingMessageQueueWithFutureTest.kt:179)
	at serie1.ex4.FutureTest$blocking_message_multiple_send_receive$2$thread$1.invoke(BlockingMessageQueueWithFutureTest.kt:169)
	at kotlin.concurrent.ThreadsKt$thread$thread$1.run(Thread.kt:30)
Exception in thread "Thread-61782" java.util.concurrent.TimeoutException
	at serie1.Ex4.BlockingMessageQueueFuture$MyFuture.get(BlockingMessageQueueFuture.kt:222)
	at serie1.ex4.FutureTest$blocking_message_multiple_send_receive$2$thread$1.invoke(BlockingMessageQueueWithFutureTest.kt:179)
	at serie1.ex4.FutureTest$blocking_message_multiple_send_receive$2$thread$1.invoke(BlockingMessageQueueWithFutureTest.kt:169)
	at kotlin.concurrent.ThreadsKt$thread$thread$1.run(Thread.kt:30)
[2022-04-22 21:58:07] [INFO] start writer 
[2022-04-22 21:58:07] [INFO] start writer 
[2022-04-22 21:58:07] [INFO] writer try send [4, 5] 
[2022-04-22 21:58:07] [INFO] writer try send [1, 2, 3] 
[2022-04-22 21:58:07] [INFO] writer send [1, 2, 3] 
[2022-04-22 21:58:07] [INFO] start reader 
[2022-04-22 21:58:07] [INFO] writer send [4, 5] 
[2022-04-22 21:58:07] [INFO] writer try send [7, 8, 9, 10] 
[2022-04-22 21:58:07] [INFO] writer send [7, 8, 9, 10] 
[2022-04-22 21:58:07] [INFO] writer try send [11, 12, 13] 
[2022-04-22 21:58:07] [INFO] start writer 
[2022-04-22 21:58:07] [INFO] writer try send [14, 15, 16, 17] 
[2022-04-22 21:58:07] [INFO] start get result 
[2022-04-22 21:58:07] [INFO] start writer 
[2022-04-22 21:58:07] [INFO] writer try send [18, 19, 20] 
[2022-04-22 21:58:07] [INFO] start writer 
[2022-04-22 21:58:07] [INFO] end writer 
[2022-04-22 21:58:07] [INFO] start reader 
[2022-04-22 21:58:07] [INFO] start writer 
[2022-04-22 21:58:07] [INFO] end writer 
[2022-04-22 21:58:07] [INFO] start reader 
[2022-04-22 21:58:07] [INFO] start writer 
[2022-04-22 21:58:07] [INFO] end writer 
[2022-04-22 21:58:07] [INFO] writer try send [6] 
[2022-04-22 21:58:07] [INFO] start get result 
[2022-04-22 21:58:07] [INFO] end get result 5 
[2022-04-22 21:58:07] [INFO] reader get 5 
[2022-04-22 21:58:07] [INFO] start get result 
[2022-04-22 21:58:07] [INFO] end get result 1 
[2022-04-22 21:58:07] [INFO] reader get 1 
[2022-04-22 21:58:07] [INFO] start get result 
[2022-04-22 21:58:07] [INFO] end get result 3 
[2022-04-22 21:58:07] [INFO] reader get 3 
[2022-04-22 21:58:07] [INFO] start get result 
[2022-04-22 21:58:07] [INFO] end get result 7 
[2022-04-22 21:58:07] [INFO] writer send [18, 19, 20] 
[2022-04-22 21:58:07] [INFO] end writer 
[2022-04-22 21:58:07] [INFO] start writer 
[2022-04-22 21:58:07] [INFO] end writer 
[2022-04-22 21:58:07] [INFO] reader get 7 
[2022-04-22 21:58:07] [INFO] start get result 
[2022-04-22 21:58:07] [INFO] end get result 8 
[2022-04-22 21:58:07] [INFO] reader get 8 
[2022-04-22 21:58:07] [INFO] start get result 
[2022-04-22 21:58:07] [INFO] end get result 9 
[2022-04-22 21:58:07] [INFO] reader get 9 
[2022-04-22 21:58:07] [INFO] start get result 
[2022-04-22 21:58:07] [INFO] end get result 10 
[2022-04-22 21:58:07] [INFO] reader get 10 
[2022-04-22 21:58:07] [INFO] start get result 
[2022-04-22 21:58:07] [INFO] writer send [14, 15, 16, 17] 
[2022-04-22 21:58:07] [INFO] end writer 
[2022-04-22 21:58:07] [INFO] start get result 
[2022-04-22 21:58:07] [INFO] end get result 2 
[2022-04-22 21:58:07] [INFO] reader get 2 
[2022-04-22 21:58:07] [INFO] start get result 
[2022-04-22 21:58:07] [INFO] end get result 11 
[2022-04-22 21:58:07] [INFO] reader get 11 
[2022-04-22 21:58:07] [INFO] start get result 
[2022-04-22 21:58:07] [INFO] end get result 12 
[2022-04-22 21:58:07] [INFO] reader get 12 
[2022-04-22 21:58:07] [INFO] start get result 
[2022-04-22 21:58:07] [INFO] end get result 13 
[2022-04-22 21:58:07] [INFO] reader get 13 
[2022-04-22 21:58:07] [INFO] start get result 
[2022-04-22 21:58:07] [INFO] end get result 18 
[2022-04-22 21:58:07] [INFO] reader get 18 
[2022-04-22 21:58:07] [INFO] start get result 
[2022-04-22 21:58:07] [INFO] end get result 19 
[2022-04-22 21:58:07] [INFO] reader get 19 
[2022-04-22 21:58:07] [INFO] start get result 
[2022-04-22 21:58:07] [INFO] end get result 20 
[2022-04-22 21:58:07] [INFO] reader get 20 
[2022-04-22 21:58:07] [INFO] start get result 
[2022-04-22 21:58:07] [INFO] end get result 14 
[2022-04-22 21:58:07] [INFO] reader get 14 
[2022-04-22 21:58:07] [INFO] start get result 
[2022-04-22 21:58:07] [INFO] end get result 15 
[2022-04-22 21:58:07] [INFO] reader get 15 
[2022-04-22 21:58:07] [INFO] start get result 
[2022-04-22 21:58:07] [INFO] end get result 16 
[2022-04-22 21:58:07] [INFO] reader get 16 
[2022-04-22 21:58:07] [INFO] start get result 
[2022-04-22 21:58:07] [INFO] end get result 17 
[2022-04-22 21:58:07] [INFO] reader get 17 
[2022-04-22 21:58:07] [INFO] start get result 
[2022-04-22 21:58:07] [INFO] writer send [11, 12, 13] 
[2022-04-22 21:58:07] [INFO] end writer 
[2022-04-22 21:58:07] [INFO] writer send [6] 
[2022-04-22 21:58:07] [INFO] end writer 
[2022-04-22 21:58:07] [INFO] start reader 
[2022-04-22 21:58:07] [INFO] start writer 
[2022-04-22 21:58:07] [INFO] end writer 
[2022-04-22 21:58:07] [INFO] start reader 
[2022-04-22 21:58:07] [INFO] start writer 
[2022-04-22 21:58:07] [INFO] end writer 
[2022-04-22 21:58:07] [INFO] end get result 4 
[2022-04-22 21:58:07] [INFO] reader get 4 
[2022-04-22 21:58:07] [INFO] start get result 
[2022-04-22 21:58:07] [INFO] start get result 
[2022-04-22 21:58:07] [INFO] start get result 
[2022-04-22 21:58:07] [INFO] end get result 6 
[2022-04-22 21:58:07] [INFO] reader get 6 
[2022-04-22 21:58:07] [INFO] start get result 
Exception in thread "Thread-61797" java.util.concurrent.TimeoutException
	at serie1.Ex4.BlockingMessageQueueFuture$MyFuture.get(BlockingMessageQueueFuture.kt:222)
	at serie1.ex4.FutureTest$blocking_message_multiple_send_receive$2$thread$1.invoke(BlockingMessageQueueWithFutureTest.kt:179)
	at serie1.ex4.FutureTest$blocking_message_multiple_send_receive$2$thread$1.invoke(BlockingMessageQueueWithFutureTest.kt:169)
	at kotlin.concurrent.ThreadsKt$thread$thread$1.run(Thread.kt:30)
Exception in thread "Thread-61798" java.util.concurrent.TimeoutException
	at serie1.Ex4.BlockingMessageQueueFuture$MyFuture.get(BlockingMessageQueueFuture.kt:222)
	at serie1.ex4.FutureTest$blocking_message_multiple_send_receive$2$thread$1.invoke(BlockingMessageQueueWithFutureTest.kt:179)
	at serie1.ex4.FutureTest$blocking_message_multiple_send_receive$2$thread$1.invoke(BlockingMessageQueueWithFutureTest.kt:169)
	at kotlin.concurrent.ThreadsKt$thread$thread$1.run(Thread.kt:30)
Exception in thread "Thread-61795" java.util.concurrent.TimeoutException
	at serie1.Ex4.BlockingMessageQueueFuture$MyFuture.get(BlockingMessageQueueFuture.kt:222)
	at serie1.ex4.FutureTest$blocking_message_multiple_send_receive$2$thread$1.invoke(BlockingMessageQueueWithFutureTest.kt:179)
	at serie1.ex4.FutureTest$blocking_message_multiple_send_receive$2$thread$1.invoke(BlockingMessageQueueWithFutureTest.kt:169)
	at kotlin.concurrent.ThreadsKt$thread$thread$1.run(Thread.kt:30)
Exception in thread "Thread-61799" java.util.concurrent.TimeoutException
	at serie1.Ex4.BlockingMessageQueueFuture$MyFuture.get(BlockingMessageQueueFuture.kt:222)
	at serie1.ex4.FutureTest$blocking_message_multiple_send_receive$2$thread$1.invoke(BlockingMessageQueueWithFutureTest.kt:179)
	at serie1.ex4.FutureTest$blocking_message_multiple_send_receive$2$thread$1.invoke(BlockingMessageQueueWithFutureTest.kt:169)
	at kotlin.concurrent.ThreadsKt$thread$thread$1.run(Thread.kt:30)
Exception in thread "Thread-61796" java.util.concurrent.TimeoutException
	at serie1.Ex4.BlockingMessageQueueFuture$MyFuture.get(BlockingMessageQueueFuture.kt:222)
	at serie1.ex4.FutureTest$blocking_message_multiple_send_receive$2$thread$1.invoke(BlockingMessageQueueWithFutureTest.kt:179)
	at serie1.ex4.FutureTest$blocking_message_multiple_send_receive$2$thread$1.invoke(BlockingMessageQueueWithFutureTest.kt:169)
	at kotlin.concurrent.ThreadsKt$thread$thread$1.run(Thread.kt:30)
[2022-04-22 21:58:09] [INFO] start reader 
[2022-04-22 21:58:09] [INFO] start writer 
[2022-04-22 21:58:09] [INFO] start writer 
[2022-04-22 21:58:09] [INFO] writer try send [4, 5] 
[2022-04-22 21:58:09] [INFO] writer send [4, 5] 
[2022-04-22 21:58:09] [INFO] writer try send [6] 
[2022-04-22 21:58:09] [INFO] writer send [6] 
[2022-04-22 21:58:09] [INFO] start reader 
[2022-04-22 21:58:09] [INFO] start writer 
[2022-04-22 21:58:09] [INFO] writer try send [11, 12, 13] 
[2022-04-22 21:58:09] [INFO] start get result 
[2022-04-22 21:58:09] [INFO] end get result 4 
[2022-04-22 21:58:09] [INFO] reader get 4 
[2022-04-22 21:58:09] [INFO] start get result 
[2022-04-22 21:58:09] [INFO] end get result 5 
[2022-04-22 21:58:09] [INFO] reader get 5 
[2022-04-22 21:58:09] [INFO] start get result 
[2022-04-22 21:58:09] [INFO] end get result 6 
[2022-04-22 21:58:09] [INFO] reader get 6 
[2022-04-22 21:58:09] [INFO] start get result 
[2022-04-22 21:58:09] [INFO] end get result 12 
[2022-04-22 21:58:09] [INFO] reader get 12 
[2022-04-22 21:58:09] [INFO] start get result 
[2022-04-22 21:58:09] [INFO] end get result 13 
[2022-04-22 21:58:09] [INFO] reader get 13 
[2022-04-22 21:58:09] [INFO] start get result 
[2022-04-22 21:58:09] [INFO] start reader 
[2022-04-22 21:58:09] [INFO] start writer 
[2022-04-22 21:58:09] [INFO] writer try send [14, 15, 16, 17] 
[2022-04-22 21:58:09] [INFO] start writer 
[2022-04-22 21:58:09] [INFO] writer try send [18, 19, 20] 
[2022-04-22 21:58:09] [INFO] end get result 14 
[2022-04-22 21:58:09] [INFO] reader get 14 
[2022-04-22 21:58:09] [INFO] start get result 
[2022-04-22 21:58:09] [INFO] end get result 15 
[2022-04-22 21:58:09] [INFO] reader get 15 
[2022-04-22 21:58:09] [INFO] start get result 
[2022-04-22 21:58:09] [INFO] end get result 17 
[2022-04-22 21:58:09] [INFO] reader get 17 
[2022-04-22 21:58:09] [INFO] start get result 
[2022-04-22 21:58:09] [INFO] end get result 18 
[2022-04-22 21:58:09] [INFO] reader get 18 
[2022-04-22 21:58:09] [INFO] start get result 
[2022-04-22 21:58:09] [INFO] end get result 19 
[2022-04-22 21:58:09] [INFO] reader get 19 
[2022-04-22 21:58:09] [INFO] start get result 
[2022-04-22 21:58:09] [INFO] end get result 20 
[2022-04-22 21:58:09] [INFO] reader get 20 
[2022-04-22 21:58:09] [INFO] start get result 
[2022-04-22 21:58:09] [INFO] writer try send [7, 8, 9, 10] 
[2022-04-22 21:58:09] [INFO] writer try send [1, 2, 3] 
[2022-04-22 21:58:09] [INFO] writer send [7, 8, 9, 10] 
[2022-04-22 21:58:09] [INFO] end writer 
[2022-04-22 21:58:09] [INFO] end get result 7 
[2022-04-22 21:58:09] [INFO] reader get 7 
[2022-04-22 21:58:09] [INFO] writer send [18, 19, 20] 
[2022-04-22 21:58:09] [INFO] writer send [1, 2, 3] 
[2022-04-22 21:58:09] [INFO] end writer 
[2022-04-22 21:58:09] [INFO] start get result 
[2022-04-22 21:58:09] [INFO] end get result 16 
[2022-04-22 21:58:09] [INFO] reader get 16 
[2022-04-22 21:58:09] [INFO] start get result 
[2022-04-22 21:58:09] [INFO] end get result 9 
[2022-04-22 21:58:09] [INFO] reader get 9 
[2022-04-22 21:58:09] [INFO] start get result 
[2022-04-22 21:58:09] [INFO] end get result 10 
[2022-04-22 21:58:09] [INFO] reader get 10 
[2022-04-22 21:58:09] [INFO] start get result 
[2022-04-22 21:58:09] [INFO] end get result 1 
[2022-04-22 21:58:09] [INFO] reader get 1 
[2022-04-22 21:58:09] [INFO] start get result 
[2022-04-22 21:58:09] [INFO] end get result 2 
[2022-04-22 21:58:09] [INFO] reader get 2 
[2022-04-22 21:58:09] [INFO] start get result 
[2022-04-22 21:58:09] [INFO] end get result 3 
[2022-04-22 21:58:09] [INFO] reader get 3 
[2022-04-22 21:58:09] [INFO] start get result 
[2022-04-22 21:58:09] [INFO] writer send [14, 15, 16, 17] 
[2022-04-22 21:58:09] [INFO] end writer 
[2022-04-22 21:58:09] [INFO] start reader 
[2022-04-22 21:58:09] [INFO] start get result 
[2022-04-22 21:58:09] [INFO] end get result 11 
[2022-04-22 21:58:09] [INFO] reader get 11 
[2022-04-22 21:58:09] [INFO] start get result 
[2022-04-22 21:58:09] [INFO] writer send [11, 12, 13] 
[2022-04-22 21:58:09] [INFO] end writer 
[2022-04-22 21:58:09] [INFO] start reader 
[2022-04-22 21:58:09] [INFO] end writer 
[2022-04-22 21:58:09] [INFO] start get result 
[2022-04-22 21:58:09] [INFO] start reader 
[2022-04-22 21:58:09] [INFO] start get result 
[2022-04-22 21:58:09] [INFO] end get result 8 
[2022-04-22 21:58:09] [INFO] start get result 
[2022-04-22 21:58:09] [INFO] reader get 8 
[2022-04-22 21:58:09] [INFO] start get result 
[2022-04-22 21:58:09] [INFO] start get result 
Exception in thread "Thread-61810" java.util.concurrent.TimeoutException
	at serie1.Ex4.BlockingMessageQueueFuture$MyFuture.get(BlockingMessageQueueFuture.kt:222)
	at serie1.ex4.FutureTest$blocking_message_multiple_send_receive$2$thread$1.invoke(BlockingMessageQueueWithFutureTest.kt:179)
	at serie1.ex4.FutureTest$blocking_message_multiple_send_receive$2$thread$1.invoke(BlockingMessageQueueWithFutureTest.kt:169)
	at kotlin.concurrent.ThreadsKt$thread$thread$1.run(Thread.kt:30)
Exception in thread "Thread-61808" java.util.concurrent.TimeoutException
	at serie1.Ex4.BlockingMessageQueueFuture$MyFuture.get(BlockingMessageQueueFuture.kt:222)
	at serie1.ex4.FutureTest$blocking_message_multiple_send_receive$2$thread$1.invoke(BlockingMessageQueueWithFutureTest.kt:179)
	at serie1.ex4.FutureTest$blocking_message_multiple_send_receive$2$thread$1.invoke(BlockingMessageQueueWithFutureTest.kt:169)
	at kotlin.concurrent.ThreadsKt$thread$thread$1.run(Thread.kt:30)
Exception in thread "Thread-61807" java.util.concurrent.TimeoutException
	at serie1.Ex4.BlockingMessageQueueFuture$MyFuture.get(BlockingMessageQueueFuture.kt:222)
	at serie1.ex4.FutureTest$blocking_message_multiple_send_receive$2$thread$1.invoke(BlockingMessageQueueWithFutureTest.kt:179)
	at serie1.ex4.FutureTest$blocking_message_multiple_send_receive$2$thread$1.invoke(BlockingMessageQueueWithFutureTest.kt:169)
	at kotlin.concurrent.ThreadsKt$thread$thread$1.run(Thread.kt:30)
Exception in thread "Thread-61809" java.util.concurrent.TimeoutException
	at serie1.Ex4.BlockingMessageQueueFuture$MyFuture.get(BlockingMessageQueueFuture.kt:222)
	at serie1.ex4.FutureTest$blocking_message_multiple_send_receive$2$thread$1.invoke(BlockingMessageQueueWithFutureTest.kt:179)
	at serie1.ex4.FutureTest$blocking_message_multiple_send_receive$2$thread$1.invoke(BlockingMessageQueueWithFutureTest.kt:169)
	at kotlin.concurrent.ThreadsKt$thread$thread$1.run(Thread.kt:30)
Exception in thread "Thread-61811" java.util.concurrent.TimeoutException
	at serie1.Ex4.BlockingMessageQueueFuture$MyFuture.get(BlockingMessageQueueFuture.kt:222)
	at serie1.ex4.FutureTest$blocking_message_multiple_send_receive$2$thread$1.invoke(BlockingMessageQueueWithFutureTest.kt:179)
	at serie1.ex4.FutureTest$blocking_message_multiple_send_receive$2$thread$1.invoke(BlockingMessageQueueWithFutureTest.kt:169)
	at kotlin.concurrent.ThreadsKt$thread$thread$1.run(Thread.kt:30)
Exception in thread "Thread-61806" java.util.concurrent.TimeoutException
	at serie1.Ex4.BlockingMessageQueueFuture$MyFuture.get(BlockingMessageQueueFuture.kt:222)
	at serie1.ex4.FutureTest$blocking_message_multiple_send_receive$2$thread$1.invoke(BlockingMessageQueueWithFutureTest.kt:179)
	at serie1.ex4.FutureTest$blocking_message_multiple_send_receive$2$thread$1.invoke(BlockingMessageQueueWithFutureTest.kt:169)
	at kotlin.concurrent.ThreadsKt$thread$thread$1.run(Thread.kt:30)
[2022-04-22 21:58:11] [INFO] start reader 
[2022-04-22 21:58:11] [INFO] start writer 
[2022-04-22 21:58:11] [INFO] writer try send [1, 2, 3] 
[2022-04-22 21:58:11] [INFO] writer send [1, 2, 3] 
[2022-04-22 21:58:11] [INFO] writer try send [4, 5] 
[2022-04-22 21:58:11] [INFO] writer send [4, 5] 
[2022-04-22 21:58:11] [INFO] writer try send [6] 
[2022-04-22 21:58:11] [INFO] writer send [6] 
[2022-04-22 21:58:11] [INFO] writer try send [7, 8, 9, 10] 
[2022-04-22 21:58:11] [INFO] start reader 
[2022-04-22 21:58:11] [INFO] start writer 
[2022-04-22 21:58:11] [INFO] writer try send [11, 12, 13] 
[2022-04-22 21:58:11] [INFO] start reader 
[2022-04-22 21:58:11] [INFO] start writer 
[2022-04-22 21:58:11] [INFO] writer try send [14, 15, 16, 17] 
[2022-04-22 21:58:11] [INFO] start writer 
[2022-04-22 21:58:11] [INFO] start get result 
[2022-04-22 21:58:11] [INFO] end get result 3 
[2022-04-22 21:58:11] [INFO] reader get 3 
[2022-04-22 21:58:11] [INFO] start get result 
[2022-04-22 21:58:11] [INFO] end get result 2 
[2022-04-22 21:58:11] [INFO] reader get 2 
[2022-04-22 21:58:11] [INFO] start get result 
[2022-04-22 21:58:11] [INFO] end get result 5 
[2022-04-22 21:58:11] [INFO] reader get 5 
[2022-04-22 21:58:11] [INFO] start get result 
[2022-04-22 21:58:11] [INFO] end get result 6 
[2022-04-22 21:58:11] [INFO] reader get 6 
[2022-04-22 21:58:11] [INFO] start get result 
[2022-04-22 21:58:11] [INFO] end get result 11 
[2022-04-22 21:58:11] [INFO] reader get 11 
[2022-04-22 21:58:11] [INFO] start get result 
[2022-04-22 21:58:11] [INFO] end get result 12 
[2022-04-22 21:58:11] [INFO] reader get 12 
[2022-04-22 21:58:11] [INFO] start get result 
[2022-04-22 21:58:11] [INFO] end get result 13 
[2022-04-22 21:58:11] [INFO] reader get 13 
[2022-04-22 21:58:11] [INFO] start get result 
[2022-04-22 21:58:11] [INFO] end get result 14 
[2022-04-22 21:58:11] [INFO] reader get 14 
[2022-04-22 21:58:11] [INFO] start get result 
[2022-04-22 21:58:11] [INFO] start reader 
[2022-04-22 21:58:11] [INFO] start get result 
[2022-04-22 21:58:11] [INFO] end get result 1 
[2022-04-22 21:58:11] [INFO] reader get 1 
[2022-04-22 21:58:11] [INFO] start get result 
[2022-04-22 21:58:11] [INFO] end get result 16 
[2022-04-22 21:58:11] [INFO] reader get 16 
[2022-04-22 21:58:11] [INFO] start get result 
[2022-04-22 21:58:11] [INFO] end get result 17 
[2022-04-22 21:58:11] [INFO] reader get 17 
[2022-04-22 21:58:11] [INFO] start get result 
[2022-04-22 21:58:11] [INFO] end get result 7 
[2022-04-22 21:58:11] [INFO] reader get 7 
[2022-04-22 21:58:11] [INFO] start get result 
[2022-04-22 21:58:11] [INFO] start writer 
[2022-04-22 21:58:11] [INFO] end writer 
[2022-04-22 21:58:11] [INFO] end get result 8 
[2022-04-22 21:58:11] [INFO] start reader 
[2022-04-22 21:58:11] [INFO] end get result 15 
[2022-04-22 21:58:11] [INFO] reader get 15 
[2022-04-22 21:58:11] [INFO] start get result 
[2022-04-22 21:58:11] [INFO] end get result 10 
[2022-04-22 21:58:11] [INFO] reader get 10 
[2022-04-22 21:58:11] [INFO] start get result 
[2022-04-22 21:58:11] [INFO] writer send [7, 8, 9, 10] 
[2022-04-22 21:58:11] [INFO] end writer 
[2022-04-22 21:58:11] [INFO] writer send [14, 15, 16, 17] 
[2022-04-22 21:58:11] [INFO] end writer 
[2022-04-22 21:58:11] [INFO] start get result 
[2022-04-22 21:58:11] [INFO] end get result 4 
[2022-04-22 21:58:11] [INFO] reader get 4 
[2022-04-22 21:58:11] [INFO] start get result 
[2022-04-22 21:58:11] [INFO] writer send [11, 12, 13] 
[2022-04-22 21:58:11] [INFO] end writer 
[2022-04-22 21:58:11] [INFO] writer try send [18, 19, 20] 
[2022-04-22 21:58:11] [INFO] start get result 
[2022-04-22 21:58:11] [INFO] end get result 19 
[2022-04-22 21:58:11] [INFO] reader get 19 
[2022-04-22 21:58:11] [INFO] start get result 
[2022-04-22 21:58:11] [INFO] start reader 
[2022-04-22 21:58:11] [INFO] reader get 8 
[2022-04-22 21:58:11] [INFO] start get result 
[2022-04-22 21:58:11] [INFO] start get result 
[2022-04-22 21:58:11] [INFO] end get result 9 
[2022-04-22 21:58:11] [INFO] reader get 9 
[2022-04-22 21:58:11] [INFO] start get result 
[2022-04-22 21:58:11] [INFO] writer send [18, 19, 20] 
[2022-04-22 21:58:11] [INFO] start get result 
[2022-04-22 21:58:11] [INFO] end get result 20 
[2022-04-22 21:58:11] [INFO] reader get 20 
[2022-04-22 21:58:11] [INFO] start get result 
[2022-04-22 21:58:11] [INFO] end get result 18 
[2022-04-22 21:58:11] [INFO] reader get 18 
[2022-04-22 21:58:11] [INFO] start get result 
[2022-04-22 21:58:11] [INFO] end writer 
Exception in thread "Thread-61823" java.util.concurrent.TimeoutException
	at serie1.Ex4.BlockingMessageQueueFuture$MyFuture.get(BlockingMessageQueueFuture.kt:222)
	at serie1.ex4.FutureTest$blocking_message_multiple_send_receive$2$thread$1.invoke(BlockingMessageQueueWithFutureTest.kt:179)
	at serie1.ex4.FutureTest$blocking_message_multiple_send_receive$2$thread$1.invoke(BlockingMessageQueueWithFutureTest.kt:169)
	at kotlin.concurrent.ThreadsKt$thread$thread$1.run(Thread.kt:30)
Exception in thread "Thread-61821" java.util.concurrent.TimeoutException
	at serie1.Ex4.BlockingMessageQueueFuture$MyFuture.get(BlockingMessageQueueFuture.kt:222)
	at serie1.ex4.FutureTest$blocking_message_multiple_send_receive$2$thread$1.invoke(BlockingMessageQueueWithFutureTest.kt:179)
	at serie1.ex4.FutureTest$blocking_message_multiple_send_receive$2$thread$1.invoke(BlockingMessageQueueWithFutureTest.kt:169)
	at kotlin.concurrent.ThreadsKt$thread$thread$1.run(Thread.kt:30)
Exception in thread "Thread-61818" java.util.concurrent.TimeoutException
	at serie1.Ex4.BlockingMessageQueueFuture$MyFuture.get(BlockingMessageQueueFuture.kt:222)
	at serie1.ex4.FutureTest$blocking_message_multiple_send_receive$2$thread$1.invoke(BlockingMessageQueueWithFutureTest.kt:179)
	at serie1.ex4.FutureTest$blocking_message_multiple_send_receive$2$thread$1.invoke(BlockingMessageQueueWithFutureTest.kt:169)
	at kotlin.concurrent.ThreadsKt$thread$thread$1.run(Thread.kt:30)
Exception in thread "Thread-61820" java.util.concurrent.TimeoutException
	at serie1.Ex4.BlockingMessageQueueFuture$MyFuture.get(BlockingMessageQueueFuture.kt:222)
	at serie1.ex4.FutureTest$blocking_message_multiple_send_receive$2$thread$1.invoke(BlockingMessageQueueWithFutureTest.kt:179)
	at serie1.ex4.FutureTest$blocking_message_multiple_send_receive$2$thread$1.invoke(BlockingMessageQueueWithFutureTest.kt:169)
	at kotlin.concurrent.ThreadsKt$thread$thread$1.run(Thread.kt:30)
Exception in thread "Thread-61822" java.util.concurrent.TimeoutException
	at serie1.Ex4.BlockingMessageQueueFuture$MyFuture.get(BlockingMessageQueueFuture.kt:222)
	at serie1.ex4.FutureTest$blocking_message_multiple_send_receive$2$thread$1.invoke(BlockingMessageQueueWithFutureTest.kt:179)
	at serie1.ex4.FutureTest$blocking_message_multiple_send_receive$2$thread$1.invoke(BlockingMessageQueueWithFutureTest.kt:169)
	at kotlin.concurrent.ThreadsKt$thread$thread$1.run(Thread.kt:30)
Exception in thread "Thread-61819" java.util.concurrent.TimeoutException
	at serie1.Ex4.BlockingMessageQueueFuture$MyFuture.get(BlockingMessageQueueFuture.kt:222)
	at serie1.ex4.FutureTest$blocking_message_multiple_send_receive$2$thread$1.invoke(BlockingMessageQueueWithFutureTest.kt:179)
	at serie1.ex4.FutureTest$blocking_message_multiple_send_receive$2$thread$1.invoke(BlockingMessageQueueWithFutureTest.kt:169)
	at kotlin.concurrent.ThreadsKt$thread$thread$1.run(Thread.kt:30)
[2022-04-22 21:58:13] [INFO] start writer 
[2022-04-22 21:58:13] [INFO] start writer 
[2022-04-22 21:58:13] [INFO] writer try send [4, 5] 
[2022-04-22 21:58:13] [INFO] writer send [4, 5] 
[2022-04-22 21:58:13] [INFO] writer try send [6] 
[2022-04-22 21:58:13] [INFO] start writer 
[2022-04-22 21:58:13] [INFO] writer try send [7, 8, 9, 10] 
[2022-04-22 21:58:13] [INFO] writer send [7, 8, 9, 10] 
[2022-04-22 21:58:13] [INFO] writer try send [11, 12, 13] 
[2022-04-22 21:58:13] [INFO] start reader 
[2022-04-22 21:58:13] [INFO] writer send [6] 
[2022-04-22 21:58:13] [INFO] writer try send [14, 15, 16, 17] 
[2022-04-22 21:58:13] [INFO] start writer 
[2022-04-22 21:58:13] [INFO] writer try send [18, 19, 20] 
[2022-04-22 21:58:13] [INFO] start writer 
[2022-04-22 21:58:13] [INFO] end writer 
[2022-04-22 21:58:13] [INFO] writer try send [1, 2, 3] 
[2022-04-22 21:58:13] [INFO] start get result 
[2022-04-22 21:58:13] [INFO] end get result 4 
[2022-04-22 21:58:13] [INFO] reader get 4 
[2022-04-22 21:58:13] [INFO] start get result 
[2022-04-22 21:58:13] [INFO] end get result 5 
[2022-04-22 21:58:13] [INFO] reader get 5 
[2022-04-22 21:58:13] [INFO] start get result 
[2022-04-22 21:58:13] [INFO] end get result 6 
[2022-04-22 21:58:13] [INFO] reader get 6 
[2022-04-22 21:58:13] [INFO] start get result 
[2022-04-22 21:58:13] [INFO] end get result 7 
[2022-04-22 21:58:13] [INFO] reader get 7 
[2022-04-22 21:58:13] [INFO] start get result 
[2022-04-22 21:58:13] [INFO] end get result 8 
[2022-04-22 21:58:13] [INFO] reader get 8 
[2022-04-22 21:58:13] [INFO] start get result 
[2022-04-22 21:58:13] [INFO] end get result 9 
[2022-04-22 21:58:13] [INFO] reader get 9 
[2022-04-22 21:58:13] [INFO] start get result 
[2022-04-22 21:58:13] [INFO] end get result 10 
[2022-04-22 21:58:13] [INFO] reader get 10 
[2022-04-22 21:58:13] [INFO] start get result 
[2022-04-22 21:58:13] [INFO] end get result 18 
[2022-04-22 21:58:13] [INFO] reader get 18 
[2022-04-22 21:58:13] [INFO] start get result 
[2022-04-22 21:58:13] [INFO] end get result 19 
[2022-04-22 21:58:13] [INFO] reader get 19 
[2022-04-22 21:58:13] [INFO] start get result 
[2022-04-22 21:58:13] [INFO] start reader 
[2022-04-22 21:58:13] [INFO] end get result 20 
[2022-04-22 21:58:13] [INFO] reader get 20 
[2022-04-22 21:58:13] [INFO] start get result 
[2022-04-22 21:58:13] [INFO] end get result 14 
[2022-04-22 21:58:13] [INFO] reader get 14 
[2022-04-22 21:58:13] [INFO] start get result 
[2022-04-22 21:58:13] [INFO] end get result 15 
[2022-04-22 21:58:13] [INFO] reader get 15 
[2022-04-22 21:58:13] [INFO] start get result 
[2022-04-22 21:58:13] [INFO] writer send [11, 12, 13] 
[2022-04-22 21:58:13] [INFO] end writer 
[2022-04-22 21:58:13] [INFO] start get result 
[2022-04-22 21:58:13] [INFO] end get result 17 
[2022-04-22 21:58:13] [INFO] reader get 17 
[2022-04-22 21:58:13] [INFO] start get result 
[2022-04-22 21:58:13] [INFO] writer send [1, 2, 3] 
[2022-04-22 21:58:13] [INFO] end writer 
[2022-04-22 21:58:13] [INFO] writer send [14, 15, 16, 17] 
[2022-04-22 21:58:13] [INFO] end writer 
[2022-04-22 21:58:13] [INFO] writer send [18, 19, 20] 
[2022-04-22 21:58:13] [INFO] end writer 
[2022-04-22 21:58:13] [INFO] end get result 1 
[2022-04-22 21:58:13] [INFO] reader get 1 
[2022-04-22 21:58:13] [INFO] start get result 
[2022-04-22 21:58:13] [INFO] end get result 2 
[2022-04-22 21:58:13] [INFO] reader get 2 
[2022-04-22 21:58:13] [INFO] start get result 
[2022-04-22 21:58:13] [INFO] end get result 3 
[2022-04-22 21:58:13] [INFO] reader get 3 
[2022-04-22 21:58:13] [INFO] start get result 
[2022-04-22 21:58:13] [INFO] end get result 11 
[2022-04-22 21:58:13] [INFO] reader get 11 
[2022-04-22 21:58:13] [INFO] start get result 
[2022-04-22 21:58:13] [INFO] end get result 12 
[2022-04-22 21:58:13] [INFO] reader get 12 
[2022-04-22 21:58:13] [INFO] start get result 
[2022-04-22 21:58:13] [INFO] end get result 13 
[2022-04-22 21:58:13] [INFO] reader get 13 
[2022-04-22 21:58:13] [INFO] start get result 
[2022-04-22 21:58:13] [INFO] end get result 16 
[2022-04-22 21:58:13] [INFO] start reader 
[2022-04-22 21:58:13] [INFO] reader get 16 
[2022-04-22 21:58:13] [INFO] start get result 
[2022-04-22 21:58:13] [INFO] start reader 
[2022-04-22 21:58:13] [INFO] start reader 
[2022-04-22 21:58:13] [INFO] start get result 
[2022-04-22 21:58:13] [INFO] start reader 
[2022-04-22 21:58:13] [INFO] start get result 
[2022-04-22 21:58:13] [INFO] start get result 
[2022-04-22 21:58:13] [INFO] start get result 
Exception in thread "Thread-61831" java.util.concurrent.TimeoutException
	at serie1.Ex4.BlockingMessageQueueFuture$MyFuture.get(BlockingMessageQueueFuture.kt:222)
	at serie1.ex4.FutureTest$blocking_message_multiple_send_receive$2$thread$1.invoke(BlockingMessageQueueWithFutureTest.kt:179)
	at serie1.ex4.FutureTest$blocking_message_multiple_send_receive$2$thread$1.invoke(BlockingMessageQueueWithFutureTest.kt:169)
	at kotlin.concurrent.ThreadsKt$thread$thread$1.run(Thread.kt:30)
Exception in thread "Thread-61833" java.util.concurrent.TimeoutException
	at serie1.Ex4.BlockingMessageQueueFuture$MyFuture.get(BlockingMessageQueueFuture.kt:222)
	at serie1.ex4.FutureTest$blocking_message_multiple_send_receive$2$thread$1.invoke(BlockingMessageQueueWithFutureTest.kt:179)
	at serie1.ex4.FutureTest$blocking_message_multiple_send_receive$2$thread$1.invoke(BlockingMessageQueueWithFutureTest.kt:169)
	at kotlin.concurrent.ThreadsKt$thread$thread$1.run(Thread.kt:30)
Exception in thread "Thread-61832" java.util.concurrent.TimeoutException
	at serie1.Ex4.BlockingMessageQueueFuture$MyFuture.get(BlockingMessageQueueFuture.kt:222)
	at serie1.ex4.FutureTest$blocking_message_multiple_send_receive$2$thread$1.invoke(BlockingMessageQueueWithFutureTest.kt:179)
	at serie1.ex4.FutureTest$blocking_message_multiple_send_receive$2$thread$1.invoke(BlockingMessageQueueWithFutureTest.kt:169)
	at kotlin.concurrent.ThreadsKt$thread$thread$1.run(Thread.kt:30)
Exception in thread "Thread-61834" java.util.concurrent.TimeoutException
	at serie1.Ex4.BlockingMessageQueueFuture$MyFuture.get(BlockingMessageQueueFuture.kt:222)
	at serie1.ex4.FutureTest$blocking_message_multiple_send_receive$2$thread$1.invoke(BlockingMessageQueueWithFutureTest.kt:179)
	at serie1.ex4.FutureTest$blocking_message_multiple_send_receive$2$thread$1.invoke(BlockingMessageQueueWithFutureTest.kt:169)
	at kotlin.concurrent.ThreadsKt$thread$thread$1.run(Thread.kt:30)
Exception in thread "Thread-61835" java.util.concurrent.TimeoutException
	at serie1.Ex4.BlockingMessageQueueFuture$MyFuture.get(BlockingMessageQueueFuture.kt:222)
	at serie1.ex4.FutureTest$blocking_message_multiple_send_receive$2$thread$1.invoke(BlockingMessageQueueWithFutureTest.kt:179)
	at serie1.ex4.FutureTest$blocking_message_multiple_send_receive$2$thread$1.invoke(BlockingMessageQueueWithFutureTest.kt:169)
	at kotlin.concurrent.ThreadsKt$thread$thread$1.run(Thread.kt:30)
Exception in thread "Thread-61830" java.util.concurrent.TimeoutException
	at serie1.Ex4.BlockingMessageQueueFuture$MyFuture.get(BlockingMessageQueueFuture.kt:222)
	at serie1.ex4.FutureTest$blocking_message_multiple_send_receive$2$thread$1.invoke(BlockingMessageQueueWithFutureTest.kt:179)
	at serie1.ex4.FutureTest$blocking_message_multiple_send_receive$2$thread$1.invoke(BlockingMessageQueueWithFutureTest.kt:169)
	at kotlin.concurrent.ThreadsKt$thread$thread$1.run(Thread.kt:30)
[2022-04-22 21:58:15] [INFO] start writer 
[2022-04-22 21:58:15] [INFO] writer try send [1, 2, 3] 
[2022-04-22 21:58:15] [INFO] start reader 
[2022-04-22 21:58:15] [INFO] start writer 
[2022-04-22 21:58:15] [INFO] start writer 
[2022-04-22 21:58:15] [INFO] writer try send [6] 
[2022-04-22 21:58:15] [INFO] start reader 
[2022-04-22 21:58:15] [INFO] start writer 
[2022-04-22 21:58:15] [INFO] writer try send [4, 5] 
[2022-04-22 21:58:15] [INFO] writer send [4, 5] 
[2022-04-22 21:58:15] [INFO] writer try send [11, 12, 13] 
[2022-04-22 21:58:15] [INFO] writer send [11, 12, 13] 
[2022-04-22 21:58:15] [INFO] writer try send [14, 15, 16, 17] 
[2022-04-22 21:58:15] [INFO] start writer 
[2022-04-22 21:58:15] [INFO] writer try send [18, 19, 20] 
[2022-04-22 21:58:15] [INFO] writer send [1, 2, 3] 
[2022-04-22 21:58:15] [INFO] end writer 
[2022-04-22 21:58:15] [INFO] writer try send [7, 8, 9, 10] 
[2022-04-22 21:58:15] [INFO] start reader 
[2022-04-22 21:58:15] [INFO] start get result 
[2022-04-22 21:58:15] [INFO] writer send [6] 
[2022-04-22 21:58:15] [INFO] start reader 
[2022-04-22 21:58:15] [INFO] end get result 1 
[2022-04-22 21:58:15] [INFO] start get result 
[2022-04-22 21:58:15] [INFO] start reader 
[2022-04-22 21:58:15] [INFO] reader get 1 
[2022-04-22 21:58:15] [INFO] end writer 
[2022-04-22 21:58:15] [INFO] start get result 
[2022-04-22 21:58:15] [INFO] start reader 
[2022-04-22 21:58:15] [INFO] start get result 
[2022-04-22 21:58:15] [INFO] end get result 3 
[2022-04-22 21:58:15] [INFO] end get result 2 
[2022-04-22 21:58:15] [INFO] reader get 3 
[2022-04-22 21:58:15] [INFO] writer send [7, 8, 9, 10] 
[2022-04-22 21:58:15] [INFO] end writer 
[2022-04-22 21:58:15] [INFO] writer send [18, 19, 20] 
[2022-04-22 21:58:15] [INFO] end writer 
[2022-04-22 21:58:15] [INFO] start get result 
[2022-04-22 21:58:15] [INFO] end get result 4 
[2022-04-22 21:58:15] [INFO] reader get 4 
[2022-04-22 21:58:15] [INFO] start get result 
[2022-04-22 21:58:15] [INFO] end get result 13 
[2022-04-22 21:58:15] [INFO] reader get 13 
[2022-04-22 21:58:15] [INFO] start get result 
[2022-04-22 21:58:15] [INFO] end get result 6 
[2022-04-22 21:58:15] [INFO] reader get 6 
[2022-04-22 21:58:15] [INFO] start get result 
[2022-04-22 21:58:15] [INFO] end get result 8 
[2022-04-22 21:58:15] [INFO] reader get 8 
[2022-04-22 21:58:15] [INFO] start get result 
[2022-04-22 21:58:15] [INFO] end get result 9 
[2022-04-22 21:58:15] [INFO] reader get 9 
[2022-04-22 21:58:15] [INFO] start get result 
[2022-04-22 21:58:15] [INFO] end get result 10 
[2022-04-22 21:58:15] [INFO] reader get 10 
[2022-04-22 21:58:15] [INFO] start get result 
[2022-04-22 21:58:15] [INFO] end get result 18 
[2022-04-22 21:58:15] [INFO] reader get 18 
[2022-04-22 21:58:15] [INFO] start get result 
[2022-04-22 21:58:15] [INFO] end get result 19 
[2022-04-22 21:58:15] [INFO] reader get 19 
[2022-04-22 21:58:15] [INFO] start get result 
[2022-04-22 21:58:15] [INFO] end get result 20 
[2022-04-22 21:58:15] [INFO] reader get 20 
[2022-04-22 21:58:15] [INFO] start get result 
[2022-04-22 21:58:15] [INFO] end get result 14 
[2022-04-22 21:58:15] [INFO] reader get 14 
[2022-04-22 21:58:15] [INFO] start get result 
[2022-04-22 21:58:15] [INFO] end get result 15 
[2022-04-22 21:58:15] [INFO] reader get 15 
[2022-04-22 21:58:15] [INFO] start get result 
[2022-04-22 21:58:15] [INFO] end get result 16 
[2022-04-22 21:58:15] [INFO] reader get 16 
[2022-04-22 21:58:15] [INFO] start get result 
[2022-04-22 21:58:15] [INFO] end get result 17 
[2022-04-22 21:58:15] [INFO] reader get 17 
[2022-04-22 21:58:15] [INFO] start get result 
[2022-04-22 21:58:15] [INFO] end get result 7 
[2022-04-22 21:58:15] [INFO] reader get 7 
[2022-04-22 21:58:15] [INFO] start get result 
[2022-04-22 21:58:15] [INFO] start get result 
[2022-04-22 21:58:15] [INFO] end get result 12 
[2022-04-22 21:58:15] [INFO] reader get 12 
[2022-04-22 21:58:15] [INFO] start get result 
[2022-04-22 21:58:15] [INFO] start get result 
[2022-04-22 21:58:15] [INFO] end get result 11 
[2022-04-22 21:58:15] [INFO] reader get 11 
[2022-04-22 21:58:15] [INFO] start get result 
[2022-04-22 21:58:15] [INFO] start get result 
[2022-04-22 21:58:15] [INFO] end get result 5 
[2022-04-22 21:58:15] [INFO] reader get 5 
[2022-04-22 21:58:15] [INFO] start get result 
[2022-04-22 21:58:15] [INFO] reader get 2 
[2022-04-22 21:58:15] [INFO] start get result 
[2022-04-22 21:58:15] [INFO] writer send [14, 15, 16, 17] 
[2022-04-22 21:58:15] [INFO] end writer 
Exception in thread "Thread-61846" java.util.concurrent.TimeoutException
	at serie1.Ex4.BlockingMessageQueueFuture$MyFuture.get(BlockingMessageQueueFuture.kt:222)
	at serie1.ex4.FutureTest$blocking_message_multiple_send_receive$2$thread$1.invoke(BlockingMessageQueueWithFutureTest.kt:179)
	at serie1.ex4.FutureTest$blocking_message_multiple_send_receive$2$thread$1.invoke(BlockingMessageQueueWithFutureTest.kt:169)
	at kotlin.concurrent.ThreadsKt$thread$thread$1.run(Thread.kt:30)
Exception in thread "Thread-61844" java.util.concurrent.TimeoutException
	at serie1.Ex4.BlockingMessageQueueFuture$MyFuture.get(BlockingMessageQueueFuture.kt:222)
	at serie1.ex4.FutureTest$blocking_message_multiple_send_receive$2$thread$1.invoke(BlockingMessageQueueWithFutureTest.kt:179)
	at serie1.ex4.FutureTest$blocking_message_multiple_send_receive$2$thread$1.invoke(BlockingMessageQueueWithFutureTest.kt:169)
	at kotlin.concurrent.ThreadsKt$thread$thread$1.run(Thread.kt:30)
Exception in thread "Thread-61847" java.util.concurrent.TimeoutException
	at serie1.Ex4.BlockingMessageQueueFuture$MyFuture.get(BlockingMessageQueueFuture.kt:222)
	at serie1.ex4.FutureTest$blocking_message_multiple_send_receive$2$thread$1.invoke(BlockingMessageQueueWithFutureTest.kt:179)
	at serie1.ex4.FutureTest$blocking_message_multiple_send_receive$2$thread$1.invoke(BlockingMessageQueueWithFutureTest.kt:169)
	at kotlin.concurrent.ThreadsKt$thread$thread$1.run(Thread.kt:30)
Exception in thread "Thread-61842" java.util.concurrent.TimeoutException
	at serie1.Ex4.BlockingMessageQueueFuture$MyFuture.get(BlockingMessageQueueFuture.kt:222)
	at serie1.ex4.FutureTest$blocking_message_multiple_send_receive$2$thread$1.invoke(BlockingMessageQueueWithFutureTest.kt:179)
	at serie1.ex4.FutureTest$blocking_message_multiple_send_receive$2$thread$1.invoke(BlockingMessageQueueWithFutureTest.kt:169)
	at kotlin.concurrent.ThreadsKt$thread$thread$1.run(Thread.kt:30)
Exception in thread "Thread-61843" java.util.concurrent.TimeoutException
	at serie1.Ex4.BlockingMessageQueueFuture$MyFuture.get(BlockingMessageQueueFuture.kt:222)
	at serie1.ex4.FutureTest$blocking_message_multiple_send_receive$2$thread$1.invoke(BlockingMessageQueueWithFutureTest.kt:179)
	at serie1.ex4.FutureTest$blocking_message_multiple_send_receive$2$thread$1.invoke(BlockingMessageQueueWithFutureTest.kt:169)
	at kotlin.concurrent.ThreadsKt$thread$thread$1.run(Thread.kt:30)
Exception in thread "Thread-61845" java.util.concurrent.TimeoutException
	at serie1.Ex4.BlockingMessageQueueFuture$MyFuture.get(BlockingMessageQueueFuture.kt:222)
	at serie1.ex4.FutureTest$blocking_message_multiple_send_receive$2$thread$1.invoke(BlockingMessageQueueWithFutureTest.kt:179)
	at serie1.ex4.FutureTest$blocking_message_multiple_send_receive$2$thread$1.invoke(BlockingMessageQueueWithFutureTest.kt:169)
	at kotlin.concurrent.ThreadsKt$thread$thread$1.run(Thread.kt:30)
[2022-04-22 21:58:17] [INFO] start writer 
[2022-04-22 21:58:17] [INFO] start writer 
[2022-04-22 21:58:17] [INFO] writer try send [4, 5] 
[2022-04-22 21:58:17] [INFO] start writer 
[2022-04-22 21:58:17] [INFO] writer try send [6] 
[2022-04-22 21:58:17] [INFO] writer send [6] 
[2022-04-22 21:58:17] [INFO] writer try send [7, 8, 9, 10] 
[2022-04-22 21:58:17] [INFO] writer send [7, 8, 9, 10] 
[2022-04-22 21:58:17] [INFO] writer try send [11, 12, 13] 
[2022-04-22 21:58:17] [INFO] start reader 
[2022-04-22 21:58:17] [INFO] start writer 
[2022-04-22 21:58:17] [INFO] writer try send [14, 15, 16, 17] 
[2022-04-22 21:58:17] [INFO] writer send [4, 5] 
[2022-04-22 21:58:17] [INFO] writer try send [18, 19, 20] 
[2022-04-22 21:58:17] [INFO] writer send [11, 12, 13] 
[2022-04-22 21:58:17] [INFO] end writer 
[2022-04-22 21:58:17] [INFO] start writer 
[2022-04-22 21:58:17] [INFO] end writer 
[2022-04-22 21:58:17] [INFO] writer try send [1, 2, 3] 
[2022-04-22 21:58:17] [INFO] start get result 
[2022-04-22 21:58:17] [INFO] end get result 4 
[2022-04-22 21:58:17] [INFO] reader get 4 
[2022-04-22 21:58:17] [INFO] start reader 
[2022-04-22 21:58:17] [INFO] start get result 
[2022-04-22 21:58:17] [INFO] end get result 5 
[2022-04-22 21:58:17] [INFO] start reader 
[2022-04-22 21:58:17] [INFO] reader get 5 
[2022-04-22 21:58:17] [INFO] start get result 
[2022-04-22 21:58:17] [INFO] end get result 6 
[2022-04-22 21:58:17] [INFO] reader get 6 
[2022-04-22 21:58:17] [INFO] start get result 
[2022-04-22 21:58:17] [INFO] end get result 8 
[2022-04-22 21:58:17] [INFO] reader get 8 
[2022-04-22 21:58:17] [INFO] start reader 
[2022-04-22 21:58:17] [INFO] start get result 
[2022-04-22 21:58:17] [INFO] end get result 10 
[2022-04-22 21:58:17] [INFO] reader get 10 
[2022-04-22 21:58:17] [INFO] start get result 
[2022-04-22 21:58:17] [INFO] end get result 11 
[2022-04-22 21:58:17] [INFO] writer send [18, 19, 20] 
[2022-04-22 21:58:17] [INFO] end writer 
[2022-04-22 21:58:17] [INFO] start get result 
[2022-04-22 21:58:17] [INFO] end get result 9 
[2022-04-22 21:58:17] [INFO] reader get 9 
[2022-04-22 21:58:17] [INFO] start get result 
[2022-04-22 21:58:17] [INFO] end get result 13 
[2022-04-22 21:58:17] [INFO] reader get 13 
[2022-04-22 21:58:17] [INFO] start get result 
[2022-04-22 21:58:17] [INFO] end get result 1 
[2022-04-22 21:58:17] [INFO] reader get 1 
[2022-04-22 21:58:17] [INFO] start get result 
[2022-04-22 21:58:17] [INFO] end get result 2 
[2022-04-22 21:58:17] [INFO] reader get 2 
[2022-04-22 21:58:17] [INFO] start get result 
[2022-04-22 21:58:17] [INFO] end get result 3 
[2022-04-22 21:58:17] [INFO] reader get 3 
[2022-04-22 21:58:17] [INFO] start get result 
[2022-04-22 21:58:17] [INFO] end get result 18 
[2022-04-22 21:58:17] [INFO] reader get 18 
[2022-04-22 21:58:17] [INFO] start get result 
[2022-04-22 21:58:17] [INFO] end get result 19 
[2022-04-22 21:58:17] [INFO] reader get 19 
[2022-04-22 21:58:17] [INFO] start get result 
[2022-04-22 21:58:17] [INFO] end get result 20 
[2022-04-22 21:58:17] [INFO] reader get 20 
[2022-04-22 21:58:17] [INFO] start get result 
[2022-04-22 21:58:17] [INFO] end get result 14 
[2022-04-22 21:58:17] [INFO] reader get 14 
[2022-04-22 21:58:17] [INFO] start get result 
[2022-04-22 21:58:17] [INFO] end get result 15 
[2022-04-22 21:58:17] [INFO] reader get 15 
[2022-04-22 21:58:17] [INFO] start get result 
[2022-04-22 21:58:17] [INFO] end get result 16 
[2022-04-22 21:58:17] [INFO] reader get 16 
[2022-04-22 21:58:17] [INFO] start get result 
[2022-04-22 21:58:17] [INFO] end get result 17 
[2022-04-22 21:58:17] [INFO] reader get 17 
[2022-04-22 21:58:17] [INFO] start get result 
[2022-04-22 21:58:17] [INFO] writer send [1, 2, 3] 
[2022-04-22 21:58:17] [INFO] end writer 
[2022-04-22 21:58:17] [INFO] start get result 
[2022-04-22 21:58:17] [INFO] writer send [14, 15, 16, 17] 
[2022-04-22 21:58:17] [INFO] end writer 
[2022-04-22 21:58:17] [INFO] start get result 
[2022-04-22 21:58:17] [INFO] end get result 12 
[2022-04-22 21:58:17] [INFO] reader get 12 
[2022-04-22 21:58:17] [INFO] start get result 
[2022-04-22 21:58:17] [INFO] reader get 11 
[2022-04-22 21:58:17] [INFO] start get result 
[2022-04-22 21:58:17] [INFO] start reader 
[2022-04-22 21:58:17] [INFO] end get result 7 
[2022-04-22 21:58:17] [INFO] reader get 7 
[2022-04-22 21:58:17] [INFO] start get result 
[2022-04-22 21:58:17] [INFO] start reader 
[2022-04-22 21:58:17] [INFO] start get result 
[2022-04-22 21:58:17] [INFO] start get result 
Exception in thread "Thread-61856" java.util.concurrent.TimeoutException
	at serie1.Ex4.BlockingMessageQueueFuture$MyFuture.get(BlockingMessageQueueFuture.kt:222)
	at serie1.ex4.FutureTest$blocking_message_multiple_send_receive$2$thread$1.invoke(BlockingMessageQueueWithFutureTest.kt:179)
	at serie1.ex4.FutureTest$blocking_message_multiple_send_receive$2$thread$1.invoke(BlockingMessageQueueWithFutureTest.kt:169)
	at kotlin.concurrent.ThreadsKt$thread$thread$1.run(Thread.kt:30)
Exception in thread "Thread-61854" java.util.concurrent.TimeoutException
	at serie1.Ex4.BlockingMessageQueueFuture$MyFuture.get(BlockingMessageQueueFuture.kt:222)
	at serie1.ex4.FutureTest$blocking_message_multiple_send_receive$2$thread$1.invoke(BlockingMessageQueueWithFutureTest.kt:179)
	at serie1.ex4.FutureTest$blocking_message_multiple_send_receive$2$thread$1.invoke(BlockingMessageQueueWithFutureTest.kt:169)
	at kotlin.concurrent.ThreadsKt$thread$thread$1.run(Thread.kt:30)
Exception in thread "Thread-61855" java.util.concurrent.TimeoutException
	at serie1.Ex4.BlockingMessageQueueFuture$MyFuture.get(BlockingMessageQueueFuture.kt:222)
	at serie1.ex4.FutureTest$blocking_message_multiple_send_receive$2$thread$1.invoke(BlockingMessageQueueWithFutureTest.kt:179)
	at serie1.ex4.FutureTest$blocking_message_multiple_send_receive$2$thread$1.invoke(BlockingMessageQueueWithFutureTest.kt:169)
	at kotlin.concurrent.ThreadsKt$thread$thread$1.run(Thread.kt:30)
Exception in thread "Thread-61857" java.util.concurrent.TimeoutException
	at serie1.Ex4.BlockingMessageQueueFuture$MyFuture.get(BlockingMessageQueueFuture.kt:222)
	at serie1.ex4.FutureTest$blocking_message_multiple_send_receive$2$thread$1.invoke(BlockingMessageQueueWithFutureTest.kt:179)
	at serie1.ex4.FutureTest$blocking_message_multiple_send_receive$2$thread$1.invoke(BlockingMessageQueueWithFutureTest.kt:169)
	at kotlin.concurrent.ThreadsKt$thread$thread$1.run(Thread.kt:30)
Exception in thread "Thread-61859" java.util.concurrent.TimeoutException
	at serie1.Ex4.BlockingMessageQueueFuture$MyFuture.get(BlockingMessageQueueFuture.kt:222)
	at serie1.ex4.FutureTest$blocking_message_multiple_send_receive$2$thread$1.invoke(BlockingMessageQueueWithFutureTest.kt:179)
	at serie1.ex4.FutureTest$blocking_message_multiple_send_receive$2$thread$1.invoke(BlockingMessageQueueWithFutureTest.kt:169)
	at kotlin.concurrent.ThreadsKt$thread$thread$1.run(Thread.kt:30)
Exception in thread "Thread-61858" java.util.concurrent.TimeoutException
	at serie1.Ex4.BlockingMessageQueueFuture$MyFuture.get(BlockingMessageQueueFuture.kt:222)
	at serie1.ex4.FutureTest$blocking_message_multiple_send_receive$2$thread$1.invoke(BlockingMessageQueueWithFutureTest.kt:179)
	at serie1.ex4.FutureTest$blocking_message_multiple_send_receive$2$thread$1.invoke(BlockingMessageQueueWithFutureTest.kt:169)
	at kotlin.concurrent.ThreadsKt$thread$thread$1.run(Thread.kt:30)
[2022-04-22 21:58:19] [INFO] start writer 
[2022-04-22 21:58:19] [INFO] start writer 
[2022-04-22 21:58:19] [INFO] writer try send [4, 5] 
[2022-04-22 21:58:19] [INFO] start writer 
[2022-04-22 21:58:19] [INFO] writer try send [6] 
[2022-04-22 21:58:19] [INFO] writer send [6] 
[2022-04-22 21:58:19] [INFO] writer try send [7, 8, 9, 10] 
[2022-04-22 21:58:19] [INFO] writer send [7, 8, 9, 10] 
[2022-04-22 21:58:19] [INFO] writer try send [11, 12, 13] 
[2022-04-22 21:58:19] [INFO] writer send [11, 12, 13] 
[2022-04-22 21:58:19] [INFO] writer try send [14, 15, 16, 17] 
[2022-04-22 21:58:19] [INFO] start reader 
[2022-04-22 21:58:19] [INFO] writer send [4, 5] 
[2022-04-22 21:58:19] [INFO] writer try send [18, 19, 20] 
[2022-04-22 21:58:19] [INFO] start writer 
[2022-04-22 21:58:19] [INFO] end writer 
[2022-04-22 21:58:19] [INFO] start writer 
[2022-04-22 21:58:19] [INFO] end writer 
[2022-04-22 21:58:19] [INFO] writer try send [1, 2, 3] 
[2022-04-22 21:58:19] [INFO] start get result 
[2022-04-22 21:58:19] [INFO] start reader 
[2022-04-22 21:58:19] [INFO] end get result 4 
[2022-04-22 21:58:19] [INFO] reader get 4 
[2022-04-22 21:58:19] [INFO] start get result 
[2022-04-22 21:58:19] [INFO] end get result 5 
[2022-04-22 21:58:19] [INFO] reader get 5 
[2022-04-22 21:58:19] [INFO] start get result 
[2022-04-22 21:58:19] [INFO] end get result 6 
[2022-04-22 21:58:19] [INFO] reader get 6 
[2022-04-22 21:58:19] [INFO] start get result 
[2022-04-22 21:58:19] [INFO] end get result 7 
[2022-04-22 21:58:19] [INFO] reader get 7 
[2022-04-22 21:58:19] [INFO] start get result 
[2022-04-22 21:58:19] [INFO] end get result 9 
[2022-04-22 21:58:19] [INFO] reader get 9 
[2022-04-22 21:58:19] [INFO] start reader 
[2022-04-22 21:58:19] [INFO] writer send [18, 19, 20] 
[2022-04-22 21:58:19] [INFO] end writer 
[2022-04-22 21:58:19] [INFO] start get result 
[2022-04-22 21:58:19] [INFO] start get result 
[2022-04-22 21:58:19] [INFO] end get result 8 
[2022-04-22 21:58:19] [INFO] reader get 8 
[2022-04-22 21:58:19] [INFO] start get result 
[2022-04-22 21:58:19] [INFO] end get result 11 
[2022-04-22 21:58:19] [INFO] reader get 11 
[2022-04-22 21:58:19] [INFO] start get result 
[2022-04-22 21:58:19] [INFO] end get result 12 
[2022-04-22 21:58:19] [INFO] reader get 12 
[2022-04-22 21:58:19] [INFO] start get result 
[2022-04-22 21:58:19] [INFO] end get result 1 
[2022-04-22 21:58:19] [INFO] reader get 1 
[2022-04-22 21:58:19] [INFO] start get result 
[2022-04-22 21:58:19] [INFO] end get result 2 
[2022-04-22 21:58:19] [INFO] reader get 2 
[2022-04-22 21:58:19] [INFO] start get result 
[2022-04-22 21:58:19] [INFO] end get result 3 
[2022-04-22 21:58:19] [INFO] reader get 3 
[2022-04-22 21:58:19] [INFO] start get result 
[2022-04-22 21:58:19] [INFO] end get result 18 
[2022-04-22 21:58:19] [INFO] reader get 18 
[2022-04-22 21:58:19] [INFO] start get result 
[2022-04-22 21:58:19] [INFO] end get result 19 
[2022-04-22 21:58:19] [INFO] reader get 19 
[2022-04-22 21:58:19] [INFO] start get result 
[2022-04-22 21:58:19] [INFO] end get result 20 
[2022-04-22 21:58:19] [INFO] reader get 20 
[2022-04-22 21:58:19] [INFO] start get result 
[2022-04-22 21:58:19] [INFO] end get result 14 
[2022-04-22 21:58:19] [INFO] reader get 14 
[2022-04-22 21:58:19] [INFO] start get result 
[2022-04-22 21:58:19] [INFO] end get result 15 
[2022-04-22 21:58:19] [INFO] reader get 15 
[2022-04-22 21:58:19] [INFO] start get result 
[2022-04-22 21:58:19] [INFO] end get result 16 
[2022-04-22 21:58:19] [INFO] reader get 16 
[2022-04-22 21:58:19] [INFO] start get result 
[2022-04-22 21:58:19] [INFO] end get result 17 
[2022-04-22 21:58:19] [INFO] reader get 17 
[2022-04-22 21:58:19] [INFO] start get result 
[2022-04-22 21:58:19] [INFO] writer send [1, 2, 3] 
[2022-04-22 21:58:19] [INFO] end writer 
[2022-04-22 21:58:19] [INFO] writer send [14, 15, 16, 17] 
[2022-04-22 21:58:19] [INFO] end writer 
[2022-04-22 21:58:19] [INFO] start get result 
[2022-04-22 21:58:19] [INFO] end get result 10 
[2022-04-22 21:58:19] [INFO] start reader 
[2022-04-22 21:58:19] [INFO] reader get 10 
[2022-04-22 21:58:19] [INFO] start get result 
[2022-04-22 21:58:19] [INFO] end get result 13 
[2022-04-22 21:58:19] [INFO] reader get 13 
[2022-04-22 21:58:19] [INFO] start get result 
[2022-04-22 21:58:19] [INFO] start reader 
[2022-04-22 21:58:19] [INFO] start get result 
[2022-04-22 21:58:19] [INFO] start reader 
[2022-04-22 21:58:19] [INFO] start get result 
[2022-04-22 21:58:19] [INFO] start get result 
Exception in thread "Thread-61867" java.util.concurrent.TimeoutException
	at serie1.Ex4.BlockingMessageQueueFuture$MyFuture.get(BlockingMessageQueueFuture.kt:222)
	at serie1.ex4.FutureTest$blocking_message_multiple_send_receive$2$thread$1.invoke(BlockingMessageQueueWithFutureTest.kt:179)
	at serie1.ex4.FutureTest$blocking_message_multiple_send_receive$2$thread$1.invoke(BlockingMessageQueueWithFutureTest.kt:169)
	at kotlin.concurrent.ThreadsKt$thread$thread$1.run(Thread.kt:30)
Exception in thread "Thread-61868" java.util.concurrent.TimeoutException
	at serie1.Ex4.BlockingMessageQueueFuture$MyFuture.get(BlockingMessageQueueFuture.kt:222)
	at serie1.ex4.FutureTest$blocking_message_multiple_send_receive$2$thread$1.invoke(BlockingMessageQueueWithFutureTest.kt:179)
	at serie1.ex4.FutureTest$blocking_message_multiple_send_receive$2$thread$1.invoke(BlockingMessageQueueWithFutureTest.kt:169)
	at kotlin.concurrent.ThreadsKt$thread$thread$1.run(Thread.kt:30)
Exception in thread "Thread-61870" java.util.concurrent.TimeoutException
	at serie1.Ex4.BlockingMessageQueueFuture$MyFuture.get(BlockingMessageQueueFuture.kt:222)
	at serie1.ex4.FutureTest$blocking_message_multiple_send_receive$2$thread$1.invoke(BlockingMessageQueueWithFutureTest.kt:179)
	at serie1.ex4.FutureTest$blocking_message_multiple_send_receive$2$thread$1.invoke(BlockingMessageQueueWithFutureTest.kt:169)
	at kotlin.concurrent.ThreadsKt$thread$thread$1.run(Thread.kt:30)
Exception in thread "Thread-61871" java.util.concurrent.TimeoutException
	at serie1.Ex4.BlockingMessageQueueFuture$MyFuture.get(BlockingMessageQueueFuture.kt:222)
	at serie1.ex4.FutureTest$blocking_message_multiple_send_receive$2$thread$1.invoke(BlockingMessageQueueWithFutureTest.kt:179)
	at serie1.ex4.FutureTest$blocking_message_multiple_send_receive$2$thread$1.invoke(BlockingMessageQueueWithFutureTest.kt:169)
	at kotlin.concurrent.ThreadsKt$thread$thread$1.run(Thread.kt:30)
Exception in thread "Thread-61869" java.util.concurrent.TimeoutException
	at serie1.Ex4.BlockingMessageQueueFuture$MyFuture.get(BlockingMessageQueueFuture.kt:222)
	at serie1.ex4.FutureTest$blocking_message_multiple_send_receive$2$thread$1.invoke(BlockingMessageQueueWithFutureTest.kt:179)
	at serie1.ex4.FutureTest$blocking_message_multiple_send_receive$2$thread$1.invoke(BlockingMessageQueueWithFutureTest.kt:169)
	at kotlin.concurrent.ThreadsKt$thread$thread$1.run(Thread.kt:30)
Exception in thread "Thread-61866" java.util.concurrent.TimeoutException
	at serie1.Ex4.BlockingMessageQueueFuture$MyFuture.get(BlockingMessageQueueFuture.kt:222)
	at serie1.ex4.FutureTest$blocking_message_multiple_send_receive$2$thread$1.invoke(BlockingMessageQueueWithFutureTest.kt:179)
	at serie1.ex4.FutureTest$blocking_message_multiple_send_receive$2$thread$1.invoke(BlockingMessageQueueWithFutureTest.kt:169)
	at kotlin.concurrent.ThreadsKt$thread$thread$1.run(Thread.kt:30)
[2022-04-22 21:58:21] [INFO] start writer 
[2022-04-22 21:58:21] [INFO] writer try send [1, 2, 3] 
[2022-04-22 21:58:21] [INFO] writer send [1, 2, 3] 
[2022-04-22 21:58:21] [INFO] writer try send [4, 5] 
[2022-04-22 21:58:21] [INFO] writer send [4, 5] 
[2022-04-22 21:58:21] [INFO] start reader 
[2022-04-22 21:58:21] [INFO] start writer 
[2022-04-22 21:58:21] [INFO] writer try send [7, 8, 9, 10] 
[2022-04-22 21:58:21] [INFO] writer try send [6] 
[2022-04-22 21:58:21] [INFO] start writer 
[2022-04-22 21:58:21] [INFO] writer try send [11, 12, 13] 
[2022-04-22 21:58:21] [INFO] start reader 
[2022-04-22 21:58:21] [INFO] start get result 
[2022-04-22 21:58:21] [INFO] end get result 1 
[2022-04-22 21:58:21] [INFO] reader get 1 
[2022-04-22 21:58:21] [INFO] start get result 
[2022-04-22 21:58:21] [INFO] writer send [6] 
[2022-04-22 21:58:21] [INFO] writer try send [14, 15, 16, 17] 
[2022-04-22 21:58:21] [INFO] start reader 
[2022-04-22 21:58:21] [INFO] start get result 
[2022-04-22 21:58:21] [INFO] end get result 3 
[2022-04-22 21:58:21] [INFO] reader get 3 
[2022-04-22 21:58:21] [INFO] start get result 
[2022-04-22 21:58:21] [INFO] writer send [11, 12, 13] 
[2022-04-22 21:58:21] [INFO] writer try send [18, 19, 20] 
[2022-04-22 21:58:21] [INFO] start writer 
[2022-04-22 21:58:21] [INFO] end writer 
[2022-04-22 21:58:21] [INFO] start get result 
[2022-04-22 21:58:21] [INFO] end get result 5 
[2022-04-22 21:58:21] [INFO] reader get 5 
[2022-04-22 21:58:21] [INFO] start get result 
[2022-04-22 21:58:21] [INFO] end get result 6 
[2022-04-22 21:58:21] [INFO] reader get 6 
[2022-04-22 21:58:21] [INFO] start get result 
[2022-04-22 21:58:21] [INFO] end get result 11 
[2022-04-22 21:58:21] [INFO] reader get 11 
[2022-04-22 21:58:21] [INFO] start get result 
[2022-04-22 21:58:21] [INFO] end get result 12 
[2022-04-22 21:58:21] [INFO] reader get 12 
[2022-04-22 21:58:21] [INFO] start get result 
[2022-04-22 21:58:21] [INFO] end get result 13 
[2022-04-22 21:58:21] [INFO] reader get 13 
[2022-04-22 21:58:21] [INFO] start get result 
[2022-04-22 21:58:21] [INFO] end get result 18 
[2022-04-22 21:58:21] [INFO] reader get 18 
[2022-04-22 21:58:21] [INFO] start get result 
[2022-04-22 21:58:21] [INFO] writer send [7, 8, 9, 10] 
[2022-04-22 21:58:21] [INFO] end writer 
[2022-04-22 21:58:21] [INFO] end get result 4 
[2022-04-22 21:58:21] [INFO] reader get 4 
[2022-04-22 21:58:21] [INFO] start get result 
[2022-04-22 21:58:21] [INFO] end get result 20 
[2022-04-22 21:58:21] [INFO] reader get 20 
[2022-04-22 21:58:21] [INFO] start get result 
[2022-04-22 21:58:21] [INFO] end get result 7 
[2022-04-22 21:58:21] [INFO] reader get 7 
[2022-04-22 21:58:21] [INFO] start get result 
[2022-04-22 21:58:21] [INFO] end get result 8 
[2022-04-22 21:58:21] [INFO] reader get 8 
[2022-04-22 21:58:21] [INFO] start get result 
[2022-04-22 21:58:21] [INFO] end get result 9 
[2022-04-22 21:58:21] [INFO] reader get 9 
[2022-04-22 21:58:21] [INFO] start get result 
[2022-04-22 21:58:21] [INFO] writer send [14, 15, 16, 17] 
[2022-04-22 21:58:21] [INFO] end writer 
[2022-04-22 21:58:21] [INFO] start writer 
[2022-04-22 21:58:21] [INFO] end writer 
[2022-04-22 21:58:21] [INFO] start reader 
[2022-04-22 21:58:21] [INFO] start writer 
[2022-04-22 21:58:21] [INFO] end writer 
[2022-04-22 21:58:21] [INFO] end get result 2 
[2022-04-22 21:58:21] [INFO] start reader 
[2022-04-22 21:58:21] [INFO] end get result 10 
[2022-04-22 21:58:21] [INFO] reader get 10 
[2022-04-22 21:58:21] [INFO] start get result 
[2022-04-22 21:58:21] [INFO] end get result 14 
[2022-04-22 21:58:21] [INFO] reader get 14 
[2022-04-22 21:58:21] [INFO] start get result 
[2022-04-22 21:58:21] [INFO] end get result 16 
[2022-04-22 21:58:21] [INFO] reader get 16 
[2022-04-22 21:58:21] [INFO] start get result 
[2022-04-22 21:58:21] [INFO] end get result 17 
[2022-04-22 21:58:21] [INFO] reader get 17 
[2022-04-22 21:58:21] [INFO] start get result 
[2022-04-22 21:58:21] [INFO] end get result 19 
[2022-04-22 21:58:21] [INFO] reader get 19 
[2022-04-22 21:58:21] [INFO] start get result 
[2022-04-22 21:58:21] [INFO] writer send [18, 19, 20] 
[2022-04-22 21:58:21] [INFO] end writer 
[2022-04-22 21:58:21] [INFO] start get result 
[2022-04-22 21:58:21] [INFO] start reader 
[2022-04-22 21:58:21] [INFO] start get result 
[2022-04-22 21:58:21] [INFO] end get result 15 
[2022-04-22 21:58:21] [INFO] reader get 15 
[2022-04-22 21:58:21] [INFO] start get result 
[2022-04-22 21:58:21] [INFO] reader get 2 
[2022-04-22 21:58:21] [INFO] start get result 
[2022-04-22 21:58:21] [INFO] start get result 
Exception in thread "Thread-61880" java.util.concurrent.TimeoutException
	at serie1.Ex4.BlockingMessageQueueFuture$MyFuture.get(BlockingMessageQueueFuture.kt:222)
	at serie1.ex4.FutureTest$blocking_message_multiple_send_receive$2$thread$1.invoke(BlockingMessageQueueWithFutureTest.kt:179)
	at serie1.ex4.FutureTest$blocking_message_multiple_send_receive$2$thread$1.invoke(BlockingMessageQueueWithFutureTest.kt:169)
	at kotlin.concurrent.ThreadsKt$thread$thread$1.run(Thread.kt:30)
Exception in thread "Thread-61883" java.util.concurrent.TimeoutException
	at serie1.Ex4.BlockingMessageQueueFuture$MyFuture.get(BlockingMessageQueueFuture.kt:222)
	at serie1.ex4.FutureTest$blocking_message_multiple_send_receive$2$thread$1.invoke(BlockingMessageQueueWithFutureTest.kt:179)
	at serie1.ex4.FutureTest$blocking_message_multiple_send_receive$2$thread$1.invoke(BlockingMessageQueueWithFutureTest.kt:169)
	at kotlin.concurrent.ThreadsKt$thread$thread$1.run(Thread.kt:30)
Exception in thread "Thread-61881" java.util.concurrent.TimeoutException
	at serie1.Ex4.BlockingMessageQueueFuture$MyFuture.get(BlockingMessageQueueFuture.kt:222)
	at serie1.ex4.FutureTest$blocking_message_multiple_send_receive$2$thread$1.invoke(BlockingMessageQueueWithFutureTest.kt:179)
	at serie1.ex4.FutureTest$blocking_message_multiple_send_receive$2$thread$1.invoke(BlockingMessageQueueWithFutureTest.kt:169)
	at kotlin.concurrent.ThreadsKt$thread$thread$1.run(Thread.kt:30)
Exception in thread "Thread-61882" java.util.concurrent.TimeoutException
	at serie1.Ex4.BlockingMessageQueueFuture$MyFuture.get(BlockingMessageQueueFuture.kt:222)
	at serie1.ex4.FutureTest$blocking_message_multiple_send_receive$2$thread$1.invoke(BlockingMessageQueueWithFutureTest.kt:179)
	at serie1.ex4.FutureTest$blocking_message_multiple_send_receive$2$thread$1.invoke(BlockingMessageQueueWithFutureTest.kt:169)
	at kotlin.concurrent.ThreadsKt$thread$thread$1.run(Thread.kt:30)
Exception in thread "Thread-61884" java.util.concurrent.TimeoutException
	at serie1.Ex4.BlockingMessageQueueFuture$MyFuture.get(BlockingMessageQueueFuture.kt:222)
	at serie1.ex4.FutureTest$blocking_message_multiple_send_receive$2$thread$1.invoke(BlockingMessageQueueWithFutureTest.kt:179)
	at serie1.ex4.FutureTest$blocking_message_multiple_send_receive$2$thread$1.invoke(BlockingMessageQueueWithFutureTest.kt:169)
	at kotlin.concurrent.ThreadsKt$thread$thread$1.run(Thread.kt:30)
Exception in thread "Thread-61879" java.util.concurrent.TimeoutException
	at serie1.Ex4.BlockingMessageQueueFuture$MyFuture.get(BlockingMessageQueueFuture.kt:222)
	at serie1.ex4.FutureTest$blocking_message_multiple_send_receive$2$thread$1.invoke(BlockingMessageQueueWithFutureTest.kt:179)
	at serie1.ex4.FutureTest$blocking_message_multiple_send_receive$2$thread$1.invoke(BlockingMessageQueueWithFutureTest.kt:169)
	at kotlin.concurrent.ThreadsKt$thread$thread$1.run(Thread.kt:30)
[2022-04-22 21:58:23] [INFO] start writer 
[2022-04-22 21:58:23] [INFO] start writer 
[2022-04-22 21:58:23] [INFO] writer try send [4, 5] 
[2022-04-22 21:58:23] [INFO] writer send [4, 5] 
[2022-04-22 21:58:23] [INFO] writer try send [6] 
[2022-04-22 21:58:23] [INFO] writer send [6] 
[2022-04-22 21:58:23] [INFO] writer try send [7, 8, 9, 10] 
[2022-04-22 21:58:23] [INFO] start reader 
[2022-04-22 21:58:23] [INFO] start writer 
[2022-04-22 21:58:23] [INFO] writer try send [11, 12, 13] 
[2022-04-22 21:58:23] [INFO] writer send [11, 12, 13] 
[2022-04-22 21:58:23] [INFO] writer try send [14, 15, 16, 17] 
[2022-04-22 21:58:23] [INFO] start writer 
[2022-04-22 21:58:23] [INFO] start writer 
[2022-04-22 21:58:23] [INFO] end writer 
[2022-04-22 21:58:23] [INFO] start writer 
[2022-04-22 21:58:23] [INFO] end writer 
[2022-04-22 21:58:23] [INFO] writer try send [1, 2, 3] 
[2022-04-22 21:58:23] [INFO] start get result 
[2022-04-22 21:58:23] [INFO] end get result 4 
[2022-04-22 21:58:23] [INFO] reader get 4 
[2022-04-22 21:58:23] [INFO] writer try send [18, 19, 20] 
[2022-04-22 21:58:23] [INFO] start reader 
[2022-04-22 21:58:23] [INFO] start get result 
[2022-04-22 21:58:23] [INFO] end get result 5 
[2022-04-22 21:58:23] [INFO] reader get 5 
[2022-04-22 21:58:23] [INFO] start get result 
[2022-04-22 21:58:23] [INFO] end get result 6 
[2022-04-22 21:58:23] [INFO] reader get 6 
[2022-04-22 21:58:23] [INFO] start reader 
[2022-04-22 21:58:23] [INFO] writer send [1, 2, 3] 
[2022-04-22 21:58:23] [INFO] end writer 
[2022-04-22 21:58:23] [INFO] start reader 
[2022-04-22 21:58:23] [INFO] start get result 
[2022-04-22 21:58:23] [INFO] end get result 11 
[2022-04-22 21:58:23] [INFO] start reader 
[2022-04-22 21:58:23] [INFO] start get result 
[2022-04-22 21:58:23] [INFO] end get result 12 
[2022-04-22 21:58:23] [INFO] writer send [18, 19, 20] 
[2022-04-22 21:58:23] [INFO] end writer 
[2022-04-22 21:58:23] [INFO] reader get 11 
[2022-04-22 21:58:23] [INFO] start get result 
[2022-04-22 21:58:23] [INFO] end get result 2 
[2022-04-22 21:58:23] [INFO] reader get 2 
[2022-04-22 21:58:23] [INFO] start get result 
[2022-04-22 21:58:23] [INFO] end get result 18 
[2022-04-22 21:58:23] [INFO] reader get 18 
[2022-04-22 21:58:23] [INFO] start get result 
[2022-04-22 21:58:23] [INFO] end get result 19 
[2022-04-22 21:58:23] [INFO] reader get 19 
[2022-04-22 21:58:23] [INFO] start get result 
[2022-04-22 21:58:23] [INFO] end get result 20 
[2022-04-22 21:58:23] [INFO] reader get 20 
[2022-04-22 21:58:23] [INFO] start get result 
[2022-04-22 21:58:23] [INFO] end get result 14 
[2022-04-22 21:58:23] [INFO] reader get 14 
[2022-04-22 21:58:23] [INFO] start get result 
[2022-04-22 21:58:23] [INFO] end get result 15 
[2022-04-22 21:58:23] [INFO] reader get 15 
[2022-04-22 21:58:23] [INFO] start get result 
[2022-04-22 21:58:23] [INFO] end get result 16 
[2022-04-22 21:58:23] [INFO] reader get 16 
[2022-04-22 21:58:23] [INFO] start get result 
[2022-04-22 21:58:23] [INFO] end get result 17 
[2022-04-22 21:58:23] [INFO] start get result 
[2022-04-22 21:58:23] [INFO] end get result 1 
[2022-04-22 21:58:23] [INFO] reader get 1 
[2022-04-22 21:58:23] [INFO] start get result 
[2022-04-22 21:58:23] [INFO] end get result 7 
[2022-04-22 21:58:23] [INFO] reader get 7 
[2022-04-22 21:58:23] [INFO] start get result 
[2022-04-22 21:58:23] [INFO] end get result 8 
[2022-04-22 21:58:23] [INFO] reader get 8 
[2022-04-22 21:58:23] [INFO] start get result 
[2022-04-22 21:58:23] [INFO] end get result 9 
[2022-04-22 21:58:23] [INFO] reader get 9 
[2022-04-22 21:58:23] [INFO] start get result 
[2022-04-22 21:58:23] [INFO] end get result 10 
[2022-04-22 21:58:23] [INFO] reader get 10 
[2022-04-22 21:58:23] [INFO] start get result 
[2022-04-22 21:58:23] [INFO] reader get 12 
[2022-04-22 21:58:23] [INFO] start get result 
[2022-04-22 21:58:23] [INFO] start reader 
[2022-04-22 21:58:23] [INFO] start get result 
[2022-04-22 21:58:23] [INFO] end get result 13 
[2022-04-22 21:58:23] [INFO] reader get 13 
[2022-04-22 21:58:23] [INFO] start get result 
[2022-04-22 21:58:23] [INFO] reader get 17 
[2022-04-22 21:58:23] [INFO] start get result 
[2022-04-22 21:58:23] [INFO] writer send [7, 8, 9, 10] 
[2022-04-22 21:58:23] [INFO] end writer 
[2022-04-22 21:58:23] [INFO] start get result 
[2022-04-22 21:58:23] [INFO] writer send [14, 15, 16, 17] 
[2022-04-22 21:58:23] [INFO] end writer 
[2022-04-22 21:58:23] [INFO] start get result 
[2022-04-22 21:58:23] [INFO] end get result 3 
[2022-04-22 21:58:23] [INFO] reader get 3 
[2022-04-22 21:58:23] [INFO] start get result 
Exception in thread "Thread-61895" java.util.concurrent.TimeoutException
	at serie1.Ex4.BlockingMessageQueueFuture$MyFuture.get(BlockingMessageQueueFuture.kt:222)
	at serie1.ex4.FutureTest$blocking_message_multiple_send_receive$2$thread$1.invoke(BlockingMessageQueueWithFutureTest.kt:179)
	at serie1.ex4.FutureTest$blocking_message_multiple_send_receive$2$thread$1.invoke(BlockingMessageQueueWithFutureTest.kt:169)
	at kotlin.concurrent.ThreadsKt$thread$thread$1.run(Thread.kt:30)
Exception in thread "Thread-61897" java.util.concurrent.TimeoutException
	at serie1.Ex4.BlockingMessageQueueFuture$MyFuture.get(BlockingMessageQueueFuture.kt:222)
	at serie1.ex4.FutureTest$blocking_message_multiple_send_receive$2$thread$1.invoke(BlockingMessageQueueWithFutureTest.kt:179)
	at serie1.ex4.FutureTest$blocking_message_multiple_send_receive$2$thread$1.invoke(BlockingMessageQueueWithFutureTest.kt:169)
	at kotlin.concurrent.ThreadsKt$thread$thread$1.run(Thread.kt:30)
Exception in thread "Thread-61894" java.util.concurrent.TimeoutException
	at serie1.Ex4.BlockingMessageQueueFuture$MyFuture.get(BlockingMessageQueueFuture.kt:222)
	at serie1.ex4.FutureTest$blocking_message_multiple_send_receive$2$thread$1.invoke(BlockingMessageQueueWithFutureTest.kt:179)
	at serie1.ex4.FutureTest$blocking_message_multiple_send_receive$2$thread$1.invoke(BlockingMessageQueueWithFutureTest.kt:169)
	at kotlin.concurrent.ThreadsKt$thread$thread$1.run(Thread.kt:30)
Exception in thread "Thread-61893" java.util.concurrent.TimeoutException
	at serie1.Ex4.BlockingMessageQueueFuture$MyFuture.get(BlockingMessageQueueFuture.kt:222)
	at serie1.ex4.FutureTest$blocking_message_multiple_send_receive$2$thread$1.invoke(BlockingMessageQueueWithFutureTest.kt:179)
	at serie1.ex4.FutureTest$blocking_message_multiple_send_receive$2$thread$1.invoke(BlockingMessageQueueWithFutureTest.kt:169)
	at kotlin.concurrent.ThreadsKt$thread$thread$1.run(Thread.kt:30)
Exception in thread "Thread-61896" java.util.concurrent.TimeoutException
	at serie1.Ex4.BlockingMessageQueueFuture$MyFuture.get(BlockingMessageQueueFuture.kt:222)
	at serie1.ex4.FutureTest$blocking_message_multiple_send_receive$2$thread$1.invoke(BlockingMessageQueueWithFutureTest.kt:179)
	at serie1.ex4.FutureTest$blocking_message_multiple_send_receive$2$thread$1.invoke(BlockingMessageQueueWithFutureTest.kt:169)
	at kotlin.concurrent.ThreadsKt$thread$thread$1.run(Thread.kt:30)
Exception in thread "Thread-61892" java.util.concurrent.TimeoutException
	at serie1.Ex4.BlockingMessageQueueFuture$MyFuture.get(BlockingMessageQueueFuture.kt:222)
	at serie1.ex4.FutureTest$blocking_message_multiple_send_receive$2$thread$1.invoke(BlockingMessageQueueWithFutureTest.kt:179)
	at serie1.ex4.FutureTest$blocking_message_multiple_send_receive$2$thread$1.invoke(BlockingMessageQueueWithFutureTest.kt:169)
	at kotlin.concurrent.ThreadsKt$thread$thread$1.run(Thread.kt:30)
[2022-04-22 21:58:25] [INFO] start writer 
[2022-04-22 21:58:25] [INFO] writer try send [1, 2, 3] 
[2022-04-22 21:58:25] [INFO] start reader 
[2022-04-22 21:58:25] [INFO] start writer 
[2022-04-22 21:58:25] [INFO] writer try send [4, 5] 
[2022-04-22 21:58:25] [INFO] start writer 
[2022-04-22 21:58:25] [INFO] start writer 
[2022-04-22 21:58:25] [INFO] writer try send [7, 8, 9, 10] 
[2022-04-22 21:58:25] [INFO] writer try send [6] 
[2022-04-22 21:58:25] [INFO] writer send [6] 
[2022-04-22 21:58:25] [INFO] writer try send [11, 12, 13] 
[2022-04-22 21:58:25] [INFO] start reader 
[2022-04-22 21:58:25] [INFO] writer send [4, 5] 
[2022-04-22 21:58:25] [INFO] writer try send [14, 15, 16, 17] 
[2022-04-22 21:58:25] [INFO] start writer 
[2022-04-22 21:58:25] [INFO] writer try send [18, 19, 20] 
[2022-04-22 21:58:25] [INFO] writer send [1, 2, 3] 
[2022-04-22 21:58:25] [INFO] end writer 
[2022-04-22 21:58:25] [INFO] start writer 
[2022-04-22 21:58:25] [INFO] end writer 
[2022-04-22 21:58:25] [INFO] start get result 
[2022-04-22 21:58:25] [INFO] start reader 
[2022-04-22 21:58:25] [INFO] start get result 
[2022-04-22 21:58:25] [INFO] start reader 
[2022-04-22 21:58:25] [INFO] end get result 2 
[2022-04-22 21:58:25] [INFO] end get result 1 
[2022-04-22 21:58:25] [INFO] reader get 1 
[2022-04-22 21:58:25] [INFO] start get result 
[2022-04-22 21:58:25] [INFO] end get result 4 
[2022-04-22 21:58:25] [INFO] reader get 4 
[2022-04-22 21:58:25] [INFO] start get result 
[2022-04-22 21:58:25] [INFO] end get result 5 
[2022-04-22 21:58:25] [INFO] reader get 5 
[2022-04-22 21:58:25] [INFO] start get result 
[2022-04-22 21:58:25] [INFO] end get result 6 
[2022-04-22 21:58:25] [INFO] reader get 6 
[2022-04-22 21:58:25] [INFO] start get result 
[2022-04-22 21:58:25] [INFO] end get result 12 
[2022-04-22 21:58:25] [INFO] reader get 12 
[2022-04-22 21:58:25] [INFO] start get result 
[2022-04-22 21:58:25] [INFO] end get result 13 
[2022-04-22 21:58:25] [INFO] reader get 13 
[2022-04-22 21:58:25] [INFO] start get result 
[2022-04-22 21:58:25] [INFO] end get result 18 
[2022-04-22 21:58:25] [INFO] reader get 18 
[2022-04-22 21:58:25] [INFO] start get result 
[2022-04-22 21:58:25] [INFO] end get result 19 
[2022-04-22 21:58:25] [INFO] reader get 19 
[2022-04-22 21:58:25] [INFO] start get result 
[2022-04-22 21:58:25] [INFO] end get result 20 
[2022-04-22 21:58:25] [INFO] reader get 20 
[2022-04-22 21:58:25] [INFO] start get result 
[2022-04-22 21:58:25] [INFO] end get result 3 
[2022-04-22 21:58:25] [INFO] reader get 3 
[2022-04-22 21:58:25] [INFO] start get result 
[2022-04-22 21:58:25] [INFO] end get result 15 
[2022-04-22 21:58:25] [INFO] reader get 15 
[2022-04-22 21:58:25] [INFO] start get result 
[2022-04-22 21:58:25] [INFO] end get result 16 
[2022-04-22 21:58:25] [INFO] reader get 16 
[2022-04-22 21:58:25] [INFO] start get result 
[2022-04-22 21:58:25] [INFO] end get result 17 
[2022-04-22 21:58:25] [INFO] reader get 17 
[2022-04-22 21:58:25] [INFO] start get result 
[2022-04-22 21:58:25] [INFO] end get result 7 
[2022-04-22 21:58:25] [INFO] reader get 7 
[2022-04-22 21:58:25] [INFO] start get result 
[2022-04-22 21:58:25] [INFO] end get result 8 
[2022-04-22 21:58:25] [INFO] reader get 8 
[2022-04-22 21:58:25] [INFO] start get result 
[2022-04-22 21:58:25] [INFO] end get result 9 
[2022-04-22 21:58:25] [INFO] reader get 9 
[2022-04-22 21:58:25] [INFO] start get result 
[2022-04-22 21:58:25] [INFO] end get result 10 
[2022-04-22 21:58:25] [INFO] reader get 10 
[2022-04-22 21:58:25] [INFO] start get result 
[2022-04-22 21:58:25] [INFO] reader get 2 
[2022-04-22 21:58:25] [INFO] start get result 
[2022-04-22 21:58:25] [INFO] writer send [7, 8, 9, 10] 
[2022-04-22 21:58:25] [INFO] end writer 
[2022-04-22 21:58:25] [INFO] start get result 
[2022-04-22 21:58:25] [INFO] end get result 14 
[2022-04-22 21:58:25] [INFO] reader get 14 
[2022-04-22 21:58:25] [INFO] start get result 
[2022-04-22 21:58:25] [INFO] writer send [14, 15, 16, 17] 
[2022-04-22 21:58:25] [INFO] end writer 
[2022-04-22 21:58:25] [INFO] start get result 
[2022-04-22 21:58:25] [INFO] end get result 11 
[2022-04-22 21:58:25] [INFO] reader get 11 
[2022-04-22 21:58:25] [INFO] start get result 
[2022-04-22 21:58:25] [INFO] writer send [18, 19, 20] 
[2022-04-22 21:58:25] [INFO] end writer 
[2022-04-22 21:58:25] [INFO] writer send [11, 12, 13] 
[2022-04-22 21:58:25] [INFO] end writer 
[2022-04-22 21:58:25] [INFO] start reader 
[2022-04-22 21:58:25] [INFO] start reader 
[2022-04-22 21:58:25] [INFO] start get result 
[2022-04-22 21:58:25] [INFO] start get result 
Exception in thread "Thread-61907" java.util.concurrent.TimeoutException
	at serie1.Ex4.BlockingMessageQueueFuture$MyFuture.get(BlockingMessageQueueFuture.kt:222)
	at serie1.ex4.FutureTest$blocking_message_multiple_send_receive$2$thread$1.invoke(BlockingMessageQueueWithFutureTest.kt:179)
	at serie1.ex4.FutureTest$blocking_message_multiple_send_receive$2$thread$1.invoke(BlockingMessageQueueWithFutureTest.kt:169)
	at kotlin.concurrent.ThreadsKt$thread$thread$1.run(Thread.kt:30)
Exception in thread "Thread-61908" java.util.concurrent.TimeoutException
	at serie1.Ex4.BlockingMessageQueueFuture$MyFuture.get(BlockingMessageQueueFuture.kt:222)
	at serie1.ex4.FutureTest$blocking_message_multiple_send_receive$2$thread$1.invoke(BlockingMessageQueueWithFutureTest.kt:179)
	at serie1.ex4.FutureTest$blocking_message_multiple_send_receive$2$thread$1.invoke(BlockingMessageQueueWithFutureTest.kt:169)
	at kotlin.concurrent.ThreadsKt$thread$thread$1.run(Thread.kt:30)
Exception in thread "Thread-61905" java.util.concurrent.TimeoutException
	at serie1.Ex4.BlockingMessageQueueFuture$MyFuture.get(BlockingMessageQueueFuture.kt:222)
	at serie1.ex4.FutureTest$blocking_message_multiple_send_receive$2$thread$1.invoke(BlockingMessageQueueWithFutureTest.kt:179)
	at serie1.ex4.FutureTest$blocking_message_multiple_send_receive$2$thread$1.invoke(BlockingMessageQueueWithFutureTest.kt:169)
	at kotlin.concurrent.ThreadsKt$thread$thread$1.run(Thread.kt:30)
Exception in thread "Thread-61910" java.util.concurrent.TimeoutException
	at serie1.Ex4.BlockingMessageQueueFuture$MyFuture.get(BlockingMessageQueueFuture.kt:222)
	at serie1.ex4.FutureTest$blocking_message_multiple_send_receive$2$thread$1.invoke(BlockingMessageQueueWithFutureTest.kt:179)
	at serie1.ex4.FutureTest$blocking_message_multiple_send_receive$2$thread$1.invoke(BlockingMessageQueueWithFutureTest.kt:169)
	at kotlin.concurrent.ThreadsKt$thread$thread$1.run(Thread.kt:30)
Exception in thread "Thread-61909" java.util.concurrent.TimeoutException
	at serie1.Ex4.BlockingMessageQueueFuture$MyFuture.get(BlockingMessageQueueFuture.kt:222)
	at serie1.ex4.FutureTest$blocking_message_multiple_send_receive$2$thread$1.invoke(BlockingMessageQueueWithFutureTest.kt:179)
	at serie1.ex4.FutureTest$blocking_message_multiple_send_receive$2$thread$1.invoke(BlockingMessageQueueWithFutureTest.kt:169)
	at kotlin.concurrent.ThreadsKt$thread$thread$1.run(Thread.kt:30)
Exception in thread "Thread-61906" java.util.concurrent.TimeoutException
	at serie1.Ex4.BlockingMessageQueueFuture$MyFuture.get(BlockingMessageQueueFuture.kt:222)
	at serie1.ex4.FutureTest$blocking_message_multiple_send_receive$2$thread$1.invoke(BlockingMessageQueueWithFutureTest.kt:179)
	at serie1.ex4.FutureTest$blocking_message_multiple_send_receive$2$thread$1.invoke(BlockingMessageQueueWithFutureTest.kt:169)
	at kotlin.concurrent.ThreadsKt$thread$thread$1.run(Thread.kt:30)
[2022-04-22 21:58:27] [INFO] start writer 
[2022-04-22 21:58:27] [INFO] writer try send [1, 2, 3] 
[2022-04-22 21:58:27] [INFO] start reader 
[2022-04-22 21:58:27] [INFO] start writer 
[2022-04-22 21:58:27] [INFO] writer try send [4, 5] 
[2022-04-22 21:58:27] [INFO] writer send [4, 5] 
[2022-04-22 21:58:27] [INFO] writer try send [6] 
[2022-04-22 21:58:27] [INFO] writer send [6] 
[2022-04-22 21:58:27] [INFO] writer try send [7, 8, 9, 10] 
[2022-04-22 21:58:27] [INFO] start writer 
[2022-04-22 21:58:27] [INFO] writer try send [11, 12, 13] 
[2022-04-22 21:58:27] [INFO] start writer 
[2022-04-22 21:58:27] [INFO] writer try send [14, 15, 16, 17] 
[2022-04-22 21:58:27] [INFO] start get result 
[2022-04-22 21:58:27] [INFO] end get result 1 
[2022-04-22 21:58:27] [INFO] reader get 1 
[2022-04-22 21:58:27] [INFO] start get result 
[2022-04-22 21:58:27] [INFO] end get result 2 
[2022-04-22 21:58:27] [INFO] writer send [11, 12, 13] 
[2022-04-22 21:58:27] [INFO] writer try send [18, 19, 20] 
[2022-04-22 21:58:27] [INFO] start reader 
[2022-04-22 21:58:27] [INFO] start writer 
[2022-04-22 21:58:27] [INFO] end writer 
[2022-04-22 21:58:27] [INFO] writer send [1, 2, 3] 
[2022-04-22 21:58:27] [INFO] end writer 
[2022-04-22 21:58:27] [INFO] start reader 
[2022-04-22 21:58:27] [INFO] reader get 2 
[2022-04-22 21:58:27] [INFO] start writer 
[2022-04-22 21:58:27] [INFO] end writer 
[2022-04-22 21:58:27] [INFO] start reader 
[2022-04-22 21:58:27] [INFO] start get result 
[2022-04-22 21:58:27] [INFO] writer send [18, 19, 20] 
[2022-04-22 21:58:27] [INFO] end writer 
[2022-04-22 21:58:27] [INFO] start get result 
[2022-04-22 21:58:27] [INFO] end get result 3 
[2022-04-22 21:58:27] [INFO] start reader 
[2022-04-22 21:58:27] [INFO] start get result 
[2022-04-22 21:58:27] [INFO] end get result 6 
[2022-04-22 21:58:27] [INFO] reader get 6 
[2022-04-22 21:58:27] [INFO] end get result 4 
[2022-04-22 21:58:27] [INFO] reader get 4 
[2022-04-22 21:58:27] [INFO] start get result 
[2022-04-22 21:58:27] [INFO] writer send [14, 15, 16, 17] 
[2022-04-22 21:58:27] [INFO] end writer 
[2022-04-22 21:58:27] [INFO] start get result 
[2022-04-22 21:58:27] [INFO] end get result 5 
[2022-04-22 21:58:27] [INFO] reader get 5 
[2022-04-22 21:58:27] [INFO] start get result 
[2022-04-22 21:58:27] [INFO] end get result 18 
[2022-04-22 21:58:27] [INFO] reader get 18 
[2022-04-22 21:58:27] [INFO] start get result 
[2022-04-22 21:58:27] [INFO] end get result 19 
[2022-04-22 21:58:27] [INFO] end get result 12 
[2022-04-22 21:58:27] [INFO] reader get 12 
[2022-04-22 21:58:27] [INFO] start get result 
[2022-04-22 21:58:27] [INFO] end get result 20 
[2022-04-22 21:58:27] [INFO] reader get 20 
[2022-04-22 21:58:27] [INFO] start get result 
[2022-04-22 21:58:27] [INFO] end get result 14 
[2022-04-22 21:58:27] [INFO] reader get 14 
[2022-04-22 21:58:27] [INFO] start get result 
[2022-04-22 21:58:27] [INFO] end get result 15 
[2022-04-22 21:58:27] [INFO] reader get 15 
[2022-04-22 21:58:27] [INFO] start get result 
[2022-04-22 21:58:27] [INFO] end get result 16 
[2022-04-22 21:58:27] [INFO] reader get 16 
[2022-04-22 21:58:27] [INFO] start get result 
[2022-04-22 21:58:27] [INFO] end get result 17 
[2022-04-22 21:58:27] [INFO] reader get 17 
[2022-04-22 21:58:27] [INFO] start get result 
[2022-04-22 21:58:27] [INFO] end get result 7 
[2022-04-22 21:58:27] [INFO] reader get 7 
[2022-04-22 21:58:27] [INFO] start get result 
[2022-04-22 21:58:27] [INFO] end get result 8 
[2022-04-22 21:58:27] [INFO] reader get 8 
[2022-04-22 21:58:27] [INFO] start get result 
[2022-04-22 21:58:27] [INFO] end get result 9 
[2022-04-22 21:58:27] [INFO] reader get 9 
[2022-04-22 21:58:27] [INFO] start get result 
[2022-04-22 21:58:27] [INFO] end get result 10 
[2022-04-22 21:58:27] [INFO] reader get 10 
[2022-04-22 21:58:27] [INFO] start get result 
[2022-04-22 21:58:27] [INFO] start get result 
[2022-04-22 21:58:27] [INFO] end get result 13 
[2022-04-22 21:58:27] [INFO] reader get 13 
[2022-04-22 21:58:27] [INFO] start get result 
[2022-04-22 21:58:27] [INFO] start get result 
[2022-04-22 21:58:27] [INFO] end get result 11 
[2022-04-22 21:58:27] [INFO] reader get 11 
[2022-04-22 21:58:27] [INFO] start get result 
[2022-04-22 21:58:27] [INFO] start reader 
[2022-04-22 21:58:27] [INFO] reader get 3 
[2022-04-22 21:58:27] [INFO] start get result 
[2022-04-22 21:58:27] [INFO] writer send [7, 8, 9, 10] 
[2022-04-22 21:58:27] [INFO] end writer 
[2022-04-22 21:58:27] [INFO] reader get 19 
[2022-04-22 21:58:27] [INFO] start get result 
[2022-04-22 21:58:27] [INFO] start get result 
Exception in thread "Thread-61923" java.util.concurrent.TimeoutException
	at serie1.Ex4.BlockingMessageQueueFuture$MyFuture.get(BlockingMessageQueueFuture.kt:222)
	at serie1.ex4.FutureTest$blocking_message_multiple_send_receive$2$thread$1.invoke(BlockingMessageQueueWithFutureTest.kt:179)
	at serie1.ex4.FutureTest$blocking_message_multiple_send_receive$2$thread$1.invoke(BlockingMessageQueueWithFutureTest.kt:169)
	at kotlin.concurrent.ThreadsKt$thread$thread$1.run(Thread.kt:30)
Exception in thread "Thread-61921" java.util.concurrent.TimeoutException
	at serie1.Ex4.BlockingMessageQueueFuture$MyFuture.get(BlockingMessageQueueFuture.kt:222)
	at serie1.ex4.FutureTest$blocking_message_multiple_send_receive$2$thread$1.invoke(BlockingMessageQueueWithFutureTest.kt:179)
	at serie1.ex4.FutureTest$blocking_message_multiple_send_receive$2$thread$1.invoke(BlockingMessageQueueWithFutureTest.kt:169)
	at kotlin.concurrent.ThreadsKt$thread$thread$1.run(Thread.kt:30)
Exception in thread "Thread-61922" java.util.concurrent.TimeoutException
	at serie1.Ex4.BlockingMessageQueueFuture$MyFuture.get(BlockingMessageQueueFuture.kt:222)
	at serie1.ex4.FutureTest$blocking_message_multiple_send_receive$2$thread$1.invoke(BlockingMessageQueueWithFutureTest.kt:179)
	at serie1.ex4.FutureTest$blocking_message_multiple_send_receive$2$thread$1.invoke(BlockingMessageQueueWithFutureTest.kt:169)
	at kotlin.concurrent.ThreadsKt$thread$thread$1.run(Thread.kt:30)
Exception in thread "Thread-61918" java.util.concurrent.TimeoutException
	at serie1.Ex4.BlockingMessageQueueFuture$MyFuture.get(BlockingMessageQueueFuture.kt:222)
	at serie1.ex4.FutureTest$blocking_message_multiple_send_receive$2$thread$1.invoke(BlockingMessageQueueWithFutureTest.kt:179)
	at serie1.ex4.FutureTest$blocking_message_multiple_send_receive$2$thread$1.invoke(BlockingMessageQueueWithFutureTest.kt:169)
	at kotlin.concurrent.ThreadsKt$thread$thread$1.run(Thread.kt:30)
Exception in thread "Thread-61920" java.util.concurrent.TimeoutException
	at serie1.Ex4.BlockingMessageQueueFuture$MyFuture.get(BlockingMessageQueueFuture.kt:222)
	at serie1.ex4.FutureTest$blocking_message_multiple_send_receive$2$thread$1.invoke(BlockingMessageQueueWithFutureTest.kt:179)
	at serie1.ex4.FutureTest$blocking_message_multiple_send_receive$2$thread$1.invoke(BlockingMessageQueueWithFutureTest.kt:169)
	at kotlin.concurrent.ThreadsKt$thread$thread$1.run(Thread.kt:30)
Exception in thread "Thread-61919" java.util.concurrent.TimeoutException
	at serie1.Ex4.BlockingMessageQueueFuture$MyFuture.get(BlockingMessageQueueFuture.kt:222)
	at serie1.ex4.FutureTest$blocking_message_multiple_send_receive$2$thread$1.invoke(BlockingMessageQueueWithFutureTest.kt:179)
	at serie1.ex4.FutureTest$blocking_message_multiple_send_receive$2$thread$1.invoke(BlockingMessageQueueWithFutureTest.kt:169)
	at kotlin.concurrent.ThreadsKt$thread$thread$1.run(Thread.kt:30)
[2022-04-22 21:58:29] [INFO] start reader 
[2022-04-22 21:58:29] [INFO] start writer 
[2022-04-22 21:58:29] [INFO] start writer 
[2022-04-22 21:58:29] [INFO] writer try send [4, 5] 
[2022-04-22 21:58:29] [INFO] writer send [4, 5] 
[2022-04-22 21:58:29] [INFO] writer try send [6] 
[2022-04-22 21:58:29] [INFO] writer send [6] 
[2022-04-22 21:58:29] [INFO] writer try send [7, 8, 9, 10] 
[2022-04-22 21:58:29] [INFO] writer send [7, 8, 9, 10] 
[2022-04-22 21:58:29] [INFO] writer try send [11, 12, 13] 
[2022-04-22 21:58:29] [INFO] start reader 
[2022-04-22 21:58:29] [INFO] start writer 
[2022-04-22 21:58:29] [INFO] writer try send [14, 15, 16, 17] 
[2022-04-22 21:58:29] [INFO] start writer 
[2022-04-22 21:58:29] [INFO] writer try send [18, 19, 20] 
[2022-04-22 21:58:29] [INFO] writer send [11, 12, 13] 
[2022-04-22 21:58:29] [INFO] end writer 
[2022-04-22 21:58:29] [INFO] start get result 
[2022-04-22 21:58:29] [INFO] end get result 4 
[2022-04-22 21:58:29] [INFO] reader get 4 
[2022-04-22 21:58:29] [INFO] start get result 
[2022-04-22 21:58:29] [INFO] end get result 6 
[2022-04-22 21:58:29] [INFO] reader get 6 
[2022-04-22 21:58:29] [INFO] start get result 
[2022-04-22 21:58:29] [INFO] end get result 7 
[2022-04-22 21:58:29] [INFO] reader get 7 
[2022-04-22 21:58:29] [INFO] start reader 
[2022-04-22 21:58:29] [INFO] start writer 
[2022-04-22 21:58:29] [INFO] end writer 
[2022-04-22 21:58:29] [INFO] start reader 
[2022-04-22 21:58:29] [INFO] start writer 
[2022-04-22 21:58:29] [INFO] start reader 
[2022-04-22 21:58:29] [INFO] writer try send [1, 2, 3] 
[2022-04-22 21:58:29] [INFO] start reader 
[2022-04-22 21:58:29] [INFO] end writer 
[2022-04-22 21:58:29] [INFO] writer send [18, 19, 20] 
[2022-04-22 21:58:29] [INFO] end writer 
[2022-04-22 21:58:29] [INFO] start get result 
[2022-04-22 21:58:29] [INFO] end get result 8 
[2022-04-22 21:58:29] [INFO] reader get 8 
[2022-04-22 21:58:29] [INFO] start get result 
[2022-04-22 21:58:29] [INFO] end get result 5 
[2022-04-22 21:58:29] [INFO] reader get 5 
[2022-04-22 21:58:29] [INFO] start get result 
[2022-04-22 21:58:29] [INFO] end get result 18 
[2022-04-22 21:58:29] [INFO] reader get 18 
[2022-04-22 21:58:29] [INFO] start get result 
[2022-04-22 21:58:29] [INFO] end get result 19 
[2022-04-22 21:58:29] [INFO] reader get 19 
[2022-04-22 21:58:29] [INFO] start get result 
[2022-04-22 21:58:29] [INFO] end get result 20 
[2022-04-22 21:58:29] [INFO] reader get 20 
[2022-04-22 21:58:29] [INFO] start get result 
[2022-04-22 21:58:29] [INFO] end get result 1 
[2022-04-22 21:58:29] [INFO] reader get 1 
[2022-04-22 21:58:29] [INFO] start get result 
[2022-04-22 21:58:29] [INFO] end get result 2 
[2022-04-22 21:58:29] [INFO] reader get 2 
[2022-04-22 21:58:29] [INFO] start get result 
[2022-04-22 21:58:29] [INFO] end get result 3 
[2022-04-22 21:58:29] [INFO] start get result 
[2022-04-22 21:58:29] [INFO] end get result 13 
[2022-04-22 21:58:29] [INFO] reader get 13 
[2022-04-22 21:58:29] [INFO] start get result 
[2022-04-22 21:58:29] [INFO] end get result 12 
[2022-04-22 21:58:29] [INFO] reader get 12 
[2022-04-22 21:58:29] [INFO] start get result 
[2022-04-22 21:58:29] [INFO] end get result 15 
[2022-04-22 21:58:29] [INFO] reader get 15 
[2022-04-22 21:58:29] [INFO] start get result 
[2022-04-22 21:58:29] [INFO] end get result 16 
[2022-04-22 21:58:29] [INFO] reader get 16 
[2022-04-22 21:58:29] [INFO] start get result 
[2022-04-22 21:58:29] [INFO] end get result 17 
[2022-04-22 21:58:29] [INFO] reader get 17 
[2022-04-22 21:58:29] [INFO] start get result 
[2022-04-22 21:58:29] [INFO] start get result 
[2022-04-22 21:58:29] [INFO] end get result 11 
[2022-04-22 21:58:29] [INFO] reader get 11 
[2022-04-22 21:58:29] [INFO] start get result 
[2022-04-22 21:58:29] [INFO] writer send [1, 2, 3] 
[2022-04-22 21:58:29] [INFO] end writer 
[2022-04-22 21:58:29] [INFO] start get result 
[2022-04-22 21:58:29] [INFO] end get result 10 
[2022-04-22 21:58:29] [INFO] reader get 10 
[2022-04-22 21:58:29] [INFO] start get result 
[2022-04-22 21:58:29] [INFO] start get result 
[2022-04-22 21:58:29] [INFO] end get result 9 
[2022-04-22 21:58:29] [INFO] reader get 9 
[2022-04-22 21:58:29] [INFO] start get result 
[2022-04-22 21:58:29] [INFO] start get result 
[2022-04-22 21:58:29] [INFO] end get result 14 
[2022-04-22 21:58:29] [INFO] reader get 14 
[2022-04-22 21:58:29] [INFO] start get result 
[2022-04-22 21:58:29] [INFO] reader get 3 
[2022-04-22 21:58:29] [INFO] start get result 
[2022-04-22 21:58:29] [INFO] writer send [14, 15, 16, 17] 
[2022-04-22 21:58:29] [INFO] end writer 
Exception in thread "Thread-61931" java.util.concurrent.TimeoutException
	at serie1.Ex4.BlockingMessageQueueFuture$MyFuture.get(BlockingMessageQueueFuture.kt:222)
	at serie1.ex4.FutureTest$blocking_message_multiple_send_receive$2$thread$1.invoke(BlockingMessageQueueWithFutureTest.kt:179)
	at serie1.ex4.FutureTest$blocking_message_multiple_send_receive$2$thread$1.invoke(BlockingMessageQueueWithFutureTest.kt:169)
	at kotlin.concurrent.ThreadsKt$thread$thread$1.run(Thread.kt:30)
Exception in thread "Thread-61934" java.util.concurrent.TimeoutException
	at serie1.Ex4.BlockingMessageQueueFuture$MyFuture.get(BlockingMessageQueueFuture.kt:222)
	at serie1.ex4.FutureTest$blocking_message_multiple_send_receive$2$thread$1.invoke(BlockingMessageQueueWithFutureTest.kt:179)
	at serie1.ex4.FutureTest$blocking_message_multiple_send_receive$2$thread$1.invoke(BlockingMessageQueueWithFutureTest.kt:169)
	at kotlin.concurrent.ThreadsKt$thread$thread$1.run(Thread.kt:30)
Exception in thread "Thread-61936" java.util.concurrent.TimeoutException
	at serie1.Ex4.BlockingMessageQueueFuture$MyFuture.get(BlockingMessageQueueFuture.kt:222)
	at serie1.ex4.FutureTest$blocking_message_multiple_send_receive$2$thread$1.invoke(BlockingMessageQueueWithFutureTest.kt:179)
	at serie1.ex4.FutureTest$blocking_message_multiple_send_receive$2$thread$1.invoke(BlockingMessageQueueWithFutureTest.kt:169)
	at kotlin.concurrent.ThreadsKt$thread$thread$1.run(Thread.kt:30)
Exception in thread "Thread-61935" java.util.concurrent.TimeoutException
	at serie1.Ex4.BlockingMessageQueueFuture$MyFuture.get(BlockingMessageQueueFuture.kt:222)
	at serie1.ex4.FutureTest$blocking_message_multiple_send_receive$2$thread$1.invoke(BlockingMessageQueueWithFutureTest.kt:179)
	at serie1.ex4.FutureTest$blocking_message_multiple_send_receive$2$thread$1.invoke(BlockingMessageQueueWithFutureTest.kt:169)
	at kotlin.concurrent.ThreadsKt$thread$thread$1.run(Thread.kt:30)
Exception in thread "Thread-61933" java.util.concurrent.TimeoutException
	at serie1.Ex4.BlockingMessageQueueFuture$MyFuture.get(BlockingMessageQueueFuture.kt:222)
	at serie1.ex4.FutureTest$blocking_message_multiple_send_receive$2$thread$1.invoke(BlockingMessageQueueWithFutureTest.kt:179)
	at serie1.ex4.FutureTest$blocking_message_multiple_send_receive$2$thread$1.invoke(BlockingMessageQueueWithFutureTest.kt:169)
	at kotlin.concurrent.ThreadsKt$thread$thread$1.run(Thread.kt:30)
Exception in thread "Thread-61932" java.util.concurrent.TimeoutException
	at serie1.Ex4.BlockingMessageQueueFuture$MyFuture.get(BlockingMessageQueueFuture.kt:222)
	at serie1.ex4.FutureTest$blocking_message_multiple_send_receive$2$thread$1.invoke(BlockingMessageQueueWithFutureTest.kt:179)
	at serie1.ex4.FutureTest$blocking_message_multiple_send_receive$2$thread$1.invoke(BlockingMessageQueueWithFutureTest.kt:169)
	at kotlin.concurrent.ThreadsKt$thread$thread$1.run(Thread.kt:30)
[2022-04-22 21:58:31] [INFO] start reader 
[2022-04-22 21:58:31] [INFO] start reader 
[2022-04-22 21:58:31] [INFO] start writer 
[2022-04-22 21:58:31] [INFO] writer try send [1, 2, 3] 
[2022-04-22 21:58:31] [INFO] writer send [1, 2, 3] 
[2022-04-22 21:58:31] [INFO] writer try send [4, 5] 
[2022-04-22 21:58:31] [INFO] writer send [4, 5] 
[2022-04-22 21:58:31] [INFO] writer try send [6] 
[2022-04-22 21:58:31] [INFO] start writer 
[2022-04-22 21:58:31] [INFO] writer try send [7, 8, 9, 10] 
[2022-04-22 21:58:31] [INFO] writer send [7, 8, 9, 10] 
[2022-04-22 21:58:31] [INFO] writer try send [11, 12, 13] 
[2022-04-22 21:58:31] [INFO] start writer 
[2022-04-22 21:58:31] [INFO] writer try send [14, 15, 16, 17] 
[2022-04-22 21:58:31] [INFO] start get result 
[2022-04-22 21:58:31] [INFO] end get result 2 
[2022-04-22 21:58:31] [INFO] reader get 2 
[2022-04-22 21:58:31] [INFO] start get result 
[2022-04-22 21:58:31] [INFO] end get result 3 
[2022-04-22 21:58:31] [INFO] reader get 3 
[2022-04-22 21:58:31] [INFO] start get result 
[2022-04-22 21:58:31] [INFO] end get result 4 
[2022-04-22 21:58:31] [INFO] reader get 4 
[2022-04-22 21:58:31] [INFO] start get result 
[2022-04-22 21:58:31] [INFO] end get result 5 
[2022-04-22 21:58:31] [INFO] reader get 5 
[2022-04-22 21:58:31] [INFO] start get result 
[2022-04-22 21:58:31] [INFO] end get result 6 
[2022-04-22 21:58:31] [INFO] reader get 6 
[2022-04-22 21:58:31] [INFO] start get result 
[2022-04-22 21:58:31] [INFO] end get result 7 
[2022-04-22 21:58:31] [INFO] reader get 7 
[2022-04-22 21:58:31] [INFO] start get result 
[2022-04-22 21:58:31] [INFO] end get result 1 
[2022-04-22 21:58:31] [INFO] reader get 1 
[2022-04-22 21:58:31] [INFO] start get result 
[2022-04-22 21:58:31] [INFO] end get result 9 
[2022-04-22 21:58:31] [INFO] reader get 9 
[2022-04-22 21:58:31] [INFO] start get result 
[2022-04-22 21:58:31] [INFO] end get result 10 
[2022-04-22 21:58:31] [INFO] reader get 10 
[2022-04-22 21:58:31] [INFO] start get result 
[2022-04-22 21:58:31] [INFO] end get result 11 
[2022-04-22 21:58:31] [INFO] reader get 11 
[2022-04-22 21:58:31] [INFO] start get result 
[2022-04-22 21:58:31] [INFO] end get result 12 
[2022-04-22 21:58:31] [INFO] reader get 12 
[2022-04-22 21:58:31] [INFO] start get result 
[2022-04-22 21:58:31] [INFO] end get result 13 
[2022-04-22 21:58:31] [INFO] reader get 13 
[2022-04-22 21:58:31] [INFO] start get result 
[2022-04-22 21:58:31] [INFO] end get result 14 
[2022-04-22 21:58:31] [INFO] reader get 14 
[2022-04-22 21:58:31] [INFO] start get result 
[2022-04-22 21:58:31] [INFO] end get result 15 
[2022-04-22 21:58:31] [INFO] reader get 15 
[2022-04-22 21:58:31] [INFO] start get result 
[2022-04-22 21:58:31] [INFO] end get result 16 
[2022-04-22 21:58:31] [INFO] reader get 16 
[2022-04-22 21:58:31] [INFO] start writer 
[2022-04-22 21:58:31] [INFO] writer try send [18, 19, 20] 
[2022-04-22 21:58:31] [INFO] writer send [18, 19, 20] 
[2022-04-22 21:58:31] [INFO] end writer 
[2022-04-22 21:58:31] [INFO] writer send [6] 
[2022-04-22 21:58:31] [INFO] end writer 
[2022-04-22 21:58:31] [INFO] start writer 
[2022-04-22 21:58:31] [INFO] end writer 
[2022-04-22 21:58:31] [INFO] start writer 
[2022-04-22 21:58:31] [INFO] end writer 
[2022-04-22 21:58:31] [INFO] start reader 
[2022-04-22 21:58:31] [INFO] start get result 
[2022-04-22 21:58:31] [INFO] end get result 17 
[2022-04-22 21:58:31] [INFO] reader get 17 
[2022-04-22 21:58:31] [INFO] start get result 
[2022-04-22 21:58:31] [INFO] start reader 
[2022-04-22 21:58:31] [INFO] writer send [14, 15, 16, 17] 
[2022-04-22 21:58:31] [INFO] end writer 
[2022-04-22 21:58:31] [INFO] start get result 
[2022-04-22 21:58:31] [INFO] end get result 8 
[2022-04-22 21:58:31] [INFO] reader get 8 
[2022-04-22 21:58:31] [INFO] start get result 
[2022-04-22 21:58:31] [INFO] end get result 20 
[2022-04-22 21:58:31] [INFO] reader get 20 
[2022-04-22 21:58:31] [INFO] start get result 
[2022-04-22 21:58:31] [INFO] writer send [11, 12, 13] 
[2022-04-22 21:58:31] [INFO] end writer 
[2022-04-22 21:58:31] [INFO] start get result 
[2022-04-22 21:58:31] [INFO] start get result 
[2022-04-22 21:58:31] [INFO] end get result 19 
[2022-04-22 21:58:31] [INFO] reader get 19 
[2022-04-22 21:58:31] [INFO] start get result 
[2022-04-22 21:58:31] [INFO] start reader 
[2022-04-22 21:58:31] [INFO] end get result 18 
[2022-04-22 21:58:31] [INFO] reader get 18 
[2022-04-22 21:58:31] [INFO] start get result 
[2022-04-22 21:58:31] [INFO] start reader 
[2022-04-22 21:58:31] [INFO] start get result 
[2022-04-22 21:58:31] [INFO] start get result 
Exception in thread "Thread-61949" java.util.concurrent.TimeoutException
	at serie1.Ex4.BlockingMessageQueueFuture$MyFuture.get(BlockingMessageQueueFuture.kt:222)
	at serie1.ex4.FutureTest$blocking_message_multiple_send_receive$2$thread$1.invoke(BlockingMessageQueueWithFutureTest.kt:179)
	at serie1.ex4.FutureTest$blocking_message_multiple_send_receive$2$thread$1.invoke(BlockingMessageQueueWithFutureTest.kt:169)
	at kotlin.concurrent.ThreadsKt$thread$thread$1.run(Thread.kt:30)
Exception in thread "Thread-61947" java.util.concurrent.TimeoutException
	at serie1.Ex4.BlockingMessageQueueFuture$MyFuture.get(BlockingMessageQueueFuture.kt:222)
	at serie1.ex4.FutureTest$blocking_message_multiple_send_receive$2$thread$1.invoke(BlockingMessageQueueWithFutureTest.kt:179)
	at serie1.ex4.FutureTest$blocking_message_multiple_send_receive$2$thread$1.invoke(BlockingMessageQueueWithFutureTest.kt:169)
	at kotlin.concurrent.ThreadsKt$thread$thread$1.run(Thread.kt:30)
Exception in thread "Thread-61944" java.util.concurrent.TimeoutException
	at serie1.Ex4.BlockingMessageQueueFuture$MyFuture.get(BlockingMessageQueueFuture.kt:222)
	at serie1.ex4.FutureTest$blocking_message_multiple_send_receive$2$thread$1.invoke(BlockingMessageQueueWithFutureTest.kt:179)
	at serie1.ex4.FutureTest$blocking_message_multiple_send_receive$2$thread$1.invoke(BlockingMessageQueueWithFutureTest.kt:169)
	at kotlin.concurrent.ThreadsKt$thread$thread$1.run(Thread.kt:30)
Exception in thread "Thread-61946" java.util.concurrent.TimeoutException
	at serie1.Ex4.BlockingMessageQueueFuture$MyFuture.get(BlockingMessageQueueFuture.kt:222)
	at serie1.ex4.FutureTest$blocking_message_multiple_send_receive$2$thread$1.invoke(BlockingMessageQueueWithFutureTest.kt:179)
	at serie1.ex4.FutureTest$blocking_message_multiple_send_receive$2$thread$1.invoke(BlockingMessageQueueWithFutureTest.kt:169)
	at kotlin.concurrent.ThreadsKt$thread$thread$1.run(Thread.kt:30)
Exception in thread "Thread-61945" java.util.concurrent.TimeoutException
	at serie1.Ex4.BlockingMessageQueueFuture$MyFuture.get(BlockingMessageQueueFuture.kt:222)
	at serie1.ex4.FutureTest$blocking_message_multiple_send_receive$2$thread$1.invoke(BlockingMessageQueueWithFutureTest.kt:179)
	at serie1.ex4.FutureTest$blocking_message_multiple_send_receive$2$thread$1.invoke(BlockingMessageQueueWithFutureTest.kt:169)
	at kotlin.concurrent.ThreadsKt$thread$thread$1.run(Thread.kt:30)
Exception in thread "Thread-61948" java.util.concurrent.TimeoutException
	at serie1.Ex4.BlockingMessageQueueFuture$MyFuture.get(BlockingMessageQueueFuture.kt:222)
	at serie1.ex4.FutureTest$blocking_message_multiple_send_receive$2$thread$1.invoke(BlockingMessageQueueWithFutureTest.kt:179)
	at serie1.ex4.FutureTest$blocking_message_multiple_send_receive$2$thread$1.invoke(BlockingMessageQueueWithFutureTest.kt:169)
	at kotlin.concurrent.ThreadsKt$thread$thread$1.run(Thread.kt:30)
[2022-04-22 21:58:33] [INFO] start writer 
[2022-04-22 21:58:33] [INFO] writer try send [1, 2, 3] 
[2022-04-22 21:58:33] [INFO] start writer 
[2022-04-22 21:58:33] [INFO] start writer 
[2022-04-22 21:58:33] [INFO] writer try send [6] 
[2022-04-22 21:58:33] [INFO] writer send [6] 
[2022-04-22 21:58:33] [INFO] writer try send [7, 8, 9, 10] 
[2022-04-22 21:58:33] [INFO] start writer 
[2022-04-22 21:58:33] [INFO] writer try send [11, 12, 13] 
[2022-04-22 21:58:33] [INFO] start reader 
[2022-04-22 21:58:33] [INFO] start writer 
[2022-04-22 21:58:33] [INFO] start reader 
[2022-04-22 21:58:33] [INFO] start writer 
[2022-04-22 21:58:33] [INFO] writer try send [18, 19, 20] 
[2022-04-22 21:58:33] [INFO] writer send [1, 2, 3] 
[2022-04-22 21:58:33] [INFO] end writer 
[2022-04-22 21:58:33] [INFO] start get result 
[2022-04-22 21:58:33] [INFO] end get result 1 
[2022-04-22 21:58:33] [INFO] reader get 1 
[2022-04-22 21:58:33] [INFO] start get result 
[2022-04-22 21:58:33] [INFO] end get result 3 
[2022-04-22 21:58:33] [INFO] reader get 3 
[2022-04-22 21:58:33] [INFO] start get result 
[2022-04-22 21:58:33] [INFO] end get result 6 
[2022-04-22 21:58:33] [INFO] reader get 6 
[2022-04-22 21:58:33] [INFO] start get result 
[2022-04-22 21:58:33] [INFO] end get result 11 
[2022-04-22 21:58:33] [INFO] reader get 11 
[2022-04-22 21:58:33] [INFO] start get result 
[2022-04-22 21:58:33] [INFO] start reader 
[2022-04-22 21:58:33] [INFO] writer try send [14, 15, 16, 17] 
[2022-04-22 21:58:33] [INFO] start writer 
[2022-04-22 21:58:33] [INFO] end writer 
[2022-04-22 21:58:33] [INFO] writer try send [4, 5] 
[2022-04-22 21:58:33] [INFO] start reader 
[2022-04-22 21:58:33] [INFO] start get result 
[2022-04-22 21:58:33] [INFO] end get result 13 
[2022-04-22 21:58:33] [INFO] reader get 13 
[2022-04-22 21:58:33] [INFO] start reader 
[2022-04-22 21:58:33] [INFO] end get result 12 
[2022-04-22 21:58:33] [INFO] reader get 12 
[2022-04-22 21:58:33] [INFO] start reader 
[2022-04-22 21:58:33] [INFO] writer send [18, 19, 20] 
[2022-04-22 21:58:33] [INFO] end writer 
[2022-04-22 21:58:33] [INFO] writer send [11, 12, 13] 
[2022-04-22 21:58:33] [INFO] end writer 
[2022-04-22 21:58:33] [INFO] start get result 
[2022-04-22 21:58:33] [INFO] end get result 2 
[2022-04-22 21:58:33] [INFO] reader get 2 
[2022-04-22 21:58:33] [INFO] start get result 
[2022-04-22 21:58:33] [INFO] end get result 14 
[2022-04-22 21:58:33] [INFO] reader get 14 
[2022-04-22 21:58:33] [INFO] start get result 
[2022-04-22 21:58:33] [INFO] end get result 15 
[2022-04-22 21:58:33] [INFO] reader get 15 
[2022-04-22 21:58:33] [INFO] start get result 
[2022-04-22 21:58:33] [INFO] end get result 16 
[2022-04-22 21:58:33] [INFO] reader get 16 
[2022-04-22 21:58:33] [INFO] start get result 
[2022-04-22 21:58:33] [INFO] end get result 17 
[2022-04-22 21:58:33] [INFO] reader get 17 
[2022-04-22 21:58:33] [INFO] start get result 
[2022-04-22 21:58:33] [INFO] end get result 7 
[2022-04-22 21:58:33] [INFO] reader get 7 
[2022-04-22 21:58:33] [INFO] start get result 
[2022-04-22 21:58:33] [INFO] end get result 8 
[2022-04-22 21:58:33] [INFO] reader get 8 
[2022-04-22 21:58:33] [INFO] start get result 
[2022-04-22 21:58:33] [INFO] end get result 9 
[2022-04-22 21:58:33] [INFO] reader get 9 
[2022-04-22 21:58:33] [INFO] start get result 
[2022-04-22 21:58:33] [INFO] end get result 10 
[2022-04-22 21:58:33] [INFO] reader get 10 
[2022-04-22 21:58:33] [INFO] start get result 
[2022-04-22 21:58:33] [INFO] writer send [14, 15, 16, 17] 
[2022-04-22 21:58:33] [INFO] end writer 
[2022-04-22 21:58:33] [INFO] start get result 
[2022-04-22 21:58:33] [INFO] end get result 4 
[2022-04-22 21:58:33] [INFO] reader get 4 
[2022-04-22 21:58:33] [INFO] start get result 
[2022-04-22 21:58:33] [INFO] end get result 20 
[2022-04-22 21:58:33] [INFO] reader get 20 
[2022-04-22 21:58:33] [INFO] start get result 
[2022-04-22 21:58:33] [INFO] writer send [4, 5] 
[2022-04-22 21:58:33] [INFO] end writer 
[2022-04-22 21:58:33] [INFO] start get result 
[2022-04-22 21:58:33] [INFO] end get result 19 
[2022-04-22 21:58:33] [INFO] reader get 19 
[2022-04-22 21:58:33] [INFO] start get result 
[2022-04-22 21:58:33] [INFO] start get result 
[2022-04-22 21:58:33] [INFO] end get result 18 
[2022-04-22 21:58:33] [INFO] reader get 18 
[2022-04-22 21:58:33] [INFO] start get result 
[2022-04-22 21:58:33] [INFO] start get result 
[2022-04-22 21:58:33] [INFO] writer send [7, 8, 9, 10] 
[2022-04-22 21:58:33] [INFO] end writer 
[2022-04-22 21:58:33] [INFO] start get result 
[2022-04-22 21:58:33] [INFO] end get result 5 
[2022-04-22 21:58:33] [INFO] reader get 5 
[2022-04-22 21:58:33] [INFO] start get result 
Exception in thread "Thread-61960" java.util.concurrent.TimeoutException
	at serie1.Ex4.BlockingMessageQueueFuture$MyFuture.get(BlockingMessageQueueFuture.kt:222)
	at serie1.ex4.FutureTest$blocking_message_multiple_send_receive$2$thread$1.invoke(BlockingMessageQueueWithFutureTest.kt:179)
	at serie1.ex4.FutureTest$blocking_message_multiple_send_receive$2$thread$1.invoke(BlockingMessageQueueWithFutureTest.kt:169)
	at kotlin.concurrent.ThreadsKt$thread$thread$1.run(Thread.kt:30)
Exception in thread "Thread-61963" java.util.concurrent.TimeoutException
	at serie1.Ex4.BlockingMessageQueueFuture$MyFuture.get(BlockingMessageQueueFuture.kt:222)
	at serie1.ex4.FutureTest$blocking_message_multiple_send_receive$2$thread$1.invoke(BlockingMessageQueueWithFutureTest.kt:179)
	at serie1.ex4.FutureTest$blocking_message_multiple_send_receive$2$thread$1.invoke(BlockingMessageQueueWithFutureTest.kt:169)
	at kotlin.concurrent.ThreadsKt$thread$thread$1.run(Thread.kt:30)
Exception in thread "Thread-61958" java.util.concurrent.TimeoutException
	at serie1.Ex4.BlockingMessageQueueFuture$MyFuture.get(BlockingMessageQueueFuture.kt:222)
	at serie1.ex4.FutureTest$blocking_message_multiple_send_receive$2$thread$1.invoke(BlockingMessageQueueWithFutureTest.kt:179)
	at serie1.ex4.FutureTest$blocking_message_multiple_send_receive$2$thread$1.invoke(BlockingMessageQueueWithFutureTest.kt:169)
	at kotlin.concurrent.ThreadsKt$thread$thread$1.run(Thread.kt:30)
Exception in thread "Thread-61962" java.util.concurrent.TimeoutException
	at serie1.Ex4.BlockingMessageQueueFuture$MyFuture.get(BlockingMessageQueueFuture.kt:222)
	at serie1.ex4.FutureTest$blocking_message_multiple_send_receive$2$thread$1.invoke(BlockingMessageQueueWithFutureTest.kt:179)
	at serie1.ex4.FutureTest$blocking_message_multiple_send_receive$2$thread$1.invoke(BlockingMessageQueueWithFutureTest.kt:169)
	at kotlin.concurrent.ThreadsKt$thread$thread$1.run(Thread.kt:30)
Exception in thread "Thread-61959" java.util.concurrent.TimeoutException
	at serie1.Ex4.BlockingMessageQueueFuture$MyFuture.get(BlockingMessageQueueFuture.kt:222)
	at serie1.ex4.FutureTest$blocking_message_multiple_send_receive$2$thread$1.invoke(BlockingMessageQueueWithFutureTest.kt:179)
	at serie1.ex4.FutureTest$blocking_message_multiple_send_receive$2$thread$1.invoke(BlockingMessageQueueWithFutureTest.kt:169)
	at kotlin.concurrent.ThreadsKt$thread$thread$1.run(Thread.kt:30)
Exception in thread "Thread-61961" java.util.concurrent.TimeoutException
	at serie1.Ex4.BlockingMessageQueueFuture$MyFuture.get(BlockingMessageQueueFuture.kt:222)
	at serie1.ex4.FutureTest$blocking_message_multiple_send_receive$2$thread$1.invoke(BlockingMessageQueueWithFutureTest.kt:179)
	at serie1.ex4.FutureTest$blocking_message_multiple_send_receive$2$thread$1.invoke(BlockingMessageQueueWithFutureTest.kt:169)
	at kotlin.concurrent.ThreadsKt$thread$thread$1.run(Thread.kt:30)
[2022-04-22 21:58:35] [INFO] start writer 
[2022-04-22 21:58:35] [INFO] writer try send [1, 2, 3] 
[2022-04-22 21:58:35] [INFO] writer send [1, 2, 3] 
[2022-04-22 21:58:35] [INFO] writer try send [4, 5] 
[2022-04-22 21:58:35] [INFO] writer send [4, 5] 
[2022-04-22 21:58:35] [INFO] writer try send [6] 
[2022-04-22 21:58:35] [INFO] writer send [6] 
[2022-04-22 21:58:35] [INFO] writer try send [7, 8, 9, 10] 
[2022-04-22 21:58:35] [INFO] start writer 
[2022-04-22 21:58:35] [INFO] writer try send [11, 12, 13] 
[2022-04-22 21:58:35] [INFO] start writer 
[2022-04-22 21:58:35] [INFO] writer try send [14, 15, 16, 17] 
[2022-04-22 21:58:35] [INFO] start writer 
[2022-04-22 21:58:35] [INFO] writer try send [18, 19, 20] 
[2022-04-22 21:58:35] [INFO] start writer 
[2022-04-22 21:58:35] [INFO] end writer 
[2022-04-22 21:58:35] [INFO] start writer 
[2022-04-22 21:58:35] [INFO] end writer 
[2022-04-22 21:58:35] [INFO] start reader 
[2022-04-22 21:58:35] [INFO] start writer 
[2022-04-22 21:58:35] [INFO] end writer 
[2022-04-22 21:58:35] [INFO] start reader 
[2022-04-22 21:58:35] [INFO] start reader 
[2022-04-22 21:58:35] [INFO] start get result 
[2022-04-22 21:58:35] [INFO] start get result 
[2022-04-22 21:58:35] [INFO] end get result 2 
[2022-04-22 21:58:35] [INFO] start reader 
[2022-04-22 21:58:35] [INFO] start get result 
[2022-04-22 21:58:35] [INFO] end get result 3 
[2022-04-22 21:58:35] [INFO] reader get 3 
[2022-04-22 21:58:35] [INFO] start reader 
[2022-04-22 21:58:35] [INFO] reader get 2 
[2022-04-22 21:58:35] [INFO] start get result 
[2022-04-22 21:58:35] [INFO] start reader 
[2022-04-22 21:58:35] [INFO] start get result 
[2022-04-22 21:58:35] [INFO] end get result 6 
[2022-04-22 21:58:35] [INFO] reader get 6 
[2022-04-22 21:58:35] [INFO] end get result 1 
[2022-04-22 21:58:35] [INFO] reader get 1 
[2022-04-22 21:58:35] [INFO] start get result 
[2022-04-22 21:58:35] [INFO] end get result 20 
[2022-04-22 21:58:35] [INFO] start get result 
[2022-04-22 21:58:35] [INFO] end get result 11 
[2022-04-22 21:58:35] [INFO] reader get 11 
[2022-04-22 21:58:35] [INFO] start get result 
[2022-04-22 21:58:35] [INFO] end get result 12 
[2022-04-22 21:58:35] [INFO] reader get 12 
[2022-04-22 21:58:35] [INFO] start get result 
[2022-04-22 21:58:35] [INFO] end get result 13 
[2022-04-22 21:58:35] [INFO] reader get 13 
[2022-04-22 21:58:35] [INFO] start get result 
[2022-04-22 21:58:35] [INFO] end get result 7 
[2022-04-22 21:58:35] [INFO] reader get 7 
[2022-04-22 21:58:35] [INFO] start get result 
[2022-04-22 21:58:35] [INFO] end get result 8 
[2022-04-22 21:58:35] [INFO] reader get 8 
[2022-04-22 21:58:35] [INFO] start get result 
[2022-04-22 21:58:35] [INFO] end get result 9 
[2022-04-22 21:58:35] [INFO] reader get 9 
[2022-04-22 21:58:35] [INFO] start get result 
[2022-04-22 21:58:35] [INFO] end get result 10 
[2022-04-22 21:58:35] [INFO] reader get 10 
[2022-04-22 21:58:35] [INFO] start get result 
[2022-04-22 21:58:35] [INFO] end get result 14 
[2022-04-22 21:58:35] [INFO] reader get 14 
[2022-04-22 21:58:35] [INFO] start get result 
[2022-04-22 21:58:35] [INFO] end get result 15 
[2022-04-22 21:58:35] [INFO] reader get 15 
[2022-04-22 21:58:35] [INFO] start get result 
[2022-04-22 21:58:35] [INFO] end get result 16 
[2022-04-22 21:58:35] [INFO] reader get 16 
[2022-04-22 21:58:35] [INFO] start get result 
[2022-04-22 21:58:35] [INFO] end get result 17 
[2022-04-22 21:58:35] [INFO] reader get 17 
[2022-04-22 21:58:35] [INFO] start get result 
[2022-04-22 21:58:35] [INFO] start get result 
[2022-04-22 21:58:35] [INFO] end get result 19 
[2022-04-22 21:58:35] [INFO] reader get 19 
[2022-04-22 21:58:35] [INFO] start get result 
[2022-04-22 21:58:35] [INFO] start get result 
[2022-04-22 21:58:35] [INFO] end get result 18 
[2022-04-22 21:58:35] [INFO] reader get 18 
[2022-04-22 21:58:35] [INFO] start get result 
[2022-04-22 21:58:35] [INFO] writer send [11, 12, 13] 
[2022-04-22 21:58:35] [INFO] end writer 
[2022-04-22 21:58:35] [INFO] end get result 5 
[2022-04-22 21:58:35] [INFO] reader get 5 
[2022-04-22 21:58:35] [INFO] start get result 
[2022-04-22 21:58:35] [INFO] writer send [18, 19, 20] 
[2022-04-22 21:58:35] [INFO] end writer 
[2022-04-22 21:58:35] [INFO] start get result 
[2022-04-22 21:58:35] [INFO] end get result 4 
[2022-04-22 21:58:35] [INFO] reader get 4 
[2022-04-22 21:58:35] [INFO] start get result 
[2022-04-22 21:58:35] [INFO] writer send [14, 15, 16, 17] 
[2022-04-22 21:58:35] [INFO] end writer 
[2022-04-22 21:58:35] [INFO] writer send [7, 8, 9, 10] 
[2022-04-22 21:58:35] [INFO] end writer 
[2022-04-22 21:58:35] [INFO] reader get 20 
[2022-04-22 21:58:35] [INFO] start get result 
Exception in thread "Thread-61977" java.util.concurrent.TimeoutException
	at serie1.Ex4.BlockingMessageQueueFuture$MyFuture.get(BlockingMessageQueueFuture.kt:222)
	at serie1.ex4.FutureTest$blocking_message_multiple_send_receive$2$thread$1.invoke(BlockingMessageQueueWithFutureTest.kt:179)
	at serie1.ex4.FutureTest$blocking_message_multiple_send_receive$2$thread$1.invoke(BlockingMessageQueueWithFutureTest.kt:169)
	at kotlin.concurrent.ThreadsKt$thread$thread$1.run(Thread.kt:30)
Exception in thread "Thread-61976" java.util.concurrent.TimeoutException
	at serie1.Ex4.BlockingMessageQueueFuture$MyFuture.get(BlockingMessageQueueFuture.kt:222)
	at serie1.ex4.FutureTest$blocking_message_multiple_send_receive$2$thread$1.invoke(BlockingMessageQueueWithFutureTest.kt:179)
	at serie1.ex4.FutureTest$blocking_message_multiple_send_receive$2$thread$1.invoke(BlockingMessageQueueWithFutureTest.kt:169)
	at kotlin.concurrent.ThreadsKt$thread$thread$1.run(Thread.kt:30)
Exception in thread "Thread-61975" java.util.concurrent.TimeoutException
	at serie1.Ex4.BlockingMessageQueueFuture$MyFuture.get(BlockingMessageQueueFuture.kt:222)
	at serie1.ex4.FutureTest$blocking_message_multiple_send_receive$2$thread$1.invoke(BlockingMessageQueueWithFutureTest.kt:179)
	at serie1.ex4.FutureTest$blocking_message_multiple_send_receive$2$thread$1.invoke(BlockingMessageQueueWithFutureTest.kt:169)
	at kotlin.concurrent.ThreadsKt$thread$thread$1.run(Thread.kt:30)
Exception in thread "Thread-61974" java.util.concurrent.TimeoutException
	at serie1.Ex4.BlockingMessageQueueFuture$MyFuture.get(BlockingMessageQueueFuture.kt:222)
	at serie1.ex4.FutureTest$blocking_message_multiple_send_receive$2$thread$1.invoke(BlockingMessageQueueWithFutureTest.kt:179)
	at serie1.ex4.FutureTest$blocking_message_multiple_send_receive$2$thread$1.invoke(BlockingMessageQueueWithFutureTest.kt:169)
	at kotlin.concurrent.ThreadsKt$thread$thread$1.run(Thread.kt:30)
Exception in thread "Thread-61973" java.util.concurrent.TimeoutException
	at serie1.Ex4.BlockingMessageQueueFuture$MyFuture.get(BlockingMessageQueueFuture.kt:222)
	at serie1.ex4.FutureTest$blocking_message_multiple_send_receive$2$thread$1.invoke(BlockingMessageQueueWithFutureTest.kt:179)
	at serie1.ex4.FutureTest$blocking_message_multiple_send_receive$2$thread$1.invoke(BlockingMessageQueueWithFutureTest.kt:169)
	at kotlin.concurrent.ThreadsKt$thread$thread$1.run(Thread.kt:30)
Exception in thread "Thread-61972" java.util.concurrent.TimeoutException
	at serie1.Ex4.BlockingMessageQueueFuture$MyFuture.get(BlockingMessageQueueFuture.kt:222)
	at serie1.ex4.FutureTest$blocking_message_multiple_send_receive$2$thread$1.invoke(BlockingMessageQueueWithFutureTest.kt:179)
	at serie1.ex4.FutureTest$blocking_message_multiple_send_receive$2$thread$1.invoke(BlockingMessageQueueWithFutureTest.kt:169)
	at kotlin.concurrent.ThreadsKt$thread$thread$1.run(Thread.kt:30)
[2022-04-22 21:58:37] [INFO] start writer 
[2022-04-22 21:58:37] [INFO] writer try send [1, 2, 3] 
[2022-04-22 21:58:37] [INFO] writer send [1, 2, 3] 
[2022-04-22 21:58:37] [INFO] start writer 
[2022-04-22 21:58:37] [INFO] writer try send [6] 
[2022-04-22 21:58:37] [INFO] writer send [6] 
[2022-04-22 21:58:37] [INFO] writer try send [7, 8, 9, 10] 
[2022-04-22 21:58:37] [INFO] start reader 
[2022-04-22 21:58:37] [INFO] writer try send [4, 5] 
[2022-04-22 21:58:37] [INFO] start writer 
[2022-04-22 21:58:37] [INFO] writer try send [11, 12, 13] 
[2022-04-22 21:58:37] [INFO] start writer 
[2022-04-22 21:58:37] [INFO] writer try send [14, 15, 16, 17] 
[2022-04-22 21:58:37] [INFO] start writer 
[2022-04-22 21:58:37] [INFO] writer try send [18, 19, 20] 
[2022-04-22 21:58:37] [INFO] start writer 
[2022-04-22 21:58:37] [INFO] end writer 
[2022-04-22 21:58:37] [INFO] start get result 
[2022-04-22 21:58:37] [INFO] end get result 1 
[2022-04-22 21:58:37] [INFO] reader get 1 
[2022-04-22 21:58:37] [INFO] start get result 
[2022-04-22 21:58:37] [INFO] end get result 2 
[2022-04-22 21:58:37] [INFO] reader get 2 
[2022-04-22 21:58:37] [INFO] start get result 
[2022-04-22 21:58:37] [INFO] end get result 3 
[2022-04-22 21:58:37] [INFO] start writer 
[2022-04-22 21:58:37] [INFO] end writer 
[2022-04-22 21:58:37] [INFO] start reader 
[2022-04-22 21:58:37] [INFO] writer send [4, 5] 
[2022-04-22 21:58:37] [INFO] end writer 
[2022-04-22 21:58:37] [INFO] writer send [11, 12, 13] 
[2022-04-22 21:58:37] [INFO] end writer 
[2022-04-22 21:58:37] [INFO] reader get 3 
[2022-04-22 21:58:37] [INFO] start reader 
[2022-04-22 21:58:37] [INFO] start get result 
[2022-04-22 21:58:37] [INFO] end get result 4 
[2022-04-22 21:58:37] [INFO] reader get 4 
[2022-04-22 21:58:37] [INFO] start get result 
[2022-04-22 21:58:37] [INFO] end get result 5 
[2022-04-22 21:58:37] [INFO] reader get 5 
[2022-04-22 21:58:37] [INFO] start get result 
[2022-04-22 21:58:37] [INFO] end get result 11 
[2022-04-22 21:58:37] [INFO] reader get 11 
[2022-04-22 21:58:37] [INFO] start get result 
[2022-04-22 21:58:37] [INFO] end get result 13 
[2022-04-22 21:58:37] [INFO] reader get 13 
[2022-04-22 21:58:37] [INFO] start get result 
[2022-04-22 21:58:37] [INFO] end get result 18 
[2022-04-22 21:58:37] [INFO] reader get 18 
[2022-04-22 21:58:37] [INFO] start get result 
[2022-04-22 21:58:37] [INFO] end get result 19 
[2022-04-22 21:58:37] [INFO] reader get 19 
[2022-04-22 21:58:37] [INFO] start get result 
[2022-04-22 21:58:37] [INFO] end get result 20 
[2022-04-22 21:58:37] [INFO] reader get 20 
[2022-04-22 21:58:37] [INFO] start get result 
[2022-04-22 21:58:37] [INFO] end get result 14 
[2022-04-22 21:58:37] [INFO] reader get 14 
[2022-04-22 21:58:37] [INFO] start get result 
[2022-04-22 21:58:37] [INFO] end get result 15 
[2022-04-22 21:58:37] [INFO] reader get 15 
[2022-04-22 21:58:37] [INFO] start get result 
[2022-04-22 21:58:37] [INFO] end get result 16 
[2022-04-22 21:58:37] [INFO] reader get 16 
[2022-04-22 21:58:37] [INFO] start get result 
[2022-04-22 21:58:37] [INFO] end get result 17 
[2022-04-22 21:58:37] [INFO] reader get 17 
[2022-04-22 21:58:37] [INFO] start get result 
[2022-04-22 21:58:37] [INFO] end get result 7 
[2022-04-22 21:58:37] [INFO] reader get 7 
[2022-04-22 21:58:37] [INFO] start get result 
[2022-04-22 21:58:37] [INFO] end get result 8 
[2022-04-22 21:58:37] [INFO] reader get 8 
[2022-04-22 21:58:37] [INFO] start get result 
[2022-04-22 21:58:37] [INFO] end get result 9 
[2022-04-22 21:58:37] [INFO] reader get 9 
[2022-04-22 21:58:37] [INFO] start get result 
[2022-04-22 21:58:37] [INFO] end get result 10 
[2022-04-22 21:58:37] [INFO] reader get 10 
[2022-04-22 21:58:37] [INFO] start get result 
[2022-04-22 21:58:37] [INFO] start get result 
[2022-04-22 21:58:37] [INFO] end get result 6 
[2022-04-22 21:58:37] [INFO] reader get 6 
[2022-04-22 21:58:37] [INFO] start get result 
[2022-04-22 21:58:37] [INFO] writer send [7, 8, 9, 10] 
[2022-04-22 21:58:37] [INFO] end writer 
[2022-04-22 21:58:37] [INFO] writer send [14, 15, 16, 17] 
[2022-04-22 21:58:37] [INFO] end writer 
[2022-04-22 21:58:37] [INFO] start get result 
[2022-04-22 21:58:37] [INFO] end get result 12 
[2022-04-22 21:58:37] [INFO] reader get 12 
[2022-04-22 21:58:37] [INFO] start get result 
[2022-04-22 21:58:37] [INFO] start reader 
[2022-04-22 21:58:37] [INFO] writer send [18, 19, 20] 
[2022-04-22 21:58:37] [INFO] end writer 
[2022-04-22 21:58:37] [INFO] start reader 
[2022-04-22 21:58:37] [INFO] start reader 
[2022-04-22 21:58:37] [INFO] start get result 
[2022-04-22 21:58:37] [INFO] start get result 
[2022-04-22 21:58:37] [INFO] start get result 
Exception in thread "Thread-61986" java.util.concurrent.TimeoutException
	at serie1.Ex4.BlockingMessageQueueFuture$MyFuture.get(BlockingMessageQueueFuture.kt:222)
	at serie1.ex4.FutureTest$blocking_message_multiple_send_receive$2$thread$1.invoke(BlockingMessageQueueWithFutureTest.kt:179)
	at serie1.ex4.FutureTest$blocking_message_multiple_send_receive$2$thread$1.invoke(BlockingMessageQueueWithFutureTest.kt:169)
	at kotlin.concurrent.ThreadsKt$thread$thread$1.run(Thread.kt:30)
Exception in thread "Thread-61990" java.util.concurrent.TimeoutException
	at serie1.Ex4.BlockingMessageQueueFuture$MyFuture.get(BlockingMessageQueueFuture.kt:222)
	at serie1.ex4.FutureTest$blocking_message_multiple_send_receive$2$thread$1.invoke(BlockingMessageQueueWithFutureTest.kt:179)
	at serie1.ex4.FutureTest$blocking_message_multiple_send_receive$2$thread$1.invoke(BlockingMessageQueueWithFutureTest.kt:169)
	at kotlin.concurrent.ThreadsKt$thread$thread$1.run(Thread.kt:30)
Exception in thread "Thread-61991" java.util.concurrent.TimeoutException
	at serie1.Ex4.BlockingMessageQueueFuture$MyFuture.get(BlockingMessageQueueFuture.kt:222)
	at serie1.ex4.FutureTest$blocking_message_multiple_send_receive$2$thread$1.invoke(BlockingMessageQueueWithFutureTest.kt:179)
	at serie1.ex4.FutureTest$blocking_message_multiple_send_receive$2$thread$1.invoke(BlockingMessageQueueWithFutureTest.kt:169)
	at kotlin.concurrent.ThreadsKt$thread$thread$1.run(Thread.kt:30)
Exception in thread "Thread-61987" java.util.concurrent.TimeoutException
	at serie1.Ex4.BlockingMessageQueueFuture$MyFuture.get(BlockingMessageQueueFuture.kt:222)
	at serie1.ex4.FutureTest$blocking_message_multiple_send_receive$2$thread$1.invoke(BlockingMessageQueueWithFutureTest.kt:179)
	at serie1.ex4.FutureTest$blocking_message_multiple_send_receive$2$thread$1.invoke(BlockingMessageQueueWithFutureTest.kt:169)
	at kotlin.concurrent.ThreadsKt$thread$thread$1.run(Thread.kt:30)
Exception in thread "Thread-61988" java.util.concurrent.TimeoutException
	at serie1.Ex4.BlockingMessageQueueFuture$MyFuture.get(BlockingMessageQueueFuture.kt:222)
	at serie1.ex4.FutureTest$blocking_message_multiple_send_receive$2$thread$1.invoke(BlockingMessageQueueWithFutureTest.kt:179)
	at serie1.ex4.FutureTest$blocking_message_multiple_send_receive$2$thread$1.invoke(BlockingMessageQueueWithFutureTest.kt:169)
	at kotlin.concurrent.ThreadsKt$thread$thread$1.run(Thread.kt:30)
Exception in thread "Thread-61989" java.util.concurrent.TimeoutException
	at serie1.Ex4.BlockingMessageQueueFuture$MyFuture.get(BlockingMessageQueueFuture.kt:222)
	at serie1.ex4.FutureTest$blocking_message_multiple_send_receive$2$thread$1.invoke(BlockingMessageQueueWithFutureTest.kt:179)
	at serie1.ex4.FutureTest$blocking_message_multiple_send_receive$2$thread$1.invoke(BlockingMessageQueueWithFutureTest.kt:169)
	at kotlin.concurrent.ThreadsKt$thread$thread$1.run(Thread.kt:30)
[2022-04-22 21:58:39] [INFO] start writer 
[2022-04-22 21:58:39] [INFO] writer try send [1, 2, 3] 
[2022-04-22 21:58:39] [INFO] start writer 
[2022-04-22 21:58:39] [INFO] start writer 
[2022-04-22 21:58:39] [INFO] writer try send [6] 
[2022-04-22 21:58:39] [INFO] writer send [6] 
[2022-04-22 21:58:39] [INFO] writer try send [7, 8, 9, 10] 
[2022-04-22 21:58:39] [INFO] writer send [7, 8, 9, 10] 
[2022-04-22 21:58:39] [INFO] writer try send [11, 12, 13] 
[2022-04-22 21:58:39] [INFO] start reader 
[2022-04-22 21:58:39] [INFO] writer send [1, 2, 3] 
[2022-04-22 21:58:39] [INFO] writer try send [14, 15, 16, 17] 
[2022-04-22 21:58:39] [INFO] start writer 
[2022-04-22 21:58:39] [INFO] writer try send [18, 19, 20] 
[2022-04-22 21:58:39] [INFO] start writer 
[2022-04-22 21:58:39] [INFO] end writer 
[2022-04-22 21:58:39] [INFO] start get result 
[2022-04-22 21:58:39] [INFO] end get result 1 
[2022-04-22 21:58:39] [INFO] reader get 1 
[2022-04-22 21:58:39] [INFO] start get result 
[2022-04-22 21:58:39] [INFO] end get result 2 
[2022-04-22 21:58:39] [INFO] reader get 2 
[2022-04-22 21:58:39] [INFO] start get result 
[2022-04-22 21:58:39] [INFO] end get result 3 
[2022-04-22 21:58:39] [INFO] reader get 3 
[2022-04-22 21:58:39] [INFO] start get result 
[2022-04-22 21:58:39] [INFO] end get result 6 
[2022-04-22 21:58:39] [INFO] reader get 6 
[2022-04-22 21:58:39] [INFO] start reader 
[2022-04-22 21:58:39] [INFO] start writer 
[2022-04-22 21:58:39] [INFO] end writer 
[2022-04-22 21:58:39] [INFO] start writer 
[2022-04-22 21:58:39] [INFO] end writer 
[2022-04-22 21:58:39] [INFO] writer try send [4, 5] 
[2022-04-22 21:58:39] [INFO] writer send [11, 12, 13] 
[2022-04-22 21:58:39] [INFO] end writer 
[2022-04-22 21:58:39] [INFO] start get result 
[2022-04-22 21:58:39] [INFO] end get result 8 
[2022-04-22 21:58:39] [INFO] reader get 8 
[2022-04-22 21:58:39] [INFO] start get result 
[2022-04-22 21:58:39] [INFO] end get result 9 
[2022-04-22 21:58:39] [INFO] reader get 9 
[2022-04-22 21:58:39] [INFO] start get result 
[2022-04-22 21:58:39] [INFO] writer send [4, 5] 
[2022-04-22 21:58:39] [INFO] end writer 
[2022-04-22 21:58:39] [INFO] start reader 
[2022-04-22 21:58:39] [INFO] start get result 
[2022-04-22 21:58:39] [INFO] end get result 7 
[2022-04-22 21:58:39] [INFO] reader get 7 
[2022-04-22 21:58:39] [INFO] start reader 
[2022-04-22 21:58:39] [INFO] writer send [18, 19, 20] 
[2022-04-22 21:58:39] [INFO] end writer 
[2022-04-22 21:58:39] [INFO] start get result 
[2022-04-22 21:58:39] [INFO] end get result 18 
[2022-04-22 21:58:39] [INFO] reader get 18 
[2022-04-22 21:58:39] [INFO] start get result 
[2022-04-22 21:58:39] [INFO] end get result 20 
[2022-04-22 21:58:39] [INFO] reader get 20 
[2022-04-22 21:58:39] [INFO] start get result 
[2022-04-22 21:58:39] [INFO] end get result 11 
[2022-04-22 21:58:39] [INFO] reader get 11 
[2022-04-22 21:58:39] [INFO] start get result 
[2022-04-22 21:58:39] [INFO] end get result 12 
[2022-04-22 21:58:39] [INFO] reader get 12 
[2022-04-22 21:58:39] [INFO] start get result 
[2022-04-22 21:58:39] [INFO] end get result 4 
[2022-04-22 21:58:39] [INFO] reader get 4 
[2022-04-22 21:58:39] [INFO] start get result 
[2022-04-22 21:58:39] [INFO] end get result 5 
[2022-04-22 21:58:39] [INFO] reader get 5 
[2022-04-22 21:58:39] [INFO] start get result 
[2022-04-22 21:58:39] [INFO] end get result 14 
[2022-04-22 21:58:39] [INFO] reader get 14 
[2022-04-22 21:58:39] [INFO] start get result 
[2022-04-22 21:58:39] [INFO] end get result 15 
[2022-04-22 21:58:39] [INFO] reader get 15 
[2022-04-22 21:58:39] [INFO] start get result 
[2022-04-22 21:58:39] [INFO] end get result 16 
[2022-04-22 21:58:39] [INFO] reader get 16 
[2022-04-22 21:58:39] [INFO] start get result 
[2022-04-22 21:58:39] [INFO] end get result 17 
[2022-04-22 21:58:39] [INFO] reader get 17 
[2022-04-22 21:58:39] [INFO] start get result 
[2022-04-22 21:58:39] [INFO] end get result 10 
[2022-04-22 21:58:39] [INFO] reader get 10 
[2022-04-22 21:58:39] [INFO] start get result 
[2022-04-22 21:58:39] [INFO] start get result 
[2022-04-22 21:58:39] [INFO] end get result 13 
[2022-04-22 21:58:39] [INFO] reader get 13 
[2022-04-22 21:58:39] [INFO] start get result 
[2022-04-22 21:58:39] [INFO] writer send [14, 15, 16, 17] 
[2022-04-22 21:58:39] [INFO] end writer 
[2022-04-22 21:58:39] [INFO] start get result 
[2022-04-22 21:58:39] [INFO] end get result 19 
[2022-04-22 21:58:39] [INFO] reader get 19 
[2022-04-22 21:58:39] [INFO] start get result 
[2022-04-22 21:58:39] [INFO] start reader 
[2022-04-22 21:58:39] [INFO] start reader 
[2022-04-22 21:58:39] [INFO] start get result 
[2022-04-22 21:58:39] [INFO] start get result 
Exception in thread "Thread-62003" java.util.concurrent.TimeoutException
	at serie1.Ex4.BlockingMessageQueueFuture$MyFuture.get(BlockingMessageQueueFuture.kt:222)
	at serie1.ex4.FutureTest$blocking_message_multiple_send_receive$2$thread$1.invoke(BlockingMessageQueueWithFutureTest.kt:179)
	at serie1.ex4.FutureTest$blocking_message_multiple_send_receive$2$thread$1.invoke(BlockingMessageQueueWithFutureTest.kt:169)
	at kotlin.concurrent.ThreadsKt$thread$thread$1.run(Thread.kt:30)
Exception in thread "Thread-62002" java.util.concurrent.TimeoutException
	at serie1.Ex4.BlockingMessageQueueFuture$MyFuture.get(BlockingMessageQueueFuture.kt:222)
	at serie1.ex4.FutureTest$blocking_message_multiple_send_receive$2$thread$1.invoke(BlockingMessageQueueWithFutureTest.kt:179)
	at serie1.ex4.FutureTest$blocking_message_multiple_send_receive$2$thread$1.invoke(BlockingMessageQueueWithFutureTest.kt:169)
	at kotlin.concurrent.ThreadsKt$thread$thread$1.run(Thread.kt:30)
Exception in thread "Thread-62001" java.util.concurrent.TimeoutException
	at serie1.Ex4.BlockingMessageQueueFuture$MyFuture.get(BlockingMessageQueueFuture.kt:222)
	at serie1.ex4.FutureTest$blocking_message_multiple_send_receive$2$thread$1.invoke(BlockingMessageQueueWithFutureTest.kt:179)
	at serie1.ex4.FutureTest$blocking_message_multiple_send_receive$2$thread$1.invoke(BlockingMessageQueueWithFutureTest.kt:169)
	at kotlin.concurrent.ThreadsKt$thread$thread$1.run(Thread.kt:30)
Exception in thread "Thread-62000" java.util.concurrent.TimeoutException
	at serie1.Ex4.BlockingMessageQueueFuture$MyFuture.get(BlockingMessageQueueFuture.kt:222)
	at serie1.ex4.FutureTest$blocking_message_multiple_send_receive$2$thread$1.invoke(BlockingMessageQueueWithFutureTest.kt:179)
	at serie1.ex4.FutureTest$blocking_message_multiple_send_receive$2$thread$1.invoke(BlockingMessageQueueWithFutureTest.kt:169)
	at kotlin.concurrent.ThreadsKt$thread$thread$1.run(Thread.kt:30)
Exception in thread "Thread-62005" java.util.concurrent.TimeoutException
	at serie1.Ex4.BlockingMessageQueueFuture$MyFuture.get(BlockingMessageQueueFuture.kt:222)
	at serie1.ex4.FutureTest$blocking_message_multiple_send_receive$2$thread$1.invoke(BlockingMessageQueueWithFutureTest.kt:179)
	at serie1.ex4.FutureTest$blocking_message_multiple_send_receive$2$thread$1.invoke(BlockingMessageQueueWithFutureTest.kt:169)
	at kotlin.concurrent.ThreadsKt$thread$thread$1.run(Thread.kt:30)
Exception in thread "Thread-62004" java.util.concurrent.TimeoutException
	at serie1.Ex4.BlockingMessageQueueFuture$MyFuture.get(BlockingMessageQueueFuture.kt:222)
	at serie1.ex4.FutureTest$blocking_message_multiple_send_receive$2$thread$1.invoke(BlockingMessageQueueWithFutureTest.kt:179)
	at serie1.ex4.FutureTest$blocking_message_multiple_send_receive$2$thread$1.invoke(BlockingMessageQueueWithFutureTest.kt:169)
	at kotlin.concurrent.ThreadsKt$thread$thread$1.run(Thread.kt:30)
[2022-04-22 21:58:41] [INFO] start writer 
[2022-04-22 21:58:41] [INFO] writer try send [1, 2, 3] 
[2022-04-22 21:58:41] [INFO] writer send [1, 2, 3] 
[2022-04-22 21:58:41] [INFO] writer try send [4, 5] 
[2022-04-22 21:58:41] [INFO] writer send [4, 5] 
[2022-04-22 21:58:41] [INFO] writer try send [6] 
[2022-04-22 21:58:41] [INFO] writer send [6] 
[2022-04-22 21:58:41] [INFO] writer try send [7, 8, 9, 10] 
[2022-04-22 21:58:41] [INFO] start reader 
[2022-04-22 21:58:41] [INFO] start writer 
[2022-04-22 21:58:41] [INFO] writer try send [11, 12, 13] 
[2022-04-22 21:58:41] [INFO] writer send [11, 12, 13] 
[2022-04-22 21:58:41] [INFO] writer try send [14, 15, 16, 17] 
[2022-04-22 21:58:41] [INFO] start writer 
[2022-04-22 21:58:41] [INFO] writer try send [18, 19, 20] 
[2022-04-22 21:58:41] [INFO] start reader 
[2022-04-22 21:58:41] [INFO] start writer 
[2022-04-22 21:58:41] [INFO] start reader 
[2022-04-22 21:58:41] [INFO] start get result 
[2022-04-22 21:58:41] [INFO] end get result 1 
[2022-04-22 21:58:41] [INFO] reader get 1 
[2022-04-22 21:58:41] [INFO] start get result 
[2022-04-22 21:58:41] [INFO] end get result 2 
[2022-04-22 21:58:41] [INFO] reader get 2 
[2022-04-22 21:58:41] [INFO] start get result 
[2022-04-22 21:58:41] [INFO] end get result 4 
[2022-04-22 21:58:41] [INFO] reader get 4 
[2022-04-22 21:58:41] [INFO] start get result 
[2022-04-22 21:58:41] [INFO] end get result 6 
[2022-04-22 21:58:41] [INFO] reader get 6 
[2022-04-22 21:58:41] [INFO] start get result 
[2022-04-22 21:58:41] [INFO] end get result 11 
[2022-04-22 21:58:41] [INFO] reader get 11 
[2022-04-22 21:58:41] [INFO] start get result 
[2022-04-22 21:58:41] [INFO] end get result 12 
[2022-04-22 21:58:41] [INFO] reader get 12 
[2022-04-22 21:58:41] [INFO] start get result 
[2022-04-22 21:58:41] [INFO] end get result 13 
[2022-04-22 21:58:41] [INFO] reader get 13 
[2022-04-22 21:58:41] [INFO] start get result 
[2022-04-22 21:58:41] [INFO] end get result 18 
[2022-04-22 21:58:41] [INFO] reader get 18 
[2022-04-22 21:58:41] [INFO] start get result 
[2022-04-22 21:58:41] [INFO] start writer 
[2022-04-22 21:58:41] [INFO] end writer 
[2022-04-22 21:58:41] [INFO] start writer 
[2022-04-22 21:58:41] [INFO] end writer 
[2022-04-22 21:58:41] [INFO] end get result 19 
[2022-04-22 21:58:41] [INFO] reader get 19 
[2022-04-22 21:58:41] [INFO] start get result 
[2022-04-22 21:58:41] [INFO] end get result 20 
[2022-04-22 21:58:41] [INFO] reader get 20 
[2022-04-22 21:58:41] [INFO] start get result 
[2022-04-22 21:58:41] [INFO] end get result 7 
[2022-04-22 21:58:41] [INFO] reader get 7 
[2022-04-22 21:58:41] [INFO] start get result 
[2022-04-22 21:58:41] [INFO] end get result 8 
[2022-04-22 21:58:41] [INFO] reader get 8 
[2022-04-22 21:58:41] [INFO] start get result 
[2022-04-22 21:58:41] [INFO] end get result 9 
[2022-04-22 21:58:41] [INFO] reader get 9 
[2022-04-22 21:58:41] [INFO] start get result 
[2022-04-22 21:58:41] [INFO] end get result 10 
[2022-04-22 21:58:41] [INFO] reader get 10 
[2022-04-22 21:58:41] [INFO] start get result 
[2022-04-22 21:58:41] [INFO] end get result 14 
[2022-04-22 21:58:41] [INFO] reader get 14 
[2022-04-22 21:58:41] [INFO] start get result 
[2022-04-22 21:58:41] [INFO] end get result 15 
[2022-04-22 21:58:41] [INFO] reader get 15 
[2022-04-22 21:58:41] [INFO] start get result 
[2022-04-22 21:58:41] [INFO] end get result 16 
[2022-04-22 21:58:41] [INFO] reader get 16 
[2022-04-22 21:58:41] [INFO] start get result 
[2022-04-22 21:58:41] [INFO] end get result 17 
[2022-04-22 21:58:41] [INFO] reader get 17 
[2022-04-22 21:58:41] [INFO] start get result 
[2022-04-22 21:58:41] [INFO] writer send [14, 15, 16, 17] 
[2022-04-22 21:58:41] [INFO] end writer 
[2022-04-22 21:58:41] [INFO] writer send [7, 8, 9, 10] 
[2022-04-22 21:58:41] [INFO] end writer 
[2022-04-22 21:58:41] [INFO] start get result 
[2022-04-22 21:58:41] [INFO] end get result 5 
[2022-04-22 21:58:41] [INFO] reader get 5 
[2022-04-22 21:58:41] [INFO] start get result 
[2022-04-22 21:58:41] [INFO] writer send [18, 19, 20] 
[2022-04-22 21:58:41] [INFO] end writer 
[2022-04-22 21:58:41] [INFO] start get result 
[2022-04-22 21:58:41] [INFO] end get result 3 
[2022-04-22 21:58:41] [INFO] reader get 3 
[2022-04-22 21:58:41] [INFO] start get result 
[2022-04-22 21:58:41] [INFO] start reader 
[2022-04-22 21:58:41] [INFO] end writer 
[2022-04-22 21:58:41] [INFO] start writer 
[2022-04-22 21:58:41] [INFO] end writer 
[2022-04-22 21:58:41] [INFO] start reader 
[2022-04-22 21:58:41] [INFO] start get result 
[2022-04-22 21:58:41] [INFO] start reader 
[2022-04-22 21:58:41] [INFO] start get result 
[2022-04-22 21:58:41] [INFO] start get result 
Exception in thread "Thread-62016" java.util.concurrent.TimeoutException
	at serie1.Ex4.BlockingMessageQueueFuture$MyFuture.get(BlockingMessageQueueFuture.kt:222)
	at serie1.ex4.FutureTest$blocking_message_multiple_send_receive$2$thread$1.invoke(BlockingMessageQueueWithFutureTest.kt:179)
	at serie1.ex4.FutureTest$blocking_message_multiple_send_receive$2$thread$1.invoke(BlockingMessageQueueWithFutureTest.kt:169)
	at kotlin.concurrent.ThreadsKt$thread$thread$1.run(Thread.kt:30)
Exception in thread "Thread-62015" java.util.concurrent.TimeoutException
	at serie1.Ex4.BlockingMessageQueueFuture$MyFuture.get(BlockingMessageQueueFuture.kt:222)
	at serie1.ex4.FutureTest$blocking_message_multiple_send_receive$2$thread$1.invoke(BlockingMessageQueueWithFutureTest.kt:179)
	at serie1.ex4.FutureTest$blocking_message_multiple_send_receive$2$thread$1.invoke(BlockingMessageQueueWithFutureTest.kt:169)
	at kotlin.concurrent.ThreadsKt$thread$thread$1.run(Thread.kt:30)
Exception in thread "Thread-62014" java.util.concurrent.TimeoutException
	at serie1.Ex4.BlockingMessageQueueFuture$MyFuture.get(BlockingMessageQueueFuture.kt:222)
	at serie1.ex4.FutureTest$blocking_message_multiple_send_receive$2$thread$1.invoke(BlockingMessageQueueWithFutureTest.kt:179)
	at serie1.ex4.FutureTest$blocking_message_multiple_send_receive$2$thread$1.invoke(BlockingMessageQueueWithFutureTest.kt:169)
	at kotlin.concurrent.ThreadsKt$thread$thread$1.run(Thread.kt:30)
Exception in thread "Thread-62017" java.util.concurrent.TimeoutException
	at serie1.Ex4.BlockingMessageQueueFuture$MyFuture.get(BlockingMessageQueueFuture.kt:222)
	at serie1.ex4.FutureTest$blocking_message_multiple_send_receive$2$thread$1.invoke(BlockingMessageQueueWithFutureTest.kt:179)
	at serie1.ex4.FutureTest$blocking_message_multiple_send_receive$2$thread$1.invoke(BlockingMessageQueueWithFutureTest.kt:169)
	at kotlin.concurrent.ThreadsKt$thread$thread$1.run(Thread.kt:30)
Exception in thread "Thread-62019" java.util.concurrent.TimeoutException
	at serie1.Ex4.BlockingMessageQueueFuture$MyFuture.get(BlockingMessageQueueFuture.kt:222)
	at serie1.ex4.FutureTest$blocking_message_multiple_send_receive$2$thread$1.invoke(BlockingMessageQueueWithFutureTest.kt:179)
	at serie1.ex4.FutureTest$blocking_message_multiple_send_receive$2$thread$1.invoke(BlockingMessageQueueWithFutureTest.kt:169)
	at kotlin.concurrent.ThreadsKt$thread$thread$1.run(Thread.kt:30)
Exception in thread "Thread-62018" java.util.concurrent.TimeoutException
	at serie1.Ex4.BlockingMessageQueueFuture$MyFuture.get(BlockingMessageQueueFuture.kt:222)
	at serie1.ex4.FutureTest$blocking_message_multiple_send_receive$2$thread$1.invoke(BlockingMessageQueueWithFutureTest.kt:179)
	at serie1.ex4.FutureTest$blocking_message_multiple_send_receive$2$thread$1.invoke(BlockingMessageQueueWithFutureTest.kt:169)
	at kotlin.concurrent.ThreadsKt$thread$thread$1.run(Thread.kt:30)
[2022-04-22 21:58:43] [INFO] start writer 
[2022-04-22 21:58:43] [INFO] writer try send [1, 2, 3] 
[2022-04-22 21:58:43] [INFO] writer send [1, 2, 3] 
[2022-04-22 21:58:43] [INFO] writer try send [4, 5] 
[2022-04-22 21:58:43] [INFO] writer send [4, 5] 
[2022-04-22 21:58:43] [INFO] writer try send [6] 
[2022-04-22 21:58:43] [INFO] writer send [6] 
[2022-04-22 21:58:43] [INFO] writer try send [7, 8, 9, 10] 
[2022-04-22 21:58:43] [INFO] writer send [7, 8, 9, 10] 
[2022-04-22 21:58:43] [INFO] writer try send [11, 12, 13] 
[2022-04-22 21:58:43] [INFO] start writer 
[2022-04-22 21:58:43] [INFO] writer try send [14, 15, 16, 17] 
[2022-04-22 21:58:43] [INFO] start reader 
[2022-04-22 21:58:43] [INFO] start writer 
[2022-04-22 21:58:43] [INFO] start writer 
[2022-04-22 21:58:43] [INFO] end writer 
[2022-04-22 21:58:43] [INFO] start writer 
[2022-04-22 21:58:43] [INFO] end writer 
[2022-04-22 21:58:43] [INFO] start writer 
[2022-04-22 21:58:43] [INFO] end writer 
[2022-04-22 21:58:43] [INFO] start writer 
[2022-04-22 21:58:43] [INFO] end writer 
[2022-04-22 21:58:43] [INFO] start get result 
[2022-04-22 21:58:43] [INFO] end get result 1 
[2022-04-22 21:58:43] [INFO] reader get 1 
[2022-04-22 21:58:43] [INFO] start get result 
[2022-04-22 21:58:43] [INFO] end get result 2 
[2022-04-22 21:58:43] [INFO] reader get 2 
[2022-04-22 21:58:43] [INFO] start get result 
[2022-04-22 21:58:43] [INFO] end get result 3 
[2022-04-22 21:58:43] [INFO] start reader 
[2022-04-22 21:58:43] [INFO] writer try send [18, 19, 20] 
[2022-04-22 21:58:43] [INFO] reader get 3 
[2022-04-22 21:58:43] [INFO] start get result 
[2022-04-22 21:58:43] [INFO] end get result 4 
[2022-04-22 21:58:43] [INFO] reader get 4 
[2022-04-22 21:58:43] [INFO] start get result 
[2022-04-22 21:58:43] [INFO] end get result 5 
[2022-04-22 21:58:43] [INFO] reader get 5 
[2022-04-22 21:58:43] [INFO] start get result 
[2022-04-22 21:58:43] [INFO] end get result 7 
[2022-04-22 21:58:43] [INFO] reader get 7 
[2022-04-22 21:58:43] [INFO] start get result 
[2022-04-22 21:58:43] [INFO] end get result 8 
[2022-04-22 21:58:43] [INFO] reader get 8 
[2022-04-22 21:58:43] [INFO] start get result 
[2022-04-22 21:58:43] [INFO] end get result 9 
[2022-04-22 21:58:43] [INFO] reader get 9 
[2022-04-22 21:58:43] [INFO] start get result 
[2022-04-22 21:58:43] [INFO] end get result 10 
[2022-04-22 21:58:43] [INFO] reader get 10 
[2022-04-22 21:58:43] [INFO] start get result 
[2022-04-22 21:58:43] [INFO] end get result 11 
[2022-04-22 21:58:43] [INFO] reader get 11 
[2022-04-22 21:58:43] [INFO] start get result 
[2022-04-22 21:58:43] [INFO] end get result 12 
[2022-04-22 21:58:43] [INFO] writer send [11, 12, 13] 
[2022-04-22 21:58:43] [INFO] end writer 
[2022-04-22 21:58:43] [INFO] reader get 12 
[2022-04-22 21:58:43] [INFO] start get result 
[2022-04-22 21:58:43] [INFO] end get result 13 
[2022-04-22 21:58:43] [INFO] reader get 13 
[2022-04-22 21:58:43] [INFO] start get result 
[2022-04-22 21:58:43] [INFO] end get result 14 
[2022-04-22 21:58:43] [INFO] reader get 14 
[2022-04-22 21:58:43] [INFO] start get result 
[2022-04-22 21:58:43] [INFO] end get result 15 
[2022-04-22 21:58:43] [INFO] reader get 15 
[2022-04-22 21:58:43] [INFO] start get result 
[2022-04-22 21:58:43] [INFO] writer send [18, 19, 20] 
[2022-04-22 21:58:43] [INFO] end writer 
[2022-04-22 21:58:43] [INFO] writer send [14, 15, 16, 17] 
[2022-04-22 21:58:43] [INFO] end writer 
[2022-04-22 21:58:43] [INFO] start get result 
[2022-04-22 21:58:43] [INFO] end get result 6 
[2022-04-22 21:58:43] [INFO] reader get 6 
[2022-04-22 21:58:43] [INFO] start get result 
[2022-04-22 21:58:43] [INFO] end get result 17 
[2022-04-22 21:58:43] [INFO] reader get 17 
[2022-04-22 21:58:43] [INFO] start get result 
[2022-04-22 21:58:43] [INFO] start reader 
[2022-04-22 21:58:43] [INFO] end get result 18 
[2022-04-22 21:58:43] [INFO] end get result 16 
[2022-04-22 21:58:43] [INFO] reader get 16 
[2022-04-22 21:58:43] [INFO] start get result 
[2022-04-22 21:58:43] [INFO] end get result 19 
[2022-04-22 21:58:43] [INFO] reader get 19 
[2022-04-22 21:58:43] [INFO] start get result 
[2022-04-22 21:58:43] [INFO] end get result 20 
[2022-04-22 21:58:43] [INFO] reader get 20 
[2022-04-22 21:58:43] [INFO] start get result 
[2022-04-22 21:58:43] [INFO] start get result 
[2022-04-22 21:58:43] [INFO] reader get 18 
[2022-04-22 21:58:43] [INFO] start get result 
[2022-04-22 21:58:43] [INFO] start reader 
[2022-04-22 21:58:43] [INFO] start reader 
[2022-04-22 21:58:43] [INFO] start reader 
[2022-04-22 21:58:43] [INFO] start get result 
[2022-04-22 21:58:43] [INFO] start get result 
[2022-04-22 21:58:43] [INFO] start get result 
Exception in thread "Thread-62031" java.util.concurrent.TimeoutException
	at serie1.Ex4.BlockingMessageQueueFuture$MyFuture.get(BlockingMessageQueueFuture.kt:222)
	at serie1.ex4.FutureTest$blocking_message_multiple_send_receive$2$thread$1.invoke(BlockingMessageQueueWithFutureTest.kt:179)
	at serie1.ex4.FutureTest$blocking_message_multiple_send_receive$2$thread$1.invoke(BlockingMessageQueueWithFutureTest.kt:169)
	at kotlin.concurrent.ThreadsKt$thread$thread$1.run(Thread.kt:30)
Exception in thread "Thread-62030" java.util.concurrent.TimeoutException
	at serie1.Ex4.BlockingMessageQueueFuture$MyFuture.get(BlockingMessageQueueFuture.kt:222)
	at serie1.ex4.FutureTest$blocking_message_multiple_send_receive$2$thread$1.invoke(BlockingMessageQueueWithFutureTest.kt:179)
	at serie1.ex4.FutureTest$blocking_message_multiple_send_receive$2$thread$1.invoke(BlockingMessageQueueWithFutureTest.kt:169)
	at kotlin.concurrent.ThreadsKt$thread$thread$1.run(Thread.kt:30)
Exception in thread "Thread-62032" java.util.concurrent.TimeoutException
	at serie1.Ex4.BlockingMessageQueueFuture$MyFuture.get(BlockingMessageQueueFuture.kt:222)
	at serie1.ex4.FutureTest$blocking_message_multiple_send_receive$2$thread$1.invoke(BlockingMessageQueueWithFutureTest.kt:179)
	at serie1.ex4.FutureTest$blocking_message_multiple_send_receive$2$thread$1.invoke(BlockingMessageQueueWithFutureTest.kt:169)
	at kotlin.concurrent.ThreadsKt$thread$thread$1.run(Thread.kt:30)
Exception in thread "Thread-62028" java.util.concurrent.TimeoutException
	at serie1.Ex4.BlockingMessageQueueFuture$MyFuture.get(BlockingMessageQueueFuture.kt:222)
	at serie1.ex4.FutureTest$blocking_message_multiple_send_receive$2$thread$1.invoke(BlockingMessageQueueWithFutureTest.kt:179)
	at serie1.ex4.FutureTest$blocking_message_multiple_send_receive$2$thread$1.invoke(BlockingMessageQueueWithFutureTest.kt:169)
	at kotlin.concurrent.ThreadsKt$thread$thread$1.run(Thread.kt:30)
Exception in thread "Thread-62029" java.util.concurrent.TimeoutException
	at serie1.Ex4.BlockingMessageQueueFuture$MyFuture.get(BlockingMessageQueueFuture.kt:222)
	at serie1.ex4.FutureTest$blocking_message_multiple_send_receive$2$thread$1.invoke(BlockingMessageQueueWithFutureTest.kt:179)
	at serie1.ex4.FutureTest$blocking_message_multiple_send_receive$2$thread$1.invoke(BlockingMessageQueueWithFutureTest.kt:169)
	at kotlin.concurrent.ThreadsKt$thread$thread$1.run(Thread.kt:30)
Exception in thread "Thread-62033" java.util.concurrent.TimeoutException
	at serie1.Ex4.BlockingMessageQueueFuture$MyFuture.get(BlockingMessageQueueFuture.kt:222)
	at serie1.ex4.FutureTest$blocking_message_multiple_send_receive$2$thread$1.invoke(BlockingMessageQueueWithFutureTest.kt:179)
	at serie1.ex4.FutureTest$blocking_message_multiple_send_receive$2$thread$1.invoke(BlockingMessageQueueWithFutureTest.kt:169)
	at kotlin.concurrent.ThreadsKt$thread$thread$1.run(Thread.kt:30)
[2022-04-22 21:58:45] [INFO] start writer 
[2022-04-22 21:58:45] [INFO] start writer 
[2022-04-22 21:58:45] [INFO] writer try send [4, 5] 
[2022-04-22 21:58:45] [INFO] start writer 
[2022-04-22 21:58:45] [INFO] writer try send [6] 
[2022-04-22 21:58:45] [INFO] writer send [6] 
[2022-04-22 21:58:45] [INFO] writer try send [7, 8, 9, 10] 
[2022-04-22 21:58:45] [INFO] start writer 
[2022-04-22 21:58:45] [INFO] writer try send [11, 12, 13] 
[2022-04-22 21:58:45] [INFO] start reader 
[2022-04-22 21:58:45] [INFO] writer send [4, 5] 
[2022-04-22 21:58:45] [INFO] writer try send [14, 15, 16, 17] 
[2022-04-22 21:58:45] [INFO] start writer 
[2022-04-22 21:58:45] [INFO] writer try send [18, 19, 20] 
[2022-04-22 21:58:45] [INFO] writer try send [1, 2, 3] 
[2022-04-22 21:58:45] [INFO] start reader 
[2022-04-22 21:58:45] [INFO] start get result 
[2022-04-22 21:58:45] [INFO] end get result 4 
[2022-04-22 21:58:45] [INFO] reader get 4 
[2022-04-22 21:58:45] [INFO] start get result 
[2022-04-22 21:58:45] [INFO] end get result 5 
[2022-04-22 21:58:45] [INFO] reader get 5 
[2022-04-22 21:58:45] [INFO] start get result 
[2022-04-22 21:58:45] [INFO] end get result 6 
[2022-04-22 21:58:45] [INFO] reader get 6 
[2022-04-22 21:58:45] [INFO] start get result 
[2022-04-22 21:58:45] [INFO] end get result 11 
[2022-04-22 21:58:45] [INFO] reader get 11 
[2022-04-22 21:58:45] [INFO] start get result 
[2022-04-22 21:58:45] [INFO] end get result 13 
[2022-04-22 21:58:45] [INFO] reader get 13 
[2022-04-22 21:58:45] [INFO] start get result 
[2022-04-22 21:58:45] [INFO] end get result 18 
[2022-04-22 21:58:45] [INFO] reader get 18 
[2022-04-22 21:58:45] [INFO] start get result 
[2022-04-22 21:58:45] [INFO] end get result 19 
[2022-04-22 21:58:45] [INFO] reader get 19 
[2022-04-22 21:58:45] [INFO] start get result 
[2022-04-22 21:58:45] [INFO] end get result 20 
[2022-04-22 21:58:45] [INFO] reader get 20 
[2022-04-22 21:58:45] [INFO] start get result 
[2022-04-22 21:58:45] [INFO] end get result 1 
[2022-04-22 21:58:45] [INFO] reader get 1 
[2022-04-22 21:58:45] [INFO] start get result 
[2022-04-22 21:58:45] [INFO] end get result 2 
[2022-04-22 21:58:45] [INFO] writer send [7, 8, 9, 10] 
[2022-04-22 21:58:45] [INFO] end writer 
[2022-04-22 21:58:45] [INFO] start writer 
[2022-04-22 21:58:45] [INFO] end writer 
[2022-04-22 21:58:45] [INFO] start writer 
[2022-04-22 21:58:45] [INFO] end writer 
[2022-04-22 21:58:45] [INFO] start writer 
[2022-04-22 21:58:45] [INFO] end writer 
[2022-04-22 21:58:45] [INFO] reader get 2 
[2022-04-22 21:58:45] [INFO] writer send [1, 2, 3] 
[2022-04-22 21:58:45] [INFO] end writer 
[2022-04-22 21:58:45] [INFO] start get result 
[2022-04-22 21:58:45] [INFO] end get result 12 
[2022-04-22 21:58:45] [INFO] reader get 12 
[2022-04-22 21:58:45] [INFO] start get result 
[2022-04-22 21:58:45] [INFO] end get result 7 
[2022-04-22 21:58:45] [INFO] reader get 7 
[2022-04-22 21:58:45] [INFO] start get result 
[2022-04-22 21:58:45] [INFO] end get result 8 
[2022-04-22 21:58:45] [INFO] reader get 8 
[2022-04-22 21:58:45] [INFO] start get result 
[2022-04-22 21:58:45] [INFO] end get result 9 
[2022-04-22 21:58:45] [INFO] reader get 9 
[2022-04-22 21:58:45] [INFO] start get result 
[2022-04-22 21:58:45] [INFO] end get result 10 
[2022-04-22 21:58:45] [INFO] reader get 10 
[2022-04-22 21:58:45] [INFO] start get result 
[2022-04-22 21:58:45] [INFO] end get result 14 
[2022-04-22 21:58:45] [INFO] reader get 14 
[2022-04-22 21:58:45] [INFO] start get result 
[2022-04-22 21:58:45] [INFO] end get result 15 
[2022-04-22 21:58:45] [INFO] reader get 15 
[2022-04-22 21:58:45] [INFO] start get result 
[2022-04-22 21:58:45] [INFO] end get result 16 
[2022-04-22 21:58:45] [INFO] reader get 16 
[2022-04-22 21:58:45] [INFO] start get result 
[2022-04-22 21:58:45] [INFO] end get result 17 
[2022-04-22 21:58:45] [INFO] reader get 17 
[2022-04-22 21:58:45] [INFO] start get result 
[2022-04-22 21:58:45] [INFO] writer send [18, 19, 20] 
[2022-04-22 21:58:45] [INFO] end writer 
[2022-04-22 21:58:45] [INFO] writer send [11, 12, 13] 
[2022-04-22 21:58:45] [INFO] end writer 
[2022-04-22 21:58:45] [INFO] start reader 
[2022-04-22 21:58:45] [INFO] writer send [14, 15, 16, 17] 
[2022-04-22 21:58:45] [INFO] end writer 
[2022-04-22 21:58:45] [INFO] start get result 
[2022-04-22 21:58:45] [INFO] end get result 3 
[2022-04-22 21:58:45] [INFO] reader get 3 
[2022-04-22 21:58:45] [INFO] start get result 
[2022-04-22 21:58:45] [INFO] start reader 
[2022-04-22 21:58:45] [INFO] start get result 
[2022-04-22 21:58:45] [INFO] start reader 
[2022-04-22 21:58:45] [INFO] start reader 
[2022-04-22 21:58:45] [INFO] start get result 
[2022-04-22 21:58:45] [INFO] start get result 
[2022-04-22 21:58:45] [INFO] start get result 
Exception in thread "Thread-62046" java.util.concurrent.TimeoutException
	at serie1.Ex4.BlockingMessageQueueFuture$MyFuture.get(BlockingMessageQueueFuture.kt:222)
	at serie1.ex4.FutureTest$blocking_message_multiple_send_receive$2$thread$1.invoke(BlockingMessageQueueWithFutureTest.kt:179)
	at serie1.ex4.FutureTest$blocking_message_multiple_send_receive$2$thread$1.invoke(BlockingMessageQueueWithFutureTest.kt:169)
	at kotlin.concurrent.ThreadsKt$thread$thread$1.run(Thread.kt:30)
Exception in thread "Thread-62045" java.util.concurrent.TimeoutException
	at serie1.Ex4.BlockingMessageQueueFuture$MyFuture.get(BlockingMessageQueueFuture.kt:222)
	at serie1.ex4.FutureTest$blocking_message_multiple_send_receive$2$thread$1.invoke(BlockingMessageQueueWithFutureTest.kt:179)
	at serie1.ex4.FutureTest$blocking_message_multiple_send_receive$2$thread$1.invoke(BlockingMessageQueueWithFutureTest.kt:169)
	at kotlin.concurrent.ThreadsKt$thread$thread$1.run(Thread.kt:30)
Exception in thread "Thread-62044" java.util.concurrent.TimeoutException
	at serie1.Ex4.BlockingMessageQueueFuture$MyFuture.get(BlockingMessageQueueFuture.kt:222)
	at serie1.ex4.FutureTest$blocking_message_multiple_send_receive$2$thread$1.invoke(BlockingMessageQueueWithFutureTest.kt:179)
	at serie1.ex4.FutureTest$blocking_message_multiple_send_receive$2$thread$1.invoke(BlockingMessageQueueWithFutureTest.kt:169)
	at kotlin.concurrent.ThreadsKt$thread$thread$1.run(Thread.kt:30)
Exception in thread "Thread-62047" java.util.concurrent.TimeoutException
	at serie1.Ex4.BlockingMessageQueueFuture$MyFuture.get(BlockingMessageQueueFuture.kt:222)
	at serie1.ex4.FutureTest$blocking_message_multiple_send_receive$2$thread$1.invoke(BlockingMessageQueueWithFutureTest.kt:179)
	at serie1.ex4.FutureTest$blocking_message_multiple_send_receive$2$thread$1.invoke(BlockingMessageQueueWithFutureTest.kt:169)
	at kotlin.concurrent.ThreadsKt$thread$thread$1.run(Thread.kt:30)
Exception in thread "Thread-62043" java.util.concurrent.TimeoutException
	at serie1.Ex4.BlockingMessageQueueFuture$MyFuture.get(BlockingMessageQueueFuture.kt:222)
	at serie1.ex4.FutureTest$blocking_message_multiple_send_receive$2$thread$1.invoke(BlockingMessageQueueWithFutureTest.kt:179)
	at serie1.ex4.FutureTest$blocking_message_multiple_send_receive$2$thread$1.invoke(BlockingMessageQueueWithFutureTest.kt:169)
	at kotlin.concurrent.ThreadsKt$thread$thread$1.run(Thread.kt:30)
Exception in thread "Thread-62048" java.util.concurrent.TimeoutException
	at serie1.Ex4.BlockingMessageQueueFuture$MyFuture.get(BlockingMessageQueueFuture.kt:222)
	at serie1.ex4.FutureTest$blocking_message_multiple_send_receive$2$thread$1.invoke(BlockingMessageQueueWithFutureTest.kt:179)
	at serie1.ex4.FutureTest$blocking_message_multiple_send_receive$2$thread$1.invoke(BlockingMessageQueueWithFutureTest.kt:169)
	at kotlin.concurrent.ThreadsKt$thread$thread$1.run(Thread.kt:30)
[2022-04-22 21:58:47] [INFO] start writer 
[2022-04-22 21:58:47] [INFO] writer try send [1, 2, 3] 
[2022-04-22 21:58:47] [INFO] writer send [1, 2, 3] 
[2022-04-22 21:58:47] [INFO] writer try send [4, 5] 
[2022-04-22 21:58:47] [INFO] writer send [4, 5] 
[2022-04-22 21:58:47] [INFO] start writer 
[2022-04-22 21:58:47] [INFO] writer try send [7, 8, 9, 10] 
[2022-04-22 21:58:47] [INFO] start writer 
[2022-04-22 21:58:47] [INFO] writer try send [11, 12, 13] 
[2022-04-22 21:58:47] [INFO] start writer 
[2022-04-22 21:58:47] [INFO] writer try send [14, 15, 16, 17] 
[2022-04-22 21:58:47] [INFO] start writer 
[2022-04-22 21:58:47] [INFO] writer try send [18, 19, 20] 
[2022-04-22 21:58:47] [INFO] start writer 
[2022-04-22 21:58:47] [INFO] end writer 
[2022-04-22 21:58:47] [INFO] start writer 
[2022-04-22 21:58:47] [INFO] end writer 
[2022-04-22 21:58:47] [INFO] writer try send [6] 
[2022-04-22 21:58:47] [INFO] writer send [6] 
[2022-04-22 21:58:47] [INFO] end writer 
[2022-04-22 21:58:47] [INFO] start reader 
[2022-04-22 21:58:47] [INFO] start writer 
[2022-04-22 21:58:47] [INFO] end writer 
[2022-04-22 21:58:47] [INFO] start reader 
[2022-04-22 21:58:47] [INFO] start get result 
[2022-04-22 21:58:47] [INFO] end get result 1 
[2022-04-22 21:58:47] [INFO] reader get 1 
[2022-04-22 21:58:47] [INFO] start get result 
[2022-04-22 21:58:47] [INFO] end get result 2 
[2022-04-22 21:58:47] [INFO] reader get 2 
[2022-04-22 21:58:47] [INFO] start get result 
[2022-04-22 21:58:47] [INFO] end get result 3 
[2022-04-22 21:58:47] [INFO] reader get 3 
[2022-04-22 21:58:47] [INFO] start get result 
[2022-04-22 21:58:47] [INFO] writer send [18, 19, 20] 
[2022-04-22 21:58:47] [INFO] end writer 
[2022-04-22 21:58:47] [INFO] start reader 
[2022-04-22 21:58:47] [INFO] start get result 
[2022-04-22 21:58:47] [INFO] end get result 5 
[2022-04-22 21:58:47] [INFO] start reader 
[2022-04-22 21:58:47] [INFO] end get result 4 
[2022-04-22 21:58:47] [INFO] reader get 4 
[2022-04-22 21:58:47] [INFO] start get result 
[2022-04-22 21:58:47] [INFO] end get result 18 
[2022-04-22 21:58:47] [INFO] reader get 18 
[2022-04-22 21:58:47] [INFO] start get result 
[2022-04-22 21:58:47] [INFO] end get result 20 
[2022-04-22 21:58:47] [INFO] reader get 20 
[2022-04-22 21:58:47] [INFO] start get result 
[2022-04-22 21:58:47] [INFO] end get result 11 
[2022-04-22 21:58:47] [INFO] reader get 11 
[2022-04-22 21:58:47] [INFO] writer send [11, 12, 13] 
[2022-04-22 21:58:47] [INFO] end writer 
[2022-04-22 21:58:47] [INFO] start reader 
[2022-04-22 21:58:47] [INFO] start get result 
[2022-04-22 21:58:47] [INFO] end get result 6 
[2022-04-22 21:58:47] [INFO] reader get 6 
[2022-04-22 21:58:47] [INFO] start get result 
[2022-04-22 21:58:47] [INFO] end get result 13 
[2022-04-22 21:58:47] [INFO] reader get 13 
[2022-04-22 21:58:47] [INFO] start get result 
[2022-04-22 21:58:47] [INFO] end get result 7 
[2022-04-22 21:58:47] [INFO] reader get 7 
[2022-04-22 21:58:47] [INFO] start get result 
[2022-04-22 21:58:47] [INFO] end get result 9 
[2022-04-22 21:58:47] [INFO] reader get 9 
[2022-04-22 21:58:47] [INFO] start get result 
[2022-04-22 21:58:47] [INFO] end get result 10 
[2022-04-22 21:58:47] [INFO] reader get 10 
[2022-04-22 21:58:47] [INFO] start get result 
[2022-04-22 21:58:47] [INFO] end get result 14 
[2022-04-22 21:58:47] [INFO] reader get 14 
[2022-04-22 21:58:47] [INFO] start get result 
[2022-04-22 21:58:47] [INFO] end get result 15 
[2022-04-22 21:58:47] [INFO] reader get 15 
[2022-04-22 21:58:47] [INFO] start get result 
[2022-04-22 21:58:47] [INFO] end get result 16 
[2022-04-22 21:58:47] [INFO] reader get 16 
[2022-04-22 21:58:47] [INFO] start get result 
[2022-04-22 21:58:47] [INFO] end get result 17 
[2022-04-22 21:58:47] [INFO] reader get 17 
[2022-04-22 21:58:47] [INFO] start get result 
[2022-04-22 21:58:47] [INFO] reader get 5 
[2022-04-22 21:58:47] [INFO] start get result 
[2022-04-22 21:58:47] [INFO] writer send [14, 15, 16, 17] 
[2022-04-22 21:58:47] [INFO] end writer 
[2022-04-22 21:58:47] [INFO] start get result 
[2022-04-22 21:58:47] [INFO] end get result 8 
[2022-04-22 21:58:47] [INFO] reader get 8 
[2022-04-22 21:58:47] [INFO] start get result 
[2022-04-22 21:58:47] [INFO] start reader 
[2022-04-22 21:58:47] [INFO] start get result 
[2022-04-22 21:58:47] [INFO] end get result 12 
[2022-04-22 21:58:47] [INFO] reader get 12 
[2022-04-22 21:58:47] [INFO] start get result 
[2022-04-22 21:58:47] [INFO] writer send [7, 8, 9, 10] 
[2022-04-22 21:58:47] [INFO] end writer 
[2022-04-22 21:58:47] [INFO] start get result 
[2022-04-22 21:58:47] [INFO] end get result 19 
[2022-04-22 21:58:47] [INFO] reader get 19 
[2022-04-22 21:58:47] [INFO] start get result 
[2022-04-22 21:58:47] [INFO] start get result 
Exception in thread "Thread-62058" java.util.concurrent.TimeoutException
	at serie1.Ex4.BlockingMessageQueueFuture$MyFuture.get(BlockingMessageQueueFuture.kt:222)
	at serie1.ex4.FutureTest$blocking_message_multiple_send_receive$2$thread$1.invoke(BlockingMessageQueueWithFutureTest.kt:179)
	at serie1.ex4.FutureTest$blocking_message_multiple_send_receive$2$thread$1.invoke(BlockingMessageQueueWithFutureTest.kt:169)
	at kotlin.concurrent.ThreadsKt$thread$thread$1.run(Thread.kt:30)
Exception in thread "Thread-62060" java.util.concurrent.TimeoutException
	at serie1.Ex4.BlockingMessageQueueFuture$MyFuture.get(BlockingMessageQueueFuture.kt:222)
	at serie1.ex4.FutureTest$blocking_message_multiple_send_receive$2$thread$1.invoke(BlockingMessageQueueWithFutureTest.kt:179)
	at serie1.ex4.FutureTest$blocking_message_multiple_send_receive$2$thread$1.invoke(BlockingMessageQueueWithFutureTest.kt:169)
	at kotlin.concurrent.ThreadsKt$thread$thread$1.run(Thread.kt:30)
Exception in thread "Thread-62059" java.util.concurrent.TimeoutException
	at serie1.Ex4.BlockingMessageQueueFuture$MyFuture.get(BlockingMessageQueueFuture.kt:222)
	at serie1.ex4.FutureTest$blocking_message_multiple_send_receive$2$thread$1.invoke(BlockingMessageQueueWithFutureTest.kt:179)
	at serie1.ex4.FutureTest$blocking_message_multiple_send_receive$2$thread$1.invoke(BlockingMessageQueueWithFutureTest.kt:169)
	at kotlin.concurrent.ThreadsKt$thread$thread$1.run(Thread.kt:30)
Exception in thread "Thread-62062" java.util.concurrent.TimeoutException
	at serie1.Ex4.BlockingMessageQueueFuture$MyFuture.get(BlockingMessageQueueFuture.kt:222)
	at serie1.ex4.FutureTest$blocking_message_multiple_send_receive$2$thread$1.invoke(BlockingMessageQueueWithFutureTest.kt:179)
	at serie1.ex4.FutureTest$blocking_message_multiple_send_receive$2$thread$1.invoke(BlockingMessageQueueWithFutureTest.kt:169)
	at kotlin.concurrent.ThreadsKt$thread$thread$1.run(Thread.kt:30)
Exception in thread "Thread-62061" java.util.concurrent.TimeoutException
	at serie1.Ex4.BlockingMessageQueueFuture$MyFuture.get(BlockingMessageQueueFuture.kt:222)
	at serie1.ex4.FutureTest$blocking_message_multiple_send_receive$2$thread$1.invoke(BlockingMessageQueueWithFutureTest.kt:179)
	at serie1.ex4.FutureTest$blocking_message_multiple_send_receive$2$thread$1.invoke(BlockingMessageQueueWithFutureTest.kt:169)
	at kotlin.concurrent.ThreadsKt$thread$thread$1.run(Thread.kt:30)
Exception in thread "Thread-62063" java.util.concurrent.TimeoutException
	at serie1.Ex4.BlockingMessageQueueFuture$MyFuture.get(BlockingMessageQueueFuture.kt:222)
	at serie1.ex4.FutureTest$blocking_message_multiple_send_receive$2$thread$1.invoke(BlockingMessageQueueWithFutureTest.kt:179)
	at serie1.ex4.FutureTest$blocking_message_multiple_send_receive$2$thread$1.invoke(BlockingMessageQueueWithFutureTest.kt:169)
	at kotlin.concurrent.ThreadsKt$thread$thread$1.run(Thread.kt:30)
[2022-04-22 21:58:49] [INFO] start writer 
[2022-04-22 21:58:49] [INFO] start writer 
[2022-04-22 21:58:49] [INFO] writer try send [4, 5] 
[2022-04-22 21:58:49] [INFO] start writer 
[2022-04-22 21:58:49] [INFO] writer try send [6] 
[2022-04-22 21:58:49] [INFO] writer send [6] 
[2022-04-22 21:58:49] [INFO] writer try send [7, 8, 9, 10] 
[2022-04-22 21:58:49] [INFO] writer send [7, 8, 9, 10] 
[2022-04-22 21:58:49] [INFO] writer try send [11, 12, 13] 
[2022-04-22 21:58:49] [INFO] start writer 
[2022-04-22 21:58:49] [INFO] writer try send [14, 15, 16, 17] 
[2022-04-22 21:58:49] [INFO] writer try send [1, 2, 3] 
[2022-04-22 21:58:49] [INFO] start writer 
[2022-04-22 21:58:49] [INFO] writer try send [18, 19, 20] 
[2022-04-22 21:58:49] [INFO] start writer 
[2022-04-22 21:58:49] [INFO] end writer 
[2022-04-22 21:58:49] [INFO] start writer 
[2022-04-22 21:58:49] [INFO] end writer 
[2022-04-22 21:58:49] [INFO] start writer 
[2022-04-22 21:58:49] [INFO] end writer 
[2022-04-22 21:58:49] [INFO] writer send [4, 5] 
[2022-04-22 21:58:49] [INFO] end writer 
[2022-04-22 21:58:49] [INFO] start reader 
[2022-04-22 21:58:49] [INFO] start reader 
[2022-04-22 21:58:49] [INFO] start reader 
[2022-04-22 21:58:49] [INFO] start reader 
[2022-04-22 21:58:49] [INFO] start get result 
[2022-04-22 21:58:49] [INFO] end get result 4 
[2022-04-22 21:58:49] [INFO] reader get 4 
[2022-04-22 21:58:49] [INFO] writer send [1, 2, 3] 
[2022-04-22 21:58:49] [INFO] end writer 
[2022-04-22 21:58:49] [INFO] start get result 
[2022-04-22 21:58:49] [INFO] end get result 5 
[2022-04-22 21:58:49] [INFO] start reader 
[2022-04-22 21:58:49] [INFO] reader get 5 
[2022-04-22 21:58:49] [INFO] start reader 
[2022-04-22 21:58:49] [INFO] start get result 
[2022-04-22 21:58:49] [INFO] end get result 8 
[2022-04-22 21:58:49] [INFO] reader get 8 
[2022-04-22 21:58:49] [INFO] start get result 
[2022-04-22 21:58:49] [INFO] start get result 
[2022-04-22 21:58:49] [INFO] end get result 7 
[2022-04-22 21:58:49] [INFO] reader get 7 
[2022-04-22 21:58:49] [INFO] start get result 
[2022-04-22 21:58:49] [INFO] end get result 2 
[2022-04-22 21:58:49] [INFO] writer send [11, 12, 13] 
[2022-04-22 21:58:49] [INFO] end writer 
[2022-04-22 21:58:49] [INFO] start get result 
[2022-04-22 21:58:49] [INFO] end get result 6 
[2022-04-22 21:58:49] [INFO] reader get 6 
[2022-04-22 21:58:49] [INFO] start get result 
[2022-04-22 21:58:49] [INFO] end get result 18 
[2022-04-22 21:58:49] [INFO] reader get 18 
[2022-04-22 21:58:49] [INFO] start get result 
[2022-04-22 21:58:49] [INFO] end get result 19 
[2022-04-22 21:58:49] [INFO] reader get 19 
[2022-04-22 21:58:49] [INFO] start get result 
[2022-04-22 21:58:49] [INFO] end get result 20 
[2022-04-22 21:58:49] [INFO] reader get 20 
[2022-04-22 21:58:49] [INFO] start get result 
[2022-04-22 21:58:49] [INFO] end get result 11 
[2022-04-22 21:58:49] [INFO] reader get 11 
[2022-04-22 21:58:49] [INFO] start get result 
[2022-04-22 21:58:49] [INFO] end get result 12 
[2022-04-22 21:58:49] [INFO] reader get 12 
[2022-04-22 21:58:49] [INFO] start get result 
[2022-04-22 21:58:49] [INFO] end get result 13 
[2022-04-22 21:58:49] [INFO] reader get 13 
[2022-04-22 21:58:49] [INFO] start get result 
[2022-04-22 21:58:49] [INFO] end get result 14 
[2022-04-22 21:58:49] [INFO] reader get 14 
[2022-04-22 21:58:49] [INFO] start get result 
[2022-04-22 21:58:49] [INFO] end get result 15 
[2022-04-22 21:58:49] [INFO] reader get 15 
[2022-04-22 21:58:49] [INFO] start get result 
[2022-04-22 21:58:49] [INFO] end get result 16 
[2022-04-22 21:58:49] [INFO] reader get 16 
[2022-04-22 21:58:49] [INFO] start get result 
[2022-04-22 21:58:49] [INFO] end get result 17 
[2022-04-22 21:58:49] [INFO] reader get 17 
[2022-04-22 21:58:49] [INFO] start get result 
[2022-04-22 21:58:49] [INFO] reader get 2 
[2022-04-22 21:58:49] [INFO] start get result 
[2022-04-22 21:58:49] [INFO] start get result 
[2022-04-22 21:58:49] [INFO] end get result 3 
[2022-04-22 21:58:49] [INFO] reader get 3 
[2022-04-22 21:58:49] [INFO] start get result 
[2022-04-22 21:58:49] [INFO] start get result 
[2022-04-22 21:58:49] [INFO] end get result 1 
[2022-04-22 21:58:49] [INFO] reader get 1 
[2022-04-22 21:58:49] [INFO] start get result 
[2022-04-22 21:58:49] [INFO] end get result 10 
[2022-04-22 21:58:49] [INFO] reader get 10 
[2022-04-22 21:58:49] [INFO] start get result 
[2022-04-22 21:58:49] [INFO] writer send [18, 19, 20] 
[2022-04-22 21:58:49] [INFO] end writer 
[2022-04-22 21:58:49] [INFO] start get result 
[2022-04-22 21:58:49] [INFO] end get result 9 
[2022-04-22 21:58:49] [INFO] reader get 9 
[2022-04-22 21:58:49] [INFO] start get result 
[2022-04-22 21:58:49] [INFO] writer send [14, 15, 16, 17] 
[2022-04-22 21:58:49] [INFO] end writer 
Exception in thread "Thread-62073" java.util.concurrent.TimeoutException
	at serie1.Ex4.BlockingMessageQueueFuture$MyFuture.get(BlockingMessageQueueFuture.kt:222)
	at serie1.ex4.FutureTest$blocking_message_multiple_send_receive$2$thread$1.invoke(BlockingMessageQueueWithFutureTest.kt:179)
	at serie1.ex4.FutureTest$blocking_message_multiple_send_receive$2$thread$1.invoke(BlockingMessageQueueWithFutureTest.kt:169)
	at kotlin.concurrent.ThreadsKt$thread$thread$1.run(Thread.kt:30)
Exception in thread "Thread-62075" java.util.concurrent.TimeoutException
	at serie1.Ex4.BlockingMessageQueueFuture$MyFuture.get(BlockingMessageQueueFuture.kt:222)
	at serie1.ex4.FutureTest$blocking_message_multiple_send_receive$2$thread$1.invoke(BlockingMessageQueueWithFutureTest.kt:179)
	at serie1.ex4.FutureTest$blocking_message_multiple_send_receive$2$thread$1.invoke(BlockingMessageQueueWithFutureTest.kt:169)
	at kotlin.concurrent.ThreadsKt$thread$thread$1.run(Thread.kt:30)
Exception in thread "Thread-62076" java.util.concurrent.TimeoutException
	at serie1.Ex4.BlockingMessageQueueFuture$MyFuture.get(BlockingMessageQueueFuture.kt:222)
	at serie1.ex4.FutureTest$blocking_message_multiple_send_receive$2$thread$1.invoke(BlockingMessageQueueWithFutureTest.kt:179)
	at serie1.ex4.FutureTest$blocking_message_multiple_send_receive$2$thread$1.invoke(BlockingMessageQueueWithFutureTest.kt:169)
	at kotlin.concurrent.ThreadsKt$thread$thread$1.run(Thread.kt:30)
Exception in thread "Thread-62074" java.util.concurrent.TimeoutException
	at serie1.Ex4.BlockingMessageQueueFuture$MyFuture.get(BlockingMessageQueueFuture.kt:222)
	at serie1.ex4.FutureTest$blocking_message_multiple_send_receive$2$thread$1.invoke(BlockingMessageQueueWithFutureTest.kt:179)
	at serie1.ex4.FutureTest$blocking_message_multiple_send_receive$2$thread$1.invoke(BlockingMessageQueueWithFutureTest.kt:169)
	at kotlin.concurrent.ThreadsKt$thread$thread$1.run(Thread.kt:30)
Exception in thread "Thread-62077" java.util.concurrent.TimeoutException
	at serie1.Ex4.BlockingMessageQueueFuture$MyFuture.get(BlockingMessageQueueFuture.kt:222)
	at serie1.ex4.FutureTest$blocking_message_multiple_send_receive$2$thread$1.invoke(BlockingMessageQueueWithFutureTest.kt:179)
	at serie1.ex4.FutureTest$blocking_message_multiple_send_receive$2$thread$1.invoke(BlockingMessageQueueWithFutureTest.kt:169)
	at kotlin.concurrent.ThreadsKt$thread$thread$1.run(Thread.kt:30)
Exception in thread "Thread-62078" java.util.concurrent.TimeoutException
	at serie1.Ex4.BlockingMessageQueueFuture$MyFuture.get(BlockingMessageQueueFuture.kt:222)
	at serie1.ex4.FutureTest$blocking_message_multiple_send_receive$2$thread$1.invoke(BlockingMessageQueueWithFutureTest.kt:179)
	at serie1.ex4.FutureTest$blocking_message_multiple_send_receive$2$thread$1.invoke(BlockingMessageQueueWithFutureTest.kt:169)
	at kotlin.concurrent.ThreadsKt$thread$thread$1.run(Thread.kt:30)
[2022-04-22 21:58:51] [INFO] start writer 
[2022-04-22 21:58:51] [INFO] start writer 
[2022-04-22 21:58:51] [INFO] start writer 
[2022-04-22 21:58:51] [INFO] writer try send [6] 
[2022-04-22 21:58:51] [INFO] start writer 
[2022-04-22 21:58:51] [INFO] writer try send [7, 8, 9, 10] 
[2022-04-22 21:58:51] [INFO] writer send [7, 8, 9, 10] 
[2022-04-22 21:58:51] [INFO] writer try send [11, 12, 13] 
[2022-04-22 21:58:51] [INFO] writer send [11, 12, 13] 
[2022-04-22 21:58:51] [INFO] writer try send [14, 15, 16, 17] 
[2022-04-22 21:58:51] [INFO] start writer 
[2022-04-22 21:58:51] [INFO] writer send [6] 
[2022-04-22 21:58:51] [INFO] end writer 
[2022-04-22 21:58:51] [INFO] start writer 
[2022-04-22 21:58:51] [INFO] end writer 
[2022-04-22 21:58:51] [INFO] start writer 
[2022-04-22 21:58:51] [INFO] end writer 
[2022-04-22 21:58:51] [INFO] writer try send [4, 5] 
[2022-04-22 21:58:51] [INFO] start reader 
[2022-04-22 21:58:51] [INFO] start writer 
[2022-04-22 21:58:51] [INFO] end writer 
[2022-04-22 21:58:51] [INFO] writer try send [1, 2, 3] 
[2022-04-22 21:58:51] [INFO] writer try send [18, 19, 20] 
[2022-04-22 21:58:51] [INFO] start reader 
[2022-04-22 21:58:51] [INFO] start reader 
[2022-04-22 21:58:51] [INFO] start get result 
[2022-04-22 21:58:51] [INFO] start reader 
[2022-04-22 21:58:51] [INFO] start get result 
[2022-04-22 21:58:51] [INFO] end get result 7 
[2022-04-22 21:58:51] [INFO] reader get 7 
[2022-04-22 21:58:51] [INFO] end get result 6 
[2022-04-22 21:58:51] [INFO] reader get 6 
[2022-04-22 21:58:51] [INFO] start get result 
[2022-04-22 21:58:51] [INFO] end get result 10 
[2022-04-22 21:58:51] [INFO] start get result 
[2022-04-22 21:58:51] [INFO] end get result 11 
[2022-04-22 21:58:51] [INFO] reader get 11 
[2022-04-22 21:58:51] [INFO] start get result 
[2022-04-22 21:58:51] [INFO] end get result 12 
[2022-04-22 21:58:51] [INFO] reader get 12 
[2022-04-22 21:58:51] [INFO] start get result 
[2022-04-22 21:58:51] [INFO] end get result 13 
[2022-04-22 21:58:51] [INFO] start get result 
[2022-04-22 21:58:51] [INFO] end get result 9 
[2022-04-22 21:58:51] [INFO] reader get 9 
[2022-04-22 21:58:51] [INFO] start get result 
[2022-04-22 21:58:51] [INFO] end get result 4 
[2022-04-22 21:58:51] [INFO] start get result 
[2022-04-22 21:58:51] [INFO] end get result 8 
[2022-04-22 21:58:51] [INFO] reader get 8 
[2022-04-22 21:58:51] [INFO] start get result 
[2022-04-22 21:58:51] [INFO] end get result 5 
[2022-04-22 21:58:51] [INFO] reader get 5 
[2022-04-22 21:58:51] [INFO] start get result 
[2022-04-22 21:58:51] [INFO] end get result 1 
[2022-04-22 21:58:51] [INFO] reader get 1 
[2022-04-22 21:58:51] [INFO] start get result 
[2022-04-22 21:58:51] [INFO] end get result 2 
[2022-04-22 21:58:51] [INFO] reader get 2 
[2022-04-22 21:58:51] [INFO] start get result 
[2022-04-22 21:58:51] [INFO] end get result 3 
[2022-04-22 21:58:51] [INFO] reader get 3 
[2022-04-22 21:58:51] [INFO] start get result 
[2022-04-22 21:58:51] [INFO] end get result 18 
[2022-04-22 21:58:51] [INFO] reader get 18 
[2022-04-22 21:58:51] [INFO] start reader 
[2022-04-22 21:58:51] [INFO] writer send [4, 5] 
[2022-04-22 21:58:51] [INFO] end writer 
[2022-04-22 21:58:51] [INFO] start get result 
[2022-04-22 21:58:51] [INFO] end get result 19 
[2022-04-22 21:58:51] [INFO] reader get 19 
[2022-04-22 21:58:51] [INFO] start get result 
[2022-04-22 21:58:51] [INFO] end get result 20 
[2022-04-22 21:58:51] [INFO] reader get 20 
[2022-04-22 21:58:51] [INFO] start get result 
[2022-04-22 21:58:51] [INFO] end get result 14 
[2022-04-22 21:58:51] [INFO] reader get 14 
[2022-04-22 21:58:51] [INFO] start get result 
[2022-04-22 21:58:51] [INFO] end get result 16 
[2022-04-22 21:58:51] [INFO] reader get 16 
[2022-04-22 21:58:51] [INFO] start get result 
[2022-04-22 21:58:51] [INFO] end get result 17 
[2022-04-22 21:58:51] [INFO] reader get 17 
[2022-04-22 21:58:51] [INFO] start get result 
[2022-04-22 21:58:51] [INFO] writer send [14, 15, 16, 17] 
[2022-04-22 21:58:51] [INFO] end writer 
[2022-04-22 21:58:51] [INFO] writer send [18, 19, 20] 
[2022-04-22 21:58:51] [INFO] end writer 
[2022-04-22 21:58:51] [INFO] reader get 4 
[2022-04-22 21:58:51] [INFO] start get result 
[2022-04-22 21:58:51] [INFO] reader get 13 
[2022-04-22 21:58:51] [INFO] start get result 
[2022-04-22 21:58:51] [INFO] writer send [1, 2, 3] 
[2022-04-22 21:58:51] [INFO] end writer 
[2022-04-22 21:58:51] [INFO] reader get 10 
[2022-04-22 21:58:51] [INFO] start get result 
[2022-04-22 21:58:51] [INFO] start get result 
[2022-04-22 21:58:51] [INFO] end get result 15 
[2022-04-22 21:58:51] [INFO] start reader 
[2022-04-22 21:58:51] [INFO] reader get 15 
[2022-04-22 21:58:51] [INFO] start get result 
[2022-04-22 21:58:51] [INFO] start get result 
Exception in thread "Thread-62089" java.util.concurrent.TimeoutException
	at serie1.Ex4.BlockingMessageQueueFuture$MyFuture.get(BlockingMessageQueueFuture.kt:222)
	at serie1.ex4.FutureTest$blocking_message_multiple_send_receive$2$thread$1.invoke(BlockingMessageQueueWithFutureTest.kt:179)
	at serie1.ex4.FutureTest$blocking_message_multiple_send_receive$2$thread$1.invoke(BlockingMessageQueueWithFutureTest.kt:169)
	at kotlin.concurrent.ThreadsKt$thread$thread$1.run(Thread.kt:30)
Exception in thread "Thread-62091" java.util.concurrent.TimeoutException
	at serie1.Ex4.BlockingMessageQueueFuture$MyFuture.get(BlockingMessageQueueFuture.kt:222)
	at serie1.ex4.FutureTest$blocking_message_multiple_send_receive$2$thread$1.invoke(BlockingMessageQueueWithFutureTest.kt:179)
	at serie1.ex4.FutureTest$blocking_message_multiple_send_receive$2$thread$1.invoke(BlockingMessageQueueWithFutureTest.kt:169)
	at kotlin.concurrent.ThreadsKt$thread$thread$1.run(Thread.kt:30)
Exception in thread "Thread-62090" java.util.concurrent.TimeoutException
	at serie1.Ex4.BlockingMessageQueueFuture$MyFuture.get(BlockingMessageQueueFuture.kt:222)
	at serie1.ex4.FutureTest$blocking_message_multiple_send_receive$2$thread$1.invoke(BlockingMessageQueueWithFutureTest.kt:179)
	at serie1.ex4.FutureTest$blocking_message_multiple_send_receive$2$thread$1.invoke(BlockingMessageQueueWithFutureTest.kt:169)
	at kotlin.concurrent.ThreadsKt$thread$thread$1.run(Thread.kt:30)
Exception in thread "Thread-62088" java.util.concurrent.TimeoutException
	at serie1.Ex4.BlockingMessageQueueFuture$MyFuture.get(BlockingMessageQueueFuture.kt:222)
	at serie1.ex4.FutureTest$blocking_message_multiple_send_receive$2$thread$1.invoke(BlockingMessageQueueWithFutureTest.kt:179)
	at serie1.ex4.FutureTest$blocking_message_multiple_send_receive$2$thread$1.invoke(BlockingMessageQueueWithFutureTest.kt:169)
	at kotlin.concurrent.ThreadsKt$thread$thread$1.run(Thread.kt:30)
Exception in thread "Thread-62092" java.util.concurrent.TimeoutException
	at serie1.Ex4.BlockingMessageQueueFuture$MyFuture.get(BlockingMessageQueueFuture.kt:222)
	at serie1.ex4.FutureTest$blocking_message_multiple_send_receive$2$thread$1.invoke(BlockingMessageQueueWithFutureTest.kt:179)
	at serie1.ex4.FutureTest$blocking_message_multiple_send_receive$2$thread$1.invoke(BlockingMessageQueueWithFutureTest.kt:169)
	at kotlin.concurrent.ThreadsKt$thread$thread$1.run(Thread.kt:30)
Exception in thread "Thread-62093" java.util.concurrent.TimeoutException
	at serie1.Ex4.BlockingMessageQueueFuture$MyFuture.get(BlockingMessageQueueFuture.kt:222)
	at serie1.ex4.FutureTest$blocking_message_multiple_send_receive$2$thread$1.invoke(BlockingMessageQueueWithFutureTest.kt:179)
	at serie1.ex4.FutureTest$blocking_message_multiple_send_receive$2$thread$1.invoke(BlockingMessageQueueWithFutureTest.kt:169)
	at kotlin.concurrent.ThreadsKt$thread$thread$1.run(Thread.kt:30)
[2022-04-22 21:58:53] [INFO] start writer 
[2022-04-22 21:58:53] [INFO] writer try send [1, 2, 3] 
[2022-04-22 21:58:53] [INFO] writer send [1, 2, 3] 
[2022-04-22 21:58:53] [INFO] writer try send [4, 5] 
[2022-04-22 21:58:53] [INFO] writer send [4, 5] 
[2022-04-22 21:58:53] [INFO] writer try send [6] 
[2022-04-22 21:58:53] [INFO] writer send [6] 
[2022-04-22 21:58:53] [INFO] writer try send [7, 8, 9, 10] 
[2022-04-22 21:58:53] [INFO] start writer 
[2022-04-22 21:58:53] [INFO] writer try send [11, 12, 13] 
[2022-04-22 21:58:53] [INFO] writer send [11, 12, 13] 
[2022-04-22 21:58:53] [INFO] writer try send [14, 15, 16, 17] 
[2022-04-22 21:58:53] [INFO] start writer 
[2022-04-22 21:58:53] [INFO] writer try send [18, 19, 20] 
[2022-04-22 21:58:53] [INFO] start writer 
[2022-04-22 21:58:53] [INFO] end writer 
[2022-04-22 21:58:53] [INFO] start reader 
[2022-04-22 21:58:53] [INFO] start writer 
[2022-04-22 21:58:53] [INFO] end writer 
[2022-04-22 21:58:53] [INFO] start writer 
[2022-04-22 21:58:53] [INFO] end writer 
[2022-04-22 21:58:53] [INFO] start reader 
[2022-04-22 21:58:53] [INFO] start writer 
[2022-04-22 21:58:53] [INFO] end writer 
[2022-04-22 21:58:53] [INFO] start writer 
[2022-04-22 21:58:53] [INFO] end writer 
[2022-04-22 21:58:53] [INFO] start reader 
[2022-04-22 21:58:53] [INFO] start get result 
[2022-04-22 21:58:53] [INFO] end get result 1 
[2022-04-22 21:58:53] [INFO] start get result 
[2022-04-22 21:58:53] [INFO] end get result 2 
[2022-04-22 21:58:53] [INFO] reader get 2 
[2022-04-22 21:58:53] [INFO] start get result 
[2022-04-22 21:58:53] [INFO] end get result 3 
[2022-04-22 21:58:53] [INFO] reader get 3 
[2022-04-22 21:58:53] [INFO] start get result 
[2022-04-22 21:58:53] [INFO] reader get 1 
[2022-04-22 21:58:53] [INFO] start get result 
[2022-04-22 21:58:53] [INFO] end get result 5 
[2022-04-22 21:58:53] [INFO] reader get 5 
[2022-04-22 21:58:53] [INFO] start get result 
[2022-04-22 21:58:53] [INFO] end get result 11 
[2022-04-22 21:58:53] [INFO] reader get 11 
[2022-04-22 21:58:53] [INFO] start get result 
[2022-04-22 21:58:53] [INFO] end get result 12 
[2022-04-22 21:58:53] [INFO] reader get 12 
[2022-04-22 21:58:53] [INFO] start get result 
[2022-04-22 21:58:53] [INFO] end get result 13 
[2022-04-22 21:58:53] [INFO] start reader 
[2022-04-22 21:58:53] [INFO] reader get 13 
[2022-04-22 21:58:53] [INFO] start get result 
[2022-04-22 21:58:53] [INFO] writer send [7, 8, 9, 10] 
[2022-04-22 21:58:53] [INFO] end writer 
[2022-04-22 21:58:53] [INFO] start get result 
[2022-04-22 21:58:53] [INFO] end get result 6 
[2022-04-22 21:58:53] [INFO] reader get 6 
[2022-04-22 21:58:53] [INFO] start get result 
[2022-04-22 21:58:53] [INFO] end get result 20 
[2022-04-22 21:58:53] [INFO] reader get 20 
[2022-04-22 21:58:53] [INFO] start get result 
[2022-04-22 21:58:53] [INFO] end get result 7 
[2022-04-22 21:58:53] [INFO] reader get 7 
[2022-04-22 21:58:53] [INFO] start get result 
[2022-04-22 21:58:53] [INFO] end get result 8 
[2022-04-22 21:58:53] [INFO] reader get 8 
[2022-04-22 21:58:53] [INFO] start get result 
[2022-04-22 21:58:53] [INFO] end get result 9 
[2022-04-22 21:58:53] [INFO] reader get 9 
[2022-04-22 21:58:53] [INFO] start get result 
[2022-04-22 21:58:53] [INFO] end get result 10 
[2022-04-22 21:58:53] [INFO] reader get 10 
[2022-04-22 21:58:53] [INFO] start get result 
[2022-04-22 21:58:53] [INFO] end get result 14 
[2022-04-22 21:58:53] [INFO] writer send [18, 19, 20] 
[2022-04-22 21:58:53] [INFO] end writer 
[2022-04-22 21:58:53] [INFO] end get result 4 
[2022-04-22 21:58:53] [INFO] reader get 4 
[2022-04-22 21:58:53] [INFO] start get result 
[2022-04-22 21:58:53] [INFO] end get result 15 
[2022-04-22 21:58:53] [INFO] reader get 15 
[2022-04-22 21:58:53] [INFO] start get result 
[2022-04-22 21:58:53] [INFO] end get result 16 
[2022-04-22 21:58:53] [INFO] reader get 16 
[2022-04-22 21:58:53] [INFO] start get result 
[2022-04-22 21:58:53] [INFO] end get result 17 
[2022-04-22 21:58:53] [INFO] reader get 17 
[2022-04-22 21:58:53] [INFO] start get result 
[2022-04-22 21:58:53] [INFO] reader get 14 
[2022-04-22 21:58:53] [INFO] start get result 
[2022-04-22 21:58:53] [INFO] writer send [14, 15, 16, 17] 
[2022-04-22 21:58:53] [INFO] end writer 
[2022-04-22 21:58:53] [INFO] start get result 
[2022-04-22 21:58:53] [INFO] end get result 19 
[2022-04-22 21:58:53] [INFO] reader get 19 
[2022-04-22 21:58:53] [INFO] start get result 
[2022-04-22 21:58:53] [INFO] end get result 18 
[2022-04-22 21:58:53] [INFO] reader get 18 
[2022-04-22 21:58:53] [INFO] start get result 
[2022-04-22 21:58:53] [INFO] start reader 
[2022-04-22 21:58:53] [INFO] start reader 
[2022-04-22 21:58:53] [INFO] start get result 
[2022-04-22 21:58:53] [INFO] start get result 
Exception in thread "Thread-62106" java.util.concurrent.TimeoutException
	at serie1.Ex4.BlockingMessageQueueFuture$MyFuture.get(BlockingMessageQueueFuture.kt:222)
	at serie1.ex4.FutureTest$blocking_message_multiple_send_receive$2$thread$1.invoke(BlockingMessageQueueWithFutureTest.kt:179)
	at serie1.ex4.FutureTest$blocking_message_multiple_send_receive$2$thread$1.invoke(BlockingMessageQueueWithFutureTest.kt:169)
	at kotlin.concurrent.ThreadsKt$thread$thread$1.run(Thread.kt:30)
Exception in thread "Thread-62108" java.util.concurrent.TimeoutException
	at serie1.Ex4.BlockingMessageQueueFuture$MyFuture.get(BlockingMessageQueueFuture.kt:222)
	at serie1.ex4.FutureTest$blocking_message_multiple_send_receive$2$thread$1.invoke(BlockingMessageQueueWithFutureTest.kt:179)
	at serie1.ex4.FutureTest$blocking_message_multiple_send_receive$2$thread$1.invoke(BlockingMessageQueueWithFutureTest.kt:169)
	at kotlin.concurrent.ThreadsKt$thread$thread$1.run(Thread.kt:30)
Exception in thread "Thread-62103" java.util.concurrent.TimeoutException
	at serie1.Ex4.BlockingMessageQueueFuture$MyFuture.get(BlockingMessageQueueFuture.kt:222)
	at serie1.ex4.FutureTest$blocking_message_multiple_send_receive$2$thread$1.invoke(BlockingMessageQueueWithFutureTest.kt:179)
	at serie1.ex4.FutureTest$blocking_message_multiple_send_receive$2$thread$1.invoke(BlockingMessageQueueWithFutureTest.kt:169)
	at kotlin.concurrent.ThreadsKt$thread$thread$1.run(Thread.kt:30)
Exception in thread "Thread-62107" java.util.concurrent.TimeoutException
	at serie1.Ex4.BlockingMessageQueueFuture$MyFuture.get(BlockingMessageQueueFuture.kt:222)
	at serie1.ex4.FutureTest$blocking_message_multiple_send_receive$2$thread$1.invoke(BlockingMessageQueueWithFutureTest.kt:179)
	at serie1.ex4.FutureTest$blocking_message_multiple_send_receive$2$thread$1.invoke(BlockingMessageQueueWithFutureTest.kt:169)
	at kotlin.concurrent.ThreadsKt$thread$thread$1.run(Thread.kt:30)
Exception in thread "Thread-62105" java.util.concurrent.TimeoutException
	at serie1.Ex4.BlockingMessageQueueFuture$MyFuture.get(BlockingMessageQueueFuture.kt:222)
	at serie1.ex4.FutureTest$blocking_message_multiple_send_receive$2$thread$1.invoke(BlockingMessageQueueWithFutureTest.kt:179)
	at serie1.ex4.FutureTest$blocking_message_multiple_send_receive$2$thread$1.invoke(BlockingMessageQueueWithFutureTest.kt:169)
	at kotlin.concurrent.ThreadsKt$thread$thread$1.run(Thread.kt:30)
Exception in thread "Thread-62104" java.util.concurrent.TimeoutException
	at serie1.Ex4.BlockingMessageQueueFuture$MyFuture.get(BlockingMessageQueueFuture.kt:222)
	at serie1.ex4.FutureTest$blocking_message_multiple_send_receive$2$thread$1.invoke(BlockingMessageQueueWithFutureTest.kt:179)
	at serie1.ex4.FutureTest$blocking_message_multiple_send_receive$2$thread$1.invoke(BlockingMessageQueueWithFutureTest.kt:169)
	at kotlin.concurrent.ThreadsKt$thread$thread$1.run(Thread.kt:30)
[2022-04-22 21:58:55] [INFO] start writer 
[2022-04-22 21:58:55] [INFO] writer try send [1, 2, 3] 
[2022-04-22 21:58:55] [INFO] writer send [1, 2, 3] 
[2022-04-22 21:58:55] [INFO] writer try send [4, 5] 
[2022-04-22 21:58:55] [INFO] writer send [4, 5] 
[2022-04-22 21:58:55] [INFO] writer try send [6] 
[2022-04-22 21:58:55] [INFO] writer send [6] 
[2022-04-22 21:58:55] [INFO] writer try send [7, 8, 9, 10] 
[2022-04-22 21:58:55] [INFO] writer send [7, 8, 9, 10] 
[2022-04-22 21:58:55] [INFO] writer try send [11, 12, 13] 
[2022-04-22 21:58:55] [INFO] start writer 
[2022-04-22 21:58:55] [INFO] writer try send [14, 15, 16, 17] 
[2022-04-22 21:58:55] [INFO] start writer 
[2022-04-22 21:58:55] [INFO] writer try send [18, 19, 20] 
[2022-04-22 21:58:55] [INFO] start writer 
[2022-04-22 21:58:55] [INFO] end writer 
[2022-04-22 21:58:55] [INFO] start writer 
[2022-04-22 21:58:55] [INFO] end writer 
[2022-04-22 21:58:55] [INFO] start writer 
[2022-04-22 21:58:55] [INFO] end writer 
[2022-04-22 21:58:55] [INFO] start reader 
[2022-04-22 21:58:55] [INFO] start writer 
[2022-04-22 21:58:55] [INFO] end writer 
[2022-04-22 21:58:55] [INFO] start writer 
[2022-04-22 21:58:55] [INFO] end writer 
[2022-04-22 21:58:55] [INFO] start reader 
[2022-04-22 21:58:55] [INFO] start get result 
[2022-04-22 21:58:55] [INFO] end get result 1 
[2022-04-22 21:58:55] [INFO] reader get 1 
[2022-04-22 21:58:55] [INFO] start get result 
[2022-04-22 21:58:55] [INFO] end get result 2 
[2022-04-22 21:58:55] [INFO] reader get 2 
[2022-04-22 21:58:55] [INFO] start get result 
[2022-04-22 21:58:55] [INFO] end get result 3 
[2022-04-22 21:58:55] [INFO] reader get 3 
[2022-04-22 21:58:55] [INFO] start get result 
[2022-04-22 21:58:55] [INFO] end get result 5 
[2022-04-22 21:58:55] [INFO] reader get 5 
[2022-04-22 21:58:55] [INFO] start get result 
[2022-04-22 21:58:55] [INFO] end get result 6 
[2022-04-22 21:58:55] [INFO] reader get 6 
[2022-04-22 21:58:55] [INFO] start get result 
[2022-04-22 21:58:55] [INFO] end get result 7 
[2022-04-22 21:58:55] [INFO] reader get 7 
[2022-04-22 21:58:55] [INFO] start get result 
[2022-04-22 21:58:55] [INFO] end get result 8 
[2022-04-22 21:58:55] [INFO] reader get 8 
[2022-04-22 21:58:55] [INFO] start get result 
[2022-04-22 21:58:55] [INFO] end get result 9 
[2022-04-22 21:58:55] [INFO] reader get 9 
[2022-04-22 21:58:55] [INFO] start get result 
[2022-04-22 21:58:55] [INFO] end get result 10 
[2022-04-22 21:58:55] [INFO] reader get 10 
[2022-04-22 21:58:55] [INFO] start get result 
[2022-04-22 21:58:55] [INFO] end get result 18 
[2022-04-22 21:58:55] [INFO] reader get 18 
[2022-04-22 21:58:55] [INFO] start get result 
[2022-04-22 21:58:55] [INFO] end get result 19 
[2022-04-22 21:58:55] [INFO] reader get 19 
[2022-04-22 21:58:55] [INFO] start get result 
[2022-04-22 21:58:55] [INFO] end get result 20 
[2022-04-22 21:58:55] [INFO] reader get 20 
[2022-04-22 21:58:55] [INFO] start get result 
[2022-04-22 21:58:55] [INFO] end get result 11 
[2022-04-22 21:58:55] [INFO] reader get 11 
[2022-04-22 21:58:55] [INFO] start get result 
[2022-04-22 21:58:55] [INFO] end get result 12 
[2022-04-22 21:58:55] [INFO] reader get 12 
[2022-04-22 21:58:55] [INFO] start get result 
[2022-04-22 21:58:55] [INFO] end get result 13 
[2022-04-22 21:58:55] [INFO] reader get 13 
[2022-04-22 21:58:55] [INFO] start get result 
[2022-04-22 21:58:55] [INFO] end get result 14 
[2022-04-22 21:58:55] [INFO] reader get 14 
[2022-04-22 21:58:55] [INFO] start get result 
[2022-04-22 21:58:55] [INFO] end get result 15 
[2022-04-22 21:58:55] [INFO] reader get 15 
[2022-04-22 21:58:55] [INFO] start get result 
[2022-04-22 21:58:55] [INFO] end get result 16 
[2022-04-22 21:58:55] [INFO] reader get 16 
[2022-04-22 21:58:55] [INFO] start get result 
[2022-04-22 21:58:55] [INFO] end get result 17 
[2022-04-22 21:58:55] [INFO] reader get 17 
[2022-04-22 21:58:55] [INFO] start get result 
[2022-04-22 21:58:55] [INFO] start reader 
[2022-04-22 21:58:55] [INFO] writer send [14, 15, 16, 17] 
[2022-04-22 21:58:55] [INFO] end writer 
[2022-04-22 21:58:55] [INFO] writer send [11, 12, 13] 
[2022-04-22 21:58:55] [INFO] end writer 
[2022-04-22 21:58:55] [INFO] writer send [18, 19, 20] 
[2022-04-22 21:58:55] [INFO] end writer 
[2022-04-22 21:58:55] [INFO] start get result 
[2022-04-22 21:58:55] [INFO] end get result 4 
[2022-04-22 21:58:55] [INFO] reader get 4 
[2022-04-22 21:58:55] [INFO] start get result 
[2022-04-22 21:58:55] [INFO] start get result 
[2022-04-22 21:58:55] [INFO] start reader 
[2022-04-22 21:58:55] [INFO] start reader 
[2022-04-22 21:58:55] [INFO] start reader 
[2022-04-22 21:58:55] [INFO] start get result 
[2022-04-22 21:58:55] [INFO] start get result 
[2022-04-22 21:58:55] [INFO] start get result 
Exception in thread "Thread-62118" java.util.concurrent.TimeoutException
	at serie1.Ex4.BlockingMessageQueueFuture$MyFuture.get(BlockingMessageQueueFuture.kt:222)
	at serie1.ex4.FutureTest$blocking_message_multiple_send_receive$2$thread$1.invoke(BlockingMessageQueueWithFutureTest.kt:179)
	at serie1.ex4.FutureTest$blocking_message_multiple_send_receive$2$thread$1.invoke(BlockingMessageQueueWithFutureTest.kt:169)
	at kotlin.concurrent.ThreadsKt$thread$thread$1.run(Thread.kt:30)
Exception in thread "Thread-62121" java.util.concurrent.TimeoutException
	at serie1.Ex4.BlockingMessageQueueFuture$MyFuture.get(BlockingMessageQueueFuture.kt:222)
	at serie1.ex4.FutureTest$blocking_message_multiple_send_receive$2$thread$1.invoke(BlockingMessageQueueWithFutureTest.kt:179)
	at serie1.ex4.FutureTest$blocking_message_multiple_send_receive$2$thread$1.invoke(BlockingMessageQueueWithFutureTest.kt:169)
	at kotlin.concurrent.ThreadsKt$thread$thread$1.run(Thread.kt:30)
Exception in thread "Thread-62123" java.util.concurrent.TimeoutException
	at serie1.Ex4.BlockingMessageQueueFuture$MyFuture.get(BlockingMessageQueueFuture.kt:222)
	at serie1.ex4.FutureTest$blocking_message_multiple_send_receive$2$thread$1.invoke(BlockingMessageQueueWithFutureTest.kt:179)
	at serie1.ex4.FutureTest$blocking_message_multiple_send_receive$2$thread$1.invoke(BlockingMessageQueueWithFutureTest.kt:169)
	at kotlin.concurrent.ThreadsKt$thread$thread$1.run(Thread.kt:30)
Exception in thread "Thread-62120" java.util.concurrent.TimeoutException
	at serie1.Ex4.BlockingMessageQueueFuture$MyFuture.get(BlockingMessageQueueFuture.kt:222)
	at serie1.ex4.FutureTest$blocking_message_multiple_send_receive$2$thread$1.invoke(BlockingMessageQueueWithFutureTest.kt:179)
	at serie1.ex4.FutureTest$blocking_message_multiple_send_receive$2$thread$1.invoke(BlockingMessageQueueWithFutureTest.kt:169)
	at kotlin.concurrent.ThreadsKt$thread$thread$1.run(Thread.kt:30)
Exception in thread "Thread-62122" java.util.concurrent.TimeoutException
	at serie1.Ex4.BlockingMessageQueueFuture$MyFuture.get(BlockingMessageQueueFuture.kt:222)
	at serie1.ex4.FutureTest$blocking_message_multiple_send_receive$2$thread$1.invoke(BlockingMessageQueueWithFutureTest.kt:179)
	at serie1.ex4.FutureTest$blocking_message_multiple_send_receive$2$thread$1.invoke(BlockingMessageQueueWithFutureTest.kt:169)
	at kotlin.concurrent.ThreadsKt$thread$thread$1.run(Thread.kt:30)
Exception in thread "Thread-62119" java.util.concurrent.TimeoutException
	at serie1.Ex4.BlockingMessageQueueFuture$MyFuture.get(BlockingMessageQueueFuture.kt:222)
	at serie1.ex4.FutureTest$blocking_message_multiple_send_receive$2$thread$1.invoke(BlockingMessageQueueWithFutureTest.kt:179)
	at serie1.ex4.FutureTest$blocking_message_multiple_send_receive$2$thread$1.invoke(BlockingMessageQueueWithFutureTest.kt:169)
	at kotlin.concurrent.ThreadsKt$thread$thread$1.run(Thread.kt:30)
[2022-04-22 21:58:57] [INFO] start writer 
[2022-04-22 21:58:57] [INFO] writer try send [1, 2, 3] 
[2022-04-22 21:58:57] [INFO] writer send [1, 2, 3] 
[2022-04-22 21:58:57] [INFO] writer try send [4, 5] 
[2022-04-22 21:58:57] [INFO] writer send [4, 5] 
[2022-04-22 21:58:57] [INFO] writer try send [6] 
[2022-04-22 21:58:57] [INFO] start writer 
[2022-04-22 21:58:57] [INFO] writer try send [7, 8, 9, 10] 
[2022-04-22 21:58:57] [INFO] start writer 
[2022-04-22 21:58:57] [INFO] writer try send [11, 12, 13] 
[2022-04-22 21:58:57] [INFO] start writer 
[2022-04-22 21:58:57] [INFO] writer try send [14, 15, 16, 17] 
[2022-04-22 21:58:57] [INFO] start reader 
[2022-04-22 21:58:57] [INFO] start writer 
[2022-04-22 21:58:57] [INFO] writer try send [18, 19, 20] 
[2022-04-22 21:58:57] [INFO] start writer 
[2022-04-22 21:58:57] [INFO] start writer 
[2022-04-22 21:58:57] [INFO] end writer 
[2022-04-22 21:58:57] [INFO] start reader 
[2022-04-22 21:58:57] [INFO] end writer 
[2022-04-22 21:58:57] [INFO] start writer 
[2022-04-22 21:58:57] [INFO] end writer 
[2022-04-22 21:58:57] [INFO] start reader 
[2022-04-22 21:58:57] [INFO] start writer 
[2022-04-22 21:58:57] [INFO] end writer 
[2022-04-22 21:58:57] [INFO] start reader 
[2022-04-22 21:58:57] [INFO] start get result 
[2022-04-22 21:58:57] [INFO] end get result 2 
[2022-04-22 21:58:57] [INFO] reader get 2 
[2022-04-22 21:58:57] [INFO] start get result 
[2022-04-22 21:58:57] [INFO] end get result 4 
[2022-04-22 21:58:57] [INFO] reader get 4 
[2022-04-22 21:58:57] [INFO] start get result 
[2022-04-22 21:58:57] [INFO] end get result 5 
[2022-04-22 21:58:57] [INFO] reader get 5 
[2022-04-22 21:58:57] [INFO] start get result 
[2022-04-22 21:58:57] [INFO] end get result 6 
[2022-04-22 21:58:57] [INFO] reader get 6 
[2022-04-22 21:58:57] [INFO] start get result 
[2022-04-22 21:58:57] [INFO] end get result 15 
[2022-04-22 21:58:57] [INFO] reader get 15 
[2022-04-22 21:58:57] [INFO] start get result 
[2022-04-22 21:58:57] [INFO] end get result 16 
[2022-04-22 21:58:57] [INFO] reader get 16 
[2022-04-22 21:58:57] [INFO] start get result 
[2022-04-22 21:58:57] [INFO] end get result 17 
[2022-04-22 21:58:57] [INFO] reader get 17 
[2022-04-22 21:58:57] [INFO] start get result 
[2022-04-22 21:58:57] [INFO] end get result 11 
[2022-04-22 21:58:57] [INFO] reader get 11 
[2022-04-22 21:58:57] [INFO] start get result 
[2022-04-22 21:58:57] [INFO] end get result 12 
[2022-04-22 21:58:57] [INFO] reader get 12 
[2022-04-22 21:58:57] [INFO] start get result 
[2022-04-22 21:58:57] [INFO] end get result 13 
[2022-04-22 21:58:57] [INFO] reader get 13 
[2022-04-22 21:58:57] [INFO] start get result 
[2022-04-22 21:58:57] [INFO] end get result 18 
[2022-04-22 21:58:57] [INFO] reader get 18 
[2022-04-22 21:58:57] [INFO] start get result 
[2022-04-22 21:58:57] [INFO] end get result 19 
[2022-04-22 21:58:57] [INFO] reader get 19 
[2022-04-22 21:58:57] [INFO] start get result 
[2022-04-22 21:58:57] [INFO] end get result 20 
[2022-04-22 21:58:57] [INFO] reader get 20 
[2022-04-22 21:58:57] [INFO] start get result 
[2022-04-22 21:58:57] [INFO] end get result 7 
[2022-04-22 21:58:57] [INFO] reader get 7 
[2022-04-22 21:58:57] [INFO] start get result 
[2022-04-22 21:58:57] [INFO] end get result 8 
[2022-04-22 21:58:57] [INFO] reader get 8 
[2022-04-22 21:58:57] [INFO] start get result 
[2022-04-22 21:58:57] [INFO] end get result 9 
[2022-04-22 21:58:57] [INFO] reader get 9 
[2022-04-22 21:58:57] [INFO] start get result 
[2022-04-22 21:58:57] [INFO] end get result 10 
[2022-04-22 21:58:57] [INFO] reader get 10 
[2022-04-22 21:58:57] [INFO] start get result 
[2022-04-22 21:58:57] [INFO] writer send [6] 
[2022-04-22 21:58:57] [INFO] end writer 
[2022-04-22 21:58:57] [INFO] start get result 
[2022-04-22 21:58:57] [INFO] end get result 1 
[2022-04-22 21:58:57] [INFO] reader get 1 
[2022-04-22 21:58:57] [INFO] start get result 
[2022-04-22 21:58:57] [INFO] writer send [7, 8, 9, 10] 
[2022-04-22 21:58:57] [INFO] end writer 
[2022-04-22 21:58:57] [INFO] writer send [18, 19, 20] 
[2022-04-22 21:58:57] [INFO] end writer 
[2022-04-22 21:58:57] [INFO] writer send [11, 12, 13] 
[2022-04-22 21:58:57] [INFO] end writer 
[2022-04-22 21:58:57] [INFO] start get result 
[2022-04-22 21:58:57] [INFO] end get result 14 
[2022-04-22 21:58:57] [INFO] reader get 14 
[2022-04-22 21:58:57] [INFO] start get result 
[2022-04-22 21:58:57] [INFO] writer send [14, 15, 16, 17] 
[2022-04-22 21:58:57] [INFO] end writer 
[2022-04-22 21:58:57] [INFO] start reader 
[2022-04-22 21:58:57] [INFO] start get result 
[2022-04-22 21:58:57] [INFO] end get result 3 
[2022-04-22 21:58:57] [INFO] reader get 3 
[2022-04-22 21:58:57] [INFO] start get result 
[2022-04-22 21:58:57] [INFO] start reader 
[2022-04-22 21:58:57] [INFO] start get result 
[2022-04-22 21:58:57] [INFO] start get result 
Exception in thread "Thread-62134" java.util.concurrent.TimeoutException
	at serie1.Ex4.BlockingMessageQueueFuture$MyFuture.get(BlockingMessageQueueFuture.kt:222)
	at serie1.ex4.FutureTest$blocking_message_multiple_send_receive$2$thread$1.invoke(BlockingMessageQueueWithFutureTest.kt:179)
	at serie1.ex4.FutureTest$blocking_message_multiple_send_receive$2$thread$1.invoke(BlockingMessageQueueWithFutureTest.kt:169)
	at kotlin.concurrent.ThreadsKt$thread$thread$1.run(Thread.kt:30)
Exception in thread "Thread-62138" java.util.concurrent.TimeoutException
	at serie1.Ex4.BlockingMessageQueueFuture$MyFuture.get(BlockingMessageQueueFuture.kt:222)
	at serie1.ex4.FutureTest$blocking_message_multiple_send_receive$2$thread$1.invoke(BlockingMessageQueueWithFutureTest.kt:179)
	at serie1.ex4.FutureTest$blocking_message_multiple_send_receive$2$thread$1.invoke(BlockingMessageQueueWithFutureTest.kt:169)
	at kotlin.concurrent.ThreadsKt$thread$thread$1.run(Thread.kt:30)
Exception in thread "Thread-62136" java.util.concurrent.TimeoutException
	at serie1.Ex4.BlockingMessageQueueFuture$MyFuture.get(BlockingMessageQueueFuture.kt:222)
	at serie1.ex4.FutureTest$blocking_message_multiple_send_receive$2$thread$1.invoke(BlockingMessageQueueWithFutureTest.kt:179)
	at serie1.ex4.FutureTest$blocking_message_multiple_send_receive$2$thread$1.invoke(BlockingMessageQueueWithFutureTest.kt:169)
	at kotlin.concurrent.ThreadsKt$thread$thread$1.run(Thread.kt:30)
Exception in thread "Thread-62137" java.util.concurrent.TimeoutException
	at serie1.Ex4.BlockingMessageQueueFuture$MyFuture.get(BlockingMessageQueueFuture.kt:222)
	at serie1.ex4.FutureTest$blocking_message_multiple_send_receive$2$thread$1.invoke(BlockingMessageQueueWithFutureTest.kt:179)
	at serie1.ex4.FutureTest$blocking_message_multiple_send_receive$2$thread$1.invoke(BlockingMessageQueueWithFutureTest.kt:169)
	at kotlin.concurrent.ThreadsKt$thread$thread$1.run(Thread.kt:30)
Exception in thread "Thread-62135" java.util.concurrent.TimeoutException
	at serie1.Ex4.BlockingMessageQueueFuture$MyFuture.get(BlockingMessageQueueFuture.kt:222)
	at serie1.ex4.FutureTest$blocking_message_multiple_send_receive$2$thread$1.invoke(BlockingMessageQueueWithFutureTest.kt:179)
	at serie1.ex4.FutureTest$blocking_message_multiple_send_receive$2$thread$1.invoke(BlockingMessageQueueWithFutureTest.kt:169)
	at kotlin.concurrent.ThreadsKt$thread$thread$1.run(Thread.kt:30)
Exception in thread "Thread-62139" java.util.concurrent.TimeoutException
	at serie1.Ex4.BlockingMessageQueueFuture$MyFuture.get(BlockingMessageQueueFuture.kt:222)
	at serie1.ex4.FutureTest$blocking_message_multiple_send_receive$2$thread$1.invoke(BlockingMessageQueueWithFutureTest.kt:179)
	at serie1.ex4.FutureTest$blocking_message_multiple_send_receive$2$thread$1.invoke(BlockingMessageQueueWithFutureTest.kt:169)
	at kotlin.concurrent.ThreadsKt$thread$thread$1.run(Thread.kt:30)
[2022-04-22 21:58:59] [INFO] start writer 
[2022-04-22 21:58:59] [INFO] writer try send [1, 2, 3] 
[2022-04-22 21:58:59] [INFO] writer send [1, 2, 3] 
[2022-04-22 21:58:59] [INFO] writer try send [4, 5] 
[2022-04-22 21:58:59] [INFO] writer send [4, 5] 
[2022-04-22 21:58:59] [INFO] writer try send [6] 
[2022-04-22 21:58:59] [INFO] writer send [6] 
[2022-04-22 21:58:59] [INFO] writer try send [7, 8, 9, 10] 
[2022-04-22 21:58:59] [INFO] start writer 
[2022-04-22 21:58:59] [INFO] writer try send [11, 12, 13] 
[2022-04-22 21:58:59] [INFO] start writer 
[2022-04-22 21:58:59] [INFO] writer try send [14, 15, 16, 17] 
[2022-04-22 21:58:59] [INFO] start reader 
[2022-04-22 21:58:59] [INFO] start writer 
[2022-04-22 21:58:59] [INFO] writer try send [18, 19, 20] 
[2022-04-22 21:58:59] [INFO] start writer 
[2022-04-22 21:58:59] [INFO] end writer 
[2022-04-22 21:58:59] [INFO] start writer 
[2022-04-22 21:58:59] [INFO] end writer 
[2022-04-22 21:58:59] [INFO] start writer 
[2022-04-22 21:58:59] [INFO] end writer 
[2022-04-22 21:58:59] [INFO] start writer 
[2022-04-22 21:58:59] [INFO] end writer 
[2022-04-22 21:58:59] [INFO] start reader 
[2022-04-22 21:58:59] [INFO] start writer 
[2022-04-22 21:58:59] [INFO] end writer 
[2022-04-22 21:58:59] [INFO] start get result 
[2022-04-22 21:58:59] [INFO] end get result 1 
[2022-04-22 21:58:59] [INFO] reader get 1 
[2022-04-22 21:58:59] [INFO] start get result 
[2022-04-22 21:58:59] [INFO] end get result 3 
[2022-04-22 21:58:59] [INFO] reader get 3 
[2022-04-22 21:58:59] [INFO] start get result 
[2022-04-22 21:58:59] [INFO] writer send [18, 19, 20] 
[2022-04-22 21:58:59] [INFO] end writer 
[2022-04-22 21:58:59] [INFO] start reader 
[2022-04-22 21:58:59] [INFO] end get result 4 
[2022-04-22 21:58:59] [INFO] reader get 4 
[2022-04-22 21:58:59] [INFO] start get result 
[2022-04-22 21:58:59] [INFO] end get result 5 
[2022-04-22 21:58:59] [INFO] reader get 5 
[2022-04-22 21:58:59] [INFO] start get result 
[2022-04-22 21:58:59] [INFO] writer send [11, 12, 13] 
[2022-04-22 21:58:59] [INFO] end writer 
[2022-04-22 21:58:59] [INFO] start get result 
[2022-04-22 21:58:59] [INFO] end get result 2 
[2022-04-22 21:58:59] [INFO] reader get 2 
[2022-04-22 21:58:59] [INFO] start get result 
[2022-04-22 21:58:59] [INFO] end get result 19 
[2022-04-22 21:58:59] [INFO] reader get 19 
[2022-04-22 21:58:59] [INFO] start get result 
[2022-04-22 21:58:59] [INFO] end get result 20 
[2022-04-22 21:58:59] [INFO] reader get 20 
[2022-04-22 21:58:59] [INFO] start get result 
[2022-04-22 21:58:59] [INFO] end get result 11 
[2022-04-22 21:58:59] [INFO] reader get 11 
[2022-04-22 21:58:59] [INFO] start get result 
[2022-04-22 21:58:59] [INFO] end get result 12 
[2022-04-22 21:58:59] [INFO] reader get 12 
[2022-04-22 21:58:59] [INFO] start get result 
[2022-04-22 21:58:59] [INFO] end get result 13 
[2022-04-22 21:58:59] [INFO] reader get 13 
[2022-04-22 21:58:59] [INFO] start get result 
[2022-04-22 21:58:59] [INFO] end get result 7 
[2022-04-22 21:58:59] [INFO] reader get 7 
[2022-04-22 21:58:59] [INFO] start get result 
[2022-04-22 21:58:59] [INFO] end get result 8 
[2022-04-22 21:58:59] [INFO] start get result 
[2022-04-22 21:58:59] [INFO] end get result 18 
[2022-04-22 21:58:59] [INFO] reader get 18 
[2022-04-22 21:58:59] [INFO] start get result 
[2022-04-22 21:58:59] [INFO] end get result 9 
[2022-04-22 21:58:59] [INFO] reader get 9 
[2022-04-22 21:58:59] [INFO] start get result 
[2022-04-22 21:58:59] [INFO] end get result 10 
[2022-04-22 21:58:59] [INFO] reader get 10 
[2022-04-22 21:58:59] [INFO] start get result 
[2022-04-22 21:58:59] [INFO] end get result 14 
[2022-04-22 21:58:59] [INFO] reader get 14 
[2022-04-22 21:58:59] [INFO] start get result 
[2022-04-22 21:58:59] [INFO] end get result 15 
[2022-04-22 21:58:59] [INFO] reader get 15 
[2022-04-22 21:58:59] [INFO] start get result 
[2022-04-22 21:58:59] [INFO] end get result 16 
[2022-04-22 21:58:59] [INFO] reader get 16 
[2022-04-22 21:58:59] [INFO] start get result 
[2022-04-22 21:58:59] [INFO] end get result 17 
[2022-04-22 21:58:59] [INFO] reader get 17 
[2022-04-22 21:58:59] [INFO] start get result 
[2022-04-22 21:58:59] [INFO] end get result 6 
[2022-04-22 21:58:59] [INFO] reader get 6 
[2022-04-22 21:58:59] [INFO] start get result 
[2022-04-22 21:58:59] [INFO] start reader 
[2022-04-22 21:58:59] [INFO] reader get 8 
[2022-04-22 21:58:59] [INFO] start get result 
[2022-04-22 21:58:59] [INFO] writer send [14, 15, 16, 17] 
[2022-04-22 21:58:59] [INFO] end writer 
[2022-04-22 21:58:59] [INFO] writer send [7, 8, 9, 10] 
[2022-04-22 21:58:59] [INFO] end writer 
[2022-04-22 21:58:59] [INFO] start reader 
[2022-04-22 21:58:59] [INFO] start get result 
[2022-04-22 21:58:59] [INFO] start reader 
[2022-04-22 21:58:59] [INFO] start get result 
[2022-04-22 21:58:59] [INFO] start get result 
Exception in thread "Thread-62152" java.util.concurrent.TimeoutException
	at serie1.Ex4.BlockingMessageQueueFuture$MyFuture.get(BlockingMessageQueueFuture.kt:222)
	at serie1.ex4.FutureTest$blocking_message_multiple_send_receive$2$thread$1.invoke(BlockingMessageQueueWithFutureTest.kt:179)
	at serie1.ex4.FutureTest$blocking_message_multiple_send_receive$2$thread$1.invoke(BlockingMessageQueueWithFutureTest.kt:169)
	at kotlin.concurrent.ThreadsKt$thread$thread$1.run(Thread.kt:30)
Exception in thread "Thread-62155" java.util.concurrent.TimeoutException
	at serie1.Ex4.BlockingMessageQueueFuture$MyFuture.get(BlockingMessageQueueFuture.kt:222)
	at serie1.ex4.FutureTest$blocking_message_multiple_send_receive$2$thread$1.invoke(BlockingMessageQueueWithFutureTest.kt:179)
	at serie1.ex4.FutureTest$blocking_message_multiple_send_receive$2$thread$1.invoke(BlockingMessageQueueWithFutureTest.kt:169)
	at kotlin.concurrent.ThreadsKt$thread$thread$1.run(Thread.kt:30)
Exception in thread "Thread-62150" java.util.concurrent.TimeoutException
	at serie1.Ex4.BlockingMessageQueueFuture$MyFuture.get(BlockingMessageQueueFuture.kt:222)
	at serie1.ex4.FutureTest$blocking_message_multiple_send_receive$2$thread$1.invoke(BlockingMessageQueueWithFutureTest.kt:179)
	at serie1.ex4.FutureTest$blocking_message_multiple_send_receive$2$thread$1.invoke(BlockingMessageQueueWithFutureTest.kt:169)
	at kotlin.concurrent.ThreadsKt$thread$thread$1.run(Thread.kt:30)
Exception in thread "Thread-62154" java.util.concurrent.TimeoutException
	at serie1.Ex4.BlockingMessageQueueFuture$MyFuture.get(BlockingMessageQueueFuture.kt:222)
	at serie1.ex4.FutureTest$blocking_message_multiple_send_receive$2$thread$1.invoke(BlockingMessageQueueWithFutureTest.kt:179)
	at serie1.ex4.FutureTest$blocking_message_multiple_send_receive$2$thread$1.invoke(BlockingMessageQueueWithFutureTest.kt:169)
	at kotlin.concurrent.ThreadsKt$thread$thread$1.run(Thread.kt:30)
Exception in thread "Thread-62153" java.util.concurrent.TimeoutException
	at serie1.Ex4.BlockingMessageQueueFuture$MyFuture.get(BlockingMessageQueueFuture.kt:222)
	at serie1.ex4.FutureTest$blocking_message_multiple_send_receive$2$thread$1.invoke(BlockingMessageQueueWithFutureTest.kt:179)
	at serie1.ex4.FutureTest$blocking_message_multiple_send_receive$2$thread$1.invoke(BlockingMessageQueueWithFutureTest.kt:169)
	at kotlin.concurrent.ThreadsKt$thread$thread$1.run(Thread.kt:30)
Exception in thread "Thread-62151" java.util.concurrent.TimeoutException
	at serie1.Ex4.BlockingMessageQueueFuture$MyFuture.get(BlockingMessageQueueFuture.kt:222)
	at serie1.ex4.FutureTest$blocking_message_multiple_send_receive$2$thread$1.invoke(BlockingMessageQueueWithFutureTest.kt:179)
	at serie1.ex4.FutureTest$blocking_message_multiple_send_receive$2$thread$1.invoke(BlockingMessageQueueWithFutureTest.kt:169)
	at kotlin.concurrent.ThreadsKt$thread$thread$1.run(Thread.kt:30)
[2022-04-22 21:59:01] [INFO] start writer 
[2022-04-22 21:59:01] [INFO] writer try send [1, 2, 3] 
[2022-04-22 21:59:01] [INFO] writer send [1, 2, 3] 
[2022-04-22 21:59:01] [INFO] start writer 
[2022-04-22 21:59:01] [INFO] writer try send [6] 
[2022-04-22 21:59:01] [INFO] writer send [6] 
[2022-04-22 21:59:01] [INFO] writer try send [7, 8, 9, 10] 
[2022-04-22 21:59:01] [INFO] writer try send [4, 5] 
[2022-04-22 21:59:01] [INFO] writer send [4, 5] 
[2022-04-22 21:59:01] [INFO] writer try send [11, 12, 13] 
[2022-04-22 21:59:01] [INFO] start reader 
[2022-04-22 21:59:01] [INFO] start writer 
[2022-04-22 21:59:01] [INFO] writer try send [14, 15, 16, 17] 
[2022-04-22 21:59:01] [INFO] start writer 
[2022-04-22 21:59:01] [INFO] writer try send [18, 19, 20] 
[2022-04-22 21:59:01] [INFO] start writer 
[2022-04-22 21:59:01] [INFO] end writer 
[2022-04-22 21:59:01] [INFO] start reader 
[2022-04-22 21:59:01] [INFO] start writer 
[2022-04-22 21:59:01] [INFO] end writer 
[2022-04-22 21:59:01] [INFO] start reader 
[2022-04-22 21:59:01] [INFO] start writer 
[2022-04-22 21:59:01] [INFO] end writer 
[2022-04-22 21:59:01] [INFO] start writer 
[2022-04-22 21:59:01] [INFO] end writer 
[2022-04-22 21:59:01] [INFO] start reader 
[2022-04-22 21:59:01] [INFO] start get result 
[2022-04-22 21:59:01] [INFO] end get result 2 
[2022-04-22 21:59:01] [INFO] start reader 
[2022-04-22 21:59:01] [INFO] start writer 
[2022-04-22 21:59:01] [INFO] end writer 
[2022-04-22 21:59:01] [INFO] start get result 
[2022-04-22 21:59:01] [INFO] start get result 
[2022-04-22 21:59:01] [INFO] end get result 6 
[2022-04-22 21:59:01] [INFO] reader get 6 
[2022-04-22 21:59:01] [INFO] start get result 
[2022-04-22 21:59:01] [INFO] end get result 4 
[2022-04-22 21:59:01] [INFO] start get result 
[2022-04-22 21:59:01] [INFO] end get result 5 
[2022-04-22 21:59:01] [INFO] reader get 5 
[2022-04-22 21:59:01] [INFO] start get result 
[2022-04-22 21:59:01] [INFO] end get result 11 
[2022-04-22 21:59:01] [INFO] reader get 11 
[2022-04-22 21:59:01] [INFO] start reader 
[2022-04-22 21:59:01] [INFO] start get result 
[2022-04-22 21:59:01] [INFO] end get result 3 
[2022-04-22 21:59:01] [INFO] reader get 2 
[2022-04-22 21:59:01] [INFO] start get result 
[2022-04-22 21:59:01] [INFO] writer send [18, 19, 20] 
[2022-04-22 21:59:01] [INFO] end writer 
[2022-04-22 21:59:01] [INFO] writer send [11, 12, 13] 
[2022-04-22 21:59:01] [INFO] end writer 
[2022-04-22 21:59:01] [INFO] start get result 
[2022-04-22 21:59:01] [INFO] end get result 7 
[2022-04-22 21:59:01] [INFO] reader get 7 
[2022-04-22 21:59:01] [INFO] start get result 
[2022-04-22 21:59:01] [INFO] end get result 8 
[2022-04-22 21:59:01] [INFO] reader get 8 
[2022-04-22 21:59:01] [INFO] start get result 
[2022-04-22 21:59:01] [INFO] end get result 9 
[2022-04-22 21:59:01] [INFO] reader get 9 
[2022-04-22 21:59:01] [INFO] start get result 
[2022-04-22 21:59:01] [INFO] writer send [14, 15, 16, 17] 
[2022-04-22 21:59:01] [INFO] end writer 
[2022-04-22 21:59:01] [INFO] end get result 13 
[2022-04-22 21:59:01] [INFO] reader get 13 
[2022-04-22 21:59:01] [INFO] start get result 
[2022-04-22 21:59:01] [INFO] end get result 18 
[2022-04-22 21:59:01] [INFO] reader get 18 
[2022-04-22 21:59:01] [INFO] start get result 
[2022-04-22 21:59:01] [INFO] end get result 19 
[2022-04-22 21:59:01] [INFO] reader get 19 
[2022-04-22 21:59:01] [INFO] start get result 
[2022-04-22 21:59:01] [INFO] end get result 20 
[2022-04-22 21:59:01] [INFO] reader get 20 
[2022-04-22 21:59:01] [INFO] start get result 
[2022-04-22 21:59:01] [INFO] end get result 14 
[2022-04-22 21:59:01] [INFO] reader get 14 
[2022-04-22 21:59:01] [INFO] start get result 
[2022-04-22 21:59:01] [INFO] end get result 15 
[2022-04-22 21:59:01] [INFO] reader get 15 
[2022-04-22 21:59:01] [INFO] start get result 
[2022-04-22 21:59:01] [INFO] end get result 16 
[2022-04-22 21:59:01] [INFO] reader get 16 
[2022-04-22 21:59:01] [INFO] start get result 
[2022-04-22 21:59:01] [INFO] end get result 17 
[2022-04-22 21:59:01] [INFO] reader get 17 
[2022-04-22 21:59:01] [INFO] start get result 
[2022-04-22 21:59:01] [INFO] reader get 3 
[2022-04-22 21:59:01] [INFO] start get result 
[2022-04-22 21:59:01] [INFO] start get result 
[2022-04-22 21:59:01] [INFO] end get result 12 
[2022-04-22 21:59:01] [INFO] reader get 12 
[2022-04-22 21:59:01] [INFO] start get result 
[2022-04-22 21:59:01] [INFO] writer send [7, 8, 9, 10] 
[2022-04-22 21:59:01] [INFO] end writer 
[2022-04-22 21:59:01] [INFO] reader get 4 
[2022-04-22 21:59:01] [INFO] start get result 
[2022-04-22 21:59:01] [INFO] end get result 1 
[2022-04-22 21:59:01] [INFO] reader get 1 
[2022-04-22 21:59:01] [INFO] start get result 
[2022-04-22 21:59:01] [INFO] end get result 10 
[2022-04-22 21:59:01] [INFO] reader get 10 
[2022-04-22 21:59:01] [INFO] start get result 
Exception in thread "Thread-62171" java.util.concurrent.TimeoutException
	at serie1.Ex4.BlockingMessageQueueFuture$MyFuture.get(BlockingMessageQueueFuture.kt:222)
	at serie1.ex4.FutureTest$blocking_message_multiple_send_receive$2$thread$1.invoke(BlockingMessageQueueWithFutureTest.kt:179)
	at serie1.ex4.FutureTest$blocking_message_multiple_send_receive$2$thread$1.invoke(BlockingMessageQueueWithFutureTest.kt:169)
	at kotlin.concurrent.ThreadsKt$thread$thread$1.run(Thread.kt:30)
Exception in thread "Thread-62169" java.util.concurrent.TimeoutException
	at serie1.Ex4.BlockingMessageQueueFuture$MyFuture.get(BlockingMessageQueueFuture.kt:222)
	at serie1.ex4.FutureTest$blocking_message_multiple_send_receive$2$thread$1.invoke(BlockingMessageQueueWithFutureTest.kt:179)
	at serie1.ex4.FutureTest$blocking_message_multiple_send_receive$2$thread$1.invoke(BlockingMessageQueueWithFutureTest.kt:169)
	at kotlin.concurrent.ThreadsKt$thread$thread$1.run(Thread.kt:30)
Exception in thread "Thread-62168" java.util.concurrent.TimeoutException
	at serie1.Ex4.BlockingMessageQueueFuture$MyFuture.get(BlockingMessageQueueFuture.kt:222)
	at serie1.ex4.FutureTest$blocking_message_multiple_send_receive$2$thread$1.invoke(BlockingMessageQueueWithFutureTest.kt:179)
	at serie1.ex4.FutureTest$blocking_message_multiple_send_receive$2$thread$1.invoke(BlockingMessageQueueWithFutureTest.kt:169)
	at kotlin.concurrent.ThreadsKt$thread$thread$1.run(Thread.kt:30)
Exception in thread "Thread-62166" java.util.concurrent.TimeoutException
	at serie1.Ex4.BlockingMessageQueueFuture$MyFuture.get(BlockingMessageQueueFuture.kt:222)
	at serie1.ex4.FutureTest$blocking_message_multiple_send_receive$2$thread$1.invoke(BlockingMessageQueueWithFutureTest.kt:179)
	at serie1.ex4.FutureTest$blocking_message_multiple_send_receive$2$thread$1.invoke(BlockingMessageQueueWithFutureTest.kt:169)
	at kotlin.concurrent.ThreadsKt$thread$thread$1.run(Thread.kt:30)
Exception in thread "Thread-62167" java.util.concurrent.TimeoutException
	at serie1.Ex4.BlockingMessageQueueFuture$MyFuture.get(BlockingMessageQueueFuture.kt:222)
	at serie1.ex4.FutureTest$blocking_message_multiple_send_receive$2$thread$1.invoke(BlockingMessageQueueWithFutureTest.kt:179)
	at serie1.ex4.FutureTest$blocking_message_multiple_send_receive$2$thread$1.invoke(BlockingMessageQueueWithFutureTest.kt:169)
	at kotlin.concurrent.ThreadsKt$thread$thread$1.run(Thread.kt:30)
Exception in thread "Thread-62170" java.util.concurrent.TimeoutException
	at serie1.Ex4.BlockingMessageQueueFuture$MyFuture.get(BlockingMessageQueueFuture.kt:222)
	at serie1.ex4.FutureTest$blocking_message_multiple_send_receive$2$thread$1.invoke(BlockingMessageQueueWithFutureTest.kt:179)
	at serie1.ex4.FutureTest$blocking_message_multiple_send_receive$2$thread$1.invoke(BlockingMessageQueueWithFutureTest.kt:169)
	at kotlin.concurrent.ThreadsKt$thread$thread$1.run(Thread.kt:30)
[2022-04-22 21:59:03] [INFO] start writer 
[2022-04-22 21:59:03] [INFO] writer try send [1, 2, 3] 
[2022-04-22 21:59:03] [INFO] writer send [1, 2, 3] 
[2022-04-22 21:59:03] [INFO] writer try send [4, 5] 
[2022-04-22 21:59:03] [INFO] writer send [4, 5] 
[2022-04-22 21:59:03] [INFO] writer try send [6] 
[2022-04-22 21:59:03] [INFO] writer send [6] 
[2022-04-22 21:59:03] [INFO] writer try send [7, 8, 9, 10] 
[2022-04-22 21:59:03] [INFO] start writer 
[2022-04-22 21:59:03] [INFO] start reader 
[2022-04-22 21:59:03] [INFO] start writer 
[2022-04-22 21:59:03] [INFO] start writer 
[2022-04-22 21:59:03] [INFO] start writer 
[2022-04-22 21:59:03] [INFO] end writer 
[2022-04-22 21:59:03] [INFO] start get result 
[2022-04-22 21:59:03] [INFO] end get result 1 
[2022-04-22 21:59:03] [INFO] reader get 1 
[2022-04-22 21:59:03] [INFO] start get result 
[2022-04-22 21:59:03] [INFO] end get result 2 
[2022-04-22 21:59:03] [INFO] reader get 2 
[2022-04-22 21:59:03] [INFO] start get result 
[2022-04-22 21:59:03] [INFO] writer send [7, 8, 9, 10] 
[2022-04-22 21:59:03] [INFO] end writer 
[2022-04-22 21:59:03] [INFO] start reader 
[2022-04-22 21:59:03] [INFO] start writer 
[2022-04-22 21:59:03] [INFO] end writer 
[2022-04-22 21:59:03] [INFO] start writer 
[2022-04-22 21:59:03] [INFO] end writer 
[2022-04-22 21:59:03] [INFO] writer try send [11, 12, 13] 
[2022-04-22 21:59:03] [INFO] start reader 
[2022-04-22 21:59:03] [INFO] end get result 3 
[2022-04-22 21:59:03] [INFO] start writer 
[2022-04-22 21:59:03] [INFO] end writer 
[2022-04-22 21:59:03] [INFO] start writer 
[2022-04-22 21:59:03] [INFO] end writer 
[2022-04-22 21:59:03] [INFO] writer try send [18, 19, 20] 
[2022-04-22 21:59:03] [INFO] writer try send [14, 15, 16, 17] 
[2022-04-22 21:59:03] [INFO] writer send [11, 12, 13] 
[2022-04-22 21:59:03] [INFO] end writer 
[2022-04-22 21:59:03] [INFO] start get result 
[2022-04-22 21:59:03] [INFO] start reader 
[2022-04-22 21:59:03] [INFO] reader get 3 
[2022-04-22 21:59:03] [INFO] start get result 
[2022-04-22 21:59:03] [INFO] end get result 6 
[2022-04-22 21:59:03] [INFO] start reader 
[2022-04-22 21:59:03] [INFO] start get result 
[2022-04-22 21:59:03] [INFO] end get result 4 
[2022-04-22 21:59:03] [INFO] reader get 4 
[2022-04-22 21:59:03] [INFO] start get result 
[2022-04-22 21:59:03] [INFO] end get result 7 
[2022-04-22 21:59:03] [INFO] reader get 7 
[2022-04-22 21:59:03] [INFO] writer send [18, 19, 20] 
[2022-04-22 21:59:03] [INFO] end writer 
[2022-04-22 21:59:03] [INFO] start reader 
[2022-04-22 21:59:03] [INFO] reader get 6 
[2022-04-22 21:59:03] [INFO] end get result 5 
[2022-04-22 21:59:03] [INFO] start get result 
[2022-04-22 21:59:03] [INFO] end get result 11 
[2022-04-22 21:59:03] [INFO] reader get 11 
[2022-04-22 21:59:03] [INFO] start get result 
[2022-04-22 21:59:03] [INFO] end get result 12 
[2022-04-22 21:59:03] [INFO] reader get 12 
[2022-04-22 21:59:03] [INFO] start get result 
[2022-04-22 21:59:03] [INFO] end get result 13 
[2022-04-22 21:59:03] [INFO] reader get 13 
[2022-04-22 21:59:03] [INFO] start get result 
[2022-04-22 21:59:03] [INFO] end get result 18 
[2022-04-22 21:59:03] [INFO] start get result 
[2022-04-22 21:59:03] [INFO] end get result 19 
[2022-04-22 21:59:03] [INFO] reader get 19 
[2022-04-22 21:59:03] [INFO] start get result 
[2022-04-22 21:59:03] [INFO] end get result 20 
[2022-04-22 21:59:03] [INFO] reader get 20 
[2022-04-22 21:59:03] [INFO] start get result 
[2022-04-22 21:59:03] [INFO] end get result 14 
[2022-04-22 21:59:03] [INFO] reader get 14 
[2022-04-22 21:59:03] [INFO] start get result 
[2022-04-22 21:59:03] [INFO] end get result 15 
[2022-04-22 21:59:03] [INFO] reader get 15 
[2022-04-22 21:59:03] [INFO] start get result 
[2022-04-22 21:59:03] [INFO] end get result 16 
[2022-04-22 21:59:03] [INFO] reader get 16 
[2022-04-22 21:59:03] [INFO] start get result 
[2022-04-22 21:59:03] [INFO] end get result 10 
[2022-04-22 21:59:03] [INFO] reader get 10 
[2022-04-22 21:59:03] [INFO] start get result 
[2022-04-22 21:59:03] [INFO] start get result 
[2022-04-22 21:59:03] [INFO] end get result 9 
[2022-04-22 21:59:03] [INFO] reader get 9 
[2022-04-22 21:59:03] [INFO] start get result 
[2022-04-22 21:59:03] [INFO] start get result 
[2022-04-22 21:59:03] [INFO] end get result 8 
[2022-04-22 21:59:03] [INFO] reader get 8 
[2022-04-22 21:59:03] [INFO] start get result 
[2022-04-22 21:59:03] [INFO] start get result 
[2022-04-22 21:59:03] [INFO] end get result 17 
[2022-04-22 21:59:03] [INFO] reader get 17 
[2022-04-22 21:59:03] [INFO] start get result 
[2022-04-22 21:59:03] [INFO] reader get 18 
[2022-04-22 21:59:03] [INFO] start get result 
[2022-04-22 21:59:03] [INFO] writer send [14, 15, 16, 17] 
[2022-04-22 21:59:03] [INFO] end writer 
[2022-04-22 21:59:03] [INFO] reader get 5 
[2022-04-22 21:59:03] [INFO] start get result 
Exception in thread "Thread-62185" java.util.concurrent.TimeoutException
	at serie1.Ex4.BlockingMessageQueueFuture$MyFuture.get(BlockingMessageQueueFuture.kt:222)
	at serie1.ex4.FutureTest$blocking_message_multiple_send_receive$2$thread$1.invoke(BlockingMessageQueueWithFutureTest.kt:179)
	at serie1.ex4.FutureTest$blocking_message_multiple_send_receive$2$thread$1.invoke(BlockingMessageQueueWithFutureTest.kt:169)
	at kotlin.concurrent.ThreadsKt$thread$thread$1.run(Thread.kt:30)
Exception in thread "Thread-62187" java.util.concurrent.TimeoutException
	at serie1.Ex4.BlockingMessageQueueFuture$MyFuture.get(BlockingMessageQueueFuture.kt:222)
	at serie1.ex4.FutureTest$blocking_message_multiple_send_receive$2$thread$1.invoke(BlockingMessageQueueWithFutureTest.kt:179)
	at serie1.ex4.FutureTest$blocking_message_multiple_send_receive$2$thread$1.invoke(BlockingMessageQueueWithFutureTest.kt:169)
	at kotlin.concurrent.ThreadsKt$thread$thread$1.run(Thread.kt:30)
Exception in thread "Thread-62183" java.util.concurrent.TimeoutException
	at serie1.Ex4.BlockingMessageQueueFuture$MyFuture.get(BlockingMessageQueueFuture.kt:222)
	at serie1.ex4.FutureTest$blocking_message_multiple_send_receive$2$thread$1.invoke(BlockingMessageQueueWithFutureTest.kt:179)
	at serie1.ex4.FutureTest$blocking_message_multiple_send_receive$2$thread$1.invoke(BlockingMessageQueueWithFutureTest.kt:169)
	at kotlin.concurrent.ThreadsKt$thread$thread$1.run(Thread.kt:30)
Exception in thread "Thread-62182" java.util.concurrent.TimeoutException
	at serie1.Ex4.BlockingMessageQueueFuture$MyFuture.get(BlockingMessageQueueFuture.kt:222)
	at serie1.ex4.FutureTest$blocking_message_multiple_send_receive$2$thread$1.invoke(BlockingMessageQueueWithFutureTest.kt:179)
	at serie1.ex4.FutureTest$blocking_message_multiple_send_receive$2$thread$1.invoke(BlockingMessageQueueWithFutureTest.kt:169)
	at kotlin.concurrent.ThreadsKt$thread$thread$1.run(Thread.kt:30)
Exception in thread "Thread-62186" java.util.concurrent.TimeoutException
	at serie1.Ex4.BlockingMessageQueueFuture$MyFuture.get(BlockingMessageQueueFuture.kt:222)
	at serie1.ex4.FutureTest$blocking_message_multiple_send_receive$2$thread$1.invoke(BlockingMessageQueueWithFutureTest.kt:179)
	at serie1.ex4.FutureTest$blocking_message_multiple_send_receive$2$thread$1.invoke(BlockingMessageQueueWithFutureTest.kt:169)
	at kotlin.concurrent.ThreadsKt$thread$thread$1.run(Thread.kt:30)
Exception in thread "Thread-62184" java.util.concurrent.TimeoutException
	at serie1.Ex4.BlockingMessageQueueFuture$MyFuture.get(BlockingMessageQueueFuture.kt:222)
	at serie1.ex4.FutureTest$blocking_message_multiple_send_receive$2$thread$1.invoke(BlockingMessageQueueWithFutureTest.kt:179)
	at serie1.ex4.FutureTest$blocking_message_multiple_send_receive$2$thread$1.invoke(BlockingMessageQueueWithFutureTest.kt:169)
	at kotlin.concurrent.ThreadsKt$thread$thread$1.run(Thread.kt:30)
[2022-04-22 21:59:05] [INFO] start writer 
[2022-04-22 21:59:05] [INFO] writer try send [1, 2, 3] 
[2022-04-22 21:59:05] [INFO] start writer 
[2022-04-22 21:59:05] [INFO] writer try send [4, 5] 
[2022-04-22 21:59:05] [INFO] writer send [4, 5] 
[2022-04-22 21:59:05] [INFO] writer try send [6] 
[2022-04-22 21:59:05] [INFO] writer send [6] 
[2022-04-22 21:59:05] [INFO] writer try send [7, 8, 9, 10] 
[2022-04-22 21:59:05] [INFO] start writer 
[2022-04-22 21:59:05] [INFO] writer try send [11, 12, 13] 
[2022-04-22 21:59:05] [INFO] writer send [11, 12, 13] 
[2022-04-22 21:59:05] [INFO] writer try send [14, 15, 16, 17] 
[2022-04-22 21:59:05] [INFO] start writer 
[2022-04-22 21:59:05] [INFO] writer try send [18, 19, 20] 
[2022-04-22 21:59:05] [INFO] writer send [1, 2, 3] 
[2022-04-22 21:59:05] [INFO] end writer 
[2022-04-22 21:59:05] [INFO] start writer 
[2022-04-22 21:59:05] [INFO] end writer 
[2022-04-22 21:59:05] [INFO] start writer 
[2022-04-22 21:59:05] [INFO] end writer 
[2022-04-22 21:59:05] [INFO] start writer 
[2022-04-22 21:59:05] [INFO] end writer 
[2022-04-22 21:59:05] [INFO] start reader 
[2022-04-22 21:59:05] [INFO] start writer 
[2022-04-22 21:59:05] [INFO] end writer 
[2022-04-22 21:59:05] [INFO] start writer 
[2022-04-22 21:59:05] [INFO] end writer 
[2022-04-22 21:59:05] [INFO] start get result 
[2022-04-22 21:59:05] [INFO] end get result 1 
[2022-04-22 21:59:05] [INFO] reader get 1 
[2022-04-22 21:59:05] [INFO] start get result 
[2022-04-22 21:59:05] [INFO] end get result 2 
[2022-04-22 21:59:05] [INFO] reader get 2 
[2022-04-22 21:59:05] [INFO] start get result 
[2022-04-22 21:59:05] [INFO] end get result 3 
[2022-04-22 21:59:05] [INFO] reader get 3 
[2022-04-22 21:59:05] [INFO] start get result 
[2022-04-22 21:59:05] [INFO] end get result 4 
[2022-04-22 21:59:05] [INFO] reader get 4 
[2022-04-22 21:59:05] [INFO] start get result 
[2022-04-22 21:59:05] [INFO] end get result 5 
[2022-04-22 21:59:05] [INFO] reader get 5 
[2022-04-22 21:59:05] [INFO] start get result 
[2022-04-22 21:59:05] [INFO] end get result 6 
[2022-04-22 21:59:05] [INFO] reader get 6 
[2022-04-22 21:59:05] [INFO] start get result 
[2022-04-22 21:59:05] [INFO] end get result 11 
[2022-04-22 21:59:05] [INFO] reader get 11 
[2022-04-22 21:59:05] [INFO] start get result 
[2022-04-22 21:59:05] [INFO] start reader 
[2022-04-22 21:59:05] [INFO] writer send [14, 15, 16, 17] 
[2022-04-22 21:59:05] [INFO] end writer 
[2022-04-22 21:59:05] [INFO] end get result 12 
[2022-04-22 21:59:05] [INFO] reader get 12 
[2022-04-22 21:59:05] [INFO] start get result 
[2022-04-22 21:59:05] [INFO] end get result 13 
[2022-04-22 21:59:05] [INFO] reader get 13 
[2022-04-22 21:59:05] [INFO] start get result 
[2022-04-22 21:59:05] [INFO] end get result 18 
[2022-04-22 21:59:05] [INFO] reader get 18 
[2022-04-22 21:59:05] [INFO] start get result 
[2022-04-22 21:59:05] [INFO] end get result 20 
[2022-04-22 21:59:05] [INFO] reader get 20 
[2022-04-22 21:59:05] [INFO] start get result 
[2022-04-22 21:59:05] [INFO] writer send [18, 19, 20] 
[2022-04-22 21:59:05] [INFO] end writer 
[2022-04-22 21:59:05] [INFO] end get result 14 
[2022-04-22 21:59:05] [INFO] reader get 14 
[2022-04-22 21:59:05] [INFO] start get result 
[2022-04-22 21:59:05] [INFO] writer send [7, 8, 9, 10] 
[2022-04-22 21:59:05] [INFO] end writer 
[2022-04-22 21:59:05] [INFO] start get result 
[2022-04-22 21:59:05] [INFO] start reader 
[2022-04-22 21:59:05] [INFO] end get result 19 
[2022-04-22 21:59:05] [INFO] reader get 19 
[2022-04-22 21:59:05] [INFO] start get result 
[2022-04-22 21:59:05] [INFO] end get result 16 
[2022-04-22 21:59:05] [INFO] reader get 16 
[2022-04-22 21:59:05] [INFO] end get result 15 
[2022-04-22 21:59:05] [INFO] reader get 15 
[2022-04-22 21:59:05] [INFO] start get result 
[2022-04-22 21:59:05] [INFO] end get result 7 
[2022-04-22 21:59:05] [INFO] start get result 
[2022-04-22 21:59:05] [INFO] end get result 17 
[2022-04-22 21:59:05] [INFO] reader get 17 
[2022-04-22 21:59:05] [INFO] start get result 
[2022-04-22 21:59:05] [INFO] end get result 8 
[2022-04-22 21:59:05] [INFO] reader get 8 
[2022-04-22 21:59:05] [INFO] start get result 
[2022-04-22 21:59:05] [INFO] end get result 9 
[2022-04-22 21:59:05] [INFO] reader get 9 
[2022-04-22 21:59:05] [INFO] start get result 
[2022-04-22 21:59:05] [INFO] reader get 7 
[2022-04-22 21:59:05] [INFO] start get result 
[2022-04-22 21:59:05] [INFO] start reader 
[2022-04-22 21:59:05] [INFO] start get result 
[2022-04-22 21:59:05] [INFO] start reader 
[2022-04-22 21:59:05] [INFO] end get result 10 
[2022-04-22 21:59:05] [INFO] reader get 10 
[2022-04-22 21:59:05] [INFO] start get result 
[2022-04-22 21:59:05] [INFO] start reader 
[2022-04-22 21:59:05] [INFO] start get result 
[2022-04-22 21:59:05] [INFO] start get result 
[2022-04-22 21:59:05] [INFO] start get result 
Exception in thread "Thread-62202" java.util.concurrent.TimeoutException
	at serie1.Ex4.BlockingMessageQueueFuture$MyFuture.get(BlockingMessageQueueFuture.kt:222)
	at serie1.ex4.FutureTest$blocking_message_multiple_send_receive$2$thread$1.invoke(BlockingMessageQueueWithFutureTest.kt:179)
	at serie1.ex4.FutureTest$blocking_message_multiple_send_receive$2$thread$1.invoke(BlockingMessageQueueWithFutureTest.kt:169)
	at kotlin.concurrent.ThreadsKt$thread$thread$1.run(Thread.kt:30)
Exception in thread "Thread-62201" java.util.concurrent.TimeoutException
	at serie1.Ex4.BlockingMessageQueueFuture$MyFuture.get(BlockingMessageQueueFuture.kt:222)
	at serie1.ex4.FutureTest$blocking_message_multiple_send_receive$2$thread$1.invoke(BlockingMessageQueueWithFutureTest.kt:179)
	at serie1.ex4.FutureTest$blocking_message_multiple_send_receive$2$thread$1.invoke(BlockingMessageQueueWithFutureTest.kt:169)
	at kotlin.concurrent.ThreadsKt$thread$thread$1.run(Thread.kt:30)
Exception in thread "Thread-62200" java.util.concurrent.TimeoutException
	at serie1.Ex4.BlockingMessageQueueFuture$MyFuture.get(BlockingMessageQueueFuture.kt:222)
	at serie1.ex4.FutureTest$blocking_message_multiple_send_receive$2$thread$1.invoke(BlockingMessageQueueWithFutureTest.kt:179)
	at serie1.ex4.FutureTest$blocking_message_multiple_send_receive$2$thread$1.invoke(BlockingMessageQueueWithFutureTest.kt:169)
	at kotlin.concurrent.ThreadsKt$thread$thread$1.run(Thread.kt:30)
Exception in thread "Thread-62198" java.util.concurrent.TimeoutException
	at serie1.Ex4.BlockingMessageQueueFuture$MyFuture.get(BlockingMessageQueueFuture.kt:222)
	at serie1.ex4.FutureTest$blocking_message_multiple_send_receive$2$thread$1.invoke(BlockingMessageQueueWithFutureTest.kt:179)
	at serie1.ex4.FutureTest$blocking_message_multiple_send_receive$2$thread$1.invoke(BlockingMessageQueueWithFutureTest.kt:169)
	at kotlin.concurrent.ThreadsKt$thread$thread$1.run(Thread.kt:30)
Exception in thread "Thread-62199" java.util.concurrent.TimeoutException
	at serie1.Ex4.BlockingMessageQueueFuture$MyFuture.get(BlockingMessageQueueFuture.kt:222)
	at serie1.ex4.FutureTest$blocking_message_multiple_send_receive$2$thread$1.invoke(BlockingMessageQueueWithFutureTest.kt:179)
	at serie1.ex4.FutureTest$blocking_message_multiple_send_receive$2$thread$1.invoke(BlockingMessageQueueWithFutureTest.kt:169)
	at kotlin.concurrent.ThreadsKt$thread$thread$1.run(Thread.kt:30)
Exception in thread "Thread-62203" java.util.concurrent.TimeoutException
	at serie1.Ex4.BlockingMessageQueueFuture$MyFuture.get(BlockingMessageQueueFuture.kt:222)
	at serie1.ex4.FutureTest$blocking_message_multiple_send_receive$2$thread$1.invoke(BlockingMessageQueueWithFutureTest.kt:179)
	at serie1.ex4.FutureTest$blocking_message_multiple_send_receive$2$thread$1.invoke(BlockingMessageQueueWithFutureTest.kt:169)
	at kotlin.concurrent.ThreadsKt$thread$thread$1.run(Thread.kt:30)
[2022-04-22 21:59:07] [INFO] start writer 
[2022-04-22 21:59:07] [INFO] writer try send [1, 2, 3] 
[2022-04-22 21:59:07] [INFO] writer send [1, 2, 3] 
[2022-04-22 21:59:07] [INFO] start writer 
[2022-04-22 21:59:07] [INFO] writer try send [6] 
[2022-04-22 21:59:07] [INFO] writer send [6] 
[2022-04-22 21:59:07] [INFO] start writer 
[2022-04-22 21:59:07] [INFO] writer try send [11, 12, 13] 
[2022-04-22 21:59:07] [INFO] writer send [11, 12, 13] 
[2022-04-22 21:59:07] [INFO] start writer 
[2022-04-22 21:59:07] [INFO] writer try send [18, 19, 20] 
[2022-04-22 21:59:07] [INFO] writer send [18, 19, 20] 
[2022-04-22 21:59:07] [INFO] end writer 
[2022-04-22 21:59:07] [INFO] writer try send [4, 5] 
[2022-04-22 21:59:07] [INFO] start writer 
[2022-04-22 21:59:07] [INFO] end writer 
[2022-04-22 21:59:07] [INFO] start writer 
[2022-04-22 21:59:07] [INFO] end writer 
[2022-04-22 21:59:07] [INFO] writer try send [14, 15, 16, 17] 
[2022-04-22 21:59:07] [INFO] start writer 
[2022-04-22 21:59:07] [INFO] end writer 
[2022-04-22 21:59:07] [INFO] start reader 
[2022-04-22 21:59:07] [INFO] writer try send [7, 8, 9, 10] 
[2022-04-22 21:59:07] [INFO] start writer 
[2022-04-22 21:59:07] [INFO] end writer 
[2022-04-22 21:59:07] [INFO] start writer 
[2022-04-22 21:59:07] [INFO] end writer 
[2022-04-22 21:59:07] [INFO] start reader 
[2022-04-22 21:59:07] [INFO] start get result 
[2022-04-22 21:59:07] [INFO] end get result 1 
[2022-04-22 21:59:07] [INFO] reader get 1 
[2022-04-22 21:59:07] [INFO] start get result 
[2022-04-22 21:59:07] [INFO] end get result 2 
[2022-04-22 21:59:07] [INFO] reader get 2 
[2022-04-22 21:59:07] [INFO] start get result 
[2022-04-22 21:59:07] [INFO] end get result 3 
[2022-04-22 21:59:07] [INFO] reader get 3 
[2022-04-22 21:59:07] [INFO] start get result 
[2022-04-22 21:59:07] [INFO] end get result 11 
[2022-04-22 21:59:07] [INFO] reader get 11 
[2022-04-22 21:59:07] [INFO] start get result 
[2022-04-22 21:59:07] [INFO] writer send [14, 15, 16, 17] 
[2022-04-22 21:59:07] [INFO] end writer 
[2022-04-22 21:59:07] [INFO] start reader 
[2022-04-22 21:59:07] [INFO] end get result 12 
[2022-04-22 21:59:07] [INFO] reader get 12 
[2022-04-22 21:59:07] [INFO] start get result 
[2022-04-22 21:59:07] [INFO] end get result 13 
[2022-04-22 21:59:07] [INFO] reader get 13 
[2022-04-22 21:59:07] [INFO] start get result 
[2022-04-22 21:59:07] [INFO] end get result 18 
[2022-04-22 21:59:07] [INFO] reader get 18 
[2022-04-22 21:59:07] [INFO] start get result 
[2022-04-22 21:59:07] [INFO] end get result 19 
[2022-04-22 21:59:07] [INFO] reader get 19 
[2022-04-22 21:59:07] [INFO] writer send [7, 8, 9, 10] 
[2022-04-22 21:59:07] [INFO] end writer 
[2022-04-22 21:59:07] [INFO] writer send [4, 5] 
[2022-04-22 21:59:07] [INFO] end writer 
[2022-04-22 21:59:07] [INFO] start get result 
[2022-04-22 21:59:07] [INFO] end get result 6 
[2022-04-22 21:59:07] [INFO] reader get 6 
[2022-04-22 21:59:07] [INFO] start get result 
[2022-04-22 21:59:07] [INFO] end get result 5 
[2022-04-22 21:59:07] [INFO] reader get 5 
[2022-04-22 21:59:07] [INFO] start get result 
[2022-04-22 21:59:07] [INFO] end get result 14 
[2022-04-22 21:59:07] [INFO] reader get 14 
[2022-04-22 21:59:07] [INFO] start get result 
[2022-04-22 21:59:07] [INFO] end get result 15 
[2022-04-22 21:59:07] [INFO] reader get 15 
[2022-04-22 21:59:07] [INFO] start get result 
[2022-04-22 21:59:07] [INFO] end get result 16 
[2022-04-22 21:59:07] [INFO] reader get 16 
[2022-04-22 21:59:07] [INFO] start get result 
[2022-04-22 21:59:07] [INFO] end get result 17 
[2022-04-22 21:59:07] [INFO] reader get 17 
[2022-04-22 21:59:07] [INFO] start get result 
[2022-04-22 21:59:07] [INFO] end get result 7 
[2022-04-22 21:59:07] [INFO] reader get 7 
[2022-04-22 21:59:07] [INFO] start get result 
[2022-04-22 21:59:07] [INFO] end get result 8 
[2022-04-22 21:59:07] [INFO] reader get 8 
[2022-04-22 21:59:07] [INFO] start get result 
[2022-04-22 21:59:07] [INFO] end get result 9 
[2022-04-22 21:59:07] [INFO] reader get 9 
[2022-04-22 21:59:07] [INFO] start get result 
[2022-04-22 21:59:07] [INFO] end get result 10 
[2022-04-22 21:59:07] [INFO] reader get 10 
[2022-04-22 21:59:07] [INFO] start get result 
[2022-04-22 21:59:07] [INFO] start get result 
[2022-04-22 21:59:07] [INFO] end get result 4 
[2022-04-22 21:59:07] [INFO] reader get 4 
[2022-04-22 21:59:07] [INFO] start get result 
[2022-04-22 21:59:07] [INFO] start get result 
[2022-04-22 21:59:07] [INFO] end get result 20 
[2022-04-22 21:59:07] [INFO] reader get 20 
[2022-04-22 21:59:07] [INFO] start get result 
[2022-04-22 21:59:07] [INFO] start reader 
[2022-04-22 21:59:07] [INFO] start reader 
[2022-04-22 21:59:07] [INFO] start reader 
[2022-04-22 21:59:07] [INFO] start get result 
[2022-04-22 21:59:07] [INFO] start get result 
[2022-04-22 21:59:07] [INFO] start get result 
Exception in thread "Thread-62218" java.util.concurrent.TimeoutException
	at serie1.Ex4.BlockingMessageQueueFuture$MyFuture.get(BlockingMessageQueueFuture.kt:222)
	at serie1.ex4.FutureTest$blocking_message_multiple_send_receive$2$thread$1.invoke(BlockingMessageQueueWithFutureTest.kt:179)
	at serie1.ex4.FutureTest$blocking_message_multiple_send_receive$2$thread$1.invoke(BlockingMessageQueueWithFutureTest.kt:169)
	at kotlin.concurrent.ThreadsKt$thread$thread$1.run(Thread.kt:30)
Exception in thread "Thread-62215" java.util.concurrent.TimeoutException
	at serie1.Ex4.BlockingMessageQueueFuture$MyFuture.get(BlockingMessageQueueFuture.kt:222)
	at serie1.ex4.FutureTest$blocking_message_multiple_send_receive$2$thread$1.invoke(BlockingMessageQueueWithFutureTest.kt:179)
	at serie1.ex4.FutureTest$blocking_message_multiple_send_receive$2$thread$1.invoke(BlockingMessageQueueWithFutureTest.kt:169)
	at kotlin.concurrent.ThreadsKt$thread$thread$1.run(Thread.kt:30)
Exception in thread "Thread-62219" java.util.concurrent.TimeoutException
	at serie1.Ex4.BlockingMessageQueueFuture$MyFuture.get(BlockingMessageQueueFuture.kt:222)
	at serie1.ex4.FutureTest$blocking_message_multiple_send_receive$2$thread$1.invoke(BlockingMessageQueueWithFutureTest.kt:179)
	at serie1.ex4.FutureTest$blocking_message_multiple_send_receive$2$thread$1.invoke(BlockingMessageQueueWithFutureTest.kt:169)
	at kotlin.concurrent.ThreadsKt$thread$thread$1.run(Thread.kt:30)
Exception in thread "Thread-62216" java.util.concurrent.TimeoutException
	at serie1.Ex4.BlockingMessageQueueFuture$MyFuture.get(BlockingMessageQueueFuture.kt:222)
	at serie1.ex4.FutureTest$blocking_message_multiple_send_receive$2$thread$1.invoke(BlockingMessageQueueWithFutureTest.kt:179)
	at serie1.ex4.FutureTest$blocking_message_multiple_send_receive$2$thread$1.invoke(BlockingMessageQueueWithFutureTest.kt:169)
	at kotlin.concurrent.ThreadsKt$thread$thread$1.run(Thread.kt:30)
Exception in thread "Thread-62214" java.util.concurrent.TimeoutException
	at serie1.Ex4.BlockingMessageQueueFuture$MyFuture.get(BlockingMessageQueueFuture.kt:222)
	at serie1.ex4.FutureTest$blocking_message_multiple_send_receive$2$thread$1.invoke(BlockingMessageQueueWithFutureTest.kt:179)
	at serie1.ex4.FutureTest$blocking_message_multiple_send_receive$2$thread$1.invoke(BlockingMessageQueueWithFutureTest.kt:169)
	at kotlin.concurrent.ThreadsKt$thread$thread$1.run(Thread.kt:30)
Exception in thread "Thread-62217" java.util.concurrent.TimeoutException
	at serie1.Ex4.BlockingMessageQueueFuture$MyFuture.get(BlockingMessageQueueFuture.kt:222)
	at serie1.ex4.FutureTest$blocking_message_multiple_send_receive$2$thread$1.invoke(BlockingMessageQueueWithFutureTest.kt:179)
	at serie1.ex4.FutureTest$blocking_message_multiple_send_receive$2$thread$1.invoke(BlockingMessageQueueWithFutureTest.kt:169)
	at kotlin.concurrent.ThreadsKt$thread$thread$1.run(Thread.kt:30)
[2022-04-22 21:59:09] [INFO] start writer 
[2022-04-22 21:59:09] [INFO] start writer 
[2022-04-22 21:59:09] [INFO] writer try send [4, 5] 
[2022-04-22 21:59:09] [INFO] writer send [4, 5] 
[2022-04-22 21:59:09] [INFO] writer try send [1, 2, 3] 
[2022-04-22 21:59:09] [INFO] writer send [1, 2, 3] 
[2022-04-22 21:59:09] [INFO] writer try send [7, 8, 9, 10] 
[2022-04-22 21:59:09] [INFO] start writer 
[2022-04-22 21:59:09] [INFO] writer try send [11, 12, 13] 
[2022-04-22 21:59:09] [INFO] start writer 
[2022-04-22 21:59:09] [INFO] writer try send [14, 15, 16, 17] 
[2022-04-22 21:59:09] [INFO] start writer 
[2022-04-22 21:59:09] [INFO] writer try send [18, 19, 20] 
[2022-04-22 21:59:09] [INFO] writer try send [6] 
[2022-04-22 21:59:09] [INFO] start writer 
[2022-04-22 21:59:09] [INFO] end writer 
[2022-04-22 21:59:09] [INFO] start writer 
[2022-04-22 21:59:09] [INFO] end writer 
[2022-04-22 21:59:09] [INFO] start writer 
[2022-04-22 21:59:09] [INFO] end writer 
[2022-04-22 21:59:09] [INFO] start writer 
[2022-04-22 21:59:09] [INFO] end writer 
[2022-04-22 21:59:09] [INFO] start reader 
[2022-04-22 21:59:09] [INFO] start writer 
[2022-04-22 21:59:09] [INFO] end writer 
[2022-04-22 21:59:09] [INFO] start reader 
[2022-04-22 21:59:09] [INFO] start reader 
[2022-04-22 21:59:09] [INFO] start get result 
[2022-04-22 21:59:09] [INFO] end get result 4 
[2022-04-22 21:59:09] [INFO] reader get 4 
[2022-04-22 21:59:09] [INFO] start get result 
[2022-04-22 21:59:09] [INFO] end get result 1 
[2022-04-22 21:59:09] [INFO] reader get 1 
[2022-04-22 21:59:09] [INFO] start get result 
[2022-04-22 21:59:09] [INFO] end get result 2 
[2022-04-22 21:59:09] [INFO] start get result 
[2022-04-22 21:59:09] [INFO] end get result 3 
[2022-04-22 21:59:09] [INFO] reader get 3 
[2022-04-22 21:59:09] [INFO] start get result 
[2022-04-22 21:59:09] [INFO] end get result 18 
[2022-04-22 21:59:09] [INFO] reader get 18 
[2022-04-22 21:59:09] [INFO] start get result 
[2022-04-22 21:59:09] [INFO] end get result 19 
[2022-04-22 21:59:09] [INFO] reader get 19 
[2022-04-22 21:59:09] [INFO] start get result 
[2022-04-22 21:59:09] [INFO] end get result 20 
[2022-04-22 21:59:09] [INFO] reader get 20 
[2022-04-22 21:59:09] [INFO] start get result 
[2022-04-22 21:59:09] [INFO] end get result 6 
[2022-04-22 21:59:09] [INFO] reader get 6 
[2022-04-22 21:59:09] [INFO] start get result 
[2022-04-22 21:59:09] [INFO] end get result 11 
[2022-04-22 21:59:09] [INFO] reader get 11 
[2022-04-22 21:59:09] [INFO] start get result 
[2022-04-22 21:59:09] [INFO] end get result 5 
[2022-04-22 21:59:09] [INFO] reader get 5 
[2022-04-22 21:59:09] [INFO] start get result 
[2022-04-22 21:59:09] [INFO] end get result 13 
[2022-04-22 21:59:09] [INFO] reader get 13 
[2022-04-22 21:59:09] [INFO] start reader 
[2022-04-22 21:59:09] [INFO] start get result 
[2022-04-22 21:59:09] [INFO] writer send [14, 15, 16, 17] 
[2022-04-22 21:59:09] [INFO] end writer 
[2022-04-22 21:59:09] [INFO] start get result 
[2022-04-22 21:59:09] [INFO] end get result 12 
[2022-04-22 21:59:09] [INFO] start get result 
[2022-04-22 21:59:09] [INFO] end get result 15 
[2022-04-22 21:59:09] [INFO] reader get 15 
[2022-04-22 21:59:09] [INFO] start get result 
[2022-04-22 21:59:09] [INFO] writer send [7, 8, 9, 10] 
[2022-04-22 21:59:09] [INFO] end writer 
[2022-04-22 21:59:09] [INFO] writer send [11, 12, 13] 
[2022-04-22 21:59:09] [INFO] end writer 
[2022-04-22 21:59:09] [INFO] writer send [6] 
[2022-04-22 21:59:09] [INFO] end writer 
[2022-04-22 21:59:09] [INFO] reader get 2 
[2022-04-22 21:59:09] [INFO] start get result 
[2022-04-22 21:59:09] [INFO] end get result 17 
[2022-04-22 21:59:09] [INFO] reader get 17 
[2022-04-22 21:59:09] [INFO] start get result 
[2022-04-22 21:59:09] [INFO] end get result 7 
[2022-04-22 21:59:09] [INFO] reader get 7 
[2022-04-22 21:59:09] [INFO] start get result 
[2022-04-22 21:59:09] [INFO] end get result 8 
[2022-04-22 21:59:09] [INFO] reader get 8 
[2022-04-22 21:59:09] [INFO] start get result 
[2022-04-22 21:59:09] [INFO] end get result 9 
[2022-04-22 21:59:09] [INFO] reader get 9 
[2022-04-22 21:59:09] [INFO] start get result 
[2022-04-22 21:59:09] [INFO] end get result 10 
[2022-04-22 21:59:09] [INFO] reader get 10 
[2022-04-22 21:59:09] [INFO] start get result 
[2022-04-22 21:59:09] [INFO] writer send [18, 19, 20] 
[2022-04-22 21:59:09] [INFO] end writer 
[2022-04-22 21:59:09] [INFO] end get result 16 
[2022-04-22 21:59:09] [INFO] reader get 16 
[2022-04-22 21:59:09] [INFO] start get result 
[2022-04-22 21:59:09] [INFO] reader get 12 
[2022-04-22 21:59:09] [INFO] start get result 
[2022-04-22 21:59:09] [INFO] end get result 14 
[2022-04-22 21:59:09] [INFO] reader get 14 
[2022-04-22 21:59:09] [INFO] start get result 
[2022-04-22 21:59:09] [INFO] start reader 
[2022-04-22 21:59:09] [INFO] start reader 
[2022-04-22 21:59:09] [INFO] start get result 
[2022-04-22 21:59:09] [INFO] start get result 
Exception in thread "Thread-62234" java.util.concurrent.TimeoutException
	at serie1.Ex4.BlockingMessageQueueFuture$MyFuture.get(BlockingMessageQueueFuture.kt:222)
	at serie1.ex4.FutureTest$blocking_message_multiple_send_receive$2$thread$1.invoke(BlockingMessageQueueWithFutureTest.kt:179)
	at serie1.ex4.FutureTest$blocking_message_multiple_send_receive$2$thread$1.invoke(BlockingMessageQueueWithFutureTest.kt:169)
	at kotlin.concurrent.ThreadsKt$thread$thread$1.run(Thread.kt:30)
Exception in thread "Thread-62233" java.util.concurrent.TimeoutException
	at serie1.Ex4.BlockingMessageQueueFuture$MyFuture.get(BlockingMessageQueueFuture.kt:222)
	at serie1.ex4.FutureTest$blocking_message_multiple_send_receive$2$thread$1.invoke(BlockingMessageQueueWithFutureTest.kt:179)
	at serie1.ex4.FutureTest$blocking_message_multiple_send_receive$2$thread$1.invoke(BlockingMessageQueueWithFutureTest.kt:169)
	at kotlin.concurrent.ThreadsKt$thread$thread$1.run(Thread.kt:30)
Exception in thread "Thread-62231" java.util.concurrent.TimeoutException
	at serie1.Ex4.BlockingMessageQueueFuture$MyFuture.get(BlockingMessageQueueFuture.kt:222)
	at serie1.ex4.FutureTest$blocking_message_multiple_send_receive$2$thread$1.invoke(BlockingMessageQueueWithFutureTest.kt:179)
	at serie1.ex4.FutureTest$blocking_message_multiple_send_receive$2$thread$1.invoke(BlockingMessageQueueWithFutureTest.kt:169)
	at kotlin.concurrent.ThreadsKt$thread$thread$1.run(Thread.kt:30)
Exception in thread "Thread-62236" java.util.concurrent.TimeoutException
	at serie1.Ex4.BlockingMessageQueueFuture$MyFuture.get(BlockingMessageQueueFuture.kt:222)
	at serie1.ex4.FutureTest$blocking_message_multiple_send_receive$2$thread$1.invoke(BlockingMessageQueueWithFutureTest.kt:179)
	at serie1.ex4.FutureTest$blocking_message_multiple_send_receive$2$thread$1.invoke(BlockingMessageQueueWithFutureTest.kt:169)
	at kotlin.concurrent.ThreadsKt$thread$thread$1.run(Thread.kt:30)
Exception in thread "Thread-62235" java.util.concurrent.TimeoutException
	at serie1.Ex4.BlockingMessageQueueFuture$MyFuture.get(BlockingMessageQueueFuture.kt:222)
	at serie1.ex4.FutureTest$blocking_message_multiple_send_receive$2$thread$1.invoke(BlockingMessageQueueWithFutureTest.kt:179)
	at serie1.ex4.FutureTest$blocking_message_multiple_send_receive$2$thread$1.invoke(BlockingMessageQueueWithFutureTest.kt:169)
	at kotlin.concurrent.ThreadsKt$thread$thread$1.run(Thread.kt:30)
Exception in thread "Thread-62232" java.util.concurrent.TimeoutException
	at serie1.Ex4.BlockingMessageQueueFuture$MyFuture.get(BlockingMessageQueueFuture.kt:222)
	at serie1.ex4.FutureTest$blocking_message_multiple_send_receive$2$thread$1.invoke(BlockingMessageQueueWithFutureTest.kt:179)
	at serie1.ex4.FutureTest$blocking_message_multiple_send_receive$2$thread$1.invoke(BlockingMessageQueueWithFutureTest.kt:169)
	at kotlin.concurrent.ThreadsKt$thread$thread$1.run(Thread.kt:30)
[2022-04-22 21:59:11] [INFO] start writer 
[2022-04-22 21:59:11] [INFO] writer try send [1, 2, 3] 
[2022-04-22 21:59:11] [INFO] writer send [1, 2, 3] 
[2022-04-22 21:59:11] [INFO] writer try send [4, 5] 
[2022-04-22 21:59:11] [INFO] writer send [4, 5] 
[2022-04-22 21:59:11] [INFO] writer try send [6] 
[2022-04-22 21:59:11] [INFO] writer send [6] 
[2022-04-22 21:59:11] [INFO] start writer 
[2022-04-22 21:59:11] [INFO] writer try send [11, 12, 13] 
[2022-04-22 21:59:11] [INFO] start writer 
[2022-04-22 21:59:11] [INFO] writer try send [14, 15, 16, 17] 
[2022-04-22 21:59:11] [INFO] start writer 
[2022-04-22 21:59:11] [INFO] writer try send [18, 19, 20] 
[2022-04-22 21:59:11] [INFO] start writer 
[2022-04-22 21:59:11] [INFO] end writer 
[2022-04-22 21:59:11] [INFO] start writer 
[2022-04-22 21:59:11] [INFO] end writer 
[2022-04-22 21:59:11] [INFO] start writer 
[2022-04-22 21:59:11] [INFO] end writer 
[2022-04-22 21:59:11] [INFO] start reader 
[2022-04-22 21:59:11] [INFO] writer try send [7, 8, 9, 10] 
[2022-04-22 21:59:11] [INFO] start reader 
[2022-04-22 21:59:11] [INFO] start writer 
[2022-04-22 21:59:11] [INFO] end writer 
[2022-04-22 21:59:11] [INFO] start writer 
[2022-04-22 21:59:11] [INFO] end writer 
[2022-04-22 21:59:11] [INFO] start writer 
[2022-04-22 21:59:11] [INFO] end writer 
[2022-04-22 21:59:11] [INFO] start get result 
[2022-04-22 21:59:11] [INFO] end get result 2 
[2022-04-22 21:59:11] [INFO] reader get 2 
[2022-04-22 21:59:11] [INFO] start get result 
[2022-04-22 21:59:11] [INFO] end get result 3 
[2022-04-22 21:59:11] [INFO] start get result 
[2022-04-22 21:59:11] [INFO] end get result 1 
[2022-04-22 21:59:11] [INFO] reader get 1 
[2022-04-22 21:59:11] [INFO] start get result 
[2022-04-22 21:59:11] [INFO] end get result 4 
[2022-04-22 21:59:11] [INFO] reader get 4 
[2022-04-22 21:59:11] [INFO] start reader 
[2022-04-22 21:59:11] [INFO] start get result 
[2022-04-22 21:59:11] [INFO] end get result 5 
[2022-04-22 21:59:11] [INFO] start reader 
[2022-04-22 21:59:11] [INFO] reader get 3 
[2022-04-22 21:59:11] [INFO] writer send [18, 19, 20] 
[2022-04-22 21:59:11] [INFO] end writer 
[2022-04-22 21:59:11] [INFO] writer send [7, 8, 9, 10] 
[2022-04-22 21:59:11] [INFO] end writer 
[2022-04-22 21:59:11] [INFO] start get result 
[2022-04-22 21:59:11] [INFO] end get result 6 
[2022-04-22 21:59:11] [INFO] reader get 6 
[2022-04-22 21:59:11] [INFO] start get result 
[2022-04-22 21:59:11] [INFO] end get result 20 
[2022-04-22 21:59:11] [INFO] reader get 20 
[2022-04-22 21:59:11] [INFO] start get result 
[2022-04-22 21:59:11] [INFO] end get result 7 
[2022-04-22 21:59:11] [INFO] reader get 7 
[2022-04-22 21:59:11] [INFO] start get result 
[2022-04-22 21:59:11] [INFO] end get result 8 
[2022-04-22 21:59:11] [INFO] reader get 8 
[2022-04-22 21:59:11] [INFO] start get result 
[2022-04-22 21:59:11] [INFO] end get result 9 
[2022-04-22 21:59:11] [INFO] start reader 
[2022-04-22 21:59:11] [INFO] reader get 5 
[2022-04-22 21:59:11] [INFO] start get result 
[2022-04-22 21:59:11] [INFO] end get result 10 
[2022-04-22 21:59:11] [INFO] reader get 10 
[2022-04-22 21:59:11] [INFO] start get result 
[2022-04-22 21:59:11] [INFO] end get result 11 
[2022-04-22 21:59:11] [INFO] reader get 11 
[2022-04-22 21:59:11] [INFO] start get result 
[2022-04-22 21:59:11] [INFO] end get result 12 
[2022-04-22 21:59:11] [INFO] reader get 12 
[2022-04-22 21:59:11] [INFO] start get result 
[2022-04-22 21:59:11] [INFO] end get result 13 
[2022-04-22 21:59:11] [INFO] reader get 13 
[2022-04-22 21:59:11] [INFO] start get result 
[2022-04-22 21:59:11] [INFO] end get result 15 
[2022-04-22 21:59:11] [INFO] reader get 15 
[2022-04-22 21:59:11] [INFO] start get result 
[2022-04-22 21:59:11] [INFO] end get result 16 
[2022-04-22 21:59:11] [INFO] reader get 16 
[2022-04-22 21:59:11] [INFO] start get result 
[2022-04-22 21:59:11] [INFO] end get result 17 
[2022-04-22 21:59:11] [INFO] reader get 17 
[2022-04-22 21:59:11] [INFO] start get result 
[2022-04-22 21:59:11] [INFO] reader get 9 
[2022-04-22 21:59:11] [INFO] start get result 
[2022-04-22 21:59:11] [INFO] writer send [11, 12, 13] 
[2022-04-22 21:59:11] [INFO] end writer 
[2022-04-22 21:59:11] [INFO] start get result 
[2022-04-22 21:59:11] [INFO] end get result 19 
[2022-04-22 21:59:11] [INFO] reader get 19 
[2022-04-22 21:59:11] [INFO] start get result 
[2022-04-22 21:59:11] [INFO] start get result 
[2022-04-22 21:59:11] [INFO] end get result 18 
[2022-04-22 21:59:11] [INFO] reader get 18 
[2022-04-22 21:59:11] [INFO] start get result 
[2022-04-22 21:59:11] [INFO] end get result 14 
[2022-04-22 21:59:11] [INFO] reader get 14 
[2022-04-22 21:59:11] [INFO] start get result 
[2022-04-22 21:59:11] [INFO] writer send [14, 15, 16, 17] 
[2022-04-22 21:59:11] [INFO] end writer 
[2022-04-22 21:59:11] [INFO] start reader 
[2022-04-22 21:59:11] [INFO] start get result 
[2022-04-22 21:59:11] [INFO] start get result 
Exception in thread "Thread-62251" java.util.concurrent.TimeoutException
	at serie1.Ex4.BlockingMessageQueueFuture$MyFuture.get(BlockingMessageQueueFuture.kt:222)
	at serie1.ex4.FutureTest$blocking_message_multiple_send_receive$2$thread$1.invoke(BlockingMessageQueueWithFutureTest.kt:179)
	at serie1.ex4.FutureTest$blocking_message_multiple_send_receive$2$thread$1.invoke(BlockingMessageQueueWithFutureTest.kt:169)
	at kotlin.concurrent.ThreadsKt$thread$thread$1.run(Thread.kt:30)
Exception in thread "Thread-62248" java.util.concurrent.TimeoutException
	at serie1.Ex4.BlockingMessageQueueFuture$MyFuture.get(BlockingMessageQueueFuture.kt:222)
	at serie1.ex4.FutureTest$blocking_message_multiple_send_receive$2$thread$1.invoke(BlockingMessageQueueWithFutureTest.kt:179)
	at serie1.ex4.FutureTest$blocking_message_multiple_send_receive$2$thread$1.invoke(BlockingMessageQueueWithFutureTest.kt:169)
	at kotlin.concurrent.ThreadsKt$thread$thread$1.run(Thread.kt:30)
Exception in thread "Thread-62249" java.util.concurrent.TimeoutException
	at serie1.Ex4.BlockingMessageQueueFuture$MyFuture.get(BlockingMessageQueueFuture.kt:222)
	at serie1.ex4.FutureTest$blocking_message_multiple_send_receive$2$thread$1.invoke(BlockingMessageQueueWithFutureTest.kt:179)
	at serie1.ex4.FutureTest$blocking_message_multiple_send_receive$2$thread$1.invoke(BlockingMessageQueueWithFutureTest.kt:169)
	at kotlin.concurrent.ThreadsKt$thread$thread$1.run(Thread.kt:30)
Exception in thread "Thread-62252" java.util.concurrent.TimeoutException
	at serie1.Ex4.BlockingMessageQueueFuture$MyFuture.get(BlockingMessageQueueFuture.kt:222)
	at serie1.ex4.FutureTest$blocking_message_multiple_send_receive$2$thread$1.invoke(BlockingMessageQueueWithFutureTest.kt:179)
	at serie1.ex4.FutureTest$blocking_message_multiple_send_receive$2$thread$1.invoke(BlockingMessageQueueWithFutureTest.kt:169)
	at kotlin.concurrent.ThreadsKt$thread$thread$1.run(Thread.kt:30)
Exception in thread "Thread-62250" java.util.concurrent.TimeoutException
	at serie1.Ex4.BlockingMessageQueueFuture$MyFuture.get(BlockingMessageQueueFuture.kt:222)
	at serie1.ex4.FutureTest$blocking_message_multiple_send_receive$2$thread$1.invoke(BlockingMessageQueueWithFutureTest.kt:179)
	at serie1.ex4.FutureTest$blocking_message_multiple_send_receive$2$thread$1.invoke(BlockingMessageQueueWithFutureTest.kt:169)
	at kotlin.concurrent.ThreadsKt$thread$thread$1.run(Thread.kt:30)
Exception in thread "Thread-62253" java.util.concurrent.TimeoutException
	at serie1.Ex4.BlockingMessageQueueFuture$MyFuture.get(BlockingMessageQueueFuture.kt:222)
	at serie1.ex4.FutureTest$blocking_message_multiple_send_receive$2$thread$1.invoke(BlockingMessageQueueWithFutureTest.kt:179)
	at serie1.ex4.FutureTest$blocking_message_multiple_send_receive$2$thread$1.invoke(BlockingMessageQueueWithFutureTest.kt:169)
	at kotlin.concurrent.ThreadsKt$thread$thread$1.run(Thread.kt:30)
[2022-04-22 21:59:13] [INFO] start writer 
[2022-04-22 21:59:13] [INFO] writer try send [1, 2, 3] 
[2022-04-22 21:59:13] [INFO] writer send [1, 2, 3] 
[2022-04-22 21:59:13] [INFO] writer try send [4, 5] 
[2022-04-22 21:59:13] [INFO] writer send [4, 5] 
[2022-04-22 21:59:13] [INFO] writer try send [6] 
[2022-04-22 21:59:13] [INFO] writer send [6] 
[2022-04-22 21:59:13] [INFO] start writer 
[2022-04-22 21:59:13] [INFO] writer try send [11, 12, 13] 
[2022-04-22 21:59:13] [INFO] start writer 
[2022-04-22 21:59:13] [INFO] writer try send [14, 15, 16, 17] 
[2022-04-22 21:59:13] [INFO] start writer 
[2022-04-22 21:59:13] [INFO] writer try send [18, 19, 20] 
[2022-04-22 21:59:13] [INFO] start writer 
[2022-04-22 21:59:13] [INFO] end writer 
[2022-04-22 21:59:13] [INFO] start writer 
[2022-04-22 21:59:13] [INFO] end writer 
[2022-04-22 21:59:13] [INFO] start writer 
[2022-04-22 21:59:13] [INFO] end writer 
[2022-04-22 21:59:13] [INFO] start writer 
[2022-04-22 21:59:13] [INFO] end writer 
[2022-04-22 21:59:13] [INFO] writer try send [7, 8, 9, 10] 
[2022-04-22 21:59:13] [INFO] start writer 
[2022-04-22 21:59:13] [INFO] end writer 
[2022-04-22 21:59:13] [INFO] start writer 
[2022-04-22 21:59:13] [INFO] end writer 
[2022-04-22 21:59:13] [INFO] start reader 
[2022-04-22 21:59:13] [INFO] start reader 
[2022-04-22 21:59:13] [INFO] start reader 
[2022-04-22 21:59:13] [INFO] start get result 
[2022-04-22 21:59:13] [INFO] end get result 1 
[2022-04-22 21:59:13] [INFO] start reader 
[2022-04-22 21:59:13] [INFO] start get result 
[2022-04-22 21:59:13] [INFO] end get result 3 
[2022-04-22 21:59:13] [INFO] reader get 3 
[2022-04-22 21:59:13] [INFO] start get result 
[2022-04-22 21:59:13] [INFO] end get result 4 
[2022-04-22 21:59:13] [INFO] reader get 4 
[2022-04-22 21:59:13] [INFO] start get result 
[2022-04-22 21:59:13] [INFO] end get result 5 
[2022-04-22 21:59:13] [INFO] reader get 5 
[2022-04-22 21:59:13] [INFO] start get result 
[2022-04-22 21:59:13] [INFO] end get result 6 
[2022-04-22 21:59:13] [INFO] reader get 6 
[2022-04-22 21:59:13] [INFO] start get result 
[2022-04-22 21:59:13] [INFO] end get result 18 
[2022-04-22 21:59:13] [INFO] reader get 18 
[2022-04-22 21:59:13] [INFO] start get result 
[2022-04-22 21:59:13] [INFO] writer send [14, 15, 16, 17] 
[2022-04-22 21:59:13] [INFO] end writer 
[2022-04-22 21:59:13] [INFO] reader get 1 
[2022-04-22 21:59:13] [INFO] start get result 
[2022-04-22 21:59:13] [INFO] end get result 11 
[2022-04-22 21:59:13] [INFO] reader get 11 
[2022-04-22 21:59:13] [INFO] start get result 
[2022-04-22 21:59:13] [INFO] end get result 12 
[2022-04-22 21:59:13] [INFO] reader get 12 
[2022-04-22 21:59:13] [INFO] start get result 
[2022-04-22 21:59:13] [INFO] end get result 13 
[2022-04-22 21:59:13] [INFO] reader get 13 
[2022-04-22 21:59:13] [INFO] start get result 
[2022-04-22 21:59:13] [INFO] end get result 14 
[2022-04-22 21:59:13] [INFO] reader get 14 
[2022-04-22 21:59:13] [INFO] start get result 
[2022-04-22 21:59:13] [INFO] end get result 15 
[2022-04-22 21:59:13] [INFO] reader get 15 
[2022-04-22 21:59:13] [INFO] start get result 
[2022-04-22 21:59:13] [INFO] end get result 16 
[2022-04-22 21:59:13] [INFO] reader get 16 
[2022-04-22 21:59:13] [INFO] start get result 
[2022-04-22 21:59:13] [INFO] end get result 17 
[2022-04-22 21:59:13] [INFO] reader get 17 
[2022-04-22 21:59:13] [INFO] start get result 
[2022-04-22 21:59:13] [INFO] end get result 7 
[2022-04-22 21:59:13] [INFO] reader get 7 
[2022-04-22 21:59:13] [INFO] start get result 
[2022-04-22 21:59:13] [INFO] end get result 8 
[2022-04-22 21:59:13] [INFO] reader get 8 
[2022-04-22 21:59:13] [INFO] start get result 
[2022-04-22 21:59:13] [INFO] end get result 9 
[2022-04-22 21:59:13] [INFO] reader get 9 
[2022-04-22 21:59:13] [INFO] start get result 
[2022-04-22 21:59:13] [INFO] end get result 10 
[2022-04-22 21:59:13] [INFO] reader get 10 
[2022-04-22 21:59:13] [INFO] start get result 
[2022-04-22 21:59:13] [INFO] start get result 
[2022-04-22 21:59:13] [INFO] end get result 2 
[2022-04-22 21:59:13] [INFO] reader get 2 
[2022-04-22 21:59:13] [INFO] start get result 
[2022-04-22 21:59:13] [INFO] writer send [7, 8, 9, 10] 
[2022-04-22 21:59:13] [INFO] end writer 
[2022-04-22 21:59:13] [INFO] end get result 19 
[2022-04-22 21:59:13] [INFO] reader get 19 
[2022-04-22 21:59:13] [INFO] start get result 
[2022-04-22 21:59:13] [INFO] start get result 
[2022-04-22 21:59:13] [INFO] end get result 20 
[2022-04-22 21:59:13] [INFO] reader get 20 
[2022-04-22 21:59:13] [INFO] start get result 
[2022-04-22 21:59:13] [INFO] writer send [11, 12, 13] 
[2022-04-22 21:59:13] [INFO] end writer 
[2022-04-22 21:59:13] [INFO] start reader 
[2022-04-22 21:59:13] [INFO] writer send [18, 19, 20] 
[2022-04-22 21:59:13] [INFO] end writer 
[2022-04-22 21:59:13] [INFO] start reader 
[2022-04-22 21:59:13] [INFO] start get result 
[2022-04-22 21:59:13] [INFO] start get result 
Exception in thread "Thread-62266" java.util.concurrent.TimeoutException
	at serie1.Ex4.BlockingMessageQueueFuture$MyFuture.get(BlockingMessageQueueFuture.kt:222)
	at serie1.ex4.FutureTest$blocking_message_multiple_send_receive$2$thread$1.invoke(BlockingMessageQueueWithFutureTest.kt:179)
	at serie1.ex4.FutureTest$blocking_message_multiple_send_receive$2$thread$1.invoke(BlockingMessageQueueWithFutureTest.kt:169)
	at kotlin.concurrent.ThreadsKt$thread$thread$1.run(Thread.kt:30)
Exception in thread "Thread-62267" java.util.concurrent.TimeoutException
	at serie1.Ex4.BlockingMessageQueueFuture$MyFuture.get(BlockingMessageQueueFuture.kt:222)
	at serie1.ex4.FutureTest$blocking_message_multiple_send_receive$2$thread$1.invoke(BlockingMessageQueueWithFutureTest.kt:179)
	at serie1.ex4.FutureTest$blocking_message_multiple_send_receive$2$thread$1.invoke(BlockingMessageQueueWithFutureTest.kt:169)
	at kotlin.concurrent.ThreadsKt$thread$thread$1.run(Thread.kt:30)
Exception in thread "Thread-62268" java.util.concurrent.TimeoutException
	at serie1.Ex4.BlockingMessageQueueFuture$MyFuture.get(BlockingMessageQueueFuture.kt:222)
	at serie1.ex4.FutureTest$blocking_message_multiple_send_receive$2$thread$1.invoke(BlockingMessageQueueWithFutureTest.kt:179)
	at serie1.ex4.FutureTest$blocking_message_multiple_send_receive$2$thread$1.invoke(BlockingMessageQueueWithFutureTest.kt:169)
	at kotlin.concurrent.ThreadsKt$thread$thread$1.run(Thread.kt:30)
Exception in thread "Thread-62265" java.util.concurrent.TimeoutException
	at serie1.Ex4.BlockingMessageQueueFuture$MyFuture.get(BlockingMessageQueueFuture.kt:222)
	at serie1.ex4.FutureTest$blocking_message_multiple_send_receive$2$thread$1.invoke(BlockingMessageQueueWithFutureTest.kt:179)
	at serie1.ex4.FutureTest$blocking_message_multiple_send_receive$2$thread$1.invoke(BlockingMessageQueueWithFutureTest.kt:169)
	at kotlin.concurrent.ThreadsKt$thread$thread$1.run(Thread.kt:30)
Exception in thread "Thread-62270" java.util.concurrent.TimeoutException
	at serie1.Ex4.BlockingMessageQueueFuture$MyFuture.get(BlockingMessageQueueFuture.kt:222)
	at serie1.ex4.FutureTest$blocking_message_multiple_send_receive$2$thread$1.invoke(BlockingMessageQueueWithFutureTest.kt:179)
	at serie1.ex4.FutureTest$blocking_message_multiple_send_receive$2$thread$1.invoke(BlockingMessageQueueWithFutureTest.kt:169)
	at kotlin.concurrent.ThreadsKt$thread$thread$1.run(Thread.kt:30)
Exception in thread "Thread-62269" java.util.concurrent.TimeoutException
	at serie1.Ex4.BlockingMessageQueueFuture$MyFuture.get(BlockingMessageQueueFuture.kt:222)
	at serie1.ex4.FutureTest$blocking_message_multiple_send_receive$2$thread$1.invoke(BlockingMessageQueueWithFutureTest.kt:179)
	at serie1.ex4.FutureTest$blocking_message_multiple_send_receive$2$thread$1.invoke(BlockingMessageQueueWithFutureTest.kt:169)
	at kotlin.concurrent.ThreadsKt$thread$thread$1.run(Thread.kt:30)
[2022-04-22 21:59:15] [INFO] start writer 
[2022-04-22 21:59:15] [INFO] writer try send [1, 2, 3] 
[2022-04-22 21:59:15] [INFO] start writer 
[2022-04-22 21:59:15] [INFO] writer try send [4, 5] 
[2022-04-22 21:59:15] [INFO] start writer 
[2022-04-22 21:59:15] [INFO] writer try send [6] 
[2022-04-22 21:59:15] [INFO] writer send [6] 
[2022-04-22 21:59:15] [INFO] start reader 
[2022-04-22 21:59:15] [INFO] start writer 
[2022-04-22 21:59:15] [INFO] writer try send [11, 12, 13] 
[2022-04-22 21:59:15] [INFO] start writer 
[2022-04-22 21:59:15] [INFO] writer try send [14, 15, 16, 17] 
[2022-04-22 21:59:15] [INFO] start get result 
[2022-04-22 21:59:15] [INFO] writer send [11, 12, 13] 
[2022-04-22 21:59:15] [INFO] writer try send [18, 19, 20] 
[2022-04-22 21:59:15] [INFO] writer send [4, 5] 
[2022-04-22 21:59:15] [INFO] end writer 
[2022-04-22 21:59:15] [INFO] writer send [1, 2, 3] 
[2022-04-22 21:59:15] [INFO] end writer 
[2022-04-22 21:59:15] [INFO] start writer 
[2022-04-22 21:59:15] [INFO] end writer 
[2022-04-22 21:59:15] [INFO] end get result 1 
[2022-04-22 21:59:15] [INFO] start writer 
[2022-04-22 21:59:15] [INFO] end writer 
[2022-04-22 21:59:15] [INFO] start writer 
[2022-04-22 21:59:15] [INFO] end writer 
[2022-04-22 21:59:15] [INFO] start reader 
[2022-04-22 21:59:15] [INFO] start writer 
[2022-04-22 21:59:15] [INFO] end writer 
[2022-04-22 21:59:15] [INFO] start reader 
[2022-04-22 21:59:15] [INFO] writer try send [7, 8, 9, 10] 
[2022-04-22 21:59:15] [INFO] start writer 
[2022-04-22 21:59:15] [INFO] end writer 
[2022-04-22 21:59:15] [INFO] start get result 
[2022-04-22 21:59:15] [INFO] end get result 2 
[2022-04-22 21:59:15] [INFO] reader get 2 
[2022-04-22 21:59:15] [INFO] start reader 
[2022-04-22 21:59:15] [INFO] reader get 1 
[2022-04-22 21:59:15] [INFO] start get result 
[2022-04-22 21:59:15] [INFO] end get result 5 
[2022-04-22 21:59:15] [INFO] reader get 5 
[2022-04-22 21:59:15] [INFO] start get result 
[2022-04-22 21:59:15] [INFO] end get result 6 
[2022-04-22 21:59:15] [INFO] reader get 6 
[2022-04-22 21:59:15] [INFO] start get result 
[2022-04-22 21:59:15] [INFO] end get result 11 
[2022-04-22 21:59:15] [INFO] reader get 11 
[2022-04-22 21:59:15] [INFO] start get result 
[2022-04-22 21:59:15] [INFO] writer send [18, 19, 20] 
[2022-04-22 21:59:15] [INFO] end writer 
[2022-04-22 21:59:15] [INFO] start get result 
[2022-04-22 21:59:15] [INFO] end get result 13 
[2022-04-22 21:59:15] [INFO] reader get 13 
[2022-04-22 21:59:15] [INFO] start get result 
[2022-04-22 21:59:15] [INFO] end get result 14 
[2022-04-22 21:59:15] [INFO] reader get 14 
[2022-04-22 21:59:15] [INFO] start get result 
[2022-04-22 21:59:15] [INFO] end get result 15 
[2022-04-22 21:59:15] [INFO] reader get 15 
[2022-04-22 21:59:15] [INFO] start get result 
[2022-04-22 21:59:15] [INFO] end get result 16 
[2022-04-22 21:59:15] [INFO] reader get 16 
[2022-04-22 21:59:15] [INFO] start get result 
[2022-04-22 21:59:15] [INFO] end get result 17 
[2022-04-22 21:59:15] [INFO] reader get 17 
[2022-04-22 21:59:15] [INFO] start get result 
[2022-04-22 21:59:15] [INFO] end get result 18 
[2022-04-22 21:59:15] [INFO] reader get 18 
[2022-04-22 21:59:15] [INFO] start get result 
[2022-04-22 21:59:15] [INFO] end get result 19 
[2022-04-22 21:59:15] [INFO] reader get 19 
[2022-04-22 21:59:15] [INFO] start get result 
[2022-04-22 21:59:15] [INFO] end get result 20 
[2022-04-22 21:59:15] [INFO] start get result 
[2022-04-22 21:59:15] [INFO] end get result 4 
[2022-04-22 21:59:15] [INFO] reader get 4 
[2022-04-22 21:59:15] [INFO] start get result 
[2022-04-22 21:59:15] [INFO] end get result 7 
[2022-04-22 21:59:15] [INFO] reader get 7 
[2022-04-22 21:59:15] [INFO] start get result 
[2022-04-22 21:59:15] [INFO] end get result 8 
[2022-04-22 21:59:15] [INFO] start get result 
[2022-04-22 21:59:15] [INFO] end get result 3 
[2022-04-22 21:59:15] [INFO] reader get 3 
[2022-04-22 21:59:15] [INFO] start get result 
[2022-04-22 21:59:15] [INFO] end get result 9 
[2022-04-22 21:59:15] [INFO] reader get 9 
[2022-04-22 21:59:15] [INFO] start get result 
[2022-04-22 21:59:15] [INFO] end get result 10 
[2022-04-22 21:59:15] [INFO] reader get 10 
[2022-04-22 21:59:15] [INFO] start get result 
[2022-04-22 21:59:15] [INFO] reader get 8 
[2022-04-22 21:59:15] [INFO] start get result 
[2022-04-22 21:59:15] [INFO] reader get 20 
[2022-04-22 21:59:15] [INFO] start get result 
[2022-04-22 21:59:15] [INFO] writer send [7, 8, 9, 10] 
[2022-04-22 21:59:15] [INFO] end writer 
[2022-04-22 21:59:15] [INFO] end get result 12 
[2022-04-22 21:59:15] [INFO] reader get 12 
[2022-04-22 21:59:15] [INFO] start get result 
[2022-04-22 21:59:15] [INFO] start reader 
[2022-04-22 21:59:15] [INFO] writer send [14, 15, 16, 17] 
[2022-04-22 21:59:15] [INFO] end writer 
[2022-04-22 21:59:15] [INFO] start reader 
[2022-04-22 21:59:15] [INFO] start get result 
[2022-04-22 21:59:15] [INFO] start get result 
Exception in thread "Thread-62286" java.util.concurrent.TimeoutException
	at serie1.Ex4.BlockingMessageQueueFuture$MyFuture.get(BlockingMessageQueueFuture.kt:222)
	at serie1.ex4.FutureTest$blocking_message_multiple_send_receive$2$thread$1.invoke(BlockingMessageQueueWithFutureTest.kt:179)
	at serie1.ex4.FutureTest$blocking_message_multiple_send_receive$2$thread$1.invoke(BlockingMessageQueueWithFutureTest.kt:169)
	at kotlin.concurrent.ThreadsKt$thread$thread$1.run(Thread.kt:30)
Exception in thread "Thread-62287" java.util.concurrent.TimeoutException
	at serie1.Ex4.BlockingMessageQueueFuture$MyFuture.get(BlockingMessageQueueFuture.kt:222)
	at serie1.ex4.FutureTest$blocking_message_multiple_send_receive$2$thread$1.invoke(BlockingMessageQueueWithFutureTest.kt:179)
	at serie1.ex4.FutureTest$blocking_message_multiple_send_receive$2$thread$1.invoke(BlockingMessageQueueWithFutureTest.kt:169)
	at kotlin.concurrent.ThreadsKt$thread$thread$1.run(Thread.kt:30)
Exception in thread "Thread-62285" java.util.concurrent.TimeoutException
	at serie1.Ex4.BlockingMessageQueueFuture$MyFuture.get(BlockingMessageQueueFuture.kt:222)
	at serie1.ex4.FutureTest$blocking_message_multiple_send_receive$2$thread$1.invoke(BlockingMessageQueueWithFutureTest.kt:179)
	at serie1.ex4.FutureTest$blocking_message_multiple_send_receive$2$thread$1.invoke(BlockingMessageQueueWithFutureTest.kt:169)
	at kotlin.concurrent.ThreadsKt$thread$thread$1.run(Thread.kt:30)
Exception in thread "Thread-62282" java.util.concurrent.TimeoutException
	at serie1.Ex4.BlockingMessageQueueFuture$MyFuture.get(BlockingMessageQueueFuture.kt:222)
	at serie1.ex4.FutureTest$blocking_message_multiple_send_receive$2$thread$1.invoke(BlockingMessageQueueWithFutureTest.kt:179)
	at serie1.ex4.FutureTest$blocking_message_multiple_send_receive$2$thread$1.invoke(BlockingMessageQueueWithFutureTest.kt:169)
	at kotlin.concurrent.ThreadsKt$thread$thread$1.run(Thread.kt:30)
Exception in thread "Thread-62283" java.util.concurrent.TimeoutException
	at serie1.Ex4.BlockingMessageQueueFuture$MyFuture.get(BlockingMessageQueueFuture.kt:222)
	at serie1.ex4.FutureTest$blocking_message_multiple_send_receive$2$thread$1.invoke(BlockingMessageQueueWithFutureTest.kt:179)
	at serie1.ex4.FutureTest$blocking_message_multiple_send_receive$2$thread$1.invoke(BlockingMessageQueueWithFutureTest.kt:169)
	at kotlin.concurrent.ThreadsKt$thread$thread$1.run(Thread.kt:30)
Exception in thread "Thread-62284" java.util.concurrent.TimeoutException
	at serie1.Ex4.BlockingMessageQueueFuture$MyFuture.get(BlockingMessageQueueFuture.kt:222)
	at serie1.ex4.FutureTest$blocking_message_multiple_send_receive$2$thread$1.invoke(BlockingMessageQueueWithFutureTest.kt:179)
	at serie1.ex4.FutureTest$blocking_message_multiple_send_receive$2$thread$1.invoke(BlockingMessageQueueWithFutureTest.kt:169)
	at kotlin.concurrent.ThreadsKt$thread$thread$1.run(Thread.kt:30)
[2022-04-22 21:59:17] [INFO] start writer 
[2022-04-22 21:59:17] [INFO] writer try send [1, 2, 3] 
[2022-04-22 21:59:17] [INFO] writer send [1, 2, 3] 
[2022-04-22 21:59:17] [INFO] writer try send [4, 5] 
[2022-04-22 21:59:17] [INFO] writer send [4, 5] 
[2022-04-22 21:59:17] [INFO] start writer 
[2022-04-22 21:59:17] [INFO] start writer 
[2022-04-22 21:59:17] [INFO] writer try send [11, 12, 13] 
[2022-04-22 21:59:17] [INFO] start writer 
[2022-04-22 21:59:17] [INFO] writer try send [14, 15, 16, 17] 
[2022-04-22 21:59:17] [INFO] start writer 
[2022-04-22 21:59:17] [INFO] writer try send [18, 19, 20] 
[2022-04-22 21:59:17] [INFO] start writer 
[2022-04-22 21:59:17] [INFO] end writer 
[2022-04-22 21:59:17] [INFO] start writer 
[2022-04-22 21:59:17] [INFO] end writer 
[2022-04-22 21:59:17] [INFO] writer try send [7, 8, 9, 10] 
[2022-04-22 21:59:17] [INFO] start writer 
[2022-04-22 21:59:17] [INFO] end writer 
[2022-04-22 21:59:17] [INFO] start writer 
[2022-04-22 21:59:17] [INFO] end writer 
[2022-04-22 21:59:17] [INFO] writer try send [6] 
[2022-04-22 21:59:17] [INFO] writer send [6] 
[2022-04-22 21:59:17] [INFO] end writer 
[2022-04-22 21:59:17] [INFO] start writer 
[2022-04-22 21:59:17] [INFO] end writer 
[2022-04-22 21:59:17] [INFO] writer send [11, 12, 13] 
[2022-04-22 21:59:17] [INFO] end writer 
[2022-04-22 21:59:17] [INFO] start reader 
[2022-04-22 21:59:17] [INFO] start reader 
[2022-04-22 21:59:17] [INFO] start reader 
[2022-04-22 21:59:17] [INFO] start reader 
[2022-04-22 21:59:17] [INFO] start reader 
[2022-04-22 21:59:17] [INFO] start get result 
[2022-04-22 21:59:17] [INFO] end get result 1 
[2022-04-22 21:59:17] [INFO] reader get 1 
[2022-04-22 21:59:17] [INFO] start get result 
[2022-04-22 21:59:17] [INFO] end get result 3 
[2022-04-22 21:59:17] [INFO] reader get 3 
[2022-04-22 21:59:17] [INFO] start get result 
[2022-04-22 21:59:17] [INFO] end get result 11 
[2022-04-22 21:59:17] [INFO] reader get 11 
[2022-04-22 21:59:17] [INFO] start get result 
[2022-04-22 21:59:17] [INFO] writer send [18, 19, 20] 
[2022-04-22 21:59:17] [INFO] end writer 
[2022-04-22 21:59:17] [INFO] start get result 
[2022-04-22 21:59:17] [INFO] end get result 13 
[2022-04-22 21:59:17] [INFO] reader get 13 
[2022-04-22 21:59:17] [INFO] start get result 
[2022-04-22 21:59:17] [INFO] end get result 6 
[2022-04-22 21:59:17] [INFO] reader get 6 
[2022-04-22 21:59:17] [INFO] start get result 
[2022-04-22 21:59:17] [INFO] end get result 7 
[2022-04-22 21:59:17] [INFO] reader get 7 
[2022-04-22 21:59:17] [INFO] start get result 
[2022-04-22 21:59:17] [INFO] end get result 8 
[2022-04-22 21:59:17] [INFO] reader get 8 
[2022-04-22 21:59:17] [INFO] start get result 
[2022-04-22 21:59:17] [INFO] end get result 9 
[2022-04-22 21:59:17] [INFO] reader get 9 
[2022-04-22 21:59:17] [INFO] start get result 
[2022-04-22 21:59:17] [INFO] end get result 10 
[2022-04-22 21:59:17] [INFO] reader get 10 
[2022-04-22 21:59:17] [INFO] start get result 
[2022-04-22 21:59:17] [INFO] end get result 18 
[2022-04-22 21:59:17] [INFO] reader get 18 
[2022-04-22 21:59:17] [INFO] start get result 
[2022-04-22 21:59:17] [INFO] end get result 19 
[2022-04-22 21:59:17] [INFO] reader get 19 
[2022-04-22 21:59:17] [INFO] start get result 
[2022-04-22 21:59:17] [INFO] end get result 20 
[2022-04-22 21:59:17] [INFO] reader get 20 
[2022-04-22 21:59:17] [INFO] start get result 
[2022-04-22 21:59:17] [INFO] end get result 14 
[2022-04-22 21:59:17] [INFO] reader get 14 
[2022-04-22 21:59:17] [INFO] start get result 
[2022-04-22 21:59:17] [INFO] end get result 15 
[2022-04-22 21:59:17] [INFO] reader get 15 
[2022-04-22 21:59:17] [INFO] start get result 
[2022-04-22 21:59:17] [INFO] end get result 16 
[2022-04-22 21:59:17] [INFO] reader get 16 
[2022-04-22 21:59:17] [INFO] start get result 
[2022-04-22 21:59:17] [INFO] end get result 17 
[2022-04-22 21:59:17] [INFO] reader get 17 
[2022-04-22 21:59:17] [INFO] start get result 
[2022-04-22 21:59:17] [INFO] start reader 
[2022-04-22 21:59:17] [INFO] writer send [14, 15, 16, 17] 
[2022-04-22 21:59:17] [INFO] end writer 
[2022-04-22 21:59:17] [INFO] end get result 12 
[2022-04-22 21:59:17] [INFO] reader get 12 
[2022-04-22 21:59:17] [INFO] start get result 
[2022-04-22 21:59:17] [INFO] start get result 
[2022-04-22 21:59:17] [INFO] end get result 5 
[2022-04-22 21:59:17] [INFO] reader get 5 
[2022-04-22 21:59:17] [INFO] start get result 
[2022-04-22 21:59:17] [INFO] writer send [7, 8, 9, 10] 
[2022-04-22 21:59:17] [INFO] end writer 
[2022-04-22 21:59:17] [INFO] start get result 
[2022-04-22 21:59:17] [INFO] end get result 4 
[2022-04-22 21:59:17] [INFO] reader get 4 
[2022-04-22 21:59:17] [INFO] start get result 
[2022-04-22 21:59:17] [INFO] start get result 
[2022-04-22 21:59:17] [INFO] end get result 2 
[2022-04-22 21:59:17] [INFO] reader get 2 
[2022-04-22 21:59:17] [INFO] start get result 
[2022-04-22 21:59:17] [INFO] start get result 
Exception in thread "Thread-62304" java.util.concurrent.TimeoutException
	at serie1.Ex4.BlockingMessageQueueFuture$MyFuture.get(BlockingMessageQueueFuture.kt:222)
	at serie1.ex4.FutureTest$blocking_message_multiple_send_receive$2$thread$1.invoke(BlockingMessageQueueWithFutureTest.kt:179)
	at serie1.ex4.FutureTest$blocking_message_multiple_send_receive$2$thread$1.invoke(BlockingMessageQueueWithFutureTest.kt:169)
	at kotlin.concurrent.ThreadsKt$thread$thread$1.run(Thread.kt:30)
Exception in thread "Thread-62303" java.util.concurrent.TimeoutException
	at serie1.Ex4.BlockingMessageQueueFuture$MyFuture.get(BlockingMessageQueueFuture.kt:222)
	at serie1.ex4.FutureTest$blocking_message_multiple_send_receive$2$thread$1.invoke(BlockingMessageQueueWithFutureTest.kt:179)
	at serie1.ex4.FutureTest$blocking_message_multiple_send_receive$2$thread$1.invoke(BlockingMessageQueueWithFutureTest.kt:169)
	at kotlin.concurrent.ThreadsKt$thread$thread$1.run(Thread.kt:30)
Exception in thread "Thread-62301" java.util.concurrent.TimeoutException
	at serie1.Ex4.BlockingMessageQueueFuture$MyFuture.get(BlockingMessageQueueFuture.kt:222)
	at serie1.ex4.FutureTest$blocking_message_multiple_send_receive$2$thread$1.invoke(BlockingMessageQueueWithFutureTest.kt:179)
	at serie1.ex4.FutureTest$blocking_message_multiple_send_receive$2$thread$1.invoke(BlockingMessageQueueWithFutureTest.kt:169)
	at kotlin.concurrent.ThreadsKt$thread$thread$1.run(Thread.kt:30)
Exception in thread "Thread-62302" java.util.concurrent.TimeoutException
	at serie1.Ex4.BlockingMessageQueueFuture$MyFuture.get(BlockingMessageQueueFuture.kt:222)
	at serie1.ex4.FutureTest$blocking_message_multiple_send_receive$2$thread$1.invoke(BlockingMessageQueueWithFutureTest.kt:179)
	at serie1.ex4.FutureTest$blocking_message_multiple_send_receive$2$thread$1.invoke(BlockingMessageQueueWithFutureTest.kt:169)
	at kotlin.concurrent.ThreadsKt$thread$thread$1.run(Thread.kt:30)
Exception in thread "Thread-62300" java.util.concurrent.TimeoutException
	at serie1.Ex4.BlockingMessageQueueFuture$MyFuture.get(BlockingMessageQueueFuture.kt:222)
	at serie1.ex4.FutureTest$blocking_message_multiple_send_receive$2$thread$1.invoke(BlockingMessageQueueWithFutureTest.kt:179)
	at serie1.ex4.FutureTest$blocking_message_multiple_send_receive$2$thread$1.invoke(BlockingMessageQueueWithFutureTest.kt:169)
	at kotlin.concurrent.ThreadsKt$thread$thread$1.run(Thread.kt:30)
Exception in thread "Thread-62299" java.util.concurrent.TimeoutException
	at serie1.Ex4.BlockingMessageQueueFuture$MyFuture.get(BlockingMessageQueueFuture.kt:222)
	at serie1.ex4.FutureTest$blocking_message_multiple_send_receive$2$thread$1.invoke(BlockingMessageQueueWithFutureTest.kt:179)
	at serie1.ex4.FutureTest$blocking_message_multiple_send_receive$2$thread$1.invoke(BlockingMessageQueueWithFutureTest.kt:169)
	at kotlin.concurrent.ThreadsKt$thread$thread$1.run(Thread.kt:30)
[2022-04-22 21:59:19] [INFO] start writer 
[2022-04-22 21:59:19] [INFO] writer try send [1, 2, 3] 
[2022-04-22 21:59:19] [INFO] start writer 
[2022-04-22 21:59:19] [INFO] writer try send [4, 5] 
[2022-04-22 21:59:19] [INFO] writer send [4, 5] 
[2022-04-22 21:59:19] [INFO] writer try send [6] 
[2022-04-22 21:59:19] [INFO] writer send [6] 
[2022-04-22 21:59:19] [INFO] writer try send [7, 8, 9, 10] 
[2022-04-22 21:59:19] [INFO] writer send [7, 8, 9, 10] 
[2022-04-22 21:59:19] [INFO] writer try send [11, 12, 13] 
[2022-04-22 21:59:19] [INFO] start writer 
[2022-04-22 21:59:19] [INFO] writer try send [14, 15, 16, 17] 
[2022-04-22 21:59:19] [INFO] writer send [1, 2, 3] 
[2022-04-22 21:59:19] [INFO] writer try send [18, 19, 20] 
[2022-04-22 21:59:19] [INFO] start writer 
[2022-04-22 21:59:19] [INFO] end writer 
[2022-04-22 21:59:19] [INFO] start writer 
[2022-04-22 21:59:19] [INFO] end writer 
[2022-04-22 21:59:19] [INFO] start writer 
[2022-04-22 21:59:19] [INFO] end writer 
[2022-04-22 21:59:19] [INFO] start writer 
[2022-04-22 21:59:19] [INFO] end writer 
[2022-04-22 21:59:19] [INFO] start writer 
[2022-04-22 21:59:19] [INFO] end writer 
[2022-04-22 21:59:19] [INFO] start writer 
[2022-04-22 21:59:19] [INFO] end writer 
[2022-04-22 21:59:19] [INFO] start writer 
[2022-04-22 21:59:19] [INFO] end writer 
[2022-04-22 21:59:19] [INFO] start reader 
[2022-04-22 21:59:19] [INFO] start reader 
[2022-04-22 21:59:19] [INFO] start reader 
[2022-04-22 21:59:19] [INFO] start get result 
[2022-04-22 21:59:19] [INFO] end get result 1 
[2022-04-22 21:59:19] [INFO] reader get 1 
[2022-04-22 21:59:19] [INFO] start get result 
[2022-04-22 21:59:19] [INFO] start reader 
[2022-04-22 21:59:19] [INFO] start get result 
[2022-04-22 21:59:19] [INFO] start reader 
[2022-04-22 21:59:19] [INFO] writer send [18, 19, 20] 
[2022-04-22 21:59:19] [INFO] end writer 
[2022-04-22 21:59:19] [INFO] end get result 2 
[2022-04-22 21:59:19] [INFO] reader get 2 
[2022-04-22 21:59:19] [INFO] start get result 
[2022-04-22 21:59:19] [INFO] start get result 
[2022-04-22 21:59:19] [INFO] end get result 3 
[2022-04-22 21:59:19] [INFO] reader get 3 
[2022-04-22 21:59:19] [INFO] start get result 
[2022-04-22 21:59:19] [INFO] end get result 8 
[2022-04-22 21:59:19] [INFO] reader get 8 
[2022-04-22 21:59:19] [INFO] start get result 
[2022-04-22 21:59:19] [INFO] end get result 9 
[2022-04-22 21:59:19] [INFO] reader get 9 
[2022-04-22 21:59:19] [INFO] start get result 
[2022-04-22 21:59:19] [INFO] end get result 6 
[2022-04-22 21:59:19] [INFO] reader get 6 
[2022-04-22 21:59:19] [INFO] start get result 
[2022-04-22 21:59:19] [INFO] end get result 18 
[2022-04-22 21:59:19] [INFO] reader get 18 
[2022-04-22 21:59:19] [INFO] start get result 
[2022-04-22 21:59:19] [INFO] end get result 19 
[2022-04-22 21:59:19] [INFO] reader get 19 
[2022-04-22 21:59:19] [INFO] start get result 
[2022-04-22 21:59:19] [INFO] end get result 20 
[2022-04-22 21:59:19] [INFO] reader get 20 
[2022-04-22 21:59:19] [INFO] start get result 
[2022-04-22 21:59:19] [INFO] end get result 11 
[2022-04-22 21:59:19] [INFO] reader get 11 
[2022-04-22 21:59:19] [INFO] start get result 
[2022-04-22 21:59:19] [INFO] end get result 12 
[2022-04-22 21:59:19] [INFO] reader get 12 
[2022-04-22 21:59:19] [INFO] start get result 
[2022-04-22 21:59:19] [INFO] end get result 13 
[2022-04-22 21:59:19] [INFO] writer send [11, 12, 13] 
[2022-04-22 21:59:19] [INFO] end writer 
[2022-04-22 21:59:19] [INFO] start get result 
[2022-04-22 21:59:19] [INFO] end get result 5 
[2022-04-22 21:59:19] [INFO] reader get 5 
[2022-04-22 21:59:19] [INFO] start get result 
[2022-04-22 21:59:19] [INFO] end get result 14 
[2022-04-22 21:59:19] [INFO] reader get 14 
[2022-04-22 21:59:19] [INFO] start get result 
[2022-04-22 21:59:19] [INFO] start reader 
[2022-04-22 21:59:19] [INFO] end get result 4 
[2022-04-22 21:59:19] [INFO] reader get 4 
[2022-04-22 21:59:19] [INFO] start get result 
[2022-04-22 21:59:19] [INFO] end get result 16 
[2022-04-22 21:59:19] [INFO] reader get 16 
[2022-04-22 21:59:19] [INFO] start get result 
[2022-04-22 21:59:19] [INFO] end get result 17 
[2022-04-22 21:59:19] [INFO] reader get 17 
[2022-04-22 21:59:19] [INFO] end get result 15 
[2022-04-22 21:59:19] [INFO] reader get 15 
[2022-04-22 21:59:19] [INFO] start get result 
[2022-04-22 21:59:19] [INFO] reader get 13 
[2022-04-22 21:59:19] [INFO] start get result 
[2022-04-22 21:59:19] [INFO] end get result 7 
[2022-04-22 21:59:19] [INFO] reader get 7 
[2022-04-22 21:59:19] [INFO] start get result 
[2022-04-22 21:59:19] [INFO] writer send [14, 15, 16, 17] 
[2022-04-22 21:59:19] [INFO] end writer 
[2022-04-22 21:59:19] [INFO] start get result 
[2022-04-22 21:59:19] [INFO] end get result 10 
[2022-04-22 21:59:19] [INFO] reader get 10 
[2022-04-22 21:59:19] [INFO] start get result 
[2022-04-22 21:59:19] [INFO] start get result 
[2022-04-22 21:59:19] [INFO] start get result 
Exception in thread "Thread-62319" java.util.concurrent.TimeoutException
	at serie1.Ex4.BlockingMessageQueueFuture$MyFuture.get(BlockingMessageQueueFuture.kt:222)
	at serie1.ex4.FutureTest$blocking_message_multiple_send_receive$2$thread$1.invoke(BlockingMessageQueueWithFutureTest.kt:179)
	at serie1.ex4.FutureTest$blocking_message_multiple_send_receive$2$thread$1.invoke(BlockingMessageQueueWithFutureTest.kt:169)
	at kotlin.concurrent.ThreadsKt$thread$thread$1.run(Thread.kt:30)
Exception in thread "Thread-62320" java.util.concurrent.TimeoutException
	at serie1.Ex4.BlockingMessageQueueFuture$MyFuture.get(BlockingMessageQueueFuture.kt:222)
	at serie1.ex4.FutureTest$blocking_message_multiple_send_receive$2$thread$1.invoke(BlockingMessageQueueWithFutureTest.kt:179)
	at serie1.ex4.FutureTest$blocking_message_multiple_send_receive$2$thread$1.invoke(BlockingMessageQueueWithFutureTest.kt:169)
	at kotlin.concurrent.ThreadsKt$thread$thread$1.run(Thread.kt:30)
Exception in thread "Thread-62321" java.util.concurrent.TimeoutException
	at serie1.Ex4.BlockingMessageQueueFuture$MyFuture.get(BlockingMessageQueueFuture.kt:222)
	at serie1.ex4.FutureTest$blocking_message_multiple_send_receive$2$thread$1.invoke(BlockingMessageQueueWithFutureTest.kt:179)
	at serie1.ex4.FutureTest$blocking_message_multiple_send_receive$2$thread$1.invoke(BlockingMessageQueueWithFutureTest.kt:169)
	at kotlin.concurrent.ThreadsKt$thread$thread$1.run(Thread.kt:30)
Exception in thread "Thread-62318" java.util.concurrent.TimeoutException
	at serie1.Ex4.BlockingMessageQueueFuture$MyFuture.get(BlockingMessageQueueFuture.kt:222)
	at serie1.ex4.FutureTest$blocking_message_multiple_send_receive$2$thread$1.invoke(BlockingMessageQueueWithFutureTest.kt:179)
	at serie1.ex4.FutureTest$blocking_message_multiple_send_receive$2$thread$1.invoke(BlockingMessageQueueWithFutureTest.kt:169)
	at kotlin.concurrent.ThreadsKt$thread$thread$1.run(Thread.kt:30)
Exception in thread "Thread-62316" java.util.concurrent.TimeoutException
	at serie1.Ex4.BlockingMessageQueueFuture$MyFuture.get(BlockingMessageQueueFuture.kt:222)
	at serie1.ex4.FutureTest$blocking_message_multiple_send_receive$2$thread$1.invoke(BlockingMessageQueueWithFutureTest.kt:179)
	at serie1.ex4.FutureTest$blocking_message_multiple_send_receive$2$thread$1.invoke(BlockingMessageQueueWithFutureTest.kt:169)
	at kotlin.concurrent.ThreadsKt$thread$thread$1.run(Thread.kt:30)
Exception in thread "Thread-62317" java.util.concurrent.TimeoutException
	at serie1.Ex4.BlockingMessageQueueFuture$MyFuture.get(BlockingMessageQueueFuture.kt:222)
	at serie1.ex4.FutureTest$blocking_message_multiple_send_receive$2$thread$1.invoke(BlockingMessageQueueWithFutureTest.kt:179)
	at serie1.ex4.FutureTest$blocking_message_multiple_send_receive$2$thread$1.invoke(BlockingMessageQueueWithFutureTest.kt:169)
	at kotlin.concurrent.ThreadsKt$thread$thread$1.run(Thread.kt:30)
[2022-04-22 21:59:21] [INFO] start writer 
[2022-04-22 21:59:21] [INFO] writer try send [1, 2, 3] 
[2022-04-22 21:59:21] [INFO] writer send [1, 2, 3] 
[2022-04-22 21:59:21] [INFO] writer try send [4, 5] 
[2022-04-22 21:59:21] [INFO] writer send [4, 5] 
[2022-04-22 21:59:21] [INFO] writer try send [6] 
[2022-04-22 21:59:21] [INFO] start reader 
[2022-04-22 21:59:21] [INFO] start reader 
[2022-04-22 21:59:21] [INFO] start writer 
[2022-04-22 21:59:21] [INFO] writer try send [7, 8, 9, 10] 
[2022-04-22 21:59:21] [INFO] start writer 
[2022-04-22 21:59:21] [INFO] writer try send [11, 12, 13] 
[2022-04-22 21:59:21] [INFO] start writer 
[2022-04-22 21:59:21] [INFO] writer try send [14, 15, 16, 17] 
[2022-04-22 21:59:21] [INFO] start reader 
[2022-04-22 21:59:21] [INFO] start get result 
[2022-04-22 21:59:21] [INFO] writer send [6] 
[2022-04-22 21:59:21] [INFO] writer try send [18, 19, 20] 
[2022-04-22 21:59:21] [INFO] start get result 
[2022-04-22 21:59:21] [INFO] start writer 
[2022-04-22 21:59:21] [INFO] end writer 
[2022-04-22 21:59:21] [INFO] end get result 1 
[2022-04-22 21:59:21] [INFO] reader get 1 
[2022-04-22 21:59:21] [INFO] start get result 
[2022-04-22 21:59:21] [INFO] end get result 4 
[2022-04-22 21:59:21] [INFO] reader get 4 
[2022-04-22 21:59:21] [INFO] start get result 
[2022-04-22 21:59:21] [INFO] end get result 5 
[2022-04-22 21:59:21] [INFO] reader get 5 
[2022-04-22 21:59:21] [INFO] start get result 
[2022-04-22 21:59:21] [INFO] end get result 6 
[2022-04-22 21:59:21] [INFO] reader get 6 
[2022-04-22 21:59:21] [INFO] start get result 
[2022-04-22 21:59:21] [INFO] end get result 3 
[2022-04-22 21:59:21] [INFO] reader get 3 
[2022-04-22 21:59:21] [INFO] start get result 
[2022-04-22 21:59:21] [INFO] end get result 8 
[2022-04-22 21:59:21] [INFO] reader get 8 
[2022-04-22 21:59:21] [INFO] start get result 
[2022-04-22 21:59:21] [INFO] end get result 9 
[2022-04-22 21:59:21] [INFO] writer send [14, 15, 16, 17] 
[2022-04-22 21:59:21] [INFO] end writer 
[2022-04-22 21:59:21] [INFO] end get result 2 
[2022-04-22 21:59:21] [INFO] reader get 2 
[2022-04-22 21:59:21] [INFO] start get result 
[2022-04-22 21:59:21] [INFO] end get result 10 
[2022-04-22 21:59:21] [INFO] reader get 10 
[2022-04-22 21:59:21] [INFO] start get result 
[2022-04-22 21:59:21] [INFO] end get result 14 
[2022-04-22 21:59:21] [INFO] reader get 14 
[2022-04-22 21:59:21] [INFO] start get result 
[2022-04-22 21:59:21] [INFO] end get result 15 
[2022-04-22 21:59:21] [INFO] reader get 15 
[2022-04-22 21:59:21] [INFO] start get result 
[2022-04-22 21:59:21] [INFO] end get result 16 
[2022-04-22 21:59:21] [INFO] reader get 16 
[2022-04-22 21:59:21] [INFO] start get result 
[2022-04-22 21:59:21] [INFO] end get result 17 
[2022-04-22 21:59:21] [INFO] reader get 17 
[2022-04-22 21:59:21] [INFO] start get result 
[2022-04-22 21:59:21] [INFO] end get result 11 
[2022-04-22 21:59:21] [INFO] reader get 11 
[2022-04-22 21:59:21] [INFO] start get result 
[2022-04-22 21:59:21] [INFO] end get result 12 
[2022-04-22 21:59:21] [INFO] reader get 12 
[2022-04-22 21:59:21] [INFO] start get result 
[2022-04-22 21:59:21] [INFO] end get result 13 
[2022-04-22 21:59:21] [INFO] reader get 13 
[2022-04-22 21:59:21] [INFO] start get result 
[2022-04-22 21:59:21] [INFO] end get result 18 
[2022-04-22 21:59:21] [INFO] reader get 18 
[2022-04-22 21:59:21] [INFO] start get result 
[2022-04-22 21:59:21] [INFO] end get result 19 
[2022-04-22 21:59:21] [INFO] reader get 19 
[2022-04-22 21:59:21] [INFO] start get result 
[2022-04-22 21:59:21] [INFO] start reader 
[2022-04-22 21:59:21] [INFO] end get result 20 
[2022-04-22 21:59:21] [INFO] reader get 20 
[2022-04-22 21:59:21] [INFO] start get result 
[2022-04-22 21:59:21] [INFO] writer send [18, 19, 20] 
[2022-04-22 21:59:21] [INFO] end writer 
[2022-04-22 21:59:21] [INFO] writer send [11, 12, 13] 
[2022-04-22 21:59:21] [INFO] end writer 
[2022-04-22 21:59:21] [INFO] reader get 9 
[2022-04-22 21:59:21] [INFO] start get result 
[2022-04-22 21:59:21] [INFO] start get result 
[2022-04-22 21:59:21] [INFO] end get result 7 
[2022-04-22 21:59:21] [INFO] reader get 7 
[2022-04-22 21:59:21] [INFO] start get result 
[2022-04-22 21:59:21] [INFO] writer send [7, 8, 9, 10] 
[2022-04-22 21:59:21] [INFO] end writer 
[2022-04-22 21:59:21] [INFO] start get result 
[2022-04-22 21:59:21] [INFO] start reader 
[2022-04-22 21:59:21] [INFO] start reader 
[2022-04-22 21:59:21] [INFO] start reader 
[2022-04-22 21:59:21] [INFO] start get result 
[2022-04-22 21:59:21] [INFO] start get result 
[2022-04-22 21:59:21] [INFO] start get result 
Exception in thread "Thread-62333" java.util.concurrent.TimeoutException
	at serie1.Ex4.BlockingMessageQueueFuture$MyFuture.get(BlockingMessageQueueFuture.kt:222)
	at serie1.ex4.FutureTest$blocking_message_multiple_send_receive$2$thread$1.invoke(BlockingMessageQueueWithFutureTest.kt:179)
	at serie1.ex4.FutureTest$blocking_message_multiple_send_receive$2$thread$1.invoke(BlockingMessageQueueWithFutureTest.kt:169)
	at kotlin.concurrent.ThreadsKt$thread$thread$1.run(Thread.kt:30)
Exception in thread "Thread-62330" java.util.concurrent.TimeoutException
	at serie1.Ex4.BlockingMessageQueueFuture$MyFuture.get(BlockingMessageQueueFuture.kt:222)
	at serie1.ex4.FutureTest$blocking_message_multiple_send_receive$2$thread$1.invoke(BlockingMessageQueueWithFutureTest.kt:179)
	at serie1.ex4.FutureTest$blocking_message_multiple_send_receive$2$thread$1.invoke(BlockingMessageQueueWithFutureTest.kt:169)
	at kotlin.concurrent.ThreadsKt$thread$thread$1.run(Thread.kt:30)
Exception in thread "Thread-62334" java.util.concurrent.TimeoutException
	at serie1.Ex4.BlockingMessageQueueFuture$MyFuture.get(BlockingMessageQueueFuture.kt:222)
	at serie1.ex4.FutureTest$blocking_message_multiple_send_receive$2$thread$1.invoke(BlockingMessageQueueWithFutureTest.kt:179)
	at serie1.ex4.FutureTest$blocking_message_multiple_send_receive$2$thread$1.invoke(BlockingMessageQueueWithFutureTest.kt:169)
	at kotlin.concurrent.ThreadsKt$thread$thread$1.run(Thread.kt:30)
Exception in thread "Thread-62328" java.util.concurrent.TimeoutException
	at serie1.Ex4.BlockingMessageQueueFuture$MyFuture.get(BlockingMessageQueueFuture.kt:222)
	at serie1.ex4.FutureTest$blocking_message_multiple_send_receive$2$thread$1.invoke(BlockingMessageQueueWithFutureTest.kt:179)
	at serie1.ex4.FutureTest$blocking_message_multiple_send_receive$2$thread$1.invoke(BlockingMessageQueueWithFutureTest.kt:169)
	at kotlin.concurrent.ThreadsKt$thread$thread$1.run(Thread.kt:30)
Exception in thread "Thread-62332" java.util.concurrent.TimeoutException
	at serie1.Ex4.BlockingMessageQueueFuture$MyFuture.get(BlockingMessageQueueFuture.kt:222)
	at serie1.ex4.FutureTest$blocking_message_multiple_send_receive$2$thread$1.invoke(BlockingMessageQueueWithFutureTest.kt:179)
	at serie1.ex4.FutureTest$blocking_message_multiple_send_receive$2$thread$1.invoke(BlockingMessageQueueWithFutureTest.kt:169)
	at kotlin.concurrent.ThreadsKt$thread$thread$1.run(Thread.kt:30)
Exception in thread "Thread-62331" java.util.concurrent.TimeoutException
	at serie1.Ex4.BlockingMessageQueueFuture$MyFuture.get(BlockingMessageQueueFuture.kt:222)
	at serie1.ex4.FutureTest$blocking_message_multiple_send_receive$2$thread$1.invoke(BlockingMessageQueueWithFutureTest.kt:179)
	at serie1.ex4.FutureTest$blocking_message_multiple_send_receive$2$thread$1.invoke(BlockingMessageQueueWithFutureTest.kt:169)
	at kotlin.concurrent.ThreadsKt$thread$thread$1.run(Thread.kt:30)
Exception in thread "Thread-62329" java.util.concurrent.TimeoutException
	at serie1.Ex4.BlockingMessageQueueFuture$MyFuture.get(BlockingMessageQueueFuture.kt:222)
	at serie1.ex4.FutureTest$blocking_message_multiple_send_receive$2$thread$1.invoke(BlockingMessageQueueWithFutureTest.kt:179)
	at serie1.ex4.FutureTest$blocking_message_multiple_send_receive$2$thread$1.invoke(BlockingMessageQueueWithFutureTest.kt:169)
	at kotlin.concurrent.ThreadsKt$thread$thread$1.run(Thread.kt:30)
[2022-04-22 21:59:23] [INFO] start writer 
[2022-04-22 21:59:23] [INFO] writer try send [1, 2, 3] 
[2022-04-22 21:59:23] [INFO] start writer 
[2022-04-22 21:59:23] [INFO] writer try send [4, 5] 
[2022-04-22 21:59:23] [INFO] start writer 
[2022-04-22 21:59:23] [INFO] writer try send [6] 
[2022-04-22 21:59:23] [INFO] start reader 
[2022-04-22 21:59:23] [INFO] writer send [6] 
[2022-04-22 21:59:23] [INFO] writer try send [7, 8, 9, 10] 
[2022-04-22 21:59:23] [INFO] writer send [4, 5] 
[2022-04-22 21:59:23] [INFO] writer try send [11, 12, 13] 
[2022-04-22 21:59:23] [INFO] start writer 
[2022-04-22 21:59:23] [INFO] writer try send [14, 15, 16, 17] 
[2022-04-22 21:59:23] [INFO] start get result 
[2022-04-22 21:59:23] [INFO] end get result 1 
[2022-04-22 21:59:23] [INFO] reader get 1 
[2022-04-22 21:59:23] [INFO] start get result 
[2022-04-22 21:59:23] [INFO] end get result 2 
[2022-04-22 21:59:23] [INFO] reader get 2 
[2022-04-22 21:59:23] [INFO] start get result 
[2022-04-22 21:59:23] [INFO] end get result 3 
[2022-04-22 21:59:23] [INFO] reader get 3 
[2022-04-22 21:59:23] [INFO] start get result 
[2022-04-22 21:59:23] [INFO] end get result 4 
[2022-04-22 21:59:23] [INFO] reader get 4 
[2022-04-22 21:59:23] [INFO] start get result 
[2022-04-22 21:59:23] [INFO] end get result 5 
[2022-04-22 21:59:23] [INFO] reader get 5 
[2022-04-22 21:59:23] [INFO] start get result 
[2022-04-22 21:59:23] [INFO] end get result 6 
[2022-04-22 21:59:23] [INFO] reader get 6 
[2022-04-22 21:59:23] [INFO] writer send [1, 2, 3] 
[2022-04-22 21:59:23] [INFO] writer try send [18, 19, 20] 
[2022-04-22 21:59:23] [INFO] start writer 
[2022-04-22 21:59:23] [INFO] end writer 
[2022-04-22 21:59:23] [INFO] writer send [7, 8, 9, 10] 
[2022-04-22 21:59:23] [INFO] end writer 
[2022-04-22 21:59:23] [INFO] start get result 
[2022-04-22 21:59:23] [INFO] end get result 11 
[2022-04-22 21:59:23] [INFO] writer send [11, 12, 13] 
[2022-04-22 21:59:23] [INFO] end writer 
[2022-04-22 21:59:23] [INFO] start reader 
[2022-04-22 21:59:23] [INFO] reader get 11 
[2022-04-22 21:59:23] [INFO] start get result 
[2022-04-22 21:59:23] [INFO] end get result 12 
[2022-04-22 21:59:23] [INFO] reader get 12 
[2022-04-22 21:59:23] [INFO] start get result 
[2022-04-22 21:59:23] [INFO] end get result 13 
[2022-04-22 21:59:23] [INFO] reader get 13 
[2022-04-22 21:59:23] [INFO] start get result 
[2022-04-22 21:59:23] [INFO] writer send [18, 19, 20] 
[2022-04-22 21:59:23] [INFO] end writer 
[2022-04-22 21:59:23] [INFO] start reader 
[2022-04-22 21:59:23] [INFO] start get result 
[2022-04-22 21:59:23] [INFO] end get result 8 
[2022-04-22 21:59:23] [INFO] reader get 8 
[2022-04-22 21:59:23] [INFO] start get result 
[2022-04-22 21:59:23] [INFO] end get result 9 
[2022-04-22 21:59:23] [INFO] reader get 9 
[2022-04-22 21:59:23] [INFO] start get result 
[2022-04-22 21:59:23] [INFO] end get result 10 
[2022-04-22 21:59:23] [INFO] reader get 10 
[2022-04-22 21:59:23] [INFO] start get result 
[2022-04-22 21:59:23] [INFO] end get result 18 
[2022-04-22 21:59:23] [INFO] reader get 18 
[2022-04-22 21:59:23] [INFO] start get result 
[2022-04-22 21:59:23] [INFO] end get result 19 
[2022-04-22 21:59:23] [INFO] reader get 19 
[2022-04-22 21:59:23] [INFO] start get result 
[2022-04-22 21:59:23] [INFO] end get result 14 
[2022-04-22 21:59:23] [INFO] reader get 14 
[2022-04-22 21:59:23] [INFO] start get result 
[2022-04-22 21:59:23] [INFO] end get result 15 
[2022-04-22 21:59:23] [INFO] reader get 15 
[2022-04-22 21:59:23] [INFO] start get result 
[2022-04-22 21:59:23] [INFO] end get result 16 
[2022-04-22 21:59:23] [INFO] reader get 16 
[2022-04-22 21:59:23] [INFO] start get result 
[2022-04-22 21:59:23] [INFO] end get result 17 
[2022-04-22 21:59:23] [INFO] reader get 17 
[2022-04-22 21:59:23] [INFO] start get result 
[2022-04-22 21:59:23] [INFO] end get result 7 
[2022-04-22 21:59:23] [INFO] reader get 7 
[2022-04-22 21:59:23] [INFO] start get result 
[2022-04-22 21:59:23] [INFO] writer send [14, 15, 16, 17] 
[2022-04-22 21:59:23] [INFO] end writer 
[2022-04-22 21:59:23] [INFO] start get result 
[2022-04-22 21:59:23] [INFO] end get result 20 
[2022-04-22 21:59:23] [INFO] reader get 20 
[2022-04-22 21:59:23] [INFO] start get result 
[2022-04-22 21:59:23] [INFO] start reader 
[2022-04-22 21:59:23] [INFO] start reader 
[2022-04-22 21:59:23] [INFO] start reader 
[2022-04-22 21:59:23] [INFO] start get result 
[2022-04-22 21:59:23] [INFO] start reader 
[2022-04-22 21:59:23] [INFO] start get result 
[2022-04-22 21:59:23] [INFO] start get result 
[2022-04-22 21:59:23] [INFO] start get result 
Exception in thread "Thread-62342" java.util.concurrent.TimeoutException
	at serie1.Ex4.BlockingMessageQueueFuture$MyFuture.get(BlockingMessageQueueFuture.kt:222)
	at serie1.ex4.FutureTest$blocking_message_multiple_send_receive$2$thread$1.invoke(BlockingMessageQueueWithFutureTest.kt:179)
	at serie1.ex4.FutureTest$blocking_message_multiple_send_receive$2$thread$1.invoke(BlockingMessageQueueWithFutureTest.kt:169)
	at kotlin.concurrent.ThreadsKt$thread$thread$1.run(Thread.kt:30)
Exception in thread "Thread-62344" java.util.concurrent.TimeoutException
	at serie1.Ex4.BlockingMessageQueueFuture$MyFuture.get(BlockingMessageQueueFuture.kt:222)
	at serie1.ex4.FutureTest$blocking_message_multiple_send_receive$2$thread$1.invoke(BlockingMessageQueueWithFutureTest.kt:179)
	at serie1.ex4.FutureTest$blocking_message_multiple_send_receive$2$thread$1.invoke(BlockingMessageQueueWithFutureTest.kt:169)
	at kotlin.concurrent.ThreadsKt$thread$thread$1.run(Thread.kt:30)
Exception in thread "Thread-62341" java.util.concurrent.TimeoutException
	at serie1.Ex4.BlockingMessageQueueFuture$MyFuture.get(BlockingMessageQueueFuture.kt:222)
	at serie1.ex4.FutureTest$blocking_message_multiple_send_receive$2$thread$1.invoke(BlockingMessageQueueWithFutureTest.kt:179)
	at serie1.ex4.FutureTest$blocking_message_multiple_send_receive$2$thread$1.invoke(BlockingMessageQueueWithFutureTest.kt:169)
	at kotlin.concurrent.ThreadsKt$thread$thread$1.run(Thread.kt:30)
Exception in thread "Thread-62343" java.util.concurrent.TimeoutException
	at serie1.Ex4.BlockingMessageQueueFuture$MyFuture.get(BlockingMessageQueueFuture.kt:222)
	at serie1.ex4.FutureTest$blocking_message_multiple_send_receive$2$thread$1.invoke(BlockingMessageQueueWithFutureTest.kt:179)
	at serie1.ex4.FutureTest$blocking_message_multiple_send_receive$2$thread$1.invoke(BlockingMessageQueueWithFutureTest.kt:169)
	at kotlin.concurrent.ThreadsKt$thread$thread$1.run(Thread.kt:30)
Exception in thread "Thread-62345" java.util.concurrent.TimeoutException
	at serie1.Ex4.BlockingMessageQueueFuture$MyFuture.get(BlockingMessageQueueFuture.kt:222)
	at serie1.ex4.FutureTest$blocking_message_multiple_send_receive$2$thread$1.invoke(BlockingMessageQueueWithFutureTest.kt:179)
	at serie1.ex4.FutureTest$blocking_message_multiple_send_receive$2$thread$1.invoke(BlockingMessageQueueWithFutureTest.kt:169)
	at kotlin.concurrent.ThreadsKt$thread$thread$1.run(Thread.kt:30)
Exception in thread "Thread-62346" java.util.concurrent.TimeoutException
	at serie1.Ex4.BlockingMessageQueueFuture$MyFuture.get(BlockingMessageQueueFuture.kt:222)
	at serie1.ex4.FutureTest$blocking_message_multiple_send_receive$2$thread$1.invoke(BlockingMessageQueueWithFutureTest.kt:179)
	at serie1.ex4.FutureTest$blocking_message_multiple_send_receive$2$thread$1.invoke(BlockingMessageQueueWithFutureTest.kt:169)
	at kotlin.concurrent.ThreadsKt$thread$thread$1.run(Thread.kt:30)
Exception in thread "Thread-62347" java.util.concurrent.TimeoutException
	at serie1.Ex4.BlockingMessageQueueFuture$MyFuture.get(BlockingMessageQueueFuture.kt:222)
	at serie1.ex4.FutureTest$blocking_message_multiple_send_receive$2$thread$1.invoke(BlockingMessageQueueWithFutureTest.kt:179)
	at serie1.ex4.FutureTest$blocking_message_multiple_send_receive$2$thread$1.invoke(BlockingMessageQueueWithFutureTest.kt:169)
	at kotlin.concurrent.ThreadsKt$thread$thread$1.run(Thread.kt:30)
[2022-04-22 21:59:25] [INFO] start reader 
[2022-04-22 21:59:25] [INFO] start writer 
[2022-04-22 21:59:25] [INFO] writer try send [1, 2, 3] 
[2022-04-22 21:59:25] [INFO] writer send [1, 2, 3] 
[2022-04-22 21:59:25] [INFO] writer try send [4, 5] 
[2022-04-22 21:59:25] [INFO] writer send [4, 5] 
[2022-04-22 21:59:25] [INFO] writer try send [6] 
[2022-04-22 21:59:25] [INFO] start writer 
[2022-04-22 21:59:25] [INFO] writer try send [7, 8, 9, 10] 
[2022-04-22 21:59:25] [INFO] start writer 
[2022-04-22 21:59:25] [INFO] start writer 
[2022-04-22 21:59:25] [INFO] writer try send [14, 15, 16, 17] 
[2022-04-22 21:59:25] [INFO] writer send [6] 
[2022-04-22 21:59:25] [INFO] writer try send [18, 19, 20] 
[2022-04-22 21:59:25] [INFO] start reader 
[2022-04-22 21:59:25] [INFO] start get result 
[2022-04-22 21:59:25] [INFO] end get result 1 
[2022-04-22 21:59:25] [INFO] reader get 1 
[2022-04-22 21:59:25] [INFO] start get result 
[2022-04-22 21:59:25] [INFO] end get result 2 
[2022-04-22 21:59:25] [INFO] reader get 2 
[2022-04-22 21:59:25] [INFO] start get result 
[2022-04-22 21:59:25] [INFO] end get result 3 
[2022-04-22 21:59:25] [INFO] reader get 3 
[2022-04-22 21:59:25] [INFO] start get result 
[2022-04-22 21:59:25] [INFO] end get result 4 
[2022-04-22 21:59:25] [INFO] reader get 4 
[2022-04-22 21:59:25] [INFO] start writer 
[2022-04-22 21:59:25] [INFO] end writer 
[2022-04-22 21:59:25] [INFO] writer try send [11, 12, 13] 
[2022-04-22 21:59:25] [INFO] writer send [11, 12, 13] 
[2022-04-22 21:59:25] [INFO] end writer 
[2022-04-22 21:59:25] [INFO] start get result 
[2022-04-22 21:59:25] [INFO] end get result 6 
[2022-04-22 21:59:25] [INFO] reader get 6 
[2022-04-22 21:59:25] [INFO] start get result 
[2022-04-22 21:59:25] [INFO] end get result 14 
[2022-04-22 21:59:25] [INFO] reader get 14 
[2022-04-22 21:59:25] [INFO] start get result 
[2022-04-22 21:59:25] [INFO] end get result 15 
[2022-04-22 21:59:25] [INFO] reader get 15 
[2022-04-22 21:59:25] [INFO] start get result 
[2022-04-22 21:59:25] [INFO] end get result 16 
[2022-04-22 21:59:25] [INFO] reader get 16 
[2022-04-22 21:59:25] [INFO] start get result 
[2022-04-22 21:59:25] [INFO] end get result 17 
[2022-04-22 21:59:25] [INFO] start get result 
[2022-04-22 21:59:25] [INFO] end get result 5 
[2022-04-22 21:59:25] [INFO] reader get 5 
[2022-04-22 21:59:25] [INFO] start get result 
[2022-04-22 21:59:25] [INFO] end get result 11 
[2022-04-22 21:59:25] [INFO] reader get 11 
[2022-04-22 21:59:25] [INFO] start get result 
[2022-04-22 21:59:25] [INFO] end get result 12 
[2022-04-22 21:59:25] [INFO] reader get 12 
[2022-04-22 21:59:25] [INFO] start get result 
[2022-04-22 21:59:25] [INFO] end get result 13 
[2022-04-22 21:59:25] [INFO] reader get 13 
[2022-04-22 21:59:25] [INFO] start get result 
[2022-04-22 21:59:25] [INFO] end get result 18 
[2022-04-22 21:59:25] [INFO] reader get 18 
[2022-04-22 21:59:25] [INFO] start get result 
[2022-04-22 21:59:25] [INFO] end get result 19 
[2022-04-22 21:59:25] [INFO] reader get 19 
[2022-04-22 21:59:25] [INFO] start get result 
[2022-04-22 21:59:25] [INFO] end get result 20 
[2022-04-22 21:59:25] [INFO] reader get 20 
[2022-04-22 21:59:25] [INFO] start get result 
[2022-04-22 21:59:25] [INFO] end get result 7 
[2022-04-22 21:59:25] [INFO] reader get 7 
[2022-04-22 21:59:25] [INFO] start get result 
[2022-04-22 21:59:25] [INFO] end get result 8 
[2022-04-22 21:59:25] [INFO] reader get 8 
[2022-04-22 21:59:25] [INFO] start get result 
[2022-04-22 21:59:25] [INFO] end get result 9 
[2022-04-22 21:59:25] [INFO] reader get 9 
[2022-04-22 21:59:25] [INFO] start get result 
[2022-04-22 21:59:25] [INFO] end get result 10 
[2022-04-22 21:59:25] [INFO] reader get 10 
[2022-04-22 21:59:25] [INFO] start get result 
[2022-04-22 21:59:25] [INFO] writer send [14, 15, 16, 17] 
[2022-04-22 21:59:25] [INFO] end writer 
[2022-04-22 21:59:25] [INFO] start reader 
[2022-04-22 21:59:25] [INFO] writer send [7, 8, 9, 10] 
[2022-04-22 21:59:25] [INFO] end writer 
[2022-04-22 21:59:25] [INFO] writer send [18, 19, 20] 
[2022-04-22 21:59:25] [INFO] end writer 
[2022-04-22 21:59:25] [INFO] reader get 17 
[2022-04-22 21:59:25] [INFO] start get result 
[2022-04-22 21:59:25] [INFO] start reader 
[2022-04-22 21:59:25] [INFO] start get result 
[2022-04-22 21:59:25] [INFO] start reader 
[2022-04-22 21:59:25] [INFO] start reader 
[2022-04-22 21:59:25] [INFO] start get result 
[2022-04-22 21:59:25] [INFO] start get result 
[2022-04-22 21:59:25] [INFO] start reader 
[2022-04-22 21:59:25] [INFO] start get result 
[2022-04-22 21:59:25] [INFO] start get result 
Exception in thread "Thread-62357" java.util.concurrent.TimeoutException
	at serie1.Ex4.BlockingMessageQueueFuture$MyFuture.get(BlockingMessageQueueFuture.kt:222)
	at serie1.ex4.FutureTest$blocking_message_multiple_send_receive$2$thread$1.invoke(BlockingMessageQueueWithFutureTest.kt:179)
	at serie1.ex4.FutureTest$blocking_message_multiple_send_receive$2$thread$1.invoke(BlockingMessageQueueWithFutureTest.kt:169)
	at kotlin.concurrent.ThreadsKt$thread$thread$1.run(Thread.kt:30)
Exception in thread "Thread-62354" java.util.concurrent.TimeoutException
	at serie1.Ex4.BlockingMessageQueueFuture$MyFuture.get(BlockingMessageQueueFuture.kt:222)
	at serie1.ex4.FutureTest$blocking_message_multiple_send_receive$2$thread$1.invoke(BlockingMessageQueueWithFutureTest.kt:179)
	at serie1.ex4.FutureTest$blocking_message_multiple_send_receive$2$thread$1.invoke(BlockingMessageQueueWithFutureTest.kt:169)
	at kotlin.concurrent.ThreadsKt$thread$thread$1.run(Thread.kt:30)
Exception in thread "Thread-62360" java.util.concurrent.TimeoutException
	at serie1.Ex4.BlockingMessageQueueFuture$MyFuture.get(BlockingMessageQueueFuture.kt:222)
	at serie1.ex4.FutureTest$blocking_message_multiple_send_receive$2$thread$1.invoke(BlockingMessageQueueWithFutureTest.kt:179)
	at serie1.ex4.FutureTest$blocking_message_multiple_send_receive$2$thread$1.invoke(BlockingMessageQueueWithFutureTest.kt:169)
	at kotlin.concurrent.ThreadsKt$thread$thread$1.run(Thread.kt:30)
Exception in thread "Thread-62355" java.util.concurrent.TimeoutException
	at serie1.Ex4.BlockingMessageQueueFuture$MyFuture.get(BlockingMessageQueueFuture.kt:222)
	at serie1.ex4.FutureTest$blocking_message_multiple_send_receive$2$thread$1.invoke(BlockingMessageQueueWithFutureTest.kt:179)
	at serie1.ex4.FutureTest$blocking_message_multiple_send_receive$2$thread$1.invoke(BlockingMessageQueueWithFutureTest.kt:169)
	at kotlin.concurrent.ThreadsKt$thread$thread$1.run(Thread.kt:30)
Exception in thread "Thread-62358" java.util.concurrent.TimeoutException
	at serie1.Ex4.BlockingMessageQueueFuture$MyFuture.get(BlockingMessageQueueFuture.kt:222)
	at serie1.ex4.FutureTest$blocking_message_multiple_send_receive$2$thread$1.invoke(BlockingMessageQueueWithFutureTest.kt:179)
	at serie1.ex4.FutureTest$blocking_message_multiple_send_receive$2$thread$1.invoke(BlockingMessageQueueWithFutureTest.kt:169)
	at kotlin.concurrent.ThreadsKt$thread$thread$1.run(Thread.kt:30)
Exception in thread "Thread-62359" java.util.concurrent.TimeoutException
	at serie1.Ex4.BlockingMessageQueueFuture$MyFuture.get(BlockingMessageQueueFuture.kt:222)
	at serie1.ex4.FutureTest$blocking_message_multiple_send_receive$2$thread$1.invoke(BlockingMessageQueueWithFutureTest.kt:179)
	at serie1.ex4.FutureTest$blocking_message_multiple_send_receive$2$thread$1.invoke(BlockingMessageQueueWithFutureTest.kt:169)
	at kotlin.concurrent.ThreadsKt$thread$thread$1.run(Thread.kt:30)
Exception in thread "Thread-62356" java.util.concurrent.TimeoutException
	at serie1.Ex4.BlockingMessageQueueFuture$MyFuture.get(BlockingMessageQueueFuture.kt:222)
	at serie1.ex4.FutureTest$blocking_message_multiple_send_receive$2$thread$1.invoke(BlockingMessageQueueWithFutureTest.kt:179)
	at serie1.ex4.FutureTest$blocking_message_multiple_send_receive$2$thread$1.invoke(BlockingMessageQueueWithFutureTest.kt:169)
	at kotlin.concurrent.ThreadsKt$thread$thread$1.run(Thread.kt:30)
[2022-04-22 21:59:27] [INFO] start writer 
[2022-04-22 21:59:27] [INFO] start writer 
[2022-04-22 21:59:27] [INFO] writer try send [4, 5] 
[2022-04-22 21:59:27] [INFO] writer send [4, 5] 
[2022-04-22 21:59:27] [INFO] start writer 
[2022-04-22 21:59:27] [INFO] writer try send [7, 8, 9, 10] 
[2022-04-22 21:59:27] [INFO] writer send [7, 8, 9, 10] 
[2022-04-22 21:59:27] [INFO] writer try send [11, 12, 13] 
[2022-04-22 21:59:27] [INFO] start reader 
[2022-04-22 21:59:27] [INFO] writer try send [6] 
[2022-04-22 21:59:27] [INFO] start writer 
[2022-04-22 21:59:27] [INFO] start reader 
[2022-04-22 21:59:27] [INFO] writer try send [1, 2, 3] 
[2022-04-22 21:59:27] [INFO] start writer 
[2022-04-22 21:59:27] [INFO] writer try send [18, 19, 20] 
[2022-04-22 21:59:27] [INFO] writer try send [14, 15, 16, 17] 
[2022-04-22 21:59:27] [INFO] writer send [6] 
[2022-04-22 21:59:27] [INFO] start get result 
[2022-04-22 21:59:27] [INFO] end get result 5 
[2022-04-22 21:59:27] [INFO] reader get 5 
[2022-04-22 21:59:27] [INFO] start get result 
[2022-04-22 21:59:27] [INFO] end get result 7 
[2022-04-22 21:59:27] [INFO] reader get 7 
[2022-04-22 21:59:27] [INFO] start get result 
[2022-04-22 21:59:27] [INFO] end get result 8 
[2022-04-22 21:59:27] [INFO] reader get 8 
[2022-04-22 21:59:27] [INFO] start get result 
[2022-04-22 21:59:27] [INFO] end get result 9 
[2022-04-22 21:59:27] [INFO] reader get 9 
[2022-04-22 21:59:27] [INFO] writer send [18, 19, 20] 
[2022-04-22 21:59:27] [INFO] end writer 
[2022-04-22 21:59:27] [INFO] start get result 
[2022-04-22 21:59:27] [INFO] end get result 4 
[2022-04-22 21:59:27] [INFO] reader get 4 
[2022-04-22 21:59:27] [INFO] start get result 
[2022-04-22 21:59:27] [INFO] end get result 6 
[2022-04-22 21:59:27] [INFO] reader get 6 
[2022-04-22 21:59:27] [INFO] start get result 
[2022-04-22 21:59:27] [INFO] end get result 1 
[2022-04-22 21:59:27] [INFO] start reader 
[2022-04-22 21:59:27] [INFO] writer send [11, 12, 13] 
[2022-04-22 21:59:27] [INFO] end writer 
[2022-04-22 21:59:27] [INFO] reader get 1 
[2022-04-22 21:59:27] [INFO] start reader 
[2022-04-22 21:59:27] [INFO] start get result 
[2022-04-22 21:59:27] [INFO] end get result 10 
[2022-04-22 21:59:27] [INFO] writer send [1, 2, 3] 
[2022-04-22 21:59:27] [INFO] end writer 
[2022-04-22 21:59:27] [INFO] start get result 
[2022-04-22 21:59:27] [INFO] end get result 3 
[2022-04-22 21:59:27] [INFO] reader get 3 
[2022-04-22 21:59:27] [INFO] start get result 
[2022-04-22 21:59:27] [INFO] end get result 19 
[2022-04-22 21:59:27] [INFO] reader get 19 
[2022-04-22 21:59:27] [INFO] start get result 
[2022-04-22 21:59:27] [INFO] end get result 20 
[2022-04-22 21:59:27] [INFO] reader get 20 
[2022-04-22 21:59:27] [INFO] start get result 
[2022-04-22 21:59:27] [INFO] end get result 11 
[2022-04-22 21:59:27] [INFO] reader get 11 
[2022-04-22 21:59:27] [INFO] start get result 
[2022-04-22 21:59:27] [INFO] end get result 12 
[2022-04-22 21:59:27] [INFO] reader get 12 
[2022-04-22 21:59:27] [INFO] start get result 
[2022-04-22 21:59:27] [INFO] end get result 13 
[2022-04-22 21:59:27] [INFO] reader get 13 
[2022-04-22 21:59:27] [INFO] start get result 
[2022-04-22 21:59:27] [INFO] end get result 14 
[2022-04-22 21:59:27] [INFO] reader get 14 
[2022-04-22 21:59:27] [INFO] start get result 
[2022-04-22 21:59:27] [INFO] end get result 15 
[2022-04-22 21:59:27] [INFO] reader get 15 
[2022-04-22 21:59:27] [INFO] start get result 
[2022-04-22 21:59:27] [INFO] end get result 16 
[2022-04-22 21:59:27] [INFO] reader get 16 
[2022-04-22 21:59:27] [INFO] start get result 
[2022-04-22 21:59:27] [INFO] end get result 17 
[2022-04-22 21:59:27] [INFO] reader get 17 
[2022-04-22 21:59:27] [INFO] start get result 
[2022-04-22 21:59:27] [INFO] end writer 
[2022-04-22 21:59:27] [INFO] writer send [14, 15, 16, 17] 
[2022-04-22 21:59:27] [INFO] end writer 
[2022-04-22 21:59:27] [INFO] start get result 
[2022-04-22 21:59:27] [INFO] end get result 18 
[2022-04-22 21:59:27] [INFO] reader get 18 
[2022-04-22 21:59:27] [INFO] start get result 
[2022-04-22 21:59:27] [INFO] start reader 
[2022-04-22 21:59:27] [INFO] reader get 10 
[2022-04-22 21:59:27] [INFO] start get result 
[2022-04-22 21:59:27] [INFO] start get result 
[2022-04-22 21:59:27] [INFO] end get result 2 
[2022-04-22 21:59:27] [INFO] start reader 
[2022-04-22 21:59:27] [INFO] reader get 2 
[2022-04-22 21:59:27] [INFO] start get result 
[2022-04-22 21:59:27] [INFO] start reader 
[2022-04-22 21:59:27] [INFO] start get result 
[2022-04-22 21:59:27] [INFO] start get result 
[2022-04-22 21:59:27] [INFO] start get result 
Exception in thread "Thread-62369" java.util.concurrent.TimeoutException
	at serie1.Ex4.BlockingMessageQueueFuture$MyFuture.get(BlockingMessageQueueFuture.kt:222)
	at serie1.ex4.FutureTest$blocking_message_multiple_send_receive$2$thread$1.invoke(BlockingMessageQueueWithFutureTest.kt:179)
	at serie1.ex4.FutureTest$blocking_message_multiple_send_receive$2$thread$1.invoke(BlockingMessageQueueWithFutureTest.kt:169)
	at kotlin.concurrent.ThreadsKt$thread$thread$1.run(Thread.kt:30)
Exception in thread "Thread-62370" java.util.concurrent.TimeoutException
	at serie1.Ex4.BlockingMessageQueueFuture$MyFuture.get(BlockingMessageQueueFuture.kt:222)
	at serie1.ex4.FutureTest$blocking_message_multiple_send_receive$2$thread$1.invoke(BlockingMessageQueueWithFutureTest.kt:179)
	at serie1.ex4.FutureTest$blocking_message_multiple_send_receive$2$thread$1.invoke(BlockingMessageQueueWithFutureTest.kt:169)
	at kotlin.concurrent.ThreadsKt$thread$thread$1.run(Thread.kt:30)
Exception in thread "Thread-62368" java.util.concurrent.TimeoutException
	at serie1.Ex4.BlockingMessageQueueFuture$MyFuture.get(BlockingMessageQueueFuture.kt:222)
	at serie1.ex4.FutureTest$blocking_message_multiple_send_receive$2$thread$1.invoke(BlockingMessageQueueWithFutureTest.kt:179)
	at serie1.ex4.FutureTest$blocking_message_multiple_send_receive$2$thread$1.invoke(BlockingMessageQueueWithFutureTest.kt:169)
	at kotlin.concurrent.ThreadsKt$thread$thread$1.run(Thread.kt:30)
Exception in thread "Thread-62371" java.util.concurrent.TimeoutException
	at serie1.Ex4.BlockingMessageQueueFuture$MyFuture.get(BlockingMessageQueueFuture.kt:222)
	at serie1.ex4.FutureTest$blocking_message_multiple_send_receive$2$thread$1.invoke(BlockingMessageQueueWithFutureTest.kt:179)
	at serie1.ex4.FutureTest$blocking_message_multiple_send_receive$2$thread$1.invoke(BlockingMessageQueueWithFutureTest.kt:169)
	at kotlin.concurrent.ThreadsKt$thread$thread$1.run(Thread.kt:30)
Exception in thread "Thread-62372" java.util.concurrent.TimeoutException
	at serie1.Ex4.BlockingMessageQueueFuture$MyFuture.get(BlockingMessageQueueFuture.kt:222)
	at serie1.ex4.FutureTest$blocking_message_multiple_send_receive$2$thread$1.invoke(BlockingMessageQueueWithFutureTest.kt:179)
	at serie1.ex4.FutureTest$blocking_message_multiple_send_receive$2$thread$1.invoke(BlockingMessageQueueWithFutureTest.kt:169)
	at kotlin.concurrent.ThreadsKt$thread$thread$1.run(Thread.kt:30)
Exception in thread "Thread-62367" java.util.concurrent.TimeoutException
	at serie1.Ex4.BlockingMessageQueueFuture$MyFuture.get(BlockingMessageQueueFuture.kt:222)
	at serie1.ex4.FutureTest$blocking_message_multiple_send_receive$2$thread$1.invoke(BlockingMessageQueueWithFutureTest.kt:179)
	at serie1.ex4.FutureTest$blocking_message_multiple_send_receive$2$thread$1.invoke(BlockingMessageQueueWithFutureTest.kt:169)
	at kotlin.concurrent.ThreadsKt$thread$thread$1.run(Thread.kt:30)
Exception in thread "Thread-62373" java.util.concurrent.TimeoutException
	at serie1.Ex4.BlockingMessageQueueFuture$MyFuture.get(BlockingMessageQueueFuture.kt:222)
	at serie1.ex4.FutureTest$blocking_message_multiple_send_receive$2$thread$1.invoke(BlockingMessageQueueWithFutureTest.kt:179)
	at serie1.ex4.FutureTest$blocking_message_multiple_send_receive$2$thread$1.invoke(BlockingMessageQueueWithFutureTest.kt:169)
	at kotlin.concurrent.ThreadsKt$thread$thread$1.run(Thread.kt:30)
[2022-04-22 21:59:29] [INFO] start reader 
[2022-04-22 21:59:29] [INFO] start writer 
[2022-04-22 21:59:29] [INFO] writer try send [1, 2, 3] 
[2022-04-22 21:59:29] [INFO] writer send [1, 2, 3] 
[2022-04-22 21:59:29] [INFO] writer try send [4, 5] 
[2022-04-22 21:59:29] [INFO] writer send [4, 5] 
[2022-04-22 21:59:29] [INFO] writer try send [6] 
[2022-04-22 21:59:29] [INFO] writer send [6] 
[2022-04-22 21:59:29] [INFO] writer try send [7, 8, 9, 10] 
[2022-04-22 21:59:29] [INFO] start reader 
[2022-04-22 21:59:29] [INFO] start writer 
[2022-04-22 21:59:29] [INFO] writer try send [11, 12, 13] 
[2022-04-22 21:59:29] [INFO] writer send [11, 12, 13] 
[2022-04-22 21:59:29] [INFO] writer try send [14, 15, 16, 17] 
[2022-04-22 21:59:29] [INFO] start get result 
[2022-04-22 21:59:29] [INFO] end get result 1 
[2022-04-22 21:59:29] [INFO] reader get 1 
[2022-04-22 21:59:29] [INFO] start get result 
[2022-04-22 21:59:29] [INFO] end get result 3 
[2022-04-22 21:59:29] [INFO] reader get 3 
[2022-04-22 21:59:29] [INFO] start get result 
[2022-04-22 21:59:29] [INFO] end get result 4 
[2022-04-22 21:59:29] [INFO] reader get 4 
[2022-04-22 21:59:29] [INFO] start get result 
[2022-04-22 21:59:29] [INFO] end get result 5 
[2022-04-22 21:59:29] [INFO] reader get 5 
[2022-04-22 21:59:29] [INFO] start get result 
[2022-04-22 21:59:29] [INFO] end get result 6 
[2022-04-22 21:59:29] [INFO] reader get 6 
[2022-04-22 21:59:29] [INFO] start get result 
[2022-04-22 21:59:29] [INFO] end get result 11 
[2022-04-22 21:59:29] [INFO] reader get 11 
[2022-04-22 21:59:29] [INFO] start get result 
[2022-04-22 21:59:29] [INFO] start writer 
[2022-04-22 21:59:29] [INFO] writer try send [18, 19, 20] 
[2022-04-22 21:59:29] [INFO] writer send [7, 8, 9, 10] 
[2022-04-22 21:59:29] [INFO] end writer 
[2022-04-22 21:59:29] [INFO] end get result 12 
[2022-04-22 21:59:29] [INFO] reader get 12 
[2022-04-22 21:59:29] [INFO] start get result 
[2022-04-22 21:59:29] [INFO] end get result 13 
[2022-04-22 21:59:29] [INFO] reader get 13 
[2022-04-22 21:59:29] [INFO] start get result 
[2022-04-22 21:59:29] [INFO] end get result 14 
[2022-04-22 21:59:29] [INFO] reader get 14 
[2022-04-22 21:59:29] [INFO] start get result 
[2022-04-22 21:59:29] [INFO] end get result 15 
[2022-04-22 21:59:29] [INFO] reader get 15 
[2022-04-22 21:59:29] [INFO] start get result 
[2022-04-22 21:59:29] [INFO] end get result 16 
[2022-04-22 21:59:29] [INFO] reader get 16 
[2022-04-22 21:59:29] [INFO] start get result 
[2022-04-22 21:59:29] [INFO] end get result 17 
[2022-04-22 21:59:29] [INFO] reader get 17 
[2022-04-22 21:59:29] [INFO] start get result 
[2022-04-22 21:59:29] [INFO] end get result 7 
[2022-04-22 21:59:29] [INFO] reader get 7 
[2022-04-22 21:59:29] [INFO] start get result 
[2022-04-22 21:59:29] [INFO] end get result 8 
[2022-04-22 21:59:29] [INFO] reader get 8 
[2022-04-22 21:59:29] [INFO] start get result 
[2022-04-22 21:59:29] [INFO] end get result 9 
[2022-04-22 21:59:29] [INFO] reader get 9 
[2022-04-22 21:59:29] [INFO] writer send [14, 15, 16, 17] 
[2022-04-22 21:59:29] [INFO] end writer 
[2022-04-22 21:59:29] [INFO] start get result 
[2022-04-22 21:59:29] [INFO] end get result 2 
[2022-04-22 21:59:29] [INFO] reader get 2 
[2022-04-22 21:59:29] [INFO] start get result 
[2022-04-22 21:59:29] [INFO] end get result 18 
[2022-04-22 21:59:29] [INFO] reader get 18 
[2022-04-22 21:59:29] [INFO] start get result 
[2022-04-22 21:59:29] [INFO] end get result 19 
[2022-04-22 21:59:29] [INFO] reader get 19 
[2022-04-22 21:59:29] [INFO] start get result 
[2022-04-22 21:59:29] [INFO] end get result 20 
[2022-04-22 21:59:29] [INFO] reader get 20 
[2022-04-22 21:59:29] [INFO] start get result 
[2022-04-22 21:59:29] [INFO] start writer 
[2022-04-22 21:59:29] [INFO] end writer 
[2022-04-22 21:59:29] [INFO] start reader 
[2022-04-22 21:59:29] [INFO] start writer 
[2022-04-22 21:59:29] [INFO] end writer 
[2022-04-22 21:59:29] [INFO] start get result 
[2022-04-22 21:59:29] [INFO] end get result 10 
[2022-04-22 21:59:29] [INFO] reader get 10 
[2022-04-22 21:59:29] [INFO] start get result 
[2022-04-22 21:59:29] [INFO] writer send [18, 19, 20] 
[2022-04-22 21:59:29] [INFO] end writer 
[2022-04-22 21:59:29] [INFO] start reader 
[2022-04-22 21:59:29] [INFO] start get result 
[2022-04-22 21:59:29] [INFO] start reader 
[2022-04-22 21:59:29] [INFO] start reader 
[2022-04-22 21:59:29] [INFO] start get result 
[2022-04-22 21:59:29] [INFO] start reader 
[2022-04-22 21:59:29] [INFO] start get result 
[2022-04-22 21:59:29] [INFO] start get result 
[2022-04-22 21:59:29] [INFO] start get result 
Exception in thread "Thread-62383" java.util.concurrent.TimeoutException
	at serie1.Ex4.BlockingMessageQueueFuture$MyFuture.get(BlockingMessageQueueFuture.kt:222)
	at serie1.ex4.FutureTest$blocking_message_multiple_send_receive$2$thread$1.invoke(BlockingMessageQueueWithFutureTest.kt:179)
	at serie1.ex4.FutureTest$blocking_message_multiple_send_receive$2$thread$1.invoke(BlockingMessageQueueWithFutureTest.kt:169)
	at kotlin.concurrent.ThreadsKt$thread$thread$1.run(Thread.kt:30)
Exception in thread "Thread-62380" java.util.concurrent.TimeoutException
	at serie1.Ex4.BlockingMessageQueueFuture$MyFuture.get(BlockingMessageQueueFuture.kt:222)
	at serie1.ex4.FutureTest$blocking_message_multiple_send_receive$2$thread$1.invoke(BlockingMessageQueueWithFutureTest.kt:179)
	at serie1.ex4.FutureTest$blocking_message_multiple_send_receive$2$thread$1.invoke(BlockingMessageQueueWithFutureTest.kt:169)
	at kotlin.concurrent.ThreadsKt$thread$thread$1.run(Thread.kt:30)
Exception in thread "Thread-62381" java.util.concurrent.TimeoutException
	at serie1.Ex4.BlockingMessageQueueFuture$MyFuture.get(BlockingMessageQueueFuture.kt:222)
	at serie1.ex4.FutureTest$blocking_message_multiple_send_receive$2$thread$1.invoke(BlockingMessageQueueWithFutureTest.kt:179)
	at serie1.ex4.FutureTest$blocking_message_multiple_send_receive$2$thread$1.invoke(BlockingMessageQueueWithFutureTest.kt:169)
	at kotlin.concurrent.ThreadsKt$thread$thread$1.run(Thread.kt:30)
Exception in thread "Thread-62385" java.util.concurrent.TimeoutException
	at serie1.Ex4.BlockingMessageQueueFuture$MyFuture.get(BlockingMessageQueueFuture.kt:222)
	at serie1.ex4.FutureTest$blocking_message_multiple_send_receive$2$thread$1.invoke(BlockingMessageQueueWithFutureTest.kt:179)
	at serie1.ex4.FutureTest$blocking_message_multiple_send_receive$2$thread$1.invoke(BlockingMessageQueueWithFutureTest.kt:169)
	at kotlin.concurrent.ThreadsKt$thread$thread$1.run(Thread.kt:30)
Exception in thread "Thread-62386" java.util.concurrent.TimeoutException
	at serie1.Ex4.BlockingMessageQueueFuture$MyFuture.get(BlockingMessageQueueFuture.kt:222)
	at serie1.ex4.FutureTest$blocking_message_multiple_send_receive$2$thread$1.invoke(BlockingMessageQueueWithFutureTest.kt:179)
	at serie1.ex4.FutureTest$blocking_message_multiple_send_receive$2$thread$1.invoke(BlockingMessageQueueWithFutureTest.kt:169)
	at kotlin.concurrent.ThreadsKt$thread$thread$1.run(Thread.kt:30)
Exception in thread "Thread-62382" java.util.concurrent.TimeoutException
	at serie1.Ex4.BlockingMessageQueueFuture$MyFuture.get(BlockingMessageQueueFuture.kt:222)
	at serie1.ex4.FutureTest$blocking_message_multiple_send_receive$2$thread$1.invoke(BlockingMessageQueueWithFutureTest.kt:179)
	at serie1.ex4.FutureTest$blocking_message_multiple_send_receive$2$thread$1.invoke(BlockingMessageQueueWithFutureTest.kt:169)
	at kotlin.concurrent.ThreadsKt$thread$thread$1.run(Thread.kt:30)
Exception in thread "Thread-62384" java.util.concurrent.TimeoutException
	at serie1.Ex4.BlockingMessageQueueFuture$MyFuture.get(BlockingMessageQueueFuture.kt:222)
	at serie1.ex4.FutureTest$blocking_message_multiple_send_receive$2$thread$1.invoke(BlockingMessageQueueWithFutureTest.kt:179)
	at serie1.ex4.FutureTest$blocking_message_multiple_send_receive$2$thread$1.invoke(BlockingMessageQueueWithFutureTest.kt:169)
	at kotlin.concurrent.ThreadsKt$thread$thread$1.run(Thread.kt:30)
[2022-04-22 21:59:31] [INFO] start writer 
[2022-04-22 21:59:31] [INFO] writer try send [1, 2, 3] 
[2022-04-22 21:59:31] [INFO] writer send [1, 2, 3] 
[2022-04-22 21:59:31] [INFO] start writer 
[2022-04-22 21:59:31] [INFO] writer try send [6] 
[2022-04-22 21:59:31] [INFO] writer send [6] 
[2022-04-22 21:59:31] [INFO] writer try send [7, 8, 9, 10] 
[2022-04-22 21:59:31] [INFO] writer send [7, 8, 9, 10] 
[2022-04-22 21:59:31] [INFO] writer try send [11, 12, 13] 
[2022-04-22 21:59:31] [INFO] start writer 
[2022-04-22 21:59:31] [INFO] writer try send [14, 15, 16, 17] 
[2022-04-22 21:59:31] [INFO] start reader 
[2022-04-22 21:59:31] [INFO] start writer 
[2022-04-22 21:59:31] [INFO] writer try send [18, 19, 20] 
[2022-04-22 21:59:31] [INFO] start reader 
[2022-04-22 21:59:31] [INFO] start writer 
[2022-04-22 21:59:31] [INFO] end writer 
[2022-04-22 21:59:31] [INFO] writer try send [4, 5] 
[2022-04-22 21:59:31] [INFO] writer send [11, 12, 13] 
[2022-04-22 21:59:31] [INFO] end writer 
[2022-04-22 21:59:31] [INFO] start get result 
[2022-04-22 21:59:31] [INFO] end get result 1 
[2022-04-22 21:59:31] [INFO] reader get 1 
[2022-04-22 21:59:31] [INFO] start get result 
[2022-04-22 21:59:31] [INFO] end get result 3 
[2022-04-22 21:59:31] [INFO] reader get 3 
[2022-04-22 21:59:31] [INFO] start get result 
[2022-04-22 21:59:31] [INFO] end get result 6 
[2022-04-22 21:59:31] [INFO] reader get 6 
[2022-04-22 21:59:31] [INFO] start get result 
[2022-04-22 21:59:31] [INFO] end get result 7 
[2022-04-22 21:59:31] [INFO] reader get 7 
[2022-04-22 21:59:31] [INFO] start get result 
[2022-04-22 21:59:31] [INFO] end get result 8 
[2022-04-22 21:59:31] [INFO] reader get 8 
[2022-04-22 21:59:31] [INFO] start get result 
[2022-04-22 21:59:31] [INFO] end get result 9 
[2022-04-22 21:59:31] [INFO] reader get 9 
[2022-04-22 21:59:31] [INFO] start get result 
[2022-04-22 21:59:31] [INFO] end get result 10 
[2022-04-22 21:59:31] [INFO] reader get 10 
[2022-04-22 21:59:31] [INFO] start get result 
[2022-04-22 21:59:31] [INFO] end get result 11 
[2022-04-22 21:59:31] [INFO] reader get 11 
[2022-04-22 21:59:31] [INFO] start get result 
[2022-04-22 21:59:31] [INFO] end get result 12 
[2022-04-22 21:59:31] [INFO] reader get 12 
[2022-04-22 21:59:31] [INFO] start get result 
[2022-04-22 21:59:31] [INFO] end get result 13 
[2022-04-22 21:59:31] [INFO] reader get 13 
[2022-04-22 21:59:31] [INFO] start get result 
[2022-04-22 21:59:31] [INFO] end get result 4 
[2022-04-22 21:59:31] [INFO] start reader 
[2022-04-22 21:59:31] [INFO] reader get 4 
[2022-04-22 21:59:31] [INFO] start get result 
[2022-04-22 21:59:31] [INFO] end get result 5 
[2022-04-22 21:59:31] [INFO] reader get 5 
[2022-04-22 21:59:31] [INFO] start reader 
[2022-04-22 21:59:31] [INFO] writer send [14, 15, 16, 17] 
[2022-04-22 21:59:31] [INFO] end writer 
[2022-04-22 21:59:31] [INFO] writer send [18, 19, 20] 
[2022-04-22 21:59:31] [INFO] end writer 
[2022-04-22 21:59:31] [INFO] writer send [4, 5] 
[2022-04-22 21:59:31] [INFO] end writer 
[2022-04-22 21:59:31] [INFO] start get result 
[2022-04-22 21:59:31] [INFO] end get result 2 
[2022-04-22 21:59:31] [INFO] reader get 2 
[2022-04-22 21:59:31] [INFO] start get result 
[2022-04-22 21:59:31] [INFO] end get result 14 
[2022-04-22 21:59:31] [INFO] reader get 14 
[2022-04-22 21:59:31] [INFO] start get result 
[2022-04-22 21:59:31] [INFO] end get result 15 
[2022-04-22 21:59:31] [INFO] reader get 15 
[2022-04-22 21:59:31] [INFO] start get result 
[2022-04-22 21:59:31] [INFO] end get result 16 
[2022-04-22 21:59:31] [INFO] reader get 16 
[2022-04-22 21:59:31] [INFO] start get result 
[2022-04-22 21:59:31] [INFO] end get result 17 
[2022-04-22 21:59:31] [INFO] reader get 17 
[2022-04-22 21:59:31] [INFO] start get result 
[2022-04-22 21:59:31] [INFO] start get result 
[2022-04-22 21:59:31] [INFO] end get result 20 
[2022-04-22 21:59:31] [INFO] reader get 20 
[2022-04-22 21:59:31] [INFO] start get result 
[2022-04-22 21:59:31] [INFO] start get result 
[2022-04-22 21:59:31] [INFO] end get result 19 
[2022-04-22 21:59:31] [INFO] reader get 19 
[2022-04-22 21:59:31] [INFO] start get result 
[2022-04-22 21:59:31] [INFO] start reader 
[2022-04-22 21:59:31] [INFO] start get result 
[2022-04-22 21:59:31] [INFO] end get result 18 
[2022-04-22 21:59:31] [INFO] reader get 18 
[2022-04-22 21:59:31] [INFO] start get result 
[2022-04-22 21:59:31] [INFO] start reader 
[2022-04-22 21:59:31] [INFO] start get result 
[2022-04-22 21:59:31] [INFO] start reader 
[2022-04-22 21:59:31] [INFO] start get result 
[2022-04-22 21:59:31] [INFO] start get result 
Exception in thread "Thread-62398" java.util.concurrent.TimeoutException
	at serie1.Ex4.BlockingMessageQueueFuture$MyFuture.get(BlockingMessageQueueFuture.kt:222)
	at serie1.ex4.FutureTest$blocking_message_multiple_send_receive$2$thread$1.invoke(BlockingMessageQueueWithFutureTest.kt:179)
	at serie1.ex4.FutureTest$blocking_message_multiple_send_receive$2$thread$1.invoke(BlockingMessageQueueWithFutureTest.kt:169)
	at kotlin.concurrent.ThreadsKt$thread$thread$1.run(Thread.kt:30)
Exception in thread "Thread-62399" java.util.concurrent.TimeoutException
	at serie1.Ex4.BlockingMessageQueueFuture$MyFuture.get(BlockingMessageQueueFuture.kt:222)
	at serie1.ex4.FutureTest$blocking_message_multiple_send_receive$2$thread$1.invoke(BlockingMessageQueueWithFutureTest.kt:179)
	at serie1.ex4.FutureTest$blocking_message_multiple_send_receive$2$thread$1.invoke(BlockingMessageQueueWithFutureTest.kt:169)
	at kotlin.concurrent.ThreadsKt$thread$thread$1.run(Thread.kt:30)
Exception in thread "Thread-62394" java.util.concurrent.TimeoutException
	at serie1.Ex4.BlockingMessageQueueFuture$MyFuture.get(BlockingMessageQueueFuture.kt:222)
	at serie1.ex4.FutureTest$blocking_message_multiple_send_receive$2$thread$1.invoke(BlockingMessageQueueWithFutureTest.kt:179)
	at serie1.ex4.FutureTest$blocking_message_multiple_send_receive$2$thread$1.invoke(BlockingMessageQueueWithFutureTest.kt:169)
	at kotlin.concurrent.ThreadsKt$thread$thread$1.run(Thread.kt:30)
Exception in thread "Thread-62393" java.util.concurrent.TimeoutException
	at serie1.Ex4.BlockingMessageQueueFuture$MyFuture.get(BlockingMessageQueueFuture.kt:222)
	at serie1.ex4.FutureTest$blocking_message_multiple_send_receive$2$thread$1.invoke(BlockingMessageQueueWithFutureTest.kt:179)
	at serie1.ex4.FutureTest$blocking_message_multiple_send_receive$2$thread$1.invoke(BlockingMessageQueueWithFutureTest.kt:169)
	at kotlin.concurrent.ThreadsKt$thread$thread$1.run(Thread.kt:30)
Exception in thread "Thread-62396" java.util.concurrent.TimeoutException
	at serie1.Ex4.BlockingMessageQueueFuture$MyFuture.get(BlockingMessageQueueFuture.kt:222)
	at serie1.ex4.FutureTest$blocking_message_multiple_send_receive$2$thread$1.invoke(BlockingMessageQueueWithFutureTest.kt:179)
	at serie1.ex4.FutureTest$blocking_message_multiple_send_receive$2$thread$1.invoke(BlockingMessageQueueWithFutureTest.kt:169)
	at kotlin.concurrent.ThreadsKt$thread$thread$1.run(Thread.kt:30)
Exception in thread "Thread-62395" java.util.concurrent.TimeoutException
	at serie1.Ex4.BlockingMessageQueueFuture$MyFuture.get(BlockingMessageQueueFuture.kt:222)
	at serie1.ex4.FutureTest$blocking_message_multiple_send_receive$2$thread$1.invoke(BlockingMessageQueueWithFutureTest.kt:179)
	at serie1.ex4.FutureTest$blocking_message_multiple_send_receive$2$thread$1.invoke(BlockingMessageQueueWithFutureTest.kt:169)
	at kotlin.concurrent.ThreadsKt$thread$thread$1.run(Thread.kt:30)
Exception in thread "Thread-62397" java.util.concurrent.TimeoutException
	at serie1.Ex4.BlockingMessageQueueFuture$MyFuture.get(BlockingMessageQueueFuture.kt:222)
	at serie1.ex4.FutureTest$blocking_message_multiple_send_receive$2$thread$1.invoke(BlockingMessageQueueWithFutureTest.kt:179)
	at serie1.ex4.FutureTest$blocking_message_multiple_send_receive$2$thread$1.invoke(BlockingMessageQueueWithFutureTest.kt:169)
	at kotlin.concurrent.ThreadsKt$thread$thread$1.run(Thread.kt:30)
[2022-04-22 21:59:33] [INFO] start writer 
[2022-04-22 21:59:33] [INFO] writer try send [1, 2, 3] 
[2022-04-22 21:59:33] [INFO] writer send [1, 2, 3] 
[2022-04-22 21:59:33] [INFO] writer try send [4, 5] 
[2022-04-22 21:59:33] [INFO] start writer 
[2022-04-22 21:59:33] [INFO] writer try send [6] 
[2022-04-22 21:59:33] [INFO] start reader 
[2022-04-22 21:59:33] [INFO] start writer 
[2022-04-22 21:59:33] [INFO] writer try send [7, 8, 9, 10] 
[2022-04-22 21:59:33] [INFO] start writer 
[2022-04-22 21:59:33] [INFO] writer try send [11, 12, 13] 
[2022-04-22 21:59:33] [INFO] writer send [4, 5] 
[2022-04-22 21:59:33] [INFO] writer try send [14, 15, 16, 17] 
[2022-04-22 21:59:33] [INFO] start writer 
[2022-04-22 21:59:33] [INFO] start reader 
[2022-04-22 21:59:33] [INFO] writer send [6] 
[2022-04-22 21:59:33] [INFO] end writer 
[2022-04-22 21:59:33] [INFO] writer try send [18, 19, 20] 
[2022-04-22 21:59:33] [INFO] start get result 
[2022-04-22 21:59:33] [INFO] end get result 1 
[2022-04-22 21:59:33] [INFO] reader get 1 
[2022-04-22 21:59:33] [INFO] start get result 
[2022-04-22 21:59:33] [INFO] end get result 2 
[2022-04-22 21:59:33] [INFO] reader get 2 
[2022-04-22 21:59:33] [INFO] start get result 
[2022-04-22 21:59:33] [INFO] end get result 3 
[2022-04-22 21:59:33] [INFO] start get result 
[2022-04-22 21:59:33] [INFO] end get result 4 
[2022-04-22 21:59:33] [INFO] reader get 4 
[2022-04-22 21:59:33] [INFO] start get result 
[2022-04-22 21:59:33] [INFO] end get result 5 
[2022-04-22 21:59:33] [INFO] reader get 5 
[2022-04-22 21:59:33] [INFO] start get result 
[2022-04-22 21:59:33] [INFO] end get result 6 
[2022-04-22 21:59:33] [INFO] reader get 6 
[2022-04-22 21:59:33] [INFO] start writer 
[2022-04-22 21:59:33] [INFO] end writer 
[2022-04-22 21:59:33] [INFO] start get result 
[2022-04-22 21:59:33] [INFO] end get result 11 
[2022-04-22 21:59:33] [INFO] reader get 11 
[2022-04-22 21:59:33] [INFO] start get result 
[2022-04-22 21:59:33] [INFO] end get result 12 
[2022-04-22 21:59:33] [INFO] reader get 12 
[2022-04-22 21:59:33] [INFO] start get result 
[2022-04-22 21:59:33] [INFO] end get result 13 
[2022-04-22 21:59:33] [INFO] reader get 13 
[2022-04-22 21:59:33] [INFO] start get result 
[2022-04-22 21:59:33] [INFO] end get result 18 
[2022-04-22 21:59:33] [INFO] reader get 18 
[2022-04-22 21:59:33] [INFO] writer send [11, 12, 13] 
[2022-04-22 21:59:33] [INFO] end writer 
[2022-04-22 21:59:33] [INFO] reader get 3 
[2022-04-22 21:59:33] [INFO] start get result 
[2022-04-22 21:59:33] [INFO] start reader 
[2022-04-22 21:59:33] [INFO] end get result 20 
[2022-04-22 21:59:33] [INFO] reader get 20 
[2022-04-22 21:59:33] [INFO] start get result 
[2022-04-22 21:59:33] [INFO] end get result 7 
[2022-04-22 21:59:33] [INFO] reader get 7 
[2022-04-22 21:59:33] [INFO] start get result 
[2022-04-22 21:59:33] [INFO] end get result 8 
[2022-04-22 21:59:33] [INFO] reader get 8 
[2022-04-22 21:59:33] [INFO] start get result 
[2022-04-22 21:59:33] [INFO] end get result 9 
[2022-04-22 21:59:33] [INFO] start get result 
[2022-04-22 21:59:33] [INFO] end get result 10 
[2022-04-22 21:59:33] [INFO] reader get 10 
[2022-04-22 21:59:33] [INFO] start get result 
[2022-04-22 21:59:33] [INFO] end get result 14 
[2022-04-22 21:59:33] [INFO] reader get 14 
[2022-04-22 21:59:33] [INFO] start get result 
[2022-04-22 21:59:33] [INFO] end get result 15 
[2022-04-22 21:59:33] [INFO] reader get 15 
[2022-04-22 21:59:33] [INFO] start get result 
[2022-04-22 21:59:33] [INFO] end get result 16 
[2022-04-22 21:59:33] [INFO] reader get 16 
[2022-04-22 21:59:33] [INFO] start get result 
[2022-04-22 21:59:33] [INFO] end get result 17 
[2022-04-22 21:59:33] [INFO] reader get 17 
[2022-04-22 21:59:33] [INFO] start get result 
[2022-04-22 21:59:33] [INFO] writer send [7, 8, 9, 10] 
[2022-04-22 21:59:33] [INFO] end writer 
[2022-04-22 21:59:33] [INFO] start get result 
[2022-04-22 21:59:33] [INFO] end get result 19 
[2022-04-22 21:59:33] [INFO] reader get 19 
[2022-04-22 21:59:33] [INFO] start get result 
[2022-04-22 21:59:33] [INFO] writer send [18, 19, 20] 
[2022-04-22 21:59:33] [INFO] end writer 
[2022-04-22 21:59:33] [INFO] reader get 9 
[2022-04-22 21:59:33] [INFO] start get result 
[2022-04-22 21:59:33] [INFO] writer send [14, 15, 16, 17] 
[2022-04-22 21:59:33] [INFO] end writer 
[2022-04-22 21:59:33] [INFO] start reader 
[2022-04-22 21:59:33] [INFO] start reader 
[2022-04-22 21:59:33] [INFO] start reader 
[2022-04-22 21:59:33] [INFO] start reader 
[2022-04-22 21:59:33] [INFO] start get result 
[2022-04-22 21:59:33] [INFO] start get result 
[2022-04-22 21:59:33] [INFO] start get result 
[2022-04-22 21:59:33] [INFO] start get result 
Exception in thread "Thread-62409" java.util.concurrent.TimeoutException
	at serie1.Ex4.BlockingMessageQueueFuture$MyFuture.get(BlockingMessageQueueFuture.kt:222)
	at serie1.ex4.FutureTest$blocking_message_multiple_send_receive$2$thread$1.invoke(BlockingMessageQueueWithFutureTest.kt:179)
	at serie1.ex4.FutureTest$blocking_message_multiple_send_receive$2$thread$1.invoke(BlockingMessageQueueWithFutureTest.kt:169)
	at kotlin.concurrent.ThreadsKt$thread$thread$1.run(Thread.kt:30)
Exception in thread "Thread-62411" java.util.concurrent.TimeoutException
	at serie1.Ex4.BlockingMessageQueueFuture$MyFuture.get(BlockingMessageQueueFuture.kt:222)
	at serie1.ex4.FutureTest$blocking_message_multiple_send_receive$2$thread$1.invoke(BlockingMessageQueueWithFutureTest.kt:179)
	at serie1.ex4.FutureTest$blocking_message_multiple_send_receive$2$thread$1.invoke(BlockingMessageQueueWithFutureTest.kt:169)
	at kotlin.concurrent.ThreadsKt$thread$thread$1.run(Thread.kt:30)
Exception in thread "Thread-62413" java.util.concurrent.TimeoutException
	at serie1.Ex4.BlockingMessageQueueFuture$MyFuture.get(BlockingMessageQueueFuture.kt:222)
	at serie1.ex4.FutureTest$blocking_message_multiple_send_receive$2$thread$1.invoke(BlockingMessageQueueWithFutureTest.kt:179)
	at serie1.ex4.FutureTest$blocking_message_multiple_send_receive$2$thread$1.invoke(BlockingMessageQueueWithFutureTest.kt:169)
	at kotlin.concurrent.ThreadsKt$thread$thread$1.run(Thread.kt:30)
Exception in thread "Thread-62412" java.util.concurrent.TimeoutException
	at serie1.Ex4.BlockingMessageQueueFuture$MyFuture.get(BlockingMessageQueueFuture.kt:222)
	at serie1.ex4.FutureTest$blocking_message_multiple_send_receive$2$thread$1.invoke(BlockingMessageQueueWithFutureTest.kt:179)
	at serie1.ex4.FutureTest$blocking_message_multiple_send_receive$2$thread$1.invoke(BlockingMessageQueueWithFutureTest.kt:169)
	at kotlin.concurrent.ThreadsKt$thread$thread$1.run(Thread.kt:30)
Exception in thread "Thread-62407" java.util.concurrent.TimeoutException
	at serie1.Ex4.BlockingMessageQueueFuture$MyFuture.get(BlockingMessageQueueFuture.kt:222)
	at serie1.ex4.FutureTest$blocking_message_multiple_send_receive$2$thread$1.invoke(BlockingMessageQueueWithFutureTest.kt:179)
	at serie1.ex4.FutureTest$blocking_message_multiple_send_receive$2$thread$1.invoke(BlockingMessageQueueWithFutureTest.kt:169)
	at kotlin.concurrent.ThreadsKt$thread$thread$1.run(Thread.kt:30)
Exception in thread "Thread-62410" java.util.concurrent.TimeoutException
	at serie1.Ex4.BlockingMessageQueueFuture$MyFuture.get(BlockingMessageQueueFuture.kt:222)
	at serie1.ex4.FutureTest$blocking_message_multiple_send_receive$2$thread$1.invoke(BlockingMessageQueueWithFutureTest.kt:179)
	at serie1.ex4.FutureTest$blocking_message_multiple_send_receive$2$thread$1.invoke(BlockingMessageQueueWithFutureTest.kt:169)
	at kotlin.concurrent.ThreadsKt$thread$thread$1.run(Thread.kt:30)
Exception in thread "Thread-62408" java.util.concurrent.TimeoutException
	at serie1.Ex4.BlockingMessageQueueFuture$MyFuture.get(BlockingMessageQueueFuture.kt:222)
	at serie1.ex4.FutureTest$blocking_message_multiple_send_receive$2$thread$1.invoke(BlockingMessageQueueWithFutureTest.kt:179)
	at serie1.ex4.FutureTest$blocking_message_multiple_send_receive$2$thread$1.invoke(BlockingMessageQueueWithFutureTest.kt:169)
	at kotlin.concurrent.ThreadsKt$thread$thread$1.run(Thread.kt:30)
[2022-04-22 21:59:35] [INFO] start writer 
[2022-04-22 21:59:35] [INFO] writer try send [1, 2, 3] 
[2022-04-22 21:59:35] [INFO] writer send [1, 2, 3] 
[2022-04-22 21:59:35] [INFO] writer try send [4, 5] 
[2022-04-22 21:59:35] [INFO] start writer 
[2022-04-22 21:59:35] [INFO] writer try send [6] 
[2022-04-22 21:59:35] [INFO] writer send [6] 
[2022-04-22 21:59:35] [INFO] writer try send [7, 8, 9, 10] 
[2022-04-22 21:59:35] [INFO] start reader 
[2022-04-22 21:59:35] [INFO] start writer 
[2022-04-22 21:59:35] [INFO] writer try send [11, 12, 13] 
[2022-04-22 21:59:35] [INFO] writer send [4, 5] 
[2022-04-22 21:59:35] [INFO] writer try send [14, 15, 16, 17] 
[2022-04-22 21:59:35] [INFO] start writer 
[2022-04-22 21:59:35] [INFO] writer try send [18, 19, 20] 
[2022-04-22 21:59:35] [INFO] start writer 
[2022-04-22 21:59:35] [INFO] end writer 
[2022-04-22 21:59:35] [INFO] start reader 
[2022-04-22 21:59:35] [INFO] start writer 
[2022-04-22 21:59:35] [INFO] end writer 
[2022-04-22 21:59:35] [INFO] start get result 
[2022-04-22 21:59:35] [INFO] end get result 1 
[2022-04-22 21:59:35] [INFO] reader get 1 
[2022-04-22 21:59:35] [INFO] start get result 
[2022-04-22 21:59:35] [INFO] end get result 2 
[2022-04-22 21:59:35] [INFO] reader get 2 
[2022-04-22 21:59:35] [INFO] start reader 
[2022-04-22 21:59:35] [INFO] start get result 
[2022-04-22 21:59:35] [INFO] end get result 4 
[2022-04-22 21:59:35] [INFO] reader get 4 
[2022-04-22 21:59:35] [INFO] start get result 
[2022-04-22 21:59:35] [INFO] end get result 5 
[2022-04-22 21:59:35] [INFO] start get result 
[2022-04-22 21:59:35] [INFO] start get result 
[2022-04-22 21:59:35] [INFO] end get result 6 
[2022-04-22 21:59:35] [INFO] reader get 6 
[2022-04-22 21:59:35] [INFO] start get result 
[2022-04-22 21:59:35] [INFO] end get result 7 
[2022-04-22 21:59:35] [INFO] reader get 7 
[2022-04-22 21:59:35] [INFO] start get result 
[2022-04-22 21:59:35] [INFO] end get result 8 
[2022-04-22 21:59:35] [INFO] reader get 8 
[2022-04-22 21:59:35] [INFO] writer send [14, 15, 16, 17] 
[2022-04-22 21:59:35] [INFO] end writer 
[2022-04-22 21:59:35] [INFO] reader get 5 
[2022-04-22 21:59:35] [INFO] start get result 
[2022-04-22 21:59:35] [INFO] end get result 10 
[2022-04-22 21:59:35] [INFO] reader get 10 
[2022-04-22 21:59:35] [INFO] start reader 
[2022-04-22 21:59:35] [INFO] writer send [7, 8, 9, 10] 
[2022-04-22 21:59:35] [INFO] end writer 
[2022-04-22 21:59:35] [INFO] start reader 
[2022-04-22 21:59:35] [INFO] writer send [11, 12, 13] 
[2022-04-22 21:59:35] [INFO] end writer 
[2022-04-22 21:59:35] [INFO] start reader 
[2022-04-22 21:59:35] [INFO] start get result 
[2022-04-22 21:59:35] [INFO] end get result 14 
[2022-04-22 21:59:35] [INFO] start get result 
[2022-04-22 21:59:35] [INFO] end get result 15 
[2022-04-22 21:59:35] [INFO] reader get 15 
[2022-04-22 21:59:35] [INFO] start get result 
[2022-04-22 21:59:35] [INFO] end get result 17 
[2022-04-22 21:59:35] [INFO] start get result 
[2022-04-22 21:59:35] [INFO] end get result 11 
[2022-04-22 21:59:35] [INFO] reader get 11 
[2022-04-22 21:59:35] [INFO] start get result 
[2022-04-22 21:59:35] [INFO] end get result 12 
[2022-04-22 21:59:35] [INFO] reader get 12 
[2022-04-22 21:59:35] [INFO] start get result 
[2022-04-22 21:59:35] [INFO] end get result 13 
[2022-04-22 21:59:35] [INFO] reader get 13 
[2022-04-22 21:59:35] [INFO] start get result 
[2022-04-22 21:59:35] [INFO] end get result 18 
[2022-04-22 21:59:35] [INFO] reader get 18 
[2022-04-22 21:59:35] [INFO] start get result 
[2022-04-22 21:59:35] [INFO] end get result 19 
[2022-04-22 21:59:35] [INFO] reader get 19 
[2022-04-22 21:59:35] [INFO] start get result 
[2022-04-22 21:59:35] [INFO] end get result 20 
[2022-04-22 21:59:35] [INFO] reader get 20 
[2022-04-22 21:59:35] [INFO] start get result 
[2022-04-22 21:59:35] [INFO] start get result 
[2022-04-22 21:59:35] [INFO] end get result 9 
[2022-04-22 21:59:35] [INFO] reader get 9 
[2022-04-22 21:59:35] [INFO] start get result 
[2022-04-22 21:59:35] [INFO] end get result 3 
[2022-04-22 21:59:35] [INFO] reader get 3 
[2022-04-22 21:59:35] [INFO] start get result 
[2022-04-22 21:59:35] [INFO] reader get 17 
[2022-04-22 21:59:35] [INFO] start get result 
[2022-04-22 21:59:35] [INFO] writer send [18, 19, 20] 
[2022-04-22 21:59:35] [INFO] end writer 
[2022-04-22 21:59:35] [INFO] start get result 
[2022-04-22 21:59:35] [INFO] end get result 16 
[2022-04-22 21:59:35] [INFO] reader get 16 
[2022-04-22 21:59:35] [INFO] start get result 
[2022-04-22 21:59:35] [INFO] reader get 14 
[2022-04-22 21:59:35] [INFO] start get result 
[2022-04-22 21:59:35] [INFO] start reader 
[2022-04-22 21:59:35] [INFO] start get result 
Exception in thread "Thread-62425" java.util.concurrent.TimeoutException
	at serie1.Ex4.BlockingMessageQueueFuture$MyFuture.get(BlockingMessageQueueFuture.kt:222)
	at serie1.ex4.FutureTest$blocking_message_multiple_send_receive$2$thread$1.invoke(BlockingMessageQueueWithFutureTest.kt:179)
	at serie1.ex4.FutureTest$blocking_message_multiple_send_receive$2$thread$1.invoke(BlockingMessageQueueWithFutureTest.kt:169)
	at kotlin.concurrent.ThreadsKt$thread$thread$1.run(Thread.kt:30)
Exception in thread "Thread-62427" java.util.concurrent.TimeoutException
	at serie1.Ex4.BlockingMessageQueueFuture$MyFuture.get(BlockingMessageQueueFuture.kt:222)
	at serie1.ex4.FutureTest$blocking_message_multiple_send_receive$2$thread$1.invoke(BlockingMessageQueueWithFutureTest.kt:179)
	at serie1.ex4.FutureTest$blocking_message_multiple_send_receive$2$thread$1.invoke(BlockingMessageQueueWithFutureTest.kt:169)
	at kotlin.concurrent.ThreadsKt$thread$thread$1.run(Thread.kt:30)
Exception in thread "Thread-62424" java.util.concurrent.TimeoutException
	at serie1.Ex4.BlockingMessageQueueFuture$MyFuture.get(BlockingMessageQueueFuture.kt:222)
	at serie1.ex4.FutureTest$blocking_message_multiple_send_receive$2$thread$1.invoke(BlockingMessageQueueWithFutureTest.kt:179)
	at serie1.ex4.FutureTest$blocking_message_multiple_send_receive$2$thread$1.invoke(BlockingMessageQueueWithFutureTest.kt:169)
	at kotlin.concurrent.ThreadsKt$thread$thread$1.run(Thread.kt:30)
Exception in thread "Thread-62423" java.util.concurrent.TimeoutException
	at serie1.Ex4.BlockingMessageQueueFuture$MyFuture.get(BlockingMessageQueueFuture.kt:222)
	at serie1.ex4.FutureTest$blocking_message_multiple_send_receive$2$thread$1.invoke(BlockingMessageQueueWithFutureTest.kt:179)
	at serie1.ex4.FutureTest$blocking_message_multiple_send_receive$2$thread$1.invoke(BlockingMessageQueueWithFutureTest.kt:169)
	at kotlin.concurrent.ThreadsKt$thread$thread$1.run(Thread.kt:30)
Exception in thread "Thread-62422" java.util.concurrent.TimeoutException
	at serie1.Ex4.BlockingMessageQueueFuture$MyFuture.get(BlockingMessageQueueFuture.kt:222)
	at serie1.ex4.FutureTest$blocking_message_multiple_send_receive$2$thread$1.invoke(BlockingMessageQueueWithFutureTest.kt:179)
	at serie1.ex4.FutureTest$blocking_message_multiple_send_receive$2$thread$1.invoke(BlockingMessageQueueWithFutureTest.kt:169)
	at kotlin.concurrent.ThreadsKt$thread$thread$1.run(Thread.kt:30)
Exception in thread "Thread-62421" java.util.concurrent.TimeoutException
	at serie1.Ex4.BlockingMessageQueueFuture$MyFuture.get(BlockingMessageQueueFuture.kt:222)
	at serie1.ex4.FutureTest$blocking_message_multiple_send_receive$2$thread$1.invoke(BlockingMessageQueueWithFutureTest.kt:179)
	at serie1.ex4.FutureTest$blocking_message_multiple_send_receive$2$thread$1.invoke(BlockingMessageQueueWithFutureTest.kt:169)
	at kotlin.concurrent.ThreadsKt$thread$thread$1.run(Thread.kt:30)
Exception in thread "Thread-62426" java.util.concurrent.TimeoutException
	at serie1.Ex4.BlockingMessageQueueFuture$MyFuture.get(BlockingMessageQueueFuture.kt:222)
	at serie1.ex4.FutureTest$blocking_message_multiple_send_receive$2$thread$1.invoke(BlockingMessageQueueWithFutureTest.kt:179)
	at serie1.ex4.FutureTest$blocking_message_multiple_send_receive$2$thread$1.invoke(BlockingMessageQueueWithFutureTest.kt:169)
	at kotlin.concurrent.ThreadsKt$thread$thread$1.run(Thread.kt:30)
[2022-04-22 21:59:37] [INFO] start reader 
[2022-04-22 21:59:37] [INFO] start reader 
[2022-04-22 21:59:37] [INFO] start writer 
[2022-04-22 21:59:37] [INFO] start writer 
[2022-04-22 21:59:37] [INFO] writer try send [4, 5] 
[2022-04-22 21:59:37] [INFO] writer send [4, 5] 
[2022-04-22 21:59:37] [INFO] writer try send [6] 
[2022-04-22 21:59:37] [INFO] writer send [6] 
[2022-04-22 21:59:37] [INFO] writer try send [7, 8, 9, 10] 
[2022-04-22 21:59:37] [INFO] writer send [7, 8, 9, 10] 
[2022-04-22 21:59:37] [INFO] writer try send [11, 12, 13] 
[2022-04-22 21:59:37] [INFO] start reader 
[2022-04-22 21:59:37] [INFO] start writer 
[2022-04-22 21:59:37] [INFO] writer try send [14, 15, 16, 17] 
[2022-04-22 21:59:37] [INFO] start writer 
[2022-04-22 21:59:37] [INFO] writer try send [18, 19, 20] 
[2022-04-22 21:59:37] [INFO] start writer 
[2022-04-22 21:59:37] [INFO] end writer 
[2022-04-22 21:59:37] [INFO] start writer 
[2022-04-22 21:59:37] [INFO] end writer 
[2022-04-22 21:59:37] [INFO] writer try send [1, 2, 3] 
[2022-04-22 21:59:37] [INFO] start get result 
[2022-04-22 21:59:37] [INFO] end get result 4 
[2022-04-22 21:59:37] [INFO] reader get 4 
[2022-04-22 21:59:37] [INFO] start get result 
[2022-04-22 21:59:37] [INFO] end get result 7 
[2022-04-22 21:59:37] [INFO] reader get 7 
[2022-04-22 21:59:37] [INFO] start reader 
[2022-04-22 21:59:37] [INFO] start get result 
[2022-04-22 21:59:37] [INFO] start reader 
[2022-04-22 21:59:37] [INFO] writer send [18, 19, 20] 
[2022-04-22 21:59:37] [INFO] end writer 
[2022-04-22 21:59:37] [INFO] start get result 
[2022-04-22 21:59:37] [INFO] end get result 6 
[2022-04-22 21:59:37] [INFO] start get result 
[2022-04-22 21:59:37] [INFO] end get result 9 
[2022-04-22 21:59:37] [INFO] reader get 9 
[2022-04-22 21:59:37] [INFO] start get result 
[2022-04-22 21:59:37] [INFO] end get result 10 
[2022-04-22 21:59:37] [INFO] reader get 10 
[2022-04-22 21:59:37] [INFO] start get result 
[2022-04-22 21:59:37] [INFO] end get result 19 
[2022-04-22 21:59:37] [INFO] reader get 19 
[2022-04-22 21:59:37] [INFO] start get result 
[2022-04-22 21:59:37] [INFO] writer send [1, 2, 3] 
[2022-04-22 21:59:37] [INFO] end writer 
[2022-04-22 21:59:37] [INFO] start get result 
[2022-04-22 21:59:37] [INFO] end get result 5 
[2022-04-22 21:59:37] [INFO] reader get 5 
[2022-04-22 21:59:37] [INFO] start get result 
[2022-04-22 21:59:37] [INFO] end get result 11 
[2022-04-22 21:59:37] [INFO] reader get 11 
[2022-04-22 21:59:37] [INFO] start get result 
[2022-04-22 21:59:37] [INFO] end get result 12 
[2022-04-22 21:59:37] [INFO] reader get 12 
[2022-04-22 21:59:37] [INFO] start get result 
[2022-04-22 21:59:37] [INFO] end get result 13 
[2022-04-22 21:59:37] [INFO] reader get 13 
[2022-04-22 21:59:37] [INFO] start get result 
[2022-04-22 21:59:37] [INFO] end get result 1 
[2022-04-22 21:59:37] [INFO] reader get 1 
[2022-04-22 21:59:37] [INFO] start get result 
[2022-04-22 21:59:37] [INFO] end get result 2 
[2022-04-22 21:59:37] [INFO] reader get 2 
[2022-04-22 21:59:37] [INFO] start get result 
[2022-04-22 21:59:37] [INFO] end get result 3 
[2022-04-22 21:59:37] [INFO] reader get 3 
[2022-04-22 21:59:37] [INFO] start get result 
[2022-04-22 21:59:37] [INFO] end get result 14 
[2022-04-22 21:59:37] [INFO] reader get 14 
[2022-04-22 21:59:37] [INFO] start get result 
[2022-04-22 21:59:37] [INFO] end get result 15 
[2022-04-22 21:59:37] [INFO] end get result 20 
[2022-04-22 21:59:37] [INFO] reader get 20 
[2022-04-22 21:59:37] [INFO] start get result 
[2022-04-22 21:59:37] [INFO] end get result 16 
[2022-04-22 21:59:37] [INFO] reader get 16 
[2022-04-22 21:59:37] [INFO] start get result 
[2022-04-22 21:59:37] [INFO] end get result 17 
[2022-04-22 21:59:37] [INFO] reader get 17 
[2022-04-22 21:59:37] [INFO] start get result 
[2022-04-22 21:59:37] [INFO] start get result 
[2022-04-22 21:59:37] [INFO] end get result 18 
[2022-04-22 21:59:37] [INFO] reader get 18 
[2022-04-22 21:59:37] [INFO] start get result 
[2022-04-22 21:59:37] [INFO] writer send [11, 12, 13] 
[2022-04-22 21:59:37] [INFO] end writer 
[2022-04-22 21:59:37] [INFO] reader get 6 
[2022-04-22 21:59:37] [INFO] start get result 
[2022-04-22 21:59:37] [INFO] start reader 
[2022-04-22 21:59:37] [INFO] end get result 8 
[2022-04-22 21:59:37] [INFO] reader get 8 
[2022-04-22 21:59:37] [INFO] start get result 
[2022-04-22 21:59:37] [INFO] reader get 15 
[2022-04-22 21:59:37] [INFO] start get result 
[2022-04-22 21:59:37] [INFO] writer send [14, 15, 16, 17] 
[2022-04-22 21:59:37] [INFO] end writer 
[2022-04-22 21:59:37] [INFO] start get result 
[2022-04-22 21:59:37] [INFO] start reader 
[2022-04-22 21:59:37] [INFO] start get result 
Exception in thread "Thread-62435" java.util.concurrent.TimeoutException
	at serie1.Ex4.BlockingMessageQueueFuture$MyFuture.get(BlockingMessageQueueFuture.kt:222)
	at serie1.ex4.FutureTest$blocking_message_multiple_send_receive$2$thread$1.invoke(BlockingMessageQueueWithFutureTest.kt:179)
	at serie1.ex4.FutureTest$blocking_message_multiple_send_receive$2$thread$1.invoke(BlockingMessageQueueWithFutureTest.kt:169)
	at kotlin.concurrent.ThreadsKt$thread$thread$1.run(Thread.kt:30)
Exception in thread "Thread-62438" java.util.concurrent.TimeoutException
	at serie1.Ex4.BlockingMessageQueueFuture$MyFuture.get(BlockingMessageQueueFuture.kt:222)
	at serie1.ex4.FutureTest$blocking_message_multiple_send_receive$2$thread$1.invoke(BlockingMessageQueueWithFutureTest.kt:179)
	at serie1.ex4.FutureTest$blocking_message_multiple_send_receive$2$thread$1.invoke(BlockingMessageQueueWithFutureTest.kt:169)
	at kotlin.concurrent.ThreadsKt$thread$thread$1.run(Thread.kt:30)
Exception in thread "Thread-62439" java.util.concurrent.TimeoutException
	at serie1.Ex4.BlockingMessageQueueFuture$MyFuture.get(BlockingMessageQueueFuture.kt:222)
	at serie1.ex4.FutureTest$blocking_message_multiple_send_receive$2$thread$1.invoke(BlockingMessageQueueWithFutureTest.kt:179)
	at serie1.ex4.FutureTest$blocking_message_multiple_send_receive$2$thread$1.invoke(BlockingMessageQueueWithFutureTest.kt:169)
	at kotlin.concurrent.ThreadsKt$thread$thread$1.run(Thread.kt:30)
Exception in thread "Thread-62436" java.util.concurrent.TimeoutException
	at serie1.Ex4.BlockingMessageQueueFuture$MyFuture.get(BlockingMessageQueueFuture.kt:222)
	at serie1.ex4.FutureTest$blocking_message_multiple_send_receive$2$thread$1.invoke(BlockingMessageQueueWithFutureTest.kt:179)
	at serie1.ex4.FutureTest$blocking_message_multiple_send_receive$2$thread$1.invoke(BlockingMessageQueueWithFutureTest.kt:169)
	at kotlin.concurrent.ThreadsKt$thread$thread$1.run(Thread.kt:30)
Exception in thread "Thread-62441" java.util.concurrent.TimeoutException
	at serie1.Ex4.BlockingMessageQueueFuture$MyFuture.get(BlockingMessageQueueFuture.kt:222)
	at serie1.ex4.FutureTest$blocking_message_multiple_send_receive$2$thread$1.invoke(BlockingMessageQueueWithFutureTest.kt:179)
	at serie1.ex4.FutureTest$blocking_message_multiple_send_receive$2$thread$1.invoke(BlockingMessageQueueWithFutureTest.kt:169)
	at kotlin.concurrent.ThreadsKt$thread$thread$1.run(Thread.kt:30)
Exception in thread "Thread-62437" java.util.concurrent.TimeoutException
	at serie1.Ex4.BlockingMessageQueueFuture$MyFuture.get(BlockingMessageQueueFuture.kt:222)
	at serie1.ex4.FutureTest$blocking_message_multiple_send_receive$2$thread$1.invoke(BlockingMessageQueueWithFutureTest.kt:179)
	at serie1.ex4.FutureTest$blocking_message_multiple_send_receive$2$thread$1.invoke(BlockingMessageQueueWithFutureTest.kt:169)
	at kotlin.concurrent.ThreadsKt$thread$thread$1.run(Thread.kt:30)
Exception in thread "Thread-62440" java.util.concurrent.TimeoutException
	at serie1.Ex4.BlockingMessageQueueFuture$MyFuture.get(BlockingMessageQueueFuture.kt:222)
	at serie1.ex4.FutureTest$blocking_message_multiple_send_receive$2$thread$1.invoke(BlockingMessageQueueWithFutureTest.kt:179)
	at serie1.ex4.FutureTest$blocking_message_multiple_send_receive$2$thread$1.invoke(BlockingMessageQueueWithFutureTest.kt:169)
	at kotlin.concurrent.ThreadsKt$thread$thread$1.run(Thread.kt:30)
[2022-04-22 21:59:39] [INFO] start writer 
[2022-04-22 21:59:39] [INFO] writer try send [1, 2, 3] 
[2022-04-22 21:59:39] [INFO] writer send [1, 2, 3] 
[2022-04-22 21:59:39] [INFO] start reader 
[2022-04-22 21:59:39] [INFO] start writer 
[2022-04-22 21:59:39] [INFO] writer try send [6] 
[2022-04-22 21:59:39] [INFO] writer send [6] 
[2022-04-22 21:59:39] [INFO] writer try send [7, 8, 9, 10] 
[2022-04-22 21:59:39] [INFO] writer send [7, 8, 9, 10] 
[2022-04-22 21:59:39] [INFO] writer try send [11, 12, 13] 
[2022-04-22 21:59:39] [INFO] start writer 
[2022-04-22 21:59:39] [INFO] writer try send [14, 15, 16, 17] 
[2022-04-22 21:59:39] [INFO] writer try send [4, 5] 
[2022-04-22 21:59:39] [INFO] start writer 
[2022-04-22 21:59:39] [INFO] writer try send [18, 19, 20] 
[2022-04-22 21:59:39] [INFO] start reader 
[2022-04-22 21:59:39] [INFO] start writer 
[2022-04-22 21:59:39] [INFO] end writer 
[2022-04-22 21:59:39] [INFO] start reader 
[2022-04-22 21:59:39] [INFO] start reader 
[2022-04-22 21:59:39] [INFO] start get result 
[2022-04-22 21:59:39] [INFO] start reader 
[2022-04-22 21:59:39] [INFO] start get result 
[2022-04-22 21:59:39] [INFO] end get result 1 
[2022-04-22 21:59:39] [INFO] reader get 1 
[2022-04-22 21:59:39] [INFO] start get result 
[2022-04-22 21:59:39] [INFO] writer send [11, 12, 13] 
[2022-04-22 21:59:39] [INFO] end writer 
[2022-04-22 21:59:39] [INFO] start writer 
[2022-04-22 21:59:39] [INFO] end writer 
[2022-04-22 21:59:39] [INFO] start get result 
[2022-04-22 21:59:39] [INFO] end get result 8 
[2022-04-22 21:59:39] [INFO] reader get 8 
[2022-04-22 21:59:39] [INFO] start get result 
[2022-04-22 21:59:39] [INFO] end get result 9 
[2022-04-22 21:59:39] [INFO] reader get 9 
[2022-04-22 21:59:39] [INFO] start get result 
[2022-04-22 21:59:39] [INFO] end get result 10 
[2022-04-22 21:59:39] [INFO] writer send [18, 19, 20] 
[2022-04-22 21:59:39] [INFO] end writer 
[2022-04-22 21:59:39] [INFO] end get result 7 
[2022-04-22 21:59:39] [INFO] reader get 7 
[2022-04-22 21:59:39] [INFO] start get result 
[2022-04-22 21:59:39] [INFO] end get result 4 
[2022-04-22 21:59:39] [INFO] reader get 4 
[2022-04-22 21:59:39] [INFO] start get result 
[2022-04-22 21:59:39] [INFO] end get result 5 
[2022-04-22 21:59:39] [INFO] reader get 5 
[2022-04-22 21:59:39] [INFO] start get result 
[2022-04-22 21:59:39] [INFO] end get result 11 
[2022-04-22 21:59:39] [INFO] reader get 11 
[2022-04-22 21:59:39] [INFO] start get result 
[2022-04-22 21:59:39] [INFO] writer send [14, 15, 16, 17] 
[2022-04-22 21:59:39] [INFO] end writer 
[2022-04-22 21:59:39] [INFO] start get result 
[2022-04-22 21:59:39] [INFO] end get result 6 
[2022-04-22 21:59:39] [INFO] reader get 6 
[2022-04-22 21:59:39] [INFO] start get result 
[2022-04-22 21:59:39] [INFO] end get result 13 
[2022-04-22 21:59:39] [INFO] reader get 13 
[2022-04-22 21:59:39] [INFO] start get result 
[2022-04-22 21:59:39] [INFO] end get result 18 
[2022-04-22 21:59:39] [INFO] reader get 18 
[2022-04-22 21:59:39] [INFO] start get result 
[2022-04-22 21:59:39] [INFO] end get result 19 
[2022-04-22 21:59:39] [INFO] reader get 19 
[2022-04-22 21:59:39] [INFO] start get result 
[2022-04-22 21:59:39] [INFO] end get result 20 
[2022-04-22 21:59:39] [INFO] reader get 20 
[2022-04-22 21:59:39] [INFO] start get result 
[2022-04-22 21:59:39] [INFO] end get result 14 
[2022-04-22 21:59:39] [INFO] reader get 14 
[2022-04-22 21:59:39] [INFO] start get result 
[2022-04-22 21:59:39] [INFO] end get result 15 
[2022-04-22 21:59:39] [INFO] reader get 15 
[2022-04-22 21:59:39] [INFO] start get result 
[2022-04-22 21:59:39] [INFO] end get result 16 
[2022-04-22 21:59:39] [INFO] reader get 16 
[2022-04-22 21:59:39] [INFO] start get result 
[2022-04-22 21:59:39] [INFO] end get result 17 
[2022-04-22 21:59:39] [INFO] reader get 17 
[2022-04-22 21:59:39] [INFO] start get result 
[2022-04-22 21:59:39] [INFO] start reader 
[2022-04-22 21:59:39] [INFO] writer send [4, 5] 
[2022-04-22 21:59:39] [INFO] end writer 
[2022-04-22 21:59:39] [INFO] start get result 
[2022-04-22 21:59:39] [INFO] end get result 3 
[2022-04-22 21:59:39] [INFO] reader get 3 
[2022-04-22 21:59:39] [INFO] start get result 
[2022-04-22 21:59:39] [INFO] end get result 2 
[2022-04-22 21:59:39] [INFO] reader get 2 
[2022-04-22 21:59:39] [INFO] start get result 
[2022-04-22 21:59:39] [INFO] start reader 
[2022-04-22 21:59:39] [INFO] end get result 12 
[2022-04-22 21:59:39] [INFO] reader get 12 
[2022-04-22 21:59:39] [INFO] start get result 
[2022-04-22 21:59:39] [INFO] reader get 10 
[2022-04-22 21:59:39] [INFO] start get result 
[2022-04-22 21:59:39] [INFO] start get result 
[2022-04-22 21:59:39] [INFO] start get result 
Exception in thread "Thread-62455" java.util.concurrent.TimeoutException
	at serie1.Ex4.BlockingMessageQueueFuture$MyFuture.get(BlockingMessageQueueFuture.kt:222)
	at serie1.ex4.FutureTest$blocking_message_multiple_send_receive$2$thread$1.invoke(BlockingMessageQueueWithFutureTest.kt:179)
	at serie1.ex4.FutureTest$blocking_message_multiple_send_receive$2$thread$1.invoke(BlockingMessageQueueWithFutureTest.kt:169)
	at kotlin.concurrent.ThreadsKt$thread$thread$1.run(Thread.kt:30)
Exception in thread "Thread-62449" java.util.concurrent.TimeoutException
	at serie1.Ex4.BlockingMessageQueueFuture$MyFuture.get(BlockingMessageQueueFuture.kt:222)
	at serie1.ex4.FutureTest$blocking_message_multiple_send_receive$2$thread$1.invoke(BlockingMessageQueueWithFutureTest.kt:179)
	at serie1.ex4.FutureTest$blocking_message_multiple_send_receive$2$thread$1.invoke(BlockingMessageQueueWithFutureTest.kt:169)
	at kotlin.concurrent.ThreadsKt$thread$thread$1.run(Thread.kt:30)
Exception in thread "Thread-62454" java.util.concurrent.TimeoutException
	at serie1.Ex4.BlockingMessageQueueFuture$MyFuture.get(BlockingMessageQueueFuture.kt:222)
	at serie1.ex4.FutureTest$blocking_message_multiple_send_receive$2$thread$1.invoke(BlockingMessageQueueWithFutureTest.kt:179)
	at serie1.ex4.FutureTest$blocking_message_multiple_send_receive$2$thread$1.invoke(BlockingMessageQueueWithFutureTest.kt:169)
	at kotlin.concurrent.ThreadsKt$thread$thread$1.run(Thread.kt:30)
Exception in thread "Thread-62453" java.util.concurrent.TimeoutException
	at serie1.Ex4.BlockingMessageQueueFuture$MyFuture.get(BlockingMessageQueueFuture.kt:222)
	at serie1.ex4.FutureTest$blocking_message_multiple_send_receive$2$thread$1.invoke(BlockingMessageQueueWithFutureTest.kt:179)
	at serie1.ex4.FutureTest$blocking_message_multiple_send_receive$2$thread$1.invoke(BlockingMessageQueueWithFutureTest.kt:169)
	at kotlin.concurrent.ThreadsKt$thread$thread$1.run(Thread.kt:30)
Exception in thread "Thread-62452" java.util.concurrent.TimeoutException
	at serie1.Ex4.BlockingMessageQueueFuture$MyFuture.get(BlockingMessageQueueFuture.kt:222)
	at serie1.ex4.FutureTest$blocking_message_multiple_send_receive$2$thread$1.invoke(BlockingMessageQueueWithFutureTest.kt:179)
	at serie1.ex4.FutureTest$blocking_message_multiple_send_receive$2$thread$1.invoke(BlockingMessageQueueWithFutureTest.kt:169)
	at kotlin.concurrent.ThreadsKt$thread$thread$1.run(Thread.kt:30)
Exception in thread "Thread-62450" java.util.concurrent.TimeoutException
	at serie1.Ex4.BlockingMessageQueueFuture$MyFuture.get(BlockingMessageQueueFuture.kt:222)
	at serie1.ex4.FutureTest$blocking_message_multiple_send_receive$2$thread$1.invoke(BlockingMessageQueueWithFutureTest.kt:179)
	at serie1.ex4.FutureTest$blocking_message_multiple_send_receive$2$thread$1.invoke(BlockingMessageQueueWithFutureTest.kt:169)
	at kotlin.concurrent.ThreadsKt$thread$thread$1.run(Thread.kt:30)
Exception in thread "Thread-62451" java.util.concurrent.TimeoutException
	at serie1.Ex4.BlockingMessageQueueFuture$MyFuture.get(BlockingMessageQueueFuture.kt:222)
	at serie1.ex4.FutureTest$blocking_message_multiple_send_receive$2$thread$1.invoke(BlockingMessageQueueWithFutureTest.kt:179)
	at serie1.ex4.FutureTest$blocking_message_multiple_send_receive$2$thread$1.invoke(BlockingMessageQueueWithFutureTest.kt:169)
	at kotlin.concurrent.ThreadsKt$thread$thread$1.run(Thread.kt:30)
[2022-04-22 21:59:41] [INFO] start reader 
[2022-04-22 21:59:41] [INFO] start writer 
[2022-04-22 21:59:41] [INFO] start reader 
[2022-04-22 21:59:41] [INFO] start writer 
[2022-04-22 21:59:41] [INFO] writer try send [4, 5] 
[2022-04-22 21:59:41] [INFO] writer send [4, 5] 
[2022-04-22 21:59:41] [INFO] writer try send [6] 
[2022-04-22 21:59:41] [INFO] writer send [6] 
[2022-04-22 21:59:41] [INFO] writer try send [7, 8, 9, 10] 
[2022-04-22 21:59:41] [INFO] writer send [7, 8, 9, 10] 
[2022-04-22 21:59:41] [INFO] writer try send [11, 12, 13] 
[2022-04-22 21:59:41] [INFO] writer send [11, 12, 13] 
[2022-04-22 21:59:41] [INFO] writer try send [14, 15, 16, 17] 
[2022-04-22 21:59:41] [INFO] start writer 
[2022-04-22 21:59:41] [INFO] writer try send [18, 19, 20] 
[2022-04-22 21:59:41] [INFO] start reader 
[2022-04-22 21:59:41] [INFO] start get result 
[2022-04-22 21:59:41] [INFO] start writer 
[2022-04-22 21:59:41] [INFO] end writer 
[2022-04-22 21:59:41] [INFO] writer try send [1, 2, 3] 
[2022-04-22 21:59:41] [INFO] start writer 
[2022-04-22 21:59:41] [INFO] start get result 
[2022-04-22 21:59:41] [INFO] end get result 6 
[2022-04-22 21:59:41] [INFO] reader get 6 
[2022-04-22 21:59:41] [INFO] start get result 
[2022-04-22 21:59:41] [INFO] end get result 7 
[2022-04-22 21:59:41] [INFO] reader get 7 
[2022-04-22 21:59:41] [INFO] start get result 
[2022-04-22 21:59:41] [INFO] end get result 8 
[2022-04-22 21:59:41] [INFO] reader get 8 
[2022-04-22 21:59:41] [INFO] start get result 
[2022-04-22 21:59:41] [INFO] end get result 9 
[2022-04-22 21:59:41] [INFO] reader get 9 
[2022-04-22 21:59:41] [INFO] start get result 
[2022-04-22 21:59:41] [INFO] end get result 10 
[2022-04-22 21:59:41] [INFO] reader get 10 
[2022-04-22 21:59:41] [INFO] start get result 
[2022-04-22 21:59:41] [INFO] end get result 11 
[2022-04-22 21:59:41] [INFO] reader get 11 
[2022-04-22 21:59:41] [INFO] start get result 
[2022-04-22 21:59:41] [INFO] start reader 
[2022-04-22 21:59:41] [INFO] end get result 5 
[2022-04-22 21:59:41] [INFO] reader get 5 
[2022-04-22 21:59:41] [INFO] start get result 
[2022-04-22 21:59:41] [INFO] end get result 13 
[2022-04-22 21:59:41] [INFO] reader get 13 
[2022-04-22 21:59:41] [INFO] start get result 
[2022-04-22 21:59:41] [INFO] end get result 1 
[2022-04-22 21:59:41] [INFO] reader get 1 
[2022-04-22 21:59:41] [INFO] start get result 
[2022-04-22 21:59:41] [INFO] end get result 2 
[2022-04-22 21:59:41] [INFO] writer send [14, 15, 16, 17] 
[2022-04-22 21:59:41] [INFO] end writer 
[2022-04-22 21:59:41] [INFO] start get result 
[2022-04-22 21:59:41] [INFO] end get result 3 
[2022-04-22 21:59:41] [INFO] reader get 3 
[2022-04-22 21:59:41] [INFO] start get result 
[2022-04-22 21:59:41] [INFO] end get result 18 
[2022-04-22 21:59:41] [INFO] reader get 18 
[2022-04-22 21:59:41] [INFO] start get result 
[2022-04-22 21:59:41] [INFO] end get result 19 
[2022-04-22 21:59:41] [INFO] reader get 19 
[2022-04-22 21:59:41] [INFO] start get result 
[2022-04-22 21:59:41] [INFO] end get result 20 
[2022-04-22 21:59:41] [INFO] reader get 20 
[2022-04-22 21:59:41] [INFO] start get result 
[2022-04-22 21:59:41] [INFO] start writer 
[2022-04-22 21:59:41] [INFO] end writer 
[2022-04-22 21:59:41] [INFO] start get result 
[2022-04-22 21:59:41] [INFO] end get result 4 
[2022-04-22 21:59:41] [INFO] reader get 4 
[2022-04-22 21:59:41] [INFO] start get result 
[2022-04-22 21:59:41] [INFO] end get result 15 
[2022-04-22 21:59:41] [INFO] reader get 15 
[2022-04-22 21:59:41] [INFO] start get result 
[2022-04-22 21:59:41] [INFO] end get result 16 
[2022-04-22 21:59:41] [INFO] reader get 16 
[2022-04-22 21:59:41] [INFO] start get result 
[2022-04-22 21:59:41] [INFO] end get result 17 
[2022-04-22 21:59:41] [INFO] reader get 17 
[2022-04-22 21:59:41] [INFO] start get result 
[2022-04-22 21:59:41] [INFO] end get result 14 
[2022-04-22 21:59:41] [INFO] reader get 14 
[2022-04-22 21:59:41] [INFO] start get result 
[2022-04-22 21:59:41] [INFO] reader get 2 
[2022-04-22 21:59:41] [INFO] start get result 
[2022-04-22 21:59:41] [INFO] start reader 
[2022-04-22 21:59:41] [INFO] end get result 12 
[2022-04-22 21:59:41] [INFO] start reader 
[2022-04-22 21:59:41] [INFO] writer send [18, 19, 20] 
[2022-04-22 21:59:41] [INFO] end writer 
[2022-04-22 21:59:41] [INFO] writer send [1, 2, 3] 
[2022-04-22 21:59:41] [INFO] end writer 
[2022-04-22 21:59:41] [INFO] end writer 
[2022-04-22 21:59:41] [INFO] start get result 
[2022-04-22 21:59:41] [INFO] start get result 
[2022-04-22 21:59:41] [INFO] start reader 
[2022-04-22 21:59:41] [INFO] reader get 12 
[2022-04-22 21:59:41] [INFO] start get result 
[2022-04-22 21:59:41] [INFO] start get result 
Exception in thread "Thread-62468" java.util.concurrent.TimeoutException
	at serie1.Ex4.BlockingMessageQueueFuture$MyFuture.get(BlockingMessageQueueFuture.kt:222)
	at serie1.ex4.FutureTest$blocking_message_multiple_send_receive$2$thread$1.invoke(BlockingMessageQueueWithFutureTest.kt:179)
	at serie1.ex4.FutureTest$blocking_message_multiple_send_receive$2$thread$1.invoke(BlockingMessageQueueWithFutureTest.kt:169)
	at kotlin.concurrent.ThreadsKt$thread$thread$1.run(Thread.kt:30)
Exception in thread "Thread-62467" java.util.concurrent.TimeoutException
	at serie1.Ex4.BlockingMessageQueueFuture$MyFuture.get(BlockingMessageQueueFuture.kt:222)
	at serie1.ex4.FutureTest$blocking_message_multiple_send_receive$2$thread$1.invoke(BlockingMessageQueueWithFutureTest.kt:179)
	at serie1.ex4.FutureTest$blocking_message_multiple_send_receive$2$thread$1.invoke(BlockingMessageQueueWithFutureTest.kt:169)
	at kotlin.concurrent.ThreadsKt$thread$thread$1.run(Thread.kt:30)
Exception in thread "Thread-62464" java.util.concurrent.TimeoutException
	at serie1.Ex4.BlockingMessageQueueFuture$MyFuture.get(BlockingMessageQueueFuture.kt:222)
	at serie1.ex4.FutureTest$blocking_message_multiple_send_receive$2$thread$1.invoke(BlockingMessageQueueWithFutureTest.kt:179)
	at serie1.ex4.FutureTest$blocking_message_multiple_send_receive$2$thread$1.invoke(BlockingMessageQueueWithFutureTest.kt:169)
	at kotlin.concurrent.ThreadsKt$thread$thread$1.run(Thread.kt:30)
Exception in thread "Thread-62466" java.util.concurrent.TimeoutException
	at serie1.Ex4.BlockingMessageQueueFuture$MyFuture.get(BlockingMessageQueueFuture.kt:222)
	at serie1.ex4.FutureTest$blocking_message_multiple_send_receive$2$thread$1.invoke(BlockingMessageQueueWithFutureTest.kt:179)
	at serie1.ex4.FutureTest$blocking_message_multiple_send_receive$2$thread$1.invoke(BlockingMessageQueueWithFutureTest.kt:169)
	at kotlin.concurrent.ThreadsKt$thread$thread$1.run(Thread.kt:30)
Exception in thread "Thread-62465" java.util.concurrent.TimeoutException
	at serie1.Ex4.BlockingMessageQueueFuture$MyFuture.get(BlockingMessageQueueFuture.kt:222)
	at serie1.ex4.FutureTest$blocking_message_multiple_send_receive$2$thread$1.invoke(BlockingMessageQueueWithFutureTest.kt:179)
	at serie1.ex4.FutureTest$blocking_message_multiple_send_receive$2$thread$1.invoke(BlockingMessageQueueWithFutureTest.kt:169)
	at kotlin.concurrent.ThreadsKt$thread$thread$1.run(Thread.kt:30)
Exception in thread "Thread-62469" java.util.concurrent.TimeoutException
	at serie1.Ex4.BlockingMessageQueueFuture$MyFuture.get(BlockingMessageQueueFuture.kt:222)
	at serie1.ex4.FutureTest$blocking_message_multiple_send_receive$2$thread$1.invoke(BlockingMessageQueueWithFutureTest.kt:179)
	at serie1.ex4.FutureTest$blocking_message_multiple_send_receive$2$thread$1.invoke(BlockingMessageQueueWithFutureTest.kt:169)
	at kotlin.concurrent.ThreadsKt$thread$thread$1.run(Thread.kt:30)
Exception in thread "Thread-62463" java.util.concurrent.TimeoutException
	at serie1.Ex4.BlockingMessageQueueFuture$MyFuture.get(BlockingMessageQueueFuture.kt:222)
	at serie1.ex4.FutureTest$blocking_message_multiple_send_receive$2$thread$1.invoke(BlockingMessageQueueWithFutureTest.kt:179)
	at serie1.ex4.FutureTest$blocking_message_multiple_send_receive$2$thread$1.invoke(BlockingMessageQueueWithFutureTest.kt:169)
	at kotlin.concurrent.ThreadsKt$thread$thread$1.run(Thread.kt:30)
[2022-04-22 21:59:43] [INFO] start writer 
[2022-04-22 21:59:43] [INFO] writer try send [1, 2, 3] 
[2022-04-22 21:59:43] [INFO] writer send [1, 2, 3] 
[2022-04-22 21:59:43] [INFO] writer try send [4, 5] 
[2022-04-22 21:59:43] [INFO] start writer 
[2022-04-22 21:59:43] [INFO] writer try send [6] 
[2022-04-22 21:59:43] [INFO] writer send [6] 
[2022-04-22 21:59:43] [INFO] writer try send [7, 8, 9, 10] 
[2022-04-22 21:59:43] [INFO] writer send [7, 8, 9, 10] 
[2022-04-22 21:59:43] [INFO] writer try send [11, 12, 13] 
[2022-04-22 21:59:43] [INFO] start reader 
[2022-04-22 21:59:43] [INFO] start writer 
[2022-04-22 21:59:43] [INFO] writer try send [14, 15, 16, 17] 
[2022-04-22 21:59:43] [INFO] start writer 
[2022-04-22 21:59:43] [INFO] writer try send [18, 19, 20] 
[2022-04-22 21:59:43] [INFO] start writer 
[2022-04-22 21:59:43] [INFO] end writer 
[2022-04-22 21:59:43] [INFO] writer send [4, 5] 
[2022-04-22 21:59:43] [INFO] end writer 
[2022-04-22 21:59:43] [INFO] start get result 
[2022-04-22 21:59:43] [INFO] end get result 1 
[2022-04-22 21:59:43] [INFO] reader get 1 
[2022-04-22 21:59:43] [INFO] start get result 
[2022-04-22 21:59:43] [INFO] end get result 2 
[2022-04-22 21:59:43] [INFO] reader get 2 
[2022-04-22 21:59:43] [INFO] start get result 
[2022-04-22 21:59:43] [INFO] end get result 3 
[2022-04-22 21:59:43] [INFO] reader get 3 
[2022-04-22 21:59:43] [INFO] writer send [18, 19, 20] 
[2022-04-22 21:59:43] [INFO] end writer 
[2022-04-22 21:59:43] [INFO] start writer 
[2022-04-22 21:59:43] [INFO] end writer 
[2022-04-22 21:59:43] [INFO] start reader 
[2022-04-22 21:59:43] [INFO] start get result 
[2022-04-22 21:59:43] [INFO] end get result 4 
[2022-04-22 21:59:43] [INFO] reader get 4 
[2022-04-22 21:59:43] [INFO] start get result 
[2022-04-22 21:59:43] [INFO] end get result 5 
[2022-04-22 21:59:43] [INFO] start reader 
[2022-04-22 21:59:43] [INFO] reader get 5 
[2022-04-22 21:59:43] [INFO] start get result 
[2022-04-22 21:59:43] [INFO] writer send [11, 12, 13] 
[2022-04-22 21:59:43] [INFO] end writer 
[2022-04-22 21:59:43] [INFO] start reader 
[2022-04-22 21:59:43] [INFO] start get result 
[2022-04-22 21:59:43] [INFO] end get result 7 
[2022-04-22 21:59:43] [INFO] reader get 7 
[2022-04-22 21:59:43] [INFO] end get result 6 
[2022-04-22 21:59:43] [INFO] reader get 6 
[2022-04-22 21:59:43] [INFO] start get result 
[2022-04-22 21:59:43] [INFO] end get result 10 
[2022-04-22 21:59:43] [INFO] reader get 10 
[2022-04-22 21:59:43] [INFO] start get result 
[2022-04-22 21:59:43] [INFO] end get result 19 
[2022-04-22 21:59:43] [INFO] reader get 19 
[2022-04-22 21:59:43] [INFO] start get result 
[2022-04-22 21:59:43] [INFO] end get result 20 
[2022-04-22 21:59:43] [INFO] reader get 20 
[2022-04-22 21:59:43] [INFO] start get result 
[2022-04-22 21:59:43] [INFO] end get result 11 
[2022-04-22 21:59:43] [INFO] reader get 11 
[2022-04-22 21:59:43] [INFO] start get result 
[2022-04-22 21:59:43] [INFO] end get result 12 
[2022-04-22 21:59:43] [INFO] reader get 12 
[2022-04-22 21:59:43] [INFO] start get result 
[2022-04-22 21:59:43] [INFO] end get result 13 
[2022-04-22 21:59:43] [INFO] reader get 13 
[2022-04-22 21:59:43] [INFO] start get result 
[2022-04-22 21:59:43] [INFO] end get result 14 
[2022-04-22 21:59:43] [INFO] reader get 14 
[2022-04-22 21:59:43] [INFO] start get result 
[2022-04-22 21:59:43] [INFO] end get result 15 
[2022-04-22 21:59:43] [INFO] reader get 15 
[2022-04-22 21:59:43] [INFO] start get result 
[2022-04-22 21:59:43] [INFO] end get result 16 
[2022-04-22 21:59:43] [INFO] reader get 16 
[2022-04-22 21:59:43] [INFO] start get result 
[2022-04-22 21:59:43] [INFO] end get result 17 
[2022-04-22 21:59:43] [INFO] reader get 17 
[2022-04-22 21:59:43] [INFO] start get result 
[2022-04-22 21:59:43] [INFO] start get result 
[2022-04-22 21:59:43] [INFO] end get result 9 
[2022-04-22 21:59:43] [INFO] reader get 9 
[2022-04-22 21:59:43] [INFO] start get result 
[2022-04-22 21:59:43] [INFO] start reader 
[2022-04-22 21:59:43] [INFO] start get result 
[2022-04-22 21:59:43] [INFO] end get result 8 
[2022-04-22 21:59:43] [INFO] start reader 
[2022-04-22 21:59:43] [INFO] start reader 
[2022-04-22 21:59:43] [INFO] start get result 
[2022-04-22 21:59:43] [INFO] end get result 18 
[2022-04-22 21:59:43] [INFO] writer send [14, 15, 16, 17] 
[2022-04-22 21:59:43] [INFO] end writer 
[2022-04-22 21:59:43] [INFO] start get result 
[2022-04-22 21:59:43] [INFO] reader get 18 
[2022-04-22 21:59:43] [INFO] start get result 
[2022-04-22 21:59:43] [INFO] start get result 
[2022-04-22 21:59:43] [INFO] reader get 8 
[2022-04-22 21:59:43] [INFO] start get result 
[2022-04-22 21:59:43] [INFO] start get result 
Exception in thread "Thread-62480" java.util.concurrent.TimeoutException
	at serie1.Ex4.BlockingMessageQueueFuture$MyFuture.get(BlockingMessageQueueFuture.kt:222)
	at serie1.ex4.FutureTest$blocking_message_multiple_send_receive$2$thread$1.invoke(BlockingMessageQueueWithFutureTest.kt:179)
	at serie1.ex4.FutureTest$blocking_message_multiple_send_receive$2$thread$1.invoke(BlockingMessageQueueWithFutureTest.kt:169)
	at kotlin.concurrent.ThreadsKt$thread$thread$1.run(Thread.kt:30)
Exception in thread "Thread-62478" java.util.concurrent.TimeoutException
	at serie1.Ex4.BlockingMessageQueueFuture$MyFuture.get(BlockingMessageQueueFuture.kt:222)
	at serie1.ex4.FutureTest$blocking_message_multiple_send_receive$2$thread$1.invoke(BlockingMessageQueueWithFutureTest.kt:179)
	at serie1.ex4.FutureTest$blocking_message_multiple_send_receive$2$thread$1.invoke(BlockingMessageQueueWithFutureTest.kt:169)
	at kotlin.concurrent.ThreadsKt$thread$thread$1.run(Thread.kt:30)
Exception in thread "Thread-62479" java.util.concurrent.TimeoutException
	at serie1.Ex4.BlockingMessageQueueFuture$MyFuture.get(BlockingMessageQueueFuture.kt:222)
	at serie1.ex4.FutureTest$blocking_message_multiple_send_receive$2$thread$1.invoke(BlockingMessageQueueWithFutureTest.kt:179)
	at serie1.ex4.FutureTest$blocking_message_multiple_send_receive$2$thread$1.invoke(BlockingMessageQueueWithFutureTest.kt:169)
	at kotlin.concurrent.ThreadsKt$thread$thread$1.run(Thread.kt:30)
Exception in thread "Thread-62482" java.util.concurrent.TimeoutException
	at serie1.Ex4.BlockingMessageQueueFuture$MyFuture.get(BlockingMessageQueueFuture.kt:222)
	at serie1.ex4.FutureTest$blocking_message_multiple_send_receive$2$thread$1.invoke(BlockingMessageQueueWithFutureTest.kt:179)
	at serie1.ex4.FutureTest$blocking_message_multiple_send_receive$2$thread$1.invoke(BlockingMessageQueueWithFutureTest.kt:169)
	at kotlin.concurrent.ThreadsKt$thread$thread$1.run(Thread.kt:30)
Exception in thread "Thread-62477" java.util.concurrent.TimeoutException
	at serie1.Ex4.BlockingMessageQueueFuture$MyFuture.get(BlockingMessageQueueFuture.kt:222)
	at serie1.ex4.FutureTest$blocking_message_multiple_send_receive$2$thread$1.invoke(BlockingMessageQueueWithFutureTest.kt:179)
	at serie1.ex4.FutureTest$blocking_message_multiple_send_receive$2$thread$1.invoke(BlockingMessageQueueWithFutureTest.kt:169)
	at kotlin.concurrent.ThreadsKt$thread$thread$1.run(Thread.kt:30)
Exception in thread "Thread-62481" java.util.concurrent.TimeoutException
	at serie1.Ex4.BlockingMessageQueueFuture$MyFuture.get(BlockingMessageQueueFuture.kt:222)
	at serie1.ex4.FutureTest$blocking_message_multiple_send_receive$2$thread$1.invoke(BlockingMessageQueueWithFutureTest.kt:179)
	at serie1.ex4.FutureTest$blocking_message_multiple_send_receive$2$thread$1.invoke(BlockingMessageQueueWithFutureTest.kt:169)
	at kotlin.concurrent.ThreadsKt$thread$thread$1.run(Thread.kt:30)
Exception in thread "Thread-62483" java.util.concurrent.TimeoutException
	at serie1.Ex4.BlockingMessageQueueFuture$MyFuture.get(BlockingMessageQueueFuture.kt:222)
	at serie1.ex4.FutureTest$blocking_message_multiple_send_receive$2$thread$1.invoke(BlockingMessageQueueWithFutureTest.kt:179)
	at serie1.ex4.FutureTest$blocking_message_multiple_send_receive$2$thread$1.invoke(BlockingMessageQueueWithFutureTest.kt:169)
	at kotlin.concurrent.ThreadsKt$thread$thread$1.run(Thread.kt:30)
[2022-04-22 21:59:45] [INFO] start writer 
[2022-04-22 21:59:45] [INFO] writer try send [1, 2, 3] 
[2022-04-22 21:59:45] [INFO] start writer 
[2022-04-22 21:59:45] [INFO] writer try send [4, 5] 
[2022-04-22 21:59:45] [INFO] writer send [4, 5] 
[2022-04-22 21:59:45] [INFO] writer try send [6] 
[2022-04-22 21:59:45] [INFO] start reader 
[2022-04-22 21:59:45] [INFO] start writer 
[2022-04-22 21:59:45] [INFO] writer try send [7, 8, 9, 10] 
[2022-04-22 21:59:45] [INFO] start reader 
[2022-04-22 21:59:45] [INFO] start writer 
[2022-04-22 21:59:45] [INFO] writer try send [11, 12, 13] 
[2022-04-22 21:59:45] [INFO] writer send [1, 2, 3] 
[2022-04-22 21:59:45] [INFO] start get result 
[2022-04-22 21:59:45] [INFO] end get result 1 
[2022-04-22 21:59:45] [INFO] reader get 1 
[2022-04-22 21:59:45] [INFO] start get result 
[2022-04-22 21:59:45] [INFO] end get result 2 
[2022-04-22 21:59:45] [INFO] start get result 
[2022-04-22 21:59:45] [INFO] end get result 3 
[2022-04-22 21:59:45] [INFO] reader get 3 
[2022-04-22 21:59:45] [INFO] start get result 
[2022-04-22 21:59:45] [INFO] end get result 4 
[2022-04-22 21:59:45] [INFO] reader get 4 
[2022-04-22 21:59:45] [INFO] start get result 
[2022-04-22 21:59:45] [INFO] end get result 5 
[2022-04-22 21:59:45] [INFO] reader get 5 
[2022-04-22 21:59:45] [INFO] start get result 
[2022-04-22 21:59:45] [INFO] end get result 6 
[2022-04-22 21:59:45] [INFO] reader get 6 
[2022-04-22 21:59:45] [INFO] start get result 
[2022-04-22 21:59:45] [INFO] end get result 11 
[2022-04-22 21:59:45] [INFO] start reader 
[2022-04-22 21:59:45] [INFO] start writer 
[2022-04-22 21:59:45] [INFO] writer try send [18, 19, 20] 
[2022-04-22 21:59:45] [INFO] writer send [18, 19, 20] 
[2022-04-22 21:59:45] [INFO] end writer 
[2022-04-22 21:59:45] [INFO] start writer 
[2022-04-22 21:59:45] [INFO] end writer 
[2022-04-22 21:59:45] [INFO] start writer 
[2022-04-22 21:59:45] [INFO] end writer 
[2022-04-22 21:59:45] [INFO] start reader 
[2022-04-22 21:59:45] [INFO] reader get 11 
[2022-04-22 21:59:45] [INFO] start get result 
[2022-04-22 21:59:45] [INFO] writer send [11, 12, 13] 
[2022-04-22 21:59:45] [INFO] end writer 
[2022-04-22 21:59:45] [INFO] reader get 2 
[2022-04-22 21:59:45] [INFO] start get result 
[2022-04-22 21:59:45] [INFO] end get result 18 
[2022-04-22 21:59:45] [INFO] writer send [6] 
[2022-04-22 21:59:45] [INFO] end writer 
[2022-04-22 21:59:45] [INFO] writer try send [14, 15, 16, 17] 
[2022-04-22 21:59:45] [INFO] writer send [7, 8, 9, 10] 
[2022-04-22 21:59:45] [INFO] end writer 
[2022-04-22 21:59:45] [INFO] start get result 
[2022-04-22 21:59:45] [INFO] end get result 19 
[2022-04-22 21:59:45] [INFO] reader get 19 
[2022-04-22 21:59:45] [INFO] start get result 
[2022-04-22 21:59:45] [INFO] end get result 20 
[2022-04-22 21:59:45] [INFO] reader get 20 
[2022-04-22 21:59:45] [INFO] start get result 
[2022-04-22 21:59:45] [INFO] end get result 7 
[2022-04-22 21:59:45] [INFO] reader get 7 
[2022-04-22 21:59:45] [INFO] start get result 
[2022-04-22 21:59:45] [INFO] end get result 8 
[2022-04-22 21:59:45] [INFO] reader get 8 
[2022-04-22 21:59:45] [INFO] start get result 
[2022-04-22 21:59:45] [INFO] end get result 9 
[2022-04-22 21:59:45] [INFO] reader get 9 
[2022-04-22 21:59:45] [INFO] start get result 
[2022-04-22 21:59:45] [INFO] end get result 10 
[2022-04-22 21:59:45] [INFO] reader get 10 
[2022-04-22 21:59:45] [INFO] start get result 
[2022-04-22 21:59:45] [INFO] end get result 14 
[2022-04-22 21:59:45] [INFO] reader get 14 
[2022-04-22 21:59:45] [INFO] start get result 
[2022-04-22 21:59:45] [INFO] end get result 15 
[2022-04-22 21:59:45] [INFO] reader get 15 
[2022-04-22 21:59:45] [INFO] start get result 
[2022-04-22 21:59:45] [INFO] end get result 16 
[2022-04-22 21:59:45] [INFO] reader get 16 
[2022-04-22 21:59:45] [INFO] start get result 
[2022-04-22 21:59:45] [INFO] end get result 17 
[2022-04-22 21:59:45] [INFO] reader get 17 
[2022-04-22 21:59:45] [INFO] start get result 
[2022-04-22 21:59:45] [INFO] reader get 18 
[2022-04-22 21:59:45] [INFO] start get result 
[2022-04-22 21:59:45] [INFO] start reader 
[2022-04-22 21:59:45] [INFO] end get result 13 
[2022-04-22 21:59:45] [INFO] reader get 13 
[2022-04-22 21:59:45] [INFO] start get result 
[2022-04-22 21:59:45] [INFO] start get result 
[2022-04-22 21:59:45] [INFO] start reader 
[2022-04-22 21:59:45] [INFO] writer send [14, 15, 16, 17] 
[2022-04-22 21:59:45] [INFO] start reader 
[2022-04-22 21:59:45] [INFO] end get result 12 
[2022-04-22 21:59:45] [INFO] reader get 12 
[2022-04-22 21:59:45] [INFO] start get result 
[2022-04-22 21:59:45] [INFO] start get result 
[2022-04-22 21:59:45] [INFO] end writer 
[2022-04-22 21:59:45] [INFO] start get result 
[2022-04-22 21:59:45] [INFO] start get result 
Exception in thread "Thread-62497" java.util.concurrent.TimeoutException
	at serie1.Ex4.BlockingMessageQueueFuture$MyFuture.get(BlockingMessageQueueFuture.kt:222)
	at serie1.ex4.FutureTest$blocking_message_multiple_send_receive$2$thread$1.invoke(BlockingMessageQueueWithFutureTest.kt:179)
	at serie1.ex4.FutureTest$blocking_message_multiple_send_receive$2$thread$1.invoke(BlockingMessageQueueWithFutureTest.kt:169)
	at kotlin.concurrent.ThreadsKt$thread$thread$1.run(Thread.kt:30)
Exception in thread "Thread-62496" java.util.concurrent.TimeoutException
	at serie1.Ex4.BlockingMessageQueueFuture$MyFuture.get(BlockingMessageQueueFuture.kt:222)
	at serie1.ex4.FutureTest$blocking_message_multiple_send_receive$2$thread$1.invoke(BlockingMessageQueueWithFutureTest.kt:179)
	at serie1.ex4.FutureTest$blocking_message_multiple_send_receive$2$thread$1.invoke(BlockingMessageQueueWithFutureTest.kt:169)
	at kotlin.concurrent.ThreadsKt$thread$thread$1.run(Thread.kt:30)
Exception in thread "Thread-62495" java.util.concurrent.TimeoutException
	at serie1.Ex4.BlockingMessageQueueFuture$MyFuture.get(BlockingMessageQueueFuture.kt:222)
	at serie1.ex4.FutureTest$blocking_message_multiple_send_receive$2$thread$1.invoke(BlockingMessageQueueWithFutureTest.kt:179)
	at serie1.ex4.FutureTest$blocking_message_multiple_send_receive$2$thread$1.invoke(BlockingMessageQueueWithFutureTest.kt:169)
	at kotlin.concurrent.ThreadsKt$thread$thread$1.run(Thread.kt:30)
Exception in thread "Thread-62492" java.util.concurrent.TimeoutException
	at serie1.Ex4.BlockingMessageQueueFuture$MyFuture.get(BlockingMessageQueueFuture.kt:222)
	at serie1.ex4.FutureTest$blocking_message_multiple_send_receive$2$thread$1.invoke(BlockingMessageQueueWithFutureTest.kt:179)
	at serie1.ex4.FutureTest$blocking_message_multiple_send_receive$2$thread$1.invoke(BlockingMessageQueueWithFutureTest.kt:169)
	at kotlin.concurrent.ThreadsKt$thread$thread$1.run(Thread.kt:30)
Exception in thread "Thread-62494" java.util.concurrent.TimeoutException
	at serie1.Ex4.BlockingMessageQueueFuture$MyFuture.get(BlockingMessageQueueFuture.kt:222)
	at serie1.ex4.FutureTest$blocking_message_multiple_send_receive$2$thread$1.invoke(BlockingMessageQueueWithFutureTest.kt:179)
	at serie1.ex4.FutureTest$blocking_message_multiple_send_receive$2$thread$1.invoke(BlockingMessageQueueWithFutureTest.kt:169)
	at kotlin.concurrent.ThreadsKt$thread$thread$1.run(Thread.kt:30)
Exception in thread "Thread-62498" java.util.concurrent.TimeoutException
	at serie1.Ex4.BlockingMessageQueueFuture$MyFuture.get(BlockingMessageQueueFuture.kt:222)
	at serie1.ex4.FutureTest$blocking_message_multiple_send_receive$2$thread$1.invoke(BlockingMessageQueueWithFutureTest.kt:179)
	at serie1.ex4.FutureTest$blocking_message_multiple_send_receive$2$thread$1.invoke(BlockingMessageQueueWithFutureTest.kt:169)
	at kotlin.concurrent.ThreadsKt$thread$thread$1.run(Thread.kt:30)
Exception in thread "Thread-62493" java.util.concurrent.TimeoutException
	at serie1.Ex4.BlockingMessageQueueFuture$MyFuture.get(BlockingMessageQueueFuture.kt:222)
	at serie1.ex4.FutureTest$blocking_message_multiple_send_receive$2$thread$1.invoke(BlockingMessageQueueWithFutureTest.kt:179)
	at serie1.ex4.FutureTest$blocking_message_multiple_send_receive$2$thread$1.invoke(BlockingMessageQueueWithFutureTest.kt:169)
	at kotlin.concurrent.ThreadsKt$thread$thread$1.run(Thread.kt:30)
[2022-04-22 21:59:48] [INFO] start writer 
[2022-04-22 21:59:48] [INFO] writer try send [1, 2, 3] 
[2022-04-22 21:59:48] [INFO] writer send [1, 2, 3] 
[2022-04-22 21:59:48] [INFO] writer try send [4, 5] 
[2022-04-22 21:59:48] [INFO] writer send [4, 5] 
[2022-04-22 21:59:48] [INFO] writer try send [6] 
[2022-04-22 21:59:48] [INFO] writer send [6] 
[2022-04-22 21:59:48] [INFO] writer try send [7, 8, 9, 10] 
[2022-04-22 21:59:48] [INFO] start writer 
[2022-04-22 21:59:48] [INFO] writer try send [11, 12, 13] 
[2022-04-22 21:59:48] [INFO] start reader 
[2022-04-22 21:59:48] [INFO] start writer 
[2022-04-22 21:59:48] [INFO] writer try send [14, 15, 16, 17] 
[2022-04-22 21:59:48] [INFO] start writer 
[2022-04-22 21:59:48] [INFO] writer try send [18, 19, 20] 
[2022-04-22 21:59:48] [INFO] start writer 
[2022-04-22 21:59:48] [INFO] end writer 
[2022-04-22 21:59:48] [INFO] start writer 
[2022-04-22 21:59:48] [INFO] end writer 
[2022-04-22 21:59:48] [INFO] start reader 
[2022-04-22 21:59:48] [INFO] start writer 
[2022-04-22 21:59:48] [INFO] end writer 
[2022-04-22 21:59:48] [INFO] start reader 
[2022-04-22 21:59:48] [INFO] start get result 
[2022-04-22 21:59:48] [INFO] start reader 
[2022-04-22 21:59:48] [INFO] start get result 
[2022-04-22 21:59:48] [INFO] end get result 2 
[2022-04-22 21:59:48] [INFO] reader get 2 
[2022-04-22 21:59:48] [INFO] start get result 
[2022-04-22 21:59:48] [INFO] end get result 3 
[2022-04-22 21:59:48] [INFO] reader get 3 
[2022-04-22 21:59:48] [INFO] start get result 
[2022-04-22 21:59:48] [INFO] end get result 4 
[2022-04-22 21:59:48] [INFO] reader get 4 
[2022-04-22 21:59:48] [INFO] start get result 
[2022-04-22 21:59:48] [INFO] end get result 6 
[2022-04-22 21:59:48] [INFO] reader get 6 
[2022-04-22 21:59:48] [INFO] start get result 
[2022-04-22 21:59:48] [INFO] end get result 1 
[2022-04-22 21:59:48] [INFO] reader get 1 
[2022-04-22 21:59:48] [INFO] start get result 
[2022-04-22 21:59:48] [INFO] end get result 16 
[2022-04-22 21:59:48] [INFO] reader get 16 
[2022-04-22 21:59:48] [INFO] start get result 
[2022-04-22 21:59:48] [INFO] end get result 17 
[2022-04-22 21:59:48] [INFO] reader get 17 
[2022-04-22 21:59:48] [INFO] start get result 
[2022-04-22 21:59:48] [INFO] end get result 18 
[2022-04-22 21:59:48] [INFO] reader get 18 
[2022-04-22 21:59:48] [INFO] start get result 
[2022-04-22 21:59:48] [INFO] end get result 19 
[2022-04-22 21:59:48] [INFO] reader get 19 
[2022-04-22 21:59:48] [INFO] start get result 
[2022-04-22 21:59:48] [INFO] end get result 20 
[2022-04-22 21:59:48] [INFO] start get result 
[2022-04-22 21:59:48] [INFO] end get result 15 
[2022-04-22 21:59:48] [INFO] reader get 15 
[2022-04-22 21:59:48] [INFO] start get result 
[2022-04-22 21:59:48] [INFO] end get result 11 
[2022-04-22 21:59:48] [INFO] reader get 11 
[2022-04-22 21:59:48] [INFO] start get result 
[2022-04-22 21:59:48] [INFO] writer send [18, 19, 20] 
[2022-04-22 21:59:48] [INFO] end writer 
[2022-04-22 21:59:48] [INFO] end get result 14 
[2022-04-22 21:59:48] [INFO] reader get 14 
[2022-04-22 21:59:48] [INFO] start get result 
[2022-04-22 21:59:48] [INFO] end get result 13 
[2022-04-22 21:59:48] [INFO] reader get 13 
[2022-04-22 21:59:48] [INFO] start get result 
[2022-04-22 21:59:48] [INFO] end get result 7 
[2022-04-22 21:59:48] [INFO] reader get 7 
[2022-04-22 21:59:48] [INFO] start get result 
[2022-04-22 21:59:48] [INFO] end get result 8 
[2022-04-22 21:59:48] [INFO] reader get 8 
[2022-04-22 21:59:48] [INFO] start get result 
[2022-04-22 21:59:48] [INFO] end get result 9 
[2022-04-22 21:59:48] [INFO] reader get 9 
[2022-04-22 21:59:48] [INFO] start get result 
[2022-04-22 21:59:48] [INFO] end get result 10 
[2022-04-22 21:59:48] [INFO] reader get 10 
[2022-04-22 21:59:48] [INFO] start get result 
[2022-04-22 21:59:48] [INFO] start get result 
[2022-04-22 21:59:48] [INFO] end get result 5 
[2022-04-22 21:59:48] [INFO] reader get 5 
[2022-04-22 21:59:48] [INFO] start get result 
[2022-04-22 21:59:48] [INFO] writer send [14, 15, 16, 17] 
[2022-04-22 21:59:48] [INFO] end writer 
[2022-04-22 21:59:48] [INFO] start reader 
[2022-04-22 21:59:48] [INFO] end get result 12 
[2022-04-22 21:59:48] [INFO] reader get 12 
[2022-04-22 21:59:48] [INFO] start get result 
[2022-04-22 21:59:48] [INFO] writer send [7, 8, 9, 10] 
[2022-04-22 21:59:48] [INFO] end writer 
[2022-04-22 21:59:48] [INFO] reader get 20 
[2022-04-22 21:59:48] [INFO] start get result 
[2022-04-22 21:59:48] [INFO] writer send [11, 12, 13] 
[2022-04-22 21:59:48] [INFO] start get result 
[2022-04-22 21:59:48] [INFO] start reader 
[2022-04-22 21:59:48] [INFO] end writer 
[2022-04-22 21:59:48] [INFO] start reader 
[2022-04-22 21:59:48] [INFO] start get result 
[2022-04-22 21:59:48] [INFO] start get result 
Exception in thread "Thread-62512" java.util.concurrent.TimeoutException
	at serie1.Ex4.BlockingMessageQueueFuture$MyFuture.get(BlockingMessageQueueFuture.kt:222)
	at serie1.ex4.FutureTest$blocking_message_multiple_send_receive$2$thread$1.invoke(BlockingMessageQueueWithFutureTest.kt:179)
	at serie1.ex4.FutureTest$blocking_message_multiple_send_receive$2$thread$1.invoke(BlockingMessageQueueWithFutureTest.kt:169)
	at kotlin.concurrent.ThreadsKt$thread$thread$1.run(Thread.kt:30)
Exception in thread "Thread-62509" java.util.concurrent.TimeoutException
	at serie1.Ex4.BlockingMessageQueueFuture$MyFuture.get(BlockingMessageQueueFuture.kt:222)
	at serie1.ex4.FutureTest$blocking_message_multiple_send_receive$2$thread$1.invoke(BlockingMessageQueueWithFutureTest.kt:179)
	at serie1.ex4.FutureTest$blocking_message_multiple_send_receive$2$thread$1.invoke(BlockingMessageQueueWithFutureTest.kt:169)
	at kotlin.concurrent.ThreadsKt$thread$thread$1.run(Thread.kt:30)
Exception in thread "Thread-62508" java.util.concurrent.TimeoutException
	at serie1.Ex4.BlockingMessageQueueFuture$MyFuture.get(BlockingMessageQueueFuture.kt:222)
	at serie1.ex4.FutureTest$blocking_message_multiple_send_receive$2$thread$1.invoke(BlockingMessageQueueWithFutureTest.kt:179)
	at serie1.ex4.FutureTest$blocking_message_multiple_send_receive$2$thread$1.invoke(BlockingMessageQueueWithFutureTest.kt:169)
	at kotlin.concurrent.ThreadsKt$thread$thread$1.run(Thread.kt:30)
Exception in thread "Thread-62507" java.util.concurrent.TimeoutException
	at serie1.Ex4.BlockingMessageQueueFuture$MyFuture.get(BlockingMessageQueueFuture.kt:222)
	at serie1.ex4.FutureTest$blocking_message_multiple_send_receive$2$thread$1.invoke(BlockingMessageQueueWithFutureTest.kt:179)
	at serie1.ex4.FutureTest$blocking_message_multiple_send_receive$2$thread$1.invoke(BlockingMessageQueueWithFutureTest.kt:169)
	at kotlin.concurrent.ThreadsKt$thread$thread$1.run(Thread.kt:30)
Exception in thread "Thread-62510" java.util.concurrent.TimeoutException
	at serie1.Ex4.BlockingMessageQueueFuture$MyFuture.get(BlockingMessageQueueFuture.kt:222)
	at serie1.ex4.FutureTest$blocking_message_multiple_send_receive$2$thread$1.invoke(BlockingMessageQueueWithFutureTest.kt:179)
	at serie1.ex4.FutureTest$blocking_message_multiple_send_receive$2$thread$1.invoke(BlockingMessageQueueWithFutureTest.kt:169)
	at kotlin.concurrent.ThreadsKt$thread$thread$1.run(Thread.kt:30)
Exception in thread "Thread-62513" java.util.concurrent.TimeoutException
	at serie1.Ex4.BlockingMessageQueueFuture$MyFuture.get(BlockingMessageQueueFuture.kt:222)
	at serie1.ex4.FutureTest$blocking_message_multiple_send_receive$2$thread$1.invoke(BlockingMessageQueueWithFutureTest.kt:179)
	at serie1.ex4.FutureTest$blocking_message_multiple_send_receive$2$thread$1.invoke(BlockingMessageQueueWithFutureTest.kt:169)
	at kotlin.concurrent.ThreadsKt$thread$thread$1.run(Thread.kt:30)
Exception in thread "Thread-62511" java.util.concurrent.TimeoutException
	at serie1.Ex4.BlockingMessageQueueFuture$MyFuture.get(BlockingMessageQueueFuture.kt:222)
	at serie1.ex4.FutureTest$blocking_message_multiple_send_receive$2$thread$1.invoke(BlockingMessageQueueWithFutureTest.kt:179)
	at serie1.ex4.FutureTest$blocking_message_multiple_send_receive$2$thread$1.invoke(BlockingMessageQueueWithFutureTest.kt:169)
	at kotlin.concurrent.ThreadsKt$thread$thread$1.run(Thread.kt:30)
[2022-04-22 21:59:50] [INFO] start writer 
[2022-04-22 21:59:50] [INFO] start writer 
[2022-04-22 21:59:50] [INFO] writer try send [4, 5] 
[2022-04-22 21:59:50] [INFO] writer send [4, 5] 
[2022-04-22 21:59:50] [INFO] writer try send [6] 
[2022-04-22 21:59:50] [INFO] writer send [6] 
[2022-04-22 21:59:50] [INFO] writer try send [7, 8, 9, 10] 
[2022-04-22 21:59:50] [INFO] writer send [7, 8, 9, 10] 
[2022-04-22 21:59:50] [INFO] start writer 
[2022-04-22 21:59:50] [INFO] writer try send [14, 15, 16, 17] 
[2022-04-22 21:59:50] [INFO] start writer 
[2022-04-22 21:59:50] [INFO] writer try send [18, 19, 20] 
[2022-04-22 21:59:50] [INFO] start writer 
[2022-04-22 21:59:50] [INFO] end writer 
[2022-04-22 21:59:50] [INFO] start reader 
[2022-04-22 21:59:50] [INFO] writer try send [11, 12, 13] 
[2022-04-22 21:59:50] [INFO] start reader 
[2022-04-22 21:59:50] [INFO] start writer 
[2022-04-22 21:59:50] [INFO] end writer 
[2022-04-22 21:59:50] [INFO] start writer 
[2022-04-22 21:59:50] [INFO] end writer 
[2022-04-22 21:59:50] [INFO] writer try send [1, 2, 3] 
[2022-04-22 21:59:50] [INFO] start get result 
[2022-04-22 21:59:50] [INFO] end get result 5 
[2022-04-22 21:59:50] [INFO] reader get 5 
[2022-04-22 21:59:50] [INFO] start get result 
[2022-04-22 21:59:50] [INFO] end get result 6 
[2022-04-22 21:59:50] [INFO] reader get 6 
[2022-04-22 21:59:50] [INFO] start get result 
[2022-04-22 21:59:50] [INFO] end get result 7 
[2022-04-22 21:59:50] [INFO] reader get 7 
[2022-04-22 21:59:50] [INFO] start get result 
[2022-04-22 21:59:50] [INFO] end get result 8 
[2022-04-22 21:59:50] [INFO] reader get 8 
[2022-04-22 21:59:50] [INFO] start get result 
[2022-04-22 21:59:50] [INFO] end get result 9 
[2022-04-22 21:59:50] [INFO] reader get 9 
[2022-04-22 21:59:50] [INFO] start get result 
[2022-04-22 21:59:50] [INFO] end get result 10 
[2022-04-22 21:59:50] [INFO] start get result 
[2022-04-22 21:59:50] [INFO] end get result 4 
[2022-04-22 21:59:50] [INFO] reader get 4 
[2022-04-22 21:59:50] [INFO] start get result 
[2022-04-22 21:59:50] [INFO] end get result 11 
[2022-04-22 21:59:50] [INFO] reader get 11 
[2022-04-22 21:59:50] [INFO] start get result 
[2022-04-22 21:59:50] [INFO] end get result 12 
[2022-04-22 21:59:50] [INFO] reader get 12 
[2022-04-22 21:59:50] [INFO] start get result 
[2022-04-22 21:59:50] [INFO] end get result 13 
[2022-04-22 21:59:50] [INFO] reader get 13 
[2022-04-22 21:59:50] [INFO] start get result 
[2022-04-22 21:59:50] [INFO] end get result 1 
[2022-04-22 21:59:50] [INFO] start reader 
[2022-04-22 21:59:50] [INFO] reader get 1 
[2022-04-22 21:59:50] [INFO] start get result 
[2022-04-22 21:59:50] [INFO] end get result 2 
[2022-04-22 21:59:50] [INFO] reader get 2 
[2022-04-22 21:59:50] [INFO] writer send [18, 19, 20] 
[2022-04-22 21:59:50] [INFO] end writer 
[2022-04-22 21:59:50] [INFO] writer send [14, 15, 16, 17] 
[2022-04-22 21:59:50] [INFO] end writer 
[2022-04-22 21:59:50] [INFO] reader get 10 
[2022-04-22 21:59:50] [INFO] start get result 
[2022-04-22 21:59:50] [INFO] end get result 19 
[2022-04-22 21:59:50] [INFO] reader get 19 
[2022-04-22 21:59:50] [INFO] start get result 
[2022-04-22 21:59:50] [INFO] end get result 20 
[2022-04-22 21:59:50] [INFO] reader get 20 
[2022-04-22 21:59:50] [INFO] start get result 
[2022-04-22 21:59:50] [INFO] writer send [1, 2, 3] 
[2022-04-22 21:59:50] [INFO] end writer 
[2022-04-22 21:59:50] [INFO] writer send [11, 12, 13] 
[2022-04-22 21:59:50] [INFO] end writer 
[2022-04-22 21:59:50] [INFO] end get result 14 
[2022-04-22 21:59:50] [INFO] start get result 
[2022-04-22 21:59:50] [INFO] end get result 18 
[2022-04-22 21:59:50] [INFO] reader get 18 
[2022-04-22 21:59:50] [INFO] start get result 
[2022-04-22 21:59:50] [INFO] end get result 15 
[2022-04-22 21:59:50] [INFO] reader get 15 
[2022-04-22 21:59:50] [INFO] start get result 
[2022-04-22 21:59:50] [INFO] end get result 16 
[2022-04-22 21:59:50] [INFO] reader get 16 
[2022-04-22 21:59:50] [INFO] start get result 
[2022-04-22 21:59:50] [INFO] end get result 17 
[2022-04-22 21:59:50] [INFO] reader get 17 
[2022-04-22 21:59:50] [INFO] start get result 
[2022-04-22 21:59:50] [INFO] start get result 
[2022-04-22 21:59:50] [INFO] end get result 3 
[2022-04-22 21:59:50] [INFO] reader get 3 
[2022-04-22 21:59:50] [INFO] start get result 
[2022-04-22 21:59:50] [INFO] start reader 
[2022-04-22 21:59:50] [INFO] reader get 14 
[2022-04-22 21:59:50] [INFO] start get result 
[2022-04-22 21:59:50] [INFO] start reader 
[2022-04-22 21:59:50] [INFO] start reader 
[2022-04-22 21:59:50] [INFO] start get result 
[2022-04-22 21:59:50] [INFO] start get result 
[2022-04-22 21:59:50] [INFO] start get result 
[2022-04-22 21:59:50] [INFO] start reader 
[2022-04-22 21:59:50] [INFO] start get result 
Exception in thread "Thread-62528" java.util.concurrent.TimeoutException
	at serie1.Ex4.BlockingMessageQueueFuture$MyFuture.get(BlockingMessageQueueFuture.kt:222)
	at serie1.ex4.FutureTest$blocking_message_multiple_send_receive$2$thread$1.invoke(BlockingMessageQueueWithFutureTest.kt:179)
	at serie1.ex4.FutureTest$blocking_message_multiple_send_receive$2$thread$1.invoke(BlockingMessageQueueWithFutureTest.kt:169)
	at kotlin.concurrent.ThreadsKt$thread$thread$1.run(Thread.kt:30)
Exception in thread "Thread-62526" java.util.concurrent.TimeoutException
	at serie1.Ex4.BlockingMessageQueueFuture$MyFuture.get(BlockingMessageQueueFuture.kt:222)
	at serie1.ex4.FutureTest$blocking_message_multiple_send_receive$2$thread$1.invoke(BlockingMessageQueueWithFutureTest.kt:179)
	at serie1.ex4.FutureTest$blocking_message_multiple_send_receive$2$thread$1.invoke(BlockingMessageQueueWithFutureTest.kt:169)
	at kotlin.concurrent.ThreadsKt$thread$thread$1.run(Thread.kt:30)
Exception in thread "Thread-62523" java.util.concurrent.TimeoutException
	at serie1.Ex4.BlockingMessageQueueFuture$MyFuture.get(BlockingMessageQueueFuture.kt:222)
	at serie1.ex4.FutureTest$blocking_message_multiple_send_receive$2$thread$1.invoke(BlockingMessageQueueWithFutureTest.kt:179)
	at serie1.ex4.FutureTest$blocking_message_multiple_send_receive$2$thread$1.invoke(BlockingMessageQueueWithFutureTest.kt:169)
	at kotlin.concurrent.ThreadsKt$thread$thread$1.run(Thread.kt:30)
Exception in thread "Thread-62524" java.util.concurrent.TimeoutException
	at serie1.Ex4.BlockingMessageQueueFuture$MyFuture.get(BlockingMessageQueueFuture.kt:222)
	at serie1.ex4.FutureTest$blocking_message_multiple_send_receive$2$thread$1.invoke(BlockingMessageQueueWithFutureTest.kt:179)
	at serie1.ex4.FutureTest$blocking_message_multiple_send_receive$2$thread$1.invoke(BlockingMessageQueueWithFutureTest.kt:169)
	at kotlin.concurrent.ThreadsKt$thread$thread$1.run(Thread.kt:30)
Exception in thread "Thread-62525" java.util.concurrent.TimeoutException
	at serie1.Ex4.BlockingMessageQueueFuture$MyFuture.get(BlockingMessageQueueFuture.kt:222)
	at serie1.ex4.FutureTest$blocking_message_multiple_send_receive$2$thread$1.invoke(BlockingMessageQueueWithFutureTest.kt:179)
	at serie1.ex4.FutureTest$blocking_message_multiple_send_receive$2$thread$1.invoke(BlockingMessageQueueWithFutureTest.kt:169)
	at kotlin.concurrent.ThreadsKt$thread$thread$1.run(Thread.kt:30)
Exception in thread "Thread-62522" java.util.concurrent.TimeoutException
	at serie1.Ex4.BlockingMessageQueueFuture$MyFuture.get(BlockingMessageQueueFuture.kt:222)
	at serie1.ex4.FutureTest$blocking_message_multiple_send_receive$2$thread$1.invoke(BlockingMessageQueueWithFutureTest.kt:179)
	at serie1.ex4.FutureTest$blocking_message_multiple_send_receive$2$thread$1.invoke(BlockingMessageQueueWithFutureTest.kt:169)
	at kotlin.concurrent.ThreadsKt$thread$thread$1.run(Thread.kt:30)
Exception in thread "Thread-62527" java.util.concurrent.TimeoutException
	at serie1.Ex4.BlockingMessageQueueFuture$MyFuture.get(BlockingMessageQueueFuture.kt:222)
	at serie1.ex4.FutureTest$blocking_message_multiple_send_receive$2$thread$1.invoke(BlockingMessageQueueWithFutureTest.kt:179)
	at serie1.ex4.FutureTest$blocking_message_multiple_send_receive$2$thread$1.invoke(BlockingMessageQueueWithFutureTest.kt:169)
	at kotlin.concurrent.ThreadsKt$thread$thread$1.run(Thread.kt:30)
[2022-04-22 21:59:52] [INFO] start writer 
[2022-04-22 21:59:52] [INFO] writer try send [1, 2, 3] 
[2022-04-22 21:59:52] [INFO] writer send [1, 2, 3] 
[2022-04-22 21:59:52] [INFO] writer try send [4, 5] 
[2022-04-22 21:59:52] [INFO] writer send [4, 5] 
[2022-04-22 21:59:52] [INFO] writer try send [6] 
[2022-04-22 21:59:52] [INFO] start reader 
[2022-04-22 21:59:52] [INFO] writer send [6] 
[2022-04-22 21:59:52] [INFO] writer try send [7, 8, 9, 10] 
[2022-04-22 21:59:52] [INFO] start writer 
[2022-04-22 21:59:52] [INFO] writer try send [11, 12, 13] 
[2022-04-22 21:59:52] [INFO] start writer 
[2022-04-22 21:59:52] [INFO] writer try send [14, 15, 16, 17] 
[2022-04-22 21:59:52] [INFO] start writer 
[2022-04-22 21:59:52] [INFO] writer try send [18, 19, 20] 
[2022-04-22 21:59:52] [INFO] start reader 
[2022-04-22 21:59:52] [INFO] start writer 
[2022-04-22 21:59:52] [INFO] end writer 
[2022-04-22 21:59:52] [INFO] start reader 
[2022-04-22 21:59:52] [INFO] start get result 
[2022-04-22 21:59:52] [INFO] end get result 1 
[2022-04-22 21:59:52] [INFO] reader get 1 
[2022-04-22 21:59:52] [INFO] start get result 
[2022-04-22 21:59:52] [INFO] start get result 
[2022-04-22 21:59:52] [INFO] end get result 3 
[2022-04-22 21:59:52] [INFO] reader get 3 
[2022-04-22 21:59:52] [INFO] start get result 
[2022-04-22 21:59:52] [INFO] end get result 4 
[2022-04-22 21:59:52] [INFO] reader get 4 
[2022-04-22 21:59:52] [INFO] start get result 
[2022-04-22 21:59:52] [INFO] end get result 6 
[2022-04-22 21:59:52] [INFO] reader get 6 
[2022-04-22 21:59:52] [INFO] start get result 
[2022-04-22 21:59:52] [INFO] end get result 11 
[2022-04-22 21:59:52] [INFO] reader get 11 
[2022-04-22 21:59:52] [INFO] start get result 
[2022-04-22 21:59:52] [INFO] end get result 12 
[2022-04-22 21:59:52] [INFO] reader get 12 
[2022-04-22 21:59:52] [INFO] start get result 
[2022-04-22 21:59:52] [INFO] end get result 13 
[2022-04-22 21:59:52] [INFO] reader get 13 
[2022-04-22 21:59:52] [INFO] start get result 
[2022-04-22 21:59:52] [INFO] end get result 18 
[2022-04-22 21:59:52] [INFO] reader get 18 
[2022-04-22 21:59:52] [INFO] start writer 
[2022-04-22 21:59:52] [INFO] end writer 
[2022-04-22 21:59:52] [INFO] start writer 
[2022-04-22 21:59:52] [INFO] end writer 
[2022-04-22 21:59:52] [INFO] start get result 
[2022-04-22 21:59:52] [INFO] end get result 19 
[2022-04-22 21:59:52] [INFO] reader get 19 
[2022-04-22 21:59:52] [INFO] start get result 
[2022-04-22 21:59:52] [INFO] end get result 20 
[2022-04-22 21:59:52] [INFO] reader get 20 
[2022-04-22 21:59:52] [INFO] start get result 
[2022-04-22 21:59:52] [INFO] end get result 14 
[2022-04-22 21:59:52] [INFO] reader get 14 
[2022-04-22 21:59:52] [INFO] start get result 
[2022-04-22 21:59:52] [INFO] end get result 15 
[2022-04-22 21:59:52] [INFO] reader get 15 
[2022-04-22 21:59:52] [INFO] start get result 
[2022-04-22 21:59:52] [INFO] end get result 16 
[2022-04-22 21:59:52] [INFO] reader get 16 
[2022-04-22 21:59:52] [INFO] start get result 
[2022-04-22 21:59:52] [INFO] end get result 17 
[2022-04-22 21:59:52] [INFO] reader get 17 
[2022-04-22 21:59:52] [INFO] start get result 
[2022-04-22 21:59:52] [INFO] end get result 7 
[2022-04-22 21:59:52] [INFO] reader get 7 
[2022-04-22 21:59:52] [INFO] start get result 
[2022-04-22 21:59:52] [INFO] end get result 8 
[2022-04-22 21:59:52] [INFO] reader get 8 
[2022-04-22 21:59:52] [INFO] start get result 
[2022-04-22 21:59:52] [INFO] end get result 9 
[2022-04-22 21:59:52] [INFO] reader get 9 
[2022-04-22 21:59:52] [INFO] start get result 
[2022-04-22 21:59:52] [INFO] end get result 10 
[2022-04-22 21:59:52] [INFO] reader get 10 
[2022-04-22 21:59:52] [INFO] start get result 
[2022-04-22 21:59:52] [INFO] writer send [14, 15, 16, 17] 
[2022-04-22 21:59:52] [INFO] end writer 
[2022-04-22 21:59:52] [INFO] writer send [18, 19, 20] 
[2022-04-22 21:59:52] [INFO] end writer 
[2022-04-22 21:59:52] [INFO] start get result 
[2022-04-22 21:59:52] [INFO] end get result 5 
[2022-04-22 21:59:52] [INFO] reader get 5 
[2022-04-22 21:59:52] [INFO] start get result 
[2022-04-22 21:59:52] [INFO] end get result 2 
[2022-04-22 21:59:52] [INFO] reader get 2 
[2022-04-22 21:59:52] [INFO] start get result 
[2022-04-22 21:59:52] [INFO] writer send [11, 12, 13] 
[2022-04-22 21:59:52] [INFO] end writer 
[2022-04-22 21:59:52] [INFO] start reader 
[2022-04-22 21:59:52] [INFO] writer send [7, 8, 9, 10] 
[2022-04-22 21:59:52] [INFO] end writer 
[2022-04-22 21:59:52] [INFO] start reader 
[2022-04-22 21:59:52] [INFO] start reader 
[2022-04-22 21:59:52] [INFO] start get result 
[2022-04-22 21:59:52] [INFO] start get result 
[2022-04-22 21:59:52] [INFO] start reader 
[2022-04-22 21:59:52] [INFO] start get result 
[2022-04-22 21:59:52] [INFO] start get result 
Exception in thread "Thread-62543" java.util.concurrent.TimeoutException
	at serie1.Ex4.BlockingMessageQueueFuture$MyFuture.get(BlockingMessageQueueFuture.kt:222)
	at serie1.ex4.FutureTest$blocking_message_multiple_send_receive$2$thread$1.invoke(BlockingMessageQueueWithFutureTest.kt:179)
	at serie1.ex4.FutureTest$blocking_message_multiple_send_receive$2$thread$1.invoke(BlockingMessageQueueWithFutureTest.kt:169)
	at kotlin.concurrent.ThreadsKt$thread$thread$1.run(Thread.kt:30)
Exception in thread "Thread-62542" java.util.concurrent.TimeoutException
	at serie1.Ex4.BlockingMessageQueueFuture$MyFuture.get(BlockingMessageQueueFuture.kt:222)
	at serie1.ex4.FutureTest$blocking_message_multiple_send_receive$2$thread$1.invoke(BlockingMessageQueueWithFutureTest.kt:179)
	at serie1.ex4.FutureTest$blocking_message_multiple_send_receive$2$thread$1.invoke(BlockingMessageQueueWithFutureTest.kt:169)
	at kotlin.concurrent.ThreadsKt$thread$thread$1.run(Thread.kt:30)
Exception in thread "Thread-62538" java.util.concurrent.TimeoutException
	at serie1.Ex4.BlockingMessageQueueFuture$MyFuture.get(BlockingMessageQueueFuture.kt:222)
	at serie1.ex4.FutureTest$blocking_message_multiple_send_receive$2$thread$1.invoke(BlockingMessageQueueWithFutureTest.kt:179)
	at serie1.ex4.FutureTest$blocking_message_multiple_send_receive$2$thread$1.invoke(BlockingMessageQueueWithFutureTest.kt:169)
	at kotlin.concurrent.ThreadsKt$thread$thread$1.run(Thread.kt:30)
Exception in thread "Thread-62541" java.util.concurrent.TimeoutException
	at serie1.Ex4.BlockingMessageQueueFuture$MyFuture.get(BlockingMessageQueueFuture.kt:222)
	at serie1.ex4.FutureTest$blocking_message_multiple_send_receive$2$thread$1.invoke(BlockingMessageQueueWithFutureTest.kt:179)
	at serie1.ex4.FutureTest$blocking_message_multiple_send_receive$2$thread$1.invoke(BlockingMessageQueueWithFutureTest.kt:169)
	at kotlin.concurrent.ThreadsKt$thread$thread$1.run(Thread.kt:30)
Exception in thread "Thread-62540" java.util.concurrent.TimeoutException
	at serie1.Ex4.BlockingMessageQueueFuture$MyFuture.get(BlockingMessageQueueFuture.kt:222)
	at serie1.ex4.FutureTest$blocking_message_multiple_send_receive$2$thread$1.invoke(BlockingMessageQueueWithFutureTest.kt:179)
	at serie1.ex4.FutureTest$blocking_message_multiple_send_receive$2$thread$1.invoke(BlockingMessageQueueWithFutureTest.kt:169)
	at kotlin.concurrent.ThreadsKt$thread$thread$1.run(Thread.kt:30)
Exception in thread "Thread-62539" java.util.concurrent.TimeoutException
	at serie1.Ex4.BlockingMessageQueueFuture$MyFuture.get(BlockingMessageQueueFuture.kt:222)
	at serie1.ex4.FutureTest$blocking_message_multiple_send_receive$2$thread$1.invoke(BlockingMessageQueueWithFutureTest.kt:179)
	at serie1.ex4.FutureTest$blocking_message_multiple_send_receive$2$thread$1.invoke(BlockingMessageQueueWithFutureTest.kt:169)
	at kotlin.concurrent.ThreadsKt$thread$thread$1.run(Thread.kt:30)
Exception in thread "Thread-62537" java.util.concurrent.TimeoutException
	at serie1.Ex4.BlockingMessageQueueFuture$MyFuture.get(BlockingMessageQueueFuture.kt:222)
	at serie1.ex4.FutureTest$blocking_message_multiple_send_receive$2$thread$1.invoke(BlockingMessageQueueWithFutureTest.kt:179)
	at serie1.ex4.FutureTest$blocking_message_multiple_send_receive$2$thread$1.invoke(BlockingMessageQueueWithFutureTest.kt:169)
	at kotlin.concurrent.ThreadsKt$thread$thread$1.run(Thread.kt:30)
[2022-04-22 21:59:54] [INFO] start writer 
[2022-04-22 21:59:54] [INFO] writer try send [1, 2, 3] 
[2022-04-22 21:59:54] [INFO] writer send [1, 2, 3] 
[2022-04-22 21:59:54] [INFO] writer try send [4, 5] 
[2022-04-22 21:59:54] [INFO] start reader 
[2022-04-22 21:59:54] [INFO] start writer 
[2022-04-22 21:59:54] [INFO] start writer 
[2022-04-22 21:59:54] [INFO] writer try send [7, 8, 9, 10] 
[2022-04-22 21:59:54] [INFO] writer send [7, 8, 9, 10] 
[2022-04-22 21:59:54] [INFO] writer try send [11, 12, 13] 
[2022-04-22 21:59:54] [INFO] start writer 
[2022-04-22 21:59:54] [INFO] writer try send [14, 15, 16, 17] 
[2022-04-22 21:59:54] [INFO] writer send [4, 5] 
[2022-04-22 21:59:54] [INFO] writer try send [18, 19, 20] 
[2022-04-22 21:59:54] [INFO] start writer 
[2022-04-22 21:59:54] [INFO] end writer 
[2022-04-22 21:59:54] [INFO] start get result 
[2022-04-22 21:59:54] [INFO] end get result 1 
[2022-04-22 21:59:54] [INFO] reader get 1 
[2022-04-22 21:59:54] [INFO] start writer 
[2022-04-22 21:59:54] [INFO] end writer 
[2022-04-22 21:59:54] [INFO] start writer 
[2022-04-22 21:59:54] [INFO] end writer 
[2022-04-22 21:59:54] [INFO] start reader 
[2022-04-22 21:59:54] [INFO] writer try send [6] 
[2022-04-22 21:59:54] [INFO] writer send [6] 
[2022-04-22 21:59:54] [INFO] end writer 
[2022-04-22 21:59:54] [INFO] start get result 
[2022-04-22 21:59:54] [INFO] end get result 2 
[2022-04-22 21:59:54] [INFO] reader get 2 
[2022-04-22 21:59:54] [INFO] start get result 
[2022-04-22 21:59:54] [INFO] end get result 3 
[2022-04-22 21:59:54] [INFO] reader get 3 
[2022-04-22 21:59:54] [INFO] start get result 
[2022-04-22 21:59:54] [INFO] end get result 4 
[2022-04-22 21:59:54] [INFO] reader get 4 
[2022-04-22 21:59:54] [INFO] start get result 
[2022-04-22 21:59:54] [INFO] end get result 7 
[2022-04-22 21:59:54] [INFO] start reader 
[2022-04-22 21:59:54] [INFO] reader get 7 
[2022-04-22 21:59:54] [INFO] start reader 
[2022-04-22 21:59:54] [INFO] start get result 
[2022-04-22 21:59:54] [INFO] end get result 5 
[2022-04-22 21:59:54] [INFO] reader get 5 
[2022-04-22 21:59:54] [INFO] start get result 
[2022-04-22 21:59:54] [INFO] end get result 9 
[2022-04-22 21:59:54] [INFO] reader get 9 
[2022-04-22 21:59:54] [INFO] start get result 
[2022-04-22 21:59:54] [INFO] end get result 10 
[2022-04-22 21:59:54] [INFO] reader get 10 
[2022-04-22 21:59:54] [INFO] start get result 
[2022-04-22 21:59:54] [INFO] writer send [14, 15, 16, 17] 
[2022-04-22 21:59:54] [INFO] end writer 
[2022-04-22 21:59:54] [INFO] writer send [18, 19, 20] 
[2022-04-22 21:59:54] [INFO] end writer 
[2022-04-22 21:59:54] [INFO] start get result 
[2022-04-22 21:59:54] [INFO] end get result 19 
[2022-04-22 21:59:54] [INFO] reader get 19 
[2022-04-22 21:59:54] [INFO] start get result 
[2022-04-22 21:59:54] [INFO] end get result 20 
[2022-04-22 21:59:54] [INFO] reader get 20 
[2022-04-22 21:59:54] [INFO] start get result 
[2022-04-22 21:59:54] [INFO] end get result 11 
[2022-04-22 21:59:54] [INFO] reader get 11 
[2022-04-22 21:59:54] [INFO] start get result 
[2022-04-22 21:59:54] [INFO] end get result 12 
[2022-04-22 21:59:54] [INFO] reader get 12 
[2022-04-22 21:59:54] [INFO] start get result 
[2022-04-22 21:59:54] [INFO] end get result 13 
[2022-04-22 21:59:54] [INFO] reader get 13 
[2022-04-22 21:59:54] [INFO] start get result 
[2022-04-22 21:59:54] [INFO] end get result 14 
[2022-04-22 21:59:54] [INFO] reader get 14 
[2022-04-22 21:59:54] [INFO] start get result 
[2022-04-22 21:59:54] [INFO] end get result 15 
[2022-04-22 21:59:54] [INFO] reader get 15 
[2022-04-22 21:59:54] [INFO] start get result 
[2022-04-22 21:59:54] [INFO] end get result 16 
[2022-04-22 21:59:54] [INFO] end get result 18 
[2022-04-22 21:59:54] [INFO] reader get 18 
[2022-04-22 21:59:54] [INFO] start get result 
[2022-04-22 21:59:54] [INFO] end get result 17 
[2022-04-22 21:59:54] [INFO] reader get 17 
[2022-04-22 21:59:54] [INFO] start get result 
[2022-04-22 21:59:54] [INFO] start get result 
[2022-04-22 21:59:54] [INFO] end get result 6 
[2022-04-22 21:59:54] [INFO] reader get 6 
[2022-04-22 21:59:54] [INFO] start get result 
[2022-04-22 21:59:54] [INFO] start reader 
[2022-04-22 21:59:54] [INFO] writer send [11, 12, 13] 
[2022-04-22 21:59:54] [INFO] start reader 
[2022-04-22 21:59:54] [INFO] start get result 
[2022-04-22 21:59:54] [INFO] end get result 8 
[2022-04-22 21:59:54] [INFO] reader get 8 
[2022-04-22 21:59:54] [INFO] start get result 
[2022-04-22 21:59:54] [INFO] end writer 
[2022-04-22 21:59:54] [INFO] reader get 16 
[2022-04-22 21:59:54] [INFO] start get result 
[2022-04-22 21:59:54] [INFO] start reader 
[2022-04-22 21:59:54] [INFO] start get result 
[2022-04-22 21:59:54] [INFO] start get result 
[2022-04-22 21:59:54] [INFO] start get result 
Exception in thread "Thread-62554" java.util.concurrent.TimeoutException
	at serie1.Ex4.BlockingMessageQueueFuture$MyFuture.get(BlockingMessageQueueFuture.kt:222)
	at serie1.ex4.FutureTest$blocking_message_multiple_send_receive$2$thread$1.invoke(BlockingMessageQueueWithFutureTest.kt:179)
	at serie1.ex4.FutureTest$blocking_message_multiple_send_receive$2$thread$1.invoke(BlockingMessageQueueWithFutureTest.kt:169)
	at kotlin.concurrent.ThreadsKt$thread$thread$1.run(Thread.kt:30)
Exception in thread "Thread-62553" java.util.concurrent.TimeoutException
	at serie1.Ex4.BlockingMessageQueueFuture$MyFuture.get(BlockingMessageQueueFuture.kt:222)
	at serie1.ex4.FutureTest$blocking_message_multiple_send_receive$2$thread$1.invoke(BlockingMessageQueueWithFutureTest.kt:179)
	at serie1.ex4.FutureTest$blocking_message_multiple_send_receive$2$thread$1.invoke(BlockingMessageQueueWithFutureTest.kt:169)
	at kotlin.concurrent.ThreadsKt$thread$thread$1.run(Thread.kt:30)
Exception in thread "Thread-62556" java.util.concurrent.TimeoutException
	at serie1.Ex4.BlockingMessageQueueFuture$MyFuture.get(BlockingMessageQueueFuture.kt:222)
	at serie1.ex4.FutureTest$blocking_message_multiple_send_receive$2$thread$1.invoke(BlockingMessageQueueWithFutureTest.kt:179)
	at serie1.ex4.FutureTest$blocking_message_multiple_send_receive$2$thread$1.invoke(BlockingMessageQueueWithFutureTest.kt:169)
	at kotlin.concurrent.ThreadsKt$thread$thread$1.run(Thread.kt:30)
Exception in thread "Thread-62558" java.util.concurrent.TimeoutException
	at serie1.Ex4.BlockingMessageQueueFuture$MyFuture.get(BlockingMessageQueueFuture.kt:222)
	at serie1.ex4.FutureTest$blocking_message_multiple_send_receive$2$thread$1.invoke(BlockingMessageQueueWithFutureTest.kt:179)
	at serie1.ex4.FutureTest$blocking_message_multiple_send_receive$2$thread$1.invoke(BlockingMessageQueueWithFutureTest.kt:169)
	at kotlin.concurrent.ThreadsKt$thread$thread$1.run(Thread.kt:30)
Exception in thread "Thread-62552" java.util.concurrent.TimeoutException
	at serie1.Ex4.BlockingMessageQueueFuture$MyFuture.get(BlockingMessageQueueFuture.kt:222)
	at serie1.ex4.FutureTest$blocking_message_multiple_send_receive$2$thread$1.invoke(BlockingMessageQueueWithFutureTest.kt:179)
	at serie1.ex4.FutureTest$blocking_message_multiple_send_receive$2$thread$1.invoke(BlockingMessageQueueWithFutureTest.kt:169)
	at kotlin.concurrent.ThreadsKt$thread$thread$1.run(Thread.kt:30)
Exception in thread "Thread-62555" java.util.concurrent.TimeoutException
	at serie1.Ex4.BlockingMessageQueueFuture$MyFuture.get(BlockingMessageQueueFuture.kt:222)
	at serie1.ex4.FutureTest$blocking_message_multiple_send_receive$2$thread$1.invoke(BlockingMessageQueueWithFutureTest.kt:179)
	at serie1.ex4.FutureTest$blocking_message_multiple_send_receive$2$thread$1.invoke(BlockingMessageQueueWithFutureTest.kt:169)
	at kotlin.concurrent.ThreadsKt$thread$thread$1.run(Thread.kt:30)
Exception in thread "Thread-62557" java.util.concurrent.TimeoutException
	at serie1.Ex4.BlockingMessageQueueFuture$MyFuture.get(BlockingMessageQueueFuture.kt:222)
	at serie1.ex4.FutureTest$blocking_message_multiple_send_receive$2$thread$1.invoke(BlockingMessageQueueWithFutureTest.kt:179)
	at serie1.ex4.FutureTest$blocking_message_multiple_send_receive$2$thread$1.invoke(BlockingMessageQueueWithFutureTest.kt:169)
	at kotlin.concurrent.ThreadsKt$thread$thread$1.run(Thread.kt:30)
[2022-04-22 21:59:56] [INFO] start writer 
[2022-04-22 21:59:56] [INFO] start writer 
[2022-04-22 21:59:56] [INFO] writer try send [4, 5] 
[2022-04-22 21:59:56] [INFO] writer send [4, 5] 
[2022-04-22 21:59:56] [INFO] writer try send [6] 
[2022-04-22 21:59:56] [INFO] writer send [6] 
[2022-04-22 21:59:56] [INFO] writer try send [7, 8, 9, 10] 
[2022-04-22 21:59:56] [INFO] writer send [7, 8, 9, 10] 
[2022-04-22 21:59:56] [INFO] writer try send [11, 12, 13] 
[2022-04-22 21:59:56] [INFO] writer send [11, 12, 13] 
[2022-04-22 21:59:56] [INFO] writer try send [14, 15, 16, 17] 
[2022-04-22 21:59:56] [INFO] start reader 
[2022-04-22 21:59:56] [INFO] start writer 
[2022-04-22 21:59:56] [INFO] writer try send [18, 19, 20] 
[2022-04-22 21:59:56] [INFO] start writer 
[2022-04-22 21:59:56] [INFO] end writer 
[2022-04-22 21:59:56] [INFO] start writer 
[2022-04-22 21:59:56] [INFO] start get result 
[2022-04-22 21:59:56] [INFO] end get result 4 
[2022-04-22 21:59:56] [INFO] reader get 4 
[2022-04-22 21:59:56] [INFO] start get result 
[2022-04-22 21:59:56] [INFO] end get result 5 
[2022-04-22 21:59:56] [INFO] reader get 5 
[2022-04-22 21:59:56] [INFO] start get result 
[2022-04-22 21:59:56] [INFO] end get result 6 
[2022-04-22 21:59:56] [INFO] reader get 6 
[2022-04-22 21:59:56] [INFO] start get result 
[2022-04-22 21:59:56] [INFO] end get result 7 
[2022-04-22 21:59:56] [INFO] reader get 7 
[2022-04-22 21:59:56] [INFO] start get result 
[2022-04-22 21:59:56] [INFO] end get result 8 
[2022-04-22 21:59:56] [INFO] reader get 8 
[2022-04-22 21:59:56] [INFO] start get result 
[2022-04-22 21:59:56] [INFO] end get result 9 
[2022-04-22 21:59:56] [INFO] reader get 9 
[2022-04-22 21:59:56] [INFO] start get result 
[2022-04-22 21:59:56] [INFO] writer send [14, 15, 16, 17] 
[2022-04-22 21:59:56] [INFO] end writer 
[2022-04-22 21:59:56] [INFO] start writer 
[2022-04-22 21:59:56] [INFO] end writer 
[2022-04-22 21:59:56] [INFO] writer try send [1, 2, 3] 
[2022-04-22 21:59:56] [INFO] end get result 10 
[2022-04-22 21:59:56] [INFO] reader get 10 
[2022-04-22 21:59:56] [INFO] start get result 
[2022-04-22 21:59:56] [INFO] end get result 11 
[2022-04-22 21:59:56] [INFO] reader get 11 
[2022-04-22 21:59:56] [INFO] start get result 
[2022-04-22 21:59:56] [INFO] end get result 12 
[2022-04-22 21:59:56] [INFO] reader get 12 
[2022-04-22 21:59:56] [INFO] start get result 
[2022-04-22 21:59:56] [INFO] end get result 13 
[2022-04-22 21:59:56] [INFO] reader get 13 
[2022-04-22 21:59:56] [INFO] start get result 
[2022-04-22 21:59:56] [INFO] end get result 18 
[2022-04-22 21:59:56] [INFO] reader get 18 
[2022-04-22 21:59:56] [INFO] start get result 
[2022-04-22 21:59:56] [INFO] end get result 19 
[2022-04-22 21:59:56] [INFO] reader get 19 
[2022-04-22 21:59:56] [INFO] start get result 
[2022-04-22 21:59:56] [INFO] end get result 20 
[2022-04-22 21:59:56] [INFO] reader get 20 
[2022-04-22 21:59:56] [INFO] start get result 
[2022-04-22 21:59:56] [INFO] end get result 14 
[2022-04-22 21:59:56] [INFO] reader get 14 
[2022-04-22 21:59:56] [INFO] start get result 
[2022-04-22 21:59:56] [INFO] end get result 15 
[2022-04-22 21:59:56] [INFO] reader get 15 
[2022-04-22 21:59:56] [INFO] start get result 
[2022-04-22 21:59:56] [INFO] writer send [18, 19, 20] 
[2022-04-22 21:59:56] [INFO] end writer 
[2022-04-22 21:59:56] [INFO] end writer 
[2022-04-22 21:59:56] [INFO] start reader 
[2022-04-22 21:59:56] [INFO] start writer 
[2022-04-22 21:59:56] [INFO] end writer 
[2022-04-22 21:59:56] [INFO] end get result 16 
[2022-04-22 21:59:56] [INFO] reader get 16 
[2022-04-22 21:59:56] [INFO] start get result 
[2022-04-22 21:59:56] [INFO] end get result 17 
[2022-04-22 21:59:56] [INFO] reader get 17 
[2022-04-22 21:59:56] [INFO] start get result 
[2022-04-22 21:59:56] [INFO] end get result 1 
[2022-04-22 21:59:56] [INFO] reader get 1 
[2022-04-22 21:59:56] [INFO] start get result 
[2022-04-22 21:59:56] [INFO] end get result 3 
[2022-04-22 21:59:56] [INFO] reader get 3 
[2022-04-22 21:59:56] [INFO] start get result 
[2022-04-22 21:59:56] [INFO] writer send [1, 2, 3] 
[2022-04-22 21:59:56] [INFO] end writer 
[2022-04-22 21:59:56] [INFO] start get result 
[2022-04-22 21:59:56] [INFO] end get result 2 
[2022-04-22 21:59:56] [INFO] reader get 2 
[2022-04-22 21:59:56] [INFO] start get result 
[2022-04-22 21:59:56] [INFO] start reader 
[2022-04-22 21:59:56] [INFO] start reader 
[2022-04-22 21:59:56] [INFO] start reader 
[2022-04-22 21:59:56] [INFO] start reader 
[2022-04-22 21:59:56] [INFO] start get result 
[2022-04-22 21:59:56] [INFO] start reader 
[2022-04-22 21:59:56] [INFO] start get result 
[2022-04-22 21:59:56] [INFO] start get result 
[2022-04-22 21:59:56] [INFO] start get result 
[2022-04-22 21:59:56] [INFO] start get result 
Exception in thread "Thread-62573" java.util.concurrent.TimeoutException
	at serie1.Ex4.BlockingMessageQueueFuture$MyFuture.get(BlockingMessageQueueFuture.kt:222)
	at serie1.ex4.FutureTest$blocking_message_multiple_send_receive$2$thread$1.invoke(BlockingMessageQueueWithFutureTest.kt:179)
	at serie1.ex4.FutureTest$blocking_message_multiple_send_receive$2$thread$1.invoke(BlockingMessageQueueWithFutureTest.kt:169)
	at kotlin.concurrent.ThreadsKt$thread$thread$1.run(Thread.kt:30)
Exception in thread "Thread-62570" java.util.concurrent.TimeoutException
	at serie1.Ex4.BlockingMessageQueueFuture$MyFuture.get(BlockingMessageQueueFuture.kt:222)
	at serie1.ex4.FutureTest$blocking_message_multiple_send_receive$2$thread$1.invoke(BlockingMessageQueueWithFutureTest.kt:179)
	at serie1.ex4.FutureTest$blocking_message_multiple_send_receive$2$thread$1.invoke(BlockingMessageQueueWithFutureTest.kt:169)
	at kotlin.concurrent.ThreadsKt$thread$thread$1.run(Thread.kt:30)
Exception in thread "Thread-62571" java.util.concurrent.TimeoutException
	at serie1.Ex4.BlockingMessageQueueFuture$MyFuture.get(BlockingMessageQueueFuture.kt:222)
	at serie1.ex4.FutureTest$blocking_message_multiple_send_receive$2$thread$1.invoke(BlockingMessageQueueWithFutureTest.kt:179)
	at serie1.ex4.FutureTest$blocking_message_multiple_send_receive$2$thread$1.invoke(BlockingMessageQueueWithFutureTest.kt:169)
	at kotlin.concurrent.ThreadsKt$thread$thread$1.run(Thread.kt:30)
Exception in thread "Thread-62567" java.util.concurrent.TimeoutException
	at serie1.Ex4.BlockingMessageQueueFuture$MyFuture.get(BlockingMessageQueueFuture.kt:222)
	at serie1.ex4.FutureTest$blocking_message_multiple_send_receive$2$thread$1.invoke(BlockingMessageQueueWithFutureTest.kt:179)
	at serie1.ex4.FutureTest$blocking_message_multiple_send_receive$2$thread$1.invoke(BlockingMessageQueueWithFutureTest.kt:169)
	at kotlin.concurrent.ThreadsKt$thread$thread$1.run(Thread.kt:30)
Exception in thread "Thread-62572" java.util.concurrent.TimeoutException
	at serie1.Ex4.BlockingMessageQueueFuture$MyFuture.get(BlockingMessageQueueFuture.kt:222)
	at serie1.ex4.FutureTest$blocking_message_multiple_send_receive$2$thread$1.invoke(BlockingMessageQueueWithFutureTest.kt:179)
	at serie1.ex4.FutureTest$blocking_message_multiple_send_receive$2$thread$1.invoke(BlockingMessageQueueWithFutureTest.kt:169)
	at kotlin.concurrent.ThreadsKt$thread$thread$1.run(Thread.kt:30)
Exception in thread "Thread-62569" java.util.concurrent.TimeoutException
	at serie1.Ex4.BlockingMessageQueueFuture$MyFuture.get(BlockingMessageQueueFuture.kt:222)
	at serie1.ex4.FutureTest$blocking_message_multiple_send_receive$2$thread$1.invoke(BlockingMessageQueueWithFutureTest.kt:179)
	at serie1.ex4.FutureTest$blocking_message_multiple_send_receive$2$thread$1.invoke(BlockingMessageQueueWithFutureTest.kt:169)
	at kotlin.concurrent.ThreadsKt$thread$thread$1.run(Thread.kt:30)
Exception in thread "Thread-62568" java.util.concurrent.TimeoutException
	at serie1.Ex4.BlockingMessageQueueFuture$MyFuture.get(BlockingMessageQueueFuture.kt:222)
	at serie1.ex4.FutureTest$blocking_message_multiple_send_receive$2$thread$1.invoke(BlockingMessageQueueWithFutureTest.kt:179)
	at serie1.ex4.FutureTest$blocking_message_multiple_send_receive$2$thread$1.invoke(BlockingMessageQueueWithFutureTest.kt:169)
	at kotlin.concurrent.ThreadsKt$thread$thread$1.run(Thread.kt:30)
[2022-04-22 21:59:58] [INFO] start writer 
[2022-04-22 21:59:58] [INFO] writer try send [1, 2, 3] 
[2022-04-22 21:59:58] [INFO] writer send [1, 2, 3] 
[2022-04-22 21:59:58] [INFO] writer try send [4, 5] 
[2022-04-22 21:59:58] [INFO] writer send [4, 5] 
[2022-04-22 21:59:58] [INFO] writer try send [6] 
[2022-04-22 21:59:58] [INFO] start writer 
[2022-04-22 21:59:58] [INFO] writer try send [7, 8, 9, 10] 
[2022-04-22 21:59:58] [INFO] start writer 
[2022-04-22 21:59:58] [INFO] writer try send [11, 12, 13] 
[2022-04-22 21:59:58] [INFO] start reader 
[2022-04-22 21:59:58] [INFO] start writer 
[2022-04-22 21:59:58] [INFO] writer try send [14, 15, 16, 17] 
[2022-04-22 21:59:58] [INFO] start reader 
[2022-04-22 21:59:58] [INFO] start writer 
[2022-04-22 21:59:58] [INFO] start reader 
[2022-04-22 21:59:58] [INFO] start writer 
[2022-04-22 21:59:58] [INFO] start reader 
[2022-04-22 21:59:58] [INFO] start get result 
[2022-04-22 21:59:58] [INFO] end get result 1 
[2022-04-22 21:59:58] [INFO] reader get 1 
[2022-04-22 21:59:58] [INFO] start writer 
[2022-04-22 21:59:58] [INFO] end writer 
[2022-04-22 21:59:58] [INFO] writer try send [18, 19, 20] 
[2022-04-22 21:59:58] [INFO] start get result 
[2022-04-22 21:59:58] [INFO] end get result 3 
[2022-04-22 21:59:58] [INFO] reader get 3 
[2022-04-22 21:59:58] [INFO] start get result 
[2022-04-22 21:59:58] [INFO] end get result 5 
[2022-04-22 21:59:58] [INFO] reader get 5 
[2022-04-22 21:59:58] [INFO] start get result 
[2022-04-22 21:59:58] [INFO] end get result 7 
[2022-04-22 21:59:58] [INFO] reader get 7 
[2022-04-22 21:59:58] [INFO] start get result 
[2022-04-22 21:59:58] [INFO] end get result 8 
[2022-04-22 21:59:58] [INFO] reader get 8 
[2022-04-22 21:59:58] [INFO] start get result 
[2022-04-22 21:59:58] [INFO] end get result 9 
[2022-04-22 21:59:58] [INFO] reader get 9 
[2022-04-22 21:59:58] [INFO] start get result 
[2022-04-22 21:59:58] [INFO] end get result 10 
[2022-04-22 21:59:58] [INFO] reader get 10 
[2022-04-22 21:59:58] [INFO] start get result 
[2022-04-22 21:59:58] [INFO] end get result 11 
[2022-04-22 21:59:58] [INFO] reader get 11 
[2022-04-22 21:59:58] [INFO] start get result 
[2022-04-22 21:59:58] [INFO] writer send [18, 19, 20] 
[2022-04-22 21:59:58] [INFO] end writer 
[2022-04-22 21:59:58] [INFO] start get result 
[2022-04-22 21:59:58] [INFO] end get result 2 
[2022-04-22 21:59:58] [INFO] reader get 2 
[2022-04-22 21:59:58] [INFO] start get result 
[2022-04-22 21:59:58] [INFO] end get result 13 
[2022-04-22 21:59:58] [INFO] reader get 13 
[2022-04-22 21:59:58] [INFO] start get result 
[2022-04-22 21:59:58] [INFO] end get result 18 
[2022-04-22 21:59:58] [INFO] reader get 18 
[2022-04-22 21:59:58] [INFO] start get result 
[2022-04-22 21:59:58] [INFO] end get result 19 
[2022-04-22 21:59:58] [INFO] reader get 19 
[2022-04-22 21:59:58] [INFO] start get result 
[2022-04-22 21:59:58] [INFO] end get result 20 
[2022-04-22 21:59:58] [INFO] reader get 20 
[2022-04-22 21:59:58] [INFO] start get result 
[2022-04-22 21:59:58] [INFO] end get result 14 
[2022-04-22 21:59:58] [INFO] reader get 14 
[2022-04-22 21:59:58] [INFO] start get result 
[2022-04-22 21:59:58] [INFO] end get result 15 
[2022-04-22 21:59:58] [INFO] start reader 
[2022-04-22 21:59:58] [INFO] writer send [6] 
[2022-04-22 21:59:58] [INFO] end writer 
[2022-04-22 21:59:58] [INFO] end writer 
[2022-04-22 21:59:58] [INFO] start writer 
[2022-04-22 21:59:58] [INFO] end writer 
[2022-04-22 21:59:58] [INFO] start reader 
[2022-04-22 21:59:58] [INFO] reader get 15 
[2022-04-22 21:59:58] [INFO] start get result 
[2022-04-22 21:59:58] [INFO] end get result 17 
[2022-04-22 21:59:58] [INFO] reader get 17 
[2022-04-22 21:59:58] [INFO] start get result 
[2022-04-22 21:59:58] [INFO] writer send [14, 15, 16, 17] 
[2022-04-22 21:59:58] [INFO] end writer 
[2022-04-22 21:59:58] [INFO] end get result 12 
[2022-04-22 21:59:58] [INFO] start get result 
[2022-04-22 21:59:58] [INFO] writer send [11, 12, 13] 
[2022-04-22 21:59:58] [INFO] end writer 
[2022-04-22 21:59:58] [INFO] writer send [7, 8, 9, 10] 
[2022-04-22 21:59:58] [INFO] end writer 
[2022-04-22 21:59:58] [INFO] start get result 
[2022-04-22 21:59:58] [INFO] end get result 6 
[2022-04-22 21:59:58] [INFO] reader get 6 
[2022-04-22 21:59:58] [INFO] start get result 
[2022-04-22 21:59:58] [INFO] start get result 
[2022-04-22 21:59:58] [INFO] end get result 4 
[2022-04-22 21:59:58] [INFO] reader get 4 
[2022-04-22 21:59:58] [INFO] start get result 
[2022-04-22 21:59:58] [INFO] reader get 12 
[2022-04-22 21:59:58] [INFO] start get result 
[2022-04-22 21:59:58] [INFO] start reader 
[2022-04-22 21:59:58] [INFO] start get result 
[2022-04-22 21:59:58] [INFO] end get result 16 
[2022-04-22 21:59:58] [INFO] reader get 16 
[2022-04-22 21:59:58] [INFO] start get result 
[2022-04-22 21:59:58] [INFO] start get result 
Exception in thread "Thread-62586" java.util.concurrent.TimeoutException
	at serie1.Ex4.BlockingMessageQueueFuture$MyFuture.get(BlockingMessageQueueFuture.kt:222)
	at serie1.ex4.FutureTest$blocking_message_multiple_send_receive$2$thread$1.invoke(BlockingMessageQueueWithFutureTest.kt:179)
	at serie1.ex4.FutureTest$blocking_message_multiple_send_receive$2$thread$1.invoke(BlockingMessageQueueWithFutureTest.kt:169)
	at kotlin.concurrent.ThreadsKt$thread$thread$1.run(Thread.kt:30)
Exception in thread "Thread-62583" java.util.concurrent.TimeoutException
	at serie1.Ex4.BlockingMessageQueueFuture$MyFuture.get(BlockingMessageQueueFuture.kt:222)
	at serie1.ex4.FutureTest$blocking_message_multiple_send_receive$2$thread$1.invoke(BlockingMessageQueueWithFutureTest.kt:179)
	at serie1.ex4.FutureTest$blocking_message_multiple_send_receive$2$thread$1.invoke(BlockingMessageQueueWithFutureTest.kt:169)
	at kotlin.concurrent.ThreadsKt$thread$thread$1.run(Thread.kt:30)
Exception in thread "Thread-62585" java.util.concurrent.TimeoutException
	at serie1.Ex4.BlockingMessageQueueFuture$MyFuture.get(BlockingMessageQueueFuture.kt:222)
	at serie1.ex4.FutureTest$blocking_message_multiple_send_receive$2$thread$1.invoke(BlockingMessageQueueWithFutureTest.kt:179)
	at serie1.ex4.FutureTest$blocking_message_multiple_send_receive$2$thread$1.invoke(BlockingMessageQueueWithFutureTest.kt:169)
	at kotlin.concurrent.ThreadsKt$thread$thread$1.run(Thread.kt:30)
Exception in thread "Thread-62584" java.util.concurrent.TimeoutException
	at serie1.Ex4.BlockingMessageQueueFuture$MyFuture.get(BlockingMessageQueueFuture.kt:222)
	at serie1.ex4.FutureTest$blocking_message_multiple_send_receive$2$thread$1.invoke(BlockingMessageQueueWithFutureTest.kt:179)
	at serie1.ex4.FutureTest$blocking_message_multiple_send_receive$2$thread$1.invoke(BlockingMessageQueueWithFutureTest.kt:169)
	at kotlin.concurrent.ThreadsKt$thread$thread$1.run(Thread.kt:30)
Exception in thread "Thread-62588" java.util.concurrent.TimeoutException
	at serie1.Ex4.BlockingMessageQueueFuture$MyFuture.get(BlockingMessageQueueFuture.kt:222)
	at serie1.ex4.FutureTest$blocking_message_multiple_send_receive$2$thread$1.invoke(BlockingMessageQueueWithFutureTest.kt:179)
	at serie1.ex4.FutureTest$blocking_message_multiple_send_receive$2$thread$1.invoke(BlockingMessageQueueWithFutureTest.kt:169)
	at kotlin.concurrent.ThreadsKt$thread$thread$1.run(Thread.kt:30)
Exception in thread "Thread-62587" java.util.concurrent.TimeoutException
	at serie1.Ex4.BlockingMessageQueueFuture$MyFuture.get(BlockingMessageQueueFuture.kt:222)
	at serie1.ex4.FutureTest$blocking_message_multiple_send_receive$2$thread$1.invoke(BlockingMessageQueueWithFutureTest.kt:179)
	at serie1.ex4.FutureTest$blocking_message_multiple_send_receive$2$thread$1.invoke(BlockingMessageQueueWithFutureTest.kt:169)
	at kotlin.concurrent.ThreadsKt$thread$thread$1.run(Thread.kt:30)
Exception in thread "Thread-62589" java.util.concurrent.TimeoutException
	at serie1.Ex4.BlockingMessageQueueFuture$MyFuture.get(BlockingMessageQueueFuture.kt:222)
	at serie1.ex4.FutureTest$blocking_message_multiple_send_receive$2$thread$1.invoke(BlockingMessageQueueWithFutureTest.kt:179)
	at serie1.ex4.FutureTest$blocking_message_multiple_send_receive$2$thread$1.invoke(BlockingMessageQueueWithFutureTest.kt:169)
	at kotlin.concurrent.ThreadsKt$thread$thread$1.run(Thread.kt:30)
[2022-04-22 22:00:00] [INFO] start writer 
[2022-04-22 22:00:00] [INFO] writer try send [1, 2, 3] 
[2022-04-22 22:00:00] [INFO] writer send [1, 2, 3] 
[2022-04-22 22:00:00] [INFO] start writer 
[2022-04-22 22:00:00] [INFO] writer try send [6] 
[2022-04-22 22:00:00] [INFO] writer send [6] 
[2022-04-22 22:00:00] [INFO] writer try send [7, 8, 9, 10] 
[2022-04-22 22:00:00] [INFO] start writer 
[2022-04-22 22:00:00] [INFO] writer try send [11, 12, 13] 
[2022-04-22 22:00:00] [INFO] start writer 
[2022-04-22 22:00:00] [INFO] writer try send [14, 15, 16, 17] 
[2022-04-22 22:00:00] [INFO] start writer 
[2022-04-22 22:00:00] [INFO] writer try send [18, 19, 20] 
[2022-04-22 22:00:00] [INFO] writer try send [4, 5] 
[2022-04-22 22:00:00] [INFO] writer send [4, 5] 
[2022-04-22 22:00:00] [INFO] end writer 
[2022-04-22 22:00:00] [INFO] start reader 
[2022-04-22 22:00:00] [INFO] start writer 
[2022-04-22 22:00:00] [INFO] start reader 
[2022-04-22 22:00:00] [INFO] start writer 
[2022-04-22 22:00:00] [INFO] start reader 
[2022-04-22 22:00:00] [INFO] start writer 
[2022-04-22 22:00:00] [INFO] start get result 
[2022-04-22 22:00:00] [INFO] end get result 1 
[2022-04-22 22:00:00] [INFO] reader get 1 
[2022-04-22 22:00:00] [INFO] start get result 
[2022-04-22 22:00:00] [INFO] end get result 3 
[2022-04-22 22:00:00] [INFO] reader get 3 
[2022-04-22 22:00:00] [INFO] start get result 
[2022-04-22 22:00:00] [INFO] end get result 6 
[2022-04-22 22:00:00] [INFO] reader get 6 
[2022-04-22 22:00:00] [INFO] start get result 
[2022-04-22 22:00:00] [INFO] end get result 5 
[2022-04-22 22:00:00] [INFO] reader get 5 
[2022-04-22 22:00:00] [INFO] start get result 
[2022-04-22 22:00:00] [INFO] end get result 18 
[2022-04-22 22:00:00] [INFO] reader get 18 
[2022-04-22 22:00:00] [INFO] start get result 
[2022-04-22 22:00:00] [INFO] end get result 19 
[2022-04-22 22:00:00] [INFO] reader get 19 
[2022-04-22 22:00:00] [INFO] start get result 
[2022-04-22 22:00:00] [INFO] end get result 20 
[2022-04-22 22:00:00] [INFO] reader get 20 
[2022-04-22 22:00:00] [INFO] start get result 
[2022-04-22 22:00:00] [INFO] end get result 11 
[2022-04-22 22:00:00] [INFO] reader get 11 
[2022-04-22 22:00:00] [INFO] start get result 
[2022-04-22 22:00:00] [INFO] end get result 12 
[2022-04-22 22:00:00] [INFO] reader get 12 
[2022-04-22 22:00:00] [INFO] start get result 
[2022-04-22 22:00:00] [INFO] end get result 13 
[2022-04-22 22:00:00] [INFO] reader get 13 
[2022-04-22 22:00:00] [INFO] start get result 
[2022-04-22 22:00:00] [INFO] end get result 14 
[2022-04-22 22:00:00] [INFO] reader get 14 
[2022-04-22 22:00:00] [INFO] start reader 
[2022-04-22 22:00:00] [INFO] end writer 
[2022-04-22 22:00:00] [INFO] end writer 
[2022-04-22 22:00:00] [INFO] end writer 
[2022-04-22 22:00:00] [INFO] start reader 
[2022-04-22 22:00:00] [INFO] writer send [7, 8, 9, 10] 
[2022-04-22 22:00:00] [INFO] end writer 
[2022-04-22 22:00:00] [INFO] start get result 
[2022-04-22 22:00:00] [INFO] end get result 15 
[2022-04-22 22:00:00] [INFO] reader get 15 
[2022-04-22 22:00:00] [INFO] start get result 
[2022-04-22 22:00:00] [INFO] end get result 17 
[2022-04-22 22:00:00] [INFO] reader get 17 
[2022-04-22 22:00:00] [INFO] start get result 
[2022-04-22 22:00:00] [INFO] end get result 7 
[2022-04-22 22:00:00] [INFO] reader get 7 
[2022-04-22 22:00:00] [INFO] start get result 
[2022-04-22 22:00:00] [INFO] end get result 8 
[2022-04-22 22:00:00] [INFO] reader get 8 
[2022-04-22 22:00:00] [INFO] writer send [14, 15, 16, 17] 
[2022-04-22 22:00:00] [INFO] end writer 
[2022-04-22 22:00:00] [INFO] writer send [11, 12, 13] 
[2022-04-22 22:00:00] [INFO] end writer 
[2022-04-22 22:00:00] [INFO] writer send [18, 19, 20] 
[2022-04-22 22:00:00] [INFO] end writer 
[2022-04-22 22:00:00] [INFO] start get result 
[2022-04-22 22:00:00] [INFO] end get result 4 
[2022-04-22 22:00:00] [INFO] reader get 4 
[2022-04-22 22:00:00] [INFO] start get result 
[2022-04-22 22:00:00] [INFO] start get result 
[2022-04-22 22:00:00] [INFO] end get result 2 
[2022-04-22 22:00:00] [INFO] start get result 
[2022-04-22 22:00:00] [INFO] end get result 10 
[2022-04-22 22:00:00] [INFO] reader get 10 
[2022-04-22 22:00:00] [INFO] start get result 
[2022-04-22 22:00:00] [INFO] start get result 
[2022-04-22 22:00:00] [INFO] end get result 9 
[2022-04-22 22:00:00] [INFO] start reader 
[2022-04-22 22:00:00] [INFO] start get result 
[2022-04-22 22:00:00] [INFO] end get result 16 
[2022-04-22 22:00:00] [INFO] reader get 9 
[2022-04-22 22:00:00] [INFO] start get result 
[2022-04-22 22:00:00] [INFO] reader get 2 
[2022-04-22 22:00:00] [INFO] start get result 
[2022-04-22 22:00:00] [INFO] start reader 
[2022-04-22 22:00:00] [INFO] reader get 16 
[2022-04-22 22:00:00] [INFO] start get result 
[2022-04-22 22:00:00] [INFO] start get result 
[2022-04-22 22:00:00] [INFO] start get result 
Exception in thread "Thread-62604" java.util.concurrent.TimeoutException
	at serie1.Ex4.BlockingMessageQueueFuture$MyFuture.get(BlockingMessageQueueFuture.kt:222)
	at serie1.ex4.FutureTest$blocking_message_multiple_send_receive$2$thread$1.invoke(BlockingMessageQueueWithFutureTest.kt:179)
	at serie1.ex4.FutureTest$blocking_message_multiple_send_receive$2$thread$1.invoke(BlockingMessageQueueWithFutureTest.kt:169)
	at kotlin.concurrent.ThreadsKt$thread$thread$1.run(Thread.kt:30)
Exception in thread "Thread-62605" java.util.concurrent.TimeoutException
	at serie1.Ex4.BlockingMessageQueueFuture$MyFuture.get(BlockingMessageQueueFuture.kt:222)
	at serie1.ex4.FutureTest$blocking_message_multiple_send_receive$2$thread$1.invoke(BlockingMessageQueueWithFutureTest.kt:179)
	at serie1.ex4.FutureTest$blocking_message_multiple_send_receive$2$thread$1.invoke(BlockingMessageQueueWithFutureTest.kt:169)
	at kotlin.concurrent.ThreadsKt$thread$thread$1.run(Thread.kt:30)
Exception in thread "Thread-62601" java.util.concurrent.TimeoutException
	at serie1.Ex4.BlockingMessageQueueFuture$MyFuture.get(BlockingMessageQueueFuture.kt:222)
	at serie1.ex4.FutureTest$blocking_message_multiple_send_receive$2$thread$1.invoke(BlockingMessageQueueWithFutureTest.kt:179)
	at serie1.ex4.FutureTest$blocking_message_multiple_send_receive$2$thread$1.invoke(BlockingMessageQueueWithFutureTest.kt:169)
	at kotlin.concurrent.ThreadsKt$thread$thread$1.run(Thread.kt:30)
Exception in thread "Thread-62599" java.util.concurrent.TimeoutException
	at serie1.Ex4.BlockingMessageQueueFuture$MyFuture.get(BlockingMessageQueueFuture.kt:222)
	at serie1.ex4.FutureTest$blocking_message_multiple_send_receive$2$thread$1.invoke(BlockingMessageQueueWithFutureTest.kt:179)
	at serie1.ex4.FutureTest$blocking_message_multiple_send_receive$2$thread$1.invoke(BlockingMessageQueueWithFutureTest.kt:169)
	at kotlin.concurrent.ThreadsKt$thread$thread$1.run(Thread.kt:30)
Exception in thread "Thread-62603" java.util.concurrent.TimeoutException
	at serie1.Ex4.BlockingMessageQueueFuture$MyFuture.get(BlockingMessageQueueFuture.kt:222)
	at serie1.ex4.FutureTest$blocking_message_multiple_send_receive$2$thread$1.invoke(BlockingMessageQueueWithFutureTest.kt:179)
	at serie1.ex4.FutureTest$blocking_message_multiple_send_receive$2$thread$1.invoke(BlockingMessageQueueWithFutureTest.kt:169)
	at kotlin.concurrent.ThreadsKt$thread$thread$1.run(Thread.kt:30)
Exception in thread "Thread-62600" java.util.concurrent.TimeoutException
	at serie1.Ex4.BlockingMessageQueueFuture$MyFuture.get(BlockingMessageQueueFuture.kt:222)
	at serie1.ex4.FutureTest$blocking_message_multiple_send_receive$2$thread$1.invoke(BlockingMessageQueueWithFutureTest.kt:179)
	at serie1.ex4.FutureTest$blocking_message_multiple_send_receive$2$thread$1.invoke(BlockingMessageQueueWithFutureTest.kt:169)
	at kotlin.concurrent.ThreadsKt$thread$thread$1.run(Thread.kt:30)
Exception in thread "Thread-62602" java.util.concurrent.TimeoutException
	at serie1.Ex4.BlockingMessageQueueFuture$MyFuture.get(BlockingMessageQueueFuture.kt:222)
	at serie1.ex4.FutureTest$blocking_message_multiple_send_receive$2$thread$1.invoke(BlockingMessageQueueWithFutureTest.kt:179)
	at serie1.ex4.FutureTest$blocking_message_multiple_send_receive$2$thread$1.invoke(BlockingMessageQueueWithFutureTest.kt:169)
	at kotlin.concurrent.ThreadsKt$thread$thread$1.run(Thread.kt:30)
[2022-04-22 22:00:02] [INFO] start writer 
[2022-04-22 22:00:02] [INFO] writer try send [1, 2, 3] 
[2022-04-22 22:00:02] [INFO] writer send [1, 2, 3] 
[2022-04-22 22:00:02] [INFO] writer try send [4, 5] 
[2022-04-22 22:00:02] [INFO] writer send [4, 5] 
[2022-04-22 22:00:02] [INFO] writer try send [6] 
[2022-04-22 22:00:02] [INFO] writer send [6] 
[2022-04-22 22:00:02] [INFO] writer try send [7, 8, 9, 10] 
[2022-04-22 22:00:02] [INFO] start writer 
[2022-04-22 22:00:02] [INFO] start writer 
[2022-04-22 22:00:02] [INFO] start writer 
[2022-04-22 22:00:02] [INFO] writer try send [18, 19, 20] 
[2022-04-22 22:00:02] [INFO] start writer 
[2022-04-22 22:00:02] [INFO] end writer 
[2022-04-22 22:00:02] [INFO] start writer 
[2022-04-22 22:00:02] [INFO] end writer 
[2022-04-22 22:00:02] [INFO] start writer 
[2022-04-22 22:00:02] [INFO] end writer 
[2022-04-22 22:00:02] [INFO] writer try send [14, 15, 16, 17] 
[2022-04-22 22:00:02] [INFO] writer try send [11, 12, 13] 
[2022-04-22 22:00:02] [INFO] start reader 
[2022-04-22 22:00:02] [INFO] start writer 
[2022-04-22 22:00:02] [INFO] end writer 
[2022-04-22 22:00:02] [INFO] start reader 
[2022-04-22 22:00:02] [INFO] start reader 
[2022-04-22 22:00:02] [INFO] start get result 
[2022-04-22 22:00:02] [INFO] end get result 1 
[2022-04-22 22:00:02] [INFO] start reader 
[2022-04-22 22:00:02] [INFO] writer send [18, 19, 20] 
[2022-04-22 22:00:02] [INFO] end writer 
[2022-04-22 22:00:02] [INFO] start reader 
[2022-04-22 22:00:02] [INFO] start get result 
[2022-04-22 22:00:02] [INFO] end get result 2 
[2022-04-22 22:00:02] [INFO] reader get 2 
[2022-04-22 22:00:02] [INFO] reader get 1 
[2022-04-22 22:00:02] [INFO] writer send [11, 12, 13] 
[2022-04-22 22:00:02] [INFO] end writer 
[2022-04-22 22:00:02] [INFO] start get result 
[2022-04-22 22:00:02] [INFO] end get result 5 
[2022-04-22 22:00:02] [INFO] reader get 5 
[2022-04-22 22:00:02] [INFO] start get result 
[2022-04-22 22:00:02] [INFO] end get result 19 
[2022-04-22 22:00:02] [INFO] start get result 
[2022-04-22 22:00:02] [INFO] end get result 4 
[2022-04-22 22:00:02] [INFO] reader get 4 
[2022-04-22 22:00:02] [INFO] start get result 
[2022-04-22 22:00:02] [INFO] end get result 3 
[2022-04-22 22:00:02] [INFO] writer send [7, 8, 9, 10] 
[2022-04-22 22:00:02] [INFO] end writer 
[2022-04-22 22:00:02] [INFO] start reader 
[2022-04-22 22:00:02] [INFO] reader get 3 
[2022-04-22 22:00:02] [INFO] start get result 
[2022-04-22 22:00:02] [INFO] end get result 11 
[2022-04-22 22:00:02] [INFO] reader get 11 
[2022-04-22 22:00:02] [INFO] start get result 
[2022-04-22 22:00:02] [INFO] end get result 12 
[2022-04-22 22:00:02] [INFO] reader get 12 
[2022-04-22 22:00:02] [INFO] start get result 
[2022-04-22 22:00:02] [INFO] end get result 13 
[2022-04-22 22:00:02] [INFO] reader get 13 
[2022-04-22 22:00:02] [INFO] start get result 
[2022-04-22 22:00:02] [INFO] end get result 7 
[2022-04-22 22:00:02] [INFO] reader get 7 
[2022-04-22 22:00:02] [INFO] start get result 
[2022-04-22 22:00:02] [INFO] end get result 8 
[2022-04-22 22:00:02] [INFO] reader get 8 
[2022-04-22 22:00:02] [INFO] start get result 
[2022-04-22 22:00:02] [INFO] end get result 10 
[2022-04-22 22:00:02] [INFO] reader get 10 
[2022-04-22 22:00:02] [INFO] start get result 
[2022-04-22 22:00:02] [INFO] end get result 14 
[2022-04-22 22:00:02] [INFO] start get result 
[2022-04-22 22:00:02] [INFO] end get result 20 
[2022-04-22 22:00:02] [INFO] reader get 20 
[2022-04-22 22:00:02] [INFO] start get result 
[2022-04-22 22:00:02] [INFO] end get result 15 
[2022-04-22 22:00:02] [INFO] reader get 15 
[2022-04-22 22:00:02] [INFO] start get result 
[2022-04-22 22:00:02] [INFO] end get result 16 
[2022-04-22 22:00:02] [INFO] reader get 16 
[2022-04-22 22:00:02] [INFO] start get result 
[2022-04-22 22:00:02] [INFO] end get result 17 
[2022-04-22 22:00:02] [INFO] reader get 17 
[2022-04-22 22:00:02] [INFO] start get result 
[2022-04-22 22:00:02] [INFO] reader get 19 
[2022-04-22 22:00:02] [INFO] start get result 
[2022-04-22 22:00:02] [INFO] start get result 
[2022-04-22 22:00:02] [INFO] end get result 18 
[2022-04-22 22:00:02] [INFO] reader get 18 
[2022-04-22 22:00:02] [INFO] start get result 
[2022-04-22 22:00:02] [INFO] start get result 
[2022-04-22 22:00:02] [INFO] end get result 6 
[2022-04-22 22:00:02] [INFO] reader get 6 
[2022-04-22 22:00:02] [INFO] start get result 
[2022-04-22 22:00:02] [INFO] reader get 14 
[2022-04-22 22:00:02] [INFO] start get result 
[2022-04-22 22:00:02] [INFO] start get result 
[2022-04-22 22:00:02] [INFO] end get result 9 
[2022-04-22 22:00:02] [INFO] reader get 9 
[2022-04-22 22:00:02] [INFO] start get result 
[2022-04-22 22:00:02] [INFO] writer send [14, 15, 16, 17] 
[2022-04-22 22:00:02] [INFO] end writer 
[2022-04-22 22:00:02] [INFO] start reader 
[2022-04-22 22:00:02] [INFO] start get result 
Exception in thread "Thread-62616" java.util.concurrent.TimeoutException
	at serie1.Ex4.BlockingMessageQueueFuture$MyFuture.get(BlockingMessageQueueFuture.kt:222)
	at serie1.ex4.FutureTest$blocking_message_multiple_send_receive$2$thread$1.invoke(BlockingMessageQueueWithFutureTest.kt:179)
	at serie1.ex4.FutureTest$blocking_message_multiple_send_receive$2$thread$1.invoke(BlockingMessageQueueWithFutureTest.kt:169)
	at kotlin.concurrent.ThreadsKt$thread$thread$1.run(Thread.kt:30)
Exception in thread "Thread-62615" java.util.concurrent.TimeoutException
	at serie1.Ex4.BlockingMessageQueueFuture$MyFuture.get(BlockingMessageQueueFuture.kt:222)
	at serie1.ex4.FutureTest$blocking_message_multiple_send_receive$2$thread$1.invoke(BlockingMessageQueueWithFutureTest.kt:179)
	at serie1.ex4.FutureTest$blocking_message_multiple_send_receive$2$thread$1.invoke(BlockingMessageQueueWithFutureTest.kt:169)
	at kotlin.concurrent.ThreadsKt$thread$thread$1.run(Thread.kt:30)
Exception in thread "Thread-62617" java.util.concurrent.TimeoutException
	at serie1.Ex4.BlockingMessageQueueFuture$MyFuture.get(BlockingMessageQueueFuture.kt:222)
	at serie1.ex4.FutureTest$blocking_message_multiple_send_receive$2$thread$1.invoke(BlockingMessageQueueWithFutureTest.kt:179)
	at serie1.ex4.FutureTest$blocking_message_multiple_send_receive$2$thread$1.invoke(BlockingMessageQueueWithFutureTest.kt:169)
	at kotlin.concurrent.ThreadsKt$thread$thread$1.run(Thread.kt:30)
Exception in thread "Thread-62621" java.util.concurrent.TimeoutException
	at serie1.Ex4.BlockingMessageQueueFuture$MyFuture.get(BlockingMessageQueueFuture.kt:222)
	at serie1.ex4.FutureTest$blocking_message_multiple_send_receive$2$thread$1.invoke(BlockingMessageQueueWithFutureTest.kt:179)
	at serie1.ex4.FutureTest$blocking_message_multiple_send_receive$2$thread$1.invoke(BlockingMessageQueueWithFutureTest.kt:169)
	at kotlin.concurrent.ThreadsKt$thread$thread$1.run(Thread.kt:30)
Exception in thread "Thread-62619" java.util.concurrent.TimeoutException
	at serie1.Ex4.BlockingMessageQueueFuture$MyFuture.get(BlockingMessageQueueFuture.kt:222)
	at serie1.ex4.FutureTest$blocking_message_multiple_send_receive$2$thread$1.invoke(BlockingMessageQueueWithFutureTest.kt:179)
	at serie1.ex4.FutureTest$blocking_message_multiple_send_receive$2$thread$1.invoke(BlockingMessageQueueWithFutureTest.kt:169)
	at kotlin.concurrent.ThreadsKt$thread$thread$1.run(Thread.kt:30)
Exception in thread "Thread-62620" java.util.concurrent.TimeoutException
	at serie1.Ex4.BlockingMessageQueueFuture$MyFuture.get(BlockingMessageQueueFuture.kt:222)
	at serie1.ex4.FutureTest$blocking_message_multiple_send_receive$2$thread$1.invoke(BlockingMessageQueueWithFutureTest.kt:179)
	at serie1.ex4.FutureTest$blocking_message_multiple_send_receive$2$thread$1.invoke(BlockingMessageQueueWithFutureTest.kt:169)
	at kotlin.concurrent.ThreadsKt$thread$thread$1.run(Thread.kt:30)
Exception in thread "Thread-62618" java.util.concurrent.TimeoutException
	at serie1.Ex4.BlockingMessageQueueFuture$MyFuture.get(BlockingMessageQueueFuture.kt:222)
	at serie1.ex4.FutureTest$blocking_message_multiple_send_receive$2$thread$1.invoke(BlockingMessageQueueWithFutureTest.kt:179)
	at serie1.ex4.FutureTest$blocking_message_multiple_send_receive$2$thread$1.invoke(BlockingMessageQueueWithFutureTest.kt:169)
	at kotlin.concurrent.ThreadsKt$thread$thread$1.run(Thread.kt:30)
[2022-04-22 22:00:04] [INFO] start writer 
[2022-04-22 22:00:04] [INFO] writer try send [1, 2, 3] 
[2022-04-22 22:00:04] [INFO] start writer 
[2022-04-22 22:00:04] [INFO] writer try send [4, 5] 
[2022-04-22 22:00:04] [INFO] writer send [4, 5] 
[2022-04-22 22:00:04] [INFO] writer try send [6] 
[2022-04-22 22:00:04] [INFO] writer send [6] 
[2022-04-22 22:00:04] [INFO] writer try send [7, 8, 9, 10] 
[2022-04-22 22:00:04] [INFO] writer send [1, 2, 3] 
[2022-04-22 22:00:04] [INFO] writer try send [11, 12, 13] 
[2022-04-22 22:00:04] [INFO] start writer 
[2022-04-22 22:00:04] [INFO] writer try send [14, 15, 16, 17] 
[2022-04-22 22:00:04] [INFO] start writer 
[2022-04-22 22:00:04] [INFO] writer try send [18, 19, 20] 
[2022-04-22 22:00:04] [INFO] start writer 
[2022-04-22 22:00:04] [INFO] end writer 
[2022-04-22 22:00:04] [INFO] start writer 
[2022-04-22 22:00:04] [INFO] end writer 
[2022-04-22 22:00:04] [INFO] start reader 
[2022-04-22 22:00:04] [INFO] start writer 
[2022-04-22 22:00:04] [INFO] end writer 
[2022-04-22 22:00:04] [INFO] start writer 
[2022-04-22 22:00:04] [INFO] end writer 
[2022-04-22 22:00:04] [INFO] start reader 
[2022-04-22 22:00:04] [INFO] start get result 
[2022-04-22 22:00:04] [INFO] start reader 
[2022-04-22 22:00:04] [INFO] end get result 1 
[2022-04-22 22:00:04] [INFO] reader get 1 
[2022-04-22 22:00:04] [INFO] start get result 
[2022-04-22 22:00:04] [INFO] end get result 2 
[2022-04-22 22:00:04] [INFO] start reader 
[2022-04-22 22:00:04] [INFO] start get result 
[2022-04-22 22:00:04] [INFO] end get result 3 
[2022-04-22 22:00:04] [INFO] reader get 3 
[2022-04-22 22:00:04] [INFO] start get result 
[2022-04-22 22:00:04] [INFO] end get result 5 
[2022-04-22 22:00:04] [INFO] writer send [18, 19, 20] 
[2022-04-22 22:00:04] [INFO] end writer 
[2022-04-22 22:00:04] [INFO] start get result 
[2022-04-22 22:00:04] [INFO] end get result 6 
[2022-04-22 22:00:04] [INFO] reader get 6 
[2022-04-22 22:00:04] [INFO] start get result 
[2022-04-22 22:00:04] [INFO] end get result 11 
[2022-04-22 22:00:04] [INFO] reader get 11 
[2022-04-22 22:00:04] [INFO] start get result 
[2022-04-22 22:00:04] [INFO] writer send [14, 15, 16, 17] 
[2022-04-22 22:00:04] [INFO] end writer 
[2022-04-22 22:00:04] [INFO] reader get 2 
[2022-04-22 22:00:04] [INFO] start get result 
[2022-04-22 22:00:04] [INFO] end get result 13 
[2022-04-22 22:00:04] [INFO] reader get 13 
[2022-04-22 22:00:04] [INFO] writer send [11, 12, 13] 
[2022-04-22 22:00:04] [INFO] end writer 
[2022-04-22 22:00:04] [INFO] start get result 
[2022-04-22 22:00:04] [INFO] end get result 18 
[2022-04-22 22:00:04] [INFO] reader get 18 
[2022-04-22 22:00:04] [INFO] start get result 
[2022-04-22 22:00:04] [INFO] end get result 19 
[2022-04-22 22:00:04] [INFO] reader get 19 
[2022-04-22 22:00:04] [INFO] start get result 
[2022-04-22 22:00:04] [INFO] end get result 20 
[2022-04-22 22:00:04] [INFO] reader get 20 
[2022-04-22 22:00:04] [INFO] start get result 
[2022-04-22 22:00:04] [INFO] end get result 14 
[2022-04-22 22:00:04] [INFO] end get result 12 
[2022-04-22 22:00:04] [INFO] reader get 12 
[2022-04-22 22:00:04] [INFO] start get result 
[2022-04-22 22:00:04] [INFO] end get result 15 
[2022-04-22 22:00:04] [INFO] reader get 15 
[2022-04-22 22:00:04] [INFO] start get result 
[2022-04-22 22:00:04] [INFO] end get result 16 
[2022-04-22 22:00:04] [INFO] reader get 16 
[2022-04-22 22:00:04] [INFO] start get result 
[2022-04-22 22:00:04] [INFO] end get result 17 
[2022-04-22 22:00:04] [INFO] reader get 17 
[2022-04-22 22:00:04] [INFO] start get result 
[2022-04-22 22:00:04] [INFO] end get result 7 
[2022-04-22 22:00:04] [INFO] reader get 7 
[2022-04-22 22:00:04] [INFO] start get result 
[2022-04-22 22:00:04] [INFO] end get result 8 
[2022-04-22 22:00:04] [INFO] reader get 8 
[2022-04-22 22:00:04] [INFO] start get result 
[2022-04-22 22:00:04] [INFO] end get result 9 
[2022-04-22 22:00:04] [INFO] reader get 9 
[2022-04-22 22:00:04] [INFO] start get result 
[2022-04-22 22:00:04] [INFO] end get result 10 
[2022-04-22 22:00:04] [INFO] reader get 10 
[2022-04-22 22:00:04] [INFO] start get result 
[2022-04-22 22:00:04] [INFO] reader get 5 
[2022-04-22 22:00:04] [INFO] start get result 
[2022-04-22 22:00:04] [INFO] start get result 
[2022-04-22 22:00:04] [INFO] end get result 4 
[2022-04-22 22:00:04] [INFO] reader get 4 
[2022-04-22 22:00:04] [INFO] start get result 
[2022-04-22 22:00:04] [INFO] start reader 
[2022-04-22 22:00:04] [INFO] reader get 14 
[2022-04-22 22:00:04] [INFO] start get result 
[2022-04-22 22:00:04] [INFO] writer send [7, 8, 9, 10] 
[2022-04-22 22:00:04] [INFO] end writer 
[2022-04-22 22:00:04] [INFO] start reader 
[2022-04-22 22:00:04] [INFO] start get result 
[2022-04-22 22:00:04] [INFO] start reader 
[2022-04-22 22:00:04] [INFO] start get result 
[2022-04-22 22:00:04] [INFO] start get result 
Exception in thread "Thread-62634" java.util.concurrent.TimeoutException
	at serie1.Ex4.BlockingMessageQueueFuture$MyFuture.get(BlockingMessageQueueFuture.kt:222)
	at serie1.ex4.FutureTest$blocking_message_multiple_send_receive$2$thread$1.invoke(BlockingMessageQueueWithFutureTest.kt:179)
	at serie1.ex4.FutureTest$blocking_message_multiple_send_receive$2$thread$1.invoke(BlockingMessageQueueWithFutureTest.kt:169)
	at kotlin.concurrent.ThreadsKt$thread$thread$1.run(Thread.kt:30)
Exception in thread "Thread-62632" java.util.concurrent.TimeoutException
	at serie1.Ex4.BlockingMessageQueueFuture$MyFuture.get(BlockingMessageQueueFuture.kt:222)
	at serie1.ex4.FutureTest$blocking_message_multiple_send_receive$2$thread$1.invoke(BlockingMessageQueueWithFutureTest.kt:179)
	at serie1.ex4.FutureTest$blocking_message_multiple_send_receive$2$thread$1.invoke(BlockingMessageQueueWithFutureTest.kt:169)
	at kotlin.concurrent.ThreadsKt$thread$thread$1.run(Thread.kt:30)
Exception in thread "Thread-62631" java.util.concurrent.TimeoutException
	at serie1.Ex4.BlockingMessageQueueFuture$MyFuture.get(BlockingMessageQueueFuture.kt:222)
	at serie1.ex4.FutureTest$blocking_message_multiple_send_receive$2$thread$1.invoke(BlockingMessageQueueWithFutureTest.kt:179)
	at serie1.ex4.FutureTest$blocking_message_multiple_send_receive$2$thread$1.invoke(BlockingMessageQueueWithFutureTest.kt:169)
	at kotlin.concurrent.ThreadsKt$thread$thread$1.run(Thread.kt:30)
Exception in thread "Thread-62635" java.util.concurrent.TimeoutException
	at serie1.Ex4.BlockingMessageQueueFuture$MyFuture.get(BlockingMessageQueueFuture.kt:222)
	at serie1.ex4.FutureTest$blocking_message_multiple_send_receive$2$thread$1.invoke(BlockingMessageQueueWithFutureTest.kt:179)
	at serie1.ex4.FutureTest$blocking_message_multiple_send_receive$2$thread$1.invoke(BlockingMessageQueueWithFutureTest.kt:169)
	at kotlin.concurrent.ThreadsKt$thread$thread$1.run(Thread.kt:30)
Exception in thread "Thread-62637" java.util.concurrent.TimeoutException
	at serie1.Ex4.BlockingMessageQueueFuture$MyFuture.get(BlockingMessageQueueFuture.kt:222)
	at serie1.ex4.FutureTest$blocking_message_multiple_send_receive$2$thread$1.invoke(BlockingMessageQueueWithFutureTest.kt:179)
	at serie1.ex4.FutureTest$blocking_message_multiple_send_receive$2$thread$1.invoke(BlockingMessageQueueWithFutureTest.kt:169)
	at kotlin.concurrent.ThreadsKt$thread$thread$1.run(Thread.kt:30)
Exception in thread "Thread-62636" java.util.concurrent.TimeoutException
	at serie1.Ex4.BlockingMessageQueueFuture$MyFuture.get(BlockingMessageQueueFuture.kt:222)
	at serie1.ex4.FutureTest$blocking_message_multiple_send_receive$2$thread$1.invoke(BlockingMessageQueueWithFutureTest.kt:179)
	at serie1.ex4.FutureTest$blocking_message_multiple_send_receive$2$thread$1.invoke(BlockingMessageQueueWithFutureTest.kt:169)
	at kotlin.concurrent.ThreadsKt$thread$thread$1.run(Thread.kt:30)
Exception in thread "Thread-62633" java.util.concurrent.TimeoutException
	at serie1.Ex4.BlockingMessageQueueFuture$MyFuture.get(BlockingMessageQueueFuture.kt:222)
	at serie1.ex4.FutureTest$blocking_message_multiple_send_receive$2$thread$1.invoke(BlockingMessageQueueWithFutureTest.kt:179)
	at serie1.ex4.FutureTest$blocking_message_multiple_send_receive$2$thread$1.invoke(BlockingMessageQueueWithFutureTest.kt:169)
	at kotlin.concurrent.ThreadsKt$thread$thread$1.run(Thread.kt:30)
[2022-04-22 22:00:06] [INFO] start writer 
[2022-04-22 22:00:06] [INFO] writer try send [1, 2, 3] 
[2022-04-22 22:00:06] [INFO] writer send [1, 2, 3] 
[2022-04-22 22:00:06] [INFO] writer try send [4, 5] 
[2022-04-22 22:00:06] [INFO] writer send [4, 5] 
[2022-04-22 22:00:06] [INFO] start writer 
[2022-04-22 22:00:06] [INFO] writer try send [7, 8, 9, 10] 
[2022-04-22 22:00:06] [INFO] writer send [7, 8, 9, 10] 
[2022-04-22 22:00:06] [INFO] start writer 
[2022-04-22 22:00:06] [INFO] writer try send [14, 15, 16, 17] 
[2022-04-22 22:00:06] [INFO] writer try send [6] 
[2022-04-22 22:00:06] [INFO] start writer 
[2022-04-22 22:00:06] [INFO] writer try send [18, 19, 20] 
[2022-04-22 22:00:06] [INFO] start writer 
[2022-04-22 22:00:06] [INFO] end writer 
[2022-04-22 22:00:06] [INFO] start writer 
[2022-04-22 22:00:06] [INFO] end writer 
[2022-04-22 22:00:06] [INFO] start reader 
[2022-04-22 22:00:06] [INFO] writer try send [11, 12, 13] 
[2022-04-22 22:00:06] [INFO] start writer 
[2022-04-22 22:00:06] [INFO] end writer 
[2022-04-22 22:00:06] [INFO] start writer 
[2022-04-22 22:00:06] [INFO] end writer 
[2022-04-22 22:00:06] [INFO] start reader 
[2022-04-22 22:00:06] [INFO] start get result 
[2022-04-22 22:00:06] [INFO] end get result 1 
[2022-04-22 22:00:06] [INFO] reader get 1 
[2022-04-22 22:00:06] [INFO] start get result 
[2022-04-22 22:00:06] [INFO] end get result 2 
[2022-04-22 22:00:06] [INFO] reader get 2 
[2022-04-22 22:00:06] [INFO] start reader 
[2022-04-22 22:00:06] [INFO] start get result 
[2022-04-22 22:00:06] [INFO] end get result 4 
[2022-04-22 22:00:06] [INFO] reader get 4 
[2022-04-22 22:00:06] [INFO] start get result 
[2022-04-22 22:00:06] [INFO] end get result 5 
[2022-04-22 22:00:06] [INFO] reader get 5 
[2022-04-22 22:00:06] [INFO] start get result 
[2022-04-22 22:00:06] [INFO] end get result 7 
[2022-04-22 22:00:06] [INFO] reader get 7 
[2022-04-22 22:00:06] [INFO] start get result 
[2022-04-22 22:00:06] [INFO] end get result 8 
[2022-04-22 22:00:06] [INFO] reader get 8 
[2022-04-22 22:00:06] [INFO] start get result 
[2022-04-22 22:00:06] [INFO] end get result 10 
[2022-04-22 22:00:06] [INFO] reader get 10 
[2022-04-22 22:00:06] [INFO] start get result 
[2022-04-22 22:00:06] [INFO] end get result 6 
[2022-04-22 22:00:06] [INFO] reader get 6 
[2022-04-22 22:00:06] [INFO] start get result 
[2022-04-22 22:00:06] [INFO] end get result 11 
[2022-04-22 22:00:06] [INFO] start get result 
[2022-04-22 22:00:06] [INFO] end get result 3 
[2022-04-22 22:00:06] [INFO] reader get 3 
[2022-04-22 22:00:06] [INFO] start get result 
[2022-04-22 22:00:06] [INFO] end get result 12 
[2022-04-22 22:00:06] [INFO] reader get 12 
[2022-04-22 22:00:06] [INFO] start get result 
[2022-04-22 22:00:06] [INFO] writer send [6] 
[2022-04-22 22:00:06] [INFO] end writer 
[2022-04-22 22:00:06] [INFO] end get result 13 
[2022-04-22 22:00:06] [INFO] reader get 13 
[2022-04-22 22:00:06] [INFO] start get result 
[2022-04-22 22:00:06] [INFO] end get result 18 
[2022-04-22 22:00:06] [INFO] reader get 18 
[2022-04-22 22:00:06] [INFO] start get result 
[2022-04-22 22:00:06] [INFO] end get result 19 
[2022-04-22 22:00:06] [INFO] reader get 19 
[2022-04-22 22:00:06] [INFO] start get result 
[2022-04-22 22:00:06] [INFO] end get result 20 
[2022-04-22 22:00:06] [INFO] reader get 20 
[2022-04-22 22:00:06] [INFO] start get result 
[2022-04-22 22:00:06] [INFO] end get result 14 
[2022-04-22 22:00:06] [INFO] reader get 14 
[2022-04-22 22:00:06] [INFO] start get result 
[2022-04-22 22:00:06] [INFO] end get result 15 
[2022-04-22 22:00:06] [INFO] reader get 15 
[2022-04-22 22:00:06] [INFO] start get result 
[2022-04-22 22:00:06] [INFO] end get result 16 
[2022-04-22 22:00:06] [INFO] reader get 16 
[2022-04-22 22:00:06] [INFO] start get result 
[2022-04-22 22:00:06] [INFO] end get result 17 
[2022-04-22 22:00:06] [INFO] reader get 17 
[2022-04-22 22:00:06] [INFO] start get result 
[2022-04-22 22:00:06] [INFO] writer send [14, 15, 16, 17] 
[2022-04-22 22:00:06] [INFO] end writer 
[2022-04-22 22:00:06] [INFO] reader get 11 
[2022-04-22 22:00:06] [INFO] start get result 
[2022-04-22 22:00:06] [INFO] writer send [18, 19, 20] 
[2022-04-22 22:00:06] [INFO] end writer 
[2022-04-22 22:00:06] [INFO] start get result 
[2022-04-22 22:00:06] [INFO] end get result 9 
[2022-04-22 22:00:06] [INFO] reader get 9 
[2022-04-22 22:00:06] [INFO] start get result 
[2022-04-22 22:00:06] [INFO] start reader 
[2022-04-22 22:00:06] [INFO] writer send [11, 12, 13] 
[2022-04-22 22:00:06] [INFO] end writer 
[2022-04-22 22:00:06] [INFO] start reader 
[2022-04-22 22:00:06] [INFO] start reader 
[2022-04-22 22:00:06] [INFO] start reader 
[2022-04-22 22:00:06] [INFO] start get result 
[2022-04-22 22:00:06] [INFO] start get result 
[2022-04-22 22:00:06] [INFO] start get result 
[2022-04-22 22:00:06] [INFO] start get result 
Exception in thread "Thread-62652" java.util.concurrent.TimeoutException
	at serie1.Ex4.BlockingMessageQueueFuture$MyFuture.get(BlockingMessageQueueFuture.kt:222)
	at serie1.ex4.FutureTest$blocking_message_multiple_send_receive$2$thread$1.invoke(BlockingMessageQueueWithFutureTest.kt:179)
	at serie1.ex4.FutureTest$blocking_message_multiple_send_receive$2$thread$1.invoke(BlockingMessageQueueWithFutureTest.kt:169)
	at kotlin.concurrent.ThreadsKt$thread$thread$1.run(Thread.kt:30)
Exception in thread "Thread-62647" java.util.concurrent.TimeoutException
	at serie1.Ex4.BlockingMessageQueueFuture$MyFuture.get(BlockingMessageQueueFuture.kt:222)
	at serie1.ex4.FutureTest$blocking_message_multiple_send_receive$2$thread$1.invoke(BlockingMessageQueueWithFutureTest.kt:179)
	at serie1.ex4.FutureTest$blocking_message_multiple_send_receive$2$thread$1.invoke(BlockingMessageQueueWithFutureTest.kt:169)
	at kotlin.concurrent.ThreadsKt$thread$thread$1.run(Thread.kt:30)
Exception in thread "Thread-62648" java.util.concurrent.TimeoutException
	at serie1.Ex4.BlockingMessageQueueFuture$MyFuture.get(BlockingMessageQueueFuture.kt:222)
	at serie1.ex4.FutureTest$blocking_message_multiple_send_receive$2$thread$1.invoke(BlockingMessageQueueWithFutureTest.kt:179)
	at serie1.ex4.FutureTest$blocking_message_multiple_send_receive$2$thread$1.invoke(BlockingMessageQueueWithFutureTest.kt:169)
	at kotlin.concurrent.ThreadsKt$thread$thread$1.run(Thread.kt:30)
Exception in thread "Thread-62650" java.util.concurrent.TimeoutException
	at serie1.Ex4.BlockingMessageQueueFuture$MyFuture.get(BlockingMessageQueueFuture.kt:222)
	at serie1.ex4.FutureTest$blocking_message_multiple_send_receive$2$thread$1.invoke(BlockingMessageQueueWithFutureTest.kt:179)
	at serie1.ex4.FutureTest$blocking_message_multiple_send_receive$2$thread$1.invoke(BlockingMessageQueueWithFutureTest.kt:169)
	at kotlin.concurrent.ThreadsKt$thread$thread$1.run(Thread.kt:30)
Exception in thread "Thread-62649" java.util.concurrent.TimeoutException
	at serie1.Ex4.BlockingMessageQueueFuture$MyFuture.get(BlockingMessageQueueFuture.kt:222)
	at serie1.ex4.FutureTest$blocking_message_multiple_send_receive$2$thread$1.invoke(BlockingMessageQueueWithFutureTest.kt:179)
	at serie1.ex4.FutureTest$blocking_message_multiple_send_receive$2$thread$1.invoke(BlockingMessageQueueWithFutureTest.kt:169)
	at kotlin.concurrent.ThreadsKt$thread$thread$1.run(Thread.kt:30)
Exception in thread "Thread-62651" java.util.concurrent.TimeoutException
	at serie1.Ex4.BlockingMessageQueueFuture$MyFuture.get(BlockingMessageQueueFuture.kt:222)
	at serie1.ex4.FutureTest$blocking_message_multiple_send_receive$2$thread$1.invoke(BlockingMessageQueueWithFutureTest.kt:179)
	at serie1.ex4.FutureTest$blocking_message_multiple_send_receive$2$thread$1.invoke(BlockingMessageQueueWithFutureTest.kt:169)
	at kotlin.concurrent.ThreadsKt$thread$thread$1.run(Thread.kt:30)
Exception in thread "Thread-62653" java.util.concurrent.TimeoutException
	at serie1.Ex4.BlockingMessageQueueFuture$MyFuture.get(BlockingMessageQueueFuture.kt:222)
	at serie1.ex4.FutureTest$blocking_message_multiple_send_receive$2$thread$1.invoke(BlockingMessageQueueWithFutureTest.kt:179)
	at serie1.ex4.FutureTest$blocking_message_multiple_send_receive$2$thread$1.invoke(BlockingMessageQueueWithFutureTest.kt:169)
	at kotlin.concurrent.ThreadsKt$thread$thread$1.run(Thread.kt:30)
[2022-04-22 22:00:08] [INFO] start writer 
[2022-04-22 22:00:08] [INFO] writer try send [1, 2, 3] 
[2022-04-22 22:00:08] [INFO] start writer 
[2022-04-22 22:00:08] [INFO] writer try send [4, 5] 
[2022-04-22 22:00:08] [INFO] start writer 
[2022-04-22 22:00:08] [INFO] start writer 
[2022-04-22 22:00:08] [INFO] start writer 
[2022-04-22 22:00:08] [INFO] writer try send [11, 12, 13] 
[2022-04-22 22:00:08] [INFO] writer send [11, 12, 13] 
[2022-04-22 22:00:08] [INFO] writer try send [14, 15, 16, 17] 
[2022-04-22 22:00:08] [INFO] start writer 
[2022-04-22 22:00:08] [INFO] writer try send [18, 19, 20] 
[2022-04-22 22:00:08] [INFO] start writer 
[2022-04-22 22:00:08] [INFO] end writer 
[2022-04-22 22:00:08] [INFO] writer send [1, 2, 3] 
[2022-04-22 22:00:08] [INFO] end writer 
[2022-04-22 22:00:08] [INFO] start writer 
[2022-04-22 22:00:08] [INFO] end writer 
[2022-04-22 22:00:08] [INFO] writer try send [7, 8, 9, 10] 
[2022-04-22 22:00:08] [INFO] writer try send [6] 
[2022-04-22 22:00:08] [INFO] start reader 
[2022-04-22 22:00:08] [INFO] writer send [4, 5] 
[2022-04-22 22:00:08] [INFO] end writer 
[2022-04-22 22:00:08] [INFO] start reader 
[2022-04-22 22:00:08] [INFO] writer send [6] 
[2022-04-22 22:00:08] [INFO] end writer 
[2022-04-22 22:00:08] [INFO] start reader 
[2022-04-22 22:00:08] [INFO] start get result 
[2022-04-22 22:00:08] [INFO] start reader 
[2022-04-22 22:00:08] [INFO] start get result 
[2022-04-22 22:00:08] [INFO] end get result 1 
[2022-04-22 22:00:08] [INFO] reader get 1 
[2022-04-22 22:00:08] [INFO] start get result 
[2022-04-22 22:00:08] [INFO] end get result 3 
[2022-04-22 22:00:08] [INFO] reader get 3 
[2022-04-22 22:00:08] [INFO] start get result 
[2022-04-22 22:00:08] [INFO] end get result 5 
[2022-04-22 22:00:08] [INFO] reader get 5 
[2022-04-22 22:00:08] [INFO] start get result 
[2022-04-22 22:00:08] [INFO] end get result 11 
[2022-04-22 22:00:08] [INFO] reader get 11 
[2022-04-22 22:00:08] [INFO] start get result 
[2022-04-22 22:00:08] [INFO] end get result 12 
[2022-04-22 22:00:08] [INFO] reader get 12 
[2022-04-22 22:00:08] [INFO] start get result 
[2022-04-22 22:00:08] [INFO] end get result 6 
[2022-04-22 22:00:08] [INFO] reader get 6 
[2022-04-22 22:00:08] [INFO] start get result 
[2022-04-22 22:00:08] [INFO] end get result 18 
[2022-04-22 22:00:08] [INFO] reader get 18 
[2022-04-22 22:00:08] [INFO] start get result 
[2022-04-22 22:00:08] [INFO] end get result 19 
[2022-04-22 22:00:08] [INFO] reader get 19 
[2022-04-22 22:00:08] [INFO] start get result 
[2022-04-22 22:00:08] [INFO] end get result 20 
[2022-04-22 22:00:08] [INFO] reader get 20 
[2022-04-22 22:00:08] [INFO] start get result 
[2022-04-22 22:00:08] [INFO] end get result 7 
[2022-04-22 22:00:08] [INFO] reader get 7 
[2022-04-22 22:00:08] [INFO] start get result 
[2022-04-22 22:00:08] [INFO] end get result 8 
[2022-04-22 22:00:08] [INFO] reader get 8 
[2022-04-22 22:00:08] [INFO] start reader 
[2022-04-22 22:00:08] [INFO] end get result 2 
[2022-04-22 22:00:08] [INFO] reader get 2 
[2022-04-22 22:00:08] [INFO] start get result 
[2022-04-22 22:00:08] [INFO] end get result 10 
[2022-04-22 22:00:08] [INFO] reader get 10 
[2022-04-22 22:00:08] [INFO] writer send [18, 19, 20] 
[2022-04-22 22:00:08] [INFO] end writer 
[2022-04-22 22:00:08] [INFO] start get result 
[2022-04-22 22:00:08] [INFO] end get result 15 
[2022-04-22 22:00:08] [INFO] reader get 15 
[2022-04-22 22:00:08] [INFO] start get result 
[2022-04-22 22:00:08] [INFO] end get result 16 
[2022-04-22 22:00:08] [INFO] reader get 16 
[2022-04-22 22:00:08] [INFO] start get result 
[2022-04-22 22:00:08] [INFO] end get result 17 
[2022-04-22 22:00:08] [INFO] reader get 17 
[2022-04-22 22:00:08] [INFO] start get result 
[2022-04-22 22:00:08] [INFO] start get result 
[2022-04-22 22:00:08] [INFO] end get result 14 
[2022-04-22 22:00:08] [INFO] reader get 14 
[2022-04-22 22:00:08] [INFO] start get result 
[2022-04-22 22:00:08] [INFO] start reader 
[2022-04-22 22:00:08] [INFO] start reader 
[2022-04-22 22:00:08] [INFO] start get result 
[2022-04-22 22:00:08] [INFO] end get result 9 
[2022-04-22 22:00:08] [INFO] reader get 9 
[2022-04-22 22:00:08] [INFO] start get result 
[2022-04-22 22:00:08] [INFO] writer send [14, 15, 16, 17] 
[2022-04-22 22:00:08] [INFO] end writer 
[2022-04-22 22:00:08] [INFO] start get result 
[2022-04-22 22:00:08] [INFO] start get result 
[2022-04-22 22:00:08] [INFO] end get result 13 
[2022-04-22 22:00:08] [INFO] reader get 13 
[2022-04-22 22:00:08] [INFO] start get result 
[2022-04-22 22:00:08] [INFO] writer send [7, 8, 9, 10] 
[2022-04-22 22:00:08] [INFO] end writer 
[2022-04-22 22:00:08] [INFO] start get result 
[2022-04-22 22:00:08] [INFO] end get result 4 
[2022-04-22 22:00:08] [INFO] reader get 4 
[2022-04-22 22:00:08] [INFO] start get result 
[2022-04-22 22:00:08] [INFO] start get result 
Exception in thread "Thread-62668" java.util.concurrent.TimeoutException
	at serie1.Ex4.BlockingMessageQueueFuture$MyFuture.get(BlockingMessageQueueFuture.kt:222)
	at serie1.ex4.FutureTest$blocking_message_multiple_send_receive$2$thread$1.invoke(BlockingMessageQueueWithFutureTest.kt:179)
	at serie1.ex4.FutureTest$blocking_message_multiple_send_receive$2$thread$1.invoke(BlockingMessageQueueWithFutureTest.kt:169)
	at kotlin.concurrent.ThreadsKt$thread$thread$1.run(Thread.kt:30)
Exception in thread "Thread-62665" java.util.concurrent.TimeoutException
	at serie1.Ex4.BlockingMessageQueueFuture$MyFuture.get(BlockingMessageQueueFuture.kt:222)
	at serie1.ex4.FutureTest$blocking_message_multiple_send_receive$2$thread$1.invoke(BlockingMessageQueueWithFutureTest.kt:179)
	at serie1.ex4.FutureTest$blocking_message_multiple_send_receive$2$thread$1.invoke(BlockingMessageQueueWithFutureTest.kt:169)
	at kotlin.concurrent.ThreadsKt$thread$thread$1.run(Thread.kt:30)
Exception in thread "Thread-62666" java.util.concurrent.TimeoutException
	at serie1.Ex4.BlockingMessageQueueFuture$MyFuture.get(BlockingMessageQueueFuture.kt:222)
	at serie1.ex4.FutureTest$blocking_message_multiple_send_receive$2$thread$1.invoke(BlockingMessageQueueWithFutureTest.kt:179)
	at serie1.ex4.FutureTest$blocking_message_multiple_send_receive$2$thread$1.invoke(BlockingMessageQueueWithFutureTest.kt:169)
	at kotlin.concurrent.ThreadsKt$thread$thread$1.run(Thread.kt:30)
Exception in thread "Thread-62669" java.util.concurrent.TimeoutException
	at serie1.Ex4.BlockingMessageQueueFuture$MyFuture.get(BlockingMessageQueueFuture.kt:222)
	at serie1.ex4.FutureTest$blocking_message_multiple_send_receive$2$thread$1.invoke(BlockingMessageQueueWithFutureTest.kt:179)
	at serie1.ex4.FutureTest$blocking_message_multiple_send_receive$2$thread$1.invoke(BlockingMessageQueueWithFutureTest.kt:169)
	at kotlin.concurrent.ThreadsKt$thread$thread$1.run(Thread.kt:30)
Exception in thread "Thread-62663" java.util.concurrent.TimeoutException
	at serie1.Ex4.BlockingMessageQueueFuture$MyFuture.get(BlockingMessageQueueFuture.kt:222)
	at serie1.ex4.FutureTest$blocking_message_multiple_send_receive$2$thread$1.invoke(BlockingMessageQueueWithFutureTest.kt:179)
	at serie1.ex4.FutureTest$blocking_message_multiple_send_receive$2$thread$1.invoke(BlockingMessageQueueWithFutureTest.kt:169)
	at kotlin.concurrent.ThreadsKt$thread$thread$1.run(Thread.kt:30)
Exception in thread "Thread-62667" java.util.concurrent.TimeoutException
	at serie1.Ex4.BlockingMessageQueueFuture$MyFuture.get(BlockingMessageQueueFuture.kt:222)
	at serie1.ex4.FutureTest$blocking_message_multiple_send_receive$2$thread$1.invoke(BlockingMessageQueueWithFutureTest.kt:179)
	at serie1.ex4.FutureTest$blocking_message_multiple_send_receive$2$thread$1.invoke(BlockingMessageQueueWithFutureTest.kt:169)
	at kotlin.concurrent.ThreadsKt$thread$thread$1.run(Thread.kt:30)
Exception in thread "Thread-62664" java.util.concurrent.TimeoutException
	at serie1.Ex4.BlockingMessageQueueFuture$MyFuture.get(BlockingMessageQueueFuture.kt:222)
	at serie1.ex4.FutureTest$blocking_message_multiple_send_receive$2$thread$1.invoke(BlockingMessageQueueWithFutureTest.kt:179)
	at serie1.ex4.FutureTest$blocking_message_multiple_send_receive$2$thread$1.invoke(BlockingMessageQueueWithFutureTest.kt:169)
	at kotlin.concurrent.ThreadsKt$thread$thread$1.run(Thread.kt:30)
[2022-04-22 22:00:10] [INFO] start writer 
[2022-04-22 22:00:10] [INFO] writer try send [1, 2, 3] 
[2022-04-22 22:00:10] [INFO] writer send [1, 2, 3] 
[2022-04-22 22:00:10] [INFO] writer try send [4, 5] 
[2022-04-22 22:00:10] [INFO] writer send [4, 5] 
[2022-04-22 22:00:10] [INFO] start writer 
[2022-04-22 22:00:10] [INFO] writer try send [7, 8, 9, 10] 
[2022-04-22 22:00:10] [INFO] start reader 
[2022-04-22 22:00:10] [INFO] writer try send [6] 
[2022-04-22 22:00:10] [INFO] start reader 
[2022-04-22 22:00:10] [INFO] start writer 
[2022-04-22 22:00:10] [INFO] writer try send [11, 12, 13] 
[2022-04-22 22:00:10] [INFO] start writer 
[2022-04-22 22:00:10] [INFO] start writer 
[2022-04-22 22:00:10] [INFO] start writer 
[2022-04-22 22:00:10] [INFO] end writer 
[2022-04-22 22:00:10] [INFO] start reader 
[2022-04-22 22:00:10] [INFO] start writer 
[2022-04-22 22:00:10] [INFO] end writer 
[2022-04-22 22:00:10] [INFO] start get result 
[2022-04-22 22:00:10] [INFO] end get result 1 
[2022-04-22 22:00:10] [INFO] reader get 1 
[2022-04-22 22:00:10] [INFO] start get result 
[2022-04-22 22:00:10] [INFO] end get result 3 
[2022-04-22 22:00:10] [INFO] reader get 3 
[2022-04-22 22:00:10] [INFO] start get result 
[2022-04-22 22:00:10] [INFO] end get result 5 
[2022-04-22 22:00:10] [INFO] reader get 5 
[2022-04-22 22:00:10] [INFO] start get result 
[2022-04-22 22:00:10] [INFO] end get result 6 
[2022-04-22 22:00:10] [INFO] reader get 6 
[2022-04-22 22:00:10] [INFO] start get result 
[2022-04-22 22:00:10] [INFO] end get result 11 
[2022-04-22 22:00:10] [INFO] reader get 11 
[2022-04-22 22:00:10] [INFO] start get result 
[2022-04-22 22:00:10] [INFO] end get result 12 
[2022-04-22 22:00:10] [INFO] reader get 12 
[2022-04-22 22:00:10] [INFO] start get result 
[2022-04-22 22:00:10] [INFO] start writer 
[2022-04-22 22:00:10] [INFO] end writer 
[2022-04-22 22:00:10] [INFO] writer try send [18, 19, 20] 
[2022-04-22 22:00:10] [INFO] writer try send [14, 15, 16, 17] 
[2022-04-22 22:00:10] [INFO] end get result 13 
[2022-04-22 22:00:10] [INFO] reader get 13 
[2022-04-22 22:00:10] [INFO] start get result 
[2022-04-22 22:00:10] [INFO] end get result 7 
[2022-04-22 22:00:10] [INFO] reader get 7 
[2022-04-22 22:00:10] [INFO] start get result 
[2022-04-22 22:00:10] [INFO] end get result 8 
[2022-04-22 22:00:10] [INFO] reader get 8 
[2022-04-22 22:00:10] [INFO] start get result 
[2022-04-22 22:00:10] [INFO] end get result 9 
[2022-04-22 22:00:10] [INFO] reader get 9 
[2022-04-22 22:00:10] [INFO] start get result 
[2022-04-22 22:00:10] [INFO] end get result 10 
[2022-04-22 22:00:10] [INFO] reader get 10 
[2022-04-22 22:00:10] [INFO] start get result 
[2022-04-22 22:00:10] [INFO] end get result 14 
[2022-04-22 22:00:10] [INFO] writer send [7, 8, 9, 10] 
[2022-04-22 22:00:10] [INFO] end writer 
[2022-04-22 22:00:10] [INFO] start writer 
[2022-04-22 22:00:10] [INFO] end writer 
[2022-04-22 22:00:10] [INFO] writer send [11, 12, 13] 
[2022-04-22 22:00:10] [INFO] end writer 
[2022-04-22 22:00:10] [INFO] start get result 
[2022-04-22 22:00:10] [INFO] end get result 4 
[2022-04-22 22:00:10] [INFO] reader get 4 
[2022-04-22 22:00:10] [INFO] start get result 
[2022-04-22 22:00:10] [INFO] end get result 15 
[2022-04-22 22:00:10] [INFO] reader get 15 
[2022-04-22 22:00:10] [INFO] start get result 
[2022-04-22 22:00:10] [INFO] end get result 16 
[2022-04-22 22:00:10] [INFO] reader get 16 
[2022-04-22 22:00:10] [INFO] start get result 
[2022-04-22 22:00:10] [INFO] end get result 17 
[2022-04-22 22:00:10] [INFO] reader get 17 
[2022-04-22 22:00:10] [INFO] start get result 
[2022-04-22 22:00:10] [INFO] end get result 18 
[2022-04-22 22:00:10] [INFO] reader get 18 
[2022-04-22 22:00:10] [INFO] start get result 
[2022-04-22 22:00:10] [INFO] end get result 19 
[2022-04-22 22:00:10] [INFO] reader get 19 
[2022-04-22 22:00:10] [INFO] start get result 
[2022-04-22 22:00:10] [INFO] end get result 20 
[2022-04-22 22:00:10] [INFO] writer send [6] 
[2022-04-22 22:00:10] [INFO] end writer 
[2022-04-22 22:00:10] [INFO] start get result 
[2022-04-22 22:00:10] [INFO] end get result 2 
[2022-04-22 22:00:10] [INFO] reader get 2 
[2022-04-22 22:00:10] [INFO] start get result 
[2022-04-22 22:00:10] [INFO] start reader 
[2022-04-22 22:00:10] [INFO] reader get 20 
[2022-04-22 22:00:10] [INFO] start get result 
[2022-04-22 22:00:10] [INFO] writer send [18, 19, 20] 
[2022-04-22 22:00:10] [INFO] end writer 
[2022-04-22 22:00:10] [INFO] reader get 14 
[2022-04-22 22:00:10] [INFO] start get result 
[2022-04-22 22:00:10] [INFO] writer send [14, 15, 16, 17] 
[2022-04-22 22:00:10] [INFO] end writer 
[2022-04-22 22:00:10] [INFO] start get result 
[2022-04-22 22:00:10] [INFO] start reader 
[2022-04-22 22:00:10] [INFO] start reader 
[2022-04-22 22:00:10] [INFO] start reader 
[2022-04-22 22:00:10] [INFO] start get result 
[2022-04-22 22:00:10] [INFO] start get result 
[2022-04-22 22:00:10] [INFO] start get result 
Exception in thread "Thread-62680" java.util.concurrent.TimeoutException
	at serie1.Ex4.BlockingMessageQueueFuture$MyFuture.get(BlockingMessageQueueFuture.kt:222)
	at serie1.ex4.FutureTest$blocking_message_multiple_send_receive$2$thread$1.invoke(BlockingMessageQueueWithFutureTest.kt:179)
	at serie1.ex4.FutureTest$blocking_message_multiple_send_receive$2$thread$1.invoke(BlockingMessageQueueWithFutureTest.kt:169)
	at kotlin.concurrent.ThreadsKt$thread$thread$1.run(Thread.kt:30)
Exception in thread "Thread-62682" java.util.concurrent.TimeoutException
	at serie1.Ex4.BlockingMessageQueueFuture$MyFuture.get(BlockingMessageQueueFuture.kt:222)
	at serie1.ex4.FutureTest$blocking_message_multiple_send_receive$2$thread$1.invoke(BlockingMessageQueueWithFutureTest.kt:179)
	at serie1.ex4.FutureTest$blocking_message_multiple_send_receive$2$thread$1.invoke(BlockingMessageQueueWithFutureTest.kt:169)
	at kotlin.concurrent.ThreadsKt$thread$thread$1.run(Thread.kt:30)
Exception in thread "Thread-62683" java.util.concurrent.TimeoutException
	at serie1.Ex4.BlockingMessageQueueFuture$MyFuture.get(BlockingMessageQueueFuture.kt:222)
	at serie1.ex4.FutureTest$blocking_message_multiple_send_receive$2$thread$1.invoke(BlockingMessageQueueWithFutureTest.kt:179)
	at serie1.ex4.FutureTest$blocking_message_multiple_send_receive$2$thread$1.invoke(BlockingMessageQueueWithFutureTest.kt:169)
	at kotlin.concurrent.ThreadsKt$thread$thread$1.run(Thread.kt:30)
Exception in thread "Thread-62684" java.util.concurrent.TimeoutException
	at serie1.Ex4.BlockingMessageQueueFuture$MyFuture.get(BlockingMessageQueueFuture.kt:222)
	at serie1.ex4.FutureTest$blocking_message_multiple_send_receive$2$thread$1.invoke(BlockingMessageQueueWithFutureTest.kt:179)
	at serie1.ex4.FutureTest$blocking_message_multiple_send_receive$2$thread$1.invoke(BlockingMessageQueueWithFutureTest.kt:169)
	at kotlin.concurrent.ThreadsKt$thread$thread$1.run(Thread.kt:30)
Exception in thread "Thread-62681" java.util.concurrent.TimeoutException
	at serie1.Ex4.BlockingMessageQueueFuture$MyFuture.get(BlockingMessageQueueFuture.kt:222)
	at serie1.ex4.FutureTest$blocking_message_multiple_send_receive$2$thread$1.invoke(BlockingMessageQueueWithFutureTest.kt:179)
	at serie1.ex4.FutureTest$blocking_message_multiple_send_receive$2$thread$1.invoke(BlockingMessageQueueWithFutureTest.kt:169)
	at kotlin.concurrent.ThreadsKt$thread$thread$1.run(Thread.kt:30)
Exception in thread "Thread-62685" java.util.concurrent.TimeoutException
	at serie1.Ex4.BlockingMessageQueueFuture$MyFuture.get(BlockingMessageQueueFuture.kt:222)
	at serie1.ex4.FutureTest$blocking_message_multiple_send_receive$2$thread$1.invoke(BlockingMessageQueueWithFutureTest.kt:179)
	at serie1.ex4.FutureTest$blocking_message_multiple_send_receive$2$thread$1.invoke(BlockingMessageQueueWithFutureTest.kt:169)
	at kotlin.concurrent.ThreadsKt$thread$thread$1.run(Thread.kt:30)
Exception in thread "Thread-62686" java.util.concurrent.TimeoutException
	at serie1.Ex4.BlockingMessageQueueFuture$MyFuture.get(BlockingMessageQueueFuture.kt:222)
	at serie1.ex4.FutureTest$blocking_message_multiple_send_receive$2$thread$1.invoke(BlockingMessageQueueWithFutureTest.kt:179)
	at serie1.ex4.FutureTest$blocking_message_multiple_send_receive$2$thread$1.invoke(BlockingMessageQueueWithFutureTest.kt:169)
	at kotlin.concurrent.ThreadsKt$thread$thread$1.run(Thread.kt:30)
[2022-04-22 22:00:12] [INFO] start writer 
[2022-04-22 22:00:12] [INFO] start writer 
[2022-04-22 22:00:12] [INFO] writer try send [4, 5] 
[2022-04-22 22:00:12] [INFO] writer try send [1, 2, 3] 
[2022-04-22 22:00:12] [INFO] start reader 
[2022-04-22 22:00:12] [INFO] writer send [4, 5] 
[2022-04-22 22:00:12] [INFO] writer try send [6] 
[2022-04-22 22:00:12] [INFO] writer send [6] 
[2022-04-22 22:00:12] [INFO] writer try send [7, 8, 9, 10] 
[2022-04-22 22:00:12] [INFO] start writer 
[2022-04-22 22:00:12] [INFO] writer try send [11, 12, 13] 
[2022-04-22 22:00:12] [INFO] start writer 
[2022-04-22 22:00:12] [INFO] writer try send [14, 15, 16, 17] 
[2022-04-22 22:00:12] [INFO] start writer 
[2022-04-22 22:00:12] [INFO] writer try send [18, 19, 20] 
[2022-04-22 22:00:12] [INFO] writer send [1, 2, 3] 
[2022-04-22 22:00:12] [INFO] end writer 
[2022-04-22 22:00:12] [INFO] start writer 
[2022-04-22 22:00:12] [INFO] end writer 
[2022-04-22 22:00:12] [INFO] start writer 
[2022-04-22 22:00:12] [INFO] end writer 
[2022-04-22 22:00:12] [INFO] start writer 
[2022-04-22 22:00:12] [INFO] end writer 
[2022-04-22 22:00:12] [INFO] start writer 
[2022-04-22 22:00:12] [INFO] end writer 
[2022-04-22 22:00:12] [INFO] start reader 
[2022-04-22 22:00:12] [INFO] start get result 
[2022-04-22 22:00:12] [INFO] end get result 4 
[2022-04-22 22:00:12] [INFO] reader get 4 
[2022-04-22 22:00:12] [INFO] start get result 
[2022-04-22 22:00:12] [INFO] end get result 5 
[2022-04-22 22:00:12] [INFO] reader get 5 
[2022-04-22 22:00:12] [INFO] start get result 
[2022-04-22 22:00:12] [INFO] end get result 1 
[2022-04-22 22:00:12] [INFO] writer send [18, 19, 20] 
[2022-04-22 22:00:12] [INFO] end writer 
[2022-04-22 22:00:12] [INFO] start reader 
[2022-04-22 22:00:12] [INFO] reader get 1 
[2022-04-22 22:00:12] [INFO] start get result 
[2022-04-22 22:00:12] [INFO] end get result 3 
[2022-04-22 22:00:12] [INFO] reader get 3 
[2022-04-22 22:00:12] [INFO] start get result 
[2022-04-22 22:00:12] [INFO] start get result 
[2022-04-22 22:00:12] [INFO] end get result 18 
[2022-04-22 22:00:12] [INFO] reader get 18 
[2022-04-22 22:00:12] [INFO] start get result 
[2022-04-22 22:00:12] [INFO] end get result 2 
[2022-04-22 22:00:12] [INFO] reader get 2 
[2022-04-22 22:00:12] [INFO] start get result 
[2022-04-22 22:00:12] [INFO] end get result 20 
[2022-04-22 22:00:12] [INFO] reader get 20 
[2022-04-22 22:00:12] [INFO] start get result 
[2022-04-22 22:00:12] [INFO] end get result 11 
[2022-04-22 22:00:12] [INFO] reader get 11 
[2022-04-22 22:00:12] [INFO] writer send [7, 8, 9, 10] 
[2022-04-22 22:00:12] [INFO] end writer 
[2022-04-22 22:00:12] [INFO] start get result 
[2022-04-22 22:00:12] [INFO] end get result 19 
[2022-04-22 22:00:12] [INFO] reader get 19 
[2022-04-22 22:00:12] [INFO] start get result 
[2022-04-22 22:00:12] [INFO] end get result 13 
[2022-04-22 22:00:12] [INFO] reader get 13 
[2022-04-22 22:00:12] [INFO] start get result 
[2022-04-22 22:00:12] [INFO] end get result 7 
[2022-04-22 22:00:12] [INFO] reader get 7 
[2022-04-22 22:00:12] [INFO] start get result 
[2022-04-22 22:00:12] [INFO] end get result 8 
[2022-04-22 22:00:12] [INFO] reader get 8 
[2022-04-22 22:00:12] [INFO] start get result 
[2022-04-22 22:00:12] [INFO] end get result 9 
[2022-04-22 22:00:12] [INFO] reader get 9 
[2022-04-22 22:00:12] [INFO] start get result 
[2022-04-22 22:00:12] [INFO] end get result 10 
[2022-04-22 22:00:12] [INFO] reader get 10 
[2022-04-22 22:00:12] [INFO] start get result 
[2022-04-22 22:00:12] [INFO] end get result 14 
[2022-04-22 22:00:12] [INFO] end get result 6 
[2022-04-22 22:00:12] [INFO] reader get 6 
[2022-04-22 22:00:12] [INFO] start get result 
[2022-04-22 22:00:12] [INFO] end get result 15 
[2022-04-22 22:00:12] [INFO] writer send [11, 12, 13] 
[2022-04-22 22:00:12] [INFO] end writer 
[2022-04-22 22:00:12] [INFO] start reader 
[2022-04-22 22:00:12] [INFO] reader get 15 
[2022-04-22 22:00:12] [INFO] start get result 
[2022-04-22 22:00:12] [INFO] end get result 16 
[2022-04-22 22:00:12] [INFO] reader get 16 
[2022-04-22 22:00:12] [INFO] start reader 
[2022-04-22 22:00:12] [INFO] reader get 14 
[2022-04-22 22:00:12] [INFO] start get result 
[2022-04-22 22:00:12] [INFO] writer send [14, 15, 16, 17] 
[2022-04-22 22:00:12] [INFO] start get result 
[2022-04-22 22:00:12] [INFO] start get result 
[2022-04-22 22:00:12] [INFO] end get result 12 
[2022-04-22 22:00:12] [INFO] reader get 12 
[2022-04-22 22:00:12] [INFO] start get result 
[2022-04-22 22:00:12] [INFO] start reader 
[2022-04-22 22:00:12] [INFO] end writer 
[2022-04-22 22:00:12] [INFO] start get result 
[2022-04-22 22:00:12] [INFO] start reader 
[2022-04-22 22:00:12] [INFO] start get result 
[2022-04-22 22:00:12] [INFO] end get result 17 
[2022-04-22 22:00:12] [INFO] reader get 17 
[2022-04-22 22:00:12] [INFO] start get result 
[2022-04-22 22:00:12] [INFO] start get result 
[2022-04-22 22:00:12] [INFO] start get result 
Exception in thread "Thread-62702" java.util.concurrent.TimeoutException
	at serie1.Ex4.BlockingMessageQueueFuture$MyFuture.get(BlockingMessageQueueFuture.kt:222)
	at serie1.ex4.FutureTest$blocking_message_multiple_send_receive$2$thread$1.invoke(BlockingMessageQueueWithFutureTest.kt:179)
	at serie1.ex4.FutureTest$blocking_message_multiple_send_receive$2$thread$1.invoke(BlockingMessageQueueWithFutureTest.kt:169)
	at kotlin.concurrent.ThreadsKt$thread$thread$1.run(Thread.kt:30)
Exception in thread "Thread-62703" java.util.concurrent.TimeoutException
	at serie1.Ex4.BlockingMessageQueueFuture$MyFuture.get(BlockingMessageQueueFuture.kt:222)
	at serie1.ex4.FutureTest$blocking_message_multiple_send_receive$2$thread$1.invoke(BlockingMessageQueueWithFutureTest.kt:179)
	at serie1.ex4.FutureTest$blocking_message_multiple_send_receive$2$thread$1.invoke(BlockingMessageQueueWithFutureTest.kt:169)
	at kotlin.concurrent.ThreadsKt$thread$thread$1.run(Thread.kt:30)
Exception in thread "Thread-62697" java.util.concurrent.TimeoutException
	at serie1.Ex4.BlockingMessageQueueFuture$MyFuture.get(BlockingMessageQueueFuture.kt:222)
	at serie1.ex4.FutureTest$blocking_message_multiple_send_receive$2$thread$1.invoke(BlockingMessageQueueWithFutureTest.kt:179)
	at serie1.ex4.FutureTest$blocking_message_multiple_send_receive$2$thread$1.invoke(BlockingMessageQueueWithFutureTest.kt:169)
	at kotlin.concurrent.ThreadsKt$thread$thread$1.run(Thread.kt:30)
Exception in thread "Thread-62701" java.util.concurrent.TimeoutException
	at serie1.Ex4.BlockingMessageQueueFuture$MyFuture.get(BlockingMessageQueueFuture.kt:222)
	at serie1.ex4.FutureTest$blocking_message_multiple_send_receive$2$thread$1.invoke(BlockingMessageQueueWithFutureTest.kt:179)
	at serie1.ex4.FutureTest$blocking_message_multiple_send_receive$2$thread$1.invoke(BlockingMessageQueueWithFutureTest.kt:169)
	at kotlin.concurrent.ThreadsKt$thread$thread$1.run(Thread.kt:30)
Exception in thread "Thread-62698" java.util.concurrent.TimeoutException
	at serie1.Ex4.BlockingMessageQueueFuture$MyFuture.get(BlockingMessageQueueFuture.kt:222)
	at serie1.ex4.FutureTest$blocking_message_multiple_send_receive$2$thread$1.invoke(BlockingMessageQueueWithFutureTest.kt:179)
	at serie1.ex4.FutureTest$blocking_message_multiple_send_receive$2$thread$1.invoke(BlockingMessageQueueWithFutureTest.kt:169)
	at kotlin.concurrent.ThreadsKt$thread$thread$1.run(Thread.kt:30)
Exception in thread "Thread-62699" java.util.concurrent.TimeoutException
	at serie1.Ex4.BlockingMessageQueueFuture$MyFuture.get(BlockingMessageQueueFuture.kt:222)
	at serie1.ex4.FutureTest$blocking_message_multiple_send_receive$2$thread$1.invoke(BlockingMessageQueueWithFutureTest.kt:179)
	at serie1.ex4.FutureTest$blocking_message_multiple_send_receive$2$thread$1.invoke(BlockingMessageQueueWithFutureTest.kt:169)
	at kotlin.concurrent.ThreadsKt$thread$thread$1.run(Thread.kt:30)
Exception in thread "Thread-62700" java.util.concurrent.TimeoutException
	at serie1.Ex4.BlockingMessageQueueFuture$MyFuture.get(BlockingMessageQueueFuture.kt:222)
	at serie1.ex4.FutureTest$blocking_message_multiple_send_receive$2$thread$1.invoke(BlockingMessageQueueWithFutureTest.kt:179)
	at serie1.ex4.FutureTest$blocking_message_multiple_send_receive$2$thread$1.invoke(BlockingMessageQueueWithFutureTest.kt:169)
	at kotlin.concurrent.ThreadsKt$thread$thread$1.run(Thread.kt:30)
[2022-04-22 22:00:14] [INFO] start writer 
[2022-04-22 22:00:14] [INFO] writer try send [1, 2, 3] 
[2022-04-22 22:00:14] [INFO] writer send [1, 2, 3] 
[2022-04-22 22:00:14] [INFO] writer try send [4, 5] 
[2022-04-22 22:00:14] [INFO] writer send [4, 5] 
[2022-04-22 22:00:14] [INFO] writer try send [6] 
[2022-04-22 22:00:14] [INFO] writer send [6] 
[2022-04-22 22:00:14] [INFO] writer try send [7, 8, 9, 10] 
[2022-04-22 22:00:14] [INFO] start writer 
[2022-04-22 22:00:14] [INFO] writer try send [11, 12, 13] 
[2022-04-22 22:00:14] [INFO] start writer 
[2022-04-22 22:00:14] [INFO] writer try send [14, 15, 16, 17] 
[2022-04-22 22:00:14] [INFO] start writer 
[2022-04-22 22:00:14] [INFO] writer try send [18, 19, 20] 
[2022-04-22 22:00:14] [INFO] start writer 
[2022-04-22 22:00:14] [INFO] end writer 
[2022-04-22 22:00:14] [INFO] start writer 
[2022-04-22 22:00:14] [INFO] end writer 
[2022-04-22 22:00:14] [INFO] start reader 
[2022-04-22 22:00:14] [INFO] start writer 
[2022-04-22 22:00:14] [INFO] end writer 
[2022-04-22 22:00:14] [INFO] start writer 
[2022-04-22 22:00:14] [INFO] end writer 
[2022-04-22 22:00:14] [INFO] start reader 
[2022-04-22 22:00:14] [INFO] start writer 
[2022-04-22 22:00:14] [INFO] end writer 
[2022-04-22 22:00:14] [INFO] start reader 
[2022-04-22 22:00:14] [INFO] start get result 
[2022-04-22 22:00:14] [INFO] end get result 1 
[2022-04-22 22:00:14] [INFO] reader get 1 
[2022-04-22 22:00:14] [INFO] start get result 
[2022-04-22 22:00:14] [INFO] end get result 3 
[2022-04-22 22:00:14] [INFO] reader get 3 
[2022-04-22 22:00:14] [INFO] start get result 
[2022-04-22 22:00:14] [INFO] end get result 4 
[2022-04-22 22:00:14] [INFO] reader get 4 
[2022-04-22 22:00:14] [INFO] start get result 
[2022-04-22 22:00:14] [INFO] end get result 2 
[2022-04-22 22:00:14] [INFO] reader get 2 
[2022-04-22 22:00:14] [INFO] start get result 
[2022-04-22 22:00:14] [INFO] end get result 11 
[2022-04-22 22:00:14] [INFO] reader get 11 
[2022-04-22 22:00:14] [INFO] start get result 
[2022-04-22 22:00:14] [INFO] end get result 12 
[2022-04-22 22:00:14] [INFO] reader get 12 
[2022-04-22 22:00:14] [INFO] start get result 
[2022-04-22 22:00:14] [INFO] end get result 13 
[2022-04-22 22:00:14] [INFO] reader get 13 
[2022-04-22 22:00:14] [INFO] start get result 
[2022-04-22 22:00:14] [INFO] end get result 7 
[2022-04-22 22:00:14] [INFO] writer send [14, 15, 16, 17] 
[2022-04-22 22:00:14] [INFO] end writer 
[2022-04-22 22:00:14] [INFO] start reader 
[2022-04-22 22:00:14] [INFO] reader get 7 
[2022-04-22 22:00:14] [INFO] start get result 
[2022-04-22 22:00:14] [INFO] end get result 8 
[2022-04-22 22:00:14] [INFO] reader get 8 
[2022-04-22 22:00:14] [INFO] start get result 
[2022-04-22 22:00:14] [INFO] end get result 9 
[2022-04-22 22:00:14] [INFO] reader get 9 
[2022-04-22 22:00:14] [INFO] writer send [7, 8, 9, 10] 
[2022-04-22 22:00:14] [INFO] end writer 
[2022-04-22 22:00:14] [INFO] start get result 
[2022-04-22 22:00:14] [INFO] end get result 6 
[2022-04-22 22:00:14] [INFO] reader get 6 
[2022-04-22 22:00:14] [INFO] start get result 
[2022-04-22 22:00:14] [INFO] end get result 15 
[2022-04-22 22:00:14] [INFO] reader get 15 
[2022-04-22 22:00:14] [INFO] start get result 
[2022-04-22 22:00:14] [INFO] end get result 16 
[2022-04-22 22:00:14] [INFO] reader get 16 
[2022-04-22 22:00:14] [INFO] start get result 
[2022-04-22 22:00:14] [INFO] end get result 17 
[2022-04-22 22:00:14] [INFO] reader get 17 
[2022-04-22 22:00:14] [INFO] start get result 
[2022-04-22 22:00:14] [INFO] end get result 18 
[2022-04-22 22:00:14] [INFO] reader get 18 
[2022-04-22 22:00:14] [INFO] start get result 
[2022-04-22 22:00:14] [INFO] end get result 19 
[2022-04-22 22:00:14] [INFO] reader get 19 
[2022-04-22 22:00:14] [INFO] start get result 
[2022-04-22 22:00:14] [INFO] end get result 20 
[2022-04-22 22:00:14] [INFO] reader get 20 
[2022-04-22 22:00:14] [INFO] start get result 
[2022-04-22 22:00:14] [INFO] start get result 
[2022-04-22 22:00:14] [INFO] end get result 5 
[2022-04-22 22:00:14] [INFO] reader get 5 
[2022-04-22 22:00:14] [INFO] start get result 
[2022-04-22 22:00:14] [INFO] writer send [11, 12, 13] 
[2022-04-22 22:00:14] [INFO] end writer 
[2022-04-22 22:00:14] [INFO] start get result 
[2022-04-22 22:00:14] [INFO] end get result 14 
[2022-04-22 22:00:14] [INFO] reader get 14 
[2022-04-22 22:00:14] [INFO] start get result 
[2022-04-22 22:00:14] [INFO] writer send [18, 19, 20] 
[2022-04-22 22:00:14] [INFO] end writer 
[2022-04-22 22:00:14] [INFO] start get result 
[2022-04-22 22:00:14] [INFO] end get result 10 
[2022-04-22 22:00:14] [INFO] reader get 10 
[2022-04-22 22:00:14] [INFO] start get result 
[2022-04-22 22:00:14] [INFO] start reader 
[2022-04-22 22:00:14] [INFO] start reader 
[2022-04-22 22:00:14] [INFO] start reader 
[2022-04-22 22:00:14] [INFO] start get result 
[2022-04-22 22:00:14] [INFO] start get result 
[2022-04-22 22:00:14] [INFO] start get result 
Exception in thread "Thread-62718" java.util.concurrent.TimeoutException
	at serie1.Ex4.BlockingMessageQueueFuture$MyFuture.get(BlockingMessageQueueFuture.kt:222)
	at serie1.ex4.FutureTest$blocking_message_multiple_send_receive$2$thread$1.invoke(BlockingMessageQueueWithFutureTest.kt:179)
	at serie1.ex4.FutureTest$blocking_message_multiple_send_receive$2$thread$1.invoke(BlockingMessageQueueWithFutureTest.kt:169)
	at kotlin.concurrent.ThreadsKt$thread$thread$1.run(Thread.kt:30)
Exception in thread "Thread-62717" java.util.concurrent.TimeoutException
	at serie1.Ex4.BlockingMessageQueueFuture$MyFuture.get(BlockingMessageQueueFuture.kt:222)
	at serie1.ex4.FutureTest$blocking_message_multiple_send_receive$2$thread$1.invoke(BlockingMessageQueueWithFutureTest.kt:179)
	at serie1.ex4.FutureTest$blocking_message_multiple_send_receive$2$thread$1.invoke(BlockingMessageQueueWithFutureTest.kt:169)
	at kotlin.concurrent.ThreadsKt$thread$thread$1.run(Thread.kt:30)
Exception in thread "Thread-62716" java.util.concurrent.TimeoutException
	at serie1.Ex4.BlockingMessageQueueFuture$MyFuture.get(BlockingMessageQueueFuture.kt:222)
	at serie1.ex4.FutureTest$blocking_message_multiple_send_receive$2$thread$1.invoke(BlockingMessageQueueWithFutureTest.kt:179)
	at serie1.ex4.FutureTest$blocking_message_multiple_send_receive$2$thread$1.invoke(BlockingMessageQueueWithFutureTest.kt:169)
	at kotlin.concurrent.ThreadsKt$thread$thread$1.run(Thread.kt:30)
Exception in thread "Thread-62720" java.util.concurrent.TimeoutException
	at serie1.Ex4.BlockingMessageQueueFuture$MyFuture.get(BlockingMessageQueueFuture.kt:222)
	at serie1.ex4.FutureTest$blocking_message_multiple_send_receive$2$thread$1.invoke(BlockingMessageQueueWithFutureTest.kt:179)
	at serie1.ex4.FutureTest$blocking_message_multiple_send_receive$2$thread$1.invoke(BlockingMessageQueueWithFutureTest.kt:169)
	at kotlin.concurrent.ThreadsKt$thread$thread$1.run(Thread.kt:30)
Exception in thread "Thread-62719" java.util.concurrent.TimeoutException
	at serie1.Ex4.BlockingMessageQueueFuture$MyFuture.get(BlockingMessageQueueFuture.kt:222)
	at serie1.ex4.FutureTest$blocking_message_multiple_send_receive$2$thread$1.invoke(BlockingMessageQueueWithFutureTest.kt:179)
	at serie1.ex4.FutureTest$blocking_message_multiple_send_receive$2$thread$1.invoke(BlockingMessageQueueWithFutureTest.kt:169)
	at kotlin.concurrent.ThreadsKt$thread$thread$1.run(Thread.kt:30)
Exception in thread "Thread-62715" java.util.concurrent.TimeoutException
	at serie1.Ex4.BlockingMessageQueueFuture$MyFuture.get(BlockingMessageQueueFuture.kt:222)
	at serie1.ex4.FutureTest$blocking_message_multiple_send_receive$2$thread$1.invoke(BlockingMessageQueueWithFutureTest.kt:179)
	at serie1.ex4.FutureTest$blocking_message_multiple_send_receive$2$thread$1.invoke(BlockingMessageQueueWithFutureTest.kt:169)
	at kotlin.concurrent.ThreadsKt$thread$thread$1.run(Thread.kt:30)
Exception in thread "Thread-62714" java.util.concurrent.TimeoutException
	at serie1.Ex4.BlockingMessageQueueFuture$MyFuture.get(BlockingMessageQueueFuture.kt:222)
	at serie1.ex4.FutureTest$blocking_message_multiple_send_receive$2$thread$1.invoke(BlockingMessageQueueWithFutureTest.kt:179)
	at serie1.ex4.FutureTest$blocking_message_multiple_send_receive$2$thread$1.invoke(BlockingMessageQueueWithFutureTest.kt:169)
	at kotlin.concurrent.ThreadsKt$thread$thread$1.run(Thread.kt:30)
[2022-04-22 22:00:16] [INFO] start writer 
[2022-04-22 22:00:16] [INFO] writer try send [1, 2, 3] 
[2022-04-22 22:00:16] [INFO] writer send [1, 2, 3] 
[2022-04-22 22:00:16] [INFO] writer try send [4, 5] 
[2022-04-22 22:00:16] [INFO] writer send [4, 5] 
[2022-04-22 22:00:16] [INFO] writer try send [6] 
[2022-04-22 22:00:16] [INFO] writer send [6] 
[2022-04-22 22:00:16] [INFO] writer try send [7, 8, 9, 10] 
[2022-04-22 22:00:16] [INFO] start writer 
[2022-04-22 22:00:16] [INFO] writer try send [11, 12, 13] 
[2022-04-22 22:00:16] [INFO] start writer 
[2022-04-22 22:00:16] [INFO] writer try send [14, 15, 16, 17] 
[2022-04-22 22:00:16] [INFO] start writer 
[2022-04-22 22:00:16] [INFO] writer try send [18, 19, 20] 
[2022-04-22 22:00:16] [INFO] start reader 
[2022-04-22 22:00:16] [INFO] start writer 
[2022-04-22 22:00:16] [INFO] start reader 
[2022-04-22 22:00:16] [INFO] end writer 
[2022-04-22 22:00:16] [INFO] start writer 
[2022-04-22 22:00:16] [INFO] end writer 
[2022-04-22 22:00:16] [INFO] start writer 
[2022-04-22 22:00:16] [INFO] end writer 
[2022-04-22 22:00:16] [INFO] start writer 
[2022-04-22 22:00:16] [INFO] end writer 
[2022-04-22 22:00:16] [INFO] start writer 
[2022-04-22 22:00:16] [INFO] end writer 
[2022-04-22 22:00:16] [INFO] start reader 
[2022-04-22 22:00:16] [INFO] start get result 
[2022-04-22 22:00:16] [INFO] end get result 2 
[2022-04-22 22:00:16] [INFO] reader get 2 
[2022-04-22 22:00:16] [INFO] start get result 
[2022-04-22 22:00:16] [INFO] end get result 3 
[2022-04-22 22:00:16] [INFO] reader get 3 
[2022-04-22 22:00:16] [INFO] start get result 
[2022-04-22 22:00:16] [INFO] end get result 4 
[2022-04-22 22:00:16] [INFO] reader get 4 
[2022-04-22 22:00:16] [INFO] start get result 
[2022-04-22 22:00:16] [INFO] end get result 5 
[2022-04-22 22:00:16] [INFO] reader get 5 
[2022-04-22 22:00:16] [INFO] start get result 
[2022-04-22 22:00:16] [INFO] end get result 11 
[2022-04-22 22:00:16] [INFO] reader get 11 
[2022-04-22 22:00:16] [INFO] start get result 
[2022-04-22 22:00:16] [INFO] end get result 12 
[2022-04-22 22:00:16] [INFO] reader get 12 
[2022-04-22 22:00:16] [INFO] start get result 
[2022-04-22 22:00:16] [INFO] end get result 13 
[2022-04-22 22:00:16] [INFO] reader get 13 
[2022-04-22 22:00:16] [INFO] start get result 
[2022-04-22 22:00:16] [INFO] end get result 18 
[2022-04-22 22:00:16] [INFO] reader get 18 
[2022-04-22 22:00:16] [INFO] start get result 
[2022-04-22 22:00:16] [INFO] end get result 19 
[2022-04-22 22:00:16] [INFO] reader get 19 
[2022-04-22 22:00:16] [INFO] start get result 
[2022-04-22 22:00:16] [INFO] end get result 20 
[2022-04-22 22:00:16] [INFO] reader get 20 
[2022-04-22 22:00:16] [INFO] start get result 
[2022-04-22 22:00:16] [INFO] end get result 7 
[2022-04-22 22:00:16] [INFO] reader get 7 
[2022-04-22 22:00:16] [INFO] start get result 
[2022-04-22 22:00:16] [INFO] end get result 8 
[2022-04-22 22:00:16] [INFO] reader get 8 
[2022-04-22 22:00:16] [INFO] start get result 
[2022-04-22 22:00:16] [INFO] end get result 9 
[2022-04-22 22:00:16] [INFO] reader get 9 
[2022-04-22 22:00:16] [INFO] start get result 
[2022-04-22 22:00:16] [INFO] end get result 10 
[2022-04-22 22:00:16] [INFO] reader get 10 
[2022-04-22 22:00:16] [INFO] start get result 
[2022-04-22 22:00:16] [INFO] end get result 14 
[2022-04-22 22:00:16] [INFO] reader get 14 
[2022-04-22 22:00:16] [INFO] start get result 
[2022-04-22 22:00:16] [INFO] end get result 15 
[2022-04-22 22:00:16] [INFO] reader get 15 
[2022-04-22 22:00:16] [INFO] start get result 
[2022-04-22 22:00:16] [INFO] end get result 16 
[2022-04-22 22:00:16] [INFO] reader get 16 
[2022-04-22 22:00:16] [INFO] start get result 
[2022-04-22 22:00:16] [INFO] end get result 17 
[2022-04-22 22:00:16] [INFO] reader get 17 
[2022-04-22 22:00:16] [INFO] start get result 
[2022-04-22 22:00:16] [INFO] start get result 
[2022-04-22 22:00:16] [INFO] end get result 1 
[2022-04-22 22:00:16] [INFO] reader get 1 
[2022-04-22 22:00:16] [INFO] start get result 
[2022-04-22 22:00:16] [INFO] writer send [14, 15, 16, 17] 
[2022-04-22 22:00:16] [INFO] end writer 
[2022-04-22 22:00:16] [INFO] writer send [7, 8, 9, 10] 
[2022-04-22 22:00:16] [INFO] end writer 
[2022-04-22 22:00:16] [INFO] start get result 
[2022-04-22 22:00:16] [INFO] end get result 6 
[2022-04-22 22:00:16] [INFO] reader get 6 
[2022-04-22 22:00:16] [INFO] start get result 
[2022-04-22 22:00:16] [INFO] writer send [18, 19, 20] 
[2022-04-22 22:00:16] [INFO] end writer 
[2022-04-22 22:00:16] [INFO] start reader 
[2022-04-22 22:00:16] [INFO] writer send [11, 12, 13] 
[2022-04-22 22:00:16] [INFO] end writer 
[2022-04-22 22:00:16] [INFO] start reader 
[2022-04-22 22:00:16] [INFO] start reader 
[2022-04-22 22:00:16] [INFO] start get result 
[2022-04-22 22:00:16] [INFO] start reader 
[2022-04-22 22:00:16] [INFO] start get result 
[2022-04-22 22:00:16] [INFO] start get result 
[2022-04-22 22:00:16] [INFO] start get result 
Exception in thread "Thread-62732" java.util.concurrent.TimeoutException
	at serie1.Ex4.BlockingMessageQueueFuture$MyFuture.get(BlockingMessageQueueFuture.kt:222)
	at serie1.ex4.FutureTest$blocking_message_multiple_send_receive$2$thread$1.invoke(BlockingMessageQueueWithFutureTest.kt:179)
	at serie1.ex4.FutureTest$blocking_message_multiple_send_receive$2$thread$1.invoke(BlockingMessageQueueWithFutureTest.kt:169)
	at kotlin.concurrent.ThreadsKt$thread$thread$1.run(Thread.kt:30)
Exception in thread "Thread-62736" java.util.concurrent.TimeoutException
	at serie1.Ex4.BlockingMessageQueueFuture$MyFuture.get(BlockingMessageQueueFuture.kt:222)
	at serie1.ex4.FutureTest$blocking_message_multiple_send_receive$2$thread$1.invoke(BlockingMessageQueueWithFutureTest.kt:179)
	at serie1.ex4.FutureTest$blocking_message_multiple_send_receive$2$thread$1.invoke(BlockingMessageQueueWithFutureTest.kt:169)
	at kotlin.concurrent.ThreadsKt$thread$thread$1.run(Thread.kt:30)
Exception in thread "Thread-62731" java.util.concurrent.TimeoutException
	at serie1.Ex4.BlockingMessageQueueFuture$MyFuture.get(BlockingMessageQueueFuture.kt:222)
	at serie1.ex4.FutureTest$blocking_message_multiple_send_receive$2$thread$1.invoke(BlockingMessageQueueWithFutureTest.kt:179)
	at serie1.ex4.FutureTest$blocking_message_multiple_send_receive$2$thread$1.invoke(BlockingMessageQueueWithFutureTest.kt:169)
	at kotlin.concurrent.ThreadsKt$thread$thread$1.run(Thread.kt:30)
Exception in thread "Thread-62737" java.util.concurrent.TimeoutException
	at serie1.Ex4.BlockingMessageQueueFuture$MyFuture.get(BlockingMessageQueueFuture.kt:222)
	at serie1.ex4.FutureTest$blocking_message_multiple_send_receive$2$thread$1.invoke(BlockingMessageQueueWithFutureTest.kt:179)
	at serie1.ex4.FutureTest$blocking_message_multiple_send_receive$2$thread$1.invoke(BlockingMessageQueueWithFutureTest.kt:169)
	at kotlin.concurrent.ThreadsKt$thread$thread$1.run(Thread.kt:30)
Exception in thread "Thread-62735" java.util.concurrent.TimeoutException
	at serie1.Ex4.BlockingMessageQueueFuture$MyFuture.get(BlockingMessageQueueFuture.kt:222)
	at serie1.ex4.FutureTest$blocking_message_multiple_send_receive$2$thread$1.invoke(BlockingMessageQueueWithFutureTest.kt:179)
	at serie1.ex4.FutureTest$blocking_message_multiple_send_receive$2$thread$1.invoke(BlockingMessageQueueWithFutureTest.kt:169)
	at kotlin.concurrent.ThreadsKt$thread$thread$1.run(Thread.kt:30)
Exception in thread "Thread-62733" java.util.concurrent.TimeoutException
	at serie1.Ex4.BlockingMessageQueueFuture$MyFuture.get(BlockingMessageQueueFuture.kt:222)
	at serie1.ex4.FutureTest$blocking_message_multiple_send_receive$2$thread$1.invoke(BlockingMessageQueueWithFutureTest.kt:179)
	at serie1.ex4.FutureTest$blocking_message_multiple_send_receive$2$thread$1.invoke(BlockingMessageQueueWithFutureTest.kt:169)
	at kotlin.concurrent.ThreadsKt$thread$thread$1.run(Thread.kt:30)
Exception in thread "Thread-62734" java.util.concurrent.TimeoutException
	at serie1.Ex4.BlockingMessageQueueFuture$MyFuture.get(BlockingMessageQueueFuture.kt:222)
	at serie1.ex4.FutureTest$blocking_message_multiple_send_receive$2$thread$1.invoke(BlockingMessageQueueWithFutureTest.kt:179)
	at serie1.ex4.FutureTest$blocking_message_multiple_send_receive$2$thread$1.invoke(BlockingMessageQueueWithFutureTest.kt:169)
	at kotlin.concurrent.ThreadsKt$thread$thread$1.run(Thread.kt:30)
[2022-04-22 22:00:18] [INFO] start writer 
[2022-04-22 22:00:18] [INFO] writer try send [1, 2, 3] 
[2022-04-22 22:00:18] [INFO] start writer 
[2022-04-22 22:00:18] [INFO] start writer 
[2022-04-22 22:00:18] [INFO] writer try send [6] 
[2022-04-22 22:00:18] [INFO] writer send [6] 
[2022-04-22 22:00:18] [INFO] writer try send [7, 8, 9, 10] 
[2022-04-22 22:00:18] [INFO] writer send [7, 8, 9, 10] 
[2022-04-22 22:00:18] [INFO] writer try send [11, 12, 13] 
[2022-04-22 22:00:18] [INFO] start writer 
[2022-04-22 22:00:18] [INFO] writer try send [14, 15, 16, 17] 
[2022-04-22 22:00:18] [INFO] writer send [1, 2, 3] 
[2022-04-22 22:00:18] [INFO] writer try send [18, 19, 20] 
[2022-04-22 22:00:18] [INFO] start writer 
[2022-04-22 22:00:18] [INFO] end writer 
[2022-04-22 22:00:18] [INFO] start writer 
[2022-04-22 22:00:18] [INFO] end writer 
[2022-04-22 22:00:18] [INFO] start writer 
[2022-04-22 22:00:18] [INFO] end writer 
[2022-04-22 22:00:18] [INFO] start reader 
[2022-04-22 22:00:18] [INFO] writer try send [4, 5] 
[2022-04-22 22:00:18] [INFO] start reader 
[2022-04-22 22:00:18] [INFO] start writer 
[2022-04-22 22:00:18] [INFO] end writer 
[2022-04-22 22:00:18] [INFO] start writer 
[2022-04-22 22:00:18] [INFO] end writer 
[2022-04-22 22:00:18] [INFO] start get result 
[2022-04-22 22:00:18] [INFO] end get result 1 
[2022-04-22 22:00:18] [INFO] reader get 1 
[2022-04-22 22:00:18] [INFO] start get result 
[2022-04-22 22:00:18] [INFO] writer send [18, 19, 20] 
[2022-04-22 22:00:18] [INFO] end writer 
[2022-04-22 22:00:18] [INFO] start reader 
[2022-04-22 22:00:18] [INFO] end get result 3 
[2022-04-22 22:00:18] [INFO] reader get 3 
[2022-04-22 22:00:18] [INFO] start get result 
[2022-04-22 22:00:18] [INFO] start get result 
[2022-04-22 22:00:18] [INFO] end get result 2 
[2022-04-22 22:00:18] [INFO] reader get 2 
[2022-04-22 22:00:18] [INFO] start get result 
[2022-04-22 22:00:18] [INFO] end get result 7 
[2022-04-22 22:00:18] [INFO] reader get 7 
[2022-04-22 22:00:18] [INFO] start get result 
[2022-04-22 22:00:18] [INFO] end get result 9 
[2022-04-22 22:00:18] [INFO] reader get 9 
[2022-04-22 22:00:18] [INFO] start get result 
[2022-04-22 22:00:18] [INFO] end get result 10 
[2022-04-22 22:00:18] [INFO] writer send [4, 5] 
[2022-04-22 22:00:18] [INFO] end writer 
[2022-04-22 22:00:18] [INFO] start reader 
[2022-04-22 22:00:18] [INFO] end get result 6 
[2022-04-22 22:00:18] [INFO] reader get 6 
[2022-04-22 22:00:18] [INFO] start get result 
[2022-04-22 22:00:18] [INFO] reader get 10 
[2022-04-22 22:00:18] [INFO] start get result 
[2022-04-22 22:00:18] [INFO] end get result 19 
[2022-04-22 22:00:18] [INFO] reader get 19 
[2022-04-22 22:00:18] [INFO] start get result 
[2022-04-22 22:00:18] [INFO] end get result 20 
[2022-04-22 22:00:18] [INFO] reader get 20 
[2022-04-22 22:00:18] [INFO] start get result 
[2022-04-22 22:00:18] [INFO] end get result 4 
[2022-04-22 22:00:18] [INFO] start get result 
[2022-04-22 22:00:18] [INFO] end get result 5 
[2022-04-22 22:00:18] [INFO] reader get 5 
[2022-04-22 22:00:18] [INFO] start get result 
[2022-04-22 22:00:18] [INFO] end get result 11 
[2022-04-22 22:00:18] [INFO] reader get 11 
[2022-04-22 22:00:18] [INFO] start get result 
[2022-04-22 22:00:18] [INFO] end get result 12 
[2022-04-22 22:00:18] [INFO] reader get 12 
[2022-04-22 22:00:18] [INFO] start get result 
[2022-04-22 22:00:18] [INFO] end get result 13 
[2022-04-22 22:00:18] [INFO] reader get 13 
[2022-04-22 22:00:18] [INFO] start get result 
[2022-04-22 22:00:18] [INFO] end get result 14 
[2022-04-22 22:00:18] [INFO] reader get 14 
[2022-04-22 22:00:18] [INFO] start get result 
[2022-04-22 22:00:18] [INFO] end get result 15 
[2022-04-22 22:00:18] [INFO] reader get 15 
[2022-04-22 22:00:18] [INFO] start get result 
[2022-04-22 22:00:18] [INFO] end get result 16 
[2022-04-22 22:00:18] [INFO] reader get 16 
[2022-04-22 22:00:18] [INFO] start get result 
[2022-04-22 22:00:18] [INFO] end get result 17 
[2022-04-22 22:00:18] [INFO] reader get 17 
[2022-04-22 22:00:18] [INFO] start get result 
[2022-04-22 22:00:18] [INFO] writer send [11, 12, 13] 
[2022-04-22 22:00:18] [INFO] end writer 
[2022-04-22 22:00:18] [INFO] start get result 
[2022-04-22 22:00:18] [INFO] end get result 8 
[2022-04-22 22:00:18] [INFO] reader get 8 
[2022-04-22 22:00:18] [INFO] start get result 
[2022-04-22 22:00:18] [INFO] reader get 4 
[2022-04-22 22:00:18] [INFO] start get result 
[2022-04-22 22:00:18] [INFO] writer send [14, 15, 16, 17] 
[2022-04-22 22:00:18] [INFO] end writer 
[2022-04-22 22:00:18] [INFO] end get result 18 
[2022-04-22 22:00:18] [INFO] reader get 18 
[2022-04-22 22:00:18] [INFO] start get result 
[2022-04-22 22:00:18] [INFO] start reader 
[2022-04-22 22:00:18] [INFO] start reader 
[2022-04-22 22:00:18] [INFO] start reader 
[2022-04-22 22:00:18] [INFO] start get result 
[2022-04-22 22:00:18] [INFO] start get result 
[2022-04-22 22:00:18] [INFO] start get result 
Exception in thread "Thread-62753" java.util.concurrent.TimeoutException
	at serie1.Ex4.BlockingMessageQueueFuture$MyFuture.get(BlockingMessageQueueFuture.kt:222)
	at serie1.ex4.FutureTest$blocking_message_multiple_send_receive$2$thread$1.invoke(BlockingMessageQueueWithFutureTest.kt:179)
	at serie1.ex4.FutureTest$blocking_message_multiple_send_receive$2$thread$1.invoke(BlockingMessageQueueWithFutureTest.kt:169)
	at kotlin.concurrent.ThreadsKt$thread$thread$1.run(Thread.kt:30)
Exception in thread "Thread-62750" java.util.concurrent.TimeoutException
	at serie1.Ex4.BlockingMessageQueueFuture$MyFuture.get(BlockingMessageQueueFuture.kt:222)
	at serie1.ex4.FutureTest$blocking_message_multiple_send_receive$2$thread$1.invoke(BlockingMessageQueueWithFutureTest.kt:179)
	at serie1.ex4.FutureTest$blocking_message_multiple_send_receive$2$thread$1.invoke(BlockingMessageQueueWithFutureTest.kt:169)
	at kotlin.concurrent.ThreadsKt$thread$thread$1.run(Thread.kt:30)
Exception in thread "Thread-62751" java.util.concurrent.TimeoutException
	at serie1.Ex4.BlockingMessageQueueFuture$MyFuture.get(BlockingMessageQueueFuture.kt:222)
	at serie1.ex4.FutureTest$blocking_message_multiple_send_receive$2$thread$1.invoke(BlockingMessageQueueWithFutureTest.kt:179)
	at serie1.ex4.FutureTest$blocking_message_multiple_send_receive$2$thread$1.invoke(BlockingMessageQueueWithFutureTest.kt:169)
	at kotlin.concurrent.ThreadsKt$thread$thread$1.run(Thread.kt:30)
Exception in thread "Thread-62748" java.util.concurrent.TimeoutException
	at serie1.Ex4.BlockingMessageQueueFuture$MyFuture.get(BlockingMessageQueueFuture.kt:222)
	at serie1.ex4.FutureTest$blocking_message_multiple_send_receive$2$thread$1.invoke(BlockingMessageQueueWithFutureTest.kt:179)
	at serie1.ex4.FutureTest$blocking_message_multiple_send_receive$2$thread$1.invoke(BlockingMessageQueueWithFutureTest.kt:169)
	at kotlin.concurrent.ThreadsKt$thread$thread$1.run(Thread.kt:30)
Exception in thread "Thread-62749" java.util.concurrent.TimeoutException
	at serie1.Ex4.BlockingMessageQueueFuture$MyFuture.get(BlockingMessageQueueFuture.kt:222)
	at serie1.ex4.FutureTest$blocking_message_multiple_send_receive$2$thread$1.invoke(BlockingMessageQueueWithFutureTest.kt:179)
	at serie1.ex4.FutureTest$blocking_message_multiple_send_receive$2$thread$1.invoke(BlockingMessageQueueWithFutureTest.kt:169)
	at kotlin.concurrent.ThreadsKt$thread$thread$1.run(Thread.kt:30)
Exception in thread "Thread-62752" java.util.concurrent.TimeoutException
	at serie1.Ex4.BlockingMessageQueueFuture$MyFuture.get(BlockingMessageQueueFuture.kt:222)
	at serie1.ex4.FutureTest$blocking_message_multiple_send_receive$2$thread$1.invoke(BlockingMessageQueueWithFutureTest.kt:179)
	at serie1.ex4.FutureTest$blocking_message_multiple_send_receive$2$thread$1.invoke(BlockingMessageQueueWithFutureTest.kt:169)
	at kotlin.concurrent.ThreadsKt$thread$thread$1.run(Thread.kt:30)
Exception in thread "Thread-62754" java.util.concurrent.TimeoutException
	at serie1.Ex4.BlockingMessageQueueFuture$MyFuture.get(BlockingMessageQueueFuture.kt:222)
	at serie1.ex4.FutureTest$blocking_message_multiple_send_receive$2$thread$1.invoke(BlockingMessageQueueWithFutureTest.kt:179)
	at serie1.ex4.FutureTest$blocking_message_multiple_send_receive$2$thread$1.invoke(BlockingMessageQueueWithFutureTest.kt:169)
	at kotlin.concurrent.ThreadsKt$thread$thread$1.run(Thread.kt:30)
[2022-04-22 22:00:20] [INFO] start writer 
[2022-04-22 22:00:20] [INFO] writer try send [1, 2, 3] 
[2022-04-22 22:00:20] [INFO] writer send [1, 2, 3] 
[2022-04-22 22:00:20] [INFO] writer try send [4, 5] 
[2022-04-22 22:00:20] [INFO] writer send [4, 5] 
[2022-04-22 22:00:20] [INFO] writer try send [6] 
[2022-04-22 22:00:20] [INFO] writer send [6] 
[2022-04-22 22:00:20] [INFO] writer try send [7, 8, 9, 10] 
[2022-04-22 22:00:20] [INFO] writer send [7, 8, 9, 10] 
[2022-04-22 22:00:20] [INFO] writer try send [11, 12, 13] 
[2022-04-22 22:00:20] [INFO] start writer 
[2022-04-22 22:00:20] [INFO] writer try send [14, 15, 16, 17] 
[2022-04-22 22:00:20] [INFO] start writer 
[2022-04-22 22:00:20] [INFO] writer try send [18, 19, 20] 
[2022-04-22 22:00:20] [INFO] start writer 
[2022-04-22 22:00:20] [INFO] start writer 
[2022-04-22 22:00:20] [INFO] end writer 
[2022-04-22 22:00:20] [INFO] end writer 
[2022-04-22 22:00:20] [INFO] start reader 
[2022-04-22 22:00:20] [INFO] start writer 
[2022-04-22 22:00:20] [INFO] end writer 
[2022-04-22 22:00:20] [INFO] start reader 
[2022-04-22 22:00:20] [INFO] start writer 
[2022-04-22 22:00:20] [INFO] end writer 
[2022-04-22 22:00:20] [INFO] start reader 
[2022-04-22 22:00:20] [INFO] start writer 
[2022-04-22 22:00:20] [INFO] end writer 
[2022-04-22 22:00:20] [INFO] start get result 
[2022-04-22 22:00:20] [INFO] end get result 1 
[2022-04-22 22:00:20] [INFO] reader get 1 
[2022-04-22 22:00:20] [INFO] start get result 
[2022-04-22 22:00:20] [INFO] end get result 3 
[2022-04-22 22:00:20] [INFO] reader get 3 
[2022-04-22 22:00:20] [INFO] start get result 
[2022-04-22 22:00:20] [INFO] end get result 5 
[2022-04-22 22:00:20] [INFO] reader get 5 
[2022-04-22 22:00:20] [INFO] start get result 
[2022-04-22 22:00:20] [INFO] end get result 6 
[2022-04-22 22:00:20] [INFO] reader get 6 
[2022-04-22 22:00:20] [INFO] start get result 
[2022-04-22 22:00:20] [INFO] end get result 7 
[2022-04-22 22:00:20] [INFO] reader get 7 
[2022-04-22 22:00:20] [INFO] start get result 
[2022-04-22 22:00:20] [INFO] end get result 8 
[2022-04-22 22:00:20] [INFO] reader get 8 
[2022-04-22 22:00:20] [INFO] start get result 
[2022-04-22 22:00:20] [INFO] end get result 9 
[2022-04-22 22:00:20] [INFO] reader get 9 
[2022-04-22 22:00:20] [INFO] start get result 
[2022-04-22 22:00:20] [INFO] writer send [14, 15, 16, 17] 
[2022-04-22 22:00:20] [INFO] end writer 
[2022-04-22 22:00:20] [INFO] start writer 
[2022-04-22 22:00:20] [INFO] end writer 
[2022-04-22 22:00:20] [INFO] end get result 10 
[2022-04-22 22:00:20] [INFO] writer send [11, 12, 13] 
[2022-04-22 22:00:20] [INFO] end writer 
[2022-04-22 22:00:20] [INFO] start get result 
[2022-04-22 22:00:20] [INFO] end get result 4 
[2022-04-22 22:00:20] [INFO] reader get 4 
[2022-04-22 22:00:20] [INFO] start get result 
[2022-04-22 22:00:20] [INFO] end get result 18 
[2022-04-22 22:00:20] [INFO] reader get 18 
[2022-04-22 22:00:20] [INFO] start get result 
[2022-04-22 22:00:20] [INFO] end get result 19 
[2022-04-22 22:00:20] [INFO] reader get 19 
[2022-04-22 22:00:20] [INFO] start get result 
[2022-04-22 22:00:20] [INFO] end get result 20 
[2022-04-22 22:00:20] [INFO] reader get 20 
[2022-04-22 22:00:20] [INFO] start get result 
[2022-04-22 22:00:20] [INFO] end get result 11 
[2022-04-22 22:00:20] [INFO] reader get 11 
[2022-04-22 22:00:20] [INFO] start get result 
[2022-04-22 22:00:20] [INFO] end get result 12 
[2022-04-22 22:00:20] [INFO] reader get 12 
[2022-04-22 22:00:20] [INFO] start get result 
[2022-04-22 22:00:20] [INFO] end get result 13 
[2022-04-22 22:00:20] [INFO] reader get 13 
[2022-04-22 22:00:20] [INFO] start get result 
[2022-04-22 22:00:20] [INFO] end get result 14 
[2022-04-22 22:00:20] [INFO] reader get 14 
[2022-04-22 22:00:20] [INFO] start get result 
[2022-04-22 22:00:20] [INFO] end get result 15 
[2022-04-22 22:00:20] [INFO] reader get 15 
[2022-04-22 22:00:20] [INFO] start get result 
[2022-04-22 22:00:20] [INFO] end get result 16 
[2022-04-22 22:00:20] [INFO] reader get 16 
[2022-04-22 22:00:20] [INFO] start get result 
[2022-04-22 22:00:20] [INFO] writer send [18, 19, 20] 
[2022-04-22 22:00:20] [INFO] end writer 
[2022-04-22 22:00:20] [INFO] start get result 
[2022-04-22 22:00:20] [INFO] end get result 2 
[2022-04-22 22:00:20] [INFO] reader get 2 
[2022-04-22 22:00:20] [INFO] start get result 
[2022-04-22 22:00:20] [INFO] start reader 
[2022-04-22 22:00:20] [INFO] end get result 17 
[2022-04-22 22:00:20] [INFO] reader get 17 
[2022-04-22 22:00:20] [INFO] start reader 
[2022-04-22 22:00:20] [INFO] reader get 10 
[2022-04-22 22:00:20] [INFO] start get result 
[2022-04-22 22:00:20] [INFO] start get result 
[2022-04-22 22:00:20] [INFO] start reader 
[2022-04-22 22:00:20] [INFO] start get result 
[2022-04-22 22:00:20] [INFO] start get result 
[2022-04-22 22:00:20] [INFO] start reader 
[2022-04-22 22:00:20] [INFO] start get result 
[2022-04-22 22:00:20] [INFO] start get result 
Exception in thread "Thread-62768" java.util.concurrent.TimeoutException
	at serie1.Ex4.BlockingMessageQueueFuture$MyFuture.get(BlockingMessageQueueFuture.kt:222)
	at serie1.ex4.FutureTest$blocking_message_multiple_send_receive$2$thread$1.invoke(BlockingMessageQueueWithFutureTest.kt:179)
	at serie1.ex4.FutureTest$blocking_message_multiple_send_receive$2$thread$1.invoke(BlockingMessageQueueWithFutureTest.kt:169)
	at kotlin.concurrent.ThreadsKt$thread$thread$1.run(Thread.kt:30)
Exception in thread "Thread-62771" java.util.concurrent.TimeoutException
	at serie1.Ex4.BlockingMessageQueueFuture$MyFuture.get(BlockingMessageQueueFuture.kt:222)
	at serie1.ex4.FutureTest$blocking_message_multiple_send_receive$2$thread$1.invoke(BlockingMessageQueueWithFutureTest.kt:179)
	at serie1.ex4.FutureTest$blocking_message_multiple_send_receive$2$thread$1.invoke(BlockingMessageQueueWithFutureTest.kt:169)
	at kotlin.concurrent.ThreadsKt$thread$thread$1.run(Thread.kt:30)
Exception in thread "Thread-62769" java.util.concurrent.TimeoutException
	at serie1.Ex4.BlockingMessageQueueFuture$MyFuture.get(BlockingMessageQueueFuture.kt:222)
	at serie1.ex4.FutureTest$blocking_message_multiple_send_receive$2$thread$1.invoke(BlockingMessageQueueWithFutureTest.kt:179)
	at serie1.ex4.FutureTest$blocking_message_multiple_send_receive$2$thread$1.invoke(BlockingMessageQueueWithFutureTest.kt:169)
	at kotlin.concurrent.ThreadsKt$thread$thread$1.run(Thread.kt:30)
Exception in thread "Thread-62765" java.util.concurrent.TimeoutException
	at serie1.Ex4.BlockingMessageQueueFuture$MyFuture.get(BlockingMessageQueueFuture.kt:222)
	at serie1.ex4.FutureTest$blocking_message_multiple_send_receive$2$thread$1.invoke(BlockingMessageQueueWithFutureTest.kt:179)
	at serie1.ex4.FutureTest$blocking_message_multiple_send_receive$2$thread$1.invoke(BlockingMessageQueueWithFutureTest.kt:169)
	at kotlin.concurrent.ThreadsKt$thread$thread$1.run(Thread.kt:30)
Exception in thread "Thread-62766" java.util.concurrent.TimeoutException
	at serie1.Ex4.BlockingMessageQueueFuture$MyFuture.get(BlockingMessageQueueFuture.kt:222)
	at serie1.ex4.FutureTest$blocking_message_multiple_send_receive$2$thread$1.invoke(BlockingMessageQueueWithFutureTest.kt:179)
	at serie1.ex4.FutureTest$blocking_message_multiple_send_receive$2$thread$1.invoke(BlockingMessageQueueWithFutureTest.kt:169)
	at kotlin.concurrent.ThreadsKt$thread$thread$1.run(Thread.kt:30)
Exception in thread "Thread-62770" java.util.concurrent.TimeoutException
	at serie1.Ex4.BlockingMessageQueueFuture$MyFuture.get(BlockingMessageQueueFuture.kt:222)
	at serie1.ex4.FutureTest$blocking_message_multiple_send_receive$2$thread$1.invoke(BlockingMessageQueueWithFutureTest.kt:179)
	at serie1.ex4.FutureTest$blocking_message_multiple_send_receive$2$thread$1.invoke(BlockingMessageQueueWithFutureTest.kt:169)
	at kotlin.concurrent.ThreadsKt$thread$thread$1.run(Thread.kt:30)
Exception in thread "Thread-62767" java.util.concurrent.TimeoutException
	at serie1.Ex4.BlockingMessageQueueFuture$MyFuture.get(BlockingMessageQueueFuture.kt:222)
	at serie1.ex4.FutureTest$blocking_message_multiple_send_receive$2$thread$1.invoke(BlockingMessageQueueWithFutureTest.kt:179)
	at serie1.ex4.FutureTest$blocking_message_multiple_send_receive$2$thread$1.invoke(BlockingMessageQueueWithFutureTest.kt:169)
	at kotlin.concurrent.ThreadsKt$thread$thread$1.run(Thread.kt:30)
[2022-04-22 22:00:22] [INFO] start writer 
[2022-04-22 22:00:22] [INFO] writer try send [1, 2, 3] 
[2022-04-22 22:00:22] [INFO] writer send [1, 2, 3] 
[2022-04-22 22:00:22] [INFO] writer try send [4, 5] 
[2022-04-22 22:00:22] [INFO] writer send [4, 5] 
[2022-04-22 22:00:22] [INFO] writer try send [6] 
[2022-04-22 22:00:22] [INFO] start writer 
[2022-04-22 22:00:22] [INFO] writer try send [7, 8, 9, 10] 
[2022-04-22 22:00:22] [INFO] start reader 
[2022-04-22 22:00:22] [INFO] start writer 
[2022-04-22 22:00:22] [INFO] start reader 
[2022-04-22 22:00:22] [INFO] start writer 
[2022-04-22 22:00:22] [INFO] writer try send [14, 15, 16, 17] 
[2022-04-22 22:00:22] [INFO] start writer 
[2022-04-22 22:00:22] [INFO] writer try send [18, 19, 20] 
[2022-04-22 22:00:22] [INFO] start writer 
[2022-04-22 22:00:22] [INFO] end writer 
[2022-04-22 22:00:22] [INFO] start writer 
[2022-04-22 22:00:22] [INFO] end writer 
[2022-04-22 22:00:22] [INFO] start writer 
[2022-04-22 22:00:22] [INFO] end writer 
[2022-04-22 22:00:22] [INFO] start writer 
[2022-04-22 22:00:22] [INFO] end writer 
[2022-04-22 22:00:22] [INFO] start reader 
[2022-04-22 22:00:22] [INFO] writer try send [11, 12, 13] 
[2022-04-22 22:00:22] [INFO] start get result 
[2022-04-22 22:00:22] [INFO] end get result 2 
[2022-04-22 22:00:22] [INFO] reader get 2 
[2022-04-22 22:00:22] [INFO] start get result 
[2022-04-22 22:00:22] [INFO] end get result 3 
[2022-04-22 22:00:22] [INFO] reader get 3 
[2022-04-22 22:00:22] [INFO] start get result 
[2022-04-22 22:00:22] [INFO] writer send [18, 19, 20] 
[2022-04-22 22:00:22] [INFO] end writer 
[2022-04-22 22:00:22] [INFO] start get result 
[2022-04-22 22:00:22] [INFO] end get result 5 
[2022-04-22 22:00:22] [INFO] reader get 5 
[2022-04-22 22:00:22] [INFO] start get result 
[2022-04-22 22:00:22] [INFO] end get result 6 
[2022-04-22 22:00:22] [INFO] reader get 6 
[2022-04-22 22:00:22] [INFO] start get result 
[2022-04-22 22:00:22] [INFO] end get result 18 
[2022-04-22 22:00:22] [INFO] reader get 18 
[2022-04-22 22:00:22] [INFO] start get result 
[2022-04-22 22:00:22] [INFO] end get result 19 
[2022-04-22 22:00:22] [INFO] reader get 19 
[2022-04-22 22:00:22] [INFO] start get result 
[2022-04-22 22:00:22] [INFO] end get result 20 
[2022-04-22 22:00:22] [INFO] reader get 20 
[2022-04-22 22:00:22] [INFO] start get result 
[2022-04-22 22:00:22] [INFO] end get result 11 
[2022-04-22 22:00:22] [INFO] reader get 11 
[2022-04-22 22:00:22] [INFO] start get result 
[2022-04-22 22:00:22] [INFO] end get result 12 
[2022-04-22 22:00:22] [INFO] reader get 12 
[2022-04-22 22:00:22] [INFO] start get result 
[2022-04-22 22:00:22] [INFO] end get result 13 
[2022-04-22 22:00:22] [INFO] reader get 13 
[2022-04-22 22:00:22] [INFO] start get result 
[2022-04-22 22:00:22] [INFO] end get result 14 
[2022-04-22 22:00:22] [INFO] reader get 14 
[2022-04-22 22:00:22] [INFO] start get result 
[2022-04-22 22:00:22] [INFO] end get result 15 
[2022-04-22 22:00:22] [INFO] reader get 15 
[2022-04-22 22:00:22] [INFO] start get result 
[2022-04-22 22:00:22] [INFO] writer send [7, 8, 9, 10] 
[2022-04-22 22:00:22] [INFO] end writer 
[2022-04-22 22:00:22] [INFO] writer send [6] 
[2022-04-22 22:00:22] [INFO] end writer 
[2022-04-22 22:00:22] [INFO] start get result 
[2022-04-22 22:00:22] [INFO] end get result 1 
[2022-04-22 22:00:22] [INFO] reader get 1 
[2022-04-22 22:00:22] [INFO] start get result 
[2022-04-22 22:00:22] [INFO] end get result 17 
[2022-04-22 22:00:22] [INFO] reader get 17 
[2022-04-22 22:00:22] [INFO] start get result 
[2022-04-22 22:00:22] [INFO] end get result 7 
[2022-04-22 22:00:22] [INFO] reader get 7 
[2022-04-22 22:00:22] [INFO] start get result 
[2022-04-22 22:00:22] [INFO] end get result 8 
[2022-04-22 22:00:22] [INFO] reader get 8 
[2022-04-22 22:00:22] [INFO] start get result 
[2022-04-22 22:00:22] [INFO] end get result 9 
[2022-04-22 22:00:22] [INFO] reader get 9 
[2022-04-22 22:00:22] [INFO] start get result 
[2022-04-22 22:00:22] [INFO] end get result 10 
[2022-04-22 22:00:22] [INFO] reader get 10 
[2022-04-22 22:00:22] [INFO] start get result 
[2022-04-22 22:00:22] [INFO] start writer 
[2022-04-22 22:00:22] [INFO] end writer 
[2022-04-22 22:00:22] [INFO] end get result 16 
[2022-04-22 22:00:22] [INFO] reader get 16 
[2022-04-22 22:00:22] [INFO] start get result 
[2022-04-22 22:00:22] [INFO] writer send [14, 15, 16, 17] 
[2022-04-22 22:00:22] [INFO] end writer 
[2022-04-22 22:00:22] [INFO] writer send [11, 12, 13] 
[2022-04-22 22:00:22] [INFO] end writer 
[2022-04-22 22:00:22] [INFO] end get result 4 
[2022-04-22 22:00:22] [INFO] reader get 4 
[2022-04-22 22:00:22] [INFO] start get result 
[2022-04-22 22:00:22] [INFO] start reader 
[2022-04-22 22:00:22] [INFO] start reader 
[2022-04-22 22:00:22] [INFO] start reader 
[2022-04-22 22:00:22] [INFO] start reader 
[2022-04-22 22:00:22] [INFO] start get result 
[2022-04-22 22:00:22] [INFO] start get result 
[2022-04-22 22:00:22] [INFO] start get result 
[2022-04-22 22:00:22] [INFO] start get result 
Exception in thread "Thread-62789" java.util.concurrent.TimeoutException
	at serie1.Ex4.BlockingMessageQueueFuture$MyFuture.get(BlockingMessageQueueFuture.kt:222)
	at serie1.ex4.FutureTest$blocking_message_multiple_send_receive$2$thread$1.invoke(BlockingMessageQueueWithFutureTest.kt:179)
	at serie1.ex4.FutureTest$blocking_message_multiple_send_receive$2$thread$1.invoke(BlockingMessageQueueWithFutureTest.kt:169)
	at kotlin.concurrent.ThreadsKt$thread$thread$1.run(Thread.kt:30)
Exception in thread "Thread-62787" java.util.concurrent.TimeoutException
	at serie1.Ex4.BlockingMessageQueueFuture$MyFuture.get(BlockingMessageQueueFuture.kt:222)
	at serie1.ex4.FutureTest$blocking_message_multiple_send_receive$2$thread$1.invoke(BlockingMessageQueueWithFutureTest.kt:179)
	at serie1.ex4.FutureTest$blocking_message_multiple_send_receive$2$thread$1.invoke(BlockingMessageQueueWithFutureTest.kt:169)
	at kotlin.concurrent.ThreadsKt$thread$thread$1.run(Thread.kt:30)
Exception in thread "Thread-62786" java.util.concurrent.TimeoutException
	at serie1.Ex4.BlockingMessageQueueFuture$MyFuture.get(BlockingMessageQueueFuture.kt:222)
	at serie1.ex4.FutureTest$blocking_message_multiple_send_receive$2$thread$1.invoke(BlockingMessageQueueWithFutureTest.kt:179)
	at serie1.ex4.FutureTest$blocking_message_multiple_send_receive$2$thread$1.invoke(BlockingMessageQueueWithFutureTest.kt:169)
	at kotlin.concurrent.ThreadsKt$thread$thread$1.run(Thread.kt:30)
Exception in thread "Thread-62783" java.util.concurrent.TimeoutException
	at serie1.Ex4.BlockingMessageQueueFuture$MyFuture.get(BlockingMessageQueueFuture.kt:222)
	at serie1.ex4.FutureTest$blocking_message_multiple_send_receive$2$thread$1.invoke(BlockingMessageQueueWithFutureTest.kt:179)
	at serie1.ex4.FutureTest$blocking_message_multiple_send_receive$2$thread$1.invoke(BlockingMessageQueueWithFutureTest.kt:169)
	at kotlin.concurrent.ThreadsKt$thread$thread$1.run(Thread.kt:30)
Exception in thread "Thread-62785" java.util.concurrent.TimeoutException
	at serie1.Ex4.BlockingMessageQueueFuture$MyFuture.get(BlockingMessageQueueFuture.kt:222)
	at serie1.ex4.FutureTest$blocking_message_multiple_send_receive$2$thread$1.invoke(BlockingMessageQueueWithFutureTest.kt:179)
	at serie1.ex4.FutureTest$blocking_message_multiple_send_receive$2$thread$1.invoke(BlockingMessageQueueWithFutureTest.kt:169)
	at kotlin.concurrent.ThreadsKt$thread$thread$1.run(Thread.kt:30)
Exception in thread "Thread-62784" java.util.concurrent.TimeoutException
	at serie1.Ex4.BlockingMessageQueueFuture$MyFuture.get(BlockingMessageQueueFuture.kt:222)
	at serie1.ex4.FutureTest$blocking_message_multiple_send_receive$2$thread$1.invoke(BlockingMessageQueueWithFutureTest.kt:179)
	at serie1.ex4.FutureTest$blocking_message_multiple_send_receive$2$thread$1.invoke(BlockingMessageQueueWithFutureTest.kt:169)
	at kotlin.concurrent.ThreadsKt$thread$thread$1.run(Thread.kt:30)
Exception in thread "Thread-62788" java.util.concurrent.TimeoutException
	at serie1.Ex4.BlockingMessageQueueFuture$MyFuture.get(BlockingMessageQueueFuture.kt:222)
	at serie1.ex4.FutureTest$blocking_message_multiple_send_receive$2$thread$1.invoke(BlockingMessageQueueWithFutureTest.kt:179)
	at serie1.ex4.FutureTest$blocking_message_multiple_send_receive$2$thread$1.invoke(BlockingMessageQueueWithFutureTest.kt:169)
	at kotlin.concurrent.ThreadsKt$thread$thread$1.run(Thread.kt:30)
[2022-04-22 22:00:24] [INFO] start writer 
[2022-04-22 22:00:24] [INFO] writer try send [1, 2, 3] 
[2022-04-22 22:00:24] [INFO] writer send [1, 2, 3] 
[2022-04-22 22:00:24] [INFO] start writer 
[2022-04-22 22:00:24] [INFO] writer try send [6] 
[2022-04-22 22:00:24] [INFO] writer send [6] 
[2022-04-22 22:00:24] [INFO] writer try send [7, 8, 9, 10] 
[2022-04-22 22:00:24] [INFO] start reader 
[2022-04-22 22:00:24] [INFO] start writer 
[2022-04-22 22:00:24] [INFO] writer try send [11, 12, 13] 
[2022-04-22 22:00:24] [INFO] start writer 
[2022-04-22 22:00:24] [INFO] writer try send [14, 15, 16, 17] 
[2022-04-22 22:00:24] [INFO] writer try send [4, 5] 
[2022-04-22 22:00:24] [INFO] writer send [4, 5] 
[2022-04-22 22:00:24] [INFO] writer try send [18, 19, 20] 
[2022-04-22 22:00:24] [INFO] start get result 
[2022-04-22 22:00:24] [INFO] end get result 1 
[2022-04-22 22:00:24] [INFO] reader get 1 
[2022-04-22 22:00:24] [INFO] start get result 
[2022-04-22 22:00:24] [INFO] end get result 2 
[2022-04-22 22:00:24] [INFO] reader get 2 
[2022-04-22 22:00:24] [INFO] start get result 
[2022-04-22 22:00:24] [INFO] end get result 3 
[2022-04-22 22:00:24] [INFO] reader get 3 
[2022-04-22 22:00:24] [INFO] start get result 
[2022-04-22 22:00:24] [INFO] end get result 6 
[2022-04-22 22:00:24] [INFO] reader get 6 
[2022-04-22 22:00:24] [INFO] start get result 
[2022-04-22 22:00:24] [INFO] end get result 4 
[2022-04-22 22:00:24] [INFO] reader get 4 
[2022-04-22 22:00:24] [INFO] writer send [18, 19, 20] 
[2022-04-22 22:00:24] [INFO] end writer 
[2022-04-22 22:00:24] [INFO] start writer 
[2022-04-22 22:00:24] [INFO] end writer 
[2022-04-22 22:00:24] [INFO] start writer 
[2022-04-22 22:00:24] [INFO] end writer 
[2022-04-22 22:00:24] [INFO] start writer 
[2022-04-22 22:00:24] [INFO] end writer 
[2022-04-22 22:00:24] [INFO] start reader 
[2022-04-22 22:00:24] [INFO] start writer 
[2022-04-22 22:00:24] [INFO] end writer 
[2022-04-22 22:00:24] [INFO] start writer 
[2022-04-22 22:00:24] [INFO] end writer 
[2022-04-22 22:00:24] [INFO] start writer 
[2022-04-22 22:00:24] [INFO] end writer 
[2022-04-22 22:00:24] [INFO] start reader 
[2022-04-22 22:00:24] [INFO] writer send [11, 12, 13] 
[2022-04-22 22:00:24] [INFO] end writer 
[2022-04-22 22:00:24] [INFO] start get result 
[2022-04-22 22:00:24] [INFO] end get result 5 
[2022-04-22 22:00:24] [INFO] reader get 5 
[2022-04-22 22:00:24] [INFO] start get result 
[2022-04-22 22:00:24] [INFO] end get result 19 
[2022-04-22 22:00:24] [INFO] reader get 19 
[2022-04-22 22:00:24] [INFO] start get result 
[2022-04-22 22:00:24] [INFO] end get result 18 
[2022-04-22 22:00:24] [INFO] reader get 18 
[2022-04-22 22:00:24] [INFO] start get result 
[2022-04-22 22:00:24] [INFO] end get result 11 
[2022-04-22 22:00:24] [INFO] reader get 11 
[2022-04-22 22:00:24] [INFO] start get result 
[2022-04-22 22:00:24] [INFO] end get result 12 
[2022-04-22 22:00:24] [INFO] start get result 
[2022-04-22 22:00:24] [INFO] end get result 13 
[2022-04-22 22:00:24] [INFO] reader get 13 
[2022-04-22 22:00:24] [INFO] start get result 
[2022-04-22 22:00:24] [INFO] end get result 7 
[2022-04-22 22:00:24] [INFO] reader get 7 
[2022-04-22 22:00:24] [INFO] start get result 
[2022-04-22 22:00:24] [INFO] end get result 8 
[2022-04-22 22:00:24] [INFO] reader get 8 
[2022-04-22 22:00:24] [INFO] start get result 
[2022-04-22 22:00:24] [INFO] end get result 9 
[2022-04-22 22:00:24] [INFO] reader get 9 
[2022-04-22 22:00:24] [INFO] start get result 
[2022-04-22 22:00:24] [INFO] end get result 10 
[2022-04-22 22:00:24] [INFO] reader get 10 
[2022-04-22 22:00:24] [INFO] start get result 
[2022-04-22 22:00:24] [INFO] end get result 14 
[2022-04-22 22:00:24] [INFO] reader get 14 
[2022-04-22 22:00:24] [INFO] start get result 
[2022-04-22 22:00:24] [INFO] start get result 
[2022-04-22 22:00:24] [INFO] end get result 20 
[2022-04-22 22:00:24] [INFO] reader get 20 
[2022-04-22 22:00:24] [INFO] start get result 
[2022-04-22 22:00:24] [INFO] end get result 16 
[2022-04-22 22:00:24] [INFO] reader get 16 
[2022-04-22 22:00:24] [INFO] start get result 
[2022-04-22 22:00:24] [INFO] start reader 
[2022-04-22 22:00:24] [INFO] end get result 17 
[2022-04-22 22:00:24] [INFO] reader get 17 
[2022-04-22 22:00:24] [INFO] start get result 
[2022-04-22 22:00:24] [INFO] end get result 15 
[2022-04-22 22:00:24] [INFO] reader get 15 
[2022-04-22 22:00:24] [INFO] start get result 
[2022-04-22 22:00:24] [INFO] writer send [14, 15, 16, 17] 
[2022-04-22 22:00:24] [INFO] end writer 
[2022-04-22 22:00:24] [INFO] start get result 
[2022-04-22 22:00:24] [INFO] reader get 12 
[2022-04-22 22:00:24] [INFO] start get result 
[2022-04-22 22:00:24] [INFO] writer send [7, 8, 9, 10] 
[2022-04-22 22:00:24] [INFO] end writer 
[2022-04-22 22:00:24] [INFO] start reader 
[2022-04-22 22:00:24] [INFO] start reader 
[2022-04-22 22:00:24] [INFO] start reader 
[2022-04-22 22:00:24] [INFO] start get result 
[2022-04-22 22:00:24] [INFO] start get result 
[2022-04-22 22:00:24] [INFO] start get result 
Exception in thread "Thread-62806" java.util.concurrent.TimeoutException
	at serie1.Ex4.BlockingMessageQueueFuture$MyFuture.get(BlockingMessageQueueFuture.kt:222)
	at serie1.ex4.FutureTest$blocking_message_multiple_send_receive$2$thread$1.invoke(BlockingMessageQueueWithFutureTest.kt:179)
	at serie1.ex4.FutureTest$blocking_message_multiple_send_receive$2$thread$1.invoke(BlockingMessageQueueWithFutureTest.kt:169)
	at kotlin.concurrent.ThreadsKt$thread$thread$1.run(Thread.kt:30)
Exception in thread "Thread-62804" java.util.concurrent.TimeoutException
	at serie1.Ex4.BlockingMessageQueueFuture$MyFuture.get(BlockingMessageQueueFuture.kt:222)
	at serie1.ex4.FutureTest$blocking_message_multiple_send_receive$2$thread$1.invoke(BlockingMessageQueueWithFutureTest.kt:179)
	at serie1.ex4.FutureTest$blocking_message_multiple_send_receive$2$thread$1.invoke(BlockingMessageQueueWithFutureTest.kt:169)
	at kotlin.concurrent.ThreadsKt$thread$thread$1.run(Thread.kt:30)
Exception in thread "Thread-62805" java.util.concurrent.TimeoutException
	at serie1.Ex4.BlockingMessageQueueFuture$MyFuture.get(BlockingMessageQueueFuture.kt:222)
	at serie1.ex4.FutureTest$blocking_message_multiple_send_receive$2$thread$1.invoke(BlockingMessageQueueWithFutureTest.kt:179)
	at serie1.ex4.FutureTest$blocking_message_multiple_send_receive$2$thread$1.invoke(BlockingMessageQueueWithFutureTest.kt:169)
	at kotlin.concurrent.ThreadsKt$thread$thread$1.run(Thread.kt:30)
Exception in thread "Thread-62803" java.util.concurrent.TimeoutException
	at serie1.Ex4.BlockingMessageQueueFuture$MyFuture.get(BlockingMessageQueueFuture.kt:222)
	at serie1.ex4.FutureTest$blocking_message_multiple_send_receive$2$thread$1.invoke(BlockingMessageQueueWithFutureTest.kt:179)
	at serie1.ex4.FutureTest$blocking_message_multiple_send_receive$2$thread$1.invoke(BlockingMessageQueueWithFutureTest.kt:169)
	at kotlin.concurrent.ThreadsKt$thread$thread$1.run(Thread.kt:30)
Exception in thread "Thread-62801" java.util.concurrent.TimeoutException
	at serie1.Ex4.BlockingMessageQueueFuture$MyFuture.get(BlockingMessageQueueFuture.kt:222)
	at serie1.ex4.FutureTest$blocking_message_multiple_send_receive$2$thread$1.invoke(BlockingMessageQueueWithFutureTest.kt:179)
	at serie1.ex4.FutureTest$blocking_message_multiple_send_receive$2$thread$1.invoke(BlockingMessageQueueWithFutureTest.kt:169)
	at kotlin.concurrent.ThreadsKt$thread$thread$1.run(Thread.kt:30)
Exception in thread "Thread-62807" java.util.concurrent.TimeoutException
	at serie1.Ex4.BlockingMessageQueueFuture$MyFuture.get(BlockingMessageQueueFuture.kt:222)
	at serie1.ex4.FutureTest$blocking_message_multiple_send_receive$2$thread$1.invoke(BlockingMessageQueueWithFutureTest.kt:179)
	at serie1.ex4.FutureTest$blocking_message_multiple_send_receive$2$thread$1.invoke(BlockingMessageQueueWithFutureTest.kt:169)
	at kotlin.concurrent.ThreadsKt$thread$thread$1.run(Thread.kt:30)
Exception in thread "Thread-62802" java.util.concurrent.TimeoutException
	at serie1.Ex4.BlockingMessageQueueFuture$MyFuture.get(BlockingMessageQueueFuture.kt:222)
	at serie1.ex4.FutureTest$blocking_message_multiple_send_receive$2$thread$1.invoke(BlockingMessageQueueWithFutureTest.kt:179)
	at serie1.ex4.FutureTest$blocking_message_multiple_send_receive$2$thread$1.invoke(BlockingMessageQueueWithFutureTest.kt:169)
	at kotlin.concurrent.ThreadsKt$thread$thread$1.run(Thread.kt:30)
[2022-04-22 22:00:26] [INFO] start writer 
[2022-04-22 22:00:26] [INFO] writer try send [1, 2, 3] 
[2022-04-22 22:00:26] [INFO] writer send [1, 2, 3] 
[2022-04-22 22:00:26] [INFO] writer try send [4, 5] 
[2022-04-22 22:00:26] [INFO] writer send [4, 5] 
[2022-04-22 22:00:26] [INFO] writer try send [6] 
[2022-04-22 22:00:26] [INFO] writer send [6] 
[2022-04-22 22:00:26] [INFO] writer try send [7, 8, 9, 10] 
[2022-04-22 22:00:26] [INFO] start writer 
[2022-04-22 22:00:26] [INFO] writer try send [11, 12, 13] 
[2022-04-22 22:00:26] [INFO] start writer 
[2022-04-22 22:00:26] [INFO] writer try send [14, 15, 16, 17] 
[2022-04-22 22:00:26] [INFO] start writer 
[2022-04-22 22:00:26] [INFO] writer try send [18, 19, 20] 
[2022-04-22 22:00:26] [INFO] start writer 
[2022-04-22 22:00:26] [INFO] end writer 
[2022-04-22 22:00:26] [INFO] start reader 
[2022-04-22 22:00:26] [INFO] start writer 
[2022-04-22 22:00:26] [INFO] end writer 
[2022-04-22 22:00:26] [INFO] start reader 
[2022-04-22 22:00:26] [INFO] start writer 
[2022-04-22 22:00:26] [INFO] end writer 
[2022-04-22 22:00:26] [INFO] start writer 
[2022-04-22 22:00:26] [INFO] start get result 
[2022-04-22 22:00:26] [INFO] end get result 1 
[2022-04-22 22:00:26] [INFO] start reader 
[2022-04-22 22:00:26] [INFO] start get result 
[2022-04-22 22:00:26] [INFO] start writer 
[2022-04-22 22:00:26] [INFO] end writer 
[2022-04-22 22:00:26] [INFO] start writer 
[2022-04-22 22:00:26] [INFO] end writer 
[2022-04-22 22:00:26] [INFO] start reader 
[2022-04-22 22:00:26] [INFO] end get result 2 
[2022-04-22 22:00:26] [INFO] reader get 2 
[2022-04-22 22:00:26] [INFO] start get result 
[2022-04-22 22:00:26] [INFO] end get result 4 
[2022-04-22 22:00:26] [INFO] reader get 4 
[2022-04-22 22:00:26] [INFO] start get result 
[2022-04-22 22:00:26] [INFO] end get result 5 
[2022-04-22 22:00:26] [INFO] reader get 5 
[2022-04-22 22:00:26] [INFO] start get result 
[2022-04-22 22:00:26] [INFO] end get result 6 
[2022-04-22 22:00:26] [INFO] reader get 6 
[2022-04-22 22:00:26] [INFO] start get result 
[2022-04-22 22:00:26] [INFO] end get result 12 
[2022-04-22 22:00:26] [INFO] reader get 12 
[2022-04-22 22:00:26] [INFO] start get result 
[2022-04-22 22:00:26] [INFO] end get result 13 
[2022-04-22 22:00:26] [INFO] reader get 13 
[2022-04-22 22:00:26] [INFO] start get result 
[2022-04-22 22:00:26] [INFO] end get result 14 
[2022-04-22 22:00:26] [INFO] reader get 14 
[2022-04-22 22:00:26] [INFO] start get result 
[2022-04-22 22:00:26] [INFO] end get result 15 
[2022-04-22 22:00:26] [INFO] reader get 15 
[2022-04-22 22:00:26] [INFO] start get result 
[2022-04-22 22:00:26] [INFO] end get result 16 
[2022-04-22 22:00:26] [INFO] reader get 16 
[2022-04-22 22:00:26] [INFO] start get result 
[2022-04-22 22:00:26] [INFO] end get result 17 
[2022-04-22 22:00:26] [INFO] reader get 17 
[2022-04-22 22:00:26] [INFO] start get result 
[2022-04-22 22:00:26] [INFO] end get result 18 
[2022-04-22 22:00:26] [INFO] reader get 18 
[2022-04-22 22:00:26] [INFO] start get result 
[2022-04-22 22:00:26] [INFO] end get result 19 
[2022-04-22 22:00:26] [INFO] reader get 19 
[2022-04-22 22:00:26] [INFO] start get result 
[2022-04-22 22:00:26] [INFO] end get result 20 
[2022-04-22 22:00:26] [INFO] reader get 20 
[2022-04-22 22:00:26] [INFO] start get result 
[2022-04-22 22:00:26] [INFO] end get result 7 
[2022-04-22 22:00:26] [INFO] reader get 7 
[2022-04-22 22:00:26] [INFO] start get result 
[2022-04-22 22:00:26] [INFO] end get result 8 
[2022-04-22 22:00:26] [INFO] reader get 8 
[2022-04-22 22:00:26] [INFO] start get result 
[2022-04-22 22:00:26] [INFO] end get result 9 
[2022-04-22 22:00:26] [INFO] reader get 9 
[2022-04-22 22:00:26] [INFO] start get result 
[2022-04-22 22:00:26] [INFO] end get result 10 
[2022-04-22 22:00:26] [INFO] reader get 10 
[2022-04-22 22:00:26] [INFO] start get result 
[2022-04-22 22:00:26] [INFO] writer send [11, 12, 13] 
[2022-04-22 22:00:26] [INFO] end writer 
[2022-04-22 22:00:26] [INFO] reader get 1 
[2022-04-22 22:00:26] [INFO] start get result 
[2022-04-22 22:00:26] [INFO] end writer 
[2022-04-22 22:00:26] [INFO] writer send [7, 8, 9, 10] 
[2022-04-22 22:00:26] [INFO] end writer 
[2022-04-22 22:00:26] [INFO] writer send [18, 19, 20] 
[2022-04-22 22:00:26] [INFO] end writer 
[2022-04-22 22:00:26] [INFO] writer send [14, 15, 16, 17] 
[2022-04-22 22:00:26] [INFO] end writer 
[2022-04-22 22:00:26] [INFO] start get result 
[2022-04-22 22:00:26] [INFO] end get result 11 
[2022-04-22 22:00:26] [INFO] reader get 11 
[2022-04-22 22:00:26] [INFO] start get result 
[2022-04-22 22:00:26] [INFO] start reader 
[2022-04-22 22:00:26] [INFO] start get result 
[2022-04-22 22:00:26] [INFO] end get result 3 
[2022-04-22 22:00:26] [INFO] reader get 3 
[2022-04-22 22:00:26] [INFO] start get result 
[2022-04-22 22:00:26] [INFO] start reader 
[2022-04-22 22:00:26] [INFO] start reader 
[2022-04-22 22:00:26] [INFO] start get result 
[2022-04-22 22:00:26] [INFO] start get result 
[2022-04-22 22:00:26] [INFO] start get result 
Exception in thread "Thread-62819" java.util.concurrent.TimeoutException
	at serie1.Ex4.BlockingMessageQueueFuture$MyFuture.get(BlockingMessageQueueFuture.kt:222)
	at serie1.ex4.FutureTest$blocking_message_multiple_send_receive$2$thread$1.invoke(BlockingMessageQueueWithFutureTest.kt:179)
	at serie1.ex4.FutureTest$blocking_message_multiple_send_receive$2$thread$1.invoke(BlockingMessageQueueWithFutureTest.kt:169)
	at kotlin.concurrent.ThreadsKt$thread$thread$1.run(Thread.kt:30)
Exception in thread "Thread-62821" java.util.concurrent.TimeoutException
	at serie1.Ex4.BlockingMessageQueueFuture$MyFuture.get(BlockingMessageQueueFuture.kt:222)
	at serie1.ex4.FutureTest$blocking_message_multiple_send_receive$2$thread$1.invoke(BlockingMessageQueueWithFutureTest.kt:179)
	at serie1.ex4.FutureTest$blocking_message_multiple_send_receive$2$thread$1.invoke(BlockingMessageQueueWithFutureTest.kt:169)
	at kotlin.concurrent.ThreadsKt$thread$thread$1.run(Thread.kt:30)
Exception in thread "Thread-62820" java.util.concurrent.TimeoutException
	at serie1.Ex4.BlockingMessageQueueFuture$MyFuture.get(BlockingMessageQueueFuture.kt:222)
	at serie1.ex4.FutureTest$blocking_message_multiple_send_receive$2$thread$1.invoke(BlockingMessageQueueWithFutureTest.kt:179)
	at serie1.ex4.FutureTest$blocking_message_multiple_send_receive$2$thread$1.invoke(BlockingMessageQueueWithFutureTest.kt:169)
	at kotlin.concurrent.ThreadsKt$thread$thread$1.run(Thread.kt:30)
Exception in thread "Thread-62824" java.util.concurrent.TimeoutException
	at serie1.Ex4.BlockingMessageQueueFuture$MyFuture.get(BlockingMessageQueueFuture.kt:222)
	at serie1.ex4.FutureTest$blocking_message_multiple_send_receive$2$thread$1.invoke(BlockingMessageQueueWithFutureTest.kt:179)
	at serie1.ex4.FutureTest$blocking_message_multiple_send_receive$2$thread$1.invoke(BlockingMessageQueueWithFutureTest.kt:169)
	at kotlin.concurrent.ThreadsKt$thread$thread$1.run(Thread.kt:30)
Exception in thread "Thread-62825" java.util.concurrent.TimeoutException
	at serie1.Ex4.BlockingMessageQueueFuture$MyFuture.get(BlockingMessageQueueFuture.kt:222)
	at serie1.ex4.FutureTest$blocking_message_multiple_send_receive$2$thread$1.invoke(BlockingMessageQueueWithFutureTest.kt:179)
	at serie1.ex4.FutureTest$blocking_message_multiple_send_receive$2$thread$1.invoke(BlockingMessageQueueWithFutureTest.kt:169)
	at kotlin.concurrent.ThreadsKt$thread$thread$1.run(Thread.kt:30)
Exception in thread "Thread-62822" java.util.concurrent.TimeoutException
	at serie1.Ex4.BlockingMessageQueueFuture$MyFuture.get(BlockingMessageQueueFuture.kt:222)
	at serie1.ex4.FutureTest$blocking_message_multiple_send_receive$2$thread$1.invoke(BlockingMessageQueueWithFutureTest.kt:179)
	at serie1.ex4.FutureTest$blocking_message_multiple_send_receive$2$thread$1.invoke(BlockingMessageQueueWithFutureTest.kt:169)
	at kotlin.concurrent.ThreadsKt$thread$thread$1.run(Thread.kt:30)
Exception in thread "Thread-62823" java.util.concurrent.TimeoutException
	at serie1.Ex4.BlockingMessageQueueFuture$MyFuture.get(BlockingMessageQueueFuture.kt:222)
	at serie1.ex4.FutureTest$blocking_message_multiple_send_receive$2$thread$1.invoke(BlockingMessageQueueWithFutureTest.kt:179)
	at serie1.ex4.FutureTest$blocking_message_multiple_send_receive$2$thread$1.invoke(BlockingMessageQueueWithFutureTest.kt:169)
	at kotlin.concurrent.ThreadsKt$thread$thread$1.run(Thread.kt:30)
[2022-04-22 22:00:28] [INFO] start writer 
[2022-04-22 22:00:28] [INFO] writer try send [1, 2, 3] 
[2022-04-22 22:00:28] [INFO] start writer 
[2022-04-22 22:00:28] [INFO] writer try send [4, 5] 
[2022-04-22 22:00:28] [INFO] writer send [4, 5] 
[2022-04-22 22:00:28] [INFO] writer try send [6] 
[2022-04-22 22:00:28] [INFO] writer send [6] 
[2022-04-22 22:00:28] [INFO] writer try send [7, 8, 9, 10] 
[2022-04-22 22:00:28] [INFO] start writer 
[2022-04-22 22:00:28] [INFO] writer try send [11, 12, 13] 
[2022-04-22 22:00:28] [INFO] writer send [1, 2, 3] 
[2022-04-22 22:00:28] [INFO] writer try send [14, 15, 16, 17] 
[2022-04-22 22:00:28] [INFO] start writer 
[2022-04-22 22:00:28] [INFO] start writer 
[2022-04-22 22:00:28] [INFO] end writer 
[2022-04-22 22:00:28] [INFO] start writer 
[2022-04-22 22:00:28] [INFO] end writer 
[2022-04-22 22:00:28] [INFO] start writer 
[2022-04-22 22:00:28] [INFO] end writer 
[2022-04-22 22:00:28] [INFO] start reader 
[2022-04-22 22:00:28] [INFO] start writer 
[2022-04-22 22:00:28] [INFO] end writer 
[2022-04-22 22:00:28] [INFO] start writer 
[2022-04-22 22:00:28] [INFO] end writer 
[2022-04-22 22:00:28] [INFO] start reader 
[2022-04-22 22:00:28] [INFO] start writer 
[2022-04-22 22:00:28] [INFO] end writer 
[2022-04-22 22:00:28] [INFO] writer try send [18, 19, 20] 
[2022-04-22 22:00:28] [INFO] start reader 
[2022-04-22 22:00:28] [INFO] start get result 
[2022-04-22 22:00:28] [INFO] end get result 2 
[2022-04-22 22:00:28] [INFO] reader get 2 
[2022-04-22 22:00:28] [INFO] start get result 
[2022-04-22 22:00:28] [INFO] end get result 3 
[2022-04-22 22:00:28] [INFO] reader get 3 
[2022-04-22 22:00:28] [INFO] start get result 
[2022-04-22 22:00:28] [INFO] end get result 4 
[2022-04-22 22:00:28] [INFO] reader get 4 
[2022-04-22 22:00:28] [INFO] writer send [11, 12, 13] 
[2022-04-22 22:00:28] [INFO] end writer 
[2022-04-22 22:00:28] [INFO] start get result 
[2022-04-22 22:00:28] [INFO] end get result 1 
[2022-04-22 22:00:28] [INFO] reader get 1 
[2022-04-22 22:00:28] [INFO] start get result 
[2022-04-22 22:00:28] [INFO] end get result 7 
[2022-04-22 22:00:28] [INFO] reader get 7 
[2022-04-22 22:00:28] [INFO] start get result 
[2022-04-22 22:00:28] [INFO] writer send [18, 19, 20] 
[2022-04-22 22:00:28] [INFO] end writer 
[2022-04-22 22:00:28] [INFO] start get result 
[2022-04-22 22:00:28] [INFO] end get result 6 
[2022-04-22 22:00:28] [INFO] reader get 6 
[2022-04-22 22:00:28] [INFO] start get result 
[2022-04-22 22:00:28] [INFO] end get result 9 
[2022-04-22 22:00:28] [INFO] reader get 9 
[2022-04-22 22:00:28] [INFO] start get result 
[2022-04-22 22:00:28] [INFO] end get result 10 
[2022-04-22 22:00:28] [INFO] reader get 10 
[2022-04-22 22:00:28] [INFO] start get result 
[2022-04-22 22:00:28] [INFO] end get result 11 
[2022-04-22 22:00:28] [INFO] reader get 11 
[2022-04-22 22:00:28] [INFO] start get result 
[2022-04-22 22:00:28] [INFO] writer send [14, 15, 16, 17] 
[2022-04-22 22:00:28] [INFO] end writer 
[2022-04-22 22:00:28] [INFO] start get result 
[2022-04-22 22:00:28] [INFO] end get result 5 
[2022-04-22 22:00:28] [INFO] reader get 5 
[2022-04-22 22:00:28] [INFO] start get result 
[2022-04-22 22:00:28] [INFO] end get result 13 
[2022-04-22 22:00:28] [INFO] reader get 13 
[2022-04-22 22:00:28] [INFO] start get result 
[2022-04-22 22:00:28] [INFO] end get result 18 
[2022-04-22 22:00:28] [INFO] reader get 18 
[2022-04-22 22:00:28] [INFO] start get result 
[2022-04-22 22:00:28] [INFO] end get result 19 
[2022-04-22 22:00:28] [INFO] reader get 19 
[2022-04-22 22:00:28] [INFO] start get result 
[2022-04-22 22:00:28] [INFO] end get result 20 
[2022-04-22 22:00:28] [INFO] reader get 20 
[2022-04-22 22:00:28] [INFO] start get result 
[2022-04-22 22:00:28] [INFO] end get result 14 
[2022-04-22 22:00:28] [INFO] reader get 14 
[2022-04-22 22:00:28] [INFO] start get result 
[2022-04-22 22:00:28] [INFO] end get result 15 
[2022-04-22 22:00:28] [INFO] reader get 15 
[2022-04-22 22:00:28] [INFO] start get result 
[2022-04-22 22:00:28] [INFO] end get result 16 
[2022-04-22 22:00:28] [INFO] reader get 16 
[2022-04-22 22:00:28] [INFO] start get result 
[2022-04-22 22:00:28] [INFO] end get result 17 
[2022-04-22 22:00:28] [INFO] reader get 17 
[2022-04-22 22:00:28] [INFO] start get result 
[2022-04-22 22:00:28] [INFO] start reader 
[2022-04-22 22:00:28] [INFO] writer send [7, 8, 9, 10] 
[2022-04-22 22:00:28] [INFO] start reader 
[2022-04-22 22:00:28] [INFO] end get result 12 
[2022-04-22 22:00:28] [INFO] reader get 12 
[2022-04-22 22:00:28] [INFO] start get result 
[2022-04-22 22:00:28] [INFO] start get result 
[2022-04-22 22:00:28] [INFO] end get result 8 
[2022-04-22 22:00:28] [INFO] reader get 8 
[2022-04-22 22:00:28] [INFO] start get result 
[2022-04-22 22:00:28] [INFO] start reader 
[2022-04-22 22:00:28] [INFO] end writer 
[2022-04-22 22:00:28] [INFO] start get result 
[2022-04-22 22:00:28] [INFO] start reader 
[2022-04-22 22:00:28] [INFO] start get result 
[2022-04-22 22:00:28] [INFO] start get result 
Exception in thread "Thread-62837" java.util.concurrent.TimeoutException
	at serie1.Ex4.BlockingMessageQueueFuture$MyFuture.get(BlockingMessageQueueFuture.kt:222)
	at serie1.ex4.FutureTest$blocking_message_multiple_send_receive$2$thread$1.invoke(BlockingMessageQueueWithFutureTest.kt:179)
	at serie1.ex4.FutureTest$blocking_message_multiple_send_receive$2$thread$1.invoke(BlockingMessageQueueWithFutureTest.kt:169)
	at kotlin.concurrent.ThreadsKt$thread$thread$1.run(Thread.kt:30)
Exception in thread "Thread-62842" java.util.concurrent.TimeoutException
	at serie1.Ex4.BlockingMessageQueueFuture$MyFuture.get(BlockingMessageQueueFuture.kt:222)
	at serie1.ex4.FutureTest$blocking_message_multiple_send_receive$2$thread$1.invoke(BlockingMessageQueueWithFutureTest.kt:179)
	at serie1.ex4.FutureTest$blocking_message_multiple_send_receive$2$thread$1.invoke(BlockingMessageQueueWithFutureTest.kt:169)
	at kotlin.concurrent.ThreadsKt$thread$thread$1.run(Thread.kt:30)
Exception in thread "Thread-62838" java.util.concurrent.TimeoutException
	at serie1.Ex4.BlockingMessageQueueFuture$MyFuture.get(BlockingMessageQueueFuture.kt:222)
	at serie1.ex4.FutureTest$blocking_message_multiple_send_receive$2$thread$1.invoke(BlockingMessageQueueWithFutureTest.kt:179)
	at serie1.ex4.FutureTest$blocking_message_multiple_send_receive$2$thread$1.invoke(BlockingMessageQueueWithFutureTest.kt:169)
	at kotlin.concurrent.ThreadsKt$thread$thread$1.run(Thread.kt:30)
Exception in thread "Thread-62843" java.util.concurrent.TimeoutException
	at serie1.Ex4.BlockingMessageQueueFuture$MyFuture.get(BlockingMessageQueueFuture.kt:222)
	at serie1.ex4.FutureTest$blocking_message_multiple_send_receive$2$thread$1.invoke(BlockingMessageQueueWithFutureTest.kt:179)
	at serie1.ex4.FutureTest$blocking_message_multiple_send_receive$2$thread$1.invoke(BlockingMessageQueueWithFutureTest.kt:169)
	at kotlin.concurrent.ThreadsKt$thread$thread$1.run(Thread.kt:30)
Exception in thread "Thread-62841" java.util.concurrent.TimeoutException
	at serie1.Ex4.BlockingMessageQueueFuture$MyFuture.get(BlockingMessageQueueFuture.kt:222)
	at serie1.ex4.FutureTest$blocking_message_multiple_send_receive$2$thread$1.invoke(BlockingMessageQueueWithFutureTest.kt:179)
	at serie1.ex4.FutureTest$blocking_message_multiple_send_receive$2$thread$1.invoke(BlockingMessageQueueWithFutureTest.kt:169)
	at kotlin.concurrent.ThreadsKt$thread$thread$1.run(Thread.kt:30)
Exception in thread "Thread-62839" java.util.concurrent.TimeoutException
	at serie1.Ex4.BlockingMessageQueueFuture$MyFuture.get(BlockingMessageQueueFuture.kt:222)
	at serie1.ex4.FutureTest$blocking_message_multiple_send_receive$2$thread$1.invoke(BlockingMessageQueueWithFutureTest.kt:179)
	at serie1.ex4.FutureTest$blocking_message_multiple_send_receive$2$thread$1.invoke(BlockingMessageQueueWithFutureTest.kt:169)
	at kotlin.concurrent.ThreadsKt$thread$thread$1.run(Thread.kt:30)
Exception in thread "Thread-62840" java.util.concurrent.TimeoutException
	at serie1.Ex4.BlockingMessageQueueFuture$MyFuture.get(BlockingMessageQueueFuture.kt:222)
	at serie1.ex4.FutureTest$blocking_message_multiple_send_receive$2$thread$1.invoke(BlockingMessageQueueWithFutureTest.kt:179)
	at serie1.ex4.FutureTest$blocking_message_multiple_send_receive$2$thread$1.invoke(BlockingMessageQueueWithFutureTest.kt:169)
	at kotlin.concurrent.ThreadsKt$thread$thread$1.run(Thread.kt:30)
[2022-04-22 22:00:30] [INFO] start writer 
[2022-04-22 22:00:30] [INFO] writer try send [1, 2, 3] 
[2022-04-22 22:00:30] [INFO] writer send [1, 2, 3] 
[2022-04-22 22:00:30] [INFO] writer try send [4, 5] 
[2022-04-22 22:00:30] [INFO] writer send [4, 5] 
[2022-04-22 22:00:30] [INFO] writer try send [6] 
[2022-04-22 22:00:30] [INFO] writer send [6] 
[2022-04-22 22:00:30] [INFO] start writer 
[2022-04-22 22:00:30] [INFO] writer try send [11, 12, 13] 
[2022-04-22 22:00:30] [INFO] start writer 
[2022-04-22 22:00:30] [INFO] writer try send [14, 15, 16, 17] 
[2022-04-22 22:00:30] [INFO] start writer 
[2022-04-22 22:00:30] [INFO] writer try send [18, 19, 20] 
[2022-04-22 22:00:30] [INFO] start writer 
[2022-04-22 22:00:30] [INFO] end writer 
[2022-04-22 22:00:30] [INFO] writer try send [7, 8, 9, 10] 
[2022-04-22 22:00:30] [INFO] start reader 
[2022-04-22 22:00:30] [INFO] start writer 
[2022-04-22 22:00:30] [INFO] end writer 
[2022-04-22 22:00:30] [INFO] start reader 
[2022-04-22 22:00:30] [INFO] start writer 
[2022-04-22 22:00:30] [INFO] end writer 
[2022-04-22 22:00:30] [INFO] start writer 
[2022-04-22 22:00:30] [INFO] end writer 
[2022-04-22 22:00:30] [INFO] start writer 
[2022-04-22 22:00:30] [INFO] end writer 
[2022-04-22 22:00:30] [INFO] writer send [11, 12, 13] 
[2022-04-22 22:00:30] [INFO] end writer 
[2022-04-22 22:00:30] [INFO] start get result 
[2022-04-22 22:00:30] [INFO] end get result 2 
[2022-04-22 22:00:30] [INFO] reader get 2 
[2022-04-22 22:00:30] [INFO] start get result 
[2022-04-22 22:00:30] [INFO] end get result 1 
[2022-04-22 22:00:30] [INFO] reader get 1 
[2022-04-22 22:00:30] [INFO] start get result 
[2022-04-22 22:00:30] [INFO] start writer 
[2022-04-22 22:00:30] [INFO] end writer 
[2022-04-22 22:00:30] [INFO] start reader 
[2022-04-22 22:00:30] [INFO] end get result 4 
[2022-04-22 22:00:30] [INFO] reader get 4 
[2022-04-22 22:00:30] [INFO] writer send [14, 15, 16, 17] 
[2022-04-22 22:00:30] [INFO] end writer 
[2022-04-22 22:00:30] [INFO] start get result 
[2022-04-22 22:00:30] [INFO] end get result 3 
[2022-04-22 22:00:30] [INFO] reader get 3 
[2022-04-22 22:00:30] [INFO] start get result 
[2022-04-22 22:00:30] [INFO] start reader 
[2022-04-22 22:00:30] [INFO] start get result 
[2022-04-22 22:00:30] [INFO] end get result 5 
[2022-04-22 22:00:30] [INFO] reader get 5 
[2022-04-22 22:00:30] [INFO] start get result 
[2022-04-22 22:00:30] [INFO] end get result 12 
[2022-04-22 22:00:30] [INFO] reader get 12 
[2022-04-22 22:00:30] [INFO] start get result 
[2022-04-22 22:00:30] [INFO] end get result 13 
[2022-04-22 22:00:30] [INFO] reader get 13 
[2022-04-22 22:00:30] [INFO] start get result 
[2022-04-22 22:00:30] [INFO] end get result 14 
[2022-04-22 22:00:30] [INFO] reader get 14 
[2022-04-22 22:00:30] [INFO] start get result 
[2022-04-22 22:00:30] [INFO] writer send [7, 8, 9, 10] 
[2022-04-22 22:00:30] [INFO] end writer 
[2022-04-22 22:00:30] [INFO] writer send [18, 19, 20] 
[2022-04-22 22:00:30] [INFO] end writer 
[2022-04-22 22:00:30] [INFO] end get result 6 
[2022-04-22 22:00:30] [INFO] reader get 6 
[2022-04-22 22:00:30] [INFO] start get result 
[2022-04-22 22:00:30] [INFO] end get result 17 
[2022-04-22 22:00:30] [INFO] reader get 17 
[2022-04-22 22:00:30] [INFO] start get result 
[2022-04-22 22:00:30] [INFO] start get result 
[2022-04-22 22:00:30] [INFO] end get result 11 
[2022-04-22 22:00:30] [INFO] reader get 11 
[2022-04-22 22:00:30] [INFO] start get result 
[2022-04-22 22:00:30] [INFO] end get result 19 
[2022-04-22 22:00:30] [INFO] reader get 19 
[2022-04-22 22:00:30] [INFO] start get result 
[2022-04-22 22:00:30] [INFO] end get result 20 
[2022-04-22 22:00:30] [INFO] reader get 20 
[2022-04-22 22:00:30] [INFO] start get result 
[2022-04-22 22:00:30] [INFO] end get result 7 
[2022-04-22 22:00:30] [INFO] reader get 7 
[2022-04-22 22:00:30] [INFO] start get result 
[2022-04-22 22:00:30] [INFO] end get result 8 
[2022-04-22 22:00:30] [INFO] reader get 8 
[2022-04-22 22:00:30] [INFO] end get result 18 
[2022-04-22 22:00:30] [INFO] reader get 18 
[2022-04-22 22:00:30] [INFO] start get result 
[2022-04-22 22:00:30] [INFO] end get result 10 
[2022-04-22 22:00:30] [INFO] reader get 10 
[2022-04-22 22:00:30] [INFO] start get result 
[2022-04-22 22:00:30] [INFO] end get result 16 
[2022-04-22 22:00:30] [INFO] reader get 16 
[2022-04-22 22:00:30] [INFO] start get result 
[2022-04-22 22:00:30] [INFO] start get result 
[2022-04-22 22:00:30] [INFO] end get result 15 
[2022-04-22 22:00:30] [INFO] reader get 15 
[2022-04-22 22:00:30] [INFO] start get result 
[2022-04-22 22:00:30] [INFO] start reader 
[2022-04-22 22:00:30] [INFO] start reader 
[2022-04-22 22:00:30] [INFO] start reader 
[2022-04-22 22:00:30] [INFO] start get result 
[2022-04-22 22:00:30] [INFO] end get result 9 
[2022-04-22 22:00:30] [INFO] reader get 9 
[2022-04-22 22:00:30] [INFO] start get result 
[2022-04-22 22:00:30] [INFO] start get result 
[2022-04-22 22:00:30] [INFO] start get result 
[2022-04-22 22:00:30] [INFO] start get result 
Exception in thread "Thread-62859" java.util.concurrent.TimeoutException
	at serie1.Ex4.BlockingMessageQueueFuture$MyFuture.get(BlockingMessageQueueFuture.kt:222)
	at serie1.ex4.FutureTest$blocking_message_multiple_send_receive$2$thread$1.invoke(BlockingMessageQueueWithFutureTest.kt:179)
	at serie1.ex4.FutureTest$blocking_message_multiple_send_receive$2$thread$1.invoke(BlockingMessageQueueWithFutureTest.kt:169)
	at kotlin.concurrent.ThreadsKt$thread$thread$1.run(Thread.kt:30)
Exception in thread "Thread-62861" java.util.concurrent.TimeoutException
	at serie1.Ex4.BlockingMessageQueueFuture$MyFuture.get(BlockingMessageQueueFuture.kt:222)
	at serie1.ex4.FutureTest$blocking_message_multiple_send_receive$2$thread$1.invoke(BlockingMessageQueueWithFutureTest.kt:179)
	at serie1.ex4.FutureTest$blocking_message_multiple_send_receive$2$thread$1.invoke(BlockingMessageQueueWithFutureTest.kt:169)
	at kotlin.concurrent.ThreadsKt$thread$thread$1.run(Thread.kt:30)
Exception in thread "Thread-62856" java.util.concurrent.TimeoutException
	at serie1.Ex4.BlockingMessageQueueFuture$MyFuture.get(BlockingMessageQueueFuture.kt:222)
	at serie1.ex4.FutureTest$blocking_message_multiple_send_receive$2$thread$1.invoke(BlockingMessageQueueWithFutureTest.kt:179)
	at serie1.ex4.FutureTest$blocking_message_multiple_send_receive$2$thread$1.invoke(BlockingMessageQueueWithFutureTest.kt:169)
	at kotlin.concurrent.ThreadsKt$thread$thread$1.run(Thread.kt:30)
Exception in thread "Thread-62855" java.util.concurrent.TimeoutException
	at serie1.Ex4.BlockingMessageQueueFuture$MyFuture.get(BlockingMessageQueueFuture.kt:222)
	at serie1.ex4.FutureTest$blocking_message_multiple_send_receive$2$thread$1.invoke(BlockingMessageQueueWithFutureTest.kt:179)
	at serie1.ex4.FutureTest$blocking_message_multiple_send_receive$2$thread$1.invoke(BlockingMessageQueueWithFutureTest.kt:169)
	at kotlin.concurrent.ThreadsKt$thread$thread$1.run(Thread.kt:30)
Exception in thread "Thread-62860" java.util.concurrent.TimeoutException
	at serie1.Ex4.BlockingMessageQueueFuture$MyFuture.get(BlockingMessageQueueFuture.kt:222)
	at serie1.ex4.FutureTest$blocking_message_multiple_send_receive$2$thread$1.invoke(BlockingMessageQueueWithFutureTest.kt:179)
	at serie1.ex4.FutureTest$blocking_message_multiple_send_receive$2$thread$1.invoke(BlockingMessageQueueWithFutureTest.kt:169)
	at kotlin.concurrent.ThreadsKt$thread$thread$1.run(Thread.kt:30)
Exception in thread "Thread-62858" java.util.concurrent.TimeoutException
	at serie1.Ex4.BlockingMessageQueueFuture$MyFuture.get(BlockingMessageQueueFuture.kt:222)
	at serie1.ex4.FutureTest$blocking_message_multiple_send_receive$2$thread$1.invoke(BlockingMessageQueueWithFutureTest.kt:179)
	at serie1.ex4.FutureTest$blocking_message_multiple_send_receive$2$thread$1.invoke(BlockingMessageQueueWithFutureTest.kt:169)
	at kotlin.concurrent.ThreadsKt$thread$thread$1.run(Thread.kt:30)
Exception in thread "Thread-62857" java.util.concurrent.TimeoutException
	at serie1.Ex4.BlockingMessageQueueFuture$MyFuture.get(BlockingMessageQueueFuture.kt:222)
	at serie1.ex4.FutureTest$blocking_message_multiple_send_receive$2$thread$1.invoke(BlockingMessageQueueWithFutureTest.kt:179)
	at serie1.ex4.FutureTest$blocking_message_multiple_send_receive$2$thread$1.invoke(BlockingMessageQueueWithFutureTest.kt:169)
	at kotlin.concurrent.ThreadsKt$thread$thread$1.run(Thread.kt:30)
[2022-04-22 22:00:32] [INFO] start writer 
[2022-04-22 22:00:32] [INFO] writer try send [1, 2, 3] 
[2022-04-22 22:00:32] [INFO] writer send [1, 2, 3] 
[2022-04-22 22:00:32] [INFO] writer try send [4, 5] 
[2022-04-22 22:00:32] [INFO] writer send [4, 5] 
[2022-04-22 22:00:32] [INFO] writer try send [6] 
[2022-04-22 22:00:32] [INFO] writer send [6] 
[2022-04-22 22:00:32] [INFO] writer try send [7, 8, 9, 10] 
[2022-04-22 22:00:32] [INFO] start writer 
[2022-04-22 22:00:32] [INFO] start writer 
[2022-04-22 22:00:32] [INFO] writer try send [14, 15, 16, 17] 
[2022-04-22 22:00:32] [INFO] start writer 
[2022-04-22 22:00:32] [INFO] writer try send [18, 19, 20] 
[2022-04-22 22:00:32] [INFO] start writer 
[2022-04-22 22:00:32] [INFO] end writer 
[2022-04-22 22:00:32] [INFO] start writer 
[2022-04-22 22:00:32] [INFO] end writer 
[2022-04-22 22:00:32] [INFO] writer try send [11, 12, 13] 
[2022-04-22 22:00:32] [INFO] start reader 
[2022-04-22 22:00:32] [INFO] writer send [7, 8, 9, 10] 
[2022-04-22 22:00:32] [INFO] end writer 
[2022-04-22 22:00:32] [INFO] start writer 
[2022-04-22 22:00:32] [INFO] end writer 
[2022-04-22 22:00:32] [INFO] start writer 
[2022-04-22 22:00:32] [INFO] end writer 
[2022-04-22 22:00:32] [INFO] start writer 
[2022-04-22 22:00:32] [INFO] end writer 
[2022-04-22 22:00:32] [INFO] start writer 
[2022-04-22 22:00:32] [INFO] end writer 
[2022-04-22 22:00:32] [INFO] start reader 
[2022-04-22 22:00:32] [INFO] start get result 
[2022-04-22 22:00:32] [INFO] end get result 1 
[2022-04-22 22:00:32] [INFO] reader get 1 
[2022-04-22 22:00:32] [INFO] start get result 
[2022-04-22 22:00:32] [INFO] end get result 2 
[2022-04-22 22:00:32] [INFO] reader get 2 
[2022-04-22 22:00:32] [INFO] start get result 
[2022-04-22 22:00:32] [INFO] end get result 3 
[2022-04-22 22:00:32] [INFO] reader get 3 
[2022-04-22 22:00:32] [INFO] start get result 
[2022-04-22 22:00:32] [INFO] end get result 5 
[2022-04-22 22:00:32] [INFO] reader get 5 
[2022-04-22 22:00:32] [INFO] start get result 
[2022-04-22 22:00:32] [INFO] end get result 6 
[2022-04-22 22:00:32] [INFO] reader get 6 
[2022-04-22 22:00:32] [INFO] start get result 
[2022-04-22 22:00:32] [INFO] end get result 7 
[2022-04-22 22:00:32] [INFO] reader get 7 
[2022-04-22 22:00:32] [INFO] start get result 
[2022-04-22 22:00:32] [INFO] end get result 8 
[2022-04-22 22:00:32] [INFO] reader get 8 
[2022-04-22 22:00:32] [INFO] start get result 
[2022-04-22 22:00:32] [INFO] end get result 9 
[2022-04-22 22:00:32] [INFO] reader get 9 
[2022-04-22 22:00:32] [INFO] start get result 
[2022-04-22 22:00:32] [INFO] end get result 10 
[2022-04-22 22:00:32] [INFO] reader get 10 
[2022-04-22 22:00:32] [INFO] start get result 
[2022-04-22 22:00:32] [INFO] end get result 11 
[2022-04-22 22:00:32] [INFO] reader get 11 
[2022-04-22 22:00:32] [INFO] start get result 
[2022-04-22 22:00:32] [INFO] end get result 12 
[2022-04-22 22:00:32] [INFO] reader get 12 
[2022-04-22 22:00:32] [INFO] start get result 
[2022-04-22 22:00:32] [INFO] end get result 13 
[2022-04-22 22:00:32] [INFO] reader get 13 
[2022-04-22 22:00:32] [INFO] start get result 
[2022-04-22 22:00:32] [INFO] start reader 
[2022-04-22 22:00:32] [INFO] end get result 18 
[2022-04-22 22:00:32] [INFO] reader get 18 
[2022-04-22 22:00:32] [INFO] start get result 
[2022-04-22 22:00:32] [INFO] end get result 19 
[2022-04-22 22:00:32] [INFO] reader get 19 
[2022-04-22 22:00:32] [INFO] start get result 
[2022-04-22 22:00:32] [INFO] end get result 20 
[2022-04-22 22:00:32] [INFO] reader get 20 
[2022-04-22 22:00:32] [INFO] start get result 
[2022-04-22 22:00:32] [INFO] end get result 14 
[2022-04-22 22:00:32] [INFO] reader get 14 
[2022-04-22 22:00:32] [INFO] start get result 
[2022-04-22 22:00:32] [INFO] end get result 15 
[2022-04-22 22:00:32] [INFO] reader get 15 
[2022-04-22 22:00:32] [INFO] writer send [14, 15, 16, 17] 
[2022-04-22 22:00:32] [INFO] end writer 
[2022-04-22 22:00:32] [INFO] writer send [18, 19, 20] 
[2022-04-22 22:00:32] [INFO] end writer 
[2022-04-22 22:00:32] [INFO] start get result 
[2022-04-22 22:00:32] [INFO] end get result 4 
[2022-04-22 22:00:32] [INFO] reader get 4 
[2022-04-22 22:00:32] [INFO] start get result 
[2022-04-22 22:00:32] [INFO] writer send [11, 12, 13] 
[2022-04-22 22:00:32] [INFO] end writer 
[2022-04-22 22:00:32] [INFO] start get result 
[2022-04-22 22:00:32] [INFO] end get result 17 
[2022-04-22 22:00:32] [INFO] reader get 17 
[2022-04-22 22:00:32] [INFO] start get result 
[2022-04-22 22:00:32] [INFO] start get result 
[2022-04-22 22:00:32] [INFO] end get result 16 
[2022-04-22 22:00:32] [INFO] reader get 16 
[2022-04-22 22:00:32] [INFO] start get result 
[2022-04-22 22:00:32] [INFO] start reader 
[2022-04-22 22:00:32] [INFO] start reader 
[2022-04-22 22:00:32] [INFO] start reader 
[2022-04-22 22:00:32] [INFO] start get result 
[2022-04-22 22:00:32] [INFO] start reader 
[2022-04-22 22:00:32] [INFO] start get result 
[2022-04-22 22:00:32] [INFO] start get result 
[2022-04-22 22:00:32] [INFO] start get result 
Exception in thread "Thread-62873" java.util.concurrent.TimeoutException
	at serie1.Ex4.BlockingMessageQueueFuture$MyFuture.get(BlockingMessageQueueFuture.kt:222)
	at serie1.ex4.FutureTest$blocking_message_multiple_send_receive$2$thread$1.invoke(BlockingMessageQueueWithFutureTest.kt:179)
	at serie1.ex4.FutureTest$blocking_message_multiple_send_receive$2$thread$1.invoke(BlockingMessageQueueWithFutureTest.kt:169)
	at kotlin.concurrent.ThreadsKt$thread$thread$1.run(Thread.kt:30)
Exception in thread "Thread-62877" java.util.concurrent.TimeoutException
	at serie1.Ex4.BlockingMessageQueueFuture$MyFuture.get(BlockingMessageQueueFuture.kt:222)
	at serie1.ex4.FutureTest$blocking_message_multiple_send_receive$2$thread$1.invoke(BlockingMessageQueueWithFutureTest.kt:179)
	at serie1.ex4.FutureTest$blocking_message_multiple_send_receive$2$thread$1.invoke(BlockingMessageQueueWithFutureTest.kt:169)
	at kotlin.concurrent.ThreadsKt$thread$thread$1.run(Thread.kt:30)
Exception in thread "Thread-62876" java.util.concurrent.TimeoutException
	at serie1.Ex4.BlockingMessageQueueFuture$MyFuture.get(BlockingMessageQueueFuture.kt:222)
	at serie1.ex4.FutureTest$blocking_message_multiple_send_receive$2$thread$1.invoke(BlockingMessageQueueWithFutureTest.kt:179)
	at serie1.ex4.FutureTest$blocking_message_multiple_send_receive$2$thread$1.invoke(BlockingMessageQueueWithFutureTest.kt:169)
	at kotlin.concurrent.ThreadsKt$thread$thread$1.run(Thread.kt:30)
Exception in thread "Thread-62879" java.util.concurrent.TimeoutException
	at serie1.Ex4.BlockingMessageQueueFuture$MyFuture.get(BlockingMessageQueueFuture.kt:222)
	at serie1.ex4.FutureTest$blocking_message_multiple_send_receive$2$thread$1.invoke(BlockingMessageQueueWithFutureTest.kt:179)
	at serie1.ex4.FutureTest$blocking_message_multiple_send_receive$2$thread$1.invoke(BlockingMessageQueueWithFutureTest.kt:169)
	at kotlin.concurrent.ThreadsKt$thread$thread$1.run(Thread.kt:30)
Exception in thread "Thread-62878" java.util.concurrent.TimeoutException
	at serie1.Ex4.BlockingMessageQueueFuture$MyFuture.get(BlockingMessageQueueFuture.kt:222)
	at serie1.ex4.FutureTest$blocking_message_multiple_send_receive$2$thread$1.invoke(BlockingMessageQueueWithFutureTest.kt:179)
	at serie1.ex4.FutureTest$blocking_message_multiple_send_receive$2$thread$1.invoke(BlockingMessageQueueWithFutureTest.kt:169)
	at kotlin.concurrent.ThreadsKt$thread$thread$1.run(Thread.kt:30)
Exception in thread "Thread-62875" java.util.concurrent.TimeoutException
	at serie1.Ex4.BlockingMessageQueueFuture$MyFuture.get(BlockingMessageQueueFuture.kt:222)
	at serie1.ex4.FutureTest$blocking_message_multiple_send_receive$2$thread$1.invoke(BlockingMessageQueueWithFutureTest.kt:179)
	at serie1.ex4.FutureTest$blocking_message_multiple_send_receive$2$thread$1.invoke(BlockingMessageQueueWithFutureTest.kt:169)
	at kotlin.concurrent.ThreadsKt$thread$thread$1.run(Thread.kt:30)
Exception in thread "Thread-62874" java.util.concurrent.TimeoutException
	at serie1.Ex4.BlockingMessageQueueFuture$MyFuture.get(BlockingMessageQueueFuture.kt:222)
	at serie1.ex4.FutureTest$blocking_message_multiple_send_receive$2$thread$1.invoke(BlockingMessageQueueWithFutureTest.kt:179)
	at serie1.ex4.FutureTest$blocking_message_multiple_send_receive$2$thread$1.invoke(BlockingMessageQueueWithFutureTest.kt:169)
	at kotlin.concurrent.ThreadsKt$thread$thread$1.run(Thread.kt:30)
[2022-04-22 22:00:34] [INFO] start writer 
[2022-04-22 22:00:34] [INFO] writer try send [1, 2, 3] 
[2022-04-22 22:00:34] [INFO] start reader 
[2022-04-22 22:00:34] [INFO] writer send [1, 2, 3] 
[2022-04-22 22:00:34] [INFO] writer try send [4, 5] 
[2022-04-22 22:00:34] [INFO] writer send [4, 5] 
[2022-04-22 22:00:34] [INFO] writer try send [6] 
[2022-04-22 22:00:34] [INFO] start writer 
[2022-04-22 22:00:34] [INFO] writer try send [7, 8, 9, 10] 
[2022-04-22 22:00:34] [INFO] start writer 
[2022-04-22 22:00:34] [INFO] writer try send [11, 12, 13] 
[2022-04-22 22:00:34] [INFO] start reader 
[2022-04-22 22:00:34] [INFO] start writer 
[2022-04-22 22:00:34] [INFO] writer try send [14, 15, 16, 17] 
[2022-04-22 22:00:34] [INFO] start reader 
[2022-04-22 22:00:34] [INFO] start writer 
[2022-04-22 22:00:34] [INFO] writer try send [18, 19, 20] 
[2022-04-22 22:00:34] [INFO] writer send [6] 
[2022-04-22 22:00:34] [INFO] end writer 
[2022-04-22 22:00:34] [INFO] start get result 
[2022-04-22 22:00:34] [INFO] end get result 1 
[2022-04-22 22:00:34] [INFO] reader get 1 
[2022-04-22 22:00:34] [INFO] start get result 
[2022-04-22 22:00:34] [INFO] end get result 4 
[2022-04-22 22:00:34] [INFO] reader get 4 
[2022-04-22 22:00:34] [INFO] start get result 
[2022-04-22 22:00:34] [INFO] end get result 5 
[2022-04-22 22:00:34] [INFO] reader get 5 
[2022-04-22 22:00:34] [INFO] start get result 
[2022-04-22 22:00:34] [INFO] end get result 6 
[2022-04-22 22:00:34] [INFO] reader get 6 
[2022-04-22 22:00:34] [INFO] start get result 
[2022-04-22 22:00:34] [INFO] end get result 14 
[2022-04-22 22:00:34] [INFO] reader get 14 
[2022-04-22 22:00:34] [INFO] start get result 
[2022-04-22 22:00:34] [INFO] end get result 15 
[2022-04-22 22:00:34] [INFO] reader get 15 
[2022-04-22 22:00:34] [INFO] start get result 
[2022-04-22 22:00:34] [INFO] end get result 16 
[2022-04-22 22:00:34] [INFO] reader get 16 
[2022-04-22 22:00:34] [INFO] start get result 
[2022-04-22 22:00:34] [INFO] end get result 17 
[2022-04-22 22:00:34] [INFO] reader get 17 
[2022-04-22 22:00:34] [INFO] start get result 
[2022-04-22 22:00:34] [INFO] end get result 18 
[2022-04-22 22:00:34] [INFO] reader get 18 
[2022-04-22 22:00:34] [INFO] start get result 
[2022-04-22 22:00:34] [INFO] end get result 19 
[2022-04-22 22:00:34] [INFO] reader get 19 
[2022-04-22 22:00:34] [INFO] start get result 
[2022-04-22 22:00:34] [INFO] end get result 20 
[2022-04-22 22:00:34] [INFO] reader get 20 
[2022-04-22 22:00:34] [INFO] start get result 
[2022-04-22 22:00:34] [INFO] end get result 11 
[2022-04-22 22:00:34] [INFO] reader get 11 
[2022-04-22 22:00:34] [INFO] start get result 
[2022-04-22 22:00:34] [INFO] writer send [7, 8, 9, 10] 
[2022-04-22 22:00:34] [INFO] end writer 
[2022-04-22 22:00:34] [INFO] start get result 
[2022-04-22 22:00:34] [INFO] end get result 3 
[2022-04-22 22:00:34] [INFO] reader get 3 
[2022-04-22 22:00:34] [INFO] start get result 
[2022-04-22 22:00:34] [INFO] end get result 2 
[2022-04-22 22:00:34] [INFO] reader get 2 
[2022-04-22 22:00:34] [INFO] start get result 
[2022-04-22 22:00:34] [INFO] end get result 7 
[2022-04-22 22:00:34] [INFO] reader get 7 
[2022-04-22 22:00:34] [INFO] start get result 
[2022-04-22 22:00:34] [INFO] end get result 8 
[2022-04-22 22:00:34] [INFO] reader get 8 
[2022-04-22 22:00:34] [INFO] start get result 
[2022-04-22 22:00:34] [INFO] end get result 9 
[2022-04-22 22:00:34] [INFO] reader get 9 
[2022-04-22 22:00:34] [INFO] start get result 
[2022-04-22 22:00:34] [INFO] end get result 10 
[2022-04-22 22:00:34] [INFO] reader get 10 
[2022-04-22 22:00:34] [INFO] start get result 
[2022-04-22 22:00:34] [INFO] start reader 
[2022-04-22 22:00:34] [INFO] start get result 
[2022-04-22 22:00:34] [INFO] end get result 13 
[2022-04-22 22:00:34] [INFO] reader get 13 
[2022-04-22 22:00:34] [INFO] start get result 
[2022-04-22 22:00:34] [INFO] start reader 
[2022-04-22 22:00:34] [INFO] end get result 12 
[2022-04-22 22:00:34] [INFO] reader get 12 
[2022-04-22 22:00:34] [INFO] start get result 
[2022-04-22 22:00:34] [INFO] writer send [11, 12, 13] 
[2022-04-22 22:00:34] [INFO] end writer 
[2022-04-22 22:00:34] [INFO] writer send [18, 19, 20] 
[2022-04-22 22:00:34] [INFO] end writer 
[2022-04-22 22:00:34] [INFO] writer send [14, 15, 16, 17] 
[2022-04-22 22:00:34] [INFO] end writer 
[2022-04-22 22:00:34] [INFO] start get result 
[2022-04-22 22:00:34] [INFO] start reader 
[2022-04-22 22:00:34] [INFO] start get result 
[2022-04-22 22:00:34] [INFO] start reader 
[2022-04-22 22:00:34] [INFO] start reader 
[2022-04-22 22:00:34] [INFO] start get result 
[2022-04-22 22:00:34] [INFO] start get result 
[2022-04-22 22:00:34] [INFO] start get result 
Exception in thread "Thread-62889" java.util.concurrent.TimeoutException
	at serie1.Ex4.BlockingMessageQueueFuture$MyFuture.get(BlockingMessageQueueFuture.kt:222)
	at serie1.ex4.FutureTest$blocking_message_multiple_send_receive$2$thread$1.invoke(BlockingMessageQueueWithFutureTest.kt:179)
	at serie1.ex4.FutureTest$blocking_message_multiple_send_receive$2$thread$1.invoke(BlockingMessageQueueWithFutureTest.kt:169)
	at kotlin.concurrent.ThreadsKt$thread$thread$1.run(Thread.kt:30)
Exception in thread "Thread-62886" java.util.concurrent.TimeoutException
	at serie1.Ex4.BlockingMessageQueueFuture$MyFuture.get(BlockingMessageQueueFuture.kt:222)
	at serie1.ex4.FutureTest$blocking_message_multiple_send_receive$2$thread$1.invoke(BlockingMessageQueueWithFutureTest.kt:179)
	at serie1.ex4.FutureTest$blocking_message_multiple_send_receive$2$thread$1.invoke(BlockingMessageQueueWithFutureTest.kt:169)
	at kotlin.concurrent.ThreadsKt$thread$thread$1.run(Thread.kt:30)
Exception in thread "Thread-62892" java.util.concurrent.TimeoutException
	at serie1.Ex4.BlockingMessageQueueFuture$MyFuture.get(BlockingMessageQueueFuture.kt:222)
	at serie1.ex4.FutureTest$blocking_message_multiple_send_receive$2$thread$1.invoke(BlockingMessageQueueWithFutureTest.kt:179)
	at serie1.ex4.FutureTest$blocking_message_multiple_send_receive$2$thread$1.invoke(BlockingMessageQueueWithFutureTest.kt:169)
	at kotlin.concurrent.ThreadsKt$thread$thread$1.run(Thread.kt:30)
Exception in thread "Thread-62887" java.util.concurrent.TimeoutException
	at serie1.Ex4.BlockingMessageQueueFuture$MyFuture.get(BlockingMessageQueueFuture.kt:222)
	at serie1.ex4.FutureTest$blocking_message_multiple_send_receive$2$thread$1.invoke(BlockingMessageQueueWithFutureTest.kt:179)
	at serie1.ex4.FutureTest$blocking_message_multiple_send_receive$2$thread$1.invoke(BlockingMessageQueueWithFutureTest.kt:169)
	at kotlin.concurrent.ThreadsKt$thread$thread$1.run(Thread.kt:30)
Exception in thread "Thread-62888" java.util.concurrent.TimeoutException
	at serie1.Ex4.BlockingMessageQueueFuture$MyFuture.get(BlockingMessageQueueFuture.kt:222)
	at serie1.ex4.FutureTest$blocking_message_multiple_send_receive$2$thread$1.invoke(BlockingMessageQueueWithFutureTest.kt:179)
	at serie1.ex4.FutureTest$blocking_message_multiple_send_receive$2$thread$1.invoke(BlockingMessageQueueWithFutureTest.kt:169)
	at kotlin.concurrent.ThreadsKt$thread$thread$1.run(Thread.kt:30)
Exception in thread "Thread-62890" java.util.concurrent.TimeoutException
	at serie1.Ex4.BlockingMessageQueueFuture$MyFuture.get(BlockingMessageQueueFuture.kt:222)
	at serie1.ex4.FutureTest$blocking_message_multiple_send_receive$2$thread$1.invoke(BlockingMessageQueueWithFutureTest.kt:179)
	at serie1.ex4.FutureTest$blocking_message_multiple_send_receive$2$thread$1.invoke(BlockingMessageQueueWithFutureTest.kt:169)
	at kotlin.concurrent.ThreadsKt$thread$thread$1.run(Thread.kt:30)
Exception in thread "Thread-62891" java.util.concurrent.TimeoutException
	at serie1.Ex4.BlockingMessageQueueFuture$MyFuture.get(BlockingMessageQueueFuture.kt:222)
	at serie1.ex4.FutureTest$blocking_message_multiple_send_receive$2$thread$1.invoke(BlockingMessageQueueWithFutureTest.kt:179)
	at serie1.ex4.FutureTest$blocking_message_multiple_send_receive$2$thread$1.invoke(BlockingMessageQueueWithFutureTest.kt:169)
	at kotlin.concurrent.ThreadsKt$thread$thread$1.run(Thread.kt:30)
Exception in thread "Thread-62893" java.util.concurrent.TimeoutException
	at serie1.Ex4.BlockingMessageQueueFuture$MyFuture.get(BlockingMessageQueueFuture.kt:222)
	at serie1.ex4.FutureTest$blocking_message_multiple_send_receive$2$thread$1.invoke(BlockingMessageQueueWithFutureTest.kt:179)
	at serie1.ex4.FutureTest$blocking_message_multiple_send_receive$2$thread$1.invoke(BlockingMessageQueueWithFutureTest.kt:169)
	at kotlin.concurrent.ThreadsKt$thread$thread$1.run(Thread.kt:30)
[2022-04-22 22:00:36] [INFO] start reader 
[2022-04-22 22:00:36] [INFO] start reader 
[2022-04-22 22:00:36] [INFO] start writer 
[2022-04-22 22:00:36] [INFO] writer try send [1, 2, 3] 
[2022-04-22 22:00:36] [INFO] start writer 
[2022-04-22 22:00:36] [INFO] writer try send [4, 5] 
[2022-04-22 22:00:36] [INFO] writer send [4, 5] 
[2022-04-22 22:00:36] [INFO] writer try send [6] 
[2022-04-22 22:00:36] [INFO] writer send [6] 
[2022-04-22 22:00:36] [INFO] start get result 
[2022-04-22 22:00:36] [INFO] end get result 1 
[2022-04-22 22:00:36] [INFO] reader get 1 
[2022-04-22 22:00:36] [INFO] start get result 
[2022-04-22 22:00:36] [INFO] end get result 3 
[2022-04-22 22:00:36] [INFO] reader get 3 
[2022-04-22 22:00:36] [INFO] start get result 
[2022-04-22 22:00:36] [INFO] end get result 4 
[2022-04-22 22:00:36] [INFO] reader get 4 
[2022-04-22 22:00:36] [INFO] start get result 
[2022-04-22 22:00:36] [INFO] end get result 5 
[2022-04-22 22:00:36] [INFO] reader get 5 
[2022-04-22 22:00:36] [INFO] start get result 
[2022-04-22 22:00:36] [INFO] end get result 6 
[2022-04-22 22:00:36] [INFO] reader get 6 
[2022-04-22 22:00:36] [INFO] start get result 
[2022-04-22 22:00:36] [INFO] start writer 
[2022-04-22 22:00:36] [INFO] writer try send [11, 12, 13] 
[2022-04-22 22:00:36] [INFO] writer send [11, 12, 13] 
[2022-04-22 22:00:36] [INFO] end get result 11 
[2022-04-22 22:00:36] [INFO] reader get 11 
[2022-04-22 22:00:36] [INFO] start get result 
[2022-04-22 22:00:36] [INFO] end get result 12 
[2022-04-22 22:00:36] [INFO] reader get 12 
[2022-04-22 22:00:36] [INFO] start get result 
[2022-04-22 22:00:36] [INFO] end get result 13 
[2022-04-22 22:00:36] [INFO] reader get 13 
[2022-04-22 22:00:36] [INFO] start get result 
[2022-04-22 22:00:36] [INFO] writer send [1, 2, 3] 
[2022-04-22 22:00:36] [INFO] writer try send [18, 19, 20] 
[2022-04-22 22:00:36] [INFO] writer send [18, 19, 20] 
[2022-04-22 22:00:36] [INFO] end writer 
[2022-04-22 22:00:36] [INFO] start reader 
[2022-04-22 22:00:36] [INFO] start writer 
[2022-04-22 22:00:36] [INFO] end writer 
[2022-04-22 22:00:36] [INFO] end get result 18 
[2022-04-22 22:00:36] [INFO] reader get 18 
[2022-04-22 22:00:36] [INFO] start get result 
[2022-04-22 22:00:36] [INFO] end get result 19 
[2022-04-22 22:00:36] [INFO] reader get 19 
[2022-04-22 22:00:36] [INFO] start get result 
[2022-04-22 22:00:36] [INFO] end get result 20 
[2022-04-22 22:00:36] [INFO] reader get 20 
[2022-04-22 22:00:36] [INFO] start get result 
[2022-04-22 22:00:36] [INFO] writer try send [14, 15, 16, 17] 
[2022-04-22 22:00:36] [INFO] start writer 
[2022-04-22 22:00:36] [INFO] end writer 
[2022-04-22 22:00:36] [INFO] start get result 
[2022-04-22 22:00:36] [INFO] end get result 2 
[2022-04-22 22:00:36] [INFO] reader get 2 
[2022-04-22 22:00:36] [INFO] start get result 
[2022-04-22 22:00:36] [INFO] end get result 16 
[2022-04-22 22:00:36] [INFO] reader get 16 
[2022-04-22 22:00:36] [INFO] start get result 
[2022-04-22 22:00:36] [INFO] end get result 17 
[2022-04-22 22:00:36] [INFO] reader get 17 
[2022-04-22 22:00:36] [INFO] start get result 
[2022-04-22 22:00:36] [INFO] writer try send [7, 8, 9, 10] 
[2022-04-22 22:00:36] [INFO] writer send [7, 8, 9, 10] 
[2022-04-22 22:00:36] [INFO] end writer 
[2022-04-22 22:00:36] [INFO] end get result 14 
[2022-04-22 22:00:36] [INFO] reader get 14 
[2022-04-22 22:00:36] [INFO] start get result 
[2022-04-22 22:00:36] [INFO] end get result 8 
[2022-04-22 22:00:36] [INFO] reader get 8 
[2022-04-22 22:00:36] [INFO] start get result 
[2022-04-22 22:00:36] [INFO] end get result 9 
[2022-04-22 22:00:36] [INFO] reader get 9 
[2022-04-22 22:00:36] [INFO] start get result 
[2022-04-22 22:00:36] [INFO] end get result 10 
[2022-04-22 22:00:36] [INFO] reader get 10 
[2022-04-22 22:00:36] [INFO] start get result 
[2022-04-22 22:00:36] [INFO] writer send [14, 15, 16, 17] 
[2022-04-22 22:00:36] [INFO] end writer 
[2022-04-22 22:00:36] [INFO] start get result 
[2022-04-22 22:00:36] [INFO] end get result 15 
[2022-04-22 22:00:36] [INFO] reader get 15 
[2022-04-22 22:00:36] [INFO] start get result 
[2022-04-22 22:00:36] [INFO] start reader 
[2022-04-22 22:00:36] [INFO] end get result 7 
[2022-04-22 22:00:36] [INFO] reader get 7 
[2022-04-22 22:00:36] [INFO] start get result 
[2022-04-22 22:00:36] [INFO] start reader 
[2022-04-22 22:00:36] [INFO] start reader 
[2022-04-22 22:00:36] [INFO] start get result 
[2022-04-22 22:00:36] [INFO] start get result 
[2022-04-22 22:00:36] [INFO] start reader 
[2022-04-22 22:00:36] [INFO] start get result 
[2022-04-22 22:00:36] [INFO] start reader 
[2022-04-22 22:00:36] [INFO] start get result 
[2022-04-22 22:00:36] [INFO] start get result 
Exception in thread "Thread-62900" java.util.concurrent.TimeoutException
	at serie1.Ex4.BlockingMessageQueueFuture$MyFuture.get(BlockingMessageQueueFuture.kt:222)
	at serie1.ex4.FutureTest$blocking_message_multiple_send_receive$2$thread$1.invoke(BlockingMessageQueueWithFutureTest.kt:179)
	at serie1.ex4.FutureTest$blocking_message_multiple_send_receive$2$thread$1.invoke(BlockingMessageQueueWithFutureTest.kt:169)
	at kotlin.concurrent.ThreadsKt$thread$thread$1.run(Thread.kt:30)
Exception in thread "Thread-62902" java.util.concurrent.TimeoutException
	at serie1.Ex4.BlockingMessageQueueFuture$MyFuture.get(BlockingMessageQueueFuture.kt:222)
	at serie1.ex4.FutureTest$blocking_message_multiple_send_receive$2$thread$1.invoke(BlockingMessageQueueWithFutureTest.kt:179)
	at serie1.ex4.FutureTest$blocking_message_multiple_send_receive$2$thread$1.invoke(BlockingMessageQueueWithFutureTest.kt:169)
	at kotlin.concurrent.ThreadsKt$thread$thread$1.run(Thread.kt:30)
Exception in thread "Thread-62905" java.util.concurrent.TimeoutException
	at serie1.Ex4.BlockingMessageQueueFuture$MyFuture.get(BlockingMessageQueueFuture.kt:222)
	at serie1.ex4.FutureTest$blocking_message_multiple_send_receive$2$thread$1.invoke(BlockingMessageQueueWithFutureTest.kt:179)
	at serie1.ex4.FutureTest$blocking_message_multiple_send_receive$2$thread$1.invoke(BlockingMessageQueueWithFutureTest.kt:169)
	at kotlin.concurrent.ThreadsKt$thread$thread$1.run(Thread.kt:30)
Exception in thread "Thread-62906" java.util.concurrent.TimeoutException
	at serie1.Ex4.BlockingMessageQueueFuture$MyFuture.get(BlockingMessageQueueFuture.kt:222)
	at serie1.ex4.FutureTest$blocking_message_multiple_send_receive$2$thread$1.invoke(BlockingMessageQueueWithFutureTest.kt:179)
	at serie1.ex4.FutureTest$blocking_message_multiple_send_receive$2$thread$1.invoke(BlockingMessageQueueWithFutureTest.kt:169)
	at kotlin.concurrent.ThreadsKt$thread$thread$1.run(Thread.kt:30)
Exception in thread "Thread-62907" java.util.concurrent.TimeoutException
	at serie1.Ex4.BlockingMessageQueueFuture$MyFuture.get(BlockingMessageQueueFuture.kt:222)
	at serie1.ex4.FutureTest$blocking_message_multiple_send_receive$2$thread$1.invoke(BlockingMessageQueueWithFutureTest.kt:179)
	at serie1.ex4.FutureTest$blocking_message_multiple_send_receive$2$thread$1.invoke(BlockingMessageQueueWithFutureTest.kt:169)
	at kotlin.concurrent.ThreadsKt$thread$thread$1.run(Thread.kt:30)
Exception in thread "Thread-62904" java.util.concurrent.TimeoutException
	at serie1.Ex4.BlockingMessageQueueFuture$MyFuture.get(BlockingMessageQueueFuture.kt:222)
	at serie1.ex4.FutureTest$blocking_message_multiple_send_receive$2$thread$1.invoke(BlockingMessageQueueWithFutureTest.kt:179)
	at serie1.ex4.FutureTest$blocking_message_multiple_send_receive$2$thread$1.invoke(BlockingMessageQueueWithFutureTest.kt:169)
	at kotlin.concurrent.ThreadsKt$thread$thread$1.run(Thread.kt:30)
Exception in thread "Thread-62903" java.util.concurrent.TimeoutException
	at serie1.Ex4.BlockingMessageQueueFuture$MyFuture.get(BlockingMessageQueueFuture.kt:222)
	at serie1.ex4.FutureTest$blocking_message_multiple_send_receive$2$thread$1.invoke(BlockingMessageQueueWithFutureTest.kt:179)
	at serie1.ex4.FutureTest$blocking_message_multiple_send_receive$2$thread$1.invoke(BlockingMessageQueueWithFutureTest.kt:169)
	at kotlin.concurrent.ThreadsKt$thread$thread$1.run(Thread.kt:30)
Exception in thread "Thread-62901" java.util.concurrent.TimeoutException
	at serie1.Ex4.BlockingMessageQueueFuture$MyFuture.get(BlockingMessageQueueFuture.kt:222)
	at serie1.ex4.FutureTest$blocking_message_multiple_send_receive$2$thread$1.invoke(BlockingMessageQueueWithFutureTest.kt:179)
	at serie1.ex4.FutureTest$blocking_message_multiple_send_receive$2$thread$1.invoke(BlockingMessageQueueWithFutureTest.kt:169)
	at kotlin.concurrent.ThreadsKt$thread$thread$1.run(Thread.kt:30)
[2022-04-22 22:00:38] [INFO] start writer 
[2022-04-22 22:00:38] [INFO] writer try send [1, 2, 3] 
[2022-04-22 22:00:38] [INFO] start reader 
[2022-04-22 22:00:38] [INFO] start writer 
[2022-04-22 22:00:38] [INFO] writer try send [4, 5] 
[2022-04-22 22:00:38] [INFO] start reader 
[2022-04-22 22:00:38] [INFO] writer send [4, 5] 
[2022-04-22 22:00:38] [INFO] start writer 
[2022-04-22 22:00:38] [INFO] start get result 
[2022-04-22 22:00:38] [INFO] end get result 1 
[2022-04-22 22:00:38] [INFO] reader get 1 
[2022-04-22 22:00:38] [INFO] start get result 
[2022-04-22 22:00:38] [INFO] end get result 2 
[2022-04-22 22:00:38] [INFO] reader get 2 
[2022-04-22 22:00:38] [INFO] start get result 
[2022-04-22 22:00:38] [INFO] start get result 
[2022-04-22 22:00:38] [INFO] end get result 4 
[2022-04-22 22:00:38] [INFO] reader get 4 
[2022-04-22 22:00:38] [INFO] start get result 
[2022-04-22 22:00:38] [INFO] end get result 5 
[2022-04-22 22:00:38] [INFO] reader get 5 
[2022-04-22 22:00:38] [INFO] start get result 
[2022-04-22 22:00:38] [INFO] start writer 
[2022-04-22 22:00:38] [INFO] writer try send [11, 12, 13] 
[2022-04-22 22:00:38] [INFO] writer send [1, 2, 3] 
[2022-04-22 22:00:38] [INFO] writer try send [14, 15, 16, 17] 
[2022-04-22 22:00:38] [INFO] writer send [14, 15, 16, 17] 
[2022-04-22 22:00:38] [INFO] writer try send [18, 19, 20] 
[2022-04-22 22:00:38] [INFO] end get result 11 
[2022-04-22 22:00:38] [INFO] reader get 11 
[2022-04-22 22:00:38] [INFO] start get result 
[2022-04-22 22:00:38] [INFO] end get result 12 
[2022-04-22 22:00:38] [INFO] reader get 12 
[2022-04-22 22:00:38] [INFO] start get result 
[2022-04-22 22:00:38] [INFO] end get result 13 
[2022-04-22 22:00:38] [INFO] reader get 13 
[2022-04-22 22:00:38] [INFO] start get result 
[2022-04-22 22:00:38] [INFO] end get result 14 
[2022-04-22 22:00:38] [INFO] reader get 14 
[2022-04-22 22:00:38] [INFO] start get result 
[2022-04-22 22:00:38] [INFO] end get result 15 
[2022-04-22 22:00:38] [INFO] reader get 15 
[2022-04-22 22:00:38] [INFO] start get result 
[2022-04-22 22:00:38] [INFO] end get result 16 
[2022-04-22 22:00:38] [INFO] reader get 16 
[2022-04-22 22:00:38] [INFO] start get result 
[2022-04-22 22:00:38] [INFO] end get result 17 
[2022-04-22 22:00:38] [INFO] reader get 17 
[2022-04-22 22:00:38] [INFO] start get result 
[2022-04-22 22:00:38] [INFO] end get result 18 
[2022-04-22 22:00:38] [INFO] reader get 18 
[2022-04-22 22:00:38] [INFO] start get result 
[2022-04-22 22:00:38] [INFO] end get result 19 
[2022-04-22 22:00:38] [INFO] reader get 19 
[2022-04-22 22:00:38] [INFO] writer send [11, 12, 13] 
[2022-04-22 22:00:38] [INFO] end writer 
[2022-04-22 22:00:38] [INFO] end get result 3 
[2022-04-22 22:00:38] [INFO] reader get 3 
[2022-04-22 22:00:38] [INFO] start get result 
[2022-04-22 22:00:38] [INFO] start reader 
[2022-04-22 22:00:38] [INFO] writer try send [7, 8, 9, 10] 
[2022-04-22 22:00:38] [INFO] writer send [7, 8, 9, 10] 
[2022-04-22 22:00:38] [INFO] end writer 
[2022-04-22 22:00:38] [INFO] writer try send [6] 
[2022-04-22 22:00:38] [INFO] writer send [6] 
[2022-04-22 22:00:38] [INFO] end writer 
[2022-04-22 22:00:38] [INFO] start writer 
[2022-04-22 22:00:38] [INFO] end writer 
[2022-04-22 22:00:38] [INFO] start reader 
[2022-04-22 22:00:38] [INFO] start get result 
[2022-04-22 22:00:38] [INFO] end get result 8 
[2022-04-22 22:00:38] [INFO] reader get 8 
[2022-04-22 22:00:38] [INFO] start get result 
[2022-04-22 22:00:38] [INFO] end get result 9 
[2022-04-22 22:00:38] [INFO] reader get 9 
[2022-04-22 22:00:38] [INFO] end get result 7 
[2022-04-22 22:00:38] [INFO] reader get 7 
[2022-04-22 22:00:38] [INFO] start get result 
[2022-04-22 22:00:38] [INFO] end get result 6 
[2022-04-22 22:00:38] [INFO] reader get 6 
[2022-04-22 22:00:38] [INFO] start get result 
[2022-04-22 22:00:38] [INFO] start get result 
[2022-04-22 22:00:38] [INFO] end get result 20 
[2022-04-22 22:00:38] [INFO] reader get 20 
[2022-04-22 22:00:38] [INFO] start get result 
[2022-04-22 22:00:38] [INFO] writer send [18, 19, 20] 
[2022-04-22 22:00:38] [INFO] end writer 
[2022-04-22 22:00:38] [INFO] start get result 
[2022-04-22 22:00:38] [INFO] start get result 
[2022-04-22 22:00:38] [INFO] end get result 10 
[2022-04-22 22:00:38] [INFO] reader get 10 
[2022-04-22 22:00:38] [INFO] start get result 
[2022-04-22 22:00:38] [INFO] start reader 
[2022-04-22 22:00:38] [INFO] start reader 
[2022-04-22 22:00:38] [INFO] start reader 
[2022-04-22 22:00:38] [INFO] start get result 
[2022-04-22 22:00:38] [INFO] start reader 
[2022-04-22 22:00:38] [INFO] start get result 
[2022-04-22 22:00:38] [INFO] start get result 
[2022-04-22 22:00:38] [INFO] start get result 
Exception in thread "Thread-62918" java.util.concurrent.TimeoutException
	at serie1.Ex4.BlockingMessageQueueFuture$MyFuture.get(BlockingMessageQueueFuture.kt:222)
	at serie1.ex4.FutureTest$blocking_message_multiple_send_receive$2$thread$1.invoke(BlockingMessageQueueWithFutureTest.kt:179)
	at serie1.ex4.FutureTest$blocking_message_multiple_send_receive$2$thread$1.invoke(BlockingMessageQueueWithFutureTest.kt:169)
	at kotlin.concurrent.ThreadsKt$thread$thread$1.run(Thread.kt:30)
Exception in thread "Thread-62921" java.util.concurrent.TimeoutException
	at serie1.Ex4.BlockingMessageQueueFuture$MyFuture.get(BlockingMessageQueueFuture.kt:222)
	at serie1.ex4.FutureTest$blocking_message_multiple_send_receive$2$thread$1.invoke(BlockingMessageQueueWithFutureTest.kt:179)
	at serie1.ex4.FutureTest$blocking_message_multiple_send_receive$2$thread$1.invoke(BlockingMessageQueueWithFutureTest.kt:169)
	at kotlin.concurrent.ThreadsKt$thread$thread$1.run(Thread.kt:30)
Exception in thread "Thread-62919" java.util.concurrent.TimeoutException
	at serie1.Ex4.BlockingMessageQueueFuture$MyFuture.get(BlockingMessageQueueFuture.kt:222)
	at serie1.ex4.FutureTest$blocking_message_multiple_send_receive$2$thread$1.invoke(BlockingMessageQueueWithFutureTest.kt:179)
	at serie1.ex4.FutureTest$blocking_message_multiple_send_receive$2$thread$1.invoke(BlockingMessageQueueWithFutureTest.kt:169)
	at kotlin.concurrent.ThreadsKt$thread$thread$1.run(Thread.kt:30)
Exception in thread "Thread-62916" java.util.concurrent.TimeoutException
	at serie1.Ex4.BlockingMessageQueueFuture$MyFuture.get(BlockingMessageQueueFuture.kt:222)
	at serie1.ex4.FutureTest$blocking_message_multiple_send_receive$2$thread$1.invoke(BlockingMessageQueueWithFutureTest.kt:179)
	at serie1.ex4.FutureTest$blocking_message_multiple_send_receive$2$thread$1.invoke(BlockingMessageQueueWithFutureTest.kt:169)
	at kotlin.concurrent.ThreadsKt$thread$thread$1.run(Thread.kt:30)
Exception in thread "Thread-62917" java.util.concurrent.TimeoutException
	at serie1.Ex4.BlockingMessageQueueFuture$MyFuture.get(BlockingMessageQueueFuture.kt:222)
	at serie1.ex4.FutureTest$blocking_message_multiple_send_receive$2$thread$1.invoke(BlockingMessageQueueWithFutureTest.kt:179)
	at serie1.ex4.FutureTest$blocking_message_multiple_send_receive$2$thread$1.invoke(BlockingMessageQueueWithFutureTest.kt:169)
	at kotlin.concurrent.ThreadsKt$thread$thread$1.run(Thread.kt:30)
Exception in thread "Thread-62914" java.util.concurrent.TimeoutException
	at serie1.Ex4.BlockingMessageQueueFuture$MyFuture.get(BlockingMessageQueueFuture.kt:222)
	at serie1.ex4.FutureTest$blocking_message_multiple_send_receive$2$thread$1.invoke(BlockingMessageQueueWithFutureTest.kt:179)
	at serie1.ex4.FutureTest$blocking_message_multiple_send_receive$2$thread$1.invoke(BlockingMessageQueueWithFutureTest.kt:169)
	at kotlin.concurrent.ThreadsKt$thread$thread$1.run(Thread.kt:30)
Exception in thread "Thread-62915" java.util.concurrent.TimeoutException
	at serie1.Ex4.BlockingMessageQueueFuture$MyFuture.get(BlockingMessageQueueFuture.kt:222)
	at serie1.ex4.FutureTest$blocking_message_multiple_send_receive$2$thread$1.invoke(BlockingMessageQueueWithFutureTest.kt:179)
	at serie1.ex4.FutureTest$blocking_message_multiple_send_receive$2$thread$1.invoke(BlockingMessageQueueWithFutureTest.kt:169)
	at kotlin.concurrent.ThreadsKt$thread$thread$1.run(Thread.kt:30)
Exception in thread "Thread-62920" java.util.concurrent.TimeoutException
	at serie1.Ex4.BlockingMessageQueueFuture$MyFuture.get(BlockingMessageQueueFuture.kt:222)
	at serie1.ex4.FutureTest$blocking_message_multiple_send_receive$2$thread$1.invoke(BlockingMessageQueueWithFutureTest.kt:179)
	at serie1.ex4.FutureTest$blocking_message_multiple_send_receive$2$thread$1.invoke(BlockingMessageQueueWithFutureTest.kt:169)
	at kotlin.concurrent.ThreadsKt$thread$thread$1.run(Thread.kt:30)
[2022-04-22 22:00:40] [INFO] start writer 
[2022-04-22 22:00:40] [INFO] writer try send [1, 2, 3] 
[2022-04-22 22:00:40] [INFO] start reader 
[2022-04-22 22:00:40] [INFO] writer send [1, 2, 3] 
[2022-04-22 22:00:40] [INFO] writer try send [4, 5] 
[2022-04-22 22:00:40] [INFO] writer send [4, 5] 
[2022-04-22 22:00:40] [INFO] writer try send [6] 
[2022-04-22 22:00:40] [INFO] writer send [6] 
[2022-04-22 22:00:40] [INFO] writer try send [7, 8, 9, 10] 
[2022-04-22 22:00:40] [INFO] start writer 
[2022-04-22 22:00:40] [INFO] writer try send [11, 12, 13] 
[2022-04-22 22:00:40] [INFO] start writer 
[2022-04-22 22:00:40] [INFO] writer try send [14, 15, 16, 17] 
[2022-04-22 22:00:40] [INFO] start reader 
[2022-04-22 22:00:40] [INFO] start writer 
[2022-04-22 22:00:40] [INFO] writer try send [18, 19, 20] 
[2022-04-22 22:00:40] [INFO] writer send [18, 19, 20] 
[2022-04-22 22:00:40] [INFO] start reader 
[2022-04-22 22:00:40] [INFO] start get result 
[2022-04-22 22:00:40] [INFO] end get result 1 
[2022-04-22 22:00:40] [INFO] reader get 1 
[2022-04-22 22:00:40] [INFO] start get result 
[2022-04-22 22:00:40] [INFO] end get result 2 
[2022-04-22 22:00:40] [INFO] start writer 
[2022-04-22 22:00:40] [INFO] end writer 
[2022-04-22 22:00:40] [INFO] start get result 
[2022-04-22 22:00:40] [INFO] end get result 4 
[2022-04-22 22:00:40] [INFO] reader get 4 
[2022-04-22 22:00:40] [INFO] start get result 
[2022-04-22 22:00:40] [INFO] end get result 5 
[2022-04-22 22:00:40] [INFO] reader get 5 
[2022-04-22 22:00:40] [INFO] start get result 
[2022-04-22 22:00:40] [INFO] end get result 6 
[2022-04-22 22:00:40] [INFO] reader get 6 
[2022-04-22 22:00:40] [INFO] start get result 
[2022-04-22 22:00:40] [INFO] end get result 3 
[2022-04-22 22:00:40] [INFO] reader get 3 
[2022-04-22 22:00:40] [INFO] start get result 
[2022-04-22 22:00:40] [INFO] end get result 19 
[2022-04-22 22:00:40] [INFO] reader get 19 
[2022-04-22 22:00:40] [INFO] start get result 
[2022-04-22 22:00:40] [INFO] end get result 20 
[2022-04-22 22:00:40] [INFO] reader get 20 
[2022-04-22 22:00:40] [INFO] start get result 
[2022-04-22 22:00:40] [INFO] end get result 11 
[2022-04-22 22:00:40] [INFO] reader get 11 
[2022-04-22 22:00:40] [INFO] start get result 
[2022-04-22 22:00:40] [INFO] end get result 12 
[2022-04-22 22:00:40] [INFO] reader get 12 
[2022-04-22 22:00:40] [INFO] start get result 
[2022-04-22 22:00:40] [INFO] end get result 13 
[2022-04-22 22:00:40] [INFO] reader get 13 
[2022-04-22 22:00:40] [INFO] start get result 
[2022-04-22 22:00:40] [INFO] end get result 7 
[2022-04-22 22:00:40] [INFO] reader get 7 
[2022-04-22 22:00:40] [INFO] start get result 
[2022-04-22 22:00:40] [INFO] end get result 8 
[2022-04-22 22:00:40] [INFO] reader get 8 
[2022-04-22 22:00:40] [INFO] start get result 
[2022-04-22 22:00:40] [INFO] end get result 9 
[2022-04-22 22:00:40] [INFO] reader get 9 
[2022-04-22 22:00:40] [INFO] start get result 
[2022-04-22 22:00:40] [INFO] end get result 10 
[2022-04-22 22:00:40] [INFO] reader get 10 
[2022-04-22 22:00:40] [INFO] start get result 
[2022-04-22 22:00:40] [INFO] end get result 14 
[2022-04-22 22:00:40] [INFO] reader get 14 
[2022-04-22 22:00:40] [INFO] start get result 
[2022-04-22 22:00:40] [INFO] end get result 15 
[2022-04-22 22:00:40] [INFO] reader get 15 
[2022-04-22 22:00:40] [INFO] start get result 
[2022-04-22 22:00:40] [INFO] end get result 16 
[2022-04-22 22:00:40] [INFO] reader get 16 
[2022-04-22 22:00:40] [INFO] start get result 
[2022-04-22 22:00:40] [INFO] end get result 17 
[2022-04-22 22:00:40] [INFO] reader get 17 
[2022-04-22 22:00:40] [INFO] start get result 
[2022-04-22 22:00:40] [INFO] reader get 2 
[2022-04-22 22:00:40] [INFO] start get result 
[2022-04-22 22:00:40] [INFO] start reader 
[2022-04-22 22:00:40] [INFO] end writer 
[2022-04-22 22:00:40] [INFO] writer send [14, 15, 16, 17] 
[2022-04-22 22:00:40] [INFO] end writer 
[2022-04-22 22:00:40] [INFO] writer send [7, 8, 9, 10] 
[2022-04-22 22:00:40] [INFO] end writer 
[2022-04-22 22:00:40] [INFO] start get result 
[2022-04-22 22:00:40] [INFO] end get result 18 
[2022-04-22 22:00:40] [INFO] reader get 18 
[2022-04-22 22:00:40] [INFO] start get result 
[2022-04-22 22:00:40] [INFO] writer send [11, 12, 13] 
[2022-04-22 22:00:40] [INFO] end writer 
[2022-04-22 22:00:40] [INFO] start get result 
[2022-04-22 22:00:40] [INFO] start reader 
[2022-04-22 22:00:40] [INFO] start reader 
[2022-04-22 22:00:40] [INFO] start reader 
[2022-04-22 22:00:40] [INFO] start reader 
[2022-04-22 22:00:40] [INFO] start get result 
[2022-04-22 22:00:40] [INFO] start get result 
[2022-04-22 22:00:40] [INFO] start get result 
[2022-04-22 22:00:40] [INFO] start get result 
Exception in thread "Thread-62935" java.util.concurrent.TimeoutException
	at serie1.Ex4.BlockingMessageQueueFuture$MyFuture.get(BlockingMessageQueueFuture.kt:222)
	at serie1.ex4.FutureTest$blocking_message_multiple_send_receive$2$thread$1.invoke(BlockingMessageQueueWithFutureTest.kt:179)
	at serie1.ex4.FutureTest$blocking_message_multiple_send_receive$2$thread$1.invoke(BlockingMessageQueueWithFutureTest.kt:169)
	at kotlin.concurrent.ThreadsKt$thread$thread$1.run(Thread.kt:30)
Exception in thread "Thread-62931" java.util.concurrent.TimeoutException
	at serie1.Ex4.BlockingMessageQueueFuture$MyFuture.get(BlockingMessageQueueFuture.kt:222)
	at serie1.ex4.FutureTest$blocking_message_multiple_send_receive$2$thread$1.invoke(BlockingMessageQueueWithFutureTest.kt:179)
	at serie1.ex4.FutureTest$blocking_message_multiple_send_receive$2$thread$1.invoke(BlockingMessageQueueWithFutureTest.kt:169)
	at kotlin.concurrent.ThreadsKt$thread$thread$1.run(Thread.kt:30)
Exception in thread "Thread-62930" java.util.concurrent.TimeoutException
	at serie1.Ex4.BlockingMessageQueueFuture$MyFuture.get(BlockingMessageQueueFuture.kt:222)
	at serie1.ex4.FutureTest$blocking_message_multiple_send_receive$2$thread$1.invoke(BlockingMessageQueueWithFutureTest.kt:179)
	at serie1.ex4.FutureTest$blocking_message_multiple_send_receive$2$thread$1.invoke(BlockingMessageQueueWithFutureTest.kt:169)
	at kotlin.concurrent.ThreadsKt$thread$thread$1.run(Thread.kt:30)
Exception in thread "Thread-62929" java.util.concurrent.TimeoutException
	at serie1.Ex4.BlockingMessageQueueFuture$MyFuture.get(BlockingMessageQueueFuture.kt:222)
	at serie1.ex4.FutureTest$blocking_message_multiple_send_receive$2$thread$1.invoke(BlockingMessageQueueWithFutureTest.kt:179)
	at serie1.ex4.FutureTest$blocking_message_multiple_send_receive$2$thread$1.invoke(BlockingMessageQueueWithFutureTest.kt:169)
	at kotlin.concurrent.ThreadsKt$thread$thread$1.run(Thread.kt:30)
Exception in thread "Thread-62934" java.util.concurrent.TimeoutException
	at serie1.Ex4.BlockingMessageQueueFuture$MyFuture.get(BlockingMessageQueueFuture.kt:222)
	at serie1.ex4.FutureTest$blocking_message_multiple_send_receive$2$thread$1.invoke(BlockingMessageQueueWithFutureTest.kt:179)
	at serie1.ex4.FutureTest$blocking_message_multiple_send_receive$2$thread$1.invoke(BlockingMessageQueueWithFutureTest.kt:169)
	at kotlin.concurrent.ThreadsKt$thread$thread$1.run(Thread.kt:30)
Exception in thread "Thread-62928" java.util.concurrent.TimeoutException
	at serie1.Ex4.BlockingMessageQueueFuture$MyFuture.get(BlockingMessageQueueFuture.kt:222)
	at serie1.ex4.FutureTest$blocking_message_multiple_send_receive$2$thread$1.invoke(BlockingMessageQueueWithFutureTest.kt:179)
	at serie1.ex4.FutureTest$blocking_message_multiple_send_receive$2$thread$1.invoke(BlockingMessageQueueWithFutureTest.kt:169)
	at kotlin.concurrent.ThreadsKt$thread$thread$1.run(Thread.kt:30)
Exception in thread "Thread-62933" java.util.concurrent.TimeoutException
	at serie1.Ex4.BlockingMessageQueueFuture$MyFuture.get(BlockingMessageQueueFuture.kt:222)
	at serie1.ex4.FutureTest$blocking_message_multiple_send_receive$2$thread$1.invoke(BlockingMessageQueueWithFutureTest.kt:179)
	at serie1.ex4.FutureTest$blocking_message_multiple_send_receive$2$thread$1.invoke(BlockingMessageQueueWithFutureTest.kt:169)
	at kotlin.concurrent.ThreadsKt$thread$thread$1.run(Thread.kt:30)
Exception in thread "Thread-62932" java.util.concurrent.TimeoutException
	at serie1.Ex4.BlockingMessageQueueFuture$MyFuture.get(BlockingMessageQueueFuture.kt:222)
	at serie1.ex4.FutureTest$blocking_message_multiple_send_receive$2$thread$1.invoke(BlockingMessageQueueWithFutureTest.kt:179)
	at serie1.ex4.FutureTest$blocking_message_multiple_send_receive$2$thread$1.invoke(BlockingMessageQueueWithFutureTest.kt:169)
	at kotlin.concurrent.ThreadsKt$thread$thread$1.run(Thread.kt:30)
[2022-04-22 22:00:42] [INFO] start reader 
[2022-04-22 22:00:42] [INFO] start writer 
[2022-04-22 22:00:42] [INFO] writer try send [1, 2, 3] 
[2022-04-22 22:00:42] [INFO] start writer 
[2022-04-22 22:00:42] [INFO] start writer 
[2022-04-22 22:00:42] [INFO] writer try send [6] 
[2022-04-22 22:00:42] [INFO] writer send [6] 
[2022-04-22 22:00:42] [INFO] writer try send [7, 8, 9, 10] 
[2022-04-22 22:00:42] [INFO] writer send [7, 8, 9, 10] 
[2022-04-22 22:00:42] [INFO] writer try send [11, 12, 13] 
[2022-04-22 22:00:42] [INFO] start writer 
[2022-04-22 22:00:42] [INFO] writer try send [14, 15, 16, 17] 
[2022-04-22 22:00:42] [INFO] writer send [1, 2, 3] 
[2022-04-22 22:00:42] [INFO] writer try send [18, 19, 20] 
[2022-04-22 22:00:42] [INFO] start reader 
[2022-04-22 22:00:42] [INFO] start get result 
[2022-04-22 22:00:42] [INFO] end get result 1 
[2022-04-22 22:00:42] [INFO] reader get 1 
[2022-04-22 22:00:42] [INFO] start get result 
[2022-04-22 22:00:42] [INFO] end get result 2 
[2022-04-22 22:00:42] [INFO] start writer 
[2022-04-22 22:00:42] [INFO] end writer 
[2022-04-22 22:00:42] [INFO] writer try send [4, 5] 
[2022-04-22 22:00:42] [INFO] writer send [11, 12, 13] 
[2022-04-22 22:00:42] [INFO] end writer 
[2022-04-22 22:00:42] [INFO] reader get 2 
[2022-04-22 22:00:42] [INFO] start get result 
[2022-04-22 22:00:42] [INFO] end get result 6 
[2022-04-22 22:00:42] [INFO] reader get 6 
[2022-04-22 22:00:42] [INFO] start get result 
[2022-04-22 22:00:42] [INFO] start reader 
[2022-04-22 22:00:42] [INFO] writer send [4, 5] 
[2022-04-22 22:00:42] [INFO] start reader 
[2022-04-22 22:00:42] [INFO] end get result 7 
[2022-04-22 22:00:42] [INFO] reader get 7 
[2022-04-22 22:00:42] [INFO] start get result 
[2022-04-22 22:00:42] [INFO] end get result 8 
[2022-04-22 22:00:42] [INFO] reader get 8 
[2022-04-22 22:00:42] [INFO] start get result 
[2022-04-22 22:00:42] [INFO] end get result 10 
[2022-04-22 22:00:42] [INFO] reader get 10 
[2022-04-22 22:00:42] [INFO] start get result 
[2022-04-22 22:00:42] [INFO] end get result 11 
[2022-04-22 22:00:42] [INFO] reader get 11 
[2022-04-22 22:00:42] [INFO] start get result 
[2022-04-22 22:00:42] [INFO] end get result 13 
[2022-04-22 22:00:42] [INFO] reader get 13 
[2022-04-22 22:00:42] [INFO] start get result 
[2022-04-22 22:00:42] [INFO] end get result 4 
[2022-04-22 22:00:42] [INFO] reader get 4 
[2022-04-22 22:00:42] [INFO] start get result 
[2022-04-22 22:00:42] [INFO] end get result 5 
[2022-04-22 22:00:42] [INFO] reader get 5 
[2022-04-22 22:00:42] [INFO] start get result 
[2022-04-22 22:00:42] [INFO] end get result 18 
[2022-04-22 22:00:42] [INFO] reader get 18 
[2022-04-22 22:00:42] [INFO] start get result 
[2022-04-22 22:00:42] [INFO] end get result 19 
[2022-04-22 22:00:42] [INFO] reader get 19 
[2022-04-22 22:00:42] [INFO] start get result 
[2022-04-22 22:00:42] [INFO] end get result 20 
[2022-04-22 22:00:42] [INFO] reader get 20 
[2022-04-22 22:00:42] [INFO] start get result 
[2022-04-22 22:00:42] [INFO] end get result 14 
[2022-04-22 22:00:42] [INFO] reader get 14 
[2022-04-22 22:00:42] [INFO] start get result 
[2022-04-22 22:00:42] [INFO] end get result 15 
[2022-04-22 22:00:42] [INFO] reader get 15 
[2022-04-22 22:00:42] [INFO] start get result 
[2022-04-22 22:00:42] [INFO] end get result 16 
[2022-04-22 22:00:42] [INFO] reader get 16 
[2022-04-22 22:00:42] [INFO] start get result 
[2022-04-22 22:00:42] [INFO] end get result 17 
[2022-04-22 22:00:42] [INFO] reader get 17 
[2022-04-22 22:00:42] [INFO] start get result 
[2022-04-22 22:00:42] [INFO] start get result 
[2022-04-22 22:00:42] [INFO] end get result 3 
[2022-04-22 22:00:42] [INFO] reader get 3 
[2022-04-22 22:00:42] [INFO] start get result 
[2022-04-22 22:00:42] [INFO] writer send [14, 15, 16, 17] 
[2022-04-22 22:00:42] [INFO] end writer 
[2022-04-22 22:00:42] [INFO] start get result 
[2022-04-22 22:00:42] [INFO] end get result 12 
[2022-04-22 22:00:42] [INFO] reader get 12 
[2022-04-22 22:00:42] [INFO] start get result 
[2022-04-22 22:00:42] [INFO] writer send [18, 19, 20] 
[2022-04-22 22:00:42] [INFO] end writer 
[2022-04-22 22:00:42] [INFO] start get result 
[2022-04-22 22:00:42] [INFO] end get result 9 
[2022-04-22 22:00:42] [INFO] reader get 9 
[2022-04-22 22:00:42] [INFO] start get result 
[2022-04-22 22:00:42] [INFO] start reader 
[2022-04-22 22:00:42] [INFO] end writer 
[2022-04-22 22:00:42] [INFO] start reader 
[2022-04-22 22:00:42] [INFO] start reader 
[2022-04-22 22:00:42] [INFO] start get result 
[2022-04-22 22:00:42] [INFO] start get result 
[2022-04-22 22:00:42] [INFO] start get result 
[2022-04-22 22:00:42] [INFO] start reader 
[2022-04-22 22:00:42] [INFO] start get result 
Exception in thread "Thread-62949" java.util.concurrent.TimeoutException
	at serie1.Ex4.BlockingMessageQueueFuture$MyFuture.get(BlockingMessageQueueFuture.kt:222)
	at serie1.ex4.FutureTest$blocking_message_multiple_send_receive$2$thread$1.invoke(BlockingMessageQueueWithFutureTest.kt:179)
	at serie1.ex4.FutureTest$blocking_message_multiple_send_receive$2$thread$1.invoke(BlockingMessageQueueWithFutureTest.kt:169)
	at kotlin.concurrent.ThreadsKt$thread$thread$1.run(Thread.kt:30)
Exception in thread "Thread-62942" java.util.concurrent.TimeoutException
	at serie1.Ex4.BlockingMessageQueueFuture$MyFuture.get(BlockingMessageQueueFuture.kt:222)
	at serie1.ex4.FutureTest$blocking_message_multiple_send_receive$2$thread$1.invoke(BlockingMessageQueueWithFutureTest.kt:179)
	at serie1.ex4.FutureTest$blocking_message_multiple_send_receive$2$thread$1.invoke(BlockingMessageQueueWithFutureTest.kt:169)
	at kotlin.concurrent.ThreadsKt$thread$thread$1.run(Thread.kt:30)
Exception in thread "Thread-62943" java.util.concurrent.TimeoutException
	at serie1.Ex4.BlockingMessageQueueFuture$MyFuture.get(BlockingMessageQueueFuture.kt:222)
	at serie1.ex4.FutureTest$blocking_message_multiple_send_receive$2$thread$1.invoke(BlockingMessageQueueWithFutureTest.kt:179)
	at serie1.ex4.FutureTest$blocking_message_multiple_send_receive$2$thread$1.invoke(BlockingMessageQueueWithFutureTest.kt:169)
	at kotlin.concurrent.ThreadsKt$thread$thread$1.run(Thread.kt:30)
Exception in thread "Thread-62947" java.util.concurrent.TimeoutException
	at serie1.Ex4.BlockingMessageQueueFuture$MyFuture.get(BlockingMessageQueueFuture.kt:222)
	at serie1.ex4.FutureTest$blocking_message_multiple_send_receive$2$thread$1.invoke(BlockingMessageQueueWithFutureTest.kt:179)
	at serie1.ex4.FutureTest$blocking_message_multiple_send_receive$2$thread$1.invoke(BlockingMessageQueueWithFutureTest.kt:169)
	at kotlin.concurrent.ThreadsKt$thread$thread$1.run(Thread.kt:30)
Exception in thread "Thread-62944" java.util.concurrent.TimeoutException
	at serie1.Ex4.BlockingMessageQueueFuture$MyFuture.get(BlockingMessageQueueFuture.kt:222)
	at serie1.ex4.FutureTest$blocking_message_multiple_send_receive$2$thread$1.invoke(BlockingMessageQueueWithFutureTest.kt:179)
	at serie1.ex4.FutureTest$blocking_message_multiple_send_receive$2$thread$1.invoke(BlockingMessageQueueWithFutureTest.kt:169)
	at kotlin.concurrent.ThreadsKt$thread$thread$1.run(Thread.kt:30)
Exception in thread "Thread-62948" java.util.concurrent.TimeoutException
	at serie1.Ex4.BlockingMessageQueueFuture$MyFuture.get(BlockingMessageQueueFuture.kt:222)
	at serie1.ex4.FutureTest$blocking_message_multiple_send_receive$2$thread$1.invoke(BlockingMessageQueueWithFutureTest.kt:179)
	at serie1.ex4.FutureTest$blocking_message_multiple_send_receive$2$thread$1.invoke(BlockingMessageQueueWithFutureTest.kt:169)
	at kotlin.concurrent.ThreadsKt$thread$thread$1.run(Thread.kt:30)
Exception in thread "Thread-62946" java.util.concurrent.TimeoutException
	at serie1.Ex4.BlockingMessageQueueFuture$MyFuture.get(BlockingMessageQueueFuture.kt:222)
	at serie1.ex4.FutureTest$blocking_message_multiple_send_receive$2$thread$1.invoke(BlockingMessageQueueWithFutureTest.kt:179)
	at serie1.ex4.FutureTest$blocking_message_multiple_send_receive$2$thread$1.invoke(BlockingMessageQueueWithFutureTest.kt:169)
	at kotlin.concurrent.ThreadsKt$thread$thread$1.run(Thread.kt:30)
Exception in thread "Thread-62945" java.util.concurrent.TimeoutException
	at serie1.Ex4.BlockingMessageQueueFuture$MyFuture.get(BlockingMessageQueueFuture.kt:222)
	at serie1.ex4.FutureTest$blocking_message_multiple_send_receive$2$thread$1.invoke(BlockingMessageQueueWithFutureTest.kt:179)
	at serie1.ex4.FutureTest$blocking_message_multiple_send_receive$2$thread$1.invoke(BlockingMessageQueueWithFutureTest.kt:169)
	at kotlin.concurrent.ThreadsKt$thread$thread$1.run(Thread.kt:30)
[2022-04-22 22:00:44] [INFO] start reader 
[2022-04-22 22:00:44] [INFO] start writer 
[2022-04-22 22:00:44] [INFO] start reader 
[2022-04-22 22:00:44] [INFO] writer try send [1, 2, 3] 
[2022-04-22 22:00:44] [INFO] writer send [1, 2, 3] 
[2022-04-22 22:00:44] [INFO] writer try send [4, 5] 
[2022-04-22 22:00:44] [INFO] writer send [4, 5] 
[2022-04-22 22:00:44] [INFO] writer try send [6] 
[2022-04-22 22:00:44] [INFO] writer send [6] 
[2022-04-22 22:00:44] [INFO] writer try send [7, 8, 9, 10] 
[2022-04-22 22:00:44] [INFO] writer send [7, 8, 9, 10] 
[2022-04-22 22:00:44] [INFO] writer try send [11, 12, 13] 
[2022-04-22 22:00:44] [INFO] start writer 
[2022-04-22 22:00:44] [INFO] writer try send [14, 15, 16, 17] 
[2022-04-22 22:00:44] [INFO] start writer 
[2022-04-22 22:00:44] [INFO] writer try send [18, 19, 20] 
[2022-04-22 22:00:44] [INFO] start get result 
[2022-04-22 22:00:44] [INFO] end get result 1 
[2022-04-22 22:00:44] [INFO] start writer 
[2022-04-22 22:00:44] [INFO] end writer 
[2022-04-22 22:00:44] [INFO] start reader 
[2022-04-22 22:00:44] [INFO] reader get 1 
[2022-04-22 22:00:44] [INFO] start get result 
[2022-04-22 22:00:44] [INFO] end get result 2 
[2022-04-22 22:00:44] [INFO] reader get 2 
[2022-04-22 22:00:44] [INFO] start get result 
[2022-04-22 22:00:44] [INFO] end get result 3 
[2022-04-22 22:00:44] [INFO] reader get 3 
[2022-04-22 22:00:44] [INFO] start get result 
[2022-04-22 22:00:44] [INFO] end get result 5 
[2022-04-22 22:00:44] [INFO] reader get 5 
[2022-04-22 22:00:44] [INFO] start get result 
[2022-04-22 22:00:44] [INFO] end get result 6 
[2022-04-22 22:00:44] [INFO] reader get 6 
[2022-04-22 22:00:44] [INFO] start get result 
[2022-04-22 22:00:44] [INFO] end get result 7 
[2022-04-22 22:00:44] [INFO] reader get 7 
[2022-04-22 22:00:44] [INFO] start get result 
[2022-04-22 22:00:44] [INFO] end get result 9 
[2022-04-22 22:00:44] [INFO] reader get 9 
[2022-04-22 22:00:44] [INFO] start get result 
[2022-04-22 22:00:44] [INFO] end get result 10 
[2022-04-22 22:00:44] [INFO] reader get 10 
[2022-04-22 22:00:44] [INFO] start get result 
[2022-04-22 22:00:44] [INFO] end get result 14 
[2022-04-22 22:00:44] [INFO] reader get 14 
[2022-04-22 22:00:44] [INFO] start get result 
[2022-04-22 22:00:44] [INFO] end get result 15 
[2022-04-22 22:00:44] [INFO] reader get 15 
[2022-04-22 22:00:44] [INFO] start get result 
[2022-04-22 22:00:44] [INFO] end get result 16 
[2022-04-22 22:00:44] [INFO] reader get 16 
[2022-04-22 22:00:44] [INFO] start get result 
[2022-04-22 22:00:44] [INFO] end get result 17 
[2022-04-22 22:00:44] [INFO] reader get 17 
[2022-04-22 22:00:44] [INFO] start get result 
[2022-04-22 22:00:44] [INFO] end get result 11 
[2022-04-22 22:00:44] [INFO] reader get 11 
[2022-04-22 22:00:44] [INFO] start get result 
[2022-04-22 22:00:44] [INFO] end get result 12 
[2022-04-22 22:00:44] [INFO] reader get 12 
[2022-04-22 22:00:44] [INFO] start get result 
[2022-04-22 22:00:44] [INFO] end get result 13 
[2022-04-22 22:00:44] [INFO] reader get 13 
[2022-04-22 22:00:44] [INFO] start get result 
[2022-04-22 22:00:44] [INFO] end get result 18 
[2022-04-22 22:00:44] [INFO] reader get 18 
[2022-04-22 22:00:44] [INFO] start get result 
[2022-04-22 22:00:44] [INFO] end get result 19 
[2022-04-22 22:00:44] [INFO] reader get 19 
[2022-04-22 22:00:44] [INFO] start get result 
[2022-04-22 22:00:44] [INFO] end get result 20 
[2022-04-22 22:00:44] [INFO] reader get 20 
[2022-04-22 22:00:44] [INFO] start get result 
[2022-04-22 22:00:44] [INFO] start writer 
[2022-04-22 22:00:44] [INFO] end writer 
[2022-04-22 22:00:44] [INFO] writer send [18, 19, 20] 
[2022-04-22 22:00:44] [INFO] end writer 
[2022-04-22 22:00:44] [INFO] writer send [11, 12, 13] 
[2022-04-22 22:00:44] [INFO] end writer 
[2022-04-22 22:00:44] [INFO] start get result 
[2022-04-22 22:00:44] [INFO] end get result 8 
[2022-04-22 22:00:44] [INFO] reader get 8 
[2022-04-22 22:00:44] [INFO] start get result 
[2022-04-22 22:00:44] [INFO] writer send [14, 15, 16, 17] 
[2022-04-22 22:00:44] [INFO] end writer 
[2022-04-22 22:00:44] [INFO] start reader 
[2022-04-22 22:00:44] [INFO] start get result 
[2022-04-22 22:00:44] [INFO] end get result 4 
[2022-04-22 22:00:44] [INFO] reader get 4 
[2022-04-22 22:00:44] [INFO] start reader 
[2022-04-22 22:00:44] [INFO] start get result 
[2022-04-22 22:00:44] [INFO] start reader 
[2022-04-22 22:00:44] [INFO] start get result 
[2022-04-22 22:00:44] [INFO] start reader 
[2022-04-22 22:00:44] [INFO] start get result 
[2022-04-22 22:00:44] [INFO] start reader 
[2022-04-22 22:00:44] [INFO] start get result 
[2022-04-22 22:00:44] [INFO] start get result 
[2022-04-22 22:00:44] [INFO] start get result 
Exception in thread "Thread-62959" java.util.concurrent.TimeoutException
	at serie1.Ex4.BlockingMessageQueueFuture$MyFuture.get(BlockingMessageQueueFuture.kt:222)
	at serie1.ex4.FutureTest$blocking_message_multiple_send_receive$2$thread$1.invoke(BlockingMessageQueueWithFutureTest.kt:179)
	at serie1.ex4.FutureTest$blocking_message_multiple_send_receive$2$thread$1.invoke(BlockingMessageQueueWithFutureTest.kt:169)
	at kotlin.concurrent.ThreadsKt$thread$thread$1.run(Thread.kt:30)
Exception in thread "Thread-62956" java.util.concurrent.TimeoutException
	at serie1.Ex4.BlockingMessageQueueFuture$MyFuture.get(BlockingMessageQueueFuture.kt:222)
	at serie1.ex4.FutureTest$blocking_message_multiple_send_receive$2$thread$1.invoke(BlockingMessageQueueWithFutureTest.kt:179)
	at serie1.ex4.FutureTest$blocking_message_multiple_send_receive$2$thread$1.invoke(BlockingMessageQueueWithFutureTest.kt:169)
	at kotlin.concurrent.ThreadsKt$thread$thread$1.run(Thread.kt:30)
Exception in thread "Thread-62960" java.util.concurrent.TimeoutException
	at serie1.Ex4.BlockingMessageQueueFuture$MyFuture.get(BlockingMessageQueueFuture.kt:222)
	at serie1.ex4.FutureTest$blocking_message_multiple_send_receive$2$thread$1.invoke(BlockingMessageQueueWithFutureTest.kt:179)
	at serie1.ex4.FutureTest$blocking_message_multiple_send_receive$2$thread$1.invoke(BlockingMessageQueueWithFutureTest.kt:169)
	at kotlin.concurrent.ThreadsKt$thread$thread$1.run(Thread.kt:30)
Exception in thread "Thread-62962" java.util.concurrent.TimeoutException
	at serie1.Ex4.BlockingMessageQueueFuture$MyFuture.get(BlockingMessageQueueFuture.kt:222)
	at serie1.ex4.FutureTest$blocking_message_multiple_send_receive$2$thread$1.invoke(BlockingMessageQueueWithFutureTest.kt:179)
	at serie1.ex4.FutureTest$blocking_message_multiple_send_receive$2$thread$1.invoke(BlockingMessageQueueWithFutureTest.kt:169)
	at kotlin.concurrent.ThreadsKt$thread$thread$1.run(Thread.kt:30)
Exception in thread "Thread-62957" java.util.concurrent.TimeoutException
	at serie1.Ex4.BlockingMessageQueueFuture$MyFuture.get(BlockingMessageQueueFuture.kt:222)
	at serie1.ex4.FutureTest$blocking_message_multiple_send_receive$2$thread$1.invoke(BlockingMessageQueueWithFutureTest.kt:179)
	at serie1.ex4.FutureTest$blocking_message_multiple_send_receive$2$thread$1.invoke(BlockingMessageQueueWithFutureTest.kt:169)
	at kotlin.concurrent.ThreadsKt$thread$thread$1.run(Thread.kt:30)
Exception in thread "Thread-62958" java.util.concurrent.TimeoutException
	at serie1.Ex4.BlockingMessageQueueFuture$MyFuture.get(BlockingMessageQueueFuture.kt:222)
	at serie1.ex4.FutureTest$blocking_message_multiple_send_receive$2$thread$1.invoke(BlockingMessageQueueWithFutureTest.kt:179)
	at serie1.ex4.FutureTest$blocking_message_multiple_send_receive$2$thread$1.invoke(BlockingMessageQueueWithFutureTest.kt:169)
	at kotlin.concurrent.ThreadsKt$thread$thread$1.run(Thread.kt:30)
Exception in thread "Thread-62961" java.util.concurrent.TimeoutException
	at serie1.Ex4.BlockingMessageQueueFuture$MyFuture.get(BlockingMessageQueueFuture.kt:222)
	at serie1.ex4.FutureTest$blocking_message_multiple_send_receive$2$thread$1.invoke(BlockingMessageQueueWithFutureTest.kt:179)
	at serie1.ex4.FutureTest$blocking_message_multiple_send_receive$2$thread$1.invoke(BlockingMessageQueueWithFutureTest.kt:169)
	at kotlin.concurrent.ThreadsKt$thread$thread$1.run(Thread.kt:30)
Exception in thread "Thread-62963" java.util.concurrent.TimeoutException
	at serie1.Ex4.BlockingMessageQueueFuture$MyFuture.get(BlockingMessageQueueFuture.kt:222)
	at serie1.ex4.FutureTest$blocking_message_multiple_send_receive$2$thread$1.invoke(BlockingMessageQueueWithFutureTest.kt:179)
	at serie1.ex4.FutureTest$blocking_message_multiple_send_receive$2$thread$1.invoke(BlockingMessageQueueWithFutureTest.kt:169)
	at kotlin.concurrent.ThreadsKt$thread$thread$1.run(Thread.kt:30)
[2022-04-22 22:00:46] [INFO] start writer 
[2022-04-22 22:00:46] [INFO] writer try send [1, 2, 3] 
[2022-04-22 22:00:46] [INFO] writer send [1, 2, 3] 
[2022-04-22 22:00:46] [INFO] writer try send [4, 5] 
[2022-04-22 22:00:46] [INFO] writer send [4, 5] 
[2022-04-22 22:00:46] [INFO] writer try send [6] 
[2022-04-22 22:00:46] [INFO] start writer 
[2022-04-22 22:00:46] [INFO] writer try send [7, 8, 9, 10] 
[2022-04-22 22:00:46] [INFO] start writer 
[2022-04-22 22:00:46] [INFO] writer try send [11, 12, 13] 
[2022-04-22 22:00:46] [INFO] start writer 
[2022-04-22 22:00:46] [INFO] writer try send [14, 15, 16, 17] 
[2022-04-22 22:00:46] [INFO] start writer 
[2022-04-22 22:00:46] [INFO] writer try send [18, 19, 20] 
[2022-04-22 22:00:46] [INFO] start writer 
[2022-04-22 22:00:46] [INFO] end writer 
[2022-04-22 22:00:46] [INFO] start reader 
[2022-04-22 22:00:46] [INFO] start reader 
[2022-04-22 22:00:46] [INFO] start reader 
[2022-04-22 22:00:46] [INFO] start get result 
[2022-04-22 22:00:46] [INFO] end get result 1 
[2022-04-22 22:00:46] [INFO] reader get 1 
[2022-04-22 22:00:46] [INFO] start reader 
[2022-04-22 22:00:46] [INFO] start get result 
[2022-04-22 22:00:46] [INFO] end get result 3 
[2022-04-22 22:00:46] [INFO] reader get 3 
[2022-04-22 22:00:46] [INFO] start get result 
[2022-04-22 22:00:46] [INFO] end get result 4 
[2022-04-22 22:00:46] [INFO] reader get 4 
[2022-04-22 22:00:46] [INFO] start get result 
[2022-04-22 22:00:46] [INFO] writer send [6] 
[2022-04-22 22:00:46] [INFO] end writer 
[2022-04-22 22:00:46] [INFO] start get result 
[2022-04-22 22:00:46] [INFO] end get result 14 
[2022-04-22 22:00:46] [INFO] reader get 14 
[2022-04-22 22:00:46] [INFO] start get result 
[2022-04-22 22:00:46] [INFO] end get result 15 
[2022-04-22 22:00:46] [INFO] reader get 15 
[2022-04-22 22:00:46] [INFO] start get result 
[2022-04-22 22:00:46] [INFO] end get result 16 
[2022-04-22 22:00:46] [INFO] reader get 16 
[2022-04-22 22:00:46] [INFO] start get result 
[2022-04-22 22:00:46] [INFO] end get result 17 
[2022-04-22 22:00:46] [INFO] reader get 17 
[2022-04-22 22:00:46] [INFO] start get result 
[2022-04-22 22:00:46] [INFO] end get result 18 
[2022-04-22 22:00:46] [INFO] reader get 18 
[2022-04-22 22:00:46] [INFO] start get result 
[2022-04-22 22:00:46] [INFO] end get result 19 
[2022-04-22 22:00:46] [INFO] end get result 2 
[2022-04-22 22:00:46] [INFO] reader get 2 
[2022-04-22 22:00:46] [INFO] start get result 
[2022-04-22 22:00:46] [INFO] end get result 20 
[2022-04-22 22:00:46] [INFO] reader get 20 
[2022-04-22 22:00:46] [INFO] start get result 
[2022-04-22 22:00:46] [INFO] end get result 11 
[2022-04-22 22:00:46] [INFO] reader get 11 
[2022-04-22 22:00:46] [INFO] start get result 
[2022-04-22 22:00:46] [INFO] start get result 
[2022-04-22 22:00:46] [INFO] end get result 6 
[2022-04-22 22:00:46] [INFO] reader get 6 
[2022-04-22 22:00:46] [INFO] start get result 
[2022-04-22 22:00:46] [INFO] end get result 13 
[2022-04-22 22:00:46] [INFO] reader get 13 
[2022-04-22 22:00:46] [INFO] start get result 
[2022-04-22 22:00:46] [INFO] end get result 7 
[2022-04-22 22:00:46] [INFO] reader get 7 
[2022-04-22 22:00:46] [INFO] start get result 
[2022-04-22 22:00:46] [INFO] writer send [14, 15, 16, 17] 
[2022-04-22 22:00:46] [INFO] end writer 
[2022-04-22 22:00:46] [INFO] start reader 
[2022-04-22 22:00:46] [INFO] start get result 
[2022-04-22 22:00:46] [INFO] end get result 5 
[2022-04-22 22:00:46] [INFO] reader get 5 
[2022-04-22 22:00:46] [INFO] start get result 
[2022-04-22 22:00:46] [INFO] end get result 9 
[2022-04-22 22:00:46] [INFO] reader get 9 
[2022-04-22 22:00:46] [INFO] start get result 
[2022-04-22 22:00:46] [INFO] end get result 10 
[2022-04-22 22:00:46] [INFO] reader get 10 
[2022-04-22 22:00:46] [INFO] start get result 
[2022-04-22 22:00:46] [INFO] start get result 
[2022-04-22 22:00:46] [INFO] start reader 
[2022-04-22 22:00:46] [INFO] end get result 8 
[2022-04-22 22:00:46] [INFO] start reader 
[2022-04-22 22:00:46] [INFO] writer send [7, 8, 9, 10] 
[2022-04-22 22:00:46] [INFO] start reader 
[2022-04-22 22:00:46] [INFO] end get result 12 
[2022-04-22 22:00:46] [INFO] start get result 
[2022-04-22 22:00:46] [INFO] reader get 19 
[2022-04-22 22:00:46] [INFO] start get result 
[2022-04-22 22:00:46] [INFO] writer send [11, 12, 13] 
[2022-04-22 22:00:46] [INFO] end writer 
[2022-04-22 22:00:46] [INFO] writer send [18, 19, 20] 
[2022-04-22 22:00:46] [INFO] end writer 
[2022-04-22 22:00:46] [INFO] start get result 
[2022-04-22 22:00:46] [INFO] start get result 
[2022-04-22 22:00:46] [INFO] reader get 12 
[2022-04-22 22:00:46] [INFO] start get result 
[2022-04-22 22:00:46] [INFO] end writer 
[2022-04-22 22:00:46] [INFO] reader get 8 
[2022-04-22 22:00:46] [INFO] start get result 
Exception in thread "Thread-62971" java.util.concurrent.TimeoutException
	at serie1.Ex4.BlockingMessageQueueFuture$MyFuture.get(BlockingMessageQueueFuture.kt:222)
	at serie1.ex4.FutureTest$blocking_message_multiple_send_receive$2$thread$1.invoke(BlockingMessageQueueWithFutureTest.kt:179)
	at serie1.ex4.FutureTest$blocking_message_multiple_send_receive$2$thread$1.invoke(BlockingMessageQueueWithFutureTest.kt:169)
	at kotlin.concurrent.ThreadsKt$thread$thread$1.run(Thread.kt:30)
Exception in thread "Thread-62977" java.util.concurrent.TimeoutException
	at serie1.Ex4.BlockingMessageQueueFuture$MyFuture.get(BlockingMessageQueueFuture.kt:222)
	at serie1.ex4.FutureTest$blocking_message_multiple_send_receive$2$thread$1.invoke(BlockingMessageQueueWithFutureTest.kt:179)
	at serie1.ex4.FutureTest$blocking_message_multiple_send_receive$2$thread$1.invoke(BlockingMessageQueueWithFutureTest.kt:169)
	at kotlin.concurrent.ThreadsKt$thread$thread$1.run(Thread.kt:30)
Exception in thread "Thread-62972" java.util.concurrent.TimeoutException
	at serie1.Ex4.BlockingMessageQueueFuture$MyFuture.get(BlockingMessageQueueFuture.kt:222)
	at serie1.ex4.FutureTest$blocking_message_multiple_send_receive$2$thread$1.invoke(BlockingMessageQueueWithFutureTest.kt:179)
	at serie1.ex4.FutureTest$blocking_message_multiple_send_receive$2$thread$1.invoke(BlockingMessageQueueWithFutureTest.kt:169)
	at kotlin.concurrent.ThreadsKt$thread$thread$1.run(Thread.kt:30)
Exception in thread "Thread-62976" java.util.concurrent.TimeoutException
	at serie1.Ex4.BlockingMessageQueueFuture$MyFuture.get(BlockingMessageQueueFuture.kt:222)
	at serie1.ex4.FutureTest$blocking_message_multiple_send_receive$2$thread$1.invoke(BlockingMessageQueueWithFutureTest.kt:179)
	at serie1.ex4.FutureTest$blocking_message_multiple_send_receive$2$thread$1.invoke(BlockingMessageQueueWithFutureTest.kt:169)
	at kotlin.concurrent.ThreadsKt$thread$thread$1.run(Thread.kt:30)
Exception in thread "Thread-62973" java.util.concurrent.TimeoutException
	at serie1.Ex4.BlockingMessageQueueFuture$MyFuture.get(BlockingMessageQueueFuture.kt:222)
	at serie1.ex4.FutureTest$blocking_message_multiple_send_receive$2$thread$1.invoke(BlockingMessageQueueWithFutureTest.kt:179)
	at serie1.ex4.FutureTest$blocking_message_multiple_send_receive$2$thread$1.invoke(BlockingMessageQueueWithFutureTest.kt:169)
	at kotlin.concurrent.ThreadsKt$thread$thread$1.run(Thread.kt:30)
Exception in thread "Thread-62974" java.util.concurrent.TimeoutException
	at serie1.Ex4.BlockingMessageQueueFuture$MyFuture.get(BlockingMessageQueueFuture.kt:222)
	at serie1.ex4.FutureTest$blocking_message_multiple_send_receive$2$thread$1.invoke(BlockingMessageQueueWithFutureTest.kt:179)
	at serie1.ex4.FutureTest$blocking_message_multiple_send_receive$2$thread$1.invoke(BlockingMessageQueueWithFutureTest.kt:169)
	at kotlin.concurrent.ThreadsKt$thread$thread$1.run(Thread.kt:30)
Exception in thread "Thread-62975" java.util.concurrent.TimeoutException
	at serie1.Ex4.BlockingMessageQueueFuture$MyFuture.get(BlockingMessageQueueFuture.kt:222)
	at serie1.ex4.FutureTest$blocking_message_multiple_send_receive$2$thread$1.invoke(BlockingMessageQueueWithFutureTest.kt:179)
	at serie1.ex4.FutureTest$blocking_message_multiple_send_receive$2$thread$1.invoke(BlockingMessageQueueWithFutureTest.kt:169)
	at kotlin.concurrent.ThreadsKt$thread$thread$1.run(Thread.kt:30)
Exception in thread "Thread-62978" java.util.concurrent.TimeoutException
	at serie1.Ex4.BlockingMessageQueueFuture$MyFuture.get(BlockingMessageQueueFuture.kt:222)
	at serie1.ex4.FutureTest$blocking_message_multiple_send_receive$2$thread$1.invoke(BlockingMessageQueueWithFutureTest.kt:179)
	at serie1.ex4.FutureTest$blocking_message_multiple_send_receive$2$thread$1.invoke(BlockingMessageQueueWithFutureTest.kt:169)
	at kotlin.concurrent.ThreadsKt$thread$thread$1.run(Thread.kt:30)
[2022-04-22 22:00:48] [INFO] start writer 
[2022-04-22 22:00:48] [INFO] writer try send [1, 2, 3] 
[2022-04-22 22:00:48] [INFO] writer send [1, 2, 3] 
[2022-04-22 22:00:48] [INFO] writer try send [4, 5] 
[2022-04-22 22:00:48] [INFO] writer send [4, 5] 
[2022-04-22 22:00:48] [INFO] writer try send [6] 
[2022-04-22 22:00:48] [INFO] writer send [6] 
[2022-04-22 22:00:48] [INFO] writer try send [7, 8, 9, 10] 
[2022-04-22 22:00:48] [INFO] start writer 
[2022-04-22 22:00:48] [INFO] writer try send [11, 12, 13] 
[2022-04-22 22:00:48] [INFO] start reader 
[2022-04-22 22:00:48] [INFO] start writer 
[2022-04-22 22:00:48] [INFO] writer try send [14, 15, 16, 17] 
[2022-04-22 22:00:48] [INFO] start writer 
[2022-04-22 22:00:48] [INFO] writer try send [18, 19, 20] 
[2022-04-22 22:00:48] [INFO] start writer 
[2022-04-22 22:00:48] [INFO] end writer 
[2022-04-22 22:00:48] [INFO] start get result 
[2022-04-22 22:00:48] [INFO] end get result 1 
[2022-04-22 22:00:48] [INFO] reader get 1 
[2022-04-22 22:00:48] [INFO] start get result 
[2022-04-22 22:00:48] [INFO] end get result 2 
[2022-04-22 22:00:48] [INFO] reader get 2 
[2022-04-22 22:00:48] [INFO] start get result 
[2022-04-22 22:00:48] [INFO] end get result 3 
[2022-04-22 22:00:48] [INFO] reader get 3 
[2022-04-22 22:00:48] [INFO] start get result 
[2022-04-22 22:00:48] [INFO] end get result 4 
[2022-04-22 22:00:48] [INFO] reader get 4 
[2022-04-22 22:00:48] [INFO] start get result 
[2022-04-22 22:00:48] [INFO] end get result 5 
[2022-04-22 22:00:48] [INFO] start writer 
[2022-04-22 22:00:48] [INFO] end writer 
[2022-04-22 22:00:48] [INFO] reader get 5 
[2022-04-22 22:00:48] [INFO] start get result 
[2022-04-22 22:00:48] [INFO] end get result 6 
[2022-04-22 22:00:48] [INFO] reader get 6 
[2022-04-22 22:00:48] [INFO] start get result 
[2022-04-22 22:00:48] [INFO] writer send [14, 15, 16, 17] 
[2022-04-22 22:00:48] [INFO] end writer 
[2022-04-22 22:00:48] [INFO] start reader 
[2022-04-22 22:00:48] [INFO] writer send [18, 19, 20] 
[2022-04-22 22:00:48] [INFO] start reader 
[2022-04-22 22:00:48] [INFO] end get result 14 
[2022-04-22 22:00:48] [INFO] reader get 14 
[2022-04-22 22:00:48] [INFO] start get result 
[2022-04-22 22:00:48] [INFO] end get result 15 
[2022-04-22 22:00:48] [INFO] reader get 15 
[2022-04-22 22:00:48] [INFO] start get result 
[2022-04-22 22:00:48] [INFO] end get result 16 
[2022-04-22 22:00:48] [INFO] reader get 16 
[2022-04-22 22:00:48] [INFO] start get result 
[2022-04-22 22:00:48] [INFO] end get result 17 
[2022-04-22 22:00:48] [INFO] reader get 17 
[2022-04-22 22:00:48] [INFO] start get result 
[2022-04-22 22:00:48] [INFO] end get result 19 
[2022-04-22 22:00:48] [INFO] reader get 19 
[2022-04-22 22:00:48] [INFO] start get result 
[2022-04-22 22:00:48] [INFO] end get result 20 
[2022-04-22 22:00:48] [INFO] reader get 20 
[2022-04-22 22:00:48] [INFO] start get result 
[2022-04-22 22:00:48] [INFO] end get result 12 
[2022-04-22 22:00:48] [INFO] reader get 12 
[2022-04-22 22:00:48] [INFO] start get result 
[2022-04-22 22:00:48] [INFO] end get result 13 
[2022-04-22 22:00:48] [INFO] reader get 13 
[2022-04-22 22:00:48] [INFO] start get result 
[2022-04-22 22:00:48] [INFO] end get result 7 
[2022-04-22 22:00:48] [INFO] reader get 7 
[2022-04-22 22:00:48] [INFO] start get result 
[2022-04-22 22:00:48] [INFO] end get result 8 
[2022-04-22 22:00:48] [INFO] reader get 8 
[2022-04-22 22:00:48] [INFO] start get result 
[2022-04-22 22:00:48] [INFO] end get result 9 
[2022-04-22 22:00:48] [INFO] reader get 9 
[2022-04-22 22:00:48] [INFO] start get result 
[2022-04-22 22:00:48] [INFO] end get result 10 
[2022-04-22 22:00:48] [INFO] reader get 10 
[2022-04-22 22:00:48] [INFO] start get result 
[2022-04-22 22:00:48] [INFO] end writer 
[2022-04-22 22:00:48] [INFO] writer send [7, 8, 9, 10] 
[2022-04-22 22:00:48] [INFO] end writer 
[2022-04-22 22:00:48] [INFO] start get result 
[2022-04-22 22:00:48] [INFO] end get result 11 
[2022-04-22 22:00:48] [INFO] reader get 11 
[2022-04-22 22:00:48] [INFO] start get result 
[2022-04-22 22:00:48] [INFO] writer send [11, 12, 13] 
[2022-04-22 22:00:48] [INFO] end writer 
[2022-04-22 22:00:48] [INFO] start get result 
[2022-04-22 22:00:48] [INFO] end get result 18 
[2022-04-22 22:00:48] [INFO] reader get 18 
[2022-04-22 22:00:48] [INFO] start get result 
[2022-04-22 22:00:48] [INFO] start reader 
[2022-04-22 22:00:48] [INFO] start reader 
[2022-04-22 22:00:48] [INFO] start reader 
[2022-04-22 22:00:48] [INFO] start get result 
[2022-04-22 22:00:48] [INFO] start reader 
[2022-04-22 22:00:48] [INFO] start get result 
[2022-04-22 22:00:48] [INFO] start get result 
[2022-04-22 22:00:48] [INFO] start reader 
[2022-04-22 22:00:48] [INFO] start get result 
[2022-04-22 22:00:48] [INFO] start get result 
Exception in thread "Thread-62991" java.util.concurrent.TimeoutException
	at serie1.Ex4.BlockingMessageQueueFuture$MyFuture.get(BlockingMessageQueueFuture.kt:222)
	at serie1.ex4.FutureTest$blocking_message_multiple_send_receive$2$thread$1.invoke(BlockingMessageQueueWithFutureTest.kt:179)
	at serie1.ex4.FutureTest$blocking_message_multiple_send_receive$2$thread$1.invoke(BlockingMessageQueueWithFutureTest.kt:169)
	at kotlin.concurrent.ThreadsKt$thread$thread$1.run(Thread.kt:30)
Exception in thread "Thread-62986" java.util.concurrent.TimeoutException
	at serie1.Ex4.BlockingMessageQueueFuture$MyFuture.get(BlockingMessageQueueFuture.kt:222)
	at serie1.ex4.FutureTest$blocking_message_multiple_send_receive$2$thread$1.invoke(BlockingMessageQueueWithFutureTest.kt:179)
	at serie1.ex4.FutureTest$blocking_message_multiple_send_receive$2$thread$1.invoke(BlockingMessageQueueWithFutureTest.kt:169)
	at kotlin.concurrent.ThreadsKt$thread$thread$1.run(Thread.kt:30)
Exception in thread "Thread-62987" java.util.concurrent.TimeoutException
	at serie1.Ex4.BlockingMessageQueueFuture$MyFuture.get(BlockingMessageQueueFuture.kt:222)
	at serie1.ex4.FutureTest$blocking_message_multiple_send_receive$2$thread$1.invoke(BlockingMessageQueueWithFutureTest.kt:179)
	at serie1.ex4.FutureTest$blocking_message_multiple_send_receive$2$thread$1.invoke(BlockingMessageQueueWithFutureTest.kt:169)
	at kotlin.concurrent.ThreadsKt$thread$thread$1.run(Thread.kt:30)
Exception in thread "Thread-62988" java.util.concurrent.TimeoutException
	at serie1.Ex4.BlockingMessageQueueFuture$MyFuture.get(BlockingMessageQueueFuture.kt:222)
	at serie1.ex4.FutureTest$blocking_message_multiple_send_receive$2$thread$1.invoke(BlockingMessageQueueWithFutureTest.kt:179)
	at serie1.ex4.FutureTest$blocking_message_multiple_send_receive$2$thread$1.invoke(BlockingMessageQueueWithFutureTest.kt:169)
	at kotlin.concurrent.ThreadsKt$thread$thread$1.run(Thread.kt:30)
Exception in thread "Thread-62990" java.util.concurrent.TimeoutException
	at serie1.Ex4.BlockingMessageQueueFuture$MyFuture.get(BlockingMessageQueueFuture.kt:222)
	at serie1.ex4.FutureTest$blocking_message_multiple_send_receive$2$thread$1.invoke(BlockingMessageQueueWithFutureTest.kt:179)
	at serie1.ex4.FutureTest$blocking_message_multiple_send_receive$2$thread$1.invoke(BlockingMessageQueueWithFutureTest.kt:169)
	at kotlin.concurrent.ThreadsKt$thread$thread$1.run(Thread.kt:30)
Exception in thread "Thread-62992" java.util.concurrent.TimeoutException
	at serie1.Ex4.BlockingMessageQueueFuture$MyFuture.get(BlockingMessageQueueFuture.kt:222)
	at serie1.ex4.FutureTest$blocking_message_multiple_send_receive$2$thread$1.invoke(BlockingMessageQueueWithFutureTest.kt:179)
	at serie1.ex4.FutureTest$blocking_message_multiple_send_receive$2$thread$1.invoke(BlockingMessageQueueWithFutureTest.kt:169)
	at kotlin.concurrent.ThreadsKt$thread$thread$1.run(Thread.kt:30)
Exception in thread "Thread-62993" java.util.concurrent.TimeoutException
	at serie1.Ex4.BlockingMessageQueueFuture$MyFuture.get(BlockingMessageQueueFuture.kt:222)
	at serie1.ex4.FutureTest$blocking_message_multiple_send_receive$2$thread$1.invoke(BlockingMessageQueueWithFutureTest.kt:179)
	at serie1.ex4.FutureTest$blocking_message_multiple_send_receive$2$thread$1.invoke(BlockingMessageQueueWithFutureTest.kt:169)
	at kotlin.concurrent.ThreadsKt$thread$thread$1.run(Thread.kt:30)
Exception in thread "Thread-62989" java.util.concurrent.TimeoutException
	at serie1.Ex4.BlockingMessageQueueFuture$MyFuture.get(BlockingMessageQueueFuture.kt:222)
	at serie1.ex4.FutureTest$blocking_message_multiple_send_receive$2$thread$1.invoke(BlockingMessageQueueWithFutureTest.kt:179)
	at serie1.ex4.FutureTest$blocking_message_multiple_send_receive$2$thread$1.invoke(BlockingMessageQueueWithFutureTest.kt:169)
	at kotlin.concurrent.ThreadsKt$thread$thread$1.run(Thread.kt:30)
[2022-04-22 22:00:50] [INFO] start writer 
[2022-04-22 22:00:50] [INFO] writer try send [1, 2, 3] 
[2022-04-22 22:00:50] [INFO] writer send [1, 2, 3] 
[2022-04-22 22:00:50] [INFO] writer try send [4, 5] 
[2022-04-22 22:00:50] [INFO] writer send [4, 5] 
[2022-04-22 22:00:50] [INFO] start reader 
[2022-04-22 22:00:50] [INFO] start writer 
[2022-04-22 22:00:50] [INFO] writer try send [7, 8, 9, 10] 
[2022-04-22 22:00:50] [INFO] start reader 
[2022-04-22 22:00:50] [INFO] start writer 
[2022-04-22 22:00:50] [INFO] writer try send [6] 
[2022-04-22 22:00:50] [INFO] writer send [6] 
[2022-04-22 22:00:50] [INFO] writer try send [14, 15, 16, 17] 
[2022-04-22 22:00:50] [INFO] start reader 
[2022-04-22 22:00:50] [INFO] start get result 
[2022-04-22 22:00:50] [INFO] end get result 1 
[2022-04-22 22:00:50] [INFO] reader get 1 
[2022-04-22 22:00:50] [INFO] start get result 
[2022-04-22 22:00:50] [INFO] end get result 2 
[2022-04-22 22:00:50] [INFO] reader get 2 
[2022-04-22 22:00:50] [INFO] start get result 
[2022-04-22 22:00:50] [INFO] end get result 3 
[2022-04-22 22:00:50] [INFO] reader get 3 
[2022-04-22 22:00:50] [INFO] start get result 
[2022-04-22 22:00:50] [INFO] end get result 5 
[2022-04-22 22:00:50] [INFO] start writer 
[2022-04-22 22:00:50] [INFO] writer try send [18, 19, 20] 
[2022-04-22 22:00:50] [INFO] writer try send [11, 12, 13] 
[2022-04-22 22:00:50] [INFO] reader get 5 
[2022-04-22 22:00:50] [INFO] start get result 
[2022-04-22 22:00:50] [INFO] end get result 7 
[2022-04-22 22:00:50] [INFO] reader get 7 
[2022-04-22 22:00:50] [INFO] start get result 
[2022-04-22 22:00:50] [INFO] end get result 8 
[2022-04-22 22:00:50] [INFO] reader get 8 
[2022-04-22 22:00:50] [INFO] start get result 
[2022-04-22 22:00:50] [INFO] end get result 9 
[2022-04-22 22:00:50] [INFO] reader get 9 
[2022-04-22 22:00:50] [INFO] start get result 
[2022-04-22 22:00:50] [INFO] end get result 10 
[2022-04-22 22:00:50] [INFO] reader get 10 
[2022-04-22 22:00:50] [INFO] writer send [11, 12, 13] 
[2022-04-22 22:00:50] [INFO] end writer 
[2022-04-22 22:00:50] [INFO] start get result 
[2022-04-22 22:00:50] [INFO] end get result 4 
[2022-04-22 22:00:50] [INFO] reader get 4 
[2022-04-22 22:00:50] [INFO] start get result 
[2022-04-22 22:00:50] [INFO] end get result 15 
[2022-04-22 22:00:50] [INFO] reader get 15 
[2022-04-22 22:00:50] [INFO] start get result 
[2022-04-22 22:00:50] [INFO] writer send [18, 19, 20] 
[2022-04-22 22:00:50] [INFO] end writer 
[2022-04-22 22:00:50] [INFO] writer send [7, 8, 9, 10] 
[2022-04-22 22:00:50] [INFO] end writer 
[2022-04-22 22:00:50] [INFO] start writer 
[2022-04-22 22:00:50] [INFO] end writer 
[2022-04-22 22:00:50] [INFO] start reader 
[2022-04-22 22:00:50] [INFO] start writer 
[2022-04-22 22:00:50] [INFO] end writer 
[2022-04-22 22:00:50] [INFO] end get result 16 
[2022-04-22 22:00:50] [INFO] reader get 16 
[2022-04-22 22:00:50] [INFO] start get result 
[2022-04-22 22:00:50] [INFO] end get result 17 
[2022-04-22 22:00:50] [INFO] reader get 17 
[2022-04-22 22:00:50] [INFO] start get result 
[2022-04-22 22:00:50] [INFO] end get result 11 
[2022-04-22 22:00:50] [INFO] reader get 11 
[2022-04-22 22:00:50] [INFO] start get result 
[2022-04-22 22:00:50] [INFO] end get result 12 
[2022-04-22 22:00:50] [INFO] reader get 12 
[2022-04-22 22:00:50] [INFO] start get result 
[2022-04-22 22:00:50] [INFO] end get result 18 
[2022-04-22 22:00:50] [INFO] reader get 18 
[2022-04-22 22:00:50] [INFO] start get result 
[2022-04-22 22:00:50] [INFO] end get result 19 
[2022-04-22 22:00:50] [INFO] reader get 19 
[2022-04-22 22:00:50] [INFO] start get result 
[2022-04-22 22:00:50] [INFO] end get result 20 
[2022-04-22 22:00:50] [INFO] reader get 20 
[2022-04-22 22:00:50] [INFO] start get result 
[2022-04-22 22:00:50] [INFO] start get result 
[2022-04-22 22:00:50] [INFO] end get result 14 
[2022-04-22 22:00:50] [INFO] reader get 14 
[2022-04-22 22:00:50] [INFO] start get result 
[2022-04-22 22:00:50] [INFO] writer send [14, 15, 16, 17] 
[2022-04-22 22:00:50] [INFO] end writer 
[2022-04-22 22:00:50] [INFO] start get result 
[2022-04-22 22:00:50] [INFO] end get result 6 
[2022-04-22 22:00:50] [INFO] reader get 6 
[2022-04-22 22:00:50] [INFO] start get result 
[2022-04-22 22:00:50] [INFO] start get result 
[2022-04-22 22:00:50] [INFO] end get result 13 
[2022-04-22 22:00:50] [INFO] reader get 13 
[2022-04-22 22:00:50] [INFO] start get result 
[2022-04-22 22:00:50] [INFO] start reader 
[2022-04-22 22:00:50] [INFO] start reader 
[2022-04-22 22:00:50] [INFO] start reader 
[2022-04-22 22:00:50] [INFO] start get result 
[2022-04-22 22:00:50] [INFO] start get result 
[2022-04-22 22:00:50] [INFO] start reader 
[2022-04-22 22:00:50] [INFO] start get result 
[2022-04-22 22:00:50] [INFO] start get result 
Exception in thread "Thread-63004" java.util.concurrent.TimeoutException
	at serie1.Ex4.BlockingMessageQueueFuture$MyFuture.get(BlockingMessageQueueFuture.kt:222)
	at serie1.ex4.FutureTest$blocking_message_multiple_send_receive$2$thread$1.invoke(BlockingMessageQueueWithFutureTest.kt:179)
	at serie1.ex4.FutureTest$blocking_message_multiple_send_receive$2$thread$1.invoke(BlockingMessageQueueWithFutureTest.kt:169)
	at kotlin.concurrent.ThreadsKt$thread$thread$1.run(Thread.kt:30)
Exception in thread "Thread-63003" java.util.concurrent.TimeoutException
	at serie1.Ex4.BlockingMessageQueueFuture$MyFuture.get(BlockingMessageQueueFuture.kt:222)
	at serie1.ex4.FutureTest$blocking_message_multiple_send_receive$2$thread$1.invoke(BlockingMessageQueueWithFutureTest.kt:179)
	at serie1.ex4.FutureTest$blocking_message_multiple_send_receive$2$thread$1.invoke(BlockingMessageQueueWithFutureTest.kt:169)
	at kotlin.concurrent.ThreadsKt$thread$thread$1.run(Thread.kt:30)
Exception in thread "Thread-63002" java.util.concurrent.TimeoutException
	at serie1.Ex4.BlockingMessageQueueFuture$MyFuture.get(BlockingMessageQueueFuture.kt:222)
	at serie1.ex4.FutureTest$blocking_message_multiple_send_receive$2$thread$1.invoke(BlockingMessageQueueWithFutureTest.kt:179)
	at serie1.ex4.FutureTest$blocking_message_multiple_send_receive$2$thread$1.invoke(BlockingMessageQueueWithFutureTest.kt:169)
	at kotlin.concurrent.ThreadsKt$thread$thread$1.run(Thread.kt:30)
Exception in thread "Thread-63001" java.util.concurrent.TimeoutException
	at serie1.Ex4.BlockingMessageQueueFuture$MyFuture.get(BlockingMessageQueueFuture.kt:222)
	at serie1.ex4.FutureTest$blocking_message_multiple_send_receive$2$thread$1.invoke(BlockingMessageQueueWithFutureTest.kt:179)
	at serie1.ex4.FutureTest$blocking_message_multiple_send_receive$2$thread$1.invoke(BlockingMessageQueueWithFutureTest.kt:169)
	at kotlin.concurrent.ThreadsKt$thread$thread$1.run(Thread.kt:30)
Exception in thread "Thread-63008" java.util.concurrent.TimeoutException
	at serie1.Ex4.BlockingMessageQueueFuture$MyFuture.get(BlockingMessageQueueFuture.kt:222)
	at serie1.ex4.FutureTest$blocking_message_multiple_send_receive$2$thread$1.invoke(BlockingMessageQueueWithFutureTest.kt:179)
	at serie1.ex4.FutureTest$blocking_message_multiple_send_receive$2$thread$1.invoke(BlockingMessageQueueWithFutureTest.kt:169)
	at kotlin.concurrent.ThreadsKt$thread$thread$1.run(Thread.kt:30)
Exception in thread "Thread-63005" java.util.concurrent.TimeoutException
	at serie1.Ex4.BlockingMessageQueueFuture$MyFuture.get(BlockingMessageQueueFuture.kt:222)
	at serie1.ex4.FutureTest$blocking_message_multiple_send_receive$2$thread$1.invoke(BlockingMessageQueueWithFutureTest.kt:179)
	at serie1.ex4.FutureTest$blocking_message_multiple_send_receive$2$thread$1.invoke(BlockingMessageQueueWithFutureTest.kt:169)
	at kotlin.concurrent.ThreadsKt$thread$thread$1.run(Thread.kt:30)
Exception in thread "Thread-63006" java.util.concurrent.TimeoutException
	at serie1.Ex4.BlockingMessageQueueFuture$MyFuture.get(BlockingMessageQueueFuture.kt:222)
	at serie1.ex4.FutureTest$blocking_message_multiple_send_receive$2$thread$1.invoke(BlockingMessageQueueWithFutureTest.kt:179)
	at serie1.ex4.FutureTest$blocking_message_multiple_send_receive$2$thread$1.invoke(BlockingMessageQueueWithFutureTest.kt:169)
	at kotlin.concurrent.ThreadsKt$thread$thread$1.run(Thread.kt:30)
Exception in thread "Thread-63007" java.util.concurrent.TimeoutException
	at serie1.Ex4.BlockingMessageQueueFuture$MyFuture.get(BlockingMessageQueueFuture.kt:222)
	at serie1.ex4.FutureTest$blocking_message_multiple_send_receive$2$thread$1.invoke(BlockingMessageQueueWithFutureTest.kt:179)
	at serie1.ex4.FutureTest$blocking_message_multiple_send_receive$2$thread$1.invoke(BlockingMessageQueueWithFutureTest.kt:169)
	at kotlin.concurrent.ThreadsKt$thread$thread$1.run(Thread.kt:30)
[2022-04-22 22:00:52] [INFO] start writer 
[2022-04-22 22:00:52] [INFO] writer try send [1, 2, 3] 
[2022-04-22 22:00:52] [INFO] writer send [1, 2, 3] 
[2022-04-22 22:00:52] [INFO] writer try send [4, 5] 
[2022-04-22 22:00:52] [INFO] writer send [4, 5] 
[2022-04-22 22:00:52] [INFO] writer try send [6] 
[2022-04-22 22:00:52] [INFO] writer send [6] 
[2022-04-22 22:00:52] [INFO] writer try send [7, 8, 9, 10] 
[2022-04-22 22:00:52] [INFO] start reader 
[2022-04-22 22:00:52] [INFO] start writer 
[2022-04-22 22:00:52] [INFO] start writer 
[2022-04-22 22:00:52] [INFO] writer try send [14, 15, 16, 17] 
[2022-04-22 22:00:52] [INFO] start writer 
[2022-04-22 22:00:52] [INFO] writer try send [18, 19, 20] 
[2022-04-22 22:00:52] [INFO] start get result 
[2022-04-22 22:00:52] [INFO] end get result 1 
[2022-04-22 22:00:52] [INFO] reader get 1 
[2022-04-22 22:00:52] [INFO] start get result 
[2022-04-22 22:00:52] [INFO] end get result 2 
[2022-04-22 22:00:52] [INFO] reader get 2 
[2022-04-22 22:00:52] [INFO] start get result 
[2022-04-22 22:00:52] [INFO] end get result 3 
[2022-04-22 22:00:52] [INFO] reader get 3 
[2022-04-22 22:00:52] [INFO] start get result 
[2022-04-22 22:00:52] [INFO] end get result 4 
[2022-04-22 22:00:52] [INFO] writer send [14, 15, 16, 17] 
[2022-04-22 22:00:52] [INFO] end writer 
[2022-04-22 22:00:52] [INFO] start writer 
[2022-04-22 22:00:52] [INFO] end writer 
[2022-04-22 22:00:52] [INFO] start writer 
[2022-04-22 22:00:52] [INFO] end writer 
[2022-04-22 22:00:52] [INFO] writer try send [11, 12, 13] 
[2022-04-22 22:00:52] [INFO] start reader 
[2022-04-22 22:00:52] [INFO] reader get 4 
[2022-04-22 22:00:52] [INFO] start get result 
[2022-04-22 22:00:52] [INFO] end get result 5 
[2022-04-22 22:00:52] [INFO] reader get 5 
[2022-04-22 22:00:52] [INFO] start get result 
[2022-04-22 22:00:52] [INFO] end get result 6 
[2022-04-22 22:00:52] [INFO] start reader 
[2022-04-22 22:00:52] [INFO] reader get 6 
[2022-04-22 22:00:52] [INFO] start get result 
[2022-04-22 22:00:52] [INFO] end get result 15 
[2022-04-22 22:00:52] [INFO] reader get 15 
[2022-04-22 22:00:52] [INFO] start get result 
[2022-04-22 22:00:52] [INFO] end get result 16 
[2022-04-22 22:00:52] [INFO] reader get 16 
[2022-04-22 22:00:52] [INFO] start get result 
[2022-04-22 22:00:52] [INFO] end get result 17 
[2022-04-22 22:00:52] [INFO] reader get 17 
[2022-04-22 22:00:52] [INFO] start get result 
[2022-04-22 22:00:52] [INFO] writer send [7, 8, 9, 10] 
[2022-04-22 22:00:52] [INFO] end writer 
[2022-04-22 22:00:52] [INFO] writer send [18, 19, 20] 
[2022-04-22 22:00:52] [INFO] end writer 
[2022-04-22 22:00:52] [INFO] end get result 18 
[2022-04-22 22:00:52] [INFO] start get result 
[2022-04-22 22:00:52] [INFO] end get result 19 
[2022-04-22 22:00:52] [INFO] reader get 19 
[2022-04-22 22:00:52] [INFO] start get result 
[2022-04-22 22:00:52] [INFO] end get result 20 
[2022-04-22 22:00:52] [INFO] reader get 20 
[2022-04-22 22:00:52] [INFO] start get result 
[2022-04-22 22:00:52] [INFO] start reader 
[2022-04-22 22:00:52] [INFO] writer send [11, 12, 13] 
[2022-04-22 22:00:52] [INFO] end writer 
[2022-04-22 22:00:52] [INFO] start reader 
[2022-04-22 22:00:52] [INFO] start get result 
[2022-04-22 22:00:52] [INFO] end get result 14 
[2022-04-22 22:00:52] [INFO] start reader 
[2022-04-22 22:00:52] [INFO] start get result 
[2022-04-22 22:00:52] [INFO] end get result 12 
[2022-04-22 22:00:52] [INFO] reader get 12 
[2022-04-22 22:00:52] [INFO] start get result 
[2022-04-22 22:00:52] [INFO] end get result 7 
[2022-04-22 22:00:52] [INFO] reader get 7 
[2022-04-22 22:00:52] [INFO] start get result 
[2022-04-22 22:00:52] [INFO] end get result 8 
[2022-04-22 22:00:52] [INFO] reader get 8 
[2022-04-22 22:00:52] [INFO] start get result 
[2022-04-22 22:00:52] [INFO] end get result 9 
[2022-04-22 22:00:52] [INFO] reader get 9 
[2022-04-22 22:00:52] [INFO] start get result 
[2022-04-22 22:00:52] [INFO] end get result 11 
[2022-04-22 22:00:52] [INFO] reader get 11 
[2022-04-22 22:00:52] [INFO] start get result 
[2022-04-22 22:00:52] [INFO] reader get 18 
[2022-04-22 22:00:52] [INFO] start get result 
[2022-04-22 22:00:52] [INFO] start get result 
[2022-04-22 22:00:52] [INFO] end get result 10 
[2022-04-22 22:00:52] [INFO] reader get 10 
[2022-04-22 22:00:52] [INFO] start get result 
[2022-04-22 22:00:52] [INFO] start get result 
[2022-04-22 22:00:52] [INFO] end get result 13 
[2022-04-22 22:00:52] [INFO] reader get 13 
[2022-04-22 22:00:52] [INFO] start get result 
[2022-04-22 22:00:52] [INFO] start reader 
[2022-04-22 22:00:52] [INFO] reader get 14 
[2022-04-22 22:00:52] [INFO] start get result 
[2022-04-22 22:00:52] [INFO] start reader 
[2022-04-22 22:00:52] [INFO] start get result 
[2022-04-22 22:00:52] [INFO] start get result 
Exception in thread "Thread-63020" java.util.concurrent.TimeoutException
	at serie1.Ex4.BlockingMessageQueueFuture$MyFuture.get(BlockingMessageQueueFuture.kt:222)
	at serie1.ex4.FutureTest$blocking_message_multiple_send_receive$2$thread$1.invoke(BlockingMessageQueueWithFutureTest.kt:179)
	at serie1.ex4.FutureTest$blocking_message_multiple_send_receive$2$thread$1.invoke(BlockingMessageQueueWithFutureTest.kt:169)
	at kotlin.concurrent.ThreadsKt$thread$thread$1.run(Thread.kt:30)
Exception in thread "Thread-63016" java.util.concurrent.TimeoutException
	at serie1.Ex4.BlockingMessageQueueFuture$MyFuture.get(BlockingMessageQueueFuture.kt:222)
	at serie1.ex4.FutureTest$blocking_message_multiple_send_receive$2$thread$1.invoke(BlockingMessageQueueWithFutureTest.kt:179)
	at serie1.ex4.FutureTest$blocking_message_multiple_send_receive$2$thread$1.invoke(BlockingMessageQueueWithFutureTest.kt:169)
	at kotlin.concurrent.ThreadsKt$thread$thread$1.run(Thread.kt:30)
Exception in thread "Thread-63022" java.util.concurrent.TimeoutException
	at serie1.Ex4.BlockingMessageQueueFuture$MyFuture.get(BlockingMessageQueueFuture.kt:222)
	at serie1.ex4.FutureTest$blocking_message_multiple_send_receive$2$thread$1.invoke(BlockingMessageQueueWithFutureTest.kt:179)
	at serie1.ex4.FutureTest$blocking_message_multiple_send_receive$2$thread$1.invoke(BlockingMessageQueueWithFutureTest.kt:169)
	at kotlin.concurrent.ThreadsKt$thread$thread$1.run(Thread.kt:30)
Exception in thread "Thread-63017" java.util.concurrent.TimeoutException
	at serie1.Ex4.BlockingMessageQueueFuture$MyFuture.get(BlockingMessageQueueFuture.kt:222)
	at serie1.ex4.FutureTest$blocking_message_multiple_send_receive$2$thread$1.invoke(BlockingMessageQueueWithFutureTest.kt:179)
	at serie1.ex4.FutureTest$blocking_message_multiple_send_receive$2$thread$1.invoke(BlockingMessageQueueWithFutureTest.kt:169)
	at kotlin.concurrent.ThreadsKt$thread$thread$1.run(Thread.kt:30)
Exception in thread "Thread-63019" java.util.concurrent.TimeoutException
	at serie1.Ex4.BlockingMessageQueueFuture$MyFuture.get(BlockingMessageQueueFuture.kt:222)
	at serie1.ex4.FutureTest$blocking_message_multiple_send_receive$2$thread$1.invoke(BlockingMessageQueueWithFutureTest.kt:179)
	at serie1.ex4.FutureTest$blocking_message_multiple_send_receive$2$thread$1.invoke(BlockingMessageQueueWithFutureTest.kt:169)
	at kotlin.concurrent.ThreadsKt$thread$thread$1.run(Thread.kt:30)
Exception in thread "Thread-63021" java.util.concurrent.TimeoutException
	at serie1.Ex4.BlockingMessageQueueFuture$MyFuture.get(BlockingMessageQueueFuture.kt:222)
	at serie1.ex4.FutureTest$blocking_message_multiple_send_receive$2$thread$1.invoke(BlockingMessageQueueWithFutureTest.kt:179)
	at serie1.ex4.FutureTest$blocking_message_multiple_send_receive$2$thread$1.invoke(BlockingMessageQueueWithFutureTest.kt:169)
	at kotlin.concurrent.ThreadsKt$thread$thread$1.run(Thread.kt:30)
Exception in thread "Thread-63018" java.util.concurrent.TimeoutException
	at serie1.Ex4.BlockingMessageQueueFuture$MyFuture.get(BlockingMessageQueueFuture.kt:222)
	at serie1.ex4.FutureTest$blocking_message_multiple_send_receive$2$thread$1.invoke(BlockingMessageQueueWithFutureTest.kt:179)
	at serie1.ex4.FutureTest$blocking_message_multiple_send_receive$2$thread$1.invoke(BlockingMessageQueueWithFutureTest.kt:169)
	at kotlin.concurrent.ThreadsKt$thread$thread$1.run(Thread.kt:30)
Exception in thread "Thread-63023" java.util.concurrent.TimeoutException
	at serie1.Ex4.BlockingMessageQueueFuture$MyFuture.get(BlockingMessageQueueFuture.kt:222)
	at serie1.ex4.FutureTest$blocking_message_multiple_send_receive$2$thread$1.invoke(BlockingMessageQueueWithFutureTest.kt:179)
	at serie1.ex4.FutureTest$blocking_message_multiple_send_receive$2$thread$1.invoke(BlockingMessageQueueWithFutureTest.kt:169)
	at kotlin.concurrent.ThreadsKt$thread$thread$1.run(Thread.kt:30)
[2022-04-22 22:00:54] [INFO] start writer 
[2022-04-22 22:00:54] [INFO] writer try send [1, 2, 3] 
[2022-04-22 22:00:54] [INFO] writer send [1, 2, 3] 
[2022-04-22 22:00:54] [INFO] writer try send [4, 5] 
[2022-04-22 22:00:54] [INFO] writer send [4, 5] 
[2022-04-22 22:00:54] [INFO] writer try send [6] 
[2022-04-22 22:00:54] [INFO] writer send [6] 
[2022-04-22 22:00:54] [INFO] writer try send [7, 8, 9, 10] 
[2022-04-22 22:00:54] [INFO] start reader 
[2022-04-22 22:00:54] [INFO] start writer 
[2022-04-22 22:00:54] [INFO] writer try send [11, 12, 13] 
[2022-04-22 22:00:54] [INFO] writer send [11, 12, 13] 
[2022-04-22 22:00:54] [INFO] writer try send [14, 15, 16, 17] 
[2022-04-22 22:00:54] [INFO] start writer 
[2022-04-22 22:00:54] [INFO] writer try send [18, 19, 20] 
[2022-04-22 22:00:54] [INFO] start writer 
[2022-04-22 22:00:54] [INFO] end writer 
[2022-04-22 22:00:54] [INFO] start get result 
[2022-04-22 22:00:54] [INFO] end get result 1 
[2022-04-22 22:00:54] [INFO] reader get 1 
[2022-04-22 22:00:54] [INFO] start get result 
[2022-04-22 22:00:54] [INFO] end get result 2 
[2022-04-22 22:00:54] [INFO] reader get 2 
[2022-04-22 22:00:54] [INFO] start get result 
[2022-04-22 22:00:54] [INFO] end get result 3 
[2022-04-22 22:00:54] [INFO] reader get 3 
[2022-04-22 22:00:54] [INFO] start get result 
[2022-04-22 22:00:54] [INFO] end get result 4 
[2022-04-22 22:00:54] [INFO] reader get 4 
[2022-04-22 22:00:54] [INFO] start get result 
[2022-04-22 22:00:54] [INFO] end get result 5 
[2022-04-22 22:00:54] [INFO] reader get 5 
[2022-04-22 22:00:54] [INFO] start get result 
[2022-04-22 22:00:54] [INFO] end get result 6 
[2022-04-22 22:00:54] [INFO] reader get 6 
[2022-04-22 22:00:54] [INFO] start get result 
[2022-04-22 22:00:54] [INFO] end get result 11 
[2022-04-22 22:00:54] [INFO] reader get 11 
[2022-04-22 22:00:54] [INFO] start get result 
[2022-04-22 22:00:54] [INFO] end get result 12 
[2022-04-22 22:00:54] [INFO] reader get 12 
[2022-04-22 22:00:54] [INFO] start get result 
[2022-04-22 22:00:54] [INFO] end get result 13 
[2022-04-22 22:00:54] [INFO] reader get 13 
[2022-04-22 22:00:54] [INFO] start get result 
[2022-04-22 22:00:54] [INFO] end get result 18 
[2022-04-22 22:00:54] [INFO] reader get 18 
[2022-04-22 22:00:54] [INFO] start get result 
[2022-04-22 22:00:54] [INFO] end get result 19 
[2022-04-22 22:00:54] [INFO] reader get 19 
[2022-04-22 22:00:54] [INFO] start get result 
[2022-04-22 22:00:54] [INFO] end get result 20 
[2022-04-22 22:00:54] [INFO] reader get 20 
[2022-04-22 22:00:54] [INFO] start get result 
[2022-04-22 22:00:54] [INFO] start writer 
[2022-04-22 22:00:54] [INFO] end writer 
[2022-04-22 22:00:54] [INFO] start reader 
[2022-04-22 22:00:54] [INFO] end get result 14 
[2022-04-22 22:00:54] [INFO] reader get 14 
[2022-04-22 22:00:54] [INFO] start get result 
[2022-04-22 22:00:54] [INFO] end get result 15 
[2022-04-22 22:00:54] [INFO] reader get 15 
[2022-04-22 22:00:54] [INFO] start get result 
[2022-04-22 22:00:54] [INFO] end get result 16 
[2022-04-22 22:00:54] [INFO] reader get 16 
[2022-04-22 22:00:54] [INFO] start get result 
[2022-04-22 22:00:54] [INFO] end get result 17 
[2022-04-22 22:00:54] [INFO] reader get 17 
[2022-04-22 22:00:54] [INFO] start get result 
[2022-04-22 22:00:54] [INFO] end get result 7 
[2022-04-22 22:00:54] [INFO] reader get 7 
[2022-04-22 22:00:54] [INFO] start get result 
[2022-04-22 22:00:54] [INFO] end get result 8 
[2022-04-22 22:00:54] [INFO] reader get 8 
[2022-04-22 22:00:54] [INFO] start get result 
[2022-04-22 22:00:54] [INFO] end get result 10 
[2022-04-22 22:00:54] [INFO] reader get 10 
[2022-04-22 22:00:54] [INFO] start get result 
[2022-04-22 22:00:54] [INFO] writer send [7, 8, 9, 10] 
[2022-04-22 22:00:54] [INFO] end writer 
[2022-04-22 22:00:54] [INFO] writer send [14, 15, 16, 17] 
[2022-04-22 22:00:54] [INFO] end writer 
[2022-04-22 22:00:54] [INFO] writer send [18, 19, 20] 
[2022-04-22 22:00:54] [INFO] end writer 
[2022-04-22 22:00:54] [INFO] start writer 
[2022-04-22 22:00:54] [INFO] end writer 
[2022-04-22 22:00:54] [INFO] start get result 
[2022-04-22 22:00:54] [INFO] end get result 9 
[2022-04-22 22:00:54] [INFO] reader get 9 
[2022-04-22 22:00:54] [INFO] start get result 
[2022-04-22 22:00:54] [INFO] start reader 
[2022-04-22 22:00:54] [INFO] start reader 
[2022-04-22 22:00:54] [INFO] start reader 
[2022-04-22 22:00:54] [INFO] start get result 
[2022-04-22 22:00:54] [INFO] start reader 
[2022-04-22 22:00:54] [INFO] start get result 
[2022-04-22 22:00:54] [INFO] start reader 
[2022-04-22 22:00:54] [INFO] start get result 
[2022-04-22 22:00:54] [INFO] start reader 
[2022-04-22 22:00:54] [INFO] start get result 
[2022-04-22 22:00:54] [INFO] start get result 
[2022-04-22 22:00:54] [INFO] start get result 
Exception in thread "Thread-63036" java.util.concurrent.TimeoutException
	at serie1.Ex4.BlockingMessageQueueFuture$MyFuture.get(BlockingMessageQueueFuture.kt:222)
	at serie1.ex4.FutureTest$blocking_message_multiple_send_receive$2$thread$1.invoke(BlockingMessageQueueWithFutureTest.kt:179)
	at serie1.ex4.FutureTest$blocking_message_multiple_send_receive$2$thread$1.invoke(BlockingMessageQueueWithFutureTest.kt:169)
	at kotlin.concurrent.ThreadsKt$thread$thread$1.run(Thread.kt:30)
Exception in thread "Thread-63038" java.util.concurrent.TimeoutException
	at serie1.Ex4.BlockingMessageQueueFuture$MyFuture.get(BlockingMessageQueueFuture.kt:222)
	at serie1.ex4.FutureTest$blocking_message_multiple_send_receive$2$thread$1.invoke(BlockingMessageQueueWithFutureTest.kt:179)
	at serie1.ex4.FutureTest$blocking_message_multiple_send_receive$2$thread$1.invoke(BlockingMessageQueueWithFutureTest.kt:169)
	at kotlin.concurrent.ThreadsKt$thread$thread$1.run(Thread.kt:30)
Exception in thread "Thread-63037" java.util.concurrent.TimeoutException
	at serie1.Ex4.BlockingMessageQueueFuture$MyFuture.get(BlockingMessageQueueFuture.kt:222)
	at serie1.ex4.FutureTest$blocking_message_multiple_send_receive$2$thread$1.invoke(BlockingMessageQueueWithFutureTest.kt:179)
	at serie1.ex4.FutureTest$blocking_message_multiple_send_receive$2$thread$1.invoke(BlockingMessageQueueWithFutureTest.kt:169)
	at kotlin.concurrent.ThreadsKt$thread$thread$1.run(Thread.kt:30)
Exception in thread "Thread-63033" java.util.concurrent.TimeoutException
	at serie1.Ex4.BlockingMessageQueueFuture$MyFuture.get(BlockingMessageQueueFuture.kt:222)
	at serie1.ex4.FutureTest$blocking_message_multiple_send_receive$2$thread$1.invoke(BlockingMessageQueueWithFutureTest.kt:179)
	at serie1.ex4.FutureTest$blocking_message_multiple_send_receive$2$thread$1.invoke(BlockingMessageQueueWithFutureTest.kt:169)
	at kotlin.concurrent.ThreadsKt$thread$thread$1.run(Thread.kt:30)
Exception in thread "Thread-63032" java.util.concurrent.TimeoutException
	at serie1.Ex4.BlockingMessageQueueFuture$MyFuture.get(BlockingMessageQueueFuture.kt:222)
	at serie1.ex4.FutureTest$blocking_message_multiple_send_receive$2$thread$1.invoke(BlockingMessageQueueWithFutureTest.kt:179)
	at serie1.ex4.FutureTest$blocking_message_multiple_send_receive$2$thread$1.invoke(BlockingMessageQueueWithFutureTest.kt:169)
	at kotlin.concurrent.ThreadsKt$thread$thread$1.run(Thread.kt:30)
Exception in thread "Thread-63031" java.util.concurrent.TimeoutException
	at serie1.Ex4.BlockingMessageQueueFuture$MyFuture.get(BlockingMessageQueueFuture.kt:222)
	at serie1.ex4.FutureTest$blocking_message_multiple_send_receive$2$thread$1.invoke(BlockingMessageQueueWithFutureTest.kt:179)
	at serie1.ex4.FutureTest$blocking_message_multiple_send_receive$2$thread$1.invoke(BlockingMessageQueueWithFutureTest.kt:169)
	at kotlin.concurrent.ThreadsKt$thread$thread$1.run(Thread.kt:30)
Exception in thread "Thread-63034" java.util.concurrent.TimeoutException
	at serie1.Ex4.BlockingMessageQueueFuture$MyFuture.get(BlockingMessageQueueFuture.kt:222)
	at serie1.ex4.FutureTest$blocking_message_multiple_send_receive$2$thread$1.invoke(BlockingMessageQueueWithFutureTest.kt:179)
	at serie1.ex4.FutureTest$blocking_message_multiple_send_receive$2$thread$1.invoke(BlockingMessageQueueWithFutureTest.kt:169)
	at kotlin.concurrent.ThreadsKt$thread$thread$1.run(Thread.kt:30)
Exception in thread "Thread-63035" java.util.concurrent.TimeoutException
	at serie1.Ex4.BlockingMessageQueueFuture$MyFuture.get(BlockingMessageQueueFuture.kt:222)
	at serie1.ex4.FutureTest$blocking_message_multiple_send_receive$2$thread$1.invoke(BlockingMessageQueueWithFutureTest.kt:179)
	at serie1.ex4.FutureTest$blocking_message_multiple_send_receive$2$thread$1.invoke(BlockingMessageQueueWithFutureTest.kt:169)
	at kotlin.concurrent.ThreadsKt$thread$thread$1.run(Thread.kt:30)
[2022-04-22 22:00:56] [INFO] start reader 
[2022-04-22 22:00:56] [INFO] start reader 
[2022-04-22 22:00:56] [INFO] start writer 
[2022-04-22 22:00:56] [INFO] writer try send [1, 2, 3] 
[2022-04-22 22:00:56] [INFO] writer send [1, 2, 3] 
[2022-04-22 22:00:56] [INFO] writer try send [4, 5] 
[2022-04-22 22:00:56] [INFO] start writer 
[2022-04-22 22:00:56] [INFO] writer try send [6] 
[2022-04-22 22:00:56] [INFO] writer send [6] 
[2022-04-22 22:00:56] [INFO] writer try send [7, 8, 9, 10] 
[2022-04-22 22:00:56] [INFO] writer send [7, 8, 9, 10] 
[2022-04-22 22:00:56] [INFO] start writer 
[2022-04-22 22:00:56] [INFO] writer try send [14, 15, 16, 17] 
[2022-04-22 22:00:56] [INFO] start writer 
[2022-04-22 22:00:56] [INFO] writer try send [18, 19, 20] 
[2022-04-22 22:00:56] [INFO] start reader 
[2022-04-22 22:00:56] [INFO] start writer 
[2022-04-22 22:00:56] [INFO] end writer 
[2022-04-22 22:00:56] [INFO] start get result 
[2022-04-22 22:00:56] [INFO] end get result 2 
[2022-04-22 22:00:56] [INFO] reader get 2 
[2022-04-22 22:00:56] [INFO] start get result 
[2022-04-22 22:00:56] [INFO] start get result 
[2022-04-22 22:00:56] [INFO] end get result 4 
[2022-04-22 22:00:56] [INFO] reader get 4 
[2022-04-22 22:00:56] [INFO] start get result 
[2022-04-22 22:00:56] [INFO] end get result 5 
[2022-04-22 22:00:56] [INFO] reader get 5 
[2022-04-22 22:00:56] [INFO] start get result 
[2022-04-22 22:00:56] [INFO] start get result 
[2022-04-22 22:00:56] [INFO] end get result 1 
[2022-04-22 22:00:56] [INFO] reader get 1 
[2022-04-22 22:00:56] [INFO] start get result 
[2022-04-22 22:00:56] [INFO] writer try send [11, 12, 13] 
[2022-04-22 22:00:56] [INFO] start writer 
[2022-04-22 22:00:56] [INFO] end writer 
[2022-04-22 22:00:56] [INFO] writer send [4, 5] 
[2022-04-22 22:00:56] [INFO] end writer 
[2022-04-22 22:00:56] [INFO] writer send [14, 15, 16, 17] 
[2022-04-22 22:00:56] [INFO] end writer 
[2022-04-22 22:00:56] [INFO] end get result 7 
[2022-04-22 22:00:56] [INFO] reader get 7 
[2022-04-22 22:00:56] [INFO] start get result 
[2022-04-22 22:00:56] [INFO] end get result 8 
[2022-04-22 22:00:56] [INFO] reader get 8 
[2022-04-22 22:00:56] [INFO] start get result 
[2022-04-22 22:00:56] [INFO] end get result 9 
[2022-04-22 22:00:56] [INFO] reader get 9 
[2022-04-22 22:00:56] [INFO] end get result 6 
[2022-04-22 22:00:56] [INFO] reader get 6 
[2022-04-22 22:00:56] [INFO] start get result 
[2022-04-22 22:00:56] [INFO] end get result 18 
[2022-04-22 22:00:56] [INFO] reader get 18 
[2022-04-22 22:00:56] [INFO] start get result 
[2022-04-22 22:00:56] [INFO] end get result 19 
[2022-04-22 22:00:56] [INFO] reader get 19 
[2022-04-22 22:00:56] [INFO] start get result 
[2022-04-22 22:00:56] [INFO] end get result 20 
[2022-04-22 22:00:56] [INFO] reader get 20 
[2022-04-22 22:00:56] [INFO] start get result 
[2022-04-22 22:00:56] [INFO] end get result 14 
[2022-04-22 22:00:56] [INFO] reader get 14 
[2022-04-22 22:00:56] [INFO] start get result 
[2022-04-22 22:00:56] [INFO] end get result 15 
[2022-04-22 22:00:56] [INFO] writer send [18, 19, 20] 
[2022-04-22 22:00:56] [INFO] end writer 
[2022-04-22 22:00:56] [INFO] end get result 3 
[2022-04-22 22:00:56] [INFO] reader get 3 
[2022-04-22 22:00:56] [INFO] start get result 
[2022-04-22 22:00:56] [INFO] end get result 16 
[2022-04-22 22:00:56] [INFO] reader get 16 
[2022-04-22 22:00:56] [INFO] start get result 
[2022-04-22 22:00:56] [INFO] end get result 17 
[2022-04-22 22:00:56] [INFO] reader get 17 
[2022-04-22 22:00:56] [INFO] start get result 
[2022-04-22 22:00:56] [INFO] end get result 11 
[2022-04-22 22:00:56] [INFO] reader get 11 
[2022-04-22 22:00:56] [INFO] start get result 
[2022-04-22 22:00:56] [INFO] end get result 12 
[2022-04-22 22:00:56] [INFO] start reader 
[2022-04-22 22:00:56] [INFO] reader get 12 
[2022-04-22 22:00:56] [INFO] start get result 
[2022-04-22 22:00:56] [INFO] end get result 13 
[2022-04-22 22:00:56] [INFO] reader get 13 
[2022-04-22 22:00:56] [INFO] start get result 
[2022-04-22 22:00:56] [INFO] reader get 15 
[2022-04-22 22:00:56] [INFO] start get result 
[2022-04-22 22:00:56] [INFO] writer send [11, 12, 13] 
[2022-04-22 22:00:56] [INFO] end writer 
[2022-04-22 22:00:56] [INFO] start get result 
[2022-04-22 22:00:56] [INFO] end get result 10 
[2022-04-22 22:00:56] [INFO] reader get 10 
[2022-04-22 22:00:56] [INFO] start get result 
[2022-04-22 22:00:56] [INFO] start get result 
[2022-04-22 22:00:56] [INFO] start reader 
[2022-04-22 22:00:56] [INFO] start reader 
[2022-04-22 22:00:56] [INFO] start reader 
[2022-04-22 22:00:56] [INFO] start get result 
[2022-04-22 22:00:56] [INFO] start reader 
[2022-04-22 22:00:56] [INFO] start get result 
[2022-04-22 22:00:56] [INFO] start get result 
[2022-04-22 22:00:56] [INFO] start get result 
Exception in thread "Thread-63053" java.util.concurrent.TimeoutException
	at serie1.Ex4.BlockingMessageQueueFuture$MyFuture.get(BlockingMessageQueueFuture.kt:222)
	at serie1.ex4.FutureTest$blocking_message_multiple_send_receive$2$thread$1.invoke(BlockingMessageQueueWithFutureTest.kt:179)
	at serie1.ex4.FutureTest$blocking_message_multiple_send_receive$2$thread$1.invoke(BlockingMessageQueueWithFutureTest.kt:169)
	at kotlin.concurrent.ThreadsKt$thread$thread$1.run(Thread.kt:30)
Exception in thread "Thread-63050" java.util.concurrent.TimeoutException
	at serie1.Ex4.BlockingMessageQueueFuture$MyFuture.get(BlockingMessageQueueFuture.kt:222)
	at serie1.ex4.FutureTest$blocking_message_multiple_send_receive$2$thread$1.invoke(BlockingMessageQueueWithFutureTest.kt:179)
	at serie1.ex4.FutureTest$blocking_message_multiple_send_receive$2$thread$1.invoke(BlockingMessageQueueWithFutureTest.kt:169)
	at kotlin.concurrent.ThreadsKt$thread$thread$1.run(Thread.kt:30)
Exception in thread "Thread-63051" java.util.concurrent.TimeoutException
	at serie1.Ex4.BlockingMessageQueueFuture$MyFuture.get(BlockingMessageQueueFuture.kt:222)
	at serie1.ex4.FutureTest$blocking_message_multiple_send_receive$2$thread$1.invoke(BlockingMessageQueueWithFutureTest.kt:179)
	at serie1.ex4.FutureTest$blocking_message_multiple_send_receive$2$thread$1.invoke(BlockingMessageQueueWithFutureTest.kt:169)
	at kotlin.concurrent.ThreadsKt$thread$thread$1.run(Thread.kt:30)
Exception in thread "Thread-63049" java.util.concurrent.TimeoutException
	at serie1.Ex4.BlockingMessageQueueFuture$MyFuture.get(BlockingMessageQueueFuture.kt:222)
	at serie1.ex4.FutureTest$blocking_message_multiple_send_receive$2$thread$1.invoke(BlockingMessageQueueWithFutureTest.kt:179)
	at serie1.ex4.FutureTest$blocking_message_multiple_send_receive$2$thread$1.invoke(BlockingMessageQueueWithFutureTest.kt:169)
	at kotlin.concurrent.ThreadsKt$thread$thread$1.run(Thread.kt:30)
Exception in thread "Thread-63052" java.util.concurrent.TimeoutException
	at serie1.Ex4.BlockingMessageQueueFuture$MyFuture.get(BlockingMessageQueueFuture.kt:222)
	at serie1.ex4.FutureTest$blocking_message_multiple_send_receive$2$thread$1.invoke(BlockingMessageQueueWithFutureTest.kt:179)
	at serie1.ex4.FutureTest$blocking_message_multiple_send_receive$2$thread$1.invoke(BlockingMessageQueueWithFutureTest.kt:169)
	at kotlin.concurrent.ThreadsKt$thread$thread$1.run(Thread.kt:30)
Exception in thread "Thread-63046" java.util.concurrent.TimeoutException
	at serie1.Ex4.BlockingMessageQueueFuture$MyFuture.get(BlockingMessageQueueFuture.kt:222)
	at serie1.ex4.FutureTest$blocking_message_multiple_send_receive$2$thread$1.invoke(BlockingMessageQueueWithFutureTest.kt:179)
	at serie1.ex4.FutureTest$blocking_message_multiple_send_receive$2$thread$1.invoke(BlockingMessageQueueWithFutureTest.kt:169)
	at kotlin.concurrent.ThreadsKt$thread$thread$1.run(Thread.kt:30)
Exception in thread "Thread-63047" java.util.concurrent.TimeoutException
	at serie1.Ex4.BlockingMessageQueueFuture$MyFuture.get(BlockingMessageQueueFuture.kt:222)
	at serie1.ex4.FutureTest$blocking_message_multiple_send_receive$2$thread$1.invoke(BlockingMessageQueueWithFutureTest.kt:179)
	at serie1.ex4.FutureTest$blocking_message_multiple_send_receive$2$thread$1.invoke(BlockingMessageQueueWithFutureTest.kt:169)
	at kotlin.concurrent.ThreadsKt$thread$thread$1.run(Thread.kt:30)
Exception in thread "Thread-63048" java.util.concurrent.TimeoutException
	at serie1.Ex4.BlockingMessageQueueFuture$MyFuture.get(BlockingMessageQueueFuture.kt:222)
	at serie1.ex4.FutureTest$blocking_message_multiple_send_receive$2$thread$1.invoke(BlockingMessageQueueWithFutureTest.kt:179)
	at serie1.ex4.FutureTest$blocking_message_multiple_send_receive$2$thread$1.invoke(BlockingMessageQueueWithFutureTest.kt:169)
	at kotlin.concurrent.ThreadsKt$thread$thread$1.run(Thread.kt:30)
[2022-04-22 22:00:58] [INFO] start writer 
[2022-04-22 22:00:58] [INFO] writer try send [1, 2, 3] 
[2022-04-22 22:00:58] [INFO] writer send [1, 2, 3] 
[2022-04-22 22:00:58] [INFO] writer try send [4, 5] 
[2022-04-22 22:00:58] [INFO] start reader 
[2022-04-22 22:00:58] [INFO] start writer 
[2022-04-22 22:00:58] [INFO] writer try send [6] 
[2022-04-22 22:00:58] [INFO] writer send [4, 5] 
[2022-04-22 22:00:58] [INFO] writer try send [7, 8, 9, 10] 
[2022-04-22 22:00:58] [INFO] start writer 
[2022-04-22 22:00:58] [INFO] writer try send [11, 12, 13] 
[2022-04-22 22:00:58] [INFO] start writer 
[2022-04-22 22:00:58] [INFO] writer try send [14, 15, 16, 17] 
[2022-04-22 22:00:58] [INFO] start writer 
[2022-04-22 22:00:58] [INFO] writer try send [18, 19, 20] 
[2022-04-22 22:00:58] [INFO] start reader 
[2022-04-22 22:00:58] [INFO] start get result 
[2022-04-22 22:00:58] [INFO] writer send [6] 
[2022-04-22 22:00:58] [INFO] end writer 
[2022-04-22 22:00:58] [INFO] start writer 
[2022-04-22 22:00:58] [INFO] end writer 
[2022-04-22 22:00:58] [INFO] start writer 
[2022-04-22 22:00:58] [INFO] end writer 
[2022-04-22 22:00:58] [INFO] start get result 
[2022-04-22 22:00:58] [INFO] end get result 2 
[2022-04-22 22:00:58] [INFO] reader get 2 
[2022-04-22 22:00:58] [INFO] start get result 
[2022-04-22 22:00:58] [INFO] end get result 3 
[2022-04-22 22:00:58] [INFO] reader get 3 
[2022-04-22 22:00:58] [INFO] start get result 
[2022-04-22 22:00:58] [INFO] end get result 4 
[2022-04-22 22:00:58] [INFO] reader get 4 
[2022-04-22 22:00:58] [INFO] start get result 
[2022-04-22 22:00:58] [INFO] end get result 5 
[2022-04-22 22:00:58] [INFO] reader get 5 
[2022-04-22 22:00:58] [INFO] start get result 
[2022-04-22 22:00:58] [INFO] end get result 6 
[2022-04-22 22:00:58] [INFO] reader get 6 
[2022-04-22 22:00:58] [INFO] start get result 
[2022-04-22 22:00:58] [INFO] end get result 18 
[2022-04-22 22:00:58] [INFO] reader get 18 
[2022-04-22 22:00:58] [INFO] start get result 
[2022-04-22 22:00:58] [INFO] end get result 19 
[2022-04-22 22:00:58] [INFO] reader get 19 
[2022-04-22 22:00:58] [INFO] start get result 
[2022-04-22 22:00:58] [INFO] end get result 20 
[2022-04-22 22:00:58] [INFO] reader get 20 
[2022-04-22 22:00:58] [INFO] start get result 
[2022-04-22 22:00:58] [INFO] end get result 11 
[2022-04-22 22:00:58] [INFO] reader get 11 
[2022-04-22 22:00:58] [INFO] start get result 
[2022-04-22 22:00:58] [INFO] end get result 12 
[2022-04-22 22:00:58] [INFO] reader get 12 
[2022-04-22 22:00:58] [INFO] start get result 
[2022-04-22 22:00:58] [INFO] end get result 13 
[2022-04-22 22:00:58] [INFO] reader get 13 
[2022-04-22 22:00:58] [INFO] start get result 
[2022-04-22 22:00:58] [INFO] end get result 7 
[2022-04-22 22:00:58] [INFO] reader get 7 
[2022-04-22 22:00:58] [INFO] start get result 
[2022-04-22 22:00:58] [INFO] end get result 8 
[2022-04-22 22:00:58] [INFO] reader get 8 
[2022-04-22 22:00:58] [INFO] start get result 
[2022-04-22 22:00:58] [INFO] end get result 9 
[2022-04-22 22:00:58] [INFO] reader get 9 
[2022-04-22 22:00:58] [INFO] start get result 
[2022-04-22 22:00:58] [INFO] end get result 10 
[2022-04-22 22:00:58] [INFO] reader get 10 
[2022-04-22 22:00:58] [INFO] start get result 
[2022-04-22 22:00:58] [INFO] end get result 14 
[2022-04-22 22:00:58] [INFO] reader get 14 
[2022-04-22 22:00:58] [INFO] start get result 
[2022-04-22 22:00:58] [INFO] end get result 15 
[2022-04-22 22:00:58] [INFO] reader get 15 
[2022-04-22 22:00:58] [INFO] start get result 
[2022-04-22 22:00:58] [INFO] end get result 16 
[2022-04-22 22:00:58] [INFO] reader get 16 
[2022-04-22 22:00:58] [INFO] start get result 
[2022-04-22 22:00:58] [INFO] end get result 17 
[2022-04-22 22:00:58] [INFO] reader get 17 
[2022-04-22 22:00:58] [INFO] start get result 
[2022-04-22 22:00:58] [INFO] end get result 1 
[2022-04-22 22:00:58] [INFO] reader get 1 
[2022-04-22 22:00:58] [INFO] start get result 
[2022-04-22 22:00:58] [INFO] start reader 
[2022-04-22 22:00:58] [INFO] writer send [14, 15, 16, 17] 
[2022-04-22 22:00:58] [INFO] end writer 
[2022-04-22 22:00:58] [INFO] writer send [7, 8, 9, 10] 
[2022-04-22 22:00:58] [INFO] end writer 
[2022-04-22 22:00:58] [INFO] writer send [11, 12, 13] 
[2022-04-22 22:00:58] [INFO] end writer 
[2022-04-22 22:00:58] [INFO] start get result 
[2022-04-22 22:00:58] [INFO] writer send [18, 19, 20] 
[2022-04-22 22:00:58] [INFO] end writer 
[2022-04-22 22:00:58] [INFO] start reader 
[2022-04-22 22:00:58] [INFO] start reader 
[2022-04-22 22:00:58] [INFO] start reader 
[2022-04-22 22:00:58] [INFO] start get result 
[2022-04-22 22:00:58] [INFO] start reader 
[2022-04-22 22:00:58] [INFO] start get result 
[2022-04-22 22:00:58] [INFO] start reader 
[2022-04-22 22:00:58] [INFO] start get result 
[2022-04-22 22:00:58] [INFO] start get result 
[2022-04-22 22:00:58] [INFO] start get result 
Exception in thread "Thread-63065" java.util.concurrent.TimeoutException
	at serie1.Ex4.BlockingMessageQueueFuture$MyFuture.get(BlockingMessageQueueFuture.kt:222)
	at serie1.ex4.FutureTest$blocking_message_multiple_send_receive$2$thread$1.invoke(BlockingMessageQueueWithFutureTest.kt:179)
	at serie1.ex4.FutureTest$blocking_message_multiple_send_receive$2$thread$1.invoke(BlockingMessageQueueWithFutureTest.kt:169)
	at kotlin.concurrent.ThreadsKt$thread$thread$1.run(Thread.kt:30)
Exception in thread "Thread-63062" java.util.concurrent.TimeoutException
	at serie1.Ex4.BlockingMessageQueueFuture$MyFuture.get(BlockingMessageQueueFuture.kt:222)
	at serie1.ex4.FutureTest$blocking_message_multiple_send_receive$2$thread$1.invoke(BlockingMessageQueueWithFutureTest.kt:179)
	at serie1.ex4.FutureTest$blocking_message_multiple_send_receive$2$thread$1.invoke(BlockingMessageQueueWithFutureTest.kt:169)
	at kotlin.concurrent.ThreadsKt$thread$thread$1.run(Thread.kt:30)
Exception in thread "Thread-63063" java.util.concurrent.TimeoutException
	at serie1.Ex4.BlockingMessageQueueFuture$MyFuture.get(BlockingMessageQueueFuture.kt:222)
	at serie1.ex4.FutureTest$blocking_message_multiple_send_receive$2$thread$1.invoke(BlockingMessageQueueWithFutureTest.kt:179)
	at serie1.ex4.FutureTest$blocking_message_multiple_send_receive$2$thread$1.invoke(BlockingMessageQueueWithFutureTest.kt:169)
	at kotlin.concurrent.ThreadsKt$thread$thread$1.run(Thread.kt:30)
Exception in thread "Thread-63069" java.util.concurrent.TimeoutException
	at serie1.Ex4.BlockingMessageQueueFuture$MyFuture.get(BlockingMessageQueueFuture.kt:222)
	at serie1.ex4.FutureTest$blocking_message_multiple_send_receive$2$thread$1.invoke(BlockingMessageQueueWithFutureTest.kt:179)
	at serie1.ex4.FutureTest$blocking_message_multiple_send_receive$2$thread$1.invoke(BlockingMessageQueueWithFutureTest.kt:169)
	at kotlin.concurrent.ThreadsKt$thread$thread$1.run(Thread.kt:30)
Exception in thread "Thread-63068" java.util.concurrent.TimeoutException
	at serie1.Ex4.BlockingMessageQueueFuture$MyFuture.get(BlockingMessageQueueFuture.kt:222)
	at serie1.ex4.FutureTest$blocking_message_multiple_send_receive$2$thread$1.invoke(BlockingMessageQueueWithFutureTest.kt:179)
	at serie1.ex4.FutureTest$blocking_message_multiple_send_receive$2$thread$1.invoke(BlockingMessageQueueWithFutureTest.kt:169)
	at kotlin.concurrent.ThreadsKt$thread$thread$1.run(Thread.kt:30)
Exception in thread "Thread-63066" java.util.concurrent.TimeoutException
	at serie1.Ex4.BlockingMessageQueueFuture$MyFuture.get(BlockingMessageQueueFuture.kt:222)
	at serie1.ex4.FutureTest$blocking_message_multiple_send_receive$2$thread$1.invoke(BlockingMessageQueueWithFutureTest.kt:179)
	at serie1.ex4.FutureTest$blocking_message_multiple_send_receive$2$thread$1.invoke(BlockingMessageQueueWithFutureTest.kt:169)
	at kotlin.concurrent.ThreadsKt$thread$thread$1.run(Thread.kt:30)
Exception in thread "Thread-63067" java.util.concurrent.TimeoutException
	at serie1.Ex4.BlockingMessageQueueFuture$MyFuture.get(BlockingMessageQueueFuture.kt:222)
	at serie1.ex4.FutureTest$blocking_message_multiple_send_receive$2$thread$1.invoke(BlockingMessageQueueWithFutureTest.kt:179)
	at serie1.ex4.FutureTest$blocking_message_multiple_send_receive$2$thread$1.invoke(BlockingMessageQueueWithFutureTest.kt:169)
	at kotlin.concurrent.ThreadsKt$thread$thread$1.run(Thread.kt:30)
Exception in thread "Thread-63064" java.util.concurrent.TimeoutException
	at serie1.Ex4.BlockingMessageQueueFuture$MyFuture.get(BlockingMessageQueueFuture.kt:222)
	at serie1.ex4.FutureTest$blocking_message_multiple_send_receive$2$thread$1.invoke(BlockingMessageQueueWithFutureTest.kt:179)
	at serie1.ex4.FutureTest$blocking_message_multiple_send_receive$2$thread$1.invoke(BlockingMessageQueueWithFutureTest.kt:169)
	at kotlin.concurrent.ThreadsKt$thread$thread$1.run(Thread.kt:30)
[2022-04-22 22:01:00] [INFO] start writer 
[2022-04-22 22:01:00] [INFO] writer try send [1, 2, 3] 
[2022-04-22 22:01:00] [INFO] writer send [1, 2, 3] 
[2022-04-22 22:01:00] [INFO] writer try send [4, 5] 
[2022-04-22 22:01:00] [INFO] writer send [4, 5] 
[2022-04-22 22:01:00] [INFO] writer try send [6] 
[2022-04-22 22:01:00] [INFO] writer send [6] 
[2022-04-22 22:01:00] [INFO] writer try send [7, 8, 9, 10] 
[2022-04-22 22:01:00] [INFO] start writer 
[2022-04-22 22:01:00] [INFO] writer try send [11, 12, 13] 
[2022-04-22 22:01:00] [INFO] start writer 
[2022-04-22 22:01:00] [INFO] writer try send [14, 15, 16, 17] 
[2022-04-22 22:01:00] [INFO] start reader 
[2022-04-22 22:01:00] [INFO] start writer 
[2022-04-22 22:01:00] [INFO] writer try send [18, 19, 20] 
[2022-04-22 22:01:00] [INFO] start writer 
[2022-04-22 22:01:00] [INFO] end writer 
[2022-04-22 22:01:00] [INFO] start writer 
[2022-04-22 22:01:00] [INFO] end writer 
[2022-04-22 22:01:00] [INFO] start reader 
[2022-04-22 22:01:00] [INFO] start writer 
[2022-04-22 22:01:00] [INFO] end writer 
[2022-04-22 22:01:00] [INFO] start reader 
[2022-04-22 22:01:00] [INFO] start get result 
[2022-04-22 22:01:00] [INFO] end get result 1 
[2022-04-22 22:01:00] [INFO] reader get 1 
[2022-04-22 22:01:00] [INFO] start get result 
[2022-04-22 22:01:00] [INFO] end get result 2 
[2022-04-22 22:01:00] [INFO] reader get 2 
[2022-04-22 22:01:00] [INFO] start get result 
[2022-04-22 22:01:00] [INFO] end get result 4 
[2022-04-22 22:01:00] [INFO] reader get 4 
[2022-04-22 22:01:00] [INFO] start get result 
[2022-04-22 22:01:00] [INFO] start reader 
[2022-04-22 22:01:00] [INFO] end get result 6 
[2022-04-22 22:01:00] [INFO] reader get 6 
[2022-04-22 22:01:00] [INFO] start get result 
[2022-04-22 22:01:00] [INFO] end get result 18 
[2022-04-22 22:01:00] [INFO] writer send [18, 19, 20] 
[2022-04-22 22:01:00] [INFO] end writer 
[2022-04-22 22:01:00] [INFO] start get result 
[2022-04-22 22:01:00] [INFO] end get result 5 
[2022-04-22 22:01:00] [INFO] reader get 5 
[2022-04-22 22:01:00] [INFO] start get result 
[2022-04-22 22:01:00] [INFO] end get result 20 
[2022-04-22 22:01:00] [INFO] reader get 20 
[2022-04-22 22:01:00] [INFO] start get result 
[2022-04-22 22:01:00] [INFO] end get result 11 
[2022-04-22 22:01:00] [INFO] reader get 11 
[2022-04-22 22:01:00] [INFO] start get result 
[2022-04-22 22:01:00] [INFO] end get result 12 
[2022-04-22 22:01:00] [INFO] reader get 12 
[2022-04-22 22:01:00] [INFO] start get result 
[2022-04-22 22:01:00] [INFO] end get result 13 
[2022-04-22 22:01:00] [INFO] reader get 13 
[2022-04-22 22:01:00] [INFO] start get result 
[2022-04-22 22:01:00] [INFO] end get result 14 
[2022-04-22 22:01:00] [INFO] reader get 14 
[2022-04-22 22:01:00] [INFO] start get result 
[2022-04-22 22:01:00] [INFO] end get result 15 
[2022-04-22 22:01:00] [INFO] start get result 
[2022-04-22 22:01:00] [INFO] end get result 3 
[2022-04-22 22:01:00] [INFO] reader get 3 
[2022-04-22 22:01:00] [INFO] start get result 
[2022-04-22 22:01:00] [INFO] end get result 16 
[2022-04-22 22:01:00] [INFO] writer send [7, 8, 9, 10] 
[2022-04-22 22:01:00] [INFO] end writer 
[2022-04-22 22:01:00] [INFO] reader get 15 
[2022-04-22 22:01:00] [INFO] start get result 
[2022-04-22 22:01:00] [INFO] writer send [14, 15, 16, 17] 
[2022-04-22 22:01:00] [INFO] end writer 
[2022-04-22 22:01:00] [INFO] start get result 
[2022-04-22 22:01:00] [INFO] end get result 19 
[2022-04-22 22:01:00] [INFO] reader get 19 
[2022-04-22 22:01:00] [INFO] start get result 
[2022-04-22 22:01:00] [INFO] end get result 7 
[2022-04-22 22:01:00] [INFO] reader get 7 
[2022-04-22 22:01:00] [INFO] start get result 
[2022-04-22 22:01:00] [INFO] end get result 8 
[2022-04-22 22:01:00] [INFO] reader get 8 
[2022-04-22 22:01:00] [INFO] start get result 
[2022-04-22 22:01:00] [INFO] end get result 9 
[2022-04-22 22:01:00] [INFO] reader get 9 
[2022-04-22 22:01:00] [INFO] start get result 
[2022-04-22 22:01:00] [INFO] end get result 10 
[2022-04-22 22:01:00] [INFO] reader get 10 
[2022-04-22 22:01:00] [INFO] start get result 
[2022-04-22 22:01:00] [INFO] reader get 18 
[2022-04-22 22:01:00] [INFO] start get result 
[2022-04-22 22:01:00] [INFO] writer send [11, 12, 13] 
[2022-04-22 22:01:00] [INFO] end writer 
[2022-04-22 22:01:00] [INFO] start reader 
[2022-04-22 22:01:00] [INFO] end get result 17 
[2022-04-22 22:01:00] [INFO] reader get 17 
[2022-04-22 22:01:00] [INFO] start get result 
[2022-04-22 22:01:00] [INFO] reader get 16 
[2022-04-22 22:01:00] [INFO] start get result 
[2022-04-22 22:01:00] [INFO] start reader 
[2022-04-22 22:01:00] [INFO] start get result 
[2022-04-22 22:01:00] [INFO] start reader 
[2022-04-22 22:01:00] [INFO] start reader 
[2022-04-22 22:01:00] [INFO] start get result 
[2022-04-22 22:01:00] [INFO] start get result 
[2022-04-22 22:01:00] [INFO] start get result 
Exception in thread "Thread-63082" java.util.concurrent.TimeoutException
	at serie1.Ex4.BlockingMessageQueueFuture$MyFuture.get(BlockingMessageQueueFuture.kt:222)
	at serie1.ex4.FutureTest$blocking_message_multiple_send_receive$2$thread$1.invoke(BlockingMessageQueueWithFutureTest.kt:179)
	at serie1.ex4.FutureTest$blocking_message_multiple_send_receive$2$thread$1.invoke(BlockingMessageQueueWithFutureTest.kt:169)
	at kotlin.concurrent.ThreadsKt$thread$thread$1.run(Thread.kt:30)
Exception in thread "Thread-63079" java.util.concurrent.TimeoutException
	at serie1.Ex4.BlockingMessageQueueFuture$MyFuture.get(BlockingMessageQueueFuture.kt:222)
	at serie1.ex4.FutureTest$blocking_message_multiple_send_receive$2$thread$1.invoke(BlockingMessageQueueWithFutureTest.kt:179)
	at serie1.ex4.FutureTest$blocking_message_multiple_send_receive$2$thread$1.invoke(BlockingMessageQueueWithFutureTest.kt:169)
	at kotlin.concurrent.ThreadsKt$thread$thread$1.run(Thread.kt:30)
Exception in thread "Thread-63078" java.util.concurrent.TimeoutException
	at serie1.Ex4.BlockingMessageQueueFuture$MyFuture.get(BlockingMessageQueueFuture.kt:222)
	at serie1.ex4.FutureTest$blocking_message_multiple_send_receive$2$thread$1.invoke(BlockingMessageQueueWithFutureTest.kt:179)
	at serie1.ex4.FutureTest$blocking_message_multiple_send_receive$2$thread$1.invoke(BlockingMessageQueueWithFutureTest.kt:169)
	at kotlin.concurrent.ThreadsKt$thread$thread$1.run(Thread.kt:30)
Exception in thread "Thread-63080" java.util.concurrent.TimeoutException
	at serie1.Ex4.BlockingMessageQueueFuture$MyFuture.get(BlockingMessageQueueFuture.kt:222)
	at serie1.ex4.FutureTest$blocking_message_multiple_send_receive$2$thread$1.invoke(BlockingMessageQueueWithFutureTest.kt:179)
	at serie1.ex4.FutureTest$blocking_message_multiple_send_receive$2$thread$1.invoke(BlockingMessageQueueWithFutureTest.kt:169)
	at kotlin.concurrent.ThreadsKt$thread$thread$1.run(Thread.kt:30)
Exception in thread "Thread-63081" java.util.concurrent.TimeoutException
	at serie1.Ex4.BlockingMessageQueueFuture$MyFuture.get(BlockingMessageQueueFuture.kt:222)
	at serie1.ex4.FutureTest$blocking_message_multiple_send_receive$2$thread$1.invoke(BlockingMessageQueueWithFutureTest.kt:179)
	at serie1.ex4.FutureTest$blocking_message_multiple_send_receive$2$thread$1.invoke(BlockingMessageQueueWithFutureTest.kt:169)
	at kotlin.concurrent.ThreadsKt$thread$thread$1.run(Thread.kt:30)
Exception in thread "Thread-63085" java.util.concurrent.TimeoutException
	at serie1.Ex4.BlockingMessageQueueFuture$MyFuture.get(BlockingMessageQueueFuture.kt:222)
	at serie1.ex4.FutureTest$blocking_message_multiple_send_receive$2$thread$1.invoke(BlockingMessageQueueWithFutureTest.kt:179)
	at serie1.ex4.FutureTest$blocking_message_multiple_send_receive$2$thread$1.invoke(BlockingMessageQueueWithFutureTest.kt:169)
	at kotlin.concurrent.ThreadsKt$thread$thread$1.run(Thread.kt:30)
Exception in thread "Thread-63083" java.util.concurrent.TimeoutException
	at serie1.Ex4.BlockingMessageQueueFuture$MyFuture.get(BlockingMessageQueueFuture.kt:222)
	at serie1.ex4.FutureTest$blocking_message_multiple_send_receive$2$thread$1.invoke(BlockingMessageQueueWithFutureTest.kt:179)
	at serie1.ex4.FutureTest$blocking_message_multiple_send_receive$2$thread$1.invoke(BlockingMessageQueueWithFutureTest.kt:169)
	at kotlin.concurrent.ThreadsKt$thread$thread$1.run(Thread.kt:30)
Exception in thread "Thread-63084" java.util.concurrent.TimeoutException
	at serie1.Ex4.BlockingMessageQueueFuture$MyFuture.get(BlockingMessageQueueFuture.kt:222)
	at serie1.ex4.FutureTest$blocking_message_multiple_send_receive$2$thread$1.invoke(BlockingMessageQueueWithFutureTest.kt:179)
	at serie1.ex4.FutureTest$blocking_message_multiple_send_receive$2$thread$1.invoke(BlockingMessageQueueWithFutureTest.kt:169)
	at kotlin.concurrent.ThreadsKt$thread$thread$1.run(Thread.kt:30)
[2022-04-22 22:01:02] [INFO] start reader 
[2022-04-22 22:01:02] [INFO] start reader 
[2022-04-22 22:01:02] [INFO] start reader 
[2022-04-22 22:01:02] [INFO] start reader 
[2022-04-22 22:01:02] [INFO] start reader 
[2022-04-22 22:01:02] [INFO] start writer 
[2022-04-22 22:01:02] [INFO] writer try send [1, 2, 3] 
[2022-04-22 22:01:02] [INFO] start writer 
[2022-04-22 22:01:02] [INFO] start writer 
[2022-04-22 22:01:02] [INFO] start get result 
[2022-04-22 22:01:02] [INFO] end get result 2 
[2022-04-22 22:01:02] [INFO] reader get 2 
[2022-04-22 22:01:02] [INFO] start get result 
[2022-04-22 22:01:02] [INFO] writer send [1, 2, 3] 
[2022-04-22 22:01:02] [INFO] writer try send [7, 8, 9, 10] 
[2022-04-22 22:01:02] [INFO] start reader 
[2022-04-22 22:01:02] [INFO] start writer 
[2022-04-22 22:01:02] [INFO] writer try send [11, 12, 13] 
[2022-04-22 22:01:02] [INFO] writer send [11, 12, 13] 
[2022-04-22 22:01:02] [INFO] writer try send [14, 15, 16, 17] 
[2022-04-22 22:01:02] [INFO] start get result 
[2022-04-22 22:01:02] [INFO] end get result 8 
[2022-04-22 22:01:02] [INFO] reader get 8 
[2022-04-22 22:01:02] [INFO] start get result 
[2022-04-22 22:01:02] [INFO] writer send [14, 15, 16, 17] 
[2022-04-22 22:01:02] [INFO] writer try send [18, 19, 20] 
[2022-04-22 22:01:02] [INFO] end get result 7 
[2022-04-22 22:01:02] [INFO] reader get 7 
[2022-04-22 22:01:02] [INFO] start get result 
[2022-04-22 22:01:02] [INFO] end get result 12 
[2022-04-22 22:01:02] [INFO] reader get 12 
[2022-04-22 22:01:02] [INFO] start get result 
[2022-04-22 22:01:02] [INFO] end get result 13 
[2022-04-22 22:01:02] [INFO] reader get 13 
[2022-04-22 22:01:02] [INFO] start get result 
[2022-04-22 22:01:02] [INFO] end get result 14 
[2022-04-22 22:01:02] [INFO] reader get 14 
[2022-04-22 22:01:02] [INFO] start get result 
[2022-04-22 22:01:02] [INFO] end get result 15 
[2022-04-22 22:01:02] [INFO] reader get 15 
[2022-04-22 22:01:02] [INFO] start get result 
[2022-04-22 22:01:02] [INFO] end get result 16 
[2022-04-22 22:01:02] [INFO] reader get 16 
[2022-04-22 22:01:02] [INFO] start get result 
[2022-04-22 22:01:02] [INFO] end get result 17 
[2022-04-22 22:01:02] [INFO] reader get 17 
[2022-04-22 22:01:02] [INFO] start get result 
[2022-04-22 22:01:02] [INFO] end get result 18 
[2022-04-22 22:01:02] [INFO] reader get 18 
[2022-04-22 22:01:02] [INFO] start get result 
[2022-04-22 22:01:02] [INFO] end get result 19 
[2022-04-22 22:01:02] [INFO] reader get 19 
[2022-04-22 22:01:02] [INFO] start get result 
[2022-04-22 22:01:02] [INFO] end get result 20 
[2022-04-22 22:01:02] [INFO] reader get 20 
[2022-04-22 22:01:02] [INFO] start get result 
[2022-04-22 22:01:02] [INFO] writer send [7, 8, 9, 10] 
[2022-04-22 22:01:02] [INFO] end writer 
[2022-04-22 22:01:02] [INFO] start writer 
[2022-04-22 22:01:02] [INFO] end writer 
[2022-04-22 22:01:02] [INFO] start writer 
[2022-04-22 22:01:02] [INFO] end writer 
[2022-04-22 22:01:02] [INFO] start writer 
[2022-04-22 22:01:02] [INFO] end writer 
[2022-04-22 22:01:02] [INFO] start get result 
[2022-04-22 22:01:02] [INFO] end get result 3 
[2022-04-22 22:01:02] [INFO] reader get 3 
[2022-04-22 22:01:02] [INFO] start get result 
[2022-04-22 22:01:02] [INFO] writer try send [6] 
[2022-04-22 22:01:02] [INFO] start get result 
[2022-04-22 22:01:02] [INFO] end get result 1 
[2022-04-22 22:01:02] [INFO] reader get 1 
[2022-04-22 22:01:02] [INFO] start get result 
[2022-04-22 22:01:02] [INFO] writer try send [4, 5] 
[2022-04-22 22:01:02] [INFO] writer send [6] 
[2022-04-22 22:01:02] [INFO] end writer 
[2022-04-22 22:01:02] [INFO] writer send [4, 5] 
[2022-04-22 22:01:02] [INFO] end writer 
[2022-04-22 22:01:02] [INFO] end get result 6 
[2022-04-22 22:01:02] [INFO] reader get 6 
[2022-04-22 22:01:02] [INFO] start get result 
[2022-04-22 22:01:02] [INFO] end get result 5 
[2022-04-22 22:01:02] [INFO] reader get 5 
[2022-04-22 22:01:02] [INFO] start get result 
[2022-04-22 22:01:02] [INFO] writer send [18, 19, 20] 
[2022-04-22 22:01:02] [INFO] end writer 
[2022-04-22 22:01:02] [INFO] start get result 
[2022-04-22 22:01:02] [INFO] end get result 11 
[2022-04-22 22:01:02] [INFO] reader get 11 
[2022-04-22 22:01:02] [INFO] start get result 
[2022-04-22 22:01:02] [INFO] end get result 10 
[2022-04-22 22:01:02] [INFO] reader get 10 
[2022-04-22 22:01:02] [INFO] start get result 
[2022-04-22 22:01:02] [INFO] start reader 
[2022-04-22 22:01:02] [INFO] start get result 
[2022-04-22 22:01:02] [INFO] end get result 9 
[2022-04-22 22:01:02] [INFO] reader get 9 
[2022-04-22 22:01:02] [INFO] start get result 
[2022-04-22 22:01:02] [INFO] end get result 4 
[2022-04-22 22:01:02] [INFO] reader get 4 
[2022-04-22 22:01:02] [INFO] start get result 
[2022-04-22 22:01:02] [INFO] start reader 
[2022-04-22 22:01:02] [INFO] start get result 
[2022-04-22 22:01:02] [INFO] start get result 
Exception in thread "Thread-63094" java.util.concurrent.TimeoutException
	at serie1.Ex4.BlockingMessageQueueFuture$MyFuture.get(BlockingMessageQueueFuture.kt:222)
	at serie1.ex4.FutureTest$blocking_message_multiple_send_receive$2$thread$1.invoke(BlockingMessageQueueWithFutureTest.kt:179)
	at serie1.ex4.FutureTest$blocking_message_multiple_send_receive$2$thread$1.invoke(BlockingMessageQueueWithFutureTest.kt:169)
	at kotlin.concurrent.ThreadsKt$thread$thread$1.run(Thread.kt:30)
Exception in thread "Thread-63099" java.util.concurrent.TimeoutException
	at serie1.Ex4.BlockingMessageQueueFuture$MyFuture.get(BlockingMessageQueueFuture.kt:222)
	at serie1.ex4.FutureTest$blocking_message_multiple_send_receive$2$thread$1.invoke(BlockingMessageQueueWithFutureTest.kt:179)
	at serie1.ex4.FutureTest$blocking_message_multiple_send_receive$2$thread$1.invoke(BlockingMessageQueueWithFutureTest.kt:169)
	at kotlin.concurrent.ThreadsKt$thread$thread$1.run(Thread.kt:30)
Exception in thread "Thread-63096" java.util.concurrent.TimeoutException
	at serie1.Ex4.BlockingMessageQueueFuture$MyFuture.get(BlockingMessageQueueFuture.kt:222)
	at serie1.ex4.FutureTest$blocking_message_multiple_send_receive$2$thread$1.invoke(BlockingMessageQueueWithFutureTest.kt:179)
	at serie1.ex4.FutureTest$blocking_message_multiple_send_receive$2$thread$1.invoke(BlockingMessageQueueWithFutureTest.kt:169)
	at kotlin.concurrent.ThreadsKt$thread$thread$1.run(Thread.kt:30)
Exception in thread "Thread-63098" java.util.concurrent.TimeoutException
	at serie1.Ex4.BlockingMessageQueueFuture$MyFuture.get(BlockingMessageQueueFuture.kt:222)
	at serie1.ex4.FutureTest$blocking_message_multiple_send_receive$2$thread$1.invoke(BlockingMessageQueueWithFutureTest.kt:179)
	at serie1.ex4.FutureTest$blocking_message_multiple_send_receive$2$thread$1.invoke(BlockingMessageQueueWithFutureTest.kt:169)
	at kotlin.concurrent.ThreadsKt$thread$thread$1.run(Thread.kt:30)
Exception in thread "Thread-63097" java.util.concurrent.TimeoutException
	at serie1.Ex4.BlockingMessageQueueFuture$MyFuture.get(BlockingMessageQueueFuture.kt:222)
	at serie1.ex4.FutureTest$blocking_message_multiple_send_receive$2$thread$1.invoke(BlockingMessageQueueWithFutureTest.kt:179)
	at serie1.ex4.FutureTest$blocking_message_multiple_send_receive$2$thread$1.invoke(BlockingMessageQueueWithFutureTest.kt:169)
	at kotlin.concurrent.ThreadsKt$thread$thread$1.run(Thread.kt:30)
Exception in thread "Thread-63101" java.util.concurrent.TimeoutException
	at serie1.Ex4.BlockingMessageQueueFuture$MyFuture.get(BlockingMessageQueueFuture.kt:222)
	at serie1.ex4.FutureTest$blocking_message_multiple_send_receive$2$thread$1.invoke(BlockingMessageQueueWithFutureTest.kt:179)
	at serie1.ex4.FutureTest$blocking_message_multiple_send_receive$2$thread$1.invoke(BlockingMessageQueueWithFutureTest.kt:169)
	at kotlin.concurrent.ThreadsKt$thread$thread$1.run(Thread.kt:30)
Exception in thread "Thread-63100" java.util.concurrent.TimeoutException
	at serie1.Ex4.BlockingMessageQueueFuture$MyFuture.get(BlockingMessageQueueFuture.kt:222)
	at serie1.ex4.FutureTest$blocking_message_multiple_send_receive$2$thread$1.invoke(BlockingMessageQueueWithFutureTest.kt:179)
	at serie1.ex4.FutureTest$blocking_message_multiple_send_receive$2$thread$1.invoke(BlockingMessageQueueWithFutureTest.kt:169)
	at kotlin.concurrent.ThreadsKt$thread$thread$1.run(Thread.kt:30)
[2022-04-22 22:01:07] [INFO] start writer 
[2022-04-22 22:01:07] [INFO] start writer 
[2022-04-22 22:01:07] [INFO] start reader 
[2022-04-22 22:01:07] [INFO] start writer 
[2022-04-22 22:01:07] [INFO] writer try send [4, 5] 
[2022-04-22 22:01:07] [INFO] start writer 
[2022-04-22 22:01:07] [INFO] writer try send [6] 
[2022-04-22 22:01:07] [INFO] start writer 
[2022-04-22 22:01:07] [INFO] writer try send [7, 8, 9, 10] 
[2022-04-22 22:01:07] [INFO] writer try send [1, 2, 3] 
[2022-04-22 22:01:07] [INFO] start writer 
[2022-04-22 22:01:07] [INFO] writer try send [11, 12, 13] 
[2022-04-22 22:01:07] [INFO] writer try send [14, 15, 16, 17] 
[2022-04-22 22:01:07] [INFO] writer send [7, 8, 9, 10] 
[2022-04-22 22:01:07] [INFO] writer try send [18, 19, 20] 
[2022-04-22 22:01:07] [INFO] start get result 
[2022-04-22 22:01:07] [INFO] writer send [6] 
[2022-04-22 22:01:07] [INFO] end writer 
[2022-04-22 22:01:07] [INFO] writer send [4, 5] 
[2022-04-22 22:01:07] [INFO] end writer 
[2022-04-22 22:01:07] [INFO] start writer 
[2022-04-22 22:01:07] [INFO] start reader 
[2022-04-22 22:01:07] [INFO] end writer 
[2022-04-22 22:01:07] [INFO] start reader 
[2022-04-22 22:01:07] [INFO] end get result 4 
[2022-04-22 22:01:07] [INFO] start reader 
[2022-04-22 22:01:07] [INFO] reader get 4 
[2022-04-22 22:01:07] [INFO] start get result 
[2022-04-22 22:01:07] [INFO] start reader 
[2022-04-22 22:01:07] [INFO] start get result 
[2022-04-22 22:01:07] [INFO] writer send [18, 19, 20] 
[2022-04-22 22:01:07] [INFO] end get result 5 
[2022-04-22 22:01:07] [INFO] reader get 5 
[2022-04-22 22:01:07] [INFO] start get result 
[2022-04-22 22:01:07] [INFO] end get result 9 
[2022-04-22 22:01:07] [INFO] reader get 9 
[2022-04-22 22:01:07] [INFO] start get result 
[2022-04-22 22:01:07] [INFO] end get result 10 
[2022-04-22 22:01:07] [INFO] writer send [11, 12, 13] 
[2022-04-22 22:01:07] [INFO] end writer 
[2022-04-22 22:01:07] [INFO] start get result 
[2022-04-22 22:01:07] [INFO] writer send [1, 2, 3] 
[2022-04-22 22:01:07] [INFO] end writer 
[2022-04-22 22:01:07] [INFO] start get result 
[2022-04-22 22:01:07] [INFO] end get result 6 
[2022-04-22 22:01:07] [INFO] end get result 7 
[2022-04-22 22:01:07] [INFO] reader get 10 
[2022-04-22 22:01:07] [INFO] start get result 
[2022-04-22 22:01:07] [INFO] end get result 2 
[2022-04-22 22:01:07] [INFO] start get result 
[2022-04-22 22:01:07] [INFO] end writer 
[2022-04-22 22:01:07] [INFO] start reader 
[2022-04-22 22:01:07] [INFO] end get result 1 
[2022-04-22 22:01:07] [INFO] reader get 1 
[2022-04-22 22:01:07] [INFO] start get result 
[2022-04-22 22:01:07] [INFO] reader get 2 
[2022-04-22 22:01:07] [INFO] start reader 
[2022-04-22 22:01:07] [INFO] reader get 7 
[2022-04-22 22:01:07] [INFO] start get result 
[2022-04-22 22:01:07] [INFO] reader get 6 
[2022-04-22 22:01:07] [INFO] start get result 
[2022-04-22 22:01:07] [INFO] end get result 19 
[2022-04-22 22:01:07] [INFO] reader get 19 
[2022-04-22 22:01:07] [INFO] start get result 
[2022-04-22 22:01:07] [INFO] end get result 12 
[2022-04-22 22:01:07] [INFO] reader get 12 
[2022-04-22 22:01:07] [INFO] start get result 
[2022-04-22 22:01:07] [INFO] end get result 13 
[2022-04-22 22:01:07] [INFO] reader get 13 
[2022-04-22 22:01:07] [INFO] start get result 
[2022-04-22 22:01:07] [INFO] end get result 14 
[2022-04-22 22:01:07] [INFO] start reader 
[2022-04-22 22:01:07] [INFO] end get result 18 
[2022-04-22 22:01:07] [INFO] start get result 
[2022-04-22 22:01:07] [INFO] end get result 15 
[2022-04-22 22:01:07] [INFO] reader get 15 
[2022-04-22 22:01:07] [INFO] start get result 
[2022-04-22 22:01:07] [INFO] end get result 16 
[2022-04-22 22:01:07] [INFO] reader get 16 
[2022-04-22 22:01:07] [INFO] start get result 
[2022-04-22 22:01:07] [INFO] end get result 17 
[2022-04-22 22:01:07] [INFO] reader get 17 
[2022-04-22 22:01:07] [INFO] start get result 
[2022-04-22 22:01:07] [INFO] end get result 3 
[2022-04-22 22:01:07] [INFO] reader get 3 
[2022-04-22 22:01:07] [INFO] end get result 8 
[2022-04-22 22:01:07] [INFO] start get result 
[2022-04-22 22:01:07] [INFO] start get result 
[2022-04-22 22:01:07] [INFO] reader get 18 
[2022-04-22 22:01:07] [INFO] reader get 14 
[2022-04-22 22:01:07] [INFO] start get result 
[2022-04-22 22:01:07] [INFO] end get result 11 
[2022-04-22 22:01:07] [INFO] writer send [14, 15, 16, 17] 
[2022-04-22 22:01:07] [INFO] end writer 
[2022-04-22 22:01:07] [INFO] start get result 
[2022-04-22 22:01:07] [INFO] reader get 11 
[2022-04-22 22:01:07] [INFO] start get result 
[2022-04-22 22:01:07] [INFO] start get result 
[2022-04-22 22:01:07] [INFO] start get result 
[2022-04-22 22:01:07] [INFO] reader get 8 
[2022-04-22 22:01:07] [INFO] start get result 
[2022-04-22 22:01:07] [INFO] end get result 20 
[2022-04-22 22:01:07] [INFO] reader get 20 
[2022-04-22 22:01:07] [INFO] start get result 
Exception in thread "Thread-63110" java.util.concurrent.TimeoutException
	at serie1.Ex4.BlockingMessageQueueFuture$MyFuture.get(BlockingMessageQueueFuture.kt:222)
	at serie1.ex4.FutureTest$blocking_message_multiple_send_receive$2$thread$1.invoke(BlockingMessageQueueWithFutureTest.kt:179)
	at serie1.ex4.FutureTest$blocking_message_multiple_send_receive$2$thread$1.invoke(BlockingMessageQueueWithFutureTest.kt:169)
	at kotlin.concurrent.ThreadsKt$thread$thread$1.run(Thread.kt:30)
Exception in thread "Thread-63114" java.util.concurrent.TimeoutException
	at serie1.Ex4.BlockingMessageQueueFuture$MyFuture.get(BlockingMessageQueueFuture.kt:222)
	at serie1.ex4.FutureTest$blocking_message_multiple_send_receive$2$thread$1.invoke(BlockingMessageQueueWithFutureTest.kt:179)
	at serie1.ex4.FutureTest$blocking_message_multiple_send_receive$2$thread$1.invoke(BlockingMessageQueueWithFutureTest.kt:169)
	at kotlin.concurrent.ThreadsKt$thread$thread$1.run(Thread.kt:30)
Exception in thread "Thread-63113" java.util.concurrent.TimeoutException
	at serie1.Ex4.BlockingMessageQueueFuture$MyFuture.get(BlockingMessageQueueFuture.kt:222)
	at serie1.ex4.FutureTest$blocking_message_multiple_send_receive$2$thread$1.invoke(BlockingMessageQueueWithFutureTest.kt:179)
	at serie1.ex4.FutureTest$blocking_message_multiple_send_receive$2$thread$1.invoke(BlockingMessageQueueWithFutureTest.kt:169)
	at kotlin.concurrent.ThreadsKt$thread$thread$1.run(Thread.kt:30)
Exception in thread "Thread-63115" java.util.concurrent.TimeoutException
	at serie1.Ex4.BlockingMessageQueueFuture$MyFuture.get(BlockingMessageQueueFuture.kt:222)
	at serie1.ex4.FutureTest$blocking_message_multiple_send_receive$2$thread$1.invoke(BlockingMessageQueueWithFutureTest.kt:179)
	at serie1.ex4.FutureTest$blocking_message_multiple_send_receive$2$thread$1.invoke(BlockingMessageQueueWithFutureTest.kt:169)
	at kotlin.concurrent.ThreadsKt$thread$thread$1.run(Thread.kt:30)
Exception in thread "Thread-63116" java.util.concurrent.TimeoutException
	at serie1.Ex4.BlockingMessageQueueFuture$MyFuture.get(BlockingMessageQueueFuture.kt:222)
	at serie1.ex4.FutureTest$blocking_message_multiple_send_receive$2$thread$1.invoke(BlockingMessageQueueWithFutureTest.kt:179)
	at serie1.ex4.FutureTest$blocking_message_multiple_send_receive$2$thread$1.invoke(BlockingMessageQueueWithFutureTest.kt:169)
	at kotlin.concurrent.ThreadsKt$thread$thread$1.run(Thread.kt:30)
Exception in thread "Thread-63112" java.util.concurrent.TimeoutException
	at serie1.Ex4.BlockingMessageQueueFuture$MyFuture.get(BlockingMessageQueueFuture.kt:222)
	at serie1.ex4.FutureTest$blocking_message_multiple_send_receive$2$thread$1.invoke(BlockingMessageQueueWithFutureTest.kt:179)
	at serie1.ex4.FutureTest$blocking_message_multiple_send_receive$2$thread$1.invoke(BlockingMessageQueueWithFutureTest.kt:169)
	at kotlin.concurrent.ThreadsKt$thread$thread$1.run(Thread.kt:30)
Exception in thread "Thread-63117" java.util.concurrent.TimeoutException
	at serie1.Ex4.BlockingMessageQueueFuture$MyFuture.get(BlockingMessageQueueFuture.kt:222)
	at serie1.ex4.FutureTest$blocking_message_multiple_send_receive$2$thread$1.invoke(BlockingMessageQueueWithFutureTest.kt:179)
	at serie1.ex4.FutureTest$blocking_message_multiple_send_receive$2$thread$1.invoke(BlockingMessageQueueWithFutureTest.kt:169)
	at kotlin.concurrent.ThreadsKt$thread$thread$1.run(Thread.kt:30)
Exception in thread "Thread-63111" java.util.concurrent.TimeoutException
	at serie1.Ex4.BlockingMessageQueueFuture$MyFuture.get(BlockingMessageQueueFuture.kt:222)
	at serie1.ex4.FutureTest$blocking_message_multiple_send_receive$2$thread$1.invoke(BlockingMessageQueueWithFutureTest.kt:179)
	at serie1.ex4.FutureTest$blocking_message_multiple_send_receive$2$thread$1.invoke(BlockingMessageQueueWithFutureTest.kt:169)
	at kotlin.concurrent.ThreadsKt$thread$thread$1.run(Thread.kt:30)
[2022-04-22 22:01:09] [INFO] start writer 
[2022-04-22 22:01:09] [INFO] writer try send [1, 2, 3] 
[2022-04-22 22:01:09] [INFO] start writer 
[2022-04-22 22:01:09] [INFO] writer try send [4, 5] 
[2022-04-22 22:01:09] [INFO] start writer 
[2022-04-22 22:01:09] [INFO] start reader 
[2022-04-22 22:01:09] [INFO] writer try send [6] 
[2022-04-22 22:01:09] [INFO] writer send [6] 
[2022-04-22 22:01:09] [INFO] writer try send [7, 8, 9, 10] 
[2022-04-22 22:01:09] [INFO] start writer 
[2022-04-22 22:01:09] [INFO] start get result 
[2022-04-22 22:01:09] [INFO] end get result 1 
[2022-04-22 22:01:09] [INFO] reader get 1 
[2022-04-22 22:01:09] [INFO] start get result 
[2022-04-22 22:01:09] [INFO] end get result 2 
[2022-04-22 22:01:09] [INFO] reader get 2 
[2022-04-22 22:01:09] [INFO] start get result 
[2022-04-22 22:01:09] [INFO] end get result 3 
[2022-04-22 22:01:09] [INFO] reader get 3 
[2022-04-22 22:01:09] [INFO] start get result 
[2022-04-22 22:01:09] [INFO] end get result 6 
[2022-04-22 22:01:09] [INFO] reader get 6 
[2022-04-22 22:01:09] [INFO] start get result 
[2022-04-22 22:01:09] [INFO] end get result 4 
[2022-04-22 22:01:09] [INFO] reader get 4 
[2022-04-22 22:01:09] [INFO] start get result 
[2022-04-22 22:01:09] [INFO] end get result 5 
[2022-04-22 22:01:09] [INFO] reader get 5 
[2022-04-22 22:01:09] [INFO] start get result 
[2022-04-22 22:01:09] [INFO] end get result 7 
[2022-04-22 22:01:09] [INFO] writer send [1, 2, 3] 
[2022-04-22 22:01:09] [INFO] writer try send [11, 12, 13] 
[2022-04-22 22:01:09] [INFO] writer send [11, 12, 13] 
[2022-04-22 22:01:09] [INFO] reader get 7 
[2022-04-22 22:01:09] [INFO] start get result 
[2022-04-22 22:01:09] [INFO] end get result 8 
[2022-04-22 22:01:09] [INFO] reader get 8 
[2022-04-22 22:01:09] [INFO] start get result 
[2022-04-22 22:01:09] [INFO] end get result 9 
[2022-04-22 22:01:09] [INFO] reader get 9 
[2022-04-22 22:01:09] [INFO] start get result 
[2022-04-22 22:01:09] [INFO] end get result 10 
[2022-04-22 22:01:09] [INFO] reader get 10 
[2022-04-22 22:01:09] [INFO] start get result 
[2022-04-22 22:01:09] [INFO] end get result 11 
[2022-04-22 22:01:09] [INFO] reader get 11 
[2022-04-22 22:01:09] [INFO] start get result 
[2022-04-22 22:01:09] [INFO] end get result 12 
[2022-04-22 22:01:09] [INFO] reader get 12 
[2022-04-22 22:01:09] [INFO] start get result 
[2022-04-22 22:01:09] [INFO] end get result 13 
[2022-04-22 22:01:09] [INFO] writer send [7, 8, 9, 10] 
[2022-04-22 22:01:09] [INFO] writer try send [18, 19, 20] 
[2022-04-22 22:01:09] [INFO] start writer 
[2022-04-22 22:01:09] [INFO] start reader 
[2022-04-22 22:01:09] [INFO] writer send [4, 5] 
[2022-04-22 22:01:09] [INFO] start writer 
[2022-04-22 22:01:09] [INFO] start writer 
[2022-04-22 22:01:09] [INFO] end writer 
[2022-04-22 22:01:09] [INFO] end writer 
[2022-04-22 22:01:09] [INFO] start reader 
[2022-04-22 22:01:09] [INFO] end writer 
[2022-04-22 22:01:09] [INFO] end writer 
[2022-04-22 22:01:09] [INFO] writer send [18, 19, 20] 
[2022-04-22 22:01:09] [INFO] end writer 
[2022-04-22 22:01:09] [INFO] end writer 
[2022-04-22 22:01:09] [INFO] reader get 13 
[2022-04-22 22:01:09] [INFO] writer try send [14, 15, 16, 17] 
[2022-04-22 22:01:09] [INFO] start get result 
[2022-04-22 22:01:09] [INFO] writer send [14, 15, 16, 17] 
[2022-04-22 22:01:09] [INFO] start get result 
[2022-04-22 22:01:09] [INFO] end get result 19 
[2022-04-22 22:01:09] [INFO] reader get 19 
[2022-04-22 22:01:09] [INFO] start reader 
[2022-04-22 22:01:09] [INFO] start get result 
[2022-04-22 22:01:09] [INFO] end get result 18 
[2022-04-22 22:01:09] [INFO] reader get 18 
[2022-04-22 22:01:09] [INFO] start reader 
[2022-04-22 22:01:09] [INFO] start get result 
[2022-04-22 22:01:09] [INFO] end get result 15 
[2022-04-22 22:01:09] [INFO] start reader 
[2022-04-22 22:01:09] [INFO] end writer 
[2022-04-22 22:01:09] [INFO] start reader 
[2022-04-22 22:01:09] [INFO] start get result 
[2022-04-22 22:01:09] [INFO] end get result 20 
[2022-04-22 22:01:09] [INFO] start reader 
[2022-04-22 22:01:09] [INFO] start get result 
[2022-04-22 22:01:09] [INFO] reader get 15 
[2022-04-22 22:01:09] [INFO] start get result 
[2022-04-22 22:01:09] [INFO] start get result 
[2022-04-22 22:01:09] [INFO] end get result 14 
[2022-04-22 22:01:09] [INFO] reader get 14 
[2022-04-22 22:01:09] [INFO] start get result 
[2022-04-22 22:01:09] [INFO] end get result 16 
[2022-04-22 22:01:09] [INFO] start get result 
[2022-04-22 22:01:09] [INFO] start get result 
[2022-04-22 22:01:09] [INFO] end get result 17 
[2022-04-22 22:01:09] [INFO] reader get 17 
[2022-04-22 22:01:09] [INFO] reader get 20 
[2022-04-22 22:01:09] [INFO] start get result 
[2022-04-22 22:01:09] [INFO] start get result 
[2022-04-22 22:01:09] [INFO] reader get 16 
[2022-04-22 22:01:09] [INFO] start get result 
[2022-04-22 22:01:09] [INFO] start get result 
Exception in thread "Thread-63129" java.util.concurrent.TimeoutException
	at serie1.Ex4.BlockingMessageQueueFuture$MyFuture.get(BlockingMessageQueueFuture.kt:222)
	at serie1.ex4.FutureTest$blocking_message_multiple_send_receive$2$thread$1.invoke(BlockingMessageQueueWithFutureTest.kt:179)
	at serie1.ex4.FutureTest$blocking_message_multiple_send_receive$2$thread$1.invoke(BlockingMessageQueueWithFutureTest.kt:169)
	at kotlin.concurrent.ThreadsKt$thread$thread$1.run(Thread.kt:30)
Exception in thread "Thread-63132" java.util.concurrent.TimeoutException
	at serie1.Ex4.BlockingMessageQueueFuture$MyFuture.get(BlockingMessageQueueFuture.kt:222)
	at serie1.ex4.FutureTest$blocking_message_multiple_send_receive$2$thread$1.invoke(BlockingMessageQueueWithFutureTest.kt:179)
	at serie1.ex4.FutureTest$blocking_message_multiple_send_receive$2$thread$1.invoke(BlockingMessageQueueWithFutureTest.kt:169)
	at kotlin.concurrent.ThreadsKt$thread$thread$1.run(Thread.kt:30)
Exception in thread "Thread-63126" java.util.concurrent.TimeoutException
	at serie1.Ex4.BlockingMessageQueueFuture$MyFuture.get(BlockingMessageQueueFuture.kt:222)
	at serie1.ex4.FutureTest$blocking_message_multiple_send_receive$2$thread$1.invoke(BlockingMessageQueueWithFutureTest.kt:179)
	at serie1.ex4.FutureTest$blocking_message_multiple_send_receive$2$thread$1.invoke(BlockingMessageQueueWithFutureTest.kt:169)
	at kotlin.concurrent.ThreadsKt$thread$thread$1.run(Thread.kt:30)
Exception in thread "Thread-63133" java.util.concurrent.TimeoutException
	at serie1.Ex4.BlockingMessageQueueFuture$MyFuture.get(BlockingMessageQueueFuture.kt:222)
	at serie1.ex4.FutureTest$blocking_message_multiple_send_receive$2$thread$1.invoke(BlockingMessageQueueWithFutureTest.kt:179)
	at serie1.ex4.FutureTest$blocking_message_multiple_send_receive$2$thread$1.invoke(BlockingMessageQueueWithFutureTest.kt:169)
	at kotlin.concurrent.ThreadsKt$thread$thread$1.run(Thread.kt:30)
Exception in thread "Thread-63130" java.util.concurrent.TimeoutException
	at serie1.Ex4.BlockingMessageQueueFuture$MyFuture.get(BlockingMessageQueueFuture.kt:222)
	at serie1.ex4.FutureTest$blocking_message_multiple_send_receive$2$thread$1.invoke(BlockingMessageQueueWithFutureTest.kt:179)
	at serie1.ex4.FutureTest$blocking_message_multiple_send_receive$2$thread$1.invoke(BlockingMessageQueueWithFutureTest.kt:169)
	at kotlin.concurrent.ThreadsKt$thread$thread$1.run(Thread.kt:30)
Exception in thread "Thread-63127" java.util.concurrent.TimeoutException
	at serie1.Ex4.BlockingMessageQueueFuture$MyFuture.get(BlockingMessageQueueFuture.kt:222)
	at serie1.ex4.FutureTest$blocking_message_multiple_send_receive$2$thread$1.invoke(BlockingMessageQueueWithFutureTest.kt:179)
	at serie1.ex4.FutureTest$blocking_message_multiple_send_receive$2$thread$1.invoke(BlockingMessageQueueWithFutureTest.kt:169)
	at kotlin.concurrent.ThreadsKt$thread$thread$1.run(Thread.kt:30)
Exception in thread "Thread-63128" java.util.concurrent.TimeoutException
	at serie1.Ex4.BlockingMessageQueueFuture$MyFuture.get(BlockingMessageQueueFuture.kt:222)
	at serie1.ex4.FutureTest$blocking_message_multiple_send_receive$2$thread$1.invoke(BlockingMessageQueueWithFutureTest.kt:179)
	at serie1.ex4.FutureTest$blocking_message_multiple_send_receive$2$thread$1.invoke(BlockingMessageQueueWithFutureTest.kt:169)
	at kotlin.concurrent.ThreadsKt$thread$thread$1.run(Thread.kt:30)
Exception in thread "Thread-63131" java.util.concurrent.TimeoutException
	at serie1.Ex4.BlockingMessageQueueFuture$MyFuture.get(BlockingMessageQueueFuture.kt:222)
	at serie1.ex4.FutureTest$blocking_message_multiple_send_receive$2$thread$1.invoke(BlockingMessageQueueWithFutureTest.kt:179)
	at serie1.ex4.FutureTest$blocking_message_multiple_send_receive$2$thread$1.invoke(BlockingMessageQueueWithFutureTest.kt:169)
	at kotlin.concurrent.ThreadsKt$thread$thread$1.run(Thread.kt:30)
[2022-04-22 22:01:11] [INFO] start writer 
[2022-04-22 22:01:11] [INFO] start reader 
[2022-04-22 22:01:11] [INFO] start writer 
[2022-04-22 22:01:11] [INFO] writer try send [1, 2, 3] 
[2022-04-22 22:01:11] [INFO] start writer 
[2022-04-22 22:01:11] [INFO] start writer 
[2022-04-22 22:01:11] [INFO] writer try send [4, 5] 
[2022-04-22 22:01:11] [INFO] writer send [4, 5] 
[2022-04-22 22:01:11] [INFO] start writer 
[2022-04-22 22:01:11] [INFO] start writer 
[2022-04-22 22:01:11] [INFO] writer try send [14, 15, 16, 17] 
[2022-04-22 22:01:11] [INFO] writer send [14, 15, 16, 17] 
[2022-04-22 22:01:11] [INFO] start get result 
[2022-04-22 22:01:11] [INFO] end get result 4 
[2022-04-22 22:01:11] [INFO] reader get 4 
[2022-04-22 22:01:11] [INFO] start get result 
[2022-04-22 22:01:11] [INFO] end get result 5 
[2022-04-22 22:01:11] [INFO] writer try send [11, 12, 13] 
[2022-04-22 22:01:11] [INFO] writer send [11, 12, 13] 
[2022-04-22 22:01:11] [INFO] end writer 
[2022-04-22 22:01:11] [INFO] writer try send [7, 8, 9, 10] 
[2022-04-22 22:01:11] [INFO] writer try send [6] 
[2022-04-22 22:01:11] [INFO] writer send [6] 
[2022-04-22 22:01:11] [INFO] end writer 
[2022-04-22 22:01:11] [INFO] start writer 
[2022-04-22 22:01:11] [INFO] end writer 
[2022-04-22 22:01:11] [INFO] end writer 
[2022-04-22 22:01:11] [INFO] start reader 
[2022-04-22 22:01:11] [INFO] reader get 5 
[2022-04-22 22:01:11] [INFO] writer try send [18, 19, 20] 
[2022-04-22 22:01:11] [INFO] start get result 
[2022-04-22 22:01:11] [INFO] end get result 14 
[2022-04-22 22:01:11] [INFO] reader get 14 
[2022-04-22 22:01:11] [INFO] start get result 
[2022-04-22 22:01:11] [INFO] end get result 15 
[2022-04-22 22:01:11] [INFO] reader get 15 
[2022-04-22 22:01:11] [INFO] start get result 
[2022-04-22 22:01:11] [INFO] end get result 17 
[2022-04-22 22:01:11] [INFO] reader get 17 
[2022-04-22 22:01:11] [INFO] start get result 
[2022-04-22 22:01:11] [INFO] end get result 11 
[2022-04-22 22:01:11] [INFO] reader get 11 
[2022-04-22 22:01:11] [INFO] start get result 
[2022-04-22 22:01:11] [INFO] end get result 12 
[2022-04-22 22:01:11] [INFO] reader get 12 
[2022-04-22 22:01:11] [INFO] start get result 
[2022-04-22 22:01:11] [INFO] end get result 13 
[2022-04-22 22:01:11] [INFO] reader get 13 
[2022-04-22 22:01:11] [INFO] start get result 
[2022-04-22 22:01:11] [INFO] writer send [7, 8, 9, 10] 
[2022-04-22 22:01:11] [INFO] writer send [18, 19, 20] 
[2022-04-22 22:01:11] [INFO] end writer 
[2022-04-22 22:01:11] [INFO] start reader 
[2022-04-22 22:01:11] [INFO] end writer 
[2022-04-22 22:01:11] [INFO] start reader 
[2022-04-22 22:01:11] [INFO] end get result 6 
[2022-04-22 22:01:11] [INFO] writer send [1, 2, 3] 
[2022-04-22 22:01:11] [INFO] end writer 
[2022-04-22 22:01:11] [INFO] start get result 
[2022-04-22 22:01:11] [INFO] end get result 16 
[2022-04-22 22:01:11] [INFO] start get result 
[2022-04-22 22:01:11] [INFO] end get result 19 
[2022-04-22 22:01:11] [INFO] start get result 
[2022-04-22 22:01:11] [INFO] start reader 
[2022-04-22 22:01:11] [INFO] reader get 6 
[2022-04-22 22:01:11] [INFO] start get result 
[2022-04-22 22:01:11] [INFO] end get result 20 
[2022-04-22 22:01:11] [INFO] start reader 
[2022-04-22 22:01:11] [INFO] end get result 18 
[2022-04-22 22:01:11] [INFO] reader get 18 
[2022-04-22 22:01:11] [INFO] start get result 
[2022-04-22 22:01:11] [INFO] start reader 
[2022-04-22 22:01:11] [INFO] reader get 19 
[2022-04-22 22:01:11] [INFO] start get result 
[2022-04-22 22:01:11] [INFO] reader get 16 
[2022-04-22 22:01:11] [INFO] start get result 
[2022-04-22 22:01:11] [INFO] start get result 
[2022-04-22 22:01:11] [INFO] start reader 
[2022-04-22 22:01:11] [INFO] end get result 3 
[2022-04-22 22:01:11] [INFO] start get result 
[2022-04-22 22:01:11] [INFO] end get result 2 
[2022-04-22 22:01:11] [INFO] reader get 2 
[2022-04-22 22:01:11] [INFO] start get result 
[2022-04-22 22:01:11] [INFO] end get result 1 
[2022-04-22 22:01:11] [INFO] reader get 3 
[2022-04-22 22:01:11] [INFO] start get result 
[2022-04-22 22:01:11] [INFO] end get result 7 
[2022-04-22 22:01:11] [INFO] start get result 
[2022-04-22 22:01:11] [INFO] end get result 9 
[2022-04-22 22:01:11] [INFO] reader get 9 
[2022-04-22 22:01:11] [INFO] start get result 
[2022-04-22 22:01:11] [INFO] end get result 8 
[2022-04-22 22:01:11] [INFO] reader get 8 
[2022-04-22 22:01:11] [INFO] start get result 
[2022-04-22 22:01:11] [INFO] reader get 7 
[2022-04-22 22:01:11] [INFO] start get result 
[2022-04-22 22:01:11] [INFO] reader get 1 
[2022-04-22 22:01:11] [INFO] end get result 10 
[2022-04-22 22:01:11] [INFO] reader get 10 
[2022-04-22 22:01:11] [INFO] start get result 
[2022-04-22 22:01:11] [INFO] reader get 20 
[2022-04-22 22:01:11] [INFO] start get result 
[2022-04-22 22:01:11] [INFO] start get result 
[2022-04-22 22:01:11] [INFO] start get result 
Exception in thread "Thread-63149" java.util.concurrent.TimeoutException
	at serie1.Ex4.BlockingMessageQueueFuture$MyFuture.get(BlockingMessageQueueFuture.kt:222)
	at serie1.ex4.FutureTest$blocking_message_multiple_send_receive$2$thread$1.invoke(BlockingMessageQueueWithFutureTest.kt:179)
	at serie1.ex4.FutureTest$blocking_message_multiple_send_receive$2$thread$1.invoke(BlockingMessageQueueWithFutureTest.kt:169)
	at kotlin.concurrent.ThreadsKt$thread$thread$1.run(Thread.kt:30)
Exception in thread "Thread-63143" java.util.concurrent.TimeoutException
	at serie1.Ex4.BlockingMessageQueueFuture$MyFuture.get(BlockingMessageQueueFuture.kt:222)
	at serie1.ex4.FutureTest$blocking_message_multiple_send_receive$2$thread$1.invoke(BlockingMessageQueueWithFutureTest.kt:179)
	at serie1.ex4.FutureTest$blocking_message_multiple_send_receive$2$thread$1.invoke(BlockingMessageQueueWithFutureTest.kt:169)
	at kotlin.concurrent.ThreadsKt$thread$thread$1.run(Thread.kt:30)
Exception in thread "Thread-63145" java.util.concurrent.TimeoutException
	at serie1.Ex4.BlockingMessageQueueFuture$MyFuture.get(BlockingMessageQueueFuture.kt:222)
	at serie1.ex4.FutureTest$blocking_message_multiple_send_receive$2$thread$1.invoke(BlockingMessageQueueWithFutureTest.kt:179)
	at serie1.ex4.FutureTest$blocking_message_multiple_send_receive$2$thread$1.invoke(BlockingMessageQueueWithFutureTest.kt:169)
	at kotlin.concurrent.ThreadsKt$thread$thread$1.run(Thread.kt:30)
Exception in thread "Thread-63142" java.util.concurrent.TimeoutException
	at serie1.Ex4.BlockingMessageQueueFuture$MyFuture.get(BlockingMessageQueueFuture.kt:222)
	at serie1.ex4.FutureTest$blocking_message_multiple_send_receive$2$thread$1.invoke(BlockingMessageQueueWithFutureTest.kt:179)
	at serie1.ex4.FutureTest$blocking_message_multiple_send_receive$2$thread$1.invoke(BlockingMessageQueueWithFutureTest.kt:169)
	at kotlin.concurrent.ThreadsKt$thread$thread$1.run(Thread.kt:30)
Exception in thread "Thread-63147" java.util.concurrent.TimeoutException
	at serie1.Ex4.BlockingMessageQueueFuture$MyFuture.get(BlockingMessageQueueFuture.kt:222)
	at serie1.ex4.FutureTest$blocking_message_multiple_send_receive$2$thread$1.invoke(BlockingMessageQueueWithFutureTest.kt:179)
	at serie1.ex4.FutureTest$blocking_message_multiple_send_receive$2$thread$1.invoke(BlockingMessageQueueWithFutureTest.kt:169)
	at kotlin.concurrent.ThreadsKt$thread$thread$1.run(Thread.kt:30)
Exception in thread "Thread-63146" java.util.concurrent.TimeoutException
	at serie1.Ex4.BlockingMessageQueueFuture$MyFuture.get(BlockingMessageQueueFuture.kt:222)
	at serie1.ex4.FutureTest$blocking_message_multiple_send_receive$2$thread$1.invoke(BlockingMessageQueueWithFutureTest.kt:179)
	at serie1.ex4.FutureTest$blocking_message_multiple_send_receive$2$thread$1.invoke(BlockingMessageQueueWithFutureTest.kt:169)
	at kotlin.concurrent.ThreadsKt$thread$thread$1.run(Thread.kt:30)
Exception in thread "Thread-63148" java.util.concurrent.TimeoutException
	at serie1.Ex4.BlockingMessageQueueFuture$MyFuture.get(BlockingMessageQueueFuture.kt:222)
	at serie1.ex4.FutureTest$blocking_message_multiple_send_receive$2$thread$1.invoke(BlockingMessageQueueWithFutureTest.kt:179)
	at serie1.ex4.FutureTest$blocking_message_multiple_send_receive$2$thread$1.invoke(BlockingMessageQueueWithFutureTest.kt:169)
	at kotlin.concurrent.ThreadsKt$thread$thread$1.run(Thread.kt:30)
Exception in thread "Thread-63144" java.util.concurrent.TimeoutException
	at serie1.Ex4.BlockingMessageQueueFuture$MyFuture.get(BlockingMessageQueueFuture.kt:222)
	at serie1.ex4.FutureTest$blocking_message_multiple_send_receive$2$thread$1.invoke(BlockingMessageQueueWithFutureTest.kt:179)
	at serie1.ex4.FutureTest$blocking_message_multiple_send_receive$2$thread$1.invoke(BlockingMessageQueueWithFutureTest.kt:169)
	at kotlin.concurrent.ThreadsKt$thread$thread$1.run(Thread.kt:30)
[2022-04-22 22:01:13] [INFO] start writer 
[2022-04-22 22:01:13] [INFO] writer try send [1, 2, 3] 
[2022-04-22 22:01:13] [INFO] writer send [1, 2, 3] 
[2022-04-22 22:01:13] [INFO] writer try send [4, 5] 
[2022-04-22 22:01:13] [INFO] writer send [4, 5] 
[2022-04-22 22:01:13] [INFO] writer try send [6] 
[2022-04-22 22:01:13] [INFO] start writer 
[2022-04-22 22:01:13] [INFO] writer try send [7, 8, 9, 10] 
[2022-04-22 22:01:13] [INFO] start writer 
[2022-04-22 22:01:13] [INFO] writer try send [11, 12, 13] 
[2022-04-22 22:01:13] [INFO] start writer 
[2022-04-22 22:01:13] [INFO] writer try send [14, 15, 16, 17] 
[2022-04-22 22:01:13] [INFO] start writer 
[2022-04-22 22:01:13] [INFO] writer try send [18, 19, 20] 
[2022-04-22 22:01:13] [INFO] start reader 
[2022-04-22 22:01:13] [INFO] start writer 
[2022-04-22 22:01:13] [INFO] end writer 
[2022-04-22 22:01:13] [INFO] start writer 
[2022-04-22 22:01:13] [INFO] end writer 
[2022-04-22 22:01:13] [INFO] start writer 
[2022-04-22 22:01:13] [INFO] end writer 
[2022-04-22 22:01:13] [INFO] start reader 
[2022-04-22 22:01:13] [INFO] writer send [6] 
[2022-04-22 22:01:13] [INFO] end writer 
[2022-04-22 22:01:13] [INFO] start get result 
[2022-04-22 22:01:13] [INFO] end get result 1 
[2022-04-22 22:01:13] [INFO] reader get 1 
[2022-04-22 22:01:13] [INFO] start reader 
[2022-04-22 22:01:13] [INFO] start get result 
[2022-04-22 22:01:13] [INFO] end get result 2 
[2022-04-22 22:01:13] [INFO] start get result 
[2022-04-22 22:01:13] [INFO] end get result 3 
[2022-04-22 22:01:13] [INFO] reader get 3 
[2022-04-22 22:01:13] [INFO] start reader 
[2022-04-22 22:01:13] [INFO] reader get 2 
[2022-04-22 22:01:13] [INFO] writer send [14, 15, 16, 17] 
[2022-04-22 22:01:13] [INFO] end writer 
[2022-04-22 22:01:13] [INFO] start get result 
[2022-04-22 22:01:13] [INFO] start get result 
[2022-04-22 22:01:13] [INFO] end get result 14 
[2022-04-22 22:01:13] [INFO] reader get 14 
[2022-04-22 22:01:13] [INFO] start get result 
[2022-04-22 22:01:13] [INFO] end get result 4 
[2022-04-22 22:01:13] [INFO] reader get 4 
[2022-04-22 22:01:13] [INFO] start get result 
[2022-04-22 22:01:13] [INFO] end get result 16 
[2022-04-22 22:01:13] [INFO] reader get 16 
[2022-04-22 22:01:13] [INFO] writer send [18, 19, 20] 
[2022-04-22 22:01:13] [INFO] start get result 
[2022-04-22 22:01:13] [INFO] end get result 5 
[2022-04-22 22:01:13] [INFO] start reader 
[2022-04-22 22:01:13] [INFO] start get result 
[2022-04-22 22:01:13] [INFO] end get result 6 
[2022-04-22 22:01:13] [INFO] start reader 
[2022-04-22 22:01:13] [INFO] reader get 5 
[2022-04-22 22:01:13] [INFO] start get result 
[2022-04-22 22:01:13] [INFO] end get result 15 
[2022-04-22 22:01:13] [INFO] reader get 15 
[2022-04-22 22:01:13] [INFO] end writer 
[2022-04-22 22:01:13] [INFO] start get result 
[2022-04-22 22:01:13] [INFO] end get result 11 
[2022-04-22 22:01:13] [INFO] start get result 
[2022-04-22 22:01:13] [INFO] end get result 17 
[2022-04-22 22:01:13] [INFO] reader get 17 
[2022-04-22 22:01:13] [INFO] reader get 11 
[2022-04-22 22:01:13] [INFO] start get result 
[2022-04-22 22:01:13] [INFO] end get result 13 
[2022-04-22 22:01:13] [INFO] reader get 13 
[2022-04-22 22:01:13] [INFO] start get result 
[2022-04-22 22:01:13] [INFO] end get result 7 
[2022-04-22 22:01:13] [INFO] reader get 7 
[2022-04-22 22:01:13] [INFO] start get result 
[2022-04-22 22:01:13] [INFO] end get result 8 
[2022-04-22 22:01:13] [INFO] reader get 8 
[2022-04-22 22:01:13] [INFO] start get result 
[2022-04-22 22:01:13] [INFO] end get result 9 
[2022-04-22 22:01:13] [INFO] reader get 9 
[2022-04-22 22:01:13] [INFO] start get result 
[2022-04-22 22:01:13] [INFO] end get result 10 
[2022-04-22 22:01:13] [INFO] reader get 10 
[2022-04-22 22:01:13] [INFO] start get result 
[2022-04-22 22:01:13] [INFO] start get result 
[2022-04-22 22:01:13] [INFO] writer send [11, 12, 13] 
[2022-04-22 22:01:13] [INFO] start get result 
[2022-04-22 22:01:13] [INFO] end get result 19 
[2022-04-22 22:01:13] [INFO] reader get 19 
[2022-04-22 22:01:13] [INFO] start get result 
[2022-04-22 22:01:13] [INFO] start reader 
[2022-04-22 22:01:13] [INFO] end get result 18 
[2022-04-22 22:01:13] [INFO] reader get 6 
[2022-04-22 22:01:13] [INFO] start get result 
[2022-04-22 22:01:13] [INFO] reader get 18 
[2022-04-22 22:01:13] [INFO] start get result 
[2022-04-22 22:01:13] [INFO] end writer 
[2022-04-22 22:01:13] [INFO] end get result 20 
[2022-04-22 22:01:13] [INFO] writer send [7, 8, 9, 10] 
[2022-04-22 22:01:13] [INFO] start get result 
[2022-04-22 22:01:13] [INFO] end get result 12 
[2022-04-22 22:01:13] [INFO] end writer 
[2022-04-22 22:01:13] [INFO] reader get 20 
[2022-04-22 22:01:13] [INFO] start get result 
[2022-04-22 22:01:13] [INFO] start get result 
[2022-04-22 22:01:13] [INFO] start reader 
[2022-04-22 22:01:13] [INFO] reader get 12 
[2022-04-22 22:01:13] [INFO] start get result 
[2022-04-22 22:01:13] [INFO] start get result 
Exception in thread "Thread-63159" java.util.concurrent.TimeoutException
	at serie1.Ex4.BlockingMessageQueueFuture$MyFuture.get(BlockingMessageQueueFuture.kt:222)
	at serie1.ex4.FutureTest$blocking_message_multiple_send_receive$2$thread$1.invoke(BlockingMessageQueueWithFutureTest.kt:179)
	at serie1.ex4.FutureTest$blocking_message_multiple_send_receive$2$thread$1.invoke(BlockingMessageQueueWithFutureTest.kt:169)
	at kotlin.concurrent.ThreadsKt$thread$thread$1.run(Thread.kt:30)
Exception in thread "Thread-63160" java.util.concurrent.TimeoutException
	at serie1.Ex4.BlockingMessageQueueFuture$MyFuture.get(BlockingMessageQueueFuture.kt:222)
	at serie1.ex4.FutureTest$blocking_message_multiple_send_receive$2$thread$1.invoke(BlockingMessageQueueWithFutureTest.kt:179)
	at serie1.ex4.FutureTest$blocking_message_multiple_send_receive$2$thread$1.invoke(BlockingMessageQueueWithFutureTest.kt:169)
	at kotlin.concurrent.ThreadsKt$thread$thread$1.run(Thread.kt:30)
Exception in thread "Thread-63162" java.util.concurrent.TimeoutException
	at serie1.Ex4.BlockingMessageQueueFuture$MyFuture.get(BlockingMessageQueueFuture.kt:222)
	at serie1.ex4.FutureTest$blocking_message_multiple_send_receive$2$thread$1.invoke(BlockingMessageQueueWithFutureTest.kt:179)
	at serie1.ex4.FutureTest$blocking_message_multiple_send_receive$2$thread$1.invoke(BlockingMessageQueueWithFutureTest.kt:169)
	at kotlin.concurrent.ThreadsKt$thread$thread$1.run(Thread.kt:30)
Exception in thread "Thread-63161" java.util.concurrent.TimeoutException
	at serie1.Ex4.BlockingMessageQueueFuture$MyFuture.get(BlockingMessageQueueFuture.kt:222)
	at serie1.ex4.FutureTest$blocking_message_multiple_send_receive$2$thread$1.invoke(BlockingMessageQueueWithFutureTest.kt:179)
	at serie1.ex4.FutureTest$blocking_message_multiple_send_receive$2$thread$1.invoke(BlockingMessageQueueWithFutureTest.kt:169)
	at kotlin.concurrent.ThreadsKt$thread$thread$1.run(Thread.kt:30)
Exception in thread "Thread-63163" java.util.concurrent.TimeoutException
	at serie1.Ex4.BlockingMessageQueueFuture$MyFuture.get(BlockingMessageQueueFuture.kt:222)
	at serie1.ex4.FutureTest$blocking_message_multiple_send_receive$2$thread$1.invoke(BlockingMessageQueueWithFutureTest.kt:179)
	at serie1.ex4.FutureTest$blocking_message_multiple_send_receive$2$thread$1.invoke(BlockingMessageQueueWithFutureTest.kt:169)
	at kotlin.concurrent.ThreadsKt$thread$thread$1.run(Thread.kt:30)
Exception in thread "Thread-63165" java.util.concurrent.TimeoutException
	at serie1.Ex4.BlockingMessageQueueFuture$MyFuture.get(BlockingMessageQueueFuture.kt:222)
	at serie1.ex4.FutureTest$blocking_message_multiple_send_receive$2$thread$1.invoke(BlockingMessageQueueWithFutureTest.kt:179)
	at serie1.ex4.FutureTest$blocking_message_multiple_send_receive$2$thread$1.invoke(BlockingMessageQueueWithFutureTest.kt:169)
	at kotlin.concurrent.ThreadsKt$thread$thread$1.run(Thread.kt:30)
Exception in thread "Thread-63164" java.util.concurrent.TimeoutException
	at serie1.Ex4.BlockingMessageQueueFuture$MyFuture.get(BlockingMessageQueueFuture.kt:222)
	at serie1.ex4.FutureTest$blocking_message_multiple_send_receive$2$thread$1.invoke(BlockingMessageQueueWithFutureTest.kt:179)
	at serie1.ex4.FutureTest$blocking_message_multiple_send_receive$2$thread$1.invoke(BlockingMessageQueueWithFutureTest.kt:169)
	at kotlin.concurrent.ThreadsKt$thread$thread$1.run(Thread.kt:30)
Exception in thread "Thread-63166" java.util.concurrent.TimeoutException
	at serie1.Ex4.BlockingMessageQueueFuture$MyFuture.get(BlockingMessageQueueFuture.kt:222)
	at serie1.ex4.FutureTest$blocking_message_multiple_send_receive$2$thread$1.invoke(BlockingMessageQueueWithFutureTest.kt:179)
	at serie1.ex4.FutureTest$blocking_message_multiple_send_receive$2$thread$1.invoke(BlockingMessageQueueWithFutureTest.kt:169)
	at kotlin.concurrent.ThreadsKt$thread$thread$1.run(Thread.kt:30)
[2022-04-22 22:01:15] [INFO] start writer 
[2022-04-22 22:01:15] [INFO] writer try send [1, 2, 3] 
[2022-04-22 22:01:15] [INFO] start writer 
[2022-04-22 22:01:15] [INFO] writer try send [4, 5] 
[2022-04-22 22:01:15] [INFO] start writer 
[2022-04-22 22:01:15] [INFO] writer try send [6] 
[2022-04-22 22:01:15] [INFO] writer send [1, 2, 3] 
[2022-04-22 22:01:15] [INFO] writer send [6] 
[2022-04-22 22:01:15] [INFO] start writer 
[2022-04-22 22:01:15] [INFO] writer try send [14, 15, 16, 17] 
[2022-04-22 22:01:15] [INFO] writer send [4, 5] 
[2022-04-22 22:01:15] [INFO] start reader 
[2022-04-22 22:01:15] [INFO] start writer 
[2022-04-22 22:01:15] [INFO] writer try send [18, 19, 20] 
[2022-04-22 22:01:15] [INFO] start reader 
[2022-04-22 22:01:15] [INFO] start writer 
[2022-04-22 22:01:15] [INFO] end writer 
[2022-04-22 22:01:15] [INFO] start writer 
[2022-04-22 22:01:15] [INFO] writer try send [11, 12, 13] 
[2022-04-22 22:01:15] [INFO] writer try send [7, 8, 9, 10] 
[2022-04-22 22:01:15] [INFO] start writer 
[2022-04-22 22:01:15] [INFO] start get result 
[2022-04-22 22:01:15] [INFO] end writer 
[2022-04-22 22:01:15] [INFO] start get result 
[2022-04-22 22:01:15] [INFO] start reader 
[2022-04-22 22:01:15] [INFO] end writer 
[2022-04-22 22:01:15] [INFO] end get result 1 
[2022-04-22 22:01:15] [INFO] start reader 
[2022-04-22 22:01:15] [INFO] end get result 2 
[2022-04-22 22:01:15] [INFO] end writer 
[2022-04-22 22:01:15] [INFO] start reader 
[2022-04-22 22:01:15] [INFO] writer send [11, 12, 13] 
[2022-04-22 22:01:15] [INFO] start get result 
[2022-04-22 22:01:15] [INFO] reader get 2 
[2022-04-22 22:01:15] [INFO] start get result 
[2022-04-22 22:01:15] [INFO] end get result 5 
[2022-04-22 22:01:15] [INFO] writer send [18, 19, 20] 
[2022-04-22 22:01:15] [INFO] end writer 
[2022-04-22 22:01:15] [INFO] reader get 1 
[2022-04-22 22:01:15] [INFO] start get result 
[2022-04-22 22:01:15] [INFO] start get result 
[2022-04-22 22:01:15] [INFO] end get result 6 
[2022-04-22 22:01:15] [INFO] reader get 6 
[2022-04-22 22:01:15] [INFO] start get result 
[2022-04-22 22:01:15] [INFO] start get result 
[2022-04-22 22:01:15] [INFO] end get result 4 
[2022-04-22 22:01:15] [INFO] reader get 4 
[2022-04-22 22:01:15] [INFO] end get result 3 
[2022-04-22 22:01:15] [INFO] start reader 
[2022-04-22 22:01:15] [INFO] end writer 
[2022-04-22 22:01:15] [INFO] reader get 3 
[2022-04-22 22:01:15] [INFO] start reader 
[2022-04-22 22:01:15] [INFO] start get result 
[2022-04-22 22:01:15] [INFO] end get result 13 
[2022-04-22 22:01:15] [INFO] end get result 12 
[2022-04-22 22:01:15] [INFO] start reader 
[2022-04-22 22:01:15] [INFO] reader get 5 
[2022-04-22 22:01:15] [INFO] writer send [7, 8, 9, 10] 
[2022-04-22 22:01:15] [INFO] end writer 
[2022-04-22 22:01:15] [INFO] end get result 11 
[2022-04-22 22:01:15] [INFO] start get result 
[2022-04-22 22:01:15] [INFO] end get result 19 
[2022-04-22 22:01:15] [INFO] reader get 19 
[2022-04-22 22:01:15] [INFO] start get result 
[2022-04-22 22:01:15] [INFO] writer send [14, 15, 16, 17] 
[2022-04-22 22:01:15] [INFO] end writer 
[2022-04-22 22:01:15] [INFO] start get result 
[2022-04-22 22:01:15] [INFO] reader get 12 
[2022-04-22 22:01:15] [INFO] start get result 
[2022-04-22 22:01:15] [INFO] end get result 9 
[2022-04-22 22:01:15] [INFO] reader get 9 
[2022-04-22 22:01:15] [INFO] start get result 
[2022-04-22 22:01:15] [INFO] end get result 10 
[2022-04-22 22:01:15] [INFO] start get result 
[2022-04-22 22:01:15] [INFO] end get result 14 
[2022-04-22 22:01:15] [INFO] reader get 14 
[2022-04-22 22:01:15] [INFO] reader get 13 
[2022-04-22 22:01:15] [INFO] end get result 18 
[2022-04-22 22:01:15] [INFO] reader get 18 
[2022-04-22 22:01:15] [INFO] start get result 
[2022-04-22 22:01:15] [INFO] end get result 8 
[2022-04-22 22:01:15] [INFO] start get result 
[2022-04-22 22:01:15] [INFO] start get result 
[2022-04-22 22:01:15] [INFO] end get result 20 
[2022-04-22 22:01:15] [INFO] reader get 20 
[2022-04-22 22:01:15] [INFO] end get result 7 
[2022-04-22 22:01:15] [INFO] reader get 7 
[2022-04-22 22:01:15] [INFO] start get result 
[2022-04-22 22:01:15] [INFO] reader get 8 
[2022-04-22 22:01:15] [INFO] end get result 16 
[2022-04-22 22:01:15] [INFO] start get result 
[2022-04-22 22:01:15] [INFO] end get result 15 
[2022-04-22 22:01:15] [INFO] reader get 15 
[2022-04-22 22:01:15] [INFO] start get result 
[2022-04-22 22:01:15] [INFO] reader get 10 
[2022-04-22 22:01:15] [INFO] start get result 
[2022-04-22 22:01:15] [INFO] reader get 16 
[2022-04-22 22:01:15] [INFO] start get result 
[2022-04-22 22:01:15] [INFO] start get result 
[2022-04-22 22:01:15] [INFO] start get result 
[2022-04-22 22:01:15] [INFO] end get result 17 
[2022-04-22 22:01:15] [INFO] reader get 11 
[2022-04-22 22:01:15] [INFO] start get result 
[2022-04-22 22:01:15] [INFO] reader get 17 
[2022-04-22 22:01:15] [INFO] start get result 
[2022-04-22 22:01:15] [INFO] start get result 
Exception in thread "Thread-63176" java.util.concurrent.TimeoutException
	at serie1.Ex4.BlockingMessageQueueFuture$MyFuture.get(BlockingMessageQueueFuture.kt:222)
	at serie1.ex4.FutureTest$blocking_message_multiple_send_receive$2$thread$1.invoke(BlockingMessageQueueWithFutureTest.kt:179)
	at serie1.ex4.FutureTest$blocking_message_multiple_send_receive$2$thread$1.invoke(BlockingMessageQueueWithFutureTest.kt:169)
	at kotlin.concurrent.ThreadsKt$thread$thread$1.run(Thread.kt:30)
Exception in thread "Thread-63181" java.util.concurrent.TimeoutException
	at serie1.Ex4.BlockingMessageQueueFuture$MyFuture.get(BlockingMessageQueueFuture.kt:222)
	at serie1.ex4.FutureTest$blocking_message_multiple_send_receive$2$thread$1.invoke(BlockingMessageQueueWithFutureTest.kt:179)
	at serie1.ex4.FutureTest$blocking_message_multiple_send_receive$2$thread$1.invoke(BlockingMessageQueueWithFutureTest.kt:169)
	at kotlin.concurrent.ThreadsKt$thread$thread$1.run(Thread.kt:30)
Exception in thread "Thread-63179" java.util.concurrent.TimeoutException
	at serie1.Ex4.BlockingMessageQueueFuture$MyFuture.get(BlockingMessageQueueFuture.kt:222)
	at serie1.ex4.FutureTest$blocking_message_multiple_send_receive$2$thread$1.invoke(BlockingMessageQueueWithFutureTest.kt:179)
	at serie1.ex4.FutureTest$blocking_message_multiple_send_receive$2$thread$1.invoke(BlockingMessageQueueWithFutureTest.kt:169)
	at kotlin.concurrent.ThreadsKt$thread$thread$1.run(Thread.kt:30)
Exception in thread "Thread-63178" java.util.concurrent.TimeoutException
	at serie1.Ex4.BlockingMessageQueueFuture$MyFuture.get(BlockingMessageQueueFuture.kt:222)
	at serie1.ex4.FutureTest$blocking_message_multiple_send_receive$2$thread$1.invoke(BlockingMessageQueueWithFutureTest.kt:179)
	at serie1.ex4.FutureTest$blocking_message_multiple_send_receive$2$thread$1.invoke(BlockingMessageQueueWithFutureTest.kt:169)
	at kotlin.concurrent.ThreadsKt$thread$thread$1.run(Thread.kt:30)
Exception in thread "Thread-63183" java.util.concurrent.TimeoutException
	at serie1.Ex4.BlockingMessageQueueFuture$MyFuture.get(BlockingMessageQueueFuture.kt:222)
	at serie1.ex4.FutureTest$blocking_message_multiple_send_receive$2$thread$1.invoke(BlockingMessageQueueWithFutureTest.kt:179)
	at serie1.ex4.FutureTest$blocking_message_multiple_send_receive$2$thread$1.invoke(BlockingMessageQueueWithFutureTest.kt:169)
	at kotlin.concurrent.ThreadsKt$thread$thread$1.run(Thread.kt:30)
Exception in thread "Thread-63182" java.util.concurrent.TimeoutException
	at serie1.Ex4.BlockingMessageQueueFuture$MyFuture.get(BlockingMessageQueueFuture.kt:222)
	at serie1.ex4.FutureTest$blocking_message_multiple_send_receive$2$thread$1.invoke(BlockingMessageQueueWithFutureTest.kt:179)
	at serie1.ex4.FutureTest$blocking_message_multiple_send_receive$2$thread$1.invoke(BlockingMessageQueueWithFutureTest.kt:169)
	at kotlin.concurrent.ThreadsKt$thread$thread$1.run(Thread.kt:30)
Exception in thread "Thread-63177" java.util.concurrent.TimeoutException
	at serie1.Ex4.BlockingMessageQueueFuture$MyFuture.get(BlockingMessageQueueFuture.kt:222)
	at serie1.ex4.FutureTest$blocking_message_multiple_send_receive$2$thread$1.invoke(BlockingMessageQueueWithFutureTest.kt:179)
	at serie1.ex4.FutureTest$blocking_message_multiple_send_receive$2$thread$1.invoke(BlockingMessageQueueWithFutureTest.kt:169)
	at kotlin.concurrent.ThreadsKt$thread$thread$1.run(Thread.kt:30)
Exception in thread "Thread-63180" java.util.concurrent.TimeoutException
	at serie1.Ex4.BlockingMessageQueueFuture$MyFuture.get(BlockingMessageQueueFuture.kt:222)
	at serie1.ex4.FutureTest$blocking_message_multiple_send_receive$2$thread$1.invoke(BlockingMessageQueueWithFutureTest.kt:179)
	at serie1.ex4.FutureTest$blocking_message_multiple_send_receive$2$thread$1.invoke(BlockingMessageQueueWithFutureTest.kt:169)
	at kotlin.concurrent.ThreadsKt$thread$thread$1.run(Thread.kt:30)
[2022-04-22 22:01:17] [INFO] start writer 
[2022-04-22 22:01:17] [INFO] start writer 
[2022-04-22 22:01:17] [INFO] writer try send [4, 5] 
[2022-04-22 22:01:17] [INFO] start writer 
[2022-04-22 22:01:17] [INFO] writer try send [6] 
[2022-04-22 22:01:17] [INFO] writer send [6] 
[2022-04-22 22:01:17] [INFO] start writer 
[2022-04-22 22:01:17] [INFO] writer try send [7, 8, 9, 10] 
[2022-04-22 22:01:17] [INFO] writer send [7, 8, 9, 10] 
[2022-04-22 22:01:17] [INFO] writer try send [11, 12, 13] 
[2022-04-22 22:01:17] [INFO] start reader 
[2022-04-22 22:01:17] [INFO] writer try send [1, 2, 3] 
[2022-04-22 22:01:17] [INFO] start writer 
[2022-04-22 22:01:17] [INFO] start reader 
[2022-04-22 22:01:17] [INFO] start writer 
[2022-04-22 22:01:17] [INFO] writer try send [14, 15, 16, 17] 
[2022-04-22 22:01:17] [INFO] writer try send [18, 19, 20] 
[2022-04-22 22:01:17] [INFO] start reader 
[2022-04-22 22:01:17] [INFO] start writer 
[2022-04-22 22:01:17] [INFO] start get result 
[2022-04-22 22:01:17] [INFO] end get result 7 
[2022-04-22 22:01:17] [INFO] reader get 7 
[2022-04-22 22:01:17] [INFO] start get result 
[2022-04-22 22:01:17] [INFO] start writer 
[2022-04-22 22:01:17] [INFO] start get result 
[2022-04-22 22:01:17] [INFO] writer send [18, 19, 20] 
[2022-04-22 22:01:17] [INFO] end writer 
[2022-04-22 22:01:17] [INFO] end get result 9 
[2022-04-22 22:01:17] [INFO] reader get 9 
[2022-04-22 22:01:17] [INFO] end writer 
[2022-04-22 22:01:17] [INFO] end get result 8 
[2022-04-22 22:01:17] [INFO] end writer 
[2022-04-22 22:01:17] [INFO] end writer 
[2022-04-22 22:01:17] [INFO] start reader 
[2022-04-22 22:01:17] [INFO] start get result 
[2022-04-22 22:01:17] [INFO] end get result 6 
[2022-04-22 22:01:17] [INFO] writer send [4, 5] 
[2022-04-22 22:01:17] [INFO] reader get 6 
[2022-04-22 22:01:17] [INFO] end writer 
[2022-04-22 22:01:17] [INFO] start get result 
[2022-04-22 22:01:17] [INFO] end get result 4 
[2022-04-22 22:01:17] [INFO] reader get 4 
[2022-04-22 22:01:17] [INFO] start reader 
[2022-04-22 22:01:17] [INFO] reader get 8 
[2022-04-22 22:01:17] [INFO] start get result 
[2022-04-22 22:01:17] [INFO] end get result 5 
[2022-04-22 22:01:17] [INFO] reader get 5 
[2022-04-22 22:01:17] [INFO] start get result 
[2022-04-22 22:01:17] [INFO] end get result 18 
[2022-04-22 22:01:17] [INFO] reader get 18 
[2022-04-22 22:01:17] [INFO] start get result 
[2022-04-22 22:01:17] [INFO] end get result 19 
[2022-04-22 22:01:17] [INFO] reader get 19 
[2022-04-22 22:01:17] [INFO] start get result 
[2022-04-22 22:01:17] [INFO] start get result 
[2022-04-22 22:01:17] [INFO] writer send [11, 12, 13] 
[2022-04-22 22:01:17] [INFO] end writer 
[2022-04-22 22:01:17] [INFO] start get result 
[2022-04-22 22:01:17] [INFO] end get result 10 
[2022-04-22 22:01:17] [INFO] reader get 10 
[2022-04-22 22:01:17] [INFO] end get result 1 
[2022-04-22 22:01:17] [INFO] reader get 1 
[2022-04-22 22:01:17] [INFO] start get result 
[2022-04-22 22:01:17] [INFO] start reader 
[2022-04-22 22:01:17] [INFO] writer send [14, 15, 16, 17] 
[2022-04-22 22:01:17] [INFO] end writer 
[2022-04-22 22:01:17] [INFO] start get result 
[2022-04-22 22:01:17] [INFO] writer send [1, 2, 3] 
[2022-04-22 22:01:17] [INFO] end writer 
[2022-04-22 22:01:17] [INFO] start get result 
[2022-04-22 22:01:17] [INFO] end get result 12 
[2022-04-22 22:01:17] [INFO] end get result 11 
[2022-04-22 22:01:17] [INFO] reader get 11 
[2022-04-22 22:01:17] [INFO] start get result 
[2022-04-22 22:01:17] [INFO] end get result 3 
[2022-04-22 22:01:17] [INFO] reader get 3 
[2022-04-22 22:01:17] [INFO] start reader 
[2022-04-22 22:01:17] [INFO] end get result 20 
[2022-04-22 22:01:17] [INFO] start get result 
[2022-04-22 22:01:17] [INFO] start reader 
[2022-04-22 22:01:17] [INFO] start get result 
[2022-04-22 22:01:17] [INFO] end get result 2 
[2022-04-22 22:01:17] [INFO] reader get 2 
[2022-04-22 22:01:17] [INFO] start get result 
[2022-04-22 22:01:17] [INFO] end get result 15 
[2022-04-22 22:01:17] [INFO] reader get 15 
[2022-04-22 22:01:17] [INFO] start get result 
[2022-04-22 22:01:17] [INFO] reader get 20 
[2022-04-22 22:01:17] [INFO] start get result 
[2022-04-22 22:01:17] [INFO] start get result 
[2022-04-22 22:01:17] [INFO] end get result 13 
[2022-04-22 22:01:17] [INFO] reader get 13 
[2022-04-22 22:01:17] [INFO] start get result 
[2022-04-22 22:01:17] [INFO] reader get 12 
[2022-04-22 22:01:17] [INFO] start get result 
[2022-04-22 22:01:17] [INFO] end get result 17 
[2022-04-22 22:01:17] [INFO] start get result 
[2022-04-22 22:01:17] [INFO] end get result 14 
[2022-04-22 22:01:17] [INFO] end get result 16 
[2022-04-22 22:01:17] [INFO] reader get 14 
[2022-04-22 22:01:17] [INFO] reader get 16 
[2022-04-22 22:01:17] [INFO] start get result 
[2022-04-22 22:01:17] [INFO] start get result 
[2022-04-22 22:01:17] [INFO] reader get 17 
[2022-04-22 22:01:17] [INFO] start get result 
[2022-04-22 22:01:17] [INFO] start get result 
Exception in thread "Thread-63198" java.util.concurrent.TimeoutException
	at serie1.Ex4.BlockingMessageQueueFuture$MyFuture.get(BlockingMessageQueueFuture.kt:222)
	at serie1.ex4.FutureTest$blocking_message_multiple_send_receive$2$thread$1.invoke(BlockingMessageQueueWithFutureTest.kt:179)
	at serie1.ex4.FutureTest$blocking_message_multiple_send_receive$2$thread$1.invoke(BlockingMessageQueueWithFutureTest.kt:169)
	at kotlin.concurrent.ThreadsKt$thread$thread$1.run(Thread.kt:30)
Exception in thread "Thread-63196" java.util.concurrent.TimeoutException
	at serie1.Ex4.BlockingMessageQueueFuture$MyFuture.get(BlockingMessageQueueFuture.kt:222)
	at serie1.ex4.FutureTest$blocking_message_multiple_send_receive$2$thread$1.invoke(BlockingMessageQueueWithFutureTest.kt:179)
	at serie1.ex4.FutureTest$blocking_message_multiple_send_receive$2$thread$1.invoke(BlockingMessageQueueWithFutureTest.kt:169)
	at kotlin.concurrent.ThreadsKt$thread$thread$1.run(Thread.kt:30)
Exception in thread "Thread-63193" java.util.concurrent.TimeoutException
	at serie1.Ex4.BlockingMessageQueueFuture$MyFuture.get(BlockingMessageQueueFuture.kt:222)
	at serie1.ex4.FutureTest$blocking_message_multiple_send_receive$2$thread$1.invoke(BlockingMessageQueueWithFutureTest.kt:179)
	at serie1.ex4.FutureTest$blocking_message_multiple_send_receive$2$thread$1.invoke(BlockingMessageQueueWithFutureTest.kt:169)
	at kotlin.concurrent.ThreadsKt$thread$thread$1.run(Thread.kt:30)
Exception in thread "Thread-63197" java.util.concurrent.TimeoutException
	at serie1.Ex4.BlockingMessageQueueFuture$MyFuture.get(BlockingMessageQueueFuture.kt:222)
	at serie1.ex4.FutureTest$blocking_message_multiple_send_receive$2$thread$1.invoke(BlockingMessageQueueWithFutureTest.kt:179)
	at serie1.ex4.FutureTest$blocking_message_multiple_send_receive$2$thread$1.invoke(BlockingMessageQueueWithFutureTest.kt:169)
	at kotlin.concurrent.ThreadsKt$thread$thread$1.run(Thread.kt:30)
Exception in thread "Thread-63200" java.util.concurrent.TimeoutException
	at serie1.Ex4.BlockingMessageQueueFuture$MyFuture.get(BlockingMessageQueueFuture.kt:222)
	at serie1.ex4.FutureTest$blocking_message_multiple_send_receive$2$thread$1.invoke(BlockingMessageQueueWithFutureTest.kt:179)
	at serie1.ex4.FutureTest$blocking_message_multiple_send_receive$2$thread$1.invoke(BlockingMessageQueueWithFutureTest.kt:169)
	at kotlin.concurrent.ThreadsKt$thread$thread$1.run(Thread.kt:30)
Exception in thread "Thread-63195" java.util.concurrent.TimeoutException
	at serie1.Ex4.BlockingMessageQueueFuture$MyFuture.get(BlockingMessageQueueFuture.kt:222)
	at serie1.ex4.FutureTest$blocking_message_multiple_send_receive$2$thread$1.invoke(BlockingMessageQueueWithFutureTest.kt:179)
	at serie1.ex4.FutureTest$blocking_message_multiple_send_receive$2$thread$1.invoke(BlockingMessageQueueWithFutureTest.kt:169)
	at kotlin.concurrent.ThreadsKt$thread$thread$1.run(Thread.kt:30)
Exception in thread "Thread-63194" java.util.concurrent.TimeoutException
	at serie1.Ex4.BlockingMessageQueueFuture$MyFuture.get(BlockingMessageQueueFuture.kt:222)
	at serie1.ex4.FutureTest$blocking_message_multiple_send_receive$2$thread$1.invoke(BlockingMessageQueueWithFutureTest.kt:179)
	at serie1.ex4.FutureTest$blocking_message_multiple_send_receive$2$thread$1.invoke(BlockingMessageQueueWithFutureTest.kt:169)
	at kotlin.concurrent.ThreadsKt$thread$thread$1.run(Thread.kt:30)
Exception in thread "Thread-63199" java.util.concurrent.TimeoutException
	at serie1.Ex4.BlockingMessageQueueFuture$MyFuture.get(BlockingMessageQueueFuture.kt:222)
	at serie1.ex4.FutureTest$blocking_message_multiple_send_receive$2$thread$1.invoke(BlockingMessageQueueWithFutureTest.kt:179)
	at serie1.ex4.FutureTest$blocking_message_multiple_send_receive$2$thread$1.invoke(BlockingMessageQueueWithFutureTest.kt:169)
	at kotlin.concurrent.ThreadsKt$thread$thread$1.run(Thread.kt:30)
[2022-04-22 22:01:19] [INFO] start writer 
[2022-04-22 22:01:19] [INFO] start writer 
[2022-04-22 22:01:19] [INFO] writer try send [1, 2, 3] 
[2022-04-22 22:01:19] [INFO] start writer 
[2022-04-22 22:01:19] [INFO] writer try send [6] 
[2022-04-22 22:01:19] [INFO] start writer 
[2022-04-22 22:01:19] [INFO] writer try send [7, 8, 9, 10] 
[2022-04-22 22:01:19] [INFO] writer send [7, 8, 9, 10] 
[2022-04-22 22:01:19] [INFO] writer try send [11, 12, 13] 
[2022-04-22 22:01:19] [INFO] start reader 
[2022-04-22 22:01:19] [INFO] start writer 
[2022-04-22 22:01:19] [INFO] writer try send [14, 15, 16, 17] 
[2022-04-22 22:01:19] [INFO] start writer 
[2022-04-22 22:01:19] [INFO] writer try send [18, 19, 20] 
[2022-04-22 22:01:19] [INFO] writer try send [4, 5] 
[2022-04-22 22:01:19] [INFO] writer send [4, 5] 
[2022-04-22 22:01:19] [INFO] end writer 
[2022-04-22 22:01:19] [INFO] start get result 
[2022-04-22 22:01:19] [INFO] end get result 1 
[2022-04-22 22:01:19] [INFO] reader get 1 
[2022-04-22 22:01:19] [INFO] start get result 
[2022-04-22 22:01:19] [INFO] end get result 2 
[2022-04-22 22:01:19] [INFO] reader get 2 
[2022-04-22 22:01:19] [INFO] start reader 
[2022-04-22 22:01:19] [INFO] start writer 
[2022-04-22 22:01:19] [INFO] end writer 
[2022-04-22 22:01:19] [INFO] writer send [1, 2, 3] 
[2022-04-22 22:01:19] [INFO] end writer 
[2022-04-22 22:01:19] [INFO] start writer 
[2022-04-22 22:01:19] [INFO] end writer 
[2022-04-22 22:01:19] [INFO] start get result 
[2022-04-22 22:01:19] [INFO] end get result 3 
[2022-04-22 22:01:19] [INFO] start reader 
[2022-04-22 22:01:19] [INFO] start get result 
[2022-04-22 22:01:19] [INFO] end get result 7 
[2022-04-22 22:01:19] [INFO] start reader 
[2022-04-22 22:01:19] [INFO] reader get 3 
[2022-04-22 22:01:19] [INFO] start get result 
[2022-04-22 22:01:19] [INFO] end get result 8 
[2022-04-22 22:01:19] [INFO] reader get 8 
[2022-04-22 22:01:19] [INFO] start get result 
[2022-04-22 22:01:19] [INFO] end get result 9 
[2022-04-22 22:01:19] [INFO] start get result 
[2022-04-22 22:01:19] [INFO] writer send [6] 
[2022-04-22 22:01:19] [INFO] end get result 10 
[2022-04-22 22:01:19] [INFO] reader get 9 
[2022-04-22 22:01:19] [INFO] writer send [11, 12, 13] 
[2022-04-22 22:01:19] [INFO] start get result 
[2022-04-22 22:01:19] [INFO] end get result 4 
[2022-04-22 22:01:19] [INFO] reader get 4 
[2022-04-22 22:01:19] [INFO] writer send [18, 19, 20] 
[2022-04-22 22:01:19] [INFO] start reader 
[2022-04-22 22:01:19] [INFO] reader get 7 
[2022-04-22 22:01:19] [INFO] start get result 
[2022-04-22 22:01:19] [INFO] start reader 
[2022-04-22 22:01:19] [INFO] end writer 
[2022-04-22 22:01:19] [INFO] start get result 
[2022-04-22 22:01:19] [INFO] writer send [14, 15, 16, 17] 
[2022-04-22 22:01:19] [INFO] start get result 
[2022-04-22 22:01:19] [INFO] start get result 
[2022-04-22 22:01:19] [INFO] end get result 13 
[2022-04-22 22:01:19] [INFO] end writer 
[2022-04-22 22:01:19] [INFO] reader get 10 
[2022-04-22 22:01:19] [INFO] end writer 
[2022-04-22 22:01:19] [INFO] start get result 
[2022-04-22 22:01:19] [INFO] end get result 18 
[2022-04-22 22:01:19] [INFO] reader get 18 
[2022-04-22 22:01:19] [INFO] start get result 
[2022-04-22 22:01:19] [INFO] end get result 19 
[2022-04-22 22:01:19] [INFO] end writer 
[2022-04-22 22:01:19] [INFO] end get result 11 
[2022-04-22 22:01:19] [INFO] start get result 
[2022-04-22 22:01:19] [INFO] start reader 
[2022-04-22 22:01:19] [INFO] end get result 6 
[2022-04-22 22:01:19] [INFO] end get result 12 
[2022-04-22 22:01:19] [INFO] start reader 
[2022-04-22 22:01:19] [INFO] reader get 11 
[2022-04-22 22:01:19] [INFO] start get result 
[2022-04-22 22:01:19] [INFO] reader get 19 
[2022-04-22 22:01:19] [INFO] start get result 
[2022-04-22 22:01:19] [INFO] end get result 15 
[2022-04-22 22:01:19] [INFO] end get result 5 
[2022-04-22 22:01:19] [INFO] reader get 13 
[2022-04-22 22:01:19] [INFO] reader get 5 
[2022-04-22 22:01:19] [INFO] start get result 
[2022-04-22 22:01:19] [INFO] start get result 
[2022-04-22 22:01:19] [INFO] reader get 15 
[2022-04-22 22:01:19] [INFO] start get result 
[2022-04-22 22:01:19] [INFO] start get result 
[2022-04-22 22:01:19] [INFO] end get result 14 
[2022-04-22 22:01:19] [INFO] end get result 20 
[2022-04-22 22:01:19] [INFO] reader get 14 
[2022-04-22 22:01:19] [INFO] reader get 6 
[2022-04-22 22:01:19] [INFO] start get result 
[2022-04-22 22:01:19] [INFO] start get result 
[2022-04-22 22:01:19] [INFO] reader get 20 
[2022-04-22 22:01:19] [INFO] reader get 12 
[2022-04-22 22:01:19] [INFO] end get result 16 
[2022-04-22 22:01:19] [INFO] start get result 
[2022-04-22 22:01:19] [INFO] end get result 17 
[2022-04-22 22:01:19] [INFO] reader get 17 
[2022-04-22 22:01:19] [INFO] reader get 16 
[2022-04-22 22:01:19] [INFO] start get result 
[2022-04-22 22:01:19] [INFO] start get result 
[2022-04-22 22:01:19] [INFO] start get result 
[2022-04-22 22:01:19] [INFO] start get result 
Exception in thread "Thread-63215" java.util.concurrent.TimeoutException
	at serie1.Ex4.BlockingMessageQueueFuture$MyFuture.get(BlockingMessageQueueFuture.kt:222)
	at serie1.ex4.FutureTest$blocking_message_multiple_send_receive$2$thread$1.invoke(BlockingMessageQueueWithFutureTest.kt:179)
	at serie1.ex4.FutureTest$blocking_message_multiple_send_receive$2$thread$1.invoke(BlockingMessageQueueWithFutureTest.kt:169)
	at kotlin.concurrent.ThreadsKt$thread$thread$1.run(Thread.kt:30)
Exception in thread "Thread-63210" java.util.concurrent.TimeoutException
	at serie1.Ex4.BlockingMessageQueueFuture$MyFuture.get(BlockingMessageQueueFuture.kt:222)
	at serie1.ex4.FutureTest$blocking_message_multiple_send_receive$2$thread$1.invoke(BlockingMessageQueueWithFutureTest.kt:179)
	at serie1.ex4.FutureTest$blocking_message_multiple_send_receive$2$thread$1.invoke(BlockingMessageQueueWithFutureTest.kt:169)
	at kotlin.concurrent.ThreadsKt$thread$thread$1.run(Thread.kt:30)
Exception in thread "Thread-63211" java.util.concurrent.TimeoutException
	at serie1.Ex4.BlockingMessageQueueFuture$MyFuture.get(BlockingMessageQueueFuture.kt:222)
	at serie1.ex4.FutureTest$blocking_message_multiple_send_receive$2$thread$1.invoke(BlockingMessageQueueWithFutureTest.kt:179)
	at serie1.ex4.FutureTest$blocking_message_multiple_send_receive$2$thread$1.invoke(BlockingMessageQueueWithFutureTest.kt:169)
	at kotlin.concurrent.ThreadsKt$thread$thread$1.run(Thread.kt:30)
Exception in thread "Thread-63217" java.util.concurrent.TimeoutException
	at serie1.Ex4.BlockingMessageQueueFuture$MyFuture.get(BlockingMessageQueueFuture.kt:222)
	at serie1.ex4.FutureTest$blocking_message_multiple_send_receive$2$thread$1.invoke(BlockingMessageQueueWithFutureTest.kt:179)
	at serie1.ex4.FutureTest$blocking_message_multiple_send_receive$2$thread$1.invoke(BlockingMessageQueueWithFutureTest.kt:169)
	at kotlin.concurrent.ThreadsKt$thread$thread$1.run(Thread.kt:30)
Exception in thread "Thread-63213" java.util.concurrent.TimeoutException
	at serie1.Ex4.BlockingMessageQueueFuture$MyFuture.get(BlockingMessageQueueFuture.kt:222)
	at serie1.ex4.FutureTest$blocking_message_multiple_send_receive$2$thread$1.invoke(BlockingMessageQueueWithFutureTest.kt:179)
	at serie1.ex4.FutureTest$blocking_message_multiple_send_receive$2$thread$1.invoke(BlockingMessageQueueWithFutureTest.kt:169)
	at kotlin.concurrent.ThreadsKt$thread$thread$1.run(Thread.kt:30)
Exception in thread "Thread-63214" java.util.concurrent.TimeoutException
	at serie1.Ex4.BlockingMessageQueueFuture$MyFuture.get(BlockingMessageQueueFuture.kt:222)
	at serie1.ex4.FutureTest$blocking_message_multiple_send_receive$2$thread$1.invoke(BlockingMessageQueueWithFutureTest.kt:179)
	at serie1.ex4.FutureTest$blocking_message_multiple_send_receive$2$thread$1.invoke(BlockingMessageQueueWithFutureTest.kt:169)
	at kotlin.concurrent.ThreadsKt$thread$thread$1.run(Thread.kt:30)
Exception in thread "Thread-63212" java.util.concurrent.TimeoutException
	at serie1.Ex4.BlockingMessageQueueFuture$MyFuture.get(BlockingMessageQueueFuture.kt:222)
	at serie1.ex4.FutureTest$blocking_message_multiple_send_receive$2$thread$1.invoke(BlockingMessageQueueWithFutureTest.kt:179)
	at serie1.ex4.FutureTest$blocking_message_multiple_send_receive$2$thread$1.invoke(BlockingMessageQueueWithFutureTest.kt:169)
	at kotlin.concurrent.ThreadsKt$thread$thread$1.run(Thread.kt:30)
Exception in thread "Thread-63216" java.util.concurrent.TimeoutException
	at serie1.Ex4.BlockingMessageQueueFuture$MyFuture.get(BlockingMessageQueueFuture.kt:222)
	at serie1.ex4.FutureTest$blocking_message_multiple_send_receive$2$thread$1.invoke(BlockingMessageQueueWithFutureTest.kt:179)
	at serie1.ex4.FutureTest$blocking_message_multiple_send_receive$2$thread$1.invoke(BlockingMessageQueueWithFutureTest.kt:169)
	at kotlin.concurrent.ThreadsKt$thread$thread$1.run(Thread.kt:30)
[2022-04-22 22:01:21] [INFO] start writer 
[2022-04-22 22:01:21] [INFO] start writer 
[2022-04-22 22:01:21] [INFO] start writer 
[2022-04-22 22:01:21] [INFO] start writer 
[2022-04-22 22:01:21] [INFO] start reader 
[2022-04-22 22:01:21] [INFO] start writer 
[2022-04-22 22:01:21] [INFO] writer try send [6] 
[2022-04-22 22:01:21] [INFO] writer try send [7, 8, 9, 10] 
[2022-04-22 22:01:21] [INFO] writer send [7, 8, 9, 10] 
[2022-04-22 22:01:21] [INFO] start writer 
[2022-04-22 22:01:21] [INFO] writer try send [11, 12, 13] 
[2022-04-22 22:01:21] [INFO] writer send [11, 12, 13] 
[2022-04-22 22:01:21] [INFO] writer try send [14, 15, 16, 17] 
[2022-04-22 22:01:21] [INFO] writer try send [18, 19, 20] 
[2022-04-22 22:01:21] [INFO] writer try send [4, 5] 
[2022-04-22 22:01:21] [INFO] writer send [4, 5] 
[2022-04-22 22:01:21] [INFO] end writer 
[2022-04-22 22:01:21] [INFO] start writer 
[2022-04-22 22:01:21] [INFO] end writer 
[2022-04-22 22:01:21] [INFO] writer try send [1, 2, 3] 
[2022-04-22 22:01:21] [INFO] start get result 
[2022-04-22 22:01:21] [INFO] end get result 7 
[2022-04-22 22:01:21] [INFO] start reader 
[2022-04-22 22:01:21] [INFO] end writer 
[2022-04-22 22:01:21] [INFO] writer send [6] 
[2022-04-22 22:01:21] [INFO] start reader 
[2022-04-22 22:01:21] [INFO] start writer 
[2022-04-22 22:01:21] [INFO] start reader 
[2022-04-22 22:01:21] [INFO] end writer 
[2022-04-22 22:01:21] [INFO] start get result 
[2022-04-22 22:01:21] [INFO] start reader 
[2022-04-22 22:01:21] [INFO] reader get 7 
[2022-04-22 22:01:21] [INFO] start get result 
[2022-04-22 22:01:21] [INFO] start get result 
[2022-04-22 22:01:21] [INFO] end get result 10 
[2022-04-22 22:01:21] [INFO] reader get 10 
[2022-04-22 22:01:21] [INFO] start get result 
[2022-04-22 22:01:21] [INFO] writer send [18, 19, 20] 
[2022-04-22 22:01:21] [INFO] end writer 
[2022-04-22 22:01:21] [INFO] end writer 
[2022-04-22 22:01:21] [INFO] end get result 13 
[2022-04-22 22:01:21] [INFO] writer send [1, 2, 3] 
[2022-04-22 22:01:21] [INFO] end writer 
[2022-04-22 22:01:21] [INFO] start get result 
[2022-04-22 22:01:21] [INFO] end get result 12 
[2022-04-22 22:01:21] [INFO] end get result 9 
[2022-04-22 22:01:21] [INFO] reader get 9 
[2022-04-22 22:01:21] [INFO] start get result 
[2022-04-22 22:01:21] [INFO] start reader 
[2022-04-22 22:01:21] [INFO] end get result 8 
[2022-04-22 22:01:21] [INFO] end get result 11 
[2022-04-22 22:01:21] [INFO] start reader 
[2022-04-22 22:01:21] [INFO] start get result 
[2022-04-22 22:01:21] [INFO] reader get 12 
[2022-04-22 22:01:21] [INFO] start reader 
[2022-04-22 22:01:21] [INFO] reader get 13 
[2022-04-22 22:01:21] [INFO] start get result 
[2022-04-22 22:01:21] [INFO] start get result 
[2022-04-22 22:01:21] [INFO] writer send [14, 15, 16, 17] 
[2022-04-22 22:01:21] [INFO] end writer 
[2022-04-22 22:01:21] [INFO] start get result 
[2022-04-22 22:01:21] [INFO] end get result 2 
[2022-04-22 22:01:21] [INFO] reader get 2 
[2022-04-22 22:01:21] [INFO] start get result 
[2022-04-22 22:01:21] [INFO] end get result 3 
[2022-04-22 22:01:21] [INFO] reader get 3 
[2022-04-22 22:01:21] [INFO] start get result 
[2022-04-22 22:01:21] [INFO] end get result 18 
[2022-04-22 22:01:21] [INFO] reader get 18 
[2022-04-22 22:01:21] [INFO] start get result 
[2022-04-22 22:01:21] [INFO] end get result 20 
[2022-04-22 22:01:21] [INFO] reader get 20 
[2022-04-22 22:01:21] [INFO] start get result 
[2022-04-22 22:01:21] [INFO] end get result 14 
[2022-04-22 22:01:21] [INFO] end get result 4 
[2022-04-22 22:01:21] [INFO] reader get 4 
[2022-04-22 22:01:21] [INFO] reader get 8 
[2022-04-22 22:01:21] [INFO] start get result 
[2022-04-22 22:01:21] [INFO] start get result 
[2022-04-22 22:01:21] [INFO] end get result 16 
[2022-04-22 22:01:21] [INFO] reader get 16 
[2022-04-22 22:01:21] [INFO] start get result 
[2022-04-22 22:01:21] [INFO] reader get 11 
[2022-04-22 22:01:21] [INFO] start get result 
[2022-04-22 22:01:21] [INFO] reader get 14 
[2022-04-22 22:01:21] [INFO] start get result 
[2022-04-22 22:01:21] [INFO] end get result 19 
[2022-04-22 22:01:21] [INFO] reader get 19 
[2022-04-22 22:01:21] [INFO] start get result 
[2022-04-22 22:01:21] [INFO] end get result 1 
[2022-04-22 22:01:21] [INFO] end get result 5 
[2022-04-22 22:01:21] [INFO] reader get 5 
[2022-04-22 22:01:21] [INFO] start get result 
[2022-04-22 22:01:21] [INFO] start get result 
[2022-04-22 22:01:21] [INFO] end get result 6 
[2022-04-22 22:01:21] [INFO] reader get 6 
[2022-04-22 22:01:21] [INFO] start get result 
[2022-04-22 22:01:21] [INFO] reader get 1 
[2022-04-22 22:01:21] [INFO] start get result 
[2022-04-22 22:01:21] [INFO] start get result 
[2022-04-22 22:01:21] [INFO] end get result 17 
[2022-04-22 22:01:21] [INFO] reader get 17 
[2022-04-22 22:01:21] [INFO] start get result 
[2022-04-22 22:01:21] [INFO] end get result 15 
[2022-04-22 22:01:21] [INFO] reader get 15 
[2022-04-22 22:01:21] [INFO] start get result 
Exception in thread "Thread-63231" java.util.concurrent.TimeoutException
	at serie1.Ex4.BlockingMessageQueueFuture$MyFuture.get(BlockingMessageQueueFuture.kt:222)
	at serie1.ex4.FutureTest$blocking_message_multiple_send_receive$2$thread$1.invoke(BlockingMessageQueueWithFutureTest.kt:179)
	at serie1.ex4.FutureTest$blocking_message_multiple_send_receive$2$thread$1.invoke(BlockingMessageQueueWithFutureTest.kt:169)
	at kotlin.concurrent.ThreadsKt$thread$thread$1.run(Thread.kt:30)
Exception in thread "Thread-63230" java.util.concurrent.TimeoutException
	at serie1.Ex4.BlockingMessageQueueFuture$MyFuture.get(BlockingMessageQueueFuture.kt:222)
	at serie1.ex4.FutureTest$blocking_message_multiple_send_receive$2$thread$1.invoke(BlockingMessageQueueWithFutureTest.kt:179)
	at serie1.ex4.FutureTest$blocking_message_multiple_send_receive$2$thread$1.invoke(BlockingMessageQueueWithFutureTest.kt:169)
	at kotlin.concurrent.ThreadsKt$thread$thread$1.run(Thread.kt:30)
Exception in thread "Thread-63232" java.util.concurrent.TimeoutException
	at serie1.Ex4.BlockingMessageQueueFuture$MyFuture.get(BlockingMessageQueueFuture.kt:222)
	at serie1.ex4.FutureTest$blocking_message_multiple_send_receive$2$thread$1.invoke(BlockingMessageQueueWithFutureTest.kt:179)
	at serie1.ex4.FutureTest$blocking_message_multiple_send_receive$2$thread$1.invoke(BlockingMessageQueueWithFutureTest.kt:169)
	at kotlin.concurrent.ThreadsKt$thread$thread$1.run(Thread.kt:30)
Exception in thread "Thread-63228" java.util.concurrent.TimeoutException
	at serie1.Ex4.BlockingMessageQueueFuture$MyFuture.get(BlockingMessageQueueFuture.kt:222)
	at serie1.ex4.FutureTest$blocking_message_multiple_send_receive$2$thread$1.invoke(BlockingMessageQueueWithFutureTest.kt:179)
	at serie1.ex4.FutureTest$blocking_message_multiple_send_receive$2$thread$1.invoke(BlockingMessageQueueWithFutureTest.kt:169)
	at kotlin.concurrent.ThreadsKt$thread$thread$1.run(Thread.kt:30)
Exception in thread "Thread-63229" java.util.concurrent.TimeoutException
	at serie1.Ex4.BlockingMessageQueueFuture$MyFuture.get(BlockingMessageQueueFuture.kt:222)
	at serie1.ex4.FutureTest$blocking_message_multiple_send_receive$2$thread$1.invoke(BlockingMessageQueueWithFutureTest.kt:179)
	at serie1.ex4.FutureTest$blocking_message_multiple_send_receive$2$thread$1.invoke(BlockingMessageQueueWithFutureTest.kt:169)
	at kotlin.concurrent.ThreadsKt$thread$thread$1.run(Thread.kt:30)
Exception in thread "Thread-63234" java.util.concurrent.TimeoutException
	at serie1.Ex4.BlockingMessageQueueFuture$MyFuture.get(BlockingMessageQueueFuture.kt:222)
	at serie1.ex4.FutureTest$blocking_message_multiple_send_receive$2$thread$1.invoke(BlockingMessageQueueWithFutureTest.kt:179)
	at serie1.ex4.FutureTest$blocking_message_multiple_send_receive$2$thread$1.invoke(BlockingMessageQueueWithFutureTest.kt:169)
	at kotlin.concurrent.ThreadsKt$thread$thread$1.run(Thread.kt:30)
Exception in thread "Thread-63227" java.util.concurrent.TimeoutException
	at serie1.Ex4.BlockingMessageQueueFuture$MyFuture.get(BlockingMessageQueueFuture.kt:222)
	at serie1.ex4.FutureTest$blocking_message_multiple_send_receive$2$thread$1.invoke(BlockingMessageQueueWithFutureTest.kt:179)
	at serie1.ex4.FutureTest$blocking_message_multiple_send_receive$2$thread$1.invoke(BlockingMessageQueueWithFutureTest.kt:169)
	at kotlin.concurrent.ThreadsKt$thread$thread$1.run(Thread.kt:30)
Exception in thread "Thread-63233" java.util.concurrent.TimeoutException
	at serie1.Ex4.BlockingMessageQueueFuture$MyFuture.get(BlockingMessageQueueFuture.kt:222)
	at serie1.ex4.FutureTest$blocking_message_multiple_send_receive$2$thread$1.invoke(BlockingMessageQueueWithFutureTest.kt:179)
	at serie1.ex4.FutureTest$blocking_message_multiple_send_receive$2$thread$1.invoke(BlockingMessageQueueWithFutureTest.kt:169)
	at kotlin.concurrent.ThreadsKt$thread$thread$1.run(Thread.kt:30)
[2022-04-22 22:01:23] [INFO] start writer 
[2022-04-22 22:01:23] [INFO] start writer 
[2022-04-22 22:01:23] [INFO] writer try send [1, 2, 3] 
[2022-04-22 22:01:23] [INFO] start writer 
[2022-04-22 22:01:23] [INFO] start writer 
[2022-04-22 22:01:23] [INFO] writer try send [4, 5] 
[2022-04-22 22:01:23] [INFO] start writer 
[2022-04-22 22:01:23] [INFO] writer try send [7, 8, 9, 10] 
[2022-04-22 22:01:23] [INFO] writer send [7, 8, 9, 10] 
[2022-04-22 22:01:23] [INFO] writer try send [11, 12, 13] 
[2022-04-22 22:01:23] [INFO] writer try send [14, 15, 16, 17] 
[2022-04-22 22:01:23] [INFO] start writer 
[2022-04-22 22:01:23] [INFO] writer try send [18, 19, 20] 
[2022-04-22 22:01:23] [INFO] writer send [1, 2, 3] 
[2022-04-22 22:01:23] [INFO] end writer 
[2022-04-22 22:01:23] [INFO] start writer 
[2022-04-22 22:01:23] [INFO] start reader 
[2022-04-22 22:01:23] [INFO] start writer 
[2022-04-22 22:01:23] [INFO] end writer 
[2022-04-22 22:01:23] [INFO] end writer 
[2022-04-22 22:01:23] [INFO] writer send [4, 5] 
[2022-04-22 22:01:23] [INFO] writer try send [6] 
[2022-04-22 22:01:23] [INFO] writer send [6] 
[2022-04-22 22:01:23] [INFO] end writer 
[2022-04-22 22:01:23] [INFO] start get result 
[2022-04-22 22:01:23] [INFO] end get result 1 
[2022-04-22 22:01:23] [INFO] end writer 
[2022-04-22 22:01:23] [INFO] start reader 
[2022-04-22 22:01:23] [INFO] reader get 1 
[2022-04-22 22:01:23] [INFO] start reader 
[2022-04-22 22:01:23] [INFO] start get result 
[2022-04-22 22:01:23] [INFO] start reader 
[2022-04-22 22:01:23] [INFO] end get result 2 
[2022-04-22 22:01:23] [INFO] writer send [18, 19, 20] 
[2022-04-22 22:01:23] [INFO] start reader 
[2022-04-22 22:01:23] [INFO] reader get 2 
[2022-04-22 22:01:23] [INFO] start get result 
[2022-04-22 22:01:23] [INFO] writer send [11, 12, 13] 
[2022-04-22 22:01:23] [INFO] end writer 
[2022-04-22 22:01:23] [INFO] start get result 
[2022-04-22 22:01:23] [INFO] end get result 7 
[2022-04-22 22:01:23] [INFO] reader get 7 
[2022-04-22 22:01:23] [INFO] start reader 
[2022-04-22 22:01:23] [INFO] start get result 
[2022-04-22 22:01:23] [INFO] end get result 5 
[2022-04-22 22:01:23] [INFO] reader get 5 
[2022-04-22 22:01:23] [INFO] start reader 
[2022-04-22 22:01:23] [INFO] start get result 
[2022-04-22 22:01:23] [INFO] start reader 
[2022-04-22 22:01:23] [INFO] end writer 
[2022-04-22 22:01:23] [INFO] start get result 
[2022-04-22 22:01:23] [INFO] writer send [14, 15, 16, 17] 
[2022-04-22 22:01:23] [INFO] end writer 
[2022-04-22 22:01:23] [INFO] start get result 
[2022-04-22 22:01:23] [INFO] end get result 18 
[2022-04-22 22:01:23] [INFO] reader get 18 
[2022-04-22 22:01:23] [INFO] start get result 
[2022-04-22 22:01:23] [INFO] end get result 19 
[2022-04-22 22:01:23] [INFO] start get result 
[2022-04-22 22:01:23] [INFO] end get result 20 
[2022-04-22 22:01:23] [INFO] reader get 20 
[2022-04-22 22:01:23] [INFO] start get result 
[2022-04-22 22:01:23] [INFO] start get result 
[2022-04-22 22:01:23] [INFO] end get result 9 
[2022-04-22 22:01:23] [INFO] reader get 9 
[2022-04-22 22:01:23] [INFO] start get result 
[2022-04-22 22:01:23] [INFO] start get result 
[2022-04-22 22:01:23] [INFO] end get result 3 
[2022-04-22 22:01:23] [INFO] reader get 3 
[2022-04-22 22:01:23] [INFO] start get result 
[2022-04-22 22:01:23] [INFO] end get result 13 
[2022-04-22 22:01:23] [INFO] reader get 13 
[2022-04-22 22:01:23] [INFO] end get result 11 
[2022-04-22 22:01:23] [INFO] reader get 11 
[2022-04-22 22:01:23] [INFO] start get result 
[2022-04-22 22:01:23] [INFO] end get result 4 
[2022-04-22 22:01:23] [INFO] end get result 10 
[2022-04-22 22:01:23] [INFO] start get result 
[2022-04-22 22:01:23] [INFO] end get result 6 
[2022-04-22 22:01:23] [INFO] reader get 6 
[2022-04-22 22:01:23] [INFO] start get result 
[2022-04-22 22:01:23] [INFO] end get result 15 
[2022-04-22 22:01:23] [INFO] reader get 10 
[2022-04-22 22:01:23] [INFO] start get result 
[2022-04-22 22:01:23] [INFO] end get result 16 
[2022-04-22 22:01:23] [INFO] reader get 16 
[2022-04-22 22:01:23] [INFO] reader get 4 
[2022-04-22 22:01:23] [INFO] start get result 
[2022-04-22 22:01:23] [INFO] end get result 17 
[2022-04-22 22:01:23] [INFO] reader get 17 
[2022-04-22 22:01:23] [INFO] end get result 14 
[2022-04-22 22:01:23] [INFO] reader get 19 
[2022-04-22 22:01:23] [INFO] start get result 
[2022-04-22 22:01:23] [INFO] start get result 
[2022-04-22 22:01:23] [INFO] end get result 8 
[2022-04-22 22:01:23] [INFO] reader get 8 
[2022-04-22 22:01:23] [INFO] start get result 
[2022-04-22 22:01:23] [INFO] end get result 12 
[2022-04-22 22:01:23] [INFO] reader get 12 
[2022-04-22 22:01:23] [INFO] start get result 
[2022-04-22 22:01:23] [INFO] reader get 14 
[2022-04-22 22:01:23] [INFO] start get result 
[2022-04-22 22:01:23] [INFO] start get result 
[2022-04-22 22:01:23] [INFO] reader get 15 
[2022-04-22 22:01:23] [INFO] start get result 
[2022-04-22 22:01:23] [INFO] start get result 
Exception in thread "Thread-63246" java.util.concurrent.TimeoutException
	at serie1.Ex4.BlockingMessageQueueFuture$MyFuture.get(BlockingMessageQueueFuture.kt:222)
	at serie1.ex4.FutureTest$blocking_message_multiple_send_receive$2$thread$1.invoke(BlockingMessageQueueWithFutureTest.kt:179)
	at serie1.ex4.FutureTest$blocking_message_multiple_send_receive$2$thread$1.invoke(BlockingMessageQueueWithFutureTest.kt:169)
	at kotlin.concurrent.ThreadsKt$thread$thread$1.run(Thread.kt:30)
Exception in thread "Thread-63250" java.util.concurrent.TimeoutException
	at serie1.Ex4.BlockingMessageQueueFuture$MyFuture.get(BlockingMessageQueueFuture.kt:222)
	at serie1.ex4.FutureTest$blocking_message_multiple_send_receive$2$thread$1.invoke(BlockingMessageQueueWithFutureTest.kt:179)
	at serie1.ex4.FutureTest$blocking_message_multiple_send_receive$2$thread$1.invoke(BlockingMessageQueueWithFutureTest.kt:169)
	at kotlin.concurrent.ThreadsKt$thread$thread$1.run(Thread.kt:30)
Exception in thread "Thread-63249" java.util.concurrent.TimeoutException
	at serie1.Ex4.BlockingMessageQueueFuture$MyFuture.get(BlockingMessageQueueFuture.kt:222)
	at serie1.ex4.FutureTest$blocking_message_multiple_send_receive$2$thread$1.invoke(BlockingMessageQueueWithFutureTest.kt:179)
	at serie1.ex4.FutureTest$blocking_message_multiple_send_receive$2$thread$1.invoke(BlockingMessageQueueWithFutureTest.kt:169)
	at kotlin.concurrent.ThreadsKt$thread$thread$1.run(Thread.kt:30)
Exception in thread "Thread-63248" java.util.concurrent.TimeoutException
	at serie1.Ex4.BlockingMessageQueueFuture$MyFuture.get(BlockingMessageQueueFuture.kt:222)
	at serie1.ex4.FutureTest$blocking_message_multiple_send_receive$2$thread$1.invoke(BlockingMessageQueueWithFutureTest.kt:179)
	at serie1.ex4.FutureTest$blocking_message_multiple_send_receive$2$thread$1.invoke(BlockingMessageQueueWithFutureTest.kt:169)
	at kotlin.concurrent.ThreadsKt$thread$thread$1.run(Thread.kt:30)
Exception in thread "Thread-63245" java.util.concurrent.TimeoutException
	at serie1.Ex4.BlockingMessageQueueFuture$MyFuture.get(BlockingMessageQueueFuture.kt:222)
	at serie1.ex4.FutureTest$blocking_message_multiple_send_receive$2$thread$1.invoke(BlockingMessageQueueWithFutureTest.kt:179)
	at serie1.ex4.FutureTest$blocking_message_multiple_send_receive$2$thread$1.invoke(BlockingMessageQueueWithFutureTest.kt:169)
	at kotlin.concurrent.ThreadsKt$thread$thread$1.run(Thread.kt:30)
Exception in thread "Thread-63247" java.util.concurrent.TimeoutException
	at serie1.Ex4.BlockingMessageQueueFuture$MyFuture.get(BlockingMessageQueueFuture.kt:222)
	at serie1.ex4.FutureTest$blocking_message_multiple_send_receive$2$thread$1.invoke(BlockingMessageQueueWithFutureTest.kt:179)
	at serie1.ex4.FutureTest$blocking_message_multiple_send_receive$2$thread$1.invoke(BlockingMessageQueueWithFutureTest.kt:169)
	at kotlin.concurrent.ThreadsKt$thread$thread$1.run(Thread.kt:30)
Exception in thread "Thread-63251" java.util.concurrent.TimeoutException
	at serie1.Ex4.BlockingMessageQueueFuture$MyFuture.get(BlockingMessageQueueFuture.kt:222)
	at serie1.ex4.FutureTest$blocking_message_multiple_send_receive$2$thread$1.invoke(BlockingMessageQueueWithFutureTest.kt:179)
	at serie1.ex4.FutureTest$blocking_message_multiple_send_receive$2$thread$1.invoke(BlockingMessageQueueWithFutureTest.kt:169)
	at kotlin.concurrent.ThreadsKt$thread$thread$1.run(Thread.kt:30)
Exception in thread "Thread-63244" java.util.concurrent.TimeoutException
	at serie1.Ex4.BlockingMessageQueueFuture$MyFuture.get(BlockingMessageQueueFuture.kt:222)
	at serie1.ex4.FutureTest$blocking_message_multiple_send_receive$2$thread$1.invoke(BlockingMessageQueueWithFutureTest.kt:179)
	at serie1.ex4.FutureTest$blocking_message_multiple_send_receive$2$thread$1.invoke(BlockingMessageQueueWithFutureTest.kt:169)
	at kotlin.concurrent.ThreadsKt$thread$thread$1.run(Thread.kt:30)
[2022-04-22 22:01:25] [INFO] start writer 
[2022-04-22 22:01:25] [INFO] writer try send [1, 2, 3] 
[2022-04-22 22:01:25] [INFO] start writer 
[2022-04-22 22:01:25] [INFO] start writer 
[2022-04-22 22:01:25] [INFO] writer try send [4, 5] 
[2022-04-22 22:01:25] [INFO] start writer 
[2022-04-22 22:01:25] [INFO] writer try send [6] 
[2022-04-22 22:01:25] [INFO] start writer 
[2022-04-22 22:01:25] [INFO] writer try send [7, 8, 9, 10] 
[2022-04-22 22:01:25] [INFO] writer try send [11, 12, 13] 
[2022-04-22 22:01:25] [INFO] start writer 
[2022-04-22 22:01:25] [INFO] writer try send [14, 15, 16, 17] 
[2022-04-22 22:01:25] [INFO] writer send [1, 2, 3] 
[2022-04-22 22:01:25] [INFO] writer try send [18, 19, 20] 
[2022-04-22 22:01:25] [INFO] start writer 
[2022-04-22 22:01:25] [INFO] end writer 
[2022-04-22 22:01:25] [INFO] start writer 
[2022-04-22 22:01:25] [INFO] writer send [4, 5] 
[2022-04-22 22:01:25] [INFO] start reader 
[2022-04-22 22:01:25] [INFO] start writer 
[2022-04-22 22:01:25] [INFO] start reader 
[2022-04-22 22:01:25] [INFO] end writer 
[2022-04-22 22:01:25] [INFO] end writer 
[2022-04-22 22:01:25] [INFO] end writer 
[2022-04-22 22:01:25] [INFO] writer send [6] 
[2022-04-22 22:01:25] [INFO] start get result 
[2022-04-22 22:01:25] [INFO] start get result 
[2022-04-22 22:01:25] [INFO] start reader 
[2022-04-22 22:01:25] [INFO] end get result 2 
[2022-04-22 22:01:25] [INFO] reader get 2 
[2022-04-22 22:01:25] [INFO] end get result 1 
[2022-04-22 22:01:25] [INFO] reader get 1 
[2022-04-22 22:01:25] [INFO] start get result 
[2022-04-22 22:01:25] [INFO] end writer 
[2022-04-22 22:01:25] [INFO] start get result 
[2022-04-22 22:01:25] [INFO] end get result 4 
[2022-04-22 22:01:25] [INFO] reader get 4 
[2022-04-22 22:01:25] [INFO] start reader 
[2022-04-22 22:01:25] [INFO] start get result 
[2022-04-22 22:01:25] [INFO] end get result 6 
[2022-04-22 22:01:25] [INFO] reader get 6 
[2022-04-22 22:01:25] [INFO] start get result 
[2022-04-22 22:01:25] [INFO] end get result 18 
[2022-04-22 22:01:25] [INFO] start get result 
[2022-04-22 22:01:25] [INFO] start get result 
[2022-04-22 22:01:25] [INFO] end get result 19 
[2022-04-22 22:01:25] [INFO] reader get 19 
[2022-04-22 22:01:25] [INFO] start get result 
[2022-04-22 22:01:25] [INFO] end get result 20 
[2022-04-22 22:01:25] [INFO] writer send [18, 19, 20] 
[2022-04-22 22:01:25] [INFO] end writer 
[2022-04-22 22:01:25] [INFO] end get result 3 
[2022-04-22 22:01:25] [INFO] reader get 20 
[2022-04-22 22:01:25] [INFO] writer send [7, 8, 9, 10] 
[2022-04-22 22:01:25] [INFO] end writer 
[2022-04-22 22:01:25] [INFO] end get result 5 
[2022-04-22 22:01:25] [INFO] reader get 5 
[2022-04-22 22:01:25] [INFO] start reader 
[2022-04-22 22:01:25] [INFO] reader get 18 
[2022-04-22 22:01:25] [INFO] start get result 
[2022-04-22 22:01:25] [INFO] end get result 9 
[2022-04-22 22:01:25] [INFO] start reader 
[2022-04-22 22:01:25] [INFO] start get result 
[2022-04-22 22:01:25] [INFO] reader get 3 
[2022-04-22 22:01:25] [INFO] start get result 
[2022-04-22 22:01:25] [INFO] start get result 
[2022-04-22 22:01:25] [INFO] writer send [14, 15, 16, 17] 
[2022-04-22 22:01:25] [INFO] end writer 
[2022-04-22 22:01:25] [INFO] end get result 7 
[2022-04-22 22:01:25] [INFO] start reader 
[2022-04-22 22:01:25] [INFO] reader get 9 
[2022-04-22 22:01:25] [INFO] writer send [11, 12, 13] 
[2022-04-22 22:01:25] [INFO] start reader 
[2022-04-22 22:01:25] [INFO] start get result 
[2022-04-22 22:01:25] [INFO] end get result 8 
[2022-04-22 22:01:25] [INFO] start get result 
[2022-04-22 22:01:25] [INFO] end get result 14 
[2022-04-22 22:01:25] [INFO] reader get 14 
[2022-04-22 22:01:25] [INFO] start get result 
[2022-04-22 22:01:25] [INFO] end get result 15 
[2022-04-22 22:01:25] [INFO] reader get 15 
[2022-04-22 22:01:25] [INFO] start get result 
[2022-04-22 22:01:25] [INFO] end get result 16 
[2022-04-22 22:01:25] [INFO] start get result 
[2022-04-22 22:01:25] [INFO] end get result 17 
[2022-04-22 22:01:25] [INFO] reader get 17 
[2022-04-22 22:01:25] [INFO] start get result 
[2022-04-22 22:01:25] [INFO] start get result 
[2022-04-22 22:01:25] [INFO] reader get 7 
[2022-04-22 22:01:25] [INFO] end get result 10 
[2022-04-22 22:01:25] [INFO] start get result 
[2022-04-22 22:01:25] [INFO] end get result 12 
[2022-04-22 22:01:25] [INFO] reader get 12 
[2022-04-22 22:01:25] [INFO] start get result 
[2022-04-22 22:01:25] [INFO] end get result 11 
[2022-04-22 22:01:25] [INFO] reader get 10 
[2022-04-22 22:01:25] [INFO] start get result 
[2022-04-22 22:01:25] [INFO] end get result 13 
[2022-04-22 22:01:25] [INFO] reader get 13 
[2022-04-22 22:01:25] [INFO] start get result 
[2022-04-22 22:01:25] [INFO] reader get 16 
[2022-04-22 22:01:25] [INFO] end writer 
[2022-04-22 22:01:25] [INFO] reader get 8 
[2022-04-22 22:01:25] [INFO] start get result 
[2022-04-22 22:01:25] [INFO] start get result 
[2022-04-22 22:01:25] [INFO] reader get 11 
[2022-04-22 22:01:25] [INFO] start get result 
[2022-04-22 22:01:25] [INFO] start get result 
Exception in thread "Thread-63266" java.util.concurrent.TimeoutException
	at serie1.Ex4.BlockingMessageQueueFuture$MyFuture.get(BlockingMessageQueueFuture.kt:222)
	at serie1.ex4.FutureTest$blocking_message_multiple_send_receive$2$thread$1.invoke(BlockingMessageQueueWithFutureTest.kt:179)
	at serie1.ex4.FutureTest$blocking_message_multiple_send_receive$2$thread$1.invoke(BlockingMessageQueueWithFutureTest.kt:169)
	at kotlin.concurrent.ThreadsKt$thread$thread$1.run(Thread.kt:30)
Exception in thread "Thread-63269" java.util.concurrent.TimeoutException
	at serie1.Ex4.BlockingMessageQueueFuture$MyFuture.get(BlockingMessageQueueFuture.kt:222)
	at serie1.ex4.FutureTest$blocking_message_multiple_send_receive$2$thread$1.invoke(BlockingMessageQueueWithFutureTest.kt:179)
	at serie1.ex4.FutureTest$blocking_message_multiple_send_receive$2$thread$1.invoke(BlockingMessageQueueWithFutureTest.kt:169)
	at kotlin.concurrent.ThreadsKt$thread$thread$1.run(Thread.kt:30)
Exception in thread "Thread-63262" java.util.concurrent.TimeoutException
	at serie1.Ex4.BlockingMessageQueueFuture$MyFuture.get(BlockingMessageQueueFuture.kt:222)
	at serie1.ex4.FutureTest$blocking_message_multiple_send_receive$2$thread$1.invoke(BlockingMessageQueueWithFutureTest.kt:179)
	at serie1.ex4.FutureTest$blocking_message_multiple_send_receive$2$thread$1.invoke(BlockingMessageQueueWithFutureTest.kt:169)
	at kotlin.concurrent.ThreadsKt$thread$thread$1.run(Thread.kt:30)
Exception in thread "Thread-63264" java.util.concurrent.TimeoutException
	at serie1.Ex4.BlockingMessageQueueFuture$MyFuture.get(BlockingMessageQueueFuture.kt:222)
	at serie1.ex4.FutureTest$blocking_message_multiple_send_receive$2$thread$1.invoke(BlockingMessageQueueWithFutureTest.kt:179)
	at serie1.ex4.FutureTest$blocking_message_multiple_send_receive$2$thread$1.invoke(BlockingMessageQueueWithFutureTest.kt:169)
	at kotlin.concurrent.ThreadsKt$thread$thread$1.run(Thread.kt:30)
Exception in thread "Thread-63263" java.util.concurrent.TimeoutException
	at serie1.Ex4.BlockingMessageQueueFuture$MyFuture.get(BlockingMessageQueueFuture.kt:222)
	at serie1.ex4.FutureTest$blocking_message_multiple_send_receive$2$thread$1.invoke(BlockingMessageQueueWithFutureTest.kt:179)
	at serie1.ex4.FutureTest$blocking_message_multiple_send_receive$2$thread$1.invoke(BlockingMessageQueueWithFutureTest.kt:169)
	at kotlin.concurrent.ThreadsKt$thread$thread$1.run(Thread.kt:30)
Exception in thread "Thread-63267" java.util.concurrent.TimeoutException
	at serie1.Ex4.BlockingMessageQueueFuture$MyFuture.get(BlockingMessageQueueFuture.kt:222)
	at serie1.ex4.FutureTest$blocking_message_multiple_send_receive$2$thread$1.invoke(BlockingMessageQueueWithFutureTest.kt:179)
	at serie1.ex4.FutureTest$blocking_message_multiple_send_receive$2$thread$1.invoke(BlockingMessageQueueWithFutureTest.kt:169)
	at kotlin.concurrent.ThreadsKt$thread$thread$1.run(Thread.kt:30)
Exception in thread "Thread-63265" java.util.concurrent.TimeoutException
	at serie1.Ex4.BlockingMessageQueueFuture$MyFuture.get(BlockingMessageQueueFuture.kt:222)
	at serie1.ex4.FutureTest$blocking_message_multiple_send_receive$2$thread$1.invoke(BlockingMessageQueueWithFutureTest.kt:179)
	at serie1.ex4.FutureTest$blocking_message_multiple_send_receive$2$thread$1.invoke(BlockingMessageQueueWithFutureTest.kt:169)
	at kotlin.concurrent.ThreadsKt$thread$thread$1.run(Thread.kt:30)
Exception in thread "Thread-63268" java.util.concurrent.TimeoutException
	at serie1.Ex4.BlockingMessageQueueFuture$MyFuture.get(BlockingMessageQueueFuture.kt:222)
	at serie1.ex4.FutureTest$blocking_message_multiple_send_receive$2$thread$1.invoke(BlockingMessageQueueWithFutureTest.kt:179)
	at serie1.ex4.FutureTest$blocking_message_multiple_send_receive$2$thread$1.invoke(BlockingMessageQueueWithFutureTest.kt:169)
	at kotlin.concurrent.ThreadsKt$thread$thread$1.run(Thread.kt:30)
[2022-04-22 22:01:27] [INFO] start writer 
[2022-04-22 22:01:27] [INFO] writer try send [1, 2, 3] 
[2022-04-22 22:01:27] [INFO] start writer 
[2022-04-22 22:01:27] [INFO] writer send [1, 2, 3] 
[2022-04-22 22:01:27] [INFO] start reader 
[2022-04-22 22:01:27] [INFO] start writer 
[2022-04-22 22:01:27] [INFO] writer try send [7, 8, 9, 10] 
[2022-04-22 22:01:27] [INFO] start reader 
[2022-04-22 22:01:27] [INFO] writer try send [6] 
[2022-04-22 22:01:27] [INFO] writer send [6] 
[2022-04-22 22:01:27] [INFO] writer try send [11, 12, 13] 
[2022-04-22 22:01:27] [INFO] writer try send [4, 5] 
[2022-04-22 22:01:27] [INFO] start reader 
[2022-04-22 22:01:27] [INFO] start writer 
[2022-04-22 22:01:27] [INFO] writer try send [14, 15, 16, 17] 
[2022-04-22 22:01:27] [INFO] start writer 
[2022-04-22 22:01:27] [INFO] writer try send [18, 19, 20] 
[2022-04-22 22:01:27] [INFO] start writer 
[2022-04-22 22:01:27] [INFO] start get result 
[2022-04-22 22:01:27] [INFO] start writer 
[2022-04-22 22:01:27] [INFO] end writer 
[2022-04-22 22:01:27] [INFO] end get result 3 
[2022-04-22 22:01:27] [INFO] end writer 
[2022-04-22 22:01:27] [INFO] start get result 
[2022-04-22 22:01:27] [INFO] end get result 2 
[2022-04-22 22:01:27] [INFO] reader get 2 
[2022-04-22 22:01:27] [INFO] start get result 
[2022-04-22 22:01:27] [INFO] writer send [14, 15, 16, 17] 
[2022-04-22 22:01:27] [INFO] end writer 
[2022-04-22 22:01:27] [INFO] start reader 
[2022-04-22 22:01:27] [INFO] writer send [4, 5] 
[2022-04-22 22:01:27] [INFO] end writer 
[2022-04-22 22:01:27] [INFO] start get result 
[2022-04-22 22:01:27] [INFO] end get result 1 
[2022-04-22 22:01:27] [INFO] start writer 
[2022-04-22 22:01:27] [INFO] end writer 
[2022-04-22 22:01:27] [INFO] start writer 
[2022-04-22 22:01:27] [INFO] end writer 
[2022-04-22 22:01:27] [INFO] start get result 
[2022-04-22 22:01:27] [INFO] end get result 4 
[2022-04-22 22:01:27] [INFO] reader get 4 
[2022-04-22 22:01:27] [INFO] reader get 1 
[2022-04-22 22:01:27] [INFO] start get result 
[2022-04-22 22:01:27] [INFO] end get result 14 
[2022-04-22 22:01:27] [INFO] reader get 14 
[2022-04-22 22:01:27] [INFO] start get result 
[2022-04-22 22:01:27] [INFO] end get result 15 
[2022-04-22 22:01:27] [INFO] reader get 15 
[2022-04-22 22:01:27] [INFO] start get result 
[2022-04-22 22:01:27] [INFO] end get result 16 
[2022-04-22 22:01:27] [INFO] reader get 16 
[2022-04-22 22:01:27] [INFO] start get result 
[2022-04-22 22:01:27] [INFO] end get result 17 
[2022-04-22 22:01:27] [INFO] reader get 17 
[2022-04-22 22:01:27] [INFO] start get result 
[2022-04-22 22:01:27] [INFO] writer send [18, 19, 20] 
[2022-04-22 22:01:27] [INFO] end get result 11 
[2022-04-22 22:01:27] [INFO] reader get 11 
[2022-04-22 22:01:27] [INFO] start get result 
[2022-04-22 22:01:27] [INFO] start reader 
[2022-04-22 22:01:27] [INFO] end get result 6 
[2022-04-22 22:01:27] [INFO] reader get 3 
[2022-04-22 22:01:27] [INFO] reader get 6 
[2022-04-22 22:01:27] [INFO] start get result 
[2022-04-22 22:01:27] [INFO] start get result 
[2022-04-22 22:01:27] [INFO] start reader 
[2022-04-22 22:01:27] [INFO] end get result 12 
[2022-04-22 22:01:27] [INFO] reader get 12 
[2022-04-22 22:01:27] [INFO] start get result 
[2022-04-22 22:01:27] [INFO] end writer 
[2022-04-22 22:01:27] [INFO] start reader 
[2022-04-22 22:01:27] [INFO] writer send [11, 12, 13] 
[2022-04-22 22:01:27] [INFO] end writer 
[2022-04-22 22:01:27] [INFO] start reader 
[2022-04-22 22:01:27] [INFO] start get result 
[2022-04-22 22:01:27] [INFO] start get result 
[2022-04-22 22:01:27] [INFO] start get result 
[2022-04-22 22:01:27] [INFO] end get result 8 
[2022-04-22 22:01:27] [INFO] reader get 8 
[2022-04-22 22:01:27] [INFO] start get result 
[2022-04-22 22:01:27] [INFO] end get result 9 
[2022-04-22 22:01:27] [INFO] end get result 7 
[2022-04-22 22:01:27] [INFO] reader get 7 
[2022-04-22 22:01:27] [INFO] end get result 5 
[2022-04-22 22:01:27] [INFO] reader get 5 
[2022-04-22 22:01:27] [INFO] start get result 
[2022-04-22 22:01:27] [INFO] start get result 
[2022-04-22 22:01:27] [INFO] end get result 20 
[2022-04-22 22:01:27] [INFO] reader get 20 
[2022-04-22 22:01:27] [INFO] start get result 
[2022-04-22 22:01:27] [INFO] end get result 19 
[2022-04-22 22:01:27] [INFO] reader get 19 
[2022-04-22 22:01:27] [INFO] start get result 
[2022-04-22 22:01:27] [INFO] end get result 13 
[2022-04-22 22:01:27] [INFO] reader get 13 
[2022-04-22 22:01:27] [INFO] start get result 
[2022-04-22 22:01:27] [INFO] writer send [7, 8, 9, 10] 
[2022-04-22 22:01:27] [INFO] end writer 
[2022-04-22 22:01:27] [INFO] end get result 18 
[2022-04-22 22:01:27] [INFO] reader get 18 
[2022-04-22 22:01:27] [INFO] start get result 
[2022-04-22 22:01:27] [INFO] start get result 
[2022-04-22 22:01:27] [INFO] reader get 9 
[2022-04-22 22:01:27] [INFO] start get result 
[2022-04-22 22:01:27] [INFO] start get result 
[2022-04-22 22:01:27] [INFO] end get result 10 
[2022-04-22 22:01:27] [INFO] reader get 10 
[2022-04-22 22:01:27] [INFO] start get result 
Exception in thread "Thread-63285" java.util.concurrent.TimeoutException
	at serie1.Ex4.BlockingMessageQueueFuture$MyFuture.get(BlockingMessageQueueFuture.kt:222)
	at serie1.ex4.FutureTest$blocking_message_multiple_send_receive$2$thread$1.invoke(BlockingMessageQueueWithFutureTest.kt:179)
	at serie1.ex4.FutureTest$blocking_message_multiple_send_receive$2$thread$1.invoke(BlockingMessageQueueWithFutureTest.kt:169)
	at kotlin.concurrent.ThreadsKt$thread$thread$1.run(Thread.kt:30)
Exception in thread "Thread-63286" java.util.concurrent.TimeoutException
	at serie1.Ex4.BlockingMessageQueueFuture$MyFuture.get(BlockingMessageQueueFuture.kt:222)
	at serie1.ex4.FutureTest$blocking_message_multiple_send_receive$2$thread$1.invoke(BlockingMessageQueueWithFutureTest.kt:179)
	at serie1.ex4.FutureTest$blocking_message_multiple_send_receive$2$thread$1.invoke(BlockingMessageQueueWithFutureTest.kt:169)
	at kotlin.concurrent.ThreadsKt$thread$thread$1.run(Thread.kt:30)
Exception in thread "Thread-63287" java.util.concurrent.TimeoutException
	at serie1.Ex4.BlockingMessageQueueFuture$MyFuture.get(BlockingMessageQueueFuture.kt:222)
	at serie1.ex4.FutureTest$blocking_message_multiple_send_receive$2$thread$1.invoke(BlockingMessageQueueWithFutureTest.kt:179)
	at serie1.ex4.FutureTest$blocking_message_multiple_send_receive$2$thread$1.invoke(BlockingMessageQueueWithFutureTest.kt:169)
	at kotlin.concurrent.ThreadsKt$thread$thread$1.run(Thread.kt:30)
Exception in thread "Thread-63281" java.util.concurrent.TimeoutException
	at serie1.Ex4.BlockingMessageQueueFuture$MyFuture.get(BlockingMessageQueueFuture.kt:222)
	at serie1.ex4.FutureTest$blocking_message_multiple_send_receive$2$thread$1.invoke(BlockingMessageQueueWithFutureTest.kt:179)
	at serie1.ex4.FutureTest$blocking_message_multiple_send_receive$2$thread$1.invoke(BlockingMessageQueueWithFutureTest.kt:169)
	at kotlin.concurrent.ThreadsKt$thread$thread$1.run(Thread.kt:30)
Exception in thread "Thread-63280" java.util.concurrent.TimeoutException
	at serie1.Ex4.BlockingMessageQueueFuture$MyFuture.get(BlockingMessageQueueFuture.kt:222)
	at serie1.ex4.FutureTest$blocking_message_multiple_send_receive$2$thread$1.invoke(BlockingMessageQueueWithFutureTest.kt:179)
	at serie1.ex4.FutureTest$blocking_message_multiple_send_receive$2$thread$1.invoke(BlockingMessageQueueWithFutureTest.kt:169)
	at kotlin.concurrent.ThreadsKt$thread$thread$1.run(Thread.kt:30)
Exception in thread "Thread-63284" java.util.concurrent.TimeoutException
	at serie1.Ex4.BlockingMessageQueueFuture$MyFuture.get(BlockingMessageQueueFuture.kt:222)
	at serie1.ex4.FutureTest$blocking_message_multiple_send_receive$2$thread$1.invoke(BlockingMessageQueueWithFutureTest.kt:179)
	at serie1.ex4.FutureTest$blocking_message_multiple_send_receive$2$thread$1.invoke(BlockingMessageQueueWithFutureTest.kt:169)
	at kotlin.concurrent.ThreadsKt$thread$thread$1.run(Thread.kt:30)
Exception in thread "Thread-63283" java.util.concurrent.TimeoutException
	at serie1.Ex4.BlockingMessageQueueFuture$MyFuture.get(BlockingMessageQueueFuture.kt:222)
	at serie1.ex4.FutureTest$blocking_message_multiple_send_receive$2$thread$1.invoke(BlockingMessageQueueWithFutureTest.kt:179)
	at serie1.ex4.FutureTest$blocking_message_multiple_send_receive$2$thread$1.invoke(BlockingMessageQueueWithFutureTest.kt:169)
	at kotlin.concurrent.ThreadsKt$thread$thread$1.run(Thread.kt:30)
Exception in thread "Thread-63282" java.util.concurrent.TimeoutException
	at serie1.Ex4.BlockingMessageQueueFuture$MyFuture.get(BlockingMessageQueueFuture.kt:222)
	at serie1.ex4.FutureTest$blocking_message_multiple_send_receive$2$thread$1.invoke(BlockingMessageQueueWithFutureTest.kt:179)
	at serie1.ex4.FutureTest$blocking_message_multiple_send_receive$2$thread$1.invoke(BlockingMessageQueueWithFutureTest.kt:169)
	at kotlin.concurrent.ThreadsKt$thread$thread$1.run(Thread.kt:30)
[2022-04-22 22:01:29] [INFO] start writer 
[2022-04-22 22:01:29] [INFO] start writer 
[2022-04-22 22:01:29] [INFO] start writer 
[2022-04-22 22:01:29] [INFO] start writer 
[2022-04-22 22:01:29] [INFO] start writer 
[2022-04-22 22:01:29] [INFO] start reader 
[2022-04-22 22:01:29] [INFO] writer try send [11, 12, 13] 
[2022-04-22 22:01:29] [INFO] writer send [11, 12, 13] 
[2022-04-22 22:01:29] [INFO] writer try send [14, 15, 16, 17] 
[2022-04-22 22:01:29] [INFO] writer send [14, 15, 16, 17] 
[2022-04-22 22:01:29] [INFO] writer try send [18, 19, 20] 
[2022-04-22 22:01:29] [INFO] start writer 
[2022-04-22 22:01:29] [INFO] start get result 
[2022-04-22 22:01:29] [INFO] end get result 11 
[2022-04-22 22:01:29] [INFO] reader get 11 
[2022-04-22 22:01:29] [INFO] start get result 
[2022-04-22 22:01:29] [INFO] end get result 12 
[2022-04-22 22:01:29] [INFO] reader get 12 
[2022-04-22 22:01:29] [INFO] start get result 
[2022-04-22 22:01:29] [INFO] end get result 13 
[2022-04-22 22:01:29] [INFO] reader get 13 
[2022-04-22 22:01:29] [INFO] start get result 
[2022-04-22 22:01:29] [INFO] end get result 14 
[2022-04-22 22:01:29] [INFO] reader get 14 
[2022-04-22 22:01:29] [INFO] start get result 
[2022-04-22 22:01:29] [INFO] writer try send [4, 5] 
[2022-04-22 22:01:29] [INFO] writer send [4, 5] 
[2022-04-22 22:01:29] [INFO] writer try send [1, 2, 3] 
[2022-04-22 22:01:29] [INFO] start writer 
[2022-04-22 22:01:29] [INFO] end writer 
[2022-04-22 22:01:29] [INFO] end writer 
[2022-04-22 22:01:29] [INFO] end get result 15 
[2022-04-22 22:01:29] [INFO] writer send [18, 19, 20] 
[2022-04-22 22:01:29] [INFO] end writer 
[2022-04-22 22:01:29] [INFO] end writer 
[2022-04-22 22:01:29] [INFO] start reader 
[2022-04-22 22:01:29] [INFO] start writer 
[2022-04-22 22:01:29] [INFO] start reader 
[2022-04-22 22:01:29] [INFO] start writer 
[2022-04-22 22:01:29] [INFO] end writer 
[2022-04-22 22:01:29] [INFO] writer try send [7, 8, 9, 10] 
[2022-04-22 22:01:29] [INFO] writer try send [6] 
[2022-04-22 22:01:29] [INFO] writer send [6] 
[2022-04-22 22:01:29] [INFO] end writer 
[2022-04-22 22:01:29] [INFO] start get result 
[2022-04-22 22:01:29] [INFO] end get result 17 
[2022-04-22 22:01:29] [INFO] start get result 
[2022-04-22 22:01:29] [INFO] end get result 16 
[2022-04-22 22:01:29] [INFO] reader get 16 
[2022-04-22 22:01:29] [INFO] start get result 
[2022-04-22 22:01:29] [INFO] end get result 18 
[2022-04-22 22:01:29] [INFO] start reader 
[2022-04-22 22:01:29] [INFO] end writer 
[2022-04-22 22:01:29] [INFO] start reader 
[2022-04-22 22:01:29] [INFO] reader get 15 
[2022-04-22 22:01:29] [INFO] start get result 
[2022-04-22 22:01:29] [INFO] end get result 19 
[2022-04-22 22:01:29] [INFO] reader get 18 
[2022-04-22 22:01:29] [INFO] reader get 17 
[2022-04-22 22:01:29] [INFO] writer send [1, 2, 3] 
[2022-04-22 22:01:29] [INFO] start get result 
[2022-04-22 22:01:29] [INFO] end get result 5 
[2022-04-22 22:01:29] [INFO] start get result 
[2022-04-22 22:01:29] [INFO] end get result 6 
[2022-04-22 22:01:29] [INFO] reader get 6 
[2022-04-22 22:01:29] [INFO] start get result 
[2022-04-22 22:01:29] [INFO] end get result 1 
[2022-04-22 22:01:29] [INFO] reader get 1 
[2022-04-22 22:01:29] [INFO] start get result 
[2022-04-22 22:01:29] [INFO] end get result 2 
[2022-04-22 22:01:29] [INFO] reader get 2 
[2022-04-22 22:01:29] [INFO] start get result 
[2022-04-22 22:01:29] [INFO] start get result 
[2022-04-22 22:01:29] [INFO] end get result 4 
[2022-04-22 22:01:29] [INFO] reader get 4 
[2022-04-22 22:01:29] [INFO] start get result 
[2022-04-22 22:01:29] [INFO] end get result 7 
[2022-04-22 22:01:29] [INFO] reader get 7 
[2022-04-22 22:01:29] [INFO] start get result 
[2022-04-22 22:01:29] [INFO] end get result 20 
[2022-04-22 22:01:29] [INFO] reader get 20 
[2022-04-22 22:01:29] [INFO] reader get 19 
[2022-04-22 22:01:29] [INFO] start get result 
[2022-04-22 22:01:29] [INFO] end get result 10 
[2022-04-22 22:01:29] [INFO] reader get 10 
[2022-04-22 22:01:29] [INFO] start get result 
[2022-04-22 22:01:29] [INFO] start reader 
[2022-04-22 22:01:29] [INFO] start get result 
[2022-04-22 22:01:29] [INFO] start reader 
[2022-04-22 22:01:29] [INFO] start reader 
[2022-04-22 22:01:29] [INFO] start get result 
[2022-04-22 22:01:29] [INFO] end get result 8 
[2022-04-22 22:01:29] [INFO] reader get 8 
[2022-04-22 22:01:29] [INFO] start get result 
[2022-04-22 22:01:29] [INFO] start get result 
[2022-04-22 22:01:29] [INFO] end get result 3 
[2022-04-22 22:01:29] [INFO] reader get 3 
[2022-04-22 22:01:29] [INFO] start get result 
[2022-04-22 22:01:29] [INFO] writer send [7, 8, 9, 10] 
[2022-04-22 22:01:29] [INFO] end writer 
[2022-04-22 22:01:29] [INFO] reader get 5 
[2022-04-22 22:01:29] [INFO] start get result 
[2022-04-22 22:01:29] [INFO] end writer 
[2022-04-22 22:01:29] [INFO] start get result 
[2022-04-22 22:01:29] [INFO] start get result 
[2022-04-22 22:01:29] [INFO] end get result 9 
[2022-04-22 22:01:29] [INFO] reader get 9 
[2022-04-22 22:01:29] [INFO] start get result 
Exception in thread "Thread-63301" java.util.concurrent.TimeoutException
	at serie1.Ex4.BlockingMessageQueueFuture$MyFuture.get(BlockingMessageQueueFuture.kt:222)
	at serie1.ex4.FutureTest$blocking_message_multiple_send_receive$2$thread$1.invoke(BlockingMessageQueueWithFutureTest.kt:179)
	at serie1.ex4.FutureTest$blocking_message_multiple_send_receive$2$thread$1.invoke(BlockingMessageQueueWithFutureTest.kt:169)
	at kotlin.concurrent.ThreadsKt$thread$thread$1.run(Thread.kt:30)
Exception in thread "Thread-63299" java.util.concurrent.TimeoutException
	at serie1.Ex4.BlockingMessageQueueFuture$MyFuture.get(BlockingMessageQueueFuture.kt:222)
	at serie1.ex4.FutureTest$blocking_message_multiple_send_receive$2$thread$1.invoke(BlockingMessageQueueWithFutureTest.kt:179)
	at serie1.ex4.FutureTest$blocking_message_multiple_send_receive$2$thread$1.invoke(BlockingMessageQueueWithFutureTest.kt:169)
	at kotlin.concurrent.ThreadsKt$thread$thread$1.run(Thread.kt:30)
Exception in thread "Thread-63298" java.util.concurrent.TimeoutException
	at serie1.Ex4.BlockingMessageQueueFuture$MyFuture.get(BlockingMessageQueueFuture.kt:222)
	at serie1.ex4.FutureTest$blocking_message_multiple_send_receive$2$thread$1.invoke(BlockingMessageQueueWithFutureTest.kt:179)
	at serie1.ex4.FutureTest$blocking_message_multiple_send_receive$2$thread$1.invoke(BlockingMessageQueueWithFutureTest.kt:169)
	at kotlin.concurrent.ThreadsKt$thread$thread$1.run(Thread.kt:30)
Exception in thread "Thread-63304" java.util.concurrent.TimeoutException
	at serie1.Ex4.BlockingMessageQueueFuture$MyFuture.get(BlockingMessageQueueFuture.kt:222)
	at serie1.ex4.FutureTest$blocking_message_multiple_send_receive$2$thread$1.invoke(BlockingMessageQueueWithFutureTest.kt:179)
	at serie1.ex4.FutureTest$blocking_message_multiple_send_receive$2$thread$1.invoke(BlockingMessageQueueWithFutureTest.kt:169)
	at kotlin.concurrent.ThreadsKt$thread$thread$1.run(Thread.kt:30)
Exception in thread "Thread-63305" java.util.concurrent.TimeoutException
	at serie1.Ex4.BlockingMessageQueueFuture$MyFuture.get(BlockingMessageQueueFuture.kt:222)
	at serie1.ex4.FutureTest$blocking_message_multiple_send_receive$2$thread$1.invoke(BlockingMessageQueueWithFutureTest.kt:179)
	at serie1.ex4.FutureTest$blocking_message_multiple_send_receive$2$thread$1.invoke(BlockingMessageQueueWithFutureTest.kt:169)
	at kotlin.concurrent.ThreadsKt$thread$thread$1.run(Thread.kt:30)
Exception in thread "Thread-63302" java.util.concurrent.TimeoutException
	at serie1.Ex4.BlockingMessageQueueFuture$MyFuture.get(BlockingMessageQueueFuture.kt:222)
	at serie1.ex4.FutureTest$blocking_message_multiple_send_receive$2$thread$1.invoke(BlockingMessageQueueWithFutureTest.kt:179)
	at serie1.ex4.FutureTest$blocking_message_multiple_send_receive$2$thread$1.invoke(BlockingMessageQueueWithFutureTest.kt:169)
	at kotlin.concurrent.ThreadsKt$thread$thread$1.run(Thread.kt:30)
Exception in thread "Thread-63303" java.util.concurrent.TimeoutException
	at serie1.Ex4.BlockingMessageQueueFuture$MyFuture.get(BlockingMessageQueueFuture.kt:222)
	at serie1.ex4.FutureTest$blocking_message_multiple_send_receive$2$thread$1.invoke(BlockingMessageQueueWithFutureTest.kt:179)
	at serie1.ex4.FutureTest$blocking_message_multiple_send_receive$2$thread$1.invoke(BlockingMessageQueueWithFutureTest.kt:169)
	at kotlin.concurrent.ThreadsKt$thread$thread$1.run(Thread.kt:30)
Exception in thread "Thread-63300" java.util.concurrent.TimeoutException
	at serie1.Ex4.BlockingMessageQueueFuture$MyFuture.get(BlockingMessageQueueFuture.kt:222)
	at serie1.ex4.FutureTest$blocking_message_multiple_send_receive$2$thread$1.invoke(BlockingMessageQueueWithFutureTest.kt:179)
	at serie1.ex4.FutureTest$blocking_message_multiple_send_receive$2$thread$1.invoke(BlockingMessageQueueWithFutureTest.kt:169)
	at kotlin.concurrent.ThreadsKt$thread$thread$1.run(Thread.kt:30)
[2022-04-22 22:01:31] [INFO] start writer 
[2022-04-22 22:01:31] [INFO] start writer 
[2022-04-22 22:01:31] [INFO] writer try send [4, 5] 
[2022-04-22 22:01:31] [INFO] writer try send [1, 2, 3] 
[2022-04-22 22:01:31] [INFO] writer send [1, 2, 3] 
[2022-04-22 22:01:31] [INFO] start writer 
[2022-04-22 22:01:31] [INFO] start writer 
[2022-04-22 22:01:31] [INFO] writer try send [11, 12, 13] 
[2022-04-22 22:01:31] [INFO] writer send [11, 12, 13] 
[2022-04-22 22:01:31] [INFO] start writer 
[2022-04-22 22:01:31] [INFO] start writer 
[2022-04-22 22:01:31] [INFO] end writer 
[2022-04-22 22:01:31] [INFO] start writer 
[2022-04-22 22:01:31] [INFO] end writer 
[2022-04-22 22:01:31] [INFO] start writer 
[2022-04-22 22:01:31] [INFO] end writer 
[2022-04-22 22:01:31] [INFO] writer try send [18, 19, 20] 
[2022-04-22 22:01:31] [INFO] writer try send [14, 15, 16, 17] 
[2022-04-22 22:01:31] [INFO] writer try send [7, 8, 9, 10] 
[2022-04-22 22:01:31] [INFO] start reader 
[2022-04-22 22:01:31] [INFO] writer try send [6] 
[2022-04-22 22:01:31] [INFO] start reader 
[2022-04-22 22:01:31] [INFO] start writer 
[2022-04-22 22:01:31] [INFO] start reader 
[2022-04-22 22:01:31] [INFO] writer send [4, 5] 
[2022-04-22 22:01:31] [INFO] end writer 
[2022-04-22 22:01:31] [INFO] start reader 
[2022-04-22 22:01:31] [INFO] start get result 
[2022-04-22 22:01:31] [INFO] end get result 4 
[2022-04-22 22:01:31] [INFO] start reader 
[2022-04-22 22:01:31] [INFO] start get result 
[2022-04-22 22:01:31] [INFO] end get result 1 
[2022-04-22 22:01:31] [INFO] reader get 1 
[2022-04-22 22:01:31] [INFO] start reader 
[2022-04-22 22:01:31] [INFO] end writer 
[2022-04-22 22:01:31] [INFO] start get result 
[2022-04-22 22:01:31] [INFO] end get result 11 
[2022-04-22 22:01:31] [INFO] start reader 
[2022-04-22 22:01:31] [INFO] writer send [18, 19, 20] 
[2022-04-22 22:01:31] [INFO] end writer 
[2022-04-22 22:01:31] [INFO] start reader 
[2022-04-22 22:01:31] [INFO] writer send [6] 
[2022-04-22 22:01:31] [INFO] end writer 
[2022-04-22 22:01:31] [INFO] start get result 
[2022-04-22 22:01:31] [INFO] end get result 3 
[2022-04-22 22:01:31] [INFO] reader get 3 
[2022-04-22 22:01:31] [INFO] start get result 
[2022-04-22 22:01:31] [INFO] writer send [14, 15, 16, 17] 
[2022-04-22 22:01:31] [INFO] end writer 
[2022-04-22 22:01:31] [INFO] start get result 
[2022-04-22 22:01:31] [INFO] end get result 18 
[2022-04-22 22:01:31] [INFO] reader get 18 
[2022-04-22 22:01:31] [INFO] start get result 
[2022-04-22 22:01:31] [INFO] end get result 19 
[2022-04-22 22:01:31] [INFO] reader get 19 
[2022-04-22 22:01:31] [INFO] start get result 
[2022-04-22 22:01:31] [INFO] writer send [7, 8, 9, 10] 
[2022-04-22 22:01:31] [INFO] end writer 
[2022-04-22 22:01:31] [INFO] start get result 
[2022-04-22 22:01:31] [INFO] end get result 2 
[2022-04-22 22:01:31] [INFO] reader get 2 
[2022-04-22 22:01:31] [INFO] start get result 
[2022-04-22 22:01:31] [INFO] end get result 14 
[2022-04-22 22:01:31] [INFO] reader get 14 
[2022-04-22 22:01:31] [INFO] start get result 
[2022-04-22 22:01:31] [INFO] end get result 15 
[2022-04-22 22:01:31] [INFO] reader get 4 
[2022-04-22 22:01:31] [INFO] start get result 
[2022-04-22 22:01:31] [INFO] end get result 16 
[2022-04-22 22:01:31] [INFO] start get result 
[2022-04-22 22:01:31] [INFO] end get result 5 
[2022-04-22 22:01:31] [INFO] reader get 5 
[2022-04-22 22:01:31] [INFO] reader get 16 
[2022-04-22 22:01:31] [INFO] start get result 
[2022-04-22 22:01:31] [INFO] end get result 7 
[2022-04-22 22:01:31] [INFO] reader get 15 
[2022-04-22 22:01:31] [INFO] start get result 
[2022-04-22 22:01:31] [INFO] end get result 8 
[2022-04-22 22:01:31] [INFO] reader get 8 
[2022-04-22 22:01:31] [INFO] start get result 
[2022-04-22 22:01:31] [INFO] end get result 20 
[2022-04-22 22:01:31] [INFO] reader get 20 
[2022-04-22 22:01:31] [INFO] end get result 6 
[2022-04-22 22:01:31] [INFO] reader get 6 
[2022-04-22 22:01:31] [INFO] start get result 
[2022-04-22 22:01:31] [INFO] start get result 
[2022-04-22 22:01:31] [INFO] end get result 13 
[2022-04-22 22:01:31] [INFO] start get result 
[2022-04-22 22:01:31] [INFO] end get result 12 
[2022-04-22 22:01:31] [INFO] reader get 12 
[2022-04-22 22:01:31] [INFO] reader get 11 
[2022-04-22 22:01:31] [INFO] start get result 
[2022-04-22 22:01:31] [INFO] start get result 
[2022-04-22 22:01:31] [INFO] reader get 13 
[2022-04-22 22:01:31] [INFO] start get result 
[2022-04-22 22:01:31] [INFO] start get result 
[2022-04-22 22:01:31] [INFO] end get result 10 
[2022-04-22 22:01:31] [INFO] reader get 10 
[2022-04-22 22:01:31] [INFO] start get result 
[2022-04-22 22:01:31] [INFO] end get result 9 
[2022-04-22 22:01:31] [INFO] reader get 9 
[2022-04-22 22:01:31] [INFO] start get result 
[2022-04-22 22:01:31] [INFO] reader get 7 
[2022-04-22 22:01:31] [INFO] start get result 
[2022-04-22 22:01:31] [INFO] start get result 
[2022-04-22 22:01:31] [INFO] end get result 17 
[2022-04-22 22:01:31] [INFO] reader get 17 
[2022-04-22 22:01:31] [INFO] start get result 
Exception in thread "Thread-63319" java.util.concurrent.TimeoutException
	at serie1.Ex4.BlockingMessageQueueFuture$MyFuture.get(BlockingMessageQueueFuture.kt:222)
	at serie1.ex4.FutureTest$blocking_message_multiple_send_receive$2$thread$1.invoke(BlockingMessageQueueWithFutureTest.kt:179)
	at serie1.ex4.FutureTest$blocking_message_multiple_send_receive$2$thread$1.invoke(BlockingMessageQueueWithFutureTest.kt:169)
	at kotlin.concurrent.ThreadsKt$thread$thread$1.run(Thread.kt:30)
Exception in thread "Thread-63323" java.util.concurrent.TimeoutException
	at serie1.Ex4.BlockingMessageQueueFuture$MyFuture.get(BlockingMessageQueueFuture.kt:222)
	at serie1.ex4.FutureTest$blocking_message_multiple_send_receive$2$thread$1.invoke(BlockingMessageQueueWithFutureTest.kt:179)
	at serie1.ex4.FutureTest$blocking_message_multiple_send_receive$2$thread$1.invoke(BlockingMessageQueueWithFutureTest.kt:169)
	at kotlin.concurrent.ThreadsKt$thread$thread$1.run(Thread.kt:30)
Exception in thread "Thread-63322" java.util.concurrent.TimeoutException
	at serie1.Ex4.BlockingMessageQueueFuture$MyFuture.get(BlockingMessageQueueFuture.kt:222)
	at serie1.ex4.FutureTest$blocking_message_multiple_send_receive$2$thread$1.invoke(BlockingMessageQueueWithFutureTest.kt:179)
	at serie1.ex4.FutureTest$blocking_message_multiple_send_receive$2$thread$1.invoke(BlockingMessageQueueWithFutureTest.kt:169)
	at kotlin.concurrent.ThreadsKt$thread$thread$1.run(Thread.kt:30)
Exception in thread "Thread-63321" java.util.concurrent.TimeoutException
	at serie1.Ex4.BlockingMessageQueueFuture$MyFuture.get(BlockingMessageQueueFuture.kt:222)
	at serie1.ex4.FutureTest$blocking_message_multiple_send_receive$2$thread$1.invoke(BlockingMessageQueueWithFutureTest.kt:179)
	at serie1.ex4.FutureTest$blocking_message_multiple_send_receive$2$thread$1.invoke(BlockingMessageQueueWithFutureTest.kt:169)
	at kotlin.concurrent.ThreadsKt$thread$thread$1.run(Thread.kt:30)
Exception in thread "Thread-63320" java.util.concurrent.TimeoutException
	at serie1.Ex4.BlockingMessageQueueFuture$MyFuture.get(BlockingMessageQueueFuture.kt:222)
	at serie1.ex4.FutureTest$blocking_message_multiple_send_receive$2$thread$1.invoke(BlockingMessageQueueWithFutureTest.kt:179)
	at serie1.ex4.FutureTest$blocking_message_multiple_send_receive$2$thread$1.invoke(BlockingMessageQueueWithFutureTest.kt:169)
	at kotlin.concurrent.ThreadsKt$thread$thread$1.run(Thread.kt:30)
Exception in thread "Thread-63316" java.util.concurrent.TimeoutException
	at serie1.Ex4.BlockingMessageQueueFuture$MyFuture.get(BlockingMessageQueueFuture.kt:222)
	at serie1.ex4.FutureTest$blocking_message_multiple_send_receive$2$thread$1.invoke(BlockingMessageQueueWithFutureTest.kt:179)
	at serie1.ex4.FutureTest$blocking_message_multiple_send_receive$2$thread$1.invoke(BlockingMessageQueueWithFutureTest.kt:169)
	at kotlin.concurrent.ThreadsKt$thread$thread$1.run(Thread.kt:30)
Exception in thread "Thread-63318" java.util.concurrent.TimeoutException
	at serie1.Ex4.BlockingMessageQueueFuture$MyFuture.get(BlockingMessageQueueFuture.kt:222)
	at serie1.ex4.FutureTest$blocking_message_multiple_send_receive$2$thread$1.invoke(BlockingMessageQueueWithFutureTest.kt:179)
	at serie1.ex4.FutureTest$blocking_message_multiple_send_receive$2$thread$1.invoke(BlockingMessageQueueWithFutureTest.kt:169)
	at kotlin.concurrent.ThreadsKt$thread$thread$1.run(Thread.kt:30)
Exception in thread "Thread-63317" java.util.concurrent.TimeoutException
	at serie1.Ex4.BlockingMessageQueueFuture$MyFuture.get(BlockingMessageQueueFuture.kt:222)
	at serie1.ex4.FutureTest$blocking_message_multiple_send_receive$2$thread$1.invoke(BlockingMessageQueueWithFutureTest.kt:179)
	at serie1.ex4.FutureTest$blocking_message_multiple_send_receive$2$thread$1.invoke(BlockingMessageQueueWithFutureTest.kt:169)
	at kotlin.concurrent.ThreadsKt$thread$thread$1.run(Thread.kt:30)
[2022-04-22 22:01:33] [INFO] start writer 
[2022-04-22 22:01:33] [INFO] start writer 
[2022-04-22 22:01:33] [INFO] writer try send [4, 5] 
[2022-04-22 22:01:33] [INFO] writer try send [1, 2, 3] 
[2022-04-22 22:01:33] [INFO] writer send [4, 5] 
[2022-04-22 22:01:33] [INFO] start writer 
[2022-04-22 22:01:33] [INFO] start writer 
[2022-04-22 22:01:33] [INFO] start writer 
[2022-04-22 22:01:33] [INFO] start writer 
[2022-04-22 22:01:33] [INFO] writer try send [18, 19, 20] 
[2022-04-22 22:01:33] [INFO] start writer 
[2022-04-22 22:01:33] [INFO] end writer 
[2022-04-22 22:01:33] [INFO] start writer 
[2022-04-22 22:01:33] [INFO] end writer 
[2022-04-22 22:01:33] [INFO] writer send [18, 19, 20] 
[2022-04-22 22:01:33] [INFO] end writer 
[2022-04-22 22:01:33] [INFO] start writer 
[2022-04-22 22:01:33] [INFO] end writer 
[2022-04-22 22:01:33] [INFO] writer try send [14, 15, 16, 17] 
[2022-04-22 22:01:33] [INFO] writer try send [11, 12, 13] 
[2022-04-22 22:01:33] [INFO] writer try send [7, 8, 9, 10] 
[2022-04-22 22:01:33] [INFO] writer try send [6] 
[2022-04-22 22:01:33] [INFO] writer send [6] 
[2022-04-22 22:01:33] [INFO] end writer 
[2022-04-22 22:01:33] [INFO] start reader 
[2022-04-22 22:01:33] [INFO] writer send [1, 2, 3] 
[2022-04-22 22:01:33] [INFO] end writer 
[2022-04-22 22:01:33] [INFO] start reader 
[2022-04-22 22:01:33] [INFO] start reader 
[2022-04-22 22:01:33] [INFO] start get result 
[2022-04-22 22:01:33] [INFO] start reader 
[2022-04-22 22:01:33] [INFO] start get result 
[2022-04-22 22:01:33] [INFO] start reader 
[2022-04-22 22:01:33] [INFO] start get result 
[2022-04-22 22:01:33] [INFO] end get result 1 
[2022-04-22 22:01:33] [INFO] start get result 
[2022-04-22 22:01:33] [INFO] end get result 2 
[2022-04-22 22:01:33] [INFO] reader get 2 
[2022-04-22 22:01:33] [INFO] start get result 
[2022-04-22 22:01:33] [INFO] end get result 18 
[2022-04-22 22:01:33] [INFO] reader get 18 
[2022-04-22 22:01:33] [INFO] start get result 
[2022-04-22 22:01:33] [INFO] end get result 19 
[2022-04-22 22:01:33] [INFO] writer send [11, 12, 13] 
[2022-04-22 22:01:33] [INFO] end writer 
[2022-04-22 22:01:33] [INFO] end get result 4 
[2022-04-22 22:01:33] [INFO] reader get 4 
[2022-04-22 22:01:33] [INFO] reader get 19 
[2022-04-22 22:01:33] [INFO] start get result 
[2022-04-22 22:01:33] [INFO] end get result 6 
[2022-04-22 22:01:33] [INFO] start get result 
[2022-04-22 22:01:33] [INFO] end get result 3 
[2022-04-22 22:01:33] [INFO] reader get 3 
[2022-04-22 22:01:33] [INFO] reader get 1 
[2022-04-22 22:01:33] [INFO] start get result 
[2022-04-22 22:01:33] [INFO] writer send [7, 8, 9, 10] 
[2022-04-22 22:01:33] [INFO] end writer 
[2022-04-22 22:01:33] [INFO] writer send [14, 15, 16, 17] 
[2022-04-22 22:01:33] [INFO] end writer 
[2022-04-22 22:01:33] [INFO] start reader 
[2022-04-22 22:01:33] [INFO] end get result 5 
[2022-04-22 22:01:33] [INFO] reader get 5 
[2022-04-22 22:01:33] [INFO] end get result 15 
[2022-04-22 22:01:33] [INFO] start get result 
[2022-04-22 22:01:33] [INFO] end get result 14 
[2022-04-22 22:01:33] [INFO] reader get 14 
[2022-04-22 22:01:33] [INFO] start get result 
[2022-04-22 22:01:33] [INFO] end get result 17 
[2022-04-22 22:01:33] [INFO] reader get 17 
[2022-04-22 22:01:33] [INFO] reader get 6 
[2022-04-22 22:01:33] [INFO] start get result 
[2022-04-22 22:01:33] [INFO] end get result 13 
[2022-04-22 22:01:33] [INFO] start get result 
[2022-04-22 22:01:33] [INFO] end get result 20 
[2022-04-22 22:01:33] [INFO] reader get 20 
[2022-04-22 22:01:33] [INFO] start get result 
[2022-04-22 22:01:33] [INFO] reader get 13 
[2022-04-22 22:01:33] [INFO] start get result 
[2022-04-22 22:01:33] [INFO] end get result 8 
[2022-04-22 22:01:33] [INFO] start get result 
[2022-04-22 22:01:33] [INFO] end get result 12 
[2022-04-22 22:01:33] [INFO] start get result 
[2022-04-22 22:01:33] [INFO] end get result 11 
[2022-04-22 22:01:33] [INFO] reader get 11 
[2022-04-22 22:01:33] [INFO] start get result 
[2022-04-22 22:01:33] [INFO] end get result 9 
[2022-04-22 22:01:33] [INFO] reader get 9 
[2022-04-22 22:01:33] [INFO] reader get 15 
[2022-04-22 22:01:33] [INFO] start get result 
[2022-04-22 22:01:33] [INFO] start get result 
[2022-04-22 22:01:33] [INFO] end get result 16 
[2022-04-22 22:01:33] [INFO] start reader 
[2022-04-22 22:01:33] [INFO] reader get 16 
[2022-04-22 22:01:33] [INFO] start get result 
[2022-04-22 22:01:33] [INFO] start reader 
[2022-04-22 22:01:33] [INFO] start get result 
[2022-04-22 22:01:33] [INFO] end get result 10 
[2022-04-22 22:01:33] [INFO] reader get 10 
[2022-04-22 22:01:33] [INFO] start get result 
[2022-04-22 22:01:33] [INFO] start get result 
[2022-04-22 22:01:33] [INFO] start get result 
[2022-04-22 22:01:33] [INFO] reader get 12 
[2022-04-22 22:01:33] [INFO] start get result 
[2022-04-22 22:01:33] [INFO] reader get 8 
[2022-04-22 22:01:33] [INFO] start get result 
[2022-04-22 22:01:33] [INFO] end get result 7 
[2022-04-22 22:01:33] [INFO] reader get 7 
[2022-04-22 22:01:33] [INFO] start get result 
Exception in thread "Thread-63339" java.util.concurrent.TimeoutException
	at serie1.Ex4.BlockingMessageQueueFuture$MyFuture.get(BlockingMessageQueueFuture.kt:222)
	at serie1.ex4.FutureTest$blocking_message_multiple_send_receive$2$thread$1.invoke(BlockingMessageQueueWithFutureTest.kt:179)
	at serie1.ex4.FutureTest$blocking_message_multiple_send_receive$2$thread$1.invoke(BlockingMessageQueueWithFutureTest.kt:169)
	at kotlin.concurrent.ThreadsKt$thread$thread$1.run(Thread.kt:30)
Exception in thread "Thread-63341" java.util.concurrent.TimeoutException
	at serie1.Ex4.BlockingMessageQueueFuture$MyFuture.get(BlockingMessageQueueFuture.kt:222)
	at serie1.ex4.FutureTest$blocking_message_multiple_send_receive$2$thread$1.invoke(BlockingMessageQueueWithFutureTest.kt:179)
	at serie1.ex4.FutureTest$blocking_message_multiple_send_receive$2$thread$1.invoke(BlockingMessageQueueWithFutureTest.kt:169)
	at kotlin.concurrent.ThreadsKt$thread$thread$1.run(Thread.kt:30)
Exception in thread "Thread-63335" java.util.concurrent.TimeoutException
	at serie1.Ex4.BlockingMessageQueueFuture$MyFuture.get(BlockingMessageQueueFuture.kt:222)
	at serie1.ex4.FutureTest$blocking_message_multiple_send_receive$2$thread$1.invoke(BlockingMessageQueueWithFutureTest.kt:179)
	at serie1.ex4.FutureTest$blocking_message_multiple_send_receive$2$thread$1.invoke(BlockingMessageQueueWithFutureTest.kt:169)
	at kotlin.concurrent.ThreadsKt$thread$thread$1.run(Thread.kt:30)
Exception in thread "Thread-63340" java.util.concurrent.TimeoutException
	at serie1.Ex4.BlockingMessageQueueFuture$MyFuture.get(BlockingMessageQueueFuture.kt:222)
	at serie1.ex4.FutureTest$blocking_message_multiple_send_receive$2$thread$1.invoke(BlockingMessageQueueWithFutureTest.kt:179)
	at serie1.ex4.FutureTest$blocking_message_multiple_send_receive$2$thread$1.invoke(BlockingMessageQueueWithFutureTest.kt:169)
	at kotlin.concurrent.ThreadsKt$thread$thread$1.run(Thread.kt:30)
Exception in thread "Thread-63337" java.util.concurrent.TimeoutException
	at serie1.Ex4.BlockingMessageQueueFuture$MyFuture.get(BlockingMessageQueueFuture.kt:222)
	at serie1.ex4.FutureTest$blocking_message_multiple_send_receive$2$thread$1.invoke(BlockingMessageQueueWithFutureTest.kt:179)
	at serie1.ex4.FutureTest$blocking_message_multiple_send_receive$2$thread$1.invoke(BlockingMessageQueueWithFutureTest.kt:169)
	at kotlin.concurrent.ThreadsKt$thread$thread$1.run(Thread.kt:30)
Exception in thread "Thread-63334" java.util.concurrent.TimeoutException
	at serie1.Ex4.BlockingMessageQueueFuture$MyFuture.get(BlockingMessageQueueFuture.kt:222)
	at serie1.ex4.FutureTest$blocking_message_multiple_send_receive$2$thread$1.invoke(BlockingMessageQueueWithFutureTest.kt:179)
	at serie1.ex4.FutureTest$blocking_message_multiple_send_receive$2$thread$1.invoke(BlockingMessageQueueWithFutureTest.kt:169)
	at kotlin.concurrent.ThreadsKt$thread$thread$1.run(Thread.kt:30)
Exception in thread "Thread-63338" java.util.concurrent.TimeoutException
	at serie1.Ex4.BlockingMessageQueueFuture$MyFuture.get(BlockingMessageQueueFuture.kt:222)
	at serie1.ex4.FutureTest$blocking_message_multiple_send_receive$2$thread$1.invoke(BlockingMessageQueueWithFutureTest.kt:179)
	at serie1.ex4.FutureTest$blocking_message_multiple_send_receive$2$thread$1.invoke(BlockingMessageQueueWithFutureTest.kt:169)
	at kotlin.concurrent.ThreadsKt$thread$thread$1.run(Thread.kt:30)
Exception in thread "Thread-63336" java.util.concurrent.TimeoutException
	at serie1.Ex4.BlockingMessageQueueFuture$MyFuture.get(BlockingMessageQueueFuture.kt:222)
	at serie1.ex4.FutureTest$blocking_message_multiple_send_receive$2$thread$1.invoke(BlockingMessageQueueWithFutureTest.kt:179)
	at serie1.ex4.FutureTest$blocking_message_multiple_send_receive$2$thread$1.invoke(BlockingMessageQueueWithFutureTest.kt:169)
	at kotlin.concurrent.ThreadsKt$thread$thread$1.run(Thread.kt:30)
[2022-04-22 22:01:35] [INFO] start writer 
[2022-04-22 22:01:35] [INFO] writer try send [1, 2, 3] 
[2022-04-22 22:01:35] [INFO] writer send [1, 2, 3] 
[2022-04-22 22:01:35] [INFO] start writer 
[2022-04-22 22:01:35] [INFO] writer try send [6] 
[2022-04-22 22:01:35] [INFO] start writer 
[2022-04-22 22:01:35] [INFO] writer try send [7, 8, 9, 10] 
[2022-04-22 22:01:35] [INFO] start writer 
[2022-04-22 22:01:35] [INFO] writer try send [11, 12, 13] 
[2022-04-22 22:01:35] [INFO] writer try send [4, 5] 
[2022-04-22 22:01:35] [INFO] start reader 
[2022-04-22 22:01:35] [INFO] writer send [4, 5] 
[2022-04-22 22:01:35] [INFO] writer try send [14, 15, 16, 17] 
[2022-04-22 22:01:35] [INFO] start writer 
[2022-04-22 22:01:35] [INFO] start writer 
[2022-04-22 22:01:35] [INFO] start writer 
[2022-04-22 22:01:35] [INFO] end writer 
[2022-04-22 22:01:35] [INFO] start writer 
[2022-04-22 22:01:35] [INFO] end writer 
[2022-04-22 22:01:35] [INFO] writer send [7, 8, 9, 10] 
[2022-04-22 22:01:35] [INFO] end writer 
[2022-04-22 22:01:35] [INFO] writer send [6] 
[2022-04-22 22:01:35] [INFO] end writer 
[2022-04-22 22:01:35] [INFO] start get result 
[2022-04-22 22:01:35] [INFO] end get result 1 
[2022-04-22 22:01:35] [INFO] reader get 1 
[2022-04-22 22:01:35] [INFO] start get result 
[2022-04-22 22:01:35] [INFO] end get result 2 
[2022-04-22 22:01:35] [INFO] reader get 2 
[2022-04-22 22:01:35] [INFO] start get result 
[2022-04-22 22:01:35] [INFO] end writer 
[2022-04-22 22:01:35] [INFO] writer send [11, 12, 13] 
[2022-04-22 22:01:35] [INFO] end writer 
[2022-04-22 22:01:35] [INFO] writer try send [18, 19, 20] 
[2022-04-22 22:01:35] [INFO] start reader 
[2022-04-22 22:01:35] [INFO] start writer 
[2022-04-22 22:01:35] [INFO] end writer 
[2022-04-22 22:01:35] [INFO] start reader 
[2022-04-22 22:01:35] [INFO] end get result 3 
[2022-04-22 22:01:35] [INFO] reader get 3 
[2022-04-22 22:01:35] [INFO] start reader 
[2022-04-22 22:01:35] [INFO] start get result 
[2022-04-22 22:01:35] [INFO] end get result 7 
[2022-04-22 22:01:35] [INFO] reader get 7 
[2022-04-22 22:01:35] [INFO] start get result 
[2022-04-22 22:01:35] [INFO] start get result 
[2022-04-22 22:01:35] [INFO] end get result 9 
[2022-04-22 22:01:35] [INFO] reader get 9 
[2022-04-22 22:01:35] [INFO] start get result 
[2022-04-22 22:01:35] [INFO] end get result 4 
[2022-04-22 22:01:35] [INFO] reader get 4 
[2022-04-22 22:01:35] [INFO] start get result 
[2022-04-22 22:01:35] [INFO] end get result 6 
[2022-04-22 22:01:35] [INFO] reader get 6 
[2022-04-22 22:01:35] [INFO] start get result 
[2022-04-22 22:01:35] [INFO] end get result 11 
[2022-04-22 22:01:35] [INFO] reader get 11 
[2022-04-22 22:01:35] [INFO] start get result 
[2022-04-22 22:01:35] [INFO] end get result 12 
[2022-04-22 22:01:35] [INFO] reader get 12 
[2022-04-22 22:01:35] [INFO] start get result 
[2022-04-22 22:01:35] [INFO] end get result 13 
[2022-04-22 22:01:35] [INFO] reader get 13 
[2022-04-22 22:01:35] [INFO] writer send [14, 15, 16, 17] 
[2022-04-22 22:01:35] [INFO] end writer 
[2022-04-22 22:01:35] [INFO] start get result 
[2022-04-22 22:01:35] [INFO] end get result 5 
[2022-04-22 22:01:35] [INFO] start get result 
[2022-04-22 22:01:35] [INFO] end get result 10 
[2022-04-22 22:01:35] [INFO] reader get 10 
[2022-04-22 22:01:35] [INFO] start get result 
[2022-04-22 22:01:35] [INFO] end get result 19 
[2022-04-22 22:01:35] [INFO] writer send [18, 19, 20] 
[2022-04-22 22:01:35] [INFO] end writer 
[2022-04-22 22:01:35] [INFO] end get result 8 
[2022-04-22 22:01:35] [INFO] reader get 8 
[2022-04-22 22:01:35] [INFO] start get result 
[2022-04-22 22:01:35] [INFO] end get result 20 
[2022-04-22 22:01:35] [INFO] reader get 20 
[2022-04-22 22:01:35] [INFO] start get result 
[2022-04-22 22:01:35] [INFO] end get result 14 
[2022-04-22 22:01:35] [INFO] start reader 
[2022-04-22 22:01:35] [INFO] reader get 14 
[2022-04-22 22:01:35] [INFO] start get result 
[2022-04-22 22:01:35] [INFO] end get result 15 
[2022-04-22 22:01:35] [INFO] start reader 
[2022-04-22 22:01:35] [INFO] reader get 19 
[2022-04-22 22:01:35] [INFO] start get result 
[2022-04-22 22:01:35] [INFO] end get result 16 
[2022-04-22 22:01:35] [INFO] start reader 
[2022-04-22 22:01:35] [INFO] reader get 5 
[2022-04-22 22:01:35] [INFO] start get result 
[2022-04-22 22:01:35] [INFO] start get result 
[2022-04-22 22:01:35] [INFO] start get result 
[2022-04-22 22:01:35] [INFO] start get result 
[2022-04-22 22:01:35] [INFO] end get result 18 
[2022-04-22 22:01:35] [INFO] start get result 
[2022-04-22 22:01:35] [INFO] end get result 17 
[2022-04-22 22:01:35] [INFO] reader get 17 
[2022-04-22 22:01:35] [INFO] start get result 
[2022-04-22 22:01:35] [INFO] start reader 
[2022-04-22 22:01:35] [INFO] reader get 16 
[2022-04-22 22:01:35] [INFO] start get result 
[2022-04-22 22:01:35] [INFO] reader get 15 
[2022-04-22 22:01:35] [INFO] start get result 
[2022-04-22 22:01:35] [INFO] reader get 18 
[2022-04-22 22:01:35] [INFO] start get result 
[2022-04-22 22:01:35] [INFO] start get result 
Exception in thread "Thread-63355" java.util.concurrent.TimeoutException
	at serie1.Ex4.BlockingMessageQueueFuture$MyFuture.get(BlockingMessageQueueFuture.kt:222)
	at serie1.ex4.FutureTest$blocking_message_multiple_send_receive$2$thread$1.invoke(BlockingMessageQueueWithFutureTest.kt:179)
	at serie1.ex4.FutureTest$blocking_message_multiple_send_receive$2$thread$1.invoke(BlockingMessageQueueWithFutureTest.kt:169)
	at kotlin.concurrent.ThreadsKt$thread$thread$1.run(Thread.kt:30)
Exception in thread "Thread-63352" java.util.concurrent.TimeoutException
	at serie1.Ex4.BlockingMessageQueueFuture$MyFuture.get(BlockingMessageQueueFuture.kt:222)
	at serie1.ex4.FutureTest$blocking_message_multiple_send_receive$2$thread$1.invoke(BlockingMessageQueueWithFutureTest.kt:179)
	at serie1.ex4.FutureTest$blocking_message_multiple_send_receive$2$thread$1.invoke(BlockingMessageQueueWithFutureTest.kt:169)
	at kotlin.concurrent.ThreadsKt$thread$thread$1.run(Thread.kt:30)
Exception in thread "Thread-63359" java.util.concurrent.TimeoutException
	at serie1.Ex4.BlockingMessageQueueFuture$MyFuture.get(BlockingMessageQueueFuture.kt:222)
	at serie1.ex4.FutureTest$blocking_message_multiple_send_receive$2$thread$1.invoke(BlockingMessageQueueWithFutureTest.kt:179)
	at serie1.ex4.FutureTest$blocking_message_multiple_send_receive$2$thread$1.invoke(BlockingMessageQueueWithFutureTest.kt:169)
	at kotlin.concurrent.ThreadsKt$thread$thread$1.run(Thread.kt:30)
Exception in thread "Thread-63358" java.util.concurrent.TimeoutException
	at serie1.Ex4.BlockingMessageQueueFuture$MyFuture.get(BlockingMessageQueueFuture.kt:222)
	at serie1.ex4.FutureTest$blocking_message_multiple_send_receive$2$thread$1.invoke(BlockingMessageQueueWithFutureTest.kt:179)
	at serie1.ex4.FutureTest$blocking_message_multiple_send_receive$2$thread$1.invoke(BlockingMessageQueueWithFutureTest.kt:169)
	at kotlin.concurrent.ThreadsKt$thread$thread$1.run(Thread.kt:30)
Exception in thread "Thread-63353" java.util.concurrent.TimeoutException
	at serie1.Ex4.BlockingMessageQueueFuture$MyFuture.get(BlockingMessageQueueFuture.kt:222)
	at serie1.ex4.FutureTest$blocking_message_multiple_send_receive$2$thread$1.invoke(BlockingMessageQueueWithFutureTest.kt:179)
	at serie1.ex4.FutureTest$blocking_message_multiple_send_receive$2$thread$1.invoke(BlockingMessageQueueWithFutureTest.kt:169)
	at kotlin.concurrent.ThreadsKt$thread$thread$1.run(Thread.kt:30)
Exception in thread "Thread-63357" java.util.concurrent.TimeoutException
	at serie1.Ex4.BlockingMessageQueueFuture$MyFuture.get(BlockingMessageQueueFuture.kt:222)
	at serie1.ex4.FutureTest$blocking_message_multiple_send_receive$2$thread$1.invoke(BlockingMessageQueueWithFutureTest.kt:179)
	at serie1.ex4.FutureTest$blocking_message_multiple_send_receive$2$thread$1.invoke(BlockingMessageQueueWithFutureTest.kt:169)
	at kotlin.concurrent.ThreadsKt$thread$thread$1.run(Thread.kt:30)
Exception in thread "Thread-63356" java.util.concurrent.TimeoutException
	at serie1.Ex4.BlockingMessageQueueFuture$MyFuture.get(BlockingMessageQueueFuture.kt:222)
	at serie1.ex4.FutureTest$blocking_message_multiple_send_receive$2$thread$1.invoke(BlockingMessageQueueWithFutureTest.kt:179)
	at serie1.ex4.FutureTest$blocking_message_multiple_send_receive$2$thread$1.invoke(BlockingMessageQueueWithFutureTest.kt:169)
	at kotlin.concurrent.ThreadsKt$thread$thread$1.run(Thread.kt:30)
Exception in thread "Thread-63354" java.util.concurrent.TimeoutException
	at serie1.Ex4.BlockingMessageQueueFuture$MyFuture.get(BlockingMessageQueueFuture.kt:222)
	at serie1.ex4.FutureTest$blocking_message_multiple_send_receive$2$thread$1.invoke(BlockingMessageQueueWithFutureTest.kt:179)
	at serie1.ex4.FutureTest$blocking_message_multiple_send_receive$2$thread$1.invoke(BlockingMessageQueueWithFutureTest.kt:169)
	at kotlin.concurrent.ThreadsKt$thread$thread$1.run(Thread.kt:30)
[2022-04-22 22:01:37] [INFO] start writer 
[2022-04-22 22:01:37] [INFO] start writer 
[2022-04-22 22:01:37] [INFO] start writer 
[2022-04-22 22:01:37] [INFO] start writer 
[2022-04-22 22:01:37] [INFO] writer try send [7, 8, 9, 10] 
[2022-04-22 22:01:37] [INFO] start writer 
[2022-04-22 22:01:37] [INFO] start writer 
[2022-04-22 22:01:37] [INFO] start writer 
[2022-04-22 22:01:37] [INFO] start writer 
[2022-04-22 22:01:37] [INFO] start writer 
[2022-04-22 22:01:37] [INFO] end writer 
[2022-04-22 22:01:37] [INFO] writer try send [1, 2, 3] 
[2022-04-22 22:01:37] [INFO] end writer 
[2022-04-22 22:01:37] [INFO] start writer 
[2022-04-22 22:01:37] [INFO] end writer 
[2022-04-22 22:01:37] [INFO] writer try send [18, 19, 20] 
[2022-04-22 22:01:37] [INFO] writer try send [14, 15, 16, 17] 
[2022-04-22 22:01:37] [INFO] writer try send [11, 12, 13] 
[2022-04-22 22:01:37] [INFO] start reader 
[2022-04-22 22:01:37] [INFO] writer send [7, 8, 9, 10] 
[2022-04-22 22:01:37] [INFO] end writer 
[2022-04-22 22:01:37] [INFO] start reader 
[2022-04-22 22:01:37] [INFO] writer try send [6] 
[2022-04-22 22:01:37] [INFO] writer send [6] 
[2022-04-22 22:01:37] [INFO] start reader 
[2022-04-22 22:01:37] [INFO] end writer 
[2022-04-22 22:01:37] [INFO] start get result 
[2022-04-22 22:01:37] [INFO] end get result 7 
[2022-04-22 22:01:37] [INFO] start get result 
[2022-04-22 22:01:37] [INFO] end get result 8 
[2022-04-22 22:01:37] [INFO] reader get 8 
[2022-04-22 22:01:37] [INFO] start get result 
[2022-04-22 22:01:37] [INFO] end get result 9 
[2022-04-22 22:01:37] [INFO] reader get 9 
[2022-04-22 22:01:37] [INFO] start get result 
[2022-04-22 22:01:37] [INFO] writer send [11, 12, 13] 
[2022-04-22 22:01:37] [INFO] end writer 
[2022-04-22 22:01:37] [INFO] writer try send [4, 5] 
[2022-04-22 22:01:37] [INFO] end get result 10 
[2022-04-22 22:01:37] [INFO] reader get 10 
[2022-04-22 22:01:37] [INFO] start get result 
[2022-04-22 22:01:37] [INFO] end get result 11 
[2022-04-22 22:01:37] [INFO] reader get 11 
[2022-04-22 22:01:37] [INFO] start get result 
[2022-04-22 22:01:37] [INFO] end get result 12 
[2022-04-22 22:01:37] [INFO] reader get 12 
[2022-04-22 22:01:37] [INFO] start get result 
[2022-04-22 22:01:37] [INFO] writer send [1, 2, 3] 
[2022-04-22 22:01:37] [INFO] end writer 
[2022-04-22 22:01:37] [INFO] start get result 
[2022-04-22 22:01:37] [INFO] end get result 6 
[2022-04-22 22:01:37] [INFO] reader get 6 
[2022-04-22 22:01:37] [INFO] reader get 7 
[2022-04-22 22:01:37] [INFO] start get result 
[2022-04-22 22:01:37] [INFO] end get result 5 
[2022-04-22 22:01:37] [INFO] reader get 5 
[2022-04-22 22:01:37] [INFO] start reader 
[2022-04-22 22:01:37] [INFO] writer send [18, 19, 20] 
[2022-04-22 22:01:37] [INFO] end writer 
[2022-04-22 22:01:37] [INFO] start get result 
[2022-04-22 22:01:37] [INFO] start reader 
[2022-04-22 22:01:37] [INFO] start get result 
[2022-04-22 22:01:37] [INFO] end get result 4 
[2022-04-22 22:01:37] [INFO] reader get 4 
[2022-04-22 22:01:37] [INFO] start reader 
[2022-04-22 22:01:37] [INFO] end get result 13 
[2022-04-22 22:01:37] [INFO] start reader 
[2022-04-22 22:01:37] [INFO] writer send [4, 5] 
[2022-04-22 22:01:37] [INFO] end writer 
[2022-04-22 22:01:37] [INFO] reader get 13 
[2022-04-22 22:01:37] [INFO] start get result 
[2022-04-22 22:01:37] [INFO] end get result 19 
[2022-04-22 22:01:37] [INFO] start get result 
[2022-04-22 22:01:37] [INFO] end get result 18 
[2022-04-22 22:01:37] [INFO] reader get 18 
[2022-04-22 22:01:37] [INFO] start get result 
[2022-04-22 22:01:37] [INFO] start get result 
[2022-04-22 22:01:37] [INFO] end get result 3 
[2022-04-22 22:01:37] [INFO] reader get 3 
[2022-04-22 22:01:37] [INFO] start get result 
[2022-04-22 22:01:37] [INFO] end get result 16 
[2022-04-22 22:01:37] [INFO] reader get 16 
[2022-04-22 22:01:37] [INFO] start get result 
[2022-04-22 22:01:37] [INFO] start get result 
[2022-04-22 22:01:37] [INFO] end get result 2 
[2022-04-22 22:01:37] [INFO] reader get 2 
[2022-04-22 22:01:37] [INFO] end get result 1 
[2022-04-22 22:01:37] [INFO] reader get 1 
[2022-04-22 22:01:37] [INFO] start get result 
[2022-04-22 22:01:37] [INFO] start get result 
[2022-04-22 22:01:37] [INFO] end get result 17 
[2022-04-22 22:01:37] [INFO] reader get 17 
[2022-04-22 22:01:37] [INFO] start get result 
[2022-04-22 22:01:37] [INFO] end get result 15 
[2022-04-22 22:01:37] [INFO] reader get 15 
[2022-04-22 22:01:37] [INFO] start get result 
[2022-04-22 22:01:37] [INFO] start get result 
[2022-04-22 22:01:37] [INFO] end get result 14 
[2022-04-22 22:01:37] [INFO] reader get 14 
[2022-04-22 22:01:37] [INFO] start get result 
[2022-04-22 22:01:37] [INFO] reader get 19 
[2022-04-22 22:01:37] [INFO] start get result 
[2022-04-22 22:01:37] [INFO] writer send [14, 15, 16, 17] 
[2022-04-22 22:01:37] [INFO] end writer 
[2022-04-22 22:01:37] [INFO] start get result 
[2022-04-22 22:01:37] [INFO] end get result 20 
[2022-04-22 22:01:37] [INFO] reader get 20 
[2022-04-22 22:01:37] [INFO] start get result 
[2022-04-22 22:01:37] [INFO] start reader 
[2022-04-22 22:01:37] [INFO] start get result 
Exception in thread "Thread-63375" java.util.concurrent.TimeoutException
	at serie1.Ex4.BlockingMessageQueueFuture$MyFuture.get(BlockingMessageQueueFuture.kt:222)
	at serie1.ex4.FutureTest$blocking_message_multiple_send_receive$2$thread$1.invoke(BlockingMessageQueueWithFutureTest.kt:179)
	at serie1.ex4.FutureTest$blocking_message_multiple_send_receive$2$thread$1.invoke(BlockingMessageQueueWithFutureTest.kt:169)
	at kotlin.concurrent.ThreadsKt$thread$thread$1.run(Thread.kt:30)
Exception in thread "Thread-63374" java.util.concurrent.TimeoutException
	at serie1.Ex4.BlockingMessageQueueFuture$MyFuture.get(BlockingMessageQueueFuture.kt:222)
	at serie1.ex4.FutureTest$blocking_message_multiple_send_receive$2$thread$1.invoke(BlockingMessageQueueWithFutureTest.kt:179)
	at serie1.ex4.FutureTest$blocking_message_multiple_send_receive$2$thread$1.invoke(BlockingMessageQueueWithFutureTest.kt:169)
	at kotlin.concurrent.ThreadsKt$thread$thread$1.run(Thread.kt:30)
Exception in thread "Thread-63371" java.util.concurrent.TimeoutException
	at serie1.Ex4.BlockingMessageQueueFuture$MyFuture.get(BlockingMessageQueueFuture.kt:222)
	at serie1.ex4.FutureTest$blocking_message_multiple_send_receive$2$thread$1.invoke(BlockingMessageQueueWithFutureTest.kt:179)
	at serie1.ex4.FutureTest$blocking_message_multiple_send_receive$2$thread$1.invoke(BlockingMessageQueueWithFutureTest.kt:169)
	at kotlin.concurrent.ThreadsKt$thread$thread$1.run(Thread.kt:30)
Exception in thread "Thread-63373" java.util.concurrent.TimeoutException
	at serie1.Ex4.BlockingMessageQueueFuture$MyFuture.get(BlockingMessageQueueFuture.kt:222)
	at serie1.ex4.FutureTest$blocking_message_multiple_send_receive$2$thread$1.invoke(BlockingMessageQueueWithFutureTest.kt:179)
	at serie1.ex4.FutureTest$blocking_message_multiple_send_receive$2$thread$1.invoke(BlockingMessageQueueWithFutureTest.kt:169)
	at kotlin.concurrent.ThreadsKt$thread$thread$1.run(Thread.kt:30)
Exception in thread "Thread-63372" java.util.concurrent.TimeoutException
	at serie1.Ex4.BlockingMessageQueueFuture$MyFuture.get(BlockingMessageQueueFuture.kt:222)
	at serie1.ex4.FutureTest$blocking_message_multiple_send_receive$2$thread$1.invoke(BlockingMessageQueueWithFutureTest.kt:179)
	at serie1.ex4.FutureTest$blocking_message_multiple_send_receive$2$thread$1.invoke(BlockingMessageQueueWithFutureTest.kt:169)
	at kotlin.concurrent.ThreadsKt$thread$thread$1.run(Thread.kt:30)
Exception in thread "Thread-63378" java.util.concurrent.TimeoutException
	at serie1.Ex4.BlockingMessageQueueFuture$MyFuture.get(BlockingMessageQueueFuture.kt:222)
	at serie1.ex4.FutureTest$blocking_message_multiple_send_receive$2$thread$1.invoke(BlockingMessageQueueWithFutureTest.kt:179)
	at serie1.ex4.FutureTest$blocking_message_multiple_send_receive$2$thread$1.invoke(BlockingMessageQueueWithFutureTest.kt:169)
	at kotlin.concurrent.ThreadsKt$thread$thread$1.run(Thread.kt:30)
Exception in thread "Thread-63377" java.util.concurrent.TimeoutException
	at serie1.Ex4.BlockingMessageQueueFuture$MyFuture.get(BlockingMessageQueueFuture.kt:222)
	at serie1.ex4.FutureTest$blocking_message_multiple_send_receive$2$thread$1.invoke(BlockingMessageQueueWithFutureTest.kt:179)
	at serie1.ex4.FutureTest$blocking_message_multiple_send_receive$2$thread$1.invoke(BlockingMessageQueueWithFutureTest.kt:169)
	at kotlin.concurrent.ThreadsKt$thread$thread$1.run(Thread.kt:30)
Exception in thread "Thread-63376" java.util.concurrent.TimeoutException
	at serie1.Ex4.BlockingMessageQueueFuture$MyFuture.get(BlockingMessageQueueFuture.kt:222)
	at serie1.ex4.FutureTest$blocking_message_multiple_send_receive$2$thread$1.invoke(BlockingMessageQueueWithFutureTest.kt:179)
	at serie1.ex4.FutureTest$blocking_message_multiple_send_receive$2$thread$1.invoke(BlockingMessageQueueWithFutureTest.kt:169)
	at kotlin.concurrent.ThreadsKt$thread$thread$1.run(Thread.kt:30)
[2022-04-22 22:01:39] [INFO] start writer 
[2022-04-22 22:01:39] [INFO] writer try send [1, 2, 3] 
[2022-04-22 22:01:39] [INFO] writer send [1, 2, 3] 
[2022-04-22 22:01:39] [INFO] writer try send [4, 5] 
[2022-04-22 22:01:39] [INFO] start writer 
[2022-04-22 22:01:39] [INFO] start writer 
[2022-04-22 22:01:39] [INFO] start writer 
[2022-04-22 22:01:39] [INFO] start writer 
[2022-04-22 22:01:39] [INFO] start writer 
[2022-04-22 22:01:39] [INFO] writer try send [18, 19, 20] 
[2022-04-22 22:01:39] [INFO] start writer 
[2022-04-22 22:01:39] [INFO] end writer 
[2022-04-22 22:01:39] [INFO] writer try send [6] 
[2022-04-22 22:01:39] [INFO] writer send [6] 
[2022-04-22 22:01:39] [INFO] end writer 
[2022-04-22 22:01:39] [INFO] start writer 
[2022-04-22 22:01:39] [INFO] end writer 
[2022-04-22 22:01:39] [INFO] writer send [4, 5] 
[2022-04-22 22:01:39] [INFO] end writer 
[2022-04-22 22:01:39] [INFO] start writer 
[2022-04-22 22:01:39] [INFO] end writer 
[2022-04-22 22:01:39] [INFO] writer try send [14, 15, 16, 17] 
[2022-04-22 22:01:39] [INFO] start writer 
[2022-04-22 22:01:39] [INFO] end writer 
[2022-04-22 22:01:39] [INFO] start reader 
[2022-04-22 22:01:39] [INFO] writer try send [11, 12, 13] 
[2022-04-22 22:01:39] [INFO] writer try send [7, 8, 9, 10] 
[2022-04-22 22:01:39] [INFO] start reader 
[2022-04-22 22:01:39] [INFO] start reader 
[2022-04-22 22:01:39] [INFO] start get result 
[2022-04-22 22:01:39] [INFO] end get result 1 
[2022-04-22 22:01:39] [INFO] reader get 1 
[2022-04-22 22:01:39] [INFO] start get result 
[2022-04-22 22:01:39] [INFO] end get result 2 
[2022-04-22 22:01:39] [INFO] reader get 2 
[2022-04-22 22:01:39] [INFO] start reader 
[2022-04-22 22:01:39] [INFO] writer send [14, 15, 16, 17] 
[2022-04-22 22:01:39] [INFO] end writer 
[2022-04-22 22:01:39] [INFO] start reader 
[2022-04-22 22:01:39] [INFO] start get result 
[2022-04-22 22:01:39] [INFO] end get result 5 
[2022-04-22 22:01:39] [INFO] start get result 
[2022-04-22 22:01:39] [INFO] end get result 6 
[2022-04-22 22:01:39] [INFO] reader get 6 
[2022-04-22 22:01:39] [INFO] start get result 
[2022-04-22 22:01:39] [INFO] start get result 
[2022-04-22 22:01:39] [INFO] end get result 15 
[2022-04-22 22:01:39] [INFO] reader get 15 
[2022-04-22 22:01:39] [INFO] start get result 
[2022-04-22 22:01:39] [INFO] end get result 16 
[2022-04-22 22:01:39] [INFO] reader get 16 
[2022-04-22 22:01:39] [INFO] start get result 
[2022-04-22 22:01:39] [INFO] writer send [11, 12, 13] 
[2022-04-22 22:01:39] [INFO] end get result 17 
[2022-04-22 22:01:39] [INFO] end writer 
[2022-04-22 22:01:39] [INFO] start get result 
[2022-04-22 22:01:39] [INFO] end get result 3 
[2022-04-22 22:01:39] [INFO] reader get 17 
[2022-04-22 22:01:39] [INFO] start get result 
[2022-04-22 22:01:39] [INFO] end get result 18 
[2022-04-22 22:01:39] [INFO] writer send [18, 19, 20] 
[2022-04-22 22:01:39] [INFO] end writer 
[2022-04-22 22:01:39] [INFO] end get result 4 
[2022-04-22 22:01:39] [INFO] reader get 4 
[2022-04-22 22:01:39] [INFO] start get result 
[2022-04-22 22:01:39] [INFO] end get result 19 
[2022-04-22 22:01:39] [INFO] start get result 
[2022-04-22 22:01:39] [INFO] end get result 14 
[2022-04-22 22:01:39] [INFO] reader get 14 
[2022-04-22 22:01:39] [INFO] start get result 
[2022-04-22 22:01:39] [INFO] end get result 20 
[2022-04-22 22:01:39] [INFO] reader get 20 
[2022-04-22 22:01:39] [INFO] start get result 
[2022-04-22 22:01:39] [INFO] end get result 11 
[2022-04-22 22:01:39] [INFO] writer send [7, 8, 9, 10] 
[2022-04-22 22:01:39] [INFO] end writer 
[2022-04-22 22:01:39] [INFO] reader get 5 
[2022-04-22 22:01:39] [INFO] start get result 
[2022-04-22 22:01:39] [INFO] end get result 12 
[2022-04-22 22:01:39] [INFO] start reader 
[2022-04-22 22:01:39] [INFO] reader get 12 
[2022-04-22 22:01:39] [INFO] start reader 
[2022-04-22 22:01:39] [INFO] reader get 11 
[2022-04-22 22:01:39] [INFO] start reader 
[2022-04-22 22:01:39] [INFO] start get result 
[2022-04-22 22:01:39] [INFO] end get result 8 
[2022-04-22 22:01:39] [INFO] reader get 19 
[2022-04-22 22:01:39] [INFO] start get result 
[2022-04-22 22:01:39] [INFO] end get result 10 
[2022-04-22 22:01:39] [INFO] reader get 10 
[2022-04-22 22:01:39] [INFO] start get result 
[2022-04-22 22:01:39] [INFO] reader get 18 
[2022-04-22 22:01:39] [INFO] start get result 
[2022-04-22 22:01:39] [INFO] reader get 3 
[2022-04-22 22:01:39] [INFO] start get result 
[2022-04-22 22:01:39] [INFO] start get result 
[2022-04-22 22:01:39] [INFO] start get result 
[2022-04-22 22:01:39] [INFO] end get result 9 
[2022-04-22 22:01:39] [INFO] reader get 9 
[2022-04-22 22:01:39] [INFO] start get result 
[2022-04-22 22:01:39] [INFO] reader get 8 
[2022-04-22 22:01:39] [INFO] start get result 
[2022-04-22 22:01:39] [INFO] start get result 
[2022-04-22 22:01:39] [INFO] end get result 7 
[2022-04-22 22:01:39] [INFO] reader get 7 
[2022-04-22 22:01:39] [INFO] start get result 
[2022-04-22 22:01:39] [INFO] end get result 13 
[2022-04-22 22:01:39] [INFO] start get result 
[2022-04-22 22:01:39] [INFO] reader get 13 
[2022-04-22 22:01:39] [INFO] start get result 
Exception in thread "Thread-63393" java.util.concurrent.TimeoutException
	at serie1.Ex4.BlockingMessageQueueFuture$MyFuture.get(BlockingMessageQueueFuture.kt:222)
	at serie1.ex4.FutureTest$blocking_message_multiple_send_receive$2$thread$1.invoke(BlockingMessageQueueWithFutureTest.kt:179)
	at serie1.ex4.FutureTest$blocking_message_multiple_send_receive$2$thread$1.invoke(BlockingMessageQueueWithFutureTest.kt:169)
	at kotlin.concurrent.ThreadsKt$thread$thread$1.run(Thread.kt:30)
Exception in thread "Thread-63397" java.util.concurrent.TimeoutException
	at serie1.Ex4.BlockingMessageQueueFuture$MyFuture.get(BlockingMessageQueueFuture.kt:222)
	at serie1.ex4.FutureTest$blocking_message_multiple_send_receive$2$thread$1.invoke(BlockingMessageQueueWithFutureTest.kt:179)
	at serie1.ex4.FutureTest$blocking_message_multiple_send_receive$2$thread$1.invoke(BlockingMessageQueueWithFutureTest.kt:169)
	at kotlin.concurrent.ThreadsKt$thread$thread$1.run(Thread.kt:30)
Exception in thread "Thread-63390" java.util.concurrent.TimeoutException
	at serie1.Ex4.BlockingMessageQueueFuture$MyFuture.get(BlockingMessageQueueFuture.kt:222)
	at serie1.ex4.FutureTest$blocking_message_multiple_send_receive$2$thread$1.invoke(BlockingMessageQueueWithFutureTest.kt:179)
	at serie1.ex4.FutureTest$blocking_message_multiple_send_receive$2$thread$1.invoke(BlockingMessageQueueWithFutureTest.kt:169)
	at kotlin.concurrent.ThreadsKt$thread$thread$1.run(Thread.kt:30)
Exception in thread "Thread-63392" java.util.concurrent.TimeoutException
	at serie1.Ex4.BlockingMessageQueueFuture$MyFuture.get(BlockingMessageQueueFuture.kt:222)
	at serie1.ex4.FutureTest$blocking_message_multiple_send_receive$2$thread$1.invoke(BlockingMessageQueueWithFutureTest.kt:179)
	at serie1.ex4.FutureTest$blocking_message_multiple_send_receive$2$thread$1.invoke(BlockingMessageQueueWithFutureTest.kt:169)
	at kotlin.concurrent.ThreadsKt$thread$thread$1.run(Thread.kt:30)
Exception in thread "Thread-63394" java.util.concurrent.TimeoutException
	at serie1.Ex4.BlockingMessageQueueFuture$MyFuture.get(BlockingMessageQueueFuture.kt:222)
	at serie1.ex4.FutureTest$blocking_message_multiple_send_receive$2$thread$1.invoke(BlockingMessageQueueWithFutureTest.kt:179)
	at serie1.ex4.FutureTest$blocking_message_multiple_send_receive$2$thread$1.invoke(BlockingMessageQueueWithFutureTest.kt:169)
	at kotlin.concurrent.ThreadsKt$thread$thread$1.run(Thread.kt:30)
Exception in thread "Thread-63396" java.util.concurrent.TimeoutException
	at serie1.Ex4.BlockingMessageQueueFuture$MyFuture.get(BlockingMessageQueueFuture.kt:222)
	at serie1.ex4.FutureTest$blocking_message_multiple_send_receive$2$thread$1.invoke(BlockingMessageQueueWithFutureTest.kt:179)
	at serie1.ex4.FutureTest$blocking_message_multiple_send_receive$2$thread$1.invoke(BlockingMessageQueueWithFutureTest.kt:169)
	at kotlin.concurrent.ThreadsKt$thread$thread$1.run(Thread.kt:30)
Exception in thread "Thread-63391" java.util.concurrent.TimeoutException
	at serie1.Ex4.BlockingMessageQueueFuture$MyFuture.get(BlockingMessageQueueFuture.kt:222)
	at serie1.ex4.FutureTest$blocking_message_multiple_send_receive$2$thread$1.invoke(BlockingMessageQueueWithFutureTest.kt:179)
	at serie1.ex4.FutureTest$blocking_message_multiple_send_receive$2$thread$1.invoke(BlockingMessageQueueWithFutureTest.kt:169)
	at kotlin.concurrent.ThreadsKt$thread$thread$1.run(Thread.kt:30)
Exception in thread "Thread-63395" java.util.concurrent.TimeoutException
	at serie1.Ex4.BlockingMessageQueueFuture$MyFuture.get(BlockingMessageQueueFuture.kt:222)
	at serie1.ex4.FutureTest$blocking_message_multiple_send_receive$2$thread$1.invoke(BlockingMessageQueueWithFutureTest.kt:179)
	at serie1.ex4.FutureTest$blocking_message_multiple_send_receive$2$thread$1.invoke(BlockingMessageQueueWithFutureTest.kt:169)
	at kotlin.concurrent.ThreadsKt$thread$thread$1.run(Thread.kt:30)
[2022-04-22 22:01:41] [INFO] start writer 
[2022-04-22 22:01:41] [INFO] writer try send [1, 2, 3] 
[2022-04-22 22:01:41] [INFO] start writer 
[2022-04-22 22:01:41] [INFO] start writer 
[2022-04-22 22:01:41] [INFO] writer send [1, 2, 3] 
[2022-04-22 22:01:41] [INFO] start writer 
[2022-04-22 22:01:41] [INFO] start writer 
[2022-04-22 22:01:41] [INFO] writer try send [14, 15, 16, 17] 
[2022-04-22 22:01:41] [INFO] start writer 
[2022-04-22 22:01:41] [INFO] writer try send [18, 19, 20] 
[2022-04-22 22:01:41] [INFO] start writer 
[2022-04-22 22:01:41] [INFO] end writer 
[2022-04-22 22:01:41] [INFO] start reader 
[2022-04-22 22:01:41] [INFO] start writer 
[2022-04-22 22:01:41] [INFO] start reader 
[2022-04-22 22:01:41] [INFO] writer try send [7, 8, 9, 10] 
[2022-04-22 22:01:41] [INFO] writer try send [6] 
[2022-04-22 22:01:41] [INFO] start reader 
[2022-04-22 22:01:41] [INFO] start get result 
[2022-04-22 22:01:41] [INFO] end get result 1 
[2022-04-22 22:01:41] [INFO] start reader 
[2022-04-22 22:01:41] [INFO] start writer 
[2022-04-22 22:01:41] [INFO] start reader 
[2022-04-22 22:01:41] [INFO] start get result 
[2022-04-22 22:01:41] [INFO] start get result 
[2022-04-22 22:01:41] [INFO] writer send [6] 
[2022-04-22 22:01:41] [INFO] writer send [18, 19, 20] 
[2022-04-22 22:01:41] [INFO] end writer 
[2022-04-22 22:01:41] [INFO] writer try send [4, 5] 
[2022-04-22 22:01:41] [INFO] start get result 
[2022-04-22 22:01:41] [INFO] end get result 15 
[2022-04-22 22:01:41] [INFO] end writer 
[2022-04-22 22:01:41] [INFO] reader get 15 
[2022-04-22 22:01:41] [INFO] end get result 3 
[2022-04-22 22:01:41] [INFO] start get result 
[2022-04-22 22:01:41] [INFO] reader get 3 
[2022-04-22 22:01:41] [INFO] start get result 
[2022-04-22 22:01:41] [INFO] end get result 17 
[2022-04-22 22:01:41] [INFO] end get result 2 
[2022-04-22 22:01:41] [INFO] start reader 
[2022-04-22 22:01:41] [INFO] end writer 
[2022-04-22 22:01:41] [INFO] reader get 1 
[2022-04-22 22:01:41] [INFO] start get result 
[2022-04-22 22:01:41] [INFO] end get result 6 
[2022-04-22 22:01:41] [INFO] reader get 6 
[2022-04-22 22:01:41] [INFO] start get result 
[2022-04-22 22:01:41] [INFO] end writer 
[2022-04-22 22:01:41] [INFO] start get result 
[2022-04-22 22:01:41] [INFO] end get result 19 
[2022-04-22 22:01:41] [INFO] writer send [14, 15, 16, 17] 
[2022-04-22 22:01:41] [INFO] end writer 
[2022-04-22 22:01:41] [INFO] start writer 
[2022-04-22 22:01:41] [INFO] end writer 
[2022-04-22 22:01:41] [INFO] writer try send [11, 12, 13] 
[2022-04-22 22:01:41] [INFO] reader get 19 
[2022-04-22 22:01:41] [INFO] start get result 
[2022-04-22 22:01:41] [INFO] writer send [7, 8, 9, 10] 
[2022-04-22 22:01:41] [INFO] end writer 
[2022-04-22 22:01:41] [INFO] end get result 18 
[2022-04-22 22:01:41] [INFO] start reader 
[2022-04-22 22:01:41] [INFO] reader get 2 
[2022-04-22 22:01:41] [INFO] start get result 
[2022-04-22 22:01:41] [INFO] reader get 17 
[2022-04-22 22:01:41] [INFO] start get result 
[2022-04-22 22:01:41] [INFO] writer send [11, 12, 13] 
[2022-04-22 22:01:41] [INFO] writer send [4, 5] 
[2022-04-22 22:01:41] [INFO] start get result 
[2022-04-22 22:01:41] [INFO] end get result 7 
[2022-04-22 22:01:41] [INFO] reader get 7 
[2022-04-22 22:01:41] [INFO] start get result 
[2022-04-22 22:01:41] [INFO] end get result 8 
[2022-04-22 22:01:41] [INFO] reader get 8 
[2022-04-22 22:01:41] [INFO] end get result 14 
[2022-04-22 22:01:41] [INFO] reader get 14 
[2022-04-22 22:01:41] [INFO] start get result 
[2022-04-22 22:01:41] [INFO] end get result 10 
[2022-04-22 22:01:41] [INFO] reader get 10 
[2022-04-22 22:01:41] [INFO] start get result 
[2022-04-22 22:01:41] [INFO] end get result 11 
[2022-04-22 22:01:41] [INFO] start get result 
[2022-04-22 22:01:41] [INFO] end get result 16 
[2022-04-22 22:01:41] [INFO] reader get 11 
[2022-04-22 22:01:41] [INFO] start get result 
[2022-04-22 22:01:41] [INFO] end get result 12 
[2022-04-22 22:01:41] [INFO] start get result 
[2022-04-22 22:01:41] [INFO] end get result 9 
[2022-04-22 22:01:41] [INFO] end writer 
[2022-04-22 22:01:41] [INFO] end writer 
[2022-04-22 22:01:41] [INFO] end get result 5 
[2022-04-22 22:01:41] [INFO] end get result 4 
[2022-04-22 22:01:41] [INFO] start reader 
[2022-04-22 22:01:41] [INFO] reader get 18 
[2022-04-22 22:01:41] [INFO] start get result 
[2022-04-22 22:01:41] [INFO] end get result 13 
[2022-04-22 22:01:41] [INFO] end get result 20 
[2022-04-22 22:01:41] [INFO] reader get 20 
[2022-04-22 22:01:41] [INFO] start get result 
[2022-04-22 22:01:41] [INFO] start get result 
[2022-04-22 22:01:41] [INFO] reader get 13 
[2022-04-22 22:01:41] [INFO] start get result 
[2022-04-22 22:01:41] [INFO] reader get 4 
[2022-04-22 22:01:41] [INFO] start get result 
[2022-04-22 22:01:41] [INFO] reader get 5 
[2022-04-22 22:01:41] [INFO] start get result 
[2022-04-22 22:01:41] [INFO] reader get 9 
[2022-04-22 22:01:41] [INFO] start get result 
[2022-04-22 22:01:41] [INFO] reader get 12 
[2022-04-22 22:01:41] [INFO] start get result 
[2022-04-22 22:01:41] [INFO] reader get 16 
[2022-04-22 22:01:41] [INFO] start get result 
Exception in thread "Thread-63413" java.util.concurrent.TimeoutException
	at serie1.Ex4.BlockingMessageQueueFuture$MyFuture.get(BlockingMessageQueueFuture.kt:222)
	at serie1.ex4.FutureTest$blocking_message_multiple_send_receive$2$thread$1.invoke(BlockingMessageQueueWithFutureTest.kt:179)
	at serie1.ex4.FutureTest$blocking_message_multiple_send_receive$2$thread$1.invoke(BlockingMessageQueueWithFutureTest.kt:169)
	at kotlin.concurrent.ThreadsKt$thread$thread$1.run(Thread.kt:30)
Exception in thread "Thread-63414" java.util.concurrent.TimeoutException
	at serie1.Ex4.BlockingMessageQueueFuture$MyFuture.get(BlockingMessageQueueFuture.kt:222)
	at serie1.ex4.FutureTest$blocking_message_multiple_send_receive$2$thread$1.invoke(BlockingMessageQueueWithFutureTest.kt:179)
	at serie1.ex4.FutureTest$blocking_message_multiple_send_receive$2$thread$1.invoke(BlockingMessageQueueWithFutureTest.kt:169)
	at kotlin.concurrent.ThreadsKt$thread$thread$1.run(Thread.kt:30)
Exception in thread "Thread-63412" java.util.concurrent.TimeoutException
	at serie1.Ex4.BlockingMessageQueueFuture$MyFuture.get(BlockingMessageQueueFuture.kt:222)
	at serie1.ex4.FutureTest$blocking_message_multiple_send_receive$2$thread$1.invoke(BlockingMessageQueueWithFutureTest.kt:179)
	at serie1.ex4.FutureTest$blocking_message_multiple_send_receive$2$thread$1.invoke(BlockingMessageQueueWithFutureTest.kt:169)
	at kotlin.concurrent.ThreadsKt$thread$thread$1.run(Thread.kt:30)
Exception in thread "Thread-63410" java.util.concurrent.TimeoutException
	at serie1.Ex4.BlockingMessageQueueFuture$MyFuture.get(BlockingMessageQueueFuture.kt:222)
	at serie1.ex4.FutureTest$blocking_message_multiple_send_receive$2$thread$1.invoke(BlockingMessageQueueWithFutureTest.kt:179)
	at serie1.ex4.FutureTest$blocking_message_multiple_send_receive$2$thread$1.invoke(BlockingMessageQueueWithFutureTest.kt:169)
	at kotlin.concurrent.ThreadsKt$thread$thread$1.run(Thread.kt:30)
Exception in thread "Thread-63415" java.util.concurrent.TimeoutException
	at serie1.Ex4.BlockingMessageQueueFuture$MyFuture.get(BlockingMessageQueueFuture.kt:222)
	at serie1.ex4.FutureTest$blocking_message_multiple_send_receive$2$thread$1.invoke(BlockingMessageQueueWithFutureTest.kt:179)
	at serie1.ex4.FutureTest$blocking_message_multiple_send_receive$2$thread$1.invoke(BlockingMessageQueueWithFutureTest.kt:169)
	at kotlin.concurrent.ThreadsKt$thread$thread$1.run(Thread.kt:30)
Exception in thread "Thread-63411" java.util.concurrent.TimeoutException
	at serie1.Ex4.BlockingMessageQueueFuture$MyFuture.get(BlockingMessageQueueFuture.kt:222)
	at serie1.ex4.FutureTest$blocking_message_multiple_send_receive$2$thread$1.invoke(BlockingMessageQueueWithFutureTest.kt:179)
	at serie1.ex4.FutureTest$blocking_message_multiple_send_receive$2$thread$1.invoke(BlockingMessageQueueWithFutureTest.kt:169)
	at kotlin.concurrent.ThreadsKt$thread$thread$1.run(Thread.kt:30)
Exception in thread "Thread-63416" java.util.concurrent.TimeoutException
	at serie1.Ex4.BlockingMessageQueueFuture$MyFuture.get(BlockingMessageQueueFuture.kt:222)
	at serie1.ex4.FutureTest$blocking_message_multiple_send_receive$2$thread$1.invoke(BlockingMessageQueueWithFutureTest.kt:179)
	at serie1.ex4.FutureTest$blocking_message_multiple_send_receive$2$thread$1.invoke(BlockingMessageQueueWithFutureTest.kt:169)
	at kotlin.concurrent.ThreadsKt$thread$thread$1.run(Thread.kt:30)
Exception in thread "Thread-63409" java.util.concurrent.TimeoutException
	at serie1.Ex4.BlockingMessageQueueFuture$MyFuture.get(BlockingMessageQueueFuture.kt:222)
	at serie1.ex4.FutureTest$blocking_message_multiple_send_receive$2$thread$1.invoke(BlockingMessageQueueWithFutureTest.kt:179)
	at serie1.ex4.FutureTest$blocking_message_multiple_send_receive$2$thread$1.invoke(BlockingMessageQueueWithFutureTest.kt:169)
	at kotlin.concurrent.ThreadsKt$thread$thread$1.run(Thread.kt:30)
[2022-04-22 22:01:43] [INFO] start writer 
[2022-04-22 22:01:43] [INFO] writer try send [1, 2, 3] 
[2022-04-22 22:01:43] [INFO] writer send [1, 2, 3] 
[2022-04-22 22:01:43] [INFO] writer try send [4, 5] 
[2022-04-22 22:01:43] [INFO] start writer 
[2022-04-22 22:01:43] [INFO] writer try send [6] 
[2022-04-22 22:01:43] [INFO] start writer 
[2022-04-22 22:01:43] [INFO] writer try send [7, 8, 9, 10] 
[2022-04-22 22:01:43] [INFO] start writer 
[2022-04-22 22:01:43] [INFO] start writer 
[2022-04-22 22:01:43] [INFO] writer try send [14, 15, 16, 17] 
[2022-04-22 22:01:43] [INFO] start writer 
[2022-04-22 22:01:43] [INFO] writer try send [18, 19, 20] 
[2022-04-22 22:01:43] [INFO] start writer 
[2022-04-22 22:01:43] [INFO] end writer 
[2022-04-22 22:01:43] [INFO] start writer 
[2022-04-22 22:01:43] [INFO] end writer 
[2022-04-22 22:01:43] [INFO] writer send [4, 5] 
[2022-04-22 22:01:43] [INFO] end writer 
[2022-04-22 22:01:43] [INFO] start writer 
[2022-04-22 22:01:43] [INFO] end writer 
[2022-04-22 22:01:43] [INFO] writer try send [11, 12, 13] 
[2022-04-22 22:01:43] [INFO] start reader 
[2022-04-22 22:01:43] [INFO] start writer 
[2022-04-22 22:01:43] [INFO] start reader 
[2022-04-22 22:01:43] [INFO] end writer 
[2022-04-22 22:01:43] [INFO] writer send [6] 
[2022-04-22 22:01:43] [INFO] start reader 
[2022-04-22 22:01:43] [INFO] end writer 
[2022-04-22 22:01:43] [INFO] start get result 
[2022-04-22 22:01:43] [INFO] start get result 
[2022-04-22 22:01:43] [INFO] end get result 2 
[2022-04-22 22:01:43] [INFO] start get result 
[2022-04-22 22:01:43] [INFO] end get result 3 
[2022-04-22 22:01:43] [INFO] writer send [14, 15, 16, 17] 
[2022-04-22 22:01:43] [INFO] end writer 
[2022-04-22 22:01:43] [INFO] end get result 1 
[2022-04-22 22:01:43] [INFO] reader get 1 
[2022-04-22 22:01:43] [INFO] start reader 
[2022-04-22 22:01:43] [INFO] start get result 
[2022-04-22 22:01:43] [INFO] start reader 
[2022-04-22 22:01:43] [INFO] reader get 3 
[2022-04-22 22:01:43] [INFO] reader get 2 
[2022-04-22 22:01:43] [INFO] start reader 
[2022-04-22 22:01:43] [INFO] writer send [18, 19, 20] 
[2022-04-22 22:01:43] [INFO] end writer 
[2022-04-22 22:01:43] [INFO] start get result 
[2022-04-22 22:01:43] [INFO] end get result 14 
[2022-04-22 22:01:43] [INFO] start get result 
[2022-04-22 22:01:43] [INFO] end get result 6 
[2022-04-22 22:01:43] [INFO] start get result 
[2022-04-22 22:01:43] [INFO] start get result 
[2022-04-22 22:01:43] [INFO] start get result 
[2022-04-22 22:01:43] [INFO] end get result 16 
[2022-04-22 22:01:43] [INFO] end get result 4 
[2022-04-22 22:01:43] [INFO] reader get 4 
[2022-04-22 22:01:43] [INFO] start get result 
[2022-04-22 22:01:43] [INFO] end get result 17 
[2022-04-22 22:01:43] [INFO] reader get 17 
[2022-04-22 22:01:43] [INFO] reader get 16 
[2022-04-22 22:01:43] [INFO] start get result 
[2022-04-22 22:01:43] [INFO] writer send [7, 8, 9, 10] 
[2022-04-22 22:01:43] [INFO] end writer 
[2022-04-22 22:01:43] [INFO] writer send [11, 12, 13] 
[2022-04-22 22:01:43] [INFO] end writer 
[2022-04-22 22:01:43] [INFO] end get result 15 
[2022-04-22 22:01:43] [INFO] reader get 15 
[2022-04-22 22:01:43] [INFO] start get result 
[2022-04-22 22:01:43] [INFO] end get result 20 
[2022-04-22 22:01:43] [INFO] reader get 20 
[2022-04-22 22:01:43] [INFO] start get result 
[2022-04-22 22:01:43] [INFO] end get result 5 
[2022-04-22 22:01:43] [INFO] reader get 5 
[2022-04-22 22:01:43] [INFO] reader get 6 
[2022-04-22 22:01:43] [INFO] start get result 
[2022-04-22 22:01:43] [INFO] end get result 13 
[2022-04-22 22:01:43] [INFO] reader get 13 
[2022-04-22 22:01:43] [INFO] start get result 
[2022-04-22 22:01:43] [INFO] end get result 7 
[2022-04-22 22:01:43] [INFO] reader get 7 
[2022-04-22 22:01:43] [INFO] start get result 
[2022-04-22 22:01:43] [INFO] reader get 14 
[2022-04-22 22:01:43] [INFO] start get result 
[2022-04-22 22:01:43] [INFO] start reader 
[2022-04-22 22:01:43] [INFO] end get result 9 
[2022-04-22 22:01:43] [INFO] end get result 8 
[2022-04-22 22:01:43] [INFO] reader get 8 
[2022-04-22 22:01:43] [INFO] start reader 
[2022-04-22 22:01:43] [INFO] start get result 
[2022-04-22 22:01:43] [INFO] end get result 12 
[2022-04-22 22:01:43] [INFO] reader get 12 
[2022-04-22 22:01:43] [INFO] start get result 
[2022-04-22 22:01:43] [INFO] end get result 11 
[2022-04-22 22:01:43] [INFO] end get result 19 
[2022-04-22 22:01:43] [INFO] reader get 19 
[2022-04-22 22:01:43] [INFO] start get result 
[2022-04-22 22:01:43] [INFO] start get result 
[2022-04-22 22:01:43] [INFO] end get result 18 
[2022-04-22 22:01:43] [INFO] reader get 18 
[2022-04-22 22:01:43] [INFO] start get result 
[2022-04-22 22:01:43] [INFO] reader get 11 
[2022-04-22 22:01:43] [INFO] start get result 
[2022-04-22 22:01:43] [INFO] start get result 
[2022-04-22 22:01:43] [INFO] start get result 
[2022-04-22 22:01:43] [INFO] end get result 10 
[2022-04-22 22:01:43] [INFO] reader get 10 
[2022-04-22 22:01:43] [INFO] start get result 
[2022-04-22 22:01:43] [INFO] reader get 9 
[2022-04-22 22:01:43] [INFO] start get result 
[2022-04-22 22:01:43] [INFO] start get result 
Exception in thread "Thread-63428" java.util.concurrent.TimeoutException
	at serie1.Ex4.BlockingMessageQueueFuture$MyFuture.get(BlockingMessageQueueFuture.kt:222)
	at serie1.ex4.FutureTest$blocking_message_multiple_send_receive$2$thread$1.invoke(BlockingMessageQueueWithFutureTest.kt:179)
	at serie1.ex4.FutureTest$blocking_message_multiple_send_receive$2$thread$1.invoke(BlockingMessageQueueWithFutureTest.kt:169)
	at kotlin.concurrent.ThreadsKt$thread$thread$1.run(Thread.kt:30)
Exception in thread "Thread-63433" java.util.concurrent.TimeoutException
	at serie1.Ex4.BlockingMessageQueueFuture$MyFuture.get(BlockingMessageQueueFuture.kt:222)
	at serie1.ex4.FutureTest$blocking_message_multiple_send_receive$2$thread$1.invoke(BlockingMessageQueueWithFutureTest.kt:179)
	at serie1.ex4.FutureTest$blocking_message_multiple_send_receive$2$thread$1.invoke(BlockingMessageQueueWithFutureTest.kt:169)
	at kotlin.concurrent.ThreadsKt$thread$thread$1.run(Thread.kt:30)
Exception in thread "Thread-63431" java.util.concurrent.TimeoutException
	at serie1.Ex4.BlockingMessageQueueFuture$MyFuture.get(BlockingMessageQueueFuture.kt:222)
	at serie1.ex4.FutureTest$blocking_message_multiple_send_receive$2$thread$1.invoke(BlockingMessageQueueWithFutureTest.kt:179)
	at serie1.ex4.FutureTest$blocking_message_multiple_send_receive$2$thread$1.invoke(BlockingMessageQueueWithFutureTest.kt:169)
	at kotlin.concurrent.ThreadsKt$thread$thread$1.run(Thread.kt:30)
Exception in thread "Thread-63432" java.util.concurrent.TimeoutException
	at serie1.Ex4.BlockingMessageQueueFuture$MyFuture.get(BlockingMessageQueueFuture.kt:222)
	at serie1.ex4.FutureTest$blocking_message_multiple_send_receive$2$thread$1.invoke(BlockingMessageQueueWithFutureTest.kt:179)
	at serie1.ex4.FutureTest$blocking_message_multiple_send_receive$2$thread$1.invoke(BlockingMessageQueueWithFutureTest.kt:169)
	at kotlin.concurrent.ThreadsKt$thread$thread$1.run(Thread.kt:30)
Exception in thread "Thread-63434" java.util.concurrent.TimeoutException
	at serie1.Ex4.BlockingMessageQueueFuture$MyFuture.get(BlockingMessageQueueFuture.kt:222)
	at serie1.ex4.FutureTest$blocking_message_multiple_send_receive$2$thread$1.invoke(BlockingMessageQueueWithFutureTest.kt:179)
	at serie1.ex4.FutureTest$blocking_message_multiple_send_receive$2$thread$1.invoke(BlockingMessageQueueWithFutureTest.kt:169)
	at kotlin.concurrent.ThreadsKt$thread$thread$1.run(Thread.kt:30)
Exception in thread "Thread-63435" java.util.concurrent.TimeoutException
	at serie1.Ex4.BlockingMessageQueueFuture$MyFuture.get(BlockingMessageQueueFuture.kt:222)
	at serie1.ex4.FutureTest$blocking_message_multiple_send_receive$2$thread$1.invoke(BlockingMessageQueueWithFutureTest.kt:179)
	at serie1.ex4.FutureTest$blocking_message_multiple_send_receive$2$thread$1.invoke(BlockingMessageQueueWithFutureTest.kt:169)
	at kotlin.concurrent.ThreadsKt$thread$thread$1.run(Thread.kt:30)
Exception in thread "Thread-63429" java.util.concurrent.TimeoutException
	at serie1.Ex4.BlockingMessageQueueFuture$MyFuture.get(BlockingMessageQueueFuture.kt:222)
	at serie1.ex4.FutureTest$blocking_message_multiple_send_receive$2$thread$1.invoke(BlockingMessageQueueWithFutureTest.kt:179)
	at serie1.ex4.FutureTest$blocking_message_multiple_send_receive$2$thread$1.invoke(BlockingMessageQueueWithFutureTest.kt:169)
	at kotlin.concurrent.ThreadsKt$thread$thread$1.run(Thread.kt:30)
Exception in thread "Thread-63430" java.util.concurrent.TimeoutException
	at serie1.Ex4.BlockingMessageQueueFuture$MyFuture.get(BlockingMessageQueueFuture.kt:222)
	at serie1.ex4.FutureTest$blocking_message_multiple_send_receive$2$thread$1.invoke(BlockingMessageQueueWithFutureTest.kt:179)
	at serie1.ex4.FutureTest$blocking_message_multiple_send_receive$2$thread$1.invoke(BlockingMessageQueueWithFutureTest.kt:169)
	at kotlin.concurrent.ThreadsKt$thread$thread$1.run(Thread.kt:30)
[2022-04-22 22:01:45] [INFO] start writer 
[2022-04-22 22:01:45] [INFO] start writer 
[2022-04-22 22:01:45] [INFO] start writer 
[2022-04-22 22:01:45] [INFO] start writer 
[2022-04-22 22:01:45] [INFO] writer try send [7, 8, 9, 10] 
[2022-04-22 22:01:45] [INFO] start reader 
[2022-04-22 22:01:45] [INFO] start writer 
[2022-04-22 22:01:45] [INFO] start writer 
[2022-04-22 22:01:45] [INFO] writer try send [14, 15, 16, 17] 
[2022-04-22 22:01:45] [INFO] writer send [14, 15, 16, 17] 
[2022-04-22 22:01:45] [INFO] writer try send [18, 19, 20] 
[2022-04-22 22:01:45] [INFO] start writer 
[2022-04-22 22:01:45] [INFO] end writer 
[2022-04-22 22:01:45] [INFO] writer send [7, 8, 9, 10] 
[2022-04-22 22:01:45] [INFO] end writer 
[2022-04-22 22:01:45] [INFO] start writer 
[2022-04-22 22:01:45] [INFO] start get result 
[2022-04-22 22:01:45] [INFO] end get result 7 
[2022-04-22 22:01:45] [INFO] start writer 
[2022-04-22 22:01:45] [INFO] end writer 
[2022-04-22 22:01:45] [INFO] writer try send [6] 
[2022-04-22 22:01:45] [INFO] writer send [6] 
[2022-04-22 22:01:45] [INFO] end writer 
[2022-04-22 22:01:45] [INFO] start writer 
[2022-04-22 22:01:45] [INFO] end writer 
[2022-04-22 22:01:45] [INFO] writer try send [4, 5] 
[2022-04-22 22:01:45] [INFO] writer try send [1, 2, 3] 
[2022-04-22 22:01:45] [INFO] reader get 7 
[2022-04-22 22:01:45] [INFO] start get result 
[2022-04-22 22:01:45] [INFO] end get result 8 
[2022-04-22 22:01:45] [INFO] reader get 8 
[2022-04-22 22:01:45] [INFO] start get result 
[2022-04-22 22:01:45] [INFO] end writer 
[2022-04-22 22:01:45] [INFO] writer send [18, 19, 20] 
[2022-04-22 22:01:45] [INFO] end writer 
[2022-04-22 22:01:45] [INFO] start reader 
[2022-04-22 22:01:45] [INFO] writer try send [11, 12, 13] 
[2022-04-22 22:01:45] [INFO] end get result 9 
[2022-04-22 22:01:45] [INFO] reader get 9 
[2022-04-22 22:01:45] [INFO] start get result 
[2022-04-22 22:01:45] [INFO] end get result 10 
[2022-04-22 22:01:45] [INFO] reader get 10 
[2022-04-22 22:01:45] [INFO] start get result 
[2022-04-22 22:01:45] [INFO] writer send [4, 5] 
[2022-04-22 22:01:45] [INFO] end writer 
[2022-04-22 22:01:45] [INFO] start reader 
[2022-04-22 22:01:45] [INFO] start get result 
[2022-04-22 22:01:45] [INFO] end get result 15 
[2022-04-22 22:01:45] [INFO] reader get 15 
[2022-04-22 22:01:45] [INFO] end get result 14 
[2022-04-22 22:01:45] [INFO] start reader 
[2022-04-22 22:01:45] [INFO] reader get 14 
[2022-04-22 22:01:45] [INFO] start get result 
[2022-04-22 22:01:45] [INFO] end get result 17 
[2022-04-22 22:01:45] [INFO] writer send [11, 12, 13] 
[2022-04-22 22:01:45] [INFO] end writer 
[2022-04-22 22:01:45] [INFO] start get result 
[2022-04-22 22:01:45] [INFO] end get result 6 
[2022-04-22 22:01:45] [INFO] reader get 6 
[2022-04-22 22:01:45] [INFO] start get result 
[2022-04-22 22:01:45] [INFO] start get result 
[2022-04-22 22:01:45] [INFO] writer send [1, 2, 3] 
[2022-04-22 22:01:45] [INFO] end writer 
[2022-04-22 22:01:45] [INFO] start get result 
[2022-04-22 22:01:45] [INFO] end get result 16 
[2022-04-22 22:01:45] [INFO] reader get 16 
[2022-04-22 22:01:45] [INFO] start get result 
[2022-04-22 22:01:45] [INFO] end get result 18 
[2022-04-22 22:01:45] [INFO] reader get 18 
[2022-04-22 22:01:45] [INFO] start get result 
[2022-04-22 22:01:45] [INFO] end get result 4 
[2022-04-22 22:01:45] [INFO] reader get 4 
[2022-04-22 22:01:45] [INFO] start get result 
[2022-04-22 22:01:45] [INFO] end get result 19 
[2022-04-22 22:01:45] [INFO] reader get 19 
[2022-04-22 22:01:45] [INFO] start get result 
[2022-04-22 22:01:45] [INFO] end get result 11 
[2022-04-22 22:01:45] [INFO] reader get 11 
[2022-04-22 22:01:45] [INFO] reader get 17 
[2022-04-22 22:01:45] [INFO] start get result 
[2022-04-22 22:01:45] [INFO] start reader 
[2022-04-22 22:01:45] [INFO] end get result 13 
[2022-04-22 22:01:45] [INFO] reader get 13 
[2022-04-22 22:01:45] [INFO] start get result 
[2022-04-22 22:01:45] [INFO] start reader 
[2022-04-22 22:01:45] [INFO] start get result 
[2022-04-22 22:01:45] [INFO] start reader 
[2022-04-22 22:01:45] [INFO] end get result 5 
[2022-04-22 22:01:45] [INFO] start get result 
[2022-04-22 22:01:45] [INFO] end get result 2 
[2022-04-22 22:01:45] [INFO] start get result 
[2022-04-22 22:01:45] [INFO] end get result 3 
[2022-04-22 22:01:45] [INFO] start get result 
[2022-04-22 22:01:45] [INFO] end get result 20 
[2022-04-22 22:01:45] [INFO] reader get 20 
[2022-04-22 22:01:45] [INFO] start get result 
[2022-04-22 22:01:45] [INFO] reader get 3 
[2022-04-22 22:01:45] [INFO] start get result 
[2022-04-22 22:01:45] [INFO] reader get 2 
[2022-04-22 22:01:45] [INFO] start get result 
[2022-04-22 22:01:45] [INFO] reader get 5 
[2022-04-22 22:01:45] [INFO] start get result 
[2022-04-22 22:01:45] [INFO] start reader 
[2022-04-22 22:01:45] [INFO] end get result 12 
[2022-04-22 22:01:45] [INFO] reader get 12 
[2022-04-22 22:01:45] [INFO] start get result 
[2022-04-22 22:01:45] [INFO] end get result 1 
[2022-04-22 22:01:45] [INFO] reader get 1 
[2022-04-22 22:01:45] [INFO] start get result 
[2022-04-22 22:01:45] [INFO] start get result 
Exception in thread "Thread-63452" java.util.concurrent.TimeoutException
	at serie1.Ex4.BlockingMessageQueueFuture$MyFuture.get(BlockingMessageQueueFuture.kt:222)
	at serie1.ex4.FutureTest$blocking_message_multiple_send_receive$2$thread$1.invoke(BlockingMessageQueueWithFutureTest.kt:179)
	at serie1.ex4.FutureTest$blocking_message_multiple_send_receive$2$thread$1.invoke(BlockingMessageQueueWithFutureTest.kt:169)
	at kotlin.concurrent.ThreadsKt$thread$thread$1.run(Thread.kt:30)
Exception in thread "Thread-63454" java.util.concurrent.TimeoutException
	at serie1.Ex4.BlockingMessageQueueFuture$MyFuture.get(BlockingMessageQueueFuture.kt:222)
	at serie1.ex4.FutureTest$blocking_message_multiple_send_receive$2$thread$1.invoke(BlockingMessageQueueWithFutureTest.kt:179)
	at serie1.ex4.FutureTest$blocking_message_multiple_send_receive$2$thread$1.invoke(BlockingMessageQueueWithFutureTest.kt:169)
	at kotlin.concurrent.ThreadsKt$thread$thread$1.run(Thread.kt:30)
Exception in thread "Thread-63451" java.util.concurrent.TimeoutException
	at serie1.Ex4.BlockingMessageQueueFuture$MyFuture.get(BlockingMessageQueueFuture.kt:222)
	at serie1.ex4.FutureTest$blocking_message_multiple_send_receive$2$thread$1.invoke(BlockingMessageQueueWithFutureTest.kt:179)
	at serie1.ex4.FutureTest$blocking_message_multiple_send_receive$2$thread$1.invoke(BlockingMessageQueueWithFutureTest.kt:169)
	at kotlin.concurrent.ThreadsKt$thread$thread$1.run(Thread.kt:30)
Exception in thread "Thread-63450" java.util.concurrent.TimeoutException
	at serie1.Ex4.BlockingMessageQueueFuture$MyFuture.get(BlockingMessageQueueFuture.kt:222)
	at serie1.ex4.FutureTest$blocking_message_multiple_send_receive$2$thread$1.invoke(BlockingMessageQueueWithFutureTest.kt:179)
	at serie1.ex4.FutureTest$blocking_message_multiple_send_receive$2$thread$1.invoke(BlockingMessageQueueWithFutureTest.kt:169)
	at kotlin.concurrent.ThreadsKt$thread$thread$1.run(Thread.kt:30)
Exception in thread "Thread-63449" java.util.concurrent.TimeoutException
	at serie1.Ex4.BlockingMessageQueueFuture$MyFuture.get(BlockingMessageQueueFuture.kt:222)
	at serie1.ex4.FutureTest$blocking_message_multiple_send_receive$2$thread$1.invoke(BlockingMessageQueueWithFutureTest.kt:179)
	at serie1.ex4.FutureTest$blocking_message_multiple_send_receive$2$thread$1.invoke(BlockingMessageQueueWithFutureTest.kt:169)
	at kotlin.concurrent.ThreadsKt$thread$thread$1.run(Thread.kt:30)
Exception in thread "Thread-63448" java.util.concurrent.TimeoutException
	at serie1.Ex4.BlockingMessageQueueFuture$MyFuture.get(BlockingMessageQueueFuture.kt:222)
	at serie1.ex4.FutureTest$blocking_message_multiple_send_receive$2$thread$1.invoke(BlockingMessageQueueWithFutureTest.kt:179)
	at serie1.ex4.FutureTest$blocking_message_multiple_send_receive$2$thread$1.invoke(BlockingMessageQueueWithFutureTest.kt:169)
	at kotlin.concurrent.ThreadsKt$thread$thread$1.run(Thread.kt:30)
Exception in thread "Thread-63453" java.util.concurrent.TimeoutException
	at serie1.Ex4.BlockingMessageQueueFuture$MyFuture.get(BlockingMessageQueueFuture.kt:222)
	at serie1.ex4.FutureTest$blocking_message_multiple_send_receive$2$thread$1.invoke(BlockingMessageQueueWithFutureTest.kt:179)
	at serie1.ex4.FutureTest$blocking_message_multiple_send_receive$2$thread$1.invoke(BlockingMessageQueueWithFutureTest.kt:169)
	at kotlin.concurrent.ThreadsKt$thread$thread$1.run(Thread.kt:30)
Exception in thread "Thread-63447" java.util.concurrent.TimeoutException
	at serie1.Ex4.BlockingMessageQueueFuture$MyFuture.get(BlockingMessageQueueFuture.kt:222)
	at serie1.ex4.FutureTest$blocking_message_multiple_send_receive$2$thread$1.invoke(BlockingMessageQueueWithFutureTest.kt:179)
	at serie1.ex4.FutureTest$blocking_message_multiple_send_receive$2$thread$1.invoke(BlockingMessageQueueWithFutureTest.kt:169)
	at kotlin.concurrent.ThreadsKt$thread$thread$1.run(Thread.kt:30)
[2022-04-22 22:01:47] [INFO] start writer 
[2022-04-22 22:01:47] [INFO] start writer 
[2022-04-22 22:01:47] [INFO] writer try send [4, 5] 
[2022-04-22 22:01:47] [INFO] writer try send [1, 2, 3] 
[2022-04-22 22:01:47] [INFO] start writer 
[2022-04-22 22:01:47] [INFO] writer try send [6] 
[2022-04-22 22:01:47] [INFO] start writer 
[2022-04-22 22:01:47] [INFO] start writer 
[2022-04-22 22:01:47] [INFO] writer try send [11, 12, 13] 
[2022-04-22 22:01:47] [INFO] start writer 
[2022-04-22 22:01:47] [INFO] start reader 
[2022-04-22 22:01:47] [INFO] start writer 
[2022-04-22 22:01:47] [INFO] writer try send [18, 19, 20] 
[2022-04-22 22:01:47] [INFO] start writer 
[2022-04-22 22:01:47] [INFO] end writer 
[2022-04-22 22:01:47] [INFO] writer try send [14, 15, 16, 17] 
[2022-04-22 22:01:47] [INFO] start get result 
[2022-04-22 22:01:47] [INFO] start writer 
[2022-04-22 22:01:47] [INFO] end writer 
[2022-04-22 22:01:47] [INFO] end get result 4 
[2022-04-22 22:01:47] [INFO] writer send [11, 12, 13] 
[2022-04-22 22:01:47] [INFO] end writer 
[2022-04-22 22:01:47] [INFO] writer try send [7, 8, 9, 10] 
[2022-04-22 22:01:47] [INFO] writer send [6] 
[2022-04-22 22:01:47] [INFO] end writer 
[2022-04-22 22:01:47] [INFO] start writer 
[2022-04-22 22:01:47] [INFO] end writer 
[2022-04-22 22:01:47] [INFO] writer send [1, 2, 3] 
[2022-04-22 22:01:47] [INFO] end writer 
[2022-04-22 22:01:47] [INFO] writer send [4, 5] 
[2022-04-22 22:01:47] [INFO] end writer 
[2022-04-22 22:01:47] [INFO] reader get 4 
[2022-04-22 22:01:47] [INFO] start reader 
[2022-04-22 22:01:47] [INFO] writer send [18, 19, 20] 
[2022-04-22 22:01:47] [INFO] end writer 
[2022-04-22 22:01:47] [INFO] start get result 
[2022-04-22 22:01:47] [INFO] start reader 
[2022-04-22 22:01:47] [INFO] end get result 5 
[2022-04-22 22:01:47] [INFO] reader get 5 
[2022-04-22 22:01:47] [INFO] start get result 
[2022-04-22 22:01:47] [INFO] start reader 
[2022-04-22 22:01:47] [INFO] start get result 
[2022-04-22 22:01:47] [INFO] start reader 
[2022-04-22 22:01:47] [INFO] end get result 1 
[2022-04-22 22:01:47] [INFO] reader get 1 
[2022-04-22 22:01:47] [INFO] writer send [7, 8, 9, 10] 
[2022-04-22 22:01:47] [INFO] end writer 
[2022-04-22 22:01:47] [INFO] start reader 
[2022-04-22 22:01:47] [INFO] end get result 2 
[2022-04-22 22:01:47] [INFO] start reader 
[2022-04-22 22:01:47] [INFO] start get result 
[2022-04-22 22:01:47] [INFO] start reader 
[2022-04-22 22:01:47] [INFO] start get result 
[2022-04-22 22:01:47] [INFO] end get result 13 
[2022-04-22 22:01:47] [INFO] reader get 13 
[2022-04-22 22:01:47] [INFO] start get result 
[2022-04-22 22:01:47] [INFO] end get result 3 
[2022-04-22 22:01:47] [INFO] reader get 3 
[2022-04-22 22:01:47] [INFO] start get result 
[2022-04-22 22:01:47] [INFO] reader get 2 
[2022-04-22 22:01:47] [INFO] start get result 
[2022-04-22 22:01:47] [INFO] end get result 8 
[2022-04-22 22:01:47] [INFO] reader get 8 
[2022-04-22 22:01:47] [INFO] start get result 
[2022-04-22 22:01:47] [INFO] start get result 
[2022-04-22 22:01:47] [INFO] end get result 12 
[2022-04-22 22:01:47] [INFO] start get result 
[2022-04-22 22:01:47] [INFO] end get result 11 
[2022-04-22 22:01:47] [INFO] reader get 11 
[2022-04-22 22:01:47] [INFO] start get result 
[2022-04-22 22:01:47] [INFO] start get result 
[2022-04-22 22:01:47] [INFO] end get result 6 
[2022-04-22 22:01:47] [INFO] end get result 10 
[2022-04-22 22:01:47] [INFO] reader get 10 
[2022-04-22 22:01:47] [INFO] start get result 
[2022-04-22 22:01:47] [INFO] reader get 12 
[2022-04-22 22:01:47] [INFO] start get result 
[2022-04-22 22:01:47] [INFO] end get result 15 
[2022-04-22 22:01:47] [INFO] end get result 9 
[2022-04-22 22:01:47] [INFO] reader get 9 
[2022-04-22 22:01:47] [INFO] start get result 
[2022-04-22 22:01:47] [INFO] end get result 20 
[2022-04-22 22:01:47] [INFO] reader get 20 
[2022-04-22 22:01:47] [INFO] start get result 
[2022-04-22 22:01:47] [INFO] end get result 17 
[2022-04-22 22:01:47] [INFO] reader get 17 
[2022-04-22 22:01:47] [INFO] start get result 
[2022-04-22 22:01:47] [INFO] start get result 
[2022-04-22 22:01:47] [INFO] end get result 7 
[2022-04-22 22:01:47] [INFO] reader get 7 
[2022-04-22 22:01:47] [INFO] start get result 
[2022-04-22 22:01:47] [INFO] start get result 
[2022-04-22 22:01:47] [INFO] end get result 19 
[2022-04-22 22:01:47] [INFO] reader get 19 
[2022-04-22 22:01:47] [INFO] start get result 
[2022-04-22 22:01:47] [INFO] writer send [14, 15, 16, 17] 
[2022-04-22 22:01:47] [INFO] end writer 
[2022-04-22 22:01:47] [INFO] end get result 18 
[2022-04-22 22:01:47] [INFO] reader get 18 
[2022-04-22 22:01:47] [INFO] start get result 
[2022-04-22 22:01:47] [INFO] end get result 16 
[2022-04-22 22:01:47] [INFO] reader get 16 
[2022-04-22 22:01:47] [INFO] reader get 15 
[2022-04-22 22:01:47] [INFO] start get result 
[2022-04-22 22:01:47] [INFO] end get result 14 
[2022-04-22 22:01:47] [INFO] reader get 14 
[2022-04-22 22:01:47] [INFO] start get result 
[2022-04-22 22:01:47] [INFO] reader get 6 
[2022-04-22 22:01:47] [INFO] start get result 
[2022-04-22 22:01:47] [INFO] start get result 
Exception in thread "Thread-63472" java.util.concurrent.TimeoutException
	at serie1.Ex4.BlockingMessageQueueFuture$MyFuture.get(BlockingMessageQueueFuture.kt:222)
	at serie1.ex4.FutureTest$blocking_message_multiple_send_receive$2$thread$1.invoke(BlockingMessageQueueWithFutureTest.kt:179)
	at serie1.ex4.FutureTest$blocking_message_multiple_send_receive$2$thread$1.invoke(BlockingMessageQueueWithFutureTest.kt:169)
	at kotlin.concurrent.ThreadsKt$thread$thread$1.run(Thread.kt:30)
Exception in thread "Thread-63468" java.util.concurrent.TimeoutException
	at serie1.Ex4.BlockingMessageQueueFuture$MyFuture.get(BlockingMessageQueueFuture.kt:222)
	at serie1.ex4.FutureTest$blocking_message_multiple_send_receive$2$thread$1.invoke(BlockingMessageQueueWithFutureTest.kt:179)
	at serie1.ex4.FutureTest$blocking_message_multiple_send_receive$2$thread$1.invoke(BlockingMessageQueueWithFutureTest.kt:169)
	at kotlin.concurrent.ThreadsKt$thread$thread$1.run(Thread.kt:30)
Exception in thread "Thread-63473" java.util.concurrent.TimeoutException
	at serie1.Ex4.BlockingMessageQueueFuture$MyFuture.get(BlockingMessageQueueFuture.kt:222)
	at serie1.ex4.FutureTest$blocking_message_multiple_send_receive$2$thread$1.invoke(BlockingMessageQueueWithFutureTest.kt:179)
	at serie1.ex4.FutureTest$blocking_message_multiple_send_receive$2$thread$1.invoke(BlockingMessageQueueWithFutureTest.kt:169)
	at kotlin.concurrent.ThreadsKt$thread$thread$1.run(Thread.kt:30)
Exception in thread "Thread-63471" java.util.concurrent.TimeoutException
	at serie1.Ex4.BlockingMessageQueueFuture$MyFuture.get(BlockingMessageQueueFuture.kt:222)
	at serie1.ex4.FutureTest$blocking_message_multiple_send_receive$2$thread$1.invoke(BlockingMessageQueueWithFutureTest.kt:179)
	at serie1.ex4.FutureTest$blocking_message_multiple_send_receive$2$thread$1.invoke(BlockingMessageQueueWithFutureTest.kt:169)
	at kotlin.concurrent.ThreadsKt$thread$thread$1.run(Thread.kt:30)
Exception in thread "Thread-63470" java.util.concurrent.TimeoutException
	at serie1.Ex4.BlockingMessageQueueFuture$MyFuture.get(BlockingMessageQueueFuture.kt:222)
	at serie1.ex4.FutureTest$blocking_message_multiple_send_receive$2$thread$1.invoke(BlockingMessageQueueWithFutureTest.kt:179)
	at serie1.ex4.FutureTest$blocking_message_multiple_send_receive$2$thread$1.invoke(BlockingMessageQueueWithFutureTest.kt:169)
	at kotlin.concurrent.ThreadsKt$thread$thread$1.run(Thread.kt:30)
Exception in thread "Thread-63469" java.util.concurrent.TimeoutException
	at serie1.Ex4.BlockingMessageQueueFuture$MyFuture.get(BlockingMessageQueueFuture.kt:222)
	at serie1.ex4.FutureTest$blocking_message_multiple_send_receive$2$thread$1.invoke(BlockingMessageQueueWithFutureTest.kt:179)
	at serie1.ex4.FutureTest$blocking_message_multiple_send_receive$2$thread$1.invoke(BlockingMessageQueueWithFutureTest.kt:169)
	at kotlin.concurrent.ThreadsKt$thread$thread$1.run(Thread.kt:30)
Exception in thread "Thread-63466" java.util.concurrent.TimeoutException
	at serie1.Ex4.BlockingMessageQueueFuture$MyFuture.get(BlockingMessageQueueFuture.kt:222)
	at serie1.ex4.FutureTest$blocking_message_multiple_send_receive$2$thread$1.invoke(BlockingMessageQueueWithFutureTest.kt:179)
	at serie1.ex4.FutureTest$blocking_message_multiple_send_receive$2$thread$1.invoke(BlockingMessageQueueWithFutureTest.kt:169)
	at kotlin.concurrent.ThreadsKt$thread$thread$1.run(Thread.kt:30)
Exception in thread "Thread-63467" java.util.concurrent.TimeoutException
	at serie1.Ex4.BlockingMessageQueueFuture$MyFuture.get(BlockingMessageQueueFuture.kt:222)
	at serie1.ex4.FutureTest$blocking_message_multiple_send_receive$2$thread$1.invoke(BlockingMessageQueueWithFutureTest.kt:179)
	at serie1.ex4.FutureTest$blocking_message_multiple_send_receive$2$thread$1.invoke(BlockingMessageQueueWithFutureTest.kt:169)
	at kotlin.concurrent.ThreadsKt$thread$thread$1.run(Thread.kt:30)
[2022-04-22 22:01:49] [INFO] start writer 
[2022-04-22 22:01:49] [INFO] start reader 
[2022-04-22 22:01:49] [INFO] start writer 
[2022-04-22 22:01:49] [INFO] start writer 
[2022-04-22 22:01:49] [INFO] start writer 
[2022-04-22 22:01:49] [INFO] writer try send [7, 8, 9, 10] 
[2022-04-22 22:01:49] [INFO] writer try send [6] 
[2022-04-22 22:01:49] [INFO] start get result 
[2022-04-22 22:01:49] [INFO] writer send [6] 
[2022-04-22 22:01:49] [INFO] writer try send [11, 12, 13] 
[2022-04-22 22:01:49] [INFO] start reader 
[2022-04-22 22:01:49] [INFO] start writer 
[2022-04-22 22:01:49] [INFO] start reader 
[2022-04-22 22:01:49] [INFO] writer try send [4, 5] 
[2022-04-22 22:01:49] [INFO] writer try send [1, 2, 3] 
[2022-04-22 22:01:49] [INFO] start reader 
[2022-04-22 22:01:49] [INFO] start get result 
[2022-04-22 22:01:49] [INFO] writer try send [14, 15, 16, 17] 
[2022-04-22 22:01:49] [INFO] start get result 
[2022-04-22 22:01:49] [INFO] writer send [4, 5] 
[2022-04-22 22:01:49] [INFO] writer try send [18, 19, 20] 
[2022-04-22 22:01:49] [INFO] end get result 7 
[2022-04-22 22:01:49] [INFO] reader get 7 
[2022-04-22 22:01:49] [INFO] writer send [7, 8, 9, 10] 
[2022-04-22 22:01:49] [INFO] end writer 
[2022-04-22 22:01:49] [INFO] writer send [1, 2, 3] 
[2022-04-22 22:01:49] [INFO] end writer 
[2022-04-22 22:01:49] [INFO] start get result 
[2022-04-22 22:01:49] [INFO] end get result 6 
[2022-04-22 22:01:49] [INFO] reader get 6 
[2022-04-22 22:01:49] [INFO] start get result 
[2022-04-22 22:01:49] [INFO] start get result 
[2022-04-22 22:01:49] [INFO] end get result 10 
[2022-04-22 22:01:49] [INFO] end get result 9 
[2022-04-22 22:01:49] [INFO] reader get 9 
[2022-04-22 22:01:49] [INFO] start get result 
[2022-04-22 22:01:49] [INFO] end get result 5 
[2022-04-22 22:01:49] [INFO] reader get 5 
[2022-04-22 22:01:49] [INFO] start get result 
[2022-04-22 22:01:49] [INFO] end get result 1 
[2022-04-22 22:01:49] [INFO] reader get 1 
[2022-04-22 22:01:49] [INFO] start reader 
[2022-04-22 22:01:49] [INFO] start get result 
[2022-04-22 22:01:49] [INFO] end get result 2 
[2022-04-22 22:01:49] [INFO] reader get 2 
[2022-04-22 22:01:49] [INFO] end get result 8 
[2022-04-22 22:01:49] [INFO] start reader 
[2022-04-22 22:01:49] [INFO] reader get 8 
[2022-04-22 22:01:49] [INFO] start get result 
[2022-04-22 22:01:49] [INFO] start get result 
[2022-04-22 22:01:49] [INFO] start reader 
[2022-04-22 22:01:49] [INFO] writer send [11, 12, 13] 
[2022-04-22 22:01:49] [INFO] end writer 
[2022-04-22 22:01:49] [INFO] start reader 
[2022-04-22 22:01:49] [INFO] start get result 
[2022-04-22 22:01:49] [INFO] end get result 13 
[2022-04-22 22:01:49] [INFO] start reader 
[2022-04-22 22:01:49] [INFO] reader get 10 
[2022-04-22 22:01:49] [INFO] start get result 
[2022-04-22 22:01:49] [INFO] start get result 
[2022-04-22 22:01:49] [INFO] end get result 20 
[2022-04-22 22:01:49] [INFO] end get result 4 
[2022-04-22 22:01:49] [INFO] reader get 4 
[2022-04-22 22:01:49] [INFO] reader get 20 
[2022-04-22 22:01:49] [INFO] start get result 
[2022-04-22 22:01:49] [INFO] start get result 
[2022-04-22 22:01:49] [INFO] end get result 16 
[2022-04-22 22:01:49] [INFO] reader get 16 
[2022-04-22 22:01:49] [INFO] start get result 
[2022-04-22 22:01:49] [INFO] end get result 17 
[2022-04-22 22:01:49] [INFO] reader get 17 
[2022-04-22 22:01:49] [INFO] start get result 
[2022-04-22 22:01:49] [INFO] end get result 18 
[2022-04-22 22:01:49] [INFO] reader get 18 
[2022-04-22 22:01:49] [INFO] start get result 
[2022-04-22 22:01:49] [INFO] writer send [14, 15, 16, 17] 
[2022-04-22 22:01:49] [INFO] end writer 
[2022-04-22 22:01:49] [INFO] start get result 
[2022-04-22 22:01:49] [INFO] end get result 19 
[2022-04-22 22:01:49] [INFO] reader get 19 
[2022-04-22 22:01:49] [INFO] start get result 
[2022-04-22 22:01:49] [INFO] reader get 13 
[2022-04-22 22:01:49] [INFO] start get result 
[2022-04-22 22:01:49] [INFO] writer send [18, 19, 20] 
[2022-04-22 22:01:49] [INFO] end writer 
[2022-04-22 22:01:49] [INFO] start get result 
[2022-04-22 22:01:49] [INFO] end get result 12 
[2022-04-22 22:01:49] [INFO] end get result 3 
[2022-04-22 22:01:49] [INFO] reader get 3 
[2022-04-22 22:01:49] [INFO] start get result 
[2022-04-22 22:01:49] [INFO] end get result 11 
[2022-04-22 22:01:49] [INFO] reader get 11 
[2022-04-22 22:01:49] [INFO] reader get 12 
[2022-04-22 22:01:49] [INFO] start get result 
[2022-04-22 22:01:49] [INFO] end get result 15 
[2022-04-22 22:01:49] [INFO] reader get 15 
[2022-04-22 22:01:49] [INFO] start get result 
[2022-04-22 22:01:49] [INFO] start get result 
[2022-04-22 22:01:49] [INFO] end get result 14 
[2022-04-22 22:01:49] [INFO] reader get 14 
[2022-04-22 22:01:49] [INFO] start get result 
[2022-04-22 22:01:49] [INFO] start get result 
Exception in thread "Thread-63482" java.util.concurrent.TimeoutException
	at serie1.Ex4.BlockingMessageQueueFuture$MyFuture.get(BlockingMessageQueueFuture.kt:222)
	at serie1.ex4.FutureTest$blocking_message_multiple_send_receive$2$thread$1.invoke(BlockingMessageQueueWithFutureTest.kt:179)
	at serie1.ex4.FutureTest$blocking_message_multiple_send_receive$2$thread$1.invoke(BlockingMessageQueueWithFutureTest.kt:169)
	at kotlin.concurrent.ThreadsKt$thread$thread$1.run(Thread.kt:30)
Exception in thread "Thread-63485" java.util.concurrent.TimeoutException
	at serie1.Ex4.BlockingMessageQueueFuture$MyFuture.get(BlockingMessageQueueFuture.kt:222)
	at serie1.ex4.FutureTest$blocking_message_multiple_send_receive$2$thread$1.invoke(BlockingMessageQueueWithFutureTest.kt:179)
	at serie1.ex4.FutureTest$blocking_message_multiple_send_receive$2$thread$1.invoke(BlockingMessageQueueWithFutureTest.kt:169)
	at kotlin.concurrent.ThreadsKt$thread$thread$1.run(Thread.kt:30)
Exception in thread "Thread-63484" java.util.concurrent.TimeoutException
	at serie1.Ex4.BlockingMessageQueueFuture$MyFuture.get(BlockingMessageQueueFuture.kt:222)
	at serie1.ex4.FutureTest$blocking_message_multiple_send_receive$2$thread$1.invoke(BlockingMessageQueueWithFutureTest.kt:179)
	at serie1.ex4.FutureTest$blocking_message_multiple_send_receive$2$thread$1.invoke(BlockingMessageQueueWithFutureTest.kt:169)
	at kotlin.concurrent.ThreadsKt$thread$thread$1.run(Thread.kt:30)
Exception in thread "Thread-63487" java.util.concurrent.TimeoutException
	at serie1.Ex4.BlockingMessageQueueFuture$MyFuture.get(BlockingMessageQueueFuture.kt:222)
	at serie1.ex4.FutureTest$blocking_message_multiple_send_receive$2$thread$1.invoke(BlockingMessageQueueWithFutureTest.kt:179)
	at serie1.ex4.FutureTest$blocking_message_multiple_send_receive$2$thread$1.invoke(BlockingMessageQueueWithFutureTest.kt:169)
	at kotlin.concurrent.ThreadsKt$thread$thread$1.run(Thread.kt:30)
Exception in thread "Thread-63488" java.util.concurrent.TimeoutException
	at serie1.Ex4.BlockingMessageQueueFuture$MyFuture.get(BlockingMessageQueueFuture.kt:222)
	at serie1.ex4.FutureTest$blocking_message_multiple_send_receive$2$thread$1.invoke(BlockingMessageQueueWithFutureTest.kt:179)
	at serie1.ex4.FutureTest$blocking_message_multiple_send_receive$2$thread$1.invoke(BlockingMessageQueueWithFutureTest.kt:169)
	at kotlin.concurrent.ThreadsKt$thread$thread$1.run(Thread.kt:30)
Exception in thread "Thread-63481" java.util.concurrent.TimeoutException
	at serie1.Ex4.BlockingMessageQueueFuture$MyFuture.get(BlockingMessageQueueFuture.kt:222)
	at serie1.ex4.FutureTest$blocking_message_multiple_send_receive$2$thread$1.invoke(BlockingMessageQueueWithFutureTest.kt:179)
	at serie1.ex4.FutureTest$blocking_message_multiple_send_receive$2$thread$1.invoke(BlockingMessageQueueWithFutureTest.kt:169)
	at kotlin.concurrent.ThreadsKt$thread$thread$1.run(Thread.kt:30)
Exception in thread "Thread-63480" java.util.concurrent.TimeoutException
	at serie1.Ex4.BlockingMessageQueueFuture$MyFuture.get(BlockingMessageQueueFuture.kt:222)
	at serie1.ex4.FutureTest$blocking_message_multiple_send_receive$2$thread$1.invoke(BlockingMessageQueueWithFutureTest.kt:179)
	at serie1.ex4.FutureTest$blocking_message_multiple_send_receive$2$thread$1.invoke(BlockingMessageQueueWithFutureTest.kt:169)
	at kotlin.concurrent.ThreadsKt$thread$thread$1.run(Thread.kt:30)
Exception in thread "Thread-63483" java.util.concurrent.TimeoutException
	at serie1.Ex4.BlockingMessageQueueFuture$MyFuture.get(BlockingMessageQueueFuture.kt:222)
	at serie1.ex4.FutureTest$blocking_message_multiple_send_receive$2$thread$1.invoke(BlockingMessageQueueWithFutureTest.kt:179)
	at serie1.ex4.FutureTest$blocking_message_multiple_send_receive$2$thread$1.invoke(BlockingMessageQueueWithFutureTest.kt:169)
	at kotlin.concurrent.ThreadsKt$thread$thread$1.run(Thread.kt:30)
Exception in thread "Thread-63486" java.util.concurrent.TimeoutException
	at serie1.Ex4.BlockingMessageQueueFuture$MyFuture.get(BlockingMessageQueueFuture.kt:222)
	at serie1.ex4.FutureTest$blocking_message_multiple_send_receive$2$thread$1.invoke(BlockingMessageQueueWithFutureTest.kt:179)
	at serie1.ex4.FutureTest$blocking_message_multiple_send_receive$2$thread$1.invoke(BlockingMessageQueueWithFutureTest.kt:169)
	at kotlin.concurrent.ThreadsKt$thread$thread$1.run(Thread.kt:30)
[2022-04-22 22:01:51] [INFO] start writer 
[2022-04-22 22:01:51] [INFO] writer try send [1, 2, 3] 
[2022-04-22 22:01:51] [INFO] start reader 
[2022-04-22 22:01:51] [INFO] start writer 
[2022-04-22 22:01:51] [INFO] start reader 
[2022-04-22 22:01:51] [INFO] start writer 
[2022-04-22 22:01:51] [INFO] writer try send [6] 
[2022-04-22 22:01:51] [INFO] start reader 
[2022-04-22 22:01:51] [INFO] start get result 
[2022-04-22 22:01:51] [INFO] end get result 1 
[2022-04-22 22:01:51] [INFO] start reader 
[2022-04-22 22:01:51] [INFO] writer send [1, 2, 3] 
[2022-04-22 22:01:51] [INFO] start get result 
[2022-04-22 22:01:51] [INFO] end get result 3 
[2022-04-22 22:01:51] [INFO] reader get 3 
[2022-04-22 22:01:51] [INFO] start get result 
[2022-04-22 22:01:51] [INFO] end get result 6 
[2022-04-22 22:01:51] [INFO] start get result 
[2022-04-22 22:01:51] [INFO] reader get 1 
[2022-04-22 22:01:51] [INFO] start get result 
[2022-04-22 22:01:51] [INFO] start get result 
[2022-04-22 22:01:51] [INFO] end get result 2 
[2022-04-22 22:01:51] [INFO] writer send [6] 
[2022-04-22 22:01:51] [INFO] writer try send [11, 12, 13] 
[2022-04-22 22:01:51] [INFO] start writer 
[2022-04-22 22:01:51] [INFO] writer send [11, 12, 13] 
[2022-04-22 22:01:51] [INFO] writer try send [18, 19, 20] 
[2022-04-22 22:01:51] [INFO] writer send [18, 19, 20] 
[2022-04-22 22:01:51] [INFO] start writer 
[2022-04-22 22:01:51] [INFO] end writer 
[2022-04-22 22:01:51] [INFO] writer try send [4, 5] 
[2022-04-22 22:01:51] [INFO] writer send [4, 5] 
[2022-04-22 22:01:51] [INFO] end writer 
[2022-04-22 22:01:51] [INFO] end writer 
[2022-04-22 22:01:51] [INFO] writer try send [14, 15, 16, 17] 
[2022-04-22 22:01:51] [INFO] end get result 12 
[2022-04-22 22:01:51] [INFO] reader get 12 
[2022-04-22 22:01:51] [INFO] end get result 11 
[2022-04-22 22:01:51] [INFO] reader get 11 
[2022-04-22 22:01:51] [INFO] reader get 2 
[2022-04-22 22:01:51] [INFO] start get result 
[2022-04-22 22:01:51] [INFO] end get result 19 
[2022-04-22 22:01:51] [INFO] reader get 19 
[2022-04-22 22:01:51] [INFO] start get result 
[2022-04-22 22:01:51] [INFO] writer send [14, 15, 16, 17] 
[2022-04-22 22:01:51] [INFO] end writer 
[2022-04-22 22:01:51] [INFO] reader get 6 
[2022-04-22 22:01:51] [INFO] start get result 
[2022-04-22 22:01:51] [INFO] writer try send [7, 8, 9, 10] 
[2022-04-22 22:01:51] [INFO] start reader 
[2022-04-22 22:01:51] [INFO] end get result 4 
[2022-04-22 22:01:51] [INFO] reader get 4 
[2022-04-22 22:01:51] [INFO] start get result 
[2022-04-22 22:01:51] [INFO] end get result 5 
[2022-04-22 22:01:51] [INFO] start reader 
[2022-04-22 22:01:51] [INFO] end get result 20 
[2022-04-22 22:01:51] [INFO] start reader 
[2022-04-22 22:01:51] [INFO] reader get 20 
[2022-04-22 22:01:51] [INFO] start get result 
[2022-04-22 22:01:51] [INFO] writer send [7, 8, 9, 10] 
[2022-04-22 22:01:51] [INFO] end writer 
[2022-04-22 22:01:51] [INFO] start get result 
[2022-04-22 22:01:51] [INFO] start get result 
[2022-04-22 22:01:51] [INFO] end get result 16 
[2022-04-22 22:01:51] [INFO] end get result 13 
[2022-04-22 22:01:51] [INFO] start get result 
[2022-04-22 22:01:51] [INFO] end get result 17 
[2022-04-22 22:01:51] [INFO] end get result 18 
[2022-04-22 22:01:51] [INFO] reader get 18 
[2022-04-22 22:01:51] [INFO] start get result 
[2022-04-22 22:01:51] [INFO] end get result 15 
[2022-04-22 22:01:51] [INFO] reader get 15 
[2022-04-22 22:01:51] [INFO] start reader 
[2022-04-22 22:01:51] [INFO] start get result 
[2022-04-22 22:01:51] [INFO] end get result 14 
[2022-04-22 22:01:51] [INFO] reader get 14 
[2022-04-22 22:01:51] [INFO] start reader 
[2022-04-22 22:01:51] [INFO] reader get 5 
[2022-04-22 22:01:51] [INFO] start get result 
[2022-04-22 22:01:51] [INFO] start get result 
[2022-04-22 22:01:51] [INFO] end get result 9 
[2022-04-22 22:01:51] [INFO] reader get 9 
[2022-04-22 22:01:51] [INFO] start get result 
[2022-04-22 22:01:51] [INFO] end get result 8 
[2022-04-22 22:01:51] [INFO] reader get 8 
[2022-04-22 22:01:51] [INFO] start get result 
[2022-04-22 22:01:51] [INFO] start get result 
[2022-04-22 22:01:51] [INFO] end get result 7 
[2022-04-22 22:01:51] [INFO] reader get 7 
[2022-04-22 22:01:51] [INFO] start get result 
[2022-04-22 22:01:51] [INFO] reader get 17 
[2022-04-22 22:01:51] [INFO] start get result 
[2022-04-22 22:01:51] [INFO] reader get 13 
[2022-04-22 22:01:51] [INFO] start get result 
[2022-04-22 22:01:51] [INFO] reader get 16 
[2022-04-22 22:01:51] [INFO] start get result 
[2022-04-22 22:01:51] [INFO] start get result 
[2022-04-22 22:01:51] [INFO] start get result 
[2022-04-22 22:01:51] [INFO] start get result 
[2022-04-22 22:01:51] [INFO] end get result 10 
[2022-04-22 22:01:51] [INFO] reader get 10 
[2022-04-22 22:01:51] [INFO] start get result 
Exception in thread "Thread-63500" java.util.concurrent.TimeoutException
	at serie1.Ex4.BlockingMessageQueueFuture$MyFuture.get(BlockingMessageQueueFuture.kt:222)
	at serie1.ex4.FutureTest$blocking_message_multiple_send_receive$2$thread$1.invoke(BlockingMessageQueueWithFutureTest.kt:179)
	at serie1.ex4.FutureTest$blocking_message_multiple_send_receive$2$thread$1.invoke(BlockingMessageQueueWithFutureTest.kt:169)
	at kotlin.concurrent.ThreadsKt$thread$thread$1.run(Thread.kt:30)
Exception in thread "Thread-63497" java.util.concurrent.TimeoutException
	at serie1.Ex4.BlockingMessageQueueFuture$MyFuture.get(BlockingMessageQueueFuture.kt:222)
	at serie1.ex4.FutureTest$blocking_message_multiple_send_receive$2$thread$1.invoke(BlockingMessageQueueWithFutureTest.kt:179)
	at serie1.ex4.FutureTest$blocking_message_multiple_send_receive$2$thread$1.invoke(BlockingMessageQueueWithFutureTest.kt:169)
	at kotlin.concurrent.ThreadsKt$thread$thread$1.run(Thread.kt:30)
Exception in thread "Thread-63496" java.util.concurrent.TimeoutException
	at serie1.Ex4.BlockingMessageQueueFuture$MyFuture.get(BlockingMessageQueueFuture.kt:222)
	at serie1.ex4.FutureTest$blocking_message_multiple_send_receive$2$thread$1.invoke(BlockingMessageQueueWithFutureTest.kt:179)
	at serie1.ex4.FutureTest$blocking_message_multiple_send_receive$2$thread$1.invoke(BlockingMessageQueueWithFutureTest.kt:169)
	at kotlin.concurrent.ThreadsKt$thread$thread$1.run(Thread.kt:30)
Exception in thread "Thread-63499" java.util.concurrent.TimeoutException
	at serie1.Ex4.BlockingMessageQueueFuture$MyFuture.get(BlockingMessageQueueFuture.kt:222)
	at serie1.ex4.FutureTest$blocking_message_multiple_send_receive$2$thread$1.invoke(BlockingMessageQueueWithFutureTest.kt:179)
	at serie1.ex4.FutureTest$blocking_message_multiple_send_receive$2$thread$1.invoke(BlockingMessageQueueWithFutureTest.kt:169)
	at kotlin.concurrent.ThreadsKt$thread$thread$1.run(Thread.kt:30)
Exception in thread "Thread-63503" java.util.concurrent.TimeoutException
	at serie1.Ex4.BlockingMessageQueueFuture$MyFuture.get(BlockingMessageQueueFuture.kt:222)
	at serie1.ex4.FutureTest$blocking_message_multiple_send_receive$2$thread$1.invoke(BlockingMessageQueueWithFutureTest.kt:179)
	at serie1.ex4.FutureTest$blocking_message_multiple_send_receive$2$thread$1.invoke(BlockingMessageQueueWithFutureTest.kt:169)
	at kotlin.concurrent.ThreadsKt$thread$thread$1.run(Thread.kt:30)
Exception in thread "Thread-63502" java.util.concurrent.TimeoutException
	at serie1.Ex4.BlockingMessageQueueFuture$MyFuture.get(BlockingMessageQueueFuture.kt:222)
	at serie1.ex4.FutureTest$blocking_message_multiple_send_receive$2$thread$1.invoke(BlockingMessageQueueWithFutureTest.kt:179)
	at serie1.ex4.FutureTest$blocking_message_multiple_send_receive$2$thread$1.invoke(BlockingMessageQueueWithFutureTest.kt:169)
	at kotlin.concurrent.ThreadsKt$thread$thread$1.run(Thread.kt:30)
Exception in thread "Thread-63495" java.util.concurrent.TimeoutException
	at serie1.Ex4.BlockingMessageQueueFuture$MyFuture.get(BlockingMessageQueueFuture.kt:222)
	at serie1.ex4.FutureTest$blocking_message_multiple_send_receive$2$thread$1.invoke(BlockingMessageQueueWithFutureTest.kt:179)
	at serie1.ex4.FutureTest$blocking_message_multiple_send_receive$2$thread$1.invoke(BlockingMessageQueueWithFutureTest.kt:169)
	at kotlin.concurrent.ThreadsKt$thread$thread$1.run(Thread.kt:30)
Exception in thread "Thread-63501" java.util.concurrent.TimeoutException
	at serie1.Ex4.BlockingMessageQueueFuture$MyFuture.get(BlockingMessageQueueFuture.kt:222)
	at serie1.ex4.FutureTest$blocking_message_multiple_send_receive$2$thread$1.invoke(BlockingMessageQueueWithFutureTest.kt:179)
	at serie1.ex4.FutureTest$blocking_message_multiple_send_receive$2$thread$1.invoke(BlockingMessageQueueWithFutureTest.kt:169)
	at kotlin.concurrent.ThreadsKt$thread$thread$1.run(Thread.kt:30)
Exception in thread "Thread-63498" java.util.concurrent.TimeoutException
	at serie1.Ex4.BlockingMessageQueueFuture$MyFuture.get(BlockingMessageQueueFuture.kt:222)
	at serie1.ex4.FutureTest$blocking_message_multiple_send_receive$2$thread$1.invoke(BlockingMessageQueueWithFutureTest.kt:179)
	at serie1.ex4.FutureTest$blocking_message_multiple_send_receive$2$thread$1.invoke(BlockingMessageQueueWithFutureTest.kt:169)
	at kotlin.concurrent.ThreadsKt$thread$thread$1.run(Thread.kt:30)
[2022-04-22 22:01:53] [INFO] start reader 
[2022-04-22 22:01:53] [INFO] start reader 
[2022-04-22 22:01:53] [INFO] start writer 
[2022-04-22 22:01:53] [INFO] writer try send [1, 2, 3] 
[2022-04-22 22:01:53] [INFO] start writer 
[2022-04-22 22:01:53] [INFO] writer try send [4, 5] 
[2022-04-22 22:01:53] [INFO] writer send [4, 5] 
[2022-04-22 22:01:53] [INFO] start writer 
[2022-04-22 22:01:53] [INFO] start get result 
[2022-04-22 22:01:53] [INFO] start get result 
[2022-04-22 22:01:53] [INFO] end get result 2 
[2022-04-22 22:01:53] [INFO] reader get 2 
[2022-04-22 22:01:53] [INFO] start get result 
[2022-04-22 22:01:53] [INFO] end get result 3 
[2022-04-22 22:01:53] [INFO] reader get 3 
[2022-04-22 22:01:53] [INFO] start writer 
[2022-04-22 22:01:53] [INFO] writer try send [11, 12, 13] 
[2022-04-22 22:01:53] [INFO] writer send [11, 12, 13] 
[2022-04-22 22:01:53] [INFO] writer try send [14, 15, 16, 17] 
[2022-04-22 22:01:53] [INFO] start get result 
[2022-04-22 22:01:53] [INFO] end get result 4 
[2022-04-22 22:01:53] [INFO] reader get 4 
[2022-04-22 22:01:53] [INFO] end get result 1 
[2022-04-22 22:01:53] [INFO] reader get 1 
[2022-04-22 22:01:53] [INFO] start get result 
[2022-04-22 22:01:53] [INFO] end get result 11 
[2022-04-22 22:01:53] [INFO] reader get 11 
[2022-04-22 22:01:53] [INFO] start get result 
[2022-04-22 22:01:53] [INFO] writer try send [7, 8, 9, 10] 
[2022-04-22 22:01:53] [INFO] writer try send [6] 
[2022-04-22 22:01:53] [INFO] writer send [6] 
[2022-04-22 22:01:53] [INFO] writer try send [18, 19, 20] 
[2022-04-22 22:01:53] [INFO] start writer 
[2022-04-22 22:01:53] [INFO] end writer 
[2022-04-22 22:01:53] [INFO] writer send [1, 2, 3] 
[2022-04-22 22:01:53] [INFO] end writer 
[2022-04-22 22:01:53] [INFO] start reader 
[2022-04-22 22:01:53] [INFO] end get result 12 
[2022-04-22 22:01:53] [INFO] reader get 12 
[2022-04-22 22:01:53] [INFO] writer send [14, 15, 16, 17] 
[2022-04-22 22:01:53] [INFO] end writer 
[2022-04-22 22:01:53] [INFO] start get result 
[2022-04-22 22:01:53] [INFO] end get result 5 
[2022-04-22 22:01:53] [INFO] reader get 5 
[2022-04-22 22:01:53] [INFO] writer send [18, 19, 20] 
[2022-04-22 22:01:53] [INFO] end writer 
[2022-04-22 22:01:53] [INFO] start reader 
[2022-04-22 22:01:53] [INFO] start get result 
[2022-04-22 22:01:53] [INFO] end get result 13 
[2022-04-22 22:01:53] [INFO] start get result 
[2022-04-22 22:01:53] [INFO] end get result 15 
[2022-04-22 22:01:53] [INFO] reader get 15 
[2022-04-22 22:01:53] [INFO] start get result 
[2022-04-22 22:01:53] [INFO] end get result 16 
[2022-04-22 22:01:53] [INFO] reader get 16 
[2022-04-22 22:01:53] [INFO] start get result 
[2022-04-22 22:01:53] [INFO] writer send [7, 8, 9, 10] 
[2022-04-22 22:01:53] [INFO] end writer 
[2022-04-22 22:01:53] [INFO] start get result 
[2022-04-22 22:01:53] [INFO] end get result 14 
[2022-04-22 22:01:53] [INFO] reader get 14 
[2022-04-22 22:01:53] [INFO] start get result 
[2022-04-22 22:01:53] [INFO] end get result 17 
[2022-04-22 22:01:53] [INFO] reader get 17 
[2022-04-22 22:01:53] [INFO] start get result 
[2022-04-22 22:01:53] [INFO] end get result 19 
[2022-04-22 22:01:53] [INFO] reader get 19 
[2022-04-22 22:01:53] [INFO] start get result 
[2022-04-22 22:01:53] [INFO] end get result 6 
[2022-04-22 22:01:53] [INFO] reader get 6 
[2022-04-22 22:01:53] [INFO] start get result 
[2022-04-22 22:01:53] [INFO] end get result 7 
[2022-04-22 22:01:53] [INFO] reader get 7 
[2022-04-22 22:01:53] [INFO] start get result 
[2022-04-22 22:01:53] [INFO] end get result 8 
[2022-04-22 22:01:53] [INFO] reader get 13 
[2022-04-22 22:01:53] [INFO] start get result 
[2022-04-22 22:01:53] [INFO] end get result 9 
[2022-04-22 22:01:53] [INFO] reader get 9 
[2022-04-22 22:01:53] [INFO] start get result 
[2022-04-22 22:01:53] [INFO] start reader 
[2022-04-22 22:01:53] [INFO] end get result 10 
[2022-04-22 22:01:53] [INFO] reader get 10 
[2022-04-22 22:01:53] [INFO] start get result 
[2022-04-22 22:01:53] [INFO] reader get 8 
[2022-04-22 22:01:53] [INFO] start get result 
[2022-04-22 22:01:53] [INFO] start get result 
[2022-04-22 22:01:53] [INFO] end get result 20 
[2022-04-22 22:01:53] [INFO] end get result 18 
[2022-04-22 22:01:53] [INFO] reader get 18 
[2022-04-22 22:01:53] [INFO] start get result 
[2022-04-22 22:01:53] [INFO] reader get 20 
[2022-04-22 22:01:53] [INFO] start get result 
[2022-04-22 22:01:53] [INFO] start get result 
[2022-04-22 22:01:53] [INFO] start reader 
[2022-04-22 22:01:53] [INFO] start reader 
[2022-04-22 22:01:53] [INFO] start reader 
[2022-04-22 22:01:53] [INFO] start reader 
[2022-04-22 22:01:53] [INFO] start get result 
[2022-04-22 22:01:53] [INFO] start get result 
[2022-04-22 22:01:53] [INFO] start get result 
[2022-04-22 22:01:53] [INFO] start get result 
Exception in thread "Thread-63512" java.util.concurrent.TimeoutException
	at serie1.Ex4.BlockingMessageQueueFuture$MyFuture.get(BlockingMessageQueueFuture.kt:222)
	at serie1.ex4.FutureTest$blocking_message_multiple_send_receive$2$thread$1.invoke(BlockingMessageQueueWithFutureTest.kt:179)
	at serie1.ex4.FutureTest$blocking_message_multiple_send_receive$2$thread$1.invoke(BlockingMessageQueueWithFutureTest.kt:169)
	at kotlin.concurrent.ThreadsKt$thread$thread$1.run(Thread.kt:30)
Exception in thread "Thread-63516" java.util.concurrent.TimeoutException
	at serie1.Ex4.BlockingMessageQueueFuture$MyFuture.get(BlockingMessageQueueFuture.kt:222)
	at serie1.ex4.FutureTest$blocking_message_multiple_send_receive$2$thread$1.invoke(BlockingMessageQueueWithFutureTest.kt:179)
	at serie1.ex4.FutureTest$blocking_message_multiple_send_receive$2$thread$1.invoke(BlockingMessageQueueWithFutureTest.kt:169)
	at kotlin.concurrent.ThreadsKt$thread$thread$1.run(Thread.kt:30)
Exception in thread "Thread-63511" java.util.concurrent.TimeoutException
	at serie1.Ex4.BlockingMessageQueueFuture$MyFuture.get(BlockingMessageQueueFuture.kt:222)
	at serie1.ex4.FutureTest$blocking_message_multiple_send_receive$2$thread$1.invoke(BlockingMessageQueueWithFutureTest.kt:179)
	at serie1.ex4.FutureTest$blocking_message_multiple_send_receive$2$thread$1.invoke(BlockingMessageQueueWithFutureTest.kt:169)
	at kotlin.concurrent.ThreadsKt$thread$thread$1.run(Thread.kt:30)
Exception in thread "Thread-63510" java.util.concurrent.TimeoutException
	at serie1.Ex4.BlockingMessageQueueFuture$MyFuture.get(BlockingMessageQueueFuture.kt:222)
	at serie1.ex4.FutureTest$blocking_message_multiple_send_receive$2$thread$1.invoke(BlockingMessageQueueWithFutureTest.kt:179)
	at serie1.ex4.FutureTest$blocking_message_multiple_send_receive$2$thread$1.invoke(BlockingMessageQueueWithFutureTest.kt:169)
	at kotlin.concurrent.ThreadsKt$thread$thread$1.run(Thread.kt:30)
Exception in thread "Thread-63518" java.util.concurrent.TimeoutException
	at serie1.Ex4.BlockingMessageQueueFuture$MyFuture.get(BlockingMessageQueueFuture.kt:222)
	at serie1.ex4.FutureTest$blocking_message_multiple_send_receive$2$thread$1.invoke(BlockingMessageQueueWithFutureTest.kt:179)
	at serie1.ex4.FutureTest$blocking_message_multiple_send_receive$2$thread$1.invoke(BlockingMessageQueueWithFutureTest.kt:169)
	at kotlin.concurrent.ThreadsKt$thread$thread$1.run(Thread.kt:30)
Exception in thread "Thread-63514" java.util.concurrent.TimeoutException
	at serie1.Ex4.BlockingMessageQueueFuture$MyFuture.get(BlockingMessageQueueFuture.kt:222)
	at serie1.ex4.FutureTest$blocking_message_multiple_send_receive$2$thread$1.invoke(BlockingMessageQueueWithFutureTest.kt:179)
	at serie1.ex4.FutureTest$blocking_message_multiple_send_receive$2$thread$1.invoke(BlockingMessageQueueWithFutureTest.kt:169)
	at kotlin.concurrent.ThreadsKt$thread$thread$1.run(Thread.kt:30)
Exception in thread "Thread-63513" java.util.concurrent.TimeoutException
	at serie1.Ex4.BlockingMessageQueueFuture$MyFuture.get(BlockingMessageQueueFuture.kt:222)
	at serie1.ex4.FutureTest$blocking_message_multiple_send_receive$2$thread$1.invoke(BlockingMessageQueueWithFutureTest.kt:179)
	at serie1.ex4.FutureTest$blocking_message_multiple_send_receive$2$thread$1.invoke(BlockingMessageQueueWithFutureTest.kt:169)
	at kotlin.concurrent.ThreadsKt$thread$thread$1.run(Thread.kt:30)
Exception in thread "Thread-63517" java.util.concurrent.TimeoutException
	at serie1.Ex4.BlockingMessageQueueFuture$MyFuture.get(BlockingMessageQueueFuture.kt:222)
	at serie1.ex4.FutureTest$blocking_message_multiple_send_receive$2$thread$1.invoke(BlockingMessageQueueWithFutureTest.kt:179)
	at serie1.ex4.FutureTest$blocking_message_multiple_send_receive$2$thread$1.invoke(BlockingMessageQueueWithFutureTest.kt:169)
	at kotlin.concurrent.ThreadsKt$thread$thread$1.run(Thread.kt:30)
Exception in thread "Thread-63515" java.util.concurrent.TimeoutException
	at serie1.Ex4.BlockingMessageQueueFuture$MyFuture.get(BlockingMessageQueueFuture.kt:222)
	at serie1.ex4.FutureTest$blocking_message_multiple_send_receive$2$thread$1.invoke(BlockingMessageQueueWithFutureTest.kt:179)
	at serie1.ex4.FutureTest$blocking_message_multiple_send_receive$2$thread$1.invoke(BlockingMessageQueueWithFutureTest.kt:169)
	at kotlin.concurrent.ThreadsKt$thread$thread$1.run(Thread.kt:30)
[2022-04-22 22:01:55] [INFO] start reader 
[2022-04-22 22:01:55] [INFO] start writer 
[2022-04-22 22:01:55] [INFO] start writer 
[2022-04-22 22:01:55] [INFO] writer try send [4, 5] 
[2022-04-22 22:01:55] [INFO] writer try send [1, 2, 3] 
[2022-04-22 22:01:55] [INFO] writer send [1, 2, 3] 
[2022-04-22 22:01:55] [INFO] start writer 
[2022-04-22 22:01:55] [INFO] writer try send [7, 8, 9, 10] 
[2022-04-22 22:01:55] [INFO] start reader 
[2022-04-22 22:01:55] [INFO] start get result 
[2022-04-22 22:01:55] [INFO] end get result 4 
[2022-04-22 22:01:55] [INFO] start writer 
[2022-04-22 22:01:55] [INFO] writer try send [11, 12, 13] 
[2022-04-22 22:01:55] [INFO] writer try send [6] 
[2022-04-22 22:01:55] [INFO] writer send [4, 5] 
[2022-04-22 22:01:55] [INFO] start get result 
[2022-04-22 22:01:55] [INFO] end get result 5 
[2022-04-22 22:01:55] [INFO] start writer 
[2022-04-22 22:01:55] [INFO] writer try send [18, 19, 20] 
[2022-04-22 22:01:55] [INFO] reader get 5 
[2022-04-22 22:01:55] [INFO] start get result 
[2022-04-22 22:01:55] [INFO] writer send [6] 
[2022-04-22 22:01:55] [INFO] writer try send [14, 15, 16, 17] 
[2022-04-22 22:01:55] [INFO] start reader 
[2022-04-22 22:01:55] [INFO] reader get 4 
[2022-04-22 22:01:55] [INFO] start reader 
[2022-04-22 22:01:55] [INFO] start get result 
[2022-04-22 22:01:55] [INFO] end get result 2 
[2022-04-22 22:01:55] [INFO] writer send [7, 8, 9, 10] 
[2022-04-22 22:01:55] [INFO] end writer 
[2022-04-22 22:01:55] [INFO] reader get 2 
[2022-04-22 22:01:55] [INFO] writer send [18, 19, 20] 
[2022-04-22 22:01:55] [INFO] end writer 
[2022-04-22 22:01:55] [INFO] start get result 
[2022-04-22 22:01:55] [INFO] end get result 8 
[2022-04-22 22:01:55] [INFO] end writer 
[2022-04-22 22:01:55] [INFO] end get result 1 
[2022-04-22 22:01:55] [INFO] reader get 1 
[2022-04-22 22:01:55] [INFO] start get result 
[2022-04-22 22:01:55] [INFO] end get result 9 
[2022-04-22 22:01:55] [INFO] reader get 8 
[2022-04-22 22:01:55] [INFO] start get result 
[2022-04-22 22:01:55] [INFO] end get result 10 
[2022-04-22 22:01:55] [INFO] reader get 10 
[2022-04-22 22:01:55] [INFO] start get result 
[2022-04-22 22:01:55] [INFO] start get result 
[2022-04-22 22:01:55] [INFO] end get result 7 
[2022-04-22 22:01:55] [INFO] reader get 7 
[2022-04-22 22:01:55] [INFO] start get result 
[2022-04-22 22:01:55] [INFO] end get result 3 
[2022-04-22 22:01:55] [INFO] start reader 
[2022-04-22 22:01:55] [INFO] reader get 3 
[2022-04-22 22:01:55] [INFO] start get result 
[2022-04-22 22:01:55] [INFO] end get result 19 
[2022-04-22 22:01:55] [INFO] start reader 
[2022-04-22 22:01:55] [INFO] start get result 
[2022-04-22 22:01:55] [INFO] end get result 18 
[2022-04-22 22:01:55] [INFO] start reader 
[2022-04-22 22:01:55] [INFO] end get result 6 
[2022-04-22 22:01:55] [INFO] reader get 6 
[2022-04-22 22:01:55] [INFO] start get result 
[2022-04-22 22:01:55] [INFO] start reader 
[2022-04-22 22:01:55] [INFO] writer send [11, 12, 13] 
[2022-04-22 22:01:55] [INFO] end writer 
[2022-04-22 22:01:55] [INFO] reader get 9 
[2022-04-22 22:01:55] [INFO] start get result 
[2022-04-22 22:01:55] [INFO] end get result 13 
[2022-04-22 22:01:55] [INFO] start get result 
[2022-04-22 22:01:55] [INFO] end get result 12 
[2022-04-22 22:01:55] [INFO] start get result 
[2022-04-22 22:01:55] [INFO] end get result 15 
[2022-04-22 22:01:55] [INFO] reader get 15 
[2022-04-22 22:01:55] [INFO] start get result 
[2022-04-22 22:01:55] [INFO] end get result 11 
[2022-04-22 22:01:55] [INFO] reader get 11 
[2022-04-22 22:01:55] [INFO] start get result 
[2022-04-22 22:01:55] [INFO] end get result 17 
[2022-04-22 22:01:55] [INFO] reader get 17 
[2022-04-22 22:01:55] [INFO] start get result 
[2022-04-22 22:01:55] [INFO] reader get 18 
[2022-04-22 22:01:55] [INFO] start get result 
[2022-04-22 22:01:55] [INFO] start get result 
[2022-04-22 22:01:55] [INFO] end get result 20 
[2022-04-22 22:01:55] [INFO] reader get 20 
[2022-04-22 22:01:55] [INFO] start get result 
[2022-04-22 22:01:55] [INFO] reader get 19 
[2022-04-22 22:01:55] [INFO] start get result 
[2022-04-22 22:01:55] [INFO] writer send [14, 15, 16, 17] 
[2022-04-22 22:01:55] [INFO] end writer 
[2022-04-22 22:01:55] [INFO] end get result 16 
[2022-04-22 22:01:55] [INFO] reader get 16 
[2022-04-22 22:01:55] [INFO] reader get 12 
[2022-04-22 22:01:55] [INFO] start get result 
[2022-04-22 22:01:55] [INFO] reader get 13 
[2022-04-22 22:01:55] [INFO] start get result 
[2022-04-22 22:01:55] [INFO] start get result 
[2022-04-22 22:01:55] [INFO] end get result 14 
[2022-04-22 22:01:55] [INFO] reader get 14 
[2022-04-22 22:01:55] [INFO] start get result 
[2022-04-22 22:01:55] [INFO] start reader 
[2022-04-22 22:01:55] [INFO] start get result 
[2022-04-22 22:01:55] [INFO] start get result 
Exception in thread "Thread-63527" java.util.concurrent.TimeoutException
	at serie1.Ex4.BlockingMessageQueueFuture$MyFuture.get(BlockingMessageQueueFuture.kt:222)
	at serie1.ex4.FutureTest$blocking_message_multiple_send_receive$2$thread$1.invoke(BlockingMessageQueueWithFutureTest.kt:179)
	at serie1.ex4.FutureTest$blocking_message_multiple_send_receive$2$thread$1.invoke(BlockingMessageQueueWithFutureTest.kt:169)
	at kotlin.concurrent.ThreadsKt$thread$thread$1.run(Thread.kt:30)
Exception in thread "Thread-63526" java.util.concurrent.TimeoutException
	at serie1.Ex4.BlockingMessageQueueFuture$MyFuture.get(BlockingMessageQueueFuture.kt:222)
	at serie1.ex4.FutureTest$blocking_message_multiple_send_receive$2$thread$1.invoke(BlockingMessageQueueWithFutureTest.kt:179)
	at serie1.ex4.FutureTest$blocking_message_multiple_send_receive$2$thread$1.invoke(BlockingMessageQueueWithFutureTest.kt:169)
	at kotlin.concurrent.ThreadsKt$thread$thread$1.run(Thread.kt:30)
Exception in thread "Thread-63532" java.util.concurrent.TimeoutException
	at serie1.Ex4.BlockingMessageQueueFuture$MyFuture.get(BlockingMessageQueueFuture.kt:222)
	at serie1.ex4.FutureTest$blocking_message_multiple_send_receive$2$thread$1.invoke(BlockingMessageQueueWithFutureTest.kt:179)
	at serie1.ex4.FutureTest$blocking_message_multiple_send_receive$2$thread$1.invoke(BlockingMessageQueueWithFutureTest.kt:169)
	at kotlin.concurrent.ThreadsKt$thread$thread$1.run(Thread.kt:30)
Exception in thread "Thread-63529" java.util.concurrent.TimeoutException
	at serie1.Ex4.BlockingMessageQueueFuture$MyFuture.get(BlockingMessageQueueFuture.kt:222)
	at serie1.ex4.FutureTest$blocking_message_multiple_send_receive$2$thread$1.invoke(BlockingMessageQueueWithFutureTest.kt:179)
	at serie1.ex4.FutureTest$blocking_message_multiple_send_receive$2$thread$1.invoke(BlockingMessageQueueWithFutureTest.kt:169)
	at kotlin.concurrent.ThreadsKt$thread$thread$1.run(Thread.kt:30)
Exception in thread "Thread-63530" java.util.concurrent.TimeoutException
	at serie1.Ex4.BlockingMessageQueueFuture$MyFuture.get(BlockingMessageQueueFuture.kt:222)
	at serie1.ex4.FutureTest$blocking_message_multiple_send_receive$2$thread$1.invoke(BlockingMessageQueueWithFutureTest.kt:179)
	at serie1.ex4.FutureTest$blocking_message_multiple_send_receive$2$thread$1.invoke(BlockingMessageQueueWithFutureTest.kt:169)
	at kotlin.concurrent.ThreadsKt$thread$thread$1.run(Thread.kt:30)
Exception in thread "Thread-63525" java.util.concurrent.TimeoutException
	at serie1.Ex4.BlockingMessageQueueFuture$MyFuture.get(BlockingMessageQueueFuture.kt:222)
	at serie1.ex4.FutureTest$blocking_message_multiple_send_receive$2$thread$1.invoke(BlockingMessageQueueWithFutureTest.kt:179)
	at serie1.ex4.FutureTest$blocking_message_multiple_send_receive$2$thread$1.invoke(BlockingMessageQueueWithFutureTest.kt:169)
	at kotlin.concurrent.ThreadsKt$thread$thread$1.run(Thread.kt:30)
Exception in thread "Thread-63533" java.util.concurrent.TimeoutException
	at serie1.Ex4.BlockingMessageQueueFuture$MyFuture.get(BlockingMessageQueueFuture.kt:222)
	at serie1.ex4.FutureTest$blocking_message_multiple_send_receive$2$thread$1.invoke(BlockingMessageQueueWithFutureTest.kt:179)
	at serie1.ex4.FutureTest$blocking_message_multiple_send_receive$2$thread$1.invoke(BlockingMessageQueueWithFutureTest.kt:169)
	at kotlin.concurrent.ThreadsKt$thread$thread$1.run(Thread.kt:30)
Exception in thread "Thread-63531" java.util.concurrent.TimeoutException
	at serie1.Ex4.BlockingMessageQueueFuture$MyFuture.get(BlockingMessageQueueFuture.kt:222)
	at serie1.ex4.FutureTest$blocking_message_multiple_send_receive$2$thread$1.invoke(BlockingMessageQueueWithFutureTest.kt:179)
	at serie1.ex4.FutureTest$blocking_message_multiple_send_receive$2$thread$1.invoke(BlockingMessageQueueWithFutureTest.kt:169)
	at kotlin.concurrent.ThreadsKt$thread$thread$1.run(Thread.kt:30)
Exception in thread "Thread-63528" java.util.concurrent.TimeoutException
	at serie1.Ex4.BlockingMessageQueueFuture$MyFuture.get(BlockingMessageQueueFuture.kt:222)
	at serie1.ex4.FutureTest$blocking_message_multiple_send_receive$2$thread$1.invoke(BlockingMessageQueueWithFutureTest.kt:179)
	at serie1.ex4.FutureTest$blocking_message_multiple_send_receive$2$thread$1.invoke(BlockingMessageQueueWithFutureTest.kt:169)
	at kotlin.concurrent.ThreadsKt$thread$thread$1.run(Thread.kt:30)
[2022-04-22 22:01:57] [INFO] start reader 
[2022-04-22 22:01:57] [INFO] start writer 
[2022-04-22 22:01:57] [INFO] start writer 
[2022-04-22 22:01:57] [INFO] writer try send [4, 5] 
[2022-04-22 22:01:57] [INFO] start writer 
[2022-04-22 22:01:57] [INFO] start writer 
[2022-04-22 22:01:57] [INFO] writer try send [7, 8, 9, 10] 
[2022-04-22 22:01:57] [INFO] writer send [7, 8, 9, 10] 
[2022-04-22 22:01:57] [INFO] writer try send [11, 12, 13] 
[2022-04-22 22:01:57] [INFO] start get result 
[2022-04-22 22:01:57] [INFO] end get result 4 
[2022-04-22 22:01:57] [INFO] reader get 4 
[2022-04-22 22:01:57] [INFO] start get result 
[2022-04-22 22:01:57] [INFO] end get result 5 
[2022-04-22 22:01:57] [INFO] reader get 5 
[2022-04-22 22:01:57] [INFO] start get result 
[2022-04-22 22:01:57] [INFO] start writer 
[2022-04-22 22:01:57] [INFO] writer try send [14, 15, 16, 17] 
[2022-04-22 22:01:57] [INFO] writer try send [1, 2, 3] 
[2022-04-22 22:01:57] [INFO] writer send [1, 2, 3] 
[2022-04-22 22:01:57] [INFO] writer try send [18, 19, 20] 
[2022-04-22 22:01:57] [INFO] start reader 
[2022-04-22 22:01:57] [INFO] end get result 7 
[2022-04-22 22:01:57] [INFO] reader get 7 
[2022-04-22 22:01:57] [INFO] start get result 
[2022-04-22 22:01:57] [INFO] end get result 8 
[2022-04-22 22:01:57] [INFO] reader get 8 
[2022-04-22 22:01:57] [INFO] start get result 
[2022-04-22 22:01:57] [INFO] end get result 9 
[2022-04-22 22:01:57] [INFO] reader get 9 
[2022-04-22 22:01:57] [INFO] start get result 
[2022-04-22 22:01:57] [INFO] writer send [18, 19, 20] 
[2022-04-22 22:01:57] [INFO] end writer 
[2022-04-22 22:01:57] [INFO] writer send [11, 12, 13] 
[2022-04-22 22:01:57] [INFO] end writer 
[2022-04-22 22:01:57] [INFO] writer try send [6] 
[2022-04-22 22:01:57] [INFO] writer send [6] 
[2022-04-22 22:01:57] [INFO] end writer 
[2022-04-22 22:01:57] [INFO] writer send [4, 5] 
[2022-04-22 22:01:57] [INFO] end writer 
[2022-04-22 22:01:57] [INFO] end get result 11 
[2022-04-22 22:01:57] [INFO] reader get 11 
[2022-04-22 22:01:57] [INFO] start get result 
[2022-04-22 22:01:57] [INFO] end get result 12 
[2022-04-22 22:01:57] [INFO] reader get 12 
[2022-04-22 22:01:57] [INFO] start get result 
[2022-04-22 22:01:57] [INFO] end get result 13 
[2022-04-22 22:01:57] [INFO] start get result 
[2022-04-22 22:01:57] [INFO] end get result 10 
[2022-04-22 22:01:57] [INFO] reader get 10 
[2022-04-22 22:01:57] [INFO] start get result 
[2022-04-22 22:01:57] [INFO] end get result 1 
[2022-04-22 22:01:57] [INFO] reader get 1 
[2022-04-22 22:01:57] [INFO] start get result 
[2022-04-22 22:01:57] [INFO] writer send [14, 15, 16, 17] 
[2022-04-22 22:01:57] [INFO] end writer 
[2022-04-22 22:01:57] [INFO] start reader 
[2022-04-22 22:01:57] [INFO] end get result 2 
[2022-04-22 22:01:57] [INFO] reader get 2 
[2022-04-22 22:01:57] [INFO] start get result 
[2022-04-22 22:01:57] [INFO] reader get 13 
[2022-04-22 22:01:57] [INFO] start reader 
[2022-04-22 22:01:57] [INFO] start get result 
[2022-04-22 22:01:57] [INFO] end get result 18 
[2022-04-22 22:01:57] [INFO] end get result 3 
[2022-04-22 22:01:57] [INFO] start get result 
[2022-04-22 22:01:57] [INFO] end get result 19 
[2022-04-22 22:01:57] [INFO] start get result 
[2022-04-22 22:01:57] [INFO] end get result 20 
[2022-04-22 22:01:57] [INFO] reader get 20 
[2022-04-22 22:01:57] [INFO] reader get 3 
[2022-04-22 22:01:57] [INFO] start get result 
[2022-04-22 22:01:57] [INFO] end get result 14 
[2022-04-22 22:01:57] [INFO] reader get 14 
[2022-04-22 22:01:57] [INFO] start get result 
[2022-04-22 22:01:57] [INFO] end get result 15 
[2022-04-22 22:01:57] [INFO] reader get 15 
[2022-04-22 22:01:57] [INFO] start get result 
[2022-04-22 22:01:57] [INFO] end get result 16 
[2022-04-22 22:01:57] [INFO] reader get 16 
[2022-04-22 22:01:57] [INFO] start get result 
[2022-04-22 22:01:57] [INFO] end get result 17 
[2022-04-22 22:01:57] [INFO] reader get 17 
[2022-04-22 22:01:57] [INFO] reader get 18 
[2022-04-22 22:01:57] [INFO] start get result 
[2022-04-22 22:01:57] [INFO] start reader 
[2022-04-22 22:01:57] [INFO] start get result 
[2022-04-22 22:01:57] [INFO] start reader 
[2022-04-22 22:01:57] [INFO] start get result 
[2022-04-22 22:01:57] [INFO] end get result 6 
[2022-04-22 22:01:57] [INFO] reader get 6 
[2022-04-22 22:01:57] [INFO] start get result 
[2022-04-22 22:01:57] [INFO] reader get 19 
[2022-04-22 22:01:57] [INFO] start get result 
[2022-04-22 22:01:57] [INFO] start get result 
[2022-04-22 22:01:57] [INFO] start get result 
[2022-04-22 22:01:57] [INFO] start reader 
[2022-04-22 22:01:57] [INFO] start reader 
[2022-04-22 22:01:57] [INFO] start reader 
[2022-04-22 22:01:57] [INFO] start get result 
[2022-04-22 22:01:57] [INFO] start get result 
[2022-04-22 22:01:57] [INFO] start get result 
Exception in thread "Thread-63545" java.util.concurrent.TimeoutException
	at serie1.Ex4.BlockingMessageQueueFuture$MyFuture.get(BlockingMessageQueueFuture.kt:222)
	at serie1.ex4.FutureTest$blocking_message_multiple_send_receive$2$thread$1.invoke(BlockingMessageQueueWithFutureTest.kt:179)
	at serie1.ex4.FutureTest$blocking_message_multiple_send_receive$2$thread$1.invoke(BlockingMessageQueueWithFutureTest.kt:169)
	at kotlin.concurrent.ThreadsKt$thread$thread$1.run(Thread.kt:30)
Exception in thread "Thread-63541" java.util.concurrent.TimeoutException
	at serie1.Ex4.BlockingMessageQueueFuture$MyFuture.get(BlockingMessageQueueFuture.kt:222)
	at serie1.ex4.FutureTest$blocking_message_multiple_send_receive$2$thread$1.invoke(BlockingMessageQueueWithFutureTest.kt:179)
	at serie1.ex4.FutureTest$blocking_message_multiple_send_receive$2$thread$1.invoke(BlockingMessageQueueWithFutureTest.kt:169)
	at kotlin.concurrent.ThreadsKt$thread$thread$1.run(Thread.kt:30)
Exception in thread "Thread-63540" java.util.concurrent.TimeoutException
	at serie1.Ex4.BlockingMessageQueueFuture$MyFuture.get(BlockingMessageQueueFuture.kt:222)
	at serie1.ex4.FutureTest$blocking_message_multiple_send_receive$2$thread$1.invoke(BlockingMessageQueueWithFutureTest.kt:179)
	at serie1.ex4.FutureTest$blocking_message_multiple_send_receive$2$thread$1.invoke(BlockingMessageQueueWithFutureTest.kt:169)
	at kotlin.concurrent.ThreadsKt$thread$thread$1.run(Thread.kt:30)
Exception in thread "Thread-63546" java.util.concurrent.TimeoutException
	at serie1.Ex4.BlockingMessageQueueFuture$MyFuture.get(BlockingMessageQueueFuture.kt:222)
	at serie1.ex4.FutureTest$blocking_message_multiple_send_receive$2$thread$1.invoke(BlockingMessageQueueWithFutureTest.kt:179)
	at serie1.ex4.FutureTest$blocking_message_multiple_send_receive$2$thread$1.invoke(BlockingMessageQueueWithFutureTest.kt:169)
	at kotlin.concurrent.ThreadsKt$thread$thread$1.run(Thread.kt:30)
Exception in thread "Thread-63547" java.util.concurrent.TimeoutException
	at serie1.Ex4.BlockingMessageQueueFuture$MyFuture.get(BlockingMessageQueueFuture.kt:222)
	at serie1.ex4.FutureTest$blocking_message_multiple_send_receive$2$thread$1.invoke(BlockingMessageQueueWithFutureTest.kt:179)
	at serie1.ex4.FutureTest$blocking_message_multiple_send_receive$2$thread$1.invoke(BlockingMessageQueueWithFutureTest.kt:169)
	at kotlin.concurrent.ThreadsKt$thread$thread$1.run(Thread.kt:30)
Exception in thread "Thread-63544" java.util.concurrent.TimeoutException
	at serie1.Ex4.BlockingMessageQueueFuture$MyFuture.get(BlockingMessageQueueFuture.kt:222)
	at serie1.ex4.FutureTest$blocking_message_multiple_send_receive$2$thread$1.invoke(BlockingMessageQueueWithFutureTest.kt:179)
	at serie1.ex4.FutureTest$blocking_message_multiple_send_receive$2$thread$1.invoke(BlockingMessageQueueWithFutureTest.kt:169)
	at kotlin.concurrent.ThreadsKt$thread$thread$1.run(Thread.kt:30)
Exception in thread "Thread-63542" java.util.concurrent.TimeoutException
	at serie1.Ex4.BlockingMessageQueueFuture$MyFuture.get(BlockingMessageQueueFuture.kt:222)
	at serie1.ex4.FutureTest$blocking_message_multiple_send_receive$2$thread$1.invoke(BlockingMessageQueueWithFutureTest.kt:179)
	at serie1.ex4.FutureTest$blocking_message_multiple_send_receive$2$thread$1.invoke(BlockingMessageQueueWithFutureTest.kt:169)
	at kotlin.concurrent.ThreadsKt$thread$thread$1.run(Thread.kt:30)
Exception in thread "Thread-63548" java.util.concurrent.TimeoutException
	at serie1.Ex4.BlockingMessageQueueFuture$MyFuture.get(BlockingMessageQueueFuture.kt:222)
	at serie1.ex4.FutureTest$blocking_message_multiple_send_receive$2$thread$1.invoke(BlockingMessageQueueWithFutureTest.kt:179)
	at serie1.ex4.FutureTest$blocking_message_multiple_send_receive$2$thread$1.invoke(BlockingMessageQueueWithFutureTest.kt:169)
	at kotlin.concurrent.ThreadsKt$thread$thread$1.run(Thread.kt:30)
Exception in thread "Thread-63543" java.util.concurrent.TimeoutException
	at serie1.Ex4.BlockingMessageQueueFuture$MyFuture.get(BlockingMessageQueueFuture.kt:222)
	at serie1.ex4.FutureTest$blocking_message_multiple_send_receive$2$thread$1.invoke(BlockingMessageQueueWithFutureTest.kt:179)
	at serie1.ex4.FutureTest$blocking_message_multiple_send_receive$2$thread$1.invoke(BlockingMessageQueueWithFutureTest.kt:169)
	at kotlin.concurrent.ThreadsKt$thread$thread$1.run(Thread.kt:30)
[2022-04-22 22:01:59] [INFO] start writer 
[2022-04-22 22:01:59] [INFO] writer try send [1, 2, 3] 
[2022-04-22 22:01:59] [INFO] writer send [1, 2, 3] 
[2022-04-22 22:01:59] [INFO] writer try send [4, 5] 
[2022-04-22 22:01:59] [INFO] start writer 
[2022-04-22 22:01:59] [INFO] writer try send [6] 
[2022-04-22 22:01:59] [INFO] start writer 
[2022-04-22 22:01:59] [INFO] start writer 
[2022-04-22 22:01:59] [INFO] writer try send [11, 12, 13] 
[2022-04-22 22:01:59] [INFO] writer send [11, 12, 13] 
[2022-04-22 22:01:59] [INFO] writer try send [14, 15, 16, 17] 
[2022-04-22 22:01:59] [INFO] start reader 
[2022-04-22 22:01:59] [INFO] writer try send [7, 8, 9, 10] 
[2022-04-22 22:01:59] [INFO] writer send [6] 
[2022-04-22 22:01:59] [INFO] start reader 
[2022-04-22 22:01:59] [INFO] writer send [4, 5] 
[2022-04-22 22:01:59] [INFO] start reader 
[2022-04-22 22:01:59] [INFO] start writer 
[2022-04-22 22:01:59] [INFO] end writer 
[2022-04-22 22:01:59] [INFO] start get result 
[2022-04-22 22:01:59] [INFO] end get result 1 
[2022-04-22 22:01:59] [INFO] start get result 
[2022-04-22 22:01:59] [INFO] end get result 2 
[2022-04-22 22:01:59] [INFO] reader get 2 
[2022-04-22 22:01:59] [INFO] start reader 
[2022-04-22 22:01:59] [INFO] end writer 
[2022-04-22 22:01:59] [INFO] writer try send [18, 19, 20] 
[2022-04-22 22:01:59] [INFO] start reader 
[2022-04-22 22:01:59] [INFO] writer send [14, 15, 16, 17] 
[2022-04-22 22:01:59] [INFO] end writer 
[2022-04-22 22:01:59] [INFO] start reader 
[2022-04-22 22:01:59] [INFO] start get result 
[2022-04-22 22:01:59] [INFO] start reader 
[2022-04-22 22:01:59] [INFO] start get result 
[2022-04-22 22:01:59] [INFO] start get result 
[2022-04-22 22:01:59] [INFO] start reader 
[2022-04-22 22:01:59] [INFO] start get result 
[2022-04-22 22:01:59] [INFO] end get result 11 
[2022-04-22 22:01:59] [INFO] start reader 
[2022-04-22 22:01:59] [INFO] start get result 
[2022-04-22 22:01:59] [INFO] end get result 4 
[2022-04-22 22:01:59] [INFO] reader get 4 
[2022-04-22 22:01:59] [INFO] start get result 
[2022-04-22 22:01:59] [INFO] start get result 
[2022-04-22 22:01:59] [INFO] writer send [7, 8, 9, 10] 
[2022-04-22 22:01:59] [INFO] end writer 
[2022-04-22 22:01:59] [INFO] reader get 1 
[2022-04-22 22:01:59] [INFO] start get result 
[2022-04-22 22:01:59] [INFO] start get result 
[2022-04-22 22:01:59] [INFO] end get result 15 
[2022-04-22 22:01:59] [INFO] reader get 15 
[2022-04-22 22:01:59] [INFO] start get result 
[2022-04-22 22:01:59] [INFO] end get result 17 
[2022-04-22 22:01:59] [INFO] reader get 17 
[2022-04-22 22:01:59] [INFO] end get result 13 
[2022-04-22 22:01:59] [INFO] reader get 13 
[2022-04-22 22:01:59] [INFO] start get result 
[2022-04-22 22:01:59] [INFO] end get result 19 
[2022-04-22 22:01:59] [INFO] reader get 19 
[2022-04-22 22:01:59] [INFO] start get result 
[2022-04-22 22:01:59] [INFO] end get result 14 
[2022-04-22 22:01:59] [INFO] reader get 14 
[2022-04-22 22:01:59] [INFO] start get result 
[2022-04-22 22:01:59] [INFO] end get result 7 
[2022-04-22 22:01:59] [INFO] reader get 7 
[2022-04-22 22:01:59] [INFO] start get result 
[2022-04-22 22:01:59] [INFO] end get result 8 
[2022-04-22 22:01:59] [INFO] reader get 8 
[2022-04-22 22:01:59] [INFO] start get result 
[2022-04-22 22:01:59] [INFO] start get result 
[2022-04-22 22:01:59] [INFO] end get result 12 
[2022-04-22 22:01:59] [INFO] reader get 11 
[2022-04-22 22:01:59] [INFO] start get result 
[2022-04-22 22:01:59] [INFO] end get result 10 
[2022-04-22 22:01:59] [INFO] end get result 6 
[2022-04-22 22:01:59] [INFO] reader get 6 
[2022-04-22 22:01:59] [INFO] start get result 
[2022-04-22 22:01:59] [INFO] end get result 3 
[2022-04-22 22:01:59] [INFO] reader get 3 
[2022-04-22 22:01:59] [INFO] start get result 
[2022-04-22 22:01:59] [INFO] writer send [18, 19, 20] 
[2022-04-22 22:01:59] [INFO] end writer 
[2022-04-22 22:01:59] [INFO] end get result 5 
[2022-04-22 22:01:59] [INFO] reader get 5 
[2022-04-22 22:01:59] [INFO] reader get 10 
[2022-04-22 22:01:59] [INFO] start get result 
[2022-04-22 22:01:59] [INFO] reader get 12 
[2022-04-22 22:01:59] [INFO] start get result 
[2022-04-22 22:01:59] [INFO] end get result 9 
[2022-04-22 22:01:59] [INFO] reader get 9 
[2022-04-22 22:01:59] [INFO] start get result 
[2022-04-22 22:01:59] [INFO] end get result 20 
[2022-04-22 22:01:59] [INFO] reader get 20 
[2022-04-22 22:01:59] [INFO] start get result 
[2022-04-22 22:01:59] [INFO] start get result 
[2022-04-22 22:01:59] [INFO] end get result 18 
[2022-04-22 22:01:59] [INFO] end get result 16 
[2022-04-22 22:01:59] [INFO] reader get 16 
[2022-04-22 22:01:59] [INFO] start get result 
[2022-04-22 22:01:59] [INFO] reader get 18 
[2022-04-22 22:01:59] [INFO] start get result 
[2022-04-22 22:01:59] [INFO] start get result 
Exception in thread "Thread-63561" java.util.concurrent.TimeoutException
	at serie1.Ex4.BlockingMessageQueueFuture$MyFuture.get(BlockingMessageQueueFuture.kt:222)
	at serie1.ex4.FutureTest$blocking_message_multiple_send_receive$2$thread$1.invoke(BlockingMessageQueueWithFutureTest.kt:179)
	at serie1.ex4.FutureTest$blocking_message_multiple_send_receive$2$thread$1.invoke(BlockingMessageQueueWithFutureTest.kt:169)
	at kotlin.concurrent.ThreadsKt$thread$thread$1.run(Thread.kt:30)
Exception in thread "Thread-63556" java.util.concurrent.TimeoutException
	at serie1.Ex4.BlockingMessageQueueFuture$MyFuture.get(BlockingMessageQueueFuture.kt:222)
	at serie1.ex4.FutureTest$blocking_message_multiple_send_receive$2$thread$1.invoke(BlockingMessageQueueWithFutureTest.kt:179)
	at serie1.ex4.FutureTest$blocking_message_multiple_send_receive$2$thread$1.invoke(BlockingMessageQueueWithFutureTest.kt:169)
	at kotlin.concurrent.ThreadsKt$thread$thread$1.run(Thread.kt:30)
Exception in thread "Thread-63560" java.util.concurrent.TimeoutException
	at serie1.Ex4.BlockingMessageQueueFuture$MyFuture.get(BlockingMessageQueueFuture.kt:222)
	at serie1.ex4.FutureTest$blocking_message_multiple_send_receive$2$thread$1.invoke(BlockingMessageQueueWithFutureTest.kt:179)
	at serie1.ex4.FutureTest$blocking_message_multiple_send_receive$2$thread$1.invoke(BlockingMessageQueueWithFutureTest.kt:169)
	at kotlin.concurrent.ThreadsKt$thread$thread$1.run(Thread.kt:30)
Exception in thread "Thread-63557" java.util.concurrent.TimeoutException
	at serie1.Ex4.BlockingMessageQueueFuture$MyFuture.get(BlockingMessageQueueFuture.kt:222)
	at serie1.ex4.FutureTest$blocking_message_multiple_send_receive$2$thread$1.invoke(BlockingMessageQueueWithFutureTest.kt:179)
	at serie1.ex4.FutureTest$blocking_message_multiple_send_receive$2$thread$1.invoke(BlockingMessageQueueWithFutureTest.kt:169)
	at kotlin.concurrent.ThreadsKt$thread$thread$1.run(Thread.kt:30)
Exception in thread "Thread-63555" java.util.concurrent.TimeoutException
	at serie1.Ex4.BlockingMessageQueueFuture$MyFuture.get(BlockingMessageQueueFuture.kt:222)
	at serie1.ex4.FutureTest$blocking_message_multiple_send_receive$2$thread$1.invoke(BlockingMessageQueueWithFutureTest.kt:179)
	at serie1.ex4.FutureTest$blocking_message_multiple_send_receive$2$thread$1.invoke(BlockingMessageQueueWithFutureTest.kt:169)
	at kotlin.concurrent.ThreadsKt$thread$thread$1.run(Thread.kt:30)
Exception in thread "Thread-63563" java.util.concurrent.TimeoutException
	at serie1.Ex4.BlockingMessageQueueFuture$MyFuture.get(BlockingMessageQueueFuture.kt:222)
	at serie1.ex4.FutureTest$blocking_message_multiple_send_receive$2$thread$1.invoke(BlockingMessageQueueWithFutureTest.kt:179)
	at serie1.ex4.FutureTest$blocking_message_multiple_send_receive$2$thread$1.invoke(BlockingMessageQueueWithFutureTest.kt:169)
	at kotlin.concurrent.ThreadsKt$thread$thread$1.run(Thread.kt:30)
Exception in thread "Thread-63559" java.util.concurrent.TimeoutException
	at serie1.Ex4.BlockingMessageQueueFuture$MyFuture.get(BlockingMessageQueueFuture.kt:222)
	at serie1.ex4.FutureTest$blocking_message_multiple_send_receive$2$thread$1.invoke(BlockingMessageQueueWithFutureTest.kt:179)
	at serie1.ex4.FutureTest$blocking_message_multiple_send_receive$2$thread$1.invoke(BlockingMessageQueueWithFutureTest.kt:169)
	at kotlin.concurrent.ThreadsKt$thread$thread$1.run(Thread.kt:30)
Exception in thread "Thread-63562" java.util.concurrent.TimeoutException
	at serie1.Ex4.BlockingMessageQueueFuture$MyFuture.get(BlockingMessageQueueFuture.kt:222)
	at serie1.ex4.FutureTest$blocking_message_multiple_send_receive$2$thread$1.invoke(BlockingMessageQueueWithFutureTest.kt:179)
	at serie1.ex4.FutureTest$blocking_message_multiple_send_receive$2$thread$1.invoke(BlockingMessageQueueWithFutureTest.kt:169)
	at kotlin.concurrent.ThreadsKt$thread$thread$1.run(Thread.kt:30)
Exception in thread "Thread-63558" java.util.concurrent.TimeoutException
	at serie1.Ex4.BlockingMessageQueueFuture$MyFuture.get(BlockingMessageQueueFuture.kt:222)
	at serie1.ex4.FutureTest$blocking_message_multiple_send_receive$2$thread$1.invoke(BlockingMessageQueueWithFutureTest.kt:179)
	at serie1.ex4.FutureTest$blocking_message_multiple_send_receive$2$thread$1.invoke(BlockingMessageQueueWithFutureTest.kt:169)
	at kotlin.concurrent.ThreadsKt$thread$thread$1.run(Thread.kt:30)
[2022-04-22 22:02:01] [INFO] start writer 
[2022-04-22 22:02:01] [INFO] writer try send [1, 2, 3] 
[2022-04-22 22:02:01] [INFO] writer send [1, 2, 3] 
[2022-04-22 22:02:01] [INFO] writer try send [4, 5] 
[2022-04-22 22:02:01] [INFO] writer send [4, 5] 
[2022-04-22 22:02:01] [INFO] start writer 
[2022-04-22 22:02:01] [INFO] start writer 
[2022-04-22 22:02:01] [INFO] writer try send [11, 12, 13] 
[2022-04-22 22:02:01] [INFO] start writer 
[2022-04-22 22:02:01] [INFO] writer try send [14, 15, 16, 17] 
[2022-04-22 22:02:01] [INFO] start writer 
[2022-04-22 22:02:01] [INFO] writer try send [18, 19, 20] 
[2022-04-22 22:02:01] [INFO] start writer 
[2022-04-22 22:02:01] [INFO] end writer 
[2022-04-22 22:02:01] [INFO] writer try send [7, 8, 9, 10] 
[2022-04-22 22:02:01] [INFO] writer try send [6] 
[2022-04-22 22:02:01] [INFO] start reader 
[2022-04-22 22:02:01] [INFO] start reader 
[2022-04-22 22:02:01] [INFO] start reader 
[2022-04-22 22:02:01] [INFO] start get result 
[2022-04-22 22:02:01] [INFO] end get result 1 
[2022-04-22 22:02:01] [INFO] reader get 1 
[2022-04-22 22:02:01] [INFO] start get result 
[2022-04-22 22:02:01] [INFO] start reader 
[2022-04-22 22:02:01] [INFO] start get result 
[2022-04-22 22:02:01] [INFO] start get result 
[2022-04-22 22:02:01] [INFO] end get result 4 
[2022-04-22 22:02:01] [INFO] reader get 4 
[2022-04-22 22:02:01] [INFO] writer send [18, 19, 20] 
[2022-04-22 22:02:01] [INFO] start get result 
[2022-04-22 22:02:01] [INFO] start get result 
[2022-04-22 22:02:01] [INFO] end get result 18 
[2022-04-22 22:02:01] [INFO] reader get 18 
[2022-04-22 22:02:01] [INFO] start get result 
[2022-04-22 22:02:01] [INFO] end get result 19 
[2022-04-22 22:02:01] [INFO] end get result 2 
[2022-04-22 22:02:01] [INFO] reader get 2 
[2022-04-22 22:02:01] [INFO] start get result 
[2022-04-22 22:02:01] [INFO] writer send [7, 8, 9, 10] 
[2022-04-22 22:02:01] [INFO] end writer 
[2022-04-22 22:02:01] [INFO] reader get 19 
[2022-04-22 22:02:01] [INFO] start get result 
[2022-04-22 22:02:01] [INFO] end get result 6 
[2022-04-22 22:02:01] [INFO] reader get 6 
[2022-04-22 22:02:01] [INFO] start get result 
[2022-04-22 22:02:01] [INFO] end get result 7 
[2022-04-22 22:02:01] [INFO] reader get 7 
[2022-04-22 22:02:01] [INFO] end get result 5 
[2022-04-22 22:02:01] [INFO] writer send [11, 12, 13] 
[2022-04-22 22:02:01] [INFO] end writer 
[2022-04-22 22:02:01] [INFO] end writer 
[2022-04-22 22:02:01] [INFO] writer send [6] 
[2022-04-22 22:02:01] [INFO] end writer 
[2022-04-22 22:02:01] [INFO] end get result 3 
[2022-04-22 22:02:01] [INFO] reader get 3 
[2022-04-22 22:02:01] [INFO] start get result 
[2022-04-22 22:02:01] [INFO] end get result 9 
[2022-04-22 22:02:01] [INFO] reader get 9 
[2022-04-22 22:02:01] [INFO] start get result 
[2022-04-22 22:02:01] [INFO] end get result 10 
[2022-04-22 22:02:01] [INFO] reader get 10 
[2022-04-22 22:02:01] [INFO] start get result 
[2022-04-22 22:02:01] [INFO] start reader 
[2022-04-22 22:02:01] [INFO] end get result 11 
[2022-04-22 22:02:01] [INFO] start reader 
[2022-04-22 22:02:01] [INFO] reader get 5 
[2022-04-22 22:02:01] [INFO] start get result 
[2022-04-22 22:02:01] [INFO] writer send [14, 15, 16, 17] 
[2022-04-22 22:02:01] [INFO] end writer 
[2022-04-22 22:02:01] [INFO] start get result 
[2022-04-22 22:02:01] [INFO] start get result 
[2022-04-22 22:02:01] [INFO] start get result 
[2022-04-22 22:02:01] [INFO] end get result 14 
[2022-04-22 22:02:01] [INFO] end get result 20 
[2022-04-22 22:02:01] [INFO] reader get 20 
[2022-04-22 22:02:01] [INFO] start get result 
[2022-04-22 22:02:01] [INFO] end get result 15 
[2022-04-22 22:02:01] [INFO] reader get 15 
[2022-04-22 22:02:01] [INFO] reader get 14 
[2022-04-22 22:02:01] [INFO] start get result 
[2022-04-22 22:02:01] [INFO] end get result 13 
[2022-04-22 22:02:01] [INFO] reader get 13 
[2022-04-22 22:02:01] [INFO] start get result 
[2022-04-22 22:02:01] [INFO] end get result 8 
[2022-04-22 22:02:01] [INFO] reader get 8 
[2022-04-22 22:02:01] [INFO] start get result 
[2022-04-22 22:02:01] [INFO] start reader 
[2022-04-22 22:02:01] [INFO] end get result 12 
[2022-04-22 22:02:01] [INFO] reader get 12 
[2022-04-22 22:02:01] [INFO] start get result 
[2022-04-22 22:02:01] [INFO] reader get 11 
[2022-04-22 22:02:01] [INFO] start get result 
[2022-04-22 22:02:01] [INFO] start reader 
[2022-04-22 22:02:01] [INFO] end get result 17 
[2022-04-22 22:02:01] [INFO] reader get 17 
[2022-04-22 22:02:01] [INFO] start reader 
[2022-04-22 22:02:01] [INFO] start get result 
[2022-04-22 22:02:01] [INFO] end get result 16 
[2022-04-22 22:02:01] [INFO] reader get 16 
[2022-04-22 22:02:01] [INFO] start get result 
[2022-04-22 22:02:01] [INFO] start get result 
[2022-04-22 22:02:01] [INFO] start get result 
[2022-04-22 22:02:01] [INFO] start get result 
[2022-04-22 22:02:01] [INFO] start get result 
Exception in thread "Thread-63572" java.util.concurrent.TimeoutException
	at serie1.Ex4.BlockingMessageQueueFuture$MyFuture.get(BlockingMessageQueueFuture.kt:222)
	at serie1.ex4.FutureTest$blocking_message_multiple_send_receive$2$thread$1.invoke(BlockingMessageQueueWithFutureTest.kt:179)
	at serie1.ex4.FutureTest$blocking_message_multiple_send_receive$2$thread$1.invoke(BlockingMessageQueueWithFutureTest.kt:169)
	at kotlin.concurrent.ThreadsKt$thread$thread$1.run(Thread.kt:30)
Exception in thread "Thread-63578" java.util.concurrent.TimeoutException
	at serie1.Ex4.BlockingMessageQueueFuture$MyFuture.get(BlockingMessageQueueFuture.kt:222)
	at serie1.ex4.FutureTest$blocking_message_multiple_send_receive$2$thread$1.invoke(BlockingMessageQueueWithFutureTest.kt:179)
	at serie1.ex4.FutureTest$blocking_message_multiple_send_receive$2$thread$1.invoke(BlockingMessageQueueWithFutureTest.kt:169)
	at kotlin.concurrent.ThreadsKt$thread$thread$1.run(Thread.kt:30)
Exception in thread "Thread-63575" java.util.concurrent.TimeoutException
	at serie1.Ex4.BlockingMessageQueueFuture$MyFuture.get(BlockingMessageQueueFuture.kt:222)
	at serie1.ex4.FutureTest$blocking_message_multiple_send_receive$2$thread$1.invoke(BlockingMessageQueueWithFutureTest.kt:179)
	at serie1.ex4.FutureTest$blocking_message_multiple_send_receive$2$thread$1.invoke(BlockingMessageQueueWithFutureTest.kt:169)
	at kotlin.concurrent.ThreadsKt$thread$thread$1.run(Thread.kt:30)
Exception in thread "Thread-63573" java.util.concurrent.TimeoutException
	at serie1.Ex4.BlockingMessageQueueFuture$MyFuture.get(BlockingMessageQueueFuture.kt:222)
	at serie1.ex4.FutureTest$blocking_message_multiple_send_receive$2$thread$1.invoke(BlockingMessageQueueWithFutureTest.kt:179)
	at serie1.ex4.FutureTest$blocking_message_multiple_send_receive$2$thread$1.invoke(BlockingMessageQueueWithFutureTest.kt:169)
	at kotlin.concurrent.ThreadsKt$thread$thread$1.run(Thread.kt:30)
Exception in thread "Thread-63579" java.util.concurrent.TimeoutException
	at serie1.Ex4.BlockingMessageQueueFuture$MyFuture.get(BlockingMessageQueueFuture.kt:222)
	at serie1.ex4.FutureTest$blocking_message_multiple_send_receive$2$thread$1.invoke(BlockingMessageQueueWithFutureTest.kt:179)
	at serie1.ex4.FutureTest$blocking_message_multiple_send_receive$2$thread$1.invoke(BlockingMessageQueueWithFutureTest.kt:169)
	at kotlin.concurrent.ThreadsKt$thread$thread$1.run(Thread.kt:30)
Exception in thread "Thread-63571" java.util.concurrent.TimeoutException
	at serie1.Ex4.BlockingMessageQueueFuture$MyFuture.get(BlockingMessageQueueFuture.kt:222)
	at serie1.ex4.FutureTest$blocking_message_multiple_send_receive$2$thread$1.invoke(BlockingMessageQueueWithFutureTest.kt:179)
	at serie1.ex4.FutureTest$blocking_message_multiple_send_receive$2$thread$1.invoke(BlockingMessageQueueWithFutureTest.kt:169)
	at kotlin.concurrent.ThreadsKt$thread$thread$1.run(Thread.kt:30)
Exception in thread "Thread-63577" java.util.concurrent.TimeoutException
	at serie1.Ex4.BlockingMessageQueueFuture$MyFuture.get(BlockingMessageQueueFuture.kt:222)
	at serie1.ex4.FutureTest$blocking_message_multiple_send_receive$2$thread$1.invoke(BlockingMessageQueueWithFutureTest.kt:179)
	at serie1.ex4.FutureTest$blocking_message_multiple_send_receive$2$thread$1.invoke(BlockingMessageQueueWithFutureTest.kt:169)
	at kotlin.concurrent.ThreadsKt$thread$thread$1.run(Thread.kt:30)
Exception in thread "Thread-63576" java.util.concurrent.TimeoutException
	at serie1.Ex4.BlockingMessageQueueFuture$MyFuture.get(BlockingMessageQueueFuture.kt:222)
	at serie1.ex4.FutureTest$blocking_message_multiple_send_receive$2$thread$1.invoke(BlockingMessageQueueWithFutureTest.kt:179)
	at serie1.ex4.FutureTest$blocking_message_multiple_send_receive$2$thread$1.invoke(BlockingMessageQueueWithFutureTest.kt:169)
	at kotlin.concurrent.ThreadsKt$thread$thread$1.run(Thread.kt:30)
Exception in thread "Thread-63574" java.util.concurrent.TimeoutException
	at serie1.Ex4.BlockingMessageQueueFuture$MyFuture.get(BlockingMessageQueueFuture.kt:222)
	at serie1.ex4.FutureTest$blocking_message_multiple_send_receive$2$thread$1.invoke(BlockingMessageQueueWithFutureTest.kt:179)
	at serie1.ex4.FutureTest$blocking_message_multiple_send_receive$2$thread$1.invoke(BlockingMessageQueueWithFutureTest.kt:169)
	at kotlin.concurrent.ThreadsKt$thread$thread$1.run(Thread.kt:30)
[2022-04-22 22:02:03] [INFO] start reader 
[2022-04-22 22:02:03] [INFO] start writer 
[2022-04-22 22:02:03] [INFO] start reader 
[2022-04-22 22:02:03] [INFO] start writer 
[2022-04-22 22:02:03] [INFO] writer try send [4, 5] 
[2022-04-22 22:02:03] [INFO] start reader 
[2022-04-22 22:02:03] [INFO] start writer 
[2022-04-22 22:02:03] [INFO] writer try send [6] 
[2022-04-22 22:02:03] [INFO] start reader 
[2022-04-22 22:02:03] [INFO] start get result 
[2022-04-22 22:02:03] [INFO] end get result 4 
[2022-04-22 22:02:03] [INFO] writer try send [1, 2, 3] 
[2022-04-22 22:02:03] [INFO] start get result 
[2022-04-22 22:02:03] [INFO] end get result 6 
[2022-04-22 22:02:03] [INFO] writer send [1, 2, 3] 
[2022-04-22 22:02:03] [INFO] writer try send [7, 8, 9, 10] 
[2022-04-22 22:02:03] [INFO] reader get 4 
[2022-04-22 22:02:03] [INFO] start get result 
[2022-04-22 22:02:03] [INFO] end get result 1 
[2022-04-22 22:02:03] [INFO] reader get 1 
[2022-04-22 22:02:03] [INFO] start get result 
[2022-04-22 22:02:03] [INFO] end get result 3 
[2022-04-22 22:02:03] [INFO] reader get 3 
[2022-04-22 22:02:03] [INFO] start get result 
[2022-04-22 22:02:03] [INFO] start reader 
[2022-04-22 22:02:03] [INFO] start get result 
[2022-04-22 22:02:03] [INFO] end get result 5 
[2022-04-22 22:02:03] [INFO] reader get 5 
[2022-04-22 22:02:03] [INFO] start get result 
[2022-04-22 22:02:03] [INFO] end get result 8 
[2022-04-22 22:02:03] [INFO] reader get 8 
[2022-04-22 22:02:03] [INFO] start get result 
[2022-04-22 22:02:03] [INFO] end get result 9 
[2022-04-22 22:02:03] [INFO] writer send [6] 
[2022-04-22 22:02:03] [INFO] start get result 
[2022-04-22 22:02:03] [INFO] end get result 10 
[2022-04-22 22:02:03] [INFO] reader get 10 
[2022-04-22 22:02:03] [INFO] start get result 
[2022-04-22 22:02:03] [INFO] start writer 
[2022-04-22 22:02:03] [INFO] writer try send [14, 15, 16, 17] 
[2022-04-22 22:02:03] [INFO] writer send [14, 15, 16, 17] 
[2022-04-22 22:02:03] [INFO] start writer 
[2022-04-22 22:02:03] [INFO] end writer 
[2022-04-22 22:02:03] [INFO] writer send [4, 5] 
[2022-04-22 22:02:03] [INFO] end writer 
[2022-04-22 22:02:03] [INFO] start writer 
[2022-04-22 22:02:03] [INFO] end writer 
[2022-04-22 22:02:03] [INFO] writer try send [18, 19, 20] 
[2022-04-22 22:02:03] [INFO] writer send [18, 19, 20] 
[2022-04-22 22:02:03] [INFO] end get result 14 
[2022-04-22 22:02:03] [INFO] reader get 14 
[2022-04-22 22:02:03] [INFO] start get result 
[2022-04-22 22:02:03] [INFO] end get result 15 
[2022-04-22 22:02:03] [INFO] reader get 15 
[2022-04-22 22:02:03] [INFO] start get result 
[2022-04-22 22:02:03] [INFO] writer try send [11, 12, 13] 
[2022-04-22 22:02:03] [INFO] reader get 9 
[2022-04-22 22:02:03] [INFO] start get result 
[2022-04-22 22:02:03] [INFO] start reader 
[2022-04-22 22:02:03] [INFO] end get result 7 
[2022-04-22 22:02:03] [INFO] reader get 7 
[2022-04-22 22:02:03] [INFO] start get result 
[2022-04-22 22:02:03] [INFO] start reader 
[2022-04-22 22:02:03] [INFO] start get result 
[2022-04-22 22:02:03] [INFO] end get result 2 
[2022-04-22 22:02:03] [INFO] start reader 
[2022-04-22 22:02:03] [INFO] writer send [7, 8, 9, 10] 
[2022-04-22 22:02:03] [INFO] end writer 
[2022-04-22 22:02:03] [INFO] start reader 
[2022-04-22 22:02:03] [INFO] start get result 
[2022-04-22 22:02:03] [INFO] end get result 20 
[2022-04-22 22:02:03] [INFO] reader get 20 
[2022-04-22 22:02:03] [INFO] start get result 
[2022-04-22 22:02:03] [INFO] start get result 
[2022-04-22 22:02:03] [INFO] end get result 12 
[2022-04-22 22:02:03] [INFO] reader get 6 
[2022-04-22 22:02:03] [INFO] start get result 
[2022-04-22 22:02:03] [INFO] reader get 12 
[2022-04-22 22:02:03] [INFO] start get result 
[2022-04-22 22:02:03] [INFO] start get result 
[2022-04-22 22:02:03] [INFO] end get result 13 
[2022-04-22 22:02:03] [INFO] reader get 13 
[2022-04-22 22:02:03] [INFO] end get result 11 
[2022-04-22 22:02:03] [INFO] reader get 11 
[2022-04-22 22:02:03] [INFO] start get result 
[2022-04-22 22:02:03] [INFO] start get result 
[2022-04-22 22:02:03] [INFO] end get result 19 
[2022-04-22 22:02:03] [INFO] reader get 19 
[2022-04-22 22:02:03] [INFO] start get result 
[2022-04-22 22:02:03] [INFO] reader get 2 
[2022-04-22 22:02:03] [INFO] start get result 
[2022-04-22 22:02:03] [INFO] end get result 18 
[2022-04-22 22:02:03] [INFO] reader get 18 
[2022-04-22 22:02:03] [INFO] start get result 
[2022-04-22 22:02:03] [INFO] end get result 17 
[2022-04-22 22:02:03] [INFO] reader get 17 
[2022-04-22 22:02:03] [INFO] writer send [11, 12, 13] 
[2022-04-22 22:02:03] [INFO] end writer 
[2022-04-22 22:02:03] [INFO] end get result 16 
[2022-04-22 22:02:03] [INFO] end writer 
[2022-04-22 22:02:03] [INFO] reader get 16 
[2022-04-22 22:02:03] [INFO] start get result 
[2022-04-22 22:02:03] [INFO] start get result 
[2022-04-22 22:02:03] [INFO] start get result 
Exception in thread "Thread-63595" java.util.concurrent.TimeoutException
	at serie1.Ex4.BlockingMessageQueueFuture$MyFuture.get(BlockingMessageQueueFuture.kt:222)
	at serie1.ex4.FutureTest$blocking_message_multiple_send_receive$2$thread$1.invoke(BlockingMessageQueueWithFutureTest.kt:179)
	at serie1.ex4.FutureTest$blocking_message_multiple_send_receive$2$thread$1.invoke(BlockingMessageQueueWithFutureTest.kt:169)
	at kotlin.concurrent.ThreadsKt$thread$thread$1.run(Thread.kt:30)
Exception in thread "Thread-63592" java.util.concurrent.TimeoutException
	at serie1.Ex4.BlockingMessageQueueFuture$MyFuture.get(BlockingMessageQueueFuture.kt:222)
	at serie1.ex4.FutureTest$blocking_message_multiple_send_receive$2$thread$1.invoke(BlockingMessageQueueWithFutureTest.kt:179)
	at serie1.ex4.FutureTest$blocking_message_multiple_send_receive$2$thread$1.invoke(BlockingMessageQueueWithFutureTest.kt:169)
	at kotlin.concurrent.ThreadsKt$thread$thread$1.run(Thread.kt:30)
Exception in thread "Thread-63594" java.util.concurrent.TimeoutException
	at serie1.Ex4.BlockingMessageQueueFuture$MyFuture.get(BlockingMessageQueueFuture.kt:222)
	at serie1.ex4.FutureTest$blocking_message_multiple_send_receive$2$thread$1.invoke(BlockingMessageQueueWithFutureTest.kt:179)
	at serie1.ex4.FutureTest$blocking_message_multiple_send_receive$2$thread$1.invoke(BlockingMessageQueueWithFutureTest.kt:169)
	at kotlin.concurrent.ThreadsKt$thread$thread$1.run(Thread.kt:30)
Exception in thread "Thread-63587" java.util.concurrent.TimeoutException
	at serie1.Ex4.BlockingMessageQueueFuture$MyFuture.get(BlockingMessageQueueFuture.kt:222)
	at serie1.ex4.FutureTest$blocking_message_multiple_send_receive$2$thread$1.invoke(BlockingMessageQueueWithFutureTest.kt:179)
	at serie1.ex4.FutureTest$blocking_message_multiple_send_receive$2$thread$1.invoke(BlockingMessageQueueWithFutureTest.kt:169)
	at kotlin.concurrent.ThreadsKt$thread$thread$1.run(Thread.kt:30)
Exception in thread "Thread-63589" java.util.concurrent.TimeoutException
	at serie1.Ex4.BlockingMessageQueueFuture$MyFuture.get(BlockingMessageQueueFuture.kt:222)
	at serie1.ex4.FutureTest$blocking_message_multiple_send_receive$2$thread$1.invoke(BlockingMessageQueueWithFutureTest.kt:179)
	at serie1.ex4.FutureTest$blocking_message_multiple_send_receive$2$thread$1.invoke(BlockingMessageQueueWithFutureTest.kt:169)
	at kotlin.concurrent.ThreadsKt$thread$thread$1.run(Thread.kt:30)
Exception in thread "Thread-63593" java.util.concurrent.TimeoutException
	at serie1.Ex4.BlockingMessageQueueFuture$MyFuture.get(BlockingMessageQueueFuture.kt:222)
	at serie1.ex4.FutureTest$blocking_message_multiple_send_receive$2$thread$1.invoke(BlockingMessageQueueWithFutureTest.kt:179)
	at serie1.ex4.FutureTest$blocking_message_multiple_send_receive$2$thread$1.invoke(BlockingMessageQueueWithFutureTest.kt:169)
	at kotlin.concurrent.ThreadsKt$thread$thread$1.run(Thread.kt:30)
Exception in thread "Thread-63590" java.util.concurrent.TimeoutException
	at serie1.Ex4.BlockingMessageQueueFuture$MyFuture.get(BlockingMessageQueueFuture.kt:222)
	at serie1.ex4.FutureTest$blocking_message_multiple_send_receive$2$thread$1.invoke(BlockingMessageQueueWithFutureTest.kt:179)
	at serie1.ex4.FutureTest$blocking_message_multiple_send_receive$2$thread$1.invoke(BlockingMessageQueueWithFutureTest.kt:169)
	at kotlin.concurrent.ThreadsKt$thread$thread$1.run(Thread.kt:30)
Exception in thread "Thread-63588" java.util.concurrent.TimeoutException
	at serie1.Ex4.BlockingMessageQueueFuture$MyFuture.get(BlockingMessageQueueFuture.kt:222)
	at serie1.ex4.FutureTest$blocking_message_multiple_send_receive$2$thread$1.invoke(BlockingMessageQueueWithFutureTest.kt:179)
	at serie1.ex4.FutureTest$blocking_message_multiple_send_receive$2$thread$1.invoke(BlockingMessageQueueWithFutureTest.kt:169)
	at kotlin.concurrent.ThreadsKt$thread$thread$1.run(Thread.kt:30)
Exception in thread "Thread-63591" java.util.concurrent.TimeoutException
	at serie1.Ex4.BlockingMessageQueueFuture$MyFuture.get(BlockingMessageQueueFuture.kt:222)
	at serie1.ex4.FutureTest$blocking_message_multiple_send_receive$2$thread$1.invoke(BlockingMessageQueueWithFutureTest.kt:179)
	at serie1.ex4.FutureTest$blocking_message_multiple_send_receive$2$thread$1.invoke(BlockingMessageQueueWithFutureTest.kt:169)
	at kotlin.concurrent.ThreadsKt$thread$thread$1.run(Thread.kt:30)
[2022-04-22 22:02:05] [INFO] start reader 
[2022-04-22 22:02:05] [INFO] start writer 
[2022-04-22 22:02:05] [INFO] start writer 
[2022-04-22 22:02:05] [INFO] start writer 
[2022-04-22 22:02:05] [INFO] start get result 
[2022-04-22 22:02:05] [INFO] start writer 
[2022-04-22 22:02:05] [INFO] start writer 
[2022-04-22 22:02:05] [INFO] writer try send [11, 12, 13] 
[2022-04-22 22:02:05] [INFO] start writer 
[2022-04-22 22:02:05] [INFO] end get result 11 
[2022-04-22 22:02:05] [INFO] reader get 11 
[2022-04-22 22:02:05] [INFO] start get result 
[2022-04-22 22:02:05] [INFO] end get result 12 
[2022-04-22 22:02:05] [INFO] reader get 12 
[2022-04-22 22:02:05] [INFO] start get result 
[2022-04-22 22:02:05] [INFO] end get result 13 
[2022-04-22 22:02:05] [INFO] reader get 13 
[2022-04-22 22:02:05] [INFO] start reader 
[2022-04-22 22:02:05] [INFO] start get result 
[2022-04-22 22:02:05] [INFO] writer try send [14, 15, 16, 17] 
[2022-04-22 22:02:05] [INFO] writer send [14, 15, 16, 17] 
[2022-04-22 22:02:05] [INFO] end get result 14 
[2022-04-22 22:02:05] [INFO] reader get 14 
[2022-04-22 22:02:05] [INFO] start get result 
[2022-04-22 22:02:05] [INFO] writer send [11, 12, 13] 
[2022-04-22 22:02:05] [INFO] end writer 
[2022-04-22 22:02:05] [INFO] writer try send [7, 8, 9, 10] 
[2022-04-22 22:02:05] [INFO] writer send [7, 8, 9, 10] 
[2022-04-22 22:02:05] [INFO] end writer 
[2022-04-22 22:02:05] [INFO] writer try send [6] 
[2022-04-22 22:02:05] [INFO] writer try send [4, 5] 
[2022-04-22 22:02:05] [INFO] writer try send [1, 2, 3] 
[2022-04-22 22:02:05] [INFO] writer send [6] 
[2022-04-22 22:02:05] [INFO] end writer 
[2022-04-22 22:02:05] [INFO] start get result 
[2022-04-22 22:02:05] [INFO] end get result 16 
[2022-04-22 22:02:05] [INFO] reader get 16 
[2022-04-22 22:02:05] [INFO] end get result 15 
[2022-04-22 22:02:05] [INFO] writer send [4, 5] 
[2022-04-22 22:02:05] [INFO] end writer 
[2022-04-22 22:02:05] [INFO] writer try send [18, 19, 20] 
[2022-04-22 22:02:05] [INFO] start reader 
[2022-04-22 22:02:05] [INFO] reader get 15 
[2022-04-22 22:02:05] [INFO] start get result 
[2022-04-22 22:02:05] [INFO] start reader 
[2022-04-22 22:02:05] [INFO] start get result 
[2022-04-22 22:02:05] [INFO] end get result 17 
[2022-04-22 22:02:05] [INFO] start reader 
[2022-04-22 22:02:05] [INFO] end get result 7 
[2022-04-22 22:02:05] [INFO] start get result 
[2022-04-22 22:02:05] [INFO] start reader 
[2022-04-22 22:02:05] [INFO] start get result 
[2022-04-22 22:02:05] [INFO] start get result 
[2022-04-22 22:02:05] [INFO] start reader 
[2022-04-22 22:02:05] [INFO] writer send [1, 2, 3] 
[2022-04-22 22:02:05] [INFO] start reader 
[2022-04-22 22:02:05] [INFO] end get result 8 
[2022-04-22 22:02:05] [INFO] reader get 8 
[2022-04-22 22:02:05] [INFO] start get result 
[2022-04-22 22:02:05] [INFO] writer send [18, 19, 20] 
[2022-04-22 22:02:05] [INFO] end writer 
[2022-04-22 22:02:05] [INFO] reader get 7 
[2022-04-22 22:02:05] [INFO] start get result 
[2022-04-22 22:02:05] [INFO] end get result 1 
[2022-04-22 22:02:05] [INFO] reader get 17 
[2022-04-22 22:02:05] [INFO] start get result 
[2022-04-22 22:02:05] [INFO] end get result 3 
[2022-04-22 22:02:05] [INFO] reader get 3 
[2022-04-22 22:02:05] [INFO] start get result 
[2022-04-22 22:02:05] [INFO] start get result 
[2022-04-22 22:02:05] [INFO] end get result 2 
[2022-04-22 22:02:05] [INFO] reader get 2 
[2022-04-22 22:02:05] [INFO] start get result 
[2022-04-22 22:02:05] [INFO] end get result 19 
[2022-04-22 22:02:05] [INFO] reader get 19 
[2022-04-22 22:02:05] [INFO] reader get 1 
[2022-04-22 22:02:05] [INFO] start get result 
[2022-04-22 22:02:05] [INFO] start get result 
[2022-04-22 22:02:05] [INFO] end get result 5 
[2022-04-22 22:02:05] [INFO] start reader 
[2022-04-22 22:02:05] [INFO] end get result 4 
[2022-04-22 22:02:05] [INFO] reader get 4 
[2022-04-22 22:02:05] [INFO] start get result 
[2022-04-22 22:02:05] [INFO] end writer 
[2022-04-22 22:02:05] [INFO] start get result 
[2022-04-22 22:02:05] [INFO] end get result 6 
[2022-04-22 22:02:05] [INFO] reader get 6 
[2022-04-22 22:02:05] [INFO] start get result 
[2022-04-22 22:02:05] [INFO] end get result 10 
[2022-04-22 22:02:05] [INFO] reader get 10 
[2022-04-22 22:02:05] [INFO] start get result 
[2022-04-22 22:02:05] [INFO] end get result 9 
[2022-04-22 22:02:05] [INFO] reader get 9 
[2022-04-22 22:02:05] [INFO] start get result 
[2022-04-22 22:02:05] [INFO] start get result 
[2022-04-22 22:02:05] [INFO] reader get 5 
[2022-04-22 22:02:05] [INFO] start get result 
[2022-04-22 22:02:05] [INFO] start get result 
[2022-04-22 22:02:05] [INFO] end get result 20 
[2022-04-22 22:02:05] [INFO] reader get 20 
[2022-04-22 22:02:05] [INFO] start get result 
[2022-04-22 22:02:05] [INFO] end get result 18 
[2022-04-22 22:02:05] [INFO] reader get 18 
[2022-04-22 22:02:05] [INFO] start get result 
Exception in thread "Thread-63608" java.util.concurrent.TimeoutException
	at serie1.Ex4.BlockingMessageQueueFuture$MyFuture.get(BlockingMessageQueueFuture.kt:222)
	at serie1.ex4.FutureTest$blocking_message_multiple_send_receive$2$thread$1.invoke(BlockingMessageQueueWithFutureTest.kt:179)
	at serie1.ex4.FutureTest$blocking_message_multiple_send_receive$2$thread$1.invoke(BlockingMessageQueueWithFutureTest.kt:169)
	at kotlin.concurrent.ThreadsKt$thread$thread$1.run(Thread.kt:30)
Exception in thread "Thread-63609" java.util.concurrent.TimeoutException
	at serie1.Ex4.BlockingMessageQueueFuture$MyFuture.get(BlockingMessageQueueFuture.kt:222)
	at serie1.ex4.FutureTest$blocking_message_multiple_send_receive$2$thread$1.invoke(BlockingMessageQueueWithFutureTest.kt:179)
	at serie1.ex4.FutureTest$blocking_message_multiple_send_receive$2$thread$1.invoke(BlockingMessageQueueWithFutureTest.kt:169)
	at kotlin.concurrent.ThreadsKt$thread$thread$1.run(Thread.kt:30)
Exception in thread "Thread-63611" java.util.concurrent.TimeoutException
	at serie1.Ex4.BlockingMessageQueueFuture$MyFuture.get(BlockingMessageQueueFuture.kt:222)
	at serie1.ex4.FutureTest$blocking_message_multiple_send_receive$2$thread$1.invoke(BlockingMessageQueueWithFutureTest.kt:179)
	at serie1.ex4.FutureTest$blocking_message_multiple_send_receive$2$thread$1.invoke(BlockingMessageQueueWithFutureTest.kt:169)
	at kotlin.concurrent.ThreadsKt$thread$thread$1.run(Thread.kt:30)
Exception in thread "Thread-63607" java.util.concurrent.TimeoutException
	at serie1.Ex4.BlockingMessageQueueFuture$MyFuture.get(BlockingMessageQueueFuture.kt:222)
	at serie1.ex4.FutureTest$blocking_message_multiple_send_receive$2$thread$1.invoke(BlockingMessageQueueWithFutureTest.kt:179)
	at serie1.ex4.FutureTest$blocking_message_multiple_send_receive$2$thread$1.invoke(BlockingMessageQueueWithFutureTest.kt:169)
	at kotlin.concurrent.ThreadsKt$thread$thread$1.run(Thread.kt:30)
Exception in thread "Thread-63605" java.util.concurrent.TimeoutException
	at serie1.Ex4.BlockingMessageQueueFuture$MyFuture.get(BlockingMessageQueueFuture.kt:222)
	at serie1.ex4.FutureTest$blocking_message_multiple_send_receive$2$thread$1.invoke(BlockingMessageQueueWithFutureTest.kt:179)
	at serie1.ex4.FutureTest$blocking_message_multiple_send_receive$2$thread$1.invoke(BlockingMessageQueueWithFutureTest.kt:169)
	at kotlin.concurrent.ThreadsKt$thread$thread$1.run(Thread.kt:30)
Exception in thread "Thread-63603" java.util.concurrent.TimeoutException
	at serie1.Ex4.BlockingMessageQueueFuture$MyFuture.get(BlockingMessageQueueFuture.kt:222)
	at serie1.ex4.FutureTest$blocking_message_multiple_send_receive$2$thread$1.invoke(BlockingMessageQueueWithFutureTest.kt:179)
	at serie1.ex4.FutureTest$blocking_message_multiple_send_receive$2$thread$1.invoke(BlockingMessageQueueWithFutureTest.kt:169)
	at kotlin.concurrent.ThreadsKt$thread$thread$1.run(Thread.kt:30)
Exception in thread "Thread-63606" java.util.concurrent.TimeoutException
	at serie1.Ex4.BlockingMessageQueueFuture$MyFuture.get(BlockingMessageQueueFuture.kt:222)
	at serie1.ex4.FutureTest$blocking_message_multiple_send_receive$2$thread$1.invoke(BlockingMessageQueueWithFutureTest.kt:179)
	at serie1.ex4.FutureTest$blocking_message_multiple_send_receive$2$thread$1.invoke(BlockingMessageQueueWithFutureTest.kt:169)
	at kotlin.concurrent.ThreadsKt$thread$thread$1.run(Thread.kt:30)
Exception in thread "Thread-63604" java.util.concurrent.TimeoutException
	at serie1.Ex4.BlockingMessageQueueFuture$MyFuture.get(BlockingMessageQueueFuture.kt:222)
	at serie1.ex4.FutureTest$blocking_message_multiple_send_receive$2$thread$1.invoke(BlockingMessageQueueWithFutureTest.kt:179)
	at serie1.ex4.FutureTest$blocking_message_multiple_send_receive$2$thread$1.invoke(BlockingMessageQueueWithFutureTest.kt:169)
	at kotlin.concurrent.ThreadsKt$thread$thread$1.run(Thread.kt:30)
Exception in thread "Thread-63610" java.util.concurrent.TimeoutException
	at serie1.Ex4.BlockingMessageQueueFuture$MyFuture.get(BlockingMessageQueueFuture.kt:222)
	at serie1.ex4.FutureTest$blocking_message_multiple_send_receive$2$thread$1.invoke(BlockingMessageQueueWithFutureTest.kt:179)
	at serie1.ex4.FutureTest$blocking_message_multiple_send_receive$2$thread$1.invoke(BlockingMessageQueueWithFutureTest.kt:169)
	at kotlin.concurrent.ThreadsKt$thread$thread$1.run(Thread.kt:30)
[2022-04-22 22:02:07] [INFO] start writer 
[2022-04-22 22:02:07] [INFO] writer try send [1, 2, 3] 
[2022-04-22 22:02:07] [INFO] start reader 
[2022-04-22 22:02:07] [INFO] writer send [1, 2, 3] 
[2022-04-22 22:02:07] [INFO] writer try send [4, 5] 
[2022-04-22 22:02:07] [INFO] start writer 
[2022-04-22 22:02:07] [INFO] start writer 
[2022-04-22 22:02:07] [INFO] start writer 
[2022-04-22 22:02:07] [INFO] writer try send [11, 12, 13] 
[2022-04-22 22:02:07] [INFO] start reader 
[2022-04-22 22:02:07] [INFO] start writer 
[2022-04-22 22:02:07] [INFO] writer try send [14, 15, 16, 17] 
[2022-04-22 22:02:07] [INFO] start reader 
[2022-04-22 22:02:07] [INFO] writer send [4, 5] 
[2022-04-22 22:02:07] [INFO] writer try send [18, 19, 20] 
[2022-04-22 22:02:07] [INFO] start reader 
[2022-04-22 22:02:07] [INFO] start get result 
[2022-04-22 22:02:07] [INFO] end get result 2 
[2022-04-22 22:02:07] [INFO] reader get 2 
[2022-04-22 22:02:07] [INFO] start get result 
[2022-04-22 22:02:07] [INFO] end get result 4 
[2022-04-22 22:02:07] [INFO] start get result 
[2022-04-22 22:02:07] [INFO] end get result 1 
[2022-04-22 22:02:07] [INFO] reader get 1 
[2022-04-22 22:02:07] [INFO] start get result 
[2022-04-22 22:02:07] [INFO] start writer 
[2022-04-22 22:02:07] [INFO] end writer 
[2022-04-22 22:02:07] [INFO] writer send [11, 12, 13] 
[2022-04-22 22:02:07] [INFO] end writer 
[2022-04-22 22:02:07] [INFO] writer try send [7, 8, 9, 10] 
[2022-04-22 22:02:07] [INFO] writer try send [6] 
[2022-04-22 22:02:07] [INFO] writer send [6] 
[2022-04-22 22:02:07] [INFO] end writer 
[2022-04-22 22:02:07] [INFO] end get result 11 
[2022-04-22 22:02:07] [INFO] reader get 11 
[2022-04-22 22:02:07] [INFO] start get result 
[2022-04-22 22:02:07] [INFO] end get result 5 
[2022-04-22 22:02:07] [INFO] reader get 5 
[2022-04-22 22:02:07] [INFO] start get result 
[2022-04-22 22:02:07] [INFO] end get result 13 
[2022-04-22 22:02:07] [INFO] reader get 4 
[2022-04-22 22:02:07] [INFO] start get result 
[2022-04-22 22:02:07] [INFO] end get result 18 
[2022-04-22 22:02:07] [INFO] reader get 18 
[2022-04-22 22:02:07] [INFO] start get result 
[2022-04-22 22:02:07] [INFO] writer send [18, 19, 20] 
[2022-04-22 22:02:07] [INFO] end writer 
[2022-04-22 22:02:07] [INFO] start get result 
[2022-04-22 22:02:07] [INFO] end get result 3 
[2022-04-22 22:02:07] [INFO] start reader 
[2022-04-22 22:02:07] [INFO] reader get 3 
[2022-04-22 22:02:07] [INFO] start get result 
[2022-04-22 22:02:07] [INFO] start reader 
[2022-04-22 22:02:07] [INFO] end get result 19 
[2022-04-22 22:02:07] [INFO] reader get 19 
[2022-04-22 22:02:07] [INFO] start get result 
[2022-04-22 22:02:07] [INFO] start reader 
[2022-04-22 22:02:07] [INFO] reader get 13 
[2022-04-22 22:02:07] [INFO] start get result 
[2022-04-22 22:02:07] [INFO] end get result 7 
[2022-04-22 22:02:07] [INFO] reader get 7 
[2022-04-22 22:02:07] [INFO] writer send [7, 8, 9, 10] 
[2022-04-22 22:02:07] [INFO] end writer 
[2022-04-22 22:02:07] [INFO] start get result 
[2022-04-22 22:02:07] [INFO] end get result 12 
[2022-04-22 22:02:07] [INFO] start get result 
[2022-04-22 22:02:07] [INFO] end get result 14 
[2022-04-22 22:02:07] [INFO] reader get 14 
[2022-04-22 22:02:07] [INFO] start get result 
[2022-04-22 22:02:07] [INFO] end get result 15 
[2022-04-22 22:02:07] [INFO] start get result 
[2022-04-22 22:02:07] [INFO] end get result 10 
[2022-04-22 22:02:07] [INFO] reader get 10 
[2022-04-22 22:02:07] [INFO] start get result 
[2022-04-22 22:02:07] [INFO] end get result 16 
[2022-04-22 22:02:07] [INFO] reader get 16 
[2022-04-22 22:02:07] [INFO] start get result 
[2022-04-22 22:02:07] [INFO] end get result 9 
[2022-04-22 22:02:07] [INFO] start reader 
[2022-04-22 22:02:07] [INFO] start get result 
[2022-04-22 22:02:07] [INFO] end get result 8 
[2022-04-22 22:02:07] [INFO] reader get 8 
[2022-04-22 22:02:07] [INFO] writer send [14, 15, 16, 17] 
[2022-04-22 22:02:07] [INFO] end writer 
[2022-04-22 22:02:07] [INFO] start get result 
[2022-04-22 22:02:07] [INFO] end get result 6 
[2022-04-22 22:02:07] [INFO] reader get 6 
[2022-04-22 22:02:07] [INFO] start get result 
[2022-04-22 22:02:07] [INFO] end get result 20 
[2022-04-22 22:02:07] [INFO] reader get 20 
[2022-04-22 22:02:07] [INFO] start get result 
[2022-04-22 22:02:07] [INFO] start get result 
[2022-04-22 22:02:07] [INFO] start reader 
[2022-04-22 22:02:07] [INFO] reader get 9 
[2022-04-22 22:02:07] [INFO] start get result 
[2022-04-22 22:02:07] [INFO] start get result 
[2022-04-22 22:02:07] [INFO] end get result 17 
[2022-04-22 22:02:07] [INFO] reader get 17 
[2022-04-22 22:02:07] [INFO] reader get 15 
[2022-04-22 22:02:07] [INFO] start get result 
[2022-04-22 22:02:07] [INFO] reader get 12 
[2022-04-22 22:02:07] [INFO] start get result 
[2022-04-22 22:02:07] [INFO] start get result 
[2022-04-22 22:02:07] [INFO] start get result 
Exception in thread "Thread-63619" java.util.concurrent.TimeoutException
	at serie1.Ex4.BlockingMessageQueueFuture$MyFuture.get(BlockingMessageQueueFuture.kt:222)
	at serie1.ex4.FutureTest$blocking_message_multiple_send_receive$2$thread$1.invoke(BlockingMessageQueueWithFutureTest.kt:179)
	at serie1.ex4.FutureTest$blocking_message_multiple_send_receive$2$thread$1.invoke(BlockingMessageQueueWithFutureTest.kt:169)
	at kotlin.concurrent.ThreadsKt$thread$thread$1.run(Thread.kt:30)
Exception in thread "Thread-63620" java.util.concurrent.TimeoutException
	at serie1.Ex4.BlockingMessageQueueFuture$MyFuture.get(BlockingMessageQueueFuture.kt:222)
	at serie1.ex4.FutureTest$blocking_message_multiple_send_receive$2$thread$1.invoke(BlockingMessageQueueWithFutureTest.kt:179)
	at serie1.ex4.FutureTest$blocking_message_multiple_send_receive$2$thread$1.invoke(BlockingMessageQueueWithFutureTest.kt:169)
	at kotlin.concurrent.ThreadsKt$thread$thread$1.run(Thread.kt:30)
Exception in thread "Thread-63622" java.util.concurrent.TimeoutException
	at serie1.Ex4.BlockingMessageQueueFuture$MyFuture.get(BlockingMessageQueueFuture.kt:222)
	at serie1.ex4.FutureTest$blocking_message_multiple_send_receive$2$thread$1.invoke(BlockingMessageQueueWithFutureTest.kt:179)
	at serie1.ex4.FutureTest$blocking_message_multiple_send_receive$2$thread$1.invoke(BlockingMessageQueueWithFutureTest.kt:169)
	at kotlin.concurrent.ThreadsKt$thread$thread$1.run(Thread.kt:30)
Exception in thread "Thread-63627" java.util.concurrent.TimeoutException
	at serie1.Ex4.BlockingMessageQueueFuture$MyFuture.get(BlockingMessageQueueFuture.kt:222)
	at serie1.ex4.FutureTest$blocking_message_multiple_send_receive$2$thread$1.invoke(BlockingMessageQueueWithFutureTest.kt:179)
	at serie1.ex4.FutureTest$blocking_message_multiple_send_receive$2$thread$1.invoke(BlockingMessageQueueWithFutureTest.kt:169)
	at kotlin.concurrent.ThreadsKt$thread$thread$1.run(Thread.kt:30)
Exception in thread "Thread-63621" java.util.concurrent.TimeoutException
	at serie1.Ex4.BlockingMessageQueueFuture$MyFuture.get(BlockingMessageQueueFuture.kt:222)
	at serie1.ex4.FutureTest$blocking_message_multiple_send_receive$2$thread$1.invoke(BlockingMessageQueueWithFutureTest.kt:179)
	at serie1.ex4.FutureTest$blocking_message_multiple_send_receive$2$thread$1.invoke(BlockingMessageQueueWithFutureTest.kt:169)
	at kotlin.concurrent.ThreadsKt$thread$thread$1.run(Thread.kt:30)
Exception in thread "Thread-63623" java.util.concurrent.TimeoutException
	at serie1.Ex4.BlockingMessageQueueFuture$MyFuture.get(BlockingMessageQueueFuture.kt:222)
	at serie1.ex4.FutureTest$blocking_message_multiple_send_receive$2$thread$1.invoke(BlockingMessageQueueWithFutureTest.kt:179)
	at serie1.ex4.FutureTest$blocking_message_multiple_send_receive$2$thread$1.invoke(BlockingMessageQueueWithFutureTest.kt:169)
	at kotlin.concurrent.ThreadsKt$thread$thread$1.run(Thread.kt:30)
Exception in thread "Thread-63624" java.util.concurrent.TimeoutException
	at serie1.Ex4.BlockingMessageQueueFuture$MyFuture.get(BlockingMessageQueueFuture.kt:222)
	at serie1.ex4.FutureTest$blocking_message_multiple_send_receive$2$thread$1.invoke(BlockingMessageQueueWithFutureTest.kt:179)
	at serie1.ex4.FutureTest$blocking_message_multiple_send_receive$2$thread$1.invoke(BlockingMessageQueueWithFutureTest.kt:169)
	at kotlin.concurrent.ThreadsKt$thread$thread$1.run(Thread.kt:30)
Exception in thread "Thread-63625" java.util.concurrent.TimeoutException
	at serie1.Ex4.BlockingMessageQueueFuture$MyFuture.get(BlockingMessageQueueFuture.kt:222)
	at serie1.ex4.FutureTest$blocking_message_multiple_send_receive$2$thread$1.invoke(BlockingMessageQueueWithFutureTest.kt:179)
	at serie1.ex4.FutureTest$blocking_message_multiple_send_receive$2$thread$1.invoke(BlockingMessageQueueWithFutureTest.kt:169)
	at kotlin.concurrent.ThreadsKt$thread$thread$1.run(Thread.kt:30)
Exception in thread "Thread-63626" java.util.concurrent.TimeoutException
	at serie1.Ex4.BlockingMessageQueueFuture$MyFuture.get(BlockingMessageQueueFuture.kt:222)
	at serie1.ex4.FutureTest$blocking_message_multiple_send_receive$2$thread$1.invoke(BlockingMessageQueueWithFutureTest.kt:179)
	at serie1.ex4.FutureTest$blocking_message_multiple_send_receive$2$thread$1.invoke(BlockingMessageQueueWithFutureTest.kt:169)
	at kotlin.concurrent.ThreadsKt$thread$thread$1.run(Thread.kt:30)
[2022-04-22 22:02:09] [INFO] start writer 
[2022-04-22 22:02:09] [INFO] start reader 
[2022-04-22 22:02:09] [INFO] start writer 
[2022-04-22 22:02:09] [INFO] start reader 
[2022-04-22 22:02:09] [INFO] start writer 
[2022-04-22 22:02:09] [INFO] writer try send [4, 5] 
[2022-04-22 22:02:09] [INFO] writer try send [1, 2, 3] 
[2022-04-22 22:02:09] [INFO] start writer 
[2022-04-22 22:02:09] [INFO] writer try send [7, 8, 9, 10] 
[2022-04-22 22:02:09] [INFO] writer send [7, 8, 9, 10] 
[2022-04-22 22:02:09] [INFO] start get result 
[2022-04-22 22:02:09] [INFO] end get result 5 
[2022-04-22 22:02:09] [INFO] reader get 5 
[2022-04-22 22:02:09] [INFO] start get result 
[2022-04-22 22:02:09] [INFO] writer send [4, 5] 
[2022-04-22 22:02:09] [INFO] writer try send [14, 15, 16, 17] 
[2022-04-22 22:02:09] [INFO] start reader 
[2022-04-22 22:02:09] [INFO] writer try send [6] 
[2022-04-22 22:02:09] [INFO] writer send [6] 
[2022-04-22 22:02:09] [INFO] writer try send [18, 19, 20] 
[2022-04-22 22:02:09] [INFO] start writer 
[2022-04-22 22:02:09] [INFO] end writer 
[2022-04-22 22:02:09] [INFO] start reader 
[2022-04-22 22:02:09] [INFO] end get result 1 
[2022-04-22 22:02:09] [INFO] start get result 
[2022-04-22 22:02:09] [INFO] end get result 2 
[2022-04-22 22:02:09] [INFO] reader get 2 
[2022-04-22 22:02:09] [INFO] writer send [18, 19, 20] 
[2022-04-22 22:02:09] [INFO] start get result 
[2022-04-22 22:02:09] [INFO] end get result 3 
[2022-04-22 22:02:09] [INFO] start get result 
[2022-04-22 22:02:09] [INFO] end get result 7 
[2022-04-22 22:02:09] [INFO] reader get 7 
[2022-04-22 22:02:09] [INFO] start get result 
[2022-04-22 22:02:09] [INFO] end get result 8 
[2022-04-22 22:02:09] [INFO] reader get 8 
[2022-04-22 22:02:09] [INFO] start get result 
[2022-04-22 22:02:09] [INFO] writer send [14, 15, 16, 17] 
[2022-04-22 22:02:09] [INFO] end writer 
[2022-04-22 22:02:09] [INFO] writer try send [11, 12, 13] 
[2022-04-22 22:02:09] [INFO] start writer 
[2022-04-22 22:02:09] [INFO] end writer 
[2022-04-22 22:02:09] [INFO] start get result 
[2022-04-22 22:02:09] [INFO] end get result 4 
[2022-04-22 22:02:09] [INFO] writer send [1, 2, 3] 
[2022-04-22 22:02:09] [INFO] end writer 
[2022-04-22 22:02:09] [INFO] reader get 4 
[2022-04-22 22:02:09] [INFO] start get result 
[2022-04-22 22:02:09] [INFO] end get result 9 
[2022-04-22 22:02:09] [INFO] reader get 9 
[2022-04-22 22:02:09] [INFO] start get result 
[2022-04-22 22:02:09] [INFO] reader get 3 
[2022-04-22 22:02:09] [INFO] start get result 
[2022-04-22 22:02:09] [INFO] end get result 18 
[2022-04-22 22:02:09] [INFO] reader get 18 
[2022-04-22 22:02:09] [INFO] start get result 
[2022-04-22 22:02:09] [INFO] end writer 
[2022-04-22 22:02:09] [INFO] start reader 
[2022-04-22 22:02:09] [INFO] reader get 1 
[2022-04-22 22:02:09] [INFO] start get result 
[2022-04-22 22:02:09] [INFO] end get result 20 
[2022-04-22 22:02:09] [INFO] end get result 19 
[2022-04-22 22:02:09] [INFO] reader get 19 
[2022-04-22 22:02:09] [INFO] start get result 
[2022-04-22 22:02:09] [INFO] writer send [11, 12, 13] 
[2022-04-22 22:02:09] [INFO] end writer 
[2022-04-22 22:02:09] [INFO] end get result 6 
[2022-04-22 22:02:09] [INFO] start get result 
[2022-04-22 22:02:09] [INFO] end get result 15 
[2022-04-22 22:02:09] [INFO] reader get 15 
[2022-04-22 22:02:09] [INFO] start get result 
[2022-04-22 22:02:09] [INFO] end get result 16 
[2022-04-22 22:02:09] [INFO] reader get 16 
[2022-04-22 22:02:09] [INFO] start get result 
[2022-04-22 22:02:09] [INFO] end get result 17 
[2022-04-22 22:02:09] [INFO] reader get 17 
[2022-04-22 22:02:09] [INFO] start get result 
[2022-04-22 22:02:09] [INFO] end get result 10 
[2022-04-22 22:02:09] [INFO] reader get 10 
[2022-04-22 22:02:09] [INFO] start get result 
[2022-04-22 22:02:09] [INFO] end get result 12 
[2022-04-22 22:02:09] [INFO] reader get 12 
[2022-04-22 22:02:09] [INFO] start get result 
[2022-04-22 22:02:09] [INFO] end get result 11 
[2022-04-22 22:02:09] [INFO] reader get 11 
[2022-04-22 22:02:09] [INFO] start get result 
[2022-04-22 22:02:09] [INFO] reader get 6 
[2022-04-22 22:02:09] [INFO] start get result 
[2022-04-22 22:02:09] [INFO] end get result 14 
[2022-04-22 22:02:09] [INFO] reader get 14 
[2022-04-22 22:02:09] [INFO] start get result 
[2022-04-22 22:02:09] [INFO] start reader 
[2022-04-22 22:02:09] [INFO] reader get 20 
[2022-04-22 22:02:09] [INFO] start reader 
[2022-04-22 22:02:09] [INFO] start get result 
[2022-04-22 22:02:09] [INFO] end get result 13 
[2022-04-22 22:02:09] [INFO] start reader 
[2022-04-22 22:02:09] [INFO] reader get 13 
[2022-04-22 22:02:09] [INFO] start get result 
[2022-04-22 22:02:09] [INFO] start reader 
[2022-04-22 22:02:09] [INFO] start get result 
[2022-04-22 22:02:09] [INFO] start get result 
[2022-04-22 22:02:09] [INFO] start get result 
[2022-04-22 22:02:09] [INFO] start get result 
Exception in thread "Thread-63640" java.util.concurrent.TimeoutException
	at serie1.Ex4.BlockingMessageQueueFuture$MyFuture.get(BlockingMessageQueueFuture.kt:222)
	at serie1.ex4.FutureTest$blocking_message_multiple_send_receive$2$thread$1.invoke(BlockingMessageQueueWithFutureTest.kt:179)
	at serie1.ex4.FutureTest$blocking_message_multiple_send_receive$2$thread$1.invoke(BlockingMessageQueueWithFutureTest.kt:169)
	at kotlin.concurrent.ThreadsKt$thread$thread$1.run(Thread.kt:30)
Exception in thread "Thread-63637" java.util.concurrent.TimeoutException
	at serie1.Ex4.BlockingMessageQueueFuture$MyFuture.get(BlockingMessageQueueFuture.kt:222)
	at serie1.ex4.FutureTest$blocking_message_multiple_send_receive$2$thread$1.invoke(BlockingMessageQueueWithFutureTest.kt:179)
	at serie1.ex4.FutureTest$blocking_message_multiple_send_receive$2$thread$1.invoke(BlockingMessageQueueWithFutureTest.kt:169)
	at kotlin.concurrent.ThreadsKt$thread$thread$1.run(Thread.kt:30)
Exception in thread "Thread-63643" java.util.concurrent.TimeoutException
	at serie1.Ex4.BlockingMessageQueueFuture$MyFuture.get(BlockingMessageQueueFuture.kt:222)
	at serie1.ex4.FutureTest$blocking_message_multiple_send_receive$2$thread$1.invoke(BlockingMessageQueueWithFutureTest.kt:179)
	at serie1.ex4.FutureTest$blocking_message_multiple_send_receive$2$thread$1.invoke(BlockingMessageQueueWithFutureTest.kt:169)
	at kotlin.concurrent.ThreadsKt$thread$thread$1.run(Thread.kt:30)
Exception in thread "Thread-63641" java.util.concurrent.TimeoutException
	at serie1.Ex4.BlockingMessageQueueFuture$MyFuture.get(BlockingMessageQueueFuture.kt:222)
	at serie1.ex4.FutureTest$blocking_message_multiple_send_receive$2$thread$1.invoke(BlockingMessageQueueWithFutureTest.kt:179)
	at serie1.ex4.FutureTest$blocking_message_multiple_send_receive$2$thread$1.invoke(BlockingMessageQueueWithFutureTest.kt:169)
	at kotlin.concurrent.ThreadsKt$thread$thread$1.run(Thread.kt:30)
Exception in thread "Thread-63638" java.util.concurrent.TimeoutException
	at serie1.Ex4.BlockingMessageQueueFuture$MyFuture.get(BlockingMessageQueueFuture.kt:222)
	at serie1.ex4.FutureTest$blocking_message_multiple_send_receive$2$thread$1.invoke(BlockingMessageQueueWithFutureTest.kt:179)
	at serie1.ex4.FutureTest$blocking_message_multiple_send_receive$2$thread$1.invoke(BlockingMessageQueueWithFutureTest.kt:169)
	at kotlin.concurrent.ThreadsKt$thread$thread$1.run(Thread.kt:30)
Exception in thread "Thread-63639" java.util.concurrent.TimeoutException
	at serie1.Ex4.BlockingMessageQueueFuture$MyFuture.get(BlockingMessageQueueFuture.kt:222)
	at serie1.ex4.FutureTest$blocking_message_multiple_send_receive$2$thread$1.invoke(BlockingMessageQueueWithFutureTest.kt:179)
	at serie1.ex4.FutureTest$blocking_message_multiple_send_receive$2$thread$1.invoke(BlockingMessageQueueWithFutureTest.kt:169)
	at kotlin.concurrent.ThreadsKt$thread$thread$1.run(Thread.kt:30)
Exception in thread "Thread-63642" java.util.concurrent.TimeoutException
	at serie1.Ex4.BlockingMessageQueueFuture$MyFuture.get(BlockingMessageQueueFuture.kt:222)
	at serie1.ex4.FutureTest$blocking_message_multiple_send_receive$2$thread$1.invoke(BlockingMessageQueueWithFutureTest.kt:179)
	at serie1.ex4.FutureTest$blocking_message_multiple_send_receive$2$thread$1.invoke(BlockingMessageQueueWithFutureTest.kt:169)
	at kotlin.concurrent.ThreadsKt$thread$thread$1.run(Thread.kt:30)
Exception in thread "Thread-63636" java.util.concurrent.TimeoutException
	at serie1.Ex4.BlockingMessageQueueFuture$MyFuture.get(BlockingMessageQueueFuture.kt:222)
	at serie1.ex4.FutureTest$blocking_message_multiple_send_receive$2$thread$1.invoke(BlockingMessageQueueWithFutureTest.kt:179)
	at serie1.ex4.FutureTest$blocking_message_multiple_send_receive$2$thread$1.invoke(BlockingMessageQueueWithFutureTest.kt:169)
	at kotlin.concurrent.ThreadsKt$thread$thread$1.run(Thread.kt:30)
Exception in thread "Thread-63635" java.util.concurrent.TimeoutException
	at serie1.Ex4.BlockingMessageQueueFuture$MyFuture.get(BlockingMessageQueueFuture.kt:222)
	at serie1.ex4.FutureTest$blocking_message_multiple_send_receive$2$thread$1.invoke(BlockingMessageQueueWithFutureTest.kt:179)
	at serie1.ex4.FutureTest$blocking_message_multiple_send_receive$2$thread$1.invoke(BlockingMessageQueueWithFutureTest.kt:169)
	at kotlin.concurrent.ThreadsKt$thread$thread$1.run(Thread.kt:30)
[2022-04-22 22:02:11] [INFO] start writer 
[2022-04-22 22:02:11] [INFO] writer try send [1, 2, 3] 
[2022-04-22 22:02:11] [INFO] start reader 
[2022-04-22 22:02:11] [INFO] start writer 
[2022-04-22 22:02:11] [INFO] writer try send [4, 5] 
[2022-04-22 22:02:11] [INFO] start writer 
[2022-04-22 22:02:11] [INFO] writer try send [6] 
[2022-04-22 22:02:11] [INFO] writer send [6] 
[2022-04-22 22:02:11] [INFO] start get result 
[2022-04-22 22:02:11] [INFO] end get result 1 
[2022-04-22 22:02:11] [INFO] reader get 1 
[2022-04-22 22:02:11] [INFO] start writer 
[2022-04-22 22:02:11] [INFO] writer try send [11, 12, 13] 
[2022-04-22 22:02:11] [INFO] start writer 
[2022-04-22 22:02:11] [INFO] writer try send [14, 15, 16, 17] 
[2022-04-22 22:02:11] [INFO] writer send [11, 12, 13] 
[2022-04-22 22:02:11] [INFO] writer try send [18, 19, 20] 
[2022-04-22 22:02:11] [INFO] writer send [18, 19, 20] 
[2022-04-22 22:02:11] [INFO] start get result 
[2022-04-22 22:02:11] [INFO] end get result 2 
[2022-04-22 22:02:11] [INFO] reader get 2 
[2022-04-22 22:02:11] [INFO] start get result 
[2022-04-22 22:02:11] [INFO] end get result 3 
[2022-04-22 22:02:11] [INFO] reader get 3 
[2022-04-22 22:02:11] [INFO] writer try send [7, 8, 9, 10] 
[2022-04-22 22:02:11] [INFO] start reader 
[2022-04-22 22:02:11] [INFO] writer send [4, 5] 
[2022-04-22 22:02:11] [INFO] end writer 
[2022-04-22 22:02:11] [INFO] start reader 
[2022-04-22 22:02:11] [INFO] start writer 
[2022-04-22 22:02:11] [INFO] start reader 
[2022-04-22 22:02:11] [INFO] writer send [1, 2, 3] 
[2022-04-22 22:02:11] [INFO] end writer 
[2022-04-22 22:02:11] [INFO] start get result 
[2022-04-22 22:02:11] [INFO] writer send [7, 8, 9, 10] 
[2022-04-22 22:02:11] [INFO] end writer 
[2022-04-22 22:02:11] [INFO] end writer 
[2022-04-22 22:02:11] [INFO] start get result 
[2022-04-22 22:02:11] [INFO] end get result 11 
[2022-04-22 22:02:11] [INFO] reader get 11 
[2022-04-22 22:02:11] [INFO] start get result 
[2022-04-22 22:02:11] [INFO] start get result 
[2022-04-22 22:02:11] [INFO] end get result 12 
[2022-04-22 22:02:11] [INFO] reader get 12 
[2022-04-22 22:02:11] [INFO] start get result 
[2022-04-22 22:02:11] [INFO] end get result 13 
[2022-04-22 22:02:11] [INFO] end writer 
[2022-04-22 22:02:11] [INFO] reader get 13 
[2022-04-22 22:02:11] [INFO] start get result 
[2022-04-22 22:02:11] [INFO] end get result 4 
[2022-04-22 22:02:11] [INFO] writer send [14, 15, 16, 17] 
[2022-04-22 22:02:11] [INFO] end writer 
[2022-04-22 22:02:11] [INFO] end get result 5 
[2022-04-22 22:02:11] [INFO] reader get 5 
[2022-04-22 22:02:11] [INFO] start get result 
[2022-04-22 22:02:11] [INFO] end get result 19 
[2022-04-22 22:02:11] [INFO] reader get 19 
[2022-04-22 22:02:11] [INFO] start get result 
[2022-04-22 22:02:11] [INFO] end get result 20 
[2022-04-22 22:02:11] [INFO] reader get 20 
[2022-04-22 22:02:11] [INFO] start get result 
[2022-04-22 22:02:11] [INFO] start get result 
[2022-04-22 22:02:11] [INFO] end get result 6 
[2022-04-22 22:02:11] [INFO] reader get 6 
[2022-04-22 22:02:11] [INFO] start reader 
[2022-04-22 22:02:11] [INFO] start get result 
[2022-04-22 22:02:11] [INFO] end get result 8 
[2022-04-22 22:02:11] [INFO] reader get 8 
[2022-04-22 22:02:11] [INFO] start get result 
[2022-04-22 22:02:11] [INFO] start reader 
[2022-04-22 22:02:11] [INFO] end get result 7 
[2022-04-22 22:02:11] [INFO] reader get 7 
[2022-04-22 22:02:11] [INFO] start get result 
[2022-04-22 22:02:11] [INFO] reader get 4 
[2022-04-22 22:02:11] [INFO] start get result 
[2022-04-22 22:02:11] [INFO] start get result 
[2022-04-22 22:02:11] [INFO] end get result 15 
[2022-04-22 22:02:11] [INFO] end get result 18 
[2022-04-22 22:02:11] [INFO] reader get 18 
[2022-04-22 22:02:11] [INFO] start get result 
[2022-04-22 22:02:11] [INFO] end get result 17 
[2022-04-22 22:02:11] [INFO] reader get 17 
[2022-04-22 22:02:11] [INFO] reader get 15 
[2022-04-22 22:02:11] [INFO] start get result 
[2022-04-22 22:02:11] [INFO] start get result 
[2022-04-22 22:02:11] [INFO] end get result 16 
[2022-04-22 22:02:11] [INFO] end get result 14 
[2022-04-22 22:02:11] [INFO] reader get 14 
[2022-04-22 22:02:11] [INFO] start get result 
[2022-04-22 22:02:11] [INFO] start reader 
[2022-04-22 22:02:11] [INFO] end get result 10 
[2022-04-22 22:02:11] [INFO] reader get 10 
[2022-04-22 22:02:11] [INFO] start get result 
[2022-04-22 22:02:11] [INFO] end get result 9 
[2022-04-22 22:02:11] [INFO] reader get 9 
[2022-04-22 22:02:11] [INFO] start get result 
[2022-04-22 22:02:11] [INFO] start reader 
[2022-04-22 22:02:11] [INFO] start get result 
[2022-04-22 22:02:11] [INFO] reader get 16 
[2022-04-22 22:02:11] [INFO] start reader 
[2022-04-22 22:02:11] [INFO] start get result 
[2022-04-22 22:02:11] [INFO] start get result 
[2022-04-22 22:02:11] [INFO] start get result 
[2022-04-22 22:02:11] [INFO] start get result 
Exception in thread "Thread-63655" java.util.concurrent.TimeoutException
	at serie1.Ex4.BlockingMessageQueueFuture$MyFuture.get(BlockingMessageQueueFuture.kt:222)
	at serie1.ex4.FutureTest$blocking_message_multiple_send_receive$2$thread$1.invoke(BlockingMessageQueueWithFutureTest.kt:179)
	at serie1.ex4.FutureTest$blocking_message_multiple_send_receive$2$thread$1.invoke(BlockingMessageQueueWithFutureTest.kt:169)
	at kotlin.concurrent.ThreadsKt$thread$thread$1.run(Thread.kt:30)
Exception in thread "Thread-63653" java.util.concurrent.TimeoutException
	at serie1.Ex4.BlockingMessageQueueFuture$MyFuture.get(BlockingMessageQueueFuture.kt:222)
	at serie1.ex4.FutureTest$blocking_message_multiple_send_receive$2$thread$1.invoke(BlockingMessageQueueWithFutureTest.kt:179)
	at serie1.ex4.FutureTest$blocking_message_multiple_send_receive$2$thread$1.invoke(BlockingMessageQueueWithFutureTest.kt:169)
	at kotlin.concurrent.ThreadsKt$thread$thread$1.run(Thread.kt:30)
Exception in thread "Thread-63652" java.util.concurrent.TimeoutException
	at serie1.Ex4.BlockingMessageQueueFuture$MyFuture.get(BlockingMessageQueueFuture.kt:222)
	at serie1.ex4.FutureTest$blocking_message_multiple_send_receive$2$thread$1.invoke(BlockingMessageQueueWithFutureTest.kt:179)
	at serie1.ex4.FutureTest$blocking_message_multiple_send_receive$2$thread$1.invoke(BlockingMessageQueueWithFutureTest.kt:169)
	at kotlin.concurrent.ThreadsKt$thread$thread$1.run(Thread.kt:30)
Exception in thread "Thread-63659" java.util.concurrent.TimeoutException
	at serie1.Ex4.BlockingMessageQueueFuture$MyFuture.get(BlockingMessageQueueFuture.kt:222)
	at serie1.ex4.FutureTest$blocking_message_multiple_send_receive$2$thread$1.invoke(BlockingMessageQueueWithFutureTest.kt:179)
	at serie1.ex4.FutureTest$blocking_message_multiple_send_receive$2$thread$1.invoke(BlockingMessageQueueWithFutureTest.kt:169)
	at kotlin.concurrent.ThreadsKt$thread$thread$1.run(Thread.kt:30)
Exception in thread "Thread-63654" java.util.concurrent.TimeoutException
	at serie1.Ex4.BlockingMessageQueueFuture$MyFuture.get(BlockingMessageQueueFuture.kt:222)
	at serie1.ex4.FutureTest$blocking_message_multiple_send_receive$2$thread$1.invoke(BlockingMessageQueueWithFutureTest.kt:179)
	at serie1.ex4.FutureTest$blocking_message_multiple_send_receive$2$thread$1.invoke(BlockingMessageQueueWithFutureTest.kt:169)
	at kotlin.concurrent.ThreadsKt$thread$thread$1.run(Thread.kt:30)
Exception in thread "Thread-63658" java.util.concurrent.TimeoutException
	at serie1.Ex4.BlockingMessageQueueFuture$MyFuture.get(BlockingMessageQueueFuture.kt:222)
	at serie1.ex4.FutureTest$blocking_message_multiple_send_receive$2$thread$1.invoke(BlockingMessageQueueWithFutureTest.kt:179)
	at serie1.ex4.FutureTest$blocking_message_multiple_send_receive$2$thread$1.invoke(BlockingMessageQueueWithFutureTest.kt:169)
	at kotlin.concurrent.ThreadsKt$thread$thread$1.run(Thread.kt:30)
Exception in thread "Thread-63651" java.util.concurrent.TimeoutException
	at serie1.Ex4.BlockingMessageQueueFuture$MyFuture.get(BlockingMessageQueueFuture.kt:222)
	at serie1.ex4.FutureTest$blocking_message_multiple_send_receive$2$thread$1.invoke(BlockingMessageQueueWithFutureTest.kt:179)
	at serie1.ex4.FutureTest$blocking_message_multiple_send_receive$2$thread$1.invoke(BlockingMessageQueueWithFutureTest.kt:169)
	at kotlin.concurrent.ThreadsKt$thread$thread$1.run(Thread.kt:30)
Exception in thread "Thread-63656" java.util.concurrent.TimeoutException
	at serie1.Ex4.BlockingMessageQueueFuture$MyFuture.get(BlockingMessageQueueFuture.kt:222)
	at serie1.ex4.FutureTest$blocking_message_multiple_send_receive$2$thread$1.invoke(BlockingMessageQueueWithFutureTest.kt:179)
	at serie1.ex4.FutureTest$blocking_message_multiple_send_receive$2$thread$1.invoke(BlockingMessageQueueWithFutureTest.kt:169)
	at kotlin.concurrent.ThreadsKt$thread$thread$1.run(Thread.kt:30)
Exception in thread "Thread-63657" java.util.concurrent.TimeoutException
	at serie1.Ex4.BlockingMessageQueueFuture$MyFuture.get(BlockingMessageQueueFuture.kt:222)
	at serie1.ex4.FutureTest$blocking_message_multiple_send_receive$2$thread$1.invoke(BlockingMessageQueueWithFutureTest.kt:179)
	at serie1.ex4.FutureTest$blocking_message_multiple_send_receive$2$thread$1.invoke(BlockingMessageQueueWithFutureTest.kt:169)
	at kotlin.concurrent.ThreadsKt$thread$thread$1.run(Thread.kt:30)
[2022-04-22 22:02:13] [INFO] start writer 
[2022-04-22 22:02:13] [INFO] start writer 
[2022-04-22 22:02:13] [INFO] start writer 
[2022-04-22 22:02:13] [INFO] start writer 
[2022-04-22 22:02:13] [INFO] start writer 
[2022-04-22 22:02:13] [INFO] writer try send [11, 12, 13] 
[2022-04-22 22:02:13] [INFO] start writer 
[2022-04-22 22:02:13] [INFO] writer try send [14, 15, 16, 17] 
[2022-04-22 22:02:13] [INFO] writer try send [4, 5] 
[2022-04-22 22:02:13] [INFO] writer send [4, 5] 
[2022-04-22 22:02:13] [INFO] writer try send [18, 19, 20] 
[2022-04-22 22:02:13] [INFO] start reader 
[2022-04-22 22:02:13] [INFO] writer try send [1, 2, 3] 
[2022-04-22 22:02:13] [INFO] start writer 
[2022-04-22 22:02:13] [INFO] start reader 
[2022-04-22 22:02:13] [INFO] end writer 
[2022-04-22 22:02:13] [INFO] start reader 
[2022-04-22 22:02:13] [INFO] writer send [11, 12, 13] 
[2022-04-22 22:02:13] [INFO] end writer 
[2022-04-22 22:02:13] [INFO] writer try send [7, 8, 9, 10] 
[2022-04-22 22:02:13] [INFO] start reader 
[2022-04-22 22:02:13] [INFO] start get result 
[2022-04-22 22:02:13] [INFO] end get result 12 
[2022-04-22 22:02:13] [INFO] start reader 
[2022-04-22 22:02:13] [INFO] start get result 
[2022-04-22 22:02:13] [INFO] end get result 13 
[2022-04-22 22:02:13] [INFO] start reader 
[2022-04-22 22:02:13] [INFO] start get result 
[2022-04-22 22:02:13] [INFO] end get result 4 
[2022-04-22 22:02:13] [INFO] start reader 
[2022-04-22 22:02:13] [INFO] start get result 
[2022-04-22 22:02:13] [INFO] end get result 5 
[2022-04-22 22:02:13] [INFO] start reader 
[2022-04-22 22:02:13] [INFO] reader get 5 
[2022-04-22 22:02:13] [INFO] start get result 
[2022-04-22 22:02:13] [INFO] start reader 
[2022-04-22 22:02:13] [INFO] start get result 
[2022-04-22 22:02:13] [INFO] end get result 3 
[2022-04-22 22:02:13] [INFO] reader get 3 
[2022-04-22 22:02:13] [INFO] start get result 
[2022-04-22 22:02:13] [INFO] end get result 18 
[2022-04-22 22:02:13] [INFO] writer try send [6] 
[2022-04-22 22:02:13] [INFO] writer send [6] 
[2022-04-22 22:02:13] [INFO] end writer 
[2022-04-22 22:02:13] [INFO] start get result 
[2022-04-22 22:02:13] [INFO] writer send [14, 15, 16, 17] 
[2022-04-22 22:02:13] [INFO] end writer 
[2022-04-22 22:02:13] [INFO] reader get 18 
[2022-04-22 22:02:13] [INFO] start get result 
[2022-04-22 22:02:13] [INFO] end get result 6 
[2022-04-22 22:02:13] [INFO] reader get 6 
[2022-04-22 22:02:13] [INFO] start get result 
[2022-04-22 22:02:13] [INFO] end get result 14 
[2022-04-22 22:02:13] [INFO] reader get 14 
[2022-04-22 22:02:13] [INFO] start get result 
[2022-04-22 22:02:13] [INFO] end get result 2 
[2022-04-22 22:02:13] [INFO] reader get 2 
[2022-04-22 22:02:13] [INFO] start get result 
[2022-04-22 22:02:13] [INFO] end get result 16 
[2022-04-22 22:02:13] [INFO] reader get 16 
[2022-04-22 22:02:13] [INFO] start get result 
[2022-04-22 22:02:13] [INFO] end get result 17 
[2022-04-22 22:02:13] [INFO] reader get 17 
[2022-04-22 22:02:13] [INFO] start get result 
[2022-04-22 22:02:13] [INFO] end get result 7 
[2022-04-22 22:02:13] [INFO] reader get 7 
[2022-04-22 22:02:13] [INFO] writer send [18, 19, 20] 
[2022-04-22 22:02:13] [INFO] end writer 
[2022-04-22 22:02:13] [INFO] start get result 
[2022-04-22 22:02:13] [INFO] end get result 1 
[2022-04-22 22:02:13] [INFO] reader get 4 
[2022-04-22 22:02:13] [INFO] start get result 
[2022-04-22 22:02:13] [INFO] end get result 9 
[2022-04-22 22:02:13] [INFO] reader get 9 
[2022-04-22 22:02:13] [INFO] start get result 
[2022-04-22 22:02:13] [INFO] end get result 10 
[2022-04-22 22:02:13] [INFO] reader get 10 
[2022-04-22 22:02:13] [INFO] start get result 
[2022-04-22 22:02:13] [INFO] reader get 13 
[2022-04-22 22:02:13] [INFO] start get result 
[2022-04-22 22:02:13] [INFO] writer send [1, 2, 3] 
[2022-04-22 22:02:13] [INFO] end writer 
[2022-04-22 22:02:13] [INFO] reader get 12 
[2022-04-22 22:02:13] [INFO] start get result 
[2022-04-22 22:02:13] [INFO] start get result 
[2022-04-22 22:02:13] [INFO] end get result 11 
[2022-04-22 22:02:13] [INFO] reader get 1 
[2022-04-22 22:02:13] [INFO] start get result 
[2022-04-22 22:02:13] [INFO] start get result 
[2022-04-22 22:02:13] [INFO] end get result 8 
[2022-04-22 22:02:13] [INFO] reader get 8 
[2022-04-22 22:02:13] [INFO] start get result 
[2022-04-22 22:02:13] [INFO] writer send [7, 8, 9, 10] 
[2022-04-22 22:02:13] [INFO] end writer 
[2022-04-22 22:02:13] [INFO] end get result 15 
[2022-04-22 22:02:13] [INFO] reader get 15 
[2022-04-22 22:02:13] [INFO] start get result 
[2022-04-22 22:02:13] [INFO] end get result 19 
[2022-04-22 22:02:13] [INFO] reader get 19 
[2022-04-22 22:02:13] [INFO] start get result 
[2022-04-22 22:02:13] [INFO] start get result 
[2022-04-22 22:02:13] [INFO] end get result 20 
[2022-04-22 22:02:13] [INFO] reader get 20 
[2022-04-22 22:02:13] [INFO] start get result 
[2022-04-22 22:02:13] [INFO] reader get 11 
[2022-04-22 22:02:13] [INFO] start get result 
Exception in thread "Thread-63676" java.util.concurrent.TimeoutException
	at serie1.Ex4.BlockingMessageQueueFuture$MyFuture.get(BlockingMessageQueueFuture.kt:222)
	at serie1.ex4.FutureTest$blocking_message_multiple_send_receive$2$thread$1.invoke(BlockingMessageQueueWithFutureTest.kt:179)
	at serie1.ex4.FutureTest$blocking_message_multiple_send_receive$2$thread$1.invoke(BlockingMessageQueueWithFutureTest.kt:169)
	at kotlin.concurrent.ThreadsKt$thread$thread$1.run(Thread.kt:30)
Exception in thread "Thread-63669" java.util.concurrent.TimeoutException
	at serie1.Ex4.BlockingMessageQueueFuture$MyFuture.get(BlockingMessageQueueFuture.kt:222)
	at serie1.ex4.FutureTest$blocking_message_multiple_send_receive$2$thread$1.invoke(BlockingMessageQueueWithFutureTest.kt:179)
	at serie1.ex4.FutureTest$blocking_message_multiple_send_receive$2$thread$1.invoke(BlockingMessageQueueWithFutureTest.kt:169)
	at kotlin.concurrent.ThreadsKt$thread$thread$1.run(Thread.kt:30)
Exception in thread "Thread-63671" java.util.concurrent.TimeoutException
	at serie1.Ex4.BlockingMessageQueueFuture$MyFuture.get(BlockingMessageQueueFuture.kt:222)
	at serie1.ex4.FutureTest$blocking_message_multiple_send_receive$2$thread$1.invoke(BlockingMessageQueueWithFutureTest.kt:179)
	at serie1.ex4.FutureTest$blocking_message_multiple_send_receive$2$thread$1.invoke(BlockingMessageQueueWithFutureTest.kt:169)
	at kotlin.concurrent.ThreadsKt$thread$thread$1.run(Thread.kt:30)
Exception in thread "Thread-63675" java.util.concurrent.TimeoutException
	at serie1.Ex4.BlockingMessageQueueFuture$MyFuture.get(BlockingMessageQueueFuture.kt:222)
	at serie1.ex4.FutureTest$blocking_message_multiple_send_receive$2$thread$1.invoke(BlockingMessageQueueWithFutureTest.kt:179)
	at serie1.ex4.FutureTest$blocking_message_multiple_send_receive$2$thread$1.invoke(BlockingMessageQueueWithFutureTest.kt:169)
	at kotlin.concurrent.ThreadsKt$thread$thread$1.run(Thread.kt:30)
Exception in thread "Thread-63673" java.util.concurrent.TimeoutException
	at serie1.Ex4.BlockingMessageQueueFuture$MyFuture.get(BlockingMessageQueueFuture.kt:222)
	at serie1.ex4.FutureTest$blocking_message_multiple_send_receive$2$thread$1.invoke(BlockingMessageQueueWithFutureTest.kt:179)
	at serie1.ex4.FutureTest$blocking_message_multiple_send_receive$2$thread$1.invoke(BlockingMessageQueueWithFutureTest.kt:169)
	at kotlin.concurrent.ThreadsKt$thread$thread$1.run(Thread.kt:30)
Exception in thread "Thread-63672" java.util.concurrent.TimeoutException
	at serie1.Ex4.BlockingMessageQueueFuture$MyFuture.get(BlockingMessageQueueFuture.kt:222)
	at serie1.ex4.FutureTest$blocking_message_multiple_send_receive$2$thread$1.invoke(BlockingMessageQueueWithFutureTest.kt:179)
	at serie1.ex4.FutureTest$blocking_message_multiple_send_receive$2$thread$1.invoke(BlockingMessageQueueWithFutureTest.kt:169)
	at kotlin.concurrent.ThreadsKt$thread$thread$1.run(Thread.kt:30)
Exception in thread "Thread-63670" java.util.concurrent.TimeoutException
	at serie1.Ex4.BlockingMessageQueueFuture$MyFuture.get(BlockingMessageQueueFuture.kt:222)
	at serie1.ex4.FutureTest$blocking_message_multiple_send_receive$2$thread$1.invoke(BlockingMessageQueueWithFutureTest.kt:179)
	at serie1.ex4.FutureTest$blocking_message_multiple_send_receive$2$thread$1.invoke(BlockingMessageQueueWithFutureTest.kt:169)
	at kotlin.concurrent.ThreadsKt$thread$thread$1.run(Thread.kt:30)
Exception in thread "Thread-63674" java.util.concurrent.TimeoutException
	at serie1.Ex4.BlockingMessageQueueFuture$MyFuture.get(BlockingMessageQueueFuture.kt:222)
	at serie1.ex4.FutureTest$blocking_message_multiple_send_receive$2$thread$1.invoke(BlockingMessageQueueWithFutureTest.kt:179)
	at serie1.ex4.FutureTest$blocking_message_multiple_send_receive$2$thread$1.invoke(BlockingMessageQueueWithFutureTest.kt:169)
	at kotlin.concurrent.ThreadsKt$thread$thread$1.run(Thread.kt:30)
Exception in thread "Thread-63668" java.util.concurrent.TimeoutException
	at serie1.Ex4.BlockingMessageQueueFuture$MyFuture.get(BlockingMessageQueueFuture.kt:222)
	at serie1.ex4.FutureTest$blocking_message_multiple_send_receive$2$thread$1.invoke(BlockingMessageQueueWithFutureTest.kt:179)
	at serie1.ex4.FutureTest$blocking_message_multiple_send_receive$2$thread$1.invoke(BlockingMessageQueueWithFutureTest.kt:169)
	at kotlin.concurrent.ThreadsKt$thread$thread$1.run(Thread.kt:30)
[2022-04-22 22:02:15] [INFO] start writer 
[2022-04-22 22:02:15] [INFO] start writer 
[2022-04-22 22:02:15] [INFO] writer try send [4, 5] 
[2022-04-22 22:02:15] [INFO] start writer 
[2022-04-22 22:02:15] [INFO] writer try send [6] 
[2022-04-22 22:02:15] [INFO] start writer 
[2022-04-22 22:02:15] [INFO] writer try send [7, 8, 9, 10] 
[2022-04-22 22:02:15] [INFO] start writer 
[2022-04-22 22:02:15] [INFO] writer try send [11, 12, 13] 
[2022-04-22 22:02:15] [INFO] start writer 
[2022-04-22 22:02:15] [INFO] writer try send [14, 15, 16, 17] 
[2022-04-22 22:02:15] [INFO] writer send [11, 12, 13] 
[2022-04-22 22:02:15] [INFO] writer try send [18, 19, 20] 
[2022-04-22 22:02:15] [INFO] writer send [6] 
[2022-04-22 22:02:15] [INFO] end writer 
[2022-04-22 22:02:15] [INFO] start writer 
[2022-04-22 22:02:15] [INFO] end writer 
[2022-04-22 22:02:15] [INFO] writer send [4, 5] 
[2022-04-22 22:02:15] [INFO] end writer 
[2022-04-22 22:02:15] [INFO] writer try send [1, 2, 3] 
[2022-04-22 22:02:15] [INFO] start reader 
[2022-04-22 22:02:15] [INFO] start reader 
[2022-04-22 22:02:15] [INFO] start reader 
[2022-04-22 22:02:15] [INFO] start get result 
[2022-04-22 22:02:15] [INFO] start reader 
[2022-04-22 22:02:15] [INFO] start get result 
[2022-04-22 22:02:15] [INFO] end get result 5 
[2022-04-22 22:02:15] [INFO] start reader 
[2022-04-22 22:02:15] [INFO] end get result 4 
[2022-04-22 22:02:15] [INFO] reader get 4 
[2022-04-22 22:02:15] [INFO] start get result 
[2022-04-22 22:02:15] [INFO] end get result 11 
[2022-04-22 22:02:15] [INFO] reader get 11 
[2022-04-22 22:02:15] [INFO] start get result 
[2022-04-22 22:02:15] [INFO] end get result 13 
[2022-04-22 22:02:15] [INFO] reader get 13 
[2022-04-22 22:02:15] [INFO] start get result 
[2022-04-22 22:02:15] [INFO] end get result 18 
[2022-04-22 22:02:15] [INFO] reader get 18 
[2022-04-22 22:02:15] [INFO] writer send [18, 19, 20] 
[2022-04-22 22:02:15] [INFO] end writer 
[2022-04-22 22:02:15] [INFO] reader get 5 
[2022-04-22 22:02:15] [INFO] start get result 
[2022-04-22 22:02:15] [INFO] writer send [7, 8, 9, 10] 
[2022-04-22 22:02:15] [INFO] end writer 
[2022-04-22 22:02:15] [INFO] start get result 
[2022-04-22 22:02:15] [INFO] end get result 6 
[2022-04-22 22:02:15] [INFO] reader get 6 
[2022-04-22 22:02:15] [INFO] start get result 
[2022-04-22 22:02:15] [INFO] end get result 2 
[2022-04-22 22:02:15] [INFO] end get result 1 
[2022-04-22 22:02:15] [INFO] reader get 1 
[2022-04-22 22:02:15] [INFO] start get result 
[2022-04-22 22:02:15] [INFO] end get result 3 
[2022-04-22 22:02:15] [INFO] reader get 3 
[2022-04-22 22:02:15] [INFO] start get result 
[2022-04-22 22:02:15] [INFO] start get result 
[2022-04-22 22:02:15] [INFO] end get result 20 
[2022-04-22 22:02:15] [INFO] reader get 20 
[2022-04-22 22:02:15] [INFO] start get result 
[2022-04-22 22:02:15] [INFO] end get result 8 
[2022-04-22 22:02:15] [INFO] writer send [14, 15, 16, 17] 
[2022-04-22 22:02:15] [INFO] end writer 
[2022-04-22 22:02:15] [INFO] writer send [1, 2, 3] 
[2022-04-22 22:02:15] [INFO] end writer 
[2022-04-22 22:02:15] [INFO] start get result 
[2022-04-22 22:02:15] [INFO] end get result 19 
[2022-04-22 22:02:15] [INFO] start get result 
[2022-04-22 22:02:15] [INFO] end get result 12 
[2022-04-22 22:02:15] [INFO] start reader 
[2022-04-22 22:02:15] [INFO] reader get 12 
[2022-04-22 22:02:15] [INFO] start get result 
[2022-04-22 22:02:15] [INFO] reader get 19 
[2022-04-22 22:02:15] [INFO] start get result 
[2022-04-22 22:02:15] [INFO] end get result 10 
[2022-04-22 22:02:15] [INFO] reader get 10 
[2022-04-22 22:02:15] [INFO] start get result 
[2022-04-22 22:02:15] [INFO] start get result 
[2022-04-22 22:02:15] [INFO] end get result 15 
[2022-04-22 22:02:15] [INFO] reader get 15 
[2022-04-22 22:02:15] [INFO] start get result 
[2022-04-22 22:02:15] [INFO] end get result 16 
[2022-04-22 22:02:15] [INFO] reader get 16 
[2022-04-22 22:02:15] [INFO] start get result 
[2022-04-22 22:02:15] [INFO] reader get 8 
[2022-04-22 22:02:15] [INFO] start get result 
[2022-04-22 22:02:15] [INFO] end get result 7 
[2022-04-22 22:02:15] [INFO] reader get 7 
[2022-04-22 22:02:15] [INFO] start get result 
[2022-04-22 22:02:15] [INFO] reader get 2 
[2022-04-22 22:02:15] [INFO] start get result 
[2022-04-22 22:02:15] [INFO] end get result 17 
[2022-04-22 22:02:15] [INFO] reader get 17 
[2022-04-22 22:02:15] [INFO] start get result 
[2022-04-22 22:02:15] [INFO] end get result 14 
[2022-04-22 22:02:15] [INFO] reader get 14 
[2022-04-22 22:02:15] [INFO] start get result 
[2022-04-22 22:02:15] [INFO] end get result 9 
[2022-04-22 22:02:15] [INFO] reader get 9 
[2022-04-22 22:02:15] [INFO] start get result 
[2022-04-22 22:02:15] [INFO] start reader 
[2022-04-22 22:02:15] [INFO] start reader 
[2022-04-22 22:02:15] [INFO] start reader 
[2022-04-22 22:02:15] [INFO] start get result 
[2022-04-22 22:02:15] [INFO] start get result 
[2022-04-22 22:02:15] [INFO] start get result 
Exception in thread "Thread-63687" java.util.concurrent.TimeoutException
	at serie1.Ex4.BlockingMessageQueueFuture$MyFuture.get(BlockingMessageQueueFuture.kt:222)
	at serie1.ex4.FutureTest$blocking_message_multiple_send_receive$2$thread$1.invoke(BlockingMessageQueueWithFutureTest.kt:179)
	at serie1.ex4.FutureTest$blocking_message_multiple_send_receive$2$thread$1.invoke(BlockingMessageQueueWithFutureTest.kt:169)
	at kotlin.concurrent.ThreadsKt$thread$thread$1.run(Thread.kt:30)
Exception in thread "Thread-63688" java.util.concurrent.TimeoutException
	at serie1.Ex4.BlockingMessageQueueFuture$MyFuture.get(BlockingMessageQueueFuture.kt:222)
	at serie1.ex4.FutureTest$blocking_message_multiple_send_receive$2$thread$1.invoke(BlockingMessageQueueWithFutureTest.kt:179)
	at serie1.ex4.FutureTest$blocking_message_multiple_send_receive$2$thread$1.invoke(BlockingMessageQueueWithFutureTest.kt:169)
	at kotlin.concurrent.ThreadsKt$thread$thread$1.run(Thread.kt:30)
Exception in thread "Thread-63693" java.util.concurrent.TimeoutException
	at serie1.Ex4.BlockingMessageQueueFuture$MyFuture.get(BlockingMessageQueueFuture.kt:222)
	at serie1.ex4.FutureTest$blocking_message_multiple_send_receive$2$thread$1.invoke(BlockingMessageQueueWithFutureTest.kt:179)
	at serie1.ex4.FutureTest$blocking_message_multiple_send_receive$2$thread$1.invoke(BlockingMessageQueueWithFutureTest.kt:169)
	at kotlin.concurrent.ThreadsKt$thread$thread$1.run(Thread.kt:30)
Exception in thread "Thread-63689" java.util.concurrent.TimeoutException
	at serie1.Ex4.BlockingMessageQueueFuture$MyFuture.get(BlockingMessageQueueFuture.kt:222)
	at serie1.ex4.FutureTest$blocking_message_multiple_send_receive$2$thread$1.invoke(BlockingMessageQueueWithFutureTest.kt:179)
	at serie1.ex4.FutureTest$blocking_message_multiple_send_receive$2$thread$1.invoke(BlockingMessageQueueWithFutureTest.kt:169)
	at kotlin.concurrent.ThreadsKt$thread$thread$1.run(Thread.kt:30)
Exception in thread "Thread-63690" java.util.concurrent.TimeoutException
	at serie1.Ex4.BlockingMessageQueueFuture$MyFuture.get(BlockingMessageQueueFuture.kt:222)
	at serie1.ex4.FutureTest$blocking_message_multiple_send_receive$2$thread$1.invoke(BlockingMessageQueueWithFutureTest.kt:179)
	at serie1.ex4.FutureTest$blocking_message_multiple_send_receive$2$thread$1.invoke(BlockingMessageQueueWithFutureTest.kt:169)
	at kotlin.concurrent.ThreadsKt$thread$thread$1.run(Thread.kt:30)
Exception in thread "Thread-63692" java.util.concurrent.TimeoutException
	at serie1.Ex4.BlockingMessageQueueFuture$MyFuture.get(BlockingMessageQueueFuture.kt:222)
	at serie1.ex4.FutureTest$blocking_message_multiple_send_receive$2$thread$1.invoke(BlockingMessageQueueWithFutureTest.kt:179)
	at serie1.ex4.FutureTest$blocking_message_multiple_send_receive$2$thread$1.invoke(BlockingMessageQueueWithFutureTest.kt:169)
	at kotlin.concurrent.ThreadsKt$thread$thread$1.run(Thread.kt:30)
Exception in thread "Thread-63691" java.util.concurrent.TimeoutException
	at serie1.Ex4.BlockingMessageQueueFuture$MyFuture.get(BlockingMessageQueueFuture.kt:222)
	at serie1.ex4.FutureTest$blocking_message_multiple_send_receive$2$thread$1.invoke(BlockingMessageQueueWithFutureTest.kt:179)
	at serie1.ex4.FutureTest$blocking_message_multiple_send_receive$2$thread$1.invoke(BlockingMessageQueueWithFutureTest.kt:169)
	at kotlin.concurrent.ThreadsKt$thread$thread$1.run(Thread.kt:30)
Exception in thread "Thread-63685" java.util.concurrent.TimeoutException
	at serie1.Ex4.BlockingMessageQueueFuture$MyFuture.get(BlockingMessageQueueFuture.kt:222)
	at serie1.ex4.FutureTest$blocking_message_multiple_send_receive$2$thread$1.invoke(BlockingMessageQueueWithFutureTest.kt:179)
	at serie1.ex4.FutureTest$blocking_message_multiple_send_receive$2$thread$1.invoke(BlockingMessageQueueWithFutureTest.kt:169)
	at kotlin.concurrent.ThreadsKt$thread$thread$1.run(Thread.kt:30)
Exception in thread "Thread-63686" java.util.concurrent.TimeoutException
	at serie1.Ex4.BlockingMessageQueueFuture$MyFuture.get(BlockingMessageQueueFuture.kt:222)
	at serie1.ex4.FutureTest$blocking_message_multiple_send_receive$2$thread$1.invoke(BlockingMessageQueueWithFutureTest.kt:179)
	at serie1.ex4.FutureTest$blocking_message_multiple_send_receive$2$thread$1.invoke(BlockingMessageQueueWithFutureTest.kt:169)
	at kotlin.concurrent.ThreadsKt$thread$thread$1.run(Thread.kt:30)
[2022-04-22 22:02:17] [INFO] start writer 
[2022-04-22 22:02:17] [INFO] writer try send [1, 2, 3] 
[2022-04-22 22:02:17] [INFO] start reader 
[2022-04-22 22:02:17] [INFO] writer send [1, 2, 3] 
[2022-04-22 22:02:17] [INFO] start writer 
[2022-04-22 22:02:17] [INFO] writer try send [6] 
[2022-04-22 22:02:17] [INFO] start writer 
[2022-04-22 22:02:17] [INFO] start get result 
[2022-04-22 22:02:17] [INFO] end get result 1 
[2022-04-22 22:02:17] [INFO] start writer 
[2022-04-22 22:02:17] [INFO] writer try send [11, 12, 13] 
[2022-04-22 22:02:17] [INFO] writer send [11, 12, 13] 
[2022-04-22 22:02:17] [INFO] start writer 
[2022-04-22 22:02:17] [INFO] writer try send [18, 19, 20] 
[2022-04-22 22:02:17] [INFO] start writer 
[2022-04-22 22:02:17] [INFO] end writer 
[2022-04-22 22:02:17] [INFO] reader get 1 
[2022-04-22 22:02:17] [INFO] start get result 
[2022-04-22 22:02:17] [INFO] end get result 2 
[2022-04-22 22:02:17] [INFO] reader get 2 
[2022-04-22 22:02:17] [INFO] start get result 
[2022-04-22 22:02:17] [INFO] end get result 3 
[2022-04-22 22:02:17] [INFO] writer send [18, 19, 20] 
[2022-04-22 22:02:17] [INFO] end writer 
[2022-04-22 22:02:17] [INFO] writer try send [7, 8, 9, 10] 
[2022-04-22 22:02:17] [INFO] writer send [6] 
[2022-04-22 22:02:17] [INFO] end writer 
[2022-04-22 22:02:17] [INFO] start reader 
[2022-04-22 22:02:17] [INFO] writer try send [4, 5] 
[2022-04-22 22:02:17] [INFO] reader get 3 
[2022-04-22 22:02:17] [INFO] start reader 
[2022-04-22 22:02:17] [INFO] start get result 
[2022-04-22 22:02:17] [INFO] end get result 6 
[2022-04-22 22:02:17] [INFO] reader get 6 
[2022-04-22 22:02:17] [INFO] start writer 
[2022-04-22 22:02:17] [INFO] end writer 
[2022-04-22 22:02:17] [INFO] writer try send [14, 15, 16, 17] 
[2022-04-22 22:02:17] [INFO] start get result 
[2022-04-22 22:02:17] [INFO] end get result 13 
[2022-04-22 22:02:17] [INFO] start get result 
[2022-04-22 22:02:17] [INFO] end get result 12 
[2022-04-22 22:02:17] [INFO] reader get 12 
[2022-04-22 22:02:17] [INFO] writer send [4, 5] 
[2022-04-22 22:02:17] [INFO] end writer 
[2022-04-22 22:02:17] [INFO] start get result 
[2022-04-22 22:02:17] [INFO] end get result 11 
[2022-04-22 22:02:17] [INFO] reader get 11 
[2022-04-22 22:02:17] [INFO] start reader 
[2022-04-22 22:02:17] [INFO] writer send [7, 8, 9, 10] 
[2022-04-22 22:02:17] [INFO] end writer 
[2022-04-22 22:02:17] [INFO] start get result 
[2022-04-22 22:02:17] [INFO] end get result 19 
[2022-04-22 22:02:17] [INFO] reader get 19 
[2022-04-22 22:02:17] [INFO] start get result 
[2022-04-22 22:02:17] [INFO] end get result 20 
[2022-04-22 22:02:17] [INFO] reader get 20 
[2022-04-22 22:02:17] [INFO] start get result 
[2022-04-22 22:02:17] [INFO] end get result 18 
[2022-04-22 22:02:17] [INFO] reader get 18 
[2022-04-22 22:02:17] [INFO] start get result 
[2022-04-22 22:02:17] [INFO] end get result 7 
[2022-04-22 22:02:17] [INFO] reader get 7 
[2022-04-22 22:02:17] [INFO] start get result 
[2022-04-22 22:02:17] [INFO] reader get 13 
[2022-04-22 22:02:17] [INFO] start get result 
[2022-04-22 22:02:17] [INFO] end get result 9 
[2022-04-22 22:02:17] [INFO] reader get 9 
[2022-04-22 22:02:17] [INFO] start get result 
[2022-04-22 22:02:17] [INFO] end get result 8 
[2022-04-22 22:02:17] [INFO] reader get 8 
[2022-04-22 22:02:17] [INFO] start get result 
[2022-04-22 22:02:17] [INFO] writer send [14, 15, 16, 17] 
[2022-04-22 22:02:17] [INFO] end writer 
[2022-04-22 22:02:17] [INFO] start get result 
[2022-04-22 22:02:17] [INFO] end get result 5 
[2022-04-22 22:02:17] [INFO] reader get 5 
[2022-04-22 22:02:17] [INFO] start get result 
[2022-04-22 22:02:17] [INFO] end get result 15 
[2022-04-22 22:02:17] [INFO] start get result 
[2022-04-22 22:02:17] [INFO] end get result 4 
[2022-04-22 22:02:17] [INFO] reader get 4 
[2022-04-22 22:02:17] [INFO] start get result 
[2022-04-22 22:02:17] [INFO] end get result 16 
[2022-04-22 22:02:17] [INFO] reader get 16 
[2022-04-22 22:02:17] [INFO] start get result 
[2022-04-22 22:02:17] [INFO] start reader 
[2022-04-22 22:02:17] [INFO] end get result 17 
[2022-04-22 22:02:17] [INFO] reader get 17 
[2022-04-22 22:02:17] [INFO] reader get 15 
[2022-04-22 22:02:17] [INFO] start reader 
[2022-04-22 22:02:17] [INFO] end get result 14 
[2022-04-22 22:02:17] [INFO] reader get 14 
[2022-04-22 22:02:17] [INFO] start get result 
[2022-04-22 22:02:17] [INFO] start get result 
[2022-04-22 22:02:17] [INFO] end get result 10 
[2022-04-22 22:02:17] [INFO] start get result 
[2022-04-22 22:02:17] [INFO] reader get 10 
[2022-04-22 22:02:17] [INFO] start get result 
[2022-04-22 22:02:17] [INFO] start reader 
[2022-04-22 22:02:17] [INFO] start get result 
[2022-04-22 22:02:17] [INFO] start get result 
[2022-04-22 22:02:17] [INFO] start reader 
[2022-04-22 22:02:17] [INFO] start reader 
[2022-04-22 22:02:17] [INFO] start get result 
[2022-04-22 22:02:17] [INFO] start get result 
[2022-04-22 22:02:17] [INFO] start get result 
Exception in thread "Thread-63702" java.util.concurrent.TimeoutException
	at serie1.Ex4.BlockingMessageQueueFuture$MyFuture.get(BlockingMessageQueueFuture.kt:222)
	at serie1.ex4.FutureTest$blocking_message_multiple_send_receive$2$thread$1.invoke(BlockingMessageQueueWithFutureTest.kt:179)
	at serie1.ex4.FutureTest$blocking_message_multiple_send_receive$2$thread$1.invoke(BlockingMessageQueueWithFutureTest.kt:169)
	at kotlin.concurrent.ThreadsKt$thread$thread$1.run(Thread.kt:30)
Exception in thread "Thread-63710" java.util.concurrent.TimeoutException
	at serie1.Ex4.BlockingMessageQueueFuture$MyFuture.get(BlockingMessageQueueFuture.kt:222)
	at serie1.ex4.FutureTest$blocking_message_multiple_send_receive$2$thread$1.invoke(BlockingMessageQueueWithFutureTest.kt:179)
	at serie1.ex4.FutureTest$blocking_message_multiple_send_receive$2$thread$1.invoke(BlockingMessageQueueWithFutureTest.kt:169)
	at kotlin.concurrent.ThreadsKt$thread$thread$1.run(Thread.kt:30)
Exception in thread "Thread-63708" java.util.concurrent.TimeoutException
	at serie1.Ex4.BlockingMessageQueueFuture$MyFuture.get(BlockingMessageQueueFuture.kt:222)
	at serie1.ex4.FutureTest$blocking_message_multiple_send_receive$2$thread$1.invoke(BlockingMessageQueueWithFutureTest.kt:179)
	at serie1.ex4.FutureTest$blocking_message_multiple_send_receive$2$thread$1.invoke(BlockingMessageQueueWithFutureTest.kt:169)
	at kotlin.concurrent.ThreadsKt$thread$thread$1.run(Thread.kt:30)
Exception in thread "Thread-63703" java.util.concurrent.TimeoutException
	at serie1.Ex4.BlockingMessageQueueFuture$MyFuture.get(BlockingMessageQueueFuture.kt:222)
	at serie1.ex4.FutureTest$blocking_message_multiple_send_receive$2$thread$1.invoke(BlockingMessageQueueWithFutureTest.kt:179)
	at serie1.ex4.FutureTest$blocking_message_multiple_send_receive$2$thread$1.invoke(BlockingMessageQueueWithFutureTest.kt:169)
	at kotlin.concurrent.ThreadsKt$thread$thread$1.run(Thread.kt:30)
Exception in thread "Thread-63706" java.util.concurrent.TimeoutException
	at serie1.Ex4.BlockingMessageQueueFuture$MyFuture.get(BlockingMessageQueueFuture.kt:222)
	at serie1.ex4.FutureTest$blocking_message_multiple_send_receive$2$thread$1.invoke(BlockingMessageQueueWithFutureTest.kt:179)
	at serie1.ex4.FutureTest$blocking_message_multiple_send_receive$2$thread$1.invoke(BlockingMessageQueueWithFutureTest.kt:169)
	at kotlin.concurrent.ThreadsKt$thread$thread$1.run(Thread.kt:30)
Exception in thread "Thread-63709" java.util.concurrent.TimeoutException
	at serie1.Ex4.BlockingMessageQueueFuture$MyFuture.get(BlockingMessageQueueFuture.kt:222)
	at serie1.ex4.FutureTest$blocking_message_multiple_send_receive$2$thread$1.invoke(BlockingMessageQueueWithFutureTest.kt:179)
	at serie1.ex4.FutureTest$blocking_message_multiple_send_receive$2$thread$1.invoke(BlockingMessageQueueWithFutureTest.kt:169)
	at kotlin.concurrent.ThreadsKt$thread$thread$1.run(Thread.kt:30)
Exception in thread "Thread-63704" java.util.concurrent.TimeoutException
	at serie1.Ex4.BlockingMessageQueueFuture$MyFuture.get(BlockingMessageQueueFuture.kt:222)
	at serie1.ex4.FutureTest$blocking_message_multiple_send_receive$2$thread$1.invoke(BlockingMessageQueueWithFutureTest.kt:179)
	at serie1.ex4.FutureTest$blocking_message_multiple_send_receive$2$thread$1.invoke(BlockingMessageQueueWithFutureTest.kt:169)
	at kotlin.concurrent.ThreadsKt$thread$thread$1.run(Thread.kt:30)
Exception in thread "Thread-63705" java.util.concurrent.TimeoutException
	at serie1.Ex4.BlockingMessageQueueFuture$MyFuture.get(BlockingMessageQueueFuture.kt:222)
	at serie1.ex4.FutureTest$blocking_message_multiple_send_receive$2$thread$1.invoke(BlockingMessageQueueWithFutureTest.kt:179)
	at serie1.ex4.FutureTest$blocking_message_multiple_send_receive$2$thread$1.invoke(BlockingMessageQueueWithFutureTest.kt:169)
	at kotlin.concurrent.ThreadsKt$thread$thread$1.run(Thread.kt:30)
Exception in thread "Thread-63707" java.util.concurrent.TimeoutException
	at serie1.Ex4.BlockingMessageQueueFuture$MyFuture.get(BlockingMessageQueueFuture.kt:222)
	at serie1.ex4.FutureTest$blocking_message_multiple_send_receive$2$thread$1.invoke(BlockingMessageQueueWithFutureTest.kt:179)
	at serie1.ex4.FutureTest$blocking_message_multiple_send_receive$2$thread$1.invoke(BlockingMessageQueueWithFutureTest.kt:169)
	at kotlin.concurrent.ThreadsKt$thread$thread$1.run(Thread.kt:30)
[2022-04-22 22:02:19] [INFO] start writer 
[2022-04-22 22:02:19] [INFO] writer try send [1, 2, 3] 
[2022-04-22 22:02:19] [INFO] start writer 
[2022-04-22 22:02:19] [INFO] writer try send [4, 5] 
[2022-04-22 22:02:19] [INFO] writer send [4, 5] 
[2022-04-22 22:02:19] [INFO] writer try send [6] 
[2022-04-22 22:02:19] [INFO] writer send [6] 
[2022-04-22 22:02:19] [INFO] start writer 
[2022-04-22 22:02:19] [INFO] start writer 
[2022-04-22 22:02:19] [INFO] start writer 
[2022-04-22 22:02:19] [INFO] writer try send [18, 19, 20] 
[2022-04-22 22:02:19] [INFO] writer send [1, 2, 3] 
[2022-04-22 22:02:19] [INFO] end writer 
[2022-04-22 22:02:19] [INFO] writer try send [14, 15, 16, 17] 
[2022-04-22 22:02:19] [INFO] writer try send [11, 12, 13] 
[2022-04-22 22:02:19] [INFO] writer try send [7, 8, 9, 10] 
[2022-04-22 22:02:19] [INFO] start writer 
[2022-04-22 22:02:19] [INFO] end writer 
[2022-04-22 22:02:19] [INFO] start writer 
[2022-04-22 22:02:19] [INFO] end writer 
[2022-04-22 22:02:19] [INFO] start reader 
[2022-04-22 22:02:19] [INFO] start reader 
[2022-04-22 22:02:19] [INFO] start reader 
[2022-04-22 22:02:19] [INFO] start reader 
[2022-04-22 22:02:19] [INFO] start get result 
[2022-04-22 22:02:19] [INFO] start get result 
[2022-04-22 22:02:19] [INFO] start get result 
[2022-04-22 22:02:19] [INFO] end get result 3 
[2022-04-22 22:02:19] [INFO] writer send [18, 19, 20] 
[2022-04-22 22:02:19] [INFO] end writer 
[2022-04-22 22:02:19] [INFO] start get result 
[2022-04-22 22:02:19] [INFO] end get result 4 
[2022-04-22 22:02:19] [INFO] reader get 4 
[2022-04-22 22:02:19] [INFO] reader get 3 
[2022-04-22 22:02:19] [INFO] writer send [14, 15, 16, 17] 
[2022-04-22 22:02:19] [INFO] end writer 
[2022-04-22 22:02:19] [INFO] end get result 2 
[2022-04-22 22:02:19] [INFO] reader get 2 
[2022-04-22 22:02:19] [INFO] start get result 
[2022-04-22 22:02:19] [INFO] end get result 18 
[2022-04-22 22:02:19] [INFO] reader get 18 
[2022-04-22 22:02:19] [INFO] end get result 1 
[2022-04-22 22:02:19] [INFO] reader get 1 
[2022-04-22 22:02:19] [INFO] start get result 
[2022-04-22 22:02:19] [INFO] end get result 20 
[2022-04-22 22:02:19] [INFO] reader get 20 
[2022-04-22 22:02:19] [INFO] start reader 
[2022-04-22 22:02:19] [INFO] start get result 
[2022-04-22 22:02:19] [INFO] writer send [11, 12, 13] 
[2022-04-22 22:02:19] [INFO] start reader 
[2022-04-22 22:02:19] [INFO] start get result 
[2022-04-22 22:02:19] [INFO] end get result 19 
[2022-04-22 22:02:19] [INFO] reader get 19 
[2022-04-22 22:02:19] [INFO] start get result 
[2022-04-22 22:02:19] [INFO] writer send [7, 8, 9, 10] 
[2022-04-22 22:02:19] [INFO] end get result 15 
[2022-04-22 22:02:19] [INFO] start get result 
[2022-04-22 22:02:19] [INFO] end get result 17 
[2022-04-22 22:02:19] [INFO] reader get 17 
[2022-04-22 22:02:19] [INFO] start get result 
[2022-04-22 22:02:19] [INFO] end get result 11 
[2022-04-22 22:02:19] [INFO] reader get 11 
[2022-04-22 22:02:19] [INFO] start get result 
[2022-04-22 22:02:19] [INFO] start get result 
[2022-04-22 22:02:19] [INFO] end get result 6 
[2022-04-22 22:02:19] [INFO] start get result 
[2022-04-22 22:02:19] [INFO] end get result 5 
[2022-04-22 22:02:19] [INFO] reader get 5 
[2022-04-22 22:02:19] [INFO] start get result 
[2022-04-22 22:02:19] [INFO] reader get 6 
[2022-04-22 22:02:19] [INFO] start get result 
[2022-04-22 22:02:19] [INFO] end get result 12 
[2022-04-22 22:02:19] [INFO] reader get 12 
[2022-04-22 22:02:19] [INFO] start get result 
[2022-04-22 22:02:19] [INFO] end get result 8 
[2022-04-22 22:02:19] [INFO] reader get 8 
[2022-04-22 22:02:19] [INFO] start get result 
[2022-04-22 22:02:19] [INFO] end get result 9 
[2022-04-22 22:02:19] [INFO] reader get 9 
[2022-04-22 22:02:19] [INFO] start get result 
[2022-04-22 22:02:19] [INFO] reader get 15 
[2022-04-22 22:02:19] [INFO] start get result 
[2022-04-22 22:02:19] [INFO] end writer 
[2022-04-22 22:02:19] [INFO] start get result 
[2022-04-22 22:02:19] [INFO] end get result 16 
[2022-04-22 22:02:19] [INFO] reader get 16 
[2022-04-22 22:02:19] [INFO] start get result 
[2022-04-22 22:02:19] [INFO] start reader 
[2022-04-22 22:02:19] [INFO] end writer 
[2022-04-22 22:02:19] [INFO] end get result 14 
[2022-04-22 22:02:19] [INFO] start reader 
[2022-04-22 22:02:19] [INFO] end get result 10 
[2022-04-22 22:02:19] [INFO] end get result 7 
[2022-04-22 22:02:19] [INFO] reader get 7 
[2022-04-22 22:02:19] [INFO] start get result 
[2022-04-22 22:02:19] [INFO] end get result 13 
[2022-04-22 22:02:19] [INFO] reader get 13 
[2022-04-22 22:02:19] [INFO] start get result 
[2022-04-22 22:02:19] [INFO] start get result 
[2022-04-22 22:02:19] [INFO] start get result 
[2022-04-22 22:02:19] [INFO] start reader 
[2022-04-22 22:02:19] [INFO] reader get 10 
[2022-04-22 22:02:19] [INFO] start get result 
[2022-04-22 22:02:19] [INFO] reader get 14 
[2022-04-22 22:02:19] [INFO] start get result 
[2022-04-22 22:02:19] [INFO] start get result 
Exception in thread "Thread-63726" java.util.concurrent.TimeoutException
	at serie1.Ex4.BlockingMessageQueueFuture$MyFuture.get(BlockingMessageQueueFuture.kt:222)
	at serie1.ex4.FutureTest$blocking_message_multiple_send_receive$2$thread$1.invoke(BlockingMessageQueueWithFutureTest.kt:179)
	at serie1.ex4.FutureTest$blocking_message_multiple_send_receive$2$thread$1.invoke(BlockingMessageQueueWithFutureTest.kt:169)
	at kotlin.concurrent.ThreadsKt$thread$thread$1.run(Thread.kt:30)
Exception in thread "Thread-63723" java.util.concurrent.TimeoutException
	at serie1.Ex4.BlockingMessageQueueFuture$MyFuture.get(BlockingMessageQueueFuture.kt:222)
	at serie1.ex4.FutureTest$blocking_message_multiple_send_receive$2$thread$1.invoke(BlockingMessageQueueWithFutureTest.kt:179)
	at serie1.ex4.FutureTest$blocking_message_multiple_send_receive$2$thread$1.invoke(BlockingMessageQueueWithFutureTest.kt:169)
	at kotlin.concurrent.ThreadsKt$thread$thread$1.run(Thread.kt:30)
Exception in thread "Thread-63724" java.util.concurrent.TimeoutException
	at serie1.Ex4.BlockingMessageQueueFuture$MyFuture.get(BlockingMessageQueueFuture.kt:222)
	at serie1.ex4.FutureTest$blocking_message_multiple_send_receive$2$thread$1.invoke(BlockingMessageQueueWithFutureTest.kt:179)
	at serie1.ex4.FutureTest$blocking_message_multiple_send_receive$2$thread$1.invoke(BlockingMessageQueueWithFutureTest.kt:169)
	at kotlin.concurrent.ThreadsKt$thread$thread$1.run(Thread.kt:30)
Exception in thread "Thread-63725" java.util.concurrent.TimeoutException
	at serie1.Ex4.BlockingMessageQueueFuture$MyFuture.get(BlockingMessageQueueFuture.kt:222)
	at serie1.ex4.FutureTest$blocking_message_multiple_send_receive$2$thread$1.invoke(BlockingMessageQueueWithFutureTest.kt:179)
	at serie1.ex4.FutureTest$blocking_message_multiple_send_receive$2$thread$1.invoke(BlockingMessageQueueWithFutureTest.kt:169)
	at kotlin.concurrent.ThreadsKt$thread$thread$1.run(Thread.kt:30)
Exception in thread "Thread-63720" java.util.concurrent.TimeoutException
	at serie1.Ex4.BlockingMessageQueueFuture$MyFuture.get(BlockingMessageQueueFuture.kt:222)
	at serie1.ex4.FutureTest$blocking_message_multiple_send_receive$2$thread$1.invoke(BlockingMessageQueueWithFutureTest.kt:179)
	at serie1.ex4.FutureTest$blocking_message_multiple_send_receive$2$thread$1.invoke(BlockingMessageQueueWithFutureTest.kt:169)
	at kotlin.concurrent.ThreadsKt$thread$thread$1.run(Thread.kt:30)
Exception in thread "Thread-63727" java.util.concurrent.TimeoutException
	at serie1.Ex4.BlockingMessageQueueFuture$MyFuture.get(BlockingMessageQueueFuture.kt:222)
	at serie1.ex4.FutureTest$blocking_message_multiple_send_receive$2$thread$1.invoke(BlockingMessageQueueWithFutureTest.kt:179)
	at serie1.ex4.FutureTest$blocking_message_multiple_send_receive$2$thread$1.invoke(BlockingMessageQueueWithFutureTest.kt:169)
	at kotlin.concurrent.ThreadsKt$thread$thread$1.run(Thread.kt:30)
Exception in thread "Thread-63719" java.util.concurrent.TimeoutException
	at serie1.Ex4.BlockingMessageQueueFuture$MyFuture.get(BlockingMessageQueueFuture.kt:222)
	at serie1.ex4.FutureTest$blocking_message_multiple_send_receive$2$thread$1.invoke(BlockingMessageQueueWithFutureTest.kt:179)
	at serie1.ex4.FutureTest$blocking_message_multiple_send_receive$2$thread$1.invoke(BlockingMessageQueueWithFutureTest.kt:169)
	at kotlin.concurrent.ThreadsKt$thread$thread$1.run(Thread.kt:30)
Exception in thread "Thread-63721" java.util.concurrent.TimeoutException
	at serie1.Ex4.BlockingMessageQueueFuture$MyFuture.get(BlockingMessageQueueFuture.kt:222)
	at serie1.ex4.FutureTest$blocking_message_multiple_send_receive$2$thread$1.invoke(BlockingMessageQueueWithFutureTest.kt:179)
	at serie1.ex4.FutureTest$blocking_message_multiple_send_receive$2$thread$1.invoke(BlockingMessageQueueWithFutureTest.kt:169)
	at kotlin.concurrent.ThreadsKt$thread$thread$1.run(Thread.kt:30)
Exception in thread "Thread-63722" java.util.concurrent.TimeoutException
	at serie1.Ex4.BlockingMessageQueueFuture$MyFuture.get(BlockingMessageQueueFuture.kt:222)
	at serie1.ex4.FutureTest$blocking_message_multiple_send_receive$2$thread$1.invoke(BlockingMessageQueueWithFutureTest.kt:179)
	at serie1.ex4.FutureTest$blocking_message_multiple_send_receive$2$thread$1.invoke(BlockingMessageQueueWithFutureTest.kt:169)
	at kotlin.concurrent.ThreadsKt$thread$thread$1.run(Thread.kt:30)
[2022-04-22 22:02:21] [INFO] start writer 
[2022-04-22 22:02:21] [INFO] start writer 
[2022-04-22 22:02:21] [INFO] start reader 
[2022-04-22 22:02:21] [INFO] start writer 
[2022-04-22 22:02:21] [INFO] start writer 
[2022-04-22 22:02:21] [INFO] start reader 
[2022-04-22 22:02:21] [INFO] start writer 
[2022-04-22 22:02:21] [INFO] start get result 
[2022-04-22 22:02:21] [INFO] start writer 
[2022-04-22 22:02:21] [INFO] writer try send [14, 15, 16, 17] 
[2022-04-22 22:02:21] [INFO] writer try send [4, 5] 
[2022-04-22 22:02:21] [INFO] start get result 
[2022-04-22 22:02:21] [INFO] end get result 15 
[2022-04-22 22:02:21] [INFO] writer try send [1, 2, 3] 
[2022-04-22 22:02:21] [INFO] writer send [1, 2, 3] 
[2022-04-22 22:02:21] [INFO] writer try send [18, 19, 20] 
[2022-04-22 22:02:21] [INFO] start writer 
[2022-04-22 22:02:21] [INFO] end writer 
[2022-04-22 22:02:21] [INFO] reader get 15 
[2022-04-22 22:02:21] [INFO] start get result 
[2022-04-22 22:02:21] [INFO] writer send [18, 19, 20] 
[2022-04-22 22:02:21] [INFO] end writer 
[2022-04-22 22:02:21] [INFO] writer send [4, 5] 
[2022-04-22 22:02:21] [INFO] end writer 
[2022-04-22 22:02:21] [INFO] end get result 14 
[2022-04-22 22:02:21] [INFO] reader get 14 
[2022-04-22 22:02:21] [INFO] start get result 
[2022-04-22 22:02:21] [INFO] end get result 17 
[2022-04-22 22:02:21] [INFO] reader get 17 
[2022-04-22 22:02:21] [INFO] start get result 
[2022-04-22 22:02:21] [INFO] writer send [14, 15, 16, 17] 
[2022-04-22 22:02:21] [INFO] end writer 
[2022-04-22 22:02:21] [INFO] writer try send [11, 12, 13] 
[2022-04-22 22:02:21] [INFO] start reader 
[2022-04-22 22:02:21] [INFO] writer try send [7, 8, 9, 10] 
[2022-04-22 22:02:21] [INFO] writer try send [6] 
[2022-04-22 22:02:21] [INFO] start reader 
[2022-04-22 22:02:21] [INFO] end get result 4 
[2022-04-22 22:02:21] [INFO] reader get 4 
[2022-04-22 22:02:21] [INFO] start get result 
[2022-04-22 22:02:21] [INFO] end get result 5 
[2022-04-22 22:02:21] [INFO] reader get 5 
[2022-04-22 22:02:21] [INFO] start get result 
[2022-04-22 22:02:21] [INFO] writer send [7, 8, 9, 10] 
[2022-04-22 22:02:21] [INFO] end writer 
[2022-04-22 22:02:21] [INFO] end get result 16 
[2022-04-22 22:02:21] [INFO] reader get 16 
[2022-04-22 22:02:21] [INFO] start get result 
[2022-04-22 22:02:21] [INFO] end get result 18 
[2022-04-22 22:02:21] [INFO] reader get 18 
[2022-04-22 22:02:21] [INFO] start get result 
[2022-04-22 22:02:21] [INFO] writer send [11, 12, 13] 
[2022-04-22 22:02:21] [INFO] end writer 
[2022-04-22 22:02:21] [INFO] start get result 
[2022-04-22 22:02:21] [INFO] end get result 3 
[2022-04-22 22:02:21] [INFO] reader get 3 
[2022-04-22 22:02:21] [INFO] start get result 
[2022-04-22 22:02:21] [INFO] end get result 20 
[2022-04-22 22:02:21] [INFO] end get result 2 
[2022-04-22 22:02:21] [INFO] reader get 2 
[2022-04-22 22:02:21] [INFO] start get result 
[2022-04-22 22:02:21] [INFO] end get result 6 
[2022-04-22 22:02:21] [INFO] reader get 6 
[2022-04-22 22:02:21] [INFO] start get result 
[2022-04-22 22:02:21] [INFO] end get result 1 
[2022-04-22 22:02:21] [INFO] reader get 1 
[2022-04-22 22:02:21] [INFO] start get result 
[2022-04-22 22:02:21] [INFO] end get result 8 
[2022-04-22 22:02:21] [INFO] reader get 8 
[2022-04-22 22:02:21] [INFO] start get result 
[2022-04-22 22:02:21] [INFO] end get result 9 
[2022-04-22 22:02:21] [INFO] reader get 9 
[2022-04-22 22:02:21] [INFO] start reader 
[2022-04-22 22:02:21] [INFO] writer send [6] 
[2022-04-22 22:02:21] [INFO] end writer 
[2022-04-22 22:02:21] [INFO] start reader 
[2022-04-22 22:02:21] [INFO] start get result 
[2022-04-22 22:02:21] [INFO] end get result 10 
[2022-04-22 22:02:21] [INFO] reader get 10 
[2022-04-22 22:02:21] [INFO] start get result 
[2022-04-22 22:02:21] [INFO] start get result 
[2022-04-22 22:02:21] [INFO] end get result 7 
[2022-04-22 22:02:21] [INFO] start get result 
[2022-04-22 22:02:21] [INFO] end get result 12 
[2022-04-22 22:02:21] [INFO] start get result 
[2022-04-22 22:02:21] [INFO] end get result 13 
[2022-04-22 22:02:21] [INFO] reader get 13 
[2022-04-22 22:02:21] [INFO] start get result 
[2022-04-22 22:02:21] [INFO] reader get 20 
[2022-04-22 22:02:21] [INFO] start get result 
[2022-04-22 22:02:21] [INFO] end get result 19 
[2022-04-22 22:02:21] [INFO] reader get 19 
[2022-04-22 22:02:21] [INFO] reader get 12 
[2022-04-22 22:02:21] [INFO] start get result 
[2022-04-22 22:02:21] [INFO] reader get 7 
[2022-04-22 22:02:21] [INFO] start get result 
[2022-04-22 22:02:21] [INFO] end get result 11 
[2022-04-22 22:02:21] [INFO] reader get 11 
[2022-04-22 22:02:21] [INFO] start reader 
[2022-04-22 22:02:21] [INFO] start get result 
[2022-04-22 22:02:21] [INFO] start get result 
[2022-04-22 22:02:21] [INFO] start reader 
[2022-04-22 22:02:21] [INFO] start reader 
[2022-04-22 22:02:21] [INFO] start get result 
[2022-04-22 22:02:21] [INFO] start get result 
[2022-04-22 22:02:21] [INFO] start get result 
Exception in thread "Thread-63741" java.util.concurrent.TimeoutException
	at serie1.Ex4.BlockingMessageQueueFuture$MyFuture.get(BlockingMessageQueueFuture.kt:222)
	at serie1.ex4.FutureTest$blocking_message_multiple_send_receive$2$thread$1.invoke(BlockingMessageQueueWithFutureTest.kt:179)
	at serie1.ex4.FutureTest$blocking_message_multiple_send_receive$2$thread$1.invoke(BlockingMessageQueueWithFutureTest.kt:169)
	at kotlin.concurrent.ThreadsKt$thread$thread$1.run(Thread.kt:30)
Exception in thread "Thread-63744" java.util.concurrent.TimeoutException
	at serie1.Ex4.BlockingMessageQueueFuture$MyFuture.get(BlockingMessageQueueFuture.kt:222)
	at serie1.ex4.FutureTest$blocking_message_multiple_send_receive$2$thread$1.invoke(BlockingMessageQueueWithFutureTest.kt:179)
	at serie1.ex4.FutureTest$blocking_message_multiple_send_receive$2$thread$1.invoke(BlockingMessageQueueWithFutureTest.kt:169)
	at kotlin.concurrent.ThreadsKt$thread$thread$1.run(Thread.kt:30)
Exception in thread "Thread-63739" java.util.concurrent.TimeoutException
	at serie1.Ex4.BlockingMessageQueueFuture$MyFuture.get(BlockingMessageQueueFuture.kt:222)
	at serie1.ex4.FutureTest$blocking_message_multiple_send_receive$2$thread$1.invoke(BlockingMessageQueueWithFutureTest.kt:179)
	at serie1.ex4.FutureTest$blocking_message_multiple_send_receive$2$thread$1.invoke(BlockingMessageQueueWithFutureTest.kt:169)
	at kotlin.concurrent.ThreadsKt$thread$thread$1.run(Thread.kt:30)
Exception in thread "Thread-63743" java.util.concurrent.TimeoutException
	at serie1.Ex4.BlockingMessageQueueFuture$MyFuture.get(BlockingMessageQueueFuture.kt:222)
	at serie1.ex4.FutureTest$blocking_message_multiple_send_receive$2$thread$1.invoke(BlockingMessageQueueWithFutureTest.kt:179)
	at serie1.ex4.FutureTest$blocking_message_multiple_send_receive$2$thread$1.invoke(BlockingMessageQueueWithFutureTest.kt:169)
	at kotlin.concurrent.ThreadsKt$thread$thread$1.run(Thread.kt:30)
Exception in thread "Thread-63742" java.util.concurrent.TimeoutException
	at serie1.Ex4.BlockingMessageQueueFuture$MyFuture.get(BlockingMessageQueueFuture.kt:222)
	at serie1.ex4.FutureTest$blocking_message_multiple_send_receive$2$thread$1.invoke(BlockingMessageQueueWithFutureTest.kt:179)
	at serie1.ex4.FutureTest$blocking_message_multiple_send_receive$2$thread$1.invoke(BlockingMessageQueueWithFutureTest.kt:169)
	at kotlin.concurrent.ThreadsKt$thread$thread$1.run(Thread.kt:30)
Exception in thread "Thread-63740" java.util.concurrent.TimeoutException
	at serie1.Ex4.BlockingMessageQueueFuture$MyFuture.get(BlockingMessageQueueFuture.kt:222)
	at serie1.ex4.FutureTest$blocking_message_multiple_send_receive$2$thread$1.invoke(BlockingMessageQueueWithFutureTest.kt:179)
	at serie1.ex4.FutureTest$blocking_message_multiple_send_receive$2$thread$1.invoke(BlockingMessageQueueWithFutureTest.kt:169)
	at kotlin.concurrent.ThreadsKt$thread$thread$1.run(Thread.kt:30)
Exception in thread "Thread-63738" java.util.concurrent.TimeoutException
	at serie1.Ex4.BlockingMessageQueueFuture$MyFuture.get(BlockingMessageQueueFuture.kt:222)
	at serie1.ex4.FutureTest$blocking_message_multiple_send_receive$2$thread$1.invoke(BlockingMessageQueueWithFutureTest.kt:179)
	at serie1.ex4.FutureTest$blocking_message_multiple_send_receive$2$thread$1.invoke(BlockingMessageQueueWithFutureTest.kt:169)
	at kotlin.concurrent.ThreadsKt$thread$thread$1.run(Thread.kt:30)
Exception in thread "Thread-63736" java.util.concurrent.TimeoutException
	at serie1.Ex4.BlockingMessageQueueFuture$MyFuture.get(BlockingMessageQueueFuture.kt:222)
	at serie1.ex4.FutureTest$blocking_message_multiple_send_receive$2$thread$1.invoke(BlockingMessageQueueWithFutureTest.kt:179)
	at serie1.ex4.FutureTest$blocking_message_multiple_send_receive$2$thread$1.invoke(BlockingMessageQueueWithFutureTest.kt:169)
	at kotlin.concurrent.ThreadsKt$thread$thread$1.run(Thread.kt:30)
Exception in thread "Thread-63737" java.util.concurrent.TimeoutException
	at serie1.Ex4.BlockingMessageQueueFuture$MyFuture.get(BlockingMessageQueueFuture.kt:222)
	at serie1.ex4.FutureTest$blocking_message_multiple_send_receive$2$thread$1.invoke(BlockingMessageQueueWithFutureTest.kt:179)
	at serie1.ex4.FutureTest$blocking_message_multiple_send_receive$2$thread$1.invoke(BlockingMessageQueueWithFutureTest.kt:169)
	at kotlin.concurrent.ThreadsKt$thread$thread$1.run(Thread.kt:30)
[2022-04-22 22:02:23] [INFO] start writer 
[2022-04-22 22:02:23] [INFO] start reader 
[2022-04-22 22:02:23] [INFO] start writer 
[2022-04-22 22:02:23] [INFO] start writer 
[2022-04-22 22:02:23] [INFO] start writer 
[2022-04-22 22:02:23] [INFO] start writer 
[2022-04-22 22:02:23] [INFO] writer try send [11, 12, 13] 
[2022-04-22 22:02:23] [INFO] writer send [11, 12, 13] 
[2022-04-22 22:02:23] [INFO] writer try send [1, 2, 3] 
[2022-04-22 22:02:23] [INFO] start get result 
[2022-04-22 22:02:23] [INFO] end get result 11 
[2022-04-22 22:02:23] [INFO] start writer 
[2022-04-22 22:02:23] [INFO] writer try send [18, 19, 20] 
[2022-04-22 22:02:23] [INFO] writer send [18, 19, 20] 
[2022-04-22 22:02:23] [INFO] end writer 
[2022-04-22 22:02:23] [INFO] reader get 11 
[2022-04-22 22:02:23] [INFO] start get result 
[2022-04-22 22:02:23] [INFO] end get result 12 
[2022-04-22 22:02:23] [INFO] reader get 12 
[2022-04-22 22:02:23] [INFO] start get result 
[2022-04-22 22:02:23] [INFO] end get result 13 
[2022-04-22 22:02:23] [INFO] reader get 13 
[2022-04-22 22:02:23] [INFO] start get result 
[2022-04-22 22:02:23] [INFO] end get result 1 
[2022-04-22 22:02:23] [INFO] reader get 1 
[2022-04-22 22:02:23] [INFO] start get result 
[2022-04-22 22:02:23] [INFO] end get result 2 
[2022-04-22 22:02:23] [INFO] reader get 2 
[2022-04-22 22:02:23] [INFO] start get result 
[2022-04-22 22:02:23] [INFO] writer send [1, 2, 3] 
[2022-04-22 22:02:23] [INFO] end writer 
[2022-04-22 22:02:23] [INFO] writer try send [14, 15, 16, 17] 
[2022-04-22 22:02:23] [INFO] writer send [14, 15, 16, 17] 
[2022-04-22 22:02:23] [INFO] end writer 
[2022-04-22 22:02:23] [INFO] start writer 
[2022-04-22 22:02:23] [INFO] end writer 
[2022-04-22 22:02:23] [INFO] writer try send [7, 8, 9, 10] 
[2022-04-22 22:02:23] [INFO] writer try send [6] 
[2022-04-22 22:02:23] [INFO] writer send [6] 
[2022-04-22 22:02:23] [INFO] end writer 
[2022-04-22 22:02:23] [INFO] writer try send [4, 5] 
[2022-04-22 22:02:23] [INFO] start reader 
[2022-04-22 22:02:23] [INFO] writer send [4, 5] 
[2022-04-22 22:02:23] [INFO] end writer 
[2022-04-22 22:02:23] [INFO] end get result 3 
[2022-04-22 22:02:23] [INFO] reader get 3 
[2022-04-22 22:02:23] [INFO] start get result 
[2022-04-22 22:02:23] [INFO] start reader 
[2022-04-22 22:02:23] [INFO] end get result 18 
[2022-04-22 22:02:23] [INFO] reader get 18 
[2022-04-22 22:02:23] [INFO] start get result 
[2022-04-22 22:02:23] [INFO] end get result 19 
[2022-04-22 22:02:23] [INFO] reader get 19 
[2022-04-22 22:02:23] [INFO] start get result 
[2022-04-22 22:02:23] [INFO] writer send [7, 8, 9, 10] 
[2022-04-22 22:02:23] [INFO] start get result 
[2022-04-22 22:02:23] [INFO] end get result 15 
[2022-04-22 22:02:23] [INFO] reader get 15 
[2022-04-22 22:02:23] [INFO] start reader 
[2022-04-22 22:02:23] [INFO] start get result 
[2022-04-22 22:02:23] [INFO] start reader 
[2022-04-22 22:02:23] [INFO] end get result 20 
[2022-04-22 22:02:23] [INFO] reader get 20 
[2022-04-22 22:02:23] [INFO] start get result 
[2022-04-22 22:02:23] [INFO] start get result 
[2022-04-22 22:02:23] [INFO] end get result 16 
[2022-04-22 22:02:23] [INFO] reader get 16 
[2022-04-22 22:02:23] [INFO] start get result 
[2022-04-22 22:02:23] [INFO] end writer 
[2022-04-22 22:02:23] [INFO] start get result 
[2022-04-22 22:02:23] [INFO] end get result 4 
[2022-04-22 22:02:23] [INFO] reader get 4 
[2022-04-22 22:02:23] [INFO] end get result 14 
[2022-04-22 22:02:23] [INFO] reader get 14 
[2022-04-22 22:02:23] [INFO] start get result 
[2022-04-22 22:02:23] [INFO] start get result 
[2022-04-22 22:02:23] [INFO] start get result 
[2022-04-22 22:02:23] [INFO] end get result 8 
[2022-04-22 22:02:23] [INFO] reader get 8 
[2022-04-22 22:02:23] [INFO] start get result 
[2022-04-22 22:02:23] [INFO] end get result 9 
[2022-04-22 22:02:23] [INFO] end get result 6 
[2022-04-22 22:02:23] [INFO] reader get 6 
[2022-04-22 22:02:23] [INFO] end get result 17 
[2022-04-22 22:02:23] [INFO] reader get 17 
[2022-04-22 22:02:23] [INFO] start get result 
[2022-04-22 22:02:23] [INFO] start reader 
[2022-04-22 22:02:23] [INFO] start get result 
[2022-04-22 22:02:23] [INFO] end get result 10 
[2022-04-22 22:02:23] [INFO] start reader 
[2022-04-22 22:02:23] [INFO] reader get 10 
[2022-04-22 22:02:23] [INFO] start get result 
[2022-04-22 22:02:23] [INFO] start reader 
[2022-04-22 22:02:23] [INFO] reader get 9 
[2022-04-22 22:02:23] [INFO] start get result 
[2022-04-22 22:02:23] [INFO] end get result 5 
[2022-04-22 22:02:23] [INFO] start get result 
[2022-04-22 22:02:23] [INFO] end get result 7 
[2022-04-22 22:02:23] [INFO] reader get 7 
[2022-04-22 22:02:23] [INFO] start get result 
[2022-04-22 22:02:23] [INFO] start get result 
[2022-04-22 22:02:23] [INFO] reader get 5 
[2022-04-22 22:02:23] [INFO] start get result 
[2022-04-22 22:02:23] [INFO] start get result 
[2022-04-22 22:02:23] [INFO] start reader 
[2022-04-22 22:02:23] [INFO] start get result 
Exception in thread "Thread-63755" java.util.concurrent.TimeoutException
	at serie1.Ex4.BlockingMessageQueueFuture$MyFuture.get(BlockingMessageQueueFuture.kt:222)
	at serie1.ex4.FutureTest$blocking_message_multiple_send_receive$2$thread$1.invoke(BlockingMessageQueueWithFutureTest.kt:179)
	at serie1.ex4.FutureTest$blocking_message_multiple_send_receive$2$thread$1.invoke(BlockingMessageQueueWithFutureTest.kt:169)
	at kotlin.concurrent.ThreadsKt$thread$thread$1.run(Thread.kt:30)
Exception in thread "Thread-63753" java.util.concurrent.TimeoutException
	at serie1.Ex4.BlockingMessageQueueFuture$MyFuture.get(BlockingMessageQueueFuture.kt:222)
	at serie1.ex4.FutureTest$blocking_message_multiple_send_receive$2$thread$1.invoke(BlockingMessageQueueWithFutureTest.kt:179)
	at serie1.ex4.FutureTest$blocking_message_multiple_send_receive$2$thread$1.invoke(BlockingMessageQueueWithFutureTest.kt:169)
	at kotlin.concurrent.ThreadsKt$thread$thread$1.run(Thread.kt:30)
Exception in thread "Thread-63757" java.util.concurrent.TimeoutException
	at serie1.Ex4.BlockingMessageQueueFuture$MyFuture.get(BlockingMessageQueueFuture.kt:222)
	at serie1.ex4.FutureTest$blocking_message_multiple_send_receive$2$thread$1.invoke(BlockingMessageQueueWithFutureTest.kt:179)
	at serie1.ex4.FutureTest$blocking_message_multiple_send_receive$2$thread$1.invoke(BlockingMessageQueueWithFutureTest.kt:169)
	at kotlin.concurrent.ThreadsKt$thread$thread$1.run(Thread.kt:30)
Exception in thread "Thread-63756" java.util.concurrent.TimeoutException
	at serie1.Ex4.BlockingMessageQueueFuture$MyFuture.get(BlockingMessageQueueFuture.kt:222)
	at serie1.ex4.FutureTest$blocking_message_multiple_send_receive$2$thread$1.invoke(BlockingMessageQueueWithFutureTest.kt:179)
	at serie1.ex4.FutureTest$blocking_message_multiple_send_receive$2$thread$1.invoke(BlockingMessageQueueWithFutureTest.kt:169)
	at kotlin.concurrent.ThreadsKt$thread$thread$1.run(Thread.kt:30)
Exception in thread "Thread-63758" java.util.concurrent.TimeoutException
	at serie1.Ex4.BlockingMessageQueueFuture$MyFuture.get(BlockingMessageQueueFuture.kt:222)
	at serie1.ex4.FutureTest$blocking_message_multiple_send_receive$2$thread$1.invoke(BlockingMessageQueueWithFutureTest.kt:179)
	at serie1.ex4.FutureTest$blocking_message_multiple_send_receive$2$thread$1.invoke(BlockingMessageQueueWithFutureTest.kt:169)
	at kotlin.concurrent.ThreadsKt$thread$thread$1.run(Thread.kt:30)
Exception in thread "Thread-63754" java.util.concurrent.TimeoutException
	at serie1.Ex4.BlockingMessageQueueFuture$MyFuture.get(BlockingMessageQueueFuture.kt:222)
	at serie1.ex4.FutureTest$blocking_message_multiple_send_receive$2$thread$1.invoke(BlockingMessageQueueWithFutureTest.kt:179)
	at serie1.ex4.FutureTest$blocking_message_multiple_send_receive$2$thread$1.invoke(BlockingMessageQueueWithFutureTest.kt:169)
	at kotlin.concurrent.ThreadsKt$thread$thread$1.run(Thread.kt:30)
Exception in thread "Thread-63761" java.util.concurrent.TimeoutException
	at serie1.Ex4.BlockingMessageQueueFuture$MyFuture.get(BlockingMessageQueueFuture.kt:222)
	at serie1.ex4.FutureTest$blocking_message_multiple_send_receive$2$thread$1.invoke(BlockingMessageQueueWithFutureTest.kt:179)
	at serie1.ex4.FutureTest$blocking_message_multiple_send_receive$2$thread$1.invoke(BlockingMessageQueueWithFutureTest.kt:169)
	at kotlin.concurrent.ThreadsKt$thread$thread$1.run(Thread.kt:30)
Exception in thread "Thread-63760" java.util.concurrent.TimeoutException
	at serie1.Ex4.BlockingMessageQueueFuture$MyFuture.get(BlockingMessageQueueFuture.kt:222)
	at serie1.ex4.FutureTest$blocking_message_multiple_send_receive$2$thread$1.invoke(BlockingMessageQueueWithFutureTest.kt:179)
	at serie1.ex4.FutureTest$blocking_message_multiple_send_receive$2$thread$1.invoke(BlockingMessageQueueWithFutureTest.kt:169)
	at kotlin.concurrent.ThreadsKt$thread$thread$1.run(Thread.kt:30)
Exception in thread "Thread-63759" java.util.concurrent.TimeoutException
	at serie1.Ex4.BlockingMessageQueueFuture$MyFuture.get(BlockingMessageQueueFuture.kt:222)
	at serie1.ex4.FutureTest$blocking_message_multiple_send_receive$2$thread$1.invoke(BlockingMessageQueueWithFutureTest.kt:179)
	at serie1.ex4.FutureTest$blocking_message_multiple_send_receive$2$thread$1.invoke(BlockingMessageQueueWithFutureTest.kt:169)
	at kotlin.concurrent.ThreadsKt$thread$thread$1.run(Thread.kt:30)
[2022-04-22 22:02:25] [INFO] start writer 
[2022-04-22 22:02:25] [INFO] writer try send [1, 2, 3] 
[2022-04-22 22:02:25] [INFO] writer send [1, 2, 3] 
[2022-04-22 22:02:25] [INFO] writer try send [4, 5] 
[2022-04-22 22:02:25] [INFO] start writer 
[2022-04-22 22:02:25] [INFO] start writer 
[2022-04-22 22:02:25] [INFO] start reader 
[2022-04-22 22:02:25] [INFO] writer try send [7, 8, 9, 10] 
[2022-04-22 22:02:25] [INFO] start writer 
[2022-04-22 22:02:25] [INFO] start writer 
[2022-04-22 22:02:25] [INFO] writer try send [14, 15, 16, 17] 
[2022-04-22 22:02:25] [INFO] writer try send [6] 
[2022-04-22 22:02:25] [INFO] writer send [4, 5] 
[2022-04-22 22:02:25] [INFO] writer try send [18, 19, 20] 
[2022-04-22 22:02:25] [INFO] start writer 
[2022-04-22 22:02:25] [INFO] end writer 
[2022-04-22 22:02:25] [INFO] start writer 
[2022-04-22 22:02:25] [INFO] end writer 
[2022-04-22 22:02:25] [INFO] start get result 
[2022-04-22 22:02:25] [INFO] end get result 1 
[2022-04-22 22:02:25] [INFO] writer try send [11, 12, 13] 
[2022-04-22 22:02:25] [INFO] start writer 
[2022-04-22 22:02:25] [INFO] end writer 
[2022-04-22 22:02:25] [INFO] start reader 
[2022-04-22 22:02:25] [INFO] reader get 1 
[2022-04-22 22:02:25] [INFO] start get result 
[2022-04-22 22:02:25] [INFO] end get result 2 
[2022-04-22 22:02:25] [INFO] reader get 2 
[2022-04-22 22:02:25] [INFO] start reader 
[2022-04-22 22:02:25] [INFO] writer send [6] 
[2022-04-22 22:02:25] [INFO] end writer 
[2022-04-22 22:02:25] [INFO] start get result 
[2022-04-22 22:02:25] [INFO] end get result 3 
[2022-04-22 22:02:25] [INFO] start reader 
[2022-04-22 22:02:25] [INFO] start get result 
[2022-04-22 22:02:25] [INFO] end get result 4 
[2022-04-22 22:02:25] [INFO] start reader 
[2022-04-22 22:02:25] [INFO] reader get 4 
[2022-04-22 22:02:25] [INFO] start get result 
[2022-04-22 22:02:25] [INFO] start reader 
[2022-04-22 22:02:25] [INFO] end get result 5 
[2022-04-22 22:02:25] [INFO] reader get 5 
[2022-04-22 22:02:25] [INFO] reader get 3 
[2022-04-22 22:02:25] [INFO] start get result 
[2022-04-22 22:02:25] [INFO] start get result 
[2022-04-22 22:02:25] [INFO] end get result 14 
[2022-04-22 22:02:25] [INFO] start get result 
[2022-04-22 22:02:25] [INFO] end get result 15 
[2022-04-22 22:02:25] [INFO] reader get 15 
[2022-04-22 22:02:25] [INFO] start get result 
[2022-04-22 22:02:25] [INFO] end get result 18 
[2022-04-22 22:02:25] [INFO] reader get 18 
[2022-04-22 22:02:25] [INFO] start get result 
[2022-04-22 22:02:25] [INFO] end get result 17 
[2022-04-22 22:02:25] [INFO] reader get 17 
[2022-04-22 22:02:25] [INFO] start get result 
[2022-04-22 22:02:25] [INFO] end get result 11 
[2022-04-22 22:02:25] [INFO] reader get 11 
[2022-04-22 22:02:25] [INFO] start get result 
[2022-04-22 22:02:25] [INFO] writer send [14, 15, 16, 17] 
[2022-04-22 22:02:25] [INFO] end writer 
[2022-04-22 22:02:25] [INFO] writer send [7, 8, 9, 10] 
[2022-04-22 22:02:25] [INFO] start get result 
[2022-04-22 22:02:25] [INFO] end get result 19 
[2022-04-22 22:02:25] [INFO] start reader 
[2022-04-22 22:02:25] [INFO] start get result 
[2022-04-22 22:02:25] [INFO] end get result 6 
[2022-04-22 22:02:25] [INFO] start reader 
[2022-04-22 22:02:25] [INFO] writer send [18, 19, 20] 
[2022-04-22 22:02:25] [INFO] end writer 
[2022-04-22 22:02:25] [INFO] start reader 
[2022-04-22 22:02:25] [INFO] reader get 6 
[2022-04-22 22:02:25] [INFO] start get result 
[2022-04-22 22:02:25] [INFO] start get result 
[2022-04-22 22:02:25] [INFO] start get result 
[2022-04-22 22:02:25] [INFO] end get result 8 
[2022-04-22 22:02:25] [INFO] reader get 8 
[2022-04-22 22:02:25] [INFO] reader get 19 
[2022-04-22 22:02:25] [INFO] start get result 
[2022-04-22 22:02:25] [INFO] end writer 
[2022-04-22 22:02:25] [INFO] end get result 12 
[2022-04-22 22:02:25] [INFO] reader get 12 
[2022-04-22 22:02:25] [INFO] start get result 
[2022-04-22 22:02:25] [INFO] end get result 16 
[2022-04-22 22:02:25] [INFO] reader get 16 
[2022-04-22 22:02:25] [INFO] writer send [11, 12, 13] 
[2022-04-22 22:02:25] [INFO] end writer 
[2022-04-22 22:02:25] [INFO] reader get 14 
[2022-04-22 22:02:25] [INFO] start get result 
[2022-04-22 22:02:25] [INFO] end get result 20 
[2022-04-22 22:02:25] [INFO] reader get 20 
[2022-04-22 22:02:25] [INFO] start get result 
[2022-04-22 22:02:25] [INFO] start get result 
[2022-04-22 22:02:25] [INFO] start get result 
[2022-04-22 22:02:25] [INFO] start get result 
[2022-04-22 22:02:25] [INFO] end get result 10 
[2022-04-22 22:02:25] [INFO] reader get 10 
[2022-04-22 22:02:25] [INFO] start get result 
[2022-04-22 22:02:25] [INFO] start get result 
[2022-04-22 22:02:25] [INFO] end get result 9 
[2022-04-22 22:02:25] [INFO] reader get 9 
[2022-04-22 22:02:25] [INFO] start get result 
[2022-04-22 22:02:25] [INFO] end get result 7 
[2022-04-22 22:02:25] [INFO] reader get 7 
[2022-04-22 22:02:25] [INFO] start get result 
[2022-04-22 22:02:25] [INFO] end get result 13 
[2022-04-22 22:02:25] [INFO] reader get 13 
[2022-04-22 22:02:25] [INFO] start get result 
Exception in thread "Thread-63776" java.util.concurrent.TimeoutException
	at serie1.Ex4.BlockingMessageQueueFuture$MyFuture.get(BlockingMessageQueueFuture.kt:222)
	at serie1.ex4.FutureTest$blocking_message_multiple_send_receive$2$thread$1.invoke(BlockingMessageQueueWithFutureTest.kt:179)
	at serie1.ex4.FutureTest$blocking_message_multiple_send_receive$2$thread$1.invoke(BlockingMessageQueueWithFutureTest.kt:169)
	at kotlin.concurrent.ThreadsKt$thread$thread$1.run(Thread.kt:30)
Exception in thread "Thread-63779" java.util.concurrent.TimeoutException
	at serie1.Ex4.BlockingMessageQueueFuture$MyFuture.get(BlockingMessageQueueFuture.kt:222)
	at serie1.ex4.FutureTest$blocking_message_multiple_send_receive$2$thread$1.invoke(BlockingMessageQueueWithFutureTest.kt:179)
	at serie1.ex4.FutureTest$blocking_message_multiple_send_receive$2$thread$1.invoke(BlockingMessageQueueWithFutureTest.kt:169)
	at kotlin.concurrent.ThreadsKt$thread$thread$1.run(Thread.kt:30)
Exception in thread "Thread-63772" java.util.concurrent.TimeoutException
	at serie1.Ex4.BlockingMessageQueueFuture$MyFuture.get(BlockingMessageQueueFuture.kt:222)
	at serie1.ex4.FutureTest$blocking_message_multiple_send_receive$2$thread$1.invoke(BlockingMessageQueueWithFutureTest.kt:179)
	at serie1.ex4.FutureTest$blocking_message_multiple_send_receive$2$thread$1.invoke(BlockingMessageQueueWithFutureTest.kt:169)
	at kotlin.concurrent.ThreadsKt$thread$thread$1.run(Thread.kt:30)
Exception in thread "Thread-63778" java.util.concurrent.TimeoutException
	at serie1.Ex4.BlockingMessageQueueFuture$MyFuture.get(BlockingMessageQueueFuture.kt:222)
	at serie1.ex4.FutureTest$blocking_message_multiple_send_receive$2$thread$1.invoke(BlockingMessageQueueWithFutureTest.kt:179)
	at serie1.ex4.FutureTest$blocking_message_multiple_send_receive$2$thread$1.invoke(BlockingMessageQueueWithFutureTest.kt:169)
	at kotlin.concurrent.ThreadsKt$thread$thread$1.run(Thread.kt:30)
Exception in thread "Thread-63773" java.util.concurrent.TimeoutException
	at serie1.Ex4.BlockingMessageQueueFuture$MyFuture.get(BlockingMessageQueueFuture.kt:222)
	at serie1.ex4.FutureTest$blocking_message_multiple_send_receive$2$thread$1.invoke(BlockingMessageQueueWithFutureTest.kt:179)
	at serie1.ex4.FutureTest$blocking_message_multiple_send_receive$2$thread$1.invoke(BlockingMessageQueueWithFutureTest.kt:169)
	at kotlin.concurrent.ThreadsKt$thread$thread$1.run(Thread.kt:30)
Exception in thread "Thread-63774" java.util.concurrent.TimeoutException
	at serie1.Ex4.BlockingMessageQueueFuture$MyFuture.get(BlockingMessageQueueFuture.kt:222)
	at serie1.ex4.FutureTest$blocking_message_multiple_send_receive$2$thread$1.invoke(BlockingMessageQueueWithFutureTest.kt:179)
	at serie1.ex4.FutureTest$blocking_message_multiple_send_receive$2$thread$1.invoke(BlockingMessageQueueWithFutureTest.kt:169)
	at kotlin.concurrent.ThreadsKt$thread$thread$1.run(Thread.kt:30)
Exception in thread "Thread-63777" java.util.concurrent.TimeoutException
	at serie1.Ex4.BlockingMessageQueueFuture$MyFuture.get(BlockingMessageQueueFuture.kt:222)
	at serie1.ex4.FutureTest$blocking_message_multiple_send_receive$2$thread$1.invoke(BlockingMessageQueueWithFutureTest.kt:179)
	at serie1.ex4.FutureTest$blocking_message_multiple_send_receive$2$thread$1.invoke(BlockingMessageQueueWithFutureTest.kt:169)
	at kotlin.concurrent.ThreadsKt$thread$thread$1.run(Thread.kt:30)
Exception in thread "Thread-63771" java.util.concurrent.TimeoutException
	at serie1.Ex4.BlockingMessageQueueFuture$MyFuture.get(BlockingMessageQueueFuture.kt:222)
	at serie1.ex4.FutureTest$blocking_message_multiple_send_receive$2$thread$1.invoke(BlockingMessageQueueWithFutureTest.kt:179)
	at serie1.ex4.FutureTest$blocking_message_multiple_send_receive$2$thread$1.invoke(BlockingMessageQueueWithFutureTest.kt:169)
	at kotlin.concurrent.ThreadsKt$thread$thread$1.run(Thread.kt:30)
Exception in thread "Thread-63775" java.util.concurrent.TimeoutException
	at serie1.Ex4.BlockingMessageQueueFuture$MyFuture.get(BlockingMessageQueueFuture.kt:222)
	at serie1.ex4.FutureTest$blocking_message_multiple_send_receive$2$thread$1.invoke(BlockingMessageQueueWithFutureTest.kt:179)
	at serie1.ex4.FutureTest$blocking_message_multiple_send_receive$2$thread$1.invoke(BlockingMessageQueueWithFutureTest.kt:169)
	at kotlin.concurrent.ThreadsKt$thread$thread$1.run(Thread.kt:30)
[2022-04-22 22:02:27] [INFO] start writer 
[2022-04-22 22:02:27] [INFO] start writer 
[2022-04-22 22:02:27] [INFO] writer try send [4, 5] 
[2022-04-22 22:02:27] [INFO] start writer 
[2022-04-22 22:02:27] [INFO] start reader 
[2022-04-22 22:02:27] [INFO] writer try send [1, 2, 3] 
[2022-04-22 22:02:27] [INFO] writer send [1, 2, 3] 
[2022-04-22 22:02:27] [INFO] start writer 
[2022-04-22 22:02:27] [INFO] writer try send [11, 12, 13] 
[2022-04-22 22:02:27] [INFO] start writer 
[2022-04-22 22:02:27] [INFO] writer try send [14, 15, 16, 17] 
[2022-04-22 22:02:27] [INFO] start writer 
[2022-04-22 22:02:27] [INFO] writer try send [18, 19, 20] 
[2022-04-22 22:02:27] [INFO] writer try send [6] 
[2022-04-22 22:02:27] [INFO] start get result 
[2022-04-22 22:02:27] [INFO] end get result 4 
[2022-04-22 22:02:27] [INFO] reader get 4 
[2022-04-22 22:02:27] [INFO] start writer 
[2022-04-22 22:02:27] [INFO] end writer 
[2022-04-22 22:02:27] [INFO] writer send [4, 5] 
[2022-04-22 22:02:27] [INFO] end writer 
[2022-04-22 22:02:27] [INFO] start get result 
[2022-04-22 22:02:27] [INFO] end get result 5 
[2022-04-22 22:02:27] [INFO] writer send [6] 
[2022-04-22 22:02:27] [INFO] end writer 
[2022-04-22 22:02:27] [INFO] start writer 
[2022-04-22 22:02:27] [INFO] end writer 
[2022-04-22 22:02:27] [INFO] start reader 
[2022-04-22 22:02:27] [INFO] writer try send [7, 8, 9, 10] 
[2022-04-22 22:02:27] [INFO] reader get 5 
[2022-04-22 22:02:27] [INFO] start reader 
[2022-04-22 22:02:27] [INFO] writer send [18, 19, 20] 
[2022-04-22 22:02:27] [INFO] end writer 
[2022-04-22 22:02:27] [INFO] start get result 
[2022-04-22 22:02:27] [INFO] start reader 
[2022-04-22 22:02:27] [INFO] end get result 1 
[2022-04-22 22:02:27] [INFO] reader get 1 
[2022-04-22 22:02:27] [INFO] start get result 
[2022-04-22 22:02:27] [INFO] start reader 
[2022-04-22 22:02:27] [INFO] start get result 
[2022-04-22 22:02:27] [INFO] end get result 2 
[2022-04-22 22:02:27] [INFO] start reader 
[2022-04-22 22:02:27] [INFO] writer send [11, 12, 13] 
[2022-04-22 22:02:27] [INFO] end writer 
[2022-04-22 22:02:27] [INFO] end get result 3 
[2022-04-22 22:02:27] [INFO] start get result 
[2022-04-22 22:02:27] [INFO] end get result 19 
[2022-04-22 22:02:27] [INFO] reader get 19 
[2022-04-22 22:02:27] [INFO] start get result 
[2022-04-22 22:02:27] [INFO] writer send [14, 15, 16, 17] 
[2022-04-22 22:02:27] [INFO] end writer 
[2022-04-22 22:02:27] [INFO] start get result 
[2022-04-22 22:02:27] [INFO] end get result 6 
[2022-04-22 22:02:27] [INFO] reader get 6 
[2022-04-22 22:02:27] [INFO] start get result 
[2022-04-22 22:02:27] [INFO] end get result 20 
[2022-04-22 22:02:27] [INFO] reader get 20 
[2022-04-22 22:02:27] [INFO] start get result 
[2022-04-22 22:02:27] [INFO] end get result 13 
[2022-04-22 22:02:27] [INFO] reader get 13 
[2022-04-22 22:02:27] [INFO] start get result 
[2022-04-22 22:02:27] [INFO] end get result 11 
[2022-04-22 22:02:27] [INFO] reader get 11 
[2022-04-22 22:02:27] [INFO] reader get 3 
[2022-04-22 22:02:27] [INFO] writer send [7, 8, 9, 10] 
[2022-04-22 22:02:27] [INFO] end writer 
[2022-04-22 22:02:27] [INFO] start reader 
[2022-04-22 22:02:27] [INFO] reader get 2 
[2022-04-22 22:02:27] [INFO] start get result 
[2022-04-22 22:02:27] [INFO] start reader 
[2022-04-22 22:02:27] [INFO] end get result 17 
[2022-04-22 22:02:27] [INFO] reader get 17 
[2022-04-22 22:02:27] [INFO] start get result 
[2022-04-22 22:02:27] [INFO] end get result 7 
[2022-04-22 22:02:27] [INFO] reader get 7 
[2022-04-22 22:02:27] [INFO] start get result 
[2022-04-22 22:02:27] [INFO] end get result 8 
[2022-04-22 22:02:27] [INFO] start get result 
[2022-04-22 22:02:27] [INFO] end get result 10 
[2022-04-22 22:02:27] [INFO] reader get 10 
[2022-04-22 22:02:27] [INFO] start get result 
[2022-04-22 22:02:27] [INFO] start get result 
[2022-04-22 22:02:27] [INFO] end get result 18 
[2022-04-22 22:02:27] [INFO] reader get 8 
[2022-04-22 22:02:27] [INFO] start get result 
[2022-04-22 22:02:27] [INFO] start get result 
[2022-04-22 22:02:27] [INFO] end get result 9 
[2022-04-22 22:02:27] [INFO] reader get 9 
[2022-04-22 22:02:27] [INFO] start get result 
[2022-04-22 22:02:27] [INFO] start reader 
[2022-04-22 22:02:27] [INFO] start get result 
[2022-04-22 22:02:27] [INFO] end get result 16 
[2022-04-22 22:02:27] [INFO] reader get 16 
[2022-04-22 22:02:27] [INFO] start get result 
[2022-04-22 22:02:27] [INFO] start get result 
[2022-04-22 22:02:27] [INFO] end get result 15 
[2022-04-22 22:02:27] [INFO] reader get 15 
[2022-04-22 22:02:27] [INFO] start get result 
[2022-04-22 22:02:27] [INFO] end get result 14 
[2022-04-22 22:02:27] [INFO] reader get 14 
[2022-04-22 22:02:27] [INFO] start get result 
[2022-04-22 22:02:27] [INFO] end get result 12 
[2022-04-22 22:02:27] [INFO] reader get 12 
[2022-04-22 22:02:27] [INFO] start get result 
[2022-04-22 22:02:27] [INFO] start get result 
[2022-04-22 22:02:27] [INFO] start get result 
[2022-04-22 22:02:27] [INFO] reader get 18 
[2022-04-22 22:02:27] [INFO] start get result 
Exception in thread "Thread-63795" java.util.concurrent.TimeoutException
	at serie1.Ex4.BlockingMessageQueueFuture$MyFuture.get(BlockingMessageQueueFuture.kt:222)
	at serie1.ex4.FutureTest$blocking_message_multiple_send_receive$2$thread$1.invoke(BlockingMessageQueueWithFutureTest.kt:179)
	at serie1.ex4.FutureTest$blocking_message_multiple_send_receive$2$thread$1.invoke(BlockingMessageQueueWithFutureTest.kt:169)
	at kotlin.concurrent.ThreadsKt$thread$thread$1.run(Thread.kt:30)
Exception in thread "Thread-63791" java.util.concurrent.TimeoutException
	at serie1.Ex4.BlockingMessageQueueFuture$MyFuture.get(BlockingMessageQueueFuture.kt:222)
	at serie1.ex4.FutureTest$blocking_message_multiple_send_receive$2$thread$1.invoke(BlockingMessageQueueWithFutureTest.kt:179)
	at serie1.ex4.FutureTest$blocking_message_multiple_send_receive$2$thread$1.invoke(BlockingMessageQueueWithFutureTest.kt:169)
	at kotlin.concurrent.ThreadsKt$thread$thread$1.run(Thread.kt:30)
Exception in thread "Thread-63793" java.util.concurrent.TimeoutException
	at serie1.Ex4.BlockingMessageQueueFuture$MyFuture.get(BlockingMessageQueueFuture.kt:222)
	at serie1.ex4.FutureTest$blocking_message_multiple_send_receive$2$thread$1.invoke(BlockingMessageQueueWithFutureTest.kt:179)
	at serie1.ex4.FutureTest$blocking_message_multiple_send_receive$2$thread$1.invoke(BlockingMessageQueueWithFutureTest.kt:169)
	at kotlin.concurrent.ThreadsKt$thread$thread$1.run(Thread.kt:30)
Exception in thread "Thread-63797" java.util.concurrent.TimeoutException
	at serie1.Ex4.BlockingMessageQueueFuture$MyFuture.get(BlockingMessageQueueFuture.kt:222)
	at serie1.ex4.FutureTest$blocking_message_multiple_send_receive$2$thread$1.invoke(BlockingMessageQueueWithFutureTest.kt:179)
	at serie1.ex4.FutureTest$blocking_message_multiple_send_receive$2$thread$1.invoke(BlockingMessageQueueWithFutureTest.kt:169)
	at kotlin.concurrent.ThreadsKt$thread$thread$1.run(Thread.kt:30)
Exception in thread "Thread-63792" java.util.concurrent.TimeoutException
	at serie1.Ex4.BlockingMessageQueueFuture$MyFuture.get(BlockingMessageQueueFuture.kt:222)
	at serie1.ex4.FutureTest$blocking_message_multiple_send_receive$2$thread$1.invoke(BlockingMessageQueueWithFutureTest.kt:179)
	at serie1.ex4.FutureTest$blocking_message_multiple_send_receive$2$thread$1.invoke(BlockingMessageQueueWithFutureTest.kt:169)
	at kotlin.concurrent.ThreadsKt$thread$thread$1.run(Thread.kt:30)
Exception in thread "Thread-63796" java.util.concurrent.TimeoutException
	at serie1.Ex4.BlockingMessageQueueFuture$MyFuture.get(BlockingMessageQueueFuture.kt:222)
	at serie1.ex4.FutureTest$blocking_message_multiple_send_receive$2$thread$1.invoke(BlockingMessageQueueWithFutureTest.kt:179)
	at serie1.ex4.FutureTest$blocking_message_multiple_send_receive$2$thread$1.invoke(BlockingMessageQueueWithFutureTest.kt:169)
	at kotlin.concurrent.ThreadsKt$thread$thread$1.run(Thread.kt:30)
Exception in thread "Thread-63789" java.util.concurrent.TimeoutException
	at serie1.Ex4.BlockingMessageQueueFuture$MyFuture.get(BlockingMessageQueueFuture.kt:222)
	at serie1.ex4.FutureTest$blocking_message_multiple_send_receive$2$thread$1.invoke(BlockingMessageQueueWithFutureTest.kt:179)
	at serie1.ex4.FutureTest$blocking_message_multiple_send_receive$2$thread$1.invoke(BlockingMessageQueueWithFutureTest.kt:169)
	at kotlin.concurrent.ThreadsKt$thread$thread$1.run(Thread.kt:30)
Exception in thread "Thread-63794" java.util.concurrent.TimeoutException
	at serie1.Ex4.BlockingMessageQueueFuture$MyFuture.get(BlockingMessageQueueFuture.kt:222)
	at serie1.ex4.FutureTest$blocking_message_multiple_send_receive$2$thread$1.invoke(BlockingMessageQueueWithFutureTest.kt:179)
	at serie1.ex4.FutureTest$blocking_message_multiple_send_receive$2$thread$1.invoke(BlockingMessageQueueWithFutureTest.kt:169)
	at kotlin.concurrent.ThreadsKt$thread$thread$1.run(Thread.kt:30)
Exception in thread "Thread-63790" java.util.concurrent.TimeoutException
	at serie1.Ex4.BlockingMessageQueueFuture$MyFuture.get(BlockingMessageQueueFuture.kt:222)
	at serie1.ex4.FutureTest$blocking_message_multiple_send_receive$2$thread$1.invoke(BlockingMessageQueueWithFutureTest.kt:179)
	at serie1.ex4.FutureTest$blocking_message_multiple_send_receive$2$thread$1.invoke(BlockingMessageQueueWithFutureTest.kt:169)
	at kotlin.concurrent.ThreadsKt$thread$thread$1.run(Thread.kt:30)
[2022-04-22 22:02:29] [INFO] start writer 
[2022-04-22 22:02:29] [INFO] start writer 
[2022-04-22 22:02:29] [INFO] start writer 
[2022-04-22 22:02:29] [INFO] start writer 
[2022-04-22 22:02:29] [INFO] start reader 
[2022-04-22 22:02:29] [INFO] start writer 
[2022-04-22 22:02:29] [INFO] writer try send [11, 12, 13] 
[2022-04-22 22:02:29] [INFO] writer send [11, 12, 13] 
[2022-04-22 22:02:29] [INFO] writer try send [14, 15, 16, 17] 
[2022-04-22 22:02:29] [INFO] writer send [14, 15, 16, 17] 
[2022-04-22 22:02:29] [INFO] start writer 
[2022-04-22 22:02:29] [INFO] end writer 
[2022-04-22 22:02:29] [INFO] writer try send [6] 
[2022-04-22 22:02:29] [INFO] writer try send [4, 5] 
[2022-04-22 22:02:29] [INFO] writer try send [1, 2, 3] 
[2022-04-22 22:02:29] [INFO] start writer 
[2022-04-22 22:02:29] [INFO] end writer 
[2022-04-22 22:02:29] [INFO] writer send [6] 
[2022-04-22 22:02:29] [INFO] end writer 
[2022-04-22 22:02:29] [INFO] start get result 
[2022-04-22 22:02:29] [INFO] end get result 11 
[2022-04-22 22:02:29] [INFO] reader get 11 
[2022-04-22 22:02:29] [INFO] start get result 
[2022-04-22 22:02:29] [INFO] writer try send [18, 19, 20] 
[2022-04-22 22:02:29] [INFO] start reader 
[2022-04-22 22:02:29] [INFO] start writer 
[2022-04-22 22:02:29] [INFO] end writer 
[2022-04-22 22:02:29] [INFO] writer try send [7, 8, 9, 10] 
[2022-04-22 22:02:29] [INFO] start reader 
[2022-04-22 22:02:29] [INFO] end get result 12 
[2022-04-22 22:02:29] [INFO] reader get 12 
[2022-04-22 22:02:29] [INFO] start get result 
[2022-04-22 22:02:29] [INFO] end get result 13 
[2022-04-22 22:02:29] [INFO] reader get 13 
[2022-04-22 22:02:29] [INFO] start get result 
[2022-04-22 22:02:29] [INFO] end get result 14 
[2022-04-22 22:02:29] [INFO] start get result 
[2022-04-22 22:02:29] [INFO] end get result 16 
[2022-04-22 22:02:29] [INFO] reader get 16 
[2022-04-22 22:02:29] [INFO] start reader 
[2022-04-22 22:02:29] [INFO] writer send [1, 2, 3] 
[2022-04-22 22:02:29] [INFO] end writer 
[2022-04-22 22:02:29] [INFO] writer send [4, 5] 
[2022-04-22 22:02:29] [INFO] end writer 
[2022-04-22 22:02:29] [INFO] start reader 
[2022-04-22 22:02:29] [INFO] start get result 
[2022-04-22 22:02:29] [INFO] end get result 17 
[2022-04-22 22:02:29] [INFO] reader get 17 
[2022-04-22 22:02:29] [INFO] reader get 14 
[2022-04-22 22:02:29] [INFO] start get result 
[2022-04-22 22:02:29] [INFO] start get result 
[2022-04-22 22:02:29] [INFO] end get result 1 
[2022-04-22 22:02:29] [INFO] start get result 
[2022-04-22 22:02:29] [INFO] end get result 15 
[2022-04-22 22:02:29] [INFO] reader get 15 
[2022-04-22 22:02:29] [INFO] start get result 
[2022-04-22 22:02:29] [INFO] reader get 1 
[2022-04-22 22:02:29] [INFO] start get result 
[2022-04-22 22:02:29] [INFO] writer send [7, 8, 9, 10] 
[2022-04-22 22:02:29] [INFO] writer send [18, 19, 20] 
[2022-04-22 22:02:29] [INFO] end writer 
[2022-04-22 22:02:29] [INFO] end get result 4 
[2022-04-22 22:02:29] [INFO] reader get 4 
[2022-04-22 22:02:29] [INFO] start get result 
[2022-04-22 22:02:29] [INFO] end get result 18 
[2022-04-22 22:02:29] [INFO] reader get 18 
[2022-04-22 22:02:29] [INFO] start get result 
[2022-04-22 22:02:29] [INFO] end get result 19 
[2022-04-22 22:02:29] [INFO] reader get 19 
[2022-04-22 22:02:29] [INFO] start get result 
[2022-04-22 22:02:29] [INFO] end get result 20 
[2022-04-22 22:02:29] [INFO] start get result 
[2022-04-22 22:02:29] [INFO] end get result 5 
[2022-04-22 22:02:29] [INFO] reader get 5 
[2022-04-22 22:02:29] [INFO] start get result 
[2022-04-22 22:02:29] [INFO] end get result 7 
[2022-04-22 22:02:29] [INFO] reader get 7 
[2022-04-22 22:02:29] [INFO] start get result 
[2022-04-22 22:02:29] [INFO] start get result 
[2022-04-22 22:02:29] [INFO] end get result 6 
[2022-04-22 22:02:29] [INFO] reader get 6 
[2022-04-22 22:02:29] [INFO] start get result 
[2022-04-22 22:02:29] [INFO] start reader 
[2022-04-22 22:02:29] [INFO] end get result 9 
[2022-04-22 22:02:29] [INFO] reader get 9 
[2022-04-22 22:02:29] [INFO] start get result 
[2022-04-22 22:02:29] [INFO] end get result 8 
[2022-04-22 22:02:29] [INFO] reader get 8 
[2022-04-22 22:02:29] [INFO] start get result 
[2022-04-22 22:02:29] [INFO] start get result 
[2022-04-22 22:02:29] [INFO] reader get 20 
[2022-04-22 22:02:29] [INFO] start get result 
[2022-04-22 22:02:29] [INFO] end writer 
[2022-04-22 22:02:29] [INFO] end get result 3 
[2022-04-22 22:02:29] [INFO] reader get 3 
[2022-04-22 22:02:29] [INFO] start get result 
[2022-04-22 22:02:29] [INFO] end get result 2 
[2022-04-22 22:02:29] [INFO] reader get 2 
[2022-04-22 22:02:29] [INFO] start get result 
[2022-04-22 22:02:29] [INFO] end get result 10 
[2022-04-22 22:02:29] [INFO] reader get 10 
[2022-04-22 22:02:29] [INFO] start get result 
[2022-04-22 22:02:29] [INFO] start reader 
[2022-04-22 22:02:29] [INFO] start reader 
[2022-04-22 22:02:29] [INFO] start reader 
[2022-04-22 22:02:29] [INFO] start get result 
[2022-04-22 22:02:29] [INFO] start get result 
[2022-04-22 22:02:29] [INFO] start get result 
Exception in thread "Thread-63807" java.util.concurrent.TimeoutException
	at serie1.Ex4.BlockingMessageQueueFuture$MyFuture.get(BlockingMessageQueueFuture.kt:222)
	at serie1.ex4.FutureTest$blocking_message_multiple_send_receive$2$thread$1.invoke(BlockingMessageQueueWithFutureTest.kt:179)
	at serie1.ex4.FutureTest$blocking_message_multiple_send_receive$2$thread$1.invoke(BlockingMessageQueueWithFutureTest.kt:169)
	at kotlin.concurrent.ThreadsKt$thread$thread$1.run(Thread.kt:30)
Exception in thread "Thread-63809" java.util.concurrent.TimeoutException
	at serie1.Ex4.BlockingMessageQueueFuture$MyFuture.get(BlockingMessageQueueFuture.kt:222)
	at serie1.ex4.FutureTest$blocking_message_multiple_send_receive$2$thread$1.invoke(BlockingMessageQueueWithFutureTest.kt:179)
	at serie1.ex4.FutureTest$blocking_message_multiple_send_receive$2$thread$1.invoke(BlockingMessageQueueWithFutureTest.kt:169)
	at kotlin.concurrent.ThreadsKt$thread$thread$1.run(Thread.kt:30)
Exception in thread "Thread-63814" java.util.concurrent.TimeoutException
	at serie1.Ex4.BlockingMessageQueueFuture$MyFuture.get(BlockingMessageQueueFuture.kt:222)
	at serie1.ex4.FutureTest$blocking_message_multiple_send_receive$2$thread$1.invoke(BlockingMessageQueueWithFutureTest.kt:179)
	at serie1.ex4.FutureTest$blocking_message_multiple_send_receive$2$thread$1.invoke(BlockingMessageQueueWithFutureTest.kt:169)
	at kotlin.concurrent.ThreadsKt$thread$thread$1.run(Thread.kt:30)
Exception in thread "Thread-63812" java.util.concurrent.TimeoutException
	at serie1.Ex4.BlockingMessageQueueFuture$MyFuture.get(BlockingMessageQueueFuture.kt:222)
	at serie1.ex4.FutureTest$blocking_message_multiple_send_receive$2$thread$1.invoke(BlockingMessageQueueWithFutureTest.kt:179)
	at serie1.ex4.FutureTest$blocking_message_multiple_send_receive$2$thread$1.invoke(BlockingMessageQueueWithFutureTest.kt:169)
	at kotlin.concurrent.ThreadsKt$thread$thread$1.run(Thread.kt:30)
Exception in thread "Thread-63811" java.util.concurrent.TimeoutException
	at serie1.Ex4.BlockingMessageQueueFuture$MyFuture.get(BlockingMessageQueueFuture.kt:222)
	at serie1.ex4.FutureTest$blocking_message_multiple_send_receive$2$thread$1.invoke(BlockingMessageQueueWithFutureTest.kt:179)
	at serie1.ex4.FutureTest$blocking_message_multiple_send_receive$2$thread$1.invoke(BlockingMessageQueueWithFutureTest.kt:169)
	at kotlin.concurrent.ThreadsKt$thread$thread$1.run(Thread.kt:30)
Exception in thread "Thread-63810" java.util.concurrent.TimeoutException
	at serie1.Ex4.BlockingMessageQueueFuture$MyFuture.get(BlockingMessageQueueFuture.kt:222)
	at serie1.ex4.FutureTest$blocking_message_multiple_send_receive$2$thread$1.invoke(BlockingMessageQueueWithFutureTest.kt:179)
	at serie1.ex4.FutureTest$blocking_message_multiple_send_receive$2$thread$1.invoke(BlockingMessageQueueWithFutureTest.kt:169)
	at kotlin.concurrent.ThreadsKt$thread$thread$1.run(Thread.kt:30)
Exception in thread "Thread-63815" java.util.concurrent.TimeoutException
	at serie1.Ex4.BlockingMessageQueueFuture$MyFuture.get(BlockingMessageQueueFuture.kt:222)
	at serie1.ex4.FutureTest$blocking_message_multiple_send_receive$2$thread$1.invoke(BlockingMessageQueueWithFutureTest.kt:179)
	at serie1.ex4.FutureTest$blocking_message_multiple_send_receive$2$thread$1.invoke(BlockingMessageQueueWithFutureTest.kt:169)
	at kotlin.concurrent.ThreadsKt$thread$thread$1.run(Thread.kt:30)
Exception in thread "Thread-63813" java.util.concurrent.TimeoutException
	at serie1.Ex4.BlockingMessageQueueFuture$MyFuture.get(BlockingMessageQueueFuture.kt:222)
	at serie1.ex4.FutureTest$blocking_message_multiple_send_receive$2$thread$1.invoke(BlockingMessageQueueWithFutureTest.kt:179)
	at serie1.ex4.FutureTest$blocking_message_multiple_send_receive$2$thread$1.invoke(BlockingMessageQueueWithFutureTest.kt:169)
	at kotlin.concurrent.ThreadsKt$thread$thread$1.run(Thread.kt:30)
Exception in thread "Thread-63808" java.util.concurrent.TimeoutException
	at serie1.Ex4.BlockingMessageQueueFuture$MyFuture.get(BlockingMessageQueueFuture.kt:222)
	at serie1.ex4.FutureTest$blocking_message_multiple_send_receive$2$thread$1.invoke(BlockingMessageQueueWithFutureTest.kt:179)
	at serie1.ex4.FutureTest$blocking_message_multiple_send_receive$2$thread$1.invoke(BlockingMessageQueueWithFutureTest.kt:169)
	at kotlin.concurrent.ThreadsKt$thread$thread$1.run(Thread.kt:30)
[2022-04-22 22:02:31] [INFO] start writer 
[2022-04-22 22:02:31] [INFO] start writer 
[2022-04-22 22:02:31] [INFO] start writer 
[2022-04-22 22:02:31] [INFO] writer try send [6] 
[2022-04-22 22:02:31] [INFO] start writer 
[2022-04-22 22:02:31] [INFO] start writer 
[2022-04-22 22:02:31] [INFO] writer try send [11, 12, 13] 
[2022-04-22 22:02:31] [INFO] writer send [11, 12, 13] 
[2022-04-22 22:02:31] [INFO] writer try send [14, 15, 16, 17] 
[2022-04-22 22:02:31] [INFO] writer send [14, 15, 16, 17] 
[2022-04-22 22:02:31] [INFO] writer try send [18, 19, 20] 
[2022-04-22 22:02:31] [INFO] start writer 
[2022-04-22 22:02:31] [INFO] end writer 
[2022-04-22 22:02:31] [INFO] writer try send [7, 8, 9, 10] 
[2022-04-22 22:02:31] [INFO] writer send [6] 
[2022-04-22 22:02:31] [INFO] end writer 
[2022-04-22 22:02:31] [INFO] writer try send [4, 5] 
[2022-04-22 22:02:31] [INFO] start writer 
[2022-04-22 22:02:31] [INFO] end writer 
[2022-04-22 22:02:31] [INFO] start reader 
[2022-04-22 22:02:31] [INFO] start writer 
[2022-04-22 22:02:31] [INFO] end writer 
[2022-04-22 22:02:31] [INFO] start reader 
[2022-04-22 22:02:31] [INFO] writer try send [1, 2, 3] 
[2022-04-22 22:02:31] [INFO] start reader 
[2022-04-22 22:02:31] [INFO] start get result 
[2022-04-22 22:02:31] [INFO] start reader 
[2022-04-22 22:02:31] [INFO] start get result 
[2022-04-22 22:02:31] [INFO] end get result 11 
[2022-04-22 22:02:31] [INFO] reader get 11 
[2022-04-22 22:02:31] [INFO] start reader 
[2022-04-22 22:02:31] [INFO] start get result 
[2022-04-22 22:02:31] [INFO] end get result 13 
[2022-04-22 22:02:31] [INFO] start reader 
[2022-04-22 22:02:31] [INFO] start get result 
[2022-04-22 22:02:31] [INFO] end get result 14 
[2022-04-22 22:02:31] [INFO] reader get 14 
[2022-04-22 22:02:31] [INFO] start get result 
[2022-04-22 22:02:31] [INFO] start get result 
[2022-04-22 22:02:31] [INFO] end get result 16 
[2022-04-22 22:02:31] [INFO] reader get 16 
[2022-04-22 22:02:31] [INFO] start get result 
[2022-04-22 22:02:31] [INFO] end get result 17 
[2022-04-22 22:02:31] [INFO] reader get 17 
[2022-04-22 22:02:31] [INFO] start get result 
[2022-04-22 22:02:31] [INFO] end get result 5 
[2022-04-22 22:02:31] [INFO] end get result 6 
[2022-04-22 22:02:31] [INFO] reader get 6 
[2022-04-22 22:02:31] [INFO] start get result 
[2022-04-22 22:02:31] [INFO] end get result 18 
[2022-04-22 22:02:31] [INFO] reader get 18 
[2022-04-22 22:02:31] [INFO] start get result 
[2022-04-22 22:02:31] [INFO] reader get 5 
[2022-04-22 22:02:31] [INFO] start get result 
[2022-04-22 22:02:31] [INFO] end get result 20 
[2022-04-22 22:02:31] [INFO] reader get 20 
[2022-04-22 22:02:31] [INFO] start get result 
[2022-04-22 22:02:31] [INFO] end get result 7 
[2022-04-22 22:02:31] [INFO] reader get 7 
[2022-04-22 22:02:31] [INFO] start get result 
[2022-04-22 22:02:31] [INFO] writer send [7, 8, 9, 10] 
[2022-04-22 22:02:31] [INFO] end writer 
[2022-04-22 22:02:31] [INFO] start get result 
[2022-04-22 22:02:31] [INFO] end get result 4 
[2022-04-22 22:02:31] [INFO] reader get 4 
[2022-04-22 22:02:31] [INFO] start get result 
[2022-04-22 22:02:31] [INFO] end get result 15 
[2022-04-22 22:02:31] [INFO] reader get 15 
[2022-04-22 22:02:31] [INFO] start get result 
[2022-04-22 22:02:31] [INFO] end get result 10 
[2022-04-22 22:02:31] [INFO] reader get 10 
[2022-04-22 22:02:31] [INFO] start get result 
[2022-04-22 22:02:31] [INFO] end get result 1 
[2022-04-22 22:02:31] [INFO] reader get 1 
[2022-04-22 22:02:31] [INFO] start reader 
[2022-04-22 22:02:31] [INFO] writer send [18, 19, 20] 
[2022-04-22 22:02:31] [INFO] end writer 
[2022-04-22 22:02:31] [INFO] reader get 13 
[2022-04-22 22:02:31] [INFO] start get result 
[2022-04-22 22:02:31] [INFO] end get result 3 
[2022-04-22 22:02:31] [INFO] start reader 
[2022-04-22 22:02:31] [INFO] writer send [4, 5] 
[2022-04-22 22:02:31] [INFO] end writer 
[2022-04-22 22:02:31] [INFO] start get result 
[2022-04-22 22:02:31] [INFO] start reader 
[2022-04-22 22:02:31] [INFO] end get result 12 
[2022-04-22 22:02:31] [INFO] reader get 12 
[2022-04-22 22:02:31] [INFO] start get result 
[2022-04-22 22:02:31] [INFO] reader get 3 
[2022-04-22 22:02:31] [INFO] start get result 
[2022-04-22 22:02:31] [INFO] start get result 
[2022-04-22 22:02:31] [INFO] end get result 2 
[2022-04-22 22:02:31] [INFO] reader get 2 
[2022-04-22 22:02:31] [INFO] start get result 
[2022-04-22 22:02:31] [INFO] end get result 9 
[2022-04-22 22:02:31] [INFO] reader get 9 
[2022-04-22 22:02:31] [INFO] end get result 8 
[2022-04-22 22:02:31] [INFO] reader get 8 
[2022-04-22 22:02:31] [INFO] start get result 
[2022-04-22 22:02:31] [INFO] writer send [1, 2, 3] 
[2022-04-22 22:02:31] [INFO] end writer 
[2022-04-22 22:02:31] [INFO] end get result 19 
[2022-04-22 22:02:31] [INFO] reader get 19 
[2022-04-22 22:02:31] [INFO] start get result 
[2022-04-22 22:02:31] [INFO] start get result 
[2022-04-22 22:02:31] [INFO] start get result 
[2022-04-22 22:02:31] [INFO] start get result 
[2022-04-22 22:02:31] [INFO] start get result 
Exception in thread "Thread-63828" java.util.concurrent.TimeoutException
	at serie1.Ex4.BlockingMessageQueueFuture$MyFuture.get(BlockingMessageQueueFuture.kt:222)
	at serie1.ex4.FutureTest$blocking_message_multiple_send_receive$2$thread$1.invoke(BlockingMessageQueueWithFutureTest.kt:179)
	at serie1.ex4.FutureTest$blocking_message_multiple_send_receive$2$thread$1.invoke(BlockingMessageQueueWithFutureTest.kt:169)
	at kotlin.concurrent.ThreadsKt$thread$thread$1.run(Thread.kt:30)
Exception in thread "Thread-63832" java.util.concurrent.TimeoutException
	at serie1.Ex4.BlockingMessageQueueFuture$MyFuture.get(BlockingMessageQueueFuture.kt:222)
	at serie1.ex4.FutureTest$blocking_message_multiple_send_receive$2$thread$1.invoke(BlockingMessageQueueWithFutureTest.kt:179)
	at serie1.ex4.FutureTest$blocking_message_multiple_send_receive$2$thread$1.invoke(BlockingMessageQueueWithFutureTest.kt:169)
	at kotlin.concurrent.ThreadsKt$thread$thread$1.run(Thread.kt:30)
Exception in thread "Thread-63826" java.util.concurrent.TimeoutException
	at serie1.Ex4.BlockingMessageQueueFuture$MyFuture.get(BlockingMessageQueueFuture.kt:222)
	at serie1.ex4.FutureTest$blocking_message_multiple_send_receive$2$thread$1.invoke(BlockingMessageQueueWithFutureTest.kt:179)
	at serie1.ex4.FutureTest$blocking_message_multiple_send_receive$2$thread$1.invoke(BlockingMessageQueueWithFutureTest.kt:169)
	at kotlin.concurrent.ThreadsKt$thread$thread$1.run(Thread.kt:30)
Exception in thread "Thread-63833" java.util.concurrent.TimeoutException
	at serie1.Ex4.BlockingMessageQueueFuture$MyFuture.get(BlockingMessageQueueFuture.kt:222)
	at serie1.ex4.FutureTest$blocking_message_multiple_send_receive$2$thread$1.invoke(BlockingMessageQueueWithFutureTest.kt:179)
	at serie1.ex4.FutureTest$blocking_message_multiple_send_receive$2$thread$1.invoke(BlockingMessageQueueWithFutureTest.kt:169)
	at kotlin.concurrent.ThreadsKt$thread$thread$1.run(Thread.kt:30)
Exception in thread "Thread-63825" java.util.concurrent.TimeoutException
	at serie1.Ex4.BlockingMessageQueueFuture$MyFuture.get(BlockingMessageQueueFuture.kt:222)
	at serie1.ex4.FutureTest$blocking_message_multiple_send_receive$2$thread$1.invoke(BlockingMessageQueueWithFutureTest.kt:179)
	at serie1.ex4.FutureTest$blocking_message_multiple_send_receive$2$thread$1.invoke(BlockingMessageQueueWithFutureTest.kt:169)
	at kotlin.concurrent.ThreadsKt$thread$thread$1.run(Thread.kt:30)
Exception in thread "Thread-63827" java.util.concurrent.TimeoutException
	at serie1.Ex4.BlockingMessageQueueFuture$MyFuture.get(BlockingMessageQueueFuture.kt:222)
	at serie1.ex4.FutureTest$blocking_message_multiple_send_receive$2$thread$1.invoke(BlockingMessageQueueWithFutureTest.kt:179)
	at serie1.ex4.FutureTest$blocking_message_multiple_send_receive$2$thread$1.invoke(BlockingMessageQueueWithFutureTest.kt:169)
	at kotlin.concurrent.ThreadsKt$thread$thread$1.run(Thread.kt:30)
Exception in thread "Thread-63831" java.util.concurrent.TimeoutException
	at serie1.Ex4.BlockingMessageQueueFuture$MyFuture.get(BlockingMessageQueueFuture.kt:222)
	at serie1.ex4.FutureTest$blocking_message_multiple_send_receive$2$thread$1.invoke(BlockingMessageQueueWithFutureTest.kt:179)
	at serie1.ex4.FutureTest$blocking_message_multiple_send_receive$2$thread$1.invoke(BlockingMessageQueueWithFutureTest.kt:169)
	at kotlin.concurrent.ThreadsKt$thread$thread$1.run(Thread.kt:30)
Exception in thread "Thread-63830" java.util.concurrent.TimeoutException
	at serie1.Ex4.BlockingMessageQueueFuture$MyFuture.get(BlockingMessageQueueFuture.kt:222)
	at serie1.ex4.FutureTest$blocking_message_multiple_send_receive$2$thread$1.invoke(BlockingMessageQueueWithFutureTest.kt:179)
	at serie1.ex4.FutureTest$blocking_message_multiple_send_receive$2$thread$1.invoke(BlockingMessageQueueWithFutureTest.kt:169)
	at kotlin.concurrent.ThreadsKt$thread$thread$1.run(Thread.kt:30)
Exception in thread "Thread-63829" java.util.concurrent.TimeoutException
	at serie1.Ex4.BlockingMessageQueueFuture$MyFuture.get(BlockingMessageQueueFuture.kt:222)
	at serie1.ex4.FutureTest$blocking_message_multiple_send_receive$2$thread$1.invoke(BlockingMessageQueueWithFutureTest.kt:179)
	at serie1.ex4.FutureTest$blocking_message_multiple_send_receive$2$thread$1.invoke(BlockingMessageQueueWithFutureTest.kt:169)
	at kotlin.concurrent.ThreadsKt$thread$thread$1.run(Thread.kt:30)
[2022-04-22 22:02:33] [INFO] start writer 
[2022-04-22 22:02:33] [INFO] writer try send [1, 2, 3] 
[2022-04-22 22:02:33] [INFO] start writer 
[2022-04-22 22:02:33] [INFO] writer try send [4, 5] 
[2022-04-22 22:02:33] [INFO] start reader 
[2022-04-22 22:02:33] [INFO] start writer 
[2022-04-22 22:02:33] [INFO] start writer 
[2022-04-22 22:02:33] [INFO] start writer 
[2022-04-22 22:02:33] [INFO] start writer 
[2022-04-22 22:02:33] [INFO] start get result 
[2022-04-22 22:02:33] [INFO] start writer 
[2022-04-22 22:02:33] [INFO] writer try send [18, 19, 20] 
[2022-04-22 22:02:33] [INFO] writer send [18, 19, 20] 
[2022-04-22 22:02:33] [INFO] end writer 
[2022-04-22 22:02:33] [INFO] writer send [1, 2, 3] 
[2022-04-22 22:02:33] [INFO] end writer 
[2022-04-22 22:02:33] [INFO] end get result 1 
[2022-04-22 22:02:33] [INFO] reader get 1 
[2022-04-22 22:02:33] [INFO] start get result 
[2022-04-22 22:02:33] [INFO] start writer 
[2022-04-22 22:02:33] [INFO] end writer 
[2022-04-22 22:02:33] [INFO] writer try send [14, 15, 16, 17] 
[2022-04-22 22:02:33] [INFO] writer try send [11, 12, 13] 
[2022-04-22 22:02:33] [INFO] writer send [11, 12, 13] 
[2022-04-22 22:02:33] [INFO] end writer 
[2022-04-22 22:02:33] [INFO] writer try send [7, 8, 9, 10] 
[2022-04-22 22:02:33] [INFO] start reader 
[2022-04-22 22:02:33] [INFO] writer try send [6] 
[2022-04-22 22:02:33] [INFO] writer send [4, 5] 
[2022-04-22 22:02:33] [INFO] start reader 
[2022-04-22 22:02:33] [INFO] end writer 
[2022-04-22 22:02:33] [INFO] end get result 2 
[2022-04-22 22:02:33] [INFO] start reader 
[2022-04-22 22:02:33] [INFO] reader get 2 
[2022-04-22 22:02:33] [INFO] start get result 
[2022-04-22 22:02:33] [INFO] end get result 3 
[2022-04-22 22:02:33] [INFO] start get result 
[2022-04-22 22:02:33] [INFO] end get result 4 
[2022-04-22 22:02:33] [INFO] reader get 4 
[2022-04-22 22:02:33] [INFO] start get result 
[2022-04-22 22:02:33] [INFO] end get result 18 
[2022-04-22 22:02:33] [INFO] reader get 18 
[2022-04-22 22:02:33] [INFO] writer send [6] 
[2022-04-22 22:02:33] [INFO] end writer 
[2022-04-22 22:02:33] [INFO] reader get 3 
[2022-04-22 22:02:33] [INFO] start get result 
[2022-04-22 22:02:33] [INFO] end get result 11 
[2022-04-22 22:02:33] [INFO] reader get 11 
[2022-04-22 22:02:33] [INFO] start get result 
[2022-04-22 22:02:33] [INFO] end get result 12 
[2022-04-22 22:02:33] [INFO] reader get 12 
[2022-04-22 22:02:33] [INFO] start get result 
[2022-04-22 22:02:33] [INFO] end get result 13 
[2022-04-22 22:02:33] [INFO] start get result 
[2022-04-22 22:02:33] [INFO] end get result 5 
[2022-04-22 22:02:33] [INFO] reader get 5 
[2022-04-22 22:02:33] [INFO] start get result 
[2022-04-22 22:02:33] [INFO] start reader 
[2022-04-22 22:02:33] [INFO] end get result 6 
[2022-04-22 22:02:33] [INFO] reader get 6 
[2022-04-22 22:02:33] [INFO] start get result 
[2022-04-22 22:02:33] [INFO] reader get 13 
[2022-04-22 22:02:33] [INFO] start reader 
[2022-04-22 22:02:33] [INFO] writer send [7, 8, 9, 10] 
[2022-04-22 22:02:33] [INFO] end writer 
[2022-04-22 22:02:33] [INFO] writer send [14, 15, 16, 17] 
[2022-04-22 22:02:33] [INFO] end writer 
[2022-04-22 22:02:33] [INFO] start get result 
[2022-04-22 22:02:33] [INFO] end get result 20 
[2022-04-22 22:02:33] [INFO] reader get 20 
[2022-04-22 22:02:33] [INFO] start get result 
[2022-04-22 22:02:33] [INFO] end get result 17 
[2022-04-22 22:02:33] [INFO] reader get 17 
[2022-04-22 22:02:33] [INFO] start get result 
[2022-04-22 22:02:33] [INFO] end get result 8 
[2022-04-22 22:02:33] [INFO] reader get 8 
[2022-04-22 22:02:33] [INFO] start get result 
[2022-04-22 22:02:33] [INFO] end get result 19 
[2022-04-22 22:02:33] [INFO] start get result 
[2022-04-22 22:02:33] [INFO] end get result 9 
[2022-04-22 22:02:33] [INFO] reader get 9 
[2022-04-22 22:02:33] [INFO] start get result 
[2022-04-22 22:02:33] [INFO] end get result 10 
[2022-04-22 22:02:33] [INFO] reader get 10 
[2022-04-22 22:02:33] [INFO] start get result 
[2022-04-22 22:02:33] [INFO] start get result 
[2022-04-22 22:02:33] [INFO] end get result 7 
[2022-04-22 22:02:33] [INFO] start get result 
[2022-04-22 22:02:33] [INFO] end get result 16 
[2022-04-22 22:02:33] [INFO] reader get 16 
[2022-04-22 22:02:33] [INFO] start get result 
[2022-04-22 22:02:33] [INFO] start reader 
[2022-04-22 22:02:33] [INFO] start get result 
[2022-04-22 22:02:33] [INFO] end get result 15 
[2022-04-22 22:02:33] [INFO] end get result 14 
[2022-04-22 22:02:33] [INFO] reader get 14 
[2022-04-22 22:02:33] [INFO] start get result 
[2022-04-22 22:02:33] [INFO] reader get 15 
[2022-04-22 22:02:33] [INFO] start get result 
[2022-04-22 22:02:33] [INFO] start reader 
[2022-04-22 22:02:33] [INFO] reader get 7 
[2022-04-22 22:02:33] [INFO] start get result 
[2022-04-22 22:02:33] [INFO] start reader 
[2022-04-22 22:02:33] [INFO] reader get 19 
[2022-04-22 22:02:33] [INFO] start get result 
[2022-04-22 22:02:33] [INFO] start get result 
[2022-04-22 22:02:33] [INFO] start get result 
[2022-04-22 22:02:33] [INFO] start get result 
Exception in thread "Thread-63848" java.util.concurrent.TimeoutException
	at serie1.Ex4.BlockingMessageQueueFuture$MyFuture.get(BlockingMessageQueueFuture.kt:222)
	at serie1.ex4.FutureTest$blocking_message_multiple_send_receive$2$thread$1.invoke(BlockingMessageQueueWithFutureTest.kt:179)
	at serie1.ex4.FutureTest$blocking_message_multiple_send_receive$2$thread$1.invoke(BlockingMessageQueueWithFutureTest.kt:169)
	at kotlin.concurrent.ThreadsKt$thread$thread$1.run(Thread.kt:30)
Exception in thread "Thread-63847" java.util.concurrent.TimeoutException
	at serie1.Ex4.BlockingMessageQueueFuture$MyFuture.get(BlockingMessageQueueFuture.kt:222)
	at serie1.ex4.FutureTest$blocking_message_multiple_send_receive$2$thread$1.invoke(BlockingMessageQueueWithFutureTest.kt:179)
	at serie1.ex4.FutureTest$blocking_message_multiple_send_receive$2$thread$1.invoke(BlockingMessageQueueWithFutureTest.kt:169)
	at kotlin.concurrent.ThreadsKt$thread$thread$1.run(Thread.kt:30)
Exception in thread "Thread-63844" java.util.concurrent.TimeoutException
	at serie1.Ex4.BlockingMessageQueueFuture$MyFuture.get(BlockingMessageQueueFuture.kt:222)
	at serie1.ex4.FutureTest$blocking_message_multiple_send_receive$2$thread$1.invoke(BlockingMessageQueueWithFutureTest.kt:179)
	at serie1.ex4.FutureTest$blocking_message_multiple_send_receive$2$thread$1.invoke(BlockingMessageQueueWithFutureTest.kt:169)
	at kotlin.concurrent.ThreadsKt$thread$thread$1.run(Thread.kt:30)
Exception in thread "Thread-63846" java.util.concurrent.TimeoutException
	at serie1.Ex4.BlockingMessageQueueFuture$MyFuture.get(BlockingMessageQueueFuture.kt:222)
	at serie1.ex4.FutureTest$blocking_message_multiple_send_receive$2$thread$1.invoke(BlockingMessageQueueWithFutureTest.kt:179)
	at serie1.ex4.FutureTest$blocking_message_multiple_send_receive$2$thread$1.invoke(BlockingMessageQueueWithFutureTest.kt:169)
	at kotlin.concurrent.ThreadsKt$thread$thread$1.run(Thread.kt:30)
Exception in thread "Thread-63843" java.util.concurrent.TimeoutException
	at serie1.Ex4.BlockingMessageQueueFuture$MyFuture.get(BlockingMessageQueueFuture.kt:222)
	at serie1.ex4.FutureTest$blocking_message_multiple_send_receive$2$thread$1.invoke(BlockingMessageQueueWithFutureTest.kt:179)
	at serie1.ex4.FutureTest$blocking_message_multiple_send_receive$2$thread$1.invoke(BlockingMessageQueueWithFutureTest.kt:169)
	at kotlin.concurrent.ThreadsKt$thread$thread$1.run(Thread.kt:30)
Exception in thread "Thread-63849" java.util.concurrent.TimeoutException
	at serie1.Ex4.BlockingMessageQueueFuture$MyFuture.get(BlockingMessageQueueFuture.kt:222)
	at serie1.ex4.FutureTest$blocking_message_multiple_send_receive$2$thread$1.invoke(BlockingMessageQueueWithFutureTest.kt:179)
	at serie1.ex4.FutureTest$blocking_message_multiple_send_receive$2$thread$1.invoke(BlockingMessageQueueWithFutureTest.kt:169)
	at kotlin.concurrent.ThreadsKt$thread$thread$1.run(Thread.kt:30)
Exception in thread "Thread-63851" java.util.concurrent.TimeoutException
	at serie1.Ex4.BlockingMessageQueueFuture$MyFuture.get(BlockingMessageQueueFuture.kt:222)
	at serie1.ex4.FutureTest$blocking_message_multiple_send_receive$2$thread$1.invoke(BlockingMessageQueueWithFutureTest.kt:179)
	at serie1.ex4.FutureTest$blocking_message_multiple_send_receive$2$thread$1.invoke(BlockingMessageQueueWithFutureTest.kt:169)
	at kotlin.concurrent.ThreadsKt$thread$thread$1.run(Thread.kt:30)
Exception in thread "Thread-63845" java.util.concurrent.TimeoutException
	at serie1.Ex4.BlockingMessageQueueFuture$MyFuture.get(BlockingMessageQueueFuture.kt:222)
	at serie1.ex4.FutureTest$blocking_message_multiple_send_receive$2$thread$1.invoke(BlockingMessageQueueWithFutureTest.kt:179)
	at serie1.ex4.FutureTest$blocking_message_multiple_send_receive$2$thread$1.invoke(BlockingMessageQueueWithFutureTest.kt:169)
	at kotlin.concurrent.ThreadsKt$thread$thread$1.run(Thread.kt:30)
Exception in thread "Thread-63850" java.util.concurrent.TimeoutException
	at serie1.Ex4.BlockingMessageQueueFuture$MyFuture.get(BlockingMessageQueueFuture.kt:222)
	at serie1.ex4.FutureTest$blocking_message_multiple_send_receive$2$thread$1.invoke(BlockingMessageQueueWithFutureTest.kt:179)
	at serie1.ex4.FutureTest$blocking_message_multiple_send_receive$2$thread$1.invoke(BlockingMessageQueueWithFutureTest.kt:169)
	at kotlin.concurrent.ThreadsKt$thread$thread$1.run(Thread.kt:30)
[2022-04-22 22:02:35] [INFO] start writer 
[2022-04-22 22:02:35] [INFO] start writer 
[2022-04-22 22:02:35] [INFO] writer try send [1, 2, 3] 
[2022-04-22 22:02:35] [INFO] start writer 
[2022-04-22 22:02:35] [INFO] writer try send [6] 
[2022-04-22 22:02:35] [INFO] start reader 
[2022-04-22 22:02:35] [INFO] start writer 
[2022-04-22 22:02:35] [INFO] writer try send [7, 8, 9, 10] 
[2022-04-22 22:02:35] [INFO] start writer 
[2022-04-22 22:02:35] [INFO] writer try send [11, 12, 13] 
[2022-04-22 22:02:35] [INFO] start writer 
[2022-04-22 22:02:35] [INFO] writer send [11, 12, 13] 
[2022-04-22 22:02:35] [INFO] writer try send [18, 19, 20] 
[2022-04-22 22:02:35] [INFO] start writer 
[2022-04-22 22:02:35] [INFO] end writer 
[2022-04-22 22:02:35] [INFO] writer send [6] 
[2022-04-22 22:02:35] [INFO] end writer 
[2022-04-22 22:02:35] [INFO] writer send [1, 2, 3] 
[2022-04-22 22:02:35] [INFO] end writer 
[2022-04-22 22:02:35] [INFO] start writer 
[2022-04-22 22:02:35] [INFO] end writer 
[2022-04-22 22:02:35] [INFO] writer try send [4, 5] 
[2022-04-22 22:02:35] [INFO] writer try send [14, 15, 16, 17] 
[2022-04-22 22:02:35] [INFO] start get result 
[2022-04-22 22:02:35] [INFO] end get result 1 
[2022-04-22 22:02:35] [INFO] reader get 1 
[2022-04-22 22:02:35] [INFO] start get result 
[2022-04-22 22:02:35] [INFO] end get result 2 
[2022-04-22 22:02:35] [INFO] reader get 2 
[2022-04-22 22:02:35] [INFO] writer send [7, 8, 9, 10] 
[2022-04-22 22:02:35] [INFO] end writer 
[2022-04-22 22:02:35] [INFO] start reader 
[2022-04-22 22:02:35] [INFO] writer send [4, 5] 
[2022-04-22 22:02:35] [INFO] end writer 
[2022-04-22 22:02:35] [INFO] start get result 
[2022-04-22 22:02:35] [INFO] end get result 3 
[2022-04-22 22:02:35] [INFO] start reader 
[2022-04-22 22:02:35] [INFO] reader get 3 
[2022-04-22 22:02:35] [INFO] start get result 
[2022-04-22 22:02:35] [INFO] start reader 
[2022-04-22 22:02:35] [INFO] end get result 6 
[2022-04-22 22:02:35] [INFO] reader get 6 
[2022-04-22 22:02:35] [INFO] start get result 
[2022-04-22 22:02:35] [INFO] start reader 
[2022-04-22 22:02:35] [INFO] writer send [18, 19, 20] 
[2022-04-22 22:02:35] [INFO] start get result 
[2022-04-22 22:02:35] [INFO] end writer 
[2022-04-22 22:02:35] [INFO] start get result 
[2022-04-22 22:02:35] [INFO] end get result 10 
[2022-04-22 22:02:35] [INFO] reader get 10 
[2022-04-22 22:02:35] [INFO] start get result 
[2022-04-22 22:02:35] [INFO] end get result 11 
[2022-04-22 22:02:35] [INFO] reader get 11 
[2022-04-22 22:02:35] [INFO] start get result 
[2022-04-22 22:02:35] [INFO] end get result 13 
[2022-04-22 22:02:35] [INFO] reader get 13 
[2022-04-22 22:02:35] [INFO] start get result 
[2022-04-22 22:02:35] [INFO] end get result 4 
[2022-04-22 22:02:35] [INFO] reader get 4 
[2022-04-22 22:02:35] [INFO] end get result 9 
[2022-04-22 22:02:35] [INFO] reader get 9 
[2022-04-22 22:02:35] [INFO] start get result 
[2022-04-22 22:02:35] [INFO] end get result 18 
[2022-04-22 22:02:35] [INFO] start reader 
[2022-04-22 22:02:35] [INFO] end get result 8 
[2022-04-22 22:02:35] [INFO] reader get 8 
[2022-04-22 22:02:35] [INFO] start get result 
[2022-04-22 22:02:35] [INFO] end get result 7 
[2022-04-22 22:02:35] [INFO] reader get 7 
[2022-04-22 22:02:35] [INFO] start reader 
[2022-04-22 22:02:35] [INFO] start get result 
[2022-04-22 22:02:35] [INFO] end get result 19 
[2022-04-22 22:02:35] [INFO] reader get 18 
[2022-04-22 22:02:35] [INFO] start get result 
[2022-04-22 22:02:35] [INFO] end get result 15 
[2022-04-22 22:02:35] [INFO] reader get 15 
[2022-04-22 22:02:35] [INFO] start get result 
[2022-04-22 22:02:35] [INFO] end get result 16 
[2022-04-22 22:02:35] [INFO] reader get 16 
[2022-04-22 22:02:35] [INFO] start get result 
[2022-04-22 22:02:35] [INFO] end get result 5 
[2022-04-22 22:02:35] [INFO] reader get 5 
[2022-04-22 22:02:35] [INFO] start get result 
[2022-04-22 22:02:35] [INFO] writer send [14, 15, 16, 17] 
[2022-04-22 22:02:35] [INFO] start get result 
[2022-04-22 22:02:35] [INFO] end get result 12 
[2022-04-22 22:02:35] [INFO] reader get 12 
[2022-04-22 22:02:35] [INFO] start get result 
[2022-04-22 22:02:35] [INFO] end writer 
[2022-04-22 22:02:35] [INFO] start get result 
[2022-04-22 22:02:35] [INFO] start get result 
[2022-04-22 22:02:35] [INFO] end get result 17 
[2022-04-22 22:02:35] [INFO] reader get 17 
[2022-04-22 22:02:35] [INFO] start reader 
[2022-04-22 22:02:35] [INFO] reader get 19 
[2022-04-22 22:02:35] [INFO] start get result 
[2022-04-22 22:02:35] [INFO] start reader 
[2022-04-22 22:02:35] [INFO] start get result 
[2022-04-22 22:02:35] [INFO] end get result 14 
[2022-04-22 22:02:35] [INFO] start get result 
[2022-04-22 22:02:35] [INFO] end get result 20 
[2022-04-22 22:02:35] [INFO] reader get 20 
[2022-04-22 22:02:35] [INFO] start get result 
[2022-04-22 22:02:35] [INFO] reader get 14 
[2022-04-22 22:02:35] [INFO] start get result 
[2022-04-22 22:02:35] [INFO] start get result 
[2022-04-22 22:02:35] [INFO] start get result 
[2022-04-22 22:02:35] [INFO] start get result 
Exception in thread "Thread-63864" java.util.concurrent.TimeoutException
	at serie1.Ex4.BlockingMessageQueueFuture$MyFuture.get(BlockingMessageQueueFuture.kt:222)
	at serie1.ex4.FutureTest$blocking_message_multiple_send_receive$2$thread$1.invoke(BlockingMessageQueueWithFutureTest.kt:179)
	at serie1.ex4.FutureTest$blocking_message_multiple_send_receive$2$thread$1.invoke(BlockingMessageQueueWithFutureTest.kt:169)
	at kotlin.concurrent.ThreadsKt$thread$thread$1.run(Thread.kt:30)
Exception in thread "Thread-63863" java.util.concurrent.TimeoutException
	at serie1.Ex4.BlockingMessageQueueFuture$MyFuture.get(BlockingMessageQueueFuture.kt:222)
	at serie1.ex4.FutureTest$blocking_message_multiple_send_receive$2$thread$1.invoke(BlockingMessageQueueWithFutureTest.kt:179)
	at serie1.ex4.FutureTest$blocking_message_multiple_send_receive$2$thread$1.invoke(BlockingMessageQueueWithFutureTest.kt:169)
	at kotlin.concurrent.ThreadsKt$thread$thread$1.run(Thread.kt:30)
Exception in thread "Thread-63868" java.util.concurrent.TimeoutException
	at serie1.Ex4.BlockingMessageQueueFuture$MyFuture.get(BlockingMessageQueueFuture.kt:222)
	at serie1.ex4.FutureTest$blocking_message_multiple_send_receive$2$thread$1.invoke(BlockingMessageQueueWithFutureTest.kt:179)
	at serie1.ex4.FutureTest$blocking_message_multiple_send_receive$2$thread$1.invoke(BlockingMessageQueueWithFutureTest.kt:169)
	at kotlin.concurrent.ThreadsKt$thread$thread$1.run(Thread.kt:30)
Exception in thread "Thread-63862" java.util.concurrent.TimeoutException
	at serie1.Ex4.BlockingMessageQueueFuture$MyFuture.get(BlockingMessageQueueFuture.kt:222)
	at serie1.ex4.FutureTest$blocking_message_multiple_send_receive$2$thread$1.invoke(BlockingMessageQueueWithFutureTest.kt:179)
	at serie1.ex4.FutureTest$blocking_message_multiple_send_receive$2$thread$1.invoke(BlockingMessageQueueWithFutureTest.kt:169)
	at kotlin.concurrent.ThreadsKt$thread$thread$1.run(Thread.kt:30)
Exception in thread "Thread-63869" java.util.concurrent.TimeoutException
	at serie1.Ex4.BlockingMessageQueueFuture$MyFuture.get(BlockingMessageQueueFuture.kt:222)
	at serie1.ex4.FutureTest$blocking_message_multiple_send_receive$2$thread$1.invoke(BlockingMessageQueueWithFutureTest.kt:179)
	at serie1.ex4.FutureTest$blocking_message_multiple_send_receive$2$thread$1.invoke(BlockingMessageQueueWithFutureTest.kt:169)
	at kotlin.concurrent.ThreadsKt$thread$thread$1.run(Thread.kt:30)
Exception in thread "Thread-63861" java.util.concurrent.TimeoutException
	at serie1.Ex4.BlockingMessageQueueFuture$MyFuture.get(BlockingMessageQueueFuture.kt:222)
	at serie1.ex4.FutureTest$blocking_message_multiple_send_receive$2$thread$1.invoke(BlockingMessageQueueWithFutureTest.kt:179)
	at serie1.ex4.FutureTest$blocking_message_multiple_send_receive$2$thread$1.invoke(BlockingMessageQueueWithFutureTest.kt:169)
	at kotlin.concurrent.ThreadsKt$thread$thread$1.run(Thread.kt:30)
Exception in thread "Thread-63865" java.util.concurrent.TimeoutException
	at serie1.Ex4.BlockingMessageQueueFuture$MyFuture.get(BlockingMessageQueueFuture.kt:222)
	at serie1.ex4.FutureTest$blocking_message_multiple_send_receive$2$thread$1.invoke(BlockingMessageQueueWithFutureTest.kt:179)
	at serie1.ex4.FutureTest$blocking_message_multiple_send_receive$2$thread$1.invoke(BlockingMessageQueueWithFutureTest.kt:169)
	at kotlin.concurrent.ThreadsKt$thread$thread$1.run(Thread.kt:30)
Exception in thread "Thread-63866" java.util.concurrent.TimeoutException
	at serie1.Ex4.BlockingMessageQueueFuture$MyFuture.get(BlockingMessageQueueFuture.kt:222)
	at serie1.ex4.FutureTest$blocking_message_multiple_send_receive$2$thread$1.invoke(BlockingMessageQueueWithFutureTest.kt:179)
	at serie1.ex4.FutureTest$blocking_message_multiple_send_receive$2$thread$1.invoke(BlockingMessageQueueWithFutureTest.kt:169)
	at kotlin.concurrent.ThreadsKt$thread$thread$1.run(Thread.kt:30)
Exception in thread "Thread-63867" java.util.concurrent.TimeoutException
	at serie1.Ex4.BlockingMessageQueueFuture$MyFuture.get(BlockingMessageQueueFuture.kt:222)
	at serie1.ex4.FutureTest$blocking_message_multiple_send_receive$2$thread$1.invoke(BlockingMessageQueueWithFutureTest.kt:179)
	at serie1.ex4.FutureTest$blocking_message_multiple_send_receive$2$thread$1.invoke(BlockingMessageQueueWithFutureTest.kt:169)
	at kotlin.concurrent.ThreadsKt$thread$thread$1.run(Thread.kt:30)
[2022-04-22 22:02:37] [INFO] start writer 
[2022-04-22 22:02:37] [INFO] writer try send [1, 2, 3] 
[2022-04-22 22:02:37] [INFO] start writer 
[2022-04-22 22:02:37] [INFO] start writer 
[2022-04-22 22:02:37] [INFO] start writer 
[2022-04-22 22:02:37] [INFO] writer try send [7, 8, 9, 10] 
[2022-04-22 22:02:37] [INFO] start writer 
[2022-04-22 22:02:37] [INFO] writer try send [11, 12, 13] 
[2022-04-22 22:02:37] [INFO] start writer 
[2022-04-22 22:02:37] [INFO] writer try send [14, 15, 16, 17] 
[2022-04-22 22:02:37] [INFO] writer send [1, 2, 3] 
[2022-04-22 22:02:37] [INFO] writer try send [18, 19, 20] 
[2022-04-22 22:02:37] [INFO] start writer 
[2022-04-22 22:02:37] [INFO] end writer 
[2022-04-22 22:02:37] [INFO] start writer 
[2022-04-22 22:02:37] [INFO] end writer 
[2022-04-22 22:02:37] [INFO] start reader 
[2022-04-22 22:02:37] [INFO] start writer 
[2022-04-22 22:02:37] [INFO] end writer 
[2022-04-22 22:02:37] [INFO] start reader 
[2022-04-22 22:02:37] [INFO] writer try send [6] 
[2022-04-22 22:02:37] [INFO] writer send [6] 
[2022-04-22 22:02:37] [INFO] start reader 
[2022-04-22 22:02:37] [INFO] writer try send [4, 5] 
[2022-04-22 22:02:37] [INFO] end writer 
[2022-04-22 22:02:37] [INFO] start reader 
[2022-04-22 22:02:37] [INFO] start get result 
[2022-04-22 22:02:37] [INFO] start reader 
[2022-04-22 22:02:37] [INFO] start get result 
[2022-04-22 22:02:37] [INFO] start reader 
[2022-04-22 22:02:37] [INFO] end get result 1 
[2022-04-22 22:02:37] [INFO] start get result 
[2022-04-22 22:02:37] [INFO] start reader 
[2022-04-22 22:02:37] [INFO] start get result 
[2022-04-22 22:02:37] [INFO] start reader 
[2022-04-22 22:02:37] [INFO] end get result 3 
[2022-04-22 22:02:37] [INFO] reader get 3 
[2022-04-22 22:02:37] [INFO] start get result 
[2022-04-22 22:02:37] [INFO] start reader 
[2022-04-22 22:02:37] [INFO] end get result 2 
[2022-04-22 22:02:37] [INFO] start get result 
[2022-04-22 22:02:37] [INFO] writer send [11, 12, 13] 
[2022-04-22 22:02:38] [INFO] end writer 
[2022-04-22 22:02:38] [INFO] start get result 
[2022-04-22 22:02:38] [INFO] end get result 5 
[2022-04-22 22:02:38] [INFO] end get result 4 
[2022-04-22 22:02:38] [INFO] reader get 4 
[2022-04-22 22:02:38] [INFO] start get result 
[2022-04-22 22:02:38] [INFO] end get result 19 
[2022-04-22 22:02:37] [INFO] writer send [18, 19, 20] 
[2022-04-22 22:02:38] [INFO] end writer 
[2022-04-22 22:02:37] [INFO] reader get 2 
[2022-04-22 22:02:37] [INFO] end get result 13 
[2022-04-22 22:02:38] [INFO] reader get 13 
[2022-04-22 22:02:38] [INFO] start get result 
[2022-04-22 22:02:38] [INFO] end get result 7 
[2022-04-22 22:02:38] [INFO] reader get 7 
[2022-04-22 22:02:37] [INFO] start get result 
[2022-04-22 22:02:38] [INFO] end get result 12 
[2022-04-22 22:02:38] [INFO] reader get 12 
[2022-04-22 22:02:38] [INFO] start get result 
[2022-04-22 22:02:38] [INFO] end get result 9 
[2022-04-22 22:02:38] [INFO] reader get 9 
[2022-04-22 22:02:38] [INFO] start get result 
[2022-04-22 22:02:37] [INFO] writer send [4, 5] 
[2022-04-22 22:02:38] [INFO] end writer 
[2022-04-22 22:02:37] [INFO] start get result 
[2022-04-22 22:02:38] [INFO] end get result 11 
[2022-04-22 22:02:37] [INFO] end get result 6 
[2022-04-22 22:02:38] [INFO] reader get 6 
[2022-04-22 22:02:38] [INFO] start get result 
[2022-04-22 22:02:38] [INFO] end get result 14 
[2022-04-22 22:02:37] [INFO] reader get 1 
[2022-04-22 22:02:38] [INFO] start get result 
[2022-04-22 22:02:38] [INFO] reader get 14 
[2022-04-22 22:02:38] [INFO] start get result 
[2022-04-22 22:02:38] [INFO] end get result 16 
[2022-04-22 22:02:38] [INFO] reader get 16 
[2022-04-22 22:02:38] [INFO] start get result 
[2022-04-22 22:02:38] [INFO] end get result 17 
[2022-04-22 22:02:38] [INFO] reader get 17 
[2022-04-22 22:02:38] [INFO] start get result 
[2022-04-22 22:02:38] [INFO] reader get 11 
[2022-04-22 22:02:38] [INFO] start get result 
[2022-04-22 22:02:38] [INFO] end get result 10 
[2022-04-22 22:02:38] [INFO] reader get 10 
[2022-04-22 22:02:38] [INFO] start get result 
[2022-04-22 22:02:38] [INFO] writer send [14, 15, 16, 17] 
[2022-04-22 22:02:38] [INFO] end writer 
[2022-04-22 22:02:38] [INFO] start get result 
[2022-04-22 22:02:38] [INFO] end get result 8 
[2022-04-22 22:02:38] [INFO] reader get 8 
[2022-04-22 22:02:38] [INFO] start get result 
[2022-04-22 22:02:38] [INFO] start get result 
[2022-04-22 22:02:38] [INFO] end get result 20 
[2022-04-22 22:02:38] [INFO] reader get 20 
[2022-04-22 22:02:38] [INFO] start get result 
[2022-04-22 22:02:38] [INFO] writer send [7, 8, 9, 10] 
[2022-04-22 22:02:38] [INFO] end writer 
[2022-04-22 22:02:38] [INFO] reader get 19 
[2022-04-22 22:02:38] [INFO] start get result 
[2022-04-22 22:02:38] [INFO] reader get 5 
[2022-04-22 22:02:38] [INFO] start get result 
[2022-04-22 22:02:38] [INFO] start get result 
[2022-04-22 22:02:38] [INFO] end get result 18 
[2022-04-22 22:02:38] [INFO] reader get 18 
[2022-04-22 22:02:38] [INFO] start get result 
[2022-04-22 22:02:38] [INFO] end get result 15 
[2022-04-22 22:02:38] [INFO] reader get 15 
[2022-04-22 22:02:38] [INFO] start get result 
Exception in thread "Thread-63883" java.util.concurrent.TimeoutException
	at serie1.Ex4.BlockingMessageQueueFuture$MyFuture.get(BlockingMessageQueueFuture.kt:222)
	at serie1.ex4.FutureTest$blocking_message_multiple_send_receive$2$thread$1.invoke(BlockingMessageQueueWithFutureTest.kt:179)
	at serie1.ex4.FutureTest$blocking_message_multiple_send_receive$2$thread$1.invoke(BlockingMessageQueueWithFutureTest.kt:169)
	at kotlin.concurrent.ThreadsKt$thread$thread$1.run(Thread.kt:30)
Exception in thread "Thread-63886" java.util.concurrent.TimeoutException
	at serie1.Ex4.BlockingMessageQueueFuture$MyFuture.get(BlockingMessageQueueFuture.kt:222)
	at serie1.ex4.FutureTest$blocking_message_multiple_send_receive$2$thread$1.invoke(BlockingMessageQueueWithFutureTest.kt:179)
	at serie1.ex4.FutureTest$blocking_message_multiple_send_receive$2$thread$1.invoke(BlockingMessageQueueWithFutureTest.kt:169)
	at kotlin.concurrent.ThreadsKt$thread$thread$1.run(Thread.kt:30)
Exception in thread "Thread-63884" java.util.concurrent.TimeoutException
	at serie1.Ex4.BlockingMessageQueueFuture$MyFuture.get(BlockingMessageQueueFuture.kt:222)
	at serie1.ex4.FutureTest$blocking_message_multiple_send_receive$2$thread$1.invoke(BlockingMessageQueueWithFutureTest.kt:179)
	at serie1.ex4.FutureTest$blocking_message_multiple_send_receive$2$thread$1.invoke(BlockingMessageQueueWithFutureTest.kt:169)
	at kotlin.concurrent.ThreadsKt$thread$thread$1.run(Thread.kt:30)
Exception in thread "Thread-63882" java.util.concurrent.TimeoutException
	at serie1.Ex4.BlockingMessageQueueFuture$MyFuture.get(BlockingMessageQueueFuture.kt:222)
	at serie1.ex4.FutureTest$blocking_message_multiple_send_receive$2$thread$1.invoke(BlockingMessageQueueWithFutureTest.kt:179)
	at serie1.ex4.FutureTest$blocking_message_multiple_send_receive$2$thread$1.invoke(BlockingMessageQueueWithFutureTest.kt:169)
	at kotlin.concurrent.ThreadsKt$thread$thread$1.run(Thread.kt:30)
Exception in thread "Thread-63885" java.util.concurrent.TimeoutException
	at serie1.Ex4.BlockingMessageQueueFuture$MyFuture.get(BlockingMessageQueueFuture.kt:222)
	at serie1.ex4.FutureTest$blocking_message_multiple_send_receive$2$thread$1.invoke(BlockingMessageQueueWithFutureTest.kt:179)
	at serie1.ex4.FutureTest$blocking_message_multiple_send_receive$2$thread$1.invoke(BlockingMessageQueueWithFutureTest.kt:169)
	at kotlin.concurrent.ThreadsKt$thread$thread$1.run(Thread.kt:30)
Exception in thread "Thread-63881" java.util.concurrent.TimeoutException
	at serie1.Ex4.BlockingMessageQueueFuture$MyFuture.get(BlockingMessageQueueFuture.kt:222)
	at serie1.ex4.FutureTest$blocking_message_multiple_send_receive$2$thread$1.invoke(BlockingMessageQueueWithFutureTest.kt:179)
	at serie1.ex4.FutureTest$blocking_message_multiple_send_receive$2$thread$1.invoke(BlockingMessageQueueWithFutureTest.kt:169)
	at kotlin.concurrent.ThreadsKt$thread$thread$1.run(Thread.kt:30)
Exception in thread "Thread-63887" java.util.concurrent.TimeoutException
	at serie1.Ex4.BlockingMessageQueueFuture$MyFuture.get(BlockingMessageQueueFuture.kt:222)
	at serie1.ex4.FutureTest$blocking_message_multiple_send_receive$2$thread$1.invoke(BlockingMessageQueueWithFutureTest.kt:179)
	at serie1.ex4.FutureTest$blocking_message_multiple_send_receive$2$thread$1.invoke(BlockingMessageQueueWithFutureTest.kt:169)
	at kotlin.concurrent.ThreadsKt$thread$thread$1.run(Thread.kt:30)
Exception in thread "Thread-63888" java.util.concurrent.TimeoutException
	at serie1.Ex4.BlockingMessageQueueFuture$MyFuture.get(BlockingMessageQueueFuture.kt:222)
	at serie1.ex4.FutureTest$blocking_message_multiple_send_receive$2$thread$1.invoke(BlockingMessageQueueWithFutureTest.kt:179)
	at serie1.ex4.FutureTest$blocking_message_multiple_send_receive$2$thread$1.invoke(BlockingMessageQueueWithFutureTest.kt:169)
	at kotlin.concurrent.ThreadsKt$thread$thread$1.run(Thread.kt:30)
Exception in thread "Thread-63880" java.util.concurrent.TimeoutException
	at serie1.Ex4.BlockingMessageQueueFuture$MyFuture.get(BlockingMessageQueueFuture.kt:222)
	at serie1.ex4.FutureTest$blocking_message_multiple_send_receive$2$thread$1.invoke(BlockingMessageQueueWithFutureTest.kt:179)
	at serie1.ex4.FutureTest$blocking_message_multiple_send_receive$2$thread$1.invoke(BlockingMessageQueueWithFutureTest.kt:169)
	at kotlin.concurrent.ThreadsKt$thread$thread$1.run(Thread.kt:30)
[2022-04-22 22:02:40] [INFO] start writer 
[2022-04-22 22:02:40] [INFO] start writer 
[2022-04-22 22:02:40] [INFO] writer try send [4, 5] 
[2022-04-22 22:02:40] [INFO] writer send [4, 5] 
[2022-04-22 22:02:40] [INFO] writer try send [6] 
[2022-04-22 22:02:40] [INFO] start writer 
[2022-04-22 22:02:40] [INFO] writer try send [7, 8, 9, 10] 
[2022-04-22 22:02:40] [INFO] start writer 
[2022-04-22 22:02:40] [INFO] writer try send [11, 12, 13] 
[2022-04-22 22:02:40] [INFO] start reader 
[2022-04-22 22:02:40] [INFO] start writer 
[2022-04-22 22:02:40] [INFO] start writer 
[2022-04-22 22:02:40] [INFO] start writer 
[2022-04-22 22:02:40] [INFO] end writer 
[2022-04-22 22:02:40] [INFO] start get result 
[2022-04-22 22:02:40] [INFO] end get result 4 
[2022-04-22 22:02:40] [INFO] reader get 4 
[2022-04-22 22:02:40] [INFO] writer try send [1, 2, 3] 
[2022-04-22 22:02:40] [INFO] start get result 
[2022-04-22 22:02:40] [INFO] end get result 5 
[2022-04-22 22:02:40] [INFO] reader get 5 
[2022-04-22 22:02:40] [INFO] start get result 
[2022-04-22 22:02:40] [INFO] writer try send [18, 19, 20] 
[2022-04-22 22:02:40] [INFO] writer send [18, 19, 20] 
[2022-04-22 22:02:40] [INFO] writer try send [14, 15, 16, 17] 
[2022-04-22 22:02:40] [INFO] start reader 
[2022-04-22 22:02:40] [INFO] start writer 
[2022-04-22 22:02:40] [INFO] end writer 
[2022-04-22 22:02:40] [INFO] start reader 
[2022-04-22 22:02:40] [INFO] writer send [11, 12, 13] 
[2022-04-22 22:02:40] [INFO] end writer 
[2022-04-22 22:02:40] [INFO] start reader 
[2022-04-22 22:02:40] [INFO] start get result 
[2022-04-22 22:02:40] [INFO] end get result 11 
[2022-04-22 22:02:40] [INFO] reader get 11 
[2022-04-22 22:02:40] [INFO] start get result 
[2022-04-22 22:02:40] [INFO] end get result 13 
[2022-04-22 22:02:40] [INFO] writer send [6] 
[2022-04-22 22:02:40] [INFO] end writer 
[2022-04-22 22:02:40] [INFO] start get result 
[2022-04-22 22:02:40] [INFO] end get result 18 
[2022-04-22 22:02:40] [INFO] reader get 18 
[2022-04-22 22:02:40] [INFO] start writer 
[2022-04-22 22:02:40] [INFO] end writer 
[2022-04-22 22:02:40] [INFO] start get result 
[2022-04-22 22:02:40] [INFO] end get result 19 
[2022-04-22 22:02:40] [INFO] reader get 19 
[2022-04-22 22:02:40] [INFO] start get result 
[2022-04-22 22:02:40] [INFO] end get result 20 
[2022-04-22 22:02:40] [INFO] reader get 20 
[2022-04-22 22:02:40] [INFO] writer send [1, 2, 3] 
[2022-04-22 22:02:40] [INFO] writer send [7, 8, 9, 10] 
[2022-04-22 22:02:40] [INFO] end writer 
[2022-04-22 22:02:40] [INFO] reader get 13 
[2022-04-22 22:02:40] [INFO] start get result 
[2022-04-22 22:02:40] [INFO] end get result 2 
[2022-04-22 22:02:40] [INFO] start reader 
[2022-04-22 22:02:40] [INFO] start get result 
[2022-04-22 22:02:40] [INFO] end get result 12 
[2022-04-22 22:02:40] [INFO] end writer 
[2022-04-22 22:02:40] [INFO] end get result 6 
[2022-04-22 22:02:40] [INFO] reader get 6 
[2022-04-22 22:02:40] [INFO] start get result 
[2022-04-22 22:02:40] [INFO] end get result 3 
[2022-04-22 22:02:40] [INFO] reader get 3 
[2022-04-22 22:02:40] [INFO] start get result 
[2022-04-22 22:02:40] [INFO] end get result 7 
[2022-04-22 22:02:40] [INFO] reader get 7 
[2022-04-22 22:02:40] [INFO] start reader 
[2022-04-22 22:02:40] [INFO] reader get 12 
[2022-04-22 22:02:40] [INFO] start get result 
[2022-04-22 22:02:40] [INFO] end get result 10 
[2022-04-22 22:02:40] [INFO] reader get 2 
[2022-04-22 22:02:40] [INFO] start get result 
[2022-04-22 22:02:40] [INFO] end get result 14 
[2022-04-22 22:02:40] [INFO] reader get 14 
[2022-04-22 22:02:40] [INFO] start get result 
[2022-04-22 22:02:40] [INFO] end get result 15 
[2022-04-22 22:02:40] [INFO] start get result 
[2022-04-22 22:02:40] [INFO] end get result 16 
[2022-04-22 22:02:40] [INFO] reader get 16 
[2022-04-22 22:02:40] [INFO] start get result 
[2022-04-22 22:02:40] [INFO] end get result 17 
[2022-04-22 22:02:40] [INFO] end writer 
[2022-04-22 22:02:40] [INFO] start get result 
[2022-04-22 22:02:40] [INFO] end get result 1 
[2022-04-22 22:02:40] [INFO] reader get 1 
[2022-04-22 22:02:40] [INFO] reader get 17 
[2022-04-22 22:02:40] [INFO] start get result 
[2022-04-22 22:02:40] [INFO] reader get 15 
[2022-04-22 22:02:40] [INFO] start get result 
[2022-04-22 22:02:40] [INFO] start reader 
[2022-04-22 22:02:40] [INFO] reader get 10 
[2022-04-22 22:02:40] [INFO] start get result 
[2022-04-22 22:02:40] [INFO] writer send [14, 15, 16, 17] 
[2022-04-22 22:02:40] [INFO] start reader 
[2022-04-22 22:02:40] [INFO] start get result 
[2022-04-22 22:02:40] [INFO] end get result 9 
[2022-04-22 22:02:40] [INFO] reader get 9 
[2022-04-22 22:02:40] [INFO] start reader 
[2022-04-22 22:02:40] [INFO] start get result 
[2022-04-22 22:02:40] [INFO] end get result 8 
[2022-04-22 22:02:40] [INFO] start get result 
[2022-04-22 22:02:40] [INFO] start get result 
[2022-04-22 22:02:40] [INFO] end writer 
[2022-04-22 22:02:40] [INFO] start get result 
[2022-04-22 22:02:40] [INFO] start get result 
[2022-04-22 22:02:40] [INFO] start get result 
[2022-04-22 22:02:40] [INFO] reader get 8 
[2022-04-22 22:02:40] [INFO] start get result 
Exception in thread "Thread-63902" java.util.concurrent.TimeoutException
	at serie1.Ex4.BlockingMessageQueueFuture$MyFuture.get(BlockingMessageQueueFuture.kt:222)
	at serie1.ex4.FutureTest$blocking_message_multiple_send_receive$2$thread$1.invoke(BlockingMessageQueueWithFutureTest.kt:179)
	at serie1.ex4.FutureTest$blocking_message_multiple_send_receive$2$thread$1.invoke(BlockingMessageQueueWithFutureTest.kt:169)
	at kotlin.concurrent.ThreadsKt$thread$thread$1.run(Thread.kt:30)
Exception in thread "Thread-63906" java.util.concurrent.TimeoutException
	at serie1.Ex4.BlockingMessageQueueFuture$MyFuture.get(BlockingMessageQueueFuture.kt:222)
	at serie1.ex4.FutureTest$blocking_message_multiple_send_receive$2$thread$1.invoke(BlockingMessageQueueWithFutureTest.kt:179)
	at serie1.ex4.FutureTest$blocking_message_multiple_send_receive$2$thread$1.invoke(BlockingMessageQueueWithFutureTest.kt:169)
	at kotlin.concurrent.ThreadsKt$thread$thread$1.run(Thread.kt:30)
Exception in thread "Thread-63900" java.util.concurrent.TimeoutException
	at serie1.Ex4.BlockingMessageQueueFuture$MyFuture.get(BlockingMessageQueueFuture.kt:222)
	at serie1.ex4.FutureTest$blocking_message_multiple_send_receive$2$thread$1.invoke(BlockingMessageQueueWithFutureTest.kt:179)
	at serie1.ex4.FutureTest$blocking_message_multiple_send_receive$2$thread$1.invoke(BlockingMessageQueueWithFutureTest.kt:169)
	at kotlin.concurrent.ThreadsKt$thread$thread$1.run(Thread.kt:30)
Exception in thread "Thread-63907" java.util.concurrent.TimeoutException
	at serie1.Ex4.BlockingMessageQueueFuture$MyFuture.get(BlockingMessageQueueFuture.kt:222)
	at serie1.ex4.FutureTest$blocking_message_multiple_send_receive$2$thread$1.invoke(BlockingMessageQueueWithFutureTest.kt:179)
	at serie1.ex4.FutureTest$blocking_message_multiple_send_receive$2$thread$1.invoke(BlockingMessageQueueWithFutureTest.kt:169)
	at kotlin.concurrent.ThreadsKt$thread$thread$1.run(Thread.kt:30)
Exception in thread "Thread-63905" java.util.concurrent.TimeoutException
	at serie1.Ex4.BlockingMessageQueueFuture$MyFuture.get(BlockingMessageQueueFuture.kt:222)
	at serie1.ex4.FutureTest$blocking_message_multiple_send_receive$2$thread$1.invoke(BlockingMessageQueueWithFutureTest.kt:179)
	at serie1.ex4.FutureTest$blocking_message_multiple_send_receive$2$thread$1.invoke(BlockingMessageQueueWithFutureTest.kt:169)
	at kotlin.concurrent.ThreadsKt$thread$thread$1.run(Thread.kt:30)
Exception in thread "Thread-63904" java.util.concurrent.TimeoutException
	at serie1.Ex4.BlockingMessageQueueFuture$MyFuture.get(BlockingMessageQueueFuture.kt:222)
	at serie1.ex4.FutureTest$blocking_message_multiple_send_receive$2$thread$1.invoke(BlockingMessageQueueWithFutureTest.kt:179)
	at serie1.ex4.FutureTest$blocking_message_multiple_send_receive$2$thread$1.invoke(BlockingMessageQueueWithFutureTest.kt:169)
	at kotlin.concurrent.ThreadsKt$thread$thread$1.run(Thread.kt:30)
Exception in thread "Thread-63899" java.util.concurrent.TimeoutException
	at serie1.Ex4.BlockingMessageQueueFuture$MyFuture.get(BlockingMessageQueueFuture.kt:222)
	at serie1.ex4.FutureTest$blocking_message_multiple_send_receive$2$thread$1.invoke(BlockingMessageQueueWithFutureTest.kt:179)
	at serie1.ex4.FutureTest$blocking_message_multiple_send_receive$2$thread$1.invoke(BlockingMessageQueueWithFutureTest.kt:169)
	at kotlin.concurrent.ThreadsKt$thread$thread$1.run(Thread.kt:30)
Exception in thread "Thread-63903" java.util.concurrent.TimeoutException
	at serie1.Ex4.BlockingMessageQueueFuture$MyFuture.get(BlockingMessageQueueFuture.kt:222)
	at serie1.ex4.FutureTest$blocking_message_multiple_send_receive$2$thread$1.invoke(BlockingMessageQueueWithFutureTest.kt:179)
	at serie1.ex4.FutureTest$blocking_message_multiple_send_receive$2$thread$1.invoke(BlockingMessageQueueWithFutureTest.kt:169)
	at kotlin.concurrent.ThreadsKt$thread$thread$1.run(Thread.kt:30)
Exception in thread "Thread-63901" java.util.concurrent.TimeoutException
	at serie1.Ex4.BlockingMessageQueueFuture$MyFuture.get(BlockingMessageQueueFuture.kt:222)
	at serie1.ex4.FutureTest$blocking_message_multiple_send_receive$2$thread$1.invoke(BlockingMessageQueueWithFutureTest.kt:179)
	at serie1.ex4.FutureTest$blocking_message_multiple_send_receive$2$thread$1.invoke(BlockingMessageQueueWithFutureTest.kt:169)
	at kotlin.concurrent.ThreadsKt$thread$thread$1.run(Thread.kt:30)
[2022-04-22 22:02:42] [INFO] start writer 
[2022-04-22 22:02:42] [INFO] start writer 
[2022-04-22 22:02:42] [INFO] writer try send [4, 5] 
[2022-04-22 22:02:42] [INFO] writer send [4, 5] 
[2022-04-22 22:02:42] [INFO] writer try send [6] 
[2022-04-22 22:02:42] [INFO] start writer 
[2022-04-22 22:02:42] [INFO] start reader 
[2022-04-22 22:02:42] [INFO] start writer 
[2022-04-22 22:02:42] [INFO] writer try send [11, 12, 13] 
[2022-04-22 22:02:42] [INFO] writer try send [1, 2, 3] 
[2022-04-22 22:02:42] [INFO] start writer 
[2022-04-22 22:02:42] [INFO] writer try send [14, 15, 16, 17] 
[2022-04-22 22:02:42] [INFO] start writer 
[2022-04-22 22:02:42] [INFO] start writer 
[2022-04-22 22:02:42] [INFO] start get result 
[2022-04-22 22:02:42] [INFO] end get result 4 
[2022-04-22 22:02:42] [INFO] reader get 4 
[2022-04-22 22:02:42] [INFO] start get result 
[2022-04-22 22:02:42] [INFO] writer send [11, 12, 13] 
[2022-04-22 22:02:42] [INFO] end writer 
[2022-04-22 22:02:42] [INFO] start reader 
[2022-04-22 22:02:42] [INFO] writer try send [7, 8, 9, 10] 
[2022-04-22 22:02:42] [INFO] start writer 
[2022-04-22 22:02:42] [INFO] end writer 
[2022-04-22 22:02:42] [INFO] writer send [6] 
[2022-04-22 22:02:42] [INFO] end writer 
[2022-04-22 22:02:42] [INFO] start writer 
[2022-04-22 22:02:42] [INFO] end writer 
[2022-04-22 22:02:42] [INFO] writer send [1, 2, 3] 
[2022-04-22 22:02:42] [INFO] start reader 
[2022-04-22 22:02:42] [INFO] end get result 5 
[2022-04-22 22:02:42] [INFO] reader get 5 
[2022-04-22 22:02:42] [INFO] start get result 
[2022-04-22 22:02:42] [INFO] end writer 
[2022-04-22 22:02:42] [INFO] start reader 
[2022-04-22 22:02:42] [INFO] writer try send [18, 19, 20] 
[2022-04-22 22:02:42] [INFO] end get result 11 
[2022-04-22 22:02:42] [INFO] start reader 
[2022-04-22 22:02:42] [INFO] end writer 
[2022-04-22 22:02:42] [INFO] start get result 
[2022-04-22 22:02:42] [INFO] end get result 6 
[2022-04-22 22:02:42] [INFO] reader get 6 
[2022-04-22 22:02:42] [INFO] start get result 
[2022-04-22 22:02:42] [INFO] end get result 13 
[2022-04-22 22:02:42] [INFO] start get result 
[2022-04-22 22:02:42] [INFO] end get result 2 
[2022-04-22 22:02:42] [INFO] reader get 2 
[2022-04-22 22:02:42] [INFO] start get result 
[2022-04-22 22:02:42] [INFO] end get result 3 
[2022-04-22 22:02:42] [INFO] writer send [18, 19, 20] 
[2022-04-22 22:02:42] [INFO] end writer 
[2022-04-22 22:02:42] [INFO] start reader 
[2022-04-22 22:02:42] [INFO] start get result 
[2022-04-22 22:02:42] [INFO] end get result 12 
[2022-04-22 22:02:42] [INFO] reader get 12 
[2022-04-22 22:02:42] [INFO] reader get 11 
[2022-04-22 22:02:42] [INFO] start get result 
[2022-04-22 22:02:42] [INFO] start get result 
[2022-04-22 22:02:42] [INFO] end get result 14 
[2022-04-22 22:02:42] [INFO] start get result 
[2022-04-22 22:02:42] [INFO] end get result 16 
[2022-04-22 22:02:42] [INFO] start reader 
[2022-04-22 22:02:42] [INFO] reader get 3 
[2022-04-22 22:02:42] [INFO] reader get 13 
[2022-04-22 22:02:42] [INFO] start get result 
[2022-04-22 22:02:42] [INFO] writer send [7, 8, 9, 10] 
[2022-04-22 22:02:42] [INFO] end writer 
[2022-04-22 22:02:42] [INFO] start get result 
[2022-04-22 22:02:42] [INFO] end get result 19 
[2022-04-22 22:02:42] [INFO] reader get 19 
[2022-04-22 22:02:42] [INFO] start get result 
[2022-04-22 22:02:42] [INFO] end get result 20 
[2022-04-22 22:02:42] [INFO] reader get 20 
[2022-04-22 22:02:42] [INFO] start get result 
[2022-04-22 22:02:42] [INFO] writer send [14, 15, 16, 17] 
[2022-04-22 22:02:42] [INFO] end writer 
[2022-04-22 22:02:42] [INFO] start get result 
[2022-04-22 22:02:42] [INFO] end get result 1 
[2022-04-22 22:02:42] [INFO] reader get 1 
[2022-04-22 22:02:42] [INFO] start get result 
[2022-04-22 22:02:42] [INFO] end get result 8 
[2022-04-22 22:02:42] [INFO] reader get 8 
[2022-04-22 22:02:42] [INFO] end get result 7 
[2022-04-22 22:02:42] [INFO] reader get 7 
[2022-04-22 22:02:42] [INFO] start get result 
[2022-04-22 22:02:42] [INFO] end get result 18 
[2022-04-22 22:02:42] [INFO] reader get 18 
[2022-04-22 22:02:42] [INFO] start get result 
[2022-04-22 22:02:42] [INFO] start get result 
[2022-04-22 22:02:42] [INFO] end get result 17 
[2022-04-22 22:02:42] [INFO] reader get 17 
[2022-04-22 22:02:42] [INFO] start get result 
[2022-04-22 22:02:42] [INFO] start reader 
[2022-04-22 22:02:42] [INFO] reader get 16 
[2022-04-22 22:02:42] [INFO] start get result 
[2022-04-22 22:02:42] [INFO] reader get 14 
[2022-04-22 22:02:42] [INFO] start get result 
[2022-04-22 22:02:42] [INFO] end get result 15 
[2022-04-22 22:02:42] [INFO] reader get 15 
[2022-04-22 22:02:42] [INFO] start get result 
[2022-04-22 22:02:42] [INFO] start reader 
[2022-04-22 22:02:42] [INFO] end get result 10 
[2022-04-22 22:02:42] [INFO] reader get 10 
[2022-04-22 22:02:42] [INFO] start get result 
[2022-04-22 22:02:42] [INFO] start get result 
[2022-04-22 22:02:42] [INFO] end get result 9 
[2022-04-22 22:02:42] [INFO] start get result 
[2022-04-22 22:02:42] [INFO] start get result 
[2022-04-22 22:02:42] [INFO] reader get 9 
[2022-04-22 22:02:42] [INFO] start get result 
Exception in thread "Thread-63918" java.util.concurrent.TimeoutException
	at serie1.Ex4.BlockingMessageQueueFuture$MyFuture.get(BlockingMessageQueueFuture.kt:222)
	at serie1.ex4.FutureTest$blocking_message_multiple_send_receive$2$thread$1.invoke(BlockingMessageQueueWithFutureTest.kt:179)
	at serie1.ex4.FutureTest$blocking_message_multiple_send_receive$2$thread$1.invoke(BlockingMessageQueueWithFutureTest.kt:169)
	at kotlin.concurrent.ThreadsKt$thread$thread$1.run(Thread.kt:30)
Exception in thread "Thread-63921" java.util.concurrent.TimeoutException
	at serie1.Ex4.BlockingMessageQueueFuture$MyFuture.get(BlockingMessageQueueFuture.kt:222)
	at serie1.ex4.FutureTest$blocking_message_multiple_send_receive$2$thread$1.invoke(BlockingMessageQueueWithFutureTest.kt:179)
	at serie1.ex4.FutureTest$blocking_message_multiple_send_receive$2$thread$1.invoke(BlockingMessageQueueWithFutureTest.kt:169)
	at kotlin.concurrent.ThreadsKt$thread$thread$1.run(Thread.kt:30)
Exception in thread "Thread-63919" java.util.concurrent.TimeoutException
	at serie1.Ex4.BlockingMessageQueueFuture$MyFuture.get(BlockingMessageQueueFuture.kt:222)
	at serie1.ex4.FutureTest$blocking_message_multiple_send_receive$2$thread$1.invoke(BlockingMessageQueueWithFutureTest.kt:179)
	at serie1.ex4.FutureTest$blocking_message_multiple_send_receive$2$thread$1.invoke(BlockingMessageQueueWithFutureTest.kt:169)
	at kotlin.concurrent.ThreadsKt$thread$thread$1.run(Thread.kt:30)
Exception in thread "Thread-63924" java.util.concurrent.TimeoutException
	at serie1.Ex4.BlockingMessageQueueFuture$MyFuture.get(BlockingMessageQueueFuture.kt:222)
	at serie1.ex4.FutureTest$blocking_message_multiple_send_receive$2$thread$1.invoke(BlockingMessageQueueWithFutureTest.kt:179)
	at serie1.ex4.FutureTest$blocking_message_multiple_send_receive$2$thread$1.invoke(BlockingMessageQueueWithFutureTest.kt:169)
	at kotlin.concurrent.ThreadsKt$thread$thread$1.run(Thread.kt:30)
Exception in thread "Thread-63923" java.util.concurrent.TimeoutException
	at serie1.Ex4.BlockingMessageQueueFuture$MyFuture.get(BlockingMessageQueueFuture.kt:222)
	at serie1.ex4.FutureTest$blocking_message_multiple_send_receive$2$thread$1.invoke(BlockingMessageQueueWithFutureTest.kt:179)
	at serie1.ex4.FutureTest$blocking_message_multiple_send_receive$2$thread$1.invoke(BlockingMessageQueueWithFutureTest.kt:169)
	at kotlin.concurrent.ThreadsKt$thread$thread$1.run(Thread.kt:30)
Exception in thread "Thread-63922" java.util.concurrent.TimeoutException
	at serie1.Ex4.BlockingMessageQueueFuture$MyFuture.get(BlockingMessageQueueFuture.kt:222)
	at serie1.ex4.FutureTest$blocking_message_multiple_send_receive$2$thread$1.invoke(BlockingMessageQueueWithFutureTest.kt:179)
	at serie1.ex4.FutureTest$blocking_message_multiple_send_receive$2$thread$1.invoke(BlockingMessageQueueWithFutureTest.kt:169)
	at kotlin.concurrent.ThreadsKt$thread$thread$1.run(Thread.kt:30)
Exception in thread "Thread-63925" java.util.concurrent.TimeoutException
	at serie1.Ex4.BlockingMessageQueueFuture$MyFuture.get(BlockingMessageQueueFuture.kt:222)
	at serie1.ex4.FutureTest$blocking_message_multiple_send_receive$2$thread$1.invoke(BlockingMessageQueueWithFutureTest.kt:179)
	at serie1.ex4.FutureTest$blocking_message_multiple_send_receive$2$thread$1.invoke(BlockingMessageQueueWithFutureTest.kt:169)
	at kotlin.concurrent.ThreadsKt$thread$thread$1.run(Thread.kt:30)
Exception in thread "Thread-63920" java.util.concurrent.TimeoutException
	at serie1.Ex4.BlockingMessageQueueFuture$MyFuture.get(BlockingMessageQueueFuture.kt:222)
	at serie1.ex4.FutureTest$blocking_message_multiple_send_receive$2$thread$1.invoke(BlockingMessageQueueWithFutureTest.kt:179)
	at serie1.ex4.FutureTest$blocking_message_multiple_send_receive$2$thread$1.invoke(BlockingMessageQueueWithFutureTest.kt:169)
	at kotlin.concurrent.ThreadsKt$thread$thread$1.run(Thread.kt:30)
Exception in thread "Thread-63926" java.util.concurrent.TimeoutException
	at serie1.Ex4.BlockingMessageQueueFuture$MyFuture.get(BlockingMessageQueueFuture.kt:222)
	at serie1.ex4.FutureTest$blocking_message_multiple_send_receive$2$thread$1.invoke(BlockingMessageQueueWithFutureTest.kt:179)
	at serie1.ex4.FutureTest$blocking_message_multiple_send_receive$2$thread$1.invoke(BlockingMessageQueueWithFutureTest.kt:169)
	at kotlin.concurrent.ThreadsKt$thread$thread$1.run(Thread.kt:30)
[2022-04-22 22:02:44] [INFO] start writer 
[2022-04-22 22:02:44] [INFO] writer try send [1, 2, 3] 
[2022-04-22 22:02:44] [INFO] start writer 
[2022-04-22 22:02:44] [INFO] writer try send [4, 5] 
[2022-04-22 22:02:44] [INFO] writer send [1, 2, 3] 
[2022-04-22 22:02:44] [INFO] writer try send [6] 
[2022-04-22 22:02:44] [INFO] start writer 
[2022-04-22 22:02:44] [INFO] writer try send [7, 8, 9, 10] 
[2022-04-22 22:02:44] [INFO] writer send [4, 5] 
[2022-04-22 22:02:44] [INFO] writer try send [11, 12, 13] 
[2022-04-22 22:02:44] [INFO] start writer 
[2022-04-22 22:02:44] [INFO] writer try send [14, 15, 16, 17] 
[2022-04-22 22:02:44] [INFO] start writer 
[2022-04-22 22:02:44] [INFO] writer try send [18, 19, 20] 
[2022-04-22 22:02:44] [INFO] start writer 
[2022-04-22 22:02:44] [INFO] end writer 
[2022-04-22 22:02:44] [INFO] writer send [6] 
[2022-04-22 22:02:44] [INFO] end writer 
[2022-04-22 22:02:44] [INFO] start writer 
[2022-04-22 22:02:44] [INFO] end writer 
[2022-04-22 22:02:44] [INFO] start reader 
[2022-04-22 22:02:44] [INFO] start writer 
[2022-04-22 22:02:44] [INFO] end writer 
[2022-04-22 22:02:44] [INFO] start reader 
[2022-04-22 22:02:44] [INFO] start writer 
[2022-04-22 22:02:44] [INFO] end writer 
[2022-04-22 22:02:44] [INFO] start reader 
[2022-04-22 22:02:44] [INFO] start get result 
[2022-04-22 22:02:44] [INFO] end get result 1 
[2022-04-22 22:02:44] [INFO] reader get 1 
[2022-04-22 22:02:44] [INFO] start get result 
[2022-04-22 22:02:44] [INFO] writer send [11, 12, 13] 
[2022-04-22 22:02:44] [INFO] end writer 
[2022-04-22 22:02:44] [INFO] end get result 2 
[2022-04-22 22:02:44] [INFO] reader get 2 
[2022-04-22 22:02:44] [INFO] start get result 
[2022-04-22 22:02:44] [INFO] writer send [18, 19, 20] 
[2022-04-22 22:02:44] [INFO] end writer 
[2022-04-22 22:02:44] [INFO] start get result 
[2022-04-22 22:02:44] [INFO] end get result 3 
[2022-04-22 22:02:44] [INFO] reader get 3 
[2022-04-22 22:02:44] [INFO] start get result 
[2022-04-22 22:02:44] [INFO] start reader 
[2022-04-22 22:02:44] [INFO] end get result 6 
[2022-04-22 22:02:44] [INFO] reader get 6 
[2022-04-22 22:02:44] [INFO] start reader 
[2022-04-22 22:02:44] [INFO] end get result 5 
[2022-04-22 22:02:44] [INFO] reader get 5 
[2022-04-22 22:02:44] [INFO] start get result 
[2022-04-22 22:02:44] [INFO] start get result 
[2022-04-22 22:02:44] [INFO] end get result 13 
[2022-04-22 22:02:44] [INFO] reader get 13 
[2022-04-22 22:02:44] [INFO] end get result 4 
[2022-04-22 22:02:44] [INFO] reader get 4 
[2022-04-22 22:02:44] [INFO] start get result 
[2022-04-22 22:02:44] [INFO] writer send [14, 15, 16, 17] 
[2022-04-22 22:02:44] [INFO] end writer 
[2022-04-22 22:02:44] [INFO] start get result 
[2022-04-22 22:02:44] [INFO] end get result 12 
[2022-04-22 22:02:44] [INFO] reader get 12 
[2022-04-22 22:02:44] [INFO] start reader 
[2022-04-22 22:02:44] [INFO] start get result 
[2022-04-22 22:02:44] [INFO] end get result 11 
[2022-04-22 22:02:44] [INFO] start get result 
[2022-04-22 22:02:44] [INFO] end get result 14 
[2022-04-22 22:02:44] [INFO] reader get 14 
[2022-04-22 22:02:44] [INFO] writer send [7, 8, 9, 10] 
[2022-04-22 22:02:44] [INFO] end writer 
[2022-04-22 22:02:44] [INFO] end get result 20 
[2022-04-22 22:02:44] [INFO] start get result 
[2022-04-22 22:02:44] [INFO] end get result 16 
[2022-04-22 22:02:44] [INFO] start get result 
[2022-04-22 22:02:44] [INFO] end get result 18 
[2022-04-22 22:02:44] [INFO] reader get 18 
[2022-04-22 22:02:44] [INFO] start get result 
[2022-04-22 22:02:44] [INFO] end get result 17 
[2022-04-22 22:02:44] [INFO] start get result 
[2022-04-22 22:02:44] [INFO] end get result 19 
[2022-04-22 22:02:44] [INFO] reader get 19 
[2022-04-22 22:02:44] [INFO] start get result 
[2022-04-22 22:02:44] [INFO] end get result 7 
[2022-04-22 22:02:44] [INFO] reader get 17 
[2022-04-22 22:02:44] [INFO] start get result 
[2022-04-22 22:02:44] [INFO] end get result 8 
[2022-04-22 22:02:44] [INFO] reader get 8 
[2022-04-22 22:02:44] [INFO] reader get 16 
[2022-04-22 22:02:44] [INFO] start get result 
[2022-04-22 22:02:44] [INFO] end get result 10 
[2022-04-22 22:02:44] [INFO] reader get 20 
[2022-04-22 22:02:44] [INFO] start get result 
[2022-04-22 22:02:44] [INFO] start get result 
[2022-04-22 22:02:44] [INFO] end get result 15 
[2022-04-22 22:02:44] [INFO] reader get 15 
[2022-04-22 22:02:44] [INFO] start get result 
[2022-04-22 22:02:44] [INFO] reader get 11 
[2022-04-22 22:02:44] [INFO] start get result 
[2022-04-22 22:02:44] [INFO] start reader 
[2022-04-22 22:02:44] [INFO] reader get 10 
[2022-04-22 22:02:44] [INFO] start reader 
[2022-04-22 22:02:44] [INFO] start get result 
[2022-04-22 22:02:44] [INFO] end get result 9 
[2022-04-22 22:02:44] [INFO] reader get 7 
[2022-04-22 22:02:44] [INFO] start reader 
[2022-04-22 22:02:44] [INFO] start get result 
[2022-04-22 22:02:44] [INFO] start get result 
[2022-04-22 22:02:44] [INFO] start get result 
[2022-04-22 22:02:44] [INFO] reader get 9 
[2022-04-22 22:02:44] [INFO] start get result 
[2022-04-22 22:02:44] [INFO] start get result 
[2022-04-22 22:02:44] [INFO] start get result 
Exception in thread "Thread-63939" java.util.concurrent.TimeoutException
	at serie1.Ex4.BlockingMessageQueueFuture$MyFuture.get(BlockingMessageQueueFuture.kt:222)
	at serie1.ex4.FutureTest$blocking_message_multiple_send_receive$2$thread$1.invoke(BlockingMessageQueueWithFutureTest.kt:179)
	at serie1.ex4.FutureTest$blocking_message_multiple_send_receive$2$thread$1.invoke(BlockingMessageQueueWithFutureTest.kt:169)
	at kotlin.concurrent.ThreadsKt$thread$thread$1.run(Thread.kt:30)
Exception in thread "Thread-63937" java.util.concurrent.TimeoutException
	at serie1.Ex4.BlockingMessageQueueFuture$MyFuture.get(BlockingMessageQueueFuture.kt:222)
	at serie1.ex4.FutureTest$blocking_message_multiple_send_receive$2$thread$1.invoke(BlockingMessageQueueWithFutureTest.kt:179)
	at serie1.ex4.FutureTest$blocking_message_multiple_send_receive$2$thread$1.invoke(BlockingMessageQueueWithFutureTest.kt:169)
	at kotlin.concurrent.ThreadsKt$thread$thread$1.run(Thread.kt:30)
Exception in thread "Thread-63940" java.util.concurrent.TimeoutException
	at serie1.Ex4.BlockingMessageQueueFuture$MyFuture.get(BlockingMessageQueueFuture.kt:222)
	at serie1.ex4.FutureTest$blocking_message_multiple_send_receive$2$thread$1.invoke(BlockingMessageQueueWithFutureTest.kt:179)
	at serie1.ex4.FutureTest$blocking_message_multiple_send_receive$2$thread$1.invoke(BlockingMessageQueueWithFutureTest.kt:169)
	at kotlin.concurrent.ThreadsKt$thread$thread$1.run(Thread.kt:30)
Exception in thread "Thread-63941" java.util.concurrent.TimeoutException
	at serie1.Ex4.BlockingMessageQueueFuture$MyFuture.get(BlockingMessageQueueFuture.kt:222)
	at serie1.ex4.FutureTest$blocking_message_multiple_send_receive$2$thread$1.invoke(BlockingMessageQueueWithFutureTest.kt:179)
	at serie1.ex4.FutureTest$blocking_message_multiple_send_receive$2$thread$1.invoke(BlockingMessageQueueWithFutureTest.kt:169)
	at kotlin.concurrent.ThreadsKt$thread$thread$1.run(Thread.kt:30)
Exception in thread "Thread-63943" java.util.concurrent.TimeoutException
	at serie1.Ex4.BlockingMessageQueueFuture$MyFuture.get(BlockingMessageQueueFuture.kt:222)
	at serie1.ex4.FutureTest$blocking_message_multiple_send_receive$2$thread$1.invoke(BlockingMessageQueueWithFutureTest.kt:179)
	at serie1.ex4.FutureTest$blocking_message_multiple_send_receive$2$thread$1.invoke(BlockingMessageQueueWithFutureTest.kt:169)
	at kotlin.concurrent.ThreadsKt$thread$thread$1.run(Thread.kt:30)
Exception in thread "Thread-63942" java.util.concurrent.TimeoutException
	at serie1.Ex4.BlockingMessageQueueFuture$MyFuture.get(BlockingMessageQueueFuture.kt:222)
	at serie1.ex4.FutureTest$blocking_message_multiple_send_receive$2$thread$1.invoke(BlockingMessageQueueWithFutureTest.kt:179)
	at serie1.ex4.FutureTest$blocking_message_multiple_send_receive$2$thread$1.invoke(BlockingMessageQueueWithFutureTest.kt:169)
	at kotlin.concurrent.ThreadsKt$thread$thread$1.run(Thread.kt:30)
Exception in thread "Thread-63944" java.util.concurrent.TimeoutException
	at serie1.Ex4.BlockingMessageQueueFuture$MyFuture.get(BlockingMessageQueueFuture.kt:222)
	at serie1.ex4.FutureTest$blocking_message_multiple_send_receive$2$thread$1.invoke(BlockingMessageQueueWithFutureTest.kt:179)
	at serie1.ex4.FutureTest$blocking_message_multiple_send_receive$2$thread$1.invoke(BlockingMessageQueueWithFutureTest.kt:169)
	at kotlin.concurrent.ThreadsKt$thread$thread$1.run(Thread.kt:30)
Exception in thread "Thread-63945" java.util.concurrent.TimeoutException
	at serie1.Ex4.BlockingMessageQueueFuture$MyFuture.get(BlockingMessageQueueFuture.kt:222)
	at serie1.ex4.FutureTest$blocking_message_multiple_send_receive$2$thread$1.invoke(BlockingMessageQueueWithFutureTest.kt:179)
	at serie1.ex4.FutureTest$blocking_message_multiple_send_receive$2$thread$1.invoke(BlockingMessageQueueWithFutureTest.kt:169)
	at kotlin.concurrent.ThreadsKt$thread$thread$1.run(Thread.kt:30)
Exception in thread "Thread-63938" java.util.concurrent.TimeoutException
	at serie1.Ex4.BlockingMessageQueueFuture$MyFuture.get(BlockingMessageQueueFuture.kt:222)
	at serie1.ex4.FutureTest$blocking_message_multiple_send_receive$2$thread$1.invoke(BlockingMessageQueueWithFutureTest.kt:179)
	at serie1.ex4.FutureTest$blocking_message_multiple_send_receive$2$thread$1.invoke(BlockingMessageQueueWithFutureTest.kt:169)
	at kotlin.concurrent.ThreadsKt$thread$thread$1.run(Thread.kt:30)
[2022-04-22 22:02:46] [INFO] start writer 
[2022-04-22 22:02:46] [INFO] writer try send [1, 2, 3] 
[2022-04-22 22:02:46] [INFO] start writer 
[2022-04-22 22:02:46] [INFO] writer try send [4, 5] 
[2022-04-22 22:02:46] [INFO] writer send [4, 5] 
[2022-04-22 22:02:46] [INFO] writer try send [6] 
[2022-04-22 22:02:46] [INFO] writer send [6] 
[2022-04-22 22:02:46] [INFO] writer try send [7, 8, 9, 10] 
[2022-04-22 22:02:46] [INFO] writer send [1, 2, 3] 
[2022-04-22 22:02:46] [INFO] writer try send [11, 12, 13] 
[2022-04-22 22:02:46] [INFO] start reader 
[2022-04-22 22:02:46] [INFO] start writer 
[2022-04-22 22:02:46] [INFO] writer try send [14, 15, 16, 17] 
[2022-04-22 22:02:46] [INFO] start reader 
[2022-04-22 22:02:46] [INFO] start writer 
[2022-04-22 22:02:46] [INFO] start reader 
[2022-04-22 22:02:46] [INFO] start get result 
[2022-04-22 22:02:46] [INFO] end get result 1 
[2022-04-22 22:02:46] [INFO] reader get 1 
[2022-04-22 22:02:46] [INFO] start get result 
[2022-04-22 22:02:46] [INFO] start get result 
[2022-04-22 22:02:46] [INFO] start get result 
[2022-04-22 22:02:46] [INFO] end get result 4 
[2022-04-22 22:02:46] [INFO] reader get 4 
[2022-04-22 22:02:46] [INFO] start get result 
[2022-04-22 22:02:46] [INFO] end get result 5 
[2022-04-22 22:02:46] [INFO] reader get 5 
[2022-04-22 22:02:46] [INFO] start writer 
[2022-04-22 22:02:46] [INFO] end writer 
[2022-04-22 22:02:46] [INFO] start writer 
[2022-04-22 22:02:46] [INFO] end writer 
[2022-04-22 22:02:46] [INFO] start get result 
[2022-04-22 22:02:46] [INFO] end get result 6 
[2022-04-22 22:02:46] [INFO] reader get 6 
[2022-04-22 22:02:46] [INFO] start get result 
[2022-04-22 22:02:46] [INFO] writer send [14, 15, 16, 17] 
[2022-04-22 22:02:46] [INFO] end writer 
[2022-04-22 22:02:46] [INFO] end get result 3 
[2022-04-22 22:02:46] [INFO] reader get 3 
[2022-04-22 22:02:46] [INFO] start get result 
[2022-04-22 22:02:46] [INFO] writer send [7, 8, 9, 10] 
[2022-04-22 22:02:46] [INFO] end writer 
[2022-04-22 22:02:46] [INFO] end get result 2 
[2022-04-22 22:02:46] [INFO] reader get 2 
[2022-04-22 22:02:46] [INFO] start get result 
[2022-04-22 22:02:46] [INFO] end get result 13 
[2022-04-22 22:02:46] [INFO] reader get 13 
[2022-04-22 22:02:46] [INFO] start get result 
[2022-04-22 22:02:46] [INFO] end get result 14 
[2022-04-22 22:02:46] [INFO] reader get 14 
[2022-04-22 22:02:46] [INFO] start get result 
[2022-04-22 22:02:46] [INFO] end get result 15 
[2022-04-22 22:02:46] [INFO] start reader 
[2022-04-22 22:02:46] [INFO] writer try send [18, 19, 20] 
[2022-04-22 22:02:46] [INFO] writer send [18, 19, 20] 
[2022-04-22 22:02:46] [INFO] start writer 
[2022-04-22 22:02:46] [INFO] start reader 
[2022-04-22 22:02:46] [INFO] start writer 
[2022-04-22 22:02:46] [INFO] start reader 
[2022-04-22 22:02:46] [INFO] start writer 
[2022-04-22 22:02:46] [INFO] start get result 
[2022-04-22 22:02:46] [INFO] end get result 16 
[2022-04-22 22:02:46] [INFO] reader get 16 
[2022-04-22 22:02:46] [INFO] start get result 
[2022-04-22 22:02:46] [INFO] end get result 7 
[2022-04-22 22:02:46] [INFO] start get result 
[2022-04-22 22:02:46] [INFO] end get result 8 
[2022-04-22 22:02:46] [INFO] reader get 8 
[2022-04-22 22:02:46] [INFO] writer send [11, 12, 13] 
[2022-04-22 22:02:46] [INFO] end writer 
[2022-04-22 22:02:46] [INFO] start get result 
[2022-04-22 22:02:46] [INFO] end get result 9 
[2022-04-22 22:02:46] [INFO] reader get 9 
[2022-04-22 22:02:46] [INFO] start get result 
[2022-04-22 22:02:46] [INFO] reader get 7 
[2022-04-22 22:02:46] [INFO] start get result 
[2022-04-22 22:02:46] [INFO] end get result 18 
[2022-04-22 22:02:46] [INFO] reader get 18 
[2022-04-22 22:02:46] [INFO] start get result 
[2022-04-22 22:02:46] [INFO] end get result 17 
[2022-04-22 22:02:46] [INFO] reader get 17 
[2022-04-22 22:02:46] [INFO] start get result 
[2022-04-22 22:02:46] [INFO] end get result 20 
[2022-04-22 22:02:46] [INFO] end writer 
[2022-04-22 22:02:46] [INFO] start reader 
[2022-04-22 22:02:46] [INFO] end writer 
[2022-04-22 22:02:46] [INFO] end writer 
[2022-04-22 22:02:46] [INFO] start reader 
[2022-04-22 22:02:46] [INFO] end writer 
[2022-04-22 22:02:46] [INFO] reader get 15 
[2022-04-22 22:02:46] [INFO] start get result 
[2022-04-22 22:02:46] [INFO] start reader 
[2022-04-22 22:02:46] [INFO] end get result 12 
[2022-04-22 22:02:46] [INFO] reader get 12 
[2022-04-22 22:02:46] [INFO] start get result 
[2022-04-22 22:02:46] [INFO] end get result 11 
[2022-04-22 22:02:46] [INFO] reader get 11 
[2022-04-22 22:02:46] [INFO] start get result 
[2022-04-22 22:02:46] [INFO] start get result 
[2022-04-22 22:02:46] [INFO] start get result 
[2022-04-22 22:02:46] [INFO] reader get 20 
[2022-04-22 22:02:46] [INFO] start get result 
[2022-04-22 22:02:46] [INFO] start get result 
[2022-04-22 22:02:46] [INFO] end get result 19 
[2022-04-22 22:02:46] [INFO] reader get 19 
[2022-04-22 22:02:46] [INFO] start get result 
[2022-04-22 22:02:46] [INFO] end get result 10 
[2022-04-22 22:02:46] [INFO] reader get 10 
[2022-04-22 22:02:46] [INFO] start get result 
[2022-04-22 22:02:46] [INFO] start get result 
Exception in thread "Thread-63964" java.util.concurrent.TimeoutException
	at serie1.Ex4.BlockingMessageQueueFuture$MyFuture.get(BlockingMessageQueueFuture.kt:222)
	at serie1.ex4.FutureTest$blocking_message_multiple_send_receive$2$thread$1.invoke(BlockingMessageQueueWithFutureTest.kt:179)
	at serie1.ex4.FutureTest$blocking_message_multiple_send_receive$2$thread$1.invoke(BlockingMessageQueueWithFutureTest.kt:169)
	at kotlin.concurrent.ThreadsKt$thread$thread$1.run(Thread.kt:30)
Exception in thread "Thread-63963" java.util.concurrent.TimeoutException
	at serie1.Ex4.BlockingMessageQueueFuture$MyFuture.get(BlockingMessageQueueFuture.kt:222)
	at serie1.ex4.FutureTest$blocking_message_multiple_send_receive$2$thread$1.invoke(BlockingMessageQueueWithFutureTest.kt:179)
	at serie1.ex4.FutureTest$blocking_message_multiple_send_receive$2$thread$1.invoke(BlockingMessageQueueWithFutureTest.kt:169)
	at kotlin.concurrent.ThreadsKt$thread$thread$1.run(Thread.kt:30)
Exception in thread "Thread-63960" java.util.concurrent.TimeoutException
	at serie1.Ex4.BlockingMessageQueueFuture$MyFuture.get(BlockingMessageQueueFuture.kt:222)
	at serie1.ex4.FutureTest$blocking_message_multiple_send_receive$2$thread$1.invoke(BlockingMessageQueueWithFutureTest.kt:179)
	at serie1.ex4.FutureTest$blocking_message_multiple_send_receive$2$thread$1.invoke(BlockingMessageQueueWithFutureTest.kt:169)
	at kotlin.concurrent.ThreadsKt$thread$thread$1.run(Thread.kt:30)
Exception in thread "Thread-63962" java.util.concurrent.TimeoutException
	at serie1.Ex4.BlockingMessageQueueFuture$MyFuture.get(BlockingMessageQueueFuture.kt:222)
	at serie1.ex4.FutureTest$blocking_message_multiple_send_receive$2$thread$1.invoke(BlockingMessageQueueWithFutureTest.kt:179)
	at serie1.ex4.FutureTest$blocking_message_multiple_send_receive$2$thread$1.invoke(BlockingMessageQueueWithFutureTest.kt:169)
	at kotlin.concurrent.ThreadsKt$thread$thread$1.run(Thread.kt:30)
Exception in thread "Thread-63958" java.util.concurrent.TimeoutException
	at serie1.Ex4.BlockingMessageQueueFuture$MyFuture.get(BlockingMessageQueueFuture.kt:222)
	at serie1.ex4.FutureTest$blocking_message_multiple_send_receive$2$thread$1.invoke(BlockingMessageQueueWithFutureTest.kt:179)
	at serie1.ex4.FutureTest$blocking_message_multiple_send_receive$2$thread$1.invoke(BlockingMessageQueueWithFutureTest.kt:169)
	at kotlin.concurrent.ThreadsKt$thread$thread$1.run(Thread.kt:30)
Exception in thread "Thread-63957" java.util.concurrent.TimeoutException
	at serie1.Ex4.BlockingMessageQueueFuture$MyFuture.get(BlockingMessageQueueFuture.kt:222)
	at serie1.ex4.FutureTest$blocking_message_multiple_send_receive$2$thread$1.invoke(BlockingMessageQueueWithFutureTest.kt:179)
	at serie1.ex4.FutureTest$blocking_message_multiple_send_receive$2$thread$1.invoke(BlockingMessageQueueWithFutureTest.kt:169)
	at kotlin.concurrent.ThreadsKt$thread$thread$1.run(Thread.kt:30)
Exception in thread "Thread-63956" java.util.concurrent.TimeoutException
	at serie1.Ex4.BlockingMessageQueueFuture$MyFuture.get(BlockingMessageQueueFuture.kt:222)
	at serie1.ex4.FutureTest$blocking_message_multiple_send_receive$2$thread$1.invoke(BlockingMessageQueueWithFutureTest.kt:179)
	at serie1.ex4.FutureTest$blocking_message_multiple_send_receive$2$thread$1.invoke(BlockingMessageQueueWithFutureTest.kt:169)
	at kotlin.concurrent.ThreadsKt$thread$thread$1.run(Thread.kt:30)
Exception in thread "Thread-63961" java.util.concurrent.TimeoutException
	at serie1.Ex4.BlockingMessageQueueFuture$MyFuture.get(BlockingMessageQueueFuture.kt:222)
	at serie1.ex4.FutureTest$blocking_message_multiple_send_receive$2$thread$1.invoke(BlockingMessageQueueWithFutureTest.kt:179)
	at serie1.ex4.FutureTest$blocking_message_multiple_send_receive$2$thread$1.invoke(BlockingMessageQueueWithFutureTest.kt:169)
	at kotlin.concurrent.ThreadsKt$thread$thread$1.run(Thread.kt:30)
Exception in thread "Thread-63959" java.util.concurrent.TimeoutException
	at serie1.Ex4.BlockingMessageQueueFuture$MyFuture.get(BlockingMessageQueueFuture.kt:222)
	at serie1.ex4.FutureTest$blocking_message_multiple_send_receive$2$thread$1.invoke(BlockingMessageQueueWithFutureTest.kt:179)
	at serie1.ex4.FutureTest$blocking_message_multiple_send_receive$2$thread$1.invoke(BlockingMessageQueueWithFutureTest.kt:169)
	at kotlin.concurrent.ThreadsKt$thread$thread$1.run(Thread.kt:30)
[2022-04-22 22:02:48] [INFO] start writer 
[2022-04-22 22:02:48] [INFO] writer try send [1, 2, 3] 
[2022-04-22 22:02:48] [INFO] start writer 
[2022-04-22 22:02:48] [INFO] start writer 
[2022-04-22 22:02:48] [INFO] writer try send [6] 
[2022-04-22 22:02:48] [INFO] start writer 
[2022-04-22 22:02:48] [INFO] start writer 
[2022-04-22 22:02:48] [INFO] writer send [6] 
[2022-04-22 22:02:48] [INFO] writer try send [14, 15, 16, 17] 
[2022-04-22 22:02:48] [INFO] start reader 
[2022-04-22 22:02:48] [INFO] writer try send [4, 5] 
[2022-04-22 22:02:48] [INFO] writer send [4, 5] 
[2022-04-22 22:02:48] [INFO] start reader 
[2022-04-22 22:02:48] [INFO] writer try send [18, 19, 20] 
[2022-04-22 22:02:48] [INFO] writer send [1, 2, 3] 
[2022-04-22 22:02:48] [INFO] start get result 
[2022-04-22 22:02:48] [INFO] end get result 1 
[2022-04-22 22:02:48] [INFO] reader get 1 
[2022-04-22 22:02:48] [INFO] start get result 
[2022-04-22 22:02:48] [INFO] writer send [18, 19, 20] 
[2022-04-22 22:02:48] [INFO] end writer 
[2022-04-22 22:02:48] [INFO] start reader 
[2022-04-22 22:02:48] [INFO] start writer 
[2022-04-22 22:02:48] [INFO] end writer 
[2022-04-22 22:02:48] [INFO] start writer 
[2022-04-22 22:02:48] [INFO] end writer 
[2022-04-22 22:02:48] [INFO] start writer 
[2022-04-22 22:02:48] [INFO] end writer 
[2022-04-22 22:02:48] [INFO] writer send [14, 15, 16, 17] 
[2022-04-22 22:02:48] [INFO] start get result 
[2022-04-22 22:02:48] [INFO] end get result 6 
[2022-04-22 22:02:48] [INFO] reader get 6 
[2022-04-22 22:02:48] [INFO] start get result 
[2022-04-22 22:02:48] [INFO] end get result 14 
[2022-04-22 22:02:48] [INFO] reader get 14 
[2022-04-22 22:02:48] [INFO] start get result 
[2022-04-22 22:02:48] [INFO] end get result 15 
[2022-04-22 22:02:48] [INFO] reader get 15 
[2022-04-22 22:02:48] [INFO] start get result 
[2022-04-22 22:02:48] [INFO] end get result 16 
[2022-04-22 22:02:48] [INFO] reader get 16 
[2022-04-22 22:02:48] [INFO] writer try send [11, 12, 13] 
[2022-04-22 22:02:48] [INFO] writer send [11, 12, 13] 
[2022-04-22 22:02:48] [INFO] start writer 
[2022-04-22 22:02:48] [INFO] end writer 
[2022-04-22 22:02:48] [INFO] writer try send [7, 8, 9, 10] 
[2022-04-22 22:02:48] [INFO] end writer 
[2022-04-22 22:02:48] [INFO] start get result 
[2022-04-22 22:02:48] [INFO] end get result 17 
[2022-04-22 22:02:48] [INFO] end writer 
[2022-04-22 22:02:48] [INFO] start reader 
[2022-04-22 22:02:48] [INFO] end get result 3 
[2022-04-22 22:02:48] [INFO] start get result 
[2022-04-22 22:02:48] [INFO] end get result 2 
[2022-04-22 22:02:48] [INFO] start reader 
[2022-04-22 22:02:48] [INFO] end writer 
[2022-04-22 22:02:48] [INFO] reader get 2 
[2022-04-22 22:02:48] [INFO] start get result 
[2022-04-22 22:02:48] [INFO] end get result 4 
[2022-04-22 22:02:48] [INFO] reader get 3 
[2022-04-22 22:02:48] [INFO] start get result 
[2022-04-22 22:02:48] [INFO] start get result 
[2022-04-22 22:02:48] [INFO] end get result 5 
[2022-04-22 22:02:48] [INFO] reader get 5 
[2022-04-22 22:02:48] [INFO] start get result 
[2022-04-22 22:02:48] [INFO] end get result 19 
[2022-04-22 22:02:48] [INFO] reader get 19 
[2022-04-22 22:02:48] [INFO] start get result 
[2022-04-22 22:02:48] [INFO] end get result 11 
[2022-04-22 22:02:48] [INFO] reader get 11 
[2022-04-22 22:02:48] [INFO] start get result 
[2022-04-22 22:02:48] [INFO] end get result 12 
[2022-04-22 22:02:48] [INFO] reader get 12 
[2022-04-22 22:02:48] [INFO] reader get 17 
[2022-04-22 22:02:48] [INFO] start get result 
[2022-04-22 22:02:48] [INFO] end get result 7 
[2022-04-22 22:02:48] [INFO] reader get 7 
[2022-04-22 22:02:48] [INFO] start get result 
[2022-04-22 22:02:48] [INFO] start get result 
[2022-04-22 22:02:48] [INFO] end get result 13 
[2022-04-22 22:02:48] [INFO] reader get 13 
[2022-04-22 22:02:48] [INFO] start get result 
[2022-04-22 22:02:48] [INFO] end get result 9 
[2022-04-22 22:02:48] [INFO] start get result 
[2022-04-22 22:02:48] [INFO] end get result 20 
[2022-04-22 22:02:48] [INFO] reader get 20 
[2022-04-22 22:02:48] [INFO] start get result 
[2022-04-22 22:02:48] [INFO] end get result 10 
[2022-04-22 22:02:48] [INFO] reader get 10 
[2022-04-22 22:02:48] [INFO] end get result 18 
[2022-04-22 22:02:48] [INFO] reader get 18 
[2022-04-22 22:02:48] [INFO] start get result 
[2022-04-22 22:02:48] [INFO] writer send [7, 8, 9, 10] 
[2022-04-22 22:02:48] [INFO] end writer 
[2022-04-22 22:02:48] [INFO] reader get 4 
[2022-04-22 22:02:48] [INFO] start get result 
[2022-04-22 22:02:48] [INFO] start reader 
[2022-04-22 22:02:48] [INFO] start get result 
[2022-04-22 22:02:48] [INFO] start reader 
[2022-04-22 22:02:48] [INFO] reader get 9 
[2022-04-22 22:02:48] [INFO] start get result 
[2022-04-22 22:02:48] [INFO] end get result 8 
[2022-04-22 22:02:48] [INFO] start reader 
[2022-04-22 22:02:48] [INFO] start get result 
[2022-04-22 22:02:48] [INFO] start get result 
[2022-04-22 22:02:48] [INFO] reader get 8 
[2022-04-22 22:02:48] [INFO] start get result 
[2022-04-22 22:02:48] [INFO] start reader 
[2022-04-22 22:02:48] [INFO] start get result 
[2022-04-22 22:02:48] [INFO] start get result 
Exception in thread "Thread-63977" java.util.concurrent.TimeoutException
	at serie1.Ex4.BlockingMessageQueueFuture$MyFuture.get(BlockingMessageQueueFuture.kt:222)
	at serie1.ex4.FutureTest$blocking_message_multiple_send_receive$2$thread$1.invoke(BlockingMessageQueueWithFutureTest.kt:179)
	at serie1.ex4.FutureTest$blocking_message_multiple_send_receive$2$thread$1.invoke(BlockingMessageQueueWithFutureTest.kt:169)
	at kotlin.concurrent.ThreadsKt$thread$thread$1.run(Thread.kt:30)
Exception in thread "Thread-63975" java.util.concurrent.TimeoutException
	at serie1.Ex4.BlockingMessageQueueFuture$MyFuture.get(BlockingMessageQueueFuture.kt:222)
	at serie1.ex4.FutureTest$blocking_message_multiple_send_receive$2$thread$1.invoke(BlockingMessageQueueWithFutureTest.kt:179)
	at serie1.ex4.FutureTest$blocking_message_multiple_send_receive$2$thread$1.invoke(BlockingMessageQueueWithFutureTest.kt:169)
	at kotlin.concurrent.ThreadsKt$thread$thread$1.run(Thread.kt:30)
Exception in thread "Thread-63979" java.util.concurrent.TimeoutException
	at serie1.Ex4.BlockingMessageQueueFuture$MyFuture.get(BlockingMessageQueueFuture.kt:222)
	at serie1.ex4.FutureTest$blocking_message_multiple_send_receive$2$thread$1.invoke(BlockingMessageQueueWithFutureTest.kt:179)
	at serie1.ex4.FutureTest$blocking_message_multiple_send_receive$2$thread$1.invoke(BlockingMessageQueueWithFutureTest.kt:169)
	at kotlin.concurrent.ThreadsKt$thread$thread$1.run(Thread.kt:30)
Exception in thread "Thread-63983" java.util.concurrent.TimeoutException
	at serie1.Ex4.BlockingMessageQueueFuture$MyFuture.get(BlockingMessageQueueFuture.kt:222)
	at serie1.ex4.FutureTest$blocking_message_multiple_send_receive$2$thread$1.invoke(BlockingMessageQueueWithFutureTest.kt:179)
	at serie1.ex4.FutureTest$blocking_message_multiple_send_receive$2$thread$1.invoke(BlockingMessageQueueWithFutureTest.kt:169)
	at kotlin.concurrent.ThreadsKt$thread$thread$1.run(Thread.kt:30)
Exception in thread "Thread-63981" java.util.concurrent.TimeoutException
	at serie1.Ex4.BlockingMessageQueueFuture$MyFuture.get(BlockingMessageQueueFuture.kt:222)
	at serie1.ex4.FutureTest$blocking_message_multiple_send_receive$2$thread$1.invoke(BlockingMessageQueueWithFutureTest.kt:179)
	at serie1.ex4.FutureTest$blocking_message_multiple_send_receive$2$thread$1.invoke(BlockingMessageQueueWithFutureTest.kt:169)
	at kotlin.concurrent.ThreadsKt$thread$thread$1.run(Thread.kt:30)
Exception in thread "Thread-63982" java.util.concurrent.TimeoutException
	at serie1.Ex4.BlockingMessageQueueFuture$MyFuture.get(BlockingMessageQueueFuture.kt:222)
	at serie1.ex4.FutureTest$blocking_message_multiple_send_receive$2$thread$1.invoke(BlockingMessageQueueWithFutureTest.kt:179)
	at serie1.ex4.FutureTest$blocking_message_multiple_send_receive$2$thread$1.invoke(BlockingMessageQueueWithFutureTest.kt:169)
	at kotlin.concurrent.ThreadsKt$thread$thread$1.run(Thread.kt:30)
Exception in thread "Thread-63978" java.util.concurrent.TimeoutException
	at serie1.Ex4.BlockingMessageQueueFuture$MyFuture.get(BlockingMessageQueueFuture.kt:222)
	at serie1.ex4.FutureTest$blocking_message_multiple_send_receive$2$thread$1.invoke(BlockingMessageQueueWithFutureTest.kt:179)
	at serie1.ex4.FutureTest$blocking_message_multiple_send_receive$2$thread$1.invoke(BlockingMessageQueueWithFutureTest.kt:169)
	at kotlin.concurrent.ThreadsKt$thread$thread$1.run(Thread.kt:30)
Exception in thread "Thread-63980" java.util.concurrent.TimeoutException
	at serie1.Ex4.BlockingMessageQueueFuture$MyFuture.get(BlockingMessageQueueFuture.kt:222)
	at serie1.ex4.FutureTest$blocking_message_multiple_send_receive$2$thread$1.invoke(BlockingMessageQueueWithFutureTest.kt:179)
	at serie1.ex4.FutureTest$blocking_message_multiple_send_receive$2$thread$1.invoke(BlockingMessageQueueWithFutureTest.kt:169)
	at kotlin.concurrent.ThreadsKt$thread$thread$1.run(Thread.kt:30)
Exception in thread "Thread-63976" java.util.concurrent.TimeoutException
	at serie1.Ex4.BlockingMessageQueueFuture$MyFuture.get(BlockingMessageQueueFuture.kt:222)
	at serie1.ex4.FutureTest$blocking_message_multiple_send_receive$2$thread$1.invoke(BlockingMessageQueueWithFutureTest.kt:179)
	at serie1.ex4.FutureTest$blocking_message_multiple_send_receive$2$thread$1.invoke(BlockingMessageQueueWithFutureTest.kt:169)
	at kotlin.concurrent.ThreadsKt$thread$thread$1.run(Thread.kt:30)
[2022-04-22 22:02:50] [INFO] start writer 
[2022-04-22 22:02:50] [INFO] start writer 
[2022-04-22 22:02:50] [INFO] start writer 
[2022-04-22 22:02:50] [INFO] writer try send [6] 
[2022-04-22 22:02:50] [INFO] writer send [6] 
[2022-04-22 22:02:50] [INFO] start writer 
[2022-04-22 22:02:50] [INFO] start reader 
[2022-04-22 22:02:50] [INFO] start writer 
[2022-04-22 22:02:50] [INFO] start reader 
[2022-04-22 22:02:50] [INFO] writer try send [1, 2, 3] 
[2022-04-22 22:02:50] [INFO] writer send [1, 2, 3] 
[2022-04-22 22:02:50] [INFO] writer try send [18, 19, 20] 
[2022-04-22 22:02:50] [INFO] start writer 
[2022-04-22 22:02:50] [INFO] start get result 
[2022-04-22 22:02:50] [INFO] end get result 6 
[2022-04-22 22:02:50] [INFO] start writer 
[2022-04-22 22:02:50] [INFO] start get result 
[2022-04-22 22:02:50] [INFO] end get result 1 
[2022-04-22 22:02:50] [INFO] reader get 6 
[2022-04-22 22:02:50] [INFO] start get result 
[2022-04-22 22:02:50] [INFO] end get result 2 
[2022-04-22 22:02:50] [INFO] reader get 2 
[2022-04-22 22:02:50] [INFO] start get result 
[2022-04-22 22:02:50] [INFO] end get result 3 
[2022-04-22 22:02:50] [INFO] reader get 3 
[2022-04-22 22:02:50] [INFO] start get result 
[2022-04-22 22:02:50] [INFO] writer send [18, 19, 20] 
[2022-04-22 22:02:50] [INFO] end writer 
[2022-04-22 22:02:50] [INFO] end writer 
[2022-04-22 22:02:50] [INFO] start reader 
[2022-04-22 22:02:50] [INFO] start writer 
[2022-04-22 22:02:50] [INFO] end writer 
[2022-04-22 22:02:50] [INFO] start reader 
[2022-04-22 22:02:50] [INFO] writer try send [14, 15, 16, 17] 
[2022-04-22 22:02:50] [INFO] start writer 
[2022-04-22 22:02:50] [INFO] start reader 
[2022-04-22 22:02:50] [INFO] writer try send [11, 12, 13] 
[2022-04-22 22:02:50] [INFO] start get result 
[2022-04-22 22:02:50] [INFO] start reader 
[2022-04-22 22:02:50] [INFO] writer try send [7, 8, 9, 10] 
[2022-04-22 22:02:50] [INFO] start writer 
[2022-04-22 22:02:50] [INFO] end writer 
[2022-04-22 22:02:50] [INFO] writer try send [4, 5] 
[2022-04-22 22:02:50] [INFO] start get result 
[2022-04-22 22:02:50] [INFO] start get result 
[2022-04-22 22:02:50] [INFO] end get result 12 
[2022-04-22 22:02:50] [INFO] end get result 20 
[2022-04-22 22:02:50] [INFO] reader get 20 
[2022-04-22 22:02:50] [INFO] start get result 
[2022-04-22 22:02:50] [INFO] end get result 13 
[2022-04-22 22:02:50] [INFO] reader get 13 
[2022-04-22 22:02:50] [INFO] start get result 
[2022-04-22 22:02:50] [INFO] writer send [14, 15, 16, 17] 
[2022-04-22 22:02:50] [INFO] end writer 
[2022-04-22 22:02:50] [INFO] start get result 
[2022-04-22 22:02:50] [INFO] end get result 11 
[2022-04-22 22:02:50] [INFO] writer send [4, 5] 
[2022-04-22 22:02:50] [INFO] end writer 
[2022-04-22 22:02:50] [INFO] start reader 
[2022-04-22 22:02:50] [INFO] end get result 19 
[2022-04-22 22:02:50] [INFO] reader get 19 
[2022-04-22 22:02:50] [INFO] start get result 
[2022-04-22 22:02:50] [INFO] start reader 
[2022-04-22 22:02:50] [INFO] writer send [11, 12, 13] 
[2022-04-22 22:02:50] [INFO] end writer 
[2022-04-22 22:02:50] [INFO] end writer 
[2022-04-22 22:02:50] [INFO] start get result 
[2022-04-22 22:02:50] [INFO] end get result 14 
[2022-04-22 22:02:50] [INFO] reader get 14 
[2022-04-22 22:02:50] [INFO] start get result 
[2022-04-22 22:02:50] [INFO] end get result 15 
[2022-04-22 22:02:50] [INFO] reader get 15 
[2022-04-22 22:02:50] [INFO] start get result 
[2022-04-22 22:02:50] [INFO] end get result 18 
[2022-04-22 22:02:50] [INFO] reader get 18 
[2022-04-22 22:02:50] [INFO] start get result 
[2022-04-22 22:02:50] [INFO] reader get 1 
[2022-04-22 22:02:50] [INFO] start get result 
[2022-04-22 22:02:50] [INFO] end get result 8 
[2022-04-22 22:02:50] [INFO] reader get 8 
[2022-04-22 22:02:50] [INFO] start get result 
[2022-04-22 22:02:50] [INFO] end writer 
[2022-04-22 22:02:50] [INFO] end get result 9 
[2022-04-22 22:02:50] [INFO] reader get 9 
[2022-04-22 22:02:50] [INFO] end get result 7 
[2022-04-22 22:02:50] [INFO] reader get 7 
[2022-04-22 22:02:50] [INFO] start get result 
[2022-04-22 22:02:50] [INFO] end get result 17 
[2022-04-22 22:02:50] [INFO] reader get 17 
[2022-04-22 22:02:50] [INFO] start get result 
[2022-04-22 22:02:50] [INFO] writer send [7, 8, 9, 10] 
[2022-04-22 22:02:50] [INFO] end writer 
[2022-04-22 22:02:50] [INFO] start get result 
[2022-04-22 22:02:50] [INFO] end get result 16 
[2022-04-22 22:02:50] [INFO] start reader 
[2022-04-22 22:02:50] [INFO] reader get 16 
[2022-04-22 22:02:50] [INFO] end get result 5 
[2022-04-22 22:02:50] [INFO] reader get 5 
[2022-04-22 22:02:50] [INFO] start get result 
[2022-04-22 22:02:50] [INFO] reader get 11 
[2022-04-22 22:02:50] [INFO] start get result 
[2022-04-22 22:02:50] [INFO] end get result 4 
[2022-04-22 22:02:50] [INFO] reader get 4 
[2022-04-22 22:02:50] [INFO] start get result 
[2022-04-22 22:02:50] [INFO] reader get 12 
[2022-04-22 22:02:50] [INFO] start get result 
[2022-04-22 22:02:50] [INFO] start get result 
[2022-04-22 22:02:50] [INFO] start get result 
[2022-04-22 22:02:50] [INFO] start get result 
[2022-04-22 22:02:50] [INFO] end get result 10 
[2022-04-22 22:02:50] [INFO] reader get 10 
[2022-04-22 22:02:50] [INFO] start get result 
Exception in thread "Thread-63999" java.util.concurrent.TimeoutException
	at serie1.Ex4.BlockingMessageQueueFuture$MyFuture.get(BlockingMessageQueueFuture.kt:222)
	at serie1.ex4.FutureTest$blocking_message_multiple_send_receive$2$thread$1.invoke(BlockingMessageQueueWithFutureTest.kt:179)
	at serie1.ex4.FutureTest$blocking_message_multiple_send_receive$2$thread$1.invoke(BlockingMessageQueueWithFutureTest.kt:169)
	at kotlin.concurrent.ThreadsKt$thread$thread$1.run(Thread.kt:30)
Exception in thread "Thread-64001" java.util.concurrent.TimeoutException
	at serie1.Ex4.BlockingMessageQueueFuture$MyFuture.get(BlockingMessageQueueFuture.kt:222)
	at serie1.ex4.FutureTest$blocking_message_multiple_send_receive$2$thread$1.invoke(BlockingMessageQueueWithFutureTest.kt:179)
	at serie1.ex4.FutureTest$blocking_message_multiple_send_receive$2$thread$1.invoke(BlockingMessageQueueWithFutureTest.kt:169)
	at kotlin.concurrent.ThreadsKt$thread$thread$1.run(Thread.kt:30)
Exception in thread "Thread-64000" java.util.concurrent.TimeoutException
	at serie1.Ex4.BlockingMessageQueueFuture$MyFuture.get(BlockingMessageQueueFuture.kt:222)
	at serie1.ex4.FutureTest$blocking_message_multiple_send_receive$2$thread$1.invoke(BlockingMessageQueueWithFutureTest.kt:179)
	at serie1.ex4.FutureTest$blocking_message_multiple_send_receive$2$thread$1.invoke(BlockingMessageQueueWithFutureTest.kt:169)
	at kotlin.concurrent.ThreadsKt$thread$thread$1.run(Thread.kt:30)
Exception in thread "Thread-63996" java.util.concurrent.TimeoutException
	at serie1.Ex4.BlockingMessageQueueFuture$MyFuture.get(BlockingMessageQueueFuture.kt:222)
	at serie1.ex4.FutureTest$blocking_message_multiple_send_receive$2$thread$1.invoke(BlockingMessageQueueWithFutureTest.kt:179)
	at serie1.ex4.FutureTest$blocking_message_multiple_send_receive$2$thread$1.invoke(BlockingMessageQueueWithFutureTest.kt:169)
	at kotlin.concurrent.ThreadsKt$thread$thread$1.run(Thread.kt:30)
Exception in thread "Thread-64003" java.util.concurrent.TimeoutException
	at serie1.Ex4.BlockingMessageQueueFuture$MyFuture.get(BlockingMessageQueueFuture.kt:222)
	at serie1.ex4.FutureTest$blocking_message_multiple_send_receive$2$thread$1.invoke(BlockingMessageQueueWithFutureTest.kt:179)
	at serie1.ex4.FutureTest$blocking_message_multiple_send_receive$2$thread$1.invoke(BlockingMessageQueueWithFutureTest.kt:169)
	at kotlin.concurrent.ThreadsKt$thread$thread$1.run(Thread.kt:30)
Exception in thread "Thread-63995" java.util.concurrent.TimeoutException
	at serie1.Ex4.BlockingMessageQueueFuture$MyFuture.get(BlockingMessageQueueFuture.kt:222)
	at serie1.ex4.FutureTest$blocking_message_multiple_send_receive$2$thread$1.invoke(BlockingMessageQueueWithFutureTest.kt:179)
	at serie1.ex4.FutureTest$blocking_message_multiple_send_receive$2$thread$1.invoke(BlockingMessageQueueWithFutureTest.kt:169)
	at kotlin.concurrent.ThreadsKt$thread$thread$1.run(Thread.kt:30)
Exception in thread "Thread-64002" java.util.concurrent.TimeoutException
	at serie1.Ex4.BlockingMessageQueueFuture$MyFuture.get(BlockingMessageQueueFuture.kt:222)
	at serie1.ex4.FutureTest$blocking_message_multiple_send_receive$2$thread$1.invoke(BlockingMessageQueueWithFutureTest.kt:179)
	at serie1.ex4.FutureTest$blocking_message_multiple_send_receive$2$thread$1.invoke(BlockingMessageQueueWithFutureTest.kt:169)
	at kotlin.concurrent.ThreadsKt$thread$thread$1.run(Thread.kt:30)
Exception in thread "Thread-63997" java.util.concurrent.TimeoutException
	at serie1.Ex4.BlockingMessageQueueFuture$MyFuture.get(BlockingMessageQueueFuture.kt:222)
	at serie1.ex4.FutureTest$blocking_message_multiple_send_receive$2$thread$1.invoke(BlockingMessageQueueWithFutureTest.kt:179)
	at serie1.ex4.FutureTest$blocking_message_multiple_send_receive$2$thread$1.invoke(BlockingMessageQueueWithFutureTest.kt:169)
	at kotlin.concurrent.ThreadsKt$thread$thread$1.run(Thread.kt:30)
Exception in thread "Thread-63998" java.util.concurrent.TimeoutException
	at serie1.Ex4.BlockingMessageQueueFuture$MyFuture.get(BlockingMessageQueueFuture.kt:222)
	at serie1.ex4.FutureTest$blocking_message_multiple_send_receive$2$thread$1.invoke(BlockingMessageQueueWithFutureTest.kt:179)
	at serie1.ex4.FutureTest$blocking_message_multiple_send_receive$2$thread$1.invoke(BlockingMessageQueueWithFutureTest.kt:169)
	at kotlin.concurrent.ThreadsKt$thread$thread$1.run(Thread.kt:30)
[2022-04-22 22:02:52] [INFO] start writer 
[2022-04-22 22:02:52] [INFO] start writer 
[2022-04-22 22:02:52] [INFO] start writer 
[2022-04-22 22:02:52] [INFO] writer try send [6] 
[2022-04-22 22:02:52] [INFO] start writer 
[2022-04-22 22:02:52] [INFO] start writer 
[2022-04-22 22:02:52] [INFO] writer try send [11, 12, 13] 
[2022-04-22 22:02:52] [INFO] start writer 
[2022-04-22 22:02:52] [INFO] writer try send [14, 15, 16, 17] 
[2022-04-22 22:02:52] [INFO] writer try send [4, 5] 
[2022-04-22 22:02:52] [INFO] start writer 
[2022-04-22 22:02:52] [INFO] writer try send [18, 19, 20] 
[2022-04-22 22:02:52] [INFO] writer try send [1, 2, 3] 
[2022-04-22 22:02:52] [INFO] start writer 
[2022-04-22 22:02:52] [INFO] end writer 
[2022-04-22 22:02:52] [INFO] writer send [4, 5] 
[2022-04-22 22:02:52] [INFO] end writer 
[2022-04-22 22:02:52] [INFO] writer send [11, 12, 13] 
[2022-04-22 22:02:52] [INFO] end writer 
[2022-04-22 22:02:52] [INFO] start writer 
[2022-04-22 22:02:52] [INFO] end writer 
[2022-04-22 22:02:52] [INFO] start reader 
[2022-04-22 22:02:52] [INFO] start writer 
[2022-04-22 22:02:52] [INFO] end writer 
[2022-04-22 22:02:52] [INFO] writer try send [7, 8, 9, 10] 
[2022-04-22 22:02:52] [INFO] start reader 
[2022-04-22 22:02:52] [INFO] writer send [6] 
[2022-04-22 22:02:52] [INFO] end writer 
[2022-04-22 22:02:52] [INFO] start reader 
[2022-04-22 22:02:52] [INFO] start get result 
[2022-04-22 22:02:52] [INFO] end get result 6 
[2022-04-22 22:02:52] [INFO] start reader 
[2022-04-22 22:02:52] [INFO] reader get 6 
[2022-04-22 22:02:52] [INFO] start get result 
[2022-04-22 22:02:52] [INFO] end get result 11 
[2022-04-22 22:02:52] [INFO] start reader 
[2022-04-22 22:02:52] [INFO] writer send [1, 2, 3] 
[2022-04-22 22:02:52] [INFO] end writer 
[2022-04-22 22:02:52] [INFO] start get result 
[2022-04-22 22:02:52] [INFO] start get result 
[2022-04-22 22:02:52] [INFO] end get result 4 
[2022-04-22 22:02:52] [INFO] reader get 11 
[2022-04-22 22:02:52] [INFO] start get result 
[2022-04-22 22:02:52] [INFO] start get result 
[2022-04-22 22:02:52] [INFO] end get result 5 
[2022-04-22 22:02:52] [INFO] reader get 5 
[2022-04-22 22:02:52] [INFO] start get result 
[2022-04-22 22:02:52] [INFO] end get result 2 
[2022-04-22 22:02:52] [INFO] reader get 2 
[2022-04-22 22:02:52] [INFO] start get result 
[2022-04-22 22:02:52] [INFO] end get result 3 
[2022-04-22 22:02:52] [INFO] start get result 
[2022-04-22 22:02:52] [INFO] end get result 12 
[2022-04-22 22:02:52] [INFO] reader get 12 
[2022-04-22 22:02:52] [INFO] start get result 
[2022-04-22 22:02:52] [INFO] end get result 18 
[2022-04-22 22:02:52] [INFO] reader get 18 
[2022-04-22 22:02:52] [INFO] start get result 
[2022-04-22 22:02:52] [INFO] reader get 3 
[2022-04-22 22:02:52] [INFO] writer send [14, 15, 16, 17] 
[2022-04-22 22:02:52] [INFO] end writer 
[2022-04-22 22:02:52] [INFO] writer send [18, 19, 20] 
[2022-04-22 22:02:52] [INFO] end writer 
[2022-04-22 22:02:52] [INFO] end get result 1 
[2022-04-22 22:02:52] [INFO] reader get 1 
[2022-04-22 22:02:52] [INFO] start get result 
[2022-04-22 22:02:52] [INFO] reader get 4 
[2022-04-22 22:02:52] [INFO] start get result 
[2022-04-22 22:02:52] [INFO] end get result 15 
[2022-04-22 22:02:52] [INFO] reader get 15 
[2022-04-22 22:02:52] [INFO] start get result 
[2022-04-22 22:02:52] [INFO] writer send [7, 8, 9, 10] 
[2022-04-22 22:02:52] [INFO] end writer 
[2022-04-22 22:02:52] [INFO] end get result 13 
[2022-04-22 22:02:52] [INFO] reader get 13 
[2022-04-22 22:02:52] [INFO] start reader 
[2022-04-22 22:02:52] [INFO] start get result 
[2022-04-22 22:02:52] [INFO] start reader 
[2022-04-22 22:02:52] [INFO] end get result 16 
[2022-04-22 22:02:52] [INFO] start reader 
[2022-04-22 22:02:52] [INFO] reader get 16 
[2022-04-22 22:02:52] [INFO] start get result 
[2022-04-22 22:02:52] [INFO] end get result 8 
[2022-04-22 22:02:52] [INFO] end get result 14 
[2022-04-22 22:02:52] [INFO] start reader 
[2022-04-22 22:02:52] [INFO] start get result 
[2022-04-22 22:02:52] [INFO] end get result 20 
[2022-04-22 22:02:52] [INFO] start get result 
[2022-04-22 22:02:52] [INFO] end get result 9 
[2022-04-22 22:02:52] [INFO] reader get 9 
[2022-04-22 22:02:52] [INFO] start get result 
[2022-04-22 22:02:52] [INFO] end get result 10 
[2022-04-22 22:02:52] [INFO] reader get 10 
[2022-04-22 22:02:52] [INFO] start get result 
[2022-04-22 22:02:52] [INFO] end get result 19 
[2022-04-22 22:02:52] [INFO] reader get 19 
[2022-04-22 22:02:52] [INFO] start get result 
[2022-04-22 22:02:52] [INFO] start get result 
[2022-04-22 22:02:52] [INFO] start get result 
[2022-04-22 22:02:52] [INFO] reader get 20 
[2022-04-22 22:02:52] [INFO] start get result 
[2022-04-22 22:02:52] [INFO] reader get 14 
[2022-04-22 22:02:52] [INFO] start get result 
[2022-04-22 22:02:52] [INFO] reader get 8 
[2022-04-22 22:02:52] [INFO] start get result 
[2022-04-22 22:02:52] [INFO] start get result 
[2022-04-22 22:02:52] [INFO] end get result 7 
[2022-04-22 22:02:52] [INFO] reader get 7 
[2022-04-22 22:02:52] [INFO] start get result 
[2022-04-22 22:02:52] [INFO] end get result 17 
[2022-04-22 22:02:52] [INFO] reader get 17 
[2022-04-22 22:02:52] [INFO] start get result 
Exception in thread "Thread-64016" java.util.concurrent.TimeoutException
	at serie1.Ex4.BlockingMessageQueueFuture$MyFuture.get(BlockingMessageQueueFuture.kt:222)
	at serie1.ex4.FutureTest$blocking_message_multiple_send_receive$2$thread$1.invoke(BlockingMessageQueueWithFutureTest.kt:179)
	at serie1.ex4.FutureTest$blocking_message_multiple_send_receive$2$thread$1.invoke(BlockingMessageQueueWithFutureTest.kt:169)
	at kotlin.concurrent.ThreadsKt$thread$thread$1.run(Thread.kt:30)
Exception in thread "Thread-64015" java.util.concurrent.TimeoutException
	at serie1.Ex4.BlockingMessageQueueFuture$MyFuture.get(BlockingMessageQueueFuture.kt:222)
	at serie1.ex4.FutureTest$blocking_message_multiple_send_receive$2$thread$1.invoke(BlockingMessageQueueWithFutureTest.kt:179)
	at serie1.ex4.FutureTest$blocking_message_multiple_send_receive$2$thread$1.invoke(BlockingMessageQueueWithFutureTest.kt:169)
	at kotlin.concurrent.ThreadsKt$thread$thread$1.run(Thread.kt:30)
Exception in thread "Thread-64021" java.util.concurrent.TimeoutException
	at serie1.Ex4.BlockingMessageQueueFuture$MyFuture.get(BlockingMessageQueueFuture.kt:222)
	at serie1.ex4.FutureTest$blocking_message_multiple_send_receive$2$thread$1.invoke(BlockingMessageQueueWithFutureTest.kt:179)
	at serie1.ex4.FutureTest$blocking_message_multiple_send_receive$2$thread$1.invoke(BlockingMessageQueueWithFutureTest.kt:169)
	at kotlin.concurrent.ThreadsKt$thread$thread$1.run(Thread.kt:30)
Exception in thread "Thread-64020" java.util.concurrent.TimeoutException
	at serie1.Ex4.BlockingMessageQueueFuture$MyFuture.get(BlockingMessageQueueFuture.kt:222)
	at serie1.ex4.FutureTest$blocking_message_multiple_send_receive$2$thread$1.invoke(BlockingMessageQueueWithFutureTest.kt:179)
	at serie1.ex4.FutureTest$blocking_message_multiple_send_receive$2$thread$1.invoke(BlockingMessageQueueWithFutureTest.kt:169)
	at kotlin.concurrent.ThreadsKt$thread$thread$1.run(Thread.kt:30)
Exception in thread "Thread-64019" java.util.concurrent.TimeoutException
	at serie1.Ex4.BlockingMessageQueueFuture$MyFuture.get(BlockingMessageQueueFuture.kt:222)
	at serie1.ex4.FutureTest$blocking_message_multiple_send_receive$2$thread$1.invoke(BlockingMessageQueueWithFutureTest.kt:179)
	at serie1.ex4.FutureTest$blocking_message_multiple_send_receive$2$thread$1.invoke(BlockingMessageQueueWithFutureTest.kt:169)
	at kotlin.concurrent.ThreadsKt$thread$thread$1.run(Thread.kt:30)
Exception in thread "Thread-64023" java.util.concurrent.TimeoutException
	at serie1.Ex4.BlockingMessageQueueFuture$MyFuture.get(BlockingMessageQueueFuture.kt:222)
	at serie1.ex4.FutureTest$blocking_message_multiple_send_receive$2$thread$1.invoke(BlockingMessageQueueWithFutureTest.kt:179)
	at serie1.ex4.FutureTest$blocking_message_multiple_send_receive$2$thread$1.invoke(BlockingMessageQueueWithFutureTest.kt:169)
	at kotlin.concurrent.ThreadsKt$thread$thread$1.run(Thread.kt:30)
Exception in thread "Thread-64018" java.util.concurrent.TimeoutException
	at serie1.Ex4.BlockingMessageQueueFuture$MyFuture.get(BlockingMessageQueueFuture.kt:222)
	at serie1.ex4.FutureTest$blocking_message_multiple_send_receive$2$thread$1.invoke(BlockingMessageQueueWithFutureTest.kt:179)
	at serie1.ex4.FutureTest$blocking_message_multiple_send_receive$2$thread$1.invoke(BlockingMessageQueueWithFutureTest.kt:169)
	at kotlin.concurrent.ThreadsKt$thread$thread$1.run(Thread.kt:30)
Exception in thread "Thread-64022" java.util.concurrent.TimeoutException
	at serie1.Ex4.BlockingMessageQueueFuture$MyFuture.get(BlockingMessageQueueFuture.kt:222)
	at serie1.ex4.FutureTest$blocking_message_multiple_send_receive$2$thread$1.invoke(BlockingMessageQueueWithFutureTest.kt:179)
	at serie1.ex4.FutureTest$blocking_message_multiple_send_receive$2$thread$1.invoke(BlockingMessageQueueWithFutureTest.kt:169)
	at kotlin.concurrent.ThreadsKt$thread$thread$1.run(Thread.kt:30)
Exception in thread "Thread-64017" java.util.concurrent.TimeoutException
	at serie1.Ex4.BlockingMessageQueueFuture$MyFuture.get(BlockingMessageQueueFuture.kt:222)
	at serie1.ex4.FutureTest$blocking_message_multiple_send_receive$2$thread$1.invoke(BlockingMessageQueueWithFutureTest.kt:179)
	at serie1.ex4.FutureTest$blocking_message_multiple_send_receive$2$thread$1.invoke(BlockingMessageQueueWithFutureTest.kt:169)
	at kotlin.concurrent.ThreadsKt$thread$thread$1.run(Thread.kt:30)
[2022-04-22 22:02:54] [INFO] start writer 
[2022-04-22 22:02:54] [INFO] writer try send [1, 2, 3] 
[2022-04-22 22:02:54] [INFO] start writer 
[2022-04-22 22:02:54] [INFO] start writer 
[2022-04-22 22:02:54] [INFO] writer try send [6] 
[2022-04-22 22:02:54] [INFO] start writer 
[2022-04-22 22:02:54] [INFO] start writer 
[2022-04-22 22:02:54] [INFO] start writer 
[2022-04-22 22:02:54] [INFO] start writer 
[2022-04-22 22:02:54] [INFO] start writer 
[2022-04-22 22:02:54] [INFO] end writer 
[2022-04-22 22:02:54] [INFO] writer send [1, 2, 3] 
[2022-04-22 22:02:54] [INFO] end writer 
[2022-04-22 22:02:54] [INFO] writer try send [18, 19, 20] 
[2022-04-22 22:02:54] [INFO] writer try send [14, 15, 16, 17] 
[2022-04-22 22:02:54] [INFO] writer try send [11, 12, 13] 
[2022-04-22 22:02:54] [INFO] start writer 
[2022-04-22 22:02:54] [INFO] end writer 
[2022-04-22 22:02:54] [INFO] writer try send [7, 8, 9, 10] 
[2022-04-22 22:02:54] [INFO] writer send [6] 
[2022-04-22 22:02:54] [INFO] end writer 
[2022-04-22 22:02:54] [INFO] start writer 
[2022-04-22 22:02:54] [INFO] end writer 
[2022-04-22 22:02:54] [INFO] start reader 
[2022-04-22 22:02:54] [INFO] writer try send [4, 5] 
[2022-04-22 22:02:54] [INFO] writer send [18, 19, 20] 
[2022-04-22 22:02:54] [INFO] end writer 
[2022-04-22 22:02:54] [INFO] start reader 
[2022-04-22 22:02:54] [INFO] start reader 
[2022-04-22 22:02:54] [INFO] start get result 
[2022-04-22 22:02:54] [INFO] start reader 
[2022-04-22 22:02:54] [INFO] start get result 
[2022-04-22 22:02:54] [INFO] end get result 2 
[2022-04-22 22:02:54] [INFO] start reader 
[2022-04-22 22:02:54] [INFO] start get result 
[2022-04-22 22:02:54] [INFO] end get result 1 
[2022-04-22 22:02:54] [INFO] reader get 1 
[2022-04-22 22:02:54] [INFO] start get result 
[2022-04-22 22:02:54] [INFO] start reader 
[2022-04-22 22:02:54] [INFO] end get result 3 
[2022-04-22 22:02:54] [INFO] start get result 
[2022-04-22 22:02:54] [INFO] reader get 3 
[2022-04-22 22:02:54] [INFO] end get result 19 
[2022-04-22 22:02:54] [INFO] reader get 19 
[2022-04-22 22:02:54] [INFO] start get result 
[2022-04-22 22:02:54] [INFO] end get result 4 
[2022-04-22 22:02:54] [INFO] reader get 2 
[2022-04-22 22:02:54] [INFO] start get result 
[2022-04-22 22:02:54] [INFO] end get result 5 
[2022-04-22 22:02:54] [INFO] reader get 5 
[2022-04-22 22:02:54] [INFO] start get result 
[2022-04-22 22:02:54] [INFO] end get result 12 
[2022-04-22 22:02:54] [INFO] reader get 12 
[2022-04-22 22:02:54] [INFO] start get result 
[2022-04-22 22:02:54] [INFO] end get result 11 
[2022-04-22 22:02:54] [INFO] reader get 11 
[2022-04-22 22:02:54] [INFO] start get result 
[2022-04-22 22:02:54] [INFO] writer send [14, 15, 16, 17] 
[2022-04-22 22:02:54] [INFO] end writer 
[2022-04-22 22:02:54] [INFO] writer send [7, 8, 9, 10] 
[2022-04-22 22:02:54] [INFO] end writer 
[2022-04-22 22:02:54] [INFO] reader get 4 
[2022-04-22 22:02:54] [INFO] start get result 
[2022-04-22 22:02:54] [INFO] end get result 8 
[2022-04-22 22:02:54] [INFO] reader get 8 
[2022-04-22 22:02:54] [INFO] start get result 
[2022-04-22 22:02:54] [INFO] end get result 20 
[2022-04-22 22:02:54] [INFO] reader get 20 
[2022-04-22 22:02:54] [INFO] start reader 
[2022-04-22 22:02:54] [INFO] writer send [11, 12, 13] 
[2022-04-22 22:02:54] [INFO] end writer 
[2022-04-22 22:02:54] [INFO] start reader 
[2022-04-22 22:02:54] [INFO] writer send [4, 5] 
[2022-04-22 22:02:54] [INFO] end writer 
[2022-04-22 22:02:54] [INFO] start reader 
[2022-04-22 22:02:54] [INFO] start get result 
[2022-04-22 22:02:54] [INFO] start get result 
[2022-04-22 22:02:54] [INFO] end get result 14 
[2022-04-22 22:02:54] [INFO] end get result 6 
[2022-04-22 22:02:54] [INFO] reader get 6 
[2022-04-22 22:02:54] [INFO] start get result 
[2022-04-22 22:02:54] [INFO] start get result 
[2022-04-22 22:02:54] [INFO] end get result 17 
[2022-04-22 22:02:54] [INFO] reader get 17 
[2022-04-22 22:02:54] [INFO] start get result 
[2022-04-22 22:02:54] [INFO] reader get 14 
[2022-04-22 22:02:54] [INFO] start get result 
[2022-04-22 22:02:54] [INFO] end get result 18 
[2022-04-22 22:02:54] [INFO] reader get 18 
[2022-04-22 22:02:54] [INFO] start get result 
[2022-04-22 22:02:54] [INFO] end get result 15 
[2022-04-22 22:02:54] [INFO] start get result 
[2022-04-22 22:02:54] [INFO] end get result 10 
[2022-04-22 22:02:54] [INFO] start get result 
[2022-04-22 22:02:54] [INFO] end get result 9 
[2022-04-22 22:02:54] [INFO] reader get 9 
[2022-04-22 22:02:54] [INFO] end get result 7 
[2022-04-22 22:02:54] [INFO] reader get 7 
[2022-04-22 22:02:54] [INFO] start get result 
[2022-04-22 22:02:54] [INFO] start get result 
[2022-04-22 22:02:54] [INFO] end get result 13 
[2022-04-22 22:02:54] [INFO] reader get 13 
[2022-04-22 22:02:54] [INFO] start get result 
[2022-04-22 22:02:54] [INFO] start get result 
[2022-04-22 22:02:54] [INFO] reader get 10 
[2022-04-22 22:02:54] [INFO] start get result 
[2022-04-22 22:02:54] [INFO] reader get 15 
[2022-04-22 22:02:54] [INFO] start get result 
[2022-04-22 22:02:54] [INFO] start get result 
[2022-04-22 22:02:54] [INFO] end get result 16 
[2022-04-22 22:02:54] [INFO] reader get 16 
[2022-04-22 22:02:54] [INFO] start get result 
Exception in thread "Thread-64036" java.util.concurrent.TimeoutException
	at serie1.Ex4.BlockingMessageQueueFuture$MyFuture.get(BlockingMessageQueueFuture.kt:222)
	at serie1.ex4.FutureTest$blocking_message_multiple_send_receive$2$thread$1.invoke(BlockingMessageQueueWithFutureTest.kt:179)
	at serie1.ex4.FutureTest$blocking_message_multiple_send_receive$2$thread$1.invoke(BlockingMessageQueueWithFutureTest.kt:169)
	at kotlin.concurrent.ThreadsKt$thread$thread$1.run(Thread.kt:30)
Exception in thread "Thread-64037" java.util.concurrent.TimeoutException
	at serie1.Ex4.BlockingMessageQueueFuture$MyFuture.get(BlockingMessageQueueFuture.kt:222)
	at serie1.ex4.FutureTest$blocking_message_multiple_send_receive$2$thread$1.invoke(BlockingMessageQueueWithFutureTest.kt:179)
	at serie1.ex4.FutureTest$blocking_message_multiple_send_receive$2$thread$1.invoke(BlockingMessageQueueWithFutureTest.kt:169)
	at kotlin.concurrent.ThreadsKt$thread$thread$1.run(Thread.kt:30)
Exception in thread "Thread-64042" java.util.concurrent.TimeoutException
	at serie1.Ex4.BlockingMessageQueueFuture$MyFuture.get(BlockingMessageQueueFuture.kt:222)
	at serie1.ex4.FutureTest$blocking_message_multiple_send_receive$2$thread$1.invoke(BlockingMessageQueueWithFutureTest.kt:179)
	at serie1.ex4.FutureTest$blocking_message_multiple_send_receive$2$thread$1.invoke(BlockingMessageQueueWithFutureTest.kt:169)
	at kotlin.concurrent.ThreadsKt$thread$thread$1.run(Thread.kt:30)
Exception in thread "Thread-64038" java.util.concurrent.TimeoutException
	at serie1.Ex4.BlockingMessageQueueFuture$MyFuture.get(BlockingMessageQueueFuture.kt:222)
	at serie1.ex4.FutureTest$blocking_message_multiple_send_receive$2$thread$1.invoke(BlockingMessageQueueWithFutureTest.kt:179)
	at serie1.ex4.FutureTest$blocking_message_multiple_send_receive$2$thread$1.invoke(BlockingMessageQueueWithFutureTest.kt:169)
	at kotlin.concurrent.ThreadsKt$thread$thread$1.run(Thread.kt:30)
Exception in thread "Thread-64035" java.util.concurrent.TimeoutException
	at serie1.Ex4.BlockingMessageQueueFuture$MyFuture.get(BlockingMessageQueueFuture.kt:222)
	at serie1.ex4.FutureTest$blocking_message_multiple_send_receive$2$thread$1.invoke(BlockingMessageQueueWithFutureTest.kt:179)
	at serie1.ex4.FutureTest$blocking_message_multiple_send_receive$2$thread$1.invoke(BlockingMessageQueueWithFutureTest.kt:169)
	at kotlin.concurrent.ThreadsKt$thread$thread$1.run(Thread.kt:30)
Exception in thread "Thread-64040" java.util.concurrent.TimeoutException
	at serie1.Ex4.BlockingMessageQueueFuture$MyFuture.get(BlockingMessageQueueFuture.kt:222)
	at serie1.ex4.FutureTest$blocking_message_multiple_send_receive$2$thread$1.invoke(BlockingMessageQueueWithFutureTest.kt:179)
	at serie1.ex4.FutureTest$blocking_message_multiple_send_receive$2$thread$1.invoke(BlockingMessageQueueWithFutureTest.kt:169)
	at kotlin.concurrent.ThreadsKt$thread$thread$1.run(Thread.kt:30)
Exception in thread "Thread-64043" java.util.concurrent.TimeoutException
	at serie1.Ex4.BlockingMessageQueueFuture$MyFuture.get(BlockingMessageQueueFuture.kt:222)
	at serie1.ex4.FutureTest$blocking_message_multiple_send_receive$2$thread$1.invoke(BlockingMessageQueueWithFutureTest.kt:179)
	at serie1.ex4.FutureTest$blocking_message_multiple_send_receive$2$thread$1.invoke(BlockingMessageQueueWithFutureTest.kt:169)
	at kotlin.concurrent.ThreadsKt$thread$thread$1.run(Thread.kt:30)
Exception in thread "Thread-64041" java.util.concurrent.TimeoutException
	at serie1.Ex4.BlockingMessageQueueFuture$MyFuture.get(BlockingMessageQueueFuture.kt:222)
	at serie1.ex4.FutureTest$blocking_message_multiple_send_receive$2$thread$1.invoke(BlockingMessageQueueWithFutureTest.kt:179)
	at serie1.ex4.FutureTest$blocking_message_multiple_send_receive$2$thread$1.invoke(BlockingMessageQueueWithFutureTest.kt:169)
	at kotlin.concurrent.ThreadsKt$thread$thread$1.run(Thread.kt:30)
Exception in thread "Thread-64039" java.util.concurrent.TimeoutException
	at serie1.Ex4.BlockingMessageQueueFuture$MyFuture.get(BlockingMessageQueueFuture.kt:222)
	at serie1.ex4.FutureTest$blocking_message_multiple_send_receive$2$thread$1.invoke(BlockingMessageQueueWithFutureTest.kt:179)
	at serie1.ex4.FutureTest$blocking_message_multiple_send_receive$2$thread$1.invoke(BlockingMessageQueueWithFutureTest.kt:169)
	at kotlin.concurrent.ThreadsKt$thread$thread$1.run(Thread.kt:30)
[2022-04-22 22:02:56] [INFO] start writer 
[2022-04-22 22:02:56] [INFO] writer try send [1, 2, 3] 
[2022-04-22 22:02:56] [INFO] start writer 
[2022-04-22 22:02:56] [INFO] writer try send [4, 5] 
[2022-04-22 22:02:56] [INFO] start writer 
[2022-04-22 22:02:56] [INFO] writer try send [6] 
[2022-04-22 22:02:56] [INFO] writer send [6] 
[2022-04-22 22:02:56] [INFO] start writer 
[2022-04-22 22:02:56] [INFO] start writer 
[2022-04-22 22:02:56] [INFO] start reader 
[2022-04-22 22:02:56] [INFO] start writer 
[2022-04-22 22:02:56] [INFO] start reader 
[2022-04-22 22:02:56] [INFO] writer send [4, 5] 
[2022-04-22 22:02:56] [INFO] end writer 
[2022-04-22 22:02:56] [INFO] start reader 
[2022-04-22 22:02:56] [INFO] start writer 
[2022-04-22 22:02:56] [INFO] end writer 
[2022-04-22 22:02:56] [INFO] writer send [1, 2, 3] 
[2022-04-22 22:02:56] [INFO] end writer 
[2022-04-22 22:02:56] [INFO] start get result 
[2022-04-22 22:02:56] [INFO] start get result 
[2022-04-22 22:02:56] [INFO] end get result 3 
[2022-04-22 22:02:56] [INFO] reader get 3 
[2022-04-22 22:02:56] [INFO] start get result 
[2022-04-22 22:02:56] [INFO] end get result 4 
[2022-04-22 22:02:56] [INFO] reader get 4 
[2022-04-22 22:02:56] [INFO] start get result 
[2022-04-22 22:02:56] [INFO] start reader 
[2022-04-22 22:02:56] [INFO] start get result 
[2022-04-22 22:02:56] [INFO] start reader 
[2022-04-22 22:02:56] [INFO] start writer 
[2022-04-22 22:02:56] [INFO] end writer 
[2022-04-22 22:02:56] [INFO] start reader 
[2022-04-22 22:02:56] [INFO] writer try send [18, 19, 20] 
[2022-04-22 22:02:56] [INFO] writer send [18, 19, 20] 
[2022-04-22 22:02:56] [INFO] end writer 
[2022-04-22 22:02:56] [INFO] start get result 
[2022-04-22 22:02:56] [INFO] end get result 6 
[2022-04-22 22:02:56] [INFO] start writer 
[2022-04-22 22:02:56] [INFO] end writer 
[2022-04-22 22:02:56] [INFO] writer try send [14, 15, 16, 17] 
[2022-04-22 22:02:56] [INFO] writer send [14, 15, 16, 17] 
[2022-04-22 22:02:56] [INFO] end writer 
[2022-04-22 22:02:56] [INFO] start writer 
[2022-04-22 22:02:56] [INFO] end writer 
[2022-04-22 22:02:56] [INFO] writer try send [11, 12, 13] 
[2022-04-22 22:02:56] [INFO] writer send [11, 12, 13] 
[2022-04-22 22:02:56] [INFO] end writer 
[2022-04-22 22:02:56] [INFO] writer try send [7, 8, 9, 10] 
[2022-04-22 22:02:56] [INFO] start get result 
[2022-04-22 22:02:56] [INFO] end get result 19 
[2022-04-22 22:02:56] [INFO] start get result 
[2022-04-22 22:02:56] [INFO] reader get 6 
[2022-04-22 22:02:56] [INFO] start get result 
[2022-04-22 22:02:56] [INFO] end get result 20 
[2022-04-22 22:02:56] [INFO] reader get 20 
[2022-04-22 22:02:56] [INFO] start get result 
[2022-04-22 22:02:56] [INFO] end get result 14 
[2022-04-22 22:02:56] [INFO] reader get 14 
[2022-04-22 22:02:56] [INFO] start get result 
[2022-04-22 22:02:56] [INFO] start reader 
[2022-04-22 22:02:56] [INFO] end get result 1 
[2022-04-22 22:02:56] [INFO] start reader 
[2022-04-22 22:02:56] [INFO] end get result 5 
[2022-04-22 22:02:56] [INFO] reader get 5 
[2022-04-22 22:02:56] [INFO] end get result 2 
[2022-04-22 22:02:56] [INFO] writer send [7, 8, 9, 10] 
[2022-04-22 22:02:56] [INFO] end writer 
[2022-04-22 22:02:56] [INFO] reader get 2 
[2022-04-22 22:02:56] [INFO] start get result 
[2022-04-22 22:02:56] [INFO] end get result 11 
[2022-04-22 22:02:56] [INFO] start get result 
[2022-04-22 22:02:56] [INFO] end get result 12 
[2022-04-22 22:02:56] [INFO] reader get 12 
[2022-04-22 22:02:56] [INFO] start get result 
[2022-04-22 22:02:56] [INFO] end get result 13 
[2022-04-22 22:02:56] [INFO] reader get 13 
[2022-04-22 22:02:56] [INFO] start get result 
[2022-04-22 22:02:56] [INFO] start get result 
[2022-04-22 22:02:56] [INFO] end get result 17 
[2022-04-22 22:02:56] [INFO] reader get 17 
[2022-04-22 22:02:56] [INFO] start get result 
[2022-04-22 22:02:56] [INFO] start get result 
[2022-04-22 22:02:56] [INFO] end get result 16 
[2022-04-22 22:02:56] [INFO] reader get 16 
[2022-04-22 22:02:56] [INFO] start get result 
[2022-04-22 22:02:56] [INFO] end get result 9 
[2022-04-22 22:02:56] [INFO] reader get 9 
[2022-04-22 22:02:56] [INFO] start get result 
[2022-04-22 22:02:56] [INFO] end get result 10 
[2022-04-22 22:02:56] [INFO] reader get 10 
[2022-04-22 22:02:56] [INFO] start get result 
[2022-04-22 22:02:56] [INFO] start reader 
[2022-04-22 22:02:56] [INFO] reader get 1 
[2022-04-22 22:02:56] [INFO] start get result 
[2022-04-22 22:02:56] [INFO] end get result 15 
[2022-04-22 22:02:56] [INFO] reader get 15 
[2022-04-22 22:02:56] [INFO] start get result 
[2022-04-22 22:02:56] [INFO] end get result 18 
[2022-04-22 22:02:56] [INFO] reader get 18 
[2022-04-22 22:02:56] [INFO] reader get 19 
[2022-04-22 22:02:56] [INFO] start get result 
[2022-04-22 22:02:56] [INFO] start get result 
[2022-04-22 22:02:56] [INFO] start get result 
[2022-04-22 22:02:56] [INFO] end get result 8 
[2022-04-22 22:02:56] [INFO] reader get 8 
[2022-04-22 22:02:56] [INFO] start get result 
[2022-04-22 22:02:56] [INFO] end get result 7 
[2022-04-22 22:02:56] [INFO] reader get 7 
[2022-04-22 22:02:56] [INFO] start get result 
[2022-04-22 22:02:56] [INFO] reader get 11 
[2022-04-22 22:02:56] [INFO] start get result 
Exception in thread "Thread-64060" java.util.concurrent.TimeoutException
	at serie1.Ex4.BlockingMessageQueueFuture$MyFuture.get(BlockingMessageQueueFuture.kt:222)
	at serie1.ex4.FutureTest$blocking_message_multiple_send_receive$2$thread$1.invoke(BlockingMessageQueueWithFutureTest.kt:179)
	at serie1.ex4.FutureTest$blocking_message_multiple_send_receive$2$thread$1.invoke(BlockingMessageQueueWithFutureTest.kt:169)
	at kotlin.concurrent.ThreadsKt$thread$thread$1.run(Thread.kt:30)
Exception in thread "Thread-64055" java.util.concurrent.TimeoutException
	at serie1.Ex4.BlockingMessageQueueFuture$MyFuture.get(BlockingMessageQueueFuture.kt:222)
	at serie1.ex4.FutureTest$blocking_message_multiple_send_receive$2$thread$1.invoke(BlockingMessageQueueWithFutureTest.kt:179)
	at serie1.ex4.FutureTest$blocking_message_multiple_send_receive$2$thread$1.invoke(BlockingMessageQueueWithFutureTest.kt:169)
	at kotlin.concurrent.ThreadsKt$thread$thread$1.run(Thread.kt:30)
Exception in thread "Thread-64062" java.util.concurrent.TimeoutException
	at serie1.Ex4.BlockingMessageQueueFuture$MyFuture.get(BlockingMessageQueueFuture.kt:222)
	at serie1.ex4.FutureTest$blocking_message_multiple_send_receive$2$thread$1.invoke(BlockingMessageQueueWithFutureTest.kt:179)
	at serie1.ex4.FutureTest$blocking_message_multiple_send_receive$2$thread$1.invoke(BlockingMessageQueueWithFutureTest.kt:169)
	at kotlin.concurrent.ThreadsKt$thread$thread$1.run(Thread.kt:30)
Exception in thread "Thread-64057" java.util.concurrent.TimeoutException
	at serie1.Ex4.BlockingMessageQueueFuture$MyFuture.get(BlockingMessageQueueFuture.kt:222)
	at serie1.ex4.FutureTest$blocking_message_multiple_send_receive$2$thread$1.invoke(BlockingMessageQueueWithFutureTest.kt:179)
	at serie1.ex4.FutureTest$blocking_message_multiple_send_receive$2$thread$1.invoke(BlockingMessageQueueWithFutureTest.kt:169)
	at kotlin.concurrent.ThreadsKt$thread$thread$1.run(Thread.kt:30)
Exception in thread "Thread-64061" java.util.concurrent.TimeoutException
	at serie1.Ex4.BlockingMessageQueueFuture$MyFuture.get(BlockingMessageQueueFuture.kt:222)
	at serie1.ex4.FutureTest$blocking_message_multiple_send_receive$2$thread$1.invoke(BlockingMessageQueueWithFutureTest.kt:179)
	at serie1.ex4.FutureTest$blocking_message_multiple_send_receive$2$thread$1.invoke(BlockingMessageQueueWithFutureTest.kt:169)
	at kotlin.concurrent.ThreadsKt$thread$thread$1.run(Thread.kt:30)
Exception in thread "Thread-64063" java.util.concurrent.TimeoutException
	at serie1.Ex4.BlockingMessageQueueFuture$MyFuture.get(BlockingMessageQueueFuture.kt:222)
	at serie1.ex4.FutureTest$blocking_message_multiple_send_receive$2$thread$1.invoke(BlockingMessageQueueWithFutureTest.kt:179)
	at serie1.ex4.FutureTest$blocking_message_multiple_send_receive$2$thread$1.invoke(BlockingMessageQueueWithFutureTest.kt:169)
	at kotlin.concurrent.ThreadsKt$thread$thread$1.run(Thread.kt:30)
Exception in thread "Thread-64056" java.util.concurrent.TimeoutException
	at serie1.Ex4.BlockingMessageQueueFuture$MyFuture.get(BlockingMessageQueueFuture.kt:222)
	at serie1.ex4.FutureTest$blocking_message_multiple_send_receive$2$thread$1.invoke(BlockingMessageQueueWithFutureTest.kt:179)
	at serie1.ex4.FutureTest$blocking_message_multiple_send_receive$2$thread$1.invoke(BlockingMessageQueueWithFutureTest.kt:169)
	at kotlin.concurrent.ThreadsKt$thread$thread$1.run(Thread.kt:30)
Exception in thread "Thread-64059" java.util.concurrent.TimeoutException
	at serie1.Ex4.BlockingMessageQueueFuture$MyFuture.get(BlockingMessageQueueFuture.kt:222)
	at serie1.ex4.FutureTest$blocking_message_multiple_send_receive$2$thread$1.invoke(BlockingMessageQueueWithFutureTest.kt:179)
	at serie1.ex4.FutureTest$blocking_message_multiple_send_receive$2$thread$1.invoke(BlockingMessageQueueWithFutureTest.kt:169)
	at kotlin.concurrent.ThreadsKt$thread$thread$1.run(Thread.kt:30)
Exception in thread "Thread-64058" java.util.concurrent.TimeoutException
	at serie1.Ex4.BlockingMessageQueueFuture$MyFuture.get(BlockingMessageQueueFuture.kt:222)
	at serie1.ex4.FutureTest$blocking_message_multiple_send_receive$2$thread$1.invoke(BlockingMessageQueueWithFutureTest.kt:179)
	at serie1.ex4.FutureTest$blocking_message_multiple_send_receive$2$thread$1.invoke(BlockingMessageQueueWithFutureTest.kt:169)
	at kotlin.concurrent.ThreadsKt$thread$thread$1.run(Thread.kt:30)
[2022-04-22 22:02:58] [INFO] start writer 
[2022-04-22 22:02:58] [INFO] writer try send [1, 2, 3] 
[2022-04-22 22:02:58] [INFO] writer send [1, 2, 3] 
[2022-04-22 22:02:58] [INFO] start writer 
[2022-04-22 22:02:58] [INFO] writer try send [6] 
[2022-04-22 22:02:58] [INFO] start writer 
[2022-04-22 22:02:58] [INFO] writer send [6] 
[2022-04-22 22:02:58] [INFO] writer try send [11, 12, 13] 
[2022-04-22 22:02:58] [INFO] start writer 
[2022-04-22 22:02:58] [INFO] writer try send [4, 5] 
[2022-04-22 22:02:58] [INFO] start reader 
[2022-04-22 22:02:58] [INFO] start writer 
[2022-04-22 22:02:58] [INFO] start writer 
[2022-04-22 22:02:58] [INFO] end writer 
[2022-04-22 22:02:58] [INFO] writer try send [14, 15, 16, 17] 
[2022-04-22 22:02:58] [INFO] writer send [11, 12, 13] 
[2022-04-22 22:02:58] [INFO] end writer 
[2022-04-22 22:02:58] [INFO] start writer 
[2022-04-22 22:02:58] [INFO] end writer 
[2022-04-22 22:02:58] [INFO] writer try send [7, 8, 9, 10] 
[2022-04-22 22:02:58] [INFO] start writer 
[2022-04-22 22:02:58] [INFO] end writer 
[2022-04-22 22:02:58] [INFO] start writer 
[2022-04-22 22:02:58] [INFO] end writer 
[2022-04-22 22:02:58] [INFO] start get result 
[2022-04-22 22:02:58] [INFO] end get result 1 
[2022-04-22 22:02:58] [INFO] reader get 1 
[2022-04-22 22:02:58] [INFO] start writer 
[2022-04-22 22:02:58] [INFO] end writer 
[2022-04-22 22:02:58] [INFO] start reader 
[2022-04-22 22:02:58] [INFO] writer try send [18, 19, 20] 
[2022-04-22 22:02:58] [INFO] start reader 
[2022-04-22 22:02:58] [INFO] start reader 
[2022-04-22 22:02:58] [INFO] start get result 
[2022-04-22 22:02:58] [INFO] end get result 3 
[2022-04-22 22:02:58] [INFO] reader get 3 
[2022-04-22 22:02:58] [INFO] start get result 
[2022-04-22 22:02:58] [INFO] end get result 6 
[2022-04-22 22:02:58] [INFO] start get result 
[2022-04-22 22:02:58] [INFO] reader get 6 
[2022-04-22 22:02:58] [INFO] start get result 
[2022-04-22 22:02:58] [INFO] writer send [18, 19, 20] 
[2022-04-22 22:02:58] [INFO] end writer 
[2022-04-22 22:02:58] [INFO] writer send [4, 5] 
[2022-04-22 22:02:58] [INFO] end writer 
[2022-04-22 22:02:58] [INFO] end get result 13 
[2022-04-22 22:02:58] [INFO] reader get 13 
[2022-04-22 22:02:58] [INFO] start get result 
[2022-04-22 22:02:58] [INFO] end get result 4 
[2022-04-22 22:02:58] [INFO] reader get 4 
[2022-04-22 22:02:58] [INFO] end get result 12 
[2022-04-22 22:02:58] [INFO] start get result 
[2022-04-22 22:02:58] [INFO] end get result 5 
[2022-04-22 22:02:58] [INFO] reader get 5 
[2022-04-22 22:02:58] [INFO] start get result 
[2022-04-22 22:02:58] [INFO] end get result 11 
[2022-04-22 22:02:58] [INFO] writer send [14, 15, 16, 17] 
[2022-04-22 22:02:58] [INFO] end writer 
[2022-04-22 22:02:58] [INFO] start reader 
[2022-04-22 22:02:58] [INFO] start get result 
[2022-04-22 22:02:58] [INFO] end get result 2 
[2022-04-22 22:02:58] [INFO] reader get 2 
[2022-04-22 22:02:58] [INFO] reader get 11 
[2022-04-22 22:02:58] [INFO] start get result 
[2022-04-22 22:02:58] [INFO] end get result 16 
[2022-04-22 22:02:58] [INFO] reader get 16 
[2022-04-22 22:02:58] [INFO] start get result 
[2022-04-22 22:02:58] [INFO] end get result 17 
[2022-04-22 22:02:58] [INFO] reader get 17 
[2022-04-22 22:02:58] [INFO] start get result 
[2022-04-22 22:02:58] [INFO] end get result 18 
[2022-04-22 22:02:58] [INFO] start get result 
[2022-04-22 22:02:58] [INFO] end get result 19 
[2022-04-22 22:02:58] [INFO] start get result 
[2022-04-22 22:02:58] [INFO] end get result 14 
[2022-04-22 22:02:58] [INFO] reader get 14 
[2022-04-22 22:02:58] [INFO] start get result 
[2022-04-22 22:02:58] [INFO] end get result 20 
[2022-04-22 22:02:58] [INFO] reader get 20 
[2022-04-22 22:02:58] [INFO] reader get 12 
[2022-04-22 22:02:58] [INFO] start get result 
[2022-04-22 22:02:58] [INFO] end get result 8 
[2022-04-22 22:02:58] [INFO] reader get 8 
[2022-04-22 22:02:58] [INFO] start get result 
[2022-04-22 22:02:58] [INFO] end get result 9 
[2022-04-22 22:02:58] [INFO] reader get 9 
[2022-04-22 22:02:58] [INFO] start get result 
[2022-04-22 22:02:58] [INFO] end get result 7 
[2022-04-22 22:02:58] [INFO] reader get 7 
[2022-04-22 22:02:58] [INFO] start get result 
[2022-04-22 22:02:58] [INFO] reader get 19 
[2022-04-22 22:02:58] [INFO] start get result 
[2022-04-22 22:02:58] [INFO] reader get 18 
[2022-04-22 22:02:58] [INFO] start get result 
[2022-04-22 22:02:58] [INFO] writer send [7, 8, 9, 10] 
[2022-04-22 22:02:58] [INFO] end writer 
[2022-04-22 22:02:58] [INFO] start reader 
[2022-04-22 22:02:58] [INFO] start get result 
[2022-04-22 22:02:58] [INFO] end get result 15 
[2022-04-22 22:02:58] [INFO] reader get 15 
[2022-04-22 22:02:58] [INFO] start get result 
[2022-04-22 22:02:58] [INFO] start get result 
[2022-04-22 22:02:58] [INFO] end get result 10 
[2022-04-22 22:02:58] [INFO] start reader 
[2022-04-22 22:02:58] [INFO] reader get 10 
[2022-04-22 22:02:58] [INFO] start get result 
[2022-04-22 22:02:58] [INFO] start reader 
[2022-04-22 22:02:58] [INFO] start get result 
[2022-04-22 22:02:58] [INFO] start reader 
[2022-04-22 22:02:58] [INFO] start get result 
[2022-04-22 22:02:58] [INFO] start get result 
[2022-04-22 22:02:58] [INFO] start get result 
Exception in thread "Thread-64079" java.util.concurrent.TimeoutException
	at serie1.Ex4.BlockingMessageQueueFuture$MyFuture.get(BlockingMessageQueueFuture.kt:222)
	at serie1.ex4.FutureTest$blocking_message_multiple_send_receive$2$thread$1.invoke(BlockingMessageQueueWithFutureTest.kt:179)
	at serie1.ex4.FutureTest$blocking_message_multiple_send_receive$2$thread$1.invoke(BlockingMessageQueueWithFutureTest.kt:169)
	at kotlin.concurrent.ThreadsKt$thread$thread$1.run(Thread.kt:30)
Exception in thread "Thread-64077" java.util.concurrent.TimeoutException
	at serie1.Ex4.BlockingMessageQueueFuture$MyFuture.get(BlockingMessageQueueFuture.kt:222)
	at serie1.ex4.FutureTest$blocking_message_multiple_send_receive$2$thread$1.invoke(BlockingMessageQueueWithFutureTest.kt:179)
	at serie1.ex4.FutureTest$blocking_message_multiple_send_receive$2$thread$1.invoke(BlockingMessageQueueWithFutureTest.kt:169)
	at kotlin.concurrent.ThreadsKt$thread$thread$1.run(Thread.kt:30)
Exception in thread "Thread-64078" java.util.concurrent.TimeoutException
	at serie1.Ex4.BlockingMessageQueueFuture$MyFuture.get(BlockingMessageQueueFuture.kt:222)
	at serie1.ex4.FutureTest$blocking_message_multiple_send_receive$2$thread$1.invoke(BlockingMessageQueueWithFutureTest.kt:179)
	at serie1.ex4.FutureTest$blocking_message_multiple_send_receive$2$thread$1.invoke(BlockingMessageQueueWithFutureTest.kt:169)
	at kotlin.concurrent.ThreadsKt$thread$thread$1.run(Thread.kt:30)
Exception in thread "Thread-64076" java.util.concurrent.TimeoutException
	at serie1.Ex4.BlockingMessageQueueFuture$MyFuture.get(BlockingMessageQueueFuture.kt:222)
	at serie1.ex4.FutureTest$blocking_message_multiple_send_receive$2$thread$1.invoke(BlockingMessageQueueWithFutureTest.kt:179)
	at serie1.ex4.FutureTest$blocking_message_multiple_send_receive$2$thread$1.invoke(BlockingMessageQueueWithFutureTest.kt:169)
	at kotlin.concurrent.ThreadsKt$thread$thread$1.run(Thread.kt:30)
Exception in thread "Thread-64083" java.util.concurrent.TimeoutException
	at serie1.Ex4.BlockingMessageQueueFuture$MyFuture.get(BlockingMessageQueueFuture.kt:222)
	at serie1.ex4.FutureTest$blocking_message_multiple_send_receive$2$thread$1.invoke(BlockingMessageQueueWithFutureTest.kt:179)
	at serie1.ex4.FutureTest$blocking_message_multiple_send_receive$2$thread$1.invoke(BlockingMessageQueueWithFutureTest.kt:169)
	at kotlin.concurrent.ThreadsKt$thread$thread$1.run(Thread.kt:30)
Exception in thread "Thread-64075" java.util.concurrent.TimeoutException
	at serie1.Ex4.BlockingMessageQueueFuture$MyFuture.get(BlockingMessageQueueFuture.kt:222)
	at serie1.ex4.FutureTest$blocking_message_multiple_send_receive$2$thread$1.invoke(BlockingMessageQueueWithFutureTest.kt:179)
	at serie1.ex4.FutureTest$blocking_message_multiple_send_receive$2$thread$1.invoke(BlockingMessageQueueWithFutureTest.kt:169)
	at kotlin.concurrent.ThreadsKt$thread$thread$1.run(Thread.kt:30)
Exception in thread "Thread-64080" java.util.concurrent.TimeoutException
	at serie1.Ex4.BlockingMessageQueueFuture$MyFuture.get(BlockingMessageQueueFuture.kt:222)
	at serie1.ex4.FutureTest$blocking_message_multiple_send_receive$2$thread$1.invoke(BlockingMessageQueueWithFutureTest.kt:179)
	at serie1.ex4.FutureTest$blocking_message_multiple_send_receive$2$thread$1.invoke(BlockingMessageQueueWithFutureTest.kt:169)
	at kotlin.concurrent.ThreadsKt$thread$thread$1.run(Thread.kt:30)
Exception in thread "Thread-64082" java.util.concurrent.TimeoutException
	at serie1.Ex4.BlockingMessageQueueFuture$MyFuture.get(BlockingMessageQueueFuture.kt:222)
	at serie1.ex4.FutureTest$blocking_message_multiple_send_receive$2$thread$1.invoke(BlockingMessageQueueWithFutureTest.kt:179)
	at serie1.ex4.FutureTest$blocking_message_multiple_send_receive$2$thread$1.invoke(BlockingMessageQueueWithFutureTest.kt:169)
	at kotlin.concurrent.ThreadsKt$thread$thread$1.run(Thread.kt:30)
Exception in thread "Thread-64081" java.util.concurrent.TimeoutException
	at serie1.Ex4.BlockingMessageQueueFuture$MyFuture.get(BlockingMessageQueueFuture.kt:222)
	at serie1.ex4.FutureTest$blocking_message_multiple_send_receive$2$thread$1.invoke(BlockingMessageQueueWithFutureTest.kt:179)
	at serie1.ex4.FutureTest$blocking_message_multiple_send_receive$2$thread$1.invoke(BlockingMessageQueueWithFutureTest.kt:169)
	at kotlin.concurrent.ThreadsKt$thread$thread$1.run(Thread.kt:30)
[2022-04-22 22:03:00] [INFO] start writer 
[2022-04-22 22:03:00] [INFO] writer try send [1, 2, 3] 
[2022-04-22 22:03:00] [INFO] start writer 
[2022-04-22 22:03:00] [INFO] writer try send [4, 5] 
[2022-04-22 22:03:00] [INFO] start writer 
[2022-04-22 22:03:00] [INFO] start writer 
[2022-04-22 22:03:00] [INFO] writer try send [7, 8, 9, 10] 
[2022-04-22 22:03:00] [INFO] writer send [7, 8, 9, 10] 
[2022-04-22 22:03:00] [INFO] start writer 
[2022-04-22 22:03:00] [INFO] writer try send [14, 15, 16, 17] 
[2022-04-22 22:03:00] [INFO] writer send [1, 2, 3] 
[2022-04-22 22:03:00] [INFO] writer try send [18, 19, 20] 
[2022-04-22 22:03:00] [INFO] start writer 
[2022-04-22 22:03:00] [INFO] end writer 
[2022-04-22 22:03:00] [INFO] start writer 
[2022-04-22 22:03:00] [INFO] end writer 
[2022-04-22 22:03:00] [INFO] start writer 
[2022-04-22 22:03:00] [INFO] end writer 
[2022-04-22 22:03:00] [INFO] writer try send [11, 12, 13] 
[2022-04-22 22:03:00] [INFO] writer try send [6] 
[2022-04-22 22:03:00] [INFO] writer send [6] 
[2022-04-22 22:03:00] [INFO] end writer 
[2022-04-22 22:03:00] [INFO] start reader 
[2022-04-22 22:03:00] [INFO] start reader 
[2022-04-22 22:03:00] [INFO] writer send [4, 5] 
[2022-04-22 22:03:00] [INFO] start reader 
[2022-04-22 22:03:00] [INFO] end writer 
[2022-04-22 22:03:00] [INFO] start writer 
[2022-04-22 22:03:00] [INFO] start reader 
[2022-04-22 22:03:00] [INFO] start writer 
[2022-04-22 22:03:00] [INFO] end writer 
[2022-04-22 22:03:00] [INFO] start reader 
[2022-04-22 22:03:00] [INFO] start get result 
[2022-04-22 22:03:00] [INFO] start get result 
[2022-04-22 22:03:00] [INFO] end get result 1 
[2022-04-22 22:03:00] [INFO] start get result 
[2022-04-22 22:03:00] [INFO] start get result 
[2022-04-22 22:03:00] [INFO] end get result 4 
[2022-04-22 22:03:00] [INFO] start get result 
[2022-04-22 22:03:00] [INFO] end get result 5 
[2022-04-22 22:03:00] [INFO] reader get 5 
[2022-04-22 22:03:00] [INFO] start get result 
[2022-04-22 22:03:00] [INFO] end get result 7 
[2022-04-22 22:03:00] [INFO] end writer 
[2022-04-22 22:03:00] [INFO] reader get 7 
[2022-04-22 22:03:00] [INFO] start get result 
[2022-04-22 22:03:00] [INFO] writer send [18, 19, 20] 
[2022-04-22 22:03:00] [INFO] end writer 
[2022-04-22 22:03:00] [INFO] reader get 4 
[2022-04-22 22:03:00] [INFO] start get result 
[2022-04-22 22:03:00] [INFO] end get result 9 
[2022-04-22 22:03:00] [INFO] reader get 9 
[2022-04-22 22:03:00] [INFO] end get result 3 
[2022-04-22 22:03:00] [INFO] reader get 3 
[2022-04-22 22:03:00] [INFO] start get result 
[2022-04-22 22:03:00] [INFO] writer send [14, 15, 16, 17] 
[2022-04-22 22:03:00] [INFO] end writer 
[2022-04-22 22:03:00] [INFO] writer send [11, 12, 13] 
[2022-04-22 22:03:00] [INFO] end writer 
[2022-04-22 22:03:00] [INFO] reader get 1 
[2022-04-22 22:03:00] [INFO] start get result 
[2022-04-22 22:03:00] [INFO] end get result 11 
[2022-04-22 22:03:00] [INFO] reader get 11 
[2022-04-22 22:03:00] [INFO] start get result 
[2022-04-22 22:03:00] [INFO] start reader 
[2022-04-22 22:03:00] [INFO] end get result 2 
[2022-04-22 22:03:00] [INFO] reader get 2 
[2022-04-22 22:03:00] [INFO] start reader 
[2022-04-22 22:03:00] [INFO] end get result 12 
[2022-04-22 22:03:00] [INFO] reader get 12 
[2022-04-22 22:03:00] [INFO] start get result 
[2022-04-22 22:03:00] [INFO] end get result 19 
[2022-04-22 22:03:00] [INFO] end get result 6 
[2022-04-22 22:03:00] [INFO] reader get 6 
[2022-04-22 22:03:00] [INFO] start get result 
[2022-04-22 22:03:00] [INFO] end get result 14 
[2022-04-22 22:03:00] [INFO] reader get 14 
[2022-04-22 22:03:00] [INFO] start get result 
[2022-04-22 22:03:00] [INFO] end get result 15 
[2022-04-22 22:03:00] [INFO] reader get 15 
[2022-04-22 22:03:00] [INFO] start get result 
[2022-04-22 22:03:00] [INFO] end get result 16 
[2022-04-22 22:03:00] [INFO] start get result 
[2022-04-22 22:03:00] [INFO] end get result 10 
[2022-04-22 22:03:00] [INFO] end get result 8 
[2022-04-22 22:03:00] [INFO] reader get 8 
[2022-04-22 22:03:00] [INFO] start get result 
[2022-04-22 22:03:00] [INFO] end get result 17 
[2022-04-22 22:03:00] [INFO] reader get 17 
[2022-04-22 22:03:00] [INFO] reader get 10 
[2022-04-22 22:03:00] [INFO] start get result 
[2022-04-22 22:03:00] [INFO] reader get 16 
[2022-04-22 22:03:00] [INFO] start get result 
[2022-04-22 22:03:00] [INFO] reader get 19 
[2022-04-22 22:03:00] [INFO] start get result 
[2022-04-22 22:03:00] [INFO] start get result 
[2022-04-22 22:03:00] [INFO] end get result 20 
[2022-04-22 22:03:00] [INFO] start get result 
[2022-04-22 22:03:00] [INFO] end get result 18 
[2022-04-22 22:03:00] [INFO] reader get 18 
[2022-04-22 22:03:00] [INFO] start get result 
[2022-04-22 22:03:00] [INFO] start reader 
[2022-04-22 22:03:00] [INFO] start get result 
[2022-04-22 22:03:00] [INFO] end get result 13 
[2022-04-22 22:03:00] [INFO] reader get 13 
[2022-04-22 22:03:00] [INFO] start get result 
[2022-04-22 22:03:00] [INFO] start reader 
[2022-04-22 22:03:00] [INFO] reader get 20 
[2022-04-22 22:03:00] [INFO] start get result 
[2022-04-22 22:03:00] [INFO] start get result 
[2022-04-22 22:03:00] [INFO] start get result 
[2022-04-22 22:03:00] [INFO] start get result 
Exception in thread "Thread-64095" java.util.concurrent.TimeoutException
	at serie1.Ex4.BlockingMessageQueueFuture$MyFuture.get(BlockingMessageQueueFuture.kt:222)
	at serie1.ex4.FutureTest$blocking_message_multiple_send_receive$2$thread$1.invoke(BlockingMessageQueueWithFutureTest.kt:179)
	at serie1.ex4.FutureTest$blocking_message_multiple_send_receive$2$thread$1.invoke(BlockingMessageQueueWithFutureTest.kt:169)
	at kotlin.concurrent.ThreadsKt$thread$thread$1.run(Thread.kt:30)
Exception in thread "Thread-64097" java.util.concurrent.TimeoutException
	at serie1.Ex4.BlockingMessageQueueFuture$MyFuture.get(BlockingMessageQueueFuture.kt:222)
	at serie1.ex4.FutureTest$blocking_message_multiple_send_receive$2$thread$1.invoke(BlockingMessageQueueWithFutureTest.kt:179)
	at serie1.ex4.FutureTest$blocking_message_multiple_send_receive$2$thread$1.invoke(BlockingMessageQueueWithFutureTest.kt:169)
	at kotlin.concurrent.ThreadsKt$thread$thread$1.run(Thread.kt:30)
Exception in thread "Thread-64096" java.util.concurrent.TimeoutException
	at serie1.Ex4.BlockingMessageQueueFuture$MyFuture.get(BlockingMessageQueueFuture.kt:222)
	at serie1.ex4.FutureTest$blocking_message_multiple_send_receive$2$thread$1.invoke(BlockingMessageQueueWithFutureTest.kt:179)
	at serie1.ex4.FutureTest$blocking_message_multiple_send_receive$2$thread$1.invoke(BlockingMessageQueueWithFutureTest.kt:169)
	at kotlin.concurrent.ThreadsKt$thread$thread$1.run(Thread.kt:30)
Exception in thread "Thread-64100" java.util.concurrent.TimeoutException
	at serie1.Ex4.BlockingMessageQueueFuture$MyFuture.get(BlockingMessageQueueFuture.kt:222)
	at serie1.ex4.FutureTest$blocking_message_multiple_send_receive$2$thread$1.invoke(BlockingMessageQueueWithFutureTest.kt:179)
	at serie1.ex4.FutureTest$blocking_message_multiple_send_receive$2$thread$1.invoke(BlockingMessageQueueWithFutureTest.kt:169)
	at kotlin.concurrent.ThreadsKt$thread$thread$1.run(Thread.kt:30)
Exception in thread "Thread-64098" java.util.concurrent.TimeoutException
	at serie1.Ex4.BlockingMessageQueueFuture$MyFuture.get(BlockingMessageQueueFuture.kt:222)
	at serie1.ex4.FutureTest$blocking_message_multiple_send_receive$2$thread$1.invoke(BlockingMessageQueueWithFutureTest.kt:179)
	at serie1.ex4.FutureTest$blocking_message_multiple_send_receive$2$thread$1.invoke(BlockingMessageQueueWithFutureTest.kt:169)
	at kotlin.concurrent.ThreadsKt$thread$thread$1.run(Thread.kt:30)
Exception in thread "Thread-64099" java.util.concurrent.TimeoutException
	at serie1.Ex4.BlockingMessageQueueFuture$MyFuture.get(BlockingMessageQueueFuture.kt:222)
	at serie1.ex4.FutureTest$blocking_message_multiple_send_receive$2$thread$1.invoke(BlockingMessageQueueWithFutureTest.kt:179)
	at serie1.ex4.FutureTest$blocking_message_multiple_send_receive$2$thread$1.invoke(BlockingMessageQueueWithFutureTest.kt:169)
	at kotlin.concurrent.ThreadsKt$thread$thread$1.run(Thread.kt:30)
Exception in thread "Thread-64103" java.util.concurrent.TimeoutException
	at serie1.Ex4.BlockingMessageQueueFuture$MyFuture.get(BlockingMessageQueueFuture.kt:222)
	at serie1.ex4.FutureTest$blocking_message_multiple_send_receive$2$thread$1.invoke(BlockingMessageQueueWithFutureTest.kt:179)
	at serie1.ex4.FutureTest$blocking_message_multiple_send_receive$2$thread$1.invoke(BlockingMessageQueueWithFutureTest.kt:169)
	at kotlin.concurrent.ThreadsKt$thread$thread$1.run(Thread.kt:30)
Exception in thread "Thread-64101" java.util.concurrent.TimeoutException
	at serie1.Ex4.BlockingMessageQueueFuture$MyFuture.get(BlockingMessageQueueFuture.kt:222)
	at serie1.ex4.FutureTest$blocking_message_multiple_send_receive$2$thread$1.invoke(BlockingMessageQueueWithFutureTest.kt:179)
	at serie1.ex4.FutureTest$blocking_message_multiple_send_receive$2$thread$1.invoke(BlockingMessageQueueWithFutureTest.kt:169)
	at kotlin.concurrent.ThreadsKt$thread$thread$1.run(Thread.kt:30)
Exception in thread "Thread-64102" java.util.concurrent.TimeoutException
	at serie1.Ex4.BlockingMessageQueueFuture$MyFuture.get(BlockingMessageQueueFuture.kt:222)
	at serie1.ex4.FutureTest$blocking_message_multiple_send_receive$2$thread$1.invoke(BlockingMessageQueueWithFutureTest.kt:179)
	at serie1.ex4.FutureTest$blocking_message_multiple_send_receive$2$thread$1.invoke(BlockingMessageQueueWithFutureTest.kt:169)
	at kotlin.concurrent.ThreadsKt$thread$thread$1.run(Thread.kt:30)
[2022-04-22 22:03:02] [INFO] start writer 
[2022-04-22 22:03:02] [INFO] writer try send [1, 2, 3] 
[2022-04-22 22:03:02] [INFO] writer send [1, 2, 3] 
[2022-04-22 22:03:02] [INFO] writer try send [4, 5] 
[2022-04-22 22:03:02] [INFO] start reader 
[2022-04-22 22:03:02] [INFO] start writer 
[2022-04-22 22:03:02] [INFO] start writer 
[2022-04-22 22:03:02] [INFO] start writer 
[2022-04-22 22:03:02] [INFO] start writer 
[2022-04-22 22:03:02] [INFO] start get result 
[2022-04-22 22:03:02] [INFO] end get result 1 
[2022-04-22 22:03:02] [INFO] writer send [4, 5] 
[2022-04-22 22:03:02] [INFO] writer try send [18, 19, 20] 
[2022-04-22 22:03:02] [INFO] reader get 1 
[2022-04-22 22:03:02] [INFO] start get result 
[2022-04-22 22:03:02] [INFO] end get result 2 
[2022-04-22 22:03:02] [INFO] reader get 2 
[2022-04-22 22:03:02] [INFO] start get result 
[2022-04-22 22:03:02] [INFO] end get result 3 
[2022-04-22 22:03:02] [INFO] writer try send [14, 15, 16, 17] 
[2022-04-22 22:03:02] [INFO] writer try send [11, 12, 13] 
[2022-04-22 22:03:02] [INFO] writer try send [7, 8, 9, 10] 
[2022-04-22 22:03:02] [INFO] start reader 
[2022-04-22 22:03:02] [INFO] writer try send [6] 
[2022-04-22 22:03:02] [INFO] reader get 3 
[2022-04-22 22:03:02] [INFO] start reader 
[2022-04-22 22:03:02] [INFO] start get result 
[2022-04-22 22:03:02] [INFO] end get result 4 
[2022-04-22 22:03:02] [INFO] start reader 
[2022-04-22 22:03:02] [INFO] reader get 4 
[2022-04-22 22:03:02] [INFO] start get result 
[2022-04-22 22:03:02] [INFO] writer send [18, 19, 20] 
[2022-04-22 22:03:02] [INFO] start get result 
[2022-04-22 22:03:02] [INFO] end get result 18 
[2022-04-22 22:03:02] [INFO] start get result 
[2022-04-22 22:03:02] [INFO] end get result 19 
[2022-04-22 22:03:02] [INFO] reader get 19 
[2022-04-22 22:03:02] [INFO] start get result 
[2022-04-22 22:03:02] [INFO] end writer 
[2022-04-22 22:03:02] [INFO] start reader 
[2022-04-22 22:03:02] [INFO] end get result 5 
[2022-04-22 22:03:02] [INFO] reader get 5 
[2022-04-22 22:03:02] [INFO] start get result 
[2022-04-22 22:03:02] [INFO] start reader 
[2022-04-22 22:03:02] [INFO] end get result 6 
[2022-04-22 22:03:02] [INFO] reader get 6 
[2022-04-22 22:03:02] [INFO] start reader 
[2022-04-22 22:03:02] [INFO] start get result 
[2022-04-22 22:03:02] [INFO] end get result 16 
[2022-04-22 22:03:02] [INFO] start reader 
[2022-04-22 22:03:02] [INFO] start get result 
[2022-04-22 22:03:02] [INFO] end get result 20 
[2022-04-22 22:03:02] [INFO] writer send [14, 15, 16, 17] 
[2022-04-22 22:03:02] [INFO] end writer 
[2022-04-22 22:03:02] [INFO] start get result 
[2022-04-22 22:03:02] [INFO] writer send [6] 
[2022-04-22 22:03:02] [INFO] end writer 
[2022-04-22 22:03:02] [INFO] reader get 18 
[2022-04-22 22:03:02] [INFO] writer send [7, 8, 9, 10] 
[2022-04-22 22:03:02] [INFO] end writer 
[2022-04-22 22:03:02] [INFO] start get result 
[2022-04-22 22:03:02] [INFO] end get result 13 
[2022-04-22 22:03:02] [INFO] reader get 13 
[2022-04-22 22:03:02] [INFO] start get result 
[2022-04-22 22:03:02] [INFO] end get result 12 
[2022-04-22 22:03:02] [INFO] reader get 12 
[2022-04-22 22:03:02] [INFO] start get result 
[2022-04-22 22:03:02] [INFO] end get result 8 
[2022-04-22 22:03:02] [INFO] reader get 8 
[2022-04-22 22:03:02] [INFO] end get result 11 
[2022-04-22 22:03:02] [INFO] reader get 11 
[2022-04-22 22:03:02] [INFO] start get result 
[2022-04-22 22:03:02] [INFO] start reader 
[2022-04-22 22:03:02] [INFO] reader get 20 
[2022-04-22 22:03:02] [INFO] start get result 
[2022-04-22 22:03:02] [INFO] reader get 16 
[2022-04-22 22:03:02] [INFO] start get result 
[2022-04-22 22:03:02] [INFO] start get result 
[2022-04-22 22:03:02] [INFO] end get result 17 
[2022-04-22 22:03:02] [INFO] reader get 17 
[2022-04-22 22:03:02] [INFO] start get result 
[2022-04-22 22:03:02] [INFO] writer send [11, 12, 13] 
[2022-04-22 22:03:02] [INFO] end writer 
[2022-04-22 22:03:02] [INFO] start get result 
[2022-04-22 22:03:02] [INFO] end get result 15 
[2022-04-22 22:03:02] [INFO] reader get 15 
[2022-04-22 22:03:02] [INFO] start get result 
[2022-04-22 22:03:02] [INFO] end get result 14 
[2022-04-22 22:03:02] [INFO] reader get 14 
[2022-04-22 22:03:02] [INFO] start get result 
[2022-04-22 22:03:02] [INFO] start get result 
[2022-04-22 22:03:02] [INFO] start reader 
[2022-04-22 22:03:02] [INFO] end get result 10 
[2022-04-22 22:03:02] [INFO] reader get 10 
[2022-04-22 22:03:02] [INFO] start get result 
[2022-04-22 22:03:02] [INFO] end get result 9 
[2022-04-22 22:03:02] [INFO] reader get 9 
[2022-04-22 22:03:02] [INFO] start get result 
[2022-04-22 22:03:02] [INFO] start get result 
[2022-04-22 22:03:02] [INFO] end get result 7 
[2022-04-22 22:03:02] [INFO] start get result 
[2022-04-22 22:03:02] [INFO] start get result 
[2022-04-22 22:03:02] [INFO] reader get 7 
[2022-04-22 22:03:02] [INFO] start get result 
Exception in thread "Thread-64115" java.util.concurrent.TimeoutException
	at serie1.Ex4.BlockingMessageQueueFuture$MyFuture.get(BlockingMessageQueueFuture.kt:222)
	at serie1.ex4.FutureTest$blocking_message_multiple_send_receive$2$thread$1.invoke(BlockingMessageQueueWithFutureTest.kt:179)
	at serie1.ex4.FutureTest$blocking_message_multiple_send_receive$2$thread$1.invoke(BlockingMessageQueueWithFutureTest.kt:169)
	at kotlin.concurrent.ThreadsKt$thread$thread$1.run(Thread.kt:30)
Exception in thread "Thread-64113" java.util.concurrent.TimeoutException
	at serie1.Ex4.BlockingMessageQueueFuture$MyFuture.get(BlockingMessageQueueFuture.kt:222)
	at serie1.ex4.FutureTest$blocking_message_multiple_send_receive$2$thread$1.invoke(BlockingMessageQueueWithFutureTest.kt:179)
	at serie1.ex4.FutureTest$blocking_message_multiple_send_receive$2$thread$1.invoke(BlockingMessageQueueWithFutureTest.kt:169)
	at kotlin.concurrent.ThreadsKt$thread$thread$1.run(Thread.kt:30)
Exception in thread "Thread-64118" java.util.concurrent.TimeoutException
	at serie1.Ex4.BlockingMessageQueueFuture$MyFuture.get(BlockingMessageQueueFuture.kt:222)
	at serie1.ex4.FutureTest$blocking_message_multiple_send_receive$2$thread$1.invoke(BlockingMessageQueueWithFutureTest.kt:179)
	at serie1.ex4.FutureTest$blocking_message_multiple_send_receive$2$thread$1.invoke(BlockingMessageQueueWithFutureTest.kt:169)
	at kotlin.concurrent.ThreadsKt$thread$thread$1.run(Thread.kt:30)
Exception in thread "Thread-64114" java.util.concurrent.TimeoutException
	at serie1.Ex4.BlockingMessageQueueFuture$MyFuture.get(BlockingMessageQueueFuture.kt:222)
	at serie1.ex4.FutureTest$blocking_message_multiple_send_receive$2$thread$1.invoke(BlockingMessageQueueWithFutureTest.kt:179)
	at serie1.ex4.FutureTest$blocking_message_multiple_send_receive$2$thread$1.invoke(BlockingMessageQueueWithFutureTest.kt:169)
	at kotlin.concurrent.ThreadsKt$thread$thread$1.run(Thread.kt:30)
Exception in thread "Thread-64110" java.util.concurrent.TimeoutException
	at serie1.Ex4.BlockingMessageQueueFuture$MyFuture.get(BlockingMessageQueueFuture.kt:222)
	at serie1.ex4.FutureTest$blocking_message_multiple_send_receive$2$thread$1.invoke(BlockingMessageQueueWithFutureTest.kt:179)
	at serie1.ex4.FutureTest$blocking_message_multiple_send_receive$2$thread$1.invoke(BlockingMessageQueueWithFutureTest.kt:169)
	at kotlin.concurrent.ThreadsKt$thread$thread$1.run(Thread.kt:30)
Exception in thread "Thread-64111" java.util.concurrent.TimeoutException
	at serie1.Ex4.BlockingMessageQueueFuture$MyFuture.get(BlockingMessageQueueFuture.kt:222)
	at serie1.ex4.FutureTest$blocking_message_multiple_send_receive$2$thread$1.invoke(BlockingMessageQueueWithFutureTest.kt:179)
	at serie1.ex4.FutureTest$blocking_message_multiple_send_receive$2$thread$1.invoke(BlockingMessageQueueWithFutureTest.kt:169)
	at kotlin.concurrent.ThreadsKt$thread$thread$1.run(Thread.kt:30)
Exception in thread "Thread-64112" java.util.concurrent.TimeoutException
	at serie1.Ex4.BlockingMessageQueueFuture$MyFuture.get(BlockingMessageQueueFuture.kt:222)
	at serie1.ex4.FutureTest$blocking_message_multiple_send_receive$2$thread$1.invoke(BlockingMessageQueueWithFutureTest.kt:179)
	at serie1.ex4.FutureTest$blocking_message_multiple_send_receive$2$thread$1.invoke(BlockingMessageQueueWithFutureTest.kt:169)
	at kotlin.concurrent.ThreadsKt$thread$thread$1.run(Thread.kt:30)
Exception in thread "Thread-64117" java.util.concurrent.TimeoutException
	at serie1.Ex4.BlockingMessageQueueFuture$MyFuture.get(BlockingMessageQueueFuture.kt:222)
	at serie1.ex4.FutureTest$blocking_message_multiple_send_receive$2$thread$1.invoke(BlockingMessageQueueWithFutureTest.kt:179)
	at serie1.ex4.FutureTest$blocking_message_multiple_send_receive$2$thread$1.invoke(BlockingMessageQueueWithFutureTest.kt:169)
	at kotlin.concurrent.ThreadsKt$thread$thread$1.run(Thread.kt:30)
Exception in thread "Thread-64116" java.util.concurrent.TimeoutException
	at serie1.Ex4.BlockingMessageQueueFuture$MyFuture.get(BlockingMessageQueueFuture.kt:222)
	at serie1.ex4.FutureTest$blocking_message_multiple_send_receive$2$thread$1.invoke(BlockingMessageQueueWithFutureTest.kt:179)
	at serie1.ex4.FutureTest$blocking_message_multiple_send_receive$2$thread$1.invoke(BlockingMessageQueueWithFutureTest.kt:169)
	at kotlin.concurrent.ThreadsKt$thread$thread$1.run(Thread.kt:30)
Exception in thread "Thread-64119" java.util.concurrent.TimeoutException
	at serie1.Ex4.BlockingMessageQueueFuture$MyFuture.get(BlockingMessageQueueFuture.kt:222)
	at serie1.ex4.FutureTest$blocking_message_multiple_send_receive$2$thread$1.invoke(BlockingMessageQueueWithFutureTest.kt:179)
	at serie1.ex4.FutureTest$blocking_message_multiple_send_receive$2$thread$1.invoke(BlockingMessageQueueWithFutureTest.kt:169)
	at kotlin.concurrent.ThreadsKt$thread$thread$1.run(Thread.kt:30)
[2022-04-22 22:03:04] [INFO] start writer 
[2022-04-22 22:03:04] [INFO] writer try send [1, 2, 3] 
[2022-04-22 22:03:04] [INFO] writer send [1, 2, 3] 
[2022-04-22 22:03:04] [INFO] writer try send [4, 5] 
[2022-04-22 22:03:04] [INFO] writer send [4, 5] 
[2022-04-22 22:03:04] [INFO] start reader 
[2022-04-22 22:03:04] [INFO] start writer 
[2022-04-22 22:03:04] [INFO] writer try send [7, 8, 9, 10] 
[2022-04-22 22:03:04] [INFO] writer try send [6] 
[2022-04-22 22:03:04] [INFO] writer send [6] 
[2022-04-22 22:03:04] [INFO] writer try send [11, 12, 13] 
[2022-04-22 22:03:04] [INFO] start reader 
[2022-04-22 22:03:04] [INFO] start get result 
[2022-04-22 22:03:04] [INFO] end get result 1 
[2022-04-22 22:03:04] [INFO] start writer 
[2022-04-22 22:03:04] [INFO] writer try send [14, 15, 16, 17] 
[2022-04-22 22:03:04] [INFO] start writer 
[2022-04-22 22:03:04] [INFO] start get result 
[2022-04-22 22:03:04] [INFO] end get result 2 
[2022-04-22 22:03:04] [INFO] reader get 2 
[2022-04-22 22:03:04] [INFO] start get result 
[2022-04-22 22:03:04] [INFO] end get result 3 
[2022-04-22 22:03:04] [INFO] start reader 
[2022-04-22 22:03:04] [INFO] reader get 1 
[2022-04-22 22:03:04] [INFO] start get result 
[2022-04-22 22:03:04] [INFO] start reader 
[2022-04-22 22:03:04] [INFO] start writer 
[2022-04-22 22:03:04] [INFO] start reader 
[2022-04-22 22:03:04] [INFO] start get result 
[2022-04-22 22:03:04] [INFO] end get result 5 
[2022-04-22 22:03:04] [INFO] start reader 
[2022-04-22 22:03:04] [INFO] start get result 
[2022-04-22 22:03:04] [INFO] end get result 6 
[2022-04-22 22:03:04] [INFO] start reader 
[2022-04-22 22:03:04] [INFO] writer send [14, 15, 16, 17] 
[2022-04-22 22:03:04] [INFO] writer send [11, 12, 13] 
[2022-04-22 22:03:04] [INFO] start reader 
[2022-04-22 22:03:04] [INFO] end get result 4 
[2022-04-22 22:03:04] [INFO] reader get 4 
[2022-04-22 22:03:04] [INFO] start get result 
[2022-04-22 22:03:04] [INFO] end get result 16 
[2022-04-22 22:03:04] [INFO] reader get 3 
[2022-04-22 22:03:04] [INFO] start get result 
[2022-04-22 22:03:04] [INFO] start get result 
[2022-04-22 22:03:04] [INFO] start get result 
[2022-04-22 22:03:04] [INFO] end get result 12 
[2022-04-22 22:03:04] [INFO] reader get 12 
[2022-04-22 22:03:04] [INFO] start get result 
[2022-04-22 22:03:04] [INFO] end get result 13 
[2022-04-22 22:03:04] [INFO] reader get 13 
[2022-04-22 22:03:04] [INFO] start get result 
[2022-04-22 22:03:04] [INFO] end get result 7 
[2022-04-22 22:03:04] [INFO] reader get 7 
[2022-04-22 22:03:04] [INFO] start get result 
[2022-04-22 22:03:04] [INFO] end get result 8 
[2022-04-22 22:03:04] [INFO] writer try send [18, 19, 20] 
[2022-04-22 22:03:04] [INFO] writer send [18, 19, 20] 
[2022-04-22 22:03:04] [INFO] end writer 
[2022-04-22 22:03:04] [INFO] reader get 8 
[2022-04-22 22:03:04] [INFO] start get result 
[2022-04-22 22:03:04] [INFO] end get result 9 
[2022-04-22 22:03:04] [INFO] reader get 9 
[2022-04-22 22:03:04] [INFO] writer send [7, 8, 9, 10] 
[2022-04-22 22:03:04] [INFO] end writer 
[2022-04-22 22:03:04] [INFO] end get result 11 
[2022-04-22 22:03:04] [INFO] end get result 17 
[2022-04-22 22:03:04] [INFO] reader get 17 
[2022-04-22 22:03:04] [INFO] start get result 
[2022-04-22 22:03:04] [INFO] reader get 16 
[2022-04-22 22:03:04] [INFO] start get result 
[2022-04-22 22:03:04] [INFO] end get result 19 
[2022-04-22 22:03:04] [INFO] reader get 19 
[2022-04-22 22:03:04] [INFO] start get result 
[2022-04-22 22:03:04] [INFO] start reader 
[2022-04-22 22:03:04] [INFO] start get result 
[2022-04-22 22:03:04] [INFO] start reader 
[2022-04-22 22:03:04] [INFO] end writer 
[2022-04-22 22:03:04] [INFO] end writer 
[2022-04-22 22:03:04] [INFO] start get result 
[2022-04-22 22:03:04] [INFO] end get result 14 
[2022-04-22 22:03:04] [INFO] reader get 14 
[2022-04-22 22:03:04] [INFO] start get result 
[2022-04-22 22:03:04] [INFO] start get result 
[2022-04-22 22:03:04] [INFO] reader get 6 
[2022-04-22 22:03:04] [INFO] start get result 
[2022-04-22 22:03:04] [INFO] reader get 5 
[2022-04-22 22:03:04] [INFO] start get result 
[2022-04-22 22:03:04] [INFO] end writer 
[2022-04-22 22:03:04] [INFO] start get result 
[2022-04-22 22:03:04] [INFO] end get result 15 
[2022-04-22 22:03:04] [INFO] reader get 15 
[2022-04-22 22:03:04] [INFO] end get result 20 
[2022-04-22 22:03:04] [INFO] reader get 20 
[2022-04-22 22:03:04] [INFO] start get result 
[2022-04-22 22:03:04] [INFO] end get result 18 
[2022-04-22 22:03:04] [INFO] reader get 18 
[2022-04-22 22:03:04] [INFO] start get result 
[2022-04-22 22:03:04] [INFO] reader get 11 
[2022-04-22 22:03:04] [INFO] start get result 
[2022-04-22 22:03:04] [INFO] start get result 
[2022-04-22 22:03:04] [INFO] end get result 10 
[2022-04-22 22:03:04] [INFO] start get result 
[2022-04-22 22:03:04] [INFO] reader get 10 
[2022-04-22 22:03:04] [INFO] start get result 
Exception in thread "Thread-64131" java.util.concurrent.TimeoutException
	at serie1.Ex4.BlockingMessageQueueFuture$MyFuture.get(BlockingMessageQueueFuture.kt:222)
	at serie1.ex4.FutureTest$blocking_message_multiple_send_receive$2$thread$1.invoke(BlockingMessageQueueWithFutureTest.kt:179)
	at serie1.ex4.FutureTest$blocking_message_multiple_send_receive$2$thread$1.invoke(BlockingMessageQueueWithFutureTest.kt:169)
	at kotlin.concurrent.ThreadsKt$thread$thread$1.run(Thread.kt:30)
Exception in thread "Thread-64130" java.util.concurrent.TimeoutException
	at serie1.Ex4.BlockingMessageQueueFuture$MyFuture.get(BlockingMessageQueueFuture.kt:222)
	at serie1.ex4.FutureTest$blocking_message_multiple_send_receive$2$thread$1.invoke(BlockingMessageQueueWithFutureTest.kt:179)
	at serie1.ex4.FutureTest$blocking_message_multiple_send_receive$2$thread$1.invoke(BlockingMessageQueueWithFutureTest.kt:169)
	at kotlin.concurrent.ThreadsKt$thread$thread$1.run(Thread.kt:30)
Exception in thread "Thread-64135" java.util.concurrent.TimeoutException
	at serie1.Ex4.BlockingMessageQueueFuture$MyFuture.get(BlockingMessageQueueFuture.kt:222)
	at serie1.ex4.FutureTest$blocking_message_multiple_send_receive$2$thread$1.invoke(BlockingMessageQueueWithFutureTest.kt:179)
	at serie1.ex4.FutureTest$blocking_message_multiple_send_receive$2$thread$1.invoke(BlockingMessageQueueWithFutureTest.kt:169)
	at kotlin.concurrent.ThreadsKt$thread$thread$1.run(Thread.kt:30)
Exception in thread "Thread-64129" java.util.concurrent.TimeoutException
	at serie1.Ex4.BlockingMessageQueueFuture$MyFuture.get(BlockingMessageQueueFuture.kt:222)
	at serie1.ex4.FutureTest$blocking_message_multiple_send_receive$2$thread$1.invoke(BlockingMessageQueueWithFutureTest.kt:179)
	at serie1.ex4.FutureTest$blocking_message_multiple_send_receive$2$thread$1.invoke(BlockingMessageQueueWithFutureTest.kt:169)
	at kotlin.concurrent.ThreadsKt$thread$thread$1.run(Thread.kt:30)
Exception in thread "Thread-64132" java.util.concurrent.TimeoutException
	at serie1.Ex4.BlockingMessageQueueFuture$MyFuture.get(BlockingMessageQueueFuture.kt:222)
	at serie1.ex4.FutureTest$blocking_message_multiple_send_receive$2$thread$1.invoke(BlockingMessageQueueWithFutureTest.kt:179)
	at serie1.ex4.FutureTest$blocking_message_multiple_send_receive$2$thread$1.invoke(BlockingMessageQueueWithFutureTest.kt:169)
	at kotlin.concurrent.ThreadsKt$thread$thread$1.run(Thread.kt:30)
Exception in thread "Thread-64133" java.util.concurrent.TimeoutException
	at serie1.Ex4.BlockingMessageQueueFuture$MyFuture.get(BlockingMessageQueueFuture.kt:222)
	at serie1.ex4.FutureTest$blocking_message_multiple_send_receive$2$thread$1.invoke(BlockingMessageQueueWithFutureTest.kt:179)
	at serie1.ex4.FutureTest$blocking_message_multiple_send_receive$2$thread$1.invoke(BlockingMessageQueueWithFutureTest.kt:169)
	at kotlin.concurrent.ThreadsKt$thread$thread$1.run(Thread.kt:30)
Exception in thread "Thread-64126" java.util.concurrent.TimeoutException
	at serie1.Ex4.BlockingMessageQueueFuture$MyFuture.get(BlockingMessageQueueFuture.kt:222)
	at serie1.ex4.FutureTest$blocking_message_multiple_send_receive$2$thread$1.invoke(BlockingMessageQueueWithFutureTest.kt:179)
	at serie1.ex4.FutureTest$blocking_message_multiple_send_receive$2$thread$1.invoke(BlockingMessageQueueWithFutureTest.kt:169)
	at kotlin.concurrent.ThreadsKt$thread$thread$1.run(Thread.kt:30)
Exception in thread "Thread-64127" java.util.concurrent.TimeoutException
	at serie1.Ex4.BlockingMessageQueueFuture$MyFuture.get(BlockingMessageQueueFuture.kt:222)
	at serie1.ex4.FutureTest$blocking_message_multiple_send_receive$2$thread$1.invoke(BlockingMessageQueueWithFutureTest.kt:179)
	at serie1.ex4.FutureTest$blocking_message_multiple_send_receive$2$thread$1.invoke(BlockingMessageQueueWithFutureTest.kt:169)
	at kotlin.concurrent.ThreadsKt$thread$thread$1.run(Thread.kt:30)
Exception in thread "Thread-64128" java.util.concurrent.TimeoutException
	at serie1.Ex4.BlockingMessageQueueFuture$MyFuture.get(BlockingMessageQueueFuture.kt:222)
	at serie1.ex4.FutureTest$blocking_message_multiple_send_receive$2$thread$1.invoke(BlockingMessageQueueWithFutureTest.kt:179)
	at serie1.ex4.FutureTest$blocking_message_multiple_send_receive$2$thread$1.invoke(BlockingMessageQueueWithFutureTest.kt:169)
	at kotlin.concurrent.ThreadsKt$thread$thread$1.run(Thread.kt:30)
Exception in thread "Thread-64134" java.util.concurrent.TimeoutException
	at serie1.Ex4.BlockingMessageQueueFuture$MyFuture.get(BlockingMessageQueueFuture.kt:222)
	at serie1.ex4.FutureTest$blocking_message_multiple_send_receive$2$thread$1.invoke(BlockingMessageQueueWithFutureTest.kt:179)
	at serie1.ex4.FutureTest$blocking_message_multiple_send_receive$2$thread$1.invoke(BlockingMessageQueueWithFutureTest.kt:169)
	at kotlin.concurrent.ThreadsKt$thread$thread$1.run(Thread.kt:30)
[2022-04-22 22:03:06] [INFO] start reader 
[2022-04-22 22:03:06] [INFO] start writer 
[2022-04-22 22:03:06] [INFO] writer try send [1, 2, 3] 
[2022-04-22 22:03:06] [INFO] start reader 
[2022-04-22 22:03:06] [INFO] writer send [1, 2, 3] 
[2022-04-22 22:03:06] [INFO] writer try send [4, 5] 
[2022-04-22 22:03:06] [INFO] start reader 
[2022-04-22 22:03:06] [INFO] start writer 
[2022-04-22 22:03:06] [INFO] writer try send [6] 
[2022-04-22 22:03:06] [INFO] start writer 
[2022-04-22 22:03:06] [INFO] writer try send [7, 8, 9, 10] 
[2022-04-22 22:03:06] [INFO] start get result 
[2022-04-22 22:03:06] [INFO] end get result 1 
[2022-04-22 22:03:06] [INFO] reader get 1 
[2022-04-22 22:03:06] [INFO] start get result 
[2022-04-22 22:03:06] [INFO] writer send [7, 8, 9, 10] 
[2022-04-22 22:03:06] [INFO] writer try send [11, 12, 13] 
[2022-04-22 22:03:06] [INFO] start writer 
[2022-04-22 22:03:06] [INFO] writer try send [14, 15, 16, 17] 
[2022-04-22 22:03:06] [INFO] writer send [4, 5] 
[2022-04-22 22:03:06] [INFO] writer try send [18, 19, 20] 
[2022-04-22 22:03:06] [INFO] end get result 3 
[2022-04-22 22:03:06] [INFO] reader get 3 
[2022-04-22 22:03:06] [INFO] start get result 
[2022-04-22 22:03:06] [INFO] start get result 
[2022-04-22 22:03:06] [INFO] end get result 4 
[2022-04-22 22:03:06] [INFO] start get result 
[2022-04-22 22:03:06] [INFO] end get result 2 
[2022-04-22 22:03:06] [INFO] reader get 2 
[2022-04-22 22:03:06] [INFO] start get result 
[2022-04-22 22:03:06] [INFO] end get result 6 
[2022-04-22 22:03:06] [INFO] start writer 
[2022-04-22 22:03:06] [INFO] end writer 
[2022-04-22 22:03:06] [INFO] writer send [6] 
[2022-04-22 22:03:06] [INFO] end writer 
[2022-04-22 22:03:06] [INFO] start reader 
[2022-04-22 22:03:06] [INFO] reader get 6 
[2022-04-22 22:03:06] [INFO] start get result 
[2022-04-22 22:03:06] [INFO] writer send [18, 19, 20] 
[2022-04-22 22:03:06] [INFO] start reader 
[2022-04-22 22:03:06] [INFO] reader get 4 
[2022-04-22 22:03:06] [INFO] start reader 
[2022-04-22 22:03:06] [INFO] end get result 5 
[2022-04-22 22:03:06] [INFO] reader get 5 
[2022-04-22 22:03:06] [INFO] start get result 
[2022-04-22 22:03:06] [INFO] end get result 9 
[2022-04-22 22:03:06] [INFO] start get result 
[2022-04-22 22:03:06] [INFO] end get result 18 
[2022-04-22 22:03:06] [INFO] start get result 
[2022-04-22 22:03:06] [INFO] end get result 19 
[2022-04-22 22:03:06] [INFO] reader get 19 
[2022-04-22 22:03:06] [INFO] start get result 
[2022-04-22 22:03:06] [INFO] end get result 20 
[2022-04-22 22:03:06] [INFO] reader get 20 
[2022-04-22 22:03:06] [INFO] start get result 
[2022-04-22 22:03:06] [INFO] end get result 11 
[2022-04-22 22:03:06] [INFO] reader get 11 
[2022-04-22 22:03:06] [INFO] start get result 
[2022-04-22 22:03:06] [INFO] start get result 
[2022-04-22 22:03:06] [INFO] end get result 8 
[2022-04-22 22:03:06] [INFO] reader get 8 
[2022-04-22 22:03:06] [INFO] start get result 
[2022-04-22 22:03:06] [INFO] end get result 13 
[2022-04-22 22:03:06] [INFO] reader get 13 
[2022-04-22 22:03:06] [INFO] end writer 
[2022-04-22 22:03:06] [INFO] end get result 7 
[2022-04-22 22:03:06] [INFO] reader get 7 
[2022-04-22 22:03:06] [INFO] start get result 
[2022-04-22 22:03:06] [INFO] end get result 14 
[2022-04-22 22:03:06] [INFO] reader get 14 
[2022-04-22 22:03:06] [INFO] start get result 
[2022-04-22 22:03:06] [INFO] end get result 16 
[2022-04-22 22:03:06] [INFO] reader get 16 
[2022-04-22 22:03:06] [INFO] start get result 
[2022-04-22 22:03:06] [INFO] end get result 12 
[2022-04-22 22:03:06] [INFO] reader get 12 
[2022-04-22 22:03:06] [INFO] writer send [14, 15, 16, 17] 
[2022-04-22 22:03:06] [INFO] end writer 
[2022-04-22 22:03:06] [INFO] reader get 18 
[2022-04-22 22:03:06] [INFO] start get result 
[2022-04-22 22:03:06] [INFO] reader get 9 
[2022-04-22 22:03:06] [INFO] start get result 
[2022-04-22 22:03:06] [INFO] writer send [11, 12, 13] 
[2022-04-22 22:03:06] [INFO] end writer 
[2022-04-22 22:03:06] [INFO] start reader 
[2022-04-22 22:03:06] [INFO] start get result 
[2022-04-22 22:03:06] [INFO] end get result 10 
[2022-04-22 22:03:06] [INFO] reader get 10 
[2022-04-22 22:03:06] [INFO] start reader 
[2022-04-22 22:03:06] [INFO] start get result 
[2022-04-22 22:03:06] [INFO] end get result 17 
[2022-04-22 22:03:06] [INFO] start reader 
[2022-04-22 22:03:06] [INFO] start get result 
[2022-04-22 22:03:06] [INFO] start get result 
[2022-04-22 22:03:06] [INFO] start get result 
[2022-04-22 22:03:06] [INFO] end get result 15 
[2022-04-22 22:03:06] [INFO] reader get 15 
[2022-04-22 22:03:06] [INFO] start get result 
[2022-04-22 22:03:06] [INFO] start reader 
[2022-04-22 22:03:06] [INFO] reader get 17 
[2022-04-22 22:03:06] [INFO] start get result 
[2022-04-22 22:03:06] [INFO] start get result 
[2022-04-22 22:03:06] [INFO] start get result 
[2022-04-22 22:03:06] [INFO] start get result 
Exception in thread "Thread-64148" java.util.concurrent.TimeoutException
	at serie1.Ex4.BlockingMessageQueueFuture$MyFuture.get(BlockingMessageQueueFuture.kt:222)
	at serie1.ex4.FutureTest$blocking_message_multiple_send_receive$2$thread$1.invoke(BlockingMessageQueueWithFutureTest.kt:179)
	at serie1.ex4.FutureTest$blocking_message_multiple_send_receive$2$thread$1.invoke(BlockingMessageQueueWithFutureTest.kt:169)
	at kotlin.concurrent.ThreadsKt$thread$thread$1.run(Thread.kt:30)
Exception in thread "Thread-64145" java.util.concurrent.TimeoutException
	at serie1.Ex4.BlockingMessageQueueFuture$MyFuture.get(BlockingMessageQueueFuture.kt:222)
	at serie1.ex4.FutureTest$blocking_message_multiple_send_receive$2$thread$1.invoke(BlockingMessageQueueWithFutureTest.kt:179)
	at serie1.ex4.FutureTest$blocking_message_multiple_send_receive$2$thread$1.invoke(BlockingMessageQueueWithFutureTest.kt:169)
	at kotlin.concurrent.ThreadsKt$thread$thread$1.run(Thread.kt:30)
Exception in thread "Thread-64144" java.util.concurrent.TimeoutException
	at serie1.Ex4.BlockingMessageQueueFuture$MyFuture.get(BlockingMessageQueueFuture.kt:222)
	at serie1.ex4.FutureTest$blocking_message_multiple_send_receive$2$thread$1.invoke(BlockingMessageQueueWithFutureTest.kt:179)
	at serie1.ex4.FutureTest$blocking_message_multiple_send_receive$2$thread$1.invoke(BlockingMessageQueueWithFutureTest.kt:169)
	at kotlin.concurrent.ThreadsKt$thread$thread$1.run(Thread.kt:30)
Exception in thread "Thread-64147" java.util.concurrent.TimeoutException
	at serie1.Ex4.BlockingMessageQueueFuture$MyFuture.get(BlockingMessageQueueFuture.kt:222)
	at serie1.ex4.FutureTest$blocking_message_multiple_send_receive$2$thread$1.invoke(BlockingMessageQueueWithFutureTest.kt:179)
	at serie1.ex4.FutureTest$blocking_message_multiple_send_receive$2$thread$1.invoke(BlockingMessageQueueWithFutureTest.kt:169)
	at kotlin.concurrent.ThreadsKt$thread$thread$1.run(Thread.kt:30)
Exception in thread "Thread-64143" java.util.concurrent.TimeoutException
	at serie1.Ex4.BlockingMessageQueueFuture$MyFuture.get(BlockingMessageQueueFuture.kt:222)
	at serie1.ex4.FutureTest$blocking_message_multiple_send_receive$2$thread$1.invoke(BlockingMessageQueueWithFutureTest.kt:179)
	at serie1.ex4.FutureTest$blocking_message_multiple_send_receive$2$thread$1.invoke(BlockingMessageQueueWithFutureTest.kt:169)
	at kotlin.concurrent.ThreadsKt$thread$thread$1.run(Thread.kt:30)
Exception in thread "Thread-64149" java.util.concurrent.TimeoutException
	at serie1.Ex4.BlockingMessageQueueFuture$MyFuture.get(BlockingMessageQueueFuture.kt:222)
	at serie1.ex4.FutureTest$blocking_message_multiple_send_receive$2$thread$1.invoke(BlockingMessageQueueWithFutureTest.kt:179)
	at serie1.ex4.FutureTest$blocking_message_multiple_send_receive$2$thread$1.invoke(BlockingMessageQueueWithFutureTest.kt:169)
	at kotlin.concurrent.ThreadsKt$thread$thread$1.run(Thread.kt:30)
Exception in thread "Thread-64146" java.util.concurrent.TimeoutException
	at serie1.Ex4.BlockingMessageQueueFuture$MyFuture.get(BlockingMessageQueueFuture.kt:222)
	at serie1.ex4.FutureTest$blocking_message_multiple_send_receive$2$thread$1.invoke(BlockingMessageQueueWithFutureTest.kt:179)
	at serie1.ex4.FutureTest$blocking_message_multiple_send_receive$2$thread$1.invoke(BlockingMessageQueueWithFutureTest.kt:169)
	at kotlin.concurrent.ThreadsKt$thread$thread$1.run(Thread.kt:30)
Exception in thread "Thread-64151" java.util.concurrent.TimeoutException
	at serie1.Ex4.BlockingMessageQueueFuture$MyFuture.get(BlockingMessageQueueFuture.kt:222)
	at serie1.ex4.FutureTest$blocking_message_multiple_send_receive$2$thread$1.invoke(BlockingMessageQueueWithFutureTest.kt:179)
	at serie1.ex4.FutureTest$blocking_message_multiple_send_receive$2$thread$1.invoke(BlockingMessageQueueWithFutureTest.kt:169)
	at kotlin.concurrent.ThreadsKt$thread$thread$1.run(Thread.kt:30)
Exception in thread "Thread-64150" java.util.concurrent.TimeoutException
	at serie1.Ex4.BlockingMessageQueueFuture$MyFuture.get(BlockingMessageQueueFuture.kt:222)
	at serie1.ex4.FutureTest$blocking_message_multiple_send_receive$2$thread$1.invoke(BlockingMessageQueueWithFutureTest.kt:179)
	at serie1.ex4.FutureTest$blocking_message_multiple_send_receive$2$thread$1.invoke(BlockingMessageQueueWithFutureTest.kt:169)
	at kotlin.concurrent.ThreadsKt$thread$thread$1.run(Thread.kt:30)
Exception in thread "Thread-64142" java.util.concurrent.TimeoutException
	at serie1.Ex4.BlockingMessageQueueFuture$MyFuture.get(BlockingMessageQueueFuture.kt:222)
	at serie1.ex4.FutureTest$blocking_message_multiple_send_receive$2$thread$1.invoke(BlockingMessageQueueWithFutureTest.kt:179)
	at serie1.ex4.FutureTest$blocking_message_multiple_send_receive$2$thread$1.invoke(BlockingMessageQueueWithFutureTest.kt:169)
	at kotlin.concurrent.ThreadsKt$thread$thread$1.run(Thread.kt:30)
[2022-04-22 22:03:08] [INFO] start reader 
[2022-04-22 22:03:08] [INFO] start writer 
[2022-04-22 22:03:08] [INFO] start reader 
[2022-04-22 22:03:08] [INFO] writer try send [1, 2, 3] 
[2022-04-22 22:03:08] [INFO] start writer 
[2022-04-22 22:03:08] [INFO] start reader 
[2022-04-22 22:03:08] [INFO] start writer 
[2022-04-22 22:03:08] [INFO] start writer 
[2022-04-22 22:03:08] [INFO] start get result 
[2022-04-22 22:03:08] [INFO] end get result 2 
[2022-04-22 22:03:08] [INFO] start writer 
[2022-04-22 22:03:08] [INFO] start get result 
[2022-04-22 22:03:08] [INFO] end get result 3 
[2022-04-22 22:03:08] [INFO] reader get 3 
[2022-04-22 22:03:08] [INFO] start get result 
[2022-04-22 22:03:08] [INFO] writer try send [11, 12, 13] 
[2022-04-22 22:03:08] [INFO] reader get 2 
[2022-04-22 22:03:08] [INFO] start get result 
[2022-04-22 22:03:08] [INFO] end get result 11 
[2022-04-22 22:03:08] [INFO] reader get 11 
[2022-04-22 22:03:08] [INFO] start get result 
[2022-04-22 22:03:08] [INFO] end get result 13 
[2022-04-22 22:03:08] [INFO] reader get 13 
[2022-04-22 22:03:08] [INFO] start get result 
[2022-04-22 22:03:08] [INFO] writer try send [7, 8, 9, 10] 
[2022-04-22 22:03:08] [INFO] writer send [7, 8, 9, 10] 
[2022-04-22 22:03:08] [INFO] end get result 7 
[2022-04-22 22:03:08] [INFO] start reader 
[2022-04-22 22:03:08] [INFO] writer try send [6] 
[2022-04-22 22:03:08] [INFO] writer send [6] 
[2022-04-22 22:03:08] [INFO] start reader 
[2022-04-22 22:03:08] [INFO] writer try send [4, 5] 
[2022-04-22 22:03:08] [INFO] writer send [4, 5] 
[2022-04-22 22:03:08] [INFO] end writer 
[2022-04-22 22:03:08] [INFO] start get result 
[2022-04-22 22:03:08] [INFO] end get result 1 
[2022-04-22 22:03:08] [INFO] reader get 1 
[2022-04-22 22:03:08] [INFO] start get result 
[2022-04-22 22:03:08] [INFO] start get result 
[2022-04-22 22:03:08] [INFO] end get result 10 
[2022-04-22 22:03:08] [INFO] reader get 10 
[2022-04-22 22:03:08] [INFO] start get result 
[2022-04-22 22:03:08] [INFO] end get result 6 
[2022-04-22 22:03:08] [INFO] reader get 6 
[2022-04-22 22:03:08] [INFO] writer send [1, 2, 3] 
[2022-04-22 22:03:08] [INFO] end writer 
[2022-04-22 22:03:08] [INFO] start get result 
[2022-04-22 22:03:08] [INFO] end get result 4 
[2022-04-22 22:03:08] [INFO] reader get 4 
[2022-04-22 22:03:08] [INFO] start get result 
[2022-04-22 22:03:08] [INFO] end get result 5 
[2022-04-22 22:03:08] [INFO] end get result 9 
[2022-04-22 22:03:08] [INFO] reader get 9 
[2022-04-22 22:03:08] [INFO] start get result 
[2022-04-22 22:03:08] [INFO] start get result 
[2022-04-22 22:03:08] [INFO] end get result 8 
[2022-04-22 22:03:08] [INFO] start reader 
[2022-04-22 22:03:08] [INFO] writer try send [18, 19, 20] 
[2022-04-22 22:03:08] [INFO] reader get 7 
[2022-04-22 22:03:08] [INFO] writer try send [14, 15, 16, 17] 
[2022-04-22 22:03:08] [INFO] end get result 18 
[2022-04-22 22:03:08] [INFO] reader get 18 
[2022-04-22 22:03:08] [INFO] start get result 
[2022-04-22 22:03:08] [INFO] end get result 20 
[2022-04-22 22:03:08] [INFO] start get result 
[2022-04-22 22:03:08] [INFO] end get result 14 
[2022-04-22 22:03:08] [INFO] reader get 14 
[2022-04-22 22:03:08] [INFO] start get result 
[2022-04-22 22:03:08] [INFO] end get result 12 
[2022-04-22 22:03:08] [INFO] writer send [11, 12, 13] 
[2022-04-22 22:03:08] [INFO] end writer 
[2022-04-22 22:03:08] [INFO] reader get 12 
[2022-04-22 22:03:08] [INFO] start get result 
[2022-04-22 22:03:08] [INFO] end get result 15 
[2022-04-22 22:03:08] [INFO] reader get 15 
[2022-04-22 22:03:08] [INFO] start get result 
[2022-04-22 22:03:08] [INFO] reader get 20 
[2022-04-22 22:03:08] [INFO] start get result 
[2022-04-22 22:03:08] [INFO] writer send [14, 15, 16, 17] 
[2022-04-22 22:03:08] [INFO] end writer 
[2022-04-22 22:03:08] [INFO] writer send [18, 19, 20] 
[2022-04-22 22:03:08] [INFO] end writer 
[2022-04-22 22:03:08] [INFO] start reader 
[2022-04-22 22:03:08] [INFO] start get result 
[2022-04-22 22:03:08] [INFO] end get result 19 
[2022-04-22 22:03:08] [INFO] start reader 
[2022-04-22 22:03:08] [INFO] reader get 8 
[2022-04-22 22:03:08] [INFO] start reader 
[2022-04-22 22:03:08] [INFO] reader get 5 
[2022-04-22 22:03:08] [INFO] start get result 
[2022-04-22 22:03:08] [INFO] start reader 
[2022-04-22 22:03:08] [INFO] start get result 
[2022-04-22 22:03:08] [INFO] reader get 19 
[2022-04-22 22:03:08] [INFO] start get result 
[2022-04-22 22:03:08] [INFO] end get result 17 
[2022-04-22 22:03:08] [INFO] start get result 
[2022-04-22 22:03:08] [INFO] end get result 16 
[2022-04-22 22:03:08] [INFO] start get result 
[2022-04-22 22:03:08] [INFO] reader get 17 
[2022-04-22 22:03:08] [INFO] start get result 
[2022-04-22 22:03:08] [INFO] start get result 
[2022-04-22 22:03:08] [INFO] start get result 
[2022-04-22 22:03:08] [INFO] reader get 16 
[2022-04-22 22:03:08] [INFO] start get result 
Exception in thread "Thread-64160" java.util.concurrent.TimeoutException
	at serie1.Ex4.BlockingMessageQueueFuture$MyFuture.get(BlockingMessageQueueFuture.kt:222)
	at serie1.ex4.FutureTest$blocking_message_multiple_send_receive$2$thread$1.invoke(BlockingMessageQueueWithFutureTest.kt:179)
	at serie1.ex4.FutureTest$blocking_message_multiple_send_receive$2$thread$1.invoke(BlockingMessageQueueWithFutureTest.kt:169)
	at kotlin.concurrent.ThreadsKt$thread$thread$1.run(Thread.kt:30)
Exception in thread "Thread-64165" java.util.concurrent.TimeoutException
	at serie1.Ex4.BlockingMessageQueueFuture$MyFuture.get(BlockingMessageQueueFuture.kt:222)
	at serie1.ex4.FutureTest$blocking_message_multiple_send_receive$2$thread$1.invoke(BlockingMessageQueueWithFutureTest.kt:179)
	at serie1.ex4.FutureTest$blocking_message_multiple_send_receive$2$thread$1.invoke(BlockingMessageQueueWithFutureTest.kt:169)
	at kotlin.concurrent.ThreadsKt$thread$thread$1.run(Thread.kt:30)
Exception in thread "Thread-64163" java.util.concurrent.TimeoutException
	at serie1.Ex4.BlockingMessageQueueFuture$MyFuture.get(BlockingMessageQueueFuture.kt:222)
	at serie1.ex4.FutureTest$blocking_message_multiple_send_receive$2$thread$1.invoke(BlockingMessageQueueWithFutureTest.kt:179)
	at serie1.ex4.FutureTest$blocking_message_multiple_send_receive$2$thread$1.invoke(BlockingMessageQueueWithFutureTest.kt:169)
	at kotlin.concurrent.ThreadsKt$thread$thread$1.run(Thread.kt:30)
Exception in thread "Thread-64162" java.util.concurrent.TimeoutException
	at serie1.Ex4.BlockingMessageQueueFuture$MyFuture.get(BlockingMessageQueueFuture.kt:222)
	at serie1.ex4.FutureTest$blocking_message_multiple_send_receive$2$thread$1.invoke(BlockingMessageQueueWithFutureTest.kt:179)
	at serie1.ex4.FutureTest$blocking_message_multiple_send_receive$2$thread$1.invoke(BlockingMessageQueueWithFutureTest.kt:169)
	at kotlin.concurrent.ThreadsKt$thread$thread$1.run(Thread.kt:30)
Exception in thread "Thread-64164" java.util.concurrent.TimeoutException
	at serie1.Ex4.BlockingMessageQueueFuture$MyFuture.get(BlockingMessageQueueFuture.kt:222)
	at serie1.ex4.FutureTest$blocking_message_multiple_send_receive$2$thread$1.invoke(BlockingMessageQueueWithFutureTest.kt:179)
	at serie1.ex4.FutureTest$blocking_message_multiple_send_receive$2$thread$1.invoke(BlockingMessageQueueWithFutureTest.kt:169)
	at kotlin.concurrent.ThreadsKt$thread$thread$1.run(Thread.kt:30)
Exception in thread "Thread-64166" java.util.concurrent.TimeoutException
	at serie1.Ex4.BlockingMessageQueueFuture$MyFuture.get(BlockingMessageQueueFuture.kt:222)
	at serie1.ex4.FutureTest$blocking_message_multiple_send_receive$2$thread$1.invoke(BlockingMessageQueueWithFutureTest.kt:179)
	at serie1.ex4.FutureTest$blocking_message_multiple_send_receive$2$thread$1.invoke(BlockingMessageQueueWithFutureTest.kt:169)
	at kotlin.concurrent.ThreadsKt$thread$thread$1.run(Thread.kt:30)
Exception in thread "Thread-64167" java.util.concurrent.TimeoutException
	at serie1.Ex4.BlockingMessageQueueFuture$MyFuture.get(BlockingMessageQueueFuture.kt:222)
	at serie1.ex4.FutureTest$blocking_message_multiple_send_receive$2$thread$1.invoke(BlockingMessageQueueWithFutureTest.kt:179)
	at serie1.ex4.FutureTest$blocking_message_multiple_send_receive$2$thread$1.invoke(BlockingMessageQueueWithFutureTest.kt:169)
	at kotlin.concurrent.ThreadsKt$thread$thread$1.run(Thread.kt:30)
Exception in thread "Thread-64158" java.util.concurrent.TimeoutException
	at serie1.Ex4.BlockingMessageQueueFuture$MyFuture.get(BlockingMessageQueueFuture.kt:222)
	at serie1.ex4.FutureTest$blocking_message_multiple_send_receive$2$thread$1.invoke(BlockingMessageQueueWithFutureTest.kt:179)
	at serie1.ex4.FutureTest$blocking_message_multiple_send_receive$2$thread$1.invoke(BlockingMessageQueueWithFutureTest.kt:169)
	at kotlin.concurrent.ThreadsKt$thread$thread$1.run(Thread.kt:30)
Exception in thread "Thread-64159" java.util.concurrent.TimeoutException
	at serie1.Ex4.BlockingMessageQueueFuture$MyFuture.get(BlockingMessageQueueFuture.kt:222)
	at serie1.ex4.FutureTest$blocking_message_multiple_send_receive$2$thread$1.invoke(BlockingMessageQueueWithFutureTest.kt:179)
	at serie1.ex4.FutureTest$blocking_message_multiple_send_receive$2$thread$1.invoke(BlockingMessageQueueWithFutureTest.kt:169)
	at kotlin.concurrent.ThreadsKt$thread$thread$1.run(Thread.kt:30)
Exception in thread "Thread-64161" java.util.concurrent.TimeoutException
	at serie1.Ex4.BlockingMessageQueueFuture$MyFuture.get(BlockingMessageQueueFuture.kt:222)
	at serie1.ex4.FutureTest$blocking_message_multiple_send_receive$2$thread$1.invoke(BlockingMessageQueueWithFutureTest.kt:179)
	at serie1.ex4.FutureTest$blocking_message_multiple_send_receive$2$thread$1.invoke(BlockingMessageQueueWithFutureTest.kt:169)
	at kotlin.concurrent.ThreadsKt$thread$thread$1.run(Thread.kt:30)
[2022-04-22 22:03:10] [INFO] start writer 
[2022-04-22 22:03:10] [INFO] writer try send [1, 2, 3] 
[2022-04-22 22:03:10] [INFO] start writer 
[2022-04-22 22:03:10] [INFO] start writer 
[2022-04-22 22:03:10] [INFO] writer try send [6] 
[2022-04-22 22:03:10] [INFO] writer send [6] 
[2022-04-22 22:03:10] [INFO] writer try send [7, 8, 9, 10] 
[2022-04-22 22:03:10] [INFO] writer send [7, 8, 9, 10] 
[2022-04-22 22:03:10] [INFO] writer try send [11, 12, 13] 
[2022-04-22 22:03:10] [INFO] start writer 
[2022-04-22 22:03:10] [INFO] writer try send [14, 15, 16, 17] 
[2022-04-22 22:03:10] [INFO] start reader 
[2022-04-22 22:03:10] [INFO] start writer 
[2022-04-22 22:03:10] [INFO] writer try send [18, 19, 20] 
[2022-04-22 22:03:10] [INFO] writer try send [4, 5] 
[2022-04-22 22:03:10] [INFO] writer send [1, 2, 3] 
[2022-04-22 22:03:10] [INFO] end writer 
[2022-04-22 22:03:10] [INFO] start get result 
[2022-04-22 22:03:10] [INFO] end get result 1 
[2022-04-22 22:03:10] [INFO] reader get 1 
[2022-04-22 22:03:10] [INFO] start get result 
[2022-04-22 22:03:10] [INFO] end get result 2 
[2022-04-22 22:03:10] [INFO] reader get 2 
[2022-04-22 22:03:10] [INFO] start get result 
[2022-04-22 22:03:10] [INFO] writer send [14, 15, 16, 17] 
[2022-04-22 22:03:10] [INFO] start reader 
[2022-04-22 22:03:10] [INFO] end get result 3 
[2022-04-22 22:03:10] [INFO] reader get 3 
[2022-04-22 22:03:10] [INFO] start get result 
[2022-04-22 22:03:10] [INFO] start reader 
[2022-04-22 22:03:10] [INFO] end writer 
[2022-04-22 22:03:10] [INFO] end get result 6 
[2022-04-22 22:03:10] [INFO] reader get 6 
[2022-04-22 22:03:10] [INFO] start reader 
[2022-04-22 22:03:10] [INFO] start get result 
[2022-04-22 22:03:10] [INFO] end get result 8 
[2022-04-22 22:03:10] [INFO] start reader 
[2022-04-22 22:03:10] [INFO] start get result 
[2022-04-22 22:03:10] [INFO] end get result 9 
[2022-04-22 22:03:10] [INFO] reader get 9 
[2022-04-22 22:03:10] [INFO] start get result 
[2022-04-22 22:03:10] [INFO] end get result 10 
[2022-04-22 22:03:10] [INFO] start get result 
[2022-04-22 22:03:10] [INFO] end get result 14 
[2022-04-22 22:03:10] [INFO] reader get 14 
[2022-04-22 22:03:10] [INFO] start get result 
[2022-04-22 22:03:10] [INFO] end get result 15 
[2022-04-22 22:03:10] [INFO] reader get 15 
[2022-04-22 22:03:10] [INFO] start get result 
[2022-04-22 22:03:10] [INFO] end get result 16 
[2022-04-22 22:03:10] [INFO] start get result 
[2022-04-22 22:03:10] [INFO] writer send [11, 12, 13] 
[2022-04-22 22:03:10] [INFO] end writer 
[2022-04-22 22:03:10] [INFO] reader get 16 
[2022-04-22 22:03:10] [INFO] start get result 
[2022-04-22 22:03:10] [INFO] end get result 18 
[2022-04-22 22:03:10] [INFO] reader get 18 
[2022-04-22 22:03:10] [INFO] start get result 
[2022-04-22 22:03:10] [INFO] writer send [4, 5] 
[2022-04-22 22:03:10] [INFO] end writer 
[2022-04-22 22:03:10] [INFO] reader get 10 
[2022-04-22 22:03:10] [INFO] start get result 
[2022-04-22 22:03:10] [INFO] end get result 20 
[2022-04-22 22:03:10] [INFO] reader get 20 
[2022-04-22 22:03:10] [INFO] start get result 
[2022-04-22 22:03:10] [INFO] start reader 
[2022-04-22 22:03:10] [INFO] reader get 8 
[2022-04-22 22:03:10] [INFO] start get result 
[2022-04-22 22:03:10] [INFO] end get result 5 
[2022-04-22 22:03:10] [INFO] start reader 
[2022-04-22 22:03:10] [INFO] writer send [18, 19, 20] 
[2022-04-22 22:03:10] [INFO] end writer 
[2022-04-22 22:03:10] [INFO] start reader 
[2022-04-22 22:03:10] [INFO] reader get 5 
[2022-04-22 22:03:10] [INFO] start get result 
[2022-04-22 22:03:10] [INFO] end get result 4 
[2022-04-22 22:03:10] [INFO] reader get 4 
[2022-04-22 22:03:10] [INFO] start get result 
[2022-04-22 22:03:10] [INFO] end get result 13 
[2022-04-22 22:03:10] [INFO] start get result 
[2022-04-22 22:03:10] [INFO] end get result 19 
[2022-04-22 22:03:10] [INFO] reader get 19 
[2022-04-22 22:03:10] [INFO] start get result 
[2022-04-22 22:03:10] [INFO] start get result 
[2022-04-22 22:03:10] [INFO] end get result 17 
[2022-04-22 22:03:10] [INFO] end get result 7 
[2022-04-22 22:03:10] [INFO] reader get 7 
[2022-04-22 22:03:10] [INFO] start get result 
[2022-04-22 22:03:10] [INFO] reader get 17 
[2022-04-22 22:03:10] [INFO] start get result 
[2022-04-22 22:03:10] [INFO] reader get 13 
[2022-04-22 22:03:10] [INFO] start get result 
[2022-04-22 22:03:10] [INFO] start get result 
[2022-04-22 22:03:10] [INFO] start reader 
[2022-04-22 22:03:10] [INFO] end get result 12 
[2022-04-22 22:03:10] [INFO] reader get 12 
[2022-04-22 22:03:10] [INFO] start reader 
[2022-04-22 22:03:10] [INFO] start get result 
[2022-04-22 22:03:10] [INFO] end get result 11 
[2022-04-22 22:03:10] [INFO] reader get 11 
[2022-04-22 22:03:10] [INFO] start get result 
[2022-04-22 22:03:10] [INFO] start get result 
[2022-04-22 22:03:10] [INFO] start get result 
[2022-04-22 22:03:10] [INFO] start get result 
Exception in thread "Thread-64183" java.util.concurrent.TimeoutException
	at serie1.Ex4.BlockingMessageQueueFuture$MyFuture.get(BlockingMessageQueueFuture.kt:222)
	at serie1.ex4.FutureTest$blocking_message_multiple_send_receive$2$thread$1.invoke(BlockingMessageQueueWithFutureTest.kt:179)
	at serie1.ex4.FutureTest$blocking_message_multiple_send_receive$2$thread$1.invoke(BlockingMessageQueueWithFutureTest.kt:169)
	at kotlin.concurrent.ThreadsKt$thread$thread$1.run(Thread.kt:30)
Exception in thread "Thread-64179" java.util.concurrent.TimeoutException
	at serie1.Ex4.BlockingMessageQueueFuture$MyFuture.get(BlockingMessageQueueFuture.kt:222)
	at serie1.ex4.FutureTest$blocking_message_multiple_send_receive$2$thread$1.invoke(BlockingMessageQueueWithFutureTest.kt:179)
	at serie1.ex4.FutureTest$blocking_message_multiple_send_receive$2$thread$1.invoke(BlockingMessageQueueWithFutureTest.kt:169)
	at kotlin.concurrent.ThreadsKt$thread$thread$1.run(Thread.kt:30)
Exception in thread "Thread-64175" java.util.concurrent.TimeoutException
	at serie1.Ex4.BlockingMessageQueueFuture$MyFuture.get(BlockingMessageQueueFuture.kt:222)
	at serie1.ex4.FutureTest$blocking_message_multiple_send_receive$2$thread$1.invoke(BlockingMessageQueueWithFutureTest.kt:179)
	at serie1.ex4.FutureTest$blocking_message_multiple_send_receive$2$thread$1.invoke(BlockingMessageQueueWithFutureTest.kt:169)
	at kotlin.concurrent.ThreadsKt$thread$thread$1.run(Thread.kt:30)
Exception in thread "Thread-64182" java.util.concurrent.TimeoutException
	at serie1.Ex4.BlockingMessageQueueFuture$MyFuture.get(BlockingMessageQueueFuture.kt:222)
	at serie1.ex4.FutureTest$blocking_message_multiple_send_receive$2$thread$1.invoke(BlockingMessageQueueWithFutureTest.kt:179)
	at serie1.ex4.FutureTest$blocking_message_multiple_send_receive$2$thread$1.invoke(BlockingMessageQueueWithFutureTest.kt:169)
	at kotlin.concurrent.ThreadsKt$thread$thread$1.run(Thread.kt:30)
Exception in thread "Thread-64180" java.util.concurrent.TimeoutException
	at serie1.Ex4.BlockingMessageQueueFuture$MyFuture.get(BlockingMessageQueueFuture.kt:222)
	at serie1.ex4.FutureTest$blocking_message_multiple_send_receive$2$thread$1.invoke(BlockingMessageQueueWithFutureTest.kt:179)
	at serie1.ex4.FutureTest$blocking_message_multiple_send_receive$2$thread$1.invoke(BlockingMessageQueueWithFutureTest.kt:169)
	at kotlin.concurrent.ThreadsKt$thread$thread$1.run(Thread.kt:30)
Exception in thread "Thread-64174" java.util.concurrent.TimeoutException
	at serie1.Ex4.BlockingMessageQueueFuture$MyFuture.get(BlockingMessageQueueFuture.kt:222)
	at serie1.ex4.FutureTest$blocking_message_multiple_send_receive$2$thread$1.invoke(BlockingMessageQueueWithFutureTest.kt:179)
	at serie1.ex4.FutureTest$blocking_message_multiple_send_receive$2$thread$1.invoke(BlockingMessageQueueWithFutureTest.kt:169)
	at kotlin.concurrent.ThreadsKt$thread$thread$1.run(Thread.kt:30)
Exception in thread "Thread-64181" java.util.concurrent.TimeoutException
	at serie1.Ex4.BlockingMessageQueueFuture$MyFuture.get(BlockingMessageQueueFuture.kt:222)
	at serie1.ex4.FutureTest$blocking_message_multiple_send_receive$2$thread$1.invoke(BlockingMessageQueueWithFutureTest.kt:179)
	at serie1.ex4.FutureTest$blocking_message_multiple_send_receive$2$thread$1.invoke(BlockingMessageQueueWithFutureTest.kt:169)
	at kotlin.concurrent.ThreadsKt$thread$thread$1.run(Thread.kt:30)
Exception in thread "Thread-64178" java.util.concurrent.TimeoutException
	at serie1.Ex4.BlockingMessageQueueFuture$MyFuture.get(BlockingMessageQueueFuture.kt:222)
	at serie1.ex4.FutureTest$blocking_message_multiple_send_receive$2$thread$1.invoke(BlockingMessageQueueWithFutureTest.kt:179)
	at serie1.ex4.FutureTest$blocking_message_multiple_send_receive$2$thread$1.invoke(BlockingMessageQueueWithFutureTest.kt:169)
	at kotlin.concurrent.ThreadsKt$thread$thread$1.run(Thread.kt:30)
Exception in thread "Thread-64177" java.util.concurrent.TimeoutException
	at serie1.Ex4.BlockingMessageQueueFuture$MyFuture.get(BlockingMessageQueueFuture.kt:222)
	at serie1.ex4.FutureTest$blocking_message_multiple_send_receive$2$thread$1.invoke(BlockingMessageQueueWithFutureTest.kt:179)
	at serie1.ex4.FutureTest$blocking_message_multiple_send_receive$2$thread$1.invoke(BlockingMessageQueueWithFutureTest.kt:169)
	at kotlin.concurrent.ThreadsKt$thread$thread$1.run(Thread.kt:30)
Exception in thread "Thread-64176" java.util.concurrent.TimeoutException
	at serie1.Ex4.BlockingMessageQueueFuture$MyFuture.get(BlockingMessageQueueFuture.kt:222)
	at serie1.ex4.FutureTest$blocking_message_multiple_send_receive$2$thread$1.invoke(BlockingMessageQueueWithFutureTest.kt:179)
	at serie1.ex4.FutureTest$blocking_message_multiple_send_receive$2$thread$1.invoke(BlockingMessageQueueWithFutureTest.kt:169)
	at kotlin.concurrent.ThreadsKt$thread$thread$1.run(Thread.kt:30)
[2022-04-22 22:03:12] [INFO] start writer 
[2022-04-22 22:03:12] [INFO] start reader 
[2022-04-22 22:03:12] [INFO] writer try send [1, 2, 3] 
[2022-04-22 22:03:12] [INFO] writer send [1, 2, 3] 
[2022-04-22 22:03:12] [INFO] writer try send [4, 5] 
[2022-04-22 22:03:12] [INFO] start writer 
[2022-04-22 22:03:12] [INFO] writer try send [6] 
[2022-04-22 22:03:12] [INFO] writer send [6] 
[2022-04-22 22:03:12] [INFO] writer try send [7, 8, 9, 10] 
[2022-04-22 22:03:12] [INFO] writer send [7, 8, 9, 10] 
[2022-04-22 22:03:12] [INFO] writer try send [11, 12, 13] 
[2022-04-22 22:03:12] [INFO] start writer 
[2022-04-22 22:03:12] [INFO] writer try send [14, 15, 16, 17] 
[2022-04-22 22:03:12] [INFO] writer send [4, 5] 
[2022-04-22 22:03:12] [INFO] writer try send [18, 19, 20] 
[2022-04-22 22:03:12] [INFO] start writer 
[2022-04-22 22:03:12] [INFO] end writer 
[2022-04-22 22:03:12] [INFO] start get result 
[2022-04-22 22:03:12] [INFO] start reader 
[2022-04-22 22:03:12] [INFO] start writer 
[2022-04-22 22:03:12] [INFO] end writer 
[2022-04-22 22:03:12] [INFO] end get result 1 
[2022-04-22 22:03:12] [INFO] reader get 1 
[2022-04-22 22:03:12] [INFO] start reader 
[2022-04-22 22:03:12] [INFO] start get result 
[2022-04-22 22:03:12] [INFO] end get result 2 
[2022-04-22 22:03:12] [INFO] reader get 2 
[2022-04-22 22:03:12] [INFO] start get result 
[2022-04-22 22:03:12] [INFO] end get result 3 
[2022-04-22 22:03:12] [INFO] start get result 
[2022-04-22 22:03:12] [INFO] end get result 4 
[2022-04-22 22:03:12] [INFO] reader get 4 
[2022-04-22 22:03:12] [INFO] start get result 
[2022-04-22 22:03:12] [INFO] end get result 5 
[2022-04-22 22:03:12] [INFO] reader get 5 
[2022-04-22 22:03:12] [INFO] start get result 
[2022-04-22 22:03:12] [INFO] end get result 6 
[2022-04-22 22:03:12] [INFO] reader get 6 
[2022-04-22 22:03:12] [INFO] start get result 
[2022-04-22 22:03:12] [INFO] reader get 3 
[2022-04-22 22:03:12] [INFO] start get result 
[2022-04-22 22:03:12] [INFO] end get result 9 
[2022-04-22 22:03:12] [INFO] reader get 9 
[2022-04-22 22:03:12] [INFO] start reader 
[2022-04-22 22:03:12] [INFO] writer send [18, 19, 20] 
[2022-04-22 22:03:12] [INFO] end writer 
[2022-04-22 22:03:12] [INFO] writer send [14, 15, 16, 17] 
[2022-04-22 22:03:12] [INFO] end writer 
[2022-04-22 22:03:12] [INFO] start get result 
[2022-04-22 22:03:12] [INFO] end get result 10 
[2022-04-22 22:03:12] [INFO] start get result 
[2022-04-22 22:03:12] [INFO] end get result 8 
[2022-04-22 22:03:12] [INFO] reader get 8 
[2022-04-22 22:03:12] [INFO] start get result 
[2022-04-22 22:03:12] [INFO] end get result 19 
[2022-04-22 22:03:12] [INFO] writer send [11, 12, 13] 
[2022-04-22 22:03:12] [INFO] end writer 
[2022-04-22 22:03:12] [INFO] end get result 7 
[2022-04-22 22:03:12] [INFO] reader get 7 
[2022-04-22 22:03:12] [INFO] start get result 
[2022-04-22 22:03:12] [INFO] end get result 20 
[2022-04-22 22:03:12] [INFO] reader get 20 
[2022-04-22 22:03:12] [INFO] start get result 
[2022-04-22 22:03:12] [INFO] end get result 11 
[2022-04-22 22:03:12] [INFO] reader get 11 
[2022-04-22 22:03:12] [INFO] start get result 
[2022-04-22 22:03:12] [INFO] reader get 19 
[2022-04-22 22:03:12] [INFO] start get result 
[2022-04-22 22:03:12] [INFO] end get result 13 
[2022-04-22 22:03:12] [INFO] reader get 13 
[2022-04-22 22:03:12] [INFO] start get result 
[2022-04-22 22:03:12] [INFO] start get result 
[2022-04-22 22:03:12] [INFO] end get result 18 
[2022-04-22 22:03:12] [INFO] reader get 18 
[2022-04-22 22:03:12] [INFO] reader get 10 
[2022-04-22 22:03:12] [INFO] start get result 
[2022-04-22 22:03:12] [INFO] end get result 16 
[2022-04-22 22:03:12] [INFO] start reader 
[2022-04-22 22:03:12] [INFO] reader get 16 
[2022-04-22 22:03:12] [INFO] start get result 
[2022-04-22 22:03:12] [INFO] end get result 17 
[2022-04-22 22:03:12] [INFO] start get result 
[2022-04-22 22:03:12] [INFO] reader get 17 
[2022-04-22 22:03:12] [INFO] end get result 15 
[2022-04-22 22:03:12] [INFO] start get result 
[2022-04-22 22:03:12] [INFO] reader get 15 
[2022-04-22 22:03:12] [INFO] start get result 
[2022-04-22 22:03:12] [INFO] end get result 14 
[2022-04-22 22:03:12] [INFO] reader get 14 
[2022-04-22 22:03:12] [INFO] start get result 
[2022-04-22 22:03:12] [INFO] end get result 12 
[2022-04-22 22:03:12] [INFO] reader get 12 
[2022-04-22 22:03:12] [INFO] start get result 
[2022-04-22 22:03:12] [INFO] start get result 
[2022-04-22 22:03:12] [INFO] start reader 
[2022-04-22 22:03:12] [INFO] start reader 
[2022-04-22 22:03:12] [INFO] start reader 
[2022-04-22 22:03:12] [INFO] start get result 
[2022-04-22 22:03:12] [INFO] start reader 
[2022-04-22 22:03:12] [INFO] start get result 
[2022-04-22 22:03:12] [INFO] start reader 
[2022-04-22 22:03:12] [INFO] start get result 
[2022-04-22 22:03:12] [INFO] start get result 
[2022-04-22 22:03:12] [INFO] start get result 
Exception in thread "Thread-64197" java.util.concurrent.TimeoutException
	at serie1.Ex4.BlockingMessageQueueFuture$MyFuture.get(BlockingMessageQueueFuture.kt:222)
	at serie1.ex4.FutureTest$blocking_message_multiple_send_receive$2$thread$1.invoke(BlockingMessageQueueWithFutureTest.kt:179)
	at serie1.ex4.FutureTest$blocking_message_multiple_send_receive$2$thread$1.invoke(BlockingMessageQueueWithFutureTest.kt:169)
	at kotlin.concurrent.ThreadsKt$thread$thread$1.run(Thread.kt:30)
Exception in thread "Thread-64191" java.util.concurrent.TimeoutException
	at serie1.Ex4.BlockingMessageQueueFuture$MyFuture.get(BlockingMessageQueueFuture.kt:222)
	at serie1.ex4.FutureTest$blocking_message_multiple_send_receive$2$thread$1.invoke(BlockingMessageQueueWithFutureTest.kt:179)
	at serie1.ex4.FutureTest$blocking_message_multiple_send_receive$2$thread$1.invoke(BlockingMessageQueueWithFutureTest.kt:169)
	at kotlin.concurrent.ThreadsKt$thread$thread$1.run(Thread.kt:30)
Exception in thread "Thread-64193" java.util.concurrent.TimeoutException
	at serie1.Ex4.BlockingMessageQueueFuture$MyFuture.get(BlockingMessageQueueFuture.kt:222)
	at serie1.ex4.FutureTest$blocking_message_multiple_send_receive$2$thread$1.invoke(BlockingMessageQueueWithFutureTest.kt:179)
	at serie1.ex4.FutureTest$blocking_message_multiple_send_receive$2$thread$1.invoke(BlockingMessageQueueWithFutureTest.kt:169)
	at kotlin.concurrent.ThreadsKt$thread$thread$1.run(Thread.kt:30)
Exception in thread "Thread-64196" java.util.concurrent.TimeoutException
	at serie1.Ex4.BlockingMessageQueueFuture$MyFuture.get(BlockingMessageQueueFuture.kt:222)
	at serie1.ex4.FutureTest$blocking_message_multiple_send_receive$2$thread$1.invoke(BlockingMessageQueueWithFutureTest.kt:179)
	at serie1.ex4.FutureTest$blocking_message_multiple_send_receive$2$thread$1.invoke(BlockingMessageQueueWithFutureTest.kt:169)
	at kotlin.concurrent.ThreadsKt$thread$thread$1.run(Thread.kt:30)
Exception in thread "Thread-64195" java.util.concurrent.TimeoutException
	at serie1.Ex4.BlockingMessageQueueFuture$MyFuture.get(BlockingMessageQueueFuture.kt:222)
	at serie1.ex4.FutureTest$blocking_message_multiple_send_receive$2$thread$1.invoke(BlockingMessageQueueWithFutureTest.kt:179)
	at serie1.ex4.FutureTest$blocking_message_multiple_send_receive$2$thread$1.invoke(BlockingMessageQueueWithFutureTest.kt:169)
	at kotlin.concurrent.ThreadsKt$thread$thread$1.run(Thread.kt:30)
Exception in thread "Thread-64192" java.util.concurrent.TimeoutException
	at serie1.Ex4.BlockingMessageQueueFuture$MyFuture.get(BlockingMessageQueueFuture.kt:222)
	at serie1.ex4.FutureTest$blocking_message_multiple_send_receive$2$thread$1.invoke(BlockingMessageQueueWithFutureTest.kt:179)
	at serie1.ex4.FutureTest$blocking_message_multiple_send_receive$2$thread$1.invoke(BlockingMessageQueueWithFutureTest.kt:169)
	at kotlin.concurrent.ThreadsKt$thread$thread$1.run(Thread.kt:30)
Exception in thread "Thread-64190" java.util.concurrent.TimeoutException
	at serie1.Ex4.BlockingMessageQueueFuture$MyFuture.get(BlockingMessageQueueFuture.kt:222)
	at serie1.ex4.FutureTest$blocking_message_multiple_send_receive$2$thread$1.invoke(BlockingMessageQueueWithFutureTest.kt:179)
	at serie1.ex4.FutureTest$blocking_message_multiple_send_receive$2$thread$1.invoke(BlockingMessageQueueWithFutureTest.kt:169)
	at kotlin.concurrent.ThreadsKt$thread$thread$1.run(Thread.kt:30)
Exception in thread "Thread-64199" java.util.concurrent.TimeoutException
	at serie1.Ex4.BlockingMessageQueueFuture$MyFuture.get(BlockingMessageQueueFuture.kt:222)
	at serie1.ex4.FutureTest$blocking_message_multiple_send_receive$2$thread$1.invoke(BlockingMessageQueueWithFutureTest.kt:179)
	at serie1.ex4.FutureTest$blocking_message_multiple_send_receive$2$thread$1.invoke(BlockingMessageQueueWithFutureTest.kt:169)
	at kotlin.concurrent.ThreadsKt$thread$thread$1.run(Thread.kt:30)
Exception in thread "Thread-64194" java.util.concurrent.TimeoutException
	at serie1.Ex4.BlockingMessageQueueFuture$MyFuture.get(BlockingMessageQueueFuture.kt:222)
	at serie1.ex4.FutureTest$blocking_message_multiple_send_receive$2$thread$1.invoke(BlockingMessageQueueWithFutureTest.kt:179)
	at serie1.ex4.FutureTest$blocking_message_multiple_send_receive$2$thread$1.invoke(BlockingMessageQueueWithFutureTest.kt:169)
	at kotlin.concurrent.ThreadsKt$thread$thread$1.run(Thread.kt:30)
Exception in thread "Thread-64198" java.util.concurrent.TimeoutException
	at serie1.Ex4.BlockingMessageQueueFuture$MyFuture.get(BlockingMessageQueueFuture.kt:222)
	at serie1.ex4.FutureTest$blocking_message_multiple_send_receive$2$thread$1.invoke(BlockingMessageQueueWithFutureTest.kt:179)
	at serie1.ex4.FutureTest$blocking_message_multiple_send_receive$2$thread$1.invoke(BlockingMessageQueueWithFutureTest.kt:169)
	at kotlin.concurrent.ThreadsKt$thread$thread$1.run(Thread.kt:30)
[2022-04-22 22:03:14] [INFO] start writer 
[2022-04-22 22:03:14] [INFO] writer try send [1, 2, 3] 
[2022-04-22 22:03:14] [INFO] start writer 
[2022-04-22 22:03:14] [INFO] start reader 
[2022-04-22 22:03:14] [INFO] start writer 
[2022-04-22 22:03:14] [INFO] start writer 
[2022-04-22 22:03:14] [INFO] writer try send [7, 8, 9, 10] 
[2022-04-22 22:03:14] [INFO] start writer 
[2022-04-22 22:03:14] [INFO] writer try send [11, 12, 13] 
[2022-04-22 22:03:14] [INFO] writer send [1, 2, 3] 
[2022-04-22 22:03:14] [INFO] writer try send [14, 15, 16, 17] 
[2022-04-22 22:03:14] [INFO] start get result 
[2022-04-22 22:03:14] [INFO] end get result 1 
[2022-04-22 22:03:14] [INFO] reader get 1 
[2022-04-22 22:03:14] [INFO] start get result 
[2022-04-22 22:03:14] [INFO] end get result 2 
[2022-04-22 22:03:14] [INFO] start reader 
[2022-04-22 22:03:14] [INFO] writer try send [6] 
[2022-04-22 22:03:14] [INFO] writer send [6] 
[2022-04-22 22:03:14] [INFO] writer try send [18, 19, 20] 
[2022-04-22 22:03:14] [INFO] start writer 
[2022-04-22 22:03:14] [INFO] end writer 
[2022-04-22 22:03:14] [INFO] writer try send [4, 5] 
[2022-04-22 22:03:14] [INFO] start reader 
[2022-04-22 22:03:14] [INFO] writer send [11, 12, 13] 
[2022-04-22 22:03:14] [INFO] end writer 
[2022-04-22 22:03:14] [INFO] reader get 2 
[2022-04-22 22:03:14] [INFO] start get result 
[2022-04-22 22:03:14] [INFO] end get result 11 
[2022-04-22 22:03:14] [INFO] reader get 11 
[2022-04-22 22:03:14] [INFO] start get result 
[2022-04-22 22:03:14] [INFO] writer send [18, 19, 20] 
[2022-04-22 22:03:14] [INFO] start get result 
[2022-04-22 22:03:14] [INFO] end get result 13 
[2022-04-22 22:03:14] [INFO] reader get 13 
[2022-04-22 22:03:14] [INFO] start get result 
[2022-04-22 22:03:14] [INFO] end get result 6 
[2022-04-22 22:03:14] [INFO] reader get 6 
[2022-04-22 22:03:14] [INFO] start get result 
[2022-04-22 22:03:14] [INFO] end get result 18 
[2022-04-22 22:03:14] [INFO] reader get 18 
[2022-04-22 22:03:14] [INFO] start get result 
[2022-04-22 22:03:14] [INFO] end get result 19 
[2022-04-22 22:03:14] [INFO] reader get 19 
[2022-04-22 22:03:14] [INFO] writer send [4, 5] 
[2022-04-22 22:03:14] [INFO] end writer 
[2022-04-22 22:03:14] [INFO] start reader 
[2022-04-22 22:03:14] [INFO] start get result 
[2022-04-22 22:03:14] [INFO] end get result 3 
[2022-04-22 22:03:14] [INFO] start reader 
[2022-04-22 22:03:14] [INFO] start get result 
[2022-04-22 22:03:14] [INFO] start reader 
[2022-04-22 22:03:14] [INFO] end get result 20 
[2022-04-22 22:03:14] [INFO] reader get 20 
[2022-04-22 22:03:14] [INFO] start get result 
[2022-04-22 22:03:14] [INFO] end writer 
[2022-04-22 22:03:14] [INFO] start get result 
[2022-04-22 22:03:14] [INFO] end get result 14 
[2022-04-22 22:03:14] [INFO] reader get 14 
[2022-04-22 22:03:14] [INFO] start get result 
[2022-04-22 22:03:14] [INFO] end get result 15 
[2022-04-22 22:03:14] [INFO] start get result 
[2022-04-22 22:03:14] [INFO] writer send [7, 8, 9, 10] 
[2022-04-22 22:03:14] [INFO] end writer 
[2022-04-22 22:03:14] [INFO] end get result 12 
[2022-04-22 22:03:14] [INFO] reader get 12 
[2022-04-22 22:03:14] [INFO] start get result 
[2022-04-22 22:03:14] [INFO] end get result 17 
[2022-04-22 22:03:14] [INFO] reader get 17 
[2022-04-22 22:03:14] [INFO] end get result 16 
[2022-04-22 22:03:14] [INFO] reader get 16 
[2022-04-22 22:03:14] [INFO] start get result 
[2022-04-22 22:03:14] [INFO] end get result 8 
[2022-04-22 22:03:14] [INFO] reader get 8 
[2022-04-22 22:03:14] [INFO] start get result 
[2022-04-22 22:03:14] [INFO] end get result 9 
[2022-04-22 22:03:14] [INFO] reader get 9 
[2022-04-22 22:03:14] [INFO] start get result 
[2022-04-22 22:03:14] [INFO] end get result 10 
[2022-04-22 22:03:14] [INFO] reader get 10 
[2022-04-22 22:03:14] [INFO] reader get 15 
[2022-04-22 22:03:14] [INFO] start get result 
[2022-04-22 22:03:14] [INFO] start reader 
[2022-04-22 22:03:14] [INFO] start get result 
[2022-04-22 22:03:14] [INFO] end get result 5 
[2022-04-22 22:03:14] [INFO] writer send [14, 15, 16, 17] 
[2022-04-22 22:03:14] [INFO] end writer 
[2022-04-22 22:03:14] [INFO] start get result 
[2022-04-22 22:03:14] [INFO] end get result 4 
[2022-04-22 22:03:14] [INFO] reader get 4 
[2022-04-22 22:03:14] [INFO] start get result 
[2022-04-22 22:03:14] [INFO] reader get 3 
[2022-04-22 22:03:14] [INFO] start get result 
[2022-04-22 22:03:14] [INFO] start reader 
[2022-04-22 22:03:14] [INFO] reader get 5 
[2022-04-22 22:03:14] [INFO] start get result 
[2022-04-22 22:03:14] [INFO] start get result 
[2022-04-22 22:03:14] [INFO] start reader 
[2022-04-22 22:03:14] [INFO] start get result 
[2022-04-22 22:03:14] [INFO] end get result 7 
[2022-04-22 22:03:14] [INFO] start reader 
[2022-04-22 22:03:14] [INFO] reader get 7 
[2022-04-22 22:03:14] [INFO] start get result 
[2022-04-22 22:03:14] [INFO] start get result 
[2022-04-22 22:03:14] [INFO] start get result 
[2022-04-22 22:03:14] [INFO] start get result 
Exception in thread "Thread-64207" java.util.concurrent.TimeoutException
	at serie1.Ex4.BlockingMessageQueueFuture$MyFuture.get(BlockingMessageQueueFuture.kt:222)
	at serie1.ex4.FutureTest$blocking_message_multiple_send_receive$2$thread$1.invoke(BlockingMessageQueueWithFutureTest.kt:179)
	at serie1.ex4.FutureTest$blocking_message_multiple_send_receive$2$thread$1.invoke(BlockingMessageQueueWithFutureTest.kt:169)
	at kotlin.concurrent.ThreadsKt$thread$thread$1.run(Thread.kt:30)
Exception in thread "Thread-64212" java.util.concurrent.TimeoutException
	at serie1.Ex4.BlockingMessageQueueFuture$MyFuture.get(BlockingMessageQueueFuture.kt:222)
	at serie1.ex4.FutureTest$blocking_message_multiple_send_receive$2$thread$1.invoke(BlockingMessageQueueWithFutureTest.kt:179)
	at serie1.ex4.FutureTest$blocking_message_multiple_send_receive$2$thread$1.invoke(BlockingMessageQueueWithFutureTest.kt:169)
	at kotlin.concurrent.ThreadsKt$thread$thread$1.run(Thread.kt:30)
Exception in thread "Thread-64211" java.util.concurrent.TimeoutException
	at serie1.Ex4.BlockingMessageQueueFuture$MyFuture.get(BlockingMessageQueueFuture.kt:222)
	at serie1.ex4.FutureTest$blocking_message_multiple_send_receive$2$thread$1.invoke(BlockingMessageQueueWithFutureTest.kt:179)
	at serie1.ex4.FutureTest$blocking_message_multiple_send_receive$2$thread$1.invoke(BlockingMessageQueueWithFutureTest.kt:169)
	at kotlin.concurrent.ThreadsKt$thread$thread$1.run(Thread.kt:30)
Exception in thread "Thread-64216" java.util.concurrent.TimeoutException
	at serie1.Ex4.BlockingMessageQueueFuture$MyFuture.get(BlockingMessageQueueFuture.kt:222)
	at serie1.ex4.FutureTest$blocking_message_multiple_send_receive$2$thread$1.invoke(BlockingMessageQueueWithFutureTest.kt:179)
	at serie1.ex4.FutureTest$blocking_message_multiple_send_receive$2$thread$1.invoke(BlockingMessageQueueWithFutureTest.kt:169)
	at kotlin.concurrent.ThreadsKt$thread$thread$1.run(Thread.kt:30)
Exception in thread "Thread-64215" java.util.concurrent.TimeoutException
	at serie1.Ex4.BlockingMessageQueueFuture$MyFuture.get(BlockingMessageQueueFuture.kt:222)
	at serie1.ex4.FutureTest$blocking_message_multiple_send_receive$2$thread$1.invoke(BlockingMessageQueueWithFutureTest.kt:179)
	at serie1.ex4.FutureTest$blocking_message_multiple_send_receive$2$thread$1.invoke(BlockingMessageQueueWithFutureTest.kt:169)
	at kotlin.concurrent.ThreadsKt$thread$thread$1.run(Thread.kt:30)
Exception in thread "Thread-64214" java.util.concurrent.TimeoutException
	at serie1.Ex4.BlockingMessageQueueFuture$MyFuture.get(BlockingMessageQueueFuture.kt:222)
	at serie1.ex4.FutureTest$blocking_message_multiple_send_receive$2$thread$1.invoke(BlockingMessageQueueWithFutureTest.kt:179)
	at serie1.ex4.FutureTest$blocking_message_multiple_send_receive$2$thread$1.invoke(BlockingMessageQueueWithFutureTest.kt:169)
	at kotlin.concurrent.ThreadsKt$thread$thread$1.run(Thread.kt:30)
Exception in thread "Thread-64213" java.util.concurrent.TimeoutException
	at serie1.Ex4.BlockingMessageQueueFuture$MyFuture.get(BlockingMessageQueueFuture.kt:222)
	at serie1.ex4.FutureTest$blocking_message_multiple_send_receive$2$thread$1.invoke(BlockingMessageQueueWithFutureTest.kt:179)
	at serie1.ex4.FutureTest$blocking_message_multiple_send_receive$2$thread$1.invoke(BlockingMessageQueueWithFutureTest.kt:169)
	at kotlin.concurrent.ThreadsKt$thread$thread$1.run(Thread.kt:30)
Exception in thread "Thread-64209" java.util.concurrent.TimeoutException
	at serie1.Ex4.BlockingMessageQueueFuture$MyFuture.get(BlockingMessageQueueFuture.kt:222)
	at serie1.ex4.FutureTest$blocking_message_multiple_send_receive$2$thread$1.invoke(BlockingMessageQueueWithFutureTest.kt:179)
	at serie1.ex4.FutureTest$blocking_message_multiple_send_receive$2$thread$1.invoke(BlockingMessageQueueWithFutureTest.kt:169)
	at kotlin.concurrent.ThreadsKt$thread$thread$1.run(Thread.kt:30)
Exception in thread "Thread-64208" java.util.concurrent.TimeoutException
	at serie1.Ex4.BlockingMessageQueueFuture$MyFuture.get(BlockingMessageQueueFuture.kt:222)
	at serie1.ex4.FutureTest$blocking_message_multiple_send_receive$2$thread$1.invoke(BlockingMessageQueueWithFutureTest.kt:179)
	at serie1.ex4.FutureTest$blocking_message_multiple_send_receive$2$thread$1.invoke(BlockingMessageQueueWithFutureTest.kt:169)
	at kotlin.concurrent.ThreadsKt$thread$thread$1.run(Thread.kt:30)
Exception in thread "Thread-64210" java.util.concurrent.TimeoutException
	at serie1.Ex4.BlockingMessageQueueFuture$MyFuture.get(BlockingMessageQueueFuture.kt:222)
	at serie1.ex4.FutureTest$blocking_message_multiple_send_receive$2$thread$1.invoke(BlockingMessageQueueWithFutureTest.kt:179)
	at serie1.ex4.FutureTest$blocking_message_multiple_send_receive$2$thread$1.invoke(BlockingMessageQueueWithFutureTest.kt:169)
	at kotlin.concurrent.ThreadsKt$thread$thread$1.run(Thread.kt:30)
[2022-04-22 22:03:16] [INFO] start writer 
[2022-04-22 22:03:16] [INFO] writer try send [1, 2, 3] 
[2022-04-22 22:03:16] [INFO] writer send [1, 2, 3] 
[2022-04-22 22:03:16] [INFO] writer try send [4, 5] 
[2022-04-22 22:03:16] [INFO] start reader 
[2022-04-22 22:03:16] [INFO] writer send [4, 5] 
[2022-04-22 22:03:16] [INFO] writer try send [6] 
[2022-04-22 22:03:16] [INFO] start writer 
[2022-04-22 22:03:16] [INFO] start writer 
[2022-04-22 22:03:16] [INFO] writer try send [11, 12, 13] 
[2022-04-22 22:03:16] [INFO] start writer 
[2022-04-22 22:03:16] [INFO] start get result 
[2022-04-22 22:03:16] [INFO] end get result 1 
[2022-04-22 22:03:16] [INFO] start writer 
[2022-04-22 22:03:16] [INFO] writer try send [18, 19, 20] 
[2022-04-22 22:03:16] [INFO] start writer 
[2022-04-22 22:03:16] [INFO] end writer 
[2022-04-22 22:03:16] [INFO] reader get 1 
[2022-04-22 22:03:16] [INFO] start get result 
[2022-04-22 22:03:16] [INFO] end get result 2 
[2022-04-22 22:03:16] [INFO] reader get 2 
[2022-04-22 22:03:16] [INFO] start get result 
[2022-04-22 22:03:16] [INFO] end get result 3 
[2022-04-22 22:03:16] [INFO] writer try send [14, 15, 16, 17] 
[2022-04-22 22:03:16] [INFO] writer send [18, 19, 20] 
[2022-04-22 22:03:16] [INFO] end writer 
[2022-04-22 22:03:16] [INFO] writer try send [7, 8, 9, 10] 
[2022-04-22 22:03:16] [INFO] writer send [6] 
[2022-04-22 22:03:16] [INFO] end writer 
[2022-04-22 22:03:16] [INFO] start reader 
[2022-04-22 22:03:16] [INFO] reader get 3 
[2022-04-22 22:03:16] [INFO] start reader 
[2022-04-22 22:03:16] [INFO] start get result 
[2022-04-22 22:03:16] [INFO] end get result 4 
[2022-04-22 22:03:16] [INFO] reader get 4 
[2022-04-22 22:03:16] [INFO] start get result 
[2022-04-22 22:03:16] [INFO] end get result 5 
[2022-04-22 22:03:16] [INFO] start reader 
[2022-04-22 22:03:16] [INFO] start reader 
[2022-04-22 22:03:16] [INFO] start get result 
[2022-04-22 22:03:16] [INFO] end get result 6 
[2022-04-22 22:03:16] [INFO] start reader 
[2022-04-22 22:03:16] [INFO] start get result 
[2022-04-22 22:03:16] [INFO] start get result 
[2022-04-22 22:03:16] [INFO] start reader 
[2022-04-22 22:03:16] [INFO] start get result 
[2022-04-22 22:03:16] [INFO] end get result 20 
[2022-04-22 22:03:16] [INFO] reader get 20 
[2022-04-22 22:03:16] [INFO] reader get 5 
[2022-04-22 22:03:16] [INFO] writer send [14, 15, 16, 17] 
[2022-04-22 22:03:16] [INFO] start get result 
[2022-04-22 22:03:16] [INFO] end get result 13 
[2022-04-22 22:03:16] [INFO] reader get 13 
[2022-04-22 22:03:16] [INFO] start get result 
[2022-04-22 22:03:16] [INFO] end writer 
[2022-04-22 22:03:16] [INFO] start get result 
[2022-04-22 22:03:16] [INFO] end get result 12 
[2022-04-22 22:03:16] [INFO] reader get 12 
[2022-04-22 22:03:16] [INFO] start get result 
[2022-04-22 22:03:16] [INFO] end get result 16 
[2022-04-22 22:03:16] [INFO] reader get 16 
[2022-04-22 22:03:16] [INFO] start get result 
[2022-04-22 22:03:16] [INFO] end get result 11 
[2022-04-22 22:03:16] [INFO] reader get 11 
[2022-04-22 22:03:16] [INFO] start get result 
[2022-04-22 22:03:16] [INFO] end get result 7 
[2022-04-22 22:03:16] [INFO] reader get 7 
[2022-04-22 22:03:16] [INFO] start get result 
[2022-04-22 22:03:16] [INFO] end get result 8 
[2022-04-22 22:03:16] [INFO] start reader 
[2022-04-22 22:03:16] [INFO] end get result 19 
[2022-04-22 22:03:16] [INFO] reader get 19 
[2022-04-22 22:03:16] [INFO] start get result 
[2022-04-22 22:03:16] [INFO] end get result 9 
[2022-04-22 22:03:16] [INFO] start reader 
[2022-04-22 22:03:16] [INFO] end get result 18 
[2022-04-22 22:03:16] [INFO] start reader 
[2022-04-22 22:03:16] [INFO] writer send [11, 12, 13] 
[2022-04-22 22:03:16] [INFO] end writer 
[2022-04-22 22:03:16] [INFO] reader get 6 
[2022-04-22 22:03:16] [INFO] start get result 
[2022-04-22 22:03:16] [INFO] start get result 
[2022-04-22 22:03:16] [INFO] start get result 
[2022-04-22 22:03:16] [INFO] reader get 18 
[2022-04-22 22:03:16] [INFO] start get result 
[2022-04-22 22:03:16] [INFO] start get result 
[2022-04-22 22:03:16] [INFO] end get result 10 
[2022-04-22 22:03:16] [INFO] reader get 10 
[2022-04-22 22:03:16] [INFO] start get result 
[2022-04-22 22:03:16] [INFO] reader get 9 
[2022-04-22 22:03:16] [INFO] start get result 
[2022-04-22 22:03:16] [INFO] reader get 8 
[2022-04-22 22:03:16] [INFO] start get result 
[2022-04-22 22:03:16] [INFO] start get result 
[2022-04-22 22:03:16] [INFO] end get result 17 
[2022-04-22 22:03:16] [INFO] writer send [7, 8, 9, 10] 
[2022-04-22 22:03:16] [INFO] end writer 
[2022-04-22 22:03:16] [INFO] end get result 14 
[2022-04-22 22:03:16] [INFO] reader get 14 
[2022-04-22 22:03:16] [INFO] start get result 
[2022-04-22 22:03:16] [INFO] end get result 15 
[2022-04-22 22:03:16] [INFO] reader get 15 
[2022-04-22 22:03:16] [INFO] start get result 
[2022-04-22 22:03:16] [INFO] start get result 
[2022-04-22 22:03:16] [INFO] reader get 17 
[2022-04-22 22:03:16] [INFO] start get result 
Exception in thread "Thread-64224" java.util.concurrent.TimeoutException
	at serie1.Ex4.BlockingMessageQueueFuture$MyFuture.get(BlockingMessageQueueFuture.kt:222)
	at serie1.ex4.FutureTest$blocking_message_multiple_send_receive$2$thread$1.invoke(BlockingMessageQueueWithFutureTest.kt:179)
	at serie1.ex4.FutureTest$blocking_message_multiple_send_receive$2$thread$1.invoke(BlockingMessageQueueWithFutureTest.kt:169)
	at kotlin.concurrent.ThreadsKt$thread$thread$1.run(Thread.kt:30)
Exception in thread "Thread-64226" java.util.concurrent.TimeoutException
	at serie1.Ex4.BlockingMessageQueueFuture$MyFuture.get(BlockingMessageQueueFuture.kt:222)
	at serie1.ex4.FutureTest$blocking_message_multiple_send_receive$2$thread$1.invoke(BlockingMessageQueueWithFutureTest.kt:179)
	at serie1.ex4.FutureTest$blocking_message_multiple_send_receive$2$thread$1.invoke(BlockingMessageQueueWithFutureTest.kt:169)
	at kotlin.concurrent.ThreadsKt$thread$thread$1.run(Thread.kt:30)
Exception in thread "Thread-64232" java.util.concurrent.TimeoutException
	at serie1.Ex4.BlockingMessageQueueFuture$MyFuture.get(BlockingMessageQueueFuture.kt:222)
	at serie1.ex4.FutureTest$blocking_message_multiple_send_receive$2$thread$1.invoke(BlockingMessageQueueWithFutureTest.kt:179)
	at serie1.ex4.FutureTest$blocking_message_multiple_send_receive$2$thread$1.invoke(BlockingMessageQueueWithFutureTest.kt:169)
	at kotlin.concurrent.ThreadsKt$thread$thread$1.run(Thread.kt:30)
Exception in thread "Thread-64229" java.util.concurrent.TimeoutException
	at serie1.Ex4.BlockingMessageQueueFuture$MyFuture.get(BlockingMessageQueueFuture.kt:222)
	at serie1.ex4.FutureTest$blocking_message_multiple_send_receive$2$thread$1.invoke(BlockingMessageQueueWithFutureTest.kt:179)
	at serie1.ex4.FutureTest$blocking_message_multiple_send_receive$2$thread$1.invoke(BlockingMessageQueueWithFutureTest.kt:169)
	at kotlin.concurrent.ThreadsKt$thread$thread$1.run(Thread.kt:30)
Exception in thread "Thread-64233" java.util.concurrent.TimeoutException
	at serie1.Ex4.BlockingMessageQueueFuture$MyFuture.get(BlockingMessageQueueFuture.kt:222)
	at serie1.ex4.FutureTest$blocking_message_multiple_send_receive$2$thread$1.invoke(BlockingMessageQueueWithFutureTest.kt:179)
	at serie1.ex4.FutureTest$blocking_message_multiple_send_receive$2$thread$1.invoke(BlockingMessageQueueWithFutureTest.kt:169)
	at kotlin.concurrent.ThreadsKt$thread$thread$1.run(Thread.kt:30)
Exception in thread "Thread-64227" java.util.concurrent.TimeoutException
	at serie1.Ex4.BlockingMessageQueueFuture$MyFuture.get(BlockingMessageQueueFuture.kt:222)
	at serie1.ex4.FutureTest$blocking_message_multiple_send_receive$2$thread$1.invoke(BlockingMessageQueueWithFutureTest.kt:179)
	at serie1.ex4.FutureTest$blocking_message_multiple_send_receive$2$thread$1.invoke(BlockingMessageQueueWithFutureTest.kt:169)
	at kotlin.concurrent.ThreadsKt$thread$thread$1.run(Thread.kt:30)
Exception in thread "Thread-64225" java.util.concurrent.TimeoutException
	at serie1.Ex4.BlockingMessageQueueFuture$MyFuture.get(BlockingMessageQueueFuture.kt:222)
	at serie1.ex4.FutureTest$blocking_message_multiple_send_receive$2$thread$1.invoke(BlockingMessageQueueWithFutureTest.kt:179)
	at serie1.ex4.FutureTest$blocking_message_multiple_send_receive$2$thread$1.invoke(BlockingMessageQueueWithFutureTest.kt:169)
	at kotlin.concurrent.ThreadsKt$thread$thread$1.run(Thread.kt:30)
Exception in thread "Thread-64230" java.util.concurrent.TimeoutException
	at serie1.Ex4.BlockingMessageQueueFuture$MyFuture.get(BlockingMessageQueueFuture.kt:222)
	at serie1.ex4.FutureTest$blocking_message_multiple_send_receive$2$thread$1.invoke(BlockingMessageQueueWithFutureTest.kt:179)
	at serie1.ex4.FutureTest$blocking_message_multiple_send_receive$2$thread$1.invoke(BlockingMessageQueueWithFutureTest.kt:169)
	at kotlin.concurrent.ThreadsKt$thread$thread$1.run(Thread.kt:30)
Exception in thread "Thread-64231" java.util.concurrent.TimeoutException
	at serie1.Ex4.BlockingMessageQueueFuture$MyFuture.get(BlockingMessageQueueFuture.kt:222)
	at serie1.ex4.FutureTest$blocking_message_multiple_send_receive$2$thread$1.invoke(BlockingMessageQueueWithFutureTest.kt:179)
	at serie1.ex4.FutureTest$blocking_message_multiple_send_receive$2$thread$1.invoke(BlockingMessageQueueWithFutureTest.kt:169)
	at kotlin.concurrent.ThreadsKt$thread$thread$1.run(Thread.kt:30)
Exception in thread "Thread-64228" java.util.concurrent.TimeoutException
	at serie1.Ex4.BlockingMessageQueueFuture$MyFuture.get(BlockingMessageQueueFuture.kt:222)
	at serie1.ex4.FutureTest$blocking_message_multiple_send_receive$2$thread$1.invoke(BlockingMessageQueueWithFutureTest.kt:179)
	at serie1.ex4.FutureTest$blocking_message_multiple_send_receive$2$thread$1.invoke(BlockingMessageQueueWithFutureTest.kt:169)
	at kotlin.concurrent.ThreadsKt$thread$thread$1.run(Thread.kt:30)
[2022-04-22 22:03:18] [INFO] start writer 
[2022-04-22 22:03:18] [INFO] start writer 
[2022-04-22 22:03:18] [INFO] start writer 
[2022-04-22 22:03:18] [INFO] writer try send [6] 
[2022-04-22 22:03:18] [INFO] start writer 
[2022-04-22 22:03:18] [INFO] start writer 
[2022-04-22 22:03:18] [INFO] writer try send [11, 12, 13] 
[2022-04-22 22:03:18] [INFO] start writer 
[2022-04-22 22:03:18] [INFO] writer try send [14, 15, 16, 17] 
[2022-04-22 22:03:18] [INFO] writer try send [1, 2, 3] 
[2022-04-22 22:03:18] [INFO] writer send [1, 2, 3] 
[2022-04-22 22:03:18] [INFO] writer try send [18, 19, 20] 
[2022-04-22 22:03:18] [INFO] writer send [11, 12, 13] 
[2022-04-22 22:03:18] [INFO] end writer 
[2022-04-22 22:03:18] [INFO] writer try send [7, 8, 9, 10] 
[2022-04-22 22:03:18] [INFO] writer send [6] 
[2022-04-22 22:03:18] [INFO] end writer 
[2022-04-22 22:03:18] [INFO] start reader 
[2022-04-22 22:03:18] [INFO] writer try send [4, 5] 
[2022-04-22 22:03:18] [INFO] start reader 
[2022-04-22 22:03:18] [INFO] start reader 
[2022-04-22 22:03:18] [INFO] start get result 
[2022-04-22 22:03:18] [INFO] start reader 
[2022-04-22 22:03:18] [INFO] end get result 6 
[2022-04-22 22:03:18] [INFO] start get result 
[2022-04-22 22:03:18] [INFO] end get result 11 
[2022-04-22 22:03:18] [INFO] reader get 6 
[2022-04-22 22:03:18] [INFO] start get result 
[2022-04-22 22:03:18] [INFO] writer send [4, 5] 
[2022-04-22 22:03:18] [INFO] end writer 
[2022-04-22 22:03:18] [INFO] start get result 
[2022-04-22 22:03:18] [INFO] end get result 1 
[2022-04-22 22:03:18] [INFO] reader get 1 
[2022-04-22 22:03:18] [INFO] start get result 
[2022-04-22 22:03:18] [INFO] start get result 
[2022-04-22 22:03:18] [INFO] end get result 12 
[2022-04-22 22:03:18] [INFO] reader get 12 
[2022-04-22 22:03:18] [INFO] start get result 
[2022-04-22 22:03:18] [INFO] end get result 3 
[2022-04-22 22:03:18] [INFO] reader get 11 
[2022-04-22 22:03:18] [INFO] start get result 
[2022-04-22 22:03:18] [INFO] end get result 4 
[2022-04-22 22:03:18] [INFO] reader get 4 
[2022-04-22 22:03:18] [INFO] start get result 
[2022-04-22 22:03:18] [INFO] writer send [7, 8, 9, 10] 
[2022-04-22 22:03:18] [INFO] end writer 
[2022-04-22 22:03:18] [INFO] start reader 
[2022-04-22 22:03:18] [INFO] end get result 5 
[2022-04-22 22:03:18] [INFO] reader get 5 
[2022-04-22 22:03:18] [INFO] start get result 
[2022-04-22 22:03:18] [INFO] start reader 
[2022-04-22 22:03:18] [INFO] reader get 3 
[2022-04-22 22:03:18] [INFO] start get result 
[2022-04-22 22:03:18] [INFO] end get result 19 
[2022-04-22 22:03:18] [INFO] reader get 19 
[2022-04-22 22:03:18] [INFO] end get result 2 
[2022-04-22 22:03:18] [INFO] start get result 
[2022-04-22 22:03:18] [INFO] end get result 7 
[2022-04-22 22:03:18] [INFO] reader get 7 
[2022-04-22 22:03:18] [INFO] start get result 
[2022-04-22 22:03:18] [INFO] end get result 8 
[2022-04-22 22:03:18] [INFO] reader get 8 
[2022-04-22 22:03:18] [INFO] start get result 
[2022-04-22 22:03:18] [INFO] writer send [18, 19, 20] 
[2022-04-22 22:03:18] [INFO] end writer 
[2022-04-22 22:03:18] [INFO] end get result 13 
[2022-04-22 22:03:18] [INFO] reader get 13 
[2022-04-22 22:03:18] [INFO] start get result 
[2022-04-22 22:03:18] [INFO] end get result 14 
[2022-04-22 22:03:18] [INFO] reader get 14 
[2022-04-22 22:03:18] [INFO] start get result 
[2022-04-22 22:03:18] [INFO] end get result 10 
[2022-04-22 22:03:18] [INFO] reader get 10 
[2022-04-22 22:03:18] [INFO] start get result 
[2022-04-22 22:03:18] [INFO] end get result 16 
[2022-04-22 22:03:18] [INFO] start get result 
[2022-04-22 22:03:18] [INFO] end get result 9 
[2022-04-22 22:03:18] [INFO] writer send [14, 15, 16, 17] 
[2022-04-22 22:03:18] [INFO] end writer 
[2022-04-22 22:03:18] [INFO] reader get 2 
[2022-04-22 22:03:18] [INFO] start get result 
[2022-04-22 22:03:18] [INFO] end get result 17 
[2022-04-22 22:03:18] [INFO] reader get 17 
[2022-04-22 22:03:18] [INFO] start get result 
[2022-04-22 22:03:18] [INFO] start get result 
[2022-04-22 22:03:18] [INFO] end get result 20 
[2022-04-22 22:03:18] [INFO] reader get 20 
[2022-04-22 22:03:18] [INFO] start get result 
[2022-04-22 22:03:18] [INFO] start reader 
[2022-04-22 22:03:18] [INFO] end get result 18 
[2022-04-22 22:03:18] [INFO] reader get 18 
[2022-04-22 22:03:18] [INFO] start get result 
[2022-04-22 22:03:18] [INFO] reader get 9 
[2022-04-22 22:03:18] [INFO] start get result 
[2022-04-22 22:03:18] [INFO] start reader 
[2022-04-22 22:03:18] [INFO] reader get 16 
[2022-04-22 22:03:18] [INFO] start get result 
[2022-04-22 22:03:18] [INFO] end get result 15 
[2022-04-22 22:03:18] [INFO] start reader 
[2022-04-22 22:03:18] [INFO] start get result 
[2022-04-22 22:03:18] [INFO] start reader 
[2022-04-22 22:03:18] [INFO] start get result 
[2022-04-22 22:03:18] [INFO] reader get 15 
[2022-04-22 22:03:18] [INFO] start get result 
[2022-04-22 22:03:18] [INFO] start get result 
[2022-04-22 22:03:18] [INFO] start get result 
Exception in thread "Thread-64245" java.util.concurrent.TimeoutException
	at serie1.Ex4.BlockingMessageQueueFuture$MyFuture.get(BlockingMessageQueueFuture.kt:222)
	at serie1.ex4.FutureTest$blocking_message_multiple_send_receive$2$thread$1.invoke(BlockingMessageQueueWithFutureTest.kt:179)
	at serie1.ex4.FutureTest$blocking_message_multiple_send_receive$2$thread$1.invoke(BlockingMessageQueueWithFutureTest.kt:169)
	at kotlin.concurrent.ThreadsKt$thread$thread$1.run(Thread.kt:30)
Exception in thread "Thread-64242" java.util.concurrent.TimeoutException
	at serie1.Ex4.BlockingMessageQueueFuture$MyFuture.get(BlockingMessageQueueFuture.kt:222)
	at serie1.ex4.FutureTest$blocking_message_multiple_send_receive$2$thread$1.invoke(BlockingMessageQueueWithFutureTest.kt:179)
	at serie1.ex4.FutureTest$blocking_message_multiple_send_receive$2$thread$1.invoke(BlockingMessageQueueWithFutureTest.kt:169)
	at kotlin.concurrent.ThreadsKt$thread$thread$1.run(Thread.kt:30)
Exception in thread "Thread-64248" java.util.concurrent.TimeoutException
	at serie1.Ex4.BlockingMessageQueueFuture$MyFuture.get(BlockingMessageQueueFuture.kt:222)
	at serie1.ex4.FutureTest$blocking_message_multiple_send_receive$2$thread$1.invoke(BlockingMessageQueueWithFutureTest.kt:179)
	at serie1.ex4.FutureTest$blocking_message_multiple_send_receive$2$thread$1.invoke(BlockingMessageQueueWithFutureTest.kt:169)
	at kotlin.concurrent.ThreadsKt$thread$thread$1.run(Thread.kt:30)
Exception in thread "Thread-64246" java.util.concurrent.TimeoutException
	at serie1.Ex4.BlockingMessageQueueFuture$MyFuture.get(BlockingMessageQueueFuture.kt:222)
	at serie1.ex4.FutureTest$blocking_message_multiple_send_receive$2$thread$1.invoke(BlockingMessageQueueWithFutureTest.kt:179)
	at serie1.ex4.FutureTest$blocking_message_multiple_send_receive$2$thread$1.invoke(BlockingMessageQueueWithFutureTest.kt:169)
	at kotlin.concurrent.ThreadsKt$thread$thread$1.run(Thread.kt:30)
Exception in thread "Thread-64244" java.util.concurrent.TimeoutException
	at serie1.Ex4.BlockingMessageQueueFuture$MyFuture.get(BlockingMessageQueueFuture.kt:222)
	at serie1.ex4.FutureTest$blocking_message_multiple_send_receive$2$thread$1.invoke(BlockingMessageQueueWithFutureTest.kt:179)
	at serie1.ex4.FutureTest$blocking_message_multiple_send_receive$2$thread$1.invoke(BlockingMessageQueueWithFutureTest.kt:169)
	at kotlin.concurrent.ThreadsKt$thread$thread$1.run(Thread.kt:30)
Exception in thread "Thread-64249" java.util.concurrent.TimeoutException
	at serie1.Ex4.BlockingMessageQueueFuture$MyFuture.get(BlockingMessageQueueFuture.kt:222)
	at serie1.ex4.FutureTest$blocking_message_multiple_send_receive$2$thread$1.invoke(BlockingMessageQueueWithFutureTest.kt:179)
	at serie1.ex4.FutureTest$blocking_message_multiple_send_receive$2$thread$1.invoke(BlockingMessageQueueWithFutureTest.kt:169)
	at kotlin.concurrent.ThreadsKt$thread$thread$1.run(Thread.kt:30)
Exception in thread "Thread-64243" java.util.concurrent.TimeoutException
	at serie1.Ex4.BlockingMessageQueueFuture$MyFuture.get(BlockingMessageQueueFuture.kt:222)
	at serie1.ex4.FutureTest$blocking_message_multiple_send_receive$2$thread$1.invoke(BlockingMessageQueueWithFutureTest.kt:179)
	at serie1.ex4.FutureTest$blocking_message_multiple_send_receive$2$thread$1.invoke(BlockingMessageQueueWithFutureTest.kt:169)
	at kotlin.concurrent.ThreadsKt$thread$thread$1.run(Thread.kt:30)
Exception in thread "Thread-64250" java.util.concurrent.TimeoutException
	at serie1.Ex4.BlockingMessageQueueFuture$MyFuture.get(BlockingMessageQueueFuture.kt:222)
	at serie1.ex4.FutureTest$blocking_message_multiple_send_receive$2$thread$1.invoke(BlockingMessageQueueWithFutureTest.kt:179)
	at serie1.ex4.FutureTest$blocking_message_multiple_send_receive$2$thread$1.invoke(BlockingMessageQueueWithFutureTest.kt:169)
	at kotlin.concurrent.ThreadsKt$thread$thread$1.run(Thread.kt:30)
Exception in thread "Thread-64247" java.util.concurrent.TimeoutException
	at serie1.Ex4.BlockingMessageQueueFuture$MyFuture.get(BlockingMessageQueueFuture.kt:222)
	at serie1.ex4.FutureTest$blocking_message_multiple_send_receive$2$thread$1.invoke(BlockingMessageQueueWithFutureTest.kt:179)
	at serie1.ex4.FutureTest$blocking_message_multiple_send_receive$2$thread$1.invoke(BlockingMessageQueueWithFutureTest.kt:169)
	at kotlin.concurrent.ThreadsKt$thread$thread$1.run(Thread.kt:30)
Exception in thread "Thread-64241" java.util.concurrent.TimeoutException
	at serie1.Ex4.BlockingMessageQueueFuture$MyFuture.get(BlockingMessageQueueFuture.kt:222)
	at serie1.ex4.FutureTest$blocking_message_multiple_send_receive$2$thread$1.invoke(BlockingMessageQueueWithFutureTest.kt:179)
	at serie1.ex4.FutureTest$blocking_message_multiple_send_receive$2$thread$1.invoke(BlockingMessageQueueWithFutureTest.kt:169)
	at kotlin.concurrent.ThreadsKt$thread$thread$1.run(Thread.kt:30)
[2022-04-22 22:03:20] [INFO] start writer 
[2022-04-22 22:03:20] [INFO] start writer 
[2022-04-22 22:03:20] [INFO] start reader 
[2022-04-22 22:03:20] [INFO] start writer 
[2022-04-22 22:03:20] [INFO] start reader 
[2022-04-22 22:03:20] [INFO] writer try send [6] 
[2022-04-22 22:03:20] [INFO] writer send [6] 
[2022-04-22 22:03:20] [INFO] writer try send [7, 8, 9, 10] 
[2022-04-22 22:03:20] [INFO] start reader 
[2022-04-22 22:03:20] [INFO] writer send [7, 8, 9, 10] 
[2022-04-22 22:03:20] [INFO] writer try send [11, 12, 13] 
[2022-04-22 22:03:20] [INFO] start get result 
[2022-04-22 22:03:20] [INFO] start get result 
[2022-04-22 22:03:20] [INFO] end get result 7 
[2022-04-22 22:03:20] [INFO] reader get 7 
[2022-04-22 22:03:20] [INFO] start get result 
[2022-04-22 22:03:20] [INFO] start writer 
[2022-04-22 22:03:20] [INFO] writer try send [14, 15, 16, 17] 
[2022-04-22 22:03:20] [INFO] writer send [14, 15, 16, 17] 
[2022-04-22 22:03:20] [INFO] writer try send [18, 19, 20] 
[2022-04-22 22:03:20] [INFO] start writer 
[2022-04-22 22:03:20] [INFO] end writer 
[2022-04-22 22:03:20] [INFO] writer try send [4, 5] 
[2022-04-22 22:03:20] [INFO] writer try send [1, 2, 3] 
[2022-04-22 22:03:20] [INFO] end get result 8 
[2022-04-22 22:03:20] [INFO] reader get 8 
[2022-04-22 22:03:20] [INFO] start get result 
[2022-04-22 22:03:20] [INFO] end get result 10 
[2022-04-22 22:03:20] [INFO] reader get 10 
[2022-04-22 22:03:20] [INFO] start get result 
[2022-04-22 22:03:20] [INFO] start get result 
[2022-04-22 22:03:20] [INFO] end get result 9 
[2022-04-22 22:03:20] [INFO] reader get 9 
[2022-04-22 22:03:20] [INFO] start get result 
[2022-04-22 22:03:20] [INFO] end get result 12 
[2022-04-22 22:03:20] [INFO] end get result 6 
[2022-04-22 22:03:20] [INFO] reader get 6 
[2022-04-22 22:03:20] [INFO] start get result 
[2022-04-22 22:03:20] [INFO] end get result 13 
[2022-04-22 22:03:20] [INFO] writer send [11, 12, 13] 
[2022-04-22 22:03:20] [INFO] end writer 
[2022-04-22 22:03:20] [INFO] start reader 
[2022-04-22 22:03:20] [INFO] start writer 
[2022-04-22 22:03:20] [INFO] end writer 
[2022-04-22 22:03:20] [INFO] start reader 
[2022-04-22 22:03:20] [INFO] reader get 13 
[2022-04-22 22:03:20] [INFO] start get result 
[2022-04-22 22:03:20] [INFO] writer send [1, 2, 3] 
[2022-04-22 22:03:20] [INFO] end writer 
[2022-04-22 22:03:20] [INFO] start reader 
[2022-04-22 22:03:20] [INFO] start reader 
[2022-04-22 22:03:20] [INFO] reader get 12 
[2022-04-22 22:03:20] [INFO] start get result 
[2022-04-22 22:03:20] [INFO] writer send [18, 19, 20] 
[2022-04-22 22:03:20] [INFO] end writer 
[2022-04-22 22:03:20] [INFO] start get result 
[2022-04-22 22:03:20] [INFO] end get result 5 
[2022-04-22 22:03:20] [INFO] writer send [4, 5] 
[2022-04-22 22:03:20] [INFO] end writer 
[2022-04-22 22:03:20] [INFO] end get result 11 
[2022-04-22 22:03:20] [INFO] reader get 11 
[2022-04-22 22:03:20] [INFO] start get result 
[2022-04-22 22:03:20] [INFO] end get result 1 
[2022-04-22 22:03:20] [INFO] reader get 1 
[2022-04-22 22:03:20] [INFO] start get result 
[2022-04-22 22:03:20] [INFO] end get result 2 
[2022-04-22 22:03:20] [INFO] reader get 2 
[2022-04-22 22:03:20] [INFO] reader get 5 
[2022-04-22 22:03:20] [INFO] start get result 
[2022-04-22 22:03:20] [INFO] start get result 
[2022-04-22 22:03:20] [INFO] end get result 4 
[2022-04-22 22:03:20] [INFO] reader get 4 
[2022-04-22 22:03:20] [INFO] start get result 
[2022-04-22 22:03:20] [INFO] end get result 19 
[2022-04-22 22:03:20] [INFO] reader get 19 
[2022-04-22 22:03:20] [INFO] start get result 
[2022-04-22 22:03:20] [INFO] end get result 16 
[2022-04-22 22:03:20] [INFO] start get result 
[2022-04-22 22:03:20] [INFO] end get result 17 
[2022-04-22 22:03:20] [INFO] reader get 17 
[2022-04-22 22:03:20] [INFO] start get result 
[2022-04-22 22:03:20] [INFO] start reader 
[2022-04-22 22:03:20] [INFO] start get result 
[2022-04-22 22:03:20] [INFO] start reader 
[2022-04-22 22:03:20] [INFO] end get result 14 
[2022-04-22 22:03:20] [INFO] reader get 14 
[2022-04-22 22:03:20] [INFO] start get result 
[2022-04-22 22:03:20] [INFO] end get result 15 
[2022-04-22 22:03:20] [INFO] start get result 
[2022-04-22 22:03:20] [INFO] reader get 16 
[2022-04-22 22:03:20] [INFO] start get result 
[2022-04-22 22:03:20] [INFO] end get result 20 
[2022-04-22 22:03:20] [INFO] reader get 20 
[2022-04-22 22:03:20] [INFO] end get result 18 
[2022-04-22 22:03:20] [INFO] reader get 18 
[2022-04-22 22:03:20] [INFO] start get result 
[2022-04-22 22:03:20] [INFO] start get result 
[2022-04-22 22:03:20] [INFO] end get result 3 
[2022-04-22 22:03:20] [INFO] start get result 
[2022-04-22 22:03:20] [INFO] start get result 
[2022-04-22 22:03:20] [INFO] reader get 15 
[2022-04-22 22:03:20] [INFO] start get result 
[2022-04-22 22:03:20] [INFO] start reader 
[2022-04-22 22:03:20] [INFO] reader get 3 
[2022-04-22 22:03:20] [INFO] start get result 
[2022-04-22 22:03:20] [INFO] start get result 
Exception in thread "Thread-64264" java.util.concurrent.TimeoutException
	at serie1.Ex4.BlockingMessageQueueFuture$MyFuture.get(BlockingMessageQueueFuture.kt:222)
	at serie1.ex4.FutureTest$blocking_message_multiple_send_receive$2$thread$1.invoke(BlockingMessageQueueWithFutureTest.kt:179)
	at serie1.ex4.FutureTest$blocking_message_multiple_send_receive$2$thread$1.invoke(BlockingMessageQueueWithFutureTest.kt:169)
	at kotlin.concurrent.ThreadsKt$thread$thread$1.run(Thread.kt:30)
Exception in thread "Thread-64261" java.util.concurrent.TimeoutException
	at serie1.Ex4.BlockingMessageQueueFuture$MyFuture.get(BlockingMessageQueueFuture.kt:222)
	at serie1.ex4.FutureTest$blocking_message_multiple_send_receive$2$thread$1.invoke(BlockingMessageQueueWithFutureTest.kt:179)
	at serie1.ex4.FutureTest$blocking_message_multiple_send_receive$2$thread$1.invoke(BlockingMessageQueueWithFutureTest.kt:169)
	at kotlin.concurrent.ThreadsKt$thread$thread$1.run(Thread.kt:30)
Exception in thread "Thread-64258" java.util.concurrent.TimeoutException
	at serie1.Ex4.BlockingMessageQueueFuture$MyFuture.get(BlockingMessageQueueFuture.kt:222)
	at serie1.ex4.FutureTest$blocking_message_multiple_send_receive$2$thread$1.invoke(BlockingMessageQueueWithFutureTest.kt:179)
	at serie1.ex4.FutureTest$blocking_message_multiple_send_receive$2$thread$1.invoke(BlockingMessageQueueWithFutureTest.kt:169)
	at kotlin.concurrent.ThreadsKt$thread$thread$1.run(Thread.kt:30)
Exception in thread "Thread-64260" java.util.concurrent.TimeoutException
	at serie1.Ex4.BlockingMessageQueueFuture$MyFuture.get(BlockingMessageQueueFuture.kt:222)
	at serie1.ex4.FutureTest$blocking_message_multiple_send_receive$2$thread$1.invoke(BlockingMessageQueueWithFutureTest.kt:179)
	at serie1.ex4.FutureTest$blocking_message_multiple_send_receive$2$thread$1.invoke(BlockingMessageQueueWithFutureTest.kt:169)
	at kotlin.concurrent.ThreadsKt$thread$thread$1.run(Thread.kt:30)
Exception in thread "Thread-64263" java.util.concurrent.TimeoutException
	at serie1.Ex4.BlockingMessageQueueFuture$MyFuture.get(BlockingMessageQueueFuture.kt:222)
	at serie1.ex4.FutureTest$blocking_message_multiple_send_receive$2$thread$1.invoke(BlockingMessageQueueWithFutureTest.kt:179)
	at serie1.ex4.FutureTest$blocking_message_multiple_send_receive$2$thread$1.invoke(BlockingMessageQueueWithFutureTest.kt:169)
	at kotlin.concurrent.ThreadsKt$thread$thread$1.run(Thread.kt:30)
Exception in thread "Thread-64265" java.util.concurrent.TimeoutException
	at serie1.Ex4.BlockingMessageQueueFuture$MyFuture.get(BlockingMessageQueueFuture.kt:222)
	at serie1.ex4.FutureTest$blocking_message_multiple_send_receive$2$thread$1.invoke(BlockingMessageQueueWithFutureTest.kt:179)
	at serie1.ex4.FutureTest$blocking_message_multiple_send_receive$2$thread$1.invoke(BlockingMessageQueueWithFutureTest.kt:169)
	at kotlin.concurrent.ThreadsKt$thread$thread$1.run(Thread.kt:30)
Exception in thread "Thread-64259" java.util.concurrent.TimeoutException
	at serie1.Ex4.BlockingMessageQueueFuture$MyFuture.get(BlockingMessageQueueFuture.kt:222)
	at serie1.ex4.FutureTest$blocking_message_multiple_send_receive$2$thread$1.invoke(BlockingMessageQueueWithFutureTest.kt:179)
	at serie1.ex4.FutureTest$blocking_message_multiple_send_receive$2$thread$1.invoke(BlockingMessageQueueWithFutureTest.kt:169)
	at kotlin.concurrent.ThreadsKt$thread$thread$1.run(Thread.kt:30)
Exception in thread "Thread-64262" java.util.concurrent.TimeoutException
	at serie1.Ex4.BlockingMessageQueueFuture$MyFuture.get(BlockingMessageQueueFuture.kt:222)
	at serie1.ex4.FutureTest$blocking_message_multiple_send_receive$2$thread$1.invoke(BlockingMessageQueueWithFutureTest.kt:179)
	at serie1.ex4.FutureTest$blocking_message_multiple_send_receive$2$thread$1.invoke(BlockingMessageQueueWithFutureTest.kt:169)
	at kotlin.concurrent.ThreadsKt$thread$thread$1.run(Thread.kt:30)
Exception in thread "Thread-64266" java.util.concurrent.TimeoutException
	at serie1.Ex4.BlockingMessageQueueFuture$MyFuture.get(BlockingMessageQueueFuture.kt:222)
	at serie1.ex4.FutureTest$blocking_message_multiple_send_receive$2$thread$1.invoke(BlockingMessageQueueWithFutureTest.kt:179)
	at serie1.ex4.FutureTest$blocking_message_multiple_send_receive$2$thread$1.invoke(BlockingMessageQueueWithFutureTest.kt:169)
	at kotlin.concurrent.ThreadsKt$thread$thread$1.run(Thread.kt:30)
Exception in thread "Thread-64267" java.util.concurrent.TimeoutException
	at serie1.Ex4.BlockingMessageQueueFuture$MyFuture.get(BlockingMessageQueueFuture.kt:222)
	at serie1.ex4.FutureTest$blocking_message_multiple_send_receive$2$thread$1.invoke(BlockingMessageQueueWithFutureTest.kt:179)
	at serie1.ex4.FutureTest$blocking_message_multiple_send_receive$2$thread$1.invoke(BlockingMessageQueueWithFutureTest.kt:169)
	at kotlin.concurrent.ThreadsKt$thread$thread$1.run(Thread.kt:30)
[2022-04-22 22:03:22] [INFO] start writer 
[2022-04-22 22:03:22] [INFO] writer try send [1, 2, 3] 
[2022-04-22 22:03:22] [INFO] start writer 
[2022-04-22 22:03:22] [INFO] writer try send [4, 5] 
[2022-04-22 22:03:22] [INFO] writer send [4, 5] 
[2022-04-22 22:03:22] [INFO] writer try send [6] 
[2022-04-22 22:03:22] [INFO] writer send [6] 
[2022-04-22 22:03:22] [INFO] start reader 
[2022-04-22 22:03:22] [INFO] start writer 
[2022-04-22 22:03:22] [INFO] start writer 
[2022-04-22 22:03:22] [INFO] writer try send [14, 15, 16, 17] 
[2022-04-22 22:03:22] [INFO] start writer 
[2022-04-22 22:03:22] [INFO] writer try send [18, 19, 20] 
[2022-04-22 22:03:22] [INFO] writer try send [7, 8, 9, 10] 
[2022-04-22 22:03:22] [INFO] start writer 
[2022-04-22 22:03:22] [INFO] start get result 
[2022-04-22 22:03:22] [INFO] end get result 1 
[2022-04-22 22:03:22] [INFO] reader get 1 
[2022-04-22 22:03:22] [INFO] start get result 
[2022-04-22 22:03:22] [INFO] end get result 2 
[2022-04-22 22:03:22] [INFO] writer send [1, 2, 3] 
[2022-04-22 22:03:22] [INFO] end writer 
[2022-04-22 22:03:22] [INFO] reader get 2 
[2022-04-22 22:03:22] [INFO] start get result 
[2022-04-22 22:03:22] [INFO] end get result 3 
[2022-04-22 22:03:22] [INFO] reader get 3 
[2022-04-22 22:03:22] [INFO] start get result 
[2022-04-22 22:03:22] [INFO] writer send [7, 8, 9, 10] 
[2022-04-22 22:03:22] [INFO] end writer 
[2022-04-22 22:03:22] [INFO] end writer 
[2022-04-22 22:03:22] [INFO] writer send [18, 19, 20] 
[2022-04-22 22:03:22] [INFO] end writer 
[2022-04-22 22:03:22] [INFO] writer try send [11, 12, 13] 
[2022-04-22 22:03:22] [INFO] start reader 
[2022-04-22 22:03:22] [INFO] end get result 4 
[2022-04-22 22:03:22] [INFO] start reader 
[2022-04-22 22:03:22] [INFO] reader get 4 
[2022-04-22 22:03:22] [INFO] start get result 
[2022-04-22 22:03:22] [INFO] start reader 
[2022-04-22 22:03:22] [INFO] start get result 
[2022-04-22 22:03:22] [INFO] start reader 
[2022-04-22 22:03:22] [INFO] end get result 6 
[2022-04-22 22:03:22] [INFO] reader get 6 
[2022-04-22 22:03:22] [INFO] start get result 
[2022-04-22 22:03:22] [INFO] writer send [11, 12, 13] 
[2022-04-22 22:03:22] [INFO] start get result 
[2022-04-22 22:03:22] [INFO] start get result 
[2022-04-22 22:03:22] [INFO] end get result 7 
[2022-04-22 22:03:22] [INFO] reader get 7 
[2022-04-22 22:03:22] [INFO] start get result 
[2022-04-22 22:03:22] [INFO] end get result 8 
[2022-04-22 22:03:22] [INFO] end get result 5 
[2022-04-22 22:03:22] [INFO] reader get 5 
[2022-04-22 22:03:22] [INFO] writer send [14, 15, 16, 17] 
[2022-04-22 22:03:22] [INFO] end writer 
[2022-04-22 22:03:22] [INFO] reader get 8 
[2022-04-22 22:03:22] [INFO] start get result 
[2022-04-22 22:03:22] [INFO] end get result 10 
[2022-04-22 22:03:22] [INFO] reader get 10 
[2022-04-22 22:03:22] [INFO] start get result 
[2022-04-22 22:03:22] [INFO] end get result 11 
[2022-04-22 22:03:22] [INFO] end get result 20 
[2022-04-22 22:03:22] [INFO] reader get 20 
[2022-04-22 22:03:22] [INFO] start get result 
[2022-04-22 22:03:22] [INFO] end get result 12 
[2022-04-22 22:03:22] [INFO] reader get 12 
[2022-04-22 22:03:22] [INFO] start get result 
[2022-04-22 22:03:22] [INFO] end get result 13 
[2022-04-22 22:03:22] [INFO] reader get 13 
[2022-04-22 22:03:22] [INFO] start get result 
[2022-04-22 22:03:22] [INFO] end writer 
[2022-04-22 22:03:22] [INFO] end get result 19 
[2022-04-22 22:03:22] [INFO] reader get 19 
[2022-04-22 22:03:22] [INFO] start get result 
[2022-04-22 22:03:22] [INFO] end get result 15 
[2022-04-22 22:03:22] [INFO] reader get 15 
[2022-04-22 22:03:22] [INFO] start get result 
[2022-04-22 22:03:22] [INFO] start get result 
[2022-04-22 22:03:22] [INFO] end get result 18 
[2022-04-22 22:03:22] [INFO] start reader 
[2022-04-22 22:03:22] [INFO] reader get 18 
[2022-04-22 22:03:22] [INFO] start reader 
[2022-04-22 22:03:22] [INFO] end get result 16 
[2022-04-22 22:03:22] [INFO] reader get 16 
[2022-04-22 22:03:22] [INFO] start reader 
[2022-04-22 22:03:22] [INFO] start get result 
[2022-04-22 22:03:22] [INFO] end get result 14 
[2022-04-22 22:03:22] [INFO] reader get 14 
[2022-04-22 22:03:22] [INFO] start get result 
[2022-04-22 22:03:22] [INFO] start get result 
[2022-04-22 22:03:22] [INFO] reader get 11 
[2022-04-22 22:03:22] [INFO] start get result 
[2022-04-22 22:03:22] [INFO] start get result 
[2022-04-22 22:03:22] [INFO] end get result 9 
[2022-04-22 22:03:22] [INFO] reader get 9 
[2022-04-22 22:03:22] [INFO] start get result 
[2022-04-22 22:03:22] [INFO] start reader 
[2022-04-22 22:03:22] [INFO] start get result 
[2022-04-22 22:03:22] [INFO] start get result 
[2022-04-22 22:03:22] [INFO] start reader 
[2022-04-22 22:03:22] [INFO] start get result 
[2022-04-22 22:03:22] [INFO] end get result 17 
[2022-04-22 22:03:22] [INFO] reader get 17 
[2022-04-22 22:03:22] [INFO] start get result 
[2022-04-22 22:03:22] [INFO] start get result 
[2022-04-22 22:03:22] [INFO] start get result 
Exception in thread "Thread-64275" java.util.concurrent.TimeoutException
	at serie1.Ex4.BlockingMessageQueueFuture$MyFuture.get(BlockingMessageQueueFuture.kt:222)
	at serie1.ex4.FutureTest$blocking_message_multiple_send_receive$2$thread$1.invoke(BlockingMessageQueueWithFutureTest.kt:179)
	at serie1.ex4.FutureTest$blocking_message_multiple_send_receive$2$thread$1.invoke(BlockingMessageQueueWithFutureTest.kt:169)
	at kotlin.concurrent.ThreadsKt$thread$thread$1.run(Thread.kt:30)
Exception in thread "Thread-64277" java.util.concurrent.TimeoutException
	at serie1.Ex4.BlockingMessageQueueFuture$MyFuture.get(BlockingMessageQueueFuture.kt:222)
	at serie1.ex4.FutureTest$blocking_message_multiple_send_receive$2$thread$1.invoke(BlockingMessageQueueWithFutureTest.kt:179)
	at serie1.ex4.FutureTest$blocking_message_multiple_send_receive$2$thread$1.invoke(BlockingMessageQueueWithFutureTest.kt:169)
	at kotlin.concurrent.ThreadsKt$thread$thread$1.run(Thread.kt:30)
Exception in thread "Thread-64280" java.util.concurrent.TimeoutException
	at serie1.Ex4.BlockingMessageQueueFuture$MyFuture.get(BlockingMessageQueueFuture.kt:222)
	at serie1.ex4.FutureTest$blocking_message_multiple_send_receive$2$thread$1.invoke(BlockingMessageQueueWithFutureTest.kt:179)
	at serie1.ex4.FutureTest$blocking_message_multiple_send_receive$2$thread$1.invoke(BlockingMessageQueueWithFutureTest.kt:169)
	at kotlin.concurrent.ThreadsKt$thread$thread$1.run(Thread.kt:30)
Exception in thread "Thread-64283" java.util.concurrent.TimeoutException
	at serie1.Ex4.BlockingMessageQueueFuture$MyFuture.get(BlockingMessageQueueFuture.kt:222)
	at serie1.ex4.FutureTest$blocking_message_multiple_send_receive$2$thread$1.invoke(BlockingMessageQueueWithFutureTest.kt:179)
	at serie1.ex4.FutureTest$blocking_message_multiple_send_receive$2$thread$1.invoke(BlockingMessageQueueWithFutureTest.kt:169)
	at kotlin.concurrent.ThreadsKt$thread$thread$1.run(Thread.kt:30)
Exception in thread "Thread-64281" java.util.concurrent.TimeoutException
	at serie1.Ex4.BlockingMessageQueueFuture$MyFuture.get(BlockingMessageQueueFuture.kt:222)
	at serie1.ex4.FutureTest$blocking_message_multiple_send_receive$2$thread$1.invoke(BlockingMessageQueueWithFutureTest.kt:179)
	at serie1.ex4.FutureTest$blocking_message_multiple_send_receive$2$thread$1.invoke(BlockingMessageQueueWithFutureTest.kt:169)
	at kotlin.concurrent.ThreadsKt$thread$thread$1.run(Thread.kt:30)
Exception in thread "Thread-64282" java.util.concurrent.TimeoutException
	at serie1.Ex4.BlockingMessageQueueFuture$MyFuture.get(BlockingMessageQueueFuture.kt:222)
	at serie1.ex4.FutureTest$blocking_message_multiple_send_receive$2$thread$1.invoke(BlockingMessageQueueWithFutureTest.kt:179)
	at serie1.ex4.FutureTest$blocking_message_multiple_send_receive$2$thread$1.invoke(BlockingMessageQueueWithFutureTest.kt:169)
	at kotlin.concurrent.ThreadsKt$thread$thread$1.run(Thread.kt:30)
Exception in thread "Thread-64284" java.util.concurrent.TimeoutException
	at serie1.Ex4.BlockingMessageQueueFuture$MyFuture.get(BlockingMessageQueueFuture.kt:222)
	at serie1.ex4.FutureTest$blocking_message_multiple_send_receive$2$thread$1.invoke(BlockingMessageQueueWithFutureTest.kt:179)
	at serie1.ex4.FutureTest$blocking_message_multiple_send_receive$2$thread$1.invoke(BlockingMessageQueueWithFutureTest.kt:169)
	at kotlin.concurrent.ThreadsKt$thread$thread$1.run(Thread.kt:30)
Exception in thread "Thread-64278" java.util.concurrent.TimeoutException
	at serie1.Ex4.BlockingMessageQueueFuture$MyFuture.get(BlockingMessageQueueFuture.kt:222)
	at serie1.ex4.FutureTest$blocking_message_multiple_send_receive$2$thread$1.invoke(BlockingMessageQueueWithFutureTest.kt:179)
	at serie1.ex4.FutureTest$blocking_message_multiple_send_receive$2$thread$1.invoke(BlockingMessageQueueWithFutureTest.kt:169)
	at kotlin.concurrent.ThreadsKt$thread$thread$1.run(Thread.kt:30)
Exception in thread "Thread-64279" java.util.concurrent.TimeoutException
	at serie1.Ex4.BlockingMessageQueueFuture$MyFuture.get(BlockingMessageQueueFuture.kt:222)
	at serie1.ex4.FutureTest$blocking_message_multiple_send_receive$2$thread$1.invoke(BlockingMessageQueueWithFutureTest.kt:179)
	at serie1.ex4.FutureTest$blocking_message_multiple_send_receive$2$thread$1.invoke(BlockingMessageQueueWithFutureTest.kt:169)
	at kotlin.concurrent.ThreadsKt$thread$thread$1.run(Thread.kt:30)
Exception in thread "Thread-64276" java.util.concurrent.TimeoutException
	at serie1.Ex4.BlockingMessageQueueFuture$MyFuture.get(BlockingMessageQueueFuture.kt:222)
	at serie1.ex4.FutureTest$blocking_message_multiple_send_receive$2$thread$1.invoke(BlockingMessageQueueWithFutureTest.kt:179)
	at serie1.ex4.FutureTest$blocking_message_multiple_send_receive$2$thread$1.invoke(BlockingMessageQueueWithFutureTest.kt:169)
	at kotlin.concurrent.ThreadsKt$thread$thread$1.run(Thread.kt:30)
[2022-04-22 22:03:24] [INFO] start writer 
[2022-04-22 22:03:24] [INFO] start writer 
[2022-04-22 22:03:24] [INFO] start writer 
[2022-04-22 22:03:24] [INFO] writer try send [6] 
[2022-04-22 22:03:24] [INFO] start writer 
[2022-04-22 22:03:24] [INFO] start writer 
[2022-04-22 22:03:24] [INFO] writer try send [11, 12, 13] 
[2022-04-22 22:03:24] [INFO] start reader 
[2022-04-22 22:03:24] [INFO] writer try send [1, 2, 3] 
[2022-04-22 22:03:24] [INFO] writer send [1, 2, 3] 
[2022-04-22 22:03:24] [INFO] start writer 
[2022-04-22 22:03:24] [INFO] start reader 
[2022-04-22 22:03:24] [INFO] writer try send [18, 19, 20] 
[2022-04-22 22:03:24] [INFO] writer send [18, 19, 20] 
[2022-04-22 22:03:24] [INFO] start get result 
[2022-04-22 22:03:24] [INFO] start reader 
[2022-04-22 22:03:24] [INFO] writer try send [14, 15, 16, 17] 
[2022-04-22 22:03:24] [INFO] writer send [11, 12, 13] 
[2022-04-22 22:03:24] [INFO] start reader 
[2022-04-22 22:03:24] [INFO] writer try send [7, 8, 9, 10] 
[2022-04-22 22:03:24] [INFO] writer send [6] 
[2022-04-22 22:03:24] [INFO] end writer 
[2022-04-22 22:03:24] [INFO] start get result 
[2022-04-22 22:03:24] [INFO] end get result 12 
[2022-04-22 22:03:24] [INFO] reader get 12 
[2022-04-22 22:03:24] [INFO] writer try send [4, 5] 
[2022-04-22 22:03:24] [INFO] start get result 
[2022-04-22 22:03:24] [INFO] end get result 1 
[2022-04-22 22:03:24] [INFO] writer send [7, 8, 9, 10] 
[2022-04-22 22:03:24] [INFO] end writer 
[2022-04-22 22:03:24] [INFO] start get result 
[2022-04-22 22:03:24] [INFO] end get result 13 
[2022-04-22 22:03:24] [INFO] reader get 13 
[2022-04-22 22:03:24] [INFO] start reader 
[2022-04-22 22:03:24] [INFO] start get result 
[2022-04-22 22:03:24] [INFO] start reader 
[2022-04-22 22:03:24] [INFO] end writer 
[2022-04-22 22:03:24] [INFO] start reader 
[2022-04-22 22:03:24] [INFO] end get result 6 
[2022-04-22 22:03:24] [INFO] start get result 
[2022-04-22 22:03:24] [INFO] start reader 
[2022-04-22 22:03:24] [INFO] end writer 
[2022-04-22 22:03:24] [INFO] start reader 
[2022-04-22 22:03:24] [INFO] start get result 
[2022-04-22 22:03:24] [INFO] start reader 
[2022-04-22 22:03:24] [INFO] start get result 
[2022-04-22 22:03:24] [INFO] end get result 18 
[2022-04-22 22:03:24] [INFO] start get result 
[2022-04-22 22:03:24] [INFO] end get result 20 
[2022-04-22 22:03:24] [INFO] reader get 20 
[2022-04-22 22:03:24] [INFO] end get result 3 
[2022-04-22 22:03:24] [INFO] reader get 3 
[2022-04-22 22:03:24] [INFO] start get result 
[2022-04-22 22:03:24] [INFO] start get result 
[2022-04-22 22:03:24] [INFO] end get result 9 
[2022-04-22 22:03:24] [INFO] writer send [4, 5] 
[2022-04-22 22:03:24] [INFO] end writer 
[2022-04-22 22:03:24] [INFO] reader get 6 
[2022-04-22 22:03:24] [INFO] start get result 
[2022-04-22 22:03:24] [INFO] end get result 4 
[2022-04-22 22:03:24] [INFO] reader get 4 
[2022-04-22 22:03:24] [INFO] start get result 
[2022-04-22 22:03:24] [INFO] end get result 5 
[2022-04-22 22:03:24] [INFO] reader get 5 
[2022-04-22 22:03:24] [INFO] end get result 11 
[2022-04-22 22:03:24] [INFO] reader get 11 
[2022-04-22 22:03:24] [INFO] start get result 
[2022-04-22 22:03:24] [INFO] end get result 15 
[2022-04-22 22:03:24] [INFO] reader get 15 
[2022-04-22 22:03:24] [INFO] start get result 
[2022-04-22 22:03:24] [INFO] end get result 16 
[2022-04-22 22:03:24] [INFO] reader get 16 
[2022-04-22 22:03:24] [INFO] start get result 
[2022-04-22 22:03:24] [INFO] end get result 17 
[2022-04-22 22:03:24] [INFO] start get result 
[2022-04-22 22:03:24] [INFO] end get result 2 
[2022-04-22 22:03:24] [INFO] reader get 2 
[2022-04-22 22:03:24] [INFO] start get result 
[2022-04-22 22:03:24] [INFO] reader get 1 
[2022-04-22 22:03:24] [INFO] start get result 
[2022-04-22 22:03:24] [INFO] reader get 17 
[2022-04-22 22:03:24] [INFO] start get result 
[2022-04-22 22:03:24] [INFO] start get result 
[2022-04-22 22:03:24] [INFO] end get result 14 
[2022-04-22 22:03:24] [INFO] reader get 14 
[2022-04-22 22:03:24] [INFO] start get result 
[2022-04-22 22:03:24] [INFO] reader get 9 
[2022-04-22 22:03:24] [INFO] start get result 
[2022-04-22 22:03:24] [INFO] end get result 10 
[2022-04-22 22:03:24] [INFO] reader get 10 
[2022-04-22 22:03:24] [INFO] start get result 
[2022-04-22 22:03:24] [INFO] start get result 
[2022-04-22 22:03:24] [INFO] end get result 8 
[2022-04-22 22:03:24] [INFO] reader get 8 
[2022-04-22 22:03:24] [INFO] start get result 
[2022-04-22 22:03:24] [INFO] start get result 
[2022-04-22 22:03:24] [INFO] end get result 7 
[2022-04-22 22:03:24] [INFO] reader get 7 
[2022-04-22 22:03:24] [INFO] start get result 
[2022-04-22 22:03:24] [INFO] writer send [14, 15, 16, 17] 
[2022-04-22 22:03:24] [INFO] end writer 
[2022-04-22 22:03:24] [INFO] reader get 18 
[2022-04-22 22:03:24] [INFO] start get result 
[2022-04-22 22:03:24] [INFO] end get result 19 
[2022-04-22 22:03:24] [INFO] reader get 19 
[2022-04-22 22:03:24] [INFO] start get result 
Exception in thread "Thread-64301" java.util.concurrent.TimeoutException
	at serie1.Ex4.BlockingMessageQueueFuture$MyFuture.get(BlockingMessageQueueFuture.kt:222)
	at serie1.ex4.FutureTest$blocking_message_multiple_send_receive$2$thread$1.invoke(BlockingMessageQueueWithFutureTest.kt:179)
	at serie1.ex4.FutureTest$blocking_message_multiple_send_receive$2$thread$1.invoke(BlockingMessageQueueWithFutureTest.kt:169)
	at kotlin.concurrent.ThreadsKt$thread$thread$1.run(Thread.kt:30)
Exception in thread "Thread-64295" java.util.concurrent.TimeoutException
	at serie1.Ex4.BlockingMessageQueueFuture$MyFuture.get(BlockingMessageQueueFuture.kt:222)
	at serie1.ex4.FutureTest$blocking_message_multiple_send_receive$2$thread$1.invoke(BlockingMessageQueueWithFutureTest.kt:179)
	at serie1.ex4.FutureTest$blocking_message_multiple_send_receive$2$thread$1.invoke(BlockingMessageQueueWithFutureTest.kt:169)
	at kotlin.concurrent.ThreadsKt$thread$thread$1.run(Thread.kt:30)
Exception in thread "Thread-64294" java.util.concurrent.TimeoutException
	at serie1.Ex4.BlockingMessageQueueFuture$MyFuture.get(BlockingMessageQueueFuture.kt:222)
	at serie1.ex4.FutureTest$blocking_message_multiple_send_receive$2$thread$1.invoke(BlockingMessageQueueWithFutureTest.kt:179)
	at serie1.ex4.FutureTest$blocking_message_multiple_send_receive$2$thread$1.invoke(BlockingMessageQueueWithFutureTest.kt:169)
	at kotlin.concurrent.ThreadsKt$thread$thread$1.run(Thread.kt:30)
Exception in thread "Thread-64300" java.util.concurrent.TimeoutException
	at serie1.Ex4.BlockingMessageQueueFuture$MyFuture.get(BlockingMessageQueueFuture.kt:222)
	at serie1.ex4.FutureTest$blocking_message_multiple_send_receive$2$thread$1.invoke(BlockingMessageQueueWithFutureTest.kt:179)
	at serie1.ex4.FutureTest$blocking_message_multiple_send_receive$2$thread$1.invoke(BlockingMessageQueueWithFutureTest.kt:169)
	at kotlin.concurrent.ThreadsKt$thread$thread$1.run(Thread.kt:30)
Exception in thread "Thread-64297" java.util.concurrent.TimeoutException
	at serie1.Ex4.BlockingMessageQueueFuture$MyFuture.get(BlockingMessageQueueFuture.kt:222)
	at serie1.ex4.FutureTest$blocking_message_multiple_send_receive$2$thread$1.invoke(BlockingMessageQueueWithFutureTest.kt:179)
	at serie1.ex4.FutureTest$blocking_message_multiple_send_receive$2$thread$1.invoke(BlockingMessageQueueWithFutureTest.kt:169)
	at kotlin.concurrent.ThreadsKt$thread$thread$1.run(Thread.kt:30)
Exception in thread "Thread-64296" java.util.concurrent.TimeoutException
	at serie1.Ex4.BlockingMessageQueueFuture$MyFuture.get(BlockingMessageQueueFuture.kt:222)
	at serie1.ex4.FutureTest$blocking_message_multiple_send_receive$2$thread$1.invoke(BlockingMessageQueueWithFutureTest.kt:179)
	at serie1.ex4.FutureTest$blocking_message_multiple_send_receive$2$thread$1.invoke(BlockingMessageQueueWithFutureTest.kt:169)
	at kotlin.concurrent.ThreadsKt$thread$thread$1.run(Thread.kt:30)
Exception in thread "Thread-64298" java.util.concurrent.TimeoutException
	at serie1.Ex4.BlockingMessageQueueFuture$MyFuture.get(BlockingMessageQueueFuture.kt:222)
	at serie1.ex4.FutureTest$blocking_message_multiple_send_receive$2$thread$1.invoke(BlockingMessageQueueWithFutureTest.kt:179)
	at serie1.ex4.FutureTest$blocking_message_multiple_send_receive$2$thread$1.invoke(BlockingMessageQueueWithFutureTest.kt:169)
	at kotlin.concurrent.ThreadsKt$thread$thread$1.run(Thread.kt:30)
Exception in thread "Thread-64292" java.util.concurrent.TimeoutException
	at serie1.Ex4.BlockingMessageQueueFuture$MyFuture.get(BlockingMessageQueueFuture.kt:222)
	at serie1.ex4.FutureTest$blocking_message_multiple_send_receive$2$thread$1.invoke(BlockingMessageQueueWithFutureTest.kt:179)
	at serie1.ex4.FutureTest$blocking_message_multiple_send_receive$2$thread$1.invoke(BlockingMessageQueueWithFutureTest.kt:169)
	at kotlin.concurrent.ThreadsKt$thread$thread$1.run(Thread.kt:30)
Exception in thread "Thread-64299" java.util.concurrent.TimeoutException
	at serie1.Ex4.BlockingMessageQueueFuture$MyFuture.get(BlockingMessageQueueFuture.kt:222)
	at serie1.ex4.FutureTest$blocking_message_multiple_send_receive$2$thread$1.invoke(BlockingMessageQueueWithFutureTest.kt:179)
	at serie1.ex4.FutureTest$blocking_message_multiple_send_receive$2$thread$1.invoke(BlockingMessageQueueWithFutureTest.kt:169)
	at kotlin.concurrent.ThreadsKt$thread$thread$1.run(Thread.kt:30)
Exception in thread "Thread-64293" java.util.concurrent.TimeoutException
	at serie1.Ex4.BlockingMessageQueueFuture$MyFuture.get(BlockingMessageQueueFuture.kt:222)
	at serie1.ex4.FutureTest$blocking_message_multiple_send_receive$2$thread$1.invoke(BlockingMessageQueueWithFutureTest.kt:179)
	at serie1.ex4.FutureTest$blocking_message_multiple_send_receive$2$thread$1.invoke(BlockingMessageQueueWithFutureTest.kt:169)
	at kotlin.concurrent.ThreadsKt$thread$thread$1.run(Thread.kt:30)
[2022-04-22 22:03:26] [INFO] start writer 
[2022-04-22 22:03:26] [INFO] writer try send [1, 2, 3] 
[2022-04-22 22:03:26] [INFO] writer send [1, 2, 3] 
[2022-04-22 22:03:26] [INFO] start writer 
[2022-04-22 22:03:26] [INFO] writer try send [6] 
[2022-04-22 22:03:26] [INFO] start reader 
[2022-04-22 22:03:26] [INFO] writer try send [4, 5] 
[2022-04-22 22:03:26] [INFO] start writer 
[2022-04-22 22:03:26] [INFO] start writer 
[2022-04-22 22:03:26] [INFO] writer try send [11, 12, 13] 
[2022-04-22 22:03:26] [INFO] start writer 
[2022-04-22 22:03:26] [INFO] writer try send [14, 15, 16, 17] 
[2022-04-22 22:03:26] [INFO] start writer 
[2022-04-22 22:03:26] [INFO] writer try send [18, 19, 20] 
[2022-04-22 22:03:26] [INFO] writer send [6] 
[2022-04-22 22:03:26] [INFO] end writer 
[2022-04-22 22:03:26] [INFO] start get result 
[2022-04-22 22:03:26] [INFO] end get result 1 
[2022-04-22 22:03:26] [INFO] writer send [4, 5] 
[2022-04-22 22:03:26] [INFO] end writer 
[2022-04-22 22:03:26] [INFO] writer try send [7, 8, 9, 10] 
[2022-04-22 22:03:26] [INFO] start reader 
[2022-04-22 22:03:26] [INFO] start writer 
[2022-04-22 22:03:26] [INFO] end writer 
[2022-04-22 22:03:26] [INFO] reader get 1 
[2022-04-22 22:03:26] [INFO] start get result 
[2022-04-22 22:03:26] [INFO] start reader 
[2022-04-22 22:03:26] [INFO] end get result 2 
[2022-04-22 22:03:26] [INFO] reader get 2 
[2022-04-22 22:03:26] [INFO] start get result 
[2022-04-22 22:03:26] [INFO] end get result 3 
[2022-04-22 22:03:26] [INFO] reader get 3 
[2022-04-22 22:03:26] [INFO] writer send [18, 19, 20] 
[2022-04-22 22:03:26] [INFO] start get result 
[2022-04-22 22:03:26] [INFO] end get result 5 
[2022-04-22 22:03:26] [INFO] reader get 5 
[2022-04-22 22:03:26] [INFO] start get result 
[2022-04-22 22:03:26] [INFO] end get result 18 
[2022-04-22 22:03:26] [INFO] start reader 
[2022-04-22 22:03:26] [INFO] start get result 
[2022-04-22 22:03:26] [INFO] end get result 6 
[2022-04-22 22:03:26] [INFO] reader get 6 
[2022-04-22 22:03:26] [INFO] start reader 
[2022-04-22 22:03:26] [INFO] reader get 18 
[2022-04-22 22:03:26] [INFO] start get result 
[2022-04-22 22:03:26] [INFO] end get result 20 
[2022-04-22 22:03:26] [INFO] end writer 
[2022-04-22 22:03:26] [INFO] start get result 
[2022-04-22 22:03:26] [INFO] end get result 7 
[2022-04-22 22:03:26] [INFO] reader get 7 
[2022-04-22 22:03:26] [INFO] start get result 
[2022-04-22 22:03:26] [INFO] writer send [11, 12, 13] 
[2022-04-22 22:03:26] [INFO] end writer 
[2022-04-22 22:03:26] [INFO] start get result 
[2022-04-22 22:03:26] [INFO] end get result 4 
[2022-04-22 22:03:26] [INFO] end get result 8 
[2022-04-22 22:03:26] [INFO] start get result 
[2022-04-22 22:03:26] [INFO] end get result 9 
[2022-04-22 22:03:26] [INFO] reader get 9 
[2022-04-22 22:03:26] [INFO] start get result 
[2022-04-22 22:03:26] [INFO] end get result 10 
[2022-04-22 22:03:26] [INFO] reader get 20 
[2022-04-22 22:03:26] [INFO] start get result 
[2022-04-22 22:03:26] [INFO] end get result 11 
[2022-04-22 22:03:26] [INFO] reader get 11 
[2022-04-22 22:03:26] [INFO] start reader 
[2022-04-22 22:03:26] [INFO] writer send [7, 8, 9, 10] 
[2022-04-22 22:03:26] [INFO] end writer 
[2022-04-22 22:03:26] [INFO] start get result 
[2022-04-22 22:03:26] [INFO] end get result 19 
[2022-04-22 22:03:26] [INFO] reader get 19 
[2022-04-22 22:03:26] [INFO] start get result 
[2022-04-22 22:03:26] [INFO] end get result 13 
[2022-04-22 22:03:26] [INFO] reader get 13 
[2022-04-22 22:03:26] [INFO] start get result 
[2022-04-22 22:03:26] [INFO] start reader 
[2022-04-22 22:03:26] [INFO] writer send [14, 15, 16, 17] 
[2022-04-22 22:03:26] [INFO] end writer 
[2022-04-22 22:03:26] [INFO] start get result 
[2022-04-22 22:03:26] [INFO] end get result 12 
[2022-04-22 22:03:26] [INFO] reader get 10 
[2022-04-22 22:03:26] [INFO] start get result 
[2022-04-22 22:03:26] [INFO] end get result 16 
[2022-04-22 22:03:26] [INFO] reader get 16 
[2022-04-22 22:03:26] [INFO] start get result 
[2022-04-22 22:03:26] [INFO] reader get 8 
[2022-04-22 22:03:26] [INFO] start get result 
[2022-04-22 22:03:26] [INFO] reader get 4 
[2022-04-22 22:03:26] [INFO] start get result 
[2022-04-22 22:03:26] [INFO] start get result 
[2022-04-22 22:03:26] [INFO] end get result 17 
[2022-04-22 22:03:26] [INFO] reader get 17 
[2022-04-22 22:03:26] [INFO] reader get 12 
[2022-04-22 22:03:26] [INFO] start get result 
[2022-04-22 22:03:26] [INFO] start reader 
[2022-04-22 22:03:26] [INFO] start get result 
[2022-04-22 22:03:26] [INFO] end get result 15 
[2022-04-22 22:03:26] [INFO] reader get 15 
[2022-04-22 22:03:26] [INFO] start get result 
[2022-04-22 22:03:26] [INFO] end get result 14 
[2022-04-22 22:03:26] [INFO] reader get 14 
[2022-04-22 22:03:26] [INFO] start get result 
[2022-04-22 22:03:26] [INFO] start reader 
[2022-04-22 22:03:26] [INFO] start get result 
[2022-04-22 22:03:26] [INFO] start get result 
[2022-04-22 22:03:26] [INFO] start reader 
[2022-04-22 22:03:26] [INFO] start get result 
[2022-04-22 22:03:26] [INFO] start get result 
Exception in thread "Thread-64310" java.util.concurrent.TimeoutException
	at serie1.Ex4.BlockingMessageQueueFuture$MyFuture.get(BlockingMessageQueueFuture.kt:222)
	at serie1.ex4.FutureTest$blocking_message_multiple_send_receive$2$thread$1.invoke(BlockingMessageQueueWithFutureTest.kt:179)
	at serie1.ex4.FutureTest$blocking_message_multiple_send_receive$2$thread$1.invoke(BlockingMessageQueueWithFutureTest.kt:169)
	at kotlin.concurrent.ThreadsKt$thread$thread$1.run(Thread.kt:30)
Exception in thread "Thread-64318" java.util.concurrent.TimeoutException
	at serie1.Ex4.BlockingMessageQueueFuture$MyFuture.get(BlockingMessageQueueFuture.kt:222)
	at serie1.ex4.FutureTest$blocking_message_multiple_send_receive$2$thread$1.invoke(BlockingMessageQueueWithFutureTest.kt:179)
	at serie1.ex4.FutureTest$blocking_message_multiple_send_receive$2$thread$1.invoke(BlockingMessageQueueWithFutureTest.kt:169)
	at kotlin.concurrent.ThreadsKt$thread$thread$1.run(Thread.kt:30)
Exception in thread "Thread-64314" java.util.concurrent.TimeoutException
	at serie1.Ex4.BlockingMessageQueueFuture$MyFuture.get(BlockingMessageQueueFuture.kt:222)
	at serie1.ex4.FutureTest$blocking_message_multiple_send_receive$2$thread$1.invoke(BlockingMessageQueueWithFutureTest.kt:179)
	at serie1.ex4.FutureTest$blocking_message_multiple_send_receive$2$thread$1.invoke(BlockingMessageQueueWithFutureTest.kt:169)
	at kotlin.concurrent.ThreadsKt$thread$thread$1.run(Thread.kt:30)
Exception in thread "Thread-64313" java.util.concurrent.TimeoutException
	at serie1.Ex4.BlockingMessageQueueFuture$MyFuture.get(BlockingMessageQueueFuture.kt:222)
	at serie1.ex4.FutureTest$blocking_message_multiple_send_receive$2$thread$1.invoke(BlockingMessageQueueWithFutureTest.kt:179)
	at serie1.ex4.FutureTest$blocking_message_multiple_send_receive$2$thread$1.invoke(BlockingMessageQueueWithFutureTest.kt:169)
	at kotlin.concurrent.ThreadsKt$thread$thread$1.run(Thread.kt:30)
Exception in thread "Thread-64315" java.util.concurrent.TimeoutException
	at serie1.Ex4.BlockingMessageQueueFuture$MyFuture.get(BlockingMessageQueueFuture.kt:222)
	at serie1.ex4.FutureTest$blocking_message_multiple_send_receive$2$thread$1.invoke(BlockingMessageQueueWithFutureTest.kt:179)
	at serie1.ex4.FutureTest$blocking_message_multiple_send_receive$2$thread$1.invoke(BlockingMessageQueueWithFutureTest.kt:169)
	at kotlin.concurrent.ThreadsKt$thread$thread$1.run(Thread.kt:30)
Exception in thread "Thread-64316" java.util.concurrent.TimeoutException
	at serie1.Ex4.BlockingMessageQueueFuture$MyFuture.get(BlockingMessageQueueFuture.kt:222)
	at serie1.ex4.FutureTest$blocking_message_multiple_send_receive$2$thread$1.invoke(BlockingMessageQueueWithFutureTest.kt:179)
	at serie1.ex4.FutureTest$blocking_message_multiple_send_receive$2$thread$1.invoke(BlockingMessageQueueWithFutureTest.kt:169)
	at kotlin.concurrent.ThreadsKt$thread$thread$1.run(Thread.kt:30)
Exception in thread "Thread-64312" java.util.concurrent.TimeoutException
	at serie1.Ex4.BlockingMessageQueueFuture$MyFuture.get(BlockingMessageQueueFuture.kt:222)
	at serie1.ex4.FutureTest$blocking_message_multiple_send_receive$2$thread$1.invoke(BlockingMessageQueueWithFutureTest.kt:179)
	at serie1.ex4.FutureTest$blocking_message_multiple_send_receive$2$thread$1.invoke(BlockingMessageQueueWithFutureTest.kt:169)
	at kotlin.concurrent.ThreadsKt$thread$thread$1.run(Thread.kt:30)
Exception in thread "Thread-64317" java.util.concurrent.TimeoutException
	at serie1.Ex4.BlockingMessageQueueFuture$MyFuture.get(BlockingMessageQueueFuture.kt:222)
	at serie1.ex4.FutureTest$blocking_message_multiple_send_receive$2$thread$1.invoke(BlockingMessageQueueWithFutureTest.kt:179)
	at serie1.ex4.FutureTest$blocking_message_multiple_send_receive$2$thread$1.invoke(BlockingMessageQueueWithFutureTest.kt:169)
	at kotlin.concurrent.ThreadsKt$thread$thread$1.run(Thread.kt:30)
Exception in thread "Thread-64311" java.util.concurrent.TimeoutException
	at serie1.Ex4.BlockingMessageQueueFuture$MyFuture.get(BlockingMessageQueueFuture.kt:222)
	at serie1.ex4.FutureTest$blocking_message_multiple_send_receive$2$thread$1.invoke(BlockingMessageQueueWithFutureTest.kt:179)
	at serie1.ex4.FutureTest$blocking_message_multiple_send_receive$2$thread$1.invoke(BlockingMessageQueueWithFutureTest.kt:169)
	at kotlin.concurrent.ThreadsKt$thread$thread$1.run(Thread.kt:30)
Exception in thread "Thread-64319" java.util.concurrent.TimeoutException
	at serie1.Ex4.BlockingMessageQueueFuture$MyFuture.get(BlockingMessageQueueFuture.kt:222)
	at serie1.ex4.FutureTest$blocking_message_multiple_send_receive$2$thread$1.invoke(BlockingMessageQueueWithFutureTest.kt:179)
	at serie1.ex4.FutureTest$blocking_message_multiple_send_receive$2$thread$1.invoke(BlockingMessageQueueWithFutureTest.kt:169)
	at kotlin.concurrent.ThreadsKt$thread$thread$1.run(Thread.kt:30)
[2022-04-22 22:03:28] [INFO] start writer 
[2022-04-22 22:03:28] [INFO] writer try send [1, 2, 3] 
[2022-04-22 22:03:28] [INFO] writer send [1, 2, 3] 
[2022-04-22 22:03:28] [INFO] writer try send [4, 5] 
[2022-04-22 22:03:28] [INFO] start reader 
[2022-04-22 22:03:28] [INFO] start writer 
[2022-04-22 22:03:28] [INFO] start reader 
[2022-04-22 22:03:28] [INFO] start writer 
[2022-04-22 22:03:28] [INFO] start writer 
[2022-04-22 22:03:28] [INFO] start writer 
[2022-04-22 22:03:28] [INFO] start get result 
[2022-04-22 22:03:28] [INFO] end get result 1 
[2022-04-22 22:03:28] [INFO] writer send [4, 5] 
[2022-04-22 22:03:28] [INFO] start get result 
[2022-04-22 22:03:28] [INFO] end get result 2 
[2022-04-22 22:03:28] [INFO] reader get 2 
[2022-04-22 22:03:28] [INFO] start get result 
[2022-04-22 22:03:28] [INFO] end get result 3 
[2022-04-22 22:03:28] [INFO] reader get 3 
[2022-04-22 22:03:28] [INFO] start get result 
[2022-04-22 22:03:28] [INFO] end get result 4 
[2022-04-22 22:03:28] [INFO] reader get 4 
[2022-04-22 22:03:28] [INFO] start get result 
[2022-04-22 22:03:28] [INFO] start writer 
[2022-04-22 22:03:28] [INFO] end writer 
[2022-04-22 22:03:28] [INFO] end get result 5 
[2022-04-22 22:03:28] [INFO] reader get 5 
[2022-04-22 22:03:28] [INFO] start get result 
[2022-04-22 22:03:28] [INFO] writer try send [18, 19, 20] 
[2022-04-22 22:03:28] [INFO] reader get 1 
[2022-04-22 22:03:28] [INFO] writer send [18, 19, 20] 
[2022-04-22 22:03:28] [INFO] end writer 
[2022-04-22 22:03:28] [INFO] end get result 18 
[2022-04-22 22:03:28] [INFO] reader get 18 
[2022-04-22 22:03:28] [INFO] writer try send [14, 15, 16, 17] 
[2022-04-22 22:03:28] [INFO] writer send [14, 15, 16, 17] 
[2022-04-22 22:03:28] [INFO] end writer 
[2022-04-22 22:03:28] [INFO] writer try send [11, 12, 13] 
[2022-04-22 22:03:28] [INFO] writer try send [7, 8, 9, 10] 
[2022-04-22 22:03:28] [INFO] start reader 
[2022-04-22 22:03:28] [INFO] writer try send [6] 
[2022-04-22 22:03:28] [INFO] writer send [6] 
[2022-04-22 22:03:28] [INFO] end writer 
[2022-04-22 22:03:28] [INFO] start reader 
[2022-04-22 22:03:28] [INFO] start writer 
[2022-04-22 22:03:28] [INFO] end writer 
[2022-04-22 22:03:28] [INFO] start get result 
[2022-04-22 22:03:28] [INFO] end get result 20 
[2022-04-22 22:03:28] [INFO] reader get 20 
[2022-04-22 22:03:28] [INFO] start get result 
[2022-04-22 22:03:28] [INFO] end get result 15 
[2022-04-22 22:03:28] [INFO] start get result 
[2022-04-22 22:03:28] [INFO] end get result 19 
[2022-04-22 22:03:28] [INFO] reader get 19 
[2022-04-22 22:03:28] [INFO] start get result 
[2022-04-22 22:03:28] [INFO] writer send [11, 12, 13] 
[2022-04-22 22:03:28] [INFO] end writer 
[2022-04-22 22:03:28] [INFO] reader get 15 
[2022-04-22 22:03:28] [INFO] start get result 
[2022-04-22 22:03:28] [INFO] end get result 6 
[2022-04-22 22:03:28] [INFO] reader get 6 
[2022-04-22 22:03:28] [INFO] start get result 
[2022-04-22 22:03:28] [INFO] start get result 
[2022-04-22 22:03:28] [INFO] end get result 14 
[2022-04-22 22:03:28] [INFO] reader get 14 
[2022-04-22 22:03:28] [INFO] start get result 
[2022-04-22 22:03:28] [INFO] end get result 12 
[2022-04-22 22:03:28] [INFO] reader get 12 
[2022-04-22 22:03:28] [INFO] start reader 
[2022-04-22 22:03:28] [INFO] start get result 
[2022-04-22 22:03:28] [INFO] end get result 13 
[2022-04-22 22:03:28] [INFO] reader get 13 
[2022-04-22 22:03:28] [INFO] writer send [7, 8, 9, 10] 
[2022-04-22 22:03:28] [INFO] end writer 
[2022-04-22 22:03:28] [INFO] end get result 11 
[2022-04-22 22:03:28] [INFO] reader get 11 
[2022-04-22 22:03:28] [INFO] start get result 
[2022-04-22 22:03:28] [INFO] end get result 8 
[2022-04-22 22:03:28] [INFO] reader get 8 
[2022-04-22 22:03:28] [INFO] start get result 
[2022-04-22 22:03:28] [INFO] end get result 10 
[2022-04-22 22:03:28] [INFO] end get result 16 
[2022-04-22 22:03:28] [INFO] reader get 16 
[2022-04-22 22:03:28] [INFO] start get result 
[2022-04-22 22:03:28] [INFO] reader get 10 
[2022-04-22 22:03:28] [INFO] start get result 
[2022-04-22 22:03:28] [INFO] start get result 
[2022-04-22 22:03:28] [INFO] end get result 17 
[2022-04-22 22:03:28] [INFO] reader get 17 
[2022-04-22 22:03:28] [INFO] start get result 
[2022-04-22 22:03:28] [INFO] end get result 9 
[2022-04-22 22:03:28] [INFO] reader get 9 
[2022-04-22 22:03:28] [INFO] start get result 
[2022-04-22 22:03:28] [INFO] start get result 
[2022-04-22 22:03:28] [INFO] end get result 7 
[2022-04-22 22:03:28] [INFO] reader get 7 
[2022-04-22 22:03:28] [INFO] start get result 
[2022-04-22 22:03:28] [INFO] start reader 
[2022-04-22 22:03:28] [INFO] start get result 
[2022-04-22 22:03:28] [INFO] start reader 
[2022-04-22 22:03:28] [INFO] start reader 
[2022-04-22 22:03:28] [INFO] start reader 
[2022-04-22 22:03:28] [INFO] start get result 
[2022-04-22 22:03:28] [INFO] start reader 
[2022-04-22 22:03:28] [INFO] start get result 
[2022-04-22 22:03:28] [INFO] start get result 
[2022-04-22 22:03:28] [INFO] start get result 
[2022-04-22 22:03:28] [INFO] start get result 
Exception in thread "Thread-64332" java.util.concurrent.TimeoutException
	at serie1.Ex4.BlockingMessageQueueFuture$MyFuture.get(BlockingMessageQueueFuture.kt:222)
	at serie1.ex4.FutureTest$blocking_message_multiple_send_receive$2$thread$1.invoke(BlockingMessageQueueWithFutureTest.kt:179)
	at serie1.ex4.FutureTest$blocking_message_multiple_send_receive$2$thread$1.invoke(BlockingMessageQueueWithFutureTest.kt:169)
	at kotlin.concurrent.ThreadsKt$thread$thread$1.run(Thread.kt:30)
Exception in thread "Thread-64331" java.util.concurrent.TimeoutException
	at serie1.Ex4.BlockingMessageQueueFuture$MyFuture.get(BlockingMessageQueueFuture.kt:222)
	at serie1.ex4.FutureTest$blocking_message_multiple_send_receive$2$thread$1.invoke(BlockingMessageQueueWithFutureTest.kt:179)
	at serie1.ex4.FutureTest$blocking_message_multiple_send_receive$2$thread$1.invoke(BlockingMessageQueueWithFutureTest.kt:169)
	at kotlin.concurrent.ThreadsKt$thread$thread$1.run(Thread.kt:30)
Exception in thread "Thread-64333" java.util.concurrent.TimeoutException
	at serie1.Ex4.BlockingMessageQueueFuture$MyFuture.get(BlockingMessageQueueFuture.kt:222)
	at serie1.ex4.FutureTest$blocking_message_multiple_send_receive$2$thread$1.invoke(BlockingMessageQueueWithFutureTest.kt:179)
	at serie1.ex4.FutureTest$blocking_message_multiple_send_receive$2$thread$1.invoke(BlockingMessageQueueWithFutureTest.kt:169)
	at kotlin.concurrent.ThreadsKt$thread$thread$1.run(Thread.kt:30)
Exception in thread "Thread-64337" java.util.concurrent.TimeoutException
	at serie1.Ex4.BlockingMessageQueueFuture$MyFuture.get(BlockingMessageQueueFuture.kt:222)
	at serie1.ex4.FutureTest$blocking_message_multiple_send_receive$2$thread$1.invoke(BlockingMessageQueueWithFutureTest.kt:179)
	at serie1.ex4.FutureTest$blocking_message_multiple_send_receive$2$thread$1.invoke(BlockingMessageQueueWithFutureTest.kt:169)
	at kotlin.concurrent.ThreadsKt$thread$thread$1.run(Thread.kt:30)
Exception in thread "Thread-64334" java.util.concurrent.TimeoutException
	at serie1.Ex4.BlockingMessageQueueFuture$MyFuture.get(BlockingMessageQueueFuture.kt:222)
	at serie1.ex4.FutureTest$blocking_message_multiple_send_receive$2$thread$1.invoke(BlockingMessageQueueWithFutureTest.kt:179)
	at serie1.ex4.FutureTest$blocking_message_multiple_send_receive$2$thread$1.invoke(BlockingMessageQueueWithFutureTest.kt:169)
	at kotlin.concurrent.ThreadsKt$thread$thread$1.run(Thread.kt:30)
Exception in thread "Thread-64335" java.util.concurrent.TimeoutException
	at serie1.Ex4.BlockingMessageQueueFuture$MyFuture.get(BlockingMessageQueueFuture.kt:222)
	at serie1.ex4.FutureTest$blocking_message_multiple_send_receive$2$thread$1.invoke(BlockingMessageQueueWithFutureTest.kt:179)
	at serie1.ex4.FutureTest$blocking_message_multiple_send_receive$2$thread$1.invoke(BlockingMessageQueueWithFutureTest.kt:169)
	at kotlin.concurrent.ThreadsKt$thread$thread$1.run(Thread.kt:30)
Exception in thread "Thread-64330" java.util.concurrent.TimeoutException
	at serie1.Ex4.BlockingMessageQueueFuture$MyFuture.get(BlockingMessageQueueFuture.kt:222)
	at serie1.ex4.FutureTest$blocking_message_multiple_send_receive$2$thread$1.invoke(BlockingMessageQueueWithFutureTest.kt:179)
	at serie1.ex4.FutureTest$blocking_message_multiple_send_receive$2$thread$1.invoke(BlockingMessageQueueWithFutureTest.kt:169)
	at kotlin.concurrent.ThreadsKt$thread$thread$1.run(Thread.kt:30)
Exception in thread "Thread-64328" java.util.concurrent.TimeoutException
	at serie1.Ex4.BlockingMessageQueueFuture$MyFuture.get(BlockingMessageQueueFuture.kt:222)
	at serie1.ex4.FutureTest$blocking_message_multiple_send_receive$2$thread$1.invoke(BlockingMessageQueueWithFutureTest.kt:179)
	at serie1.ex4.FutureTest$blocking_message_multiple_send_receive$2$thread$1.invoke(BlockingMessageQueueWithFutureTest.kt:169)
	at kotlin.concurrent.ThreadsKt$thread$thread$1.run(Thread.kt:30)
Exception in thread "Thread-64336" java.util.concurrent.TimeoutException
	at serie1.Ex4.BlockingMessageQueueFuture$MyFuture.get(BlockingMessageQueueFuture.kt:222)
	at serie1.ex4.FutureTest$blocking_message_multiple_send_receive$2$thread$1.invoke(BlockingMessageQueueWithFutureTest.kt:179)
	at serie1.ex4.FutureTest$blocking_message_multiple_send_receive$2$thread$1.invoke(BlockingMessageQueueWithFutureTest.kt:169)
	at kotlin.concurrent.ThreadsKt$thread$thread$1.run(Thread.kt:30)
Exception in thread "Thread-64329" java.util.concurrent.TimeoutException
	at serie1.Ex4.BlockingMessageQueueFuture$MyFuture.get(BlockingMessageQueueFuture.kt:222)
	at serie1.ex4.FutureTest$blocking_message_multiple_send_receive$2$thread$1.invoke(BlockingMessageQueueWithFutureTest.kt:179)
	at serie1.ex4.FutureTest$blocking_message_multiple_send_receive$2$thread$1.invoke(BlockingMessageQueueWithFutureTest.kt:169)
	at kotlin.concurrent.ThreadsKt$thread$thread$1.run(Thread.kt:30)
[2022-04-22 22:03:30] [INFO] start writer 
[2022-04-22 22:03:30] [INFO] writer try send [1, 2, 3] 
[2022-04-22 22:03:30] [INFO] start writer 
[2022-04-22 22:03:30] [INFO] writer try send [4, 5] 
[2022-04-22 22:03:30] [INFO] writer send [4, 5] 
[2022-04-22 22:03:30] [INFO] start reader 
[2022-04-22 22:03:30] [INFO] writer send [1, 2, 3] 
[2022-04-22 22:03:30] [INFO] start writer 
[2022-04-22 22:03:30] [INFO] start reader 
[2022-04-22 22:03:30] [INFO] start writer 
[2022-04-22 22:03:30] [INFO] writer try send [14, 15, 16, 17] 
[2022-04-22 22:03:30] [INFO] start reader 
[2022-04-22 22:03:30] [INFO] start writer 
[2022-04-22 22:03:30] [INFO] writer try send [18, 19, 20] 
[2022-04-22 22:03:30] [INFO] writer try send [11, 12, 13] 
[2022-04-22 22:03:30] [INFO] writer try send [7, 8, 9, 10] 
[2022-04-22 22:03:30] [INFO] start writer 
[2022-04-22 22:03:30] [INFO] start get result 
[2022-04-22 22:03:30] [INFO] end get result 3 
[2022-04-22 22:03:30] [INFO] reader get 3 
[2022-04-22 22:03:30] [INFO] writer try send [6] 
[2022-04-22 22:03:30] [INFO] writer send [6] 
[2022-04-22 22:03:30] [INFO] end writer 
[2022-04-22 22:03:30] [INFO] start writer 
[2022-04-22 22:03:30] [INFO] end writer 
[2022-04-22 22:03:30] [INFO] start get result 
[2022-04-22 22:03:30] [INFO] end get result 4 
[2022-04-22 22:03:30] [INFO] reader get 4 
[2022-04-22 22:03:30] [INFO] start get result 
[2022-04-22 22:03:30] [INFO] end writer 
[2022-04-22 22:03:30] [INFO] start reader 
[2022-04-22 22:03:30] [INFO] start get result 
[2022-04-22 22:03:30] [INFO] end get result 2 
[2022-04-22 22:03:30] [INFO] reader get 2 
[2022-04-22 22:03:30] [INFO] start get result 
[2022-04-22 22:03:30] [INFO] writer send [14, 15, 16, 17] 
[2022-04-22 22:03:30] [INFO] end writer 
[2022-04-22 22:03:30] [INFO] writer send [18, 19, 20] 
[2022-04-22 22:03:30] [INFO] end writer 
[2022-04-22 22:03:30] [INFO] start get result 
[2022-04-22 22:03:30] [INFO] end get result 1 
[2022-04-22 22:03:30] [INFO] start get result 
[2022-04-22 22:03:30] [INFO] end get result 18 
[2022-04-22 22:03:30] [INFO] reader get 18 
[2022-04-22 22:03:30] [INFO] start get result 
[2022-04-22 22:03:30] [INFO] end get result 20 
[2022-04-22 22:03:30] [INFO] reader get 20 
[2022-04-22 22:03:30] [INFO] start get result 
[2022-04-22 22:03:30] [INFO] end get result 6 
[2022-04-22 22:03:30] [INFO] reader get 6 
[2022-04-22 22:03:30] [INFO] start get result 
[2022-04-22 22:03:30] [INFO] end get result 14 
[2022-04-22 22:03:30] [INFO] reader get 14 
[2022-04-22 22:03:30] [INFO] start reader 
[2022-04-22 22:03:30] [INFO] end get result 5 
[2022-04-22 22:03:30] [INFO] reader get 5 
[2022-04-22 22:03:30] [INFO] start reader 
[2022-04-22 22:03:30] [INFO] start get result 
[2022-04-22 22:03:30] [INFO] end get result 15 
[2022-04-22 22:03:30] [INFO] start reader 
[2022-04-22 22:03:30] [INFO] start get result 
[2022-04-22 22:03:30] [INFO] start reader 
[2022-04-22 22:03:30] [INFO] start get result 
[2022-04-22 22:03:30] [INFO] end get result 11 
[2022-04-22 22:03:30] [INFO] start reader 
[2022-04-22 22:03:30] [INFO] writer send [11, 12, 13] 
[2022-04-22 22:03:30] [INFO] end writer 
[2022-04-22 22:03:30] [INFO] start reader 
[2022-04-22 22:03:30] [INFO] end get result 19 
[2022-04-22 22:03:30] [INFO] start get result 
[2022-04-22 22:03:30] [INFO] end get result 13 
[2022-04-22 22:03:30] [INFO] reader get 13 
[2022-04-22 22:03:30] [INFO] start get result 
[2022-04-22 22:03:30] [INFO] end get result 7 
[2022-04-22 22:03:30] [INFO] reader get 7 
[2022-04-22 22:03:30] [INFO] start get result 
[2022-04-22 22:03:30] [INFO] end get result 10 
[2022-04-22 22:03:30] [INFO] reader get 10 
[2022-04-22 22:03:30] [INFO] reader get 1 
[2022-04-22 22:03:30] [INFO] start get result 
[2022-04-22 22:03:30] [INFO] start get result 
[2022-04-22 22:03:30] [INFO] start get result 
[2022-04-22 22:03:30] [INFO] end get result 9 
[2022-04-22 22:03:30] [INFO] reader get 9 
[2022-04-22 22:03:30] [INFO] start get result 
[2022-04-22 22:03:30] [INFO] end get result 8 
[2022-04-22 22:03:30] [INFO] reader get 8 
[2022-04-22 22:03:30] [INFO] start get result 
[2022-04-22 22:03:30] [INFO] reader get 19 
[2022-04-22 22:03:30] [INFO] start get result 
[2022-04-22 22:03:30] [INFO] start get result 
[2022-04-22 22:03:30] [INFO] end get result 12 
[2022-04-22 22:03:30] [INFO] reader get 12 
[2022-04-22 22:03:30] [INFO] reader get 11 
[2022-04-22 22:03:30] [INFO] start get result 
[2022-04-22 22:03:30] [INFO] end get result 17 
[2022-04-22 22:03:30] [INFO] reader get 17 
[2022-04-22 22:03:30] [INFO] start get result 
[2022-04-22 22:03:30] [INFO] writer send [7, 8, 9, 10] 
[2022-04-22 22:03:30] [INFO] end writer 
[2022-04-22 22:03:30] [INFO] reader get 15 
[2022-04-22 22:03:30] [INFO] start get result 
[2022-04-22 22:03:30] [INFO] start get result 
[2022-04-22 22:03:30] [INFO] end get result 16 
[2022-04-22 22:03:30] [INFO] reader get 16 
[2022-04-22 22:03:30] [INFO] start get result 
[2022-04-22 22:03:30] [INFO] start get result 
[2022-04-22 22:03:30] [INFO] start get result 
Exception in thread "Thread-64349" java.util.concurrent.TimeoutException
	at serie1.Ex4.BlockingMessageQueueFuture$MyFuture.get(BlockingMessageQueueFuture.kt:222)
	at serie1.ex4.FutureTest$blocking_message_multiple_send_receive$2$thread$1.invoke(BlockingMessageQueueWithFutureTest.kt:179)
	at serie1.ex4.FutureTest$blocking_message_multiple_send_receive$2$thread$1.invoke(BlockingMessageQueueWithFutureTest.kt:169)
	at kotlin.concurrent.ThreadsKt$thread$thread$1.run(Thread.kt:30)
Exception in thread "Thread-64353" java.util.concurrent.TimeoutException
	at serie1.Ex4.BlockingMessageQueueFuture$MyFuture.get(BlockingMessageQueueFuture.kt:222)
	at serie1.ex4.FutureTest$blocking_message_multiple_send_receive$2$thread$1.invoke(BlockingMessageQueueWithFutureTest.kt:179)
	at serie1.ex4.FutureTest$blocking_message_multiple_send_receive$2$thread$1.invoke(BlockingMessageQueueWithFutureTest.kt:169)
	at kotlin.concurrent.ThreadsKt$thread$thread$1.run(Thread.kt:30)
Exception in thread "Thread-64354" java.util.concurrent.TimeoutException
	at serie1.Ex4.BlockingMessageQueueFuture$MyFuture.get(BlockingMessageQueueFuture.kt:222)
	at serie1.ex4.FutureTest$blocking_message_multiple_send_receive$2$thread$1.invoke(BlockingMessageQueueWithFutureTest.kt:179)
	at serie1.ex4.FutureTest$blocking_message_multiple_send_receive$2$thread$1.invoke(BlockingMessageQueueWithFutureTest.kt:169)
	at kotlin.concurrent.ThreadsKt$thread$thread$1.run(Thread.kt:30)
Exception in thread "Thread-64346" java.util.concurrent.TimeoutException
	at serie1.Ex4.BlockingMessageQueueFuture$MyFuture.get(BlockingMessageQueueFuture.kt:222)
	at serie1.ex4.FutureTest$blocking_message_multiple_send_receive$2$thread$1.invoke(BlockingMessageQueueWithFutureTest.kt:179)
	at serie1.ex4.FutureTest$blocking_message_multiple_send_receive$2$thread$1.invoke(BlockingMessageQueueWithFutureTest.kt:169)
	at kotlin.concurrent.ThreadsKt$thread$thread$1.run(Thread.kt:30)
Exception in thread "Thread-64351" java.util.concurrent.TimeoutException
	at serie1.Ex4.BlockingMessageQueueFuture$MyFuture.get(BlockingMessageQueueFuture.kt:222)
	at serie1.ex4.FutureTest$blocking_message_multiple_send_receive$2$thread$1.invoke(BlockingMessageQueueWithFutureTest.kt:179)
	at serie1.ex4.FutureTest$blocking_message_multiple_send_receive$2$thread$1.invoke(BlockingMessageQueueWithFutureTest.kt:169)
	at kotlin.concurrent.ThreadsKt$thread$thread$1.run(Thread.kt:30)
Exception in thread "Thread-64347" java.util.concurrent.TimeoutException
	at serie1.Ex4.BlockingMessageQueueFuture$MyFuture.get(BlockingMessageQueueFuture.kt:222)
	at serie1.ex4.FutureTest$blocking_message_multiple_send_receive$2$thread$1.invoke(BlockingMessageQueueWithFutureTest.kt:179)
	at serie1.ex4.FutureTest$blocking_message_multiple_send_receive$2$thread$1.invoke(BlockingMessageQueueWithFutureTest.kt:169)
	at kotlin.concurrent.ThreadsKt$thread$thread$1.run(Thread.kt:30)
Exception in thread "Thread-64348" java.util.concurrent.TimeoutException
	at serie1.Ex4.BlockingMessageQueueFuture$MyFuture.get(BlockingMessageQueueFuture.kt:222)
	at serie1.ex4.FutureTest$blocking_message_multiple_send_receive$2$thread$1.invoke(BlockingMessageQueueWithFutureTest.kt:179)
	at serie1.ex4.FutureTest$blocking_message_multiple_send_receive$2$thread$1.invoke(BlockingMessageQueueWithFutureTest.kt:169)
	at kotlin.concurrent.ThreadsKt$thread$thread$1.run(Thread.kt:30)
Exception in thread "Thread-64350" java.util.concurrent.TimeoutException
	at serie1.Ex4.BlockingMessageQueueFuture$MyFuture.get(BlockingMessageQueueFuture.kt:222)
	at serie1.ex4.FutureTest$blocking_message_multiple_send_receive$2$thread$1.invoke(BlockingMessageQueueWithFutureTest.kt:179)
	at serie1.ex4.FutureTest$blocking_message_multiple_send_receive$2$thread$1.invoke(BlockingMessageQueueWithFutureTest.kt:169)
	at kotlin.concurrent.ThreadsKt$thread$thread$1.run(Thread.kt:30)
Exception in thread "Thread-64352" java.util.concurrent.TimeoutException
	at serie1.Ex4.BlockingMessageQueueFuture$MyFuture.get(BlockingMessageQueueFuture.kt:222)
	at serie1.ex4.FutureTest$blocking_message_multiple_send_receive$2$thread$1.invoke(BlockingMessageQueueWithFutureTest.kt:179)
	at serie1.ex4.FutureTest$blocking_message_multiple_send_receive$2$thread$1.invoke(BlockingMessageQueueWithFutureTest.kt:169)
	at kotlin.concurrent.ThreadsKt$thread$thread$1.run(Thread.kt:30)
Exception in thread "Thread-64355" java.util.concurrent.TimeoutException
	at serie1.Ex4.BlockingMessageQueueFuture$MyFuture.get(BlockingMessageQueueFuture.kt:222)
	at serie1.ex4.FutureTest$blocking_message_multiple_send_receive$2$thread$1.invoke(BlockingMessageQueueWithFutureTest.kt:179)
	at serie1.ex4.FutureTest$blocking_message_multiple_send_receive$2$thread$1.invoke(BlockingMessageQueueWithFutureTest.kt:169)
	at kotlin.concurrent.ThreadsKt$thread$thread$1.run(Thread.kt:30)
[2022-04-22 22:03:32] [INFO] start writer 
[2022-04-22 22:03:32] [INFO] start writer 
[2022-04-22 22:03:32] [INFO] writer try send [4, 5] 
[2022-04-22 22:03:32] [INFO] writer send [4, 5] 
[2022-04-22 22:03:32] [INFO] start writer 
[2022-04-22 22:03:32] [INFO] start writer 
[2022-04-22 22:03:32] [INFO] start writer 
[2022-04-22 22:03:32] [INFO] writer try send [11, 12, 13] 
[2022-04-22 22:03:32] [INFO] writer send [11, 12, 13] 
[2022-04-22 22:03:32] [INFO] writer try send [18, 19, 20] 
[2022-04-22 22:03:32] [INFO] start writer 
[2022-04-22 22:03:32] [INFO] end writer 
[2022-04-22 22:03:32] [INFO] writer try send [1, 2, 3] 
[2022-04-22 22:03:32] [INFO] writer send [18, 19, 20] 
[2022-04-22 22:03:32] [INFO] end writer 
[2022-04-22 22:03:32] [INFO] writer try send [14, 15, 16, 17] 
[2022-04-22 22:03:32] [INFO] writer try send [7, 8, 9, 10] 
[2022-04-22 22:03:32] [INFO] writer try send [6] 
[2022-04-22 22:03:32] [INFO] start reader 
[2022-04-22 22:03:32] [INFO] start writer 
[2022-04-22 22:03:32] [INFO] end writer 
[2022-04-22 22:03:32] [INFO] start reader 
[2022-04-22 22:03:32] [INFO] start get result 
[2022-04-22 22:03:32] [INFO] start reader 
[2022-04-22 22:03:32] [INFO] end get result 4 
[2022-04-22 22:03:32] [INFO] reader get 4 
[2022-04-22 22:03:32] [INFO] start get result 
[2022-04-22 22:03:32] [INFO] end get result 5 
[2022-04-22 22:03:32] [INFO] start reader 
[2022-04-22 22:03:32] [INFO] reader get 5 
[2022-04-22 22:03:32] [INFO] start get result 
[2022-04-22 22:03:32] [INFO] start get result 
[2022-04-22 22:03:32] [INFO] end get result 13 
[2022-04-22 22:03:32] [INFO] reader get 13 
[2022-04-22 22:03:32] [INFO] writer send [1, 2, 3] 
[2022-04-22 22:03:32] [INFO] end writer 
[2022-04-22 22:03:32] [INFO] end get result 11 
[2022-04-22 22:03:32] [INFO] reader get 11 
[2022-04-22 22:03:32] [INFO] start reader 
[2022-04-22 22:03:32] [INFO] start get result 
[2022-04-22 22:03:32] [INFO] end get result 20 
[2022-04-22 22:03:32] [INFO] reader get 20 
[2022-04-22 22:03:32] [INFO] writer send [6] 
[2022-04-22 22:03:32] [INFO] end writer 
[2022-04-22 22:03:32] [INFO] start get result 
[2022-04-22 22:03:32] [INFO] end get result 12 
[2022-04-22 22:03:32] [INFO] start get result 
[2022-04-22 22:03:32] [INFO] end get result 1 
[2022-04-22 22:03:32] [INFO] reader get 1 
[2022-04-22 22:03:32] [INFO] start get result 
[2022-04-22 22:03:32] [INFO] end get result 2 
[2022-04-22 22:03:32] [INFO] start get result 
[2022-04-22 22:03:32] [INFO] end get result 6 
[2022-04-22 22:03:32] [INFO] reader get 6 
[2022-04-22 22:03:32] [INFO] start get result 
[2022-04-22 22:03:32] [INFO] start reader 
[2022-04-22 22:03:32] [INFO] writer send [7, 8, 9, 10] 
[2022-04-22 22:03:32] [INFO] end writer 
[2022-04-22 22:03:32] [INFO] writer send [14, 15, 16, 17] 
[2022-04-22 22:03:32] [INFO] start reader 
[2022-04-22 22:03:32] [INFO] start get result 
[2022-04-22 22:03:32] [INFO] end get result 19 
[2022-04-22 22:03:32] [INFO] start get result 
[2022-04-22 22:03:32] [INFO] start reader 
[2022-04-22 22:03:32] [INFO] end get result 18 
[2022-04-22 22:03:32] [INFO] reader get 18 
[2022-04-22 22:03:32] [INFO] start get result 
[2022-04-22 22:03:32] [INFO] end get result 16 
[2022-04-22 22:03:32] [INFO] reader get 19 
[2022-04-22 22:03:32] [INFO] start get result 
[2022-04-22 22:03:32] [INFO] end writer 
[2022-04-22 22:03:32] [INFO] end get result 3 
[2022-04-22 22:03:32] [INFO] start get result 
[2022-04-22 22:03:32] [INFO] end get result 7 
[2022-04-22 22:03:32] [INFO] reader get 7 
[2022-04-22 22:03:32] [INFO] start get result 
[2022-04-22 22:03:32] [INFO] end get result 8 
[2022-04-22 22:03:32] [INFO] reader get 8 
[2022-04-22 22:03:32] [INFO] start get result 
[2022-04-22 22:03:32] [INFO] end get result 9 
[2022-04-22 22:03:32] [INFO] reader get 9 
[2022-04-22 22:03:32] [INFO] start get result 
[2022-04-22 22:03:32] [INFO] end get result 10 
[2022-04-22 22:03:32] [INFO] reader get 10 
[2022-04-22 22:03:32] [INFO] start get result 
[2022-04-22 22:03:32] [INFO] reader get 2 
[2022-04-22 22:03:32] [INFO] start get result 
[2022-04-22 22:03:32] [INFO] reader get 12 
[2022-04-22 22:03:32] [INFO] start get result 
[2022-04-22 22:03:32] [INFO] reader get 3 
[2022-04-22 22:03:32] [INFO] start get result 
[2022-04-22 22:03:32] [INFO] end get result 17 
[2022-04-22 22:03:32] [INFO] reader get 17 
[2022-04-22 22:03:32] [INFO] start get result 
[2022-04-22 22:03:32] [INFO] reader get 16 
[2022-04-22 22:03:32] [INFO] start get result 
[2022-04-22 22:03:32] [INFO] start reader 
[2022-04-22 22:03:32] [INFO] start get result 
[2022-04-22 22:03:32] [INFO] end get result 15 
[2022-04-22 22:03:32] [INFO] start reader 
[2022-04-22 22:03:32] [INFO] reader get 15 
[2022-04-22 22:03:32] [INFO] start get result 
[2022-04-22 22:03:32] [INFO] start get result 
[2022-04-22 22:03:32] [INFO] end get result 14 
[2022-04-22 22:03:32] [INFO] reader get 14 
[2022-04-22 22:03:32] [INFO] start get result 
[2022-04-22 22:03:32] [INFO] start get result 
[2022-04-22 22:03:32] [INFO] start get result 
Exception in thread "Thread-64364" java.util.concurrent.TimeoutException
	at serie1.Ex4.BlockingMessageQueueFuture$MyFuture.get(BlockingMessageQueueFuture.kt:222)
	at serie1.ex4.FutureTest$blocking_message_multiple_send_receive$2$thread$1.invoke(BlockingMessageQueueWithFutureTest.kt:179)
	at serie1.ex4.FutureTest$blocking_message_multiple_send_receive$2$thread$1.invoke(BlockingMessageQueueWithFutureTest.kt:169)
	at kotlin.concurrent.ThreadsKt$thread$thread$1.run(Thread.kt:30)
Exception in thread "Thread-64370" java.util.concurrent.TimeoutException
	at serie1.Ex4.BlockingMessageQueueFuture$MyFuture.get(BlockingMessageQueueFuture.kt:222)
	at serie1.ex4.FutureTest$blocking_message_multiple_send_receive$2$thread$1.invoke(BlockingMessageQueueWithFutureTest.kt:179)
	at serie1.ex4.FutureTest$blocking_message_multiple_send_receive$2$thread$1.invoke(BlockingMessageQueueWithFutureTest.kt:169)
	at kotlin.concurrent.ThreadsKt$thread$thread$1.run(Thread.kt:30)
Exception in thread "Thread-64366" java.util.concurrent.TimeoutException
	at serie1.Ex4.BlockingMessageQueueFuture$MyFuture.get(BlockingMessageQueueFuture.kt:222)
	at serie1.ex4.FutureTest$blocking_message_multiple_send_receive$2$thread$1.invoke(BlockingMessageQueueWithFutureTest.kt:179)
	at serie1.ex4.FutureTest$blocking_message_multiple_send_receive$2$thread$1.invoke(BlockingMessageQueueWithFutureTest.kt:169)
	at kotlin.concurrent.ThreadsKt$thread$thread$1.run(Thread.kt:30)
Exception in thread "Thread-64367" java.util.concurrent.TimeoutException
	at serie1.Ex4.BlockingMessageQueueFuture$MyFuture.get(BlockingMessageQueueFuture.kt:222)
	at serie1.ex4.FutureTest$blocking_message_multiple_send_receive$2$thread$1.invoke(BlockingMessageQueueWithFutureTest.kt:179)
	at serie1.ex4.FutureTest$blocking_message_multiple_send_receive$2$thread$1.invoke(BlockingMessageQueueWithFutureTest.kt:169)
	at kotlin.concurrent.ThreadsKt$thread$thread$1.run(Thread.kt:30)
Exception in thread "Thread-64368" java.util.concurrent.TimeoutException
	at serie1.Ex4.BlockingMessageQueueFuture$MyFuture.get(BlockingMessageQueueFuture.kt:222)
	at serie1.ex4.FutureTest$blocking_message_multiple_send_receive$2$thread$1.invoke(BlockingMessageQueueWithFutureTest.kt:179)
	at serie1.ex4.FutureTest$blocking_message_multiple_send_receive$2$thread$1.invoke(BlockingMessageQueueWithFutureTest.kt:169)
	at kotlin.concurrent.ThreadsKt$thread$thread$1.run(Thread.kt:30)
Exception in thread "Thread-64371" java.util.concurrent.TimeoutException
	at serie1.Ex4.BlockingMessageQueueFuture$MyFuture.get(BlockingMessageQueueFuture.kt:222)
	at serie1.ex4.FutureTest$blocking_message_multiple_send_receive$2$thread$1.invoke(BlockingMessageQueueWithFutureTest.kt:179)
	at serie1.ex4.FutureTest$blocking_message_multiple_send_receive$2$thread$1.invoke(BlockingMessageQueueWithFutureTest.kt:169)
	at kotlin.concurrent.ThreadsKt$thread$thread$1.run(Thread.kt:30)
Exception in thread "Thread-64369" java.util.concurrent.TimeoutException
	at serie1.Ex4.BlockingMessageQueueFuture$MyFuture.get(BlockingMessageQueueFuture.kt:222)
	at serie1.ex4.FutureTest$blocking_message_multiple_send_receive$2$thread$1.invoke(BlockingMessageQueueWithFutureTest.kt:179)
	at serie1.ex4.FutureTest$blocking_message_multiple_send_receive$2$thread$1.invoke(BlockingMessageQueueWithFutureTest.kt:169)
	at kotlin.concurrent.ThreadsKt$thread$thread$1.run(Thread.kt:30)
Exception in thread "Thread-64372" java.util.concurrent.TimeoutException
	at serie1.Ex4.BlockingMessageQueueFuture$MyFuture.get(BlockingMessageQueueFuture.kt:222)
	at serie1.ex4.FutureTest$blocking_message_multiple_send_receive$2$thread$1.invoke(BlockingMessageQueueWithFutureTest.kt:179)
	at serie1.ex4.FutureTest$blocking_message_multiple_send_receive$2$thread$1.invoke(BlockingMessageQueueWithFutureTest.kt:169)
	at kotlin.concurrent.ThreadsKt$thread$thread$1.run(Thread.kt:30)
Exception in thread "Thread-64373" java.util.concurrent.TimeoutException
	at serie1.Ex4.BlockingMessageQueueFuture$MyFuture.get(BlockingMessageQueueFuture.kt:222)
	at serie1.ex4.FutureTest$blocking_message_multiple_send_receive$2$thread$1.invoke(BlockingMessageQueueWithFutureTest.kt:179)
	at serie1.ex4.FutureTest$blocking_message_multiple_send_receive$2$thread$1.invoke(BlockingMessageQueueWithFutureTest.kt:169)
	at kotlin.concurrent.ThreadsKt$thread$thread$1.run(Thread.kt:30)
Exception in thread "Thread-64365" java.util.concurrent.TimeoutException
	at serie1.Ex4.BlockingMessageQueueFuture$MyFuture.get(BlockingMessageQueueFuture.kt:222)
	at serie1.ex4.FutureTest$blocking_message_multiple_send_receive$2$thread$1.invoke(BlockingMessageQueueWithFutureTest.kt:179)
	at serie1.ex4.FutureTest$blocking_message_multiple_send_receive$2$thread$1.invoke(BlockingMessageQueueWithFutureTest.kt:169)
	at kotlin.concurrent.ThreadsKt$thread$thread$1.run(Thread.kt:30)
[2022-04-22 22:03:34] [INFO] start writer 
[2022-04-22 22:03:34] [INFO] start writer 
[2022-04-22 22:03:34] [INFO] writer try send [4, 5] 
[2022-04-22 22:03:34] [INFO] start writer 
[2022-04-22 22:03:34] [INFO] start writer 
[2022-04-22 22:03:34] [INFO] writer try send [7, 8, 9, 10] 
[2022-04-22 22:03:34] [INFO] writer try send [1, 2, 3] 
[2022-04-22 22:03:34] [INFO] writer send [7, 8, 9, 10] 
[2022-04-22 22:03:34] [INFO] start writer 
[2022-04-22 22:03:34] [INFO] writer try send [14, 15, 16, 17] 
[2022-04-22 22:03:34] [INFO] start reader 
[2022-04-22 22:03:34] [INFO] start writer 
[2022-04-22 22:03:34] [INFO] writer try send [18, 19, 20] 
[2022-04-22 22:03:34] [INFO] writer try send [11, 12, 13] 
[2022-04-22 22:03:34] [INFO] writer send [1, 2, 3] 
[2022-04-22 22:03:34] [INFO] end writer 
[2022-04-22 22:03:34] [INFO] start get result 
[2022-04-22 22:03:34] [INFO] end get result 4 
[2022-04-22 22:03:34] [INFO] reader get 4 
[2022-04-22 22:03:34] [INFO] start get result 
[2022-04-22 22:03:34] [INFO] start writer 
[2022-04-22 22:03:34] [INFO] end writer 
[2022-04-22 22:03:34] [INFO] writer try send [6] 
[2022-04-22 22:03:34] [INFO] writer send [6] 
[2022-04-22 22:03:34] [INFO] end writer 
[2022-04-22 22:03:34] [INFO] writer send [4, 5] 
[2022-04-22 22:03:34] [INFO] end writer 
[2022-04-22 22:03:34] [INFO] end get result 5 
[2022-04-22 22:03:34] [INFO] reader get 5 
[2022-04-22 22:03:34] [INFO] start get result 
[2022-04-22 22:03:34] [INFO] end get result 7 
[2022-04-22 22:03:34] [INFO] start reader 
[2022-04-22 22:03:34] [INFO] reader get 7 
[2022-04-22 22:03:34] [INFO] start get result 
[2022-04-22 22:03:34] [INFO] end get result 8 
[2022-04-22 22:03:34] [INFO] reader get 8 
[2022-04-22 22:03:34] [INFO] start reader 
[2022-04-22 22:03:34] [INFO] start get result 
[2022-04-22 22:03:34] [INFO] end get result 9 
[2022-04-22 22:03:34] [INFO] reader get 9 
[2022-04-22 22:03:34] [INFO] writer send [18, 19, 20] 
[2022-04-22 22:03:34] [INFO] start reader 
[2022-04-22 22:03:34] [INFO] writer send [11, 12, 13] 
[2022-04-22 22:03:34] [INFO] end writer 
[2022-04-22 22:03:34] [INFO] start reader 
[2022-04-22 22:03:34] [INFO] start get result 
[2022-04-22 22:03:34] [INFO] end get result 2 
[2022-04-22 22:03:34] [INFO] start get result 
[2022-04-22 22:03:34] [INFO] end get result 3 
[2022-04-22 22:03:34] [INFO] start get result 
[2022-04-22 22:03:34] [INFO] start get result 
[2022-04-22 22:03:34] [INFO] end get result 6 
[2022-04-22 22:03:34] [INFO] start get result 
[2022-04-22 22:03:34] [INFO] end get result 10 
[2022-04-22 22:03:34] [INFO] reader get 6 
[2022-04-22 22:03:34] [INFO] start get result 
[2022-04-22 22:03:34] [INFO] writer send [14, 15, 16, 17] 
[2022-04-22 22:03:34] [INFO] end writer 
[2022-04-22 22:03:34] [INFO] end get result 1 
[2022-04-22 22:03:34] [INFO] reader get 1 
[2022-04-22 22:03:34] [INFO] start get result 
[2022-04-22 22:03:34] [INFO] end get result 19 
[2022-04-22 22:03:34] [INFO] reader get 19 
[2022-04-22 22:03:34] [INFO] reader get 3 
[2022-04-22 22:03:34] [INFO] start get result 
[2022-04-22 22:03:34] [INFO] end get result 11 
[2022-04-22 22:03:34] [INFO] reader get 11 
[2022-04-22 22:03:34] [INFO] start get result 
[2022-04-22 22:03:34] [INFO] end get result 12 
[2022-04-22 22:03:34] [INFO] reader get 2 
[2022-04-22 22:03:34] [INFO] start get result 
[2022-04-22 22:03:34] [INFO] end get result 13 
[2022-04-22 22:03:34] [INFO] start reader 
[2022-04-22 22:03:34] [INFO] end writer 
[2022-04-22 22:03:34] [INFO] reader get 13 
[2022-04-22 22:03:34] [INFO] start reader 
[2022-04-22 22:03:34] [INFO] reader get 12 
[2022-04-22 22:03:34] [INFO] start get result 
[2022-04-22 22:03:34] [INFO] start get result 
[2022-04-22 22:03:34] [INFO] end get result 16 
[2022-04-22 22:03:34] [INFO] start get result 
[2022-04-22 22:03:34] [INFO] end get result 20 
[2022-04-22 22:03:34] [INFO] end get result 18 
[2022-04-22 22:03:34] [INFO] reader get 18 
[2022-04-22 22:03:34] [INFO] start get result 
[2022-04-22 22:03:34] [INFO] end get result 17 
[2022-04-22 22:03:34] [INFO] reader get 17 
[2022-04-22 22:03:34] [INFO] start get result 
[2022-04-22 22:03:34] [INFO] reader get 10 
[2022-04-22 22:03:34] [INFO] start get result 
[2022-04-22 22:03:34] [INFO] start get result 
[2022-04-22 22:03:34] [INFO] reader get 20 
[2022-04-22 22:03:34] [INFO] start get result 
[2022-04-22 22:03:34] [INFO] reader get 16 
[2022-04-22 22:03:34] [INFO] start get result 
[2022-04-22 22:03:34] [INFO] end get result 15 
[2022-04-22 22:03:34] [INFO] reader get 15 
[2022-04-22 22:03:34] [INFO] start get result 
[2022-04-22 22:03:34] [INFO] start reader 
[2022-04-22 22:03:34] [INFO] start get result 
[2022-04-22 22:03:34] [INFO] end get result 14 
[2022-04-22 22:03:34] [INFO] reader get 14 
[2022-04-22 22:03:34] [INFO] start reader 
[2022-04-22 22:03:34] [INFO] start get result 
[2022-04-22 22:03:34] [INFO] start reader 
[2022-04-22 22:03:34] [INFO] start get result 
[2022-04-22 22:03:34] [INFO] start get result 
[2022-04-22 22:03:34] [INFO] start get result 
Exception in thread "Thread-64389" java.util.concurrent.TimeoutException
	at serie1.Ex4.BlockingMessageQueueFuture$MyFuture.get(BlockingMessageQueueFuture.kt:222)
	at serie1.ex4.FutureTest$blocking_message_multiple_send_receive$2$thread$1.invoke(BlockingMessageQueueWithFutureTest.kt:179)
	at serie1.ex4.FutureTest$blocking_message_multiple_send_receive$2$thread$1.invoke(BlockingMessageQueueWithFutureTest.kt:169)
	at kotlin.concurrent.ThreadsKt$thread$thread$1.run(Thread.kt:30)
Exception in thread "Thread-64388" java.util.concurrent.TimeoutException
	at serie1.Ex4.BlockingMessageQueueFuture$MyFuture.get(BlockingMessageQueueFuture.kt:222)
	at serie1.ex4.FutureTest$blocking_message_multiple_send_receive$2$thread$1.invoke(BlockingMessageQueueWithFutureTest.kt:179)
	at serie1.ex4.FutureTest$blocking_message_multiple_send_receive$2$thread$1.invoke(BlockingMessageQueueWithFutureTest.kt:169)
	at kotlin.concurrent.ThreadsKt$thread$thread$1.run(Thread.kt:30)
Exception in thread "Thread-64390" java.util.concurrent.TimeoutException
	at serie1.Ex4.BlockingMessageQueueFuture$MyFuture.get(BlockingMessageQueueFuture.kt:222)
	at serie1.ex4.FutureTest$blocking_message_multiple_send_receive$2$thread$1.invoke(BlockingMessageQueueWithFutureTest.kt:179)
	at serie1.ex4.FutureTest$blocking_message_multiple_send_receive$2$thread$1.invoke(BlockingMessageQueueWithFutureTest.kt:169)
	at kotlin.concurrent.ThreadsKt$thread$thread$1.run(Thread.kt:30)
Exception in thread "Thread-64386" java.util.concurrent.TimeoutException
	at serie1.Ex4.BlockingMessageQueueFuture$MyFuture.get(BlockingMessageQueueFuture.kt:222)
	at serie1.ex4.FutureTest$blocking_message_multiple_send_receive$2$thread$1.invoke(BlockingMessageQueueWithFutureTest.kt:179)
	at serie1.ex4.FutureTest$blocking_message_multiple_send_receive$2$thread$1.invoke(BlockingMessageQueueWithFutureTest.kt:169)
	at kotlin.concurrent.ThreadsKt$thread$thread$1.run(Thread.kt:30)
Exception in thread "Thread-64384" java.util.concurrent.TimeoutException
	at serie1.Ex4.BlockingMessageQueueFuture$MyFuture.get(BlockingMessageQueueFuture.kt:222)
	at serie1.ex4.FutureTest$blocking_message_multiple_send_receive$2$thread$1.invoke(BlockingMessageQueueWithFutureTest.kt:179)
	at serie1.ex4.FutureTest$blocking_message_multiple_send_receive$2$thread$1.invoke(BlockingMessageQueueWithFutureTest.kt:169)
	at kotlin.concurrent.ThreadsKt$thread$thread$1.run(Thread.kt:30)
Exception in thread "Thread-64387" java.util.concurrent.TimeoutException
	at serie1.Ex4.BlockingMessageQueueFuture$MyFuture.get(BlockingMessageQueueFuture.kt:222)
	at serie1.ex4.FutureTest$blocking_message_multiple_send_receive$2$thread$1.invoke(BlockingMessageQueueWithFutureTest.kt:179)
	at serie1.ex4.FutureTest$blocking_message_multiple_send_receive$2$thread$1.invoke(BlockingMessageQueueWithFutureTest.kt:169)
	at kotlin.concurrent.ThreadsKt$thread$thread$1.run(Thread.kt:30)
Exception in thread "Thread-64385" java.util.concurrent.TimeoutException
	at serie1.Ex4.BlockingMessageQueueFuture$MyFuture.get(BlockingMessageQueueFuture.kt:222)
	at serie1.ex4.FutureTest$blocking_message_multiple_send_receive$2$thread$1.invoke(BlockingMessageQueueWithFutureTest.kt:179)
	at serie1.ex4.FutureTest$blocking_message_multiple_send_receive$2$thread$1.invoke(BlockingMessageQueueWithFutureTest.kt:169)
	at kotlin.concurrent.ThreadsKt$thread$thread$1.run(Thread.kt:30)
Exception in thread "Thread-64382" java.util.concurrent.TimeoutException
	at serie1.Ex4.BlockingMessageQueueFuture$MyFuture.get(BlockingMessageQueueFuture.kt:222)
	at serie1.ex4.FutureTest$blocking_message_multiple_send_receive$2$thread$1.invoke(BlockingMessageQueueWithFutureTest.kt:179)
	at serie1.ex4.FutureTest$blocking_message_multiple_send_receive$2$thread$1.invoke(BlockingMessageQueueWithFutureTest.kt:169)
	at kotlin.concurrent.ThreadsKt$thread$thread$1.run(Thread.kt:30)
Exception in thread "Thread-64383" java.util.concurrent.TimeoutException
	at serie1.Ex4.BlockingMessageQueueFuture$MyFuture.get(BlockingMessageQueueFuture.kt:222)
	at serie1.ex4.FutureTest$blocking_message_multiple_send_receive$2$thread$1.invoke(BlockingMessageQueueWithFutureTest.kt:179)
	at serie1.ex4.FutureTest$blocking_message_multiple_send_receive$2$thread$1.invoke(BlockingMessageQueueWithFutureTest.kt:169)
	at kotlin.concurrent.ThreadsKt$thread$thread$1.run(Thread.kt:30)
Exception in thread "Thread-64391" java.util.concurrent.TimeoutException
	at serie1.Ex4.BlockingMessageQueueFuture$MyFuture.get(BlockingMessageQueueFuture.kt:222)
	at serie1.ex4.FutureTest$blocking_message_multiple_send_receive$2$thread$1.invoke(BlockingMessageQueueWithFutureTest.kt:179)
	at serie1.ex4.FutureTest$blocking_message_multiple_send_receive$2$thread$1.invoke(BlockingMessageQueueWithFutureTest.kt:169)
	at kotlin.concurrent.ThreadsKt$thread$thread$1.run(Thread.kt:30)
[2022-04-22 22:03:36] [INFO] start writer 
[2022-04-22 22:03:36] [INFO] writer try send [1, 2, 3] 
[2022-04-22 22:03:36] [INFO] start reader 
[2022-04-22 22:03:36] [INFO] writer send [1, 2, 3] 
[2022-04-22 22:03:36] [INFO] start writer 
[2022-04-22 22:03:36] [INFO] start writer 
[2022-04-22 22:03:36] [INFO] start writer 
[2022-04-22 22:03:36] [INFO] start writer 
[2022-04-22 22:03:36] [INFO] start get result 
[2022-04-22 22:03:36] [INFO] end get result 1 
[2022-04-22 22:03:36] [INFO] reader get 1 
[2022-04-22 22:03:36] [INFO] start writer 
[2022-04-22 22:03:36] [INFO] writer try send [18, 19, 20] 
[2022-04-22 22:03:36] [INFO] writer send [18, 19, 20] 
[2022-04-22 22:03:36] [INFO] end writer 
[2022-04-22 22:03:36] [INFO] start get result 
[2022-04-22 22:03:36] [INFO] end get result 2 
[2022-04-22 22:03:36] [INFO] writer try send [14, 15, 16, 17] 
[2022-04-22 22:03:36] [INFO] writer send [14, 15, 16, 17] 
[2022-04-22 22:03:36] [INFO] end writer 
[2022-04-22 22:03:36] [INFO] writer try send [11, 12, 13] 
[2022-04-22 22:03:36] [INFO] start writer 
[2022-04-22 22:03:36] [INFO] end writer 
[2022-04-22 22:03:36] [INFO] writer try send [7, 8, 9, 10] 
[2022-04-22 22:03:36] [INFO] writer try send [6] 
[2022-04-22 22:03:36] [INFO] start reader 
[2022-04-22 22:03:36] [INFO] writer try send [4, 5] 
[2022-04-22 22:03:36] [INFO] writer send [6] 
[2022-04-22 22:03:36] [INFO] end writer 
[2022-04-22 22:03:36] [INFO] reader get 2 
[2022-04-22 22:03:36] [INFO] start get result 
[2022-04-22 22:03:36] [INFO] end get result 3 
[2022-04-22 22:03:36] [INFO] reader get 3 
[2022-04-22 22:03:36] [INFO] start get result 
[2022-04-22 22:03:36] [INFO] start reader 
[2022-04-22 22:03:36] [INFO] end get result 18 
[2022-04-22 22:03:36] [INFO] writer send [4, 5] 
[2022-04-22 22:03:36] [INFO] start get result 
[2022-04-22 22:03:36] [INFO] end get result 19 
[2022-04-22 22:03:36] [INFO] reader get 19 
[2022-04-22 22:03:36] [INFO] end writer 
[2022-04-22 22:03:36] [INFO] start get result 
[2022-04-22 22:03:36] [INFO] start reader 
[2022-04-22 22:03:36] [INFO] reader get 18 
[2022-04-22 22:03:36] [INFO] start get result 
[2022-04-22 22:03:36] [INFO] end get result 15 
[2022-04-22 22:03:36] [INFO] end get result 14 
[2022-04-22 22:03:36] [INFO] reader get 14 
[2022-04-22 22:03:36] [INFO] start get result 
[2022-04-22 22:03:36] [INFO] end get result 16 
[2022-04-22 22:03:36] [INFO] start get result 
[2022-04-22 22:03:36] [INFO] reader get 16 
[2022-04-22 22:03:36] [INFO] writer send [7, 8, 9, 10] 
[2022-04-22 22:03:36] [INFO] end writer 
[2022-04-22 22:03:36] [INFO] writer send [11, 12, 13] 
[2022-04-22 22:03:36] [INFO] end writer 
[2022-04-22 22:03:36] [INFO] start get result 
[2022-04-22 22:03:36] [INFO] end get result 17 
[2022-04-22 22:03:36] [INFO] reader get 17 
[2022-04-22 22:03:36] [INFO] start get result 
[2022-04-22 22:03:36] [INFO] start get result 
[2022-04-22 22:03:36] [INFO] end get result 6 
[2022-04-22 22:03:36] [INFO] reader get 6 
[2022-04-22 22:03:36] [INFO] start get result 
[2022-04-22 22:03:36] [INFO] end get result 5 
[2022-04-22 22:03:36] [INFO] end get result 20 
[2022-04-22 22:03:36] [INFO] reader get 20 
[2022-04-22 22:03:36] [INFO] start get result 
[2022-04-22 22:03:36] [INFO] end get result 11 
[2022-04-22 22:03:36] [INFO] reader get 11 
[2022-04-22 22:03:36] [INFO] start get result 
[2022-04-22 22:03:36] [INFO] end get result 12 
[2022-04-22 22:03:36] [INFO] reader get 12 
[2022-04-22 22:03:36] [INFO] start get result 
[2022-04-22 22:03:36] [INFO] end get result 13 
[2022-04-22 22:03:36] [INFO] reader get 15 
[2022-04-22 22:03:36] [INFO] start get result 
[2022-04-22 22:03:36] [INFO] end get result 7 
[2022-04-22 22:03:36] [INFO] reader get 7 
[2022-04-22 22:03:36] [INFO] start get result 
[2022-04-22 22:03:36] [INFO] start reader 
[2022-04-22 22:03:36] [INFO] end get result 8 
[2022-04-22 22:03:36] [INFO] reader get 8 
[2022-04-22 22:03:36] [INFO] reader get 13 
[2022-04-22 22:03:36] [INFO] start get result 
[2022-04-22 22:03:36] [INFO] start reader 
[2022-04-22 22:03:36] [INFO] reader get 5 
[2022-04-22 22:03:36] [INFO] start get result 
[2022-04-22 22:03:36] [INFO] end get result 4 
[2022-04-22 22:03:36] [INFO] reader get 4 
[2022-04-22 22:03:36] [INFO] start reader 
[2022-04-22 22:03:36] [INFO] end get result 10 
[2022-04-22 22:03:36] [INFO] reader get 10 
[2022-04-22 22:03:36] [INFO] start get result 
[2022-04-22 22:03:36] [INFO] start reader 
[2022-04-22 22:03:36] [INFO] start get result 
[2022-04-22 22:03:36] [INFO] end get result 9 
[2022-04-22 22:03:36] [INFO] start reader 
[2022-04-22 22:03:36] [INFO] start get result 
[2022-04-22 22:03:36] [INFO] start get result 
[2022-04-22 22:03:36] [INFO] start get result 
[2022-04-22 22:03:36] [INFO] start get result 
[2022-04-22 22:03:36] [INFO] start get result 
[2022-04-22 22:03:36] [INFO] start reader 
[2022-04-22 22:03:36] [INFO] reader get 9 
[2022-04-22 22:03:36] [INFO] start get result 
[2022-04-22 22:03:36] [INFO] start get result 
[2022-04-22 22:03:36] [INFO] start get result 
Exception in thread "Thread-64401" java.util.concurrent.TimeoutException
	at serie1.Ex4.BlockingMessageQueueFuture$MyFuture.get(BlockingMessageQueueFuture.kt:222)
	at serie1.ex4.FutureTest$blocking_message_multiple_send_receive$2$thread$1.invoke(BlockingMessageQueueWithFutureTest.kt:179)
	at serie1.ex4.FutureTest$blocking_message_multiple_send_receive$2$thread$1.invoke(BlockingMessageQueueWithFutureTest.kt:169)
	at kotlin.concurrent.ThreadsKt$thread$thread$1.run(Thread.kt:30)
Exception in thread "Thread-64407" java.util.concurrent.TimeoutException
	at serie1.Ex4.BlockingMessageQueueFuture$MyFuture.get(BlockingMessageQueueFuture.kt:222)
	at serie1.ex4.FutureTest$blocking_message_multiple_send_receive$2$thread$1.invoke(BlockingMessageQueueWithFutureTest.kt:179)
	at serie1.ex4.FutureTest$blocking_message_multiple_send_receive$2$thread$1.invoke(BlockingMessageQueueWithFutureTest.kt:169)
	at kotlin.concurrent.ThreadsKt$thread$thread$1.run(Thread.kt:30)
Exception in thread "Thread-64406" java.util.concurrent.TimeoutException
	at serie1.Ex4.BlockingMessageQueueFuture$MyFuture.get(BlockingMessageQueueFuture.kt:222)
	at serie1.ex4.FutureTest$blocking_message_multiple_send_receive$2$thread$1.invoke(BlockingMessageQueueWithFutureTest.kt:179)
	at serie1.ex4.FutureTest$blocking_message_multiple_send_receive$2$thread$1.invoke(BlockingMessageQueueWithFutureTest.kt:169)
	at kotlin.concurrent.ThreadsKt$thread$thread$1.run(Thread.kt:30)
Exception in thread "Thread-64404" java.util.concurrent.TimeoutException
	at serie1.Ex4.BlockingMessageQueueFuture$MyFuture.get(BlockingMessageQueueFuture.kt:222)
	at serie1.ex4.FutureTest$blocking_message_multiple_send_receive$2$thread$1.invoke(BlockingMessageQueueWithFutureTest.kt:179)
	at serie1.ex4.FutureTest$blocking_message_multiple_send_receive$2$thread$1.invoke(BlockingMessageQueueWithFutureTest.kt:169)
	at kotlin.concurrent.ThreadsKt$thread$thread$1.run(Thread.kt:30)
Exception in thread "Thread-64409" java.util.concurrent.TimeoutException
	at serie1.Ex4.BlockingMessageQueueFuture$MyFuture.get(BlockingMessageQueueFuture.kt:222)
	at serie1.ex4.FutureTest$blocking_message_multiple_send_receive$2$thread$1.invoke(BlockingMessageQueueWithFutureTest.kt:179)
	at serie1.ex4.FutureTest$blocking_message_multiple_send_receive$2$thread$1.invoke(BlockingMessageQueueWithFutureTest.kt:169)
	at kotlin.concurrent.ThreadsKt$thread$thread$1.run(Thread.kt:30)
Exception in thread "Thread-64402" java.util.concurrent.TimeoutException
	at serie1.Ex4.BlockingMessageQueueFuture$MyFuture.get(BlockingMessageQueueFuture.kt:222)
	at serie1.ex4.FutureTest$blocking_message_multiple_send_receive$2$thread$1.invoke(BlockingMessageQueueWithFutureTest.kt:179)
	at serie1.ex4.FutureTest$blocking_message_multiple_send_receive$2$thread$1.invoke(BlockingMessageQueueWithFutureTest.kt:169)
	at kotlin.concurrent.ThreadsKt$thread$thread$1.run(Thread.kt:30)
Exception in thread "Thread-64408" java.util.concurrent.TimeoutException
	at serie1.Ex4.BlockingMessageQueueFuture$MyFuture.get(BlockingMessageQueueFuture.kt:222)
	at serie1.ex4.FutureTest$blocking_message_multiple_send_receive$2$thread$1.invoke(BlockingMessageQueueWithFutureTest.kt:179)
	at serie1.ex4.FutureTest$blocking_message_multiple_send_receive$2$thread$1.invoke(BlockingMessageQueueWithFutureTest.kt:169)
	at kotlin.concurrent.ThreadsKt$thread$thread$1.run(Thread.kt:30)
Exception in thread "Thread-64403" java.util.concurrent.TimeoutException
	at serie1.Ex4.BlockingMessageQueueFuture$MyFuture.get(BlockingMessageQueueFuture.kt:222)
	at serie1.ex4.FutureTest$blocking_message_multiple_send_receive$2$thread$1.invoke(BlockingMessageQueueWithFutureTest.kt:179)
	at serie1.ex4.FutureTest$blocking_message_multiple_send_receive$2$thread$1.invoke(BlockingMessageQueueWithFutureTest.kt:169)
	at kotlin.concurrent.ThreadsKt$thread$thread$1.run(Thread.kt:30)
Exception in thread "Thread-64400" java.util.concurrent.TimeoutException
	at serie1.Ex4.BlockingMessageQueueFuture$MyFuture.get(BlockingMessageQueueFuture.kt:222)
	at serie1.ex4.FutureTest$blocking_message_multiple_send_receive$2$thread$1.invoke(BlockingMessageQueueWithFutureTest.kt:179)
	at serie1.ex4.FutureTest$blocking_message_multiple_send_receive$2$thread$1.invoke(BlockingMessageQueueWithFutureTest.kt:169)
	at kotlin.concurrent.ThreadsKt$thread$thread$1.run(Thread.kt:30)
Exception in thread "Thread-64405" java.util.concurrent.TimeoutException
	at serie1.Ex4.BlockingMessageQueueFuture$MyFuture.get(BlockingMessageQueueFuture.kt:222)
	at serie1.ex4.FutureTest$blocking_message_multiple_send_receive$2$thread$1.invoke(BlockingMessageQueueWithFutureTest.kt:179)
	at serie1.ex4.FutureTest$blocking_message_multiple_send_receive$2$thread$1.invoke(BlockingMessageQueueWithFutureTest.kt:169)
	at kotlin.concurrent.ThreadsKt$thread$thread$1.run(Thread.kt:30)
[2022-04-22 22:03:38] [INFO] start writer 
[2022-04-22 22:03:38] [INFO] writer try send [1, 2, 3] 
[2022-04-22 22:03:38] [INFO] start writer 
[2022-04-22 22:03:38] [INFO] start reader 
[2022-04-22 22:03:38] [INFO] start writer 
[2022-04-22 22:03:38] [INFO] start reader 
[2022-04-22 22:03:38] [INFO] writer send [1, 2, 3] 
[2022-04-22 22:03:38] [INFO] writer try send [7, 8, 9, 10] 
[2022-04-22 22:03:38] [INFO] start writer 
[2022-04-22 22:03:38] [INFO] start reader 
[2022-04-22 22:03:38] [INFO] start writer 
[2022-04-22 22:03:38] [INFO] writer try send [14, 15, 16, 17] 
[2022-04-22 22:03:38] [INFO] writer try send [4, 5] 
[2022-04-22 22:03:38] [INFO] start get result 
[2022-04-22 22:03:38] [INFO] writer send [4, 5] 
[2022-04-22 22:03:38] [INFO] writer try send [18, 19, 20] 
[2022-04-22 22:03:38] [INFO] start get result 
[2022-04-22 22:03:38] [INFO] end get result 3 
[2022-04-22 22:03:38] [INFO] reader get 3 
[2022-04-22 22:03:38] [INFO] start get result 
[2022-04-22 22:03:38] [INFO] end get result 4 
[2022-04-22 22:03:38] [INFO] reader get 4 
[2022-04-22 22:03:38] [INFO] start get result 
[2022-04-22 22:03:38] [INFO] end get result 5 
[2022-04-22 22:03:38] [INFO] reader get 5 
[2022-04-22 22:03:38] [INFO] start get result 
[2022-04-22 22:03:38] [INFO] end get result 18 
[2022-04-22 22:03:38] [INFO] reader get 18 
[2022-04-22 22:03:38] [INFO] start get result 
[2022-04-22 22:03:38] [INFO] start writer 
[2022-04-22 22:03:38] [INFO] writer send [14, 15, 16, 17] 
[2022-04-22 22:03:38] [INFO] end writer 
[2022-04-22 22:03:38] [INFO] end writer 
[2022-04-22 22:03:38] [INFO] end get result 19 
[2022-04-22 22:03:38] [INFO] reader get 19 
[2022-04-22 22:03:38] [INFO] start get result 
[2022-04-22 22:03:38] [INFO] writer send [18, 19, 20] 
[2022-04-22 22:03:38] [INFO] end writer 
[2022-04-22 22:03:38] [INFO] end get result 2 
[2022-04-22 22:03:38] [INFO] reader get 2 
[2022-04-22 22:03:38] [INFO] start reader 
[2022-04-22 22:03:38] [INFO] start get result 
[2022-04-22 22:03:38] [INFO] start reader 
[2022-04-22 22:03:38] [INFO] end get result 1 
[2022-04-22 22:03:38] [INFO] reader get 1 
[2022-04-22 22:03:38] [INFO] start reader 
[2022-04-22 22:03:38] [INFO] start get result 
[2022-04-22 22:03:38] [INFO] start get result 
[2022-04-22 22:03:38] [INFO] end get result 16 
[2022-04-22 22:03:38] [INFO] start reader 
[2022-04-22 22:03:38] [INFO] start get result 
[2022-04-22 22:03:38] [INFO] end get result 17 
[2022-04-22 22:03:38] [INFO] reader get 17 
[2022-04-22 22:03:38] [INFO] start reader 
[2022-04-22 22:03:38] [INFO] writer try send [11, 12, 13] 
[2022-04-22 22:03:38] [INFO] writer send [11, 12, 13] 
[2022-04-22 22:03:38] [INFO] start reader 
[2022-04-22 22:03:38] [INFO] start get result 
[2022-04-22 22:03:38] [INFO] end get result 9 
[2022-04-22 22:03:38] [INFO] start writer 
[2022-04-22 22:03:38] [INFO] start reader 
[2022-04-22 22:03:38] [INFO] writer try send [6] 
[2022-04-22 22:03:38] [INFO] start writer 
[2022-04-22 22:03:38] [INFO] start get result 
[2022-04-22 22:03:38] [INFO] end get result 11 
[2022-04-22 22:03:38] [INFO] reader get 11 
[2022-04-22 22:03:38] [INFO] start get result 
[2022-04-22 22:03:38] [INFO] end get result 12 
[2022-04-22 22:03:38] [INFO] reader get 12 
[2022-04-22 22:03:38] [INFO] start get result 
[2022-04-22 22:03:38] [INFO] end writer 
[2022-04-22 22:03:38] [INFO] writer send [6] 
[2022-04-22 22:03:38] [INFO] end writer 
[2022-04-22 22:03:38] [INFO] start get result 
[2022-04-22 22:03:38] [INFO] end get result 6 
[2022-04-22 22:03:38] [INFO] reader get 6 
[2022-04-22 22:03:38] [INFO] start get result 
[2022-04-22 22:03:38] [INFO] end writer 
[2022-04-22 22:03:38] [INFO] start get result 
[2022-04-22 22:03:38] [INFO] end get result 10 
[2022-04-22 22:03:38] [INFO] reader get 9 
[2022-04-22 22:03:38] [INFO] start get result 
[2022-04-22 22:03:38] [INFO] end writer 
[2022-04-22 22:03:38] [INFO] start get result 
[2022-04-22 22:03:38] [INFO] end get result 8 
[2022-04-22 22:03:38] [INFO] reader get 8 
[2022-04-22 22:03:38] [INFO] start get result 
[2022-04-22 22:03:38] [INFO] end get result 7 
[2022-04-22 22:03:38] [INFO] reader get 7 
[2022-04-22 22:03:38] [INFO] start get result 
[2022-04-22 22:03:38] [INFO] reader get 16 
[2022-04-22 22:03:38] [INFO] start get result 
[2022-04-22 22:03:38] [INFO] end get result 15 
[2022-04-22 22:03:38] [INFO] reader get 15 
[2022-04-22 22:03:38] [INFO] start get result 
[2022-04-22 22:03:38] [INFO] writer send [7, 8, 9, 10] 
[2022-04-22 22:03:38] [INFO] end writer 
[2022-04-22 22:03:38] [INFO] start get result 
[2022-04-22 22:03:38] [INFO] end get result 14 
[2022-04-22 22:03:38] [INFO] reader get 14 
[2022-04-22 22:03:38] [INFO] start get result 
[2022-04-22 22:03:38] [INFO] end get result 20 
[2022-04-22 22:03:38] [INFO] reader get 20 
[2022-04-22 22:03:38] [INFO] start get result 
[2022-04-22 22:03:38] [INFO] reader get 10 
[2022-04-22 22:03:38] [INFO] start get result 
[2022-04-22 22:03:38] [INFO] end get result 13 
[2022-04-22 22:03:38] [INFO] reader get 13 
[2022-04-22 22:03:38] [INFO] start get result 
[2022-04-22 22:03:38] [INFO] start get result 
Exception in thread "Thread-64424" java.util.concurrent.TimeoutException
	at serie1.Ex4.BlockingMessageQueueFuture$MyFuture.get(BlockingMessageQueueFuture.kt:222)
	at serie1.ex4.FutureTest$blocking_message_multiple_send_receive$2$thread$1.invoke(BlockingMessageQueueWithFutureTest.kt:179)
	at serie1.ex4.FutureTest$blocking_message_multiple_send_receive$2$thread$1.invoke(BlockingMessageQueueWithFutureTest.kt:169)
	at kotlin.concurrent.ThreadsKt$thread$thread$1.run(Thread.kt:30)
Exception in thread "Thread-64425" java.util.concurrent.TimeoutException
	at serie1.Ex4.BlockingMessageQueueFuture$MyFuture.get(BlockingMessageQueueFuture.kt:222)
	at serie1.ex4.FutureTest$blocking_message_multiple_send_receive$2$thread$1.invoke(BlockingMessageQueueWithFutureTest.kt:179)
	at serie1.ex4.FutureTest$blocking_message_multiple_send_receive$2$thread$1.invoke(BlockingMessageQueueWithFutureTest.kt:169)
	at kotlin.concurrent.ThreadsKt$thread$thread$1.run(Thread.kt:30)
Exception in thread "Thread-64428" java.util.concurrent.TimeoutException
	at serie1.Ex4.BlockingMessageQueueFuture$MyFuture.get(BlockingMessageQueueFuture.kt:222)
	at serie1.ex4.FutureTest$blocking_message_multiple_send_receive$2$thread$1.invoke(BlockingMessageQueueWithFutureTest.kt:179)
	at serie1.ex4.FutureTest$blocking_message_multiple_send_receive$2$thread$1.invoke(BlockingMessageQueueWithFutureTest.kt:169)
	at kotlin.concurrent.ThreadsKt$thread$thread$1.run(Thread.kt:30)
Exception in thread "Thread-64419" java.util.concurrent.TimeoutException
	at serie1.Ex4.BlockingMessageQueueFuture$MyFuture.get(BlockingMessageQueueFuture.kt:222)
	at serie1.ex4.FutureTest$blocking_message_multiple_send_receive$2$thread$1.invoke(BlockingMessageQueueWithFutureTest.kt:179)
	at serie1.ex4.FutureTest$blocking_message_multiple_send_receive$2$thread$1.invoke(BlockingMessageQueueWithFutureTest.kt:169)
	at kotlin.concurrent.ThreadsKt$thread$thread$1.run(Thread.kt:30)
Exception in thread "Thread-64422" java.util.concurrent.TimeoutException
	at serie1.Ex4.BlockingMessageQueueFuture$MyFuture.get(BlockingMessageQueueFuture.kt:222)
	at serie1.ex4.FutureTest$blocking_message_multiple_send_receive$2$thread$1.invoke(BlockingMessageQueueWithFutureTest.kt:179)
	at serie1.ex4.FutureTest$blocking_message_multiple_send_receive$2$thread$1.invoke(BlockingMessageQueueWithFutureTest.kt:169)
	at kotlin.concurrent.ThreadsKt$thread$thread$1.run(Thread.kt:30)
Exception in thread "Thread-64420" java.util.concurrent.TimeoutException
	at serie1.Ex4.BlockingMessageQueueFuture$MyFuture.get(BlockingMessageQueueFuture.kt:222)
	at serie1.ex4.FutureTest$blocking_message_multiple_send_receive$2$thread$1.invoke(BlockingMessageQueueWithFutureTest.kt:179)
	at serie1.ex4.FutureTest$blocking_message_multiple_send_receive$2$thread$1.invoke(BlockingMessageQueueWithFutureTest.kt:169)
	at kotlin.concurrent.ThreadsKt$thread$thread$1.run(Thread.kt:30)
Exception in thread "Thread-64426" java.util.concurrent.TimeoutException
	at serie1.Ex4.BlockingMessageQueueFuture$MyFuture.get(BlockingMessageQueueFuture.kt:222)
	at serie1.ex4.FutureTest$blocking_message_multiple_send_receive$2$thread$1.invoke(BlockingMessageQueueWithFutureTest.kt:179)
	at serie1.ex4.FutureTest$blocking_message_multiple_send_receive$2$thread$1.invoke(BlockingMessageQueueWithFutureTest.kt:169)
	at kotlin.concurrent.ThreadsKt$thread$thread$1.run(Thread.kt:30)
Exception in thread "Thread-64423" java.util.concurrent.TimeoutException
	at serie1.Ex4.BlockingMessageQueueFuture$MyFuture.get(BlockingMessageQueueFuture.kt:222)
	at serie1.ex4.FutureTest$blocking_message_multiple_send_receive$2$thread$1.invoke(BlockingMessageQueueWithFutureTest.kt:179)
	at serie1.ex4.FutureTest$blocking_message_multiple_send_receive$2$thread$1.invoke(BlockingMessageQueueWithFutureTest.kt:169)
	at kotlin.concurrent.ThreadsKt$thread$thread$1.run(Thread.kt:30)
Exception in thread "Thread-64427" java.util.concurrent.TimeoutException
	at serie1.Ex4.BlockingMessageQueueFuture$MyFuture.get(BlockingMessageQueueFuture.kt:222)
	at serie1.ex4.FutureTest$blocking_message_multiple_send_receive$2$thread$1.invoke(BlockingMessageQueueWithFutureTest.kt:179)
	at serie1.ex4.FutureTest$blocking_message_multiple_send_receive$2$thread$1.invoke(BlockingMessageQueueWithFutureTest.kt:169)
	at kotlin.concurrent.ThreadsKt$thread$thread$1.run(Thread.kt:30)
Exception in thread "Thread-64421" java.util.concurrent.TimeoutException
	at serie1.Ex4.BlockingMessageQueueFuture$MyFuture.get(BlockingMessageQueueFuture.kt:222)
	at serie1.ex4.FutureTest$blocking_message_multiple_send_receive$2$thread$1.invoke(BlockingMessageQueueWithFutureTest.kt:179)
	at serie1.ex4.FutureTest$blocking_message_multiple_send_receive$2$thread$1.invoke(BlockingMessageQueueWithFutureTest.kt:169)
	at kotlin.concurrent.ThreadsKt$thread$thread$1.run(Thread.kt:30)
[2022-04-22 22:03:40] [INFO] start writer 
[2022-04-22 22:03:40] [INFO] writer try send [1, 2, 3] 
[2022-04-22 22:03:40] [INFO] writer send [1, 2, 3] 
[2022-04-22 22:03:40] [INFO] writer try send [4, 5] 
[2022-04-22 22:03:40] [INFO] writer send [4, 5] 
[2022-04-22 22:03:40] [INFO] writer try send [6] 
[2022-04-22 22:03:40] [INFO] writer send [6] 
[2022-04-22 22:03:40] [INFO] writer try send [7, 8, 9, 10] 
[2022-04-22 22:03:40] [INFO] start writer 
[2022-04-22 22:03:40] [INFO] start writer 
[2022-04-22 22:03:40] [INFO] start writer 
[2022-04-22 22:03:40] [INFO] writer try send [18, 19, 20] 
[2022-04-22 22:03:40] [INFO] start writer 
[2022-04-22 22:03:40] [INFO] start writer 
[2022-04-22 22:03:40] [INFO] end writer 
[2022-04-22 22:03:40] [INFO] end writer 
[2022-04-22 22:03:40] [INFO] start writer 
[2022-04-22 22:03:40] [INFO] end writer 
[2022-04-22 22:03:40] [INFO] writer try send [14, 15, 16, 17] 
[2022-04-22 22:03:40] [INFO] writer try send [11, 12, 13] 
[2022-04-22 22:03:40] [INFO] start reader 
[2022-04-22 22:03:40] [INFO] start writer 
[2022-04-22 22:03:40] [INFO] end writer 
[2022-04-22 22:03:40] [INFO] start reader 
[2022-04-22 22:03:40] [INFO] start reader 
[2022-04-22 22:03:40] [INFO] start get result 
[2022-04-22 22:03:40] [INFO] end get result 1 
[2022-04-22 22:03:40] [INFO] start get result 
[2022-04-22 22:03:40] [INFO] start reader 
[2022-04-22 22:03:40] [INFO] end get result 2 
[2022-04-22 22:03:40] [INFO] reader get 2 
[2022-04-22 22:03:40] [INFO] start get result 
[2022-04-22 22:03:40] [INFO] start get result 
[2022-04-22 22:03:40] [INFO] end get result 3 
[2022-04-22 22:03:40] [INFO] start get result 
[2022-04-22 22:03:40] [INFO] end get result 5 
[2022-04-22 22:03:40] [INFO] reader get 5 
[2022-04-22 22:03:40] [INFO] start get result 
[2022-04-22 22:03:40] [INFO] end get result 6 
[2022-04-22 22:03:40] [INFO] writer send [18, 19, 20] 
[2022-04-22 22:03:40] [INFO] end writer 
[2022-04-22 22:03:40] [INFO] reader get 1 
[2022-04-22 22:03:40] [INFO] start get result 
[2022-04-22 22:03:40] [INFO] end get result 11 
[2022-04-22 22:03:40] [INFO] reader get 11 
[2022-04-22 22:03:40] [INFO] start get result 
[2022-04-22 22:03:40] [INFO] end get result 12 
[2022-04-22 22:03:40] [INFO] reader get 12 
[2022-04-22 22:03:40] [INFO] start get result 
[2022-04-22 22:03:40] [INFO] end get result 13 
[2022-04-22 22:03:40] [INFO] reader get 13 
[2022-04-22 22:03:40] [INFO] start get result 
[2022-04-22 22:03:40] [INFO] writer send [7, 8, 9, 10] 
[2022-04-22 22:03:40] [INFO] end writer 
[2022-04-22 22:03:40] [INFO] reader get 6 
[2022-04-22 22:03:40] [INFO] start get result 
[2022-04-22 22:03:40] [INFO] end get result 19 
[2022-04-22 22:03:40] [INFO] reader get 3 
[2022-04-22 22:03:40] [INFO] start get result 
[2022-04-22 22:03:40] [INFO] end get result 20 
[2022-04-22 22:03:40] [INFO] reader get 20 
[2022-04-22 22:03:40] [INFO] start get result 
[2022-04-22 22:03:40] [INFO] end get result 7 
[2022-04-22 22:03:40] [INFO] reader get 7 
[2022-04-22 22:03:40] [INFO] start get result 
[2022-04-22 22:03:40] [INFO] writer send [14, 15, 16, 17] 
[2022-04-22 22:03:40] [INFO] end writer 
[2022-04-22 22:03:40] [INFO] writer send [11, 12, 13] 
[2022-04-22 22:03:40] [INFO] end writer 
[2022-04-22 22:03:40] [INFO] end get result 4 
[2022-04-22 22:03:40] [INFO] reader get 4 
[2022-04-22 22:03:40] [INFO] start get result 
[2022-04-22 22:03:40] [INFO] end get result 9 
[2022-04-22 22:03:40] [INFO] reader get 9 
[2022-04-22 22:03:40] [INFO] start get result 
[2022-04-22 22:03:40] [INFO] start reader 
[2022-04-22 22:03:40] [INFO] end get result 10 
[2022-04-22 22:03:40] [INFO] reader get 10 
[2022-04-22 22:03:40] [INFO] start get result 
[2022-04-22 22:03:40] [INFO] start reader 
[2022-04-22 22:03:40] [INFO] end get result 8 
[2022-04-22 22:03:40] [INFO] reader get 8 
[2022-04-22 22:03:40] [INFO] reader get 19 
[2022-04-22 22:03:40] [INFO] start get result 
[2022-04-22 22:03:40] [INFO] end get result 17 
[2022-04-22 22:03:40] [INFO] reader get 17 
[2022-04-22 22:03:40] [INFO] start get result 
[2022-04-22 22:03:40] [INFO] end get result 18 
[2022-04-22 22:03:40] [INFO] reader get 18 
[2022-04-22 22:03:40] [INFO] start get result 
[2022-04-22 22:03:40] [INFO] start get result 
[2022-04-22 22:03:40] [INFO] start reader 
[2022-04-22 22:03:40] [INFO] start get result 
[2022-04-22 22:03:40] [INFO] start reader 
[2022-04-22 22:03:40] [INFO] start get result 
[2022-04-22 22:03:40] [INFO] end get result 15 
[2022-04-22 22:03:40] [INFO] start reader 
[2022-04-22 22:03:40] [INFO] end get result 14 
[2022-04-22 22:03:40] [INFO] reader get 15 
[2022-04-22 22:03:40] [INFO] start get result 
[2022-04-22 22:03:40] [INFO] end get result 16 
[2022-04-22 22:03:40] [INFO] start get result 
[2022-04-22 22:03:40] [INFO] reader get 16 
[2022-04-22 22:03:40] [INFO] start get result 
[2022-04-22 22:03:40] [INFO] start reader 
[2022-04-22 22:03:40] [INFO] start get result 
[2022-04-22 22:03:40] [INFO] reader get 14 
[2022-04-22 22:03:40] [INFO] start get result 
[2022-04-22 22:03:40] [INFO] start get result 
[2022-04-22 22:03:40] [INFO] start get result 
Exception in thread "Thread-64447" java.util.concurrent.TimeoutException
	at serie1.Ex4.BlockingMessageQueueFuture$MyFuture.get(BlockingMessageQueueFuture.kt:222)
	at serie1.ex4.FutureTest$blocking_message_multiple_send_receive$2$thread$1.invoke(BlockingMessageQueueWithFutureTest.kt:179)
	at serie1.ex4.FutureTest$blocking_message_multiple_send_receive$2$thread$1.invoke(BlockingMessageQueueWithFutureTest.kt:169)
	at kotlin.concurrent.ThreadsKt$thread$thread$1.run(Thread.kt:30)
Exception in thread "Thread-64444" java.util.concurrent.TimeoutException
	at serie1.Ex4.BlockingMessageQueueFuture$MyFuture.get(BlockingMessageQueueFuture.kt:222)
	at serie1.ex4.FutureTest$blocking_message_multiple_send_receive$2$thread$1.invoke(BlockingMessageQueueWithFutureTest.kt:179)
	at serie1.ex4.FutureTest$blocking_message_multiple_send_receive$2$thread$1.invoke(BlockingMessageQueueWithFutureTest.kt:169)
	at kotlin.concurrent.ThreadsKt$thread$thread$1.run(Thread.kt:30)
Exception in thread "Thread-64438" java.util.concurrent.TimeoutException
	at serie1.Ex4.BlockingMessageQueueFuture$MyFuture.get(BlockingMessageQueueFuture.kt:222)
	at serie1.ex4.FutureTest$blocking_message_multiple_send_receive$2$thread$1.invoke(BlockingMessageQueueWithFutureTest.kt:179)
	at serie1.ex4.FutureTest$blocking_message_multiple_send_receive$2$thread$1.invoke(BlockingMessageQueueWithFutureTest.kt:169)
	at kotlin.concurrent.ThreadsKt$thread$thread$1.run(Thread.kt:30)
Exception in thread "Thread-64439" java.util.concurrent.TimeoutException
	at serie1.Ex4.BlockingMessageQueueFuture$MyFuture.get(BlockingMessageQueueFuture.kt:222)
	at serie1.ex4.FutureTest$blocking_message_multiple_send_receive$2$thread$1.invoke(BlockingMessageQueueWithFutureTest.kt:179)
	at serie1.ex4.FutureTest$blocking_message_multiple_send_receive$2$thread$1.invoke(BlockingMessageQueueWithFutureTest.kt:169)
	at kotlin.concurrent.ThreadsKt$thread$thread$1.run(Thread.kt:30)
Exception in thread "Thread-64446" java.util.concurrent.TimeoutException
	at serie1.Ex4.BlockingMessageQueueFuture$MyFuture.get(BlockingMessageQueueFuture.kt:222)
	at serie1.ex4.FutureTest$blocking_message_multiple_send_receive$2$thread$1.invoke(BlockingMessageQueueWithFutureTest.kt:179)
	at serie1.ex4.FutureTest$blocking_message_multiple_send_receive$2$thread$1.invoke(BlockingMessageQueueWithFutureTest.kt:169)
	at kotlin.concurrent.ThreadsKt$thread$thread$1.run(Thread.kt:30)
Exception in thread "Thread-64445" java.util.concurrent.TimeoutException
	at serie1.Ex4.BlockingMessageQueueFuture$MyFuture.get(BlockingMessageQueueFuture.kt:222)
	at serie1.ex4.FutureTest$blocking_message_multiple_send_receive$2$thread$1.invoke(BlockingMessageQueueWithFutureTest.kt:179)
	at serie1.ex4.FutureTest$blocking_message_multiple_send_receive$2$thread$1.invoke(BlockingMessageQueueWithFutureTest.kt:169)
	at kotlin.concurrent.ThreadsKt$thread$thread$1.run(Thread.kt:30)
Exception in thread "Thread-64441" java.util.concurrent.TimeoutException
	at serie1.Ex4.BlockingMessageQueueFuture$MyFuture.get(BlockingMessageQueueFuture.kt:222)
	at serie1.ex4.FutureTest$blocking_message_multiple_send_receive$2$thread$1.invoke(BlockingMessageQueueWithFutureTest.kt:179)
	at serie1.ex4.FutureTest$blocking_message_multiple_send_receive$2$thread$1.invoke(BlockingMessageQueueWithFutureTest.kt:169)
	at kotlin.concurrent.ThreadsKt$thread$thread$1.run(Thread.kt:30)
Exception in thread "Thread-64440" java.util.concurrent.TimeoutException
	at serie1.Ex4.BlockingMessageQueueFuture$MyFuture.get(BlockingMessageQueueFuture.kt:222)
	at serie1.ex4.FutureTest$blocking_message_multiple_send_receive$2$thread$1.invoke(BlockingMessageQueueWithFutureTest.kt:179)
	at serie1.ex4.FutureTest$blocking_message_multiple_send_receive$2$thread$1.invoke(BlockingMessageQueueWithFutureTest.kt:169)
	at kotlin.concurrent.ThreadsKt$thread$thread$1.run(Thread.kt:30)
Exception in thread "Thread-64442" java.util.concurrent.TimeoutException
	at serie1.Ex4.BlockingMessageQueueFuture$MyFuture.get(BlockingMessageQueueFuture.kt:222)
	at serie1.ex4.FutureTest$blocking_message_multiple_send_receive$2$thread$1.invoke(BlockingMessageQueueWithFutureTest.kt:179)
	at serie1.ex4.FutureTest$blocking_message_multiple_send_receive$2$thread$1.invoke(BlockingMessageQueueWithFutureTest.kt:169)
	at kotlin.concurrent.ThreadsKt$thread$thread$1.run(Thread.kt:30)
Exception in thread "Thread-64443" java.util.concurrent.TimeoutException
	at serie1.Ex4.BlockingMessageQueueFuture$MyFuture.get(BlockingMessageQueueFuture.kt:222)
	at serie1.ex4.FutureTest$blocking_message_multiple_send_receive$2$thread$1.invoke(BlockingMessageQueueWithFutureTest.kt:179)
	at serie1.ex4.FutureTest$blocking_message_multiple_send_receive$2$thread$1.invoke(BlockingMessageQueueWithFutureTest.kt:169)
	at kotlin.concurrent.ThreadsKt$thread$thread$1.run(Thread.kt:30)
[2022-04-22 22:03:42] [INFO] start writer 
[2022-04-22 22:03:42] [INFO] writer try send [1, 2, 3] 
[2022-04-22 22:03:42] [INFO] start writer 
[2022-04-22 22:03:42] [INFO] start writer 
[2022-04-22 22:03:42] [INFO] writer try send [6] 
[2022-04-22 22:03:42] [INFO] writer try send [4, 5] 
[2022-04-22 22:03:42] [INFO] writer send [4, 5] 
[2022-04-22 22:03:42] [INFO] writer try send [7, 8, 9, 10] 
[2022-04-22 22:03:42] [INFO] start reader 
[2022-04-22 22:03:42] [INFO] writer send [1, 2, 3] 
[2022-04-22 22:03:42] [INFO] start writer 
[2022-04-22 22:03:42] [INFO] start reader 
[2022-04-22 22:03:42] [INFO] start writer 
[2022-04-22 22:03:42] [INFO] writer try send [18, 19, 20] 
[2022-04-22 22:03:42] [INFO] writer try send [14, 15, 16, 17] 
[2022-04-22 22:03:42] [INFO] start get result 
[2022-04-22 22:03:42] [INFO] end get result 1 
[2022-04-22 22:03:42] [INFO] writer try send [11, 12, 13] 
[2022-04-22 22:03:42] [INFO] writer send [18, 19, 20] 
[2022-04-22 22:03:42] [INFO] end writer 
[2022-04-22 22:03:42] [INFO] start writer 
[2022-04-22 22:03:42] [INFO] end writer 
[2022-04-22 22:03:42] [INFO] start writer 
[2022-04-22 22:03:42] [INFO] end writer 
[2022-04-22 22:03:42] [INFO] start writer 
[2022-04-22 22:03:42] [INFO] end writer 
[2022-04-22 22:03:42] [INFO] writer send [6] 
[2022-04-22 22:03:42] [INFO] end writer 
[2022-04-22 22:03:42] [INFO] start get result 
[2022-04-22 22:03:42] [INFO] end get result 2 
[2022-04-22 22:03:42] [INFO] reader get 2 
[2022-04-22 22:03:42] [INFO] start get result 
[2022-04-22 22:03:42] [INFO] reader get 1 
[2022-04-22 22:03:42] [INFO] start get result 
[2022-04-22 22:03:42] [INFO] end get result 6 
[2022-04-22 22:03:42] [INFO] reader get 6 
[2022-04-22 22:03:42] [INFO] start reader 
[2022-04-22 22:03:42] [INFO] writer send [11, 12, 13] 
[2022-04-22 22:03:42] [INFO] end writer 
[2022-04-22 22:03:42] [INFO] start get result 
[2022-04-22 22:03:42] [INFO] start reader 
[2022-04-22 22:03:42] [INFO] end get result 3 
[2022-04-22 22:03:42] [INFO] reader get 3 
[2022-04-22 22:03:42] [INFO] start reader 
[2022-04-22 22:03:42] [INFO] start get result 
[2022-04-22 22:03:42] [INFO] end get result 18 
[2022-04-22 22:03:42] [INFO] end get result 4 
[2022-04-22 22:03:42] [INFO] start get result 
[2022-04-22 22:03:42] [INFO] end get result 19 
[2022-04-22 22:03:42] [INFO] reader get 4 
[2022-04-22 22:03:42] [INFO] start get result 
[2022-04-22 22:03:42] [INFO] start reader 
[2022-04-22 22:03:42] [INFO] reader get 18 
[2022-04-22 22:03:42] [INFO] start get result 
[2022-04-22 22:03:42] [INFO] end get result 11 
[2022-04-22 22:03:42] [INFO] reader get 11 
[2022-04-22 22:03:42] [INFO] start get result 
[2022-04-22 22:03:42] [INFO] end get result 13 
[2022-04-22 22:03:42] [INFO] start get result 
[2022-04-22 22:03:42] [INFO] end get result 5 
[2022-04-22 22:03:42] [INFO] reader get 5 
[2022-04-22 22:03:42] [INFO] reader get 13 
[2022-04-22 22:03:42] [INFO] start get result 
[2022-04-22 22:03:42] [INFO] end get result 16 
[2022-04-22 22:03:42] [INFO] reader get 16 
[2022-04-22 22:03:42] [INFO] start get result 
[2022-04-22 22:03:42] [INFO] end get result 17 
[2022-04-22 22:03:42] [INFO] reader get 17 
[2022-04-22 22:03:42] [INFO] start get result 
[2022-04-22 22:03:42] [INFO] start reader 
[2022-04-22 22:03:42] [INFO] start get result 
[2022-04-22 22:03:42] [INFO] start reader 
[2022-04-22 22:03:42] [INFO] end get result 12 
[2022-04-22 22:03:42] [INFO] reader get 12 
[2022-04-22 22:03:42] [INFO] start get result 
[2022-04-22 22:03:42] [INFO] start reader 
[2022-04-22 22:03:42] [INFO] start get result 
[2022-04-22 22:03:42] [INFO] end get result 9 
[2022-04-22 22:03:42] [INFO] start reader 
[2022-04-22 22:03:42] [INFO] end get result 20 
[2022-04-22 22:03:42] [INFO] reader get 20 
[2022-04-22 22:03:42] [INFO] start get result 
[2022-04-22 22:03:42] [INFO] start get result 
[2022-04-22 22:03:42] [INFO] writer send [14, 15, 16, 17] 
[2022-04-22 22:03:42] [INFO] end writer 
[2022-04-22 22:03:42] [INFO] reader get 19 
[2022-04-22 22:03:42] [INFO] start get result 
[2022-04-22 22:03:42] [INFO] start get result 
[2022-04-22 22:03:42] [INFO] reader get 9 
[2022-04-22 22:03:42] [INFO] start get result 
[2022-04-22 22:03:42] [INFO] start get result 
[2022-04-22 22:03:42] [INFO] end get result 10 
[2022-04-22 22:03:42] [INFO] end get result 8 
[2022-04-22 22:03:42] [INFO] reader get 10 
[2022-04-22 22:03:42] [INFO] reader get 8 
[2022-04-22 22:03:42] [INFO] start get result 
[2022-04-22 22:03:42] [INFO] start get result 
[2022-04-22 22:03:42] [INFO] end get result 7 
[2022-04-22 22:03:42] [INFO] reader get 7 
[2022-04-22 22:03:42] [INFO] start get result 
[2022-04-22 22:03:42] [INFO] start get result 
[2022-04-22 22:03:42] [INFO] end get result 15 
[2022-04-22 22:03:42] [INFO] reader get 15 
[2022-04-22 22:03:42] [INFO] start get result 
[2022-04-22 22:03:42] [INFO] start get result 
[2022-04-22 22:03:42] [INFO] end get result 14 
[2022-04-22 22:03:42] [INFO] reader get 14 
[2022-04-22 22:03:42] [INFO] start get result 
[2022-04-22 22:03:42] [INFO] writer send [7, 8, 9, 10] 
[2022-04-22 22:03:42] [INFO] end writer 
Exception in thread "Thread-64463" java.util.concurrent.TimeoutException
	at serie1.Ex4.BlockingMessageQueueFuture$MyFuture.get(BlockingMessageQueueFuture.kt:222)
	at serie1.ex4.FutureTest$blocking_message_multiple_send_receive$2$thread$1.invoke(BlockingMessageQueueWithFutureTest.kt:179)
	at serie1.ex4.FutureTest$blocking_message_multiple_send_receive$2$thread$1.invoke(BlockingMessageQueueWithFutureTest.kt:169)
	at kotlin.concurrent.ThreadsKt$thread$thread$1.run(Thread.kt:30)
Exception in thread "Thread-64457" java.util.concurrent.TimeoutException
	at serie1.Ex4.BlockingMessageQueueFuture$MyFuture.get(BlockingMessageQueueFuture.kt:222)
	at serie1.ex4.FutureTest$blocking_message_multiple_send_receive$2$thread$1.invoke(BlockingMessageQueueWithFutureTest.kt:179)
	at serie1.ex4.FutureTest$blocking_message_multiple_send_receive$2$thread$1.invoke(BlockingMessageQueueWithFutureTest.kt:169)
	at kotlin.concurrent.ThreadsKt$thread$thread$1.run(Thread.kt:30)
Exception in thread "Thread-64465" java.util.concurrent.TimeoutException
	at serie1.Ex4.BlockingMessageQueueFuture$MyFuture.get(BlockingMessageQueueFuture.kt:222)
	at serie1.ex4.FutureTest$blocking_message_multiple_send_receive$2$thread$1.invoke(BlockingMessageQueueWithFutureTest.kt:179)
	at serie1.ex4.FutureTest$blocking_message_multiple_send_receive$2$thread$1.invoke(BlockingMessageQueueWithFutureTest.kt:169)
	at kotlin.concurrent.ThreadsKt$thread$thread$1.run(Thread.kt:30)
Exception in thread "Thread-64459" java.util.concurrent.TimeoutException
	at serie1.Ex4.BlockingMessageQueueFuture$MyFuture.get(BlockingMessageQueueFuture.kt:222)
	at serie1.ex4.FutureTest$blocking_message_multiple_send_receive$2$thread$1.invoke(BlockingMessageQueueWithFutureTest.kt:179)
	at serie1.ex4.FutureTest$blocking_message_multiple_send_receive$2$thread$1.invoke(BlockingMessageQueueWithFutureTest.kt:169)
	at kotlin.concurrent.ThreadsKt$thread$thread$1.run(Thread.kt:30)
Exception in thread "Thread-64464" java.util.concurrent.TimeoutException
	at serie1.Ex4.BlockingMessageQueueFuture$MyFuture.get(BlockingMessageQueueFuture.kt:222)
	at serie1.ex4.FutureTest$blocking_message_multiple_send_receive$2$thread$1.invoke(BlockingMessageQueueWithFutureTest.kt:179)
	at serie1.ex4.FutureTest$blocking_message_multiple_send_receive$2$thread$1.invoke(BlockingMessageQueueWithFutureTest.kt:169)
	at kotlin.concurrent.ThreadsKt$thread$thread$1.run(Thread.kt:30)
Exception in thread "Thread-64460" java.util.concurrent.TimeoutException
	at serie1.Ex4.BlockingMessageQueueFuture$MyFuture.get(BlockingMessageQueueFuture.kt:222)
	at serie1.ex4.FutureTest$blocking_message_multiple_send_receive$2$thread$1.invoke(BlockingMessageQueueWithFutureTest.kt:179)
	at serie1.ex4.FutureTest$blocking_message_multiple_send_receive$2$thread$1.invoke(BlockingMessageQueueWithFutureTest.kt:169)
	at kotlin.concurrent.ThreadsKt$thread$thread$1.run(Thread.kt:30)
Exception in thread "Thread-64458" java.util.concurrent.TimeoutException
	at serie1.Ex4.BlockingMessageQueueFuture$MyFuture.get(BlockingMessageQueueFuture.kt:222)
	at serie1.ex4.FutureTest$blocking_message_multiple_send_receive$2$thread$1.invoke(BlockingMessageQueueWithFutureTest.kt:179)
	at serie1.ex4.FutureTest$blocking_message_multiple_send_receive$2$thread$1.invoke(BlockingMessageQueueWithFutureTest.kt:169)
	at kotlin.concurrent.ThreadsKt$thread$thread$1.run(Thread.kt:30)
Exception in thread "Thread-64466" java.util.concurrent.TimeoutException
	at serie1.Ex4.BlockingMessageQueueFuture$MyFuture.get(BlockingMessageQueueFuture.kt:222)
	at serie1.ex4.FutureTest$blocking_message_multiple_send_receive$2$thread$1.invoke(BlockingMessageQueueWithFutureTest.kt:179)
	at serie1.ex4.FutureTest$blocking_message_multiple_send_receive$2$thread$1.invoke(BlockingMessageQueueWithFutureTest.kt:169)
	at kotlin.concurrent.ThreadsKt$thread$thread$1.run(Thread.kt:30)
Exception in thread "Thread-64461" java.util.concurrent.TimeoutException
	at serie1.Ex4.BlockingMessageQueueFuture$MyFuture.get(BlockingMessageQueueFuture.kt:222)
	at serie1.ex4.FutureTest$blocking_message_multiple_send_receive$2$thread$1.invoke(BlockingMessageQueueWithFutureTest.kt:179)
	at serie1.ex4.FutureTest$blocking_message_multiple_send_receive$2$thread$1.invoke(BlockingMessageQueueWithFutureTest.kt:169)
	at kotlin.concurrent.ThreadsKt$thread$thread$1.run(Thread.kt:30)
Exception in thread "Thread-64462" java.util.concurrent.TimeoutException
	at serie1.Ex4.BlockingMessageQueueFuture$MyFuture.get(BlockingMessageQueueFuture.kt:222)
	at serie1.ex4.FutureTest$blocking_message_multiple_send_receive$2$thread$1.invoke(BlockingMessageQueueWithFutureTest.kt:179)
	at serie1.ex4.FutureTest$blocking_message_multiple_send_receive$2$thread$1.invoke(BlockingMessageQueueWithFutureTest.kt:169)
	at kotlin.concurrent.ThreadsKt$thread$thread$1.run(Thread.kt:30)
[2022-04-22 22:03:44] [INFO] start writer 
[2022-04-22 22:03:44] [INFO] writer try send [1, 2, 3] 
[2022-04-22 22:03:44] [INFO] writer send [1, 2, 3] 
[2022-04-22 22:03:44] [INFO] writer try send [4, 5] 
[2022-04-22 22:03:44] [INFO] writer send [4, 5] 
[2022-04-22 22:03:44] [INFO] start writer 
[2022-04-22 22:03:44] [INFO] start writer 
[2022-04-22 22:03:44] [INFO] writer try send [11, 12, 13] 
[2022-04-22 22:03:44] [INFO] writer send [11, 12, 13] 
[2022-04-22 22:03:44] [INFO] start writer 
[2022-04-22 22:03:44] [INFO] writer try send [18, 19, 20] 
[2022-04-22 22:03:44] [INFO] start writer 
[2022-04-22 22:03:44] [INFO] end writer 
[2022-04-22 22:03:44] [INFO] writer try send [7, 8, 9, 10] 
[2022-04-22 22:03:44] [INFO] start reader 
[2022-04-22 22:03:44] [INFO] start writer 
[2022-04-22 22:03:44] [INFO] end writer 
[2022-04-22 22:03:44] [INFO] writer try send [6] 
[2022-04-22 22:03:44] [INFO] start reader 
[2022-04-22 22:03:44] [INFO] start get result 
[2022-04-22 22:03:44] [INFO] start writer 
[2022-04-22 22:03:44] [INFO] end writer 
[2022-04-22 22:03:44] [INFO] start writer 
[2022-04-22 22:03:44] [INFO] end writer 
[2022-04-22 22:03:44] [INFO] start get result 
[2022-04-22 22:03:44] [INFO] end get result 2 
[2022-04-22 22:03:44] [INFO] reader get 2 
[2022-04-22 22:03:44] [INFO] start get result 
[2022-04-22 22:03:44] [INFO] writer send [6] 
[2022-04-22 22:03:44] [INFO] end writer 
[2022-04-22 22:03:44] [INFO] writer try send [14, 15, 16, 17] 
[2022-04-22 22:03:44] [INFO] end get result 3 
[2022-04-22 22:03:44] [INFO] reader get 3 
[2022-04-22 22:03:44] [INFO] start reader 
[2022-04-22 22:03:44] [INFO] end get result 1 
[2022-04-22 22:03:44] [INFO] start reader 
[2022-04-22 22:03:44] [INFO] writer send [18, 19, 20] 
[2022-04-22 22:03:44] [INFO] end writer 
[2022-04-22 22:03:44] [INFO] start get result 
[2022-04-22 22:03:44] [INFO] start get result 
[2022-04-22 22:03:44] [INFO] end get result 5 
[2022-04-22 22:03:44] [INFO] end get result 4 
[2022-04-22 22:03:44] [INFO] reader get 4 
[2022-04-22 22:03:44] [INFO] start get result 
[2022-04-22 22:03:44] [INFO] end get result 11 
[2022-04-22 22:03:44] [INFO] reader get 11 
[2022-04-22 22:03:44] [INFO] start get result 
[2022-04-22 22:03:44] [INFO] end get result 13 
[2022-04-22 22:03:44] [INFO] reader get 13 
[2022-04-22 22:03:44] [INFO] start get result 
[2022-04-22 22:03:44] [INFO] start reader 
[2022-04-22 22:03:44] [INFO] reader get 1 
[2022-04-22 22:03:44] [INFO] start get result 
[2022-04-22 22:03:44] [INFO] start reader 
[2022-04-22 22:03:44] [INFO] end get result 6 
[2022-04-22 22:03:44] [INFO] reader get 6 
[2022-04-22 22:03:44] [INFO] start get result 
[2022-04-22 22:03:44] [INFO] start reader 
[2022-04-22 22:03:44] [INFO] start get result 
[2022-04-22 22:03:44] [INFO] end get result 20 
[2022-04-22 22:03:44] [INFO] start get result 
[2022-04-22 22:03:44] [INFO] end get result 12 
[2022-04-22 22:03:44] [INFO] reader get 12 
[2022-04-22 22:03:44] [INFO] start get result 
[2022-04-22 22:03:44] [INFO] reader get 5 
[2022-04-22 22:03:44] [INFO] start get result 
[2022-04-22 22:03:44] [INFO] end get result 16 
[2022-04-22 22:03:44] [INFO] start get result 
[2022-04-22 22:03:44] [INFO] end get result 17 
[2022-04-22 22:03:44] [INFO] reader get 17 
[2022-04-22 22:03:44] [INFO] end get result 15 
[2022-04-22 22:03:44] [INFO] reader get 15 
[2022-04-22 22:03:44] [INFO] start get result 
[2022-04-22 22:03:44] [INFO] start get result 
[2022-04-22 22:03:44] [INFO] end get result 14 
[2022-04-22 22:03:44] [INFO] reader get 14 
[2022-04-22 22:03:44] [INFO] start get result 
[2022-04-22 22:03:44] [INFO] end get result 9 
[2022-04-22 22:03:44] [INFO] reader get 9 
[2022-04-22 22:03:44] [INFO] reader get 20 
[2022-04-22 22:03:44] [INFO] start get result 
[2022-04-22 22:03:44] [INFO] start reader 
[2022-04-22 22:03:44] [INFO] writer send [7, 8, 9, 10] 
[2022-04-22 22:03:44] [INFO] end writer 
[2022-04-22 22:03:44] [INFO] start reader 
[2022-04-22 22:03:44] [INFO] end get result 19 
[2022-04-22 22:03:44] [INFO] reader get 19 
[2022-04-22 22:03:44] [INFO] start get result 
[2022-04-22 22:03:44] [INFO] start reader 
[2022-04-22 22:03:44] [INFO] start get result 
[2022-04-22 22:03:44] [INFO] writer send [14, 15, 16, 17] 
[2022-04-22 22:03:44] [INFO] end writer 
[2022-04-22 22:03:44] [INFO] end get result 18 
[2022-04-22 22:03:44] [INFO] reader get 18 
[2022-04-22 22:03:44] [INFO] start get result 
[2022-04-22 22:03:44] [INFO] start get result 
[2022-04-22 22:03:44] [INFO] start get result 
[2022-04-22 22:03:44] [INFO] end get result 10 
[2022-04-22 22:03:44] [INFO] end get result 8 
[2022-04-22 22:03:44] [INFO] reader get 8 
[2022-04-22 22:03:44] [INFO] start get result 
[2022-04-22 22:03:44] [INFO] start get result 
[2022-04-22 22:03:44] [INFO] end get result 7 
[2022-04-22 22:03:44] [INFO] reader get 16 
[2022-04-22 22:03:44] [INFO] start get result 
[2022-04-22 22:03:44] [INFO] reader get 7 
[2022-04-22 22:03:44] [INFO] start get result 
[2022-04-22 22:03:44] [INFO] reader get 10 
[2022-04-22 22:03:44] [INFO] start get result 
[2022-04-22 22:03:44] [INFO] start get result 
Exception in thread "Thread-64485" java.util.concurrent.TimeoutException
	at serie1.Ex4.BlockingMessageQueueFuture$MyFuture.get(BlockingMessageQueueFuture.kt:222)
	at serie1.ex4.FutureTest$blocking_message_multiple_send_receive$2$thread$1.invoke(BlockingMessageQueueWithFutureTest.kt:179)
	at serie1.ex4.FutureTest$blocking_message_multiple_send_receive$2$thread$1.invoke(BlockingMessageQueueWithFutureTest.kt:169)
	at kotlin.concurrent.ThreadsKt$thread$thread$1.run(Thread.kt:30)
Exception in thread "Thread-64484" java.util.concurrent.TimeoutException
	at serie1.Ex4.BlockingMessageQueueFuture$MyFuture.get(BlockingMessageQueueFuture.kt:222)
	at serie1.ex4.FutureTest$blocking_message_multiple_send_receive$2$thread$1.invoke(BlockingMessageQueueWithFutureTest.kt:179)
	at serie1.ex4.FutureTest$blocking_message_multiple_send_receive$2$thread$1.invoke(BlockingMessageQueueWithFutureTest.kt:169)
	at kotlin.concurrent.ThreadsKt$thread$thread$1.run(Thread.kt:30)
Exception in thread "Thread-64483" java.util.concurrent.TimeoutException
	at serie1.Ex4.BlockingMessageQueueFuture$MyFuture.get(BlockingMessageQueueFuture.kt:222)
	at serie1.ex4.FutureTest$blocking_message_multiple_send_receive$2$thread$1.invoke(BlockingMessageQueueWithFutureTest.kt:179)
	at serie1.ex4.FutureTest$blocking_message_multiple_send_receive$2$thread$1.invoke(BlockingMessageQueueWithFutureTest.kt:169)
	at kotlin.concurrent.ThreadsKt$thread$thread$1.run(Thread.kt:30)
Exception in thread "Thread-64482" java.util.concurrent.TimeoutException
	at serie1.Ex4.BlockingMessageQueueFuture$MyFuture.get(BlockingMessageQueueFuture.kt:222)
	at serie1.ex4.FutureTest$blocking_message_multiple_send_receive$2$thread$1.invoke(BlockingMessageQueueWithFutureTest.kt:179)
	at serie1.ex4.FutureTest$blocking_message_multiple_send_receive$2$thread$1.invoke(BlockingMessageQueueWithFutureTest.kt:169)
	at kotlin.concurrent.ThreadsKt$thread$thread$1.run(Thread.kt:30)
Exception in thread "Thread-64480" java.util.concurrent.TimeoutException
	at serie1.Ex4.BlockingMessageQueueFuture$MyFuture.get(BlockingMessageQueueFuture.kt:222)
	at serie1.ex4.FutureTest$blocking_message_multiple_send_receive$2$thread$1.invoke(BlockingMessageQueueWithFutureTest.kt:179)
	at serie1.ex4.FutureTest$blocking_message_multiple_send_receive$2$thread$1.invoke(BlockingMessageQueueWithFutureTest.kt:169)
	at kotlin.concurrent.ThreadsKt$thread$thread$1.run(Thread.kt:30)
Exception in thread "Thread-64481" java.util.concurrent.TimeoutException
	at serie1.Ex4.BlockingMessageQueueFuture$MyFuture.get(BlockingMessageQueueFuture.kt:222)
	at serie1.ex4.FutureTest$blocking_message_multiple_send_receive$2$thread$1.invoke(BlockingMessageQueueWithFutureTest.kt:179)
	at serie1.ex4.FutureTest$blocking_message_multiple_send_receive$2$thread$1.invoke(BlockingMessageQueueWithFutureTest.kt:169)
	at kotlin.concurrent.ThreadsKt$thread$thread$1.run(Thread.kt:30)
Exception in thread "Thread-64477" java.util.concurrent.TimeoutException
	at serie1.Ex4.BlockingMessageQueueFuture$MyFuture.get(BlockingMessageQueueFuture.kt:222)
	at serie1.ex4.FutureTest$blocking_message_multiple_send_receive$2$thread$1.invoke(BlockingMessageQueueWithFutureTest.kt:179)
	at serie1.ex4.FutureTest$blocking_message_multiple_send_receive$2$thread$1.invoke(BlockingMessageQueueWithFutureTest.kt:169)
	at kotlin.concurrent.ThreadsKt$thread$thread$1.run(Thread.kt:30)
Exception in thread "Thread-64479" java.util.concurrent.TimeoutException
	at serie1.Ex4.BlockingMessageQueueFuture$MyFuture.get(BlockingMessageQueueFuture.kt:222)
	at serie1.ex4.FutureTest$blocking_message_multiple_send_receive$2$thread$1.invoke(BlockingMessageQueueWithFutureTest.kt:179)
	at serie1.ex4.FutureTest$blocking_message_multiple_send_receive$2$thread$1.invoke(BlockingMessageQueueWithFutureTest.kt:169)
	at kotlin.concurrent.ThreadsKt$thread$thread$1.run(Thread.kt:30)
Exception in thread "Thread-64478" java.util.concurrent.TimeoutException
	at serie1.Ex4.BlockingMessageQueueFuture$MyFuture.get(BlockingMessageQueueFuture.kt:222)
	at serie1.ex4.FutureTest$blocking_message_multiple_send_receive$2$thread$1.invoke(BlockingMessageQueueWithFutureTest.kt:179)
	at serie1.ex4.FutureTest$blocking_message_multiple_send_receive$2$thread$1.invoke(BlockingMessageQueueWithFutureTest.kt:169)
	at kotlin.concurrent.ThreadsKt$thread$thread$1.run(Thread.kt:30)
Exception in thread "Thread-64476" java.util.concurrent.TimeoutException
	at serie1.Ex4.BlockingMessageQueueFuture$MyFuture.get(BlockingMessageQueueFuture.kt:222)
	at serie1.ex4.FutureTest$blocking_message_multiple_send_receive$2$thread$1.invoke(BlockingMessageQueueWithFutureTest.kt:179)
	at serie1.ex4.FutureTest$blocking_message_multiple_send_receive$2$thread$1.invoke(BlockingMessageQueueWithFutureTest.kt:169)
	at kotlin.concurrent.ThreadsKt$thread$thread$1.run(Thread.kt:30)
[2022-04-22 22:03:46] [INFO] start writer 
[2022-04-22 22:03:46] [INFO] writer try send [1, 2, 3] 
[2022-04-22 22:03:46] [INFO] writer send [1, 2, 3] 
[2022-04-22 22:03:46] [INFO] start writer 
[2022-04-22 22:03:46] [INFO] start writer 
[2022-04-22 22:03:46] [INFO] writer try send [7, 8, 9, 10] 
[2022-04-22 22:03:46] [INFO] writer send [7, 8, 9, 10] 
[2022-04-22 22:03:46] [INFO] start writer 
[2022-04-22 22:03:46] [INFO] start writer 
[2022-04-22 22:03:46] [INFO] start writer 
[2022-04-22 22:03:46] [INFO] end writer 
[2022-04-22 22:03:46] [INFO] start writer 
[2022-04-22 22:03:46] [INFO] end writer 
[2022-04-22 22:03:46] [INFO] start writer 
[2022-04-22 22:03:46] [INFO] end writer 
[2022-04-22 22:03:46] [INFO] start reader 
[2022-04-22 22:03:46] [INFO] writer try send [6] 
[2022-04-22 22:03:46] [INFO] writer send [6] 
[2022-04-22 22:03:46] [INFO] end writer 
[2022-04-22 22:03:46] [INFO] start reader 
[2022-04-22 22:03:46] [INFO] writer try send [4, 5] 
[2022-04-22 22:03:46] [INFO] writer try send [18, 19, 20] 
[2022-04-22 22:03:46] [INFO] start reader 
[2022-04-22 22:03:46] [INFO] writer try send [14, 15, 16, 17] 
[2022-04-22 22:03:46] [INFO] start get result 
[2022-04-22 22:03:46] [INFO] end get result 1 
[2022-04-22 22:03:46] [INFO] start get result 
[2022-04-22 22:03:46] [INFO] end get result 2 
[2022-04-22 22:03:46] [INFO] start get result 
[2022-04-22 22:03:46] [INFO] end get result 3 
[2022-04-22 22:03:46] [INFO] reader get 3 
[2022-04-22 22:03:46] [INFO] start get result 
[2022-04-22 22:03:46] [INFO] writer send [18, 19, 20] 
[2022-04-22 22:03:46] [INFO] end writer 
[2022-04-22 22:03:46] [INFO] writer try send [11, 12, 13] 
[2022-04-22 22:03:46] [INFO] end get result 7 
[2022-04-22 22:03:46] [INFO] reader get 7 
[2022-04-22 22:03:46] [INFO] start get result 
[2022-04-22 22:03:46] [INFO] end get result 8 
[2022-04-22 22:03:46] [INFO] reader get 2 
[2022-04-22 22:03:46] [INFO] reader get 8 
[2022-04-22 22:03:46] [INFO] start get result 
[2022-04-22 22:03:46] [INFO] start get result 
[2022-04-22 22:03:46] [INFO] end get result 9 
[2022-04-22 22:03:46] [INFO] end get result 10 
[2022-04-22 22:03:46] [INFO] reader get 9 
[2022-04-22 22:03:46] [INFO] start get result 
[2022-04-22 22:03:46] [INFO] end get result 6 
[2022-04-22 22:03:46] [INFO] reader get 6 
[2022-04-22 22:03:46] [INFO] start get result 
[2022-04-22 22:03:46] [INFO] end get result 4 
[2022-04-22 22:03:46] [INFO] reader get 4 
[2022-04-22 22:03:46] [INFO] start get result 
[2022-04-22 22:03:46] [INFO] reader get 1 
[2022-04-22 22:03:46] [INFO] start get result 
[2022-04-22 22:03:46] [INFO] writer send [14, 15, 16, 17] 
[2022-04-22 22:03:46] [INFO] end writer 
[2022-04-22 22:03:46] [INFO] start reader 
[2022-04-22 22:03:46] [INFO] writer send [4, 5] 
[2022-04-22 22:03:46] [INFO] end writer 
[2022-04-22 22:03:46] [INFO] start reader 
[2022-04-22 22:03:46] [INFO] end get result 18 
[2022-04-22 22:03:46] [INFO] reader get 18 
[2022-04-22 22:03:46] [INFO] start reader 
[2022-04-22 22:03:46] [INFO] start get result 
[2022-04-22 22:03:46] [INFO] end get result 20 
[2022-04-22 22:03:46] [INFO] start reader 
[2022-04-22 22:03:46] [INFO] end get result 5 
[2022-04-22 22:03:46] [INFO] reader get 5 
[2022-04-22 22:03:46] [INFO] start get result 
[2022-04-22 22:03:46] [INFO] start get result 
[2022-04-22 22:03:46] [INFO] end get result 13 
[2022-04-22 22:03:46] [INFO] reader get 13 
[2022-04-22 22:03:46] [INFO] start get result 
[2022-04-22 22:03:46] [INFO] end get result 14 
[2022-04-22 22:03:46] [INFO] reader get 14 
[2022-04-22 22:03:46] [INFO] start get result 
[2022-04-22 22:03:46] [INFO] reader get 10 
[2022-04-22 22:03:46] [INFO] start get result 
[2022-04-22 22:03:46] [INFO] end get result 17 
[2022-04-22 22:03:46] [INFO] reader get 17 
[2022-04-22 22:03:46] [INFO] start get result 
[2022-04-22 22:03:46] [INFO] writer send [11, 12, 13] 
[2022-04-22 22:03:46] [INFO] end writer 
[2022-04-22 22:03:46] [INFO] end get result 16 
[2022-04-22 22:03:46] [INFO] reader get 16 
[2022-04-22 22:03:46] [INFO] start get result 
[2022-04-22 22:03:46] [INFO] start get result 
[2022-04-22 22:03:46] [INFO] end get result 15 
[2022-04-22 22:03:46] [INFO] reader get 15 
[2022-04-22 22:03:46] [INFO] start get result 
[2022-04-22 22:03:46] [INFO] end get result 12 
[2022-04-22 22:03:46] [INFO] reader get 12 
[2022-04-22 22:03:46] [INFO] start get result 
[2022-04-22 22:03:46] [INFO] start reader 
[2022-04-22 22:03:46] [INFO] start get result 
[2022-04-22 22:03:46] [INFO] end get result 11 
[2022-04-22 22:03:46] [INFO] reader get 20 
[2022-04-22 22:03:46] [INFO] start get result 
[2022-04-22 22:03:46] [INFO] start get result 
[2022-04-22 22:03:46] [INFO] end get result 19 
[2022-04-22 22:03:46] [INFO] start reader 
[2022-04-22 22:03:46] [INFO] reader get 11 
[2022-04-22 22:03:46] [INFO] start get result 
[2022-04-22 22:03:46] [INFO] start get result 
[2022-04-22 22:03:46] [INFO] reader get 19 
[2022-04-22 22:03:46] [INFO] start get result 
[2022-04-22 22:03:46] [INFO] start reader 
[2022-04-22 22:03:46] [INFO] start get result 
[2022-04-22 22:03:46] [INFO] start get result 
Exception in thread "Thread-64495" java.util.concurrent.TimeoutException
	at serie1.Ex4.BlockingMessageQueueFuture$MyFuture.get(BlockingMessageQueueFuture.kt:222)
	at serie1.ex4.FutureTest$blocking_message_multiple_send_receive$2$thread$1.invoke(BlockingMessageQueueWithFutureTest.kt:179)
	at serie1.ex4.FutureTest$blocking_message_multiple_send_receive$2$thread$1.invoke(BlockingMessageQueueWithFutureTest.kt:169)
	at kotlin.concurrent.ThreadsKt$thread$thread$1.run(Thread.kt:30)
Exception in thread "Thread-64499" java.util.concurrent.TimeoutException
	at serie1.Ex4.BlockingMessageQueueFuture$MyFuture.get(BlockingMessageQueueFuture.kt:222)
	at serie1.ex4.FutureTest$blocking_message_multiple_send_receive$2$thread$1.invoke(BlockingMessageQueueWithFutureTest.kt:179)
	at serie1.ex4.FutureTest$blocking_message_multiple_send_receive$2$thread$1.invoke(BlockingMessageQueueWithFutureTest.kt:169)
	at kotlin.concurrent.ThreadsKt$thread$thread$1.run(Thread.kt:30)
Exception in thread "Thread-64498" java.util.concurrent.TimeoutException
	at serie1.Ex4.BlockingMessageQueueFuture$MyFuture.get(BlockingMessageQueueFuture.kt:222)
	at serie1.ex4.FutureTest$blocking_message_multiple_send_receive$2$thread$1.invoke(BlockingMessageQueueWithFutureTest.kt:179)
	at serie1.ex4.FutureTest$blocking_message_multiple_send_receive$2$thread$1.invoke(BlockingMessageQueueWithFutureTest.kt:169)
	at kotlin.concurrent.ThreadsKt$thread$thread$1.run(Thread.kt:30)
Exception in thread "Thread-64504" java.util.concurrent.TimeoutException
	at serie1.Ex4.BlockingMessageQueueFuture$MyFuture.get(BlockingMessageQueueFuture.kt:222)
	at serie1.ex4.FutureTest$blocking_message_multiple_send_receive$2$thread$1.invoke(BlockingMessageQueueWithFutureTest.kt:179)
	at serie1.ex4.FutureTest$blocking_message_multiple_send_receive$2$thread$1.invoke(BlockingMessageQueueWithFutureTest.kt:169)
	at kotlin.concurrent.ThreadsKt$thread$thread$1.run(Thread.kt:30)
Exception in thread "Thread-64497" java.util.concurrent.TimeoutException
	at serie1.Ex4.BlockingMessageQueueFuture$MyFuture.get(BlockingMessageQueueFuture.kt:222)
	at serie1.ex4.FutureTest$blocking_message_multiple_send_receive$2$thread$1.invoke(BlockingMessageQueueWithFutureTest.kt:179)
	at serie1.ex4.FutureTest$blocking_message_multiple_send_receive$2$thread$1.invoke(BlockingMessageQueueWithFutureTest.kt:169)
	at kotlin.concurrent.ThreadsKt$thread$thread$1.run(Thread.kt:30)
Exception in thread "Thread-64496" java.util.concurrent.TimeoutException
	at serie1.Ex4.BlockingMessageQueueFuture$MyFuture.get(BlockingMessageQueueFuture.kt:222)
	at serie1.ex4.FutureTest$blocking_message_multiple_send_receive$2$thread$1.invoke(BlockingMessageQueueWithFutureTest.kt:179)
	at serie1.ex4.FutureTest$blocking_message_multiple_send_receive$2$thread$1.invoke(BlockingMessageQueueWithFutureTest.kt:169)
	at kotlin.concurrent.ThreadsKt$thread$thread$1.run(Thread.kt:30)
Exception in thread "Thread-64503" java.util.concurrent.TimeoutException
	at serie1.Ex4.BlockingMessageQueueFuture$MyFuture.get(BlockingMessageQueueFuture.kt:222)
	at serie1.ex4.FutureTest$blocking_message_multiple_send_receive$2$thread$1.invoke(BlockingMessageQueueWithFutureTest.kt:179)
	at serie1.ex4.FutureTest$blocking_message_multiple_send_receive$2$thread$1.invoke(BlockingMessageQueueWithFutureTest.kt:169)
	at kotlin.concurrent.ThreadsKt$thread$thread$1.run(Thread.kt:30)
Exception in thread "Thread-64502" java.util.concurrent.TimeoutException
	at serie1.Ex4.BlockingMessageQueueFuture$MyFuture.get(BlockingMessageQueueFuture.kt:222)
	at serie1.ex4.FutureTest$blocking_message_multiple_send_receive$2$thread$1.invoke(BlockingMessageQueueWithFutureTest.kt:179)
	at serie1.ex4.FutureTest$blocking_message_multiple_send_receive$2$thread$1.invoke(BlockingMessageQueueWithFutureTest.kt:169)
	at kotlin.concurrent.ThreadsKt$thread$thread$1.run(Thread.kt:30)
Exception in thread "Thread-64500" java.util.concurrent.TimeoutException
	at serie1.Ex4.BlockingMessageQueueFuture$MyFuture.get(BlockingMessageQueueFuture.kt:222)
	at serie1.ex4.FutureTest$blocking_message_multiple_send_receive$2$thread$1.invoke(BlockingMessageQueueWithFutureTest.kt:179)
	at serie1.ex4.FutureTest$blocking_message_multiple_send_receive$2$thread$1.invoke(BlockingMessageQueueWithFutureTest.kt:169)
	at kotlin.concurrent.ThreadsKt$thread$thread$1.run(Thread.kt:30)
Exception in thread "Thread-64501" java.util.concurrent.TimeoutException
	at serie1.Ex4.BlockingMessageQueueFuture$MyFuture.get(BlockingMessageQueueFuture.kt:222)
	at serie1.ex4.FutureTest$blocking_message_multiple_send_receive$2$thread$1.invoke(BlockingMessageQueueWithFutureTest.kt:179)
	at serie1.ex4.FutureTest$blocking_message_multiple_send_receive$2$thread$1.invoke(BlockingMessageQueueWithFutureTest.kt:169)
	at kotlin.concurrent.ThreadsKt$thread$thread$1.run(Thread.kt:30)
[2022-04-22 22:03:48] [INFO] start writer 
[2022-04-22 22:03:48] [INFO] writer try send [1, 2, 3] 
[2022-04-22 22:03:48] [INFO] writer send [1, 2, 3] 
[2022-04-22 22:03:48] [INFO] writer try send [4, 5] 
[2022-04-22 22:03:48] [INFO] writer send [4, 5] 
[2022-04-22 22:03:48] [INFO] writer try send [6] 
[2022-04-22 22:03:48] [INFO] writer send [6] 
[2022-04-22 22:03:48] [INFO] start reader 
[2022-04-22 22:03:48] [INFO] start writer 
[2022-04-22 22:03:48] [INFO] writer try send [11, 12, 13] 
[2022-04-22 22:03:48] [INFO] writer send [11, 12, 13] 
[2022-04-22 22:03:48] [INFO] start writer 
[2022-04-22 22:03:48] [INFO] writer try send [18, 19, 20] 
[2022-04-22 22:03:48] [INFO] start writer 
[2022-04-22 22:03:48] [INFO] end writer 
[2022-04-22 22:03:48] [INFO] start writer 
[2022-04-22 22:03:48] [INFO] writer try send [7, 8, 9, 10] 
[2022-04-22 22:03:48] [INFO] start writer 
[2022-04-22 22:03:48] [INFO] end writer 
[2022-04-22 22:03:48] [INFO] start writer 
[2022-04-22 22:03:48] [INFO] start get result 
[2022-04-22 22:03:48] [INFO] end get result 1 
[2022-04-22 22:03:48] [INFO] start writer 
[2022-04-22 22:03:48] [INFO] end writer 
[2022-04-22 22:03:48] [INFO] end writer 
[2022-04-22 22:03:48] [INFO] writer try send [14, 15, 16, 17] 
[2022-04-22 22:03:48] [INFO] start reader 
[2022-04-22 22:03:48] [INFO] reader get 1 
[2022-04-22 22:03:48] [INFO] start reader 
[2022-04-22 22:03:48] [INFO] end writer 
[2022-04-22 22:03:48] [INFO] start reader 
[2022-04-22 22:03:48] [INFO] start get result 
[2022-04-22 22:03:48] [INFO] end get result 3 
[2022-04-22 22:03:48] [INFO] start get result 
[2022-04-22 22:03:48] [INFO] start get result 
[2022-04-22 22:03:48] [INFO] start get result 
[2022-04-22 22:03:48] [INFO] end get result 5 
[2022-04-22 22:03:48] [INFO] reader get 5 
[2022-04-22 22:03:48] [INFO] start get result 
[2022-04-22 22:03:48] [INFO] end get result 6 
[2022-04-22 22:03:48] [INFO] end get result 4 
[2022-04-22 22:03:48] [INFO] reader get 4 
[2022-04-22 22:03:48] [INFO] writer send [14, 15, 16, 17] 
[2022-04-22 22:03:48] [INFO] end writer 
[2022-04-22 22:03:48] [INFO] end get result 2 
[2022-04-22 22:03:48] [INFO] reader get 2 
[2022-04-22 22:03:48] [INFO] reader get 3 
[2022-04-22 22:03:48] [INFO] start get result 
[2022-04-22 22:03:48] [INFO] end get result 13 
[2022-04-22 22:03:48] [INFO] reader get 13 
[2022-04-22 22:03:48] [INFO] start reader 
[2022-04-22 22:03:48] [INFO] writer send [18, 19, 20] 
[2022-04-22 22:03:48] [INFO] end writer 
[2022-04-22 22:03:48] [INFO] start reader 
[2022-04-22 22:03:48] [INFO] writer send [7, 8, 9, 10] 
[2022-04-22 22:03:48] [INFO] end writer 
[2022-04-22 22:03:48] [INFO] start get result 
[2022-04-22 22:03:48] [INFO] end get result 18 
[2022-04-22 22:03:48] [INFO] reader get 18 
[2022-04-22 22:03:48] [INFO] start get result 
[2022-04-22 22:03:48] [INFO] end get result 20 
[2022-04-22 22:03:48] [INFO] start get result 
[2022-04-22 22:03:48] [INFO] end get result 14 
[2022-04-22 22:03:48] [INFO] reader get 14 
[2022-04-22 22:03:48] [INFO] start get result 
[2022-04-22 22:03:48] [INFO] end get result 15 
[2022-04-22 22:03:48] [INFO] reader get 15 
[2022-04-22 22:03:48] [INFO] start get result 
[2022-04-22 22:03:48] [INFO] end get result 12 
[2022-04-22 22:03:48] [INFO] start get result 
[2022-04-22 22:03:48] [INFO] end get result 11 
[2022-04-22 22:03:48] [INFO] reader get 6 
[2022-04-22 22:03:48] [INFO] start get result 
[2022-04-22 22:03:48] [INFO] end get result 17 
[2022-04-22 22:03:48] [INFO] reader get 17 
[2022-04-22 22:03:48] [INFO] start get result 
[2022-04-22 22:03:48] [INFO] end get result 7 
[2022-04-22 22:03:48] [INFO] reader get 7 
[2022-04-22 22:03:48] [INFO] reader get 11 
[2022-04-22 22:03:48] [INFO] start get result 
[2022-04-22 22:03:48] [INFO] end get result 9 
[2022-04-22 22:03:48] [INFO] reader get 9 
[2022-04-22 22:03:48] [INFO] reader get 12 
[2022-04-22 22:03:48] [INFO] start get result 
[2022-04-22 22:03:48] [INFO] start get result 
[2022-04-22 22:03:48] [INFO] end get result 16 
[2022-04-22 22:03:48] [INFO] reader get 16 
[2022-04-22 22:03:48] [INFO] start get result 
[2022-04-22 22:03:48] [INFO] reader get 20 
[2022-04-22 22:03:48] [INFO] start get result 
[2022-04-22 22:03:48] [INFO] start get result 
[2022-04-22 22:03:48] [INFO] end get result 19 
[2022-04-22 22:03:48] [INFO] reader get 19 
[2022-04-22 22:03:48] [INFO] start get result 
[2022-04-22 22:03:48] [INFO] start reader 
[2022-04-22 22:03:48] [INFO] start get result 
[2022-04-22 22:03:48] [INFO] end get result 10 
[2022-04-22 22:03:48] [INFO] start get result 
[2022-04-22 22:03:48] [INFO] start reader 
[2022-04-22 22:03:48] [INFO] end get result 8 
[2022-04-22 22:03:48] [INFO] reader get 8 
[2022-04-22 22:03:48] [INFO] reader get 10 
[2022-04-22 22:03:48] [INFO] start reader 
[2022-04-22 22:03:48] [INFO] start get result 
[2022-04-22 22:03:48] [INFO] start reader 
[2022-04-22 22:03:48] [INFO] start get result 
[2022-04-22 22:03:48] [INFO] start get result 
[2022-04-22 22:03:48] [INFO] start get result 
[2022-04-22 22:03:48] [INFO] start get result 
[2022-04-22 22:03:48] [INFO] start get result 
Exception in thread "Thread-64520" java.util.concurrent.TimeoutException
	at serie1.Ex4.BlockingMessageQueueFuture$MyFuture.get(BlockingMessageQueueFuture.kt:222)
	at serie1.ex4.FutureTest$blocking_message_multiple_send_receive$2$thread$1.invoke(BlockingMessageQueueWithFutureTest.kt:179)
	at serie1.ex4.FutureTest$blocking_message_multiple_send_receive$2$thread$1.invoke(BlockingMessageQueueWithFutureTest.kt:169)
	at kotlin.concurrent.ThreadsKt$thread$thread$1.run(Thread.kt:30)
Exception in thread "Thread-64523" java.util.concurrent.TimeoutException
	at serie1.Ex4.BlockingMessageQueueFuture$MyFuture.get(BlockingMessageQueueFuture.kt:222)
	at serie1.ex4.FutureTest$blocking_message_multiple_send_receive$2$thread$1.invoke(BlockingMessageQueueWithFutureTest.kt:179)
	at serie1.ex4.FutureTest$blocking_message_multiple_send_receive$2$thread$1.invoke(BlockingMessageQueueWithFutureTest.kt:169)
	at kotlin.concurrent.ThreadsKt$thread$thread$1.run(Thread.kt:30)
Exception in thread "Thread-64522" java.util.concurrent.TimeoutException
	at serie1.Ex4.BlockingMessageQueueFuture$MyFuture.get(BlockingMessageQueueFuture.kt:222)
	at serie1.ex4.FutureTest$blocking_message_multiple_send_receive$2$thread$1.invoke(BlockingMessageQueueWithFutureTest.kt:179)
	at serie1.ex4.FutureTest$blocking_message_multiple_send_receive$2$thread$1.invoke(BlockingMessageQueueWithFutureTest.kt:169)
	at kotlin.concurrent.ThreadsKt$thread$thread$1.run(Thread.kt:30)
Exception in thread "Thread-64519" java.util.concurrent.TimeoutException
	at serie1.Ex4.BlockingMessageQueueFuture$MyFuture.get(BlockingMessageQueueFuture.kt:222)
	at serie1.ex4.FutureTest$blocking_message_multiple_send_receive$2$thread$1.invoke(BlockingMessageQueueWithFutureTest.kt:179)
	at serie1.ex4.FutureTest$blocking_message_multiple_send_receive$2$thread$1.invoke(BlockingMessageQueueWithFutureTest.kt:169)
	at kotlin.concurrent.ThreadsKt$thread$thread$1.run(Thread.kt:30)
Exception in thread "Thread-64517" java.util.concurrent.TimeoutException
	at serie1.Ex4.BlockingMessageQueueFuture$MyFuture.get(BlockingMessageQueueFuture.kt:222)
	at serie1.ex4.FutureTest$blocking_message_multiple_send_receive$2$thread$1.invoke(BlockingMessageQueueWithFutureTest.kt:179)
	at serie1.ex4.FutureTest$blocking_message_multiple_send_receive$2$thread$1.invoke(BlockingMessageQueueWithFutureTest.kt:169)
	at kotlin.concurrent.ThreadsKt$thread$thread$1.run(Thread.kt:30)
Exception in thread "Thread-64516" java.util.concurrent.TimeoutException
	at serie1.Ex4.BlockingMessageQueueFuture$MyFuture.get(BlockingMessageQueueFuture.kt:222)
	at serie1.ex4.FutureTest$blocking_message_multiple_send_receive$2$thread$1.invoke(BlockingMessageQueueWithFutureTest.kt:179)
	at serie1.ex4.FutureTest$blocking_message_multiple_send_receive$2$thread$1.invoke(BlockingMessageQueueWithFutureTest.kt:169)
	at kotlin.concurrent.ThreadsKt$thread$thread$1.run(Thread.kt:30)
Exception in thread "Thread-64518" java.util.concurrent.TimeoutException
	at serie1.Ex4.BlockingMessageQueueFuture$MyFuture.get(BlockingMessageQueueFuture.kt:222)
	at serie1.ex4.FutureTest$blocking_message_multiple_send_receive$2$thread$1.invoke(BlockingMessageQueueWithFutureTest.kt:179)
	at serie1.ex4.FutureTest$blocking_message_multiple_send_receive$2$thread$1.invoke(BlockingMessageQueueWithFutureTest.kt:169)
	at kotlin.concurrent.ThreadsKt$thread$thread$1.run(Thread.kt:30)
Exception in thread "Thread-64521" java.util.concurrent.TimeoutException
	at serie1.Ex4.BlockingMessageQueueFuture$MyFuture.get(BlockingMessageQueueFuture.kt:222)
	at serie1.ex4.FutureTest$blocking_message_multiple_send_receive$2$thread$1.invoke(BlockingMessageQueueWithFutureTest.kt:179)
	at serie1.ex4.FutureTest$blocking_message_multiple_send_receive$2$thread$1.invoke(BlockingMessageQueueWithFutureTest.kt:169)
	at kotlin.concurrent.ThreadsKt$thread$thread$1.run(Thread.kt:30)
Exception in thread "Thread-64515" java.util.concurrent.TimeoutException
	at serie1.Ex4.BlockingMessageQueueFuture$MyFuture.get(BlockingMessageQueueFuture.kt:222)
	at serie1.ex4.FutureTest$blocking_message_multiple_send_receive$2$thread$1.invoke(BlockingMessageQueueWithFutureTest.kt:179)
	at serie1.ex4.FutureTest$blocking_message_multiple_send_receive$2$thread$1.invoke(BlockingMessageQueueWithFutureTest.kt:169)
	at kotlin.concurrent.ThreadsKt$thread$thread$1.run(Thread.kt:30)
Exception in thread "Thread-64514" java.util.concurrent.TimeoutException
	at serie1.Ex4.BlockingMessageQueueFuture$MyFuture.get(BlockingMessageQueueFuture.kt:222)
	at serie1.ex4.FutureTest$blocking_message_multiple_send_receive$2$thread$1.invoke(BlockingMessageQueueWithFutureTest.kt:179)
	at serie1.ex4.FutureTest$blocking_message_multiple_send_receive$2$thread$1.invoke(BlockingMessageQueueWithFutureTest.kt:169)
	at kotlin.concurrent.ThreadsKt$thread$thread$1.run(Thread.kt:30)
[2022-04-22 22:03:50] [INFO] start writer 
[2022-04-22 22:03:50] [INFO] writer try send [1, 2, 3] 
[2022-04-22 22:03:50] [INFO] writer send [1, 2, 3] 
[2022-04-22 22:03:50] [INFO] writer try send [4, 5] 
[2022-04-22 22:03:50] [INFO] writer send [4, 5] 
[2022-04-22 22:03:50] [INFO] start writer 
[2022-04-22 22:03:50] [INFO] writer try send [7, 8, 9, 10] 
[2022-04-22 22:03:50] [INFO] start reader 
[2022-04-22 22:03:50] [INFO] start writer 
[2022-04-22 22:03:50] [INFO] writer try send [11, 12, 13] 
[2022-04-22 22:03:50] [INFO] start writer 
[2022-04-22 22:03:50] [INFO] start writer 
[2022-04-22 22:03:50] [INFO] writer try send [18, 19, 20] 
[2022-04-22 22:03:50] [INFO] writer try send [14, 15, 16, 17] 
[2022-04-22 22:03:50] [INFO] start writer 
[2022-04-22 22:03:50] [INFO] end writer 
[2022-04-22 22:03:50] [INFO] start reader 
[2022-04-22 22:03:50] [INFO] start writer 
[2022-04-22 22:03:50] [INFO] end writer 
[2022-04-22 22:03:50] [INFO] start writer 
[2022-04-22 22:03:50] [INFO] end writer 
[2022-04-22 22:03:50] [INFO] writer try send [6] 
[2022-04-22 22:03:50] [INFO] writer send [6] 
[2022-04-22 22:03:50] [INFO] end writer 
[2022-04-22 22:03:50] [INFO] start writer 
[2022-04-22 22:03:50] [INFO] start get result 
[2022-04-22 22:03:50] [INFO] end get result 2 
[2022-04-22 22:03:50] [INFO] reader get 2 
[2022-04-22 22:03:50] [INFO] end writer 
[2022-04-22 22:03:50] [INFO] start reader 
[2022-04-22 22:03:50] [INFO] start get result 
[2022-04-22 22:03:50] [INFO] end get result 1 
[2022-04-22 22:03:50] [INFO] start reader 
[2022-04-22 22:03:50] [INFO] start get result 
[2022-04-22 22:03:50] [INFO] end get result 3 
[2022-04-22 22:03:50] [INFO] start reader 
[2022-04-22 22:03:50] [INFO] reader get 1 
[2022-04-22 22:03:50] [INFO] start get result 
[2022-04-22 22:03:50] [INFO] start reader 
[2022-04-22 22:03:50] [INFO] start get result 
[2022-04-22 22:03:50] [INFO] end get result 6 
[2022-04-22 22:03:50] [INFO] start reader 
[2022-04-22 22:03:50] [INFO] end get result 4 
[2022-04-22 22:03:50] [INFO] start get result 
[2022-04-22 22:03:50] [INFO] start reader 
[2022-04-22 22:03:50] [INFO] writer send [7, 8, 9, 10] 
[2022-04-22 22:03:50] [INFO] end writer 
[2022-04-22 22:03:50] [INFO] start get result 
[2022-04-22 22:03:50] [INFO] end get result 9 
[2022-04-22 22:03:50] [INFO] reader get 9 
[2022-04-22 22:03:50] [INFO] start get result 
[2022-04-22 22:03:50] [INFO] start get result 
[2022-04-22 22:03:50] [INFO] end get result 11 
[2022-04-22 22:03:50] [INFO] reader get 11 
[2022-04-22 22:03:50] [INFO] start get result 
[2022-04-22 22:03:50] [INFO] start get result 
[2022-04-22 22:03:50] [INFO] end get result 5 
[2022-04-22 22:03:50] [INFO] reader get 3 
[2022-04-22 22:03:50] [INFO] start get result 
[2022-04-22 22:03:50] [INFO] end get result 13 
[2022-04-22 22:03:50] [INFO] reader get 13 
[2022-04-22 22:03:50] [INFO] start get result 
[2022-04-22 22:03:50] [INFO] reader get 5 
[2022-04-22 22:03:50] [INFO] start get result 
[2022-04-22 22:03:50] [INFO] end get result 19 
[2022-04-22 22:03:50] [INFO] reader get 19 
[2022-04-22 22:03:50] [INFO] start get result 
[2022-04-22 22:03:50] [INFO] writer send [14, 15, 16, 17] 
[2022-04-22 22:03:50] [INFO] end writer 
[2022-04-22 22:03:50] [INFO] end get result 12 
[2022-04-22 22:03:50] [INFO] reader get 12 
[2022-04-22 22:03:50] [INFO] writer send [18, 19, 20] 
[2022-04-22 22:03:50] [INFO] end writer 
[2022-04-22 22:03:50] [INFO] end get result 10 
[2022-04-22 22:03:50] [INFO] reader get 10 
[2022-04-22 22:03:50] [INFO] start get result 
[2022-04-22 22:03:50] [INFO] end get result 15 
[2022-04-22 22:03:50] [INFO] writer send [11, 12, 13] 
[2022-04-22 22:03:50] [INFO] end writer 
[2022-04-22 22:03:50] [INFO] start reader 
[2022-04-22 22:03:50] [INFO] end get result 7 
[2022-04-22 22:03:50] [INFO] reader get 7 
[2022-04-22 22:03:50] [INFO] start get result 
[2022-04-22 22:03:50] [INFO] start reader 
[2022-04-22 22:03:50] [INFO] end get result 8 
[2022-04-22 22:03:50] [INFO] reader get 8 
[2022-04-22 22:03:50] [INFO] start get result 
[2022-04-22 22:03:50] [INFO] end get result 17 
[2022-04-22 22:03:50] [INFO] reader get 17 
[2022-04-22 22:03:50] [INFO] start get result 
[2022-04-22 22:03:50] [INFO] reader get 4 
[2022-04-22 22:03:50] [INFO] start get result 
[2022-04-22 22:03:50] [INFO] reader get 6 
[2022-04-22 22:03:50] [INFO] start get result 
[2022-04-22 22:03:50] [INFO] start get result 
[2022-04-22 22:03:50] [INFO] start get result 
[2022-04-22 22:03:50] [INFO] start get result 
[2022-04-22 22:03:50] [INFO] end get result 16 
[2022-04-22 22:03:50] [INFO] reader get 16 
[2022-04-22 22:03:50] [INFO] start get result 
[2022-04-22 22:03:50] [INFO] reader get 15 
[2022-04-22 22:03:50] [INFO] start get result 
[2022-04-22 22:03:50] [INFO] start get result 
[2022-04-22 22:03:50] [INFO] end get result 14 
[2022-04-22 22:03:50] [INFO] reader get 14 
[2022-04-22 22:03:50] [INFO] start get result 
[2022-04-22 22:03:50] [INFO] end get result 20 
[2022-04-22 22:03:50] [INFO] reader get 20 
[2022-04-22 22:03:50] [INFO] start get result 
[2022-04-22 22:03:50] [INFO] end get result 18 
[2022-04-22 22:03:50] [INFO] reader get 18 
[2022-04-22 22:03:50] [INFO] start get result 
Exception in thread "Thread-64537" java.util.concurrent.TimeoutException
	at serie1.Ex4.BlockingMessageQueueFuture$MyFuture.get(BlockingMessageQueueFuture.kt:222)
	at serie1.ex4.FutureTest$blocking_message_multiple_send_receive$2$thread$1.invoke(BlockingMessageQueueWithFutureTest.kt:179)
	at serie1.ex4.FutureTest$blocking_message_multiple_send_receive$2$thread$1.invoke(BlockingMessageQueueWithFutureTest.kt:169)
	at kotlin.concurrent.ThreadsKt$thread$thread$1.run(Thread.kt:30)
Exception in thread "Thread-64535" java.util.concurrent.TimeoutException
	at serie1.Ex4.BlockingMessageQueueFuture$MyFuture.get(BlockingMessageQueueFuture.kt:222)
	at serie1.ex4.FutureTest$blocking_message_multiple_send_receive$2$thread$1.invoke(BlockingMessageQueueWithFutureTest.kt:179)
	at serie1.ex4.FutureTest$blocking_message_multiple_send_receive$2$thread$1.invoke(BlockingMessageQueueWithFutureTest.kt:169)
	at kotlin.concurrent.ThreadsKt$thread$thread$1.run(Thread.kt:30)
Exception in thread "Thread-64536" java.util.concurrent.TimeoutException
	at serie1.Ex4.BlockingMessageQueueFuture$MyFuture.get(BlockingMessageQueueFuture.kt:222)
	at serie1.ex4.FutureTest$blocking_message_multiple_send_receive$2$thread$1.invoke(BlockingMessageQueueWithFutureTest.kt:179)
	at serie1.ex4.FutureTest$blocking_message_multiple_send_receive$2$thread$1.invoke(BlockingMessageQueueWithFutureTest.kt:169)
	at kotlin.concurrent.ThreadsKt$thread$thread$1.run(Thread.kt:30)
Exception in thread "Thread-64540" java.util.concurrent.TimeoutException
	at serie1.Ex4.BlockingMessageQueueFuture$MyFuture.get(BlockingMessageQueueFuture.kt:222)
	at serie1.ex4.FutureTest$blocking_message_multiple_send_receive$2$thread$1.invoke(BlockingMessageQueueWithFutureTest.kt:179)
	at serie1.ex4.FutureTest$blocking_message_multiple_send_receive$2$thread$1.invoke(BlockingMessageQueueWithFutureTest.kt:169)
	at kotlin.concurrent.ThreadsKt$thread$thread$1.run(Thread.kt:30)
Exception in thread "Thread-64534" java.util.concurrent.TimeoutException
	at serie1.Ex4.BlockingMessageQueueFuture$MyFuture.get(BlockingMessageQueueFuture.kt:222)
	at serie1.ex4.FutureTest$blocking_message_multiple_send_receive$2$thread$1.invoke(BlockingMessageQueueWithFutureTest.kt:179)
	at serie1.ex4.FutureTest$blocking_message_multiple_send_receive$2$thread$1.invoke(BlockingMessageQueueWithFutureTest.kt:169)
	at kotlin.concurrent.ThreadsKt$thread$thread$1.run(Thread.kt:30)
Exception in thread "Thread-64541" java.util.concurrent.TimeoutException
	at serie1.Ex4.BlockingMessageQueueFuture$MyFuture.get(BlockingMessageQueueFuture.kt:222)
	at serie1.ex4.FutureTest$blocking_message_multiple_send_receive$2$thread$1.invoke(BlockingMessageQueueWithFutureTest.kt:179)
	at serie1.ex4.FutureTest$blocking_message_multiple_send_receive$2$thread$1.invoke(BlockingMessageQueueWithFutureTest.kt:169)
	at kotlin.concurrent.ThreadsKt$thread$thread$1.run(Thread.kt:30)
Exception in thread "Thread-64538" java.util.concurrent.TimeoutException
	at serie1.Ex4.BlockingMessageQueueFuture$MyFuture.get(BlockingMessageQueueFuture.kt:222)
	at serie1.ex4.FutureTest$blocking_message_multiple_send_receive$2$thread$1.invoke(BlockingMessageQueueWithFutureTest.kt:179)
	at serie1.ex4.FutureTest$blocking_message_multiple_send_receive$2$thread$1.invoke(BlockingMessageQueueWithFutureTest.kt:169)
	at kotlin.concurrent.ThreadsKt$thread$thread$1.run(Thread.kt:30)
Exception in thread "Thread-64539" java.util.concurrent.TimeoutException
	at serie1.Ex4.BlockingMessageQueueFuture$MyFuture.get(BlockingMessageQueueFuture.kt:222)
	at serie1.ex4.FutureTest$blocking_message_multiple_send_receive$2$thread$1.invoke(BlockingMessageQueueWithFutureTest.kt:179)
	at serie1.ex4.FutureTest$blocking_message_multiple_send_receive$2$thread$1.invoke(BlockingMessageQueueWithFutureTest.kt:169)
	at kotlin.concurrent.ThreadsKt$thread$thread$1.run(Thread.kt:30)
Exception in thread "Thread-64543" java.util.concurrent.TimeoutException
	at serie1.Ex4.BlockingMessageQueueFuture$MyFuture.get(BlockingMessageQueueFuture.kt:222)
	at serie1.ex4.FutureTest$blocking_message_multiple_send_receive$2$thread$1.invoke(BlockingMessageQueueWithFutureTest.kt:179)
	at serie1.ex4.FutureTest$blocking_message_multiple_send_receive$2$thread$1.invoke(BlockingMessageQueueWithFutureTest.kt:169)
	at kotlin.concurrent.ThreadsKt$thread$thread$1.run(Thread.kt:30)
Exception in thread "Thread-64542" java.util.concurrent.TimeoutException
	at serie1.Ex4.BlockingMessageQueueFuture$MyFuture.get(BlockingMessageQueueFuture.kt:222)
	at serie1.ex4.FutureTest$blocking_message_multiple_send_receive$2$thread$1.invoke(BlockingMessageQueueWithFutureTest.kt:179)
	at serie1.ex4.FutureTest$blocking_message_multiple_send_receive$2$thread$1.invoke(BlockingMessageQueueWithFutureTest.kt:169)
	at kotlin.concurrent.ThreadsKt$thread$thread$1.run(Thread.kt:30)
[2022-04-22 22:03:52] [INFO] start writer 
[2022-04-22 22:03:52] [INFO] start writer 
[2022-04-22 22:03:52] [INFO] start writer 
[2022-04-22 22:03:52] [INFO] start writer 
[2022-04-22 22:03:52] [INFO] start writer 
[2022-04-22 22:03:52] [INFO] start writer 
[2022-04-22 22:03:52] [INFO] writer try send [14, 15, 16, 17] 
[2022-04-22 22:03:52] [INFO] start writer 
[2022-04-22 22:03:52] [INFO] writer try send [18, 19, 20] 
[2022-04-22 22:03:52] [INFO] start writer 
[2022-04-22 22:03:52] [INFO] end writer 
[2022-04-22 22:03:52] [INFO] writer try send [11, 12, 13] 
[2022-04-22 22:03:52] [INFO] start reader 
[2022-04-22 22:03:52] [INFO] writer try send [7, 8, 9, 10] 
[2022-04-22 22:03:52] [INFO] writer try send [6] 
[2022-04-22 22:03:52] [INFO] start reader 
[2022-04-22 22:03:52] [INFO] writer try send [4, 5] 
[2022-04-22 22:03:52] [INFO] start writer 
[2022-04-22 22:03:52] [INFO] end writer 
[2022-04-22 22:03:52] [INFO] writer try send [1, 2, 3] 
[2022-04-22 22:03:52] [INFO] start get result 
[2022-04-22 22:03:52] [INFO] end get result 14 
[2022-04-22 22:03:52] [INFO] writer send [11, 12, 13] 
[2022-04-22 22:03:52] [INFO] end writer 
[2022-04-22 22:03:52] [INFO] start reader 
[2022-04-22 22:03:52] [INFO] writer send [6] 
[2022-04-22 22:03:52] [INFO] end writer 
[2022-04-22 22:03:52] [INFO] writer send [14, 15, 16, 17] 
[2022-04-22 22:03:52] [INFO] start reader 
[2022-04-22 22:03:52] [INFO] end writer 
[2022-04-22 22:03:52] [INFO] start reader 
[2022-04-22 22:03:52] [INFO] start get result 
[2022-04-22 22:03:52] [INFO] end get result 16 
[2022-04-22 22:03:52] [INFO] start reader 
[2022-04-22 22:03:52] [INFO] reader get 14 
[2022-04-22 22:03:52] [INFO] start get result 
[2022-04-22 22:03:52] [INFO] start reader 
[2022-04-22 22:03:52] [INFO] start get result 
[2022-04-22 22:03:52] [INFO] start reader 
[2022-04-22 22:03:52] [INFO] start get result 
[2022-04-22 22:03:52] [INFO] end get result 12 
[2022-04-22 22:03:52] [INFO] end get result 15 
[2022-04-22 22:03:52] [INFO] reader get 15 
[2022-04-22 22:03:52] [INFO] writer send [18, 19, 20] 
[2022-04-22 22:03:52] [INFO] end writer 
[2022-04-22 22:03:52] [INFO] start get result 
[2022-04-22 22:03:52] [INFO] end get result 11 
[2022-04-22 22:03:52] [INFO] reader get 11 
[2022-04-22 22:03:52] [INFO] start get result 
[2022-04-22 22:03:52] [INFO] end get result 18 
[2022-04-22 22:03:52] [INFO] writer send [1, 2, 3] 
[2022-04-22 22:03:52] [INFO] end writer 
[2022-04-22 22:03:52] [INFO] end get result 17 
[2022-04-22 22:03:52] [INFO] reader get 17 
[2022-04-22 22:03:52] [INFO] start get result 
[2022-04-22 22:03:52] [INFO] end get result 6 
[2022-04-22 22:03:52] [INFO] reader get 6 
[2022-04-22 22:03:52] [INFO] start get result 
[2022-04-22 22:03:52] [INFO] end get result 20 
[2022-04-22 22:03:52] [INFO] reader get 20 
[2022-04-22 22:03:52] [INFO] start get result 
[2022-04-22 22:03:52] [INFO] writer send [7, 8, 9, 10] 
[2022-04-22 22:03:52] [INFO] end writer 
[2022-04-22 22:03:52] [INFO] writer send [4, 5] 
[2022-04-22 22:03:52] [INFO] end writer 
[2022-04-22 22:03:52] [INFO] reader get 16 
[2022-04-22 22:03:52] [INFO] start get result 
[2022-04-22 22:03:52] [INFO] end get result 1 
[2022-04-22 22:03:52] [INFO] reader get 1 
[2022-04-22 22:03:52] [INFO] start get result 
[2022-04-22 22:03:52] [INFO] end get result 3 
[2022-04-22 22:03:52] [INFO] start get result 
[2022-04-22 22:03:52] [INFO] end get result 19 
[2022-04-22 22:03:52] [INFO] reader get 19 
[2022-04-22 22:03:52] [INFO] reader get 18 
[2022-04-22 22:03:52] [INFO] start get result 
[2022-04-22 22:03:52] [INFO] end get result 8 
[2022-04-22 22:03:52] [INFO] reader get 8 
[2022-04-22 22:03:52] [INFO] start get result 
[2022-04-22 22:03:52] [INFO] end get result 5 
[2022-04-22 22:03:52] [INFO] reader get 5 
[2022-04-22 22:03:52] [INFO] start get result 
[2022-04-22 22:03:52] [INFO] start get result 
[2022-04-22 22:03:52] [INFO] end get result 13 
[2022-04-22 22:03:52] [INFO] reader get 13 
[2022-04-22 22:03:52] [INFO] start get result 
[2022-04-22 22:03:52] [INFO] start get result 
[2022-04-22 22:03:52] [INFO] end get result 4 
[2022-04-22 22:03:52] [INFO] start reader 
[2022-04-22 22:03:52] [INFO] reader get 12 
[2022-04-22 22:03:52] [INFO] start get result 
[2022-04-22 22:03:52] [INFO] reader get 4 
[2022-04-22 22:03:52] [INFO] end get result 10 
[2022-04-22 22:03:52] [INFO] reader get 10 
[2022-04-22 22:03:52] [INFO] start get result 
[2022-04-22 22:03:52] [INFO] start get result 
[2022-04-22 22:03:52] [INFO] start get result 
[2022-04-22 22:03:52] [INFO] start get result 
[2022-04-22 22:03:52] [INFO] end get result 7 
[2022-04-22 22:03:52] [INFO] reader get 7 
[2022-04-22 22:03:52] [INFO] reader get 3 
[2022-04-22 22:03:52] [INFO] start get result 
[2022-04-22 22:03:52] [INFO] end get result 2 
[2022-04-22 22:03:52] [INFO] reader get 2 
[2022-04-22 22:03:52] [INFO] start get result 
[2022-04-22 22:03:52] [INFO] start get result 
[2022-04-22 22:03:52] [INFO] end get result 9 
[2022-04-22 22:03:52] [INFO] reader get 9 
[2022-04-22 22:03:52] [INFO] start get result 
[2022-04-22 22:03:52] [INFO] start get result 
[2022-04-22 22:03:52] [INFO] start reader 
[2022-04-22 22:03:52] [INFO] start get result 
Exception in thread "Thread-64559" java.util.concurrent.TimeoutException
	at serie1.Ex4.BlockingMessageQueueFuture$MyFuture.get(BlockingMessageQueueFuture.kt:222)
	at serie1.ex4.FutureTest$blocking_message_multiple_send_receive$2$thread$1.invoke(BlockingMessageQueueWithFutureTest.kt:179)
	at serie1.ex4.FutureTest$blocking_message_multiple_send_receive$2$thread$1.invoke(BlockingMessageQueueWithFutureTest.kt:169)
	at kotlin.concurrent.ThreadsKt$thread$thread$1.run(Thread.kt:30)
Exception in thread "Thread-64556" java.util.concurrent.TimeoutException
	at serie1.Ex4.BlockingMessageQueueFuture$MyFuture.get(BlockingMessageQueueFuture.kt:222)
	at serie1.ex4.FutureTest$blocking_message_multiple_send_receive$2$thread$1.invoke(BlockingMessageQueueWithFutureTest.kt:179)
	at serie1.ex4.FutureTest$blocking_message_multiple_send_receive$2$thread$1.invoke(BlockingMessageQueueWithFutureTest.kt:169)
	at kotlin.concurrent.ThreadsKt$thread$thread$1.run(Thread.kt:30)
Exception in thread "Thread-64562" java.util.concurrent.TimeoutException
	at serie1.Ex4.BlockingMessageQueueFuture$MyFuture.get(BlockingMessageQueueFuture.kt:222)
	at serie1.ex4.FutureTest$blocking_message_multiple_send_receive$2$thread$1.invoke(BlockingMessageQueueWithFutureTest.kt:179)
	at serie1.ex4.FutureTest$blocking_message_multiple_send_receive$2$thread$1.invoke(BlockingMessageQueueWithFutureTest.kt:169)
	at kotlin.concurrent.ThreadsKt$thread$thread$1.run(Thread.kt:30)
Exception in thread "Thread-64555" java.util.concurrent.TimeoutException
	at serie1.Ex4.BlockingMessageQueueFuture$MyFuture.get(BlockingMessageQueueFuture.kt:222)
	at serie1.ex4.FutureTest$blocking_message_multiple_send_receive$2$thread$1.invoke(BlockingMessageQueueWithFutureTest.kt:179)
	at serie1.ex4.FutureTest$blocking_message_multiple_send_receive$2$thread$1.invoke(BlockingMessageQueueWithFutureTest.kt:169)
	at kotlin.concurrent.ThreadsKt$thread$thread$1.run(Thread.kt:30)
Exception in thread "Thread-64558" java.util.concurrent.TimeoutException
	at serie1.Ex4.BlockingMessageQueueFuture$MyFuture.get(BlockingMessageQueueFuture.kt:222)
	at serie1.ex4.FutureTest$blocking_message_multiple_send_receive$2$thread$1.invoke(BlockingMessageQueueWithFutureTest.kt:179)
	at serie1.ex4.FutureTest$blocking_message_multiple_send_receive$2$thread$1.invoke(BlockingMessageQueueWithFutureTest.kt:169)
	at kotlin.concurrent.ThreadsKt$thread$thread$1.run(Thread.kt:30)
Exception in thread "Thread-64560" java.util.concurrent.TimeoutException
	at serie1.Ex4.BlockingMessageQueueFuture$MyFuture.get(BlockingMessageQueueFuture.kt:222)
	at serie1.ex4.FutureTest$blocking_message_multiple_send_receive$2$thread$1.invoke(BlockingMessageQueueWithFutureTest.kt:179)
	at serie1.ex4.FutureTest$blocking_message_multiple_send_receive$2$thread$1.invoke(BlockingMessageQueueWithFutureTest.kt:169)
	at kotlin.concurrent.ThreadsKt$thread$thread$1.run(Thread.kt:30)
Exception in thread "Thread-64563" java.util.concurrent.TimeoutException
	at serie1.Ex4.BlockingMessageQueueFuture$MyFuture.get(BlockingMessageQueueFuture.kt:222)
	at serie1.ex4.FutureTest$blocking_message_multiple_send_receive$2$thread$1.invoke(BlockingMessageQueueWithFutureTest.kt:179)
	at serie1.ex4.FutureTest$blocking_message_multiple_send_receive$2$thread$1.invoke(BlockingMessageQueueWithFutureTest.kt:169)
	at kotlin.concurrent.ThreadsKt$thread$thread$1.run(Thread.kt:30)
Exception in thread "Thread-64557" java.util.concurrent.TimeoutException
	at serie1.Ex4.BlockingMessageQueueFuture$MyFuture.get(BlockingMessageQueueFuture.kt:222)
	at serie1.ex4.FutureTest$blocking_message_multiple_send_receive$2$thread$1.invoke(BlockingMessageQueueWithFutureTest.kt:179)
	at serie1.ex4.FutureTest$blocking_message_multiple_send_receive$2$thread$1.invoke(BlockingMessageQueueWithFutureTest.kt:169)
	at kotlin.concurrent.ThreadsKt$thread$thread$1.run(Thread.kt:30)
Exception in thread "Thread-64561" java.util.concurrent.TimeoutException
	at serie1.Ex4.BlockingMessageQueueFuture$MyFuture.get(BlockingMessageQueueFuture.kt:222)
	at serie1.ex4.FutureTest$blocking_message_multiple_send_receive$2$thread$1.invoke(BlockingMessageQueueWithFutureTest.kt:179)
	at serie1.ex4.FutureTest$blocking_message_multiple_send_receive$2$thread$1.invoke(BlockingMessageQueueWithFutureTest.kt:169)
	at kotlin.concurrent.ThreadsKt$thread$thread$1.run(Thread.kt:30)
Exception in thread "Thread-64554" java.util.concurrent.TimeoutException
	at serie1.Ex4.BlockingMessageQueueFuture$MyFuture.get(BlockingMessageQueueFuture.kt:222)
	at serie1.ex4.FutureTest$blocking_message_multiple_send_receive$2$thread$1.invoke(BlockingMessageQueueWithFutureTest.kt:179)
	at serie1.ex4.FutureTest$blocking_message_multiple_send_receive$2$thread$1.invoke(BlockingMessageQueueWithFutureTest.kt:169)
	at kotlin.concurrent.ThreadsKt$thread$thread$1.run(Thread.kt:30)
[2022-04-22 22:03:54] [INFO] start writer 
[2022-04-22 22:03:54] [INFO] writer try send [1, 2, 3] 
[2022-04-22 22:03:54] [INFO] writer send [1, 2, 3] 
[2022-04-22 22:03:54] [INFO] writer try send [4, 5] 
[2022-04-22 22:03:54] [INFO] start writer 
[2022-04-22 22:03:54] [INFO] writer try send [6] 
[2022-04-22 22:03:54] [INFO] start writer 
[2022-04-22 22:03:54] [INFO] writer try send [7, 8, 9, 10] 
[2022-04-22 22:03:54] [INFO] start writer 
[2022-04-22 22:03:54] [INFO] writer try send [11, 12, 13] 
[2022-04-22 22:03:54] [INFO] start reader 
[2022-04-22 22:03:54] [INFO] start writer 
[2022-04-22 22:03:54] [INFO] writer try send [14, 15, 16, 17] 
[2022-04-22 22:03:54] [INFO] start writer 
[2022-04-22 22:03:54] [INFO] writer try send [18, 19, 20] 
[2022-04-22 22:03:54] [INFO] start writer 
[2022-04-22 22:03:54] [INFO] end writer 
[2022-04-22 22:03:54] [INFO] writer send [4, 5] 
[2022-04-22 22:03:54] [INFO] start get result 
[2022-04-22 22:03:54] [INFO] end get result 1 
[2022-04-22 22:03:54] [INFO] reader get 1 
[2022-04-22 22:03:54] [INFO] start get result 
[2022-04-22 22:03:54] [INFO] end get result 2 
[2022-04-22 22:03:54] [INFO] reader get 2 
[2022-04-22 22:03:54] [INFO] writer send [11, 12, 13] 
[2022-04-22 22:03:54] [INFO] end writer 
[2022-04-22 22:03:54] [INFO] end writer 
[2022-04-22 22:03:54] [INFO] start reader 
[2022-04-22 22:03:54] [INFO] start writer 
[2022-04-22 22:03:54] [INFO] end writer 
[2022-04-22 22:03:54] [INFO] start writer 
[2022-04-22 22:03:54] [INFO] end writer 
[2022-04-22 22:03:54] [INFO] writer send [6] 
[2022-04-22 22:03:54] [INFO] end writer 
[2022-04-22 22:03:54] [INFO] start get result 
[2022-04-22 22:03:54] [INFO] end get result 4 
[2022-04-22 22:03:54] [INFO] reader get 4 
[2022-04-22 22:03:54] [INFO] start reader 
[2022-04-22 22:03:54] [INFO] start get result 
[2022-04-22 22:03:54] [INFO] end get result 5 
[2022-04-22 22:03:54] [INFO] start get result 
[2022-04-22 22:03:54] [INFO] end get result 3 
[2022-04-22 22:03:54] [INFO] start reader 
[2022-04-22 22:03:54] [INFO] reader get 5 
[2022-04-22 22:03:54] [INFO] start get result 
[2022-04-22 22:03:54] [INFO] end get result 6 
[2022-04-22 22:03:54] [INFO] writer send [14, 15, 16, 17] 
[2022-04-22 22:03:54] [INFO] reader get 6 
[2022-04-22 22:03:54] [INFO] start get result 
[2022-04-22 22:03:54] [INFO] end get result 11 
[2022-04-22 22:03:54] [INFO] reader get 11 
[2022-04-22 22:03:54] [INFO] start get result 
[2022-04-22 22:03:54] [INFO] end get result 13 
[2022-04-22 22:03:54] [INFO] reader get 13 
[2022-04-22 22:03:54] [INFO] start get result 
[2022-04-22 22:03:54] [INFO] reader get 3 
[2022-04-22 22:03:54] [INFO] start get result 
[2022-04-22 22:03:54] [INFO] end get result 16 
[2022-04-22 22:03:54] [INFO] end get result 15 
[2022-04-22 22:03:54] [INFO] reader get 15 
[2022-04-22 22:03:54] [INFO] start get result 
[2022-04-22 22:03:54] [INFO] end get result 17 
[2022-04-22 22:03:54] [INFO] writer send [18, 19, 20] 
[2022-04-22 22:03:54] [INFO] end writer 
[2022-04-22 22:03:54] [INFO] start get result 
[2022-04-22 22:03:54] [INFO] end get result 14 
[2022-04-22 22:03:54] [INFO] reader get 14 
[2022-04-22 22:03:54] [INFO] start get result 
[2022-04-22 22:03:54] [INFO] end get result 18 
[2022-04-22 22:03:54] [INFO] reader get 18 
[2022-04-22 22:03:54] [INFO] start get result 
[2022-04-22 22:03:54] [INFO] end get result 19 
[2022-04-22 22:03:54] [INFO] reader get 19 
[2022-04-22 22:03:54] [INFO] start get result 
[2022-04-22 22:03:54] [INFO] end get result 20 
[2022-04-22 22:03:54] [INFO] reader get 20 
[2022-04-22 22:03:54] [INFO] start get result 
[2022-04-22 22:03:54] [INFO] start get result 
[2022-04-22 22:03:54] [INFO] end get result 12 
[2022-04-22 22:03:54] [INFO] end writer 
[2022-04-22 22:03:54] [INFO] start reader 
[2022-04-22 22:03:54] [INFO] reader get 12 
[2022-04-22 22:03:54] [INFO] start get result 
[2022-04-22 22:03:54] [INFO] end get result 8 
[2022-04-22 22:03:54] [INFO] reader get 8 
[2022-04-22 22:03:54] [INFO] end get result 7 
[2022-04-22 22:03:54] [INFO] reader get 7 
[2022-04-22 22:03:54] [INFO] start get result 
[2022-04-22 22:03:54] [INFO] end get result 10 
[2022-04-22 22:03:54] [INFO] reader get 10 
[2022-04-22 22:03:54] [INFO] start get result 
[2022-04-22 22:03:54] [INFO] writer send [7, 8, 9, 10] 
[2022-04-22 22:03:54] [INFO] end writer 
[2022-04-22 22:03:54] [INFO] reader get 17 
[2022-04-22 22:03:54] [INFO] start get result 
[2022-04-22 22:03:54] [INFO] reader get 16 
[2022-04-22 22:03:54] [INFO] start get result 
[2022-04-22 22:03:54] [INFO] start get result 
[2022-04-22 22:03:54] [INFO] start reader 
[2022-04-22 22:03:54] [INFO] start get result 
[2022-04-22 22:03:54] [INFO] end get result 9 
[2022-04-22 22:03:54] [INFO] reader get 9 
[2022-04-22 22:03:54] [INFO] start get result 
[2022-04-22 22:03:54] [INFO] start reader 
[2022-04-22 22:03:54] [INFO] start reader 
[2022-04-22 22:03:54] [INFO] start get result 
[2022-04-22 22:03:54] [INFO] start reader 
[2022-04-22 22:03:54] [INFO] start reader 
[2022-04-22 22:03:54] [INFO] start get result 
[2022-04-22 22:03:54] [INFO] start get result 
[2022-04-22 22:03:54] [INFO] start get result 
[2022-04-22 22:03:54] [INFO] start get result 
Exception in thread "Thread-64582" java.util.concurrent.TimeoutException
	at serie1.Ex4.BlockingMessageQueueFuture$MyFuture.get(BlockingMessageQueueFuture.kt:222)
	at serie1.ex4.FutureTest$blocking_message_multiple_send_receive$2$thread$1.invoke(BlockingMessageQueueWithFutureTest.kt:179)
	at serie1.ex4.FutureTest$blocking_message_multiple_send_receive$2$thread$1.invoke(BlockingMessageQueueWithFutureTest.kt:169)
	at kotlin.concurrent.ThreadsKt$thread$thread$1.run(Thread.kt:30)
Exception in thread "Thread-64576" java.util.concurrent.TimeoutException
	at serie1.Ex4.BlockingMessageQueueFuture$MyFuture.get(BlockingMessageQueueFuture.kt:222)
	at serie1.ex4.FutureTest$blocking_message_multiple_send_receive$2$thread$1.invoke(BlockingMessageQueueWithFutureTest.kt:179)
	at serie1.ex4.FutureTest$blocking_message_multiple_send_receive$2$thread$1.invoke(BlockingMessageQueueWithFutureTest.kt:169)
	at kotlin.concurrent.ThreadsKt$thread$thread$1.run(Thread.kt:30)
Exception in thread "Thread-64580" java.util.concurrent.TimeoutException
	at serie1.Ex4.BlockingMessageQueueFuture$MyFuture.get(BlockingMessageQueueFuture.kt:222)
	at serie1.ex4.FutureTest$blocking_message_multiple_send_receive$2$thread$1.invoke(BlockingMessageQueueWithFutureTest.kt:179)
	at serie1.ex4.FutureTest$blocking_message_multiple_send_receive$2$thread$1.invoke(BlockingMessageQueueWithFutureTest.kt:169)
	at kotlin.concurrent.ThreadsKt$thread$thread$1.run(Thread.kt:30)
Exception in thread "Thread-64583" java.util.concurrent.TimeoutException
	at serie1.Ex4.BlockingMessageQueueFuture$MyFuture.get(BlockingMessageQueueFuture.kt:222)
	at serie1.ex4.FutureTest$blocking_message_multiple_send_receive$2$thread$1.invoke(BlockingMessageQueueWithFutureTest.kt:179)
	at serie1.ex4.FutureTest$blocking_message_multiple_send_receive$2$thread$1.invoke(BlockingMessageQueueWithFutureTest.kt:169)
	at kotlin.concurrent.ThreadsKt$thread$thread$1.run(Thread.kt:30)
Exception in thread "Thread-64578" java.util.concurrent.TimeoutException
	at serie1.Ex4.BlockingMessageQueueFuture$MyFuture.get(BlockingMessageQueueFuture.kt:222)
	at serie1.ex4.FutureTest$blocking_message_multiple_send_receive$2$thread$1.invoke(BlockingMessageQueueWithFutureTest.kt:179)
	at serie1.ex4.FutureTest$blocking_message_multiple_send_receive$2$thread$1.invoke(BlockingMessageQueueWithFutureTest.kt:169)
	at kotlin.concurrent.ThreadsKt$thread$thread$1.run(Thread.kt:30)
Exception in thread "Thread-64581" java.util.concurrent.TimeoutException
	at serie1.Ex4.BlockingMessageQueueFuture$MyFuture.get(BlockingMessageQueueFuture.kt:222)
	at serie1.ex4.FutureTest$blocking_message_multiple_send_receive$2$thread$1.invoke(BlockingMessageQueueWithFutureTest.kt:179)
	at serie1.ex4.FutureTest$blocking_message_multiple_send_receive$2$thread$1.invoke(BlockingMessageQueueWithFutureTest.kt:169)
	at kotlin.concurrent.ThreadsKt$thread$thread$1.run(Thread.kt:30)
Exception in thread "Thread-64579" java.util.concurrent.TimeoutException
	at serie1.Ex4.BlockingMessageQueueFuture$MyFuture.get(BlockingMessageQueueFuture.kt:222)
	at serie1.ex4.FutureTest$blocking_message_multiple_send_receive$2$thread$1.invoke(BlockingMessageQueueWithFutureTest.kt:179)
	at serie1.ex4.FutureTest$blocking_message_multiple_send_receive$2$thread$1.invoke(BlockingMessageQueueWithFutureTest.kt:169)
	at kotlin.concurrent.ThreadsKt$thread$thread$1.run(Thread.kt:30)
Exception in thread "Thread-64577" java.util.concurrent.TimeoutException
	at serie1.Ex4.BlockingMessageQueueFuture$MyFuture.get(BlockingMessageQueueFuture.kt:222)
	at serie1.ex4.FutureTest$blocking_message_multiple_send_receive$2$thread$1.invoke(BlockingMessageQueueWithFutureTest.kt:179)
	at serie1.ex4.FutureTest$blocking_message_multiple_send_receive$2$thread$1.invoke(BlockingMessageQueueWithFutureTest.kt:169)
	at kotlin.concurrent.ThreadsKt$thread$thread$1.run(Thread.kt:30)
Exception in thread "Thread-64574" java.util.concurrent.TimeoutException
	at serie1.Ex4.BlockingMessageQueueFuture$MyFuture.get(BlockingMessageQueueFuture.kt:222)
	at serie1.ex4.FutureTest$blocking_message_multiple_send_receive$2$thread$1.invoke(BlockingMessageQueueWithFutureTest.kt:179)
	at serie1.ex4.FutureTest$blocking_message_multiple_send_receive$2$thread$1.invoke(BlockingMessageQueueWithFutureTest.kt:169)
	at kotlin.concurrent.ThreadsKt$thread$thread$1.run(Thread.kt:30)
Exception in thread "Thread-64575" java.util.concurrent.TimeoutException
	at serie1.Ex4.BlockingMessageQueueFuture$MyFuture.get(BlockingMessageQueueFuture.kt:222)
	at serie1.ex4.FutureTest$blocking_message_multiple_send_receive$2$thread$1.invoke(BlockingMessageQueueWithFutureTest.kt:179)
	at serie1.ex4.FutureTest$blocking_message_multiple_send_receive$2$thread$1.invoke(BlockingMessageQueueWithFutureTest.kt:169)
	at kotlin.concurrent.ThreadsKt$thread$thread$1.run(Thread.kt:30)
[2022-04-22 22:03:56] [INFO] start writer 
[2022-04-22 22:03:56] [INFO] start writer 
[2022-04-22 22:03:56] [INFO] start writer 
[2022-04-22 22:03:56] [INFO] writer try send [6] 
[2022-04-22 22:03:56] [INFO] writer try send [4, 5] 
[2022-04-22 22:03:56] [INFO] start writer 
[2022-04-22 22:03:56] [INFO] writer send [4, 5] 
[2022-04-22 22:03:56] [INFO] writer try send [11, 12, 13] 
[2022-04-22 22:03:56] [INFO] start writer 
[2022-04-22 22:03:56] [INFO] writer try send [14, 15, 16, 17] 
[2022-04-22 22:03:56] [INFO] writer try send [1, 2, 3] 
[2022-04-22 22:03:56] [INFO] start writer 
[2022-04-22 22:03:56] [INFO] start writer 
[2022-04-22 22:03:56] [INFO] end writer 
[2022-04-22 22:03:56] [INFO] writer send [11, 12, 13] 
[2022-04-22 22:03:56] [INFO] end writer 
[2022-04-22 22:03:56] [INFO] start writer 
[2022-04-22 22:03:56] [INFO] end writer 
[2022-04-22 22:03:56] [INFO] writer try send [7, 8, 9, 10] 
[2022-04-22 22:03:56] [INFO] start reader 
[2022-04-22 22:03:56] [INFO] writer send [6] 
[2022-04-22 22:03:56] [INFO] writer try send [18, 19, 20] 
[2022-04-22 22:03:56] [INFO] start writer 
[2022-04-22 22:03:56] [INFO] end writer 
[2022-04-22 22:03:56] [INFO] start reader 
[2022-04-22 22:03:56] [INFO] end writer 
[2022-04-22 22:03:56] [INFO] start get result 
[2022-04-22 22:03:56] [INFO] start reader 
[2022-04-22 22:03:56] [INFO] end get result 6 
[2022-04-22 22:03:56] [INFO] start get result 
[2022-04-22 22:03:56] [INFO] end get result 4 
[2022-04-22 22:03:56] [INFO] reader get 4 
[2022-04-22 22:03:56] [INFO] start get result 
[2022-04-22 22:03:56] [INFO] end get result 5 
[2022-04-22 22:03:56] [INFO] reader get 5 
[2022-04-22 22:03:56] [INFO] start get result 
[2022-04-22 22:03:56] [INFO] writer send [18, 19, 20] 
[2022-04-22 22:03:56] [INFO] end writer 
[2022-04-22 22:03:56] [INFO] start reader 
[2022-04-22 22:03:56] [INFO] writer send [1, 2, 3] 
[2022-04-22 22:03:56] [INFO] end writer 
[2022-04-22 22:03:56] [INFO] reader get 6 
[2022-04-22 22:03:56] [INFO] start reader 
[2022-04-22 22:03:56] [INFO] start get result 
[2022-04-22 22:03:56] [INFO] end get result 13 
[2022-04-22 22:03:56] [INFO] reader get 13 
[2022-04-22 22:03:56] [INFO] start reader 
[2022-04-22 22:03:56] [INFO] start get result 
[2022-04-22 22:03:56] [INFO] end get result 2 
[2022-04-22 22:03:56] [INFO] reader get 2 
[2022-04-22 22:03:56] [INFO] start reader 
[2022-04-22 22:03:56] [INFO] start get result 
[2022-04-22 22:03:56] [INFO] end get result 12 
[2022-04-22 22:03:56] [INFO] reader get 12 
[2022-04-22 22:03:56] [INFO] start get result 
[2022-04-22 22:03:56] [INFO] end get result 19 
[2022-04-22 22:03:56] [INFO] start get result 
[2022-04-22 22:03:56] [INFO] reader get 19 
[2022-04-22 22:03:56] [INFO] start get result 
[2022-04-22 22:03:56] [INFO] end get result 8 
[2022-04-22 22:03:56] [INFO] reader get 8 
[2022-04-22 22:03:56] [INFO] start get result 
[2022-04-22 22:03:56] [INFO] end get result 9 
[2022-04-22 22:03:56] [INFO] reader get 9 
[2022-04-22 22:03:56] [INFO] start get result 
[2022-04-22 22:03:56] [INFO] end get result 10 
[2022-04-22 22:03:56] [INFO] reader get 10 
[2022-04-22 22:03:56] [INFO] start get result 
[2022-04-22 22:03:56] [INFO] end get result 11 
[2022-04-22 22:03:56] [INFO] reader get 11 
[2022-04-22 22:03:56] [INFO] start get result 
[2022-04-22 22:03:56] [INFO] end get result 15 
[2022-04-22 22:03:56] [INFO] reader get 15 
[2022-04-22 22:03:56] [INFO] start get result 
[2022-04-22 22:03:56] [INFO] end get result 16 
[2022-04-22 22:03:56] [INFO] reader get 16 
[2022-04-22 22:03:56] [INFO] start get result 
[2022-04-22 22:03:56] [INFO] end get result 14 
[2022-04-22 22:03:56] [INFO] reader get 14 
[2022-04-22 22:03:56] [INFO] start get result 
[2022-04-22 22:03:56] [INFO] end get result 7 
[2022-04-22 22:03:56] [INFO] reader get 7 
[2022-04-22 22:03:56] [INFO] start get result 
[2022-04-22 22:03:56] [INFO] writer send [14, 15, 16, 17] 
[2022-04-22 22:03:56] [INFO] end writer 
[2022-04-22 22:03:56] [INFO] start get result 
[2022-04-22 22:03:56] [INFO] end get result 20 
[2022-04-22 22:03:56] [INFO] start reader 
[2022-04-22 22:03:56] [INFO] start get result 
[2022-04-22 22:03:56] [INFO] end get result 18 
[2022-04-22 22:03:56] [INFO] start reader 
[2022-04-22 22:03:56] [INFO] start get result 
[2022-04-22 22:03:56] [INFO] end get result 3 
[2022-04-22 22:03:56] [INFO] start reader 
[2022-04-22 22:03:56] [INFO] writer send [7, 8, 9, 10] 
[2022-04-22 22:03:56] [INFO] end writer 
[2022-04-22 22:03:56] [INFO] start get result 
[2022-04-22 22:03:56] [INFO] start get result 
[2022-04-22 22:03:56] [INFO] end get result 1 
[2022-04-22 22:03:56] [INFO] reader get 1 
[2022-04-22 22:03:56] [INFO] start get result 
[2022-04-22 22:03:56] [INFO] reader get 3 
[2022-04-22 22:03:56] [INFO] start get result 
[2022-04-22 22:03:56] [INFO] reader get 18 
[2022-04-22 22:03:56] [INFO] start get result 
[2022-04-22 22:03:56] [INFO] reader get 20 
[2022-04-22 22:03:56] [INFO] start get result 
[2022-04-22 22:03:56] [INFO] end get result 17 
[2022-04-22 22:03:56] [INFO] reader get 17 
[2022-04-22 22:03:56] [INFO] start get result 
[2022-04-22 22:03:56] [INFO] start get result 
[2022-04-22 22:03:56] [INFO] start get result 
Exception in thread "Thread-64600" java.util.concurrent.TimeoutException
	at serie1.Ex4.BlockingMessageQueueFuture$MyFuture.get(BlockingMessageQueueFuture.kt:222)
	at serie1.ex4.FutureTest$blocking_message_multiple_send_receive$2$thread$1.invoke(BlockingMessageQueueWithFutureTest.kt:179)
	at serie1.ex4.FutureTest$blocking_message_multiple_send_receive$2$thread$1.invoke(BlockingMessageQueueWithFutureTest.kt:169)
	at kotlin.concurrent.ThreadsKt$thread$thread$1.run(Thread.kt:30)
Exception in thread "Thread-64595" java.util.concurrent.TimeoutException
	at serie1.Ex4.BlockingMessageQueueFuture$MyFuture.get(BlockingMessageQueueFuture.kt:222)
	at serie1.ex4.FutureTest$blocking_message_multiple_send_receive$2$thread$1.invoke(BlockingMessageQueueWithFutureTest.kt:179)
	at serie1.ex4.FutureTest$blocking_message_multiple_send_receive$2$thread$1.invoke(BlockingMessageQueueWithFutureTest.kt:169)
	at kotlin.concurrent.ThreadsKt$thread$thread$1.run(Thread.kt:30)
Exception in thread "Thread-64594" java.util.concurrent.TimeoutException
	at serie1.Ex4.BlockingMessageQueueFuture$MyFuture.get(BlockingMessageQueueFuture.kt:222)
	at serie1.ex4.FutureTest$blocking_message_multiple_send_receive$2$thread$1.invoke(BlockingMessageQueueWithFutureTest.kt:179)
	at serie1.ex4.FutureTest$blocking_message_multiple_send_receive$2$thread$1.invoke(BlockingMessageQueueWithFutureTest.kt:169)
	at kotlin.concurrent.ThreadsKt$thread$thread$1.run(Thread.kt:30)
Exception in thread "Thread-64597" java.util.concurrent.TimeoutException
	at serie1.Ex4.BlockingMessageQueueFuture$MyFuture.get(BlockingMessageQueueFuture.kt:222)
	at serie1.ex4.FutureTest$blocking_message_multiple_send_receive$2$thread$1.invoke(BlockingMessageQueueWithFutureTest.kt:179)
	at serie1.ex4.FutureTest$blocking_message_multiple_send_receive$2$thread$1.invoke(BlockingMessageQueueWithFutureTest.kt:169)
	at kotlin.concurrent.ThreadsKt$thread$thread$1.run(Thread.kt:30)
Exception in thread "Thread-64601" java.util.concurrent.TimeoutException
	at serie1.Ex4.BlockingMessageQueueFuture$MyFuture.get(BlockingMessageQueueFuture.kt:222)
	at serie1.ex4.FutureTest$blocking_message_multiple_send_receive$2$thread$1.invoke(BlockingMessageQueueWithFutureTest.kt:179)
	at serie1.ex4.FutureTest$blocking_message_multiple_send_receive$2$thread$1.invoke(BlockingMessageQueueWithFutureTest.kt:169)
	at kotlin.concurrent.ThreadsKt$thread$thread$1.run(Thread.kt:30)
Exception in thread "Thread-64603" java.util.concurrent.TimeoutException
	at serie1.Ex4.BlockingMessageQueueFuture$MyFuture.get(BlockingMessageQueueFuture.kt:222)
	at serie1.ex4.FutureTest$blocking_message_multiple_send_receive$2$thread$1.invoke(BlockingMessageQueueWithFutureTest.kt:179)
	at serie1.ex4.FutureTest$blocking_message_multiple_send_receive$2$thread$1.invoke(BlockingMessageQueueWithFutureTest.kt:169)
	at kotlin.concurrent.ThreadsKt$thread$thread$1.run(Thread.kt:30)
Exception in thread "Thread-64596" java.util.concurrent.TimeoutException
	at serie1.Ex4.BlockingMessageQueueFuture$MyFuture.get(BlockingMessageQueueFuture.kt:222)
	at serie1.ex4.FutureTest$blocking_message_multiple_send_receive$2$thread$1.invoke(BlockingMessageQueueWithFutureTest.kt:179)
	at serie1.ex4.FutureTest$blocking_message_multiple_send_receive$2$thread$1.invoke(BlockingMessageQueueWithFutureTest.kt:169)
	at kotlin.concurrent.ThreadsKt$thread$thread$1.run(Thread.kt:30)
Exception in thread "Thread-64598" java.util.concurrent.TimeoutException
	at serie1.Ex4.BlockingMessageQueueFuture$MyFuture.get(BlockingMessageQueueFuture.kt:222)
	at serie1.ex4.FutureTest$blocking_message_multiple_send_receive$2$thread$1.invoke(BlockingMessageQueueWithFutureTest.kt:179)
	at serie1.ex4.FutureTest$blocking_message_multiple_send_receive$2$thread$1.invoke(BlockingMessageQueueWithFutureTest.kt:169)
	at kotlin.concurrent.ThreadsKt$thread$thread$1.run(Thread.kt:30)
Exception in thread "Thread-64599" java.util.concurrent.TimeoutException
	at serie1.Ex4.BlockingMessageQueueFuture$MyFuture.get(BlockingMessageQueueFuture.kt:222)
	at serie1.ex4.FutureTest$blocking_message_multiple_send_receive$2$thread$1.invoke(BlockingMessageQueueWithFutureTest.kt:179)
	at serie1.ex4.FutureTest$blocking_message_multiple_send_receive$2$thread$1.invoke(BlockingMessageQueueWithFutureTest.kt:169)
	at kotlin.concurrent.ThreadsKt$thread$thread$1.run(Thread.kt:30)
Exception in thread "Thread-64602" java.util.concurrent.TimeoutException
	at serie1.Ex4.BlockingMessageQueueFuture$MyFuture.get(BlockingMessageQueueFuture.kt:222)
	at serie1.ex4.FutureTest$blocking_message_multiple_send_receive$2$thread$1.invoke(BlockingMessageQueueWithFutureTest.kt:179)
	at serie1.ex4.FutureTest$blocking_message_multiple_send_receive$2$thread$1.invoke(BlockingMessageQueueWithFutureTest.kt:169)
	at kotlin.concurrent.ThreadsKt$thread$thread$1.run(Thread.kt:30)
[2022-04-22 22:03:58] [INFO] start writer 
[2022-04-22 22:03:58] [INFO] start writer 
[2022-04-22 22:03:58] [INFO] start writer 
[2022-04-22 22:03:58] [INFO] start writer 
[2022-04-22 22:03:58] [INFO] start writer 
[2022-04-22 22:03:58] [INFO] writer try send [11, 12, 13] 
[2022-04-22 22:03:58] [INFO] start writer 
[2022-04-22 22:03:58] [INFO] writer try send [14, 15, 16, 17] 
[2022-04-22 22:03:58] [INFO] start writer 
[2022-04-22 22:03:58] [INFO] writer try send [18, 19, 20] 
[2022-04-22 22:03:58] [INFO] writer try send [1, 2, 3] 
[2022-04-22 22:03:58] [INFO] writer send [14, 15, 16, 17] 
[2022-04-22 22:03:58] [INFO] end writer 
[2022-04-22 22:03:58] [INFO] writer send [11, 12, 13] 
[2022-04-22 22:03:58] [INFO] end writer 
[2022-04-22 22:03:58] [INFO] start writer 
[2022-04-22 22:03:58] [INFO] end writer 
[2022-04-22 22:03:58] [INFO] start reader 
[2022-04-22 22:03:58] [INFO] writer try send [7, 8, 9, 10] 
[2022-04-22 22:03:58] [INFO] start writer 
[2022-04-22 22:03:58] [INFO] end writer 
[2022-04-22 22:03:58] [INFO] start reader 
[2022-04-22 22:03:58] [INFO] writer try send [6] 
[2022-04-22 22:03:58] [INFO] writer try send [4, 5] 
[2022-04-22 22:03:58] [INFO] start get result 
[2022-04-22 22:03:58] [INFO] writer send [4, 5] 
[2022-04-22 22:03:58] [INFO] end writer 
[2022-04-22 22:03:58] [INFO] writer send [6] 
[2022-04-22 22:03:58] [INFO] end writer 
[2022-04-22 22:03:58] [INFO] start get result 
[2022-04-22 22:03:58] [INFO] end get result 12 
[2022-04-22 22:03:58] [INFO] end get result 11 
[2022-04-22 22:03:58] [INFO] reader get 11 
[2022-04-22 22:03:58] [INFO] start get result 
[2022-04-22 22:03:58] [INFO] end get result 13 
[2022-04-22 22:03:58] [INFO] start reader 
[2022-04-22 22:03:58] [INFO] reader get 13 
[2022-04-22 22:03:58] [INFO] start get result 
[2022-04-22 22:03:58] [INFO] writer send [18, 19, 20] 
[2022-04-22 22:03:58] [INFO] start reader 
[2022-04-22 22:03:58] [INFO] reader get 12 
[2022-04-22 22:03:58] [INFO] start get result 
[2022-04-22 22:03:58] [INFO] start reader 
[2022-04-22 22:03:58] [INFO] end writer 
[2022-04-22 22:03:58] [INFO] start get result 
[2022-04-22 22:03:58] [INFO] start reader 
[2022-04-22 22:03:58] [INFO] start get result 
[2022-04-22 22:03:58] [INFO] end get result 17 
[2022-04-22 22:03:58] [INFO] reader get 17 
[2022-04-22 22:03:58] [INFO] end get result 14 
[2022-04-22 22:03:58] [INFO] reader get 14 
[2022-04-22 22:03:58] [INFO] start get result 
[2022-04-22 22:03:58] [INFO] end get result 4 
[2022-04-22 22:03:58] [INFO] reader get 4 
[2022-04-22 22:03:58] [INFO] start get result 
[2022-04-22 22:03:58] [INFO] end get result 18 
[2022-04-22 22:03:58] [INFO] start get result 
[2022-04-22 22:03:58] [INFO] end get result 6 
[2022-04-22 22:03:58] [INFO] reader get 6 
[2022-04-22 22:03:58] [INFO] start get result 
[2022-04-22 22:03:58] [INFO] end get result 20 
[2022-04-22 22:03:58] [INFO] reader get 20 
[2022-04-22 22:03:58] [INFO] start get result 
[2022-04-22 22:03:58] [INFO] end get result 1 
[2022-04-22 22:03:58] [INFO] start reader 
[2022-04-22 22:03:58] [INFO] writer send [1, 2, 3] 
[2022-04-22 22:03:58] [INFO] end writer 
[2022-04-22 22:03:58] [INFO] end get result 16 
[2022-04-22 22:03:58] [INFO] reader get 16 
[2022-04-22 22:03:58] [INFO] start get result 
[2022-04-22 22:03:58] [INFO] start get result 
[2022-04-22 22:03:58] [INFO] end get result 3 
[2022-04-22 22:03:58] [INFO] reader get 3 
[2022-04-22 22:03:58] [INFO] end get result 15 
[2022-04-22 22:03:58] [INFO] reader get 15 
[2022-04-22 22:03:58] [INFO] start get result 
[2022-04-22 22:03:58] [INFO] end get result 8 
[2022-04-22 22:03:58] [INFO] reader get 8 
[2022-04-22 22:03:58] [INFO] start get result 
[2022-04-22 22:03:58] [INFO] end get result 9 
[2022-04-22 22:03:58] [INFO] reader get 9 
[2022-04-22 22:03:58] [INFO] start get result 
[2022-04-22 22:03:58] [INFO] end get result 2 
[2022-04-22 22:03:58] [INFO] reader get 2 
[2022-04-22 22:03:58] [INFO] start get result 
[2022-04-22 22:03:58] [INFO] start reader 
[2022-04-22 22:03:58] [INFO] reader get 1 
[2022-04-22 22:03:58] [INFO] start get result 
[2022-04-22 22:03:58] [INFO] start get result 
[2022-04-22 22:03:58] [INFO] end get result 19 
[2022-04-22 22:03:58] [INFO] reader get 19 
[2022-04-22 22:03:58] [INFO] start get result 
[2022-04-22 22:03:58] [INFO] writer send [7, 8, 9, 10] 
[2022-04-22 22:03:58] [INFO] start get result 
[2022-04-22 22:03:58] [INFO] reader get 18 
[2022-04-22 22:03:58] [INFO] start get result 
[2022-04-22 22:03:58] [INFO] start get result 
[2022-04-22 22:03:58] [INFO] end get result 5 
[2022-04-22 22:03:58] [INFO] reader get 5 
[2022-04-22 22:03:58] [INFO] start get result 
[2022-04-22 22:03:58] [INFO] end writer 
[2022-04-22 22:03:58] [INFO] start reader 
[2022-04-22 22:03:58] [INFO] end get result 7 
[2022-04-22 22:03:58] [INFO] reader get 7 
[2022-04-22 22:03:58] [INFO] start get result 
[2022-04-22 22:03:58] [INFO] start get result 
[2022-04-22 22:03:58] [INFO] end get result 10 
[2022-04-22 22:03:58] [INFO] start reader 
[2022-04-22 22:03:58] [INFO] reader get 10 
[2022-04-22 22:03:58] [INFO] start get result 
[2022-04-22 22:03:58] [INFO] start get result 
[2022-04-22 22:03:58] [INFO] start get result 
Exception in thread "Thread-64620" java.util.concurrent.TimeoutException
	at serie1.Ex4.BlockingMessageQueueFuture$MyFuture.get(BlockingMessageQueueFuture.kt:222)
	at serie1.ex4.FutureTest$blocking_message_multiple_send_receive$2$thread$1.invoke(BlockingMessageQueueWithFutureTest.kt:179)
	at serie1.ex4.FutureTest$blocking_message_multiple_send_receive$2$thread$1.invoke(BlockingMessageQueueWithFutureTest.kt:169)
	at kotlin.concurrent.ThreadsKt$thread$thread$1.run(Thread.kt:30)
Exception in thread "Thread-64623" java.util.concurrent.TimeoutException
	at serie1.Ex4.BlockingMessageQueueFuture$MyFuture.get(BlockingMessageQueueFuture.kt:222)
	at serie1.ex4.FutureTest$blocking_message_multiple_send_receive$2$thread$1.invoke(BlockingMessageQueueWithFutureTest.kt:179)
	at serie1.ex4.FutureTest$blocking_message_multiple_send_receive$2$thread$1.invoke(BlockingMessageQueueWithFutureTest.kt:169)
	at kotlin.concurrent.ThreadsKt$thread$thread$1.run(Thread.kt:30)
Exception in thread "Thread-64616" java.util.concurrent.TimeoutException
	at serie1.Ex4.BlockingMessageQueueFuture$MyFuture.get(BlockingMessageQueueFuture.kt:222)
	at serie1.ex4.FutureTest$blocking_message_multiple_send_receive$2$thread$1.invoke(BlockingMessageQueueWithFutureTest.kt:179)
	at serie1.ex4.FutureTest$blocking_message_multiple_send_receive$2$thread$1.invoke(BlockingMessageQueueWithFutureTest.kt:169)
	at kotlin.concurrent.ThreadsKt$thread$thread$1.run(Thread.kt:30)
Exception in thread "Thread-64619" java.util.concurrent.TimeoutException
	at serie1.Ex4.BlockingMessageQueueFuture$MyFuture.get(BlockingMessageQueueFuture.kt:222)
	at serie1.ex4.FutureTest$blocking_message_multiple_send_receive$2$thread$1.invoke(BlockingMessageQueueWithFutureTest.kt:179)
	at serie1.ex4.FutureTest$blocking_message_multiple_send_receive$2$thread$1.invoke(BlockingMessageQueueWithFutureTest.kt:169)
	at kotlin.concurrent.ThreadsKt$thread$thread$1.run(Thread.kt:30)
Exception in thread "Thread-64614" java.util.concurrent.TimeoutException
	at serie1.Ex4.BlockingMessageQueueFuture$MyFuture.get(BlockingMessageQueueFuture.kt:222)
	at serie1.ex4.FutureTest$blocking_message_multiple_send_receive$2$thread$1.invoke(BlockingMessageQueueWithFutureTest.kt:179)
	at serie1.ex4.FutureTest$blocking_message_multiple_send_receive$2$thread$1.invoke(BlockingMessageQueueWithFutureTest.kt:169)
	at kotlin.concurrent.ThreadsKt$thread$thread$1.run(Thread.kt:30)
Exception in thread "Thread-64615" java.util.concurrent.TimeoutException
	at serie1.Ex4.BlockingMessageQueueFuture$MyFuture.get(BlockingMessageQueueFuture.kt:222)
	at serie1.ex4.FutureTest$blocking_message_multiple_send_receive$2$thread$1.invoke(BlockingMessageQueueWithFutureTest.kt:179)
	at serie1.ex4.FutureTest$blocking_message_multiple_send_receive$2$thread$1.invoke(BlockingMessageQueueWithFutureTest.kt:169)
	at kotlin.concurrent.ThreadsKt$thread$thread$1.run(Thread.kt:30)
Exception in thread "Thread-64621" java.util.concurrent.TimeoutException
	at serie1.Ex4.BlockingMessageQueueFuture$MyFuture.get(BlockingMessageQueueFuture.kt:222)
	at serie1.ex4.FutureTest$blocking_message_multiple_send_receive$2$thread$1.invoke(BlockingMessageQueueWithFutureTest.kt:179)
	at serie1.ex4.FutureTest$blocking_message_multiple_send_receive$2$thread$1.invoke(BlockingMessageQueueWithFutureTest.kt:169)
	at kotlin.concurrent.ThreadsKt$thread$thread$1.run(Thread.kt:30)
Exception in thread "Thread-64618" java.util.concurrent.TimeoutException
	at serie1.Ex4.BlockingMessageQueueFuture$MyFuture.get(BlockingMessageQueueFuture.kt:222)
	at serie1.ex4.FutureTest$blocking_message_multiple_send_receive$2$thread$1.invoke(BlockingMessageQueueWithFutureTest.kt:179)
	at serie1.ex4.FutureTest$blocking_message_multiple_send_receive$2$thread$1.invoke(BlockingMessageQueueWithFutureTest.kt:169)
	at kotlin.concurrent.ThreadsKt$thread$thread$1.run(Thread.kt:30)
Exception in thread "Thread-64617" java.util.concurrent.TimeoutException
	at serie1.Ex4.BlockingMessageQueueFuture$MyFuture.get(BlockingMessageQueueFuture.kt:222)
	at serie1.ex4.FutureTest$blocking_message_multiple_send_receive$2$thread$1.invoke(BlockingMessageQueueWithFutureTest.kt:179)
	at serie1.ex4.FutureTest$blocking_message_multiple_send_receive$2$thread$1.invoke(BlockingMessageQueueWithFutureTest.kt:169)
	at kotlin.concurrent.ThreadsKt$thread$thread$1.run(Thread.kt:30)
Exception in thread "Thread-64622" java.util.concurrent.TimeoutException
	at serie1.Ex4.BlockingMessageQueueFuture$MyFuture.get(BlockingMessageQueueFuture.kt:222)
	at serie1.ex4.FutureTest$blocking_message_multiple_send_receive$2$thread$1.invoke(BlockingMessageQueueWithFutureTest.kt:179)
	at serie1.ex4.FutureTest$blocking_message_multiple_send_receive$2$thread$1.invoke(BlockingMessageQueueWithFutureTest.kt:169)
	at kotlin.concurrent.ThreadsKt$thread$thread$1.run(Thread.kt:30)
[2022-04-22 22:04:00] [INFO] start writer 
[2022-04-22 22:04:00] [INFO] writer try send [1, 2, 3] 
[2022-04-22 22:04:00] [INFO] writer send [1, 2, 3] 
[2022-04-22 22:04:00] [INFO] start writer 
[2022-04-22 22:04:00] [INFO] writer try send [6] 
[2022-04-22 22:04:00] [INFO] start writer 
[2022-04-22 22:04:00] [INFO] start writer 
[2022-04-22 22:04:00] [INFO] start writer 
[2022-04-22 22:04:00] [INFO] writer try send [4, 5] 
[2022-04-22 22:04:00] [INFO] start writer 
[2022-04-22 22:04:00] [INFO] start writer 
[2022-04-22 22:04:00] [INFO] end writer 
[2022-04-22 22:04:00] [INFO] writer try send [18, 19, 20] 
[2022-04-22 22:04:00] [INFO] writer send [18, 19, 20] 
[2022-04-22 22:04:00] [INFO] end writer 
[2022-04-22 22:04:00] [INFO] start writer 
[2022-04-22 22:04:00] [INFO] end writer 
[2022-04-22 22:04:00] [INFO] writer send [4, 5] 
[2022-04-22 22:04:00] [INFO] end writer 
[2022-04-22 22:04:00] [INFO] writer try send [14, 15, 16, 17] 
[2022-04-22 22:04:00] [INFO] start writer 
[2022-04-22 22:04:00] [INFO] end writer 
[2022-04-22 22:04:00] [INFO] writer try send [11, 12, 13] 
[2022-04-22 22:04:00] [INFO] start reader 
[2022-04-22 22:04:00] [INFO] writer try send [7, 8, 9, 10] 
[2022-04-22 22:04:00] [INFO] writer send [6] 
[2022-04-22 22:04:00] [INFO] start reader 
[2022-04-22 22:04:00] [INFO] end writer 
[2022-04-22 22:04:00] [INFO] start reader 
[2022-04-22 22:04:00] [INFO] start get result 
[2022-04-22 22:04:00] [INFO] end get result 1 
[2022-04-22 22:04:00] [INFO] reader get 1 
[2022-04-22 22:04:00] [INFO] start reader 
[2022-04-22 22:04:00] [INFO] writer send [11, 12, 13] 
[2022-04-22 22:04:00] [INFO] end writer 
[2022-04-22 22:04:00] [INFO] start get result 
[2022-04-22 22:04:00] [INFO] start get result 
[2022-04-22 22:04:00] [INFO] end get result 2 
[2022-04-22 22:04:00] [INFO] reader get 2 
[2022-04-22 22:04:00] [INFO] end get result 3 
[2022-04-22 22:04:00] [INFO] writer send [7, 8, 9, 10] 
[2022-04-22 22:04:00] [INFO] end writer 
[2022-04-22 22:04:00] [INFO] start reader 
[2022-04-22 22:04:00] [INFO] start get result 
[2022-04-22 22:04:00] [INFO] end get result 6 
[2022-04-22 22:04:00] [INFO] start reader 
[2022-04-22 22:04:00] [INFO] reader get 3 
[2022-04-22 22:04:00] [INFO] start get result 
[2022-04-22 22:04:00] [INFO] end get result 18 
[2022-04-22 22:04:00] [INFO] reader get 18 
[2022-04-22 22:04:00] [INFO] start get result 
[2022-04-22 22:04:00] [INFO] end get result 19 
[2022-04-22 22:04:00] [INFO] reader get 19 
[2022-04-22 22:04:00] [INFO] start get result 
[2022-04-22 22:04:00] [INFO] start get result 
[2022-04-22 22:04:00] [INFO] end get result 4 
[2022-04-22 22:04:00] [INFO] end get result 11 
[2022-04-22 22:04:00] [INFO] reader get 11 
[2022-04-22 22:04:00] [INFO] start get result 
[2022-04-22 22:04:00] [INFO] end get result 13 
[2022-04-22 22:04:00] [INFO] reader get 13 
[2022-04-22 22:04:00] [INFO] start get result 
[2022-04-22 22:04:00] [INFO] start get result 
[2022-04-22 22:04:00] [INFO] end get result 5 
[2022-04-22 22:04:00] [INFO] end get result 7 
[2022-04-22 22:04:00] [INFO] reader get 7 
[2022-04-22 22:04:00] [INFO] start get result 
[2022-04-22 22:04:00] [INFO] reader get 4 
[2022-04-22 22:04:00] [INFO] start get result 
[2022-04-22 22:04:00] [INFO] end get result 9 
[2022-04-22 22:04:00] [INFO] reader get 9 
[2022-04-22 22:04:00] [INFO] start get result 
[2022-04-22 22:04:00] [INFO] end get result 10 
[2022-04-22 22:04:00] [INFO] reader get 10 
[2022-04-22 22:04:00] [INFO] start get result 
[2022-04-22 22:04:00] [INFO] end get result 14 
[2022-04-22 22:04:00] [INFO] reader get 14 
[2022-04-22 22:04:00] [INFO] start get result 
[2022-04-22 22:04:00] [INFO] end get result 15 
[2022-04-22 22:04:00] [INFO] reader get 15 
[2022-04-22 22:04:00] [INFO] start get result 
[2022-04-22 22:04:00] [INFO] end get result 16 
[2022-04-22 22:04:00] [INFO] reader get 16 
[2022-04-22 22:04:00] [INFO] start get result 
[2022-04-22 22:04:00] [INFO] end get result 17 
[2022-04-22 22:04:00] [INFO] reader get 17 
[2022-04-22 22:04:00] [INFO] start get result 
[2022-04-22 22:04:00] [INFO] end get result 12 
[2022-04-22 22:04:00] [INFO] reader get 12 
[2022-04-22 22:04:00] [INFO] start get result 
[2022-04-22 22:04:00] [INFO] writer send [14, 15, 16, 17] 
[2022-04-22 22:04:00] [INFO] end writer 
[2022-04-22 22:04:00] [INFO] start get result 
[2022-04-22 22:04:00] [INFO] end get result 20 
[2022-04-22 22:04:00] [INFO] start reader 
[2022-04-22 22:04:00] [INFO] reader get 6 
[2022-04-22 22:04:00] [INFO] start get result 
[2022-04-22 22:04:00] [INFO] reader get 20 
[2022-04-22 22:04:00] [INFO] start reader 
[2022-04-22 22:04:00] [INFO] start get result 
[2022-04-22 22:04:00] [INFO] start reader 
[2022-04-22 22:04:00] [INFO] end get result 8 
[2022-04-22 22:04:00] [INFO] start reader 
[2022-04-22 22:04:00] [INFO] reader get 8 
[2022-04-22 22:04:00] [INFO] start get result 
[2022-04-22 22:04:00] [INFO] start get result 
[2022-04-22 22:04:00] [INFO] reader get 5 
[2022-04-22 22:04:00] [INFO] start get result 
[2022-04-22 22:04:00] [INFO] start get result 
[2022-04-22 22:04:00] [INFO] start get result 
[2022-04-22 22:04:00] [INFO] start get result 
[2022-04-22 22:04:00] [INFO] start get result 
Exception in thread "Thread-64642" java.util.concurrent.TimeoutException
	at serie1.Ex4.BlockingMessageQueueFuture$MyFuture.get(BlockingMessageQueueFuture.kt:222)
	at serie1.ex4.FutureTest$blocking_message_multiple_send_receive$2$thread$1.invoke(BlockingMessageQueueWithFutureTest.kt:179)
	at serie1.ex4.FutureTest$blocking_message_multiple_send_receive$2$thread$1.invoke(BlockingMessageQueueWithFutureTest.kt:169)
	at kotlin.concurrent.ThreadsKt$thread$thread$1.run(Thread.kt:30)
Exception in thread "Thread-64636" java.util.concurrent.TimeoutException
	at serie1.Ex4.BlockingMessageQueueFuture$MyFuture.get(BlockingMessageQueueFuture.kt:222)
	at serie1.ex4.FutureTest$blocking_message_multiple_send_receive$2$thread$1.invoke(BlockingMessageQueueWithFutureTest.kt:179)
	at serie1.ex4.FutureTest$blocking_message_multiple_send_receive$2$thread$1.invoke(BlockingMessageQueueWithFutureTest.kt:169)
	at kotlin.concurrent.ThreadsKt$thread$thread$1.run(Thread.kt:30)
Exception in thread "Thread-64643" java.util.concurrent.TimeoutException
	at serie1.Ex4.BlockingMessageQueueFuture$MyFuture.get(BlockingMessageQueueFuture.kt:222)
	at serie1.ex4.FutureTest$blocking_message_multiple_send_receive$2$thread$1.invoke(BlockingMessageQueueWithFutureTest.kt:179)
	at serie1.ex4.FutureTest$blocking_message_multiple_send_receive$2$thread$1.invoke(BlockingMessageQueueWithFutureTest.kt:169)
	at kotlin.concurrent.ThreadsKt$thread$thread$1.run(Thread.kt:30)
Exception in thread "Thread-64641" java.util.concurrent.TimeoutException
	at serie1.Ex4.BlockingMessageQueueFuture$MyFuture.get(BlockingMessageQueueFuture.kt:222)
	at serie1.ex4.FutureTest$blocking_message_multiple_send_receive$2$thread$1.invoke(BlockingMessageQueueWithFutureTest.kt:179)
	at serie1.ex4.FutureTest$blocking_message_multiple_send_receive$2$thread$1.invoke(BlockingMessageQueueWithFutureTest.kt:169)
	at kotlin.concurrent.ThreadsKt$thread$thread$1.run(Thread.kt:30)
Exception in thread "Thread-64637" java.util.concurrent.TimeoutException
	at serie1.Ex4.BlockingMessageQueueFuture$MyFuture.get(BlockingMessageQueueFuture.kt:222)
	at serie1.ex4.FutureTest$blocking_message_multiple_send_receive$2$thread$1.invoke(BlockingMessageQueueWithFutureTest.kt:179)
	at serie1.ex4.FutureTest$blocking_message_multiple_send_receive$2$thread$1.invoke(BlockingMessageQueueWithFutureTest.kt:169)
	at kotlin.concurrent.ThreadsKt$thread$thread$1.run(Thread.kt:30)
Exception in thread "Thread-64639" java.util.concurrent.TimeoutException
	at serie1.Ex4.BlockingMessageQueueFuture$MyFuture.get(BlockingMessageQueueFuture.kt:222)
	at serie1.ex4.FutureTest$blocking_message_multiple_send_receive$2$thread$1.invoke(BlockingMessageQueueWithFutureTest.kt:179)
	at serie1.ex4.FutureTest$blocking_message_multiple_send_receive$2$thread$1.invoke(BlockingMessageQueueWithFutureTest.kt:169)
	at kotlin.concurrent.ThreadsKt$thread$thread$1.run(Thread.kt:30)
Exception in thread "Thread-64634" java.util.concurrent.TimeoutException
	at serie1.Ex4.BlockingMessageQueueFuture$MyFuture.get(BlockingMessageQueueFuture.kt:222)
	at serie1.ex4.FutureTest$blocking_message_multiple_send_receive$2$thread$1.invoke(BlockingMessageQueueWithFutureTest.kt:179)
	at serie1.ex4.FutureTest$blocking_message_multiple_send_receive$2$thread$1.invoke(BlockingMessageQueueWithFutureTest.kt:169)
	at kotlin.concurrent.ThreadsKt$thread$thread$1.run(Thread.kt:30)
Exception in thread "Thread-64638" java.util.concurrent.TimeoutException
	at serie1.Ex4.BlockingMessageQueueFuture$MyFuture.get(BlockingMessageQueueFuture.kt:222)
	at serie1.ex4.FutureTest$blocking_message_multiple_send_receive$2$thread$1.invoke(BlockingMessageQueueWithFutureTest.kt:179)
	at serie1.ex4.FutureTest$blocking_message_multiple_send_receive$2$thread$1.invoke(BlockingMessageQueueWithFutureTest.kt:169)
	at kotlin.concurrent.ThreadsKt$thread$thread$1.run(Thread.kt:30)
Exception in thread "Thread-64640" java.util.concurrent.TimeoutException
	at serie1.Ex4.BlockingMessageQueueFuture$MyFuture.get(BlockingMessageQueueFuture.kt:222)
	at serie1.ex4.FutureTest$blocking_message_multiple_send_receive$2$thread$1.invoke(BlockingMessageQueueWithFutureTest.kt:179)
	at serie1.ex4.FutureTest$blocking_message_multiple_send_receive$2$thread$1.invoke(BlockingMessageQueueWithFutureTest.kt:169)
	at kotlin.concurrent.ThreadsKt$thread$thread$1.run(Thread.kt:30)
Exception in thread "Thread-64635" java.util.concurrent.TimeoutException
	at serie1.Ex4.BlockingMessageQueueFuture$MyFuture.get(BlockingMessageQueueFuture.kt:222)
	at serie1.ex4.FutureTest$blocking_message_multiple_send_receive$2$thread$1.invoke(BlockingMessageQueueWithFutureTest.kt:179)
	at serie1.ex4.FutureTest$blocking_message_multiple_send_receive$2$thread$1.invoke(BlockingMessageQueueWithFutureTest.kt:169)
	at kotlin.concurrent.ThreadsKt$thread$thread$1.run(Thread.kt:30)
[2022-04-22 22:04:02] [INFO] start writer 
[2022-04-22 22:04:02] [INFO] start writer 
[2022-04-22 22:04:02] [INFO] start writer 
[2022-04-22 22:04:02] [INFO] writer try send [6] 
[2022-04-22 22:04:02] [INFO] writer send [6] 
[2022-04-22 22:04:02] [INFO] start writer 
[2022-04-22 22:04:02] [INFO] writer try send [11, 12, 13] 
[2022-04-22 22:04:02] [INFO] writer send [11, 12, 13] 
[2022-04-22 22:04:02] [INFO] writer try send [14, 15, 16, 17] 
[2022-04-22 22:04:02] [INFO] start writer 
[2022-04-22 22:04:02] [INFO] writer try send [18, 19, 20] 
[2022-04-22 22:04:02] [INFO] writer try send [1, 2, 3] 
[2022-04-22 22:04:02] [INFO] start writer 
[2022-04-22 22:04:02] [INFO] end writer 
[2022-04-22 22:04:02] [INFO] start writer 
[2022-04-22 22:04:02] [INFO] end writer 
[2022-04-22 22:04:02] [INFO] start writer 
[2022-04-22 22:04:02] [INFO] end writer 
[2022-04-22 22:04:02] [INFO] start writer 
[2022-04-22 22:04:02] [INFO] end writer 
[2022-04-22 22:04:02] [INFO] start reader 
[2022-04-22 22:04:02] [INFO] start writer 
[2022-04-22 22:04:02] [INFO] end writer 
[2022-04-22 22:04:02] [INFO] start reader 
[2022-04-22 22:04:02] [INFO] writer try send [7, 8, 9, 10] 
[2022-04-22 22:04:02] [INFO] writer try send [4, 5] 
[2022-04-22 22:04:02] [INFO] start reader 
[2022-04-22 22:04:02] [INFO] start get result 
[2022-04-22 22:04:02] [INFO] end get result 6 
[2022-04-22 22:04:02] [INFO] start reader 
[2022-04-22 22:04:02] [INFO] start get result 
[2022-04-22 22:04:02] [INFO] end get result 11 
[2022-04-22 22:04:02] [INFO] start reader 
[2022-04-22 22:04:02] [INFO] start get result 
[2022-04-22 22:04:02] [INFO] end get result 12 
[2022-04-22 22:04:02] [INFO] reader get 6 
[2022-04-22 22:04:02] [INFO] start reader 
[2022-04-22 22:04:02] [INFO] writer send [4, 5] 
[2022-04-22 22:04:02] [INFO] end writer 
[2022-04-22 22:04:02] [INFO] start reader 
[2022-04-22 22:04:02] [INFO] start get result 
[2022-04-22 22:04:02] [INFO] end get result 19 
[2022-04-22 22:04:02] [INFO] start reader 
[2022-04-22 22:04:02] [INFO] start get result 
[2022-04-22 22:04:02] [INFO] end get result 20 
[2022-04-22 22:04:02] [INFO] start get result 
[2022-04-22 22:04:02] [INFO] end get result 18 
[2022-04-22 22:04:02] [INFO] reader get 18 
[2022-04-22 22:04:02] [INFO] start get result 
[2022-04-22 22:04:02] [INFO] end get result 13 
[2022-04-22 22:04:02] [INFO] reader get 13 
[2022-04-22 22:04:02] [INFO] reader get 12 
[2022-04-22 22:04:02] [INFO] start get result 
[2022-04-22 22:04:02] [INFO] start get result 
[2022-04-22 22:04:02] [INFO] end get result 2 
[2022-04-22 22:04:02] [INFO] reader get 2 
[2022-04-22 22:04:02] [INFO] reader get 11 
[2022-04-22 22:04:02] [INFO] start get result 
[2022-04-22 22:04:02] [INFO] end get result 15 
[2022-04-22 22:04:02] [INFO] reader get 15 
[2022-04-22 22:04:02] [INFO] start get result 
[2022-04-22 22:04:02] [INFO] writer send [7, 8, 9, 10] 
[2022-04-22 22:04:02] [INFO] end writer 
[2022-04-22 22:04:02] [INFO] writer send [18, 19, 20] 
[2022-04-22 22:04:02] [INFO] end writer 
[2022-04-22 22:04:02] [INFO] end get result 16 
[2022-04-22 22:04:02] [INFO] reader get 16 
[2022-04-22 22:04:02] [INFO] start get result 
[2022-04-22 22:04:02] [INFO] end get result 14 
[2022-04-22 22:04:02] [INFO] reader get 14 
[2022-04-22 22:04:02] [INFO] end get result 3 
[2022-04-22 22:04:02] [INFO] reader get 3 
[2022-04-22 22:04:02] [INFO] start get result 
[2022-04-22 22:04:02] [INFO] end get result 8 
[2022-04-22 22:04:02] [INFO] reader get 8 
[2022-04-22 22:04:02] [INFO] writer send [14, 15, 16, 17] 
[2022-04-22 22:04:02] [INFO] end writer 
[2022-04-22 22:04:02] [INFO] start get result 
[2022-04-22 22:04:02] [INFO] end get result 1 
[2022-04-22 22:04:02] [INFO] start get result 
[2022-04-22 22:04:02] [INFO] end get result 5 
[2022-04-22 22:04:02] [INFO] reader get 5 
[2022-04-22 22:04:02] [INFO] start reader 
[2022-04-22 22:04:02] [INFO] reader get 20 
[2022-04-22 22:04:02] [INFO] start get result 
[2022-04-22 22:04:02] [INFO] start reader 
[2022-04-22 22:04:02] [INFO] start get result 
[2022-04-22 22:04:02] [INFO] end get result 4 
[2022-04-22 22:04:02] [INFO] reader get 4 
[2022-04-22 22:04:02] [INFO] start get result 
[2022-04-22 22:04:02] [INFO] writer send [1, 2, 3] 
[2022-04-22 22:04:02] [INFO] start get result 
[2022-04-22 22:04:02] [INFO] reader get 19 
[2022-04-22 22:04:02] [INFO] start get result 
[2022-04-22 22:04:02] [INFO] start get result 
[2022-04-22 22:04:02] [INFO] end writer 
[2022-04-22 22:04:02] [INFO] start get result 
[2022-04-22 22:04:02] [INFO] end get result 10 
[2022-04-22 22:04:02] [INFO] reader get 10 
[2022-04-22 22:04:02] [INFO] start get result 
[2022-04-22 22:04:02] [INFO] reader get 1 
[2022-04-22 22:04:02] [INFO] start get result 
[2022-04-22 22:04:02] [INFO] start get result 
[2022-04-22 22:04:02] [INFO] end get result 9 
[2022-04-22 22:04:02] [INFO] reader get 9 
[2022-04-22 22:04:02] [INFO] start get result 
[2022-04-22 22:04:02] [INFO] end get result 7 
[2022-04-22 22:04:02] [INFO] start get result 
[2022-04-22 22:04:02] [INFO] end get result 17 
[2022-04-22 22:04:02] [INFO] reader get 17 
[2022-04-22 22:04:02] [INFO] start get result 
[2022-04-22 22:04:02] [INFO] reader get 7 
[2022-04-22 22:04:02] [INFO] start get result 
[2022-04-22 22:04:02] [INFO] start get result 
Exception in thread "Thread-64659" java.util.concurrent.TimeoutException
	at serie1.Ex4.BlockingMessageQueueFuture$MyFuture.get(BlockingMessageQueueFuture.kt:222)
	at serie1.ex4.FutureTest$blocking_message_multiple_send_receive$2$thread$1.invoke(BlockingMessageQueueWithFutureTest.kt:179)
	at serie1.ex4.FutureTest$blocking_message_multiple_send_receive$2$thread$1.invoke(BlockingMessageQueueWithFutureTest.kt:169)
	at kotlin.concurrent.ThreadsKt$thread$thread$1.run(Thread.kt:30)
Exception in thread "Thread-64660" java.util.concurrent.TimeoutException
	at serie1.Ex4.BlockingMessageQueueFuture$MyFuture.get(BlockingMessageQueueFuture.kt:222)
	at serie1.ex4.FutureTest$blocking_message_multiple_send_receive$2$thread$1.invoke(BlockingMessageQueueWithFutureTest.kt:179)
	at serie1.ex4.FutureTest$blocking_message_multiple_send_receive$2$thread$1.invoke(BlockingMessageQueueWithFutureTest.kt:169)
	at kotlin.concurrent.ThreadsKt$thread$thread$1.run(Thread.kt:30)
Exception in thread "Thread-64661" java.util.concurrent.TimeoutException
	at serie1.Ex4.BlockingMessageQueueFuture$MyFuture.get(BlockingMessageQueueFuture.kt:222)
	at serie1.ex4.FutureTest$blocking_message_multiple_send_receive$2$thread$1.invoke(BlockingMessageQueueWithFutureTest.kt:179)
	at serie1.ex4.FutureTest$blocking_message_multiple_send_receive$2$thread$1.invoke(BlockingMessageQueueWithFutureTest.kt:169)
	at kotlin.concurrent.ThreadsKt$thread$thread$1.run(Thread.kt:30)
Exception in thread "Thread-64663" java.util.concurrent.TimeoutException
	at serie1.Ex4.BlockingMessageQueueFuture$MyFuture.get(BlockingMessageQueueFuture.kt:222)
	at serie1.ex4.FutureTest$blocking_message_multiple_send_receive$2$thread$1.invoke(BlockingMessageQueueWithFutureTest.kt:179)
	at serie1.ex4.FutureTest$blocking_message_multiple_send_receive$2$thread$1.invoke(BlockingMessageQueueWithFutureTest.kt:169)
	at kotlin.concurrent.ThreadsKt$thread$thread$1.run(Thread.kt:30)
Exception in thread "Thread-64662" java.util.concurrent.TimeoutException
	at serie1.Ex4.BlockingMessageQueueFuture$MyFuture.get(BlockingMessageQueueFuture.kt:222)
	at serie1.ex4.FutureTest$blocking_message_multiple_send_receive$2$thread$1.invoke(BlockingMessageQueueWithFutureTest.kt:179)
	at serie1.ex4.FutureTest$blocking_message_multiple_send_receive$2$thread$1.invoke(BlockingMessageQueueWithFutureTest.kt:169)
	at kotlin.concurrent.ThreadsKt$thread$thread$1.run(Thread.kt:30)
Exception in thread "Thread-64655" java.util.concurrent.TimeoutException
	at serie1.Ex4.BlockingMessageQueueFuture$MyFuture.get(BlockingMessageQueueFuture.kt:222)
	at serie1.ex4.FutureTest$blocking_message_multiple_send_receive$2$thread$1.invoke(BlockingMessageQueueWithFutureTest.kt:179)
	at serie1.ex4.FutureTest$blocking_message_multiple_send_receive$2$thread$1.invoke(BlockingMessageQueueWithFutureTest.kt:169)
	at kotlin.concurrent.ThreadsKt$thread$thread$1.run(Thread.kt:30)
Exception in thread "Thread-64656" java.util.concurrent.TimeoutException
	at serie1.Ex4.BlockingMessageQueueFuture$MyFuture.get(BlockingMessageQueueFuture.kt:222)
	at serie1.ex4.FutureTest$blocking_message_multiple_send_receive$2$thread$1.invoke(BlockingMessageQueueWithFutureTest.kt:179)
	at serie1.ex4.FutureTest$blocking_message_multiple_send_receive$2$thread$1.invoke(BlockingMessageQueueWithFutureTest.kt:169)
	at kotlin.concurrent.ThreadsKt$thread$thread$1.run(Thread.kt:30)
Exception in thread "Thread-64657" java.util.concurrent.TimeoutException
	at serie1.Ex4.BlockingMessageQueueFuture$MyFuture.get(BlockingMessageQueueFuture.kt:222)
	at serie1.ex4.FutureTest$blocking_message_multiple_send_receive$2$thread$1.invoke(BlockingMessageQueueWithFutureTest.kt:179)
	at serie1.ex4.FutureTest$blocking_message_multiple_send_receive$2$thread$1.invoke(BlockingMessageQueueWithFutureTest.kt:169)
	at kotlin.concurrent.ThreadsKt$thread$thread$1.run(Thread.kt:30)
Exception in thread "Thread-64664" java.util.concurrent.TimeoutException
	at serie1.Ex4.BlockingMessageQueueFuture$MyFuture.get(BlockingMessageQueueFuture.kt:222)
	at serie1.ex4.FutureTest$blocking_message_multiple_send_receive$2$thread$1.invoke(BlockingMessageQueueWithFutureTest.kt:179)
	at serie1.ex4.FutureTest$blocking_message_multiple_send_receive$2$thread$1.invoke(BlockingMessageQueueWithFutureTest.kt:169)
	at kotlin.concurrent.ThreadsKt$thread$thread$1.run(Thread.kt:30)
Exception in thread "Thread-64658" java.util.concurrent.TimeoutException
	at serie1.Ex4.BlockingMessageQueueFuture$MyFuture.get(BlockingMessageQueueFuture.kt:222)
	at serie1.ex4.FutureTest$blocking_message_multiple_send_receive$2$thread$1.invoke(BlockingMessageQueueWithFutureTest.kt:179)
	at serie1.ex4.FutureTest$blocking_message_multiple_send_receive$2$thread$1.invoke(BlockingMessageQueueWithFutureTest.kt:169)
	at kotlin.concurrent.ThreadsKt$thread$thread$1.run(Thread.kt:30)
[2022-04-22 22:04:04] [INFO] start writer 
[2022-04-22 22:04:04] [INFO] writer try send [1, 2, 3] 
[2022-04-22 22:04:04] [INFO] writer send [1, 2, 3] 
[2022-04-22 22:04:04] [INFO] writer try send [4, 5] 
[2022-04-22 22:04:04] [INFO] writer send [4, 5] 
[2022-04-22 22:04:04] [INFO] start writer 
[2022-04-22 22:04:04] [INFO] writer try send [7, 8, 9, 10] 
[2022-04-22 22:04:04] [INFO] start writer 
[2022-04-22 22:04:04] [INFO] start writer 
[2022-04-22 22:04:04] [INFO] start reader 
[2022-04-22 22:04:04] [INFO] start writer 
[2022-04-22 22:04:04] [INFO] start writer 
[2022-04-22 22:04:04] [INFO] writer try send [6] 
[2022-04-22 22:04:04] [INFO] start writer 
[2022-04-22 22:04:04] [INFO] end writer 
[2022-04-22 22:04:04] [INFO] start get result 
[2022-04-22 22:04:04] [INFO] end get result 1 
[2022-04-22 22:04:04] [INFO] reader get 1 
[2022-04-22 22:04:04] [INFO] start get result 
[2022-04-22 22:04:04] [INFO] start writer 
[2022-04-22 22:04:04] [INFO] end writer 
[2022-04-22 22:04:04] [INFO] end get result 2 
[2022-04-22 22:04:04] [INFO] writer send [6] 
[2022-04-22 22:04:04] [INFO] end writer 
[2022-04-22 22:04:04] [INFO] start writer 
[2022-04-22 22:04:04] [INFO] end writer 
[2022-04-22 22:04:04] [INFO] start reader 
[2022-04-22 22:04:04] [INFO] end writer 
[2022-04-22 22:04:04] [INFO] writer try send [18, 19, 20] 
[2022-04-22 22:04:04] [INFO] writer try send [14, 15, 16, 17] 
[2022-04-22 22:04:04] [INFO] start writer 
[2022-04-22 22:04:04] [INFO] end writer 
[2022-04-22 22:04:04] [INFO] writer try send [11, 12, 13] 
[2022-04-22 22:04:04] [INFO] start get result 
[2022-04-22 22:04:04] [INFO] end get result 3 
[2022-04-22 22:04:04] [INFO] reader get 3 
[2022-04-22 22:04:04] [INFO] start reader 
[2022-04-22 22:04:04] [INFO] reader get 2 
[2022-04-22 22:04:04] [INFO] start get result 
[2022-04-22 22:04:04] [INFO] end get result 5 
[2022-04-22 22:04:04] [INFO] start reader 
[2022-04-22 22:04:04] [INFO] start get result 
[2022-04-22 22:04:04] [INFO] end get result 4 
[2022-04-22 22:04:04] [INFO] start reader 
[2022-04-22 22:04:04] [INFO] writer send [11, 12, 13] 
[2022-04-22 22:04:04] [INFO] end writer 
[2022-04-22 22:04:04] [INFO] start reader 
[2022-04-22 22:04:04] [INFO] start get result 
[2022-04-22 22:04:04] [INFO] end get result 6 
[2022-04-22 22:04:04] [INFO] reader get 6 
[2022-04-22 22:04:04] [INFO] start get result 
[2022-04-22 22:04:04] [INFO] reader get 4 
[2022-04-22 22:04:04] [INFO] start get result 
[2022-04-22 22:04:04] [INFO] start get result 
[2022-04-22 22:04:04] [INFO] writer send [14, 15, 16, 17] 
[2022-04-22 22:04:04] [INFO] end writer 
[2022-04-22 22:04:04] [INFO] reader get 5 
[2022-04-22 22:04:04] [INFO] end get result 19 
[2022-04-22 22:04:04] [INFO] reader get 19 
[2022-04-22 22:04:04] [INFO] start get result 
[2022-04-22 22:04:04] [INFO] end get result 14 
[2022-04-22 22:04:04] [INFO] end get result 18 
[2022-04-22 22:04:04] [INFO] reader get 18 
[2022-04-22 22:04:04] [INFO] start get result 
[2022-04-22 22:04:04] [INFO] end get result 15 
[2022-04-22 22:04:04] [INFO] writer send [7, 8, 9, 10] 
[2022-04-22 22:04:04] [INFO] end writer 
[2022-04-22 22:04:04] [INFO] end get result 13 
[2022-04-22 22:04:04] [INFO] reader get 13 
[2022-04-22 22:04:04] [INFO] start get result 
[2022-04-22 22:04:04] [INFO] end get result 16 
[2022-04-22 22:04:04] [INFO] reader get 16 
[2022-04-22 22:04:04] [INFO] start get result 
[2022-04-22 22:04:04] [INFO] end get result 17 
[2022-04-22 22:04:04] [INFO] start reader 
[2022-04-22 22:04:04] [INFO] start get result 
[2022-04-22 22:04:04] [INFO] end get result 12 
[2022-04-22 22:04:04] [INFO] writer send [18, 19, 20] 
[2022-04-22 22:04:04] [INFO] end writer 
[2022-04-22 22:04:04] [INFO] start get result 
[2022-04-22 22:04:04] [INFO] end get result 11 
[2022-04-22 22:04:04] [INFO] reader get 11 
[2022-04-22 22:04:04] [INFO] start get result 
[2022-04-22 22:04:04] [INFO] end get result 8 
[2022-04-22 22:04:04] [INFO] start get result 
[2022-04-22 22:04:04] [INFO] end get result 7 
[2022-04-22 22:04:04] [INFO] reader get 12 
[2022-04-22 22:04:04] [INFO] start get result 
[2022-04-22 22:04:04] [INFO] end get result 9 
[2022-04-22 22:04:04] [INFO] reader get 9 
[2022-04-22 22:04:04] [INFO] start get result 
[2022-04-22 22:04:04] [INFO] start reader 
[2022-04-22 22:04:04] [INFO] reader get 17 
[2022-04-22 22:04:04] [INFO] start get result 
[2022-04-22 22:04:04] [INFO] reader get 15 
[2022-04-22 22:04:04] [INFO] start reader 
[2022-04-22 22:04:04] [INFO] reader get 14 
[2022-04-22 22:04:04] [INFO] start get result 
[2022-04-22 22:04:04] [INFO] start get result 
[2022-04-22 22:04:04] [INFO] start reader 
[2022-04-22 22:04:04] [INFO] end get result 20 
[2022-04-22 22:04:04] [INFO] reader get 20 
[2022-04-22 22:04:04] [INFO] start get result 
[2022-04-22 22:04:04] [INFO] start get result 
[2022-04-22 22:04:04] [INFO] start get result 
[2022-04-22 22:04:04] [INFO] end get result 10 
[2022-04-22 22:04:04] [INFO] start get result 
[2022-04-22 22:04:04] [INFO] reader get 7 
[2022-04-22 22:04:04] [INFO] start get result 
[2022-04-22 22:04:04] [INFO] reader get 8 
[2022-04-22 22:04:04] [INFO] start get result 
[2022-04-22 22:04:04] [INFO] reader get 10 
[2022-04-22 22:04:04] [INFO] start get result 
[2022-04-22 22:04:04] [INFO] start get result 
Exception in thread "Thread-64683" java.util.concurrent.TimeoutException
	at serie1.Ex4.BlockingMessageQueueFuture$MyFuture.get(BlockingMessageQueueFuture.kt:222)
	at serie1.ex4.FutureTest$blocking_message_multiple_send_receive$2$thread$1.invoke(BlockingMessageQueueWithFutureTest.kt:179)
	at serie1.ex4.FutureTest$blocking_message_multiple_send_receive$2$thread$1.invoke(BlockingMessageQueueWithFutureTest.kt:169)
	at kotlin.concurrent.ThreadsKt$thread$thread$1.run(Thread.kt:30)
Exception in thread "Thread-64685" java.util.concurrent.TimeoutException
	at serie1.Ex4.BlockingMessageQueueFuture$MyFuture.get(BlockingMessageQueueFuture.kt:222)
	at serie1.ex4.FutureTest$blocking_message_multiple_send_receive$2$thread$1.invoke(BlockingMessageQueueWithFutureTest.kt:179)
	at serie1.ex4.FutureTest$blocking_message_multiple_send_receive$2$thread$1.invoke(BlockingMessageQueueWithFutureTest.kt:169)
	at kotlin.concurrent.ThreadsKt$thread$thread$1.run(Thread.kt:30)
Exception in thread "Thread-64679" java.util.concurrent.TimeoutException
	at serie1.Ex4.BlockingMessageQueueFuture$MyFuture.get(BlockingMessageQueueFuture.kt:222)
	at serie1.ex4.FutureTest$blocking_message_multiple_send_receive$2$thread$1.invoke(BlockingMessageQueueWithFutureTest.kt:179)
	at serie1.ex4.FutureTest$blocking_message_multiple_send_receive$2$thread$1.invoke(BlockingMessageQueueWithFutureTest.kt:169)
	at kotlin.concurrent.ThreadsKt$thread$thread$1.run(Thread.kt:30)
Exception in thread "Thread-64676" java.util.concurrent.TimeoutException
	at serie1.Ex4.BlockingMessageQueueFuture$MyFuture.get(BlockingMessageQueueFuture.kt:222)
	at serie1.ex4.FutureTest$blocking_message_multiple_send_receive$2$thread$1.invoke(BlockingMessageQueueWithFutureTest.kt:179)
	at serie1.ex4.FutureTest$blocking_message_multiple_send_receive$2$thread$1.invoke(BlockingMessageQueueWithFutureTest.kt:169)
	at kotlin.concurrent.ThreadsKt$thread$thread$1.run(Thread.kt:30)
Exception in thread "Thread-64680" java.util.concurrent.TimeoutException
	at serie1.Ex4.BlockingMessageQueueFuture$MyFuture.get(BlockingMessageQueueFuture.kt:222)
	at serie1.ex4.FutureTest$blocking_message_multiple_send_receive$2$thread$1.invoke(BlockingMessageQueueWithFutureTest.kt:179)
	at serie1.ex4.FutureTest$blocking_message_multiple_send_receive$2$thread$1.invoke(BlockingMessageQueueWithFutureTest.kt:169)
	at kotlin.concurrent.ThreadsKt$thread$thread$1.run(Thread.kt:30)
Exception in thread "Thread-64678" java.util.concurrent.TimeoutException
	at serie1.Ex4.BlockingMessageQueueFuture$MyFuture.get(BlockingMessageQueueFuture.kt:222)
	at serie1.ex4.FutureTest$blocking_message_multiple_send_receive$2$thread$1.invoke(BlockingMessageQueueWithFutureTest.kt:179)
	at serie1.ex4.FutureTest$blocking_message_multiple_send_receive$2$thread$1.invoke(BlockingMessageQueueWithFutureTest.kt:169)
	at kotlin.concurrent.ThreadsKt$thread$thread$1.run(Thread.kt:30)
Exception in thread "Thread-64677" java.util.concurrent.TimeoutException
	at serie1.Ex4.BlockingMessageQueueFuture$MyFuture.get(BlockingMessageQueueFuture.kt:222)
	at serie1.ex4.FutureTest$blocking_message_multiple_send_receive$2$thread$1.invoke(BlockingMessageQueueWithFutureTest.kt:179)
	at serie1.ex4.FutureTest$blocking_message_multiple_send_receive$2$thread$1.invoke(BlockingMessageQueueWithFutureTest.kt:169)
	at kotlin.concurrent.ThreadsKt$thread$thread$1.run(Thread.kt:30)
Exception in thread "Thread-64684" java.util.concurrent.TimeoutException
	at serie1.Ex4.BlockingMessageQueueFuture$MyFuture.get(BlockingMessageQueueFuture.kt:222)
	at serie1.ex4.FutureTest$blocking_message_multiple_send_receive$2$thread$1.invoke(BlockingMessageQueueWithFutureTest.kt:179)
	at serie1.ex4.FutureTest$blocking_message_multiple_send_receive$2$thread$1.invoke(BlockingMessageQueueWithFutureTest.kt:169)
	at kotlin.concurrent.ThreadsKt$thread$thread$1.run(Thread.kt:30)
Exception in thread "Thread-64681" java.util.concurrent.TimeoutException
	at serie1.Ex4.BlockingMessageQueueFuture$MyFuture.get(BlockingMessageQueueFuture.kt:222)
	at serie1.ex4.FutureTest$blocking_message_multiple_send_receive$2$thread$1.invoke(BlockingMessageQueueWithFutureTest.kt:179)
	at serie1.ex4.FutureTest$blocking_message_multiple_send_receive$2$thread$1.invoke(BlockingMessageQueueWithFutureTest.kt:169)
	at kotlin.concurrent.ThreadsKt$thread$thread$1.run(Thread.kt:30)
Exception in thread "Thread-64682" java.util.concurrent.TimeoutException
	at serie1.Ex4.BlockingMessageQueueFuture$MyFuture.get(BlockingMessageQueueFuture.kt:222)
	at serie1.ex4.FutureTest$blocking_message_multiple_send_receive$2$thread$1.invoke(BlockingMessageQueueWithFutureTest.kt:179)
	at serie1.ex4.FutureTest$blocking_message_multiple_send_receive$2$thread$1.invoke(BlockingMessageQueueWithFutureTest.kt:169)
	at kotlin.concurrent.ThreadsKt$thread$thread$1.run(Thread.kt:30)
[2022-04-22 22:04:06] [INFO] start writer 
[2022-04-22 22:04:06] [INFO] writer try send [1, 2, 3] 
[2022-04-22 22:04:06] [INFO] start writer 
[2022-04-22 22:04:06] [INFO] start writer 
[2022-04-22 22:04:06] [INFO] writer try send [6] 
[2022-04-22 22:04:06] [INFO] start writer 
[2022-04-22 22:04:06] [INFO] start writer 
[2022-04-22 22:04:06] [INFO] start writer 
[2022-04-22 22:04:06] [INFO] start writer 
[2022-04-22 22:04:06] [INFO] start writer 
[2022-04-22 22:04:06] [INFO] end writer 
[2022-04-22 22:04:06] [INFO] start writer 
[2022-04-22 22:04:06] [INFO] end writer 
[2022-04-22 22:04:06] [INFO] writer try send [14, 15, 16, 17] 
[2022-04-22 22:04:06] [INFO] start reader 
[2022-04-22 22:04:06] [INFO] start writer 
[2022-04-22 22:04:06] [INFO] end writer 
[2022-04-22 22:04:06] [INFO] writer try send [11, 12, 13] 
[2022-04-22 22:04:06] [INFO] start reader 
[2022-04-22 22:04:06] [INFO] writer try send [7, 8, 9, 10] 
[2022-04-22 22:04:06] [INFO] writer send [6] 
[2022-04-22 22:04:06] [INFO] start get result 
[2022-04-22 22:04:06] [INFO] end get result 1 
[2022-04-22 22:04:06] [INFO] writer try send [4, 5] 
[2022-04-22 22:04:06] [INFO] writer send [1, 2, 3] 
[2022-04-22 22:04:06] [INFO] end writer 
[2022-04-22 22:04:06] [INFO] reader get 1 
[2022-04-22 22:04:06] [INFO] start get result 
[2022-04-22 22:04:06] [INFO] start reader 
[2022-04-22 22:04:06] [INFO] end writer 
[2022-04-22 22:04:06] [INFO] start reader 
[2022-04-22 22:04:06] [INFO] writer send [11, 12, 13] 
[2022-04-22 22:04:06] [INFO] end writer 
[2022-04-22 22:04:06] [INFO] start reader 
[2022-04-22 22:04:06] [INFO] writer try send [18, 19, 20] 
[2022-04-22 22:04:06] [INFO] writer send [18, 19, 20] 
[2022-04-22 22:04:06] [INFO] end writer 
[2022-04-22 22:04:06] [INFO] start get result 
[2022-04-22 22:04:06] [INFO] end get result 6 
[2022-04-22 22:04:06] [INFO] end get result 3 
[2022-04-22 22:04:06] [INFO] reader get 3 
[2022-04-22 22:04:06] [INFO] start get result 
[2022-04-22 22:04:06] [INFO] end get result 11 
[2022-04-22 22:04:06] [INFO] start get result 
[2022-04-22 22:04:06] [INFO] end get result 13 
[2022-04-22 22:04:06] [INFO] reader get 13 
[2022-04-22 22:04:06] [INFO] start get result 
[2022-04-22 22:04:06] [INFO] end get result 18 
[2022-04-22 22:04:06] [INFO] start get result 
[2022-04-22 22:04:06] [INFO] end get result 2 
[2022-04-22 22:04:06] [INFO] reader get 2 
[2022-04-22 22:04:06] [INFO] start get result 
[2022-04-22 22:04:06] [INFO] end get result 19 
[2022-04-22 22:04:06] [INFO] reader get 18 
[2022-04-22 22:04:06] [INFO] start get result 
[2022-04-22 22:04:06] [INFO] end get result 20 
[2022-04-22 22:04:06] [INFO] reader get 20 
[2022-04-22 22:04:06] [INFO] start get result 
[2022-04-22 22:04:06] [INFO] end get result 4 
[2022-04-22 22:04:06] [INFO] reader get 4 
[2022-04-22 22:04:06] [INFO] start get result 
[2022-04-22 22:04:06] [INFO] end get result 5 
[2022-04-22 22:04:06] [INFO] reader get 5 
[2022-04-22 22:04:06] [INFO] start get result 
[2022-04-22 22:04:06] [INFO] end get result 14 
[2022-04-22 22:04:06] [INFO] reader get 14 
[2022-04-22 22:04:06] [INFO] writer send [4, 5] 
[2022-04-22 22:04:06] [INFO] end writer 
[2022-04-22 22:04:06] [INFO] reader get 11 
[2022-04-22 22:04:06] [INFO] start get result 
[2022-04-22 22:04:06] [INFO] end get result 16 
[2022-04-22 22:04:06] [INFO] reader get 16 
[2022-04-22 22:04:06] [INFO] start get result 
[2022-04-22 22:04:06] [INFO] end get result 12 
[2022-04-22 22:04:06] [INFO] reader get 12 
[2022-04-22 22:04:06] [INFO] start get result 
[2022-04-22 22:04:06] [INFO] end get result 7 
[2022-04-22 22:04:06] [INFO] reader get 7 
[2022-04-22 22:04:06] [INFO] reader get 6 
[2022-04-22 22:04:06] [INFO] start get result 
[2022-04-22 22:04:06] [INFO] end get result 9 
[2022-04-22 22:04:06] [INFO] reader get 9 
[2022-04-22 22:04:06] [INFO] start reader 
[2022-04-22 22:04:06] [INFO] start get result 
[2022-04-22 22:04:06] [INFO] end get result 10 
[2022-04-22 22:04:06] [INFO] start get result 
[2022-04-22 22:04:06] [INFO] end get result 8 
[2022-04-22 22:04:06] [INFO] reader get 8 
[2022-04-22 22:04:06] [INFO] start get result 
[2022-04-22 22:04:06] [INFO] start get result 
[2022-04-22 22:04:06] [INFO] start get result 
[2022-04-22 22:04:06] [INFO] end get result 17 
[2022-04-22 22:04:06] [INFO] writer send [7, 8, 9, 10] 
[2022-04-22 22:04:06] [INFO] end writer 
[2022-04-22 22:04:06] [INFO] start get result 
[2022-04-22 22:04:06] [INFO] end get result 15 
[2022-04-22 22:04:06] [INFO] reader get 15 
[2022-04-22 22:04:06] [INFO] start get result 
[2022-04-22 22:04:06] [INFO] writer send [14, 15, 16, 17] 
[2022-04-22 22:04:06] [INFO] end writer 
[2022-04-22 22:04:06] [INFO] reader get 19 
[2022-04-22 22:04:06] [INFO] start get result 
[2022-04-22 22:04:06] [INFO] reader get 17 
[2022-04-22 22:04:06] [INFO] start get result 
[2022-04-22 22:04:06] [INFO] reader get 10 
[2022-04-22 22:04:06] [INFO] start get result 
[2022-04-22 22:04:06] [INFO] start reader 
[2022-04-22 22:04:06] [INFO] start reader 
[2022-04-22 22:04:06] [INFO] start reader 
[2022-04-22 22:04:06] [INFO] start get result 
[2022-04-22 22:04:06] [INFO] start reader 
[2022-04-22 22:04:06] [INFO] start get result 
[2022-04-22 22:04:06] [INFO] start get result 
[2022-04-22 22:04:06] [INFO] start get result 
Exception in thread "Thread-64706" java.util.concurrent.TimeoutException
	at serie1.Ex4.BlockingMessageQueueFuture$MyFuture.get(BlockingMessageQueueFuture.kt:222)
	at serie1.ex4.FutureTest$blocking_message_multiple_send_receive$2$thread$1.invoke(BlockingMessageQueueWithFutureTest.kt:179)
	at serie1.ex4.FutureTest$blocking_message_multiple_send_receive$2$thread$1.invoke(BlockingMessageQueueWithFutureTest.kt:169)
	at kotlin.concurrent.ThreadsKt$thread$thread$1.run(Thread.kt:30)
Exception in thread "Thread-64703" java.util.concurrent.TimeoutException
	at serie1.Ex4.BlockingMessageQueueFuture$MyFuture.get(BlockingMessageQueueFuture.kt:222)
	at serie1.ex4.FutureTest$blocking_message_multiple_send_receive$2$thread$1.invoke(BlockingMessageQueueWithFutureTest.kt:179)
	at serie1.ex4.FutureTest$blocking_message_multiple_send_receive$2$thread$1.invoke(BlockingMessageQueueWithFutureTest.kt:169)
	at kotlin.concurrent.ThreadsKt$thread$thread$1.run(Thread.kt:30)
Exception in thread "Thread-64704" java.util.concurrent.TimeoutException
	at serie1.Ex4.BlockingMessageQueueFuture$MyFuture.get(BlockingMessageQueueFuture.kt:222)
	at serie1.ex4.FutureTest$blocking_message_multiple_send_receive$2$thread$1.invoke(BlockingMessageQueueWithFutureTest.kt:179)
	at serie1.ex4.FutureTest$blocking_message_multiple_send_receive$2$thread$1.invoke(BlockingMessageQueueWithFutureTest.kt:169)
	at kotlin.concurrent.ThreadsKt$thread$thread$1.run(Thread.kt:30)
Exception in thread "Thread-64705" java.util.concurrent.TimeoutException
	at serie1.Ex4.BlockingMessageQueueFuture$MyFuture.get(BlockingMessageQueueFuture.kt:222)
	at serie1.ex4.FutureTest$blocking_message_multiple_send_receive$2$thread$1.invoke(BlockingMessageQueueWithFutureTest.kt:179)
	at serie1.ex4.FutureTest$blocking_message_multiple_send_receive$2$thread$1.invoke(BlockingMessageQueueWithFutureTest.kt:169)
	at kotlin.concurrent.ThreadsKt$thread$thread$1.run(Thread.kt:30)
Exception in thread "Thread-64699" java.util.concurrent.TimeoutException
	at serie1.Ex4.BlockingMessageQueueFuture$MyFuture.get(BlockingMessageQueueFuture.kt:222)
	at serie1.ex4.FutureTest$blocking_message_multiple_send_receive$2$thread$1.invoke(BlockingMessageQueueWithFutureTest.kt:179)
	at serie1.ex4.FutureTest$blocking_message_multiple_send_receive$2$thread$1.invoke(BlockingMessageQueueWithFutureTest.kt:169)
	at kotlin.concurrent.ThreadsKt$thread$thread$1.run(Thread.kt:30)
Exception in thread "Thread-64700" java.util.concurrent.TimeoutException
	at serie1.Ex4.BlockingMessageQueueFuture$MyFuture.get(BlockingMessageQueueFuture.kt:222)
	at serie1.ex4.FutureTest$blocking_message_multiple_send_receive$2$thread$1.invoke(BlockingMessageQueueWithFutureTest.kt:179)
	at serie1.ex4.FutureTest$blocking_message_multiple_send_receive$2$thread$1.invoke(BlockingMessageQueueWithFutureTest.kt:169)
	at kotlin.concurrent.ThreadsKt$thread$thread$1.run(Thread.kt:30)
Exception in thread "Thread-64701" java.util.concurrent.TimeoutException
	at serie1.Ex4.BlockingMessageQueueFuture$MyFuture.get(BlockingMessageQueueFuture.kt:222)
	at serie1.ex4.FutureTest$blocking_message_multiple_send_receive$2$thread$1.invoke(BlockingMessageQueueWithFutureTest.kt:179)
	at serie1.ex4.FutureTest$blocking_message_multiple_send_receive$2$thread$1.invoke(BlockingMessageQueueWithFutureTest.kt:169)
	at kotlin.concurrent.ThreadsKt$thread$thread$1.run(Thread.kt:30)
Exception in thread "Thread-64702" java.util.concurrent.TimeoutException
	at serie1.Ex4.BlockingMessageQueueFuture$MyFuture.get(BlockingMessageQueueFuture.kt:222)
	at serie1.ex4.FutureTest$blocking_message_multiple_send_receive$2$thread$1.invoke(BlockingMessageQueueWithFutureTest.kt:179)
	at serie1.ex4.FutureTest$blocking_message_multiple_send_receive$2$thread$1.invoke(BlockingMessageQueueWithFutureTest.kt:169)
	at kotlin.concurrent.ThreadsKt$thread$thread$1.run(Thread.kt:30)
Exception in thread "Thread-64697" java.util.concurrent.TimeoutException
	at serie1.Ex4.BlockingMessageQueueFuture$MyFuture.get(BlockingMessageQueueFuture.kt:222)
	at serie1.ex4.FutureTest$blocking_message_multiple_send_receive$2$thread$1.invoke(BlockingMessageQueueWithFutureTest.kt:179)
	at serie1.ex4.FutureTest$blocking_message_multiple_send_receive$2$thread$1.invoke(BlockingMessageQueueWithFutureTest.kt:169)
	at kotlin.concurrent.ThreadsKt$thread$thread$1.run(Thread.kt:30)
Exception in thread "Thread-64698" java.util.concurrent.TimeoutException
	at serie1.Ex4.BlockingMessageQueueFuture$MyFuture.get(BlockingMessageQueueFuture.kt:222)
	at serie1.ex4.FutureTest$blocking_message_multiple_send_receive$2$thread$1.invoke(BlockingMessageQueueWithFutureTest.kt:179)
	at serie1.ex4.FutureTest$blocking_message_multiple_send_receive$2$thread$1.invoke(BlockingMessageQueueWithFutureTest.kt:169)
	at kotlin.concurrent.ThreadsKt$thread$thread$1.run(Thread.kt:30)
[2022-04-22 22:04:08] [INFO] start writer 
[2022-04-22 22:04:08] [INFO] writer try send [1, 2, 3] 
[2022-04-22 22:04:08] [INFO] start writer 
[2022-04-22 22:04:08] [INFO] writer try send [4, 5] 
[2022-04-22 22:04:08] [INFO] writer send [4, 5] 
[2022-04-22 22:04:08] [INFO] writer try send [6] 
[2022-04-22 22:04:08] [INFO] writer send [6] 
[2022-04-22 22:04:08] [INFO] writer try send [7, 8, 9, 10] 
[2022-04-22 22:04:08] [INFO] start writer 
[2022-04-22 22:04:08] [INFO] start writer 
[2022-04-22 22:04:08] [INFO] writer try send [14, 15, 16, 17] 
[2022-04-22 22:04:08] [INFO] start writer 
[2022-04-22 22:04:08] [INFO] start writer 
[2022-04-22 22:04:08] [INFO] end writer 
[2022-04-22 22:04:08] [INFO] start writer 
[2022-04-22 22:04:08] [INFO] end writer 
[2022-04-22 22:04:08] [INFO] start writer 
[2022-04-22 22:04:08] [INFO] end writer 
[2022-04-22 22:04:08] [INFO] start writer 
[2022-04-22 22:04:08] [INFO] end writer 
[2022-04-22 22:04:08] [INFO] writer send [1, 2, 3] 
[2022-04-22 22:04:08] [INFO] end writer 
[2022-04-22 22:04:08] [INFO] start reader 
[2022-04-22 22:04:08] [INFO] writer try send [18, 19, 20] 
[2022-04-22 22:04:08] [INFO] start reader 
[2022-04-22 22:04:08] [INFO] start writer 
[2022-04-22 22:04:08] [INFO] end writer 
[2022-04-22 22:04:08] [INFO] writer try send [11, 12, 13] 
[2022-04-22 22:04:08] [INFO] start get result 
[2022-04-22 22:04:08] [INFO] end get result 1 
[2022-04-22 22:04:08] [INFO] reader get 1 
[2022-04-22 22:04:08] [INFO] start get result 
[2022-04-22 22:04:08] [INFO] end get result 2 
[2022-04-22 22:04:08] [INFO] reader get 2 
[2022-04-22 22:04:08] [INFO] start get result 
[2022-04-22 22:04:08] [INFO] end get result 4 
[2022-04-22 22:04:08] [INFO] reader get 4 
[2022-04-22 22:04:08] [INFO] start reader 
[2022-04-22 22:04:08] [INFO] start get result 
[2022-04-22 22:04:08] [INFO] end get result 5 
[2022-04-22 22:04:08] [INFO] start get result 
[2022-04-22 22:04:08] [INFO] end get result 3 
[2022-04-22 22:04:08] [INFO] reader get 3 
[2022-04-22 22:04:08] [INFO] start get result 
[2022-04-22 22:04:08] [INFO] end get result 6 
[2022-04-22 22:04:08] [INFO] reader get 6 
[2022-04-22 22:04:08] [INFO] start get result 
[2022-04-22 22:04:08] [INFO] end get result 11 
[2022-04-22 22:04:08] [INFO] writer send [18, 19, 20] 
[2022-04-22 22:04:08] [INFO] reader get 11 
[2022-04-22 22:04:08] [INFO] end writer 
[2022-04-22 22:04:08] [INFO] writer send [11, 12, 13] 
[2022-04-22 22:04:08] [INFO] end writer 
[2022-04-22 22:04:08] [INFO] start get result 
[2022-04-22 22:04:08] [INFO] end get result 13 
[2022-04-22 22:04:08] [INFO] reader get 13 
[2022-04-22 22:04:08] [INFO] start get result 
[2022-04-22 22:04:08] [INFO] end get result 14 
[2022-04-22 22:04:08] [INFO] reader get 14 
[2022-04-22 22:04:08] [INFO] start get result 
[2022-04-22 22:04:08] [INFO] end get result 15 
[2022-04-22 22:04:08] [INFO] start get result 
[2022-04-22 22:04:08] [INFO] end get result 12 
[2022-04-22 22:04:08] [INFO] reader get 12 
[2022-04-22 22:04:08] [INFO] start get result 
[2022-04-22 22:04:08] [INFO] end get result 16 
[2022-04-22 22:04:08] [INFO] writer send [7, 8, 9, 10] 
[2022-04-22 22:04:08] [INFO] end writer 
[2022-04-22 22:04:08] [INFO] start reader 
[2022-04-22 22:04:08] [INFO] reader get 5 
[2022-04-22 22:04:08] [INFO] start get result 
[2022-04-22 22:04:08] [INFO] end get result 17 
[2022-04-22 22:04:08] [INFO] writer send [14, 15, 16, 17] 
[2022-04-22 22:04:08] [INFO] end writer 
[2022-04-22 22:04:08] [INFO] reader get 17 
[2022-04-22 22:04:08] [INFO] start get result 
[2022-04-22 22:04:08] [INFO] start reader 
[2022-04-22 22:04:08] [INFO] reader get 16 
[2022-04-22 22:04:08] [INFO] start get result 
[2022-04-22 22:04:08] [INFO] end get result 20 
[2022-04-22 22:04:08] [INFO] reader get 15 
[2022-04-22 22:04:08] [INFO] start get result 
[2022-04-22 22:04:08] [INFO] reader get 20 
[2022-04-22 22:04:08] [INFO] start get result 
[2022-04-22 22:04:08] [INFO] end get result 8 
[2022-04-22 22:04:08] [INFO] start get result 
[2022-04-22 22:04:08] [INFO] end get result 9 
[2022-04-22 22:04:08] [INFO] start reader 
[2022-04-22 22:04:08] [INFO] end get result 19 
[2022-04-22 22:04:08] [INFO] reader get 19 
[2022-04-22 22:04:08] [INFO] start get result 
[2022-04-22 22:04:08] [INFO] end get result 10 
[2022-04-22 22:04:08] [INFO] reader get 10 
[2022-04-22 22:04:08] [INFO] start get result 
[2022-04-22 22:04:08] [INFO] start get result 
[2022-04-22 22:04:08] [INFO] end get result 18 
[2022-04-22 22:04:08] [INFO] reader get 18 
[2022-04-22 22:04:08] [INFO] start get result 
[2022-04-22 22:04:08] [INFO] start get result 
[2022-04-22 22:04:08] [INFO] start reader 
[2022-04-22 22:04:08] [INFO] reader get 9 
[2022-04-22 22:04:08] [INFO] start get result 
[2022-04-22 22:04:08] [INFO] reader get 8 
[2022-04-22 22:04:08] [INFO] start get result 
[2022-04-22 22:04:08] [INFO] end get result 7 
[2022-04-22 22:04:08] [INFO] reader get 7 
[2022-04-22 22:04:08] [INFO] start get result 
[2022-04-22 22:04:08] [INFO] start get result 
[2022-04-22 22:04:08] [INFO] start reader 
[2022-04-22 22:04:08] [INFO] start reader 
[2022-04-22 22:04:08] [INFO] start reader 
[2022-04-22 22:04:08] [INFO] start get result 
[2022-04-22 22:04:08] [INFO] start get result 
[2022-04-22 22:04:08] [INFO] start get result 
Exception in thread "Thread-64721" java.util.concurrent.TimeoutException
	at serie1.Ex4.BlockingMessageQueueFuture$MyFuture.get(BlockingMessageQueueFuture.kt:222)
	at serie1.ex4.FutureTest$blocking_message_multiple_send_receive$2$thread$1.invoke(BlockingMessageQueueWithFutureTest.kt:179)
	at serie1.ex4.FutureTest$blocking_message_multiple_send_receive$2$thread$1.invoke(BlockingMessageQueueWithFutureTest.kt:169)
	at kotlin.concurrent.ThreadsKt$thread$thread$1.run(Thread.kt:30)
Exception in thread "Thread-64722" java.util.concurrent.TimeoutException
	at serie1.Ex4.BlockingMessageQueueFuture$MyFuture.get(BlockingMessageQueueFuture.kt:222)
	at serie1.ex4.FutureTest$blocking_message_multiple_send_receive$2$thread$1.invoke(BlockingMessageQueueWithFutureTest.kt:179)
	at serie1.ex4.FutureTest$blocking_message_multiple_send_receive$2$thread$1.invoke(BlockingMessageQueueWithFutureTest.kt:169)
	at kotlin.concurrent.ThreadsKt$thread$thread$1.run(Thread.kt:30)
Exception in thread "Thread-64718" java.util.concurrent.TimeoutException
	at serie1.Ex4.BlockingMessageQueueFuture$MyFuture.get(BlockingMessageQueueFuture.kt:222)
	at serie1.ex4.FutureTest$blocking_message_multiple_send_receive$2$thread$1.invoke(BlockingMessageQueueWithFutureTest.kt:179)
	at serie1.ex4.FutureTest$blocking_message_multiple_send_receive$2$thread$1.invoke(BlockingMessageQueueWithFutureTest.kt:169)
	at kotlin.concurrent.ThreadsKt$thread$thread$1.run(Thread.kt:30)
Exception in thread "Thread-64720" java.util.concurrent.TimeoutException
	at serie1.Ex4.BlockingMessageQueueFuture$MyFuture.get(BlockingMessageQueueFuture.kt:222)
	at serie1.ex4.FutureTest$blocking_message_multiple_send_receive$2$thread$1.invoke(BlockingMessageQueueWithFutureTest.kt:179)
	at serie1.ex4.FutureTest$blocking_message_multiple_send_receive$2$thread$1.invoke(BlockingMessageQueueWithFutureTest.kt:169)
	at kotlin.concurrent.ThreadsKt$thread$thread$1.run(Thread.kt:30)
Exception in thread "Thread-64724" java.util.concurrent.TimeoutException
	at serie1.Ex4.BlockingMessageQueueFuture$MyFuture.get(BlockingMessageQueueFuture.kt:222)
	at serie1.ex4.FutureTest$blocking_message_multiple_send_receive$2$thread$1.invoke(BlockingMessageQueueWithFutureTest.kt:179)
	at serie1.ex4.FutureTest$blocking_message_multiple_send_receive$2$thread$1.invoke(BlockingMessageQueueWithFutureTest.kt:169)
	at kotlin.concurrent.ThreadsKt$thread$thread$1.run(Thread.kt:30)
Exception in thread "Thread-64723" java.util.concurrent.TimeoutException
	at serie1.Ex4.BlockingMessageQueueFuture$MyFuture.get(BlockingMessageQueueFuture.kt:222)
	at serie1.ex4.FutureTest$blocking_message_multiple_send_receive$2$thread$1.invoke(BlockingMessageQueueWithFutureTest.kt:179)
	at serie1.ex4.FutureTest$blocking_message_multiple_send_receive$2$thread$1.invoke(BlockingMessageQueueWithFutureTest.kt:169)
	at kotlin.concurrent.ThreadsKt$thread$thread$1.run(Thread.kt:30)
Exception in thread "Thread-64726" java.util.concurrent.TimeoutException
	at serie1.Ex4.BlockingMessageQueueFuture$MyFuture.get(BlockingMessageQueueFuture.kt:222)
	at serie1.ex4.FutureTest$blocking_message_multiple_send_receive$2$thread$1.invoke(BlockingMessageQueueWithFutureTest.kt:179)
	at serie1.ex4.FutureTest$blocking_message_multiple_send_receive$2$thread$1.invoke(BlockingMessageQueueWithFutureTest.kt:169)
	at kotlin.concurrent.ThreadsKt$thread$thread$1.run(Thread.kt:30)
Exception in thread "Thread-64719" java.util.concurrent.TimeoutException
	at serie1.Ex4.BlockingMessageQueueFuture$MyFuture.get(BlockingMessageQueueFuture.kt:222)
	at serie1.ex4.FutureTest$blocking_message_multiple_send_receive$2$thread$1.invoke(BlockingMessageQueueWithFutureTest.kt:179)
	at serie1.ex4.FutureTest$blocking_message_multiple_send_receive$2$thread$1.invoke(BlockingMessageQueueWithFutureTest.kt:169)
	at kotlin.concurrent.ThreadsKt$thread$thread$1.run(Thread.kt:30)
Exception in thread "Thread-64725" java.util.concurrent.TimeoutException
	at serie1.Ex4.BlockingMessageQueueFuture$MyFuture.get(BlockingMessageQueueFuture.kt:222)
	at serie1.ex4.FutureTest$blocking_message_multiple_send_receive$2$thread$1.invoke(BlockingMessageQueueWithFutureTest.kt:179)
	at serie1.ex4.FutureTest$blocking_message_multiple_send_receive$2$thread$1.invoke(BlockingMessageQueueWithFutureTest.kt:169)
	at kotlin.concurrent.ThreadsKt$thread$thread$1.run(Thread.kt:30)
Exception in thread "Thread-64727" java.util.concurrent.TimeoutException
	at serie1.Ex4.BlockingMessageQueueFuture$MyFuture.get(BlockingMessageQueueFuture.kt:222)
	at serie1.ex4.FutureTest$blocking_message_multiple_send_receive$2$thread$1.invoke(BlockingMessageQueueWithFutureTest.kt:179)
	at serie1.ex4.FutureTest$blocking_message_multiple_send_receive$2$thread$1.invoke(BlockingMessageQueueWithFutureTest.kt:169)
	at kotlin.concurrent.ThreadsKt$thread$thread$1.run(Thread.kt:30)
[2022-04-22 22:04:10] [INFO] start writer 
[2022-04-22 22:04:10] [INFO] writer try send [1, 2, 3] 
[2022-04-22 22:04:10] [INFO] writer send [1, 2, 3] 
[2022-04-22 22:04:10] [INFO] writer try send [4, 5] 
[2022-04-22 22:04:10] [INFO] start writer 
[2022-04-22 22:04:10] [INFO] start writer 
[2022-04-22 22:04:10] [INFO] start writer 
[2022-04-22 22:04:10] [INFO] writer try send [11, 12, 13] 
[2022-04-22 22:04:10] [INFO] start writer 
[2022-04-22 22:04:10] [INFO] writer try send [14, 15, 16, 17] 
[2022-04-22 22:04:10] [INFO] writer send [4, 5] 
[2022-04-22 22:04:10] [INFO] writer try send [6] 
[2022-04-22 22:04:10] [INFO] start writer 
[2022-04-22 22:04:10] [INFO] end writer 
[2022-04-22 22:04:10] [INFO] writer send [6] 
[2022-04-22 22:04:10] [INFO] end writer 
[2022-04-22 22:04:10] [INFO] start writer 
[2022-04-22 22:04:10] [INFO] end writer 
[2022-04-22 22:04:10] [INFO] writer try send [18, 19, 20] 
[2022-04-22 22:04:10] [INFO] start writer 
[2022-04-22 22:04:10] [INFO] end writer 
[2022-04-22 22:04:10] [INFO] start reader 
[2022-04-22 22:04:10] [INFO] writer send [11, 12, 13] 
[2022-04-22 22:04:10] [INFO] start reader 
[2022-04-22 22:04:10] [INFO] writer try send [7, 8, 9, 10] 
[2022-04-22 22:04:10] [INFO] end writer 
[2022-04-22 22:04:10] [INFO] start writer 
[2022-04-22 22:04:10] [INFO] start get result 
[2022-04-22 22:04:10] [INFO] end get result 1 
[2022-04-22 22:04:10] [INFO] reader get 1 
[2022-04-22 22:04:10] [INFO] start get result 
[2022-04-22 22:04:10] [INFO] end get result 3 
[2022-04-22 22:04:10] [INFO] start writer 
[2022-04-22 22:04:10] [INFO] end writer 
[2022-04-22 22:04:10] [INFO] reader get 3 
[2022-04-22 22:04:10] [INFO] start get result 
[2022-04-22 22:04:10] [INFO] start get result 
[2022-04-22 22:04:10] [INFO] end get result 2 
[2022-04-22 22:04:10] [INFO] reader get 2 
[2022-04-22 22:04:10] [INFO] start get result 
[2022-04-22 22:04:10] [INFO] end writer 
[2022-04-22 22:04:10] [INFO] start reader 
[2022-04-22 22:04:10] [INFO] end get result 5 
[2022-04-22 22:04:10] [INFO] reader get 5 
[2022-04-22 22:04:10] [INFO] start reader 
[2022-04-22 22:04:10] [INFO] end get result 4 
[2022-04-22 22:04:10] [INFO] reader get 4 
[2022-04-22 22:04:10] [INFO] start get result 
[2022-04-22 22:04:10] [INFO] writer send [14, 15, 16, 17] 
[2022-04-22 22:04:10] [INFO] writer send [18, 19, 20] 
[2022-04-22 22:04:10] [INFO] end writer 
[2022-04-22 22:04:10] [INFO] start get result 
[2022-04-22 22:04:10] [INFO] start get result 
[2022-04-22 22:04:10] [INFO] end get result 6 
[2022-04-22 22:04:10] [INFO] end writer 
[2022-04-22 22:04:10] [INFO] start reader 
[2022-04-22 22:04:10] [INFO] end get result 12 
[2022-04-22 22:04:10] [INFO] reader get 12 
[2022-04-22 22:04:10] [INFO] start get result 
[2022-04-22 22:04:10] [INFO] end get result 14 
[2022-04-22 22:04:10] [INFO] start get result 
[2022-04-22 22:04:10] [INFO] end get result 11 
[2022-04-22 22:04:10] [INFO] reader get 11 
[2022-04-22 22:04:10] [INFO] reader get 14 
[2022-04-22 22:04:10] [INFO] start get result 
[2022-04-22 22:04:10] [INFO] end get result 17 
[2022-04-22 22:04:10] [INFO] reader get 17 
[2022-04-22 22:04:10] [INFO] start get result 
[2022-04-22 22:04:10] [INFO] end get result 18 
[2022-04-22 22:04:10] [INFO] reader get 18 
[2022-04-22 22:04:10] [INFO] start reader 
[2022-04-22 22:04:10] [INFO] reader get 6 
[2022-04-22 22:04:10] [INFO] start get result 
[2022-04-22 22:04:10] [INFO] end get result 20 
[2022-04-22 22:04:10] [INFO] end get result 13 
[2022-04-22 22:04:10] [INFO] reader get 13 
[2022-04-22 22:04:10] [INFO] start get result 
[2022-04-22 22:04:10] [INFO] end get result 7 
[2022-04-22 22:04:10] [INFO] reader get 20 
[2022-04-22 22:04:10] [INFO] start get result 
[2022-04-22 22:04:10] [INFO] end get result 8 
[2022-04-22 22:04:10] [INFO] reader get 8 
[2022-04-22 22:04:10] [INFO] start get result 
[2022-04-22 22:04:10] [INFO] end get result 9 
[2022-04-22 22:04:10] [INFO] reader get 9 
[2022-04-22 22:04:10] [INFO] start get result 
[2022-04-22 22:04:10] [INFO] start reader 
[2022-04-22 22:04:10] [INFO] start get result 
[2022-04-22 22:04:10] [INFO] end get result 19 
[2022-04-22 22:04:10] [INFO] reader get 19 
[2022-04-22 22:04:10] [INFO] start reader 
[2022-04-22 22:04:10] [INFO] start get result 
[2022-04-22 22:04:10] [INFO] start reader 
[2022-04-22 22:04:10] [INFO] start get result 
[2022-04-22 22:04:10] [INFO] end get result 15 
[2022-04-22 22:04:10] [INFO] reader get 15 
[2022-04-22 22:04:10] [INFO] start reader 
[2022-04-22 22:04:10] [INFO] start get result 
[2022-04-22 22:04:10] [INFO] writer send [7, 8, 9, 10] 
[2022-04-22 22:04:10] [INFO] end writer 
[2022-04-22 22:04:10] [INFO] start get result 
[2022-04-22 22:04:10] [INFO] start get result 
[2022-04-22 22:04:10] [INFO] start get result 
[2022-04-22 22:04:10] [INFO] end get result 16 
[2022-04-22 22:04:10] [INFO] reader get 16 
[2022-04-22 22:04:10] [INFO] start get result 
[2022-04-22 22:04:10] [INFO] start get result 
[2022-04-22 22:04:10] [INFO] end get result 10 
[2022-04-22 22:04:10] [INFO] reader get 10 
[2022-04-22 22:04:10] [INFO] start get result 
[2022-04-22 22:04:10] [INFO] reader get 7 
[2022-04-22 22:04:10] [INFO] start get result 
[2022-04-22 22:04:10] [INFO] start get result 
[2022-04-22 22:04:10] [INFO] start get result 
Exception in thread "Thread-64739" java.util.concurrent.TimeoutException
	at serie1.Ex4.BlockingMessageQueueFuture$MyFuture.get(BlockingMessageQueueFuture.kt:222)
	at serie1.ex4.FutureTest$blocking_message_multiple_send_receive$2$thread$1.invoke(BlockingMessageQueueWithFutureTest.kt:179)
	at serie1.ex4.FutureTest$blocking_message_multiple_send_receive$2$thread$1.invoke(BlockingMessageQueueWithFutureTest.kt:169)
	at kotlin.concurrent.ThreadsKt$thread$thread$1.run(Thread.kt:30)
Exception in thread "Thread-64741" java.util.concurrent.TimeoutException
	at serie1.Ex4.BlockingMessageQueueFuture$MyFuture.get(BlockingMessageQueueFuture.kt:222)
	at serie1.ex4.FutureTest$blocking_message_multiple_send_receive$2$thread$1.invoke(BlockingMessageQueueWithFutureTest.kt:179)
	at serie1.ex4.FutureTest$blocking_message_multiple_send_receive$2$thread$1.invoke(BlockingMessageQueueWithFutureTest.kt:169)
	at kotlin.concurrent.ThreadsKt$thread$thread$1.run(Thread.kt:30)
Exception in thread "Thread-64746" java.util.concurrent.TimeoutException
	at serie1.Ex4.BlockingMessageQueueFuture$MyFuture.get(BlockingMessageQueueFuture.kt:222)
	at serie1.ex4.FutureTest$blocking_message_multiple_send_receive$2$thread$1.invoke(BlockingMessageQueueWithFutureTest.kt:179)
	at serie1.ex4.FutureTest$blocking_message_multiple_send_receive$2$thread$1.invoke(BlockingMessageQueueWithFutureTest.kt:169)
	at kotlin.concurrent.ThreadsKt$thread$thread$1.run(Thread.kt:30)
Exception in thread "Thread-64745" java.util.concurrent.TimeoutException
	at serie1.Ex4.BlockingMessageQueueFuture$MyFuture.get(BlockingMessageQueueFuture.kt:222)
	at serie1.ex4.FutureTest$blocking_message_multiple_send_receive$2$thread$1.invoke(BlockingMessageQueueWithFutureTest.kt:179)
	at serie1.ex4.FutureTest$blocking_message_multiple_send_receive$2$thread$1.invoke(BlockingMessageQueueWithFutureTest.kt:169)
	at kotlin.concurrent.ThreadsKt$thread$thread$1.run(Thread.kt:30)
Exception in thread "Thread-64747" java.util.concurrent.TimeoutException
	at serie1.Ex4.BlockingMessageQueueFuture$MyFuture.get(BlockingMessageQueueFuture.kt:222)
	at serie1.ex4.FutureTest$blocking_message_multiple_send_receive$2$thread$1.invoke(BlockingMessageQueueWithFutureTest.kt:179)
	at serie1.ex4.FutureTest$blocking_message_multiple_send_receive$2$thread$1.invoke(BlockingMessageQueueWithFutureTest.kt:169)
	at kotlin.concurrent.ThreadsKt$thread$thread$1.run(Thread.kt:30)
Exception in thread "Thread-64748" java.util.concurrent.TimeoutException
	at serie1.Ex4.BlockingMessageQueueFuture$MyFuture.get(BlockingMessageQueueFuture.kt:222)
	at serie1.ex4.FutureTest$blocking_message_multiple_send_receive$2$thread$1.invoke(BlockingMessageQueueWithFutureTest.kt:179)
	at serie1.ex4.FutureTest$blocking_message_multiple_send_receive$2$thread$1.invoke(BlockingMessageQueueWithFutureTest.kt:169)
	at kotlin.concurrent.ThreadsKt$thread$thread$1.run(Thread.kt:30)
Exception in thread "Thread-64743" java.util.concurrent.TimeoutException
	at serie1.Ex4.BlockingMessageQueueFuture$MyFuture.get(BlockingMessageQueueFuture.kt:222)
	at serie1.ex4.FutureTest$blocking_message_multiple_send_receive$2$thread$1.invoke(BlockingMessageQueueWithFutureTest.kt:179)
	at serie1.ex4.FutureTest$blocking_message_multiple_send_receive$2$thread$1.invoke(BlockingMessageQueueWithFutureTest.kt:169)
	at kotlin.concurrent.ThreadsKt$thread$thread$1.run(Thread.kt:30)
Exception in thread "Thread-64740" java.util.concurrent.TimeoutException
	at serie1.Ex4.BlockingMessageQueueFuture$MyFuture.get(BlockingMessageQueueFuture.kt:222)
	at serie1.ex4.FutureTest$blocking_message_multiple_send_receive$2$thread$1.invoke(BlockingMessageQueueWithFutureTest.kt:179)
	at serie1.ex4.FutureTest$blocking_message_multiple_send_receive$2$thread$1.invoke(BlockingMessageQueueWithFutureTest.kt:169)
	at kotlin.concurrent.ThreadsKt$thread$thread$1.run(Thread.kt:30)
Exception in thread "Thread-64744" java.util.concurrent.TimeoutException
	at serie1.Ex4.BlockingMessageQueueFuture$MyFuture.get(BlockingMessageQueueFuture.kt:222)
	at serie1.ex4.FutureTest$blocking_message_multiple_send_receive$2$thread$1.invoke(BlockingMessageQueueWithFutureTest.kt:179)
	at serie1.ex4.FutureTest$blocking_message_multiple_send_receive$2$thread$1.invoke(BlockingMessageQueueWithFutureTest.kt:169)
	at kotlin.concurrent.ThreadsKt$thread$thread$1.run(Thread.kt:30)
Exception in thread "Thread-64742" java.util.concurrent.TimeoutException
	at serie1.Ex4.BlockingMessageQueueFuture$MyFuture.get(BlockingMessageQueueFuture.kt:222)
	at serie1.ex4.FutureTest$blocking_message_multiple_send_receive$2$thread$1.invoke(BlockingMessageQueueWithFutureTest.kt:179)
	at serie1.ex4.FutureTest$blocking_message_multiple_send_receive$2$thread$1.invoke(BlockingMessageQueueWithFutureTest.kt:169)
	at kotlin.concurrent.ThreadsKt$thread$thread$1.run(Thread.kt:30)
[2022-04-22 22:04:12] [INFO] start writer 
[2022-04-22 22:04:12] [INFO] writer try send [1, 2, 3] 
[2022-04-22 22:04:12] [INFO] writer send [1, 2, 3] 
[2022-04-22 22:04:12] [INFO] writer try send [4, 5] 
[2022-04-22 22:04:12] [INFO] writer send [4, 5] 
[2022-04-22 22:04:12] [INFO] start writer 
[2022-04-22 22:04:12] [INFO] writer try send [7, 8, 9, 10] 
[2022-04-22 22:04:12] [INFO] start writer 
[2022-04-22 22:04:12] [INFO] start writer 
[2022-04-22 22:04:12] [INFO] writer try send [14, 15, 16, 17] 
[2022-04-22 22:04:12] [INFO] start writer 
[2022-04-22 22:04:12] [INFO] start writer 
[2022-04-22 22:04:12] [INFO] start writer 
[2022-04-22 22:04:12] [INFO] end writer 
[2022-04-22 22:04:12] [INFO] start writer 
[2022-04-22 22:04:12] [INFO] end writer 
[2022-04-22 22:04:12] [INFO] end writer 
[2022-04-22 22:04:12] [INFO] writer try send [18, 19, 20] 
[2022-04-22 22:04:12] [INFO] start reader 
[2022-04-22 22:04:12] [INFO] writer try send [11, 12, 13] 
[2022-04-22 22:04:12] [INFO] start reader 
[2022-04-22 22:04:12] [INFO] writer send [7, 8, 9, 10] 
[2022-04-22 22:04:12] [INFO] end writer 
[2022-04-22 22:04:12] [INFO] start reader 
[2022-04-22 22:04:12] [INFO] start writer 
[2022-04-22 22:04:12] [INFO] end writer 
[2022-04-22 22:04:12] [INFO] start get result 
[2022-04-22 22:04:12] [INFO] end get result 1 
[2022-04-22 22:04:12] [INFO] reader get 1 
[2022-04-22 22:04:12] [INFO] writer send [18, 19, 20] 
[2022-04-22 22:04:12] [INFO] start get result 
[2022-04-22 22:04:12] [INFO] end get result 4 
[2022-04-22 22:04:12] [INFO] reader get 4 
[2022-04-22 22:04:12] [INFO] start get result 
[2022-04-22 22:04:12] [INFO] writer try send [6] 
[2022-04-22 22:04:12] [INFO] writer send [11, 12, 13] 
[2022-04-22 22:04:12] [INFO] end writer 
[2022-04-22 22:04:12] [INFO] start writer 
[2022-04-22 22:04:12] [INFO] end writer 
[2022-04-22 22:04:12] [INFO] end get result 5 
[2022-04-22 22:04:12] [INFO] reader get 5 
[2022-04-22 22:04:12] [INFO] start get result 
[2022-04-22 22:04:12] [INFO] end get result 7 
[2022-04-22 22:04:12] [INFO] end writer 
[2022-04-22 22:04:12] [INFO] start get result 
[2022-04-22 22:04:12] [INFO] end get result 3 
[2022-04-22 22:04:12] [INFO] reader get 3 
[2022-04-22 22:04:12] [INFO] start get result 
[2022-04-22 22:04:12] [INFO] end get result 2 
[2022-04-22 22:04:12] [INFO] reader get 2 
[2022-04-22 22:04:12] [INFO] start reader 
[2022-04-22 22:04:12] [INFO] start get result 
[2022-04-22 22:04:12] [INFO] end get result 9 
[2022-04-22 22:04:12] [INFO] start reader 
[2022-04-22 22:04:12] [INFO] writer send [6] 
[2022-04-22 22:04:12] [INFO] end writer 
[2022-04-22 22:04:12] [INFO] start get result 
[2022-04-22 22:04:12] [INFO] start get result 
[2022-04-22 22:04:12] [INFO] end get result 10 
[2022-04-22 22:04:12] [INFO] reader get 10 
[2022-04-22 22:04:12] [INFO] start get result 
[2022-04-22 22:04:12] [INFO] writer send [14, 15, 16, 17] 
[2022-04-22 22:04:12] [INFO] end writer 
[2022-04-22 22:04:12] [INFO] reader get 7 
[2022-04-22 22:04:12] [INFO] start get result 
[2022-04-22 22:04:12] [INFO] end get result 20 
[2022-04-22 22:04:12] [INFO] reader get 20 
[2022-04-22 22:04:12] [INFO] start get result 
[2022-04-22 22:04:12] [INFO] end get result 19 
[2022-04-22 22:04:12] [INFO] reader get 19 
[2022-04-22 22:04:12] [INFO] start get result 
[2022-04-22 22:04:12] [INFO] end get result 18 
[2022-04-22 22:04:12] [INFO] reader get 18 
[2022-04-22 22:04:12] [INFO] start get result 
[2022-04-22 22:04:12] [INFO] end get result 13 
[2022-04-22 22:04:12] [INFO] end get result 8 
[2022-04-22 22:04:12] [INFO] reader get 8 
[2022-04-22 22:04:12] [INFO] start get result 
[2022-04-22 22:04:12] [INFO] start reader 
[2022-04-22 22:04:12] [INFO] reader get 9 
[2022-04-22 22:04:12] [INFO] start get result 
[2022-04-22 22:04:12] [INFO] end get result 14 
[2022-04-22 22:04:12] [INFO] reader get 14 
[2022-04-22 22:04:12] [INFO] start get result 
[2022-04-22 22:04:12] [INFO] end get result 6 
[2022-04-22 22:04:12] [INFO] reader get 13 
[2022-04-22 22:04:12] [INFO] start get result 
[2022-04-22 22:04:12] [INFO] start get result 
[2022-04-22 22:04:12] [INFO] end get result 17 
[2022-04-22 22:04:12] [INFO] reader get 17 
[2022-04-22 22:04:12] [INFO] start get result 
[2022-04-22 22:04:12] [INFO] start get result 
[2022-04-22 22:04:12] [INFO] end get result 12 
[2022-04-22 22:04:12] [INFO] reader get 12 
[2022-04-22 22:04:12] [INFO] start get result 
[2022-04-22 22:04:12] [INFO] end get result 11 
[2022-04-22 22:04:12] [INFO] reader get 11 
[2022-04-22 22:04:12] [INFO] start get result 
[2022-04-22 22:04:12] [INFO] end get result 16 
[2022-04-22 22:04:12] [INFO] reader get 16 
[2022-04-22 22:04:12] [INFO] start get result 
[2022-04-22 22:04:12] [INFO] reader get 6 
[2022-04-22 22:04:12] [INFO] start get result 
[2022-04-22 22:04:12] [INFO] end get result 15 
[2022-04-22 22:04:12] [INFO] reader get 15 
[2022-04-22 22:04:12] [INFO] start get result 
[2022-04-22 22:04:12] [INFO] start reader 
[2022-04-22 22:04:12] [INFO] start reader 
[2022-04-22 22:04:12] [INFO] start reader 
[2022-04-22 22:04:12] [INFO] start get result 
[2022-04-22 22:04:12] [INFO] start reader 
[2022-04-22 22:04:12] [INFO] start get result 
[2022-04-22 22:04:12] [INFO] start get result 
[2022-04-22 22:04:12] [INFO] start get result 
Exception in thread "Thread-64767" java.util.concurrent.TimeoutException
	at serie1.Ex4.BlockingMessageQueueFuture$MyFuture.get(BlockingMessageQueueFuture.kt:222)
	at serie1.ex4.FutureTest$blocking_message_multiple_send_receive$2$thread$1.invoke(BlockingMessageQueueWithFutureTest.kt:179)
	at serie1.ex4.FutureTest$blocking_message_multiple_send_receive$2$thread$1.invoke(BlockingMessageQueueWithFutureTest.kt:169)
	at kotlin.concurrent.ThreadsKt$thread$thread$1.run(Thread.kt:30)
Exception in thread "Thread-64766" java.util.concurrent.TimeoutException
	at serie1.Ex4.BlockingMessageQueueFuture$MyFuture.get(BlockingMessageQueueFuture.kt:222)
	at serie1.ex4.FutureTest$blocking_message_multiple_send_receive$2$thread$1.invoke(BlockingMessageQueueWithFutureTest.kt:179)
	at serie1.ex4.FutureTest$blocking_message_multiple_send_receive$2$thread$1.invoke(BlockingMessageQueueWithFutureTest.kt:169)
	at kotlin.concurrent.ThreadsKt$thread$thread$1.run(Thread.kt:30)
Exception in thread "Thread-64763" java.util.concurrent.TimeoutException
	at serie1.Ex4.BlockingMessageQueueFuture$MyFuture.get(BlockingMessageQueueFuture.kt:222)
	at serie1.ex4.FutureTest$blocking_message_multiple_send_receive$2$thread$1.invoke(BlockingMessageQueueWithFutureTest.kt:179)
	at serie1.ex4.FutureTest$blocking_message_multiple_send_receive$2$thread$1.invoke(BlockingMessageQueueWithFutureTest.kt:169)
	at kotlin.concurrent.ThreadsKt$thread$thread$1.run(Thread.kt:30)
Exception in thread "Thread-64760" java.util.concurrent.TimeoutException
	at serie1.Ex4.BlockingMessageQueueFuture$MyFuture.get(BlockingMessageQueueFuture.kt:222)
	at serie1.ex4.FutureTest$blocking_message_multiple_send_receive$2$thread$1.invoke(BlockingMessageQueueWithFutureTest.kt:179)
	at serie1.ex4.FutureTest$blocking_message_multiple_send_receive$2$thread$1.invoke(BlockingMessageQueueWithFutureTest.kt:169)
	at kotlin.concurrent.ThreadsKt$thread$thread$1.run(Thread.kt:30)
Exception in thread "Thread-64768" java.util.concurrent.TimeoutException
	at serie1.Ex4.BlockingMessageQueueFuture$MyFuture.get(BlockingMessageQueueFuture.kt:222)
	at serie1.ex4.FutureTest$blocking_message_multiple_send_receive$2$thread$1.invoke(BlockingMessageQueueWithFutureTest.kt:179)
	at serie1.ex4.FutureTest$blocking_message_multiple_send_receive$2$thread$1.invoke(BlockingMessageQueueWithFutureTest.kt:169)
	at kotlin.concurrent.ThreadsKt$thread$thread$1.run(Thread.kt:30)
Exception in thread "Thread-64764" java.util.concurrent.TimeoutException
	at serie1.Ex4.BlockingMessageQueueFuture$MyFuture.get(BlockingMessageQueueFuture.kt:222)
	at serie1.ex4.FutureTest$blocking_message_multiple_send_receive$2$thread$1.invoke(BlockingMessageQueueWithFutureTest.kt:179)
	at serie1.ex4.FutureTest$blocking_message_multiple_send_receive$2$thread$1.invoke(BlockingMessageQueueWithFutureTest.kt:169)
	at kotlin.concurrent.ThreadsKt$thread$thread$1.run(Thread.kt:30)
Exception in thread "Thread-64762" java.util.concurrent.TimeoutException
	at serie1.Ex4.BlockingMessageQueueFuture$MyFuture.get(BlockingMessageQueueFuture.kt:222)
	at serie1.ex4.FutureTest$blocking_message_multiple_send_receive$2$thread$1.invoke(BlockingMessageQueueWithFutureTest.kt:179)
	at serie1.ex4.FutureTest$blocking_message_multiple_send_receive$2$thread$1.invoke(BlockingMessageQueueWithFutureTest.kt:169)
	at kotlin.concurrent.ThreadsKt$thread$thread$1.run(Thread.kt:30)
Exception in thread "Thread-64769" java.util.concurrent.TimeoutException
	at serie1.Ex4.BlockingMessageQueueFuture$MyFuture.get(BlockingMessageQueueFuture.kt:222)
	at serie1.ex4.FutureTest$blocking_message_multiple_send_receive$2$thread$1.invoke(BlockingMessageQueueWithFutureTest.kt:179)
	at serie1.ex4.FutureTest$blocking_message_multiple_send_receive$2$thread$1.invoke(BlockingMessageQueueWithFutureTest.kt:169)
	at kotlin.concurrent.ThreadsKt$thread$thread$1.run(Thread.kt:30)
Exception in thread "Thread-64765" java.util.concurrent.TimeoutException
	at serie1.Ex4.BlockingMessageQueueFuture$MyFuture.get(BlockingMessageQueueFuture.kt:222)
	at serie1.ex4.FutureTest$blocking_message_multiple_send_receive$2$thread$1.invoke(BlockingMessageQueueWithFutureTest.kt:179)
	at serie1.ex4.FutureTest$blocking_message_multiple_send_receive$2$thread$1.invoke(BlockingMessageQueueWithFutureTest.kt:169)
	at kotlin.concurrent.ThreadsKt$thread$thread$1.run(Thread.kt:30)
Exception in thread "Thread-64761" java.util.concurrent.TimeoutException
	at serie1.Ex4.BlockingMessageQueueFuture$MyFuture.get(BlockingMessageQueueFuture.kt:222)
	at serie1.ex4.FutureTest$blocking_message_multiple_send_receive$2$thread$1.invoke(BlockingMessageQueueWithFutureTest.kt:179)
	at serie1.ex4.FutureTest$blocking_message_multiple_send_receive$2$thread$1.invoke(BlockingMessageQueueWithFutureTest.kt:169)
	at kotlin.concurrent.ThreadsKt$thread$thread$1.run(Thread.kt:30)
]]></system-err>
</testsuite>
