<?xml version="1.0" encoding="UTF-8"?>
<testsuite name="serie2.ex3.CounterModuloTest" tests="10000" skipped="0" failures="0" errors="0" timestamp="2022-05-14T16:10:14" hostname="LAPTOP-8IJG8NP1" time="78.14">
  <properties/>
  <testcase name="MultiThreaded only initializes value once[Iterations: 1]" classname="serie2.ex3.CounterModuloTest" time="0.003"/>
  <testcase name="MultiThreaded only initializes value once[Iterations: 2]" classname="serie2.ex3.CounterModuloTest" time="0.001"/>
  <testcase name="MultiThreaded only initializes value once[Iterations: 3]" classname="serie2.ex3.CounterModuloTest" time="0.0"/>
  <testcase name="MultiThreaded only initializes value once[Iterations: 4]" classname="serie2.ex3.CounterModuloTest" time="0.001"/>
  <testcase name="MultiThreaded only initializes value once[Iterations: 5]" classname="serie2.ex3.CounterModuloTest" time="0.0"/>
  <testcase name="MultiThreaded only initializes value once[Iterations: 6]" classname="serie2.ex3.CounterModuloTest" time="0.001"/>
  <testcase name="MultiThreaded only initializes value once[Iterations: 7]" classname="serie2.ex3.CounterModuloTest" time="0.0"/>
  <testcase name="MultiThreaded only initializes value once[Iterations: 8]" classname="serie2.ex3.CounterModuloTest" time="0.001"/>
  <testcase name="MultiThreaded only initializes value once[Iterations: 9]" classname="serie2.ex3.CounterModuloTest" time="0.001"/>
  <testcase name="MultiThreaded only initializes value once[Iterations: 10]" classname="serie2.ex3.CounterModuloTest" time="0.001"/>
  <testcase name="MultiThreaded only initializes value once[Iterations: 11]" classname="serie2.ex3.CounterModuloTest" time="0.001"/>
  <testcase name="MultiThreaded only initializes value once[Iterations: 12]" classname="serie2.ex3.CounterModuloTest" time="0.001"/>
  <testcase name="MultiThreaded only initializes value once[Iterations: 13]" classname="serie2.ex3.CounterModuloTest" time="0.001"/>
  <testcase name="MultiThreaded only initializes value once[Iterations: 14]" classname="serie2.ex3.CounterModuloTest" time="0.001"/>
  <testcase name="MultiThreaded only initializes value once[Iterations: 15]" classname="serie2.ex3.CounterModuloTest" time="0.001"/>
  <testcase name="MultiThreaded only initializes value once[Iterations: 16]" classname="serie2.ex3.CounterModuloTest" time="0.002"/>
  <testcase name="MultiThreaded only initializes value once[Iterations: 17]" classname="serie2.ex3.CounterModuloTest" time="0.001"/>
  <testcase name="MultiThreaded only initializes value once[Iterations: 18]" classname="serie2.ex3.CounterModuloTest" time="0.001"/>
  <testcase name="MultiThreaded only initializes value once[Iterations: 19]" classname="serie2.ex3.CounterModuloTest" time="0.001"/>
  <testcase name="MultiThreaded only initializes value once[Iterations: 20]" classname="serie2.ex3.CounterModuloTest" time="0.001"/>
  <testcase name="MultiThreaded only initializes value once[Iterations: 21]" classname="serie2.ex3.CounterModuloTest" time="0.001"/>
  <testcase name="MultiThreaded only initializes value once[Iterations: 22]" classname="serie2.ex3.CounterModuloTest" time="0.001"/>
  <testcase name="MultiThreaded only initializes value once[Iterations: 23]" classname="serie2.ex3.CounterModuloTest" time="0.001"/>
  <testcase name="MultiThreaded only initializes value once[Iterations: 24]" classname="serie2.ex3.CounterModuloTest" time="0.001"/>
  <testcase name="MultiThreaded only initializes value once[Iterations: 25]" classname="serie2.ex3.CounterModuloTest" time="0.001"/>
  <testcase name="MultiThreaded only initializes value once[Iterations: 26]" classname="serie2.ex3.CounterModuloTest" time="0.002"/>
  <testcase name="MultiThreaded only initializes value once[Iterations: 27]" classname="serie2.ex3.CounterModuloTest" time="0.001"/>
  <testcase name="MultiThreaded only initializes value once[Iterations: 28]" classname="serie2.ex3.CounterModuloTest" time="0.001"/>
  <testcase name="MultiThreaded only initializes value once[Iterations: 29]" classname="serie2.ex3.CounterModuloTest" time="0.001"/>
  <testcase name="MultiThreaded only initializes value once[Iterations: 30]" classname="serie2.ex3.CounterModuloTest" time="0.001"/>
  <testcase name="MultiThreaded only initializes value once[Iterations: 31]" classname="serie2.ex3.CounterModuloTest" time="0.001"/>
  <testcase name="MultiThreaded only initializes value once[Iterations: 32]" classname="serie2.ex3.CounterModuloTest" time="0.001"/>
  <testcase name="MultiThreaded only initializes value once[Iterations: 33]" classname="serie2.ex3.CounterModuloTest" time="0.001"/>
  <testcase name="MultiThreaded only initializes value once[Iterations: 34]" classname="serie2.ex3.CounterModuloTest" time="0.001"/>
  <testcase name="MultiThreaded only initializes value once[Iterations: 35]" classname="serie2.ex3.CounterModuloTest" time="0.001"/>
  <testcase name="MultiThreaded only initializes value once[Iterations: 36]" classname="serie2.ex3.CounterModuloTest" time="0.001"/>
  <testcase name="MultiThreaded only initializes value once[Iterations: 37]" classname="serie2.ex3.CounterModuloTest" time="0.001"/>
  <testcase name="MultiThreaded only initializes value once[Iterations: 38]" classname="serie2.ex3.CounterModuloTest" time="0.001"/>
  <testcase name="MultiThreaded only initializes value once[Iterations: 39]" classname="serie2.ex3.CounterModuloTest" time="0.001"/>
  <testcase name="MultiThreaded only initializes value once[Iterations: 40]" classname="serie2.ex3.CounterModuloTest" time="0.001"/>
  <testcase name="MultiThreaded only initializes value once[Iterations: 41]" classname="serie2.ex3.CounterModuloTest" time="0.001"/>
  <testcase name="MultiThreaded only initializes value once[Iterations: 42]" classname="serie2.ex3.CounterModuloTest" time="0.001"/>
  <testcase name="MultiThreaded only initializes value once[Iterations: 43]" classname="serie2.ex3.CounterModuloTest" time="0.001"/>
  <testcase name="MultiThreaded only initializes value once[Iterations: 44]" classname="serie2.ex3.CounterModuloTest" time="0.001"/>
  <testcase name="MultiThreaded only initializes value once[Iterations: 45]" classname="serie2.ex3.CounterModuloTest" time="0.001"/>
  <testcase name="MultiThreaded only initializes value once[Iterations: 46]" classname="serie2.ex3.CounterModuloTest" time="0.001"/>
  <testcase name="MultiThreaded only initializes value once[Iterations: 47]" classname="serie2.ex3.CounterModuloTest" time="0.001"/>
  <testcase name="MultiThreaded only initializes value once[Iterations: 48]" classname="serie2.ex3.CounterModuloTest" time="0.001"/>
  <testcase name="MultiThreaded only initializes value once[Iterations: 49]" classname="serie2.ex3.CounterModuloTest" time="0.001"/>
  <testcase name="MultiThreaded only initializes value once[Iterations: 50]" classname="serie2.ex3.CounterModuloTest" time="0.002"/>
  <testcase name="MultiThreaded only initializes value once[Iterations: 51]" classname="serie2.ex3.CounterModuloTest" time="0.001"/>
  <testcase name="MultiThreaded only initializes value once[Iterations: 52]" classname="serie2.ex3.CounterModuloTest" time="0.001"/>
  <testcase name="MultiThreaded only initializes value once[Iterations: 53]" classname="serie2.ex3.CounterModuloTest" time="0.003"/>
  <testcase name="MultiThreaded only initializes value once[Iterations: 54]" classname="serie2.ex3.CounterModuloTest" time="0.001"/>
  <testcase name="MultiThreaded only initializes value once[Iterations: 55]" classname="serie2.ex3.CounterModuloTest" time="0.001"/>
  <testcase name="MultiThreaded only initializes value once[Iterations: 56]" classname="serie2.ex3.CounterModuloTest" time="0.0"/>
  <testcase name="MultiThreaded only initializes value once[Iterations: 57]" classname="serie2.ex3.CounterModuloTest" time="0.001"/>
  <testcase name="MultiThreaded only initializes value once[Iterations: 58]" classname="serie2.ex3.CounterModuloTest" time="0.001"/>
  <testcase name="MultiThreaded only initializes value once[Iterations: 59]" classname="serie2.ex3.CounterModuloTest" time="0.001"/>
  <testcase name="MultiThreaded only initializes value once[Iterations: 60]" classname="serie2.ex3.CounterModuloTest" time="0.001"/>
  <testcase name="MultiThreaded only initializes value once[Iterations: 61]" classname="serie2.ex3.CounterModuloTest" time="0.001"/>
  <testcase name="MultiThreaded only initializes value once[Iterations: 62]" classname="serie2.ex3.CounterModuloTest" time="0.001"/>
  <testcase name="MultiThreaded only initializes value once[Iterations: 63]" classname="serie2.ex3.CounterModuloTest" time="0.001"/>
  <testcase name="MultiThreaded only initializes value once[Iterations: 64]" classname="serie2.ex3.CounterModuloTest" time="0.002"/>
  <testcase name="MultiThreaded only initializes value once[Iterations: 65]" classname="serie2.ex3.CounterModuloTest" time="0.001"/>
  <testcase name="MultiThreaded only initializes value once[Iterations: 66]" classname="serie2.ex3.CounterModuloTest" time="0.001"/>
  <testcase name="MultiThreaded only initializes value once[Iterations: 67]" classname="serie2.ex3.CounterModuloTest" time="0.001"/>
  <testcase name="MultiThreaded only initializes value once[Iterations: 68]" classname="serie2.ex3.CounterModuloTest" time="0.001"/>
  <testcase name="MultiThreaded only initializes value once[Iterations: 69]" classname="serie2.ex3.CounterModuloTest" time="0.001"/>
  <testcase name="MultiThreaded only initializes value once[Iterations: 70]" classname="serie2.ex3.CounterModuloTest" time="0.001"/>
  <testcase name="MultiThreaded only initializes value once[Iterations: 71]" classname="serie2.ex3.CounterModuloTest" time="0.001"/>
  <testcase name="MultiThreaded only initializes value once[Iterations: 72]" classname="serie2.ex3.CounterModuloTest" time="0.001"/>
  <testcase name="MultiThreaded only initializes value once[Iterations: 73]" classname="serie2.ex3.CounterModuloTest" time="0.001"/>
  <testcase name="MultiThreaded only initializes value once[Iterations: 74]" classname="serie2.ex3.CounterModuloTest" time="0.001"/>
  <testcase name="MultiThreaded only initializes value once[Iterations: 75]" classname="serie2.ex3.CounterModuloTest" time="0.001"/>
  <testcase name="MultiThreaded only initializes value once[Iterations: 76]" classname="serie2.ex3.CounterModuloTest" time="0.001"/>
  <testcase name="MultiThreaded only initializes value once[Iterations: 77]" classname="serie2.ex3.CounterModuloTest" time="0.008"/>
  <testcase name="MultiThreaded only initializes value once[Iterations: 78]" classname="serie2.ex3.CounterModuloTest" time="0.001"/>
  <testcase name="MultiThreaded only initializes value once[Iterations: 79]" classname="serie2.ex3.CounterModuloTest" time="0.001"/>
  <testcase name="MultiThreaded only initializes value once[Iterations: 80]" classname="serie2.ex3.CounterModuloTest" time="0.001"/>
  <testcase name="MultiThreaded only initializes value once[Iterations: 81]" classname="serie2.ex3.CounterModuloTest" time="0.001"/>
  <testcase name="MultiThreaded only initializes value once[Iterations: 82]" classname="serie2.ex3.CounterModuloTest" time="0.001"/>
  <testcase name="MultiThreaded only initializes value once[Iterations: 83]" classname="serie2.ex3.CounterModuloTest" time="0.001"/>
  <testcase name="MultiThreaded only initializes value once[Iterations: 84]" classname="serie2.ex3.CounterModuloTest" time="0.001"/>
  <testcase name="MultiThreaded only initializes value once[Iterations: 85]" classname="serie2.ex3.CounterModuloTest" time="0.001"/>
  <testcase name="MultiThreaded only initializes value once[Iterations: 86]" classname="serie2.ex3.CounterModuloTest" time="0.001"/>
  <testcase name="MultiThreaded only initializes value once[Iterations: 87]" classname="serie2.ex3.CounterModuloTest" time="0.001"/>
  <testcase name="MultiThreaded only initializes value once[Iterations: 88]" classname="serie2.ex3.CounterModuloTest" time="0.001"/>
  <testcase name="MultiThreaded only initializes value once[Iterations: 89]" classname="serie2.ex3.CounterModuloTest" time="0.001"/>
  <testcase name="MultiThreaded only initializes value once[Iterations: 90]" classname="serie2.ex3.CounterModuloTest" time="0.001"/>
  <testcase name="MultiThreaded only initializes value once[Iterations: 91]" classname="serie2.ex3.CounterModuloTest" time="0.001"/>
  <testcase name="MultiThreaded only initializes value once[Iterations: 92]" classname="serie2.ex3.CounterModuloTest" time="0.001"/>
  <testcase name="MultiThreaded only initializes value once[Iterations: 93]" classname="serie2.ex3.CounterModuloTest" time="0.001"/>
  <testcase name="MultiThreaded only initializes value once[Iterations: 94]" classname="serie2.ex3.CounterModuloTest" time="0.001"/>
  <testcase name="MultiThreaded only initializes value once[Iterations: 95]" classname="serie2.ex3.CounterModuloTest" time="0.002"/>
  <testcase name="MultiThreaded only initializes value once[Iterations: 96]" classname="serie2.ex3.CounterModuloTest" time="0.001"/>
  <testcase name="MultiThreaded only initializes value once[Iterations: 97]" classname="serie2.ex3.CounterModuloTest" time="0.001"/>
  <testcase name="MultiThreaded only initializes value once[Iterations: 98]" classname="serie2.ex3.CounterModuloTest" time="0.001"/>
  <testcase name="MultiThreaded only initializes value once[Iterations: 99]" classname="serie2.ex3.CounterModuloTest" time="0.001"/>
  <testcase name="MultiThreaded only initializes value once[Iterations: 100]" classname="serie2.ex3.CounterModuloTest" time="0.001"/>
  <testcase name="MultiThreaded only initializes value once[Iterations: 101]" classname="serie2.ex3.CounterModuloTest" time="0.001"/>
  <testcase name="MultiThreaded only initializes value once[Iterations: 102]" classname="serie2.ex3.CounterModuloTest" time="0.001"/>
  <testcase name="MultiThreaded only initializes value once[Iterations: 103]" classname="serie2.ex3.CounterModuloTest" time="0.001"/>
  <testcase name="MultiThreaded only initializes value once[Iterations: 104]" classname="serie2.ex3.CounterModuloTest" time="0.001"/>
  <testcase name="MultiThreaded only initializes value once[Iterations: 105]" classname="serie2.ex3.CounterModuloTest" time="0.002"/>
  <testcase name="MultiThreaded only initializes value once[Iterations: 106]" classname="serie2.ex3.CounterModuloTest" time="0.001"/>
  <testcase name="MultiThreaded only initializes value once[Iterations: 107]" classname="serie2.ex3.CounterModuloTest" time="0.001"/>
  <testcase name="MultiThreaded only initializes value once[Iterations: 108]" classname="serie2.ex3.CounterModuloTest" time="0.001"/>
  <testcase name="MultiThreaded only initializes value once[Iterations: 109]" classname="serie2.ex3.CounterModuloTest" time="0.001"/>
  <testcase name="MultiThreaded only initializes value once[Iterations: 110]" classname="serie2.ex3.CounterModuloTest" time="0.001"/>
  <testcase name="MultiThreaded only initializes value once[Iterations: 111]" classname="serie2.ex3.CounterModuloTest" time="0.001"/>
  <testcase name="MultiThreaded only initializes value once[Iterations: 112]" classname="serie2.ex3.CounterModuloTest" time="0.001"/>
  <testcase name="MultiThreaded only initializes value once[Iterations: 113]" classname="serie2.ex3.CounterModuloTest" time="0.001"/>
  <testcase name="MultiThreaded only initializes value once[Iterations: 114]" classname="serie2.ex3.CounterModuloTest" time="0.001"/>
  <testcase name="MultiThreaded only initializes value once[Iterations: 115]" classname="serie2.ex3.CounterModuloTest" time="0.001"/>
  <testcase name="MultiThreaded only initializes value once[Iterations: 116]" classname="serie2.ex3.CounterModuloTest" time="0.001"/>
  <testcase name="MultiThreaded only initializes value once[Iterations: 117]" classname="serie2.ex3.CounterModuloTest" time="0.001"/>
  <testcase name="MultiThreaded only initializes value once[Iterations: 118]" classname="serie2.ex3.CounterModuloTest" time="0.001"/>
  <testcase name="MultiThreaded only initializes value once[Iterations: 119]" classname="serie2.ex3.CounterModuloTest" time="0.001"/>
  <testcase name="MultiThreaded only initializes value once[Iterations: 120]" classname="serie2.ex3.CounterModuloTest" time="0.002"/>
  <testcase name="MultiThreaded only initializes value once[Iterations: 121]" classname="serie2.ex3.CounterModuloTest" time="0.001"/>
  <testcase name="MultiThreaded only initializes value once[Iterations: 122]" classname="serie2.ex3.CounterModuloTest" time="0.001"/>
  <testcase name="MultiThreaded only initializes value once[Iterations: 123]" classname="serie2.ex3.CounterModuloTest" time="0.001"/>
  <testcase name="MultiThreaded only initializes value once[Iterations: 124]" classname="serie2.ex3.CounterModuloTest" time="0.001"/>
  <testcase name="MultiThreaded only initializes value once[Iterations: 125]" classname="serie2.ex3.CounterModuloTest" time="0.001"/>
  <testcase name="MultiThreaded only initializes value once[Iterations: 126]" classname="serie2.ex3.CounterModuloTest" time="0.001"/>
  <testcase name="MultiThreaded only initializes value once[Iterations: 127]" classname="serie2.ex3.CounterModuloTest" time="0.001"/>
  <testcase name="MultiThreaded only initializes value once[Iterations: 128]" classname="serie2.ex3.CounterModuloTest" time="0.001"/>
  <testcase name="MultiThreaded only initializes value once[Iterations: 129]" classname="serie2.ex3.CounterModuloTest" time="0.001"/>
  <testcase name="MultiThreaded only initializes value once[Iterations: 130]" classname="serie2.ex3.CounterModuloTest" time="0.007"/>
  <testcase name="MultiThreaded only initializes value once[Iterations: 131]" classname="serie2.ex3.CounterModuloTest" time="0.001"/>
  <testcase name="MultiThreaded only initializes value once[Iterations: 132]" classname="serie2.ex3.CounterModuloTest" time="0.001"/>
  <testcase name="MultiThreaded only initializes value once[Iterations: 133]" classname="serie2.ex3.CounterModuloTest" time="0.001"/>
  <testcase name="MultiThreaded only initializes value once[Iterations: 134]" classname="serie2.ex3.CounterModuloTest" time="0.001"/>
  <testcase name="MultiThreaded only initializes value once[Iterations: 135]" classname="serie2.ex3.CounterModuloTest" time="0.001"/>
  <testcase name="MultiThreaded only initializes value once[Iterations: 136]" classname="serie2.ex3.CounterModuloTest" time="0.001"/>
  <testcase name="MultiThreaded only initializes value once[Iterations: 137]" classname="serie2.ex3.CounterModuloTest" time="0.001"/>
  <testcase name="MultiThreaded only initializes value once[Iterations: 138]" classname="serie2.ex3.CounterModuloTest" time="0.001"/>
  <testcase name="MultiThreaded only initializes value once[Iterations: 139]" classname="serie2.ex3.CounterModuloTest" time="0.001"/>
  <testcase name="MultiThreaded only initializes value once[Iterations: 140]" classname="serie2.ex3.CounterModuloTest" time="0.001"/>
  <testcase name="MultiThreaded only initializes value once[Iterations: 141]" classname="serie2.ex3.CounterModuloTest" time="0.001"/>
  <testcase name="MultiThreaded only initializes value once[Iterations: 142]" classname="serie2.ex3.CounterModuloTest" time="0.001"/>
  <testcase name="MultiThreaded only initializes value once[Iterations: 143]" classname="serie2.ex3.CounterModuloTest" time="0.001"/>
  <testcase name="MultiThreaded only initializes value once[Iterations: 144]" classname="serie2.ex3.CounterModuloTest" time="0.001"/>
  <testcase name="MultiThreaded only initializes value once[Iterations: 145]" classname="serie2.ex3.CounterModuloTest" time="0.001"/>
  <testcase name="MultiThreaded only initializes value once[Iterations: 146]" classname="serie2.ex3.CounterModuloTest" time="0.001"/>
  <testcase name="MultiThreaded only initializes value once[Iterations: 147]" classname="serie2.ex3.CounterModuloTest" time="0.001"/>
  <testcase name="MultiThreaded only initializes value once[Iterations: 148]" classname="serie2.ex3.CounterModuloTest" time="0.001"/>
  <testcase name="MultiThreaded only initializes value once[Iterations: 149]" classname="serie2.ex3.CounterModuloTest" time="0.001"/>
  <testcase name="MultiThreaded only initializes value once[Iterations: 150]" classname="serie2.ex3.CounterModuloTest" time="0.001"/>
  <testcase name="MultiThreaded only initializes value once[Iterations: 151]" classname="serie2.ex3.CounterModuloTest" time="0.001"/>
  <testcase name="MultiThreaded only initializes value once[Iterations: 152]" classname="serie2.ex3.CounterModuloTest" time="0.001"/>
  <testcase name="MultiThreaded only initializes value once[Iterations: 153]" classname="serie2.ex3.CounterModuloTest" time="0.0"/>
  <testcase name="MultiThreaded only initializes value once[Iterations: 154]" classname="serie2.ex3.CounterModuloTest" time="0.001"/>
  <testcase name="MultiThreaded only initializes value once[Iterations: 155]" classname="serie2.ex3.CounterModuloTest" time="0.0"/>
  <testcase name="MultiThreaded only initializes value once[Iterations: 156]" classname="serie2.ex3.CounterModuloTest" time="0.001"/>
  <testcase name="MultiThreaded only initializes value once[Iterations: 157]" classname="serie2.ex3.CounterModuloTest" time="0.0"/>
  <testcase name="MultiThreaded only initializes value once[Iterations: 158]" classname="serie2.ex3.CounterModuloTest" time="0.001"/>
  <testcase name="MultiThreaded only initializes value once[Iterations: 159]" classname="serie2.ex3.CounterModuloTest" time="0.0"/>
  <testcase name="MultiThreaded only initializes value once[Iterations: 160]" classname="serie2.ex3.CounterModuloTest" time="0.001"/>
  <testcase name="MultiThreaded only initializes value once[Iterations: 161]" classname="serie2.ex3.CounterModuloTest" time="0.001"/>
  <testcase name="MultiThreaded only initializes value once[Iterations: 162]" classname="serie2.ex3.CounterModuloTest" time="0.001"/>
  <testcase name="MultiThreaded only initializes value once[Iterations: 163]" classname="serie2.ex3.CounterModuloTest" time="0.001"/>
  <testcase name="MultiThreaded only initializes value once[Iterations: 164]" classname="serie2.ex3.CounterModuloTest" time="0.001"/>
  <testcase name="MultiThreaded only initializes value once[Iterations: 165]" classname="serie2.ex3.CounterModuloTest" time="0.001"/>
  <testcase name="MultiThreaded only initializes value once[Iterations: 166]" classname="serie2.ex3.CounterModuloTest" time="0.001"/>
  <testcase name="MultiThreaded only initializes value once[Iterations: 167]" classname="serie2.ex3.CounterModuloTest" time="0.001"/>
  <testcase name="MultiThreaded only initializes value once[Iterations: 168]" classname="serie2.ex3.CounterModuloTest" time="0.001"/>
  <testcase name="MultiThreaded only initializes value once[Iterations: 169]" classname="serie2.ex3.CounterModuloTest" time="0.001"/>
  <testcase name="MultiThreaded only initializes value once[Iterations: 170]" classname="serie2.ex3.CounterModuloTest" time="0.001"/>
  <testcase name="MultiThreaded only initializes value once[Iterations: 171]" classname="serie2.ex3.CounterModuloTest" time="0.001"/>
  <testcase name="MultiThreaded only initializes value once[Iterations: 172]" classname="serie2.ex3.CounterModuloTest" time="0.001"/>
  <testcase name="MultiThreaded only initializes value once[Iterations: 173]" classname="serie2.ex3.CounterModuloTest" time="0.001"/>
  <testcase name="MultiThreaded only initializes value once[Iterations: 174]" classname="serie2.ex3.CounterModuloTest" time="0.001"/>
  <testcase name="MultiThreaded only initializes value once[Iterations: 175]" classname="serie2.ex3.CounterModuloTest" time="0.001"/>
  <testcase name="MultiThreaded only initializes value once[Iterations: 176]" classname="serie2.ex3.CounterModuloTest" time="0.001"/>
  <testcase name="MultiThreaded only initializes value once[Iterations: 177]" classname="serie2.ex3.CounterModuloTest" time="0.001"/>
  <testcase name="MultiThreaded only initializes value once[Iterations: 178]" classname="serie2.ex3.CounterModuloTest" time="0.001"/>
  <testcase name="MultiThreaded only initializes value once[Iterations: 179]" classname="serie2.ex3.CounterModuloTest" time="0.007"/>
  <testcase name="MultiThreaded only initializes value once[Iterations: 180]" classname="serie2.ex3.CounterModuloTest" time="0.001"/>
  <testcase name="MultiThreaded only initializes value once[Iterations: 181]" classname="serie2.ex3.CounterModuloTest" time="0.002"/>
  <testcase name="MultiThreaded only initializes value once[Iterations: 182]" classname="serie2.ex3.CounterModuloTest" time="0.001"/>
  <testcase name="MultiThreaded only initializes value once[Iterations: 183]" classname="serie2.ex3.CounterModuloTest" time="0.001"/>
  <testcase name="MultiThreaded only initializes value once[Iterations: 184]" classname="serie2.ex3.CounterModuloTest" time="0.002"/>
  <testcase name="MultiThreaded only initializes value once[Iterations: 185]" classname="serie2.ex3.CounterModuloTest" time="0.001"/>
  <testcase name="MultiThreaded only initializes value once[Iterations: 186]" classname="serie2.ex3.CounterModuloTest" time="0.002"/>
  <testcase name="MultiThreaded only initializes value once[Iterations: 187]" classname="serie2.ex3.CounterModuloTest" time="0.001"/>
  <testcase name="MultiThreaded only initializes value once[Iterations: 188]" classname="serie2.ex3.CounterModuloTest" time="0.001"/>
  <testcase name="MultiThreaded only initializes value once[Iterations: 189]" classname="serie2.ex3.CounterModuloTest" time="0.001"/>
  <testcase name="MultiThreaded only initializes value once[Iterations: 190]" classname="serie2.ex3.CounterModuloTest" time="0.001"/>
  <testcase name="MultiThreaded only initializes value once[Iterations: 191]" classname="serie2.ex3.CounterModuloTest" time="0.001"/>
  <testcase name="MultiThreaded only initializes value once[Iterations: 192]" classname="serie2.ex3.CounterModuloTest" time="0.001"/>
  <testcase name="MultiThreaded only initializes value once[Iterations: 193]" classname="serie2.ex3.CounterModuloTest" time="0.001"/>
  <testcase name="MultiThreaded only initializes value once[Iterations: 194]" classname="serie2.ex3.CounterModuloTest" time="0.001"/>
  <testcase name="MultiThreaded only initializes value once[Iterations: 195]" classname="serie2.ex3.CounterModuloTest" time="0.001"/>
  <testcase name="MultiThreaded only initializes value once[Iterations: 196]" classname="serie2.ex3.CounterModuloTest" time="0.001"/>
  <testcase name="MultiThreaded only initializes value once[Iterations: 197]" classname="serie2.ex3.CounterModuloTest" time="0.001"/>
  <testcase name="MultiThreaded only initializes value once[Iterations: 198]" classname="serie2.ex3.CounterModuloTest" time="0.002"/>
  <testcase name="MultiThreaded only initializes value once[Iterations: 199]" classname="serie2.ex3.CounterModuloTest" time="0.001"/>
  <testcase name="MultiThreaded only initializes value once[Iterations: 200]" classname="serie2.ex3.CounterModuloTest" time="0.001"/>
  <testcase name="MultiThreaded only initializes value once[Iterations: 201]" classname="serie2.ex3.CounterModuloTest" time="0.001"/>
  <testcase name="MultiThreaded only initializes value once[Iterations: 202]" classname="serie2.ex3.CounterModuloTest" time="0.002"/>
  <testcase name="MultiThreaded only initializes value once[Iterations: 203]" classname="serie2.ex3.CounterModuloTest" time="0.001"/>
  <testcase name="MultiThreaded only initializes value once[Iterations: 204]" classname="serie2.ex3.CounterModuloTest" time="0.001"/>
  <testcase name="MultiThreaded only initializes value once[Iterations: 205]" classname="serie2.ex3.CounterModuloTest" time="0.001"/>
  <testcase name="MultiThreaded only initializes value once[Iterations: 206]" classname="serie2.ex3.CounterModuloTest" time="0.001"/>
  <testcase name="MultiThreaded only initializes value once[Iterations: 207]" classname="serie2.ex3.CounterModuloTest" time="0.001"/>
  <testcase name="MultiThreaded only initializes value once[Iterations: 208]" classname="serie2.ex3.CounterModuloTest" time="0.001"/>
  <testcase name="MultiThreaded only initializes value once[Iterations: 209]" classname="serie2.ex3.CounterModuloTest" time="0.001"/>
  <testcase name="MultiThreaded only initializes value once[Iterations: 210]" classname="serie2.ex3.CounterModuloTest" time="0.002"/>
  <testcase name="MultiThreaded only initializes value once[Iterations: 211]" classname="serie2.ex3.CounterModuloTest" time="0.001"/>
  <testcase name="MultiThreaded only initializes value once[Iterations: 212]" classname="serie2.ex3.CounterModuloTest" time="0.001"/>
  <testcase name="MultiThreaded only initializes value once[Iterations: 213]" classname="serie2.ex3.CounterModuloTest" time="0.002"/>
  <testcase name="MultiThreaded only initializes value once[Iterations: 214]" classname="serie2.ex3.CounterModuloTest" time="0.001"/>
  <testcase name="MultiThreaded only initializes value once[Iterations: 215]" classname="serie2.ex3.CounterModuloTest" time="0.001"/>
  <testcase name="MultiThreaded only initializes value once[Iterations: 216]" classname="serie2.ex3.CounterModuloTest" time="0.001"/>
  <testcase name="MultiThreaded only initializes value once[Iterations: 217]" classname="serie2.ex3.CounterModuloTest" time="0.001"/>
  <testcase name="MultiThreaded only initializes value once[Iterations: 218]" classname="serie2.ex3.CounterModuloTest" time="0.001"/>
  <testcase name="MultiThreaded only initializes value once[Iterations: 219]" classname="serie2.ex3.CounterModuloTest" time="0.001"/>
  <testcase name="MultiThreaded only initializes value once[Iterations: 220]" classname="serie2.ex3.CounterModuloTest" time="0.001"/>
  <testcase name="MultiThreaded only initializes value once[Iterations: 221]" classname="serie2.ex3.CounterModuloTest" time="0.001"/>
  <testcase name="MultiThreaded only initializes value once[Iterations: 222]" classname="serie2.ex3.CounterModuloTest" time="0.001"/>
  <testcase name="MultiThreaded only initializes value once[Iterations: 223]" classname="serie2.ex3.CounterModuloTest" time="0.001"/>
  <testcase name="MultiThreaded only initializes value once[Iterations: 224]" classname="serie2.ex3.CounterModuloTest" time="0.001"/>
  <testcase name="MultiThreaded only initializes value once[Iterations: 225]" classname="serie2.ex3.CounterModuloTest" time="0.002"/>
  <testcase name="MultiThreaded only initializes value once[Iterations: 226]" classname="serie2.ex3.CounterModuloTest" time="0.001"/>
  <testcase name="MultiThreaded only initializes value once[Iterations: 227]" classname="serie2.ex3.CounterModuloTest" time="0.001"/>
  <testcase name="MultiThreaded only initializes value once[Iterations: 228]" classname="serie2.ex3.CounterModuloTest" time="0.001"/>
  <testcase name="MultiThreaded only initializes value once[Iterations: 229]" classname="serie2.ex3.CounterModuloTest" time="0.001"/>
  <testcase name="MultiThreaded only initializes value once[Iterations: 230]" classname="serie2.ex3.CounterModuloTest" time="0.0"/>
  <testcase name="MultiThreaded only initializes value once[Iterations: 231]" classname="serie2.ex3.CounterModuloTest" time="0.0"/>
  <testcase name="MultiThreaded only initializes value once[Iterations: 232]" classname="serie2.ex3.CounterModuloTest" time="0.001"/>
  <testcase name="MultiThreaded only initializes value once[Iterations: 233]" classname="serie2.ex3.CounterModuloTest" time="0.001"/>
  <testcase name="MultiThreaded only initializes value once[Iterations: 234]" classname="serie2.ex3.CounterModuloTest" time="0.001"/>
  <testcase name="MultiThreaded only initializes value once[Iterations: 235]" classname="serie2.ex3.CounterModuloTest" time="0.002"/>
  <testcase name="MultiThreaded only initializes value once[Iterations: 236]" classname="serie2.ex3.CounterModuloTest" time="0.0"/>
  <testcase name="MultiThreaded only initializes value once[Iterations: 237]" classname="serie2.ex3.CounterModuloTest" time="0.001"/>
  <testcase name="MultiThreaded only initializes value once[Iterations: 238]" classname="serie2.ex3.CounterModuloTest" time="0.001"/>
  <testcase name="MultiThreaded only initializes value once[Iterations: 239]" classname="serie2.ex3.CounterModuloTest" time="0.001"/>
  <testcase name="MultiThreaded only initializes value once[Iterations: 240]" classname="serie2.ex3.CounterModuloTest" time="0.0"/>
  <testcase name="MultiThreaded only initializes value once[Iterations: 241]" classname="serie2.ex3.CounterModuloTest" time="0.002"/>
  <testcase name="MultiThreaded only initializes value once[Iterations: 242]" classname="serie2.ex3.CounterModuloTest" time="0.0"/>
  <testcase name="MultiThreaded only initializes value once[Iterations: 243]" classname="serie2.ex3.CounterModuloTest" time="0.001"/>
  <testcase name="MultiThreaded only initializes value once[Iterations: 244]" classname="serie2.ex3.CounterModuloTest" time="0.007"/>
  <testcase name="MultiThreaded only initializes value once[Iterations: 245]" classname="serie2.ex3.CounterModuloTest" time="0.001"/>
  <testcase name="MultiThreaded only initializes value once[Iterations: 246]" classname="serie2.ex3.CounterModuloTest" time="0.001"/>
  <testcase name="MultiThreaded only initializes value once[Iterations: 247]" classname="serie2.ex3.CounterModuloTest" time="0.001"/>
  <testcase name="MultiThreaded only initializes value once[Iterations: 248]" classname="serie2.ex3.CounterModuloTest" time="0.001"/>
  <testcase name="MultiThreaded only initializes value once[Iterations: 249]" classname="serie2.ex3.CounterModuloTest" time="0.001"/>
  <testcase name="MultiThreaded only initializes value once[Iterations: 250]" classname="serie2.ex3.CounterModuloTest" time="0.001"/>
  <testcase name="MultiThreaded only initializes value once[Iterations: 251]" classname="serie2.ex3.CounterModuloTest" time="0.001"/>
  <testcase name="MultiThreaded only initializes value once[Iterations: 252]" classname="serie2.ex3.CounterModuloTest" time="0.001"/>
  <testcase name="MultiThreaded only initializes value once[Iterations: 253]" classname="serie2.ex3.CounterModuloTest" time="0.001"/>
  <testcase name="MultiThreaded only initializes value once[Iterations: 254]" classname="serie2.ex3.CounterModuloTest" time="0.001"/>
  <testcase name="MultiThreaded only initializes value once[Iterations: 255]" classname="serie2.ex3.CounterModuloTest" time="0.001"/>
  <testcase name="MultiThreaded only initializes value once[Iterations: 256]" classname="serie2.ex3.CounterModuloTest" time="0.001"/>
  <testcase name="MultiThreaded only initializes value once[Iterations: 257]" classname="serie2.ex3.CounterModuloTest" time="0.001"/>
  <testcase name="MultiThreaded only initializes value once[Iterations: 258]" classname="serie2.ex3.CounterModuloTest" time="0.001"/>
  <testcase name="MultiThreaded only initializes value once[Iterations: 259]" classname="serie2.ex3.CounterModuloTest" time="0.001"/>
  <testcase name="MultiThreaded only initializes value once[Iterations: 260]" classname="serie2.ex3.CounterModuloTest" time="0.001"/>
  <testcase name="MultiThreaded only initializes value once[Iterations: 261]" classname="serie2.ex3.CounterModuloTest" time="0.001"/>
  <testcase name="MultiThreaded only initializes value once[Iterations: 262]" classname="serie2.ex3.CounterModuloTest" time="0.001"/>
  <testcase name="MultiThreaded only initializes value once[Iterations: 263]" classname="serie2.ex3.CounterModuloTest" time="0.001"/>
  <testcase name="MultiThreaded only initializes value once[Iterations: 264]" classname="serie2.ex3.CounterModuloTest" time="0.001"/>
  <testcase name="MultiThreaded only initializes value once[Iterations: 265]" classname="serie2.ex3.CounterModuloTest" time="0.001"/>
  <testcase name="MultiThreaded only initializes value once[Iterations: 266]" classname="serie2.ex3.CounterModuloTest" time="0.001"/>
  <testcase name="MultiThreaded only initializes value once[Iterations: 267]" classname="serie2.ex3.CounterModuloTest" time="0.002"/>
  <testcase name="MultiThreaded only initializes value once[Iterations: 268]" classname="serie2.ex3.CounterModuloTest" time="0.001"/>
  <testcase name="MultiThreaded only initializes value once[Iterations: 269]" classname="serie2.ex3.CounterModuloTest" time="0.001"/>
  <testcase name="MultiThreaded only initializes value once[Iterations: 270]" classname="serie2.ex3.CounterModuloTest" time="0.001"/>
  <testcase name="MultiThreaded only initializes value once[Iterations: 271]" classname="serie2.ex3.CounterModuloTest" time="0.001"/>
  <testcase name="MultiThreaded only initializes value once[Iterations: 272]" classname="serie2.ex3.CounterModuloTest" time="0.001"/>
  <testcase name="MultiThreaded only initializes value once[Iterations: 273]" classname="serie2.ex3.CounterModuloTest" time="0.001"/>
  <testcase name="MultiThreaded only initializes value once[Iterations: 274]" classname="serie2.ex3.CounterModuloTest" time="0.001"/>
  <testcase name="MultiThreaded only initializes value once[Iterations: 275]" classname="serie2.ex3.CounterModuloTest" time="0.001"/>
  <testcase name="MultiThreaded only initializes value once[Iterations: 276]" classname="serie2.ex3.CounterModuloTest" time="0.001"/>
  <testcase name="MultiThreaded only initializes value once[Iterations: 277]" classname="serie2.ex3.CounterModuloTest" time="0.001"/>
  <testcase name="MultiThreaded only initializes value once[Iterations: 278]" classname="serie2.ex3.CounterModuloTest" time="0.001"/>
  <testcase name="MultiThreaded only initializes value once[Iterations: 279]" classname="serie2.ex3.CounterModuloTest" time="0.001"/>
  <testcase name="MultiThreaded only initializes value once[Iterations: 280]" classname="serie2.ex3.CounterModuloTest" time="0.001"/>
  <testcase name="MultiThreaded only initializes value once[Iterations: 281]" classname="serie2.ex3.CounterModuloTest" time="0.002"/>
  <testcase name="MultiThreaded only initializes value once[Iterations: 282]" classname="serie2.ex3.CounterModuloTest" time="0.001"/>
  <testcase name="MultiThreaded only initializes value once[Iterations: 283]" classname="serie2.ex3.CounterModuloTest" time="0.001"/>
  <testcase name="MultiThreaded only initializes value once[Iterations: 284]" classname="serie2.ex3.CounterModuloTest" time="0.001"/>
  <testcase name="MultiThreaded only initializes value once[Iterations: 285]" classname="serie2.ex3.CounterModuloTest" time="0.001"/>
  <testcase name="MultiThreaded only initializes value once[Iterations: 286]" classname="serie2.ex3.CounterModuloTest" time="0.001"/>
  <testcase name="MultiThreaded only initializes value once[Iterations: 287]" classname="serie2.ex3.CounterModuloTest" time="0.001"/>
  <testcase name="MultiThreaded only initializes value once[Iterations: 288]" classname="serie2.ex3.CounterModuloTest" time="0.001"/>
  <testcase name="MultiThreaded only initializes value once[Iterations: 289]" classname="serie2.ex3.CounterModuloTest" time="0.001"/>
  <testcase name="MultiThreaded only initializes value once[Iterations: 290]" classname="serie2.ex3.CounterModuloTest" time="0.001"/>
  <testcase name="MultiThreaded only initializes value once[Iterations: 291]" classname="serie2.ex3.CounterModuloTest" time="0.001"/>
  <testcase name="MultiThreaded only initializes value once[Iterations: 292]" classname="serie2.ex3.CounterModuloTest" time="0.001"/>
  <testcase name="MultiThreaded only initializes value once[Iterations: 293]" classname="serie2.ex3.CounterModuloTest" time="0.005"/>
  <testcase name="MultiThreaded only initializes value once[Iterations: 294]" classname="serie2.ex3.CounterModuloTest" time="0.001"/>
  <testcase name="MultiThreaded only initializes value once[Iterations: 295]" classname="serie2.ex3.CounterModuloTest" time="0.001"/>
  <testcase name="MultiThreaded only initializes value once[Iterations: 296]" classname="serie2.ex3.CounterModuloTest" time="0.001"/>
  <testcase name="MultiThreaded only initializes value once[Iterations: 297]" classname="serie2.ex3.CounterModuloTest" time="0.002"/>
  <testcase name="MultiThreaded only initializes value once[Iterations: 298]" classname="serie2.ex3.CounterModuloTest" time="0.001"/>
  <testcase name="MultiThreaded only initializes value once[Iterations: 299]" classname="serie2.ex3.CounterModuloTest" time="0.001"/>
  <testcase name="MultiThreaded only initializes value once[Iterations: 300]" classname="serie2.ex3.CounterModuloTest" time="0.001"/>
  <testcase name="MultiThreaded only initializes value once[Iterations: 301]" classname="serie2.ex3.CounterModuloTest" time="0.001"/>
  <testcase name="MultiThreaded only initializes value once[Iterations: 302]" classname="serie2.ex3.CounterModuloTest" time="0.001"/>
  <testcase name="MultiThreaded only initializes value once[Iterations: 303]" classname="serie2.ex3.CounterModuloTest" time="0.001"/>
  <testcase name="MultiThreaded only initializes value once[Iterations: 304]" classname="serie2.ex3.CounterModuloTest" time="0.001"/>
  <testcase name="MultiThreaded only initializes value once[Iterations: 305]" classname="serie2.ex3.CounterModuloTest" time="0.007"/>
  <testcase name="MultiThreaded only initializes value once[Iterations: 306]" classname="serie2.ex3.CounterModuloTest" time="0.002"/>
  <testcase name="MultiThreaded only initializes value once[Iterations: 307]" classname="serie2.ex3.CounterModuloTest" time="0.001"/>
  <testcase name="MultiThreaded only initializes value once[Iterations: 308]" classname="serie2.ex3.CounterModuloTest" time="0.001"/>
  <testcase name="MultiThreaded only initializes value once[Iterations: 309]" classname="serie2.ex3.CounterModuloTest" time="0.002"/>
  <testcase name="MultiThreaded only initializes value once[Iterations: 310]" classname="serie2.ex3.CounterModuloTest" time="0.001"/>
  <testcase name="MultiThreaded only initializes value once[Iterations: 311]" classname="serie2.ex3.CounterModuloTest" time="0.001"/>
  <testcase name="MultiThreaded only initializes value once[Iterations: 312]" classname="serie2.ex3.CounterModuloTest" time="0.001"/>
  <testcase name="MultiThreaded only initializes value once[Iterations: 313]" classname="serie2.ex3.CounterModuloTest" time="0.001"/>
  <testcase name="MultiThreaded only initializes value once[Iterations: 314]" classname="serie2.ex3.CounterModuloTest" time="0.001"/>
  <testcase name="MultiThreaded only initializes value once[Iterations: 315]" classname="serie2.ex3.CounterModuloTest" time="0.001"/>
  <testcase name="MultiThreaded only initializes value once[Iterations: 316]" classname="serie2.ex3.CounterModuloTest" time="0.001"/>
  <testcase name="MultiThreaded only initializes value once[Iterations: 317]" classname="serie2.ex3.CounterModuloTest" time="0.001"/>
  <testcase name="MultiThreaded only initializes value once[Iterations: 318]" classname="serie2.ex3.CounterModuloTest" time="0.001"/>
  <testcase name="MultiThreaded only initializes value once[Iterations: 319]" classname="serie2.ex3.CounterModuloTest" time="0.001"/>
  <testcase name="MultiThreaded only initializes value once[Iterations: 320]" classname="serie2.ex3.CounterModuloTest" time="0.001"/>
  <testcase name="MultiThreaded only initializes value once[Iterations: 321]" classname="serie2.ex3.CounterModuloTest" time="0.002"/>
  <testcase name="MultiThreaded only initializes value once[Iterations: 322]" classname="serie2.ex3.CounterModuloTest" time="0.001"/>
  <testcase name="MultiThreaded only initializes value once[Iterations: 323]" classname="serie2.ex3.CounterModuloTest" time="0.002"/>
  <testcase name="MultiThreaded only initializes value once[Iterations: 324]" classname="serie2.ex3.CounterModuloTest" time="0.001"/>
  <testcase name="MultiThreaded only initializes value once[Iterations: 325]" classname="serie2.ex3.CounterModuloTest" time="0.001"/>
  <testcase name="MultiThreaded only initializes value once[Iterations: 326]" classname="serie2.ex3.CounterModuloTest" time="0.002"/>
  <testcase name="MultiThreaded only initializes value once[Iterations: 327]" classname="serie2.ex3.CounterModuloTest" time="0.001"/>
  <testcase name="MultiThreaded only initializes value once[Iterations: 328]" classname="serie2.ex3.CounterModuloTest" time="0.001"/>
  <testcase name="MultiThreaded only initializes value once[Iterations: 329]" classname="serie2.ex3.CounterModuloTest" time="0.002"/>
  <testcase name="MultiThreaded only initializes value once[Iterations: 330]" classname="serie2.ex3.CounterModuloTest" time="0.001"/>
  <testcase name="MultiThreaded only initializes value once[Iterations: 331]" classname="serie2.ex3.CounterModuloTest" time="0.001"/>
  <testcase name="MultiThreaded only initializes value once[Iterations: 332]" classname="serie2.ex3.CounterModuloTest" time="0.001"/>
  <testcase name="MultiThreaded only initializes value once[Iterations: 333]" classname="serie2.ex3.CounterModuloTest" time="0.001"/>
  <testcase name="MultiThreaded only initializes value once[Iterations: 334]" classname="serie2.ex3.CounterModuloTest" time="0.001"/>
  <testcase name="MultiThreaded only initializes value once[Iterations: 335]" classname="serie2.ex3.CounterModuloTest" time="0.001"/>
  <testcase name="MultiThreaded only initializes value once[Iterations: 336]" classname="serie2.ex3.CounterModuloTest" time="0.001"/>
  <testcase name="MultiThreaded only initializes value once[Iterations: 337]" classname="serie2.ex3.CounterModuloTest" time="0.001"/>
  <testcase name="MultiThreaded only initializes value once[Iterations: 338]" classname="serie2.ex3.CounterModuloTest" time="0.001"/>
  <testcase name="MultiThreaded only initializes value once[Iterations: 339]" classname="serie2.ex3.CounterModuloTest" time="0.002"/>
  <testcase name="MultiThreaded only initializes value once[Iterations: 340]" classname="serie2.ex3.CounterModuloTest" time="0.0"/>
  <testcase name="MultiThreaded only initializes value once[Iterations: 341]" classname="serie2.ex3.CounterModuloTest" time="0.001"/>
  <testcase name="MultiThreaded only initializes value once[Iterations: 342]" classname="serie2.ex3.CounterModuloTest" time="0.001"/>
  <testcase name="MultiThreaded only initializes value once[Iterations: 343]" classname="serie2.ex3.CounterModuloTest" time="0.001"/>
  <testcase name="MultiThreaded only initializes value once[Iterations: 344]" classname="serie2.ex3.CounterModuloTest" time="0.001"/>
  <testcase name="MultiThreaded only initializes value once[Iterations: 345]" classname="serie2.ex3.CounterModuloTest" time="0.001"/>
  <testcase name="MultiThreaded only initializes value once[Iterations: 346]" classname="serie2.ex3.CounterModuloTest" time="0.001"/>
  <testcase name="MultiThreaded only initializes value once[Iterations: 347]" classname="serie2.ex3.CounterModuloTest" time="0.001"/>
  <testcase name="MultiThreaded only initializes value once[Iterations: 348]" classname="serie2.ex3.CounterModuloTest" time="0.001"/>
  <testcase name="MultiThreaded only initializes value once[Iterations: 349]" classname="serie2.ex3.CounterModuloTest" time="0.001"/>
  <testcase name="MultiThreaded only initializes value once[Iterations: 350]" classname="serie2.ex3.CounterModuloTest" time="0.001"/>
  <testcase name="MultiThreaded only initializes value once[Iterations: 351]" classname="serie2.ex3.CounterModuloTest" time="0.001"/>
  <testcase name="MultiThreaded only initializes value once[Iterations: 352]" classname="serie2.ex3.CounterModuloTest" time="0.002"/>
  <testcase name="MultiThreaded only initializes value once[Iterations: 353]" classname="serie2.ex3.CounterModuloTest" time="0.001"/>
  <testcase name="MultiThreaded only initializes value once[Iterations: 354]" classname="serie2.ex3.CounterModuloTest" time="0.001"/>
  <testcase name="MultiThreaded only initializes value once[Iterations: 355]" classname="serie2.ex3.CounterModuloTest" time="0.002"/>
  <testcase name="MultiThreaded only initializes value once[Iterations: 356]" classname="serie2.ex3.CounterModuloTest" time="0.001"/>
  <testcase name="MultiThreaded only initializes value once[Iterations: 357]" classname="serie2.ex3.CounterModuloTest" time="0.001"/>
  <testcase name="MultiThreaded only initializes value once[Iterations: 358]" classname="serie2.ex3.CounterModuloTest" time="0.001"/>
  <testcase name="MultiThreaded only initializes value once[Iterations: 359]" classname="serie2.ex3.CounterModuloTest" time="0.002"/>
  <testcase name="MultiThreaded only initializes value once[Iterations: 360]" classname="serie2.ex3.CounterModuloTest" time="0.001"/>
  <testcase name="MultiThreaded only initializes value once[Iterations: 361]" classname="serie2.ex3.CounterModuloTest" time="0.001"/>
  <testcase name="MultiThreaded only initializes value once[Iterations: 362]" classname="serie2.ex3.CounterModuloTest" time="0.002"/>
  <testcase name="MultiThreaded only initializes value once[Iterations: 363]" classname="serie2.ex3.CounterModuloTest" time="0.001"/>
  <testcase name="MultiThreaded only initializes value once[Iterations: 364]" classname="serie2.ex3.CounterModuloTest" time="0.001"/>
  <testcase name="MultiThreaded only initializes value once[Iterations: 365]" classname="serie2.ex3.CounterModuloTest" time="0.001"/>
  <testcase name="MultiThreaded only initializes value once[Iterations: 366]" classname="serie2.ex3.CounterModuloTest" time="0.001"/>
  <testcase name="MultiThreaded only initializes value once[Iterations: 367]" classname="serie2.ex3.CounterModuloTest" time="0.002"/>
  <testcase name="MultiThreaded only initializes value once[Iterations: 368]" classname="serie2.ex3.CounterModuloTest" time="0.0"/>
  <testcase name="MultiThreaded only initializes value once[Iterations: 369]" classname="serie2.ex3.CounterModuloTest" time="0.008"/>
  <testcase name="MultiThreaded only initializes value once[Iterations: 370]" classname="serie2.ex3.CounterModuloTest" time="0.002"/>
  <testcase name="MultiThreaded only initializes value once[Iterations: 371]" classname="serie2.ex3.CounterModuloTest" time="0.001"/>
  <testcase name="MultiThreaded only initializes value once[Iterations: 372]" classname="serie2.ex3.CounterModuloTest" time="0.001"/>
  <testcase name="MultiThreaded only initializes value once[Iterations: 373]" classname="serie2.ex3.CounterModuloTest" time="0.002"/>
  <testcase name="MultiThreaded only initializes value once[Iterations: 374]" classname="serie2.ex3.CounterModuloTest" time="0.001"/>
  <testcase name="MultiThreaded only initializes value once[Iterations: 375]" classname="serie2.ex3.CounterModuloTest" time="0.001"/>
  <testcase name="MultiThreaded only initializes value once[Iterations: 376]" classname="serie2.ex3.CounterModuloTest" time="0.001"/>
  <testcase name="MultiThreaded only initializes value once[Iterations: 377]" classname="serie2.ex3.CounterModuloTest" time="0.001"/>
  <testcase name="MultiThreaded only initializes value once[Iterations: 378]" classname="serie2.ex3.CounterModuloTest" time="0.001"/>
  <testcase name="MultiThreaded only initializes value once[Iterations: 379]" classname="serie2.ex3.CounterModuloTest" time="0.001"/>
  <testcase name="MultiThreaded only initializes value once[Iterations: 380]" classname="serie2.ex3.CounterModuloTest" time="0.001"/>
  <testcase name="MultiThreaded only initializes value once[Iterations: 381]" classname="serie2.ex3.CounterModuloTest" time="0.001"/>
  <testcase name="MultiThreaded only initializes value once[Iterations: 382]" classname="serie2.ex3.CounterModuloTest" time="0.001"/>
  <testcase name="MultiThreaded only initializes value once[Iterations: 383]" classname="serie2.ex3.CounterModuloTest" time="0.001"/>
  <testcase name="MultiThreaded only initializes value once[Iterations: 384]" classname="serie2.ex3.CounterModuloTest" time="0.001"/>
  <testcase name="MultiThreaded only initializes value once[Iterations: 385]" classname="serie2.ex3.CounterModuloTest" time="0.002"/>
  <testcase name="MultiThreaded only initializes value once[Iterations: 386]" classname="serie2.ex3.CounterModuloTest" time="0.001"/>
  <testcase name="MultiThreaded only initializes value once[Iterations: 387]" classname="serie2.ex3.CounterModuloTest" time="0.001"/>
  <testcase name="MultiThreaded only initializes value once[Iterations: 388]" classname="serie2.ex3.CounterModuloTest" time="0.001"/>
  <testcase name="MultiThreaded only initializes value once[Iterations: 389]" classname="serie2.ex3.CounterModuloTest" time="0.001"/>
  <testcase name="MultiThreaded only initializes value once[Iterations: 390]" classname="serie2.ex3.CounterModuloTest" time="0.001"/>
  <testcase name="MultiThreaded only initializes value once[Iterations: 391]" classname="serie2.ex3.CounterModuloTest" time="0.001"/>
  <testcase name="MultiThreaded only initializes value once[Iterations: 392]" classname="serie2.ex3.CounterModuloTest" time="0.001"/>
  <testcase name="MultiThreaded only initializes value once[Iterations: 393]" classname="serie2.ex3.CounterModuloTest" time="0.001"/>
  <testcase name="MultiThreaded only initializes value once[Iterations: 394]" classname="serie2.ex3.CounterModuloTest" time="0.001"/>
  <testcase name="MultiThreaded only initializes value once[Iterations: 395]" classname="serie2.ex3.CounterModuloTest" time="0.002"/>
  <testcase name="MultiThreaded only initializes value once[Iterations: 396]" classname="serie2.ex3.CounterModuloTest" time="0.001"/>
  <testcase name="MultiThreaded only initializes value once[Iterations: 397]" classname="serie2.ex3.CounterModuloTest" time="0.001"/>
  <testcase name="MultiThreaded only initializes value once[Iterations: 398]" classname="serie2.ex3.CounterModuloTest" time="0.002"/>
  <testcase name="MultiThreaded only initializes value once[Iterations: 399]" classname="serie2.ex3.CounterModuloTest" time="0.001"/>
  <testcase name="MultiThreaded only initializes value once[Iterations: 400]" classname="serie2.ex3.CounterModuloTest" time="0.002"/>
  <testcase name="MultiThreaded only initializes value once[Iterations: 401]" classname="serie2.ex3.CounterModuloTest" time="0.001"/>
  <testcase name="MultiThreaded only initializes value once[Iterations: 402]" classname="serie2.ex3.CounterModuloTest" time="0.001"/>
  <testcase name="MultiThreaded only initializes value once[Iterations: 403]" classname="serie2.ex3.CounterModuloTest" time="0.001"/>
  <testcase name="MultiThreaded only initializes value once[Iterations: 404]" classname="serie2.ex3.CounterModuloTest" time="0.001"/>
  <testcase name="MultiThreaded only initializes value once[Iterations: 405]" classname="serie2.ex3.CounterModuloTest" time="0.001"/>
  <testcase name="MultiThreaded only initializes value once[Iterations: 406]" classname="serie2.ex3.CounterModuloTest" time="0.002"/>
  <testcase name="MultiThreaded only initializes value once[Iterations: 407]" classname="serie2.ex3.CounterModuloTest" time="0.001"/>
  <testcase name="MultiThreaded only initializes value once[Iterations: 408]" classname="serie2.ex3.CounterModuloTest" time="0.001"/>
  <testcase name="MultiThreaded only initializes value once[Iterations: 409]" classname="serie2.ex3.CounterModuloTest" time="0.001"/>
  <testcase name="MultiThreaded only initializes value once[Iterations: 410]" classname="serie2.ex3.CounterModuloTest" time="0.001"/>
  <testcase name="MultiThreaded only initializes value once[Iterations: 411]" classname="serie2.ex3.CounterModuloTest" time="0.002"/>
  <testcase name="MultiThreaded only initializes value once[Iterations: 412]" classname="serie2.ex3.CounterModuloTest" time="0.001"/>
  <testcase name="MultiThreaded only initializes value once[Iterations: 413]" classname="serie2.ex3.CounterModuloTest" time="0.001"/>
  <testcase name="MultiThreaded only initializes value once[Iterations: 414]" classname="serie2.ex3.CounterModuloTest" time="0.002"/>
  <testcase name="MultiThreaded only initializes value once[Iterations: 415]" classname="serie2.ex3.CounterModuloTest" time="0.001"/>
  <testcase name="MultiThreaded only initializes value once[Iterations: 416]" classname="serie2.ex3.CounterModuloTest" time="0.001"/>
  <testcase name="MultiThreaded only initializes value once[Iterations: 417]" classname="serie2.ex3.CounterModuloTest" time="0.001"/>
  <testcase name="MultiThreaded only initializes value once[Iterations: 418]" classname="serie2.ex3.CounterModuloTest" time="0.001"/>
  <testcase name="MultiThreaded only initializes value once[Iterations: 419]" classname="serie2.ex3.CounterModuloTest" time="0.002"/>
  <testcase name="MultiThreaded only initializes value once[Iterations: 420]" classname="serie2.ex3.CounterModuloTest" time="0.001"/>
  <testcase name="MultiThreaded only initializes value once[Iterations: 421]" classname="serie2.ex3.CounterModuloTest" time="0.001"/>
  <testcase name="MultiThreaded only initializes value once[Iterations: 422]" classname="serie2.ex3.CounterModuloTest" time="0.001"/>
  <testcase name="MultiThreaded only initializes value once[Iterations: 423]" classname="serie2.ex3.CounterModuloTest" time="0.001"/>
  <testcase name="MultiThreaded only initializes value once[Iterations: 424]" classname="serie2.ex3.CounterModuloTest" time="0.001"/>
  <testcase name="MultiThreaded only initializes value once[Iterations: 425]" classname="serie2.ex3.CounterModuloTest" time="0.002"/>
  <testcase name="MultiThreaded only initializes value once[Iterations: 426]" classname="serie2.ex3.CounterModuloTest" time="0.001"/>
  <testcase name="MultiThreaded only initializes value once[Iterations: 427]" classname="serie2.ex3.CounterModuloTest" time="0.001"/>
  <testcase name="MultiThreaded only initializes value once[Iterations: 428]" classname="serie2.ex3.CounterModuloTest" time="0.001"/>
  <testcase name="MultiThreaded only initializes value once[Iterations: 429]" classname="serie2.ex3.CounterModuloTest" time="0.002"/>
  <testcase name="MultiThreaded only initializes value once[Iterations: 430]" classname="serie2.ex3.CounterModuloTest" time="0.001"/>
  <testcase name="MultiThreaded only initializes value once[Iterations: 431]" classname="serie2.ex3.CounterModuloTest" time="0.001"/>
  <testcase name="MultiThreaded only initializes value once[Iterations: 432]" classname="serie2.ex3.CounterModuloTest" time="0.001"/>
  <testcase name="MultiThreaded only initializes value once[Iterations: 433]" classname="serie2.ex3.CounterModuloTest" time="0.008"/>
  <testcase name="MultiThreaded only initializes value once[Iterations: 434]" classname="serie2.ex3.CounterModuloTest" time="0.002"/>
  <testcase name="MultiThreaded only initializes value once[Iterations: 435]" classname="serie2.ex3.CounterModuloTest" time="0.001"/>
  <testcase name="MultiThreaded only initializes value once[Iterations: 436]" classname="serie2.ex3.CounterModuloTest" time="0.002"/>
  <testcase name="MultiThreaded only initializes value once[Iterations: 437]" classname="serie2.ex3.CounterModuloTest" time="0.001"/>
  <testcase name="MultiThreaded only initializes value once[Iterations: 438]" classname="serie2.ex3.CounterModuloTest" time="0.001"/>
  <testcase name="MultiThreaded only initializes value once[Iterations: 439]" classname="serie2.ex3.CounterModuloTest" time="0.002"/>
  <testcase name="MultiThreaded only initializes value once[Iterations: 440]" classname="serie2.ex3.CounterModuloTest" time="0.001"/>
  <testcase name="MultiThreaded only initializes value once[Iterations: 441]" classname="serie2.ex3.CounterModuloTest" time="0.001"/>
  <testcase name="MultiThreaded only initializes value once[Iterations: 442]" classname="serie2.ex3.CounterModuloTest" time="0.001"/>
  <testcase name="MultiThreaded only initializes value once[Iterations: 443]" classname="serie2.ex3.CounterModuloTest" time="0.001"/>
  <testcase name="MultiThreaded only initializes value once[Iterations: 444]" classname="serie2.ex3.CounterModuloTest" time="0.001"/>
  <testcase name="MultiThreaded only initializes value once[Iterations: 445]" classname="serie2.ex3.CounterModuloTest" time="0.002"/>
  <testcase name="MultiThreaded only initializes value once[Iterations: 446]" classname="serie2.ex3.CounterModuloTest" time="0.001"/>
  <testcase name="MultiThreaded only initializes value once[Iterations: 447]" classname="serie2.ex3.CounterModuloTest" time="0.002"/>
  <testcase name="MultiThreaded only initializes value once[Iterations: 448]" classname="serie2.ex3.CounterModuloTest" time="0.001"/>
  <testcase name="MultiThreaded only initializes value once[Iterations: 449]" classname="serie2.ex3.CounterModuloTest" time="0.001"/>
  <testcase name="MultiThreaded only initializes value once[Iterations: 450]" classname="serie2.ex3.CounterModuloTest" time="0.002"/>
  <testcase name="MultiThreaded only initializes value once[Iterations: 451]" classname="serie2.ex3.CounterModuloTest" time="0.001"/>
  <testcase name="MultiThreaded only initializes value once[Iterations: 452]" classname="serie2.ex3.CounterModuloTest" time="0.001"/>
  <testcase name="MultiThreaded only initializes value once[Iterations: 453]" classname="serie2.ex3.CounterModuloTest" time="0.001"/>
  <testcase name="MultiThreaded only initializes value once[Iterations: 454]" classname="serie2.ex3.CounterModuloTest" time="0.001"/>
  <testcase name="MultiThreaded only initializes value once[Iterations: 455]" classname="serie2.ex3.CounterModuloTest" time="0.001"/>
  <testcase name="MultiThreaded only initializes value once[Iterations: 456]" classname="serie2.ex3.CounterModuloTest" time="0.001"/>
  <testcase name="MultiThreaded only initializes value once[Iterations: 457]" classname="serie2.ex3.CounterModuloTest" time="0.002"/>
  <testcase name="MultiThreaded only initializes value once[Iterations: 458]" classname="serie2.ex3.CounterModuloTest" time="0.001"/>
  <testcase name="MultiThreaded only initializes value once[Iterations: 459]" classname="serie2.ex3.CounterModuloTest" time="0.002"/>
  <testcase name="MultiThreaded only initializes value once[Iterations: 460]" classname="serie2.ex3.CounterModuloTest" time="0.001"/>
  <testcase name="MultiThreaded only initializes value once[Iterations: 461]" classname="serie2.ex3.CounterModuloTest" time="0.001"/>
  <testcase name="MultiThreaded only initializes value once[Iterations: 462]" classname="serie2.ex3.CounterModuloTest" time="0.001"/>
  <testcase name="MultiThreaded only initializes value once[Iterations: 463]" classname="serie2.ex3.CounterModuloTest" time="0.001"/>
  <testcase name="MultiThreaded only initializes value once[Iterations: 464]" classname="serie2.ex3.CounterModuloTest" time="0.001"/>
  <testcase name="MultiThreaded only initializes value once[Iterations: 465]" classname="serie2.ex3.CounterModuloTest" time="0.001"/>
  <testcase name="MultiThreaded only initializes value once[Iterations: 466]" classname="serie2.ex3.CounterModuloTest" time="0.001"/>
  <testcase name="MultiThreaded only initializes value once[Iterations: 467]" classname="serie2.ex3.CounterModuloTest" time="0.001"/>
  <testcase name="MultiThreaded only initializes value once[Iterations: 468]" classname="serie2.ex3.CounterModuloTest" time="0.001"/>
  <testcase name="MultiThreaded only initializes value once[Iterations: 469]" classname="serie2.ex3.CounterModuloTest" time="0.001"/>
  <testcase name="MultiThreaded only initializes value once[Iterations: 470]" classname="serie2.ex3.CounterModuloTest" time="0.002"/>
  <testcase name="MultiThreaded only initializes value once[Iterations: 471]" classname="serie2.ex3.CounterModuloTest" time="0.001"/>
  <testcase name="MultiThreaded only initializes value once[Iterations: 472]" classname="serie2.ex3.CounterModuloTest" time="0.002"/>
  <testcase name="MultiThreaded only initializes value once[Iterations: 473]" classname="serie2.ex3.CounterModuloTest" time="0.002"/>
  <testcase name="MultiThreaded only initializes value once[Iterations: 474]" classname="serie2.ex3.CounterModuloTest" time="0.001"/>
  <testcase name="MultiThreaded only initializes value once[Iterations: 475]" classname="serie2.ex3.CounterModuloTest" time="0.001"/>
  <testcase name="MultiThreaded only initializes value once[Iterations: 476]" classname="serie2.ex3.CounterModuloTest" time="0.002"/>
  <testcase name="MultiThreaded only initializes value once[Iterations: 477]" classname="serie2.ex3.CounterModuloTest" time="0.001"/>
  <testcase name="MultiThreaded only initializes value once[Iterations: 478]" classname="serie2.ex3.CounterModuloTest" time="0.002"/>
  <testcase name="MultiThreaded only initializes value once[Iterations: 479]" classname="serie2.ex3.CounterModuloTest" time="0.001"/>
  <testcase name="MultiThreaded only initializes value once[Iterations: 480]" classname="serie2.ex3.CounterModuloTest" time="0.001"/>
  <testcase name="MultiThreaded only initializes value once[Iterations: 481]" classname="serie2.ex3.CounterModuloTest" time="0.002"/>
  <testcase name="MultiThreaded only initializes value once[Iterations: 482]" classname="serie2.ex3.CounterModuloTest" time="0.001"/>
  <testcase name="MultiThreaded only initializes value once[Iterations: 483]" classname="serie2.ex3.CounterModuloTest" time="0.001"/>
  <testcase name="MultiThreaded only initializes value once[Iterations: 484]" classname="serie2.ex3.CounterModuloTest" time="0.002"/>
  <testcase name="MultiThreaded only initializes value once[Iterations: 485]" classname="serie2.ex3.CounterModuloTest" time="0.001"/>
  <testcase name="MultiThreaded only initializes value once[Iterations: 486]" classname="serie2.ex3.CounterModuloTest" time="0.001"/>
  <testcase name="MultiThreaded only initializes value once[Iterations: 487]" classname="serie2.ex3.CounterModuloTest" time="0.001"/>
  <testcase name="MultiThreaded only initializes value once[Iterations: 488]" classname="serie2.ex3.CounterModuloTest" time="0.002"/>
  <testcase name="MultiThreaded only initializes value once[Iterations: 489]" classname="serie2.ex3.CounterModuloTest" time="0.001"/>
  <testcase name="MultiThreaded only initializes value once[Iterations: 490]" classname="serie2.ex3.CounterModuloTest" time="0.002"/>
  <testcase name="MultiThreaded only initializes value once[Iterations: 491]" classname="serie2.ex3.CounterModuloTest" time="0.001"/>
  <testcase name="MultiThreaded only initializes value once[Iterations: 492]" classname="serie2.ex3.CounterModuloTest" time="0.002"/>
  <testcase name="MultiThreaded only initializes value once[Iterations: 493]" classname="serie2.ex3.CounterModuloTest" time="0.008"/>
  <testcase name="MultiThreaded only initializes value once[Iterations: 494]" classname="serie2.ex3.CounterModuloTest" time="0.001"/>
  <testcase name="MultiThreaded only initializes value once[Iterations: 495]" classname="serie2.ex3.CounterModuloTest" time="0.002"/>
  <testcase name="MultiThreaded only initializes value once[Iterations: 496]" classname="serie2.ex3.CounterModuloTest" time="0.001"/>
  <testcase name="MultiThreaded only initializes value once[Iterations: 497]" classname="serie2.ex3.CounterModuloTest" time="0.001"/>
  <testcase name="MultiThreaded only initializes value once[Iterations: 498]" classname="serie2.ex3.CounterModuloTest" time="0.001"/>
  <testcase name="MultiThreaded only initializes value once[Iterations: 499]" classname="serie2.ex3.CounterModuloTest" time="0.002"/>
  <testcase name="MultiThreaded only initializes value once[Iterations: 500]" classname="serie2.ex3.CounterModuloTest" time="0.002"/>
  <testcase name="MultiThreaded only initializes value once[Iterations: 501]" classname="serie2.ex3.CounterModuloTest" time="0.001"/>
  <testcase name="MultiThreaded only initializes value once[Iterations: 502]" classname="serie2.ex3.CounterModuloTest" time="0.001"/>
  <testcase name="MultiThreaded only initializes value once[Iterations: 503]" classname="serie2.ex3.CounterModuloTest" time="0.002"/>
  <testcase name="MultiThreaded only initializes value once[Iterations: 504]" classname="serie2.ex3.CounterModuloTest" time="0.001"/>
  <testcase name="MultiThreaded only initializes value once[Iterations: 505]" classname="serie2.ex3.CounterModuloTest" time="0.001"/>
  <testcase name="MultiThreaded only initializes value once[Iterations: 506]" classname="serie2.ex3.CounterModuloTest" time="0.001"/>
  <testcase name="MultiThreaded only initializes value once[Iterations: 507]" classname="serie2.ex3.CounterModuloTest" time="0.002"/>
  <testcase name="MultiThreaded only initializes value once[Iterations: 508]" classname="serie2.ex3.CounterModuloTest" time="0.001"/>
  <testcase name="MultiThreaded only initializes value once[Iterations: 509]" classname="serie2.ex3.CounterModuloTest" time="0.001"/>
  <testcase name="MultiThreaded only initializes value once[Iterations: 510]" classname="serie2.ex3.CounterModuloTest" time="0.001"/>
  <testcase name="MultiThreaded only initializes value once[Iterations: 511]" classname="serie2.ex3.CounterModuloTest" time="0.001"/>
  <testcase name="MultiThreaded only initializes value once[Iterations: 512]" classname="serie2.ex3.CounterModuloTest" time="0.002"/>
  <testcase name="MultiThreaded only initializes value once[Iterations: 513]" classname="serie2.ex3.CounterModuloTest" time="0.001"/>
  <testcase name="MultiThreaded only initializes value once[Iterations: 514]" classname="serie2.ex3.CounterModuloTest" time="0.001"/>
  <testcase name="MultiThreaded only initializes value once[Iterations: 515]" classname="serie2.ex3.CounterModuloTest" time="0.002"/>
  <testcase name="MultiThreaded only initializes value once[Iterations: 516]" classname="serie2.ex3.CounterModuloTest" time="0.001"/>
  <testcase name="MultiThreaded only initializes value once[Iterations: 517]" classname="serie2.ex3.CounterModuloTest" time="0.001"/>
  <testcase name="MultiThreaded only initializes value once[Iterations: 518]" classname="serie2.ex3.CounterModuloTest" time="0.002"/>
  <testcase name="MultiThreaded only initializes value once[Iterations: 519]" classname="serie2.ex3.CounterModuloTest" time="0.001"/>
  <testcase name="MultiThreaded only initializes value once[Iterations: 520]" classname="serie2.ex3.CounterModuloTest" time="0.001"/>
  <testcase name="MultiThreaded only initializes value once[Iterations: 521]" classname="serie2.ex3.CounterModuloTest" time="0.001"/>
  <testcase name="MultiThreaded only initializes value once[Iterations: 522]" classname="serie2.ex3.CounterModuloTest" time="0.002"/>
  <testcase name="MultiThreaded only initializes value once[Iterations: 523]" classname="serie2.ex3.CounterModuloTest" time="0.001"/>
  <testcase name="MultiThreaded only initializes value once[Iterations: 524]" classname="serie2.ex3.CounterModuloTest" time="0.002"/>
  <testcase name="MultiThreaded only initializes value once[Iterations: 525]" classname="serie2.ex3.CounterModuloTest" time="0.001"/>
  <testcase name="MultiThreaded only initializes value once[Iterations: 526]" classname="serie2.ex3.CounterModuloTest" time="0.002"/>
  <testcase name="MultiThreaded only initializes value once[Iterations: 527]" classname="serie2.ex3.CounterModuloTest" time="0.001"/>
  <testcase name="MultiThreaded only initializes value once[Iterations: 528]" classname="serie2.ex3.CounterModuloTest" time="0.001"/>
  <testcase name="MultiThreaded only initializes value once[Iterations: 529]" classname="serie2.ex3.CounterModuloTest" time="0.002"/>
  <testcase name="MultiThreaded only initializes value once[Iterations: 530]" classname="serie2.ex3.CounterModuloTest" time="0.001"/>
  <testcase name="MultiThreaded only initializes value once[Iterations: 531]" classname="serie2.ex3.CounterModuloTest" time="0.002"/>
  <testcase name="MultiThreaded only initializes value once[Iterations: 532]" classname="serie2.ex3.CounterModuloTest" time="0.001"/>
  <testcase name="MultiThreaded only initializes value once[Iterations: 533]" classname="serie2.ex3.CounterModuloTest" time="0.001"/>
  <testcase name="MultiThreaded only initializes value once[Iterations: 534]" classname="serie2.ex3.CounterModuloTest" time="0.003"/>
  <testcase name="MultiThreaded only initializes value once[Iterations: 535]" classname="serie2.ex3.CounterModuloTest" time="0.002"/>
  <testcase name="MultiThreaded only initializes value once[Iterations: 536]" classname="serie2.ex3.CounterModuloTest" time="0.002"/>
  <testcase name="MultiThreaded only initializes value once[Iterations: 537]" classname="serie2.ex3.CounterModuloTest" time="0.008"/>
  <testcase name="MultiThreaded only initializes value once[Iterations: 538]" classname="serie2.ex3.CounterModuloTest" time="0.001"/>
  <testcase name="MultiThreaded only initializes value once[Iterations: 539]" classname="serie2.ex3.CounterModuloTest" time="0.002"/>
  <testcase name="MultiThreaded only initializes value once[Iterations: 540]" classname="serie2.ex3.CounterModuloTest" time="0.001"/>
  <testcase name="MultiThreaded only initializes value once[Iterations: 541]" classname="serie2.ex3.CounterModuloTest" time="0.001"/>
  <testcase name="MultiThreaded only initializes value once[Iterations: 542]" classname="serie2.ex3.CounterModuloTest" time="0.001"/>
  <testcase name="MultiThreaded only initializes value once[Iterations: 543]" classname="serie2.ex3.CounterModuloTest" time="0.002"/>
  <testcase name="MultiThreaded only initializes value once[Iterations: 544]" classname="serie2.ex3.CounterModuloTest" time="0.001"/>
  <testcase name="MultiThreaded only initializes value once[Iterations: 545]" classname="serie2.ex3.CounterModuloTest" time="0.002"/>
  <testcase name="MultiThreaded only initializes value once[Iterations: 546]" classname="serie2.ex3.CounterModuloTest" time="0.001"/>
  <testcase name="MultiThreaded only initializes value once[Iterations: 547]" classname="serie2.ex3.CounterModuloTest" time="0.001"/>
  <testcase name="MultiThreaded only initializes value once[Iterations: 548]" classname="serie2.ex3.CounterModuloTest" time="0.001"/>
  <testcase name="MultiThreaded only initializes value once[Iterations: 549]" classname="serie2.ex3.CounterModuloTest" time="0.001"/>
  <testcase name="MultiThreaded only initializes value once[Iterations: 550]" classname="serie2.ex3.CounterModuloTest" time="0.002"/>
  <testcase name="MultiThreaded only initializes value once[Iterations: 551]" classname="serie2.ex3.CounterModuloTest" time="0.001"/>
  <testcase name="MultiThreaded only initializes value once[Iterations: 552]" classname="serie2.ex3.CounterModuloTest" time="0.002"/>
  <testcase name="MultiThreaded only initializes value once[Iterations: 553]" classname="serie2.ex3.CounterModuloTest" time="0.001"/>
  <testcase name="MultiThreaded only initializes value once[Iterations: 554]" classname="serie2.ex3.CounterModuloTest" time="0.002"/>
  <testcase name="MultiThreaded only initializes value once[Iterations: 555]" classname="serie2.ex3.CounterModuloTest" time="0.001"/>
  <testcase name="MultiThreaded only initializes value once[Iterations: 556]" classname="serie2.ex3.CounterModuloTest" time="0.001"/>
  <testcase name="MultiThreaded only initializes value once[Iterations: 557]" classname="serie2.ex3.CounterModuloTest" time="0.002"/>
  <testcase name="MultiThreaded only initializes value once[Iterations: 558]" classname="serie2.ex3.CounterModuloTest" time="0.001"/>
  <testcase name="MultiThreaded only initializes value once[Iterations: 559]" classname="serie2.ex3.CounterModuloTest" time="0.001"/>
  <testcase name="MultiThreaded only initializes value once[Iterations: 560]" classname="serie2.ex3.CounterModuloTest" time="0.002"/>
  <testcase name="MultiThreaded only initializes value once[Iterations: 561]" classname="serie2.ex3.CounterModuloTest" time="0.001"/>
  <testcase name="MultiThreaded only initializes value once[Iterations: 562]" classname="serie2.ex3.CounterModuloTest" time="0.001"/>
  <testcase name="MultiThreaded only initializes value once[Iterations: 563]" classname="serie2.ex3.CounterModuloTest" time="0.002"/>
  <testcase name="MultiThreaded only initializes value once[Iterations: 564]" classname="serie2.ex3.CounterModuloTest" time="0.001"/>
  <testcase name="MultiThreaded only initializes value once[Iterations: 565]" classname="serie2.ex3.CounterModuloTest" time="0.001"/>
  <testcase name="MultiThreaded only initializes value once[Iterations: 566]" classname="serie2.ex3.CounterModuloTest" time="0.002"/>
  <testcase name="MultiThreaded only initializes value once[Iterations: 567]" classname="serie2.ex3.CounterModuloTest" time="0.001"/>
  <testcase name="MultiThreaded only initializes value once[Iterations: 568]" classname="serie2.ex3.CounterModuloTest" time="0.001"/>
  <testcase name="MultiThreaded only initializes value once[Iterations: 569]" classname="serie2.ex3.CounterModuloTest" time="0.002"/>
  <testcase name="MultiThreaded only initializes value once[Iterations: 570]" classname="serie2.ex3.CounterModuloTest" time="0.002"/>
  <testcase name="MultiThreaded only initializes value once[Iterations: 571]" classname="serie2.ex3.CounterModuloTest" time="0.001"/>
  <testcase name="MultiThreaded only initializes value once[Iterations: 572]" classname="serie2.ex3.CounterModuloTest" time="0.001"/>
  <testcase name="MultiThreaded only initializes value once[Iterations: 573]" classname="serie2.ex3.CounterModuloTest" time="0.001"/>
  <testcase name="MultiThreaded only initializes value once[Iterations: 574]" classname="serie2.ex3.CounterModuloTest" time="0.002"/>
  <testcase name="MultiThreaded only initializes value once[Iterations: 575]" classname="serie2.ex3.CounterModuloTest" time="0.001"/>
  <testcase name="MultiThreaded only initializes value once[Iterations: 576]" classname="serie2.ex3.CounterModuloTest" time="0.002"/>
  <testcase name="MultiThreaded only initializes value once[Iterations: 577]" classname="serie2.ex3.CounterModuloTest" time="0.001"/>
  <testcase name="MultiThreaded only initializes value once[Iterations: 578]" classname="serie2.ex3.CounterModuloTest" time="0.002"/>
  <testcase name="MultiThreaded only initializes value once[Iterations: 579]" classname="serie2.ex3.CounterModuloTest" time="0.001"/>
  <testcase name="MultiThreaded only initializes value once[Iterations: 580]" classname="serie2.ex3.CounterModuloTest" time="0.002"/>
  <testcase name="MultiThreaded only initializes value once[Iterations: 581]" classname="serie2.ex3.CounterModuloTest" time="0.002"/>
  <testcase name="MultiThreaded only initializes value once[Iterations: 582]" classname="serie2.ex3.CounterModuloTest" time="0.001"/>
  <testcase name="MultiThreaded only initializes value once[Iterations: 583]" classname="serie2.ex3.CounterModuloTest" time="0.001"/>
  <testcase name="MultiThreaded only initializes value once[Iterations: 584]" classname="serie2.ex3.CounterModuloTest" time="0.001"/>
  <testcase name="MultiThreaded only initializes value once[Iterations: 585]" classname="serie2.ex3.CounterModuloTest" time="0.002"/>
  <testcase name="MultiThreaded only initializes value once[Iterations: 586]" classname="serie2.ex3.CounterModuloTest" time="0.001"/>
  <testcase name="MultiThreaded only initializes value once[Iterations: 587]" classname="serie2.ex3.CounterModuloTest" time="0.002"/>
  <testcase name="MultiThreaded only initializes value once[Iterations: 588]" classname="serie2.ex3.CounterModuloTest" time="0.001"/>
  <testcase name="MultiThreaded only initializes value once[Iterations: 589]" classname="serie2.ex3.CounterModuloTest" time="0.001"/>
  <testcase name="MultiThreaded only initializes value once[Iterations: 590]" classname="serie2.ex3.CounterModuloTest" time="0.002"/>
  <testcase name="MultiThreaded only initializes value once[Iterations: 591]" classname="serie2.ex3.CounterModuloTest" time="0.001"/>
  <testcase name="MultiThreaded only initializes value once[Iterations: 592]" classname="serie2.ex3.CounterModuloTest" time="0.001"/>
  <testcase name="MultiThreaded only initializes value once[Iterations: 593]" classname="serie2.ex3.CounterModuloTest" time="0.013"/>
  <testcase name="MultiThreaded only initializes value once[Iterations: 594]" classname="serie2.ex3.CounterModuloTest" time="0.001"/>
  <testcase name="MultiThreaded only initializes value once[Iterations: 595]" classname="serie2.ex3.CounterModuloTest" time="0.002"/>
  <testcase name="MultiThreaded only initializes value once[Iterations: 596]" classname="serie2.ex3.CounterModuloTest" time="0.001"/>
  <testcase name="MultiThreaded only initializes value once[Iterations: 597]" classname="serie2.ex3.CounterModuloTest" time="0.002"/>
  <testcase name="MultiThreaded only initializes value once[Iterations: 598]" classname="serie2.ex3.CounterModuloTest" time="0.001"/>
  <testcase name="MultiThreaded only initializes value once[Iterations: 599]" classname="serie2.ex3.CounterModuloTest" time="0.001"/>
  <testcase name="MultiThreaded only initializes value once[Iterations: 600]" classname="serie2.ex3.CounterModuloTest" time="0.002"/>
  <testcase name="MultiThreaded only initializes value once[Iterations: 601]" classname="serie2.ex3.CounterModuloTest" time="0.002"/>
  <testcase name="MultiThreaded only initializes value once[Iterations: 602]" classname="serie2.ex3.CounterModuloTest" time="0.001"/>
  <testcase name="MultiThreaded only initializes value once[Iterations: 603]" classname="serie2.ex3.CounterModuloTest" time="0.002"/>
  <testcase name="MultiThreaded only initializes value once[Iterations: 604]" classname="serie2.ex3.CounterModuloTest" time="0.001"/>
  <testcase name="MultiThreaded only initializes value once[Iterations: 605]" classname="serie2.ex3.CounterModuloTest" time="0.002"/>
  <testcase name="MultiThreaded only initializes value once[Iterations: 606]" classname="serie2.ex3.CounterModuloTest" time="0.001"/>
  <testcase name="MultiThreaded only initializes value once[Iterations: 607]" classname="serie2.ex3.CounterModuloTest" time="0.002"/>
  <testcase name="MultiThreaded only initializes value once[Iterations: 608]" classname="serie2.ex3.CounterModuloTest" time="0.001"/>
  <testcase name="MultiThreaded only initializes value once[Iterations: 609]" classname="serie2.ex3.CounterModuloTest" time="0.001"/>
  <testcase name="MultiThreaded only initializes value once[Iterations: 610]" classname="serie2.ex3.CounterModuloTest" time="0.001"/>
  <testcase name="MultiThreaded only initializes value once[Iterations: 611]" classname="serie2.ex3.CounterModuloTest" time="0.002"/>
  <testcase name="MultiThreaded only initializes value once[Iterations: 612]" classname="serie2.ex3.CounterModuloTest" time="0.001"/>
  <testcase name="MultiThreaded only initializes value once[Iterations: 613]" classname="serie2.ex3.CounterModuloTest" time="0.001"/>
  <testcase name="MultiThreaded only initializes value once[Iterations: 614]" classname="serie2.ex3.CounterModuloTest" time="0.002"/>
  <testcase name="MultiThreaded only initializes value once[Iterations: 615]" classname="serie2.ex3.CounterModuloTest" time="0.002"/>
  <testcase name="MultiThreaded only initializes value once[Iterations: 616]" classname="serie2.ex3.CounterModuloTest" time="0.001"/>
  <testcase name="MultiThreaded only initializes value once[Iterations: 617]" classname="serie2.ex3.CounterModuloTest" time="0.002"/>
  <testcase name="MultiThreaded only initializes value once[Iterations: 618]" classname="serie2.ex3.CounterModuloTest" time="0.001"/>
  <testcase name="MultiThreaded only initializes value once[Iterations: 619]" classname="serie2.ex3.CounterModuloTest" time="0.002"/>
  <testcase name="MultiThreaded only initializes value once[Iterations: 620]" classname="serie2.ex3.CounterModuloTest" time="0.002"/>
  <testcase name="MultiThreaded only initializes value once[Iterations: 621]" classname="serie2.ex3.CounterModuloTest" time="0.001"/>
  <testcase name="MultiThreaded only initializes value once[Iterations: 622]" classname="serie2.ex3.CounterModuloTest" time="0.002"/>
  <testcase name="MultiThreaded only initializes value once[Iterations: 623]" classname="serie2.ex3.CounterModuloTest" time="0.002"/>
  <testcase name="MultiThreaded only initializes value once[Iterations: 624]" classname="serie2.ex3.CounterModuloTest" time="0.002"/>
  <testcase name="MultiThreaded only initializes value once[Iterations: 625]" classname="serie2.ex3.CounterModuloTest" time="0.001"/>
  <testcase name="MultiThreaded only initializes value once[Iterations: 626]" classname="serie2.ex3.CounterModuloTest" time="0.002"/>
  <testcase name="MultiThreaded only initializes value once[Iterations: 627]" classname="serie2.ex3.CounterModuloTest" time="0.002"/>
  <testcase name="MultiThreaded only initializes value once[Iterations: 628]" classname="serie2.ex3.CounterModuloTest" time="0.001"/>
  <testcase name="MultiThreaded only initializes value once[Iterations: 629]" classname="serie2.ex3.CounterModuloTest" time="0.001"/>
  <testcase name="MultiThreaded only initializes value once[Iterations: 630]" classname="serie2.ex3.CounterModuloTest" time="0.003"/>
  <testcase name="MultiThreaded only initializes value once[Iterations: 631]" classname="serie2.ex3.CounterModuloTest" time="0.002"/>
  <testcase name="MultiThreaded only initializes value once[Iterations: 632]" classname="serie2.ex3.CounterModuloTest" time="0.009"/>
  <testcase name="MultiThreaded only initializes value once[Iterations: 633]" classname="serie2.ex3.CounterModuloTest" time="0.002"/>
  <testcase name="MultiThreaded only initializes value once[Iterations: 634]" classname="serie2.ex3.CounterModuloTest" time="0.002"/>
  <testcase name="MultiThreaded only initializes value once[Iterations: 635]" classname="serie2.ex3.CounterModuloTest" time="0.001"/>
  <testcase name="MultiThreaded only initializes value once[Iterations: 636]" classname="serie2.ex3.CounterModuloTest" time="0.002"/>
  <testcase name="MultiThreaded only initializes value once[Iterations: 637]" classname="serie2.ex3.CounterModuloTest" time="0.002"/>
  <testcase name="MultiThreaded only initializes value once[Iterations: 638]" classname="serie2.ex3.CounterModuloTest" time="0.001"/>
  <testcase name="MultiThreaded only initializes value once[Iterations: 639]" classname="serie2.ex3.CounterModuloTest" time="0.001"/>
  <testcase name="MultiThreaded only initializes value once[Iterations: 640]" classname="serie2.ex3.CounterModuloTest" time="0.002"/>
  <testcase name="MultiThreaded only initializes value once[Iterations: 641]" classname="serie2.ex3.CounterModuloTest" time="0.002"/>
  <testcase name="MultiThreaded only initializes value once[Iterations: 642]" classname="serie2.ex3.CounterModuloTest" time="0.001"/>
  <testcase name="MultiThreaded only initializes value once[Iterations: 643]" classname="serie2.ex3.CounterModuloTest" time="0.002"/>
  <testcase name="MultiThreaded only initializes value once[Iterations: 644]" classname="serie2.ex3.CounterModuloTest" time="0.002"/>
  <testcase name="MultiThreaded only initializes value once[Iterations: 645]" classname="serie2.ex3.CounterModuloTest" time="0.001"/>
  <testcase name="MultiThreaded only initializes value once[Iterations: 646]" classname="serie2.ex3.CounterModuloTest" time="0.002"/>
  <testcase name="MultiThreaded only initializes value once[Iterations: 647]" classname="serie2.ex3.CounterModuloTest" time="0.001"/>
  <testcase name="MultiThreaded only initializes value once[Iterations: 648]" classname="serie2.ex3.CounterModuloTest" time="0.002"/>
  <testcase name="MultiThreaded only initializes value once[Iterations: 649]" classname="serie2.ex3.CounterModuloTest" time="0.002"/>
  <testcase name="MultiThreaded only initializes value once[Iterations: 650]" classname="serie2.ex3.CounterModuloTest" time="0.002"/>
  <testcase name="MultiThreaded only initializes value once[Iterations: 651]" classname="serie2.ex3.CounterModuloTest" time="0.001"/>
  <testcase name="MultiThreaded only initializes value once[Iterations: 652]" classname="serie2.ex3.CounterModuloTest" time="0.003"/>
  <testcase name="MultiThreaded only initializes value once[Iterations: 653]" classname="serie2.ex3.CounterModuloTest" time="0.001"/>
  <testcase name="MultiThreaded only initializes value once[Iterations: 654]" classname="serie2.ex3.CounterModuloTest" time="0.002"/>
  <testcase name="MultiThreaded only initializes value once[Iterations: 655]" classname="serie2.ex3.CounterModuloTest" time="0.002"/>
  <testcase name="MultiThreaded only initializes value once[Iterations: 656]" classname="serie2.ex3.CounterModuloTest" time="0.002"/>
  <testcase name="MultiThreaded only initializes value once[Iterations: 657]" classname="serie2.ex3.CounterModuloTest" time="0.001"/>
  <testcase name="MultiThreaded only initializes value once[Iterations: 658]" classname="serie2.ex3.CounterModuloTest" time="0.002"/>
  <testcase name="MultiThreaded only initializes value once[Iterations: 659]" classname="serie2.ex3.CounterModuloTest" time="0.001"/>
  <testcase name="MultiThreaded only initializes value once[Iterations: 660]" classname="serie2.ex3.CounterModuloTest" time="0.002"/>
  <testcase name="MultiThreaded only initializes value once[Iterations: 661]" classname="serie2.ex3.CounterModuloTest" time="0.002"/>
  <testcase name="MultiThreaded only initializes value once[Iterations: 662]" classname="serie2.ex3.CounterModuloTest" time="0.002"/>
  <testcase name="MultiThreaded only initializes value once[Iterations: 663]" classname="serie2.ex3.CounterModuloTest" time="0.002"/>
  <testcase name="MultiThreaded only initializes value once[Iterations: 664]" classname="serie2.ex3.CounterModuloTest" time="0.001"/>
  <testcase name="MultiThreaded only initializes value once[Iterations: 665]" classname="serie2.ex3.CounterModuloTest" time="0.002"/>
  <testcase name="MultiThreaded only initializes value once[Iterations: 666]" classname="serie2.ex3.CounterModuloTest" time="0.002"/>
  <testcase name="MultiThreaded only initializes value once[Iterations: 667]" classname="serie2.ex3.CounterModuloTest" time="0.002"/>
  <testcase name="MultiThreaded only initializes value once[Iterations: 668]" classname="serie2.ex3.CounterModuloTest" time="0.001"/>
  <testcase name="MultiThreaded only initializes value once[Iterations: 669]" classname="serie2.ex3.CounterModuloTest" time="0.003"/>
  <testcase name="MultiThreaded only initializes value once[Iterations: 670]" classname="serie2.ex3.CounterModuloTest" time="0.002"/>
  <testcase name="MultiThreaded only initializes value once[Iterations: 671]" classname="serie2.ex3.CounterModuloTest" time="0.002"/>
  <testcase name="MultiThreaded only initializes value once[Iterations: 672]" classname="serie2.ex3.CounterModuloTest" time="0.002"/>
  <testcase name="MultiThreaded only initializes value once[Iterations: 673]" classname="serie2.ex3.CounterModuloTest" time="0.001"/>
  <testcase name="MultiThreaded only initializes value once[Iterations: 674]" classname="serie2.ex3.CounterModuloTest" time="0.002"/>
  <testcase name="MultiThreaded only initializes value once[Iterations: 675]" classname="serie2.ex3.CounterModuloTest" time="0.002"/>
  <testcase name="MultiThreaded only initializes value once[Iterations: 676]" classname="serie2.ex3.CounterModuloTest" time="0.002"/>
  <testcase name="MultiThreaded only initializes value once[Iterations: 677]" classname="serie2.ex3.CounterModuloTest" time="0.002"/>
  <testcase name="MultiThreaded only initializes value once[Iterations: 678]" classname="serie2.ex3.CounterModuloTest" time="0.002"/>
  <testcase name="MultiThreaded only initializes value once[Iterations: 679]" classname="serie2.ex3.CounterModuloTest" time="0.002"/>
  <testcase name="MultiThreaded only initializes value once[Iterations: 680]" classname="serie2.ex3.CounterModuloTest" time="0.001"/>
  <testcase name="MultiThreaded only initializes value once[Iterations: 681]" classname="serie2.ex3.CounterModuloTest" time="0.002"/>
  <testcase name="MultiThreaded only initializes value once[Iterations: 682]" classname="serie2.ex3.CounterModuloTest" time="0.002"/>
  <testcase name="MultiThreaded only initializes value once[Iterations: 683]" classname="serie2.ex3.CounterModuloTest" time="0.002"/>
  <testcase name="MultiThreaded only initializes value once[Iterations: 684]" classname="serie2.ex3.CounterModuloTest" time="0.002"/>
  <testcase name="MultiThreaded only initializes value once[Iterations: 685]" classname="serie2.ex3.CounterModuloTest" time="0.002"/>
  <testcase name="MultiThreaded only initializes value once[Iterations: 686]" classname="serie2.ex3.CounterModuloTest" time="0.009"/>
  <testcase name="MultiThreaded only initializes value once[Iterations: 687]" classname="serie2.ex3.CounterModuloTest" time="0.002"/>
  <testcase name="MultiThreaded only initializes value once[Iterations: 688]" classname="serie2.ex3.CounterModuloTest" time="0.002"/>
  <testcase name="MultiThreaded only initializes value once[Iterations: 689]" classname="serie2.ex3.CounterModuloTest" time="0.001"/>
  <testcase name="MultiThreaded only initializes value once[Iterations: 690]" classname="serie2.ex3.CounterModuloTest" time="0.003"/>
  <testcase name="MultiThreaded only initializes value once[Iterations: 691]" classname="serie2.ex3.CounterModuloTest" time="0.002"/>
  <testcase name="MultiThreaded only initializes value once[Iterations: 692]" classname="serie2.ex3.CounterModuloTest" time="0.002"/>
  <testcase name="MultiThreaded only initializes value once[Iterations: 693]" classname="serie2.ex3.CounterModuloTest" time="0.002"/>
  <testcase name="MultiThreaded only initializes value once[Iterations: 694]" classname="serie2.ex3.CounterModuloTest" time="0.001"/>
  <testcase name="MultiThreaded only initializes value once[Iterations: 695]" classname="serie2.ex3.CounterModuloTest" time="0.002"/>
  <testcase name="MultiThreaded only initializes value once[Iterations: 696]" classname="serie2.ex3.CounterModuloTest" time="0.002"/>
  <testcase name="MultiThreaded only initializes value once[Iterations: 697]" classname="serie2.ex3.CounterModuloTest" time="0.002"/>
  <testcase name="MultiThreaded only initializes value once[Iterations: 698]" classname="serie2.ex3.CounterModuloTest" time="0.002"/>
  <testcase name="MultiThreaded only initializes value once[Iterations: 699]" classname="serie2.ex3.CounterModuloTest" time="0.002"/>
  <testcase name="MultiThreaded only initializes value once[Iterations: 700]" classname="serie2.ex3.CounterModuloTest" time="0.001"/>
  <testcase name="MultiThreaded only initializes value once[Iterations: 701]" classname="serie2.ex3.CounterModuloTest" time="0.002"/>
  <testcase name="MultiThreaded only initializes value once[Iterations: 702]" classname="serie2.ex3.CounterModuloTest" time="0.002"/>
  <testcase name="MultiThreaded only initializes value once[Iterations: 703]" classname="serie2.ex3.CounterModuloTest" time="0.001"/>
  <testcase name="MultiThreaded only initializes value once[Iterations: 704]" classname="serie2.ex3.CounterModuloTest" time="0.002"/>
  <testcase name="MultiThreaded only initializes value once[Iterations: 705]" classname="serie2.ex3.CounterModuloTest" time="0.002"/>
  <testcase name="MultiThreaded only initializes value once[Iterations: 706]" classname="serie2.ex3.CounterModuloTest" time="0.002"/>
  <testcase name="MultiThreaded only initializes value once[Iterations: 707]" classname="serie2.ex3.CounterModuloTest" time="0.002"/>
  <testcase name="MultiThreaded only initializes value once[Iterations: 708]" classname="serie2.ex3.CounterModuloTest" time="0.001"/>
  <testcase name="MultiThreaded only initializes value once[Iterations: 709]" classname="serie2.ex3.CounterModuloTest" time="0.002"/>
  <testcase name="MultiThreaded only initializes value once[Iterations: 710]" classname="serie2.ex3.CounterModuloTest" time="0.001"/>
  <testcase name="MultiThreaded only initializes value once[Iterations: 711]" classname="serie2.ex3.CounterModuloTest" time="0.002"/>
  <testcase name="MultiThreaded only initializes value once[Iterations: 712]" classname="serie2.ex3.CounterModuloTest" time="0.001"/>
  <testcase name="MultiThreaded only initializes value once[Iterations: 713]" classname="serie2.ex3.CounterModuloTest" time="0.002"/>
  <testcase name="MultiThreaded only initializes value once[Iterations: 714]" classname="serie2.ex3.CounterModuloTest" time="0.001"/>
  <testcase name="MultiThreaded only initializes value once[Iterations: 715]" classname="serie2.ex3.CounterModuloTest" time="0.002"/>
  <testcase name="MultiThreaded only initializes value once[Iterations: 716]" classname="serie2.ex3.CounterModuloTest" time="0.002"/>
  <testcase name="MultiThreaded only initializes value once[Iterations: 717]" classname="serie2.ex3.CounterModuloTest" time="0.002"/>
  <testcase name="MultiThreaded only initializes value once[Iterations: 718]" classname="serie2.ex3.CounterModuloTest" time="0.001"/>
  <testcase name="MultiThreaded only initializes value once[Iterations: 719]" classname="serie2.ex3.CounterModuloTest" time="0.002"/>
  <testcase name="MultiThreaded only initializes value once[Iterations: 720]" classname="serie2.ex3.CounterModuloTest" time="0.001"/>
  <testcase name="MultiThreaded only initializes value once[Iterations: 721]" classname="serie2.ex3.CounterModuloTest" time="0.002"/>
  <testcase name="MultiThreaded only initializes value once[Iterations: 722]" classname="serie2.ex3.CounterModuloTest" time="0.007"/>
  <testcase name="MultiThreaded only initializes value once[Iterations: 723]" classname="serie2.ex3.CounterModuloTest" time="0.002"/>
  <testcase name="MultiThreaded only initializes value once[Iterations: 724]" classname="serie2.ex3.CounterModuloTest" time="0.002"/>
  <testcase name="MultiThreaded only initializes value once[Iterations: 725]" classname="serie2.ex3.CounterModuloTest" time="0.002"/>
  <testcase name="MultiThreaded only initializes value once[Iterations: 726]" classname="serie2.ex3.CounterModuloTest" time="0.002"/>
  <testcase name="MultiThreaded only initializes value once[Iterations: 727]" classname="serie2.ex3.CounterModuloTest" time="0.001"/>
  <testcase name="MultiThreaded only initializes value once[Iterations: 728]" classname="serie2.ex3.CounterModuloTest" time="0.002"/>
  <testcase name="MultiThreaded only initializes value once[Iterations: 729]" classname="serie2.ex3.CounterModuloTest" time="0.001"/>
  <testcase name="MultiThreaded only initializes value once[Iterations: 730]" classname="serie2.ex3.CounterModuloTest" time="0.002"/>
  <testcase name="MultiThreaded only initializes value once[Iterations: 731]" classname="serie2.ex3.CounterModuloTest" time="0.002"/>
  <testcase name="MultiThreaded only initializes value once[Iterations: 732]" classname="serie2.ex3.CounterModuloTest" time="0.002"/>
  <testcase name="MultiThreaded only initializes value once[Iterations: 733]" classname="serie2.ex3.CounterModuloTest" time="0.002"/>
  <testcase name="MultiThreaded only initializes value once[Iterations: 734]" classname="serie2.ex3.CounterModuloTest" time="0.001"/>
  <testcase name="MultiThreaded only initializes value once[Iterations: 735]" classname="serie2.ex3.CounterModuloTest" time="0.002"/>
  <testcase name="MultiThreaded only initializes value once[Iterations: 736]" classname="serie2.ex3.CounterModuloTest" time="0.002"/>
  <testcase name="MultiThreaded only initializes value once[Iterations: 737]" classname="serie2.ex3.CounterModuloTest" time="0.001"/>
  <testcase name="MultiThreaded only initializes value once[Iterations: 738]" classname="serie2.ex3.CounterModuloTest" time="0.002"/>
  <testcase name="MultiThreaded only initializes value once[Iterations: 739]" classname="serie2.ex3.CounterModuloTest" time="0.002"/>
  <testcase name="MultiThreaded only initializes value once[Iterations: 740]" classname="serie2.ex3.CounterModuloTest" time="0.001"/>
  <testcase name="MultiThreaded only initializes value once[Iterations: 741]" classname="serie2.ex3.CounterModuloTest" time="0.001"/>
  <testcase name="MultiThreaded only initializes value once[Iterations: 742]" classname="serie2.ex3.CounterModuloTest" time="0.002"/>
  <testcase name="MultiThreaded only initializes value once[Iterations: 743]" classname="serie2.ex3.CounterModuloTest" time="0.002"/>
  <testcase name="MultiThreaded only initializes value once[Iterations: 744]" classname="serie2.ex3.CounterModuloTest" time="0.002"/>
  <testcase name="MultiThreaded only initializes value once[Iterations: 745]" classname="serie2.ex3.CounterModuloTest" time="0.005"/>
  <testcase name="MultiThreaded only initializes value once[Iterations: 746]" classname="serie2.ex3.CounterModuloTest" time="0.002"/>
  <testcase name="MultiThreaded only initializes value once[Iterations: 747]" classname="serie2.ex3.CounterModuloTest" time="0.003"/>
  <testcase name="MultiThreaded only initializes value once[Iterations: 748]" classname="serie2.ex3.CounterModuloTest" time="0.002"/>
  <testcase name="MultiThreaded only initializes value once[Iterations: 749]" classname="serie2.ex3.CounterModuloTest" time="0.002"/>
  <testcase name="MultiThreaded only initializes value once[Iterations: 750]" classname="serie2.ex3.CounterModuloTest" time="0.002"/>
  <testcase name="MultiThreaded only initializes value once[Iterations: 751]" classname="serie2.ex3.CounterModuloTest" time="0.002"/>
  <testcase name="MultiThreaded only initializes value once[Iterations: 752]" classname="serie2.ex3.CounterModuloTest" time="0.002"/>
  <testcase name="MultiThreaded only initializes value once[Iterations: 753]" classname="serie2.ex3.CounterModuloTest" time="0.003"/>
  <testcase name="MultiThreaded only initializes value once[Iterations: 754]" classname="serie2.ex3.CounterModuloTest" time="0.002"/>
  <testcase name="MultiThreaded only initializes value once[Iterations: 755]" classname="serie2.ex3.CounterModuloTest" time="0.002"/>
  <testcase name="MultiThreaded only initializes value once[Iterations: 756]" classname="serie2.ex3.CounterModuloTest" time="0.008"/>
  <testcase name="MultiThreaded only initializes value once[Iterations: 757]" classname="serie2.ex3.CounterModuloTest" time="0.003"/>
  <testcase name="MultiThreaded only initializes value once[Iterations: 758]" classname="serie2.ex3.CounterModuloTest" time="0.002"/>
  <testcase name="MultiThreaded only initializes value once[Iterations: 759]" classname="serie2.ex3.CounterModuloTest" time="0.002"/>
  <testcase name="MultiThreaded only initializes value once[Iterations: 760]" classname="serie2.ex3.CounterModuloTest" time="0.002"/>
  <testcase name="MultiThreaded only initializes value once[Iterations: 761]" classname="serie2.ex3.CounterModuloTest" time="0.002"/>
  <testcase name="MultiThreaded only initializes value once[Iterations: 762]" classname="serie2.ex3.CounterModuloTest" time="0.002"/>
  <testcase name="MultiThreaded only initializes value once[Iterations: 763]" classname="serie2.ex3.CounterModuloTest" time="0.002"/>
  <testcase name="MultiThreaded only initializes value once[Iterations: 764]" classname="serie2.ex3.CounterModuloTest" time="0.002"/>
  <testcase name="MultiThreaded only initializes value once[Iterations: 765]" classname="serie2.ex3.CounterModuloTest" time="0.002"/>
  <testcase name="MultiThreaded only initializes value once[Iterations: 766]" classname="serie2.ex3.CounterModuloTest" time="0.002"/>
  <testcase name="MultiThreaded only initializes value once[Iterations: 767]" classname="serie2.ex3.CounterModuloTest" time="0.002"/>
  <testcase name="MultiThreaded only initializes value once[Iterations: 768]" classname="serie2.ex3.CounterModuloTest" time="0.002"/>
  <testcase name="MultiThreaded only initializes value once[Iterations: 769]" classname="serie2.ex3.CounterModuloTest" time="0.002"/>
  <testcase name="MultiThreaded only initializes value once[Iterations: 770]" classname="serie2.ex3.CounterModuloTest" time="0.002"/>
  <testcase name="MultiThreaded only initializes value once[Iterations: 771]" classname="serie2.ex3.CounterModuloTest" time="0.001"/>
  <testcase name="MultiThreaded only initializes value once[Iterations: 772]" classname="serie2.ex3.CounterModuloTest" time="0.001"/>
  <testcase name="MultiThreaded only initializes value once[Iterations: 773]" classname="serie2.ex3.CounterModuloTest" time="0.002"/>
  <testcase name="MultiThreaded only initializes value once[Iterations: 774]" classname="serie2.ex3.CounterModuloTest" time="0.002"/>
  <testcase name="MultiThreaded only initializes value once[Iterations: 775]" classname="serie2.ex3.CounterModuloTest" time="0.002"/>
  <testcase name="MultiThreaded only initializes value once[Iterations: 776]" classname="serie2.ex3.CounterModuloTest" time="0.001"/>
  <testcase name="MultiThreaded only initializes value once[Iterations: 777]" classname="serie2.ex3.CounterModuloTest" time="0.001"/>
  <testcase name="MultiThreaded only initializes value once[Iterations: 778]" classname="serie2.ex3.CounterModuloTest" time="0.002"/>
  <testcase name="MultiThreaded only initializes value once[Iterations: 779]" classname="serie2.ex3.CounterModuloTest" time="0.002"/>
  <testcase name="MultiThreaded only initializes value once[Iterations: 780]" classname="serie2.ex3.CounterModuloTest" time="0.002"/>
  <testcase name="MultiThreaded only initializes value once[Iterations: 781]" classname="serie2.ex3.CounterModuloTest" time="0.002"/>
  <testcase name="MultiThreaded only initializes value once[Iterations: 782]" classname="serie2.ex3.CounterModuloTest" time="0.002"/>
  <testcase name="MultiThreaded only initializes value once[Iterations: 783]" classname="serie2.ex3.CounterModuloTest" time="0.001"/>
  <testcase name="MultiThreaded only initializes value once[Iterations: 784]" classname="serie2.ex3.CounterModuloTest" time="0.002"/>
  <testcase name="MultiThreaded only initializes value once[Iterations: 785]" classname="serie2.ex3.CounterModuloTest" time="0.002"/>
  <testcase name="MultiThreaded only initializes value once[Iterations: 786]" classname="serie2.ex3.CounterModuloTest" time="0.002"/>
  <testcase name="MultiThreaded only initializes value once[Iterations: 787]" classname="serie2.ex3.CounterModuloTest" time="0.002"/>
  <testcase name="MultiThreaded only initializes value once[Iterations: 788]" classname="serie2.ex3.CounterModuloTest" time="0.001"/>
  <testcase name="MultiThreaded only initializes value once[Iterations: 789]" classname="serie2.ex3.CounterModuloTest" time="0.002"/>
  <testcase name="MultiThreaded only initializes value once[Iterations: 790]" classname="serie2.ex3.CounterModuloTest" time="0.002"/>
  <testcase name="MultiThreaded only initializes value once[Iterations: 791]" classname="serie2.ex3.CounterModuloTest" time="0.002"/>
  <testcase name="MultiThreaded only initializes value once[Iterations: 792]" classname="serie2.ex3.CounterModuloTest" time="0.002"/>
  <testcase name="MultiThreaded only initializes value once[Iterations: 793]" classname="serie2.ex3.CounterModuloTest" time="0.002"/>
  <testcase name="MultiThreaded only initializes value once[Iterations: 794]" classname="serie2.ex3.CounterModuloTest" time="0.001"/>
  <testcase name="MultiThreaded only initializes value once[Iterations: 795]" classname="serie2.ex3.CounterModuloTest" time="0.002"/>
  <testcase name="MultiThreaded only initializes value once[Iterations: 796]" classname="serie2.ex3.CounterModuloTest" time="0.006"/>
  <testcase name="MultiThreaded only initializes value once[Iterations: 797]" classname="serie2.ex3.CounterModuloTest" time="0.001"/>
  <testcase name="MultiThreaded only initializes value once[Iterations: 798]" classname="serie2.ex3.CounterModuloTest" time="0.002"/>
  <testcase name="MultiThreaded only initializes value once[Iterations: 799]" classname="serie2.ex3.CounterModuloTest" time="0.002"/>
  <testcase name="MultiThreaded only initializes value once[Iterations: 800]" classname="serie2.ex3.CounterModuloTest" time="0.002"/>
  <testcase name="MultiThreaded only initializes value once[Iterations: 801]" classname="serie2.ex3.CounterModuloTest" time="0.001"/>
  <testcase name="MultiThreaded only initializes value once[Iterations: 802]" classname="serie2.ex3.CounterModuloTest" time="0.001"/>
  <testcase name="MultiThreaded only initializes value once[Iterations: 803]" classname="serie2.ex3.CounterModuloTest" time="0.001"/>
  <testcase name="MultiThreaded only initializes value once[Iterations: 804]" classname="serie2.ex3.CounterModuloTest" time="0.002"/>
  <testcase name="MultiThreaded only initializes value once[Iterations: 805]" classname="serie2.ex3.CounterModuloTest" time="0.002"/>
  <testcase name="MultiThreaded only initializes value once[Iterations: 806]" classname="serie2.ex3.CounterModuloTest" time="0.002"/>
  <testcase name="MultiThreaded only initializes value once[Iterations: 807]" classname="serie2.ex3.CounterModuloTest" time="0.008"/>
  <testcase name="MultiThreaded only initializes value once[Iterations: 808]" classname="serie2.ex3.CounterModuloTest" time="0.003"/>
  <testcase name="MultiThreaded only initializes value once[Iterations: 809]" classname="serie2.ex3.CounterModuloTest" time="0.002"/>
  <testcase name="MultiThreaded only initializes value once[Iterations: 810]" classname="serie2.ex3.CounterModuloTest" time="0.002"/>
  <testcase name="MultiThreaded only initializes value once[Iterations: 811]" classname="serie2.ex3.CounterModuloTest" time="0.001"/>
  <testcase name="MultiThreaded only initializes value once[Iterations: 812]" classname="serie2.ex3.CounterModuloTest" time="0.001"/>
  <testcase name="MultiThreaded only initializes value once[Iterations: 813]" classname="serie2.ex3.CounterModuloTest" time="0.002"/>
  <testcase name="MultiThreaded only initializes value once[Iterations: 814]" classname="serie2.ex3.CounterModuloTest" time="0.002"/>
  <testcase name="MultiThreaded only initializes value once[Iterations: 815]" classname="serie2.ex3.CounterModuloTest" time="0.001"/>
  <testcase name="MultiThreaded only initializes value once[Iterations: 816]" classname="serie2.ex3.CounterModuloTest" time="0.002"/>
  <testcase name="MultiThreaded only initializes value once[Iterations: 817]" classname="serie2.ex3.CounterModuloTest" time="0.001"/>
  <testcase name="MultiThreaded only initializes value once[Iterations: 818]" classname="serie2.ex3.CounterModuloTest" time="0.002"/>
  <testcase name="MultiThreaded only initializes value once[Iterations: 819]" classname="serie2.ex3.CounterModuloTest" time="0.002"/>
  <testcase name="MultiThreaded only initializes value once[Iterations: 820]" classname="serie2.ex3.CounterModuloTest" time="0.002"/>
  <testcase name="MultiThreaded only initializes value once[Iterations: 821]" classname="serie2.ex3.CounterModuloTest" time="0.002"/>
  <testcase name="MultiThreaded only initializes value once[Iterations: 822]" classname="serie2.ex3.CounterModuloTest" time="0.002"/>
  <testcase name="MultiThreaded only initializes value once[Iterations: 823]" classname="serie2.ex3.CounterModuloTest" time="0.002"/>
  <testcase name="MultiThreaded only initializes value once[Iterations: 824]" classname="serie2.ex3.CounterModuloTest" time="0.002"/>
  <testcase name="MultiThreaded only initializes value once[Iterations: 825]" classname="serie2.ex3.CounterModuloTest" time="0.001"/>
  <testcase name="MultiThreaded only initializes value once[Iterations: 826]" classname="serie2.ex3.CounterModuloTest" time="0.002"/>
  <testcase name="MultiThreaded only initializes value once[Iterations: 827]" classname="serie2.ex3.CounterModuloTest" time="0.002"/>
  <testcase name="MultiThreaded only initializes value once[Iterations: 828]" classname="serie2.ex3.CounterModuloTest" time="0.002"/>
  <testcase name="MultiThreaded only initializes value once[Iterations: 829]" classname="serie2.ex3.CounterModuloTest" time="0.002"/>
  <testcase name="MultiThreaded only initializes value once[Iterations: 830]" classname="serie2.ex3.CounterModuloTest" time="0.002"/>
  <testcase name="MultiThreaded only initializes value once[Iterations: 831]" classname="serie2.ex3.CounterModuloTest" time="0.002"/>
  <testcase name="MultiThreaded only initializes value once[Iterations: 832]" classname="serie2.ex3.CounterModuloTest" time="0.002"/>
  <testcase name="MultiThreaded only initializes value once[Iterations: 833]" classname="serie2.ex3.CounterModuloTest" time="0.002"/>
  <testcase name="MultiThreaded only initializes value once[Iterations: 834]" classname="serie2.ex3.CounterModuloTest" time="0.002"/>
  <testcase name="MultiThreaded only initializes value once[Iterations: 835]" classname="serie2.ex3.CounterModuloTest" time="0.002"/>
  <testcase name="MultiThreaded only initializes value once[Iterations: 836]" classname="serie2.ex3.CounterModuloTest" time="0.002"/>
  <testcase name="MultiThreaded only initializes value once[Iterations: 837]" classname="serie2.ex3.CounterModuloTest" time="0.002"/>
  <testcase name="MultiThreaded only initializes value once[Iterations: 838]" classname="serie2.ex3.CounterModuloTest" time="0.002"/>
  <testcase name="MultiThreaded only initializes value once[Iterations: 839]" classname="serie2.ex3.CounterModuloTest" time="0.002"/>
  <testcase name="MultiThreaded only initializes value once[Iterations: 840]" classname="serie2.ex3.CounterModuloTest" time="0.002"/>
  <testcase name="MultiThreaded only initializes value once[Iterations: 841]" classname="serie2.ex3.CounterModuloTest" time="0.002"/>
  <testcase name="MultiThreaded only initializes value once[Iterations: 842]" classname="serie2.ex3.CounterModuloTest" time="0.001"/>
  <testcase name="MultiThreaded only initializes value once[Iterations: 843]" classname="serie2.ex3.CounterModuloTest" time="0.003"/>
  <testcase name="MultiThreaded only initializes value once[Iterations: 844]" classname="serie2.ex3.CounterModuloTest" time="0.002"/>
  <testcase name="MultiThreaded only initializes value once[Iterations: 845]" classname="serie2.ex3.CounterModuloTest" time="0.002"/>
  <testcase name="MultiThreaded only initializes value once[Iterations: 846]" classname="serie2.ex3.CounterModuloTest" time="0.002"/>
  <testcase name="MultiThreaded only initializes value once[Iterations: 847]" classname="serie2.ex3.CounterModuloTest" time="0.002"/>
  <testcase name="MultiThreaded only initializes value once[Iterations: 848]" classname="serie2.ex3.CounterModuloTest" time="0.002"/>
  <testcase name="MultiThreaded only initializes value once[Iterations: 849]" classname="serie2.ex3.CounterModuloTest" time="0.002"/>
  <testcase name="MultiThreaded only initializes value once[Iterations: 850]" classname="serie2.ex3.CounterModuloTest" time="0.003"/>
  <testcase name="MultiThreaded only initializes value once[Iterations: 851]" classname="serie2.ex3.CounterModuloTest" time="0.002"/>
  <testcase name="MultiThreaded only initializes value once[Iterations: 852]" classname="serie2.ex3.CounterModuloTest" time="0.002"/>
  <testcase name="MultiThreaded only initializes value once[Iterations: 853]" classname="serie2.ex3.CounterModuloTest" time="0.003"/>
  <testcase name="MultiThreaded only initializes value once[Iterations: 854]" classname="serie2.ex3.CounterModuloTest" time="0.003"/>
  <testcase name="MultiThreaded only initializes value once[Iterations: 855]" classname="serie2.ex3.CounterModuloTest" time="0.002"/>
  <testcase name="MultiThreaded only initializes value once[Iterations: 856]" classname="serie2.ex3.CounterModuloTest" time="0.003"/>
  <testcase name="MultiThreaded only initializes value once[Iterations: 857]" classname="serie2.ex3.CounterModuloTest" time="0.002"/>
  <testcase name="MultiThreaded only initializes value once[Iterations: 858]" classname="serie2.ex3.CounterModuloTest" time="0.003"/>
  <testcase name="MultiThreaded only initializes value once[Iterations: 859]" classname="serie2.ex3.CounterModuloTest" time="0.002"/>
  <testcase name="MultiThreaded only initializes value once[Iterations: 860]" classname="serie2.ex3.CounterModuloTest" time="0.002"/>
  <testcase name="MultiThreaded only initializes value once[Iterations: 861]" classname="serie2.ex3.CounterModuloTest" time="0.002"/>
  <testcase name="MultiThreaded only initializes value once[Iterations: 862]" classname="serie2.ex3.CounterModuloTest" time="0.002"/>
  <testcase name="MultiThreaded only initializes value once[Iterations: 863]" classname="serie2.ex3.CounterModuloTest" time="0.008"/>
  <testcase name="MultiThreaded only initializes value once[Iterations: 864]" classname="serie2.ex3.CounterModuloTest" time="0.002"/>
  <testcase name="MultiThreaded only initializes value once[Iterations: 865]" classname="serie2.ex3.CounterModuloTest" time="0.002"/>
  <testcase name="MultiThreaded only initializes value once[Iterations: 866]" classname="serie2.ex3.CounterModuloTest" time="0.002"/>
  <testcase name="MultiThreaded only initializes value once[Iterations: 867]" classname="serie2.ex3.CounterModuloTest" time="0.005"/>
  <testcase name="MultiThreaded only initializes value once[Iterations: 868]" classname="serie2.ex3.CounterModuloTest" time="0.003"/>
  <testcase name="MultiThreaded only initializes value once[Iterations: 869]" classname="serie2.ex3.CounterModuloTest" time="0.002"/>
  <testcase name="MultiThreaded only initializes value once[Iterations: 870]" classname="serie2.ex3.CounterModuloTest" time="0.003"/>
  <testcase name="MultiThreaded only initializes value once[Iterations: 871]" classname="serie2.ex3.CounterModuloTest" time="0.002"/>
  <testcase name="MultiThreaded only initializes value once[Iterations: 872]" classname="serie2.ex3.CounterModuloTest" time="0.004"/>
  <testcase name="MultiThreaded only initializes value once[Iterations: 873]" classname="serie2.ex3.CounterModuloTest" time="0.002"/>
  <testcase name="MultiThreaded only initializes value once[Iterations: 874]" classname="serie2.ex3.CounterModuloTest" time="0.003"/>
  <testcase name="MultiThreaded only initializes value once[Iterations: 875]" classname="serie2.ex3.CounterModuloTest" time="0.003"/>
  <testcase name="MultiThreaded only initializes value once[Iterations: 876]" classname="serie2.ex3.CounterModuloTest" time="0.002"/>
  <testcase name="MultiThreaded only initializes value once[Iterations: 877]" classname="serie2.ex3.CounterModuloTest" time="0.004"/>
  <testcase name="MultiThreaded only initializes value once[Iterations: 878]" classname="serie2.ex3.CounterModuloTest" time="0.003"/>
  <testcase name="MultiThreaded only initializes value once[Iterations: 879]" classname="serie2.ex3.CounterModuloTest" time="0.003"/>
  <testcase name="MultiThreaded only initializes value once[Iterations: 880]" classname="serie2.ex3.CounterModuloTest" time="0.002"/>
  <testcase name="MultiThreaded only initializes value once[Iterations: 881]" classname="serie2.ex3.CounterModuloTest" time="0.002"/>
  <testcase name="MultiThreaded only initializes value once[Iterations: 882]" classname="serie2.ex3.CounterModuloTest" time="0.003"/>
  <testcase name="MultiThreaded only initializes value once[Iterations: 883]" classname="serie2.ex3.CounterModuloTest" time="0.003"/>
  <testcase name="MultiThreaded only initializes value once[Iterations: 884]" classname="serie2.ex3.CounterModuloTest" time="0.002"/>
  <testcase name="MultiThreaded only initializes value once[Iterations: 885]" classname="serie2.ex3.CounterModuloTest" time="0.003"/>
  <testcase name="MultiThreaded only initializes value once[Iterations: 886]" classname="serie2.ex3.CounterModuloTest" time="0.002"/>
  <testcase name="MultiThreaded only initializes value once[Iterations: 887]" classname="serie2.ex3.CounterModuloTest" time="0.003"/>
  <testcase name="MultiThreaded only initializes value once[Iterations: 888]" classname="serie2.ex3.CounterModuloTest" time="0.002"/>
  <testcase name="MultiThreaded only initializes value once[Iterations: 889]" classname="serie2.ex3.CounterModuloTest" time="0.003"/>
  <testcase name="MultiThreaded only initializes value once[Iterations: 890]" classname="serie2.ex3.CounterModuloTest" time="0.003"/>
  <testcase name="MultiThreaded only initializes value once[Iterations: 891]" classname="serie2.ex3.CounterModuloTest" time="0.002"/>
  <testcase name="MultiThreaded only initializes value once[Iterations: 892]" classname="serie2.ex3.CounterModuloTest" time="0.003"/>
  <testcase name="MultiThreaded only initializes value once[Iterations: 893]" classname="serie2.ex3.CounterModuloTest" time="0.002"/>
  <testcase name="MultiThreaded only initializes value once[Iterations: 894]" classname="serie2.ex3.CounterModuloTest" time="0.002"/>
  <testcase name="MultiThreaded only initializes value once[Iterations: 895]" classname="serie2.ex3.CounterModuloTest" time="0.002"/>
  <testcase name="MultiThreaded only initializes value once[Iterations: 896]" classname="serie2.ex3.CounterModuloTest" time="0.003"/>
  <testcase name="MultiThreaded only initializes value once[Iterations: 897]" classname="serie2.ex3.CounterModuloTest" time="0.002"/>
  <testcase name="MultiThreaded only initializes value once[Iterations: 898]" classname="serie2.ex3.CounterModuloTest" time="0.002"/>
  <testcase name="MultiThreaded only initializes value once[Iterations: 899]" classname="serie2.ex3.CounterModuloTest" time="0.003"/>
  <testcase name="MultiThreaded only initializes value once[Iterations: 900]" classname="serie2.ex3.CounterModuloTest" time="0.002"/>
  <testcase name="MultiThreaded only initializes value once[Iterations: 901]" classname="serie2.ex3.CounterModuloTest" time="0.002"/>
  <testcase name="MultiThreaded only initializes value once[Iterations: 902]" classname="serie2.ex3.CounterModuloTest" time="0.002"/>
  <testcase name="MultiThreaded only initializes value once[Iterations: 903]" classname="serie2.ex3.CounterModuloTest" time="0.002"/>
  <testcase name="MultiThreaded only initializes value once[Iterations: 904]" classname="serie2.ex3.CounterModuloTest" time="0.003"/>
  <testcase name="MultiThreaded only initializes value once[Iterations: 905]" classname="serie2.ex3.CounterModuloTest" time="0.002"/>
  <testcase name="MultiThreaded only initializes value once[Iterations: 906]" classname="serie2.ex3.CounterModuloTest" time="0.002"/>
  <testcase name="MultiThreaded only initializes value once[Iterations: 907]" classname="serie2.ex3.CounterModuloTest" time="0.002"/>
  <testcase name="MultiThreaded only initializes value once[Iterations: 908]" classname="serie2.ex3.CounterModuloTest" time="0.003"/>
  <testcase name="MultiThreaded only initializes value once[Iterations: 909]" classname="serie2.ex3.CounterModuloTest" time="0.002"/>
  <testcase name="MultiThreaded only initializes value once[Iterations: 910]" classname="serie2.ex3.CounterModuloTest" time="0.004"/>
  <testcase name="MultiThreaded only initializes value once[Iterations: 911]" classname="serie2.ex3.CounterModuloTest" time="0.002"/>
  <testcase name="MultiThreaded only initializes value once[Iterations: 912]" classname="serie2.ex3.CounterModuloTest" time="0.003"/>
  <testcase name="MultiThreaded only initializes value once[Iterations: 913]" classname="serie2.ex3.CounterModuloTest" time="0.003"/>
  <testcase name="MultiThreaded only initializes value once[Iterations: 914]" classname="serie2.ex3.CounterModuloTest" time="0.005"/>
  <testcase name="MultiThreaded only initializes value once[Iterations: 915]" classname="serie2.ex3.CounterModuloTest" time="0.002"/>
  <testcase name="MultiThreaded only initializes value once[Iterations: 916]" classname="serie2.ex3.CounterModuloTest" time="0.003"/>
  <testcase name="MultiThreaded only initializes value once[Iterations: 917]" classname="serie2.ex3.CounterModuloTest" time="0.002"/>
  <testcase name="MultiThreaded only initializes value once[Iterations: 918]" classname="serie2.ex3.CounterModuloTest" time="0.002"/>
  <testcase name="MultiThreaded only initializes value once[Iterations: 919]" classname="serie2.ex3.CounterModuloTest" time="0.002"/>
  <testcase name="MultiThreaded only initializes value once[Iterations: 920]" classname="serie2.ex3.CounterModuloTest" time="0.004"/>
  <testcase name="MultiThreaded only initializes value once[Iterations: 921]" classname="serie2.ex3.CounterModuloTest" time="0.002"/>
  <testcase name="MultiThreaded only initializes value once[Iterations: 922]" classname="serie2.ex3.CounterModuloTest" time="0.002"/>
  <testcase name="MultiThreaded only initializes value once[Iterations: 923]" classname="serie2.ex3.CounterModuloTest" time="0.002"/>
  <testcase name="MultiThreaded only initializes value once[Iterations: 924]" classname="serie2.ex3.CounterModuloTest" time="0.002"/>
  <testcase name="MultiThreaded only initializes value once[Iterations: 925]" classname="serie2.ex3.CounterModuloTest" time="0.003"/>
  <testcase name="MultiThreaded only initializes value once[Iterations: 926]" classname="serie2.ex3.CounterModuloTest" time="0.003"/>
  <testcase name="MultiThreaded only initializes value once[Iterations: 927]" classname="serie2.ex3.CounterModuloTest" time="0.002"/>
  <testcase name="MultiThreaded only initializes value once[Iterations: 928]" classname="serie2.ex3.CounterModuloTest" time="0.003"/>
  <testcase name="MultiThreaded only initializes value once[Iterations: 929]" classname="serie2.ex3.CounterModuloTest" time="0.002"/>
  <testcase name="MultiThreaded only initializes value once[Iterations: 930]" classname="serie2.ex3.CounterModuloTest" time="0.002"/>
  <testcase name="MultiThreaded only initializes value once[Iterations: 931]" classname="serie2.ex3.CounterModuloTest" time="0.003"/>
  <testcase name="MultiThreaded only initializes value once[Iterations: 932]" classname="serie2.ex3.CounterModuloTest" time="0.002"/>
  <testcase name="MultiThreaded only initializes value once[Iterations: 933]" classname="serie2.ex3.CounterModuloTest" time="0.003"/>
  <testcase name="MultiThreaded only initializes value once[Iterations: 934]" classname="serie2.ex3.CounterModuloTest" time="0.002"/>
  <testcase name="MultiThreaded only initializes value once[Iterations: 935]" classname="serie2.ex3.CounterModuloTest" time="0.002"/>
  <testcase name="MultiThreaded only initializes value once[Iterations: 936]" classname="serie2.ex3.CounterModuloTest" time="0.002"/>
  <testcase name="MultiThreaded only initializes value once[Iterations: 937]" classname="serie2.ex3.CounterModuloTest" time="0.003"/>
  <testcase name="MultiThreaded only initializes value once[Iterations: 938]" classname="serie2.ex3.CounterModuloTest" time="0.002"/>
  <testcase name="MultiThreaded only initializes value once[Iterations: 939]" classname="serie2.ex3.CounterModuloTest" time="0.002"/>
  <testcase name="MultiThreaded only initializes value once[Iterations: 940]" classname="serie2.ex3.CounterModuloTest" time="0.003"/>
  <testcase name="MultiThreaded only initializes value once[Iterations: 941]" classname="serie2.ex3.CounterModuloTest" time="0.003"/>
  <testcase name="MultiThreaded only initializes value once[Iterations: 942]" classname="serie2.ex3.CounterModuloTest" time="0.003"/>
  <testcase name="MultiThreaded only initializes value once[Iterations: 943]" classname="serie2.ex3.CounterModuloTest" time="0.002"/>
  <testcase name="MultiThreaded only initializes value once[Iterations: 944]" classname="serie2.ex3.CounterModuloTest" time="0.003"/>
  <testcase name="MultiThreaded only initializes value once[Iterations: 945]" classname="serie2.ex3.CounterModuloTest" time="0.002"/>
  <testcase name="MultiThreaded only initializes value once[Iterations: 946]" classname="serie2.ex3.CounterModuloTest" time="0.003"/>
  <testcase name="MultiThreaded only initializes value once[Iterations: 947]" classname="serie2.ex3.CounterModuloTest" time="0.004"/>
  <testcase name="MultiThreaded only initializes value once[Iterations: 948]" classname="serie2.ex3.CounterModuloTest" time="0.002"/>
  <testcase name="MultiThreaded only initializes value once[Iterations: 949]" classname="serie2.ex3.CounterModuloTest" time="0.003"/>
  <testcase name="MultiThreaded only initializes value once[Iterations: 950]" classname="serie2.ex3.CounterModuloTest" time="0.002"/>
  <testcase name="MultiThreaded only initializes value once[Iterations: 951]" classname="serie2.ex3.CounterModuloTest" time="0.002"/>
  <testcase name="MultiThreaded only initializes value once[Iterations: 952]" classname="serie2.ex3.CounterModuloTest" time="0.006"/>
  <testcase name="MultiThreaded only initializes value once[Iterations: 953]" classname="serie2.ex3.CounterModuloTest" time="0.002"/>
  <testcase name="MultiThreaded only initializes value once[Iterations: 954]" classname="serie2.ex3.CounterModuloTest" time="0.004"/>
  <testcase name="MultiThreaded only initializes value once[Iterations: 955]" classname="serie2.ex3.CounterModuloTest" time="0.003"/>
  <testcase name="MultiThreaded only initializes value once[Iterations: 956]" classname="serie2.ex3.CounterModuloTest" time="0.004"/>
  <testcase name="MultiThreaded only initializes value once[Iterations: 957]" classname="serie2.ex3.CounterModuloTest" time="0.003"/>
  <testcase name="MultiThreaded only initializes value once[Iterations: 958]" classname="serie2.ex3.CounterModuloTest" time="0.002"/>
  <testcase name="MultiThreaded only initializes value once[Iterations: 959]" classname="serie2.ex3.CounterModuloTest" time="0.003"/>
  <testcase name="MultiThreaded only initializes value once[Iterations: 960]" classname="serie2.ex3.CounterModuloTest" time="0.002"/>
  <testcase name="MultiThreaded only initializes value once[Iterations: 961]" classname="serie2.ex3.CounterModuloTest" time="0.004"/>
  <testcase name="MultiThreaded only initializes value once[Iterations: 962]" classname="serie2.ex3.CounterModuloTest" time="0.002"/>
  <testcase name="MultiThreaded only initializes value once[Iterations: 963]" classname="serie2.ex3.CounterModuloTest" time="0.003"/>
  <testcase name="MultiThreaded only initializes value once[Iterations: 964]" classname="serie2.ex3.CounterModuloTest" time="0.003"/>
  <testcase name="MultiThreaded only initializes value once[Iterations: 965]" classname="serie2.ex3.CounterModuloTest" time="0.002"/>
  <testcase name="MultiThreaded only initializes value once[Iterations: 966]" classname="serie2.ex3.CounterModuloTest" time="0.003"/>
  <testcase name="MultiThreaded only initializes value once[Iterations: 967]" classname="serie2.ex3.CounterModuloTest" time="0.002"/>
  <testcase name="MultiThreaded only initializes value once[Iterations: 968]" classname="serie2.ex3.CounterModuloTest" time="0.003"/>
  <testcase name="MultiThreaded only initializes value once[Iterations: 969]" classname="serie2.ex3.CounterModuloTest" time="0.003"/>
  <testcase name="MultiThreaded only initializes value once[Iterations: 970]" classname="serie2.ex3.CounterModuloTest" time="0.003"/>
  <testcase name="MultiThreaded only initializes value once[Iterations: 971]" classname="serie2.ex3.CounterModuloTest" time="0.002"/>
  <testcase name="MultiThreaded only initializes value once[Iterations: 972]" classname="serie2.ex3.CounterModuloTest" time="0.007"/>
  <testcase name="MultiThreaded only initializes value once[Iterations: 973]" classname="serie2.ex3.CounterModuloTest" time="0.003"/>
  <testcase name="MultiThreaded only initializes value once[Iterations: 974]" classname="serie2.ex3.CounterModuloTest" time="0.002"/>
  <testcase name="MultiThreaded only initializes value once[Iterations: 975]" classname="serie2.ex3.CounterModuloTest" time="0.003"/>
  <testcase name="MultiThreaded only initializes value once[Iterations: 976]" classname="serie2.ex3.CounterModuloTest" time="0.002"/>
  <testcase name="MultiThreaded only initializes value once[Iterations: 977]" classname="serie2.ex3.CounterModuloTest" time="0.003"/>
  <testcase name="MultiThreaded only initializes value once[Iterations: 978]" classname="serie2.ex3.CounterModuloTest" time="0.003"/>
  <testcase name="MultiThreaded only initializes value once[Iterations: 979]" classname="serie2.ex3.CounterModuloTest" time="0.003"/>
  <testcase name="MultiThreaded only initializes value once[Iterations: 980]" classname="serie2.ex3.CounterModuloTest" time="0.002"/>
  <testcase name="MultiThreaded only initializes value once[Iterations: 981]" classname="serie2.ex3.CounterModuloTest" time="0.003"/>
  <testcase name="MultiThreaded only initializes value once[Iterations: 982]" classname="serie2.ex3.CounterModuloTest" time="0.003"/>
  <testcase name="MultiThreaded only initializes value once[Iterations: 983]" classname="serie2.ex3.CounterModuloTest" time="0.003"/>
  <testcase name="MultiThreaded only initializes value once[Iterations: 984]" classname="serie2.ex3.CounterModuloTest" time="0.002"/>
  <testcase name="MultiThreaded only initializes value once[Iterations: 985]" classname="serie2.ex3.CounterModuloTest" time="0.003"/>
  <testcase name="MultiThreaded only initializes value once[Iterations: 986]" classname="serie2.ex3.CounterModuloTest" time="0.003"/>
  <testcase name="MultiThreaded only initializes value once[Iterations: 987]" classname="serie2.ex3.CounterModuloTest" time="0.002"/>
  <testcase name="MultiThreaded only initializes value once[Iterations: 988]" classname="serie2.ex3.CounterModuloTest" time="0.003"/>
  <testcase name="MultiThreaded only initializes value once[Iterations: 989]" classname="serie2.ex3.CounterModuloTest" time="0.003"/>
  <testcase name="MultiThreaded only initializes value once[Iterations: 990]" classname="serie2.ex3.CounterModuloTest" time="0.002"/>
  <testcase name="MultiThreaded only initializes value once[Iterations: 991]" classname="serie2.ex3.CounterModuloTest" time="0.003"/>
  <testcase name="MultiThreaded only initializes value once[Iterations: 992]" classname="serie2.ex3.CounterModuloTest" time="0.002"/>
  <testcase name="MultiThreaded only initializes value once[Iterations: 993]" classname="serie2.ex3.CounterModuloTest" time="0.004"/>
  <testcase name="MultiThreaded only initializes value once[Iterations: 994]" classname="serie2.ex3.CounterModuloTest" time="0.002"/>
  <testcase name="MultiThreaded only initializes value once[Iterations: 995]" classname="serie2.ex3.CounterModuloTest" time="0.003"/>
  <testcase name="MultiThreaded only initializes value once[Iterations: 996]" classname="serie2.ex3.CounterModuloTest" time="0.003"/>
  <testcase name="MultiThreaded only initializes value once[Iterations: 997]" classname="serie2.ex3.CounterModuloTest" time="0.003"/>
  <testcase name="MultiThreaded only initializes value once[Iterations: 998]" classname="serie2.ex3.CounterModuloTest" time="0.002"/>
  <testcase name="MultiThreaded only initializes value once[Iterations: 999]" classname="serie2.ex3.CounterModuloTest" time="0.002"/>
  <testcase name="MultiThreaded only initializes value once[Iterations: 1,000]" classname="serie2.ex3.CounterModuloTest" time="0.004"/>
  <testcase name="MultiThreaded only initializes value once[Iterations: 1,001]" classname="serie2.ex3.CounterModuloTest" time="0.002"/>
  <testcase name="MultiThreaded only initializes value once[Iterations: 1,002]" classname="serie2.ex3.CounterModuloTest" time="0.003"/>
  <testcase name="MultiThreaded only initializes value once[Iterations: 1,003]" classname="serie2.ex3.CounterModuloTest" time="0.003"/>
  <testcase name="MultiThreaded only initializes value once[Iterations: 1,004]" classname="serie2.ex3.CounterModuloTest" time="0.002"/>
  <testcase name="MultiThreaded only initializes value once[Iterations: 1,005]" classname="serie2.ex3.CounterModuloTest" time="0.003"/>
  <testcase name="MultiThreaded only initializes value once[Iterations: 1,006]" classname="serie2.ex3.CounterModuloTest" time="0.003"/>
  <testcase name="MultiThreaded only initializes value once[Iterations: 1,007]" classname="serie2.ex3.CounterModuloTest" time="0.002"/>
  <testcase name="MultiThreaded only initializes value once[Iterations: 1,008]" classname="serie2.ex3.CounterModuloTest" time="0.003"/>
  <testcase name="MultiThreaded only initializes value once[Iterations: 1,009]" classname="serie2.ex3.CounterModuloTest" time="0.002"/>
  <testcase name="MultiThreaded only initializes value once[Iterations: 1,010]" classname="serie2.ex3.CounterModuloTest" time="0.003"/>
  <testcase name="MultiThreaded only initializes value once[Iterations: 1,011]" classname="serie2.ex3.CounterModuloTest" time="0.002"/>
  <testcase name="MultiThreaded only initializes value once[Iterations: 1,012]" classname="serie2.ex3.CounterModuloTest" time="0.004"/>
  <testcase name="MultiThreaded only initializes value once[Iterations: 1,013]" classname="serie2.ex3.CounterModuloTest" time="0.003"/>
  <testcase name="MultiThreaded only initializes value once[Iterations: 1,014]" classname="serie2.ex3.CounterModuloTest" time="0.002"/>
  <testcase name="MultiThreaded only initializes value once[Iterations: 1,015]" classname="serie2.ex3.CounterModuloTest" time="0.009"/>
  <testcase name="MultiThreaded only initializes value once[Iterations: 1,016]" classname="serie2.ex3.CounterModuloTest" time="0.004"/>
  <testcase name="MultiThreaded only initializes value once[Iterations: 1,017]" classname="serie2.ex3.CounterModuloTest" time="0.003"/>
  <testcase name="MultiThreaded only initializes value once[Iterations: 1,018]" classname="serie2.ex3.CounterModuloTest" time="0.004"/>
  <testcase name="MultiThreaded only initializes value once[Iterations: 1,019]" classname="serie2.ex3.CounterModuloTest" time="0.003"/>
  <testcase name="MultiThreaded only initializes value once[Iterations: 1,020]" classname="serie2.ex3.CounterModuloTest" time="0.002"/>
  <testcase name="MultiThreaded only initializes value once[Iterations: 1,021]" classname="serie2.ex3.CounterModuloTest" time="0.002"/>
  <testcase name="MultiThreaded only initializes value once[Iterations: 1,022]" classname="serie2.ex3.CounterModuloTest" time="0.003"/>
  <testcase name="MultiThreaded only initializes value once[Iterations: 1,023]" classname="serie2.ex3.CounterModuloTest" time="0.002"/>
  <testcase name="MultiThreaded only initializes value once[Iterations: 1,024]" classname="serie2.ex3.CounterModuloTest" time="0.002"/>
  <testcase name="MultiThreaded only initializes value once[Iterations: 1,025]" classname="serie2.ex3.CounterModuloTest" time="0.003"/>
  <testcase name="MultiThreaded only initializes value once[Iterations: 1,026]" classname="serie2.ex3.CounterModuloTest" time="0.003"/>
  <testcase name="MultiThreaded only initializes value once[Iterations: 1,027]" classname="serie2.ex3.CounterModuloTest" time="0.003"/>
  <testcase name="MultiThreaded only initializes value once[Iterations: 1,028]" classname="serie2.ex3.CounterModuloTest" time="0.003"/>
  <testcase name="MultiThreaded only initializes value once[Iterations: 1,029]" classname="serie2.ex3.CounterModuloTest" time="0.002"/>
  <testcase name="MultiThreaded only initializes value once[Iterations: 1,030]" classname="serie2.ex3.CounterModuloTest" time="0.002"/>
  <testcase name="MultiThreaded only initializes value once[Iterations: 1,031]" classname="serie2.ex3.CounterModuloTest" time="0.003"/>
  <testcase name="MultiThreaded only initializes value once[Iterations: 1,032]" classname="serie2.ex3.CounterModuloTest" time="0.003"/>
  <testcase name="MultiThreaded only initializes value once[Iterations: 1,033]" classname="serie2.ex3.CounterModuloTest" time="0.003"/>
  <testcase name="MultiThreaded only initializes value once[Iterations: 1,034]" classname="serie2.ex3.CounterModuloTest" time="0.002"/>
  <testcase name="MultiThreaded only initializes value once[Iterations: 1,035]" classname="serie2.ex3.CounterModuloTest" time="0.003"/>
  <testcase name="MultiThreaded only initializes value once[Iterations: 1,036]" classname="serie2.ex3.CounterModuloTest" time="0.002"/>
  <testcase name="MultiThreaded only initializes value once[Iterations: 1,037]" classname="serie2.ex3.CounterModuloTest" time="0.003"/>
  <testcase name="MultiThreaded only initializes value once[Iterations: 1,038]" classname="serie2.ex3.CounterModuloTest" time="0.003"/>
  <testcase name="MultiThreaded only initializes value once[Iterations: 1,039]" classname="serie2.ex3.CounterModuloTest" time="0.003"/>
  <testcase name="MultiThreaded only initializes value once[Iterations: 1,040]" classname="serie2.ex3.CounterModuloTest" time="0.003"/>
  <testcase name="MultiThreaded only initializes value once[Iterations: 1,041]" classname="serie2.ex3.CounterModuloTest" time="0.002"/>
  <testcase name="MultiThreaded only initializes value once[Iterations: 1,042]" classname="serie2.ex3.CounterModuloTest" time="0.003"/>
  <testcase name="MultiThreaded only initializes value once[Iterations: 1,043]" classname="serie2.ex3.CounterModuloTest" time="0.003"/>
  <testcase name="MultiThreaded only initializes value once[Iterations: 1,044]" classname="serie2.ex3.CounterModuloTest" time="0.003"/>
  <testcase name="MultiThreaded only initializes value once[Iterations: 1,045]" classname="serie2.ex3.CounterModuloTest" time="0.003"/>
  <testcase name="MultiThreaded only initializes value once[Iterations: 1,046]" classname="serie2.ex3.CounterModuloTest" time="0.002"/>
  <testcase name="MultiThreaded only initializes value once[Iterations: 1,047]" classname="serie2.ex3.CounterModuloTest" time="0.004"/>
  <testcase name="MultiThreaded only initializes value once[Iterations: 1,048]" classname="serie2.ex3.CounterModuloTest" time="0.002"/>
  <testcase name="MultiThreaded only initializes value once[Iterations: 1,049]" classname="serie2.ex3.CounterModuloTest" time="0.002"/>
  <testcase name="MultiThreaded only initializes value once[Iterations: 1,050]" classname="serie2.ex3.CounterModuloTest" time="0.003"/>
  <testcase name="MultiThreaded only initializes value once[Iterations: 1,051]" classname="serie2.ex3.CounterModuloTest" time="0.002"/>
  <testcase name="MultiThreaded only initializes value once[Iterations: 1,052]" classname="serie2.ex3.CounterModuloTest" time="0.003"/>
  <testcase name="MultiThreaded only initializes value once[Iterations: 1,053]" classname="serie2.ex3.CounterModuloTest" time="0.004"/>
  <testcase name="MultiThreaded only initializes value once[Iterations: 1,054]" classname="serie2.ex3.CounterModuloTest" time="0.002"/>
  <testcase name="MultiThreaded only initializes value once[Iterations: 1,055]" classname="serie2.ex3.CounterModuloTest" time="0.003"/>
  <testcase name="MultiThreaded only initializes value once[Iterations: 1,056]" classname="serie2.ex3.CounterModuloTest" time="0.002"/>
  <testcase name="MultiThreaded only initializes value once[Iterations: 1,057]" classname="serie2.ex3.CounterModuloTest" time="0.003"/>
  <testcase name="MultiThreaded only initializes value once[Iterations: 1,058]" classname="serie2.ex3.CounterModuloTest" time="0.003"/>
  <testcase name="MultiThreaded only initializes value once[Iterations: 1,059]" classname="serie2.ex3.CounterModuloTest" time="0.002"/>
  <testcase name="MultiThreaded only initializes value once[Iterations: 1,060]" classname="serie2.ex3.CounterModuloTest" time="0.003"/>
  <testcase name="MultiThreaded only initializes value once[Iterations: 1,061]" classname="serie2.ex3.CounterModuloTest" time="0.003"/>
  <testcase name="MultiThreaded only initializes value once[Iterations: 1,062]" classname="serie2.ex3.CounterModuloTest" time="0.003"/>
  <testcase name="MultiThreaded only initializes value once[Iterations: 1,063]" classname="serie2.ex3.CounterModuloTest" time="0.002"/>
  <testcase name="MultiThreaded only initializes value once[Iterations: 1,064]" classname="serie2.ex3.CounterModuloTest" time="0.003"/>
  <testcase name="MultiThreaded only initializes value once[Iterations: 1,065]" classname="serie2.ex3.CounterModuloTest" time="0.003"/>
  <testcase name="MultiThreaded only initializes value once[Iterations: 1,066]" classname="serie2.ex3.CounterModuloTest" time="0.003"/>
  <testcase name="MultiThreaded only initializes value once[Iterations: 1,067]" classname="serie2.ex3.CounterModuloTest" time="0.003"/>
  <testcase name="MultiThreaded only initializes value once[Iterations: 1,068]" classname="serie2.ex3.CounterModuloTest" time="0.002"/>
  <testcase name="MultiThreaded only initializes value once[Iterations: 1,069]" classname="serie2.ex3.CounterModuloTest" time="0.002"/>
  <testcase name="MultiThreaded only initializes value once[Iterations: 1,070]" classname="serie2.ex3.CounterModuloTest" time="0.003"/>
  <testcase name="MultiThreaded only initializes value once[Iterations: 1,071]" classname="serie2.ex3.CounterModuloTest" time="0.004"/>
  <testcase name="MultiThreaded only initializes value once[Iterations: 1,072]" classname="serie2.ex3.CounterModuloTest" time="0.003"/>
  <testcase name="MultiThreaded only initializes value once[Iterations: 1,073]" classname="serie2.ex3.CounterModuloTest" time="0.002"/>
  <testcase name="MultiThreaded only initializes value once[Iterations: 1,074]" classname="serie2.ex3.CounterModuloTest" time="0.003"/>
  <testcase name="MultiThreaded only initializes value once[Iterations: 1,075]" classname="serie2.ex3.CounterModuloTest" time="0.003"/>
  <testcase name="MultiThreaded only initializes value once[Iterations: 1,076]" classname="serie2.ex3.CounterModuloTest" time="0.002"/>
  <testcase name="MultiThreaded only initializes value once[Iterations: 1,077]" classname="serie2.ex3.CounterModuloTest" time="0.003"/>
  <testcase name="MultiThreaded only initializes value once[Iterations: 1,078]" classname="serie2.ex3.CounterModuloTest" time="0.003"/>
  <testcase name="MultiThreaded only initializes value once[Iterations: 1,079]" classname="serie2.ex3.CounterModuloTest" time="0.002"/>
  <testcase name="MultiThreaded only initializes value once[Iterations: 1,080]" classname="serie2.ex3.CounterModuloTest" time="0.003"/>
  <testcase name="MultiThreaded only initializes value once[Iterations: 1,081]" classname="serie2.ex3.CounterModuloTest" time="0.002"/>
  <testcase name="MultiThreaded only initializes value once[Iterations: 1,082]" classname="serie2.ex3.CounterModuloTest" time="0.003"/>
  <testcase name="MultiThreaded only initializes value once[Iterations: 1,083]" classname="serie2.ex3.CounterModuloTest" time="0.002"/>
  <testcase name="MultiThreaded only initializes value once[Iterations: 1,084]" classname="serie2.ex3.CounterModuloTest" time="0.003"/>
  <testcase name="MultiThreaded only initializes value once[Iterations: 1,085]" classname="serie2.ex3.CounterModuloTest" time="0.002"/>
  <testcase name="MultiThreaded only initializes value once[Iterations: 1,086]" classname="serie2.ex3.CounterModuloTest" time="0.003"/>
  <testcase name="MultiThreaded only initializes value once[Iterations: 1,087]" classname="serie2.ex3.CounterModuloTest" time="0.003"/>
  <testcase name="MultiThreaded only initializes value once[Iterations: 1,088]" classname="serie2.ex3.CounterModuloTest" time="0.003"/>
  <testcase name="MultiThreaded only initializes value once[Iterations: 1,089]" classname="serie2.ex3.CounterModuloTest" time="0.002"/>
  <testcase name="MultiThreaded only initializes value once[Iterations: 1,090]" classname="serie2.ex3.CounterModuloTest" time="0.003"/>
  <testcase name="MultiThreaded only initializes value once[Iterations: 1,091]" classname="serie2.ex3.CounterModuloTest" time="0.002"/>
  <testcase name="MultiThreaded only initializes value once[Iterations: 1,092]" classname="serie2.ex3.CounterModuloTest" time="0.004"/>
  <testcase name="MultiThreaded only initializes value once[Iterations: 1,093]" classname="serie2.ex3.CounterModuloTest" time="0.003"/>
  <testcase name="MultiThreaded only initializes value once[Iterations: 1,094]" classname="serie2.ex3.CounterModuloTest" time="0.002"/>
  <testcase name="MultiThreaded only initializes value once[Iterations: 1,095]" classname="serie2.ex3.CounterModuloTest" time="0.003"/>
  <testcase name="MultiThreaded only initializes value once[Iterations: 1,096]" classname="serie2.ex3.CounterModuloTest" time="0.003"/>
  <testcase name="MultiThreaded only initializes value once[Iterations: 1,097]" classname="serie2.ex3.CounterModuloTest" time="0.004"/>
  <testcase name="MultiThreaded only initializes value once[Iterations: 1,098]" classname="serie2.ex3.CounterModuloTest" time="0.002"/>
  <testcase name="MultiThreaded only initializes value once[Iterations: 1,099]" classname="serie2.ex3.CounterModuloTest" time="0.003"/>
  <testcase name="MultiThreaded only initializes value once[Iterations: 1,100]" classname="serie2.ex3.CounterModuloTest" time="0.003"/>
  <testcase name="MultiThreaded only initializes value once[Iterations: 1,101]" classname="serie2.ex3.CounterModuloTest" time="0.002"/>
  <testcase name="MultiThreaded only initializes value once[Iterations: 1,102]" classname="serie2.ex3.CounterModuloTest" time="0.002"/>
  <testcase name="MultiThreaded only initializes value once[Iterations: 1,103]" classname="serie2.ex3.CounterModuloTest" time="0.003"/>
  <testcase name="MultiThreaded only initializes value once[Iterations: 1,104]" classname="serie2.ex3.CounterModuloTest" time="0.002"/>
  <testcase name="MultiThreaded only initializes value once[Iterations: 1,105]" classname="serie2.ex3.CounterModuloTest" time="0.002"/>
  <testcase name="MultiThreaded only initializes value once[Iterations: 1,106]" classname="serie2.ex3.CounterModuloTest" time="0.003"/>
  <testcase name="MultiThreaded only initializes value once[Iterations: 1,107]" classname="serie2.ex3.CounterModuloTest" time="0.006"/>
  <testcase name="MultiThreaded only initializes value once[Iterations: 1,108]" classname="serie2.ex3.CounterModuloTest" time="0.004"/>
  <testcase name="MultiThreaded only initializes value once[Iterations: 1,109]" classname="serie2.ex3.CounterModuloTest" time="0.003"/>
  <testcase name="MultiThreaded only initializes value once[Iterations: 1,110]" classname="serie2.ex3.CounterModuloTest" time="0.002"/>
  <testcase name="MultiThreaded only initializes value once[Iterations: 1,111]" classname="serie2.ex3.CounterModuloTest" time="0.003"/>
  <testcase name="MultiThreaded only initializes value once[Iterations: 1,112]" classname="serie2.ex3.CounterModuloTest" time="0.002"/>
  <testcase name="MultiThreaded only initializes value once[Iterations: 1,113]" classname="serie2.ex3.CounterModuloTest" time="0.002"/>
  <testcase name="MultiThreaded only initializes value once[Iterations: 1,114]" classname="serie2.ex3.CounterModuloTest" time="0.003"/>
  <testcase name="MultiThreaded only initializes value once[Iterations: 1,115]" classname="serie2.ex3.CounterModuloTest" time="0.002"/>
  <testcase name="MultiThreaded only initializes value once[Iterations: 1,116]" classname="serie2.ex3.CounterModuloTest" time="0.003"/>
  <testcase name="MultiThreaded only initializes value once[Iterations: 1,117]" classname="serie2.ex3.CounterModuloTest" time="0.002"/>
  <testcase name="MultiThreaded only initializes value once[Iterations: 1,118]" classname="serie2.ex3.CounterModuloTest" time="0.002"/>
  <testcase name="MultiThreaded only initializes value once[Iterations: 1,119]" classname="serie2.ex3.CounterModuloTest" time="0.003"/>
  <testcase name="MultiThreaded only initializes value once[Iterations: 1,120]" classname="serie2.ex3.CounterModuloTest" time="0.002"/>
  <testcase name="MultiThreaded only initializes value once[Iterations: 1,121]" classname="serie2.ex3.CounterModuloTest" time="0.003"/>
  <testcase name="MultiThreaded only initializes value once[Iterations: 1,122]" classname="serie2.ex3.CounterModuloTest" time="0.002"/>
  <testcase name="MultiThreaded only initializes value once[Iterations: 1,123]" classname="serie2.ex3.CounterModuloTest" time="0.002"/>
  <testcase name="MultiThreaded only initializes value once[Iterations: 1,124]" classname="serie2.ex3.CounterModuloTest" time="0.002"/>
  <testcase name="MultiThreaded only initializes value once[Iterations: 1,125]" classname="serie2.ex3.CounterModuloTest" time="0.003"/>
  <testcase name="MultiThreaded only initializes value once[Iterations: 1,126]" classname="serie2.ex3.CounterModuloTest" time="0.004"/>
  <testcase name="MultiThreaded only initializes value once[Iterations: 1,127]" classname="serie2.ex3.CounterModuloTest" time="0.002"/>
  <testcase name="MultiThreaded only initializes value once[Iterations: 1,128]" classname="serie2.ex3.CounterModuloTest" time="0.003"/>
  <testcase name="MultiThreaded only initializes value once[Iterations: 1,129]" classname="serie2.ex3.CounterModuloTest" time="0.002"/>
  <testcase name="MultiThreaded only initializes value once[Iterations: 1,130]" classname="serie2.ex3.CounterModuloTest" time="0.003"/>
  <testcase name="MultiThreaded only initializes value once[Iterations: 1,131]" classname="serie2.ex3.CounterModuloTest" time="0.002"/>
  <testcase name="MultiThreaded only initializes value once[Iterations: 1,132]" classname="serie2.ex3.CounterModuloTest" time="0.003"/>
  <testcase name="MultiThreaded only initializes value once[Iterations: 1,133]" classname="serie2.ex3.CounterModuloTest" time="0.002"/>
  <testcase name="MultiThreaded only initializes value once[Iterations: 1,134]" classname="serie2.ex3.CounterModuloTest" time="0.003"/>
  <testcase name="MultiThreaded only initializes value once[Iterations: 1,135]" classname="serie2.ex3.CounterModuloTest" time="0.002"/>
  <testcase name="MultiThreaded only initializes value once[Iterations: 1,136]" classname="serie2.ex3.CounterModuloTest" time="0.002"/>
  <testcase name="MultiThreaded only initializes value once[Iterations: 1,137]" classname="serie2.ex3.CounterModuloTest" time="0.003"/>
  <testcase name="MultiThreaded only initializes value once[Iterations: 1,138]" classname="serie2.ex3.CounterModuloTest" time="0.002"/>
  <testcase name="MultiThreaded only initializes value once[Iterations: 1,139]" classname="serie2.ex3.CounterModuloTest" time="0.003"/>
  <testcase name="MultiThreaded only initializes value once[Iterations: 1,140]" classname="serie2.ex3.CounterModuloTest" time="0.002"/>
  <testcase name="MultiThreaded only initializes value once[Iterations: 1,141]" classname="serie2.ex3.CounterModuloTest" time="0.002"/>
  <testcase name="MultiThreaded only initializes value once[Iterations: 1,142]" classname="serie2.ex3.CounterModuloTest" time="0.002"/>
  <testcase name="MultiThreaded only initializes value once[Iterations: 1,143]" classname="serie2.ex3.CounterModuloTest" time="0.002"/>
  <testcase name="MultiThreaded only initializes value once[Iterations: 1,144]" classname="serie2.ex3.CounterModuloTest" time="0.003"/>
  <testcase name="MultiThreaded only initializes value once[Iterations: 1,145]" classname="serie2.ex3.CounterModuloTest" time="0.002"/>
  <testcase name="MultiThreaded only initializes value once[Iterations: 1,146]" classname="serie2.ex3.CounterModuloTest" time="0.003"/>
  <testcase name="MultiThreaded only initializes value once[Iterations: 1,147]" classname="serie2.ex3.CounterModuloTest" time="0.002"/>
  <testcase name="MultiThreaded only initializes value once[Iterations: 1,148]" classname="serie2.ex3.CounterModuloTest" time="0.003"/>
  <testcase name="MultiThreaded only initializes value once[Iterations: 1,149]" classname="serie2.ex3.CounterModuloTest" time="0.002"/>
  <testcase name="MultiThreaded only initializes value once[Iterations: 1,150]" classname="serie2.ex3.CounterModuloTest" time="0.002"/>
  <testcase name="MultiThreaded only initializes value once[Iterations: 1,151]" classname="serie2.ex3.CounterModuloTest" time="0.002"/>
  <testcase name="MultiThreaded only initializes value once[Iterations: 1,152]" classname="serie2.ex3.CounterModuloTest" time="0.003"/>
  <testcase name="MultiThreaded only initializes value once[Iterations: 1,153]" classname="serie2.ex3.CounterModuloTest" time="0.002"/>
  <testcase name="MultiThreaded only initializes value once[Iterations: 1,154]" classname="serie2.ex3.CounterModuloTest" time="0.002"/>
  <testcase name="MultiThreaded only initializes value once[Iterations: 1,155]" classname="serie2.ex3.CounterModuloTest" time="0.002"/>
  <testcase name="MultiThreaded only initializes value once[Iterations: 1,156]" classname="serie2.ex3.CounterModuloTest" time="0.002"/>
  <testcase name="MultiThreaded only initializes value once[Iterations: 1,157]" classname="serie2.ex3.CounterModuloTest" time="0.002"/>
  <testcase name="MultiThreaded only initializes value once[Iterations: 1,158]" classname="serie2.ex3.CounterModuloTest" time="0.002"/>
  <testcase name="MultiThreaded only initializes value once[Iterations: 1,159]" classname="serie2.ex3.CounterModuloTest" time="0.002"/>
  <testcase name="MultiThreaded only initializes value once[Iterations: 1,160]" classname="serie2.ex3.CounterModuloTest" time="0.003"/>
  <testcase name="MultiThreaded only initializes value once[Iterations: 1,161]" classname="serie2.ex3.CounterModuloTest" time="0.003"/>
  <testcase name="MultiThreaded only initializes value once[Iterations: 1,162]" classname="serie2.ex3.CounterModuloTest" time="0.002"/>
  <testcase name="MultiThreaded only initializes value once[Iterations: 1,163]" classname="serie2.ex3.CounterModuloTest" time="0.002"/>
  <testcase name="MultiThreaded only initializes value once[Iterations: 1,164]" classname="serie2.ex3.CounterModuloTest" time="0.002"/>
  <testcase name="MultiThreaded only initializes value once[Iterations: 1,165]" classname="serie2.ex3.CounterModuloTest" time="0.002"/>
  <testcase name="MultiThreaded only initializes value once[Iterations: 1,166]" classname="serie2.ex3.CounterModuloTest" time="0.003"/>
  <testcase name="MultiThreaded only initializes value once[Iterations: 1,167]" classname="serie2.ex3.CounterModuloTest" time="0.002"/>
  <testcase name="MultiThreaded only initializes value once[Iterations: 1,168]" classname="serie2.ex3.CounterModuloTest" time="0.002"/>
  <testcase name="MultiThreaded only initializes value once[Iterations: 1,169]" classname="serie2.ex3.CounterModuloTest" time="0.003"/>
  <testcase name="MultiThreaded only initializes value once[Iterations: 1,170]" classname="serie2.ex3.CounterModuloTest" time="0.002"/>
  <testcase name="MultiThreaded only initializes value once[Iterations: 1,171]" classname="serie2.ex3.CounterModuloTest" time="0.002"/>
  <testcase name="MultiThreaded only initializes value once[Iterations: 1,172]" classname="serie2.ex3.CounterModuloTest" time="0.002"/>
  <testcase name="MultiThreaded only initializes value once[Iterations: 1,173]" classname="serie2.ex3.CounterModuloTest" time="0.002"/>
  <testcase name="MultiThreaded only initializes value once[Iterations: 1,174]" classname="serie2.ex3.CounterModuloTest" time="0.002"/>
  <testcase name="MultiThreaded only initializes value once[Iterations: 1,175]" classname="serie2.ex3.CounterModuloTest" time="0.002"/>
  <testcase name="MultiThreaded only initializes value once[Iterations: 1,176]" classname="serie2.ex3.CounterModuloTest" time="0.002"/>
  <testcase name="MultiThreaded only initializes value once[Iterations: 1,177]" classname="serie2.ex3.CounterModuloTest" time="0.003"/>
  <testcase name="MultiThreaded only initializes value once[Iterations: 1,178]" classname="serie2.ex3.CounterModuloTest" time="0.002"/>
  <testcase name="MultiThreaded only initializes value once[Iterations: 1,179]" classname="serie2.ex3.CounterModuloTest" time="0.002"/>
  <testcase name="MultiThreaded only initializes value once[Iterations: 1,180]" classname="serie2.ex3.CounterModuloTest" time="0.003"/>
  <testcase name="MultiThreaded only initializes value once[Iterations: 1,181]" classname="serie2.ex3.CounterModuloTest" time="0.002"/>
  <testcase name="MultiThreaded only initializes value once[Iterations: 1,182]" classname="serie2.ex3.CounterModuloTest" time="0.002"/>
  <testcase name="MultiThreaded only initializes value once[Iterations: 1,183]" classname="serie2.ex3.CounterModuloTest" time="0.002"/>
  <testcase name="MultiThreaded only initializes value once[Iterations: 1,184]" classname="serie2.ex3.CounterModuloTest" time="0.002"/>
  <testcase name="MultiThreaded only initializes value once[Iterations: 1,185]" classname="serie2.ex3.CounterModuloTest" time="0.002"/>
  <testcase name="MultiThreaded only initializes value once[Iterations: 1,186]" classname="serie2.ex3.CounterModuloTest" time="0.002"/>
  <testcase name="MultiThreaded only initializes value once[Iterations: 1,187]" classname="serie2.ex3.CounterModuloTest" time="0.003"/>
  <testcase name="MultiThreaded only initializes value once[Iterations: 1,188]" classname="serie2.ex3.CounterModuloTest" time="0.002"/>
  <testcase name="MultiThreaded only initializes value once[Iterations: 1,189]" classname="serie2.ex3.CounterModuloTest" time="0.002"/>
  <testcase name="MultiThreaded only initializes value once[Iterations: 1,190]" classname="serie2.ex3.CounterModuloTest" time="0.003"/>
  <testcase name="MultiThreaded only initializes value once[Iterations: 1,191]" classname="serie2.ex3.CounterModuloTest" time="0.002"/>
  <testcase name="MultiThreaded only initializes value once[Iterations: 1,192]" classname="serie2.ex3.CounterModuloTest" time="0.002"/>
  <testcase name="MultiThreaded only initializes value once[Iterations: 1,193]" classname="serie2.ex3.CounterModuloTest" time="0.003"/>
  <testcase name="MultiThreaded only initializes value once[Iterations: 1,194]" classname="serie2.ex3.CounterModuloTest" time="0.002"/>
  <testcase name="MultiThreaded only initializes value once[Iterations: 1,195]" classname="serie2.ex3.CounterModuloTest" time="0.002"/>
  <testcase name="MultiThreaded only initializes value once[Iterations: 1,196]" classname="serie2.ex3.CounterModuloTest" time="0.003"/>
  <testcase name="MultiThreaded only initializes value once[Iterations: 1,197]" classname="serie2.ex3.CounterModuloTest" time="0.003"/>
  <testcase name="MultiThreaded only initializes value once[Iterations: 1,198]" classname="serie2.ex3.CounterModuloTest" time="0.002"/>
  <testcase name="MultiThreaded only initializes value once[Iterations: 1,199]" classname="serie2.ex3.CounterModuloTest" time="0.003"/>
  <testcase name="MultiThreaded only initializes value once[Iterations: 1,200]" classname="serie2.ex3.CounterModuloTest" time="0.002"/>
  <testcase name="MultiThreaded only initializes value once[Iterations: 1,201]" classname="serie2.ex3.CounterModuloTest" time="0.004"/>
  <testcase name="MultiThreaded only initializes value once[Iterations: 1,202]" classname="serie2.ex3.CounterModuloTest" time="0.002"/>
  <testcase name="MultiThreaded only initializes value once[Iterations: 1,203]" classname="serie2.ex3.CounterModuloTest" time="0.003"/>
  <testcase name="MultiThreaded only initializes value once[Iterations: 1,204]" classname="serie2.ex3.CounterModuloTest" time="0.002"/>
  <testcase name="MultiThreaded only initializes value once[Iterations: 1,205]" classname="serie2.ex3.CounterModuloTest" time="0.002"/>
  <testcase name="MultiThreaded only initializes value once[Iterations: 1,206]" classname="serie2.ex3.CounterModuloTest" time="0.003"/>
  <testcase name="MultiThreaded only initializes value once[Iterations: 1,207]" classname="serie2.ex3.CounterModuloTest" time="0.002"/>
  <testcase name="MultiThreaded only initializes value once[Iterations: 1,208]" classname="serie2.ex3.CounterModuloTest" time="0.003"/>
  <testcase name="MultiThreaded only initializes value once[Iterations: 1,209]" classname="serie2.ex3.CounterModuloTest" time="0.002"/>
  <testcase name="MultiThreaded only initializes value once[Iterations: 1,210]" classname="serie2.ex3.CounterModuloTest" time="0.003"/>
  <testcase name="MultiThreaded only initializes value once[Iterations: 1,211]" classname="serie2.ex3.CounterModuloTest" time="0.002"/>
  <testcase name="MultiThreaded only initializes value once[Iterations: 1,212]" classname="serie2.ex3.CounterModuloTest" time="0.002"/>
  <testcase name="MultiThreaded only initializes value once[Iterations: 1,213]" classname="serie2.ex3.CounterModuloTest" time="0.002"/>
  <testcase name="MultiThreaded only initializes value once[Iterations: 1,214]" classname="serie2.ex3.CounterModuloTest" time="0.003"/>
  <testcase name="MultiThreaded only initializes value once[Iterations: 1,215]" classname="serie2.ex3.CounterModuloTest" time="0.002"/>
  <testcase name="MultiThreaded only initializes value once[Iterations: 1,216]" classname="serie2.ex3.CounterModuloTest" time="0.003"/>
  <testcase name="MultiThreaded only initializes value once[Iterations: 1,217]" classname="serie2.ex3.CounterModuloTest" time="0.002"/>
  <testcase name="MultiThreaded only initializes value once[Iterations: 1,218]" classname="serie2.ex3.CounterModuloTest" time="0.002"/>
  <testcase name="MultiThreaded only initializes value once[Iterations: 1,219]" classname="serie2.ex3.CounterModuloTest" time="0.003"/>
  <testcase name="MultiThreaded only initializes value once[Iterations: 1,220]" classname="serie2.ex3.CounterModuloTest" time="0.002"/>
  <testcase name="MultiThreaded only initializes value once[Iterations: 1,221]" classname="serie2.ex3.CounterModuloTest" time="0.003"/>
  <testcase name="MultiThreaded only initializes value once[Iterations: 1,222]" classname="serie2.ex3.CounterModuloTest" time="0.002"/>
  <testcase name="MultiThreaded only initializes value once[Iterations: 1,223]" classname="serie2.ex3.CounterModuloTest" time="0.002"/>
  <testcase name="MultiThreaded only initializes value once[Iterations: 1,224]" classname="serie2.ex3.CounterModuloTest" time="0.003"/>
  <testcase name="MultiThreaded only initializes value once[Iterations: 1,225]" classname="serie2.ex3.CounterModuloTest" time="0.002"/>
  <testcase name="MultiThreaded only initializes value once[Iterations: 1,226]" classname="serie2.ex3.CounterModuloTest" time="0.003"/>
  <testcase name="MultiThreaded only initializes value once[Iterations: 1,227]" classname="serie2.ex3.CounterModuloTest" time="0.002"/>
  <testcase name="MultiThreaded only initializes value once[Iterations: 1,228]" classname="serie2.ex3.CounterModuloTest" time="0.003"/>
  <testcase name="MultiThreaded only initializes value once[Iterations: 1,229]" classname="serie2.ex3.CounterModuloTest" time="0.002"/>
  <testcase name="MultiThreaded only initializes value once[Iterations: 1,230]" classname="serie2.ex3.CounterModuloTest" time="0.002"/>
  <testcase name="MultiThreaded only initializes value once[Iterations: 1,231]" classname="serie2.ex3.CounterModuloTest" time="0.003"/>
  <testcase name="MultiThreaded only initializes value once[Iterations: 1,232]" classname="serie2.ex3.CounterModuloTest" time="0.003"/>
  <testcase name="MultiThreaded only initializes value once[Iterations: 1,233]" classname="serie2.ex3.CounterModuloTest" time="0.002"/>
  <testcase name="MultiThreaded only initializes value once[Iterations: 1,234]" classname="serie2.ex3.CounterModuloTest" time="0.002"/>
  <testcase name="MultiThreaded only initializes value once[Iterations: 1,235]" classname="serie2.ex3.CounterModuloTest" time="0.002"/>
  <testcase name="MultiThreaded only initializes value once[Iterations: 1,236]" classname="serie2.ex3.CounterModuloTest" time="0.002"/>
  <testcase name="MultiThreaded only initializes value once[Iterations: 1,237]" classname="serie2.ex3.CounterModuloTest" time="0.002"/>
  <testcase name="MultiThreaded only initializes value once[Iterations: 1,238]" classname="serie2.ex3.CounterModuloTest" time="0.002"/>
  <testcase name="MultiThreaded only initializes value once[Iterations: 1,239]" classname="serie2.ex3.CounterModuloTest" time="0.002"/>
  <testcase name="MultiThreaded only initializes value once[Iterations: 1,240]" classname="serie2.ex3.CounterModuloTest" time="0.002"/>
  <testcase name="MultiThreaded only initializes value once[Iterations: 1,241]" classname="serie2.ex3.CounterModuloTest" time="0.003"/>
  <testcase name="MultiThreaded only initializes value once[Iterations: 1,242]" classname="serie2.ex3.CounterModuloTest" time="0.002"/>
  <testcase name="MultiThreaded only initializes value once[Iterations: 1,243]" classname="serie2.ex3.CounterModuloTest" time="0.002"/>
  <testcase name="MultiThreaded only initializes value once[Iterations: 1,244]" classname="serie2.ex3.CounterModuloTest" time="0.003"/>
  <testcase name="MultiThreaded only initializes value once[Iterations: 1,245]" classname="serie2.ex3.CounterModuloTest" time="0.002"/>
  <testcase name="MultiThreaded only initializes value once[Iterations: 1,246]" classname="serie2.ex3.CounterModuloTest" time="0.002"/>
  <testcase name="MultiThreaded only initializes value once[Iterations: 1,247]" classname="serie2.ex3.CounterModuloTest" time="0.002"/>
  <testcase name="MultiThreaded only initializes value once[Iterations: 1,248]" classname="serie2.ex3.CounterModuloTest" time="0.002"/>
  <testcase name="MultiThreaded only initializes value once[Iterations: 1,249]" classname="serie2.ex3.CounterModuloTest" time="0.002"/>
  <testcase name="MultiThreaded only initializes value once[Iterations: 1,250]" classname="serie2.ex3.CounterModuloTest" time="0.003"/>
  <testcase name="MultiThreaded only initializes value once[Iterations: 1,251]" classname="serie2.ex3.CounterModuloTest" time="0.003"/>
  <testcase name="MultiThreaded only initializes value once[Iterations: 1,252]" classname="serie2.ex3.CounterModuloTest" time="0.002"/>
  <testcase name="MultiThreaded only initializes value once[Iterations: 1,253]" classname="serie2.ex3.CounterModuloTest" time="0.003"/>
  <testcase name="MultiThreaded only initializes value once[Iterations: 1,254]" classname="serie2.ex3.CounterModuloTest" time="0.002"/>
  <testcase name="MultiThreaded only initializes value once[Iterations: 1,255]" classname="serie2.ex3.CounterModuloTest" time="0.003"/>
  <testcase name="MultiThreaded only initializes value once[Iterations: 1,256]" classname="serie2.ex3.CounterModuloTest" time="0.002"/>
  <testcase name="MultiThreaded only initializes value once[Iterations: 1,257]" classname="serie2.ex3.CounterModuloTest" time="0.003"/>
  <testcase name="MultiThreaded only initializes value once[Iterations: 1,258]" classname="serie2.ex3.CounterModuloTest" time="0.004"/>
  <testcase name="MultiThreaded only initializes value once[Iterations: 1,259]" classname="serie2.ex3.CounterModuloTest" time="0.003"/>
  <testcase name="MultiThreaded only initializes value once[Iterations: 1,260]" classname="serie2.ex3.CounterModuloTest" time="0.002"/>
  <testcase name="MultiThreaded only initializes value once[Iterations: 1,261]" classname="serie2.ex3.CounterModuloTest" time="0.003"/>
  <testcase name="MultiThreaded only initializes value once[Iterations: 1,262]" classname="serie2.ex3.CounterModuloTest" time="0.002"/>
  <testcase name="MultiThreaded only initializes value once[Iterations: 1,263]" classname="serie2.ex3.CounterModuloTest" time="0.003"/>
  <testcase name="MultiThreaded only initializes value once[Iterations: 1,264]" classname="serie2.ex3.CounterModuloTest" time="0.002"/>
  <testcase name="MultiThreaded only initializes value once[Iterations: 1,265]" classname="serie2.ex3.CounterModuloTest" time="0.003"/>
  <testcase name="MultiThreaded only initializes value once[Iterations: 1,266]" classname="serie2.ex3.CounterModuloTest" time="0.002"/>
  <testcase name="MultiThreaded only initializes value once[Iterations: 1,267]" classname="serie2.ex3.CounterModuloTest" time="0.002"/>
  <testcase name="MultiThreaded only initializes value once[Iterations: 1,268]" classname="serie2.ex3.CounterModuloTest" time="0.003"/>
  <testcase name="MultiThreaded only initializes value once[Iterations: 1,269]" classname="serie2.ex3.CounterModuloTest" time="0.003"/>
  <testcase name="MultiThreaded only initializes value once[Iterations: 1,270]" classname="serie2.ex3.CounterModuloTest" time="0.003"/>
  <testcase name="MultiThreaded only initializes value once[Iterations: 1,271]" classname="serie2.ex3.CounterModuloTest" time="0.003"/>
  <testcase name="MultiThreaded only initializes value once[Iterations: 1,272]" classname="serie2.ex3.CounterModuloTest" time="0.003"/>
  <testcase name="MultiThreaded only initializes value once[Iterations: 1,273]" classname="serie2.ex3.CounterModuloTest" time="0.002"/>
  <testcase name="MultiThreaded only initializes value once[Iterations: 1,274]" classname="serie2.ex3.CounterModuloTest" time="0.003"/>
  <testcase name="MultiThreaded only initializes value once[Iterations: 1,275]" classname="serie2.ex3.CounterModuloTest" time="0.002"/>
  <testcase name="MultiThreaded only initializes value once[Iterations: 1,276]" classname="serie2.ex3.CounterModuloTest" time="0.002"/>
  <testcase name="MultiThreaded only initializes value once[Iterations: 1,277]" classname="serie2.ex3.CounterModuloTest" time="0.003"/>
  <testcase name="MultiThreaded only initializes value once[Iterations: 1,278]" classname="serie2.ex3.CounterModuloTest" time="0.003"/>
  <testcase name="MultiThreaded only initializes value once[Iterations: 1,279]" classname="serie2.ex3.CounterModuloTest" time="0.003"/>
  <testcase name="MultiThreaded only initializes value once[Iterations: 1,280]" classname="serie2.ex3.CounterModuloTest" time="0.002"/>
  <testcase name="MultiThreaded only initializes value once[Iterations: 1,281]" classname="serie2.ex3.CounterModuloTest" time="0.003"/>
  <testcase name="MultiThreaded only initializes value once[Iterations: 1,282]" classname="serie2.ex3.CounterModuloTest" time="0.002"/>
  <testcase name="MultiThreaded only initializes value once[Iterations: 1,283]" classname="serie2.ex3.CounterModuloTest" time="0.003"/>
  <testcase name="MultiThreaded only initializes value once[Iterations: 1,284]" classname="serie2.ex3.CounterModuloTest" time="0.002"/>
  <testcase name="MultiThreaded only initializes value once[Iterations: 1,285]" classname="serie2.ex3.CounterModuloTest" time="0.003"/>
  <testcase name="MultiThreaded only initializes value once[Iterations: 1,286]" classname="serie2.ex3.CounterModuloTest" time="0.003"/>
  <testcase name="MultiThreaded only initializes value once[Iterations: 1,287]" classname="serie2.ex3.CounterModuloTest" time="0.003"/>
  <testcase name="MultiThreaded only initializes value once[Iterations: 1,288]" classname="serie2.ex3.CounterModuloTest" time="0.002"/>
  <testcase name="MultiThreaded only initializes value once[Iterations: 1,289]" classname="serie2.ex3.CounterModuloTest" time="0.003"/>
  <testcase name="MultiThreaded only initializes value once[Iterations: 1,290]" classname="serie2.ex3.CounterModuloTest" time="0.002"/>
  <testcase name="MultiThreaded only initializes value once[Iterations: 1,291]" classname="serie2.ex3.CounterModuloTest" time="0.003"/>
  <testcase name="MultiThreaded only initializes value once[Iterations: 1,292]" classname="serie2.ex3.CounterModuloTest" time="0.002"/>
  <testcase name="MultiThreaded only initializes value once[Iterations: 1,293]" classname="serie2.ex3.CounterModuloTest" time="0.003"/>
  <testcase name="MultiThreaded only initializes value once[Iterations: 1,294]" classname="serie2.ex3.CounterModuloTest" time="0.002"/>
  <testcase name="MultiThreaded only initializes value once[Iterations: 1,295]" classname="serie2.ex3.CounterModuloTest" time="0.002"/>
  <testcase name="MultiThreaded only initializes value once[Iterations: 1,296]" classname="serie2.ex3.CounterModuloTest" time="0.003"/>
  <testcase name="MultiThreaded only initializes value once[Iterations: 1,297]" classname="serie2.ex3.CounterModuloTest" time="0.002"/>
  <testcase name="MultiThreaded only initializes value once[Iterations: 1,298]" classname="serie2.ex3.CounterModuloTest" time="0.003"/>
  <testcase name="MultiThreaded only initializes value once[Iterations: 1,299]" classname="serie2.ex3.CounterModuloTest" time="0.003"/>
  <testcase name="MultiThreaded only initializes value once[Iterations: 1,300]" classname="serie2.ex3.CounterModuloTest" time="0.002"/>
  <testcase name="MultiThreaded only initializes value once[Iterations: 1,301]" classname="serie2.ex3.CounterModuloTest" time="0.003"/>
  <testcase name="MultiThreaded only initializes value once[Iterations: 1,302]" classname="serie2.ex3.CounterModuloTest" time="0.002"/>
  <testcase name="MultiThreaded only initializes value once[Iterations: 1,303]" classname="serie2.ex3.CounterModuloTest" time="0.003"/>
  <testcase name="MultiThreaded only initializes value once[Iterations: 1,304]" classname="serie2.ex3.CounterModuloTest" time="0.002"/>
  <testcase name="MultiThreaded only initializes value once[Iterations: 1,305]" classname="serie2.ex3.CounterModuloTest" time="0.003"/>
  <testcase name="MultiThreaded only initializes value once[Iterations: 1,306]" classname="serie2.ex3.CounterModuloTest" time="0.002"/>
  <testcase name="MultiThreaded only initializes value once[Iterations: 1,307]" classname="serie2.ex3.CounterModuloTest" time="0.003"/>
  <testcase name="MultiThreaded only initializes value once[Iterations: 1,308]" classname="serie2.ex3.CounterModuloTest" time="0.002"/>
  <testcase name="MultiThreaded only initializes value once[Iterations: 1,309]" classname="serie2.ex3.CounterModuloTest" time="0.003"/>
  <testcase name="MultiThreaded only initializes value once[Iterations: 1,310]" classname="serie2.ex3.CounterModuloTest" time="0.004"/>
  <testcase name="MultiThreaded only initializes value once[Iterations: 1,311]" classname="serie2.ex3.CounterModuloTest" time="0.003"/>
  <testcase name="MultiThreaded only initializes value once[Iterations: 1,312]" classname="serie2.ex3.CounterModuloTest" time="0.003"/>
  <testcase name="MultiThreaded only initializes value once[Iterations: 1,313]" classname="serie2.ex3.CounterModuloTest" time="0.003"/>
  <testcase name="MultiThreaded only initializes value once[Iterations: 1,314]" classname="serie2.ex3.CounterModuloTest" time="0.002"/>
  <testcase name="MultiThreaded only initializes value once[Iterations: 1,315]" classname="serie2.ex3.CounterModuloTest" time="0.003"/>
  <testcase name="MultiThreaded only initializes value once[Iterations: 1,316]" classname="serie2.ex3.CounterModuloTest" time="0.002"/>
  <testcase name="MultiThreaded only initializes value once[Iterations: 1,317]" classname="serie2.ex3.CounterModuloTest" time="0.003"/>
  <testcase name="MultiThreaded only initializes value once[Iterations: 1,318]" classname="serie2.ex3.CounterModuloTest" time="0.002"/>
  <testcase name="MultiThreaded only initializes value once[Iterations: 1,319]" classname="serie2.ex3.CounterModuloTest" time="0.003"/>
  <testcase name="MultiThreaded only initializes value once[Iterations: 1,320]" classname="serie2.ex3.CounterModuloTest" time="0.002"/>
  <testcase name="MultiThreaded only initializes value once[Iterations: 1,321]" classname="serie2.ex3.CounterModuloTest" time="0.003"/>
  <testcase name="MultiThreaded only initializes value once[Iterations: 1,322]" classname="serie2.ex3.CounterModuloTest" time="0.003"/>
  <testcase name="MultiThreaded only initializes value once[Iterations: 1,323]" classname="serie2.ex3.CounterModuloTest" time="0.002"/>
  <testcase name="MultiThreaded only initializes value once[Iterations: 1,324]" classname="serie2.ex3.CounterModuloTest" time="0.002"/>
  <testcase name="MultiThreaded only initializes value once[Iterations: 1,325]" classname="serie2.ex3.CounterModuloTest" time="0.003"/>
  <testcase name="MultiThreaded only initializes value once[Iterations: 1,326]" classname="serie2.ex3.CounterModuloTest" time="0.002"/>
  <testcase name="MultiThreaded only initializes value once[Iterations: 1,327]" classname="serie2.ex3.CounterModuloTest" time="0.002"/>
  <testcase name="MultiThreaded only initializes value once[Iterations: 1,328]" classname="serie2.ex3.CounterModuloTest" time="0.003"/>
  <testcase name="MultiThreaded only initializes value once[Iterations: 1,329]" classname="serie2.ex3.CounterModuloTest" time="0.003"/>
  <testcase name="MultiThreaded only initializes value once[Iterations: 1,330]" classname="serie2.ex3.CounterModuloTest" time="0.003"/>
  <testcase name="MultiThreaded only initializes value once[Iterations: 1,331]" classname="serie2.ex3.CounterModuloTest" time="0.003"/>
  <testcase name="MultiThreaded only initializes value once[Iterations: 1,332]" classname="serie2.ex3.CounterModuloTest" time="0.003"/>
  <testcase name="MultiThreaded only initializes value once[Iterations: 1,333]" classname="serie2.ex3.CounterModuloTest" time="0.002"/>
  <testcase name="MultiThreaded only initializes value once[Iterations: 1,334]" classname="serie2.ex3.CounterModuloTest" time="0.003"/>
  <testcase name="MultiThreaded only initializes value once[Iterations: 1,335]" classname="serie2.ex3.CounterModuloTest" time="0.003"/>
  <testcase name="MultiThreaded only initializes value once[Iterations: 1,336]" classname="serie2.ex3.CounterModuloTest" time="0.005"/>
  <testcase name="MultiThreaded only initializes value once[Iterations: 1,337]" classname="serie2.ex3.CounterModuloTest" time="0.004"/>
  <testcase name="MultiThreaded only initializes value once[Iterations: 1,338]" classname="serie2.ex3.CounterModuloTest" time="0.005"/>
  <testcase name="MultiThreaded only initializes value once[Iterations: 1,339]" classname="serie2.ex3.CounterModuloTest" time="0.005"/>
  <testcase name="MultiThreaded only initializes value once[Iterations: 1,340]" classname="serie2.ex3.CounterModuloTest" time="0.003"/>
  <testcase name="MultiThreaded only initializes value once[Iterations: 1,341]" classname="serie2.ex3.CounterModuloTest" time="0.003"/>
  <testcase name="MultiThreaded only initializes value once[Iterations: 1,342]" classname="serie2.ex3.CounterModuloTest" time="0.007"/>
  <testcase name="MultiThreaded only initializes value once[Iterations: 1,343]" classname="serie2.ex3.CounterModuloTest" time="0.006"/>
  <testcase name="MultiThreaded only initializes value once[Iterations: 1,344]" classname="serie2.ex3.CounterModuloTest" time="0.005"/>
  <testcase name="MultiThreaded only initializes value once[Iterations: 1,345]" classname="serie2.ex3.CounterModuloTest" time="0.004"/>
  <testcase name="MultiThreaded only initializes value once[Iterations: 1,346]" classname="serie2.ex3.CounterModuloTest" time="0.004"/>
  <testcase name="MultiThreaded only initializes value once[Iterations: 1,347]" classname="serie2.ex3.CounterModuloTest" time="0.003"/>
  <testcase name="MultiThreaded only initializes value once[Iterations: 1,348]" classname="serie2.ex3.CounterModuloTest" time="0.005"/>
  <testcase name="MultiThreaded only initializes value once[Iterations: 1,349]" classname="serie2.ex3.CounterModuloTest" time="0.003"/>
  <testcase name="MultiThreaded only initializes value once[Iterations: 1,350]" classname="serie2.ex3.CounterModuloTest" time="0.003"/>
  <testcase name="MultiThreaded only initializes value once[Iterations: 1,351]" classname="serie2.ex3.CounterModuloTest" time="0.003"/>
  <testcase name="MultiThreaded only initializes value once[Iterations: 1,352]" classname="serie2.ex3.CounterModuloTest" time="0.003"/>
  <testcase name="MultiThreaded only initializes value once[Iterations: 1,353]" classname="serie2.ex3.CounterModuloTest" time="0.003"/>
  <testcase name="MultiThreaded only initializes value once[Iterations: 1,354]" classname="serie2.ex3.CounterModuloTest" time="0.002"/>
  <testcase name="MultiThreaded only initializes value once[Iterations: 1,355]" classname="serie2.ex3.CounterModuloTest" time="0.002"/>
  <testcase name="MultiThreaded only initializes value once[Iterations: 1,356]" classname="serie2.ex3.CounterModuloTest" time="0.002"/>
  <testcase name="MultiThreaded only initializes value once[Iterations: 1,357]" classname="serie2.ex3.CounterModuloTest" time="0.003"/>
  <testcase name="MultiThreaded only initializes value once[Iterations: 1,358]" classname="serie2.ex3.CounterModuloTest" time="0.003"/>
  <testcase name="MultiThreaded only initializes value once[Iterations: 1,359]" classname="serie2.ex3.CounterModuloTest" time="0.003"/>
  <testcase name="MultiThreaded only initializes value once[Iterations: 1,360]" classname="serie2.ex3.CounterModuloTest" time="0.003"/>
  <testcase name="MultiThreaded only initializes value once[Iterations: 1,361]" classname="serie2.ex3.CounterModuloTest" time="0.003"/>
  <testcase name="MultiThreaded only initializes value once[Iterations: 1,362]" classname="serie2.ex3.CounterModuloTest" time="0.002"/>
  <testcase name="MultiThreaded only initializes value once[Iterations: 1,363]" classname="serie2.ex3.CounterModuloTest" time="0.003"/>
  <testcase name="MultiThreaded only initializes value once[Iterations: 1,364]" classname="serie2.ex3.CounterModuloTest" time="0.003"/>
  <testcase name="MultiThreaded only initializes value once[Iterations: 1,365]" classname="serie2.ex3.CounterModuloTest" time="0.002"/>
  <testcase name="MultiThreaded only initializes value once[Iterations: 1,366]" classname="serie2.ex3.CounterModuloTest" time="0.003"/>
  <testcase name="MultiThreaded only initializes value once[Iterations: 1,367]" classname="serie2.ex3.CounterModuloTest" time="0.003"/>
  <testcase name="MultiThreaded only initializes value once[Iterations: 1,368]" classname="serie2.ex3.CounterModuloTest" time="0.002"/>
  <testcase name="MultiThreaded only initializes value once[Iterations: 1,369]" classname="serie2.ex3.CounterModuloTest" time="0.002"/>
  <testcase name="MultiThreaded only initializes value once[Iterations: 1,370]" classname="serie2.ex3.CounterModuloTest" time="0.003"/>
  <testcase name="MultiThreaded only initializes value once[Iterations: 1,371]" classname="serie2.ex3.CounterModuloTest" time="0.005"/>
  <testcase name="MultiThreaded only initializes value once[Iterations: 1,372]" classname="serie2.ex3.CounterModuloTest" time="0.003"/>
  <testcase name="MultiThreaded only initializes value once[Iterations: 1,373]" classname="serie2.ex3.CounterModuloTest" time="0.003"/>
  <testcase name="MultiThreaded only initializes value once[Iterations: 1,374]" classname="serie2.ex3.CounterModuloTest" time="0.004"/>
  <testcase name="MultiThreaded only initializes value once[Iterations: 1,375]" classname="serie2.ex3.CounterModuloTest" time="0.002"/>
  <testcase name="MultiThreaded only initializes value once[Iterations: 1,376]" classname="serie2.ex3.CounterModuloTest" time="0.002"/>
  <testcase name="MultiThreaded only initializes value once[Iterations: 1,377]" classname="serie2.ex3.CounterModuloTest" time="0.003"/>
  <testcase name="MultiThreaded only initializes value once[Iterations: 1,378]" classname="serie2.ex3.CounterModuloTest" time="0.002"/>
  <testcase name="MultiThreaded only initializes value once[Iterations: 1,379]" classname="serie2.ex3.CounterModuloTest" time="0.003"/>
  <testcase name="MultiThreaded only initializes value once[Iterations: 1,380]" classname="serie2.ex3.CounterModuloTest" time="0.003"/>
  <testcase name="MultiThreaded only initializes value once[Iterations: 1,381]" classname="serie2.ex3.CounterModuloTest" time="0.003"/>
  <testcase name="MultiThreaded only initializes value once[Iterations: 1,382]" classname="serie2.ex3.CounterModuloTest" time="0.002"/>
  <testcase name="MultiThreaded only initializes value once[Iterations: 1,383]" classname="serie2.ex3.CounterModuloTest" time="0.003"/>
  <testcase name="MultiThreaded only initializes value once[Iterations: 1,384]" classname="serie2.ex3.CounterModuloTest" time="0.002"/>
  <testcase name="MultiThreaded only initializes value once[Iterations: 1,385]" classname="serie2.ex3.CounterModuloTest" time="0.002"/>
  <testcase name="MultiThreaded only initializes value once[Iterations: 1,386]" classname="serie2.ex3.CounterModuloTest" time="0.002"/>
  <testcase name="MultiThreaded only initializes value once[Iterations: 1,387]" classname="serie2.ex3.CounterModuloTest" time="0.003"/>
  <testcase name="MultiThreaded only initializes value once[Iterations: 1,388]" classname="serie2.ex3.CounterModuloTest" time="0.003"/>
  <testcase name="MultiThreaded only initializes value once[Iterations: 1,389]" classname="serie2.ex3.CounterModuloTest" time="0.002"/>
  <testcase name="MultiThreaded only initializes value once[Iterations: 1,390]" classname="serie2.ex3.CounterModuloTest" time="0.003"/>
  <testcase name="MultiThreaded only initializes value once[Iterations: 1,391]" classname="serie2.ex3.CounterModuloTest" time="0.002"/>
  <testcase name="MultiThreaded only initializes value once[Iterations: 1,392]" classname="serie2.ex3.CounterModuloTest" time="0.003"/>
  <testcase name="MultiThreaded only initializes value once[Iterations: 1,393]" classname="serie2.ex3.CounterModuloTest" time="0.003"/>
  <testcase name="MultiThreaded only initializes value once[Iterations: 1,394]" classname="serie2.ex3.CounterModuloTest" time="0.002"/>
  <testcase name="MultiThreaded only initializes value once[Iterations: 1,395]" classname="serie2.ex3.CounterModuloTest" time="0.003"/>
  <testcase name="MultiThreaded only initializes value once[Iterations: 1,396]" classname="serie2.ex3.CounterModuloTest" time="0.002"/>
  <testcase name="MultiThreaded only initializes value once[Iterations: 1,397]" classname="serie2.ex3.CounterModuloTest" time="0.003"/>
  <testcase name="MultiThreaded only initializes value once[Iterations: 1,398]" classname="serie2.ex3.CounterModuloTest" time="0.003"/>
  <testcase name="MultiThreaded only initializes value once[Iterations: 1,399]" classname="serie2.ex3.CounterModuloTest" time="0.003"/>
  <testcase name="MultiThreaded only initializes value once[Iterations: 1,400]" classname="serie2.ex3.CounterModuloTest" time="0.002"/>
  <testcase name="MultiThreaded only initializes value once[Iterations: 1,401]" classname="serie2.ex3.CounterModuloTest" time="0.003"/>
  <testcase name="MultiThreaded only initializes value once[Iterations: 1,402]" classname="serie2.ex3.CounterModuloTest" time="0.002"/>
  <testcase name="MultiThreaded only initializes value once[Iterations: 1,403]" classname="serie2.ex3.CounterModuloTest" time="0.004"/>
  <testcase name="MultiThreaded only initializes value once[Iterations: 1,404]" classname="serie2.ex3.CounterModuloTest" time="0.002"/>
  <testcase name="MultiThreaded only initializes value once[Iterations: 1,405]" classname="serie2.ex3.CounterModuloTest" time="0.003"/>
  <testcase name="MultiThreaded only initializes value once[Iterations: 1,406]" classname="serie2.ex3.CounterModuloTest" time="0.003"/>
  <testcase name="MultiThreaded only initializes value once[Iterations: 1,407]" classname="serie2.ex3.CounterModuloTest" time="0.003"/>
  <testcase name="MultiThreaded only initializes value once[Iterations: 1,408]" classname="serie2.ex3.CounterModuloTest" time="0.003"/>
  <testcase name="MultiThreaded only initializes value once[Iterations: 1,409]" classname="serie2.ex3.CounterModuloTest" time="0.003"/>
  <testcase name="MultiThreaded only initializes value once[Iterations: 1,410]" classname="serie2.ex3.CounterModuloTest" time="0.003"/>
  <testcase name="MultiThreaded only initializes value once[Iterations: 1,411]" classname="serie2.ex3.CounterModuloTest" time="0.003"/>
  <testcase name="MultiThreaded only initializes value once[Iterations: 1,412]" classname="serie2.ex3.CounterModuloTest" time="0.003"/>
  <testcase name="MultiThreaded only initializes value once[Iterations: 1,413]" classname="serie2.ex3.CounterModuloTest" time="0.003"/>
  <testcase name="MultiThreaded only initializes value once[Iterations: 1,414]" classname="serie2.ex3.CounterModuloTest" time="0.002"/>
  <testcase name="MultiThreaded only initializes value once[Iterations: 1,415]" classname="serie2.ex3.CounterModuloTest" time="0.003"/>
  <testcase name="MultiThreaded only initializes value once[Iterations: 1,416]" classname="serie2.ex3.CounterModuloTest" time="0.002"/>
  <testcase name="MultiThreaded only initializes value once[Iterations: 1,417]" classname="serie2.ex3.CounterModuloTest" time="0.003"/>
  <testcase name="MultiThreaded only initializes value once[Iterations: 1,418]" classname="serie2.ex3.CounterModuloTest" time="0.003"/>
  <testcase name="MultiThreaded only initializes value once[Iterations: 1,419]" classname="serie2.ex3.CounterModuloTest" time="0.002"/>
  <testcase name="MultiThreaded only initializes value once[Iterations: 1,420]" classname="serie2.ex3.CounterModuloTest" time="0.004"/>
  <testcase name="MultiThreaded only initializes value once[Iterations: 1,421]" classname="serie2.ex3.CounterModuloTest" time="0.003"/>
  <testcase name="MultiThreaded only initializes value once[Iterations: 1,422]" classname="serie2.ex3.CounterModuloTest" time="0.003"/>
  <testcase name="MultiThreaded only initializes value once[Iterations: 1,423]" classname="serie2.ex3.CounterModuloTest" time="0.003"/>
  <testcase name="MultiThreaded only initializes value once[Iterations: 1,424]" classname="serie2.ex3.CounterModuloTest" time="0.003"/>
  <testcase name="MultiThreaded only initializes value once[Iterations: 1,425]" classname="serie2.ex3.CounterModuloTest" time="0.003"/>
  <testcase name="MultiThreaded only initializes value once[Iterations: 1,426]" classname="serie2.ex3.CounterModuloTest" time="0.002"/>
  <testcase name="MultiThreaded only initializes value once[Iterations: 1,427]" classname="serie2.ex3.CounterModuloTest" time="0.003"/>
  <testcase name="MultiThreaded only initializes value once[Iterations: 1,428]" classname="serie2.ex3.CounterModuloTest" time="0.003"/>
  <testcase name="MultiThreaded only initializes value once[Iterations: 1,429]" classname="serie2.ex3.CounterModuloTest" time="0.003"/>
  <testcase name="MultiThreaded only initializes value once[Iterations: 1,430]" classname="serie2.ex3.CounterModuloTest" time="0.004"/>
  <testcase name="MultiThreaded only initializes value once[Iterations: 1,431]" classname="serie2.ex3.CounterModuloTest" time="0.002"/>
  <testcase name="MultiThreaded only initializes value once[Iterations: 1,432]" classname="serie2.ex3.CounterModuloTest" time="0.003"/>
  <testcase name="MultiThreaded only initializes value once[Iterations: 1,433]" classname="serie2.ex3.CounterModuloTest" time="0.003"/>
  <testcase name="MultiThreaded only initializes value once[Iterations: 1,434]" classname="serie2.ex3.CounterModuloTest" time="0.002"/>
  <testcase name="MultiThreaded only initializes value once[Iterations: 1,435]" classname="serie2.ex3.CounterModuloTest" time="0.003"/>
  <testcase name="MultiThreaded only initializes value once[Iterations: 1,436]" classname="serie2.ex3.CounterModuloTest" time="0.003"/>
  <testcase name="MultiThreaded only initializes value once[Iterations: 1,437]" classname="serie2.ex3.CounterModuloTest" time="0.003"/>
  <testcase name="MultiThreaded only initializes value once[Iterations: 1,438]" classname="serie2.ex3.CounterModuloTest" time="0.003"/>
  <testcase name="MultiThreaded only initializes value once[Iterations: 1,439]" classname="serie2.ex3.CounterModuloTest" time="0.003"/>
  <testcase name="MultiThreaded only initializes value once[Iterations: 1,440]" classname="serie2.ex3.CounterModuloTest" time="0.003"/>
  <testcase name="MultiThreaded only initializes value once[Iterations: 1,441]" classname="serie2.ex3.CounterModuloTest" time="0.003"/>
  <testcase name="MultiThreaded only initializes value once[Iterations: 1,442]" classname="serie2.ex3.CounterModuloTest" time="0.003"/>
  <testcase name="MultiThreaded only initializes value once[Iterations: 1,443]" classname="serie2.ex3.CounterModuloTest" time="0.003"/>
  <testcase name="MultiThreaded only initializes value once[Iterations: 1,444]" classname="serie2.ex3.CounterModuloTest" time="0.003"/>
  <testcase name="MultiThreaded only initializes value once[Iterations: 1,445]" classname="serie2.ex3.CounterModuloTest" time="0.002"/>
  <testcase name="MultiThreaded only initializes value once[Iterations: 1,446]" classname="serie2.ex3.CounterModuloTest" time="0.003"/>
  <testcase name="MultiThreaded only initializes value once[Iterations: 1,447]" classname="serie2.ex3.CounterModuloTest" time="0.003"/>
  <testcase name="MultiThreaded only initializes value once[Iterations: 1,448]" classname="serie2.ex3.CounterModuloTest" time="0.003"/>
  <testcase name="MultiThreaded only initializes value once[Iterations: 1,449]" classname="serie2.ex3.CounterModuloTest" time="0.003"/>
  <testcase name="MultiThreaded only initializes value once[Iterations: 1,450]" classname="serie2.ex3.CounterModuloTest" time="0.002"/>
  <testcase name="MultiThreaded only initializes value once[Iterations: 1,451]" classname="serie2.ex3.CounterModuloTest" time="0.004"/>
  <testcase name="MultiThreaded only initializes value once[Iterations: 1,452]" classname="serie2.ex3.CounterModuloTest" time="0.002"/>
  <testcase name="MultiThreaded only initializes value once[Iterations: 1,453]" classname="serie2.ex3.CounterModuloTest" time="0.003"/>
  <testcase name="MultiThreaded only initializes value once[Iterations: 1,454]" classname="serie2.ex3.CounterModuloTest" time="0.003"/>
  <testcase name="MultiThreaded only initializes value once[Iterations: 1,455]" classname="serie2.ex3.CounterModuloTest" time="0.003"/>
  <testcase name="MultiThreaded only initializes value once[Iterations: 1,456]" classname="serie2.ex3.CounterModuloTest" time="0.003"/>
  <testcase name="MultiThreaded only initializes value once[Iterations: 1,457]" classname="serie2.ex3.CounterModuloTest" time="0.002"/>
  <testcase name="MultiThreaded only initializes value once[Iterations: 1,458]" classname="serie2.ex3.CounterModuloTest" time="0.003"/>
  <testcase name="MultiThreaded only initializes value once[Iterations: 1,459]" classname="serie2.ex3.CounterModuloTest" time="0.003"/>
  <testcase name="MultiThreaded only initializes value once[Iterations: 1,460]" classname="serie2.ex3.CounterModuloTest" time="0.002"/>
  <testcase name="MultiThreaded only initializes value once[Iterations: 1,461]" classname="serie2.ex3.CounterModuloTest" time="0.003"/>
  <testcase name="MultiThreaded only initializes value once[Iterations: 1,462]" classname="serie2.ex3.CounterModuloTest" time="0.003"/>
  <testcase name="MultiThreaded only initializes value once[Iterations: 1,463]" classname="serie2.ex3.CounterModuloTest" time="0.003"/>
  <testcase name="MultiThreaded only initializes value once[Iterations: 1,464]" classname="serie2.ex3.CounterModuloTest" time="0.003"/>
  <testcase name="MultiThreaded only initializes value once[Iterations: 1,465]" classname="serie2.ex3.CounterModuloTest" time="0.003"/>
  <testcase name="MultiThreaded only initializes value once[Iterations: 1,466]" classname="serie2.ex3.CounterModuloTest" time="0.003"/>
  <testcase name="MultiThreaded only initializes value once[Iterations: 1,467]" classname="serie2.ex3.CounterModuloTest" time="0.002"/>
  <testcase name="MultiThreaded only initializes value once[Iterations: 1,468]" classname="serie2.ex3.CounterModuloTest" time="0.003"/>
  <testcase name="MultiThreaded only initializes value once[Iterations: 1,469]" classname="serie2.ex3.CounterModuloTest" time="0.003"/>
  <testcase name="MultiThreaded only initializes value once[Iterations: 1,470]" classname="serie2.ex3.CounterModuloTest" time="0.002"/>
  <testcase name="MultiThreaded only initializes value once[Iterations: 1,471]" classname="serie2.ex3.CounterModuloTest" time="0.003"/>
  <testcase name="MultiThreaded only initializes value once[Iterations: 1,472]" classname="serie2.ex3.CounterModuloTest" time="0.003"/>
  <testcase name="MultiThreaded only initializes value once[Iterations: 1,473]" classname="serie2.ex3.CounterModuloTest" time="0.003"/>
  <testcase name="MultiThreaded only initializes value once[Iterations: 1,474]" classname="serie2.ex3.CounterModuloTest" time="0.003"/>
  <testcase name="MultiThreaded only initializes value once[Iterations: 1,475]" classname="serie2.ex3.CounterModuloTest" time="0.002"/>
  <testcase name="MultiThreaded only initializes value once[Iterations: 1,476]" classname="serie2.ex3.CounterModuloTest" time="0.003"/>
  <testcase name="MultiThreaded only initializes value once[Iterations: 1,477]" classname="serie2.ex3.CounterModuloTest" time="0.002"/>
  <testcase name="MultiThreaded only initializes value once[Iterations: 1,478]" classname="serie2.ex3.CounterModuloTest" time="0.003"/>
  <testcase name="MultiThreaded only initializes value once[Iterations: 1,479]" classname="serie2.ex3.CounterModuloTest" time="0.003"/>
  <testcase name="MultiThreaded only initializes value once[Iterations: 1,480]" classname="serie2.ex3.CounterModuloTest" time="0.003"/>
  <testcase name="MultiThreaded only initializes value once[Iterations: 1,481]" classname="serie2.ex3.CounterModuloTest" time="0.004"/>
  <testcase name="MultiThreaded only initializes value once[Iterations: 1,482]" classname="serie2.ex3.CounterModuloTest" time="0.003"/>
  <testcase name="MultiThreaded only initializes value once[Iterations: 1,483]" classname="serie2.ex3.CounterModuloTest" time="0.003"/>
  <testcase name="MultiThreaded only initializes value once[Iterations: 1,484]" classname="serie2.ex3.CounterModuloTest" time="0.005"/>
  <testcase name="MultiThreaded only initializes value once[Iterations: 1,485]" classname="serie2.ex3.CounterModuloTest" time="0.003"/>
  <testcase name="MultiThreaded only initializes value once[Iterations: 1,486]" classname="serie2.ex3.CounterModuloTest" time="0.003"/>
  <testcase name="MultiThreaded only initializes value once[Iterations: 1,487]" classname="serie2.ex3.CounterModuloTest" time="0.002"/>
  <testcase name="MultiThreaded only initializes value once[Iterations: 1,488]" classname="serie2.ex3.CounterModuloTest" time="0.003"/>
  <testcase name="MultiThreaded only initializes value once[Iterations: 1,489]" classname="serie2.ex3.CounterModuloTest" time="0.003"/>
  <testcase name="MultiThreaded only initializes value once[Iterations: 1,490]" classname="serie2.ex3.CounterModuloTest" time="0.003"/>
  <testcase name="MultiThreaded only initializes value once[Iterations: 1,491]" classname="serie2.ex3.CounterModuloTest" time="0.002"/>
  <testcase name="MultiThreaded only initializes value once[Iterations: 1,492]" classname="serie2.ex3.CounterModuloTest" time="0.003"/>
  <testcase name="MultiThreaded only initializes value once[Iterations: 1,493]" classname="serie2.ex3.CounterModuloTest" time="0.003"/>
  <testcase name="MultiThreaded only initializes value once[Iterations: 1,494]" classname="serie2.ex3.CounterModuloTest" time="0.003"/>
  <testcase name="MultiThreaded only initializes value once[Iterations: 1,495]" classname="serie2.ex3.CounterModuloTest" time="0.003"/>
  <testcase name="MultiThreaded only initializes value once[Iterations: 1,496]" classname="serie2.ex3.CounterModuloTest" time="0.003"/>
  <testcase name="MultiThreaded only initializes value once[Iterations: 1,497]" classname="serie2.ex3.CounterModuloTest" time="0.003"/>
  <testcase name="MultiThreaded only initializes value once[Iterations: 1,498]" classname="serie2.ex3.CounterModuloTest" time="0.002"/>
  <testcase name="MultiThreaded only initializes value once[Iterations: 1,499]" classname="serie2.ex3.CounterModuloTest" time="0.003"/>
  <testcase name="MultiThreaded only initializes value once[Iterations: 1,500]" classname="serie2.ex3.CounterModuloTest" time="0.003"/>
  <testcase name="MultiThreaded only initializes value once[Iterations: 1,501]" classname="serie2.ex3.CounterModuloTest" time="0.003"/>
  <testcase name="MultiThreaded only initializes value once[Iterations: 1,502]" classname="serie2.ex3.CounterModuloTest" time="0.002"/>
  <testcase name="MultiThreaded only initializes value once[Iterations: 1,503]" classname="serie2.ex3.CounterModuloTest" time="0.003"/>
  <testcase name="MultiThreaded only initializes value once[Iterations: 1,504]" classname="serie2.ex3.CounterModuloTest" time="0.003"/>
  <testcase name="MultiThreaded only initializes value once[Iterations: 1,505]" classname="serie2.ex3.CounterModuloTest" time="0.003"/>
  <testcase name="MultiThreaded only initializes value once[Iterations: 1,506]" classname="serie2.ex3.CounterModuloTest" time="0.003"/>
  <testcase name="MultiThreaded only initializes value once[Iterations: 1,507]" classname="serie2.ex3.CounterModuloTest" time="0.003"/>
  <testcase name="MultiThreaded only initializes value once[Iterations: 1,508]" classname="serie2.ex3.CounterModuloTest" time="0.003"/>
  <testcase name="MultiThreaded only initializes value once[Iterations: 1,509]" classname="serie2.ex3.CounterModuloTest" time="0.003"/>
  <testcase name="MultiThreaded only initializes value once[Iterations: 1,510]" classname="serie2.ex3.CounterModuloTest" time="0.003"/>
  <testcase name="MultiThreaded only initializes value once[Iterations: 1,511]" classname="serie2.ex3.CounterModuloTest" time="0.003"/>
  <testcase name="MultiThreaded only initializes value once[Iterations: 1,512]" classname="serie2.ex3.CounterModuloTest" time="0.003"/>
  <testcase name="MultiThreaded only initializes value once[Iterations: 1,513]" classname="serie2.ex3.CounterModuloTest" time="0.002"/>
  <testcase name="MultiThreaded only initializes value once[Iterations: 1,514]" classname="serie2.ex3.CounterModuloTest" time="0.003"/>
  <testcase name="MultiThreaded only initializes value once[Iterations: 1,515]" classname="serie2.ex3.CounterModuloTest" time="0.003"/>
  <testcase name="MultiThreaded only initializes value once[Iterations: 1,516]" classname="serie2.ex3.CounterModuloTest" time="0.003"/>
  <testcase name="MultiThreaded only initializes value once[Iterations: 1,517]" classname="serie2.ex3.CounterModuloTest" time="0.003"/>
  <testcase name="MultiThreaded only initializes value once[Iterations: 1,518]" classname="serie2.ex3.CounterModuloTest" time="0.003"/>
  <testcase name="MultiThreaded only initializes value once[Iterations: 1,519]" classname="serie2.ex3.CounterModuloTest" time="0.003"/>
  <testcase name="MultiThreaded only initializes value once[Iterations: 1,520]" classname="serie2.ex3.CounterModuloTest" time="0.003"/>
  <testcase name="MultiThreaded only initializes value once[Iterations: 1,521]" classname="serie2.ex3.CounterModuloTest" time="0.003"/>
  <testcase name="MultiThreaded only initializes value once[Iterations: 1,522]" classname="serie2.ex3.CounterModuloTest" time="0.003"/>
  <testcase name="MultiThreaded only initializes value once[Iterations: 1,523]" classname="serie2.ex3.CounterModuloTest" time="0.003"/>
  <testcase name="MultiThreaded only initializes value once[Iterations: 1,524]" classname="serie2.ex3.CounterModuloTest" time="0.003"/>
  <testcase name="MultiThreaded only initializes value once[Iterations: 1,525]" classname="serie2.ex3.CounterModuloTest" time="0.003"/>
  <testcase name="MultiThreaded only initializes value once[Iterations: 1,526]" classname="serie2.ex3.CounterModuloTest" time="0.003"/>
  <testcase name="MultiThreaded only initializes value once[Iterations: 1,527]" classname="serie2.ex3.CounterModuloTest" time="0.003"/>
  <testcase name="MultiThreaded only initializes value once[Iterations: 1,528]" classname="serie2.ex3.CounterModuloTest" time="0.003"/>
  <testcase name="MultiThreaded only initializes value once[Iterations: 1,529]" classname="serie2.ex3.CounterModuloTest" time="0.002"/>
  <testcase name="MultiThreaded only initializes value once[Iterations: 1,530]" classname="serie2.ex3.CounterModuloTest" time="0.003"/>
  <testcase name="MultiThreaded only initializes value once[Iterations: 1,531]" classname="serie2.ex3.CounterModuloTest" time="0.003"/>
  <testcase name="MultiThreaded only initializes value once[Iterations: 1,532]" classname="serie2.ex3.CounterModuloTest" time="0.003"/>
  <testcase name="MultiThreaded only initializes value once[Iterations: 1,533]" classname="serie2.ex3.CounterModuloTest" time="0.003"/>
  <testcase name="MultiThreaded only initializes value once[Iterations: 1,534]" classname="serie2.ex3.CounterModuloTest" time="0.004"/>
  <testcase name="MultiThreaded only initializes value once[Iterations: 1,535]" classname="serie2.ex3.CounterModuloTest" time="0.003"/>
  <testcase name="MultiThreaded only initializes value once[Iterations: 1,536]" classname="serie2.ex3.CounterModuloTest" time="0.004"/>
  <testcase name="MultiThreaded only initializes value once[Iterations: 1,537]" classname="serie2.ex3.CounterModuloTest" time="0.003"/>
  <testcase name="MultiThreaded only initializes value once[Iterations: 1,538]" classname="serie2.ex3.CounterModuloTest" time="0.002"/>
  <testcase name="MultiThreaded only initializes value once[Iterations: 1,539]" classname="serie2.ex3.CounterModuloTest" time="0.003"/>
  <testcase name="MultiThreaded only initializes value once[Iterations: 1,540]" classname="serie2.ex3.CounterModuloTest" time="0.003"/>
  <testcase name="MultiThreaded only initializes value once[Iterations: 1,541]" classname="serie2.ex3.CounterModuloTest" time="0.003"/>
  <testcase name="MultiThreaded only initializes value once[Iterations: 1,542]" classname="serie2.ex3.CounterModuloTest" time="0.003"/>
  <testcase name="MultiThreaded only initializes value once[Iterations: 1,543]" classname="serie2.ex3.CounterModuloTest" time="0.003"/>
  <testcase name="MultiThreaded only initializes value once[Iterations: 1,544]" classname="serie2.ex3.CounterModuloTest" time="0.003"/>
  <testcase name="MultiThreaded only initializes value once[Iterations: 1,545]" classname="serie2.ex3.CounterModuloTest" time="0.004"/>
  <testcase name="MultiThreaded only initializes value once[Iterations: 1,546]" classname="serie2.ex3.CounterModuloTest" time="0.003"/>
  <testcase name="MultiThreaded only initializes value once[Iterations: 1,547]" classname="serie2.ex3.CounterModuloTest" time="0.003"/>
  <testcase name="MultiThreaded only initializes value once[Iterations: 1,548]" classname="serie2.ex3.CounterModuloTest" time="0.003"/>
  <testcase name="MultiThreaded only initializes value once[Iterations: 1,549]" classname="serie2.ex3.CounterModuloTest" time="0.003"/>
  <testcase name="MultiThreaded only initializes value once[Iterations: 1,550]" classname="serie2.ex3.CounterModuloTest" time="0.003"/>
  <testcase name="MultiThreaded only initializes value once[Iterations: 1,551]" classname="serie2.ex3.CounterModuloTest" time="0.003"/>
  <testcase name="MultiThreaded only initializes value once[Iterations: 1,552]" classname="serie2.ex3.CounterModuloTest" time="0.003"/>
  <testcase name="MultiThreaded only initializes value once[Iterations: 1,553]" classname="serie2.ex3.CounterModuloTest" time="0.003"/>
  <testcase name="MultiThreaded only initializes value once[Iterations: 1,554]" classname="serie2.ex3.CounterModuloTest" time="0.003"/>
  <testcase name="MultiThreaded only initializes value once[Iterations: 1,555]" classname="serie2.ex3.CounterModuloTest" time="0.003"/>
  <testcase name="MultiThreaded only initializes value once[Iterations: 1,556]" classname="serie2.ex3.CounterModuloTest" time="0.003"/>
  <testcase name="MultiThreaded only initializes value once[Iterations: 1,557]" classname="serie2.ex3.CounterModuloTest" time="0.002"/>
  <testcase name="MultiThreaded only initializes value once[Iterations: 1,558]" classname="serie2.ex3.CounterModuloTest" time="0.003"/>
  <testcase name="MultiThreaded only initializes value once[Iterations: 1,559]" classname="serie2.ex3.CounterModuloTest" time="0.003"/>
  <testcase name="MultiThreaded only initializes value once[Iterations: 1,560]" classname="serie2.ex3.CounterModuloTest" time="0.003"/>
  <testcase name="MultiThreaded only initializes value once[Iterations: 1,561]" classname="serie2.ex3.CounterModuloTest" time="0.003"/>
  <testcase name="MultiThreaded only initializes value once[Iterations: 1,562]" classname="serie2.ex3.CounterModuloTest" time="0.003"/>
  <testcase name="MultiThreaded only initializes value once[Iterations: 1,563]" classname="serie2.ex3.CounterModuloTest" time="0.003"/>
  <testcase name="MultiThreaded only initializes value once[Iterations: 1,564]" classname="serie2.ex3.CounterModuloTest" time="0.003"/>
  <testcase name="MultiThreaded only initializes value once[Iterations: 1,565]" classname="serie2.ex3.CounterModuloTest" time="0.003"/>
  <testcase name="MultiThreaded only initializes value once[Iterations: 1,566]" classname="serie2.ex3.CounterModuloTest" time="0.003"/>
  <testcase name="MultiThreaded only initializes value once[Iterations: 1,567]" classname="serie2.ex3.CounterModuloTest" time="0.003"/>
  <testcase name="MultiThreaded only initializes value once[Iterations: 1,568]" classname="serie2.ex3.CounterModuloTest" time="0.003"/>
  <testcase name="MultiThreaded only initializes value once[Iterations: 1,569]" classname="serie2.ex3.CounterModuloTest" time="0.002"/>
  <testcase name="MultiThreaded only initializes value once[Iterations: 1,570]" classname="serie2.ex3.CounterModuloTest" time="0.003"/>
  <testcase name="MultiThreaded only initializes value once[Iterations: 1,571]" classname="serie2.ex3.CounterModuloTest" time="0.003"/>
  <testcase name="MultiThreaded only initializes value once[Iterations: 1,572]" classname="serie2.ex3.CounterModuloTest" time="0.003"/>
  <testcase name="MultiThreaded only initializes value once[Iterations: 1,573]" classname="serie2.ex3.CounterModuloTest" time="0.003"/>
  <testcase name="MultiThreaded only initializes value once[Iterations: 1,574]" classname="serie2.ex3.CounterModuloTest" time="0.003"/>
  <testcase name="MultiThreaded only initializes value once[Iterations: 1,575]" classname="serie2.ex3.CounterModuloTest" time="0.003"/>
  <testcase name="MultiThreaded only initializes value once[Iterations: 1,576]" classname="serie2.ex3.CounterModuloTest" time="0.003"/>
  <testcase name="MultiThreaded only initializes value once[Iterations: 1,577]" classname="serie2.ex3.CounterModuloTest" time="0.002"/>
  <testcase name="MultiThreaded only initializes value once[Iterations: 1,578]" classname="serie2.ex3.CounterModuloTest" time="0.004"/>
  <testcase name="MultiThreaded only initializes value once[Iterations: 1,579]" classname="serie2.ex3.CounterModuloTest" time="0.003"/>
  <testcase name="MultiThreaded only initializes value once[Iterations: 1,580]" classname="serie2.ex3.CounterModuloTest" time="0.003"/>
  <testcase name="MultiThreaded only initializes value once[Iterations: 1,581]" classname="serie2.ex3.CounterModuloTest" time="0.002"/>
  <testcase name="MultiThreaded only initializes value once[Iterations: 1,582]" classname="serie2.ex3.CounterModuloTest" time="0.002"/>
  <testcase name="MultiThreaded only initializes value once[Iterations: 1,583]" classname="serie2.ex3.CounterModuloTest" time="0.003"/>
  <testcase name="MultiThreaded only initializes value once[Iterations: 1,584]" classname="serie2.ex3.CounterModuloTest" time="0.003"/>
  <testcase name="MultiThreaded only initializes value once[Iterations: 1,585]" classname="serie2.ex3.CounterModuloTest" time="0.003"/>
  <testcase name="MultiThreaded only initializes value once[Iterations: 1,586]" classname="serie2.ex3.CounterModuloTest" time="0.003"/>
  <testcase name="MultiThreaded only initializes value once[Iterations: 1,587]" classname="serie2.ex3.CounterModuloTest" time="0.002"/>
  <testcase name="MultiThreaded only initializes value once[Iterations: 1,588]" classname="serie2.ex3.CounterModuloTest" time="0.003"/>
  <testcase name="MultiThreaded only initializes value once[Iterations: 1,589]" classname="serie2.ex3.CounterModuloTest" time="0.003"/>
  <testcase name="MultiThreaded only initializes value once[Iterations: 1,590]" classname="serie2.ex3.CounterModuloTest" time="0.004"/>
  <testcase name="MultiThreaded only initializes value once[Iterations: 1,591]" classname="serie2.ex3.CounterModuloTest" time="0.003"/>
  <testcase name="MultiThreaded only initializes value once[Iterations: 1,592]" classname="serie2.ex3.CounterModuloTest" time="0.003"/>
  <testcase name="MultiThreaded only initializes value once[Iterations: 1,593]" classname="serie2.ex3.CounterModuloTest" time="0.006"/>
  <testcase name="MultiThreaded only initializes value once[Iterations: 1,594]" classname="serie2.ex3.CounterModuloTest" time="0.002"/>
  <testcase name="MultiThreaded only initializes value once[Iterations: 1,595]" classname="serie2.ex3.CounterModuloTest" time="0.003"/>
  <testcase name="MultiThreaded only initializes value once[Iterations: 1,596]" classname="serie2.ex3.CounterModuloTest" time="0.003"/>
  <testcase name="MultiThreaded only initializes value once[Iterations: 1,597]" classname="serie2.ex3.CounterModuloTest" time="0.003"/>
  <testcase name="MultiThreaded only initializes value once[Iterations: 1,598]" classname="serie2.ex3.CounterModuloTest" time="0.003"/>
  <testcase name="MultiThreaded only initializes value once[Iterations: 1,599]" classname="serie2.ex3.CounterModuloTest" time="0.003"/>
  <testcase name="MultiThreaded only initializes value once[Iterations: 1,600]" classname="serie2.ex3.CounterModuloTest" time="0.003"/>
  <testcase name="MultiThreaded only initializes value once[Iterations: 1,601]" classname="serie2.ex3.CounterModuloTest" time="0.003"/>
  <testcase name="MultiThreaded only initializes value once[Iterations: 1,602]" classname="serie2.ex3.CounterModuloTest" time="0.002"/>
  <testcase name="MultiThreaded only initializes value once[Iterations: 1,603]" classname="serie2.ex3.CounterModuloTest" time="0.003"/>
  <testcase name="MultiThreaded only initializes value once[Iterations: 1,604]" classname="serie2.ex3.CounterModuloTest" time="0.003"/>
  <testcase name="MultiThreaded only initializes value once[Iterations: 1,605]" classname="serie2.ex3.CounterModuloTest" time="0.003"/>
  <testcase name="MultiThreaded only initializes value once[Iterations: 1,606]" classname="serie2.ex3.CounterModuloTest" time="0.003"/>
  <testcase name="MultiThreaded only initializes value once[Iterations: 1,607]" classname="serie2.ex3.CounterModuloTest" time="0.002"/>
  <testcase name="MultiThreaded only initializes value once[Iterations: 1,608]" classname="serie2.ex3.CounterModuloTest" time="0.003"/>
  <testcase name="MultiThreaded only initializes value once[Iterations: 1,609]" classname="serie2.ex3.CounterModuloTest" time="0.003"/>
  <testcase name="MultiThreaded only initializes value once[Iterations: 1,610]" classname="serie2.ex3.CounterModuloTest" time="0.003"/>
  <testcase name="MultiThreaded only initializes value once[Iterations: 1,611]" classname="serie2.ex3.CounterModuloTest" time="0.003"/>
  <testcase name="MultiThreaded only initializes value once[Iterations: 1,612]" classname="serie2.ex3.CounterModuloTest" time="0.003"/>
  <testcase name="MultiThreaded only initializes value once[Iterations: 1,613]" classname="serie2.ex3.CounterModuloTest" time="0.002"/>
  <testcase name="MultiThreaded only initializes value once[Iterations: 1,614]" classname="serie2.ex3.CounterModuloTest" time="0.003"/>
  <testcase name="MultiThreaded only initializes value once[Iterations: 1,615]" classname="serie2.ex3.CounterModuloTest" time="0.003"/>
  <testcase name="MultiThreaded only initializes value once[Iterations: 1,616]" classname="serie2.ex3.CounterModuloTest" time="0.003"/>
  <testcase name="MultiThreaded only initializes value once[Iterations: 1,617]" classname="serie2.ex3.CounterModuloTest" time="0.002"/>
  <testcase name="MultiThreaded only initializes value once[Iterations: 1,618]" classname="serie2.ex3.CounterModuloTest" time="0.003"/>
  <testcase name="MultiThreaded only initializes value once[Iterations: 1,619]" classname="serie2.ex3.CounterModuloTest" time="0.003"/>
  <testcase name="MultiThreaded only initializes value once[Iterations: 1,620]" classname="serie2.ex3.CounterModuloTest" time="0.003"/>
  <testcase name="MultiThreaded only initializes value once[Iterations: 1,621]" classname="serie2.ex3.CounterModuloTest" time="0.002"/>
  <testcase name="MultiThreaded only initializes value once[Iterations: 1,622]" classname="serie2.ex3.CounterModuloTest" time="0.003"/>
  <testcase name="MultiThreaded only initializes value once[Iterations: 1,623]" classname="serie2.ex3.CounterModuloTest" time="0.003"/>
  <testcase name="MultiThreaded only initializes value once[Iterations: 1,624]" classname="serie2.ex3.CounterModuloTest" time="0.003"/>
  <testcase name="MultiThreaded only initializes value once[Iterations: 1,625]" classname="serie2.ex3.CounterModuloTest" time="0.003"/>
  <testcase name="MultiThreaded only initializes value once[Iterations: 1,626]" classname="serie2.ex3.CounterModuloTest" time="0.002"/>
  <testcase name="MultiThreaded only initializes value once[Iterations: 1,627]" classname="serie2.ex3.CounterModuloTest" time="0.003"/>
  <testcase name="MultiThreaded only initializes value once[Iterations: 1,628]" classname="serie2.ex3.CounterModuloTest" time="0.004"/>
  <testcase name="MultiThreaded only initializes value once[Iterations: 1,629]" classname="serie2.ex3.CounterModuloTest" time="0.002"/>
  <testcase name="MultiThreaded only initializes value once[Iterations: 1,630]" classname="serie2.ex3.CounterModuloTest" time="0.003"/>
  <testcase name="MultiThreaded only initializes value once[Iterations: 1,631]" classname="serie2.ex3.CounterModuloTest" time="0.003"/>
  <testcase name="MultiThreaded only initializes value once[Iterations: 1,632]" classname="serie2.ex3.CounterModuloTest" time="0.003"/>
  <testcase name="MultiThreaded only initializes value once[Iterations: 1,633]" classname="serie2.ex3.CounterModuloTest" time="0.003"/>
  <testcase name="MultiThreaded only initializes value once[Iterations: 1,634]" classname="serie2.ex3.CounterModuloTest" time="0.003"/>
  <testcase name="MultiThreaded only initializes value once[Iterations: 1,635]" classname="serie2.ex3.CounterModuloTest" time="0.003"/>
  <testcase name="MultiThreaded only initializes value once[Iterations: 1,636]" classname="serie2.ex3.CounterModuloTest" time="0.003"/>
  <testcase name="MultiThreaded only initializes value once[Iterations: 1,637]" classname="serie2.ex3.CounterModuloTest" time="0.003"/>
  <testcase name="MultiThreaded only initializes value once[Iterations: 1,638]" classname="serie2.ex3.CounterModuloTest" time="0.002"/>
  <testcase name="MultiThreaded only initializes value once[Iterations: 1,639]" classname="serie2.ex3.CounterModuloTest" time="0.003"/>
  <testcase name="MultiThreaded only initializes value once[Iterations: 1,640]" classname="serie2.ex3.CounterModuloTest" time="0.004"/>
  <testcase name="MultiThreaded only initializes value once[Iterations: 1,641]" classname="serie2.ex3.CounterModuloTest" time="0.003"/>
  <testcase name="MultiThreaded only initializes value once[Iterations: 1,642]" classname="serie2.ex3.CounterModuloTest" time="0.003"/>
  <testcase name="MultiThreaded only initializes value once[Iterations: 1,643]" classname="serie2.ex3.CounterModuloTest" time="0.003"/>
  <testcase name="MultiThreaded only initializes value once[Iterations: 1,644]" classname="serie2.ex3.CounterModuloTest" time="0.003"/>
  <testcase name="MultiThreaded only initializes value once[Iterations: 1,645]" classname="serie2.ex3.CounterModuloTest" time="0.003"/>
  <testcase name="MultiThreaded only initializes value once[Iterations: 1,646]" classname="serie2.ex3.CounterModuloTest" time="0.003"/>
  <testcase name="MultiThreaded only initializes value once[Iterations: 1,647]" classname="serie2.ex3.CounterModuloTest" time="0.003"/>
  <testcase name="MultiThreaded only initializes value once[Iterations: 1,648]" classname="serie2.ex3.CounterModuloTest" time="0.003"/>
  <testcase name="MultiThreaded only initializes value once[Iterations: 1,649]" classname="serie2.ex3.CounterModuloTest" time="0.003"/>
  <testcase name="MultiThreaded only initializes value once[Iterations: 1,650]" classname="serie2.ex3.CounterModuloTest" time="0.003"/>
  <testcase name="MultiThreaded only initializes value once[Iterations: 1,651]" classname="serie2.ex3.CounterModuloTest" time="0.003"/>
  <testcase name="MultiThreaded only initializes value once[Iterations: 1,652]" classname="serie2.ex3.CounterModuloTest" time="0.002"/>
  <testcase name="MultiThreaded only initializes value once[Iterations: 1,653]" classname="serie2.ex3.CounterModuloTest" time="0.003"/>
  <testcase name="MultiThreaded only initializes value once[Iterations: 1,654]" classname="serie2.ex3.CounterModuloTest" time="0.003"/>
  <testcase name="MultiThreaded only initializes value once[Iterations: 1,655]" classname="serie2.ex3.CounterModuloTest" time="0.002"/>
  <testcase name="MultiThreaded only initializes value once[Iterations: 1,656]" classname="serie2.ex3.CounterModuloTest" time="0.002"/>
  <testcase name="MultiThreaded only initializes value once[Iterations: 1,657]" classname="serie2.ex3.CounterModuloTest" time="0.003"/>
  <testcase name="MultiThreaded only initializes value once[Iterations: 1,658]" classname="serie2.ex3.CounterModuloTest" time="0.003"/>
  <testcase name="MultiThreaded only initializes value once[Iterations: 1,659]" classname="serie2.ex3.CounterModuloTest" time="0.003"/>
  <testcase name="MultiThreaded only initializes value once[Iterations: 1,660]" classname="serie2.ex3.CounterModuloTest" time="0.003"/>
  <testcase name="MultiThreaded only initializes value once[Iterations: 1,661]" classname="serie2.ex3.CounterModuloTest" time="0.003"/>
  <testcase name="MultiThreaded only initializes value once[Iterations: 1,662]" classname="serie2.ex3.CounterModuloTest" time="0.002"/>
  <testcase name="MultiThreaded only initializes value once[Iterations: 1,663]" classname="serie2.ex3.CounterModuloTest" time="0.003"/>
  <testcase name="MultiThreaded only initializes value once[Iterations: 1,664]" classname="serie2.ex3.CounterModuloTest" time="0.003"/>
  <testcase name="MultiThreaded only initializes value once[Iterations: 1,665]" classname="serie2.ex3.CounterModuloTest" time="0.003"/>
  <testcase name="MultiThreaded only initializes value once[Iterations: 1,666]" classname="serie2.ex3.CounterModuloTest" time="0.003"/>
  <testcase name="MultiThreaded only initializes value once[Iterations: 1,667]" classname="serie2.ex3.CounterModuloTest" time="0.002"/>
  <testcase name="MultiThreaded only initializes value once[Iterations: 1,668]" classname="serie2.ex3.CounterModuloTest" time="0.003"/>
  <testcase name="MultiThreaded only initializes value once[Iterations: 1,669]" classname="serie2.ex3.CounterModuloTest" time="0.003"/>
  <testcase name="MultiThreaded only initializes value once[Iterations: 1,670]" classname="serie2.ex3.CounterModuloTest" time="0.003"/>
  <testcase name="MultiThreaded only initializes value once[Iterations: 1,671]" classname="serie2.ex3.CounterModuloTest" time="0.003"/>
  <testcase name="MultiThreaded only initializes value once[Iterations: 1,672]" classname="serie2.ex3.CounterModuloTest" time="0.003"/>
  <testcase name="MultiThreaded only initializes value once[Iterations: 1,673]" classname="serie2.ex3.CounterModuloTest" time="0.004"/>
  <testcase name="MultiThreaded only initializes value once[Iterations: 1,674]" classname="serie2.ex3.CounterModuloTest" time="0.006"/>
  <testcase name="MultiThreaded only initializes value once[Iterations: 1,675]" classname="serie2.ex3.CounterModuloTest" time="0.005"/>
  <testcase name="MultiThreaded only initializes value once[Iterations: 1,676]" classname="serie2.ex3.CounterModuloTest" time="0.007"/>
  <testcase name="MultiThreaded only initializes value once[Iterations: 1,677]" classname="serie2.ex3.CounterModuloTest" time="0.004"/>
  <testcase name="MultiThreaded only initializes value once[Iterations: 1,678]" classname="serie2.ex3.CounterModuloTest" time="0.005"/>
  <testcase name="MultiThreaded only initializes value once[Iterations: 1,679]" classname="serie2.ex3.CounterModuloTest" time="0.013"/>
  <testcase name="MultiThreaded only initializes value once[Iterations: 1,680]" classname="serie2.ex3.CounterModuloTest" time="0.069"/>
  <testcase name="MultiThreaded only initializes value once[Iterations: 1,681]" classname="serie2.ex3.CounterModuloTest" time="0.006"/>
  <testcase name="MultiThreaded only initializes value once[Iterations: 1,682]" classname="serie2.ex3.CounterModuloTest" time="0.004"/>
  <testcase name="MultiThreaded only initializes value once[Iterations: 1,683]" classname="serie2.ex3.CounterModuloTest" time="0.006"/>
  <testcase name="MultiThreaded only initializes value once[Iterations: 1,684]" classname="serie2.ex3.CounterModuloTest" time="0.007"/>
  <testcase name="MultiThreaded only initializes value once[Iterations: 1,685]" classname="serie2.ex3.CounterModuloTest" time="0.005"/>
  <testcase name="MultiThreaded only initializes value once[Iterations: 1,686]" classname="serie2.ex3.CounterModuloTest" time="0.008"/>
  <testcase name="MultiThreaded only initializes value once[Iterations: 1,687]" classname="serie2.ex3.CounterModuloTest" time="0.005"/>
  <testcase name="MultiThreaded only initializes value once[Iterations: 1,688]" classname="serie2.ex3.CounterModuloTest" time="0.005"/>
  <testcase name="MultiThreaded only initializes value once[Iterations: 1,689]" classname="serie2.ex3.CounterModuloTest" time="0.005"/>
  <testcase name="MultiThreaded only initializes value once[Iterations: 1,690]" classname="serie2.ex3.CounterModuloTest" time="0.004"/>
  <testcase name="MultiThreaded only initializes value once[Iterations: 1,691]" classname="serie2.ex3.CounterModuloTest" time="0.004"/>
  <testcase name="MultiThreaded only initializes value once[Iterations: 1,692]" classname="serie2.ex3.CounterModuloTest" time="0.004"/>
  <testcase name="MultiThreaded only initializes value once[Iterations: 1,693]" classname="serie2.ex3.CounterModuloTest" time="0.003"/>
  <testcase name="MultiThreaded only initializes value once[Iterations: 1,694]" classname="serie2.ex3.CounterModuloTest" time="0.005"/>
  <testcase name="MultiThreaded only initializes value once[Iterations: 1,695]" classname="serie2.ex3.CounterModuloTest" time="0.003"/>
  <testcase name="MultiThreaded only initializes value once[Iterations: 1,696]" classname="serie2.ex3.CounterModuloTest" time="0.004"/>
  <testcase name="MultiThreaded only initializes value once[Iterations: 1,697]" classname="serie2.ex3.CounterModuloTest" time="0.003"/>
  <testcase name="MultiThreaded only initializes value once[Iterations: 1,698]" classname="serie2.ex3.CounterModuloTest" time="0.004"/>
  <testcase name="MultiThreaded only initializes value once[Iterations: 1,699]" classname="serie2.ex3.CounterModuloTest" time="0.007"/>
  <testcase name="MultiThreaded only initializes value once[Iterations: 1,700]" classname="serie2.ex3.CounterModuloTest" time="0.003"/>
  <testcase name="MultiThreaded only initializes value once[Iterations: 1,701]" classname="serie2.ex3.CounterModuloTest" time="0.004"/>
  <testcase name="MultiThreaded only initializes value once[Iterations: 1,702]" classname="serie2.ex3.CounterModuloTest" time="0.003"/>
  <testcase name="MultiThreaded only initializes value once[Iterations: 1,703]" classname="serie2.ex3.CounterModuloTest" time="0.004"/>
  <testcase name="MultiThreaded only initializes value once[Iterations: 1,704]" classname="serie2.ex3.CounterModuloTest" time="0.003"/>
  <testcase name="MultiThreaded only initializes value once[Iterations: 1,705]" classname="serie2.ex3.CounterModuloTest" time="0.004"/>
  <testcase name="MultiThreaded only initializes value once[Iterations: 1,706]" classname="serie2.ex3.CounterModuloTest" time="0.003"/>
  <testcase name="MultiThreaded only initializes value once[Iterations: 1,707]" classname="serie2.ex3.CounterModuloTest" time="0.004"/>
  <testcase name="MultiThreaded only initializes value once[Iterations: 1,708]" classname="serie2.ex3.CounterModuloTest" time="0.004"/>
  <testcase name="MultiThreaded only initializes value once[Iterations: 1,709]" classname="serie2.ex3.CounterModuloTest" time="0.004"/>
  <testcase name="MultiThreaded only initializes value once[Iterations: 1,710]" classname="serie2.ex3.CounterModuloTest" time="0.005"/>
  <testcase name="MultiThreaded only initializes value once[Iterations: 1,711]" classname="serie2.ex3.CounterModuloTest" time="0.003"/>
  <testcase name="MultiThreaded only initializes value once[Iterations: 1,712]" classname="serie2.ex3.CounterModuloTest" time="0.004"/>
  <testcase name="MultiThreaded only initializes value once[Iterations: 1,713]" classname="serie2.ex3.CounterModuloTest" time="0.003"/>
  <testcase name="MultiThreaded only initializes value once[Iterations: 1,714]" classname="serie2.ex3.CounterModuloTest" time="0.004"/>
  <testcase name="MultiThreaded only initializes value once[Iterations: 1,715]" classname="serie2.ex3.CounterModuloTest" time="0.004"/>
  <testcase name="MultiThreaded only initializes value once[Iterations: 1,716]" classname="serie2.ex3.CounterModuloTest" time="0.003"/>
  <testcase name="MultiThreaded only initializes value once[Iterations: 1,717]" classname="serie2.ex3.CounterModuloTest" time="0.004"/>
  <testcase name="MultiThreaded only initializes value once[Iterations: 1,718]" classname="serie2.ex3.CounterModuloTest" time="0.004"/>
  <testcase name="MultiThreaded only initializes value once[Iterations: 1,719]" classname="serie2.ex3.CounterModuloTest" time="0.003"/>
  <testcase name="MultiThreaded only initializes value once[Iterations: 1,720]" classname="serie2.ex3.CounterModuloTest" time="0.003"/>
  <testcase name="MultiThreaded only initializes value once[Iterations: 1,721]" classname="serie2.ex3.CounterModuloTest" time="0.004"/>
  <testcase name="MultiThreaded only initializes value once[Iterations: 1,722]" classname="serie2.ex3.CounterModuloTest" time="0.003"/>
  <testcase name="MultiThreaded only initializes value once[Iterations: 1,723]" classname="serie2.ex3.CounterModuloTest" time="0.005"/>
  <testcase name="MultiThreaded only initializes value once[Iterations: 1,724]" classname="serie2.ex3.CounterModuloTest" time="0.003"/>
  <testcase name="MultiThreaded only initializes value once[Iterations: 1,725]" classname="serie2.ex3.CounterModuloTest" time="0.003"/>
  <testcase name="MultiThreaded only initializes value once[Iterations: 1,726]" classname="serie2.ex3.CounterModuloTest" time="0.003"/>
  <testcase name="MultiThreaded only initializes value once[Iterations: 1,727]" classname="serie2.ex3.CounterModuloTest" time="0.006"/>
  <testcase name="MultiThreaded only initializes value once[Iterations: 1,728]" classname="serie2.ex3.CounterModuloTest" time="0.004"/>
  <testcase name="MultiThreaded only initializes value once[Iterations: 1,729]" classname="serie2.ex3.CounterModuloTest" time="0.003"/>
  <testcase name="MultiThreaded only initializes value once[Iterations: 1,730]" classname="serie2.ex3.CounterModuloTest" time="0.004"/>
  <testcase name="MultiThreaded only initializes value once[Iterations: 1,731]" classname="serie2.ex3.CounterModuloTest" time="0.004"/>
  <testcase name="MultiThreaded only initializes value once[Iterations: 1,732]" classname="serie2.ex3.CounterModuloTest" time="0.004"/>
  <testcase name="MultiThreaded only initializes value once[Iterations: 1,733]" classname="serie2.ex3.CounterModuloTest" time="0.003"/>
  <testcase name="MultiThreaded only initializes value once[Iterations: 1,734]" classname="serie2.ex3.CounterModuloTest" time="0.004"/>
  <testcase name="MultiThreaded only initializes value once[Iterations: 1,735]" classname="serie2.ex3.CounterModuloTest" time="0.004"/>
  <testcase name="MultiThreaded only initializes value once[Iterations: 1,736]" classname="serie2.ex3.CounterModuloTest" time="0.004"/>
  <testcase name="MultiThreaded only initializes value once[Iterations: 1,737]" classname="serie2.ex3.CounterModuloTest" time="0.004"/>
  <testcase name="MultiThreaded only initializes value once[Iterations: 1,738]" classname="serie2.ex3.CounterModuloTest" time="0.004"/>
  <testcase name="MultiThreaded only initializes value once[Iterations: 1,739]" classname="serie2.ex3.CounterModuloTest" time="0.003"/>
  <testcase name="MultiThreaded only initializes value once[Iterations: 1,740]" classname="serie2.ex3.CounterModuloTest" time="0.002"/>
  <testcase name="MultiThreaded only initializes value once[Iterations: 1,741]" classname="serie2.ex3.CounterModuloTest" time="0.003"/>
  <testcase name="MultiThreaded only initializes value once[Iterations: 1,742]" classname="serie2.ex3.CounterModuloTest" time="0.003"/>
  <testcase name="MultiThreaded only initializes value once[Iterations: 1,743]" classname="serie2.ex3.CounterModuloTest" time="0.005"/>
  <testcase name="MultiThreaded only initializes value once[Iterations: 1,744]" classname="serie2.ex3.CounterModuloTest" time="0.004"/>
  <testcase name="MultiThreaded only initializes value once[Iterations: 1,745]" classname="serie2.ex3.CounterModuloTest" time="0.004"/>
  <testcase name="MultiThreaded only initializes value once[Iterations: 1,746]" classname="serie2.ex3.CounterModuloTest" time="0.003"/>
  <testcase name="MultiThreaded only initializes value once[Iterations: 1,747]" classname="serie2.ex3.CounterModuloTest" time="0.003"/>
  <testcase name="MultiThreaded only initializes value once[Iterations: 1,748]" classname="serie2.ex3.CounterModuloTest" time="0.003"/>
  <testcase name="MultiThreaded only initializes value once[Iterations: 1,749]" classname="serie2.ex3.CounterModuloTest" time="0.003"/>
  <testcase name="MultiThreaded only initializes value once[Iterations: 1,750]" classname="serie2.ex3.CounterModuloTest" time="0.004"/>
  <testcase name="MultiThreaded only initializes value once[Iterations: 1,751]" classname="serie2.ex3.CounterModuloTest" time="0.003"/>
  <testcase name="MultiThreaded only initializes value once[Iterations: 1,752]" classname="serie2.ex3.CounterModuloTest" time="0.004"/>
  <testcase name="MultiThreaded only initializes value once[Iterations: 1,753]" classname="serie2.ex3.CounterModuloTest" time="0.003"/>
  <testcase name="MultiThreaded only initializes value once[Iterations: 1,754]" classname="serie2.ex3.CounterModuloTest" time="0.003"/>
  <testcase name="MultiThreaded only initializes value once[Iterations: 1,755]" classname="serie2.ex3.CounterModuloTest" time="0.005"/>
  <testcase name="MultiThreaded only initializes value once[Iterations: 1,756]" classname="serie2.ex3.CounterModuloTest" time="0.003"/>
  <testcase name="MultiThreaded only initializes value once[Iterations: 1,757]" classname="serie2.ex3.CounterModuloTest" time="0.004"/>
  <testcase name="MultiThreaded only initializes value once[Iterations: 1,758]" classname="serie2.ex3.CounterModuloTest" time="0.003"/>
  <testcase name="MultiThreaded only initializes value once[Iterations: 1,759]" classname="serie2.ex3.CounterModuloTest" time="0.004"/>
  <testcase name="MultiThreaded only initializes value once[Iterations: 1,760]" classname="serie2.ex3.CounterModuloTest" time="0.004"/>
  <testcase name="MultiThreaded only initializes value once[Iterations: 1,761]" classname="serie2.ex3.CounterModuloTest" time="0.003"/>
  <testcase name="MultiThreaded only initializes value once[Iterations: 1,762]" classname="serie2.ex3.CounterModuloTest" time="0.003"/>
  <testcase name="MultiThreaded only initializes value once[Iterations: 1,763]" classname="serie2.ex3.CounterModuloTest" time="0.003"/>
  <testcase name="MultiThreaded only initializes value once[Iterations: 1,764]" classname="serie2.ex3.CounterModuloTest" time="0.003"/>
  <testcase name="MultiThreaded only initializes value once[Iterations: 1,765]" classname="serie2.ex3.CounterModuloTest" time="0.004"/>
  <testcase name="MultiThreaded only initializes value once[Iterations: 1,766]" classname="serie2.ex3.CounterModuloTest" time="0.003"/>
  <testcase name="MultiThreaded only initializes value once[Iterations: 1,767]" classname="serie2.ex3.CounterModuloTest" time="0.003"/>
  <testcase name="MultiThreaded only initializes value once[Iterations: 1,768]" classname="serie2.ex3.CounterModuloTest" time="0.003"/>
  <testcase name="MultiThreaded only initializes value once[Iterations: 1,769]" classname="serie2.ex3.CounterModuloTest" time="0.003"/>
  <testcase name="MultiThreaded only initializes value once[Iterations: 1,770]" classname="serie2.ex3.CounterModuloTest" time="0.004"/>
  <testcase name="MultiThreaded only initializes value once[Iterations: 1,771]" classname="serie2.ex3.CounterModuloTest" time="0.003"/>
  <testcase name="MultiThreaded only initializes value once[Iterations: 1,772]" classname="serie2.ex3.CounterModuloTest" time="0.003"/>
  <testcase name="MultiThreaded only initializes value once[Iterations: 1,773]" classname="serie2.ex3.CounterModuloTest" time="0.003"/>
  <testcase name="MultiThreaded only initializes value once[Iterations: 1,774]" classname="serie2.ex3.CounterModuloTest" time="0.003"/>
  <testcase name="MultiThreaded only initializes value once[Iterations: 1,775]" classname="serie2.ex3.CounterModuloTest" time="0.004"/>
  <testcase name="MultiThreaded only initializes value once[Iterations: 1,776]" classname="serie2.ex3.CounterModuloTest" time="0.003"/>
  <testcase name="MultiThreaded only initializes value once[Iterations: 1,777]" classname="serie2.ex3.CounterModuloTest" time="0.004"/>
  <testcase name="MultiThreaded only initializes value once[Iterations: 1,778]" classname="serie2.ex3.CounterModuloTest" time="0.003"/>
  <testcase name="MultiThreaded only initializes value once[Iterations: 1,779]" classname="serie2.ex3.CounterModuloTest" time="0.003"/>
  <testcase name="MultiThreaded only initializes value once[Iterations: 1,780]" classname="serie2.ex3.CounterModuloTest" time="0.004"/>
  <testcase name="MultiThreaded only initializes value once[Iterations: 1,781]" classname="serie2.ex3.CounterModuloTest" time="0.003"/>
  <testcase name="MultiThreaded only initializes value once[Iterations: 1,782]" classname="serie2.ex3.CounterModuloTest" time="0.004"/>
  <testcase name="MultiThreaded only initializes value once[Iterations: 1,783]" classname="serie2.ex3.CounterModuloTest" time="0.003"/>
  <testcase name="MultiThreaded only initializes value once[Iterations: 1,784]" classname="serie2.ex3.CounterModuloTest" time="0.004"/>
  <testcase name="MultiThreaded only initializes value once[Iterations: 1,785]" classname="serie2.ex3.CounterModuloTest" time="0.003"/>
  <testcase name="MultiThreaded only initializes value once[Iterations: 1,786]" classname="serie2.ex3.CounterModuloTest" time="0.003"/>
  <testcase name="MultiThreaded only initializes value once[Iterations: 1,787]" classname="serie2.ex3.CounterModuloTest" time="0.003"/>
  <testcase name="MultiThreaded only initializes value once[Iterations: 1,788]" classname="serie2.ex3.CounterModuloTest" time="0.003"/>
  <testcase name="MultiThreaded only initializes value once[Iterations: 1,789]" classname="serie2.ex3.CounterModuloTest" time="0.003"/>
  <testcase name="MultiThreaded only initializes value once[Iterations: 1,790]" classname="serie2.ex3.CounterModuloTest" time="0.003"/>
  <testcase name="MultiThreaded only initializes value once[Iterations: 1,791]" classname="serie2.ex3.CounterModuloTest" time="0.003"/>
  <testcase name="MultiThreaded only initializes value once[Iterations: 1,792]" classname="serie2.ex3.CounterModuloTest" time="0.004"/>
  <testcase name="MultiThreaded only initializes value once[Iterations: 1,793]" classname="serie2.ex3.CounterModuloTest" time="0.003"/>
  <testcase name="MultiThreaded only initializes value once[Iterations: 1,794]" classname="serie2.ex3.CounterModuloTest" time="0.004"/>
  <testcase name="MultiThreaded only initializes value once[Iterations: 1,795]" classname="serie2.ex3.CounterModuloTest" time="0.003"/>
  <testcase name="MultiThreaded only initializes value once[Iterations: 1,796]" classname="serie2.ex3.CounterModuloTest" time="0.003"/>
  <testcase name="MultiThreaded only initializes value once[Iterations: 1,797]" classname="serie2.ex3.CounterModuloTest" time="0.004"/>
  <testcase name="MultiThreaded only initializes value once[Iterations: 1,798]" classname="serie2.ex3.CounterModuloTest" time="0.003"/>
  <testcase name="MultiThreaded only initializes value once[Iterations: 1,799]" classname="serie2.ex3.CounterModuloTest" time="0.004"/>
  <testcase name="MultiThreaded only initializes value once[Iterations: 1,800]" classname="serie2.ex3.CounterModuloTest" time="0.003"/>
  <testcase name="MultiThreaded only initializes value once[Iterations: 1,801]" classname="serie2.ex3.CounterModuloTest" time="0.003"/>
  <testcase name="MultiThreaded only initializes value once[Iterations: 1,802]" classname="serie2.ex3.CounterModuloTest" time="0.004"/>
  <testcase name="MultiThreaded only initializes value once[Iterations: 1,803]" classname="serie2.ex3.CounterModuloTest" time="0.003"/>
  <testcase name="MultiThreaded only initializes value once[Iterations: 1,804]" classname="serie2.ex3.CounterModuloTest" time="0.003"/>
  <testcase name="MultiThreaded only initializes value once[Iterations: 1,805]" classname="serie2.ex3.CounterModuloTest" time="0.003"/>
  <testcase name="MultiThreaded only initializes value once[Iterations: 1,806]" classname="serie2.ex3.CounterModuloTest" time="0.003"/>
  <testcase name="MultiThreaded only initializes value once[Iterations: 1,807]" classname="serie2.ex3.CounterModuloTest" time="0.004"/>
  <testcase name="MultiThreaded only initializes value once[Iterations: 1,808]" classname="serie2.ex3.CounterModuloTest" time="0.003"/>
  <testcase name="MultiThreaded only initializes value once[Iterations: 1,809]" classname="serie2.ex3.CounterModuloTest" time="0.004"/>
  <testcase name="MultiThreaded only initializes value once[Iterations: 1,810]" classname="serie2.ex3.CounterModuloTest" time="0.003"/>
  <testcase name="MultiThreaded only initializes value once[Iterations: 1,811]" classname="serie2.ex3.CounterModuloTest" time="0.007"/>
  <testcase name="MultiThreaded only initializes value once[Iterations: 1,812]" classname="serie2.ex3.CounterModuloTest" time="0.003"/>
  <testcase name="MultiThreaded only initializes value once[Iterations: 1,813]" classname="serie2.ex3.CounterModuloTest" time="0.003"/>
  <testcase name="MultiThreaded only initializes value once[Iterations: 1,814]" classname="serie2.ex3.CounterModuloTest" time="0.004"/>
  <testcase name="MultiThreaded only initializes value once[Iterations: 1,815]" classname="serie2.ex3.CounterModuloTest" time="0.003"/>
  <testcase name="MultiThreaded only initializes value once[Iterations: 1,816]" classname="serie2.ex3.CounterModuloTest" time="0.003"/>
  <testcase name="MultiThreaded only initializes value once[Iterations: 1,817]" classname="serie2.ex3.CounterModuloTest" time="0.004"/>
  <testcase name="MultiThreaded only initializes value once[Iterations: 1,818]" classname="serie2.ex3.CounterModuloTest" time="0.003"/>
  <testcase name="MultiThreaded only initializes value once[Iterations: 1,819]" classname="serie2.ex3.CounterModuloTest" time="0.003"/>
  <testcase name="MultiThreaded only initializes value once[Iterations: 1,820]" classname="serie2.ex3.CounterModuloTest" time="0.003"/>
  <testcase name="MultiThreaded only initializes value once[Iterations: 1,821]" classname="serie2.ex3.CounterModuloTest" time="0.003"/>
  <testcase name="MultiThreaded only initializes value once[Iterations: 1,822]" classname="serie2.ex3.CounterModuloTest" time="0.003"/>
  <testcase name="MultiThreaded only initializes value once[Iterations: 1,823]" classname="serie2.ex3.CounterModuloTest" time="0.004"/>
  <testcase name="MultiThreaded only initializes value once[Iterations: 1,824]" classname="serie2.ex3.CounterModuloTest" time="0.003"/>
  <testcase name="MultiThreaded only initializes value once[Iterations: 1,825]" classname="serie2.ex3.CounterModuloTest" time="0.003"/>
  <testcase name="MultiThreaded only initializes value once[Iterations: 1,826]" classname="serie2.ex3.CounterModuloTest" time="0.003"/>
  <testcase name="MultiThreaded only initializes value once[Iterations: 1,827]" classname="serie2.ex3.CounterModuloTest" time="0.004"/>
  <testcase name="MultiThreaded only initializes value once[Iterations: 1,828]" classname="serie2.ex3.CounterModuloTest" time="0.004"/>
  <testcase name="MultiThreaded only initializes value once[Iterations: 1,829]" classname="serie2.ex3.CounterModuloTest" time="0.003"/>
  <testcase name="MultiThreaded only initializes value once[Iterations: 1,830]" classname="serie2.ex3.CounterModuloTest" time="0.003"/>
  <testcase name="MultiThreaded only initializes value once[Iterations: 1,831]" classname="serie2.ex3.CounterModuloTest" time="0.003"/>
  <testcase name="MultiThreaded only initializes value once[Iterations: 1,832]" classname="serie2.ex3.CounterModuloTest" time="0.002"/>
  <testcase name="MultiThreaded only initializes value once[Iterations: 1,833]" classname="serie2.ex3.CounterModuloTest" time="0.002"/>
  <testcase name="MultiThreaded only initializes value once[Iterations: 1,834]" classname="serie2.ex3.CounterModuloTest" time="0.003"/>
  <testcase name="MultiThreaded only initializes value once[Iterations: 1,835]" classname="serie2.ex3.CounterModuloTest" time="0.003"/>
  <testcase name="MultiThreaded only initializes value once[Iterations: 1,836]" classname="serie2.ex3.CounterModuloTest" time="0.003"/>
  <testcase name="MultiThreaded only initializes value once[Iterations: 1,837]" classname="serie2.ex3.CounterModuloTest" time="0.003"/>
  <testcase name="MultiThreaded only initializes value once[Iterations: 1,838]" classname="serie2.ex3.CounterModuloTest" time="0.003"/>
  <testcase name="MultiThreaded only initializes value once[Iterations: 1,839]" classname="serie2.ex3.CounterModuloTest" time="0.003"/>
  <testcase name="MultiThreaded only initializes value once[Iterations: 1,840]" classname="serie2.ex3.CounterModuloTest" time="0.003"/>
  <testcase name="MultiThreaded only initializes value once[Iterations: 1,841]" classname="serie2.ex3.CounterModuloTest" time="0.003"/>
  <testcase name="MultiThreaded only initializes value once[Iterations: 1,842]" classname="serie2.ex3.CounterModuloTest" time="0.003"/>
  <testcase name="MultiThreaded only initializes value once[Iterations: 1,843]" classname="serie2.ex3.CounterModuloTest" time="0.004"/>
  <testcase name="MultiThreaded only initializes value once[Iterations: 1,844]" classname="serie2.ex3.CounterModuloTest" time="0.003"/>
  <testcase name="MultiThreaded only initializes value once[Iterations: 1,845]" classname="serie2.ex3.CounterModuloTest" time="0.003"/>
  <testcase name="MultiThreaded only initializes value once[Iterations: 1,846]" classname="serie2.ex3.CounterModuloTest" time="0.003"/>
  <testcase name="MultiThreaded only initializes value once[Iterations: 1,847]" classname="serie2.ex3.CounterModuloTest" time="0.004"/>
  <testcase name="MultiThreaded only initializes value once[Iterations: 1,848]" classname="serie2.ex3.CounterModuloTest" time="0.003"/>
  <testcase name="MultiThreaded only initializes value once[Iterations: 1,849]" classname="serie2.ex3.CounterModuloTest" time="0.004"/>
  <testcase name="MultiThreaded only initializes value once[Iterations: 1,850]" classname="serie2.ex3.CounterModuloTest" time="0.003"/>
  <testcase name="MultiThreaded only initializes value once[Iterations: 1,851]" classname="serie2.ex3.CounterModuloTest" time="0.003"/>
  <testcase name="MultiThreaded only initializes value once[Iterations: 1,852]" classname="serie2.ex3.CounterModuloTest" time="0.003"/>
  <testcase name="MultiThreaded only initializes value once[Iterations: 1,853]" classname="serie2.ex3.CounterModuloTest" time="0.004"/>
  <testcase name="MultiThreaded only initializes value once[Iterations: 1,854]" classname="serie2.ex3.CounterModuloTest" time="0.003"/>
  <testcase name="MultiThreaded only initializes value once[Iterations: 1,855]" classname="serie2.ex3.CounterModuloTest" time="0.004"/>
  <testcase name="MultiThreaded only initializes value once[Iterations: 1,856]" classname="serie2.ex3.CounterModuloTest" time="0.003"/>
  <testcase name="MultiThreaded only initializes value once[Iterations: 1,857]" classname="serie2.ex3.CounterModuloTest" time="0.004"/>
  <testcase name="MultiThreaded only initializes value once[Iterations: 1,858]" classname="serie2.ex3.CounterModuloTest" time="0.003"/>
  <testcase name="MultiThreaded only initializes value once[Iterations: 1,859]" classname="serie2.ex3.CounterModuloTest" time="0.003"/>
  <testcase name="MultiThreaded only initializes value once[Iterations: 1,860]" classname="serie2.ex3.CounterModuloTest" time="0.004"/>
  <testcase name="MultiThreaded only initializes value once[Iterations: 1,861]" classname="serie2.ex3.CounterModuloTest" time="0.003"/>
  <testcase name="MultiThreaded only initializes value once[Iterations: 1,862]" classname="serie2.ex3.CounterModuloTest" time="0.004"/>
  <testcase name="MultiThreaded only initializes value once[Iterations: 1,863]" classname="serie2.ex3.CounterModuloTest" time="0.003"/>
  <testcase name="MultiThreaded only initializes value once[Iterations: 1,864]" classname="serie2.ex3.CounterModuloTest" time="0.003"/>
  <testcase name="MultiThreaded only initializes value once[Iterations: 1,865]" classname="serie2.ex3.CounterModuloTest" time="0.004"/>
  <testcase name="MultiThreaded only initializes value once[Iterations: 1,866]" classname="serie2.ex3.CounterModuloTest" time="0.003"/>
  <testcase name="MultiThreaded only initializes value once[Iterations: 1,867]" classname="serie2.ex3.CounterModuloTest" time="0.003"/>
  <testcase name="MultiThreaded only initializes value once[Iterations: 1,868]" classname="serie2.ex3.CounterModuloTest" time="0.003"/>
  <testcase name="MultiThreaded only initializes value once[Iterations: 1,869]" classname="serie2.ex3.CounterModuloTest" time="0.004"/>
  <testcase name="MultiThreaded only initializes value once[Iterations: 1,870]" classname="serie2.ex3.CounterModuloTest" time="0.003"/>
  <testcase name="MultiThreaded only initializes value once[Iterations: 1,871]" classname="serie2.ex3.CounterModuloTest" time="0.003"/>
  <testcase name="MultiThreaded only initializes value once[Iterations: 1,872]" classname="serie2.ex3.CounterModuloTest" time="0.003"/>
  <testcase name="MultiThreaded only initializes value once[Iterations: 1,873]" classname="serie2.ex3.CounterModuloTest" time="0.003"/>
  <testcase name="MultiThreaded only initializes value once[Iterations: 1,874]" classname="serie2.ex3.CounterModuloTest" time="0.003"/>
  <testcase name="MultiThreaded only initializes value once[Iterations: 1,875]" classname="serie2.ex3.CounterModuloTest" time="0.003"/>
  <testcase name="MultiThreaded only initializes value once[Iterations: 1,876]" classname="serie2.ex3.CounterModuloTest" time="0.003"/>
  <testcase name="MultiThreaded only initializes value once[Iterations: 1,877]" classname="serie2.ex3.CounterModuloTest" time="0.003"/>
  <testcase name="MultiThreaded only initializes value once[Iterations: 1,878]" classname="serie2.ex3.CounterModuloTest" time="0.003"/>
  <testcase name="MultiThreaded only initializes value once[Iterations: 1,879]" classname="serie2.ex3.CounterModuloTest" time="0.003"/>
  <testcase name="MultiThreaded only initializes value once[Iterations: 1,880]" classname="serie2.ex3.CounterModuloTest" time="0.004"/>
  <testcase name="MultiThreaded only initializes value once[Iterations: 1,881]" classname="serie2.ex3.CounterModuloTest" time="0.003"/>
  <testcase name="MultiThreaded only initializes value once[Iterations: 1,882]" classname="serie2.ex3.CounterModuloTest" time="0.003"/>
  <testcase name="MultiThreaded only initializes value once[Iterations: 1,883]" classname="serie2.ex3.CounterModuloTest" time="0.004"/>
  <testcase name="MultiThreaded only initializes value once[Iterations: 1,884]" classname="serie2.ex3.CounterModuloTest" time="0.003"/>
  <testcase name="MultiThreaded only initializes value once[Iterations: 1,885]" classname="serie2.ex3.CounterModuloTest" time="0.003"/>
  <testcase name="MultiThreaded only initializes value once[Iterations: 1,886]" classname="serie2.ex3.CounterModuloTest" time="0.003"/>
  <testcase name="MultiThreaded only initializes value once[Iterations: 1,887]" classname="serie2.ex3.CounterModuloTest" time="0.003"/>
  <testcase name="MultiThreaded only initializes value once[Iterations: 1,888]" classname="serie2.ex3.CounterModuloTest" time="0.003"/>
  <testcase name="MultiThreaded only initializes value once[Iterations: 1,889]" classname="serie2.ex3.CounterModuloTest" time="0.004"/>
  <testcase name="MultiThreaded only initializes value once[Iterations: 1,890]" classname="serie2.ex3.CounterModuloTest" time="0.004"/>
  <testcase name="MultiThreaded only initializes value once[Iterations: 1,891]" classname="serie2.ex3.CounterModuloTest" time="0.004"/>
  <testcase name="MultiThreaded only initializes value once[Iterations: 1,892]" classname="serie2.ex3.CounterModuloTest" time="0.003"/>
  <testcase name="MultiThreaded only initializes value once[Iterations: 1,893]" classname="serie2.ex3.CounterModuloTest" time="0.006"/>
  <testcase name="MultiThreaded only initializes value once[Iterations: 1,894]" classname="serie2.ex3.CounterModuloTest" time="0.004"/>
  <testcase name="MultiThreaded only initializes value once[Iterations: 1,895]" classname="serie2.ex3.CounterModuloTest" time="0.003"/>
  <testcase name="MultiThreaded only initializes value once[Iterations: 1,896]" classname="serie2.ex3.CounterModuloTest" time="0.004"/>
  <testcase name="MultiThreaded only initializes value once[Iterations: 1,897]" classname="serie2.ex3.CounterModuloTest" time="0.004"/>
  <testcase name="MultiThreaded only initializes value once[Iterations: 1,898]" classname="serie2.ex3.CounterModuloTest" time="0.003"/>
  <testcase name="MultiThreaded only initializes value once[Iterations: 1,899]" classname="serie2.ex3.CounterModuloTest" time="0.003"/>
  <testcase name="MultiThreaded only initializes value once[Iterations: 1,900]" classname="serie2.ex3.CounterModuloTest" time="0.003"/>
  <testcase name="MultiThreaded only initializes value once[Iterations: 1,901]" classname="serie2.ex3.CounterModuloTest" time="0.004"/>
  <testcase name="MultiThreaded only initializes value once[Iterations: 1,902]" classname="serie2.ex3.CounterModuloTest" time="0.003"/>
  <testcase name="MultiThreaded only initializes value once[Iterations: 1,903]" classname="serie2.ex3.CounterModuloTest" time="0.003"/>
  <testcase name="MultiThreaded only initializes value once[Iterations: 1,904]" classname="serie2.ex3.CounterModuloTest" time="0.003"/>
  <testcase name="MultiThreaded only initializes value once[Iterations: 1,905]" classname="serie2.ex3.CounterModuloTest" time="0.003"/>
  <testcase name="MultiThreaded only initializes value once[Iterations: 1,906]" classname="serie2.ex3.CounterModuloTest" time="0.002"/>
  <testcase name="MultiThreaded only initializes value once[Iterations: 1,907]" classname="serie2.ex3.CounterModuloTest" time="0.004"/>
  <testcase name="MultiThreaded only initializes value once[Iterations: 1,908]" classname="serie2.ex3.CounterModuloTest" time="0.002"/>
  <testcase name="MultiThreaded only initializes value once[Iterations: 1,909]" classname="serie2.ex3.CounterModuloTest" time="0.002"/>
  <testcase name="MultiThreaded only initializes value once[Iterations: 1,910]" classname="serie2.ex3.CounterModuloTest" time="0.003"/>
  <testcase name="MultiThreaded only initializes value once[Iterations: 1,911]" classname="serie2.ex3.CounterModuloTest" time="0.003"/>
  <testcase name="MultiThreaded only initializes value once[Iterations: 1,912]" classname="serie2.ex3.CounterModuloTest" time="0.007"/>
  <testcase name="MultiThreaded only initializes value once[Iterations: 1,913]" classname="serie2.ex3.CounterModuloTest" time="0.003"/>
  <testcase name="MultiThreaded only initializes value once[Iterations: 1,914]" classname="serie2.ex3.CounterModuloTest" time="0.003"/>
  <testcase name="MultiThreaded only initializes value once[Iterations: 1,915]" classname="serie2.ex3.CounterModuloTest" time="0.004"/>
  <testcase name="MultiThreaded only initializes value once[Iterations: 1,916]" classname="serie2.ex3.CounterModuloTest" time="0.003"/>
  <testcase name="MultiThreaded only initializes value once[Iterations: 1,917]" classname="serie2.ex3.CounterModuloTest" time="0.004"/>
  <testcase name="MultiThreaded only initializes value once[Iterations: 1,918]" classname="serie2.ex3.CounterModuloTest" time="0.003"/>
  <testcase name="MultiThreaded only initializes value once[Iterations: 1,919]" classname="serie2.ex3.CounterModuloTest" time="0.003"/>
  <testcase name="MultiThreaded only initializes value once[Iterations: 1,920]" classname="serie2.ex3.CounterModuloTest" time="0.003"/>
  <testcase name="MultiThreaded only initializes value once[Iterations: 1,921]" classname="serie2.ex3.CounterModuloTest" time="0.003"/>
  <testcase name="MultiThreaded only initializes value once[Iterations: 1,922]" classname="serie2.ex3.CounterModuloTest" time="0.005"/>
  <testcase name="MultiThreaded only initializes value once[Iterations: 1,923]" classname="serie2.ex3.CounterModuloTest" time="0.003"/>
  <testcase name="MultiThreaded only initializes value once[Iterations: 1,924]" classname="serie2.ex3.CounterModuloTest" time="0.004"/>
  <testcase name="MultiThreaded only initializes value once[Iterations: 1,925]" classname="serie2.ex3.CounterModuloTest" time="0.004"/>
  <testcase name="MultiThreaded only initializes value once[Iterations: 1,926]" classname="serie2.ex3.CounterModuloTest" time="0.003"/>
  <testcase name="MultiThreaded only initializes value once[Iterations: 1,927]" classname="serie2.ex3.CounterModuloTest" time="0.004"/>
  <testcase name="MultiThreaded only initializes value once[Iterations: 1,928]" classname="serie2.ex3.CounterModuloTest" time="0.003"/>
  <testcase name="MultiThreaded only initializes value once[Iterations: 1,929]" classname="serie2.ex3.CounterModuloTest" time="0.004"/>
  <testcase name="MultiThreaded only initializes value once[Iterations: 1,930]" classname="serie2.ex3.CounterModuloTest" time="0.003"/>
  <testcase name="MultiThreaded only initializes value once[Iterations: 1,931]" classname="serie2.ex3.CounterModuloTest" time="0.004"/>
  <testcase name="MultiThreaded only initializes value once[Iterations: 1,932]" classname="serie2.ex3.CounterModuloTest" time="0.004"/>
  <testcase name="MultiThreaded only initializes value once[Iterations: 1,933]" classname="serie2.ex3.CounterModuloTest" time="0.004"/>
  <testcase name="MultiThreaded only initializes value once[Iterations: 1,934]" classname="serie2.ex3.CounterModuloTest" time="0.004"/>
  <testcase name="MultiThreaded only initializes value once[Iterations: 1,935]" classname="serie2.ex3.CounterModuloTest" time="0.003"/>
  <testcase name="MultiThreaded only initializes value once[Iterations: 1,936]" classname="serie2.ex3.CounterModuloTest" time="0.004"/>
  <testcase name="MultiThreaded only initializes value once[Iterations: 1,937]" classname="serie2.ex3.CounterModuloTest" time="0.003"/>
  <testcase name="MultiThreaded only initializes value once[Iterations: 1,938]" classname="serie2.ex3.CounterModuloTest" time="0.004"/>
  <testcase name="MultiThreaded only initializes value once[Iterations: 1,939]" classname="serie2.ex3.CounterModuloTest" time="0.004"/>
  <testcase name="MultiThreaded only initializes value once[Iterations: 1,940]" classname="serie2.ex3.CounterModuloTest" time="0.004"/>
  <testcase name="MultiThreaded only initializes value once[Iterations: 1,941]" classname="serie2.ex3.CounterModuloTest" time="0.003"/>
  <testcase name="MultiThreaded only initializes value once[Iterations: 1,942]" classname="serie2.ex3.CounterModuloTest" time="0.004"/>
  <testcase name="MultiThreaded only initializes value once[Iterations: 1,943]" classname="serie2.ex3.CounterModuloTest" time="0.004"/>
  <testcase name="MultiThreaded only initializes value once[Iterations: 1,944]" classname="serie2.ex3.CounterModuloTest" time="0.003"/>
  <testcase name="MultiThreaded only initializes value once[Iterations: 1,945]" classname="serie2.ex3.CounterModuloTest" time="0.004"/>
  <testcase name="MultiThreaded only initializes value once[Iterations: 1,946]" classname="serie2.ex3.CounterModuloTest" time="0.004"/>
  <testcase name="MultiThreaded only initializes value once[Iterations: 1,947]" classname="serie2.ex3.CounterModuloTest" time="0.004"/>
  <testcase name="MultiThreaded only initializes value once[Iterations: 1,948]" classname="serie2.ex3.CounterModuloTest" time="0.003"/>
  <testcase name="MultiThreaded only initializes value once[Iterations: 1,949]" classname="serie2.ex3.CounterModuloTest" time="0.004"/>
  <testcase name="MultiThreaded only initializes value once[Iterations: 1,950]" classname="serie2.ex3.CounterModuloTest" time="0.004"/>
  <testcase name="MultiThreaded only initializes value once[Iterations: 1,951]" classname="serie2.ex3.CounterModuloTest" time="0.003"/>
  <testcase name="MultiThreaded only initializes value once[Iterations: 1,952]" classname="serie2.ex3.CounterModuloTest" time="0.004"/>
  <testcase name="MultiThreaded only initializes value once[Iterations: 1,953]" classname="serie2.ex3.CounterModuloTest" time="0.003"/>
  <testcase name="MultiThreaded only initializes value once[Iterations: 1,954]" classname="serie2.ex3.CounterModuloTest" time="0.003"/>
  <testcase name="MultiThreaded only initializes value once[Iterations: 1,955]" classname="serie2.ex3.CounterModuloTest" time="0.004"/>
  <testcase name="MultiThreaded only initializes value once[Iterations: 1,956]" classname="serie2.ex3.CounterModuloTest" time="0.003"/>
  <testcase name="MultiThreaded only initializes value once[Iterations: 1,957]" classname="serie2.ex3.CounterModuloTest" time="0.003"/>
  <testcase name="MultiThreaded only initializes value once[Iterations: 1,958]" classname="serie2.ex3.CounterModuloTest" time="0.003"/>
  <testcase name="MultiThreaded only initializes value once[Iterations: 1,959]" classname="serie2.ex3.CounterModuloTest" time="0.003"/>
  <testcase name="MultiThreaded only initializes value once[Iterations: 1,960]" classname="serie2.ex3.CounterModuloTest" time="0.003"/>
  <testcase name="MultiThreaded only initializes value once[Iterations: 1,961]" classname="serie2.ex3.CounterModuloTest" time="0.003"/>
  <testcase name="MultiThreaded only initializes value once[Iterations: 1,962]" classname="serie2.ex3.CounterModuloTest" time="0.003"/>
  <testcase name="MultiThreaded only initializes value once[Iterations: 1,963]" classname="serie2.ex3.CounterModuloTest" time="0.003"/>
  <testcase name="MultiThreaded only initializes value once[Iterations: 1,964]" classname="serie2.ex3.CounterModuloTest" time="0.003"/>
  <testcase name="MultiThreaded only initializes value once[Iterations: 1,965]" classname="serie2.ex3.CounterModuloTest" time="0.003"/>
  <testcase name="MultiThreaded only initializes value once[Iterations: 1,966]" classname="serie2.ex3.CounterModuloTest" time="0.003"/>
  <testcase name="MultiThreaded only initializes value once[Iterations: 1,967]" classname="serie2.ex3.CounterModuloTest" time="0.003"/>
  <testcase name="MultiThreaded only initializes value once[Iterations: 1,968]" classname="serie2.ex3.CounterModuloTest" time="0.003"/>
  <testcase name="MultiThreaded only initializes value once[Iterations: 1,969]" classname="serie2.ex3.CounterModuloTest" time="0.003"/>
  <testcase name="MultiThreaded only initializes value once[Iterations: 1,970]" classname="serie2.ex3.CounterModuloTest" time="0.003"/>
  <testcase name="MultiThreaded only initializes value once[Iterations: 1,971]" classname="serie2.ex3.CounterModuloTest" time="0.003"/>
  <testcase name="MultiThreaded only initializes value once[Iterations: 1,972]" classname="serie2.ex3.CounterModuloTest" time="0.003"/>
  <testcase name="MultiThreaded only initializes value once[Iterations: 1,973]" classname="serie2.ex3.CounterModuloTest" time="0.003"/>
  <testcase name="MultiThreaded only initializes value once[Iterations: 1,974]" classname="serie2.ex3.CounterModuloTest" time="0.003"/>
  <testcase name="MultiThreaded only initializes value once[Iterations: 1,975]" classname="serie2.ex3.CounterModuloTest" time="0.004"/>
  <testcase name="MultiThreaded only initializes value once[Iterations: 1,976]" classname="serie2.ex3.CounterModuloTest" time="0.004"/>
  <testcase name="MultiThreaded only initializes value once[Iterations: 1,977]" classname="serie2.ex3.CounterModuloTest" time="0.005"/>
  <testcase name="MultiThreaded only initializes value once[Iterations: 1,978]" classname="serie2.ex3.CounterModuloTest" time="0.003"/>
  <testcase name="MultiThreaded only initializes value once[Iterations: 1,979]" classname="serie2.ex3.CounterModuloTest" time="0.003"/>
  <testcase name="MultiThreaded only initializes value once[Iterations: 1,980]" classname="serie2.ex3.CounterModuloTest" time="0.004"/>
  <testcase name="MultiThreaded only initializes value once[Iterations: 1,981]" classname="serie2.ex3.CounterModuloTest" time="0.003"/>
  <testcase name="MultiThreaded only initializes value once[Iterations: 1,982]" classname="serie2.ex3.CounterModuloTest" time="0.003"/>
  <testcase name="MultiThreaded only initializes value once[Iterations: 1,983]" classname="serie2.ex3.CounterModuloTest" time="0.004"/>
  <testcase name="MultiThreaded only initializes value once[Iterations: 1,984]" classname="serie2.ex3.CounterModuloTest" time="0.003"/>
  <testcase name="MultiThreaded only initializes value once[Iterations: 1,985]" classname="serie2.ex3.CounterModuloTest" time="0.003"/>
  <testcase name="MultiThreaded only initializes value once[Iterations: 1,986]" classname="serie2.ex3.CounterModuloTest" time="0.004"/>
  <testcase name="MultiThreaded only initializes value once[Iterations: 1,987]" classname="serie2.ex3.CounterModuloTest" time="0.003"/>
  <testcase name="MultiThreaded only initializes value once[Iterations: 1,988]" classname="serie2.ex3.CounterModuloTest" time="0.003"/>
  <testcase name="MultiThreaded only initializes value once[Iterations: 1,989]" classname="serie2.ex3.CounterModuloTest" time="0.004"/>
  <testcase name="MultiThreaded only initializes value once[Iterations: 1,990]" classname="serie2.ex3.CounterModuloTest" time="0.003"/>
  <testcase name="MultiThreaded only initializes value once[Iterations: 1,991]" classname="serie2.ex3.CounterModuloTest" time="0.003"/>
  <testcase name="MultiThreaded only initializes value once[Iterations: 1,992]" classname="serie2.ex3.CounterModuloTest" time="0.003"/>
  <testcase name="MultiThreaded only initializes value once[Iterations: 1,993]" classname="serie2.ex3.CounterModuloTest" time="0.004"/>
  <testcase name="MultiThreaded only initializes value once[Iterations: 1,994]" classname="serie2.ex3.CounterModuloTest" time="0.003"/>
  <testcase name="MultiThreaded only initializes value once[Iterations: 1,995]" classname="serie2.ex3.CounterModuloTest" time="0.003"/>
  <testcase name="MultiThreaded only initializes value once[Iterations: 1,996]" classname="serie2.ex3.CounterModuloTest" time="0.004"/>
  <testcase name="MultiThreaded only initializes value once[Iterations: 1,997]" classname="serie2.ex3.CounterModuloTest" time="0.003"/>
  <testcase name="MultiThreaded only initializes value once[Iterations: 1,998]" classname="serie2.ex3.CounterModuloTest" time="0.004"/>
  <testcase name="MultiThreaded only initializes value once[Iterations: 1,999]" classname="serie2.ex3.CounterModuloTest" time="0.003"/>
  <testcase name="MultiThreaded only initializes value once[Iterations: 2,000]" classname="serie2.ex3.CounterModuloTest" time="0.003"/>
  <testcase name="MultiThreaded only initializes value once[Iterations: 2,001]" classname="serie2.ex3.CounterModuloTest" time="0.003"/>
  <testcase name="MultiThreaded only initializes value once[Iterations: 2,002]" classname="serie2.ex3.CounterModuloTest" time="0.004"/>
  <testcase name="MultiThreaded only initializes value once[Iterations: 2,003]" classname="serie2.ex3.CounterModuloTest" time="0.002"/>
  <testcase name="MultiThreaded only initializes value once[Iterations: 2,004]" classname="serie2.ex3.CounterModuloTest" time="0.003"/>
  <testcase name="MultiThreaded only initializes value once[Iterations: 2,005]" classname="serie2.ex3.CounterModuloTest" time="0.003"/>
  <testcase name="MultiThreaded only initializes value once[Iterations: 2,006]" classname="serie2.ex3.CounterModuloTest" time="0.003"/>
  <testcase name="MultiThreaded only initializes value once[Iterations: 2,007]" classname="serie2.ex3.CounterModuloTest" time="0.004"/>
  <testcase name="MultiThreaded only initializes value once[Iterations: 2,008]" classname="serie2.ex3.CounterModuloTest" time="0.003"/>
  <testcase name="MultiThreaded only initializes value once[Iterations: 2,009]" classname="serie2.ex3.CounterModuloTest" time="0.003"/>
  <testcase name="MultiThreaded only initializes value once[Iterations: 2,010]" classname="serie2.ex3.CounterModuloTest" time="0.004"/>
  <testcase name="MultiThreaded only initializes value once[Iterations: 2,011]" classname="serie2.ex3.CounterModuloTest" time="0.003"/>
  <testcase name="MultiThreaded only initializes value once[Iterations: 2,012]" classname="serie2.ex3.CounterModuloTest" time="0.003"/>
  <testcase name="MultiThreaded only initializes value once[Iterations: 2,013]" classname="serie2.ex3.CounterModuloTest" time="0.004"/>
  <testcase name="MultiThreaded only initializes value once[Iterations: 2,014]" classname="serie2.ex3.CounterModuloTest" time="0.005"/>
  <testcase name="MultiThreaded only initializes value once[Iterations: 2,015]" classname="serie2.ex3.CounterModuloTest" time="0.004"/>
  <testcase name="MultiThreaded only initializes value once[Iterations: 2,016]" classname="serie2.ex3.CounterModuloTest" time="0.003"/>
  <testcase name="MultiThreaded only initializes value once[Iterations: 2,017]" classname="serie2.ex3.CounterModuloTest" time="0.003"/>
  <testcase name="MultiThreaded only initializes value once[Iterations: 2,018]" classname="serie2.ex3.CounterModuloTest" time="0.003"/>
  <testcase name="MultiThreaded only initializes value once[Iterations: 2,019]" classname="serie2.ex3.CounterModuloTest" time="0.003"/>
  <testcase name="MultiThreaded only initializes value once[Iterations: 2,020]" classname="serie2.ex3.CounterModuloTest" time="0.003"/>
  <testcase name="MultiThreaded only initializes value once[Iterations: 2,021]" classname="serie2.ex3.CounterModuloTest" time="0.008"/>
  <testcase name="MultiThreaded only initializes value once[Iterations: 2,022]" classname="serie2.ex3.CounterModuloTest" time="0.004"/>
  <testcase name="MultiThreaded only initializes value once[Iterations: 2,023]" classname="serie2.ex3.CounterModuloTest" time="0.003"/>
  <testcase name="MultiThreaded only initializes value once[Iterations: 2,024]" classname="serie2.ex3.CounterModuloTest" time="0.004"/>
  <testcase name="MultiThreaded only initializes value once[Iterations: 2,025]" classname="serie2.ex3.CounterModuloTest" time="0.003"/>
  <testcase name="MultiThreaded only initializes value once[Iterations: 2,026]" classname="serie2.ex3.CounterModuloTest" time="0.004"/>
  <testcase name="MultiThreaded only initializes value once[Iterations: 2,027]" classname="serie2.ex3.CounterModuloTest" time="0.003"/>
  <testcase name="MultiThreaded only initializes value once[Iterations: 2,028]" classname="serie2.ex3.CounterModuloTest" time="0.003"/>
  <testcase name="MultiThreaded only initializes value once[Iterations: 2,029]" classname="serie2.ex3.CounterModuloTest" time="0.003"/>
  <testcase name="MultiThreaded only initializes value once[Iterations: 2,030]" classname="serie2.ex3.CounterModuloTest" time="0.004"/>
  <testcase name="MultiThreaded only initializes value once[Iterations: 2,031]" classname="serie2.ex3.CounterModuloTest" time="0.003"/>
  <testcase name="MultiThreaded only initializes value once[Iterations: 2,032]" classname="serie2.ex3.CounterModuloTest" time="0.003"/>
  <testcase name="MultiThreaded only initializes value once[Iterations: 2,033]" classname="serie2.ex3.CounterModuloTest" time="0.004"/>
  <testcase name="MultiThreaded only initializes value once[Iterations: 2,034]" classname="serie2.ex3.CounterModuloTest" time="0.003"/>
  <testcase name="MultiThreaded only initializes value once[Iterations: 2,035]" classname="serie2.ex3.CounterModuloTest" time="0.003"/>
  <testcase name="MultiThreaded only initializes value once[Iterations: 2,036]" classname="serie2.ex3.CounterModuloTest" time="0.004"/>
  <testcase name="MultiThreaded only initializes value once[Iterations: 2,037]" classname="serie2.ex3.CounterModuloTest" time="0.003"/>
  <testcase name="MultiThreaded only initializes value once[Iterations: 2,038]" classname="serie2.ex3.CounterModuloTest" time="0.004"/>
  <testcase name="MultiThreaded only initializes value once[Iterations: 2,039]" classname="serie2.ex3.CounterModuloTest" time="0.004"/>
  <testcase name="MultiThreaded only initializes value once[Iterations: 2,040]" classname="serie2.ex3.CounterModuloTest" time="0.003"/>
  <testcase name="MultiThreaded only initializes value once[Iterations: 2,041]" classname="serie2.ex3.CounterModuloTest" time="0.004"/>
  <testcase name="MultiThreaded only initializes value once[Iterations: 2,042]" classname="serie2.ex3.CounterModuloTest" time="0.004"/>
  <testcase name="MultiThreaded only initializes value once[Iterations: 2,043]" classname="serie2.ex3.CounterModuloTest" time="0.003"/>
  <testcase name="MultiThreaded only initializes value once[Iterations: 2,044]" classname="serie2.ex3.CounterModuloTest" time="0.004"/>
  <testcase name="MultiThreaded only initializes value once[Iterations: 2,045]" classname="serie2.ex3.CounterModuloTest" time="0.003"/>
  <testcase name="MultiThreaded only initializes value once[Iterations: 2,046]" classname="serie2.ex3.CounterModuloTest" time="0.004"/>
  <testcase name="MultiThreaded only initializes value once[Iterations: 2,047]" classname="serie2.ex3.CounterModuloTest" time="0.005"/>
  <testcase name="MultiThreaded only initializes value once[Iterations: 2,048]" classname="serie2.ex3.CounterModuloTest" time="0.004"/>
  <testcase name="MultiThreaded only initializes value once[Iterations: 2,049]" classname="serie2.ex3.CounterModuloTest" time="0.004"/>
  <testcase name="MultiThreaded only initializes value once[Iterations: 2,050]" classname="serie2.ex3.CounterModuloTest" time="0.004"/>
  <testcase name="MultiThreaded only initializes value once[Iterations: 2,051]" classname="serie2.ex3.CounterModuloTest" time="0.004"/>
  <testcase name="MultiThreaded only initializes value once[Iterations: 2,052]" classname="serie2.ex3.CounterModuloTest" time="0.004"/>
  <testcase name="MultiThreaded only initializes value once[Iterations: 2,053]" classname="serie2.ex3.CounterModuloTest" time="0.004"/>
  <testcase name="MultiThreaded only initializes value once[Iterations: 2,054]" classname="serie2.ex3.CounterModuloTest" time="0.005"/>
  <testcase name="MultiThreaded only initializes value once[Iterations: 2,055]" classname="serie2.ex3.CounterModuloTest" time="0.004"/>
  <testcase name="MultiThreaded only initializes value once[Iterations: 2,056]" classname="serie2.ex3.CounterModuloTest" time="0.004"/>
  <testcase name="MultiThreaded only initializes value once[Iterations: 2,057]" classname="serie2.ex3.CounterModuloTest" time="0.004"/>
  <testcase name="MultiThreaded only initializes value once[Iterations: 2,058]" classname="serie2.ex3.CounterModuloTest" time="0.004"/>
  <testcase name="MultiThreaded only initializes value once[Iterations: 2,059]" classname="serie2.ex3.CounterModuloTest" time="0.004"/>
  <testcase name="MultiThreaded only initializes value once[Iterations: 2,060]" classname="serie2.ex3.CounterModuloTest" time="0.004"/>
  <testcase name="MultiThreaded only initializes value once[Iterations: 2,061]" classname="serie2.ex3.CounterModuloTest" time="0.004"/>
  <testcase name="MultiThreaded only initializes value once[Iterations: 2,062]" classname="serie2.ex3.CounterModuloTest" time="0.006"/>
  <testcase name="MultiThreaded only initializes value once[Iterations: 2,063]" classname="serie2.ex3.CounterModuloTest" time="0.004"/>
  <testcase name="MultiThreaded only initializes value once[Iterations: 2,064]" classname="serie2.ex3.CounterModuloTest" time="0.005"/>
  <testcase name="MultiThreaded only initializes value once[Iterations: 2,065]" classname="serie2.ex3.CounterModuloTest" time="0.004"/>
  <testcase name="MultiThreaded only initializes value once[Iterations: 2,066]" classname="serie2.ex3.CounterModuloTest" time="0.004"/>
  <testcase name="MultiThreaded only initializes value once[Iterations: 2,067]" classname="serie2.ex3.CounterModuloTest" time="0.004"/>
  <testcase name="MultiThreaded only initializes value once[Iterations: 2,068]" classname="serie2.ex3.CounterModuloTest" time="0.004"/>
  <testcase name="MultiThreaded only initializes value once[Iterations: 2,069]" classname="serie2.ex3.CounterModuloTest" time="0.005"/>
  <testcase name="MultiThreaded only initializes value once[Iterations: 2,070]" classname="serie2.ex3.CounterModuloTest" time="0.005"/>
  <testcase name="MultiThreaded only initializes value once[Iterations: 2,071]" classname="serie2.ex3.CounterModuloTest" time="0.003"/>
  <testcase name="MultiThreaded only initializes value once[Iterations: 2,072]" classname="serie2.ex3.CounterModuloTest" time="0.004"/>
  <testcase name="MultiThreaded only initializes value once[Iterations: 2,073]" classname="serie2.ex3.CounterModuloTest" time="0.003"/>
  <testcase name="MultiThreaded only initializes value once[Iterations: 2,074]" classname="serie2.ex3.CounterModuloTest" time="0.005"/>
  <testcase name="MultiThreaded only initializes value once[Iterations: 2,075]" classname="serie2.ex3.CounterModuloTest" time="0.003"/>
  <testcase name="MultiThreaded only initializes value once[Iterations: 2,076]" classname="serie2.ex3.CounterModuloTest" time="0.004"/>
  <testcase name="MultiThreaded only initializes value once[Iterations: 2,077]" classname="serie2.ex3.CounterModuloTest" time="0.004"/>
  <testcase name="MultiThreaded only initializes value once[Iterations: 2,078]" classname="serie2.ex3.CounterModuloTest" time="0.003"/>
  <testcase name="MultiThreaded only initializes value once[Iterations: 2,079]" classname="serie2.ex3.CounterModuloTest" time="0.003"/>
  <testcase name="MultiThreaded only initializes value once[Iterations: 2,080]" classname="serie2.ex3.CounterModuloTest" time="0.004"/>
  <testcase name="MultiThreaded only initializes value once[Iterations: 2,081]" classname="serie2.ex3.CounterModuloTest" time="0.004"/>
  <testcase name="MultiThreaded only initializes value once[Iterations: 2,082]" classname="serie2.ex3.CounterModuloTest" time="0.003"/>
  <testcase name="MultiThreaded only initializes value once[Iterations: 2,083]" classname="serie2.ex3.CounterModuloTest" time="0.004"/>
  <testcase name="MultiThreaded only initializes value once[Iterations: 2,084]" classname="serie2.ex3.CounterModuloTest" time="0.004"/>
  <testcase name="MultiThreaded only initializes value once[Iterations: 2,085]" classname="serie2.ex3.CounterModuloTest" time="0.003"/>
  <testcase name="MultiThreaded only initializes value once[Iterations: 2,086]" classname="serie2.ex3.CounterModuloTest" time="0.004"/>
  <testcase name="MultiThreaded only initializes value once[Iterations: 2,087]" classname="serie2.ex3.CounterModuloTest" time="0.004"/>
  <testcase name="MultiThreaded only initializes value once[Iterations: 2,088]" classname="serie2.ex3.CounterModuloTest" time="0.003"/>
  <testcase name="MultiThreaded only initializes value once[Iterations: 2,089]" classname="serie2.ex3.CounterModuloTest" time="0.003"/>
  <testcase name="MultiThreaded only initializes value once[Iterations: 2,090]" classname="serie2.ex3.CounterModuloTest" time="0.004"/>
  <testcase name="MultiThreaded only initializes value once[Iterations: 2,091]" classname="serie2.ex3.CounterModuloTest" time="0.004"/>
  <testcase name="MultiThreaded only initializes value once[Iterations: 2,092]" classname="serie2.ex3.CounterModuloTest" time="0.003"/>
  <testcase name="MultiThreaded only initializes value once[Iterations: 2,093]" classname="serie2.ex3.CounterModuloTest" time="0.004"/>
  <testcase name="MultiThreaded only initializes value once[Iterations: 2,094]" classname="serie2.ex3.CounterModuloTest" time="0.003"/>
  <testcase name="MultiThreaded only initializes value once[Iterations: 2,095]" classname="serie2.ex3.CounterModuloTest" time="0.004"/>
  <testcase name="MultiThreaded only initializes value once[Iterations: 2,096]" classname="serie2.ex3.CounterModuloTest" time="0.003"/>
  <testcase name="MultiThreaded only initializes value once[Iterations: 2,097]" classname="serie2.ex3.CounterModuloTest" time="0.003"/>
  <testcase name="MultiThreaded only initializes value once[Iterations: 2,098]" classname="serie2.ex3.CounterModuloTest" time="0.003"/>
  <testcase name="MultiThreaded only initializes value once[Iterations: 2,099]" classname="serie2.ex3.CounterModuloTest" time="0.003"/>
  <testcase name="MultiThreaded only initializes value once[Iterations: 2,100]" classname="serie2.ex3.CounterModuloTest" time="0.004"/>
  <testcase name="MultiThreaded only initializes value once[Iterations: 2,101]" classname="serie2.ex3.CounterModuloTest" time="0.003"/>
  <testcase name="MultiThreaded only initializes value once[Iterations: 2,102]" classname="serie2.ex3.CounterModuloTest" time="0.003"/>
  <testcase name="MultiThreaded only initializes value once[Iterations: 2,103]" classname="serie2.ex3.CounterModuloTest" time="0.004"/>
  <testcase name="MultiThreaded only initializes value once[Iterations: 2,104]" classname="serie2.ex3.CounterModuloTest" time="0.003"/>
  <testcase name="MultiThreaded only initializes value once[Iterations: 2,105]" classname="serie2.ex3.CounterModuloTest" time="0.003"/>
  <testcase name="MultiThreaded only initializes value once[Iterations: 2,106]" classname="serie2.ex3.CounterModuloTest" time="0.003"/>
  <testcase name="MultiThreaded only initializes value once[Iterations: 2,107]" classname="serie2.ex3.CounterModuloTest" time="0.003"/>
  <testcase name="MultiThreaded only initializes value once[Iterations: 2,108]" classname="serie2.ex3.CounterModuloTest" time="0.004"/>
  <testcase name="MultiThreaded only initializes value once[Iterations: 2,109]" classname="serie2.ex3.CounterModuloTest" time="0.003"/>
  <testcase name="MultiThreaded only initializes value once[Iterations: 2,110]" classname="serie2.ex3.CounterModuloTest" time="0.004"/>
  <testcase name="MultiThreaded only initializes value once[Iterations: 2,111]" classname="serie2.ex3.CounterModuloTest" time="0.003"/>
  <testcase name="MultiThreaded only initializes value once[Iterations: 2,112]" classname="serie2.ex3.CounterModuloTest" time="0.004"/>
  <testcase name="MultiThreaded only initializes value once[Iterations: 2,113]" classname="serie2.ex3.CounterModuloTest" time="0.003"/>
  <testcase name="MultiThreaded only initializes value once[Iterations: 2,114]" classname="serie2.ex3.CounterModuloTest" time="0.004"/>
  <testcase name="MultiThreaded only initializes value once[Iterations: 2,115]" classname="serie2.ex3.CounterModuloTest" time="0.004"/>
  <testcase name="MultiThreaded only initializes value once[Iterations: 2,116]" classname="serie2.ex3.CounterModuloTest" time="0.003"/>
  <testcase name="MultiThreaded only initializes value once[Iterations: 2,117]" classname="serie2.ex3.CounterModuloTest" time="0.004"/>
  <testcase name="MultiThreaded only initializes value once[Iterations: 2,118]" classname="serie2.ex3.CounterModuloTest" time="0.003"/>
  <testcase name="MultiThreaded only initializes value once[Iterations: 2,119]" classname="serie2.ex3.CounterModuloTest" time="0.004"/>
  <testcase name="MultiThreaded only initializes value once[Iterations: 2,120]" classname="serie2.ex3.CounterModuloTest" time="0.003"/>
  <testcase name="MultiThreaded only initializes value once[Iterations: 2,121]" classname="serie2.ex3.CounterModuloTest" time="0.003"/>
  <testcase name="MultiThreaded only initializes value once[Iterations: 2,122]" classname="serie2.ex3.CounterModuloTest" time="0.003"/>
  <testcase name="MultiThreaded only initializes value once[Iterations: 2,123]" classname="serie2.ex3.CounterModuloTest" time="0.003"/>
  <testcase name="MultiThreaded only initializes value once[Iterations: 2,124]" classname="serie2.ex3.CounterModuloTest" time="0.003"/>
  <testcase name="MultiThreaded only initializes value once[Iterations: 2,125]" classname="serie2.ex3.CounterModuloTest" time="0.003"/>
  <testcase name="MultiThreaded only initializes value once[Iterations: 2,126]" classname="serie2.ex3.CounterModuloTest" time="0.006"/>
  <testcase name="MultiThreaded only initializes value once[Iterations: 2,127]" classname="serie2.ex3.CounterModuloTest" time="0.004"/>
  <testcase name="MultiThreaded only initializes value once[Iterations: 2,128]" classname="serie2.ex3.CounterModuloTest" time="0.004"/>
  <testcase name="MultiThreaded only initializes value once[Iterations: 2,129]" classname="serie2.ex3.CounterModuloTest" time="0.004"/>
  <testcase name="MultiThreaded only initializes value once[Iterations: 2,130]" classname="serie2.ex3.CounterModuloTest" time="0.003"/>
  <testcase name="MultiThreaded only initializes value once[Iterations: 2,131]" classname="serie2.ex3.CounterModuloTest" time="0.003"/>
  <testcase name="MultiThreaded only initializes value once[Iterations: 2,132]" classname="serie2.ex3.CounterModuloTest" time="0.004"/>
  <testcase name="MultiThreaded only initializes value once[Iterations: 2,133]" classname="serie2.ex3.CounterModuloTest" time="0.004"/>
  <testcase name="MultiThreaded only initializes value once[Iterations: 2,134]" classname="serie2.ex3.CounterModuloTest" time="0.003"/>
  <testcase name="MultiThreaded only initializes value once[Iterations: 2,135]" classname="serie2.ex3.CounterModuloTest" time="0.003"/>
  <testcase name="MultiThreaded only initializes value once[Iterations: 2,136]" classname="serie2.ex3.CounterModuloTest" time="0.004"/>
  <testcase name="MultiThreaded only initializes value once[Iterations: 2,137]" classname="serie2.ex3.CounterModuloTest" time="0.003"/>
  <testcase name="MultiThreaded only initializes value once[Iterations: 2,138]" classname="serie2.ex3.CounterModuloTest" time="0.003"/>
  <testcase name="MultiThreaded only initializes value once[Iterations: 2,139]" classname="serie2.ex3.CounterModuloTest" time="0.003"/>
  <testcase name="MultiThreaded only initializes value once[Iterations: 2,140]" classname="serie2.ex3.CounterModuloTest" time="0.003"/>
  <testcase name="MultiThreaded only initializes value once[Iterations: 2,141]" classname="serie2.ex3.CounterModuloTest" time="0.004"/>
  <testcase name="MultiThreaded only initializes value once[Iterations: 2,142]" classname="serie2.ex3.CounterModuloTest" time="0.003"/>
  <testcase name="MultiThreaded only initializes value once[Iterations: 2,143]" classname="serie2.ex3.CounterModuloTest" time="0.003"/>
  <testcase name="MultiThreaded only initializes value once[Iterations: 2,144]" classname="serie2.ex3.CounterModuloTest" time="0.003"/>
  <testcase name="MultiThreaded only initializes value once[Iterations: 2,145]" classname="serie2.ex3.CounterModuloTest" time="0.004"/>
  <testcase name="MultiThreaded only initializes value once[Iterations: 2,146]" classname="serie2.ex3.CounterModuloTest" time="0.003"/>
  <testcase name="MultiThreaded only initializes value once[Iterations: 2,147]" classname="serie2.ex3.CounterModuloTest" time="0.004"/>
  <testcase name="MultiThreaded only initializes value once[Iterations: 2,148]" classname="serie2.ex3.CounterModuloTest" time="0.003"/>
  <testcase name="MultiThreaded only initializes value once[Iterations: 2,149]" classname="serie2.ex3.CounterModuloTest" time="0.003"/>
  <testcase name="MultiThreaded only initializes value once[Iterations: 2,150]" classname="serie2.ex3.CounterModuloTest" time="0.004"/>
  <testcase name="MultiThreaded only initializes value once[Iterations: 2,151]" classname="serie2.ex3.CounterModuloTest" time="0.003"/>
  <testcase name="MultiThreaded only initializes value once[Iterations: 2,152]" classname="serie2.ex3.CounterModuloTest" time="0.003"/>
  <testcase name="MultiThreaded only initializes value once[Iterations: 2,153]" classname="serie2.ex3.CounterModuloTest" time="0.004"/>
  <testcase name="MultiThreaded only initializes value once[Iterations: 2,154]" classname="serie2.ex3.CounterModuloTest" time="0.003"/>
  <testcase name="MultiThreaded only initializes value once[Iterations: 2,155]" classname="serie2.ex3.CounterModuloTest" time="0.004"/>
  <testcase name="MultiThreaded only initializes value once[Iterations: 2,156]" classname="serie2.ex3.CounterModuloTest" time="0.004"/>
  <testcase name="MultiThreaded only initializes value once[Iterations: 2,157]" classname="serie2.ex3.CounterModuloTest" time="0.003"/>
  <testcase name="MultiThreaded only initializes value once[Iterations: 2,158]" classname="serie2.ex3.CounterModuloTest" time="0.003"/>
  <testcase name="MultiThreaded only initializes value once[Iterations: 2,159]" classname="serie2.ex3.CounterModuloTest" time="0.003"/>
  <testcase name="MultiThreaded only initializes value once[Iterations: 2,160]" classname="serie2.ex3.CounterModuloTest" time="0.003"/>
  <testcase name="MultiThreaded only initializes value once[Iterations: 2,161]" classname="serie2.ex3.CounterModuloTest" time="0.004"/>
  <testcase name="MultiThreaded only initializes value once[Iterations: 2,162]" classname="serie2.ex3.CounterModuloTest" time="0.003"/>
  <testcase name="MultiThreaded only initializes value once[Iterations: 2,163]" classname="serie2.ex3.CounterModuloTest" time="0.004"/>
  <testcase name="MultiThreaded only initializes value once[Iterations: 2,164]" classname="serie2.ex3.CounterModuloTest" time="0.003"/>
  <testcase name="MultiThreaded only initializes value once[Iterations: 2,165]" classname="serie2.ex3.CounterModuloTest" time="0.004"/>
  <testcase name="MultiThreaded only initializes value once[Iterations: 2,166]" classname="serie2.ex3.CounterModuloTest" time="0.003"/>
  <testcase name="MultiThreaded only initializes value once[Iterations: 2,167]" classname="serie2.ex3.CounterModuloTest" time="0.003"/>
  <testcase name="MultiThreaded only initializes value once[Iterations: 2,168]" classname="serie2.ex3.CounterModuloTest" time="0.004"/>
  <testcase name="MultiThreaded only initializes value once[Iterations: 2,169]" classname="serie2.ex3.CounterModuloTest" time="0.003"/>
  <testcase name="MultiThreaded only initializes value once[Iterations: 2,170]" classname="serie2.ex3.CounterModuloTest" time="0.004"/>
  <testcase name="MultiThreaded only initializes value once[Iterations: 2,171]" classname="serie2.ex3.CounterModuloTest" time="0.003"/>
  <testcase name="MultiThreaded only initializes value once[Iterations: 2,172]" classname="serie2.ex3.CounterModuloTest" time="0.004"/>
  <testcase name="MultiThreaded only initializes value once[Iterations: 2,173]" classname="serie2.ex3.CounterModuloTest" time="0.003"/>
  <testcase name="MultiThreaded only initializes value once[Iterations: 2,174]" classname="serie2.ex3.CounterModuloTest" time="0.004"/>
  <testcase name="MultiThreaded only initializes value once[Iterations: 2,175]" classname="serie2.ex3.CounterModuloTest" time="0.003"/>
  <testcase name="MultiThreaded only initializes value once[Iterations: 2,176]" classname="serie2.ex3.CounterModuloTest" time="0.004"/>
  <testcase name="MultiThreaded only initializes value once[Iterations: 2,177]" classname="serie2.ex3.CounterModuloTest" time="0.004"/>
  <testcase name="MultiThreaded only initializes value once[Iterations: 2,178]" classname="serie2.ex3.CounterModuloTest" time="0.004"/>
  <testcase name="MultiThreaded only initializes value once[Iterations: 2,179]" classname="serie2.ex3.CounterModuloTest" time="0.004"/>
  <testcase name="MultiThreaded only initializes value once[Iterations: 2,180]" classname="serie2.ex3.CounterModuloTest" time="0.003"/>
  <testcase name="MultiThreaded only initializes value once[Iterations: 2,181]" classname="serie2.ex3.CounterModuloTest" time="0.004"/>
  <testcase name="MultiThreaded only initializes value once[Iterations: 2,182]" classname="serie2.ex3.CounterModuloTest" time="0.007"/>
  <testcase name="MultiThreaded only initializes value once[Iterations: 2,183]" classname="serie2.ex3.CounterModuloTest" time="0.003"/>
  <testcase name="MultiThreaded only initializes value once[Iterations: 2,184]" classname="serie2.ex3.CounterModuloTest" time="0.004"/>
  <testcase name="MultiThreaded only initializes value once[Iterations: 2,185]" classname="serie2.ex3.CounterModuloTest" time="0.003"/>
  <testcase name="MultiThreaded only initializes value once[Iterations: 2,186]" classname="serie2.ex3.CounterModuloTest" time="0.003"/>
  <testcase name="MultiThreaded only initializes value once[Iterations: 2,187]" classname="serie2.ex3.CounterModuloTest" time="0.003"/>
  <testcase name="MultiThreaded only initializes value once[Iterations: 2,188]" classname="serie2.ex3.CounterModuloTest" time="0.003"/>
  <testcase name="MultiThreaded only initializes value once[Iterations: 2,189]" classname="serie2.ex3.CounterModuloTest" time="0.004"/>
  <testcase name="MultiThreaded only initializes value once[Iterations: 2,190]" classname="serie2.ex3.CounterModuloTest" time="0.003"/>
  <testcase name="MultiThreaded only initializes value once[Iterations: 2,191]" classname="serie2.ex3.CounterModuloTest" time="0.003"/>
  <testcase name="MultiThreaded only initializes value once[Iterations: 2,192]" classname="serie2.ex3.CounterModuloTest" time="0.003"/>
  <testcase name="MultiThreaded only initializes value once[Iterations: 2,193]" classname="serie2.ex3.CounterModuloTest" time="0.004"/>
  <testcase name="MultiThreaded only initializes value once[Iterations: 2,194]" classname="serie2.ex3.CounterModuloTest" time="0.003"/>
  <testcase name="MultiThreaded only initializes value once[Iterations: 2,195]" classname="serie2.ex3.CounterModuloTest" time="0.003"/>
  <testcase name="MultiThreaded only initializes value once[Iterations: 2,196]" classname="serie2.ex3.CounterModuloTest" time="0.003"/>
  <testcase name="MultiThreaded only initializes value once[Iterations: 2,197]" classname="serie2.ex3.CounterModuloTest" time="0.004"/>
  <testcase name="MultiThreaded only initializes value once[Iterations: 2,198]" classname="serie2.ex3.CounterModuloTest" time="0.003"/>
  <testcase name="MultiThreaded only initializes value once[Iterations: 2,199]" classname="serie2.ex3.CounterModuloTest" time="0.004"/>
  <testcase name="MultiThreaded only initializes value once[Iterations: 2,200]" classname="serie2.ex3.CounterModuloTest" time="0.003"/>
  <testcase name="MultiThreaded only initializes value once[Iterations: 2,201]" classname="serie2.ex3.CounterModuloTest" time="0.003"/>
  <testcase name="MultiThreaded only initializes value once[Iterations: 2,202]" classname="serie2.ex3.CounterModuloTest" time="0.004"/>
  <testcase name="MultiThreaded only initializes value once[Iterations: 2,203]" classname="serie2.ex3.CounterModuloTest" time="0.003"/>
  <testcase name="MultiThreaded only initializes value once[Iterations: 2,204]" classname="serie2.ex3.CounterModuloTest" time="0.004"/>
  <testcase name="MultiThreaded only initializes value once[Iterations: 2,205]" classname="serie2.ex3.CounterModuloTest" time="0.004"/>
  <testcase name="MultiThreaded only initializes value once[Iterations: 2,206]" classname="serie2.ex3.CounterModuloTest" time="0.005"/>
  <testcase name="MultiThreaded only initializes value once[Iterations: 2,207]" classname="serie2.ex3.CounterModuloTest" time="0.004"/>
  <testcase name="MultiThreaded only initializes value once[Iterations: 2,208]" classname="serie2.ex3.CounterModuloTest" time="0.003"/>
  <testcase name="MultiThreaded only initializes value once[Iterations: 2,209]" classname="serie2.ex3.CounterModuloTest" time="0.004"/>
  <testcase name="MultiThreaded only initializes value once[Iterations: 2,210]" classname="serie2.ex3.CounterModuloTest" time="0.003"/>
  <testcase name="MultiThreaded only initializes value once[Iterations: 2,211]" classname="serie2.ex3.CounterModuloTest" time="0.003"/>
  <testcase name="MultiThreaded only initializes value once[Iterations: 2,212]" classname="serie2.ex3.CounterModuloTest" time="0.004"/>
  <testcase name="MultiThreaded only initializes value once[Iterations: 2,213]" classname="serie2.ex3.CounterModuloTest" time="0.004"/>
  <testcase name="MultiThreaded only initializes value once[Iterations: 2,214]" classname="serie2.ex3.CounterModuloTest" time="0.003"/>
  <testcase name="MultiThreaded only initializes value once[Iterations: 2,215]" classname="serie2.ex3.CounterModuloTest" time="0.004"/>
  <testcase name="MultiThreaded only initializes value once[Iterations: 2,216]" classname="serie2.ex3.CounterModuloTest" time="0.003"/>
  <testcase name="MultiThreaded only initializes value once[Iterations: 2,217]" classname="serie2.ex3.CounterModuloTest" time="0.004"/>
  <testcase name="MultiThreaded only initializes value once[Iterations: 2,218]" classname="serie2.ex3.CounterModuloTest" time="0.003"/>
  <testcase name="MultiThreaded only initializes value once[Iterations: 2,219]" classname="serie2.ex3.CounterModuloTest" time="0.004"/>
  <testcase name="MultiThreaded only initializes value once[Iterations: 2,220]" classname="serie2.ex3.CounterModuloTest" time="0.004"/>
  <testcase name="MultiThreaded only initializes value once[Iterations: 2,221]" classname="serie2.ex3.CounterModuloTest" time="0.004"/>
  <testcase name="MultiThreaded only initializes value once[Iterations: 2,222]" classname="serie2.ex3.CounterModuloTest" time="0.003"/>
  <testcase name="MultiThreaded only initializes value once[Iterations: 2,223]" classname="serie2.ex3.CounterModuloTest" time="0.004"/>
  <testcase name="MultiThreaded only initializes value once[Iterations: 2,224]" classname="serie2.ex3.CounterModuloTest" time="0.004"/>
  <testcase name="MultiThreaded only initializes value once[Iterations: 2,225]" classname="serie2.ex3.CounterModuloTest" time="0.003"/>
  <testcase name="MultiThreaded only initializes value once[Iterations: 2,226]" classname="serie2.ex3.CounterModuloTest" time="0.004"/>
  <testcase name="MultiThreaded only initializes value once[Iterations: 2,227]" classname="serie2.ex3.CounterModuloTest" time="0.003"/>
  <testcase name="MultiThreaded only initializes value once[Iterations: 2,228]" classname="serie2.ex3.CounterModuloTest" time="0.004"/>
  <testcase name="MultiThreaded only initializes value once[Iterations: 2,229]" classname="serie2.ex3.CounterModuloTest" time="0.004"/>
  <testcase name="MultiThreaded only initializes value once[Iterations: 2,230]" classname="serie2.ex3.CounterModuloTest" time="0.004"/>
  <testcase name="MultiThreaded only initializes value once[Iterations: 2,231]" classname="serie2.ex3.CounterModuloTest" time="0.005"/>
  <testcase name="MultiThreaded only initializes value once[Iterations: 2,232]" classname="serie2.ex3.CounterModuloTest" time="0.004"/>
  <testcase name="MultiThreaded only initializes value once[Iterations: 2,233]" classname="serie2.ex3.CounterModuloTest" time="0.003"/>
  <testcase name="MultiThreaded only initializes value once[Iterations: 2,234]" classname="serie2.ex3.CounterModuloTest" time="0.004"/>
  <testcase name="MultiThreaded only initializes value once[Iterations: 2,235]" classname="serie2.ex3.CounterModuloTest" time="0.003"/>
  <testcase name="MultiThreaded only initializes value once[Iterations: 2,236]" classname="serie2.ex3.CounterModuloTest" time="0.004"/>
  <testcase name="MultiThreaded only initializes value once[Iterations: 2,237]" classname="serie2.ex3.CounterModuloTest" time="0.004"/>
  <testcase name="MultiThreaded only initializes value once[Iterations: 2,238]" classname="serie2.ex3.CounterModuloTest" time="0.004"/>
  <testcase name="MultiThreaded only initializes value once[Iterations: 2,239]" classname="serie2.ex3.CounterModuloTest" time="0.003"/>
  <testcase name="MultiThreaded only initializes value once[Iterations: 2,240]" classname="serie2.ex3.CounterModuloTest" time="0.004"/>
  <testcase name="MultiThreaded only initializes value once[Iterations: 2,241]" classname="serie2.ex3.CounterModuloTest" time="0.003"/>
  <testcase name="MultiThreaded only initializes value once[Iterations: 2,242]" classname="serie2.ex3.CounterModuloTest" time="0.003"/>
  <testcase name="MultiThreaded only initializes value once[Iterations: 2,243]" classname="serie2.ex3.CounterModuloTest" time="0.003"/>
  <testcase name="MultiThreaded only initializes value once[Iterations: 2,244]" classname="serie2.ex3.CounterModuloTest" time="0.004"/>
  <testcase name="MultiThreaded only initializes value once[Iterations: 2,245]" classname="serie2.ex3.CounterModuloTest" time="0.004"/>
  <testcase name="MultiThreaded only initializes value once[Iterations: 2,246]" classname="serie2.ex3.CounterModuloTest" time="0.004"/>
  <testcase name="MultiThreaded only initializes value once[Iterations: 2,247]" classname="serie2.ex3.CounterModuloTest" time="0.003"/>
  <testcase name="MultiThreaded only initializes value once[Iterations: 2,248]" classname="serie2.ex3.CounterModuloTest" time="0.003"/>
  <testcase name="MultiThreaded only initializes value once[Iterations: 2,249]" classname="serie2.ex3.CounterModuloTest" time="0.004"/>
  <testcase name="MultiThreaded only initializes value once[Iterations: 2,250]" classname="serie2.ex3.CounterModuloTest" time="0.004"/>
  <testcase name="MultiThreaded only initializes value once[Iterations: 2,251]" classname="serie2.ex3.CounterModuloTest" time="0.004"/>
  <testcase name="MultiThreaded only initializes value once[Iterations: 2,252]" classname="serie2.ex3.CounterModuloTest" time="0.007"/>
  <testcase name="MultiThreaded only initializes value once[Iterations: 2,253]" classname="serie2.ex3.CounterModuloTest" time="0.004"/>
  <testcase name="MultiThreaded only initializes value once[Iterations: 2,254]" classname="serie2.ex3.CounterModuloTest" time="0.005"/>
  <testcase name="MultiThreaded only initializes value once[Iterations: 2,255]" classname="serie2.ex3.CounterModuloTest" time="0.004"/>
  <testcase name="MultiThreaded only initializes value once[Iterations: 2,256]" classname="serie2.ex3.CounterModuloTest" time="0.004"/>
  <testcase name="MultiThreaded only initializes value once[Iterations: 2,257]" classname="serie2.ex3.CounterModuloTest" time="0.005"/>
  <testcase name="MultiThreaded only initializes value once[Iterations: 2,258]" classname="serie2.ex3.CounterModuloTest" time="0.004"/>
  <testcase name="MultiThreaded only initializes value once[Iterations: 2,259]" classname="serie2.ex3.CounterModuloTest" time="0.004"/>
  <testcase name="MultiThreaded only initializes value once[Iterations: 2,260]" classname="serie2.ex3.CounterModuloTest" time="0.004"/>
  <testcase name="MultiThreaded only initializes value once[Iterations: 2,261]" classname="serie2.ex3.CounterModuloTest" time="0.004"/>
  <testcase name="MultiThreaded only initializes value once[Iterations: 2,262]" classname="serie2.ex3.CounterModuloTest" time="0.004"/>
  <testcase name="MultiThreaded only initializes value once[Iterations: 2,263]" classname="serie2.ex3.CounterModuloTest" time="0.003"/>
  <testcase name="MultiThreaded only initializes value once[Iterations: 2,264]" classname="serie2.ex3.CounterModuloTest" time="0.004"/>
  <testcase name="MultiThreaded only initializes value once[Iterations: 2,265]" classname="serie2.ex3.CounterModuloTest" time="0.004"/>
  <testcase name="MultiThreaded only initializes value once[Iterations: 2,266]" classname="serie2.ex3.CounterModuloTest" time="0.004"/>
  <testcase name="MultiThreaded only initializes value once[Iterations: 2,267]" classname="serie2.ex3.CounterModuloTest" time="0.004"/>
  <testcase name="MultiThreaded only initializes value once[Iterations: 2,268]" classname="serie2.ex3.CounterModuloTest" time="0.004"/>
  <testcase name="MultiThreaded only initializes value once[Iterations: 2,269]" classname="serie2.ex3.CounterModuloTest" time="0.004"/>
  <testcase name="MultiThreaded only initializes value once[Iterations: 2,270]" classname="serie2.ex3.CounterModuloTest" time="0.003"/>
  <testcase name="MultiThreaded only initializes value once[Iterations: 2,271]" classname="serie2.ex3.CounterModuloTest" time="0.004"/>
  <testcase name="MultiThreaded only initializes value once[Iterations: 2,272]" classname="serie2.ex3.CounterModuloTest" time="0.004"/>
  <testcase name="MultiThreaded only initializes value once[Iterations: 2,273]" classname="serie2.ex3.CounterModuloTest" time="0.004"/>
  <testcase name="MultiThreaded only initializes value once[Iterations: 2,274]" classname="serie2.ex3.CounterModuloTest" time="0.004"/>
  <testcase name="MultiThreaded only initializes value once[Iterations: 2,275]" classname="serie2.ex3.CounterModuloTest" time="0.004"/>
  <testcase name="MultiThreaded only initializes value once[Iterations: 2,276]" classname="serie2.ex3.CounterModuloTest" time="0.006"/>
  <testcase name="MultiThreaded only initializes value once[Iterations: 2,277]" classname="serie2.ex3.CounterModuloTest" time="0.004"/>
  <testcase name="MultiThreaded only initializes value once[Iterations: 2,278]" classname="serie2.ex3.CounterModuloTest" time="0.005"/>
  <testcase name="MultiThreaded only initializes value once[Iterations: 2,279]" classname="serie2.ex3.CounterModuloTest" time="0.005"/>
  <testcase name="MultiThreaded only initializes value once[Iterations: 2,280]" classname="serie2.ex3.CounterModuloTest" time="0.004"/>
  <testcase name="MultiThreaded only initializes value once[Iterations: 2,281]" classname="serie2.ex3.CounterModuloTest" time="0.004"/>
  <testcase name="MultiThreaded only initializes value once[Iterations: 2,282]" classname="serie2.ex3.CounterModuloTest" time="0.004"/>
  <testcase name="MultiThreaded only initializes value once[Iterations: 2,283]" classname="serie2.ex3.CounterModuloTest" time="0.004"/>
  <testcase name="MultiThreaded only initializes value once[Iterations: 2,284]" classname="serie2.ex3.CounterModuloTest" time="0.005"/>
  <testcase name="MultiThreaded only initializes value once[Iterations: 2,285]" classname="serie2.ex3.CounterModuloTest" time="0.005"/>
  <testcase name="MultiThreaded only initializes value once[Iterations: 2,286]" classname="serie2.ex3.CounterModuloTest" time="0.004"/>
  <testcase name="MultiThreaded only initializes value once[Iterations: 2,287]" classname="serie2.ex3.CounterModuloTest" time="0.004"/>
  <testcase name="MultiThreaded only initializes value once[Iterations: 2,288]" classname="serie2.ex3.CounterModuloTest" time="0.003"/>
  <testcase name="MultiThreaded only initializes value once[Iterations: 2,289]" classname="serie2.ex3.CounterModuloTest" time="0.004"/>
  <testcase name="MultiThreaded only initializes value once[Iterations: 2,290]" classname="serie2.ex3.CounterModuloTest" time="0.004"/>
  <testcase name="MultiThreaded only initializes value once[Iterations: 2,291]" classname="serie2.ex3.CounterModuloTest" time="0.004"/>
  <testcase name="MultiThreaded only initializes value once[Iterations: 2,292]" classname="serie2.ex3.CounterModuloTest" time="0.004"/>
  <testcase name="MultiThreaded only initializes value once[Iterations: 2,293]" classname="serie2.ex3.CounterModuloTest" time="0.004"/>
  <testcase name="MultiThreaded only initializes value once[Iterations: 2,294]" classname="serie2.ex3.CounterModuloTest" time="0.004"/>
  <testcase name="MultiThreaded only initializes value once[Iterations: 2,295]" classname="serie2.ex3.CounterModuloTest" time="0.008"/>
  <testcase name="MultiThreaded only initializes value once[Iterations: 2,296]" classname="serie2.ex3.CounterModuloTest" time="0.003"/>
  <testcase name="MultiThreaded only initializes value once[Iterations: 2,297]" classname="serie2.ex3.CounterModuloTest" time="0.004"/>
  <testcase name="MultiThreaded only initializes value once[Iterations: 2,298]" classname="serie2.ex3.CounterModuloTest" time="0.004"/>
  <testcase name="MultiThreaded only initializes value once[Iterations: 2,299]" classname="serie2.ex3.CounterModuloTest" time="0.004"/>
  <testcase name="MultiThreaded only initializes value once[Iterations: 2,300]" classname="serie2.ex3.CounterModuloTest" time="0.004"/>
  <testcase name="MultiThreaded only initializes value once[Iterations: 2,301]" classname="serie2.ex3.CounterModuloTest" time="0.004"/>
  <testcase name="MultiThreaded only initializes value once[Iterations: 2,302]" classname="serie2.ex3.CounterModuloTest" time="0.005"/>
  <testcase name="MultiThreaded only initializes value once[Iterations: 2,303]" classname="serie2.ex3.CounterModuloTest" time="0.004"/>
  <testcase name="MultiThreaded only initializes value once[Iterations: 2,304]" classname="serie2.ex3.CounterModuloTest" time="0.004"/>
  <testcase name="MultiThreaded only initializes value once[Iterations: 2,305]" classname="serie2.ex3.CounterModuloTest" time="0.004"/>
  <testcase name="MultiThreaded only initializes value once[Iterations: 2,306]" classname="serie2.ex3.CounterModuloTest" time="0.006"/>
  <testcase name="MultiThreaded only initializes value once[Iterations: 2,307]" classname="serie2.ex3.CounterModuloTest" time="0.004"/>
  <testcase name="MultiThreaded only initializes value once[Iterations: 2,308]" classname="serie2.ex3.CounterModuloTest" time="0.005"/>
  <testcase name="MultiThreaded only initializes value once[Iterations: 2,309]" classname="serie2.ex3.CounterModuloTest" time="0.004"/>
  <testcase name="MultiThreaded only initializes value once[Iterations: 2,310]" classname="serie2.ex3.CounterModuloTest" time="0.003"/>
  <testcase name="MultiThreaded only initializes value once[Iterations: 2,311]" classname="serie2.ex3.CounterModuloTest" time="0.004"/>
  <testcase name="MultiThreaded only initializes value once[Iterations: 2,312]" classname="serie2.ex3.CounterModuloTest" time="0.004"/>
  <testcase name="MultiThreaded only initializes value once[Iterations: 2,313]" classname="serie2.ex3.CounterModuloTest" time="0.005"/>
  <testcase name="MultiThreaded only initializes value once[Iterations: 2,314]" classname="serie2.ex3.CounterModuloTest" time="0.007"/>
  <testcase name="MultiThreaded only initializes value once[Iterations: 2,315]" classname="serie2.ex3.CounterModuloTest" time="0.004"/>
  <testcase name="MultiThreaded only initializes value once[Iterations: 2,316]" classname="serie2.ex3.CounterModuloTest" time="0.006"/>
  <testcase name="MultiThreaded only initializes value once[Iterations: 2,317]" classname="serie2.ex3.CounterModuloTest" time="0.004"/>
  <testcase name="MultiThreaded only initializes value once[Iterations: 2,318]" classname="serie2.ex3.CounterModuloTest" time="0.004"/>
  <testcase name="MultiThreaded only initializes value once[Iterations: 2,319]" classname="serie2.ex3.CounterModuloTest" time="0.004"/>
  <testcase name="MultiThreaded only initializes value once[Iterations: 2,320]" classname="serie2.ex3.CounterModuloTest" time="0.004"/>
  <testcase name="MultiThreaded only initializes value once[Iterations: 2,321]" classname="serie2.ex3.CounterModuloTest" time="0.003"/>
  <testcase name="MultiThreaded only initializes value once[Iterations: 2,322]" classname="serie2.ex3.CounterModuloTest" time="0.004"/>
  <testcase name="MultiThreaded only initializes value once[Iterations: 2,323]" classname="serie2.ex3.CounterModuloTest" time="0.004"/>
  <testcase name="MultiThreaded only initializes value once[Iterations: 2,324]" classname="serie2.ex3.CounterModuloTest" time="0.003"/>
  <testcase name="MultiThreaded only initializes value once[Iterations: 2,325]" classname="serie2.ex3.CounterModuloTest" time="0.003"/>
  <testcase name="MultiThreaded only initializes value once[Iterations: 2,326]" classname="serie2.ex3.CounterModuloTest" time="0.004"/>
  <testcase name="MultiThreaded only initializes value once[Iterations: 2,327]" classname="serie2.ex3.CounterModuloTest" time="0.004"/>
  <testcase name="MultiThreaded only initializes value once[Iterations: 2,328]" classname="serie2.ex3.CounterModuloTest" time="0.003"/>
  <testcase name="MultiThreaded only initializes value once[Iterations: 2,329]" classname="serie2.ex3.CounterModuloTest" time="0.004"/>
  <testcase name="MultiThreaded only initializes value once[Iterations: 2,330]" classname="serie2.ex3.CounterModuloTest" time="0.003"/>
  <testcase name="MultiThreaded only initializes value once[Iterations: 2,331]" classname="serie2.ex3.CounterModuloTest" time="0.004"/>
  <testcase name="MultiThreaded only initializes value once[Iterations: 2,332]" classname="serie2.ex3.CounterModuloTest" time="0.004"/>
  <testcase name="MultiThreaded only initializes value once[Iterations: 2,333]" classname="serie2.ex3.CounterModuloTest" time="0.004"/>
  <testcase name="MultiThreaded only initializes value once[Iterations: 2,334]" classname="serie2.ex3.CounterModuloTest" time="0.005"/>
  <testcase name="MultiThreaded only initializes value once[Iterations: 2,335]" classname="serie2.ex3.CounterModuloTest" time="0.003"/>
  <testcase name="MultiThreaded only initializes value once[Iterations: 2,336]" classname="serie2.ex3.CounterModuloTest" time="0.004"/>
  <testcase name="MultiThreaded only initializes value once[Iterations: 2,337]" classname="serie2.ex3.CounterModuloTest" time="0.004"/>
  <testcase name="MultiThreaded only initializes value once[Iterations: 2,338]" classname="serie2.ex3.CounterModuloTest" time="0.003"/>
  <testcase name="MultiThreaded only initializes value once[Iterations: 2,339]" classname="serie2.ex3.CounterModuloTest" time="0.004"/>
  <testcase name="MultiThreaded only initializes value once[Iterations: 2,340]" classname="serie2.ex3.CounterModuloTest" time="0.003"/>
  <testcase name="MultiThreaded only initializes value once[Iterations: 2,341]" classname="serie2.ex3.CounterModuloTest" time="0.004"/>
  <testcase name="MultiThreaded only initializes value once[Iterations: 2,342]" classname="serie2.ex3.CounterModuloTest" time="0.004"/>
  <testcase name="MultiThreaded only initializes value once[Iterations: 2,343]" classname="serie2.ex3.CounterModuloTest" time="0.003"/>
  <testcase name="MultiThreaded only initializes value once[Iterations: 2,344]" classname="serie2.ex3.CounterModuloTest" time="0.003"/>
  <testcase name="MultiThreaded only initializes value once[Iterations: 2,345]" classname="serie2.ex3.CounterModuloTest" time="0.003"/>
  <testcase name="MultiThreaded only initializes value once[Iterations: 2,346]" classname="serie2.ex3.CounterModuloTest" time="0.004"/>
  <testcase name="MultiThreaded only initializes value once[Iterations: 2,347]" classname="serie2.ex3.CounterModuloTest" time="0.004"/>
  <testcase name="MultiThreaded only initializes value once[Iterations: 2,348]" classname="serie2.ex3.CounterModuloTest" time="0.004"/>
  <testcase name="MultiThreaded only initializes value once[Iterations: 2,349]" classname="serie2.ex3.CounterModuloTest" time="0.004"/>
  <testcase name="MultiThreaded only initializes value once[Iterations: 2,350]" classname="serie2.ex3.CounterModuloTest" time="0.004"/>
  <testcase name="MultiThreaded only initializes value once[Iterations: 2,351]" classname="serie2.ex3.CounterModuloTest" time="0.004"/>
  <testcase name="MultiThreaded only initializes value once[Iterations: 2,352]" classname="serie2.ex3.CounterModuloTest" time="0.003"/>
  <testcase name="MultiThreaded only initializes value once[Iterations: 2,353]" classname="serie2.ex3.CounterModuloTest" time="0.004"/>
  <testcase name="MultiThreaded only initializes value once[Iterations: 2,354]" classname="serie2.ex3.CounterModuloTest" time="0.004"/>
  <testcase name="MultiThreaded only initializes value once[Iterations: 2,355]" classname="serie2.ex3.CounterModuloTest" time="0.004"/>
  <testcase name="MultiThreaded only initializes value once[Iterations: 2,356]" classname="serie2.ex3.CounterModuloTest" time="0.003"/>
  <testcase name="MultiThreaded only initializes value once[Iterations: 2,357]" classname="serie2.ex3.CounterModuloTest" time="0.003"/>
  <testcase name="MultiThreaded only initializes value once[Iterations: 2,358]" classname="serie2.ex3.CounterModuloTest" time="0.003"/>
  <testcase name="MultiThreaded only initializes value once[Iterations: 2,359]" classname="serie2.ex3.CounterModuloTest" time="0.004"/>
  <testcase name="MultiThreaded only initializes value once[Iterations: 2,360]" classname="serie2.ex3.CounterModuloTest" time="0.003"/>
  <testcase name="MultiThreaded only initializes value once[Iterations: 2,361]" classname="serie2.ex3.CounterModuloTest" time="0.004"/>
  <testcase name="MultiThreaded only initializes value once[Iterations: 2,362]" classname="serie2.ex3.CounterModuloTest" time="0.003"/>
  <testcase name="MultiThreaded only initializes value once[Iterations: 2,363]" classname="serie2.ex3.CounterModuloTest" time="0.004"/>
  <testcase name="MultiThreaded only initializes value once[Iterations: 2,364]" classname="serie2.ex3.CounterModuloTest" time="0.004"/>
  <testcase name="MultiThreaded only initializes value once[Iterations: 2,365]" classname="serie2.ex3.CounterModuloTest" time="0.004"/>
  <testcase name="MultiThreaded only initializes value once[Iterations: 2,366]" classname="serie2.ex3.CounterModuloTest" time="0.003"/>
  <testcase name="MultiThreaded only initializes value once[Iterations: 2,367]" classname="serie2.ex3.CounterModuloTest" time="0.003"/>
  <testcase name="MultiThreaded only initializes value once[Iterations: 2,368]" classname="serie2.ex3.CounterModuloTest" time="0.004"/>
  <testcase name="MultiThreaded only initializes value once[Iterations: 2,369]" classname="serie2.ex3.CounterModuloTest" time="0.003"/>
  <testcase name="MultiThreaded only initializes value once[Iterations: 2,370]" classname="serie2.ex3.CounterModuloTest" time="0.004"/>
  <testcase name="MultiThreaded only initializes value once[Iterations: 2,371]" classname="serie2.ex3.CounterModuloTest" time="0.004"/>
  <testcase name="MultiThreaded only initializes value once[Iterations: 2,372]" classname="serie2.ex3.CounterModuloTest" time="0.004"/>
  <testcase name="MultiThreaded only initializes value once[Iterations: 2,373]" classname="serie2.ex3.CounterModuloTest" time="0.004"/>
  <testcase name="MultiThreaded only initializes value once[Iterations: 2,374]" classname="serie2.ex3.CounterModuloTest" time="0.003"/>
  <testcase name="MultiThreaded only initializes value once[Iterations: 2,375]" classname="serie2.ex3.CounterModuloTest" time="0.004"/>
  <testcase name="MultiThreaded only initializes value once[Iterations: 2,376]" classname="serie2.ex3.CounterModuloTest" time="0.004"/>
  <testcase name="MultiThreaded only initializes value once[Iterations: 2,377]" classname="serie2.ex3.CounterModuloTest" time="0.004"/>
  <testcase name="MultiThreaded only initializes value once[Iterations: 2,378]" classname="serie2.ex3.CounterModuloTest" time="0.003"/>
  <testcase name="MultiThreaded only initializes value once[Iterations: 2,379]" classname="serie2.ex3.CounterModuloTest" time="0.004"/>
  <testcase name="MultiThreaded only initializes value once[Iterations: 2,380]" classname="serie2.ex3.CounterModuloTest" time="0.004"/>
  <testcase name="MultiThreaded only initializes value once[Iterations: 2,381]" classname="serie2.ex3.CounterModuloTest" time="0.004"/>
  <testcase name="MultiThreaded only initializes value once[Iterations: 2,382]" classname="serie2.ex3.CounterModuloTest" time="0.004"/>
  <testcase name="MultiThreaded only initializes value once[Iterations: 2,383]" classname="serie2.ex3.CounterModuloTest" time="0.004"/>
  <testcase name="MultiThreaded only initializes value once[Iterations: 2,384]" classname="serie2.ex3.CounterModuloTest" time="0.004"/>
  <testcase name="MultiThreaded only initializes value once[Iterations: 2,385]" classname="serie2.ex3.CounterModuloTest" time="0.003"/>
  <testcase name="MultiThreaded only initializes value once[Iterations: 2,386]" classname="serie2.ex3.CounterModuloTest" time="0.008"/>
  <testcase name="MultiThreaded only initializes value once[Iterations: 2,387]" classname="serie2.ex3.CounterModuloTest" time="0.004"/>
  <testcase name="MultiThreaded only initializes value once[Iterations: 2,388]" classname="serie2.ex3.CounterModuloTest" time="0.004"/>
  <testcase name="MultiThreaded only initializes value once[Iterations: 2,389]" classname="serie2.ex3.CounterModuloTest" time="0.004"/>
  <testcase name="MultiThreaded only initializes value once[Iterations: 2,390]" classname="serie2.ex3.CounterModuloTest" time="0.005"/>
  <testcase name="MultiThreaded only initializes value once[Iterations: 2,391]" classname="serie2.ex3.CounterModuloTest" time="0.004"/>
  <testcase name="MultiThreaded only initializes value once[Iterations: 2,392]" classname="serie2.ex3.CounterModuloTest" time="0.004"/>
  <testcase name="MultiThreaded only initializes value once[Iterations: 2,393]" classname="serie2.ex3.CounterModuloTest" time="0.004"/>
  <testcase name="MultiThreaded only initializes value once[Iterations: 2,394]" classname="serie2.ex3.CounterModuloTest" time="0.003"/>
  <testcase name="MultiThreaded only initializes value once[Iterations: 2,395]" classname="serie2.ex3.CounterModuloTest" time="0.004"/>
  <testcase name="MultiThreaded only initializes value once[Iterations: 2,396]" classname="serie2.ex3.CounterModuloTest" time="0.003"/>
  <testcase name="MultiThreaded only initializes value once[Iterations: 2,397]" classname="serie2.ex3.CounterModuloTest" time="0.004"/>
  <testcase name="MultiThreaded only initializes value once[Iterations: 2,398]" classname="serie2.ex3.CounterModuloTest" time="0.004"/>
  <testcase name="MultiThreaded only initializes value once[Iterations: 2,399]" classname="serie2.ex3.CounterModuloTest" time="0.004"/>
  <testcase name="MultiThreaded only initializes value once[Iterations: 2,400]" classname="serie2.ex3.CounterModuloTest" time="0.004"/>
  <testcase name="MultiThreaded only initializes value once[Iterations: 2,401]" classname="serie2.ex3.CounterModuloTest" time="0.003"/>
  <testcase name="MultiThreaded only initializes value once[Iterations: 2,402]" classname="serie2.ex3.CounterModuloTest" time="0.004"/>
  <testcase name="MultiThreaded only initializes value once[Iterations: 2,403]" classname="serie2.ex3.CounterModuloTest" time="0.004"/>
  <testcase name="MultiThreaded only initializes value once[Iterations: 2,404]" classname="serie2.ex3.CounterModuloTest" time="0.003"/>
  <testcase name="MultiThreaded only initializes value once[Iterations: 2,405]" classname="serie2.ex3.CounterModuloTest" time="0.004"/>
  <testcase name="MultiThreaded only initializes value once[Iterations: 2,406]" classname="serie2.ex3.CounterModuloTest" time="0.004"/>
  <testcase name="MultiThreaded only initializes value once[Iterations: 2,407]" classname="serie2.ex3.CounterModuloTest" time="0.003"/>
  <testcase name="MultiThreaded only initializes value once[Iterations: 2,408]" classname="serie2.ex3.CounterModuloTest" time="0.003"/>
  <testcase name="MultiThreaded only initializes value once[Iterations: 2,409]" classname="serie2.ex3.CounterModuloTest" time="0.004"/>
  <testcase name="MultiThreaded only initializes value once[Iterations: 2,410]" classname="serie2.ex3.CounterModuloTest" time="0.003"/>
  <testcase name="MultiThreaded only initializes value once[Iterations: 2,411]" classname="serie2.ex3.CounterModuloTest" time="0.004"/>
  <testcase name="MultiThreaded only initializes value once[Iterations: 2,412]" classname="serie2.ex3.CounterModuloTest" time="0.003"/>
  <testcase name="MultiThreaded only initializes value once[Iterations: 2,413]" classname="serie2.ex3.CounterModuloTest" time="0.004"/>
  <testcase name="MultiThreaded only initializes value once[Iterations: 2,414]" classname="serie2.ex3.CounterModuloTest" time="0.004"/>
  <testcase name="MultiThreaded only initializes value once[Iterations: 2,415]" classname="serie2.ex3.CounterModuloTest" time="0.003"/>
  <testcase name="MultiThreaded only initializes value once[Iterations: 2,416]" classname="serie2.ex3.CounterModuloTest" time="0.004"/>
  <testcase name="MultiThreaded only initializes value once[Iterations: 2,417]" classname="serie2.ex3.CounterModuloTest" time="0.004"/>
  <testcase name="MultiThreaded only initializes value once[Iterations: 2,418]" classname="serie2.ex3.CounterModuloTest" time="0.004"/>
  <testcase name="MultiThreaded only initializes value once[Iterations: 2,419]" classname="serie2.ex3.CounterModuloTest" time="0.004"/>
  <testcase name="MultiThreaded only initializes value once[Iterations: 2,420]" classname="serie2.ex3.CounterModuloTest" time="0.003"/>
  <testcase name="MultiThreaded only initializes value once[Iterations: 2,421]" classname="serie2.ex3.CounterModuloTest" time="0.004"/>
  <testcase name="MultiThreaded only initializes value once[Iterations: 2,422]" classname="serie2.ex3.CounterModuloTest" time="0.005"/>
  <testcase name="MultiThreaded only initializes value once[Iterations: 2,423]" classname="serie2.ex3.CounterModuloTest" time="0.003"/>
  <testcase name="MultiThreaded only initializes value once[Iterations: 2,424]" classname="serie2.ex3.CounterModuloTest" time="0.005"/>
  <testcase name="MultiThreaded only initializes value once[Iterations: 2,425]" classname="serie2.ex3.CounterModuloTest" time="0.003"/>
  <testcase name="MultiThreaded only initializes value once[Iterations: 2,426]" classname="serie2.ex3.CounterModuloTest" time="0.004"/>
  <testcase name="MultiThreaded only initializes value once[Iterations: 2,427]" classname="serie2.ex3.CounterModuloTest" time="0.003"/>
  <testcase name="MultiThreaded only initializes value once[Iterations: 2,428]" classname="serie2.ex3.CounterModuloTest" time="0.004"/>
  <testcase name="MultiThreaded only initializes value once[Iterations: 2,429]" classname="serie2.ex3.CounterModuloTest" time="0.004"/>
  <testcase name="MultiThreaded only initializes value once[Iterations: 2,430]" classname="serie2.ex3.CounterModuloTest" time="0.004"/>
  <testcase name="MultiThreaded only initializes value once[Iterations: 2,431]" classname="serie2.ex3.CounterModuloTest" time="0.003"/>
  <testcase name="MultiThreaded only initializes value once[Iterations: 2,432]" classname="serie2.ex3.CounterModuloTest" time="0.004"/>
  <testcase name="MultiThreaded only initializes value once[Iterations: 2,433]" classname="serie2.ex3.CounterModuloTest" time="0.004"/>
  <testcase name="MultiThreaded only initializes value once[Iterations: 2,434]" classname="serie2.ex3.CounterModuloTest" time="0.004"/>
  <testcase name="MultiThreaded only initializes value once[Iterations: 2,435]" classname="serie2.ex3.CounterModuloTest" time="0.004"/>
  <testcase name="MultiThreaded only initializes value once[Iterations: 2,436]" classname="serie2.ex3.CounterModuloTest" time="0.003"/>
  <testcase name="MultiThreaded only initializes value once[Iterations: 2,437]" classname="serie2.ex3.CounterModuloTest" time="0.004"/>
  <testcase name="MultiThreaded only initializes value once[Iterations: 2,438]" classname="serie2.ex3.CounterModuloTest" time="0.004"/>
  <testcase name="MultiThreaded only initializes value once[Iterations: 2,439]" classname="serie2.ex3.CounterModuloTest" time="0.004"/>
  <testcase name="MultiThreaded only initializes value once[Iterations: 2,440]" classname="serie2.ex3.CounterModuloTest" time="0.003"/>
  <testcase name="MultiThreaded only initializes value once[Iterations: 2,441]" classname="serie2.ex3.CounterModuloTest" time="0.004"/>
  <testcase name="MultiThreaded only initializes value once[Iterations: 2,442]" classname="serie2.ex3.CounterModuloTest" time="0.004"/>
  <testcase name="MultiThreaded only initializes value once[Iterations: 2,443]" classname="serie2.ex3.CounterModuloTest" time="0.004"/>
  <testcase name="MultiThreaded only initializes value once[Iterations: 2,444]" classname="serie2.ex3.CounterModuloTest" time="0.003"/>
  <testcase name="MultiThreaded only initializes value once[Iterations: 2,445]" classname="serie2.ex3.CounterModuloTest" time="0.004"/>
  <testcase name="MultiThreaded only initializes value once[Iterations: 2,446]" classname="serie2.ex3.CounterModuloTest" time="0.004"/>
  <testcase name="MultiThreaded only initializes value once[Iterations: 2,447]" classname="serie2.ex3.CounterModuloTest" time="0.003"/>
  <testcase name="MultiThreaded only initializes value once[Iterations: 2,448]" classname="serie2.ex3.CounterModuloTest" time="0.004"/>
  <testcase name="MultiThreaded only initializes value once[Iterations: 2,449]" classname="serie2.ex3.CounterModuloTest" time="0.003"/>
  <testcase name="MultiThreaded only initializes value once[Iterations: 2,450]" classname="serie2.ex3.CounterModuloTest" time="0.003"/>
  <testcase name="MultiThreaded only initializes value once[Iterations: 2,451]" classname="serie2.ex3.CounterModuloTest" time="0.004"/>
  <testcase name="MultiThreaded only initializes value once[Iterations: 2,452]" classname="serie2.ex3.CounterModuloTest" time="0.004"/>
  <testcase name="MultiThreaded only initializes value once[Iterations: 2,453]" classname="serie2.ex3.CounterModuloTest" time="0.004"/>
  <testcase name="MultiThreaded only initializes value once[Iterations: 2,454]" classname="serie2.ex3.CounterModuloTest" time="0.004"/>
  <testcase name="MultiThreaded only initializes value once[Iterations: 2,455]" classname="serie2.ex3.CounterModuloTest" time="0.003"/>
  <testcase name="MultiThreaded only initializes value once[Iterations: 2,456]" classname="serie2.ex3.CounterModuloTest" time="0.004"/>
  <testcase name="MultiThreaded only initializes value once[Iterations: 2,457]" classname="serie2.ex3.CounterModuloTest" time="0.004"/>
  <testcase name="MultiThreaded only initializes value once[Iterations: 2,458]" classname="serie2.ex3.CounterModuloTest" time="0.004"/>
  <testcase name="MultiThreaded only initializes value once[Iterations: 2,459]" classname="serie2.ex3.CounterModuloTest" time="0.004"/>
  <testcase name="MultiThreaded only initializes value once[Iterations: 2,460]" classname="serie2.ex3.CounterModuloTest" time="0.003"/>
  <testcase name="MultiThreaded only initializes value once[Iterations: 2,461]" classname="serie2.ex3.CounterModuloTest" time="0.003"/>
  <testcase name="MultiThreaded only initializes value once[Iterations: 2,462]" classname="serie2.ex3.CounterModuloTest" time="0.004"/>
  <testcase name="MultiThreaded only initializes value once[Iterations: 2,463]" classname="serie2.ex3.CounterModuloTest" time="0.004"/>
  <testcase name="MultiThreaded only initializes value once[Iterations: 2,464]" classname="serie2.ex3.CounterModuloTest" time="0.004"/>
  <testcase name="MultiThreaded only initializes value once[Iterations: 2,465]" classname="serie2.ex3.CounterModuloTest" time="0.004"/>
  <testcase name="MultiThreaded only initializes value once[Iterations: 2,466]" classname="serie2.ex3.CounterModuloTest" time="0.004"/>
  <testcase name="MultiThreaded only initializes value once[Iterations: 2,467]" classname="serie2.ex3.CounterModuloTest" time="0.004"/>
  <testcase name="MultiThreaded only initializes value once[Iterations: 2,468]" classname="serie2.ex3.CounterModuloTest" time="0.004"/>
  <testcase name="MultiThreaded only initializes value once[Iterations: 2,469]" classname="serie2.ex3.CounterModuloTest" time="0.004"/>
  <testcase name="MultiThreaded only initializes value once[Iterations: 2,470]" classname="serie2.ex3.CounterModuloTest" time="0.004"/>
  <testcase name="MultiThreaded only initializes value once[Iterations: 2,471]" classname="serie2.ex3.CounterModuloTest" time="0.004"/>
  <testcase name="MultiThreaded only initializes value once[Iterations: 2,472]" classname="serie2.ex3.CounterModuloTest" time="0.003"/>
  <testcase name="MultiThreaded only initializes value once[Iterations: 2,473]" classname="serie2.ex3.CounterModuloTest" time="0.004"/>
  <testcase name="MultiThreaded only initializes value once[Iterations: 2,474]" classname="serie2.ex3.CounterModuloTest" time="0.004"/>
  <testcase name="MultiThreaded only initializes value once[Iterations: 2,475]" classname="serie2.ex3.CounterModuloTest" time="0.004"/>
  <testcase name="MultiThreaded only initializes value once[Iterations: 2,476]" classname="serie2.ex3.CounterModuloTest" time="0.004"/>
  <testcase name="MultiThreaded only initializes value once[Iterations: 2,477]" classname="serie2.ex3.CounterModuloTest" time="0.005"/>
  <testcase name="MultiThreaded only initializes value once[Iterations: 2,478]" classname="serie2.ex3.CounterModuloTest" time="0.004"/>
  <testcase name="MultiThreaded only initializes value once[Iterations: 2,479]" classname="serie2.ex3.CounterModuloTest" time="0.004"/>
  <testcase name="MultiThreaded only initializes value once[Iterations: 2,480]" classname="serie2.ex3.CounterModuloTest" time="0.004"/>
  <testcase name="MultiThreaded only initializes value once[Iterations: 2,481]" classname="serie2.ex3.CounterModuloTest" time="0.004"/>
  <testcase name="MultiThreaded only initializes value once[Iterations: 2,482]" classname="serie2.ex3.CounterModuloTest" time="0.004"/>
  <testcase name="MultiThreaded only initializes value once[Iterations: 2,483]" classname="serie2.ex3.CounterModuloTest" time="0.003"/>
  <testcase name="MultiThreaded only initializes value once[Iterations: 2,484]" classname="serie2.ex3.CounterModuloTest" time="0.004"/>
  <testcase name="MultiThreaded only initializes value once[Iterations: 2,485]" classname="serie2.ex3.CounterModuloTest" time="0.004"/>
  <testcase name="MultiThreaded only initializes value once[Iterations: 2,486]" classname="serie2.ex3.CounterModuloTest" time="0.003"/>
  <testcase name="MultiThreaded only initializes value once[Iterations: 2,487]" classname="serie2.ex3.CounterModuloTest" time="0.004"/>
  <testcase name="MultiThreaded only initializes value once[Iterations: 2,488]" classname="serie2.ex3.CounterModuloTest" time="0.004"/>
  <testcase name="MultiThreaded only initializes value once[Iterations: 2,489]" classname="serie2.ex3.CounterModuloTest" time="0.003"/>
  <testcase name="MultiThreaded only initializes value once[Iterations: 2,490]" classname="serie2.ex3.CounterModuloTest" time="0.004"/>
  <testcase name="MultiThreaded only initializes value once[Iterations: 2,491]" classname="serie2.ex3.CounterModuloTest" time="0.004"/>
  <testcase name="MultiThreaded only initializes value once[Iterations: 2,492]" classname="serie2.ex3.CounterModuloTest" time="0.004"/>
  <testcase name="MultiThreaded only initializes value once[Iterations: 2,493]" classname="serie2.ex3.CounterModuloTest" time="0.003"/>
  <testcase name="MultiThreaded only initializes value once[Iterations: 2,494]" classname="serie2.ex3.CounterModuloTest" time="0.003"/>
  <testcase name="MultiThreaded only initializes value once[Iterations: 2,495]" classname="serie2.ex3.CounterModuloTest" time="0.004"/>
  <testcase name="MultiThreaded only initializes value once[Iterations: 2,496]" classname="serie2.ex3.CounterModuloTest" time="0.004"/>
  <testcase name="MultiThreaded only initializes value once[Iterations: 2,497]" classname="serie2.ex3.CounterModuloTest" time="0.004"/>
  <testcase name="MultiThreaded only initializes value once[Iterations: 2,498]" classname="serie2.ex3.CounterModuloTest" time="0.004"/>
  <testcase name="MultiThreaded only initializes value once[Iterations: 2,499]" classname="serie2.ex3.CounterModuloTest" time="0.003"/>
  <testcase name="MultiThreaded only initializes value once[Iterations: 2,500]" classname="serie2.ex3.CounterModuloTest" time="0.004"/>
  <testcase name="MultiThreaded only initializes value once[Iterations: 2,501]" classname="serie2.ex3.CounterModuloTest" time="0.004"/>
  <testcase name="MultiThreaded only initializes value once[Iterations: 2,502]" classname="serie2.ex3.CounterModuloTest" time="0.002"/>
  <testcase name="MultiThreaded only initializes value once[Iterations: 2,503]" classname="serie2.ex3.CounterModuloTest" time="0.005"/>
  <testcase name="MultiThreaded only initializes value once[Iterations: 2,504]" classname="serie2.ex3.CounterModuloTest" time="0.004"/>
  <testcase name="MultiThreaded only initializes value once[Iterations: 2,505]" classname="serie2.ex3.CounterModuloTest" time="0.003"/>
  <testcase name="MultiThreaded only initializes value once[Iterations: 2,506]" classname="serie2.ex3.CounterModuloTest" time="0.004"/>
  <testcase name="MultiThreaded only initializes value once[Iterations: 2,507]" classname="serie2.ex3.CounterModuloTest" time="0.004"/>
  <testcase name="MultiThreaded only initializes value once[Iterations: 2,508]" classname="serie2.ex3.CounterModuloTest" time="0.004"/>
  <testcase name="MultiThreaded only initializes value once[Iterations: 2,509]" classname="serie2.ex3.CounterModuloTest" time="0.003"/>
  <testcase name="MultiThreaded only initializes value once[Iterations: 2,510]" classname="serie2.ex3.CounterModuloTest" time="0.004"/>
  <testcase name="MultiThreaded only initializes value once[Iterations: 2,511]" classname="serie2.ex3.CounterModuloTest" time="0.004"/>
  <testcase name="MultiThreaded only initializes value once[Iterations: 2,512]" classname="serie2.ex3.CounterModuloTest" time="0.004"/>
  <testcase name="MultiThreaded only initializes value once[Iterations: 2,513]" classname="serie2.ex3.CounterModuloTest" time="0.003"/>
  <testcase name="MultiThreaded only initializes value once[Iterations: 2,514]" classname="serie2.ex3.CounterModuloTest" time="0.004"/>
  <testcase name="MultiThreaded only initializes value once[Iterations: 2,515]" classname="serie2.ex3.CounterModuloTest" time="0.004"/>
  <testcase name="MultiThreaded only initializes value once[Iterations: 2,516]" classname="serie2.ex3.CounterModuloTest" time="0.004"/>
  <testcase name="MultiThreaded only initializes value once[Iterations: 2,517]" classname="serie2.ex3.CounterModuloTest" time="0.004"/>
  <testcase name="MultiThreaded only initializes value once[Iterations: 2,518]" classname="serie2.ex3.CounterModuloTest" time="0.004"/>
  <testcase name="MultiThreaded only initializes value once[Iterations: 2,519]" classname="serie2.ex3.CounterModuloTest" time="0.003"/>
  <testcase name="MultiThreaded only initializes value once[Iterations: 2,520]" classname="serie2.ex3.CounterModuloTest" time="0.004"/>
  <testcase name="MultiThreaded only initializes value once[Iterations: 2,521]" classname="serie2.ex3.CounterModuloTest" time="0.004"/>
  <testcase name="MultiThreaded only initializes value once[Iterations: 2,522]" classname="serie2.ex3.CounterModuloTest" time="0.004"/>
  <testcase name="MultiThreaded only initializes value once[Iterations: 2,523]" classname="serie2.ex3.CounterModuloTest" time="0.003"/>
  <testcase name="MultiThreaded only initializes value once[Iterations: 2,524]" classname="serie2.ex3.CounterModuloTest" time="0.005"/>
  <testcase name="MultiThreaded only initializes value once[Iterations: 2,525]" classname="serie2.ex3.CounterModuloTest" time="0.004"/>
  <testcase name="MultiThreaded only initializes value once[Iterations: 2,526]" classname="serie2.ex3.CounterModuloTest" time="0.004"/>
  <testcase name="MultiThreaded only initializes value once[Iterations: 2,527]" classname="serie2.ex3.CounterModuloTest" time="0.004"/>
  <testcase name="MultiThreaded only initializes value once[Iterations: 2,528]" classname="serie2.ex3.CounterModuloTest" time="0.005"/>
  <testcase name="MultiThreaded only initializes value once[Iterations: 2,529]" classname="serie2.ex3.CounterModuloTest" time="0.004"/>
  <testcase name="MultiThreaded only initializes value once[Iterations: 2,530]" classname="serie2.ex3.CounterModuloTest" time="0.004"/>
  <testcase name="MultiThreaded only initializes value once[Iterations: 2,531]" classname="serie2.ex3.CounterModuloTest" time="0.005"/>
  <testcase name="MultiThreaded only initializes value once[Iterations: 2,532]" classname="serie2.ex3.CounterModuloTest" time="0.005"/>
  <testcase name="MultiThreaded only initializes value once[Iterations: 2,533]" classname="serie2.ex3.CounterModuloTest" time="0.005"/>
  <testcase name="MultiThreaded only initializes value once[Iterations: 2,534]" classname="serie2.ex3.CounterModuloTest" time="0.004"/>
  <testcase name="MultiThreaded only initializes value once[Iterations: 2,535]" classname="serie2.ex3.CounterModuloTest" time="0.005"/>
  <testcase name="MultiThreaded only initializes value once[Iterations: 2,536]" classname="serie2.ex3.CounterModuloTest" time="0.004"/>
  <testcase name="MultiThreaded only initializes value once[Iterations: 2,537]" classname="serie2.ex3.CounterModuloTest" time="0.004"/>
  <testcase name="MultiThreaded only initializes value once[Iterations: 2,538]" classname="serie2.ex3.CounterModuloTest" time="0.004"/>
  <testcase name="MultiThreaded only initializes value once[Iterations: 2,539]" classname="serie2.ex3.CounterModuloTest" time="0.004"/>
  <testcase name="MultiThreaded only initializes value once[Iterations: 2,540]" classname="serie2.ex3.CounterModuloTest" time="0.003"/>
  <testcase name="MultiThreaded only initializes value once[Iterations: 2,541]" classname="serie2.ex3.CounterModuloTest" time="0.003"/>
  <testcase name="MultiThreaded only initializes value once[Iterations: 2,542]" classname="serie2.ex3.CounterModuloTest" time="0.004"/>
  <testcase name="MultiThreaded only initializes value once[Iterations: 2,543]" classname="serie2.ex3.CounterModuloTest" time="0.004"/>
  <testcase name="MultiThreaded only initializes value once[Iterations: 2,544]" classname="serie2.ex3.CounterModuloTest" time="0.004"/>
  <testcase name="MultiThreaded only initializes value once[Iterations: 2,545]" classname="serie2.ex3.CounterModuloTest" time="0.004"/>
  <testcase name="MultiThreaded only initializes value once[Iterations: 2,546]" classname="serie2.ex3.CounterModuloTest" time="0.004"/>
  <testcase name="MultiThreaded only initializes value once[Iterations: 2,547]" classname="serie2.ex3.CounterModuloTest" time="0.004"/>
  <testcase name="MultiThreaded only initializes value once[Iterations: 2,548]" classname="serie2.ex3.CounterModuloTest" time="0.003"/>
  <testcase name="MultiThreaded only initializes value once[Iterations: 2,549]" classname="serie2.ex3.CounterModuloTest" time="0.004"/>
  <testcase name="MultiThreaded only initializes value once[Iterations: 2,550]" classname="serie2.ex3.CounterModuloTest" time="0.004"/>
  <testcase name="MultiThreaded only initializes value once[Iterations: 2,551]" classname="serie2.ex3.CounterModuloTest" time="0.004"/>
  <testcase name="MultiThreaded only initializes value once[Iterations: 2,552]" classname="serie2.ex3.CounterModuloTest" time="0.004"/>
  <testcase name="MultiThreaded only initializes value once[Iterations: 2,553]" classname="serie2.ex3.CounterModuloTest" time="0.003"/>
  <testcase name="MultiThreaded only initializes value once[Iterations: 2,554]" classname="serie2.ex3.CounterModuloTest" time="0.004"/>
  <testcase name="MultiThreaded only initializes value once[Iterations: 2,555]" classname="serie2.ex3.CounterModuloTest" time="0.003"/>
  <testcase name="MultiThreaded only initializes value once[Iterations: 2,556]" classname="serie2.ex3.CounterModuloTest" time="0.003"/>
  <testcase name="MultiThreaded only initializes value once[Iterations: 2,557]" classname="serie2.ex3.CounterModuloTest" time="0.004"/>
  <testcase name="MultiThreaded only initializes value once[Iterations: 2,558]" classname="serie2.ex3.CounterModuloTest" time="0.005"/>
  <testcase name="MultiThreaded only initializes value once[Iterations: 2,559]" classname="serie2.ex3.CounterModuloTest" time="0.004"/>
  <testcase name="MultiThreaded only initializes value once[Iterations: 2,560]" classname="serie2.ex3.CounterModuloTest" time="0.004"/>
  <testcase name="MultiThreaded only initializes value once[Iterations: 2,561]" classname="serie2.ex3.CounterModuloTest" time="0.004"/>
  <testcase name="MultiThreaded only initializes value once[Iterations: 2,562]" classname="serie2.ex3.CounterModuloTest" time="0.005"/>
  <testcase name="MultiThreaded only initializes value once[Iterations: 2,563]" classname="serie2.ex3.CounterModuloTest" time="0.004"/>
  <testcase name="MultiThreaded only initializes value once[Iterations: 2,564]" classname="serie2.ex3.CounterModuloTest" time="0.003"/>
  <testcase name="MultiThreaded only initializes value once[Iterations: 2,565]" classname="serie2.ex3.CounterModuloTest" time="0.004"/>
  <testcase name="MultiThreaded only initializes value once[Iterations: 2,566]" classname="serie2.ex3.CounterModuloTest" time="0.005"/>
  <testcase name="MultiThreaded only initializes value once[Iterations: 2,567]" classname="serie2.ex3.CounterModuloTest" time="0.004"/>
  <testcase name="MultiThreaded only initializes value once[Iterations: 2,568]" classname="serie2.ex3.CounterModuloTest" time="0.004"/>
  <testcase name="MultiThreaded only initializes value once[Iterations: 2,569]" classname="serie2.ex3.CounterModuloTest" time="0.004"/>
  <testcase name="MultiThreaded only initializes value once[Iterations: 2,570]" classname="serie2.ex3.CounterModuloTest" time="0.005"/>
  <testcase name="MultiThreaded only initializes value once[Iterations: 2,571]" classname="serie2.ex3.CounterModuloTest" time="0.005"/>
  <testcase name="MultiThreaded only initializes value once[Iterations: 2,572]" classname="serie2.ex3.CounterModuloTest" time="0.004"/>
  <testcase name="MultiThreaded only initializes value once[Iterations: 2,573]" classname="serie2.ex3.CounterModuloTest" time="0.004"/>
  <testcase name="MultiThreaded only initializes value once[Iterations: 2,574]" classname="serie2.ex3.CounterModuloTest" time="0.004"/>
  <testcase name="MultiThreaded only initializes value once[Iterations: 2,575]" classname="serie2.ex3.CounterModuloTest" time="0.004"/>
  <testcase name="MultiThreaded only initializes value once[Iterations: 2,576]" classname="serie2.ex3.CounterModuloTest" time="0.003"/>
  <testcase name="MultiThreaded only initializes value once[Iterations: 2,577]" classname="serie2.ex3.CounterModuloTest" time="0.004"/>
  <testcase name="MultiThreaded only initializes value once[Iterations: 2,578]" classname="serie2.ex3.CounterModuloTest" time="0.005"/>
  <testcase name="MultiThreaded only initializes value once[Iterations: 2,579]" classname="serie2.ex3.CounterModuloTest" time="0.004"/>
  <testcase name="MultiThreaded only initializes value once[Iterations: 2,580]" classname="serie2.ex3.CounterModuloTest" time="0.004"/>
  <testcase name="MultiThreaded only initializes value once[Iterations: 2,581]" classname="serie2.ex3.CounterModuloTest" time="0.004"/>
  <testcase name="MultiThreaded only initializes value once[Iterations: 2,582]" classname="serie2.ex3.CounterModuloTest" time="0.004"/>
  <testcase name="MultiThreaded only initializes value once[Iterations: 2,583]" classname="serie2.ex3.CounterModuloTest" time="0.005"/>
  <testcase name="MultiThreaded only initializes value once[Iterations: 2,584]" classname="serie2.ex3.CounterModuloTest" time="0.004"/>
  <testcase name="MultiThreaded only initializes value once[Iterations: 2,585]" classname="serie2.ex3.CounterModuloTest" time="0.003"/>
  <testcase name="MultiThreaded only initializes value once[Iterations: 2,586]" classname="serie2.ex3.CounterModuloTest" time="0.004"/>
  <testcase name="MultiThreaded only initializes value once[Iterations: 2,587]" classname="serie2.ex3.CounterModuloTest" time="0.004"/>
  <testcase name="MultiThreaded only initializes value once[Iterations: 2,588]" classname="serie2.ex3.CounterModuloTest" time="0.004"/>
  <testcase name="MultiThreaded only initializes value once[Iterations: 2,589]" classname="serie2.ex3.CounterModuloTest" time="0.004"/>
  <testcase name="MultiThreaded only initializes value once[Iterations: 2,590]" classname="serie2.ex3.CounterModuloTest" time="0.003"/>
  <testcase name="MultiThreaded only initializes value once[Iterations: 2,591]" classname="serie2.ex3.CounterModuloTest" time="0.004"/>
  <testcase name="MultiThreaded only initializes value once[Iterations: 2,592]" classname="serie2.ex3.CounterModuloTest" time="0.004"/>
  <testcase name="MultiThreaded only initializes value once[Iterations: 2,593]" classname="serie2.ex3.CounterModuloTest" time="0.004"/>
  <testcase name="MultiThreaded only initializes value once[Iterations: 2,594]" classname="serie2.ex3.CounterModuloTest" time="0.004"/>
  <testcase name="MultiThreaded only initializes value once[Iterations: 2,595]" classname="serie2.ex3.CounterModuloTest" time="0.004"/>
  <testcase name="MultiThreaded only initializes value once[Iterations: 2,596]" classname="serie2.ex3.CounterModuloTest" time="0.004"/>
  <testcase name="MultiThreaded only initializes value once[Iterations: 2,597]" classname="serie2.ex3.CounterModuloTest" time="0.004"/>
  <testcase name="MultiThreaded only initializes value once[Iterations: 2,598]" classname="serie2.ex3.CounterModuloTest" time="0.004"/>
  <testcase name="MultiThreaded only initializes value once[Iterations: 2,599]" classname="serie2.ex3.CounterModuloTest" time="0.004"/>
  <testcase name="MultiThreaded only initializes value once[Iterations: 2,600]" classname="serie2.ex3.CounterModuloTest" time="0.004"/>
  <testcase name="MultiThreaded only initializes value once[Iterations: 2,601]" classname="serie2.ex3.CounterModuloTest" time="0.004"/>
  <testcase name="MultiThreaded only initializes value once[Iterations: 2,602]" classname="serie2.ex3.CounterModuloTest" time="0.004"/>
  <testcase name="MultiThreaded only initializes value once[Iterations: 2,603]" classname="serie2.ex3.CounterModuloTest" time="0.005"/>
  <testcase name="MultiThreaded only initializes value once[Iterations: 2,604]" classname="serie2.ex3.CounterModuloTest" time="0.004"/>
  <testcase name="MultiThreaded only initializes value once[Iterations: 2,605]" classname="serie2.ex3.CounterModuloTest" time="0.005"/>
  <testcase name="MultiThreaded only initializes value once[Iterations: 2,606]" classname="serie2.ex3.CounterModuloTest" time="0.004"/>
  <testcase name="MultiThreaded only initializes value once[Iterations: 2,607]" classname="serie2.ex3.CounterModuloTest" time="0.005"/>
  <testcase name="MultiThreaded only initializes value once[Iterations: 2,608]" classname="serie2.ex3.CounterModuloTest" time="0.004"/>
  <testcase name="MultiThreaded only initializes value once[Iterations: 2,609]" classname="serie2.ex3.CounterModuloTest" time="0.005"/>
  <testcase name="MultiThreaded only initializes value once[Iterations: 2,610]" classname="serie2.ex3.CounterModuloTest" time="0.004"/>
  <testcase name="MultiThreaded only initializes value once[Iterations: 2,611]" classname="serie2.ex3.CounterModuloTest" time="0.003"/>
  <testcase name="MultiThreaded only initializes value once[Iterations: 2,612]" classname="serie2.ex3.CounterModuloTest" time="0.005"/>
  <testcase name="MultiThreaded only initializes value once[Iterations: 2,613]" classname="serie2.ex3.CounterModuloTest" time="0.003"/>
  <testcase name="MultiThreaded only initializes value once[Iterations: 2,614]" classname="serie2.ex3.CounterModuloTest" time="0.004"/>
  <testcase name="MultiThreaded only initializes value once[Iterations: 2,615]" classname="serie2.ex3.CounterModuloTest" time="0.004"/>
  <testcase name="MultiThreaded only initializes value once[Iterations: 2,616]" classname="serie2.ex3.CounterModuloTest" time="0.004"/>
  <testcase name="MultiThreaded only initializes value once[Iterations: 2,617]" classname="serie2.ex3.CounterModuloTest" time="0.004"/>
  <testcase name="MultiThreaded only initializes value once[Iterations: 2,618]" classname="serie2.ex3.CounterModuloTest" time="0.004"/>
  <testcase name="MultiThreaded only initializes value once[Iterations: 2,619]" classname="serie2.ex3.CounterModuloTest" time="0.004"/>
  <testcase name="MultiThreaded only initializes value once[Iterations: 2,620]" classname="serie2.ex3.CounterModuloTest" time="0.004"/>
  <testcase name="MultiThreaded only initializes value once[Iterations: 2,621]" classname="serie2.ex3.CounterModuloTest" time="0.004"/>
  <testcase name="MultiThreaded only initializes value once[Iterations: 2,622]" classname="serie2.ex3.CounterModuloTest" time="0.004"/>
  <testcase name="MultiThreaded only initializes value once[Iterations: 2,623]" classname="serie2.ex3.CounterModuloTest" time="0.003"/>
  <testcase name="MultiThreaded only initializes value once[Iterations: 2,624]" classname="serie2.ex3.CounterModuloTest" time="0.004"/>
  <testcase name="MultiThreaded only initializes value once[Iterations: 2,625]" classname="serie2.ex3.CounterModuloTest" time="0.004"/>
  <testcase name="MultiThreaded only initializes value once[Iterations: 2,626]" classname="serie2.ex3.CounterModuloTest" time="0.004"/>
  <testcase name="MultiThreaded only initializes value once[Iterations: 2,627]" classname="serie2.ex3.CounterModuloTest" time="0.004"/>
  <testcase name="MultiThreaded only initializes value once[Iterations: 2,628]" classname="serie2.ex3.CounterModuloTest" time="0.005"/>
  <testcase name="MultiThreaded only initializes value once[Iterations: 2,629]" classname="serie2.ex3.CounterModuloTest" time="0.004"/>
  <testcase name="MultiThreaded only initializes value once[Iterations: 2,630]" classname="serie2.ex3.CounterModuloTest" time="0.005"/>
  <testcase name="MultiThreaded only initializes value once[Iterations: 2,631]" classname="serie2.ex3.CounterModuloTest" time="0.005"/>
  <testcase name="MultiThreaded only initializes value once[Iterations: 2,632]" classname="serie2.ex3.CounterModuloTest" time="0.005"/>
  <testcase name="MultiThreaded only initializes value once[Iterations: 2,633]" classname="serie2.ex3.CounterModuloTest" time="0.004"/>
  <testcase name="MultiThreaded only initializes value once[Iterations: 2,634]" classname="serie2.ex3.CounterModuloTest" time="0.004"/>
  <testcase name="MultiThreaded only initializes value once[Iterations: 2,635]" classname="serie2.ex3.CounterModuloTest" time="0.004"/>
  <testcase name="MultiThreaded only initializes value once[Iterations: 2,636]" classname="serie2.ex3.CounterModuloTest" time="0.004"/>
  <testcase name="MultiThreaded only initializes value once[Iterations: 2,637]" classname="serie2.ex3.CounterModuloTest" time="0.004"/>
  <testcase name="MultiThreaded only initializes value once[Iterations: 2,638]" classname="serie2.ex3.CounterModuloTest" time="0.005"/>
  <testcase name="MultiThreaded only initializes value once[Iterations: 2,639]" classname="serie2.ex3.CounterModuloTest" time="0.004"/>
  <testcase name="MultiThreaded only initializes value once[Iterations: 2,640]" classname="serie2.ex3.CounterModuloTest" time="0.003"/>
  <testcase name="MultiThreaded only initializes value once[Iterations: 2,641]" classname="serie2.ex3.CounterModuloTest" time="0.005"/>
  <testcase name="MultiThreaded only initializes value once[Iterations: 2,642]" classname="serie2.ex3.CounterModuloTest" time="0.004"/>
  <testcase name="MultiThreaded only initializes value once[Iterations: 2,643]" classname="serie2.ex3.CounterModuloTest" time="0.005"/>
  <testcase name="MultiThreaded only initializes value once[Iterations: 2,644]" classname="serie2.ex3.CounterModuloTest" time="0.003"/>
  <testcase name="MultiThreaded only initializes value once[Iterations: 2,645]" classname="serie2.ex3.CounterModuloTest" time="0.004"/>
  <testcase name="MultiThreaded only initializes value once[Iterations: 2,646]" classname="serie2.ex3.CounterModuloTest" time="0.004"/>
  <testcase name="MultiThreaded only initializes value once[Iterations: 2,647]" classname="serie2.ex3.CounterModuloTest" time="0.004"/>
  <testcase name="MultiThreaded only initializes value once[Iterations: 2,648]" classname="serie2.ex3.CounterModuloTest" time="0.004"/>
  <testcase name="MultiThreaded only initializes value once[Iterations: 2,649]" classname="serie2.ex3.CounterModuloTest" time="0.004"/>
  <testcase name="MultiThreaded only initializes value once[Iterations: 2,650]" classname="serie2.ex3.CounterModuloTest" time="0.004"/>
  <testcase name="MultiThreaded only initializes value once[Iterations: 2,651]" classname="serie2.ex3.CounterModuloTest" time="0.004"/>
  <testcase name="MultiThreaded only initializes value once[Iterations: 2,652]" classname="serie2.ex3.CounterModuloTest" time="0.004"/>
  <testcase name="MultiThreaded only initializes value once[Iterations: 2,653]" classname="serie2.ex3.CounterModuloTest" time="0.004"/>
  <testcase name="MultiThreaded only initializes value once[Iterations: 2,654]" classname="serie2.ex3.CounterModuloTest" time="0.004"/>
  <testcase name="MultiThreaded only initializes value once[Iterations: 2,655]" classname="serie2.ex3.CounterModuloTest" time="0.003"/>
  <testcase name="MultiThreaded only initializes value once[Iterations: 2,656]" classname="serie2.ex3.CounterModuloTest" time="0.004"/>
  <testcase name="MultiThreaded only initializes value once[Iterations: 2,657]" classname="serie2.ex3.CounterModuloTest" time="0.003"/>
  <testcase name="MultiThreaded only initializes value once[Iterations: 2,658]" classname="serie2.ex3.CounterModuloTest" time="0.004"/>
  <testcase name="MultiThreaded only initializes value once[Iterations: 2,659]" classname="serie2.ex3.CounterModuloTest" time="0.004"/>
  <testcase name="MultiThreaded only initializes value once[Iterations: 2,660]" classname="serie2.ex3.CounterModuloTest" time="0.004"/>
  <testcase name="MultiThreaded only initializes value once[Iterations: 2,661]" classname="serie2.ex3.CounterModuloTest" time="0.004"/>
  <testcase name="MultiThreaded only initializes value once[Iterations: 2,662]" classname="serie2.ex3.CounterModuloTest" time="0.004"/>
  <testcase name="MultiThreaded only initializes value once[Iterations: 2,663]" classname="serie2.ex3.CounterModuloTest" time="0.004"/>
  <testcase name="MultiThreaded only initializes value once[Iterations: 2,664]" classname="serie2.ex3.CounterModuloTest" time="0.007"/>
  <testcase name="MultiThreaded only initializes value once[Iterations: 2,665]" classname="serie2.ex3.CounterModuloTest" time="0.004"/>
  <testcase name="MultiThreaded only initializes value once[Iterations: 2,666]" classname="serie2.ex3.CounterModuloTest" time="0.005"/>
  <testcase name="MultiThreaded only initializes value once[Iterations: 2,667]" classname="serie2.ex3.CounterModuloTest" time="0.004"/>
  <testcase name="MultiThreaded only initializes value once[Iterations: 2,668]" classname="serie2.ex3.CounterModuloTest" time="0.004"/>
  <testcase name="MultiThreaded only initializes value once[Iterations: 2,669]" classname="serie2.ex3.CounterModuloTest" time="0.005"/>
  <testcase name="MultiThreaded only initializes value once[Iterations: 2,670]" classname="serie2.ex3.CounterModuloTest" time="0.003"/>
  <testcase name="MultiThreaded only initializes value once[Iterations: 2,671]" classname="serie2.ex3.CounterModuloTest" time="0.005"/>
  <testcase name="MultiThreaded only initializes value once[Iterations: 2,672]" classname="serie2.ex3.CounterModuloTest" time="0.004"/>
  <testcase name="MultiThreaded only initializes value once[Iterations: 2,673]" classname="serie2.ex3.CounterModuloTest" time="0.005"/>
  <testcase name="MultiThreaded only initializes value once[Iterations: 2,674]" classname="serie2.ex3.CounterModuloTest" time="0.003"/>
  <testcase name="MultiThreaded only initializes value once[Iterations: 2,675]" classname="serie2.ex3.CounterModuloTest" time="0.004"/>
  <testcase name="MultiThreaded only initializes value once[Iterations: 2,676]" classname="serie2.ex3.CounterModuloTest" time="0.004"/>
  <testcase name="MultiThreaded only initializes value once[Iterations: 2,677]" classname="serie2.ex3.CounterModuloTest" time="0.004"/>
  <testcase name="MultiThreaded only initializes value once[Iterations: 2,678]" classname="serie2.ex3.CounterModuloTest" time="0.004"/>
  <testcase name="MultiThreaded only initializes value once[Iterations: 2,679]" classname="serie2.ex3.CounterModuloTest" time="0.004"/>
  <testcase name="MultiThreaded only initializes value once[Iterations: 2,680]" classname="serie2.ex3.CounterModuloTest" time="0.004"/>
  <testcase name="MultiThreaded only initializes value once[Iterations: 2,681]" classname="serie2.ex3.CounterModuloTest" time="0.004"/>
  <testcase name="MultiThreaded only initializes value once[Iterations: 2,682]" classname="serie2.ex3.CounterModuloTest" time="0.003"/>
  <testcase name="MultiThreaded only initializes value once[Iterations: 2,683]" classname="serie2.ex3.CounterModuloTest" time="0.004"/>
  <testcase name="MultiThreaded only initializes value once[Iterations: 2,684]" classname="serie2.ex3.CounterModuloTest" time="0.004"/>
  <testcase name="MultiThreaded only initializes value once[Iterations: 2,685]" classname="serie2.ex3.CounterModuloTest" time="0.004"/>
  <testcase name="MultiThreaded only initializes value once[Iterations: 2,686]" classname="serie2.ex3.CounterModuloTest" time="0.003"/>
  <testcase name="MultiThreaded only initializes value once[Iterations: 2,687]" classname="serie2.ex3.CounterModuloTest" time="0.004"/>
  <testcase name="MultiThreaded only initializes value once[Iterations: 2,688]" classname="serie2.ex3.CounterModuloTest" time="0.004"/>
  <testcase name="MultiThreaded only initializes value once[Iterations: 2,689]" classname="serie2.ex3.CounterModuloTest" time="0.005"/>
  <testcase name="MultiThreaded only initializes value once[Iterations: 2,690]" classname="serie2.ex3.CounterModuloTest" time="0.004"/>
  <testcase name="MultiThreaded only initializes value once[Iterations: 2,691]" classname="serie2.ex3.CounterModuloTest" time="0.004"/>
  <testcase name="MultiThreaded only initializes value once[Iterations: 2,692]" classname="serie2.ex3.CounterModuloTest" time="0.004"/>
  <testcase name="MultiThreaded only initializes value once[Iterations: 2,693]" classname="serie2.ex3.CounterModuloTest" time="0.004"/>
  <testcase name="MultiThreaded only initializes value once[Iterations: 2,694]" classname="serie2.ex3.CounterModuloTest" time="0.004"/>
  <testcase name="MultiThreaded only initializes value once[Iterations: 2,695]" classname="serie2.ex3.CounterModuloTest" time="0.004"/>
  <testcase name="MultiThreaded only initializes value once[Iterations: 2,696]" classname="serie2.ex3.CounterModuloTest" time="0.004"/>
  <testcase name="MultiThreaded only initializes value once[Iterations: 2,697]" classname="serie2.ex3.CounterModuloTest" time="0.004"/>
  <testcase name="MultiThreaded only initializes value once[Iterations: 2,698]" classname="serie2.ex3.CounterModuloTest" time="0.004"/>
  <testcase name="MultiThreaded only initializes value once[Iterations: 2,699]" classname="serie2.ex3.CounterModuloTest" time="0.004"/>
  <testcase name="MultiThreaded only initializes value once[Iterations: 2,700]" classname="serie2.ex3.CounterModuloTest" time="0.004"/>
  <testcase name="MultiThreaded only initializes value once[Iterations: 2,701]" classname="serie2.ex3.CounterModuloTest" time="0.005"/>
  <testcase name="MultiThreaded only initializes value once[Iterations: 2,702]" classname="serie2.ex3.CounterModuloTest" time="0.004"/>
  <testcase name="MultiThreaded only initializes value once[Iterations: 2,703]" classname="serie2.ex3.CounterModuloTest" time="0.004"/>
  <testcase name="MultiThreaded only initializes value once[Iterations: 2,704]" classname="serie2.ex3.CounterModuloTest" time="0.004"/>
  <testcase name="MultiThreaded only initializes value once[Iterations: 2,705]" classname="serie2.ex3.CounterModuloTest" time="0.004"/>
  <testcase name="MultiThreaded only initializes value once[Iterations: 2,706]" classname="serie2.ex3.CounterModuloTest" time="0.004"/>
  <testcase name="MultiThreaded only initializes value once[Iterations: 2,707]" classname="serie2.ex3.CounterModuloTest" time="0.004"/>
  <testcase name="MultiThreaded only initializes value once[Iterations: 2,708]" classname="serie2.ex3.CounterModuloTest" time="0.004"/>
  <testcase name="MultiThreaded only initializes value once[Iterations: 2,709]" classname="serie2.ex3.CounterModuloTest" time="0.004"/>
  <testcase name="MultiThreaded only initializes value once[Iterations: 2,710]" classname="serie2.ex3.CounterModuloTest" time="0.004"/>
  <testcase name="MultiThreaded only initializes value once[Iterations: 2,711]" classname="serie2.ex3.CounterModuloTest" time="0.004"/>
  <testcase name="MultiThreaded only initializes value once[Iterations: 2,712]" classname="serie2.ex3.CounterModuloTest" time="0.004"/>
  <testcase name="MultiThreaded only initializes value once[Iterations: 2,713]" classname="serie2.ex3.CounterModuloTest" time="0.004"/>
  <testcase name="MultiThreaded only initializes value once[Iterations: 2,714]" classname="serie2.ex3.CounterModuloTest" time="0.004"/>
  <testcase name="MultiThreaded only initializes value once[Iterations: 2,715]" classname="serie2.ex3.CounterModuloTest" time="0.004"/>
  <testcase name="MultiThreaded only initializes value once[Iterations: 2,716]" classname="serie2.ex3.CounterModuloTest" time="0.004"/>
  <testcase name="MultiThreaded only initializes value once[Iterations: 2,717]" classname="serie2.ex3.CounterModuloTest" time="0.005"/>
  <testcase name="MultiThreaded only initializes value once[Iterations: 2,718]" classname="serie2.ex3.CounterModuloTest" time="0.004"/>
  <testcase name="MultiThreaded only initializes value once[Iterations: 2,719]" classname="serie2.ex3.CounterModuloTest" time="0.004"/>
  <testcase name="MultiThreaded only initializes value once[Iterations: 2,720]" classname="serie2.ex3.CounterModuloTest" time="0.005"/>
  <testcase name="MultiThreaded only initializes value once[Iterations: 2,721]" classname="serie2.ex3.CounterModuloTest" time="0.004"/>
  <testcase name="MultiThreaded only initializes value once[Iterations: 2,722]" classname="serie2.ex3.CounterModuloTest" time="0.004"/>
  <testcase name="MultiThreaded only initializes value once[Iterations: 2,723]" classname="serie2.ex3.CounterModuloTest" time="0.003"/>
  <testcase name="MultiThreaded only initializes value once[Iterations: 2,724]" classname="serie2.ex3.CounterModuloTest" time="0.005"/>
  <testcase name="MultiThreaded only initializes value once[Iterations: 2,725]" classname="serie2.ex3.CounterModuloTest" time="0.004"/>
  <testcase name="MultiThreaded only initializes value once[Iterations: 2,726]" classname="serie2.ex3.CounterModuloTest" time="0.004"/>
  <testcase name="MultiThreaded only initializes value once[Iterations: 2,727]" classname="serie2.ex3.CounterModuloTest" time="0.004"/>
  <testcase name="MultiThreaded only initializes value once[Iterations: 2,728]" classname="serie2.ex3.CounterModuloTest" time="0.004"/>
  <testcase name="MultiThreaded only initializes value once[Iterations: 2,729]" classname="serie2.ex3.CounterModuloTest" time="0.004"/>
  <testcase name="MultiThreaded only initializes value once[Iterations: 2,730]" classname="serie2.ex3.CounterModuloTest" time="0.004"/>
  <testcase name="MultiThreaded only initializes value once[Iterations: 2,731]" classname="serie2.ex3.CounterModuloTest" time="0.004"/>
  <testcase name="MultiThreaded only initializes value once[Iterations: 2,732]" classname="serie2.ex3.CounterModuloTest" time="0.004"/>
  <testcase name="MultiThreaded only initializes value once[Iterations: 2,733]" classname="serie2.ex3.CounterModuloTest" time="0.004"/>
  <testcase name="MultiThreaded only initializes value once[Iterations: 2,734]" classname="serie2.ex3.CounterModuloTest" time="0.003"/>
  <testcase name="MultiThreaded only initializes value once[Iterations: 2,735]" classname="serie2.ex3.CounterModuloTest" time="0.003"/>
  <testcase name="MultiThreaded only initializes value once[Iterations: 2,736]" classname="serie2.ex3.CounterModuloTest" time="0.005"/>
  <testcase name="MultiThreaded only initializes value once[Iterations: 2,737]" classname="serie2.ex3.CounterModuloTest" time="0.003"/>
  <testcase name="MultiThreaded only initializes value once[Iterations: 2,738]" classname="serie2.ex3.CounterModuloTest" time="0.004"/>
  <testcase name="MultiThreaded only initializes value once[Iterations: 2,739]" classname="serie2.ex3.CounterModuloTest" time="0.004"/>
  <testcase name="MultiThreaded only initializes value once[Iterations: 2,740]" classname="serie2.ex3.CounterModuloTest" time="0.004"/>
  <testcase name="MultiThreaded only initializes value once[Iterations: 2,741]" classname="serie2.ex3.CounterModuloTest" time="0.003"/>
  <testcase name="MultiThreaded only initializes value once[Iterations: 2,742]" classname="serie2.ex3.CounterModuloTest" time="0.004"/>
  <testcase name="MultiThreaded only initializes value once[Iterations: 2,743]" classname="serie2.ex3.CounterModuloTest" time="0.005"/>
  <testcase name="MultiThreaded only initializes value once[Iterations: 2,744]" classname="serie2.ex3.CounterModuloTest" time="0.004"/>
  <testcase name="MultiThreaded only initializes value once[Iterations: 2,745]" classname="serie2.ex3.CounterModuloTest" time="0.004"/>
  <testcase name="MultiThreaded only initializes value once[Iterations: 2,746]" classname="serie2.ex3.CounterModuloTest" time="0.004"/>
  <testcase name="MultiThreaded only initializes value once[Iterations: 2,747]" classname="serie2.ex3.CounterModuloTest" time="0.004"/>
  <testcase name="MultiThreaded only initializes value once[Iterations: 2,748]" classname="serie2.ex3.CounterModuloTest" time="0.005"/>
  <testcase name="MultiThreaded only initializes value once[Iterations: 2,749]" classname="serie2.ex3.CounterModuloTest" time="0.005"/>
  <testcase name="MultiThreaded only initializes value once[Iterations: 2,750]" classname="serie2.ex3.CounterModuloTest" time="0.004"/>
  <testcase name="MultiThreaded only initializes value once[Iterations: 2,751]" classname="serie2.ex3.CounterModuloTest" time="0.007"/>
  <testcase name="MultiThreaded only initializes value once[Iterations: 2,752]" classname="serie2.ex3.CounterModuloTest" time="0.005"/>
  <testcase name="MultiThreaded only initializes value once[Iterations: 2,753]" classname="serie2.ex3.CounterModuloTest" time="0.005"/>
  <testcase name="MultiThreaded only initializes value once[Iterations: 2,754]" classname="serie2.ex3.CounterModuloTest" time="0.004"/>
  <testcase name="MultiThreaded only initializes value once[Iterations: 2,755]" classname="serie2.ex3.CounterModuloTest" time="0.005"/>
  <testcase name="MultiThreaded only initializes value once[Iterations: 2,756]" classname="serie2.ex3.CounterModuloTest" time="0.003"/>
  <testcase name="MultiThreaded only initializes value once[Iterations: 2,757]" classname="serie2.ex3.CounterModuloTest" time="0.005"/>
  <testcase name="MultiThreaded only initializes value once[Iterations: 2,758]" classname="serie2.ex3.CounterModuloTest" time="0.005"/>
  <testcase name="MultiThreaded only initializes value once[Iterations: 2,759]" classname="serie2.ex3.CounterModuloTest" time="0.004"/>
  <testcase name="MultiThreaded only initializes value once[Iterations: 2,760]" classname="serie2.ex3.CounterModuloTest" time="0.004"/>
  <testcase name="MultiThreaded only initializes value once[Iterations: 2,761]" classname="serie2.ex3.CounterModuloTest" time="0.005"/>
  <testcase name="MultiThreaded only initializes value once[Iterations: 2,762]" classname="serie2.ex3.CounterModuloTest" time="0.004"/>
  <testcase name="MultiThreaded only initializes value once[Iterations: 2,763]" classname="serie2.ex3.CounterModuloTest" time="0.004"/>
  <testcase name="MultiThreaded only initializes value once[Iterations: 2,764]" classname="serie2.ex3.CounterModuloTest" time="0.004"/>
  <testcase name="MultiThreaded only initializes value once[Iterations: 2,765]" classname="serie2.ex3.CounterModuloTest" time="0.004"/>
  <testcase name="MultiThreaded only initializes value once[Iterations: 2,766]" classname="serie2.ex3.CounterModuloTest" time="0.005"/>
  <testcase name="MultiThreaded only initializes value once[Iterations: 2,767]" classname="serie2.ex3.CounterModuloTest" time="0.003"/>
  <testcase name="MultiThreaded only initializes value once[Iterations: 2,768]" classname="serie2.ex3.CounterModuloTest" time="0.005"/>
  <testcase name="MultiThreaded only initializes value once[Iterations: 2,769]" classname="serie2.ex3.CounterModuloTest" time="0.004"/>
  <testcase name="MultiThreaded only initializes value once[Iterations: 2,770]" classname="serie2.ex3.CounterModuloTest" time="0.004"/>
  <testcase name="MultiThreaded only initializes value once[Iterations: 2,771]" classname="serie2.ex3.CounterModuloTest" time="0.004"/>
  <testcase name="MultiThreaded only initializes value once[Iterations: 2,772]" classname="serie2.ex3.CounterModuloTest" time="0.004"/>
  <testcase name="MultiThreaded only initializes value once[Iterations: 2,773]" classname="serie2.ex3.CounterModuloTest" time="0.004"/>
  <testcase name="MultiThreaded only initializes value once[Iterations: 2,774]" classname="serie2.ex3.CounterModuloTest" time="0.004"/>
  <testcase name="MultiThreaded only initializes value once[Iterations: 2,775]" classname="serie2.ex3.CounterModuloTest" time="0.005"/>
  <testcase name="MultiThreaded only initializes value once[Iterations: 2,776]" classname="serie2.ex3.CounterModuloTest" time="0.004"/>
  <testcase name="MultiThreaded only initializes value once[Iterations: 2,777]" classname="serie2.ex3.CounterModuloTest" time="0.005"/>
  <testcase name="MultiThreaded only initializes value once[Iterations: 2,778]" classname="serie2.ex3.CounterModuloTest" time="0.004"/>
  <testcase name="MultiThreaded only initializes value once[Iterations: 2,779]" classname="serie2.ex3.CounterModuloTest" time="0.005"/>
  <testcase name="MultiThreaded only initializes value once[Iterations: 2,780]" classname="serie2.ex3.CounterModuloTest" time="0.004"/>
  <testcase name="MultiThreaded only initializes value once[Iterations: 2,781]" classname="serie2.ex3.CounterModuloTest" time="0.004"/>
  <testcase name="MultiThreaded only initializes value once[Iterations: 2,782]" classname="serie2.ex3.CounterModuloTest" time="0.004"/>
  <testcase name="MultiThreaded only initializes value once[Iterations: 2,783]" classname="serie2.ex3.CounterModuloTest" time="0.005"/>
  <testcase name="MultiThreaded only initializes value once[Iterations: 2,784]" classname="serie2.ex3.CounterModuloTest" time="0.004"/>
  <testcase name="MultiThreaded only initializes value once[Iterations: 2,785]" classname="serie2.ex3.CounterModuloTest" time="0.004"/>
  <testcase name="MultiThreaded only initializes value once[Iterations: 2,786]" classname="serie2.ex3.CounterModuloTest" time="0.005"/>
  <testcase name="MultiThreaded only initializes value once[Iterations: 2,787]" classname="serie2.ex3.CounterModuloTest" time="0.004"/>
  <testcase name="MultiThreaded only initializes value once[Iterations: 2,788]" classname="serie2.ex3.CounterModuloTest" time="0.004"/>
  <testcase name="MultiThreaded only initializes value once[Iterations: 2,789]" classname="serie2.ex3.CounterModuloTest" time="0.004"/>
  <testcase name="MultiThreaded only initializes value once[Iterations: 2,790]" classname="serie2.ex3.CounterModuloTest" time="0.004"/>
  <testcase name="MultiThreaded only initializes value once[Iterations: 2,791]" classname="serie2.ex3.CounterModuloTest" time="0.005"/>
  <testcase name="MultiThreaded only initializes value once[Iterations: 2,792]" classname="serie2.ex3.CounterModuloTest" time="0.004"/>
  <testcase name="MultiThreaded only initializes value once[Iterations: 2,793]" classname="serie2.ex3.CounterModuloTest" time="0.004"/>
  <testcase name="MultiThreaded only initializes value once[Iterations: 2,794]" classname="serie2.ex3.CounterModuloTest" time="0.004"/>
  <testcase name="MultiThreaded only initializes value once[Iterations: 2,795]" classname="serie2.ex3.CounterModuloTest" time="0.004"/>
  <testcase name="MultiThreaded only initializes value once[Iterations: 2,796]" classname="serie2.ex3.CounterModuloTest" time="0.004"/>
  <testcase name="MultiThreaded only initializes value once[Iterations: 2,797]" classname="serie2.ex3.CounterModuloTest" time="0.004"/>
  <testcase name="MultiThreaded only initializes value once[Iterations: 2,798]" classname="serie2.ex3.CounterModuloTest" time="0.005"/>
  <testcase name="MultiThreaded only initializes value once[Iterations: 2,799]" classname="serie2.ex3.CounterModuloTest" time="0.003"/>
  <testcase name="MultiThreaded only initializes value once[Iterations: 2,800]" classname="serie2.ex3.CounterModuloTest" time="0.004"/>
  <testcase name="MultiThreaded only initializes value once[Iterations: 2,801]" classname="serie2.ex3.CounterModuloTest" time="0.004"/>
  <testcase name="MultiThreaded only initializes value once[Iterations: 2,802]" classname="serie2.ex3.CounterModuloTest" time="0.005"/>
  <testcase name="MultiThreaded only initializes value once[Iterations: 2,803]" classname="serie2.ex3.CounterModuloTest" time="0.005"/>
  <testcase name="MultiThreaded only initializes value once[Iterations: 2,804]" classname="serie2.ex3.CounterModuloTest" time="0.004"/>
  <testcase name="MultiThreaded only initializes value once[Iterations: 2,805]" classname="serie2.ex3.CounterModuloTest" time="0.004"/>
  <testcase name="MultiThreaded only initializes value once[Iterations: 2,806]" classname="serie2.ex3.CounterModuloTest" time="0.004"/>
  <testcase name="MultiThreaded only initializes value once[Iterations: 2,807]" classname="serie2.ex3.CounterModuloTest" time="0.003"/>
  <testcase name="MultiThreaded only initializes value once[Iterations: 2,808]" classname="serie2.ex3.CounterModuloTest" time="0.004"/>
  <testcase name="MultiThreaded only initializes value once[Iterations: 2,809]" classname="serie2.ex3.CounterModuloTest" time="0.004"/>
  <testcase name="MultiThreaded only initializes value once[Iterations: 2,810]" classname="serie2.ex3.CounterModuloTest" time="0.005"/>
  <testcase name="MultiThreaded only initializes value once[Iterations: 2,811]" classname="serie2.ex3.CounterModuloTest" time="0.003"/>
  <testcase name="MultiThreaded only initializes value once[Iterations: 2,812]" classname="serie2.ex3.CounterModuloTest" time="0.004"/>
  <testcase name="MultiThreaded only initializes value once[Iterations: 2,813]" classname="serie2.ex3.CounterModuloTest" time="0.004"/>
  <testcase name="MultiThreaded only initializes value once[Iterations: 2,814]" classname="serie2.ex3.CounterModuloTest" time="0.004"/>
  <testcase name="MultiThreaded only initializes value once[Iterations: 2,815]" classname="serie2.ex3.CounterModuloTest" time="0.005"/>
  <testcase name="MultiThreaded only initializes value once[Iterations: 2,816]" classname="serie2.ex3.CounterModuloTest" time="0.004"/>
  <testcase name="MultiThreaded only initializes value once[Iterations: 2,817]" classname="serie2.ex3.CounterModuloTest" time="0.004"/>
  <testcase name="MultiThreaded only initializes value once[Iterations: 2,818]" classname="serie2.ex3.CounterModuloTest" time="0.004"/>
  <testcase name="MultiThreaded only initializes value once[Iterations: 2,819]" classname="serie2.ex3.CounterModuloTest" time="0.004"/>
  <testcase name="MultiThreaded only initializes value once[Iterations: 2,820]" classname="serie2.ex3.CounterModuloTest" time="0.005"/>
  <testcase name="MultiThreaded only initializes value once[Iterations: 2,821]" classname="serie2.ex3.CounterModuloTest" time="0.005"/>
  <testcase name="MultiThreaded only initializes value once[Iterations: 2,822]" classname="serie2.ex3.CounterModuloTest" time="0.004"/>
  <testcase name="MultiThreaded only initializes value once[Iterations: 2,823]" classname="serie2.ex3.CounterModuloTest" time="0.005"/>
  <testcase name="MultiThreaded only initializes value once[Iterations: 2,824]" classname="serie2.ex3.CounterModuloTest" time="0.004"/>
  <testcase name="MultiThreaded only initializes value once[Iterations: 2,825]" classname="serie2.ex3.CounterModuloTest" time="0.005"/>
  <testcase name="MultiThreaded only initializes value once[Iterations: 2,826]" classname="serie2.ex3.CounterModuloTest" time="0.004"/>
  <testcase name="MultiThreaded only initializes value once[Iterations: 2,827]" classname="serie2.ex3.CounterModuloTest" time="0.004"/>
  <testcase name="MultiThreaded only initializes value once[Iterations: 2,828]" classname="serie2.ex3.CounterModuloTest" time="0.005"/>
  <testcase name="MultiThreaded only initializes value once[Iterations: 2,829]" classname="serie2.ex3.CounterModuloTest" time="0.005"/>
  <testcase name="MultiThreaded only initializes value once[Iterations: 2,830]" classname="serie2.ex3.CounterModuloTest" time="0.004"/>
  <testcase name="MultiThreaded only initializes value once[Iterations: 2,831]" classname="serie2.ex3.CounterModuloTest" time="0.004"/>
  <testcase name="MultiThreaded only initializes value once[Iterations: 2,832]" classname="serie2.ex3.CounterModuloTest" time="0.004"/>
  <testcase name="MultiThreaded only initializes value once[Iterations: 2,833]" classname="serie2.ex3.CounterModuloTest" time="0.004"/>
  <testcase name="MultiThreaded only initializes value once[Iterations: 2,834]" classname="serie2.ex3.CounterModuloTest" time="0.004"/>
  <testcase name="MultiThreaded only initializes value once[Iterations: 2,835]" classname="serie2.ex3.CounterModuloTest" time="0.006"/>
  <testcase name="MultiThreaded only initializes value once[Iterations: 2,836]" classname="serie2.ex3.CounterModuloTest" time="0.004"/>
  <testcase name="MultiThreaded only initializes value once[Iterations: 2,837]" classname="serie2.ex3.CounterModuloTest" time="0.004"/>
  <testcase name="MultiThreaded only initializes value once[Iterations: 2,838]" classname="serie2.ex3.CounterModuloTest" time="0.004"/>
  <testcase name="MultiThreaded only initializes value once[Iterations: 2,839]" classname="serie2.ex3.CounterModuloTest" time="0.005"/>
  <testcase name="MultiThreaded only initializes value once[Iterations: 2,840]" classname="serie2.ex3.CounterModuloTest" time="0.004"/>
  <testcase name="MultiThreaded only initializes value once[Iterations: 2,841]" classname="serie2.ex3.CounterModuloTest" time="0.004"/>
  <testcase name="MultiThreaded only initializes value once[Iterations: 2,842]" classname="serie2.ex3.CounterModuloTest" time="0.004"/>
  <testcase name="MultiThreaded only initializes value once[Iterations: 2,843]" classname="serie2.ex3.CounterModuloTest" time="0.005"/>
  <testcase name="MultiThreaded only initializes value once[Iterations: 2,844]" classname="serie2.ex3.CounterModuloTest" time="0.004"/>
  <testcase name="MultiThreaded only initializes value once[Iterations: 2,845]" classname="serie2.ex3.CounterModuloTest" time="0.004"/>
  <testcase name="MultiThreaded only initializes value once[Iterations: 2,846]" classname="serie2.ex3.CounterModuloTest" time="0.004"/>
  <testcase name="MultiThreaded only initializes value once[Iterations: 2,847]" classname="serie2.ex3.CounterModuloTest" time="0.005"/>
  <testcase name="MultiThreaded only initializes value once[Iterations: 2,848]" classname="serie2.ex3.CounterModuloTest" time="0.005"/>
  <testcase name="MultiThreaded only initializes value once[Iterations: 2,849]" classname="serie2.ex3.CounterModuloTest" time="0.004"/>
  <testcase name="MultiThreaded only initializes value once[Iterations: 2,850]" classname="serie2.ex3.CounterModuloTest" time="0.006"/>
  <testcase name="MultiThreaded only initializes value once[Iterations: 2,851]" classname="serie2.ex3.CounterModuloTest" time="0.005"/>
  <testcase name="MultiThreaded only initializes value once[Iterations: 2,852]" classname="serie2.ex3.CounterModuloTest" time="0.004"/>
  <testcase name="MultiThreaded only initializes value once[Iterations: 2,853]" classname="serie2.ex3.CounterModuloTest" time="0.005"/>
  <testcase name="MultiThreaded only initializes value once[Iterations: 2,854]" classname="serie2.ex3.CounterModuloTest" time="0.004"/>
  <testcase name="MultiThreaded only initializes value once[Iterations: 2,855]" classname="serie2.ex3.CounterModuloTest" time="0.004"/>
  <testcase name="MultiThreaded only initializes value once[Iterations: 2,856]" classname="serie2.ex3.CounterModuloTest" time="0.005"/>
  <testcase name="MultiThreaded only initializes value once[Iterations: 2,857]" classname="serie2.ex3.CounterModuloTest" time="0.004"/>
  <testcase name="MultiThreaded only initializes value once[Iterations: 2,858]" classname="serie2.ex3.CounterModuloTest" time="0.004"/>
  <testcase name="MultiThreaded only initializes value once[Iterations: 2,859]" classname="serie2.ex3.CounterModuloTest" time="0.004"/>
  <testcase name="MultiThreaded only initializes value once[Iterations: 2,860]" classname="serie2.ex3.CounterModuloTest" time="0.004"/>
  <testcase name="MultiThreaded only initializes value once[Iterations: 2,861]" classname="serie2.ex3.CounterModuloTest" time="0.005"/>
  <testcase name="MultiThreaded only initializes value once[Iterations: 2,862]" classname="serie2.ex3.CounterModuloTest" time="0.004"/>
  <testcase name="MultiThreaded only initializes value once[Iterations: 2,863]" classname="serie2.ex3.CounterModuloTest" time="0.005"/>
  <testcase name="MultiThreaded only initializes value once[Iterations: 2,864]" classname="serie2.ex3.CounterModuloTest" time="0.005"/>
  <testcase name="MultiThreaded only initializes value once[Iterations: 2,865]" classname="serie2.ex3.CounterModuloTest" time="0.004"/>
  <testcase name="MultiThreaded only initializes value once[Iterations: 2,866]" classname="serie2.ex3.CounterModuloTest" time="0.005"/>
  <testcase name="MultiThreaded only initializes value once[Iterations: 2,867]" classname="serie2.ex3.CounterModuloTest" time="0.005"/>
  <testcase name="MultiThreaded only initializes value once[Iterations: 2,868]" classname="serie2.ex3.CounterModuloTest" time="0.005"/>
  <testcase name="MultiThreaded only initializes value once[Iterations: 2,869]" classname="serie2.ex3.CounterModuloTest" time="0.004"/>
  <testcase name="MultiThreaded only initializes value once[Iterations: 2,870]" classname="serie2.ex3.CounterModuloTest" time="0.005"/>
  <testcase name="MultiThreaded only initializes value once[Iterations: 2,871]" classname="serie2.ex3.CounterModuloTest" time="0.004"/>
  <testcase name="MultiThreaded only initializes value once[Iterations: 2,872]" classname="serie2.ex3.CounterModuloTest" time="0.004"/>
  <testcase name="MultiThreaded only initializes value once[Iterations: 2,873]" classname="serie2.ex3.CounterModuloTest" time="0.005"/>
  <testcase name="MultiThreaded only initializes value once[Iterations: 2,874]" classname="serie2.ex3.CounterModuloTest" time="0.005"/>
  <testcase name="MultiThreaded only initializes value once[Iterations: 2,875]" classname="serie2.ex3.CounterModuloTest" time="0.005"/>
  <testcase name="MultiThreaded only initializes value once[Iterations: 2,876]" classname="serie2.ex3.CounterModuloTest" time="0.005"/>
  <testcase name="MultiThreaded only initializes value once[Iterations: 2,877]" classname="serie2.ex3.CounterModuloTest" time="0.004"/>
  <testcase name="MultiThreaded only initializes value once[Iterations: 2,878]" classname="serie2.ex3.CounterModuloTest" time="0.005"/>
  <testcase name="MultiThreaded only initializes value once[Iterations: 2,879]" classname="serie2.ex3.CounterModuloTest" time="0.004"/>
  <testcase name="MultiThreaded only initializes value once[Iterations: 2,880]" classname="serie2.ex3.CounterModuloTest" time="0.004"/>
  <testcase name="MultiThreaded only initializes value once[Iterations: 2,881]" classname="serie2.ex3.CounterModuloTest" time="0.005"/>
  <testcase name="MultiThreaded only initializes value once[Iterations: 2,882]" classname="serie2.ex3.CounterModuloTest" time="0.005"/>
  <testcase name="MultiThreaded only initializes value once[Iterations: 2,883]" classname="serie2.ex3.CounterModuloTest" time="0.004"/>
  <testcase name="MultiThreaded only initializes value once[Iterations: 2,884]" classname="serie2.ex3.CounterModuloTest" time="0.004"/>
  <testcase name="MultiThreaded only initializes value once[Iterations: 2,885]" classname="serie2.ex3.CounterModuloTest" time="0.004"/>
  <testcase name="MultiThreaded only initializes value once[Iterations: 2,886]" classname="serie2.ex3.CounterModuloTest" time="0.004"/>
  <testcase name="MultiThreaded only initializes value once[Iterations: 2,887]" classname="serie2.ex3.CounterModuloTest" time="0.004"/>
  <testcase name="MultiThreaded only initializes value once[Iterations: 2,888]" classname="serie2.ex3.CounterModuloTest" time="0.005"/>
  <testcase name="MultiThreaded only initializes value once[Iterations: 2,889]" classname="serie2.ex3.CounterModuloTest" time="0.005"/>
  <testcase name="MultiThreaded only initializes value once[Iterations: 2,890]" classname="serie2.ex3.CounterModuloTest" time="0.004"/>
  <testcase name="MultiThreaded only initializes value once[Iterations: 2,891]" classname="serie2.ex3.CounterModuloTest" time="0.004"/>
  <testcase name="MultiThreaded only initializes value once[Iterations: 2,892]" classname="serie2.ex3.CounterModuloTest" time="0.005"/>
  <testcase name="MultiThreaded only initializes value once[Iterations: 2,893]" classname="serie2.ex3.CounterModuloTest" time="0.003"/>
  <testcase name="MultiThreaded only initializes value once[Iterations: 2,894]" classname="serie2.ex3.CounterModuloTest" time="0.004"/>
  <testcase name="MultiThreaded only initializes value once[Iterations: 2,895]" classname="serie2.ex3.CounterModuloTest" time="0.004"/>
  <testcase name="MultiThreaded only initializes value once[Iterations: 2,896]" classname="serie2.ex3.CounterModuloTest" time="0.005"/>
  <testcase name="MultiThreaded only initializes value once[Iterations: 2,897]" classname="serie2.ex3.CounterModuloTest" time="0.004"/>
  <testcase name="MultiThreaded only initializes value once[Iterations: 2,898]" classname="serie2.ex3.CounterModuloTest" time="0.005"/>
  <testcase name="MultiThreaded only initializes value once[Iterations: 2,899]" classname="serie2.ex3.CounterModuloTest" time="0.004"/>
  <testcase name="MultiThreaded only initializes value once[Iterations: 2,900]" classname="serie2.ex3.CounterModuloTest" time="0.005"/>
  <testcase name="MultiThreaded only initializes value once[Iterations: 2,901]" classname="serie2.ex3.CounterModuloTest" time="0.004"/>
  <testcase name="MultiThreaded only initializes value once[Iterations: 2,902]" classname="serie2.ex3.CounterModuloTest" time="0.004"/>
  <testcase name="MultiThreaded only initializes value once[Iterations: 2,903]" classname="serie2.ex3.CounterModuloTest" time="0.004"/>
  <testcase name="MultiThreaded only initializes value once[Iterations: 2,904]" classname="serie2.ex3.CounterModuloTest" time="0.004"/>
  <testcase name="MultiThreaded only initializes value once[Iterations: 2,905]" classname="serie2.ex3.CounterModuloTest" time="0.005"/>
  <testcase name="MultiThreaded only initializes value once[Iterations: 2,906]" classname="serie2.ex3.CounterModuloTest" time="0.004"/>
  <testcase name="MultiThreaded only initializes value once[Iterations: 2,907]" classname="serie2.ex3.CounterModuloTest" time="0.004"/>
  <testcase name="MultiThreaded only initializes value once[Iterations: 2,908]" classname="serie2.ex3.CounterModuloTest" time="0.005"/>
  <testcase name="MultiThreaded only initializes value once[Iterations: 2,909]" classname="serie2.ex3.CounterModuloTest" time="0.004"/>
  <testcase name="MultiThreaded only initializes value once[Iterations: 2,910]" classname="serie2.ex3.CounterModuloTest" time="0.004"/>
  <testcase name="MultiThreaded only initializes value once[Iterations: 2,911]" classname="serie2.ex3.CounterModuloTest" time="0.004"/>
  <testcase name="MultiThreaded only initializes value once[Iterations: 2,912]" classname="serie2.ex3.CounterModuloTest" time="0.004"/>
  <testcase name="MultiThreaded only initializes value once[Iterations: 2,913]" classname="serie2.ex3.CounterModuloTest" time="0.004"/>
  <testcase name="MultiThreaded only initializes value once[Iterations: 2,914]" classname="serie2.ex3.CounterModuloTest" time="0.004"/>
  <testcase name="MultiThreaded only initializes value once[Iterations: 2,915]" classname="serie2.ex3.CounterModuloTest" time="0.004"/>
  <testcase name="MultiThreaded only initializes value once[Iterations: 2,916]" classname="serie2.ex3.CounterModuloTest" time="0.004"/>
  <testcase name="MultiThreaded only initializes value once[Iterations: 2,917]" classname="serie2.ex3.CounterModuloTest" time="0.004"/>
  <testcase name="MultiThreaded only initializes value once[Iterations: 2,918]" classname="serie2.ex3.CounterModuloTest" time="0.004"/>
  <testcase name="MultiThreaded only initializes value once[Iterations: 2,919]" classname="serie2.ex3.CounterModuloTest" time="0.005"/>
  <testcase name="MultiThreaded only initializes value once[Iterations: 2,920]" classname="serie2.ex3.CounterModuloTest" time="0.004"/>
  <testcase name="MultiThreaded only initializes value once[Iterations: 2,921]" classname="serie2.ex3.CounterModuloTest" time="0.004"/>
  <testcase name="MultiThreaded only initializes value once[Iterations: 2,922]" classname="serie2.ex3.CounterModuloTest" time="0.005"/>
  <testcase name="MultiThreaded only initializes value once[Iterations: 2,923]" classname="serie2.ex3.CounterModuloTest" time="0.004"/>
  <testcase name="MultiThreaded only initializes value once[Iterations: 2,924]" classname="serie2.ex3.CounterModuloTest" time="0.005"/>
  <testcase name="MultiThreaded only initializes value once[Iterations: 2,925]" classname="serie2.ex3.CounterModuloTest" time="0.004"/>
  <testcase name="MultiThreaded only initializes value once[Iterations: 2,926]" classname="serie2.ex3.CounterModuloTest" time="0.005"/>
  <testcase name="MultiThreaded only initializes value once[Iterations: 2,927]" classname="serie2.ex3.CounterModuloTest" time="0.004"/>
  <testcase name="MultiThreaded only initializes value once[Iterations: 2,928]" classname="serie2.ex3.CounterModuloTest" time="0.004"/>
  <testcase name="MultiThreaded only initializes value once[Iterations: 2,929]" classname="serie2.ex3.CounterModuloTest" time="0.004"/>
  <testcase name="MultiThreaded only initializes value once[Iterations: 2,930]" classname="serie2.ex3.CounterModuloTest" time="0.005"/>
  <testcase name="MultiThreaded only initializes value once[Iterations: 2,931]" classname="serie2.ex3.CounterModuloTest" time="0.004"/>
  <testcase name="MultiThreaded only initializes value once[Iterations: 2,932]" classname="serie2.ex3.CounterModuloTest" time="0.005"/>
  <testcase name="MultiThreaded only initializes value once[Iterations: 2,933]" classname="serie2.ex3.CounterModuloTest" time="0.005"/>
  <testcase name="MultiThreaded only initializes value once[Iterations: 2,934]" classname="serie2.ex3.CounterModuloTest" time="0.005"/>
  <testcase name="MultiThreaded only initializes value once[Iterations: 2,935]" classname="serie2.ex3.CounterModuloTest" time="0.005"/>
  <testcase name="MultiThreaded only initializes value once[Iterations: 2,936]" classname="serie2.ex3.CounterModuloTest" time="0.004"/>
  <testcase name="MultiThreaded only initializes value once[Iterations: 2,937]" classname="serie2.ex3.CounterModuloTest" time="0.004"/>
  <testcase name="MultiThreaded only initializes value once[Iterations: 2,938]" classname="serie2.ex3.CounterModuloTest" time="0.005"/>
  <testcase name="MultiThreaded only initializes value once[Iterations: 2,939]" classname="serie2.ex3.CounterModuloTest" time="0.004"/>
  <testcase name="MultiThreaded only initializes value once[Iterations: 2,940]" classname="serie2.ex3.CounterModuloTest" time="0.005"/>
  <testcase name="MultiThreaded only initializes value once[Iterations: 2,941]" classname="serie2.ex3.CounterModuloTest" time="0.004"/>
  <testcase name="MultiThreaded only initializes value once[Iterations: 2,942]" classname="serie2.ex3.CounterModuloTest" time="0.004"/>
  <testcase name="MultiThreaded only initializes value once[Iterations: 2,943]" classname="serie2.ex3.CounterModuloTest" time="0.004"/>
  <testcase name="MultiThreaded only initializes value once[Iterations: 2,944]" classname="serie2.ex3.CounterModuloTest" time="0.004"/>
  <testcase name="MultiThreaded only initializes value once[Iterations: 2,945]" classname="serie2.ex3.CounterModuloTest" time="0.004"/>
  <testcase name="MultiThreaded only initializes value once[Iterations: 2,946]" classname="serie2.ex3.CounterModuloTest" time="0.005"/>
  <testcase name="MultiThreaded only initializes value once[Iterations: 2,947]" classname="serie2.ex3.CounterModuloTest" time="0.004"/>
  <testcase name="MultiThreaded only initializes value once[Iterations: 2,948]" classname="serie2.ex3.CounterModuloTest" time="0.004"/>
  <testcase name="MultiThreaded only initializes value once[Iterations: 2,949]" classname="serie2.ex3.CounterModuloTest" time="0.005"/>
  <testcase name="MultiThreaded only initializes value once[Iterations: 2,950]" classname="serie2.ex3.CounterModuloTest" time="0.004"/>
  <testcase name="MultiThreaded only initializes value once[Iterations: 2,951]" classname="serie2.ex3.CounterModuloTest" time="0.004"/>
  <testcase name="MultiThreaded only initializes value once[Iterations: 2,952]" classname="serie2.ex3.CounterModuloTest" time="0.004"/>
  <testcase name="MultiThreaded only initializes value once[Iterations: 2,953]" classname="serie2.ex3.CounterModuloTest" time="0.005"/>
  <testcase name="MultiThreaded only initializes value once[Iterations: 2,954]" classname="serie2.ex3.CounterModuloTest" time="0.005"/>
  <testcase name="MultiThreaded only initializes value once[Iterations: 2,955]" classname="serie2.ex3.CounterModuloTest" time="0.004"/>
  <testcase name="MultiThreaded only initializes value once[Iterations: 2,956]" classname="serie2.ex3.CounterModuloTest" time="0.004"/>
  <testcase name="MultiThreaded only initializes value once[Iterations: 2,957]" classname="serie2.ex3.CounterModuloTest" time="0.005"/>
  <testcase name="MultiThreaded only initializes value once[Iterations: 2,958]" classname="serie2.ex3.CounterModuloTest" time="0.004"/>
  <testcase name="MultiThreaded only initializes value once[Iterations: 2,959]" classname="serie2.ex3.CounterModuloTest" time="0.004"/>
  <testcase name="MultiThreaded only initializes value once[Iterations: 2,960]" classname="serie2.ex3.CounterModuloTest" time="0.004"/>
  <testcase name="MultiThreaded only initializes value once[Iterations: 2,961]" classname="serie2.ex3.CounterModuloTest" time="0.005"/>
  <testcase name="MultiThreaded only initializes value once[Iterations: 2,962]" classname="serie2.ex3.CounterModuloTest" time="0.005"/>
  <testcase name="MultiThreaded only initializes value once[Iterations: 2,963]" classname="serie2.ex3.CounterModuloTest" time="0.004"/>
  <testcase name="MultiThreaded only initializes value once[Iterations: 2,964]" classname="serie2.ex3.CounterModuloTest" time="0.003"/>
  <testcase name="MultiThreaded only initializes value once[Iterations: 2,965]" classname="serie2.ex3.CounterModuloTest" time="0.005"/>
  <testcase name="MultiThreaded only initializes value once[Iterations: 2,966]" classname="serie2.ex3.CounterModuloTest" time="0.004"/>
  <testcase name="MultiThreaded only initializes value once[Iterations: 2,967]" classname="serie2.ex3.CounterModuloTest" time="0.004"/>
  <testcase name="MultiThreaded only initializes value once[Iterations: 2,968]" classname="serie2.ex3.CounterModuloTest" time="0.004"/>
  <testcase name="MultiThreaded only initializes value once[Iterations: 2,969]" classname="serie2.ex3.CounterModuloTest" time="0.005"/>
  <testcase name="MultiThreaded only initializes value once[Iterations: 2,970]" classname="serie2.ex3.CounterModuloTest" time="0.005"/>
  <testcase name="MultiThreaded only initializes value once[Iterations: 2,971]" classname="serie2.ex3.CounterModuloTest" time="0.004"/>
  <testcase name="MultiThreaded only initializes value once[Iterations: 2,972]" classname="serie2.ex3.CounterModuloTest" time="0.004"/>
  <testcase name="MultiThreaded only initializes value once[Iterations: 2,973]" classname="serie2.ex3.CounterModuloTest" time="0.005"/>
  <testcase name="MultiThreaded only initializes value once[Iterations: 2,974]" classname="serie2.ex3.CounterModuloTest" time="0.004"/>
  <testcase name="MultiThreaded only initializes value once[Iterations: 2,975]" classname="serie2.ex3.CounterModuloTest" time="0.004"/>
  <testcase name="MultiThreaded only initializes value once[Iterations: 2,976]" classname="serie2.ex3.CounterModuloTest" time="0.004"/>
  <testcase name="MultiThreaded only initializes value once[Iterations: 2,977]" classname="serie2.ex3.CounterModuloTest" time="0.004"/>
  <testcase name="MultiThreaded only initializes value once[Iterations: 2,978]" classname="serie2.ex3.CounterModuloTest" time="0.007"/>
  <testcase name="MultiThreaded only initializes value once[Iterations: 2,979]" classname="serie2.ex3.CounterModuloTest" time="0.004"/>
  <testcase name="MultiThreaded only initializes value once[Iterations: 2,980]" classname="serie2.ex3.CounterModuloTest" time="0.004"/>
  <testcase name="MultiThreaded only initializes value once[Iterations: 2,981]" classname="serie2.ex3.CounterModuloTest" time="0.005"/>
  <testcase name="MultiThreaded only initializes value once[Iterations: 2,982]" classname="serie2.ex3.CounterModuloTest" time="0.004"/>
  <testcase name="MultiThreaded only initializes value once[Iterations: 2,983]" classname="serie2.ex3.CounterModuloTest" time="0.005"/>
  <testcase name="MultiThreaded only initializes value once[Iterations: 2,984]" classname="serie2.ex3.CounterModuloTest" time="0.004"/>
  <testcase name="MultiThreaded only initializes value once[Iterations: 2,985]" classname="serie2.ex3.CounterModuloTest" time="0.004"/>
  <testcase name="MultiThreaded only initializes value once[Iterations: 2,986]" classname="serie2.ex3.CounterModuloTest" time="0.004"/>
  <testcase name="MultiThreaded only initializes value once[Iterations: 2,987]" classname="serie2.ex3.CounterModuloTest" time="0.005"/>
  <testcase name="MultiThreaded only initializes value once[Iterations: 2,988]" classname="serie2.ex3.CounterModuloTest" time="0.004"/>
  <testcase name="MultiThreaded only initializes value once[Iterations: 2,989]" classname="serie2.ex3.CounterModuloTest" time="0.005"/>
  <testcase name="MultiThreaded only initializes value once[Iterations: 2,990]" classname="serie2.ex3.CounterModuloTest" time="0.005"/>
  <testcase name="MultiThreaded only initializes value once[Iterations: 2,991]" classname="serie2.ex3.CounterModuloTest" time="0.005"/>
  <testcase name="MultiThreaded only initializes value once[Iterations: 2,992]" classname="serie2.ex3.CounterModuloTest" time="0.004"/>
  <testcase name="MultiThreaded only initializes value once[Iterations: 2,993]" classname="serie2.ex3.CounterModuloTest" time="0.005"/>
  <testcase name="MultiThreaded only initializes value once[Iterations: 2,994]" classname="serie2.ex3.CounterModuloTest" time="0.005"/>
  <testcase name="MultiThreaded only initializes value once[Iterations: 2,995]" classname="serie2.ex3.CounterModuloTest" time="0.004"/>
  <testcase name="MultiThreaded only initializes value once[Iterations: 2,996]" classname="serie2.ex3.CounterModuloTest" time="0.004"/>
  <testcase name="MultiThreaded only initializes value once[Iterations: 2,997]" classname="serie2.ex3.CounterModuloTest" time="0.004"/>
  <testcase name="MultiThreaded only initializes value once[Iterations: 2,998]" classname="serie2.ex3.CounterModuloTest" time="0.005"/>
  <testcase name="MultiThreaded only initializes value once[Iterations: 2,999]" classname="serie2.ex3.CounterModuloTest" time="0.004"/>
  <testcase name="MultiThreaded only initializes value once[Iterations: 3,000]" classname="serie2.ex3.CounterModuloTest" time="0.004"/>
  <testcase name="MultiThreaded only initializes value once[Iterations: 3,001]" classname="serie2.ex3.CounterModuloTest" time="0.004"/>
  <testcase name="MultiThreaded only initializes value once[Iterations: 3,002]" classname="serie2.ex3.CounterModuloTest" time="0.005"/>
  <testcase name="MultiThreaded only initializes value once[Iterations: 3,003]" classname="serie2.ex3.CounterModuloTest" time="0.004"/>
  <testcase name="MultiThreaded only initializes value once[Iterations: 3,004]" classname="serie2.ex3.CounterModuloTest" time="0.005"/>
  <testcase name="MultiThreaded only initializes value once[Iterations: 3,005]" classname="serie2.ex3.CounterModuloTest" time="0.005"/>
  <testcase name="MultiThreaded only initializes value once[Iterations: 3,006]" classname="serie2.ex3.CounterModuloTest" time="0.004"/>
  <testcase name="MultiThreaded only initializes value once[Iterations: 3,007]" classname="serie2.ex3.CounterModuloTest" time="0.007"/>
  <testcase name="MultiThreaded only initializes value once[Iterations: 3,008]" classname="serie2.ex3.CounterModuloTest" time="0.005"/>
  <testcase name="MultiThreaded only initializes value once[Iterations: 3,009]" classname="serie2.ex3.CounterModuloTest" time="0.004"/>
  <testcase name="MultiThreaded only initializes value once[Iterations: 3,010]" classname="serie2.ex3.CounterModuloTest" time="0.005"/>
  <testcase name="MultiThreaded only initializes value once[Iterations: 3,011]" classname="serie2.ex3.CounterModuloTest" time="0.005"/>
  <testcase name="MultiThreaded only initializes value once[Iterations: 3,012]" classname="serie2.ex3.CounterModuloTest" time="0.005"/>
  <testcase name="MultiThreaded only initializes value once[Iterations: 3,013]" classname="serie2.ex3.CounterModuloTest" time="0.004"/>
  <testcase name="MultiThreaded only initializes value once[Iterations: 3,014]" classname="serie2.ex3.CounterModuloTest" time="0.005"/>
  <testcase name="MultiThreaded only initializes value once[Iterations: 3,015]" classname="serie2.ex3.CounterModuloTest" time="0.004"/>
  <testcase name="MultiThreaded only initializes value once[Iterations: 3,016]" classname="serie2.ex3.CounterModuloTest" time="0.004"/>
  <testcase name="MultiThreaded only initializes value once[Iterations: 3,017]" classname="serie2.ex3.CounterModuloTest" time="0.005"/>
  <testcase name="MultiThreaded only initializes value once[Iterations: 3,018]" classname="serie2.ex3.CounterModuloTest" time="0.005"/>
  <testcase name="MultiThreaded only initializes value once[Iterations: 3,019]" classname="serie2.ex3.CounterModuloTest" time="0.004"/>
  <testcase name="MultiThreaded only initializes value once[Iterations: 3,020]" classname="serie2.ex3.CounterModuloTest" time="0.004"/>
  <testcase name="MultiThreaded only initializes value once[Iterations: 3,021]" classname="serie2.ex3.CounterModuloTest" time="0.005"/>
  <testcase name="MultiThreaded only initializes value once[Iterations: 3,022]" classname="serie2.ex3.CounterModuloTest" time="0.004"/>
  <testcase name="MultiThreaded only initializes value once[Iterations: 3,023]" classname="serie2.ex3.CounterModuloTest" time="0.004"/>
  <testcase name="MultiThreaded only initializes value once[Iterations: 3,024]" classname="serie2.ex3.CounterModuloTest" time="0.005"/>
  <testcase name="MultiThreaded only initializes value once[Iterations: 3,025]" classname="serie2.ex3.CounterModuloTest" time="0.005"/>
  <testcase name="MultiThreaded only initializes value once[Iterations: 3,026]" classname="serie2.ex3.CounterModuloTest" time="0.005"/>
  <testcase name="MultiThreaded only initializes value once[Iterations: 3,027]" classname="serie2.ex3.CounterModuloTest" time="0.005"/>
  <testcase name="MultiThreaded only initializes value once[Iterations: 3,028]" classname="serie2.ex3.CounterModuloTest" time="0.005"/>
  <testcase name="MultiThreaded only initializes value once[Iterations: 3,029]" classname="serie2.ex3.CounterModuloTest" time="0.004"/>
  <testcase name="MultiThreaded only initializes value once[Iterations: 3,030]" classname="serie2.ex3.CounterModuloTest" time="0.005"/>
  <testcase name="MultiThreaded only initializes value once[Iterations: 3,031]" classname="serie2.ex3.CounterModuloTest" time="0.005"/>
  <testcase name="MultiThreaded only initializes value once[Iterations: 3,032]" classname="serie2.ex3.CounterModuloTest" time="0.005"/>
  <testcase name="MultiThreaded only initializes value once[Iterations: 3,033]" classname="serie2.ex3.CounterModuloTest" time="0.005"/>
  <testcase name="MultiThreaded only initializes value once[Iterations: 3,034]" classname="serie2.ex3.CounterModuloTest" time="0.005"/>
  <testcase name="MultiThreaded only initializes value once[Iterations: 3,035]" classname="serie2.ex3.CounterModuloTest" time="0.005"/>
  <testcase name="MultiThreaded only initializes value once[Iterations: 3,036]" classname="serie2.ex3.CounterModuloTest" time="0.004"/>
  <testcase name="MultiThreaded only initializes value once[Iterations: 3,037]" classname="serie2.ex3.CounterModuloTest" time="0.005"/>
  <testcase name="MultiThreaded only initializes value once[Iterations: 3,038]" classname="serie2.ex3.CounterModuloTest" time="0.005"/>
  <testcase name="MultiThreaded only initializes value once[Iterations: 3,039]" classname="serie2.ex3.CounterModuloTest" time="0.006"/>
  <testcase name="MultiThreaded only initializes value once[Iterations: 3,040]" classname="serie2.ex3.CounterModuloTest" time="0.004"/>
  <testcase name="MultiThreaded only initializes value once[Iterations: 3,041]" classname="serie2.ex3.CounterModuloTest" time="0.004"/>
  <testcase name="MultiThreaded only initializes value once[Iterations: 3,042]" classname="serie2.ex3.CounterModuloTest" time="0.005"/>
  <testcase name="MultiThreaded only initializes value once[Iterations: 3,043]" classname="serie2.ex3.CounterModuloTest" time="0.004"/>
  <testcase name="MultiThreaded only initializes value once[Iterations: 3,044]" classname="serie2.ex3.CounterModuloTest" time="0.005"/>
  <testcase name="MultiThreaded only initializes value once[Iterations: 3,045]" classname="serie2.ex3.CounterModuloTest" time="0.004"/>
  <testcase name="MultiThreaded only initializes value once[Iterations: 3,046]" classname="serie2.ex3.CounterModuloTest" time="0.005"/>
  <testcase name="MultiThreaded only initializes value once[Iterations: 3,047]" classname="serie2.ex3.CounterModuloTest" time="0.004"/>
  <testcase name="MultiThreaded only initializes value once[Iterations: 3,048]" classname="serie2.ex3.CounterModuloTest" time="0.005"/>
  <testcase name="MultiThreaded only initializes value once[Iterations: 3,049]" classname="serie2.ex3.CounterModuloTest" time="0.004"/>
  <testcase name="MultiThreaded only initializes value once[Iterations: 3,050]" classname="serie2.ex3.CounterModuloTest" time="0.005"/>
  <testcase name="MultiThreaded only initializes value once[Iterations: 3,051]" classname="serie2.ex3.CounterModuloTest" time="0.005"/>
  <testcase name="MultiThreaded only initializes value once[Iterations: 3,052]" classname="serie2.ex3.CounterModuloTest" time="0.004"/>
  <testcase name="MultiThreaded only initializes value once[Iterations: 3,053]" classname="serie2.ex3.CounterModuloTest" time="0.004"/>
  <testcase name="MultiThreaded only initializes value once[Iterations: 3,054]" classname="serie2.ex3.CounterModuloTest" time="0.005"/>
  <testcase name="MultiThreaded only initializes value once[Iterations: 3,055]" classname="serie2.ex3.CounterModuloTest" time="0.004"/>
  <testcase name="MultiThreaded only initializes value once[Iterations: 3,056]" classname="serie2.ex3.CounterModuloTest" time="0.004"/>
  <testcase name="MultiThreaded only initializes value once[Iterations: 3,057]" classname="serie2.ex3.CounterModuloTest" time="0.004"/>
  <testcase name="MultiThreaded only initializes value once[Iterations: 3,058]" classname="serie2.ex3.CounterModuloTest" time="0.004"/>
  <testcase name="MultiThreaded only initializes value once[Iterations: 3,059]" classname="serie2.ex3.CounterModuloTest" time="0.004"/>
  <testcase name="MultiThreaded only initializes value once[Iterations: 3,060]" classname="serie2.ex3.CounterModuloTest" time="0.004"/>
  <testcase name="MultiThreaded only initializes value once[Iterations: 3,061]" classname="serie2.ex3.CounterModuloTest" time="0.005"/>
  <testcase name="MultiThreaded only initializes value once[Iterations: 3,062]" classname="serie2.ex3.CounterModuloTest" time="0.004"/>
  <testcase name="MultiThreaded only initializes value once[Iterations: 3,063]" classname="serie2.ex3.CounterModuloTest" time="0.005"/>
  <testcase name="MultiThreaded only initializes value once[Iterations: 3,064]" classname="serie2.ex3.CounterModuloTest" time="0.004"/>
  <testcase name="MultiThreaded only initializes value once[Iterations: 3,065]" classname="serie2.ex3.CounterModuloTest" time="0.004"/>
  <testcase name="MultiThreaded only initializes value once[Iterations: 3,066]" classname="serie2.ex3.CounterModuloTest" time="0.004"/>
  <testcase name="MultiThreaded only initializes value once[Iterations: 3,067]" classname="serie2.ex3.CounterModuloTest" time="0.004"/>
  <testcase name="MultiThreaded only initializes value once[Iterations: 3,068]" classname="serie2.ex3.CounterModuloTest" time="0.004"/>
  <testcase name="MultiThreaded only initializes value once[Iterations: 3,069]" classname="serie2.ex3.CounterModuloTest" time="0.004"/>
  <testcase name="MultiThreaded only initializes value once[Iterations: 3,070]" classname="serie2.ex3.CounterModuloTest" time="0.004"/>
  <testcase name="MultiThreaded only initializes value once[Iterations: 3,071]" classname="serie2.ex3.CounterModuloTest" time="0.005"/>
  <testcase name="MultiThreaded only initializes value once[Iterations: 3,072]" classname="serie2.ex3.CounterModuloTest" time="0.004"/>
  <testcase name="MultiThreaded only initializes value once[Iterations: 3,073]" classname="serie2.ex3.CounterModuloTest" time="0.005"/>
  <testcase name="MultiThreaded only initializes value once[Iterations: 3,074]" classname="serie2.ex3.CounterModuloTest" time="0.005"/>
  <testcase name="MultiThreaded only initializes value once[Iterations: 3,075]" classname="serie2.ex3.CounterModuloTest" time="0.004"/>
  <testcase name="MultiThreaded only initializes value once[Iterations: 3,076]" classname="serie2.ex3.CounterModuloTest" time="0.006"/>
  <testcase name="MultiThreaded only initializes value once[Iterations: 3,077]" classname="serie2.ex3.CounterModuloTest" time="0.004"/>
  <testcase name="MultiThreaded only initializes value once[Iterations: 3,078]" classname="serie2.ex3.CounterModuloTest" time="0.005"/>
  <testcase name="MultiThreaded only initializes value once[Iterations: 3,079]" classname="serie2.ex3.CounterModuloTest" time="0.006"/>
  <testcase name="MultiThreaded only initializes value once[Iterations: 3,080]" classname="serie2.ex3.CounterModuloTest" time="0.005"/>
  <testcase name="MultiThreaded only initializes value once[Iterations: 3,081]" classname="serie2.ex3.CounterModuloTest" time="0.005"/>
  <testcase name="MultiThreaded only initializes value once[Iterations: 3,082]" classname="serie2.ex3.CounterModuloTest" time="0.004"/>
  <testcase name="MultiThreaded only initializes value once[Iterations: 3,083]" classname="serie2.ex3.CounterModuloTest" time="0.004"/>
  <testcase name="MultiThreaded only initializes value once[Iterations: 3,084]" classname="serie2.ex3.CounterModuloTest" time="0.004"/>
  <testcase name="MultiThreaded only initializes value once[Iterations: 3,085]" classname="serie2.ex3.CounterModuloTest" time="0.005"/>
  <testcase name="MultiThreaded only initializes value once[Iterations: 3,086]" classname="serie2.ex3.CounterModuloTest" time="0.004"/>
  <testcase name="MultiThreaded only initializes value once[Iterations: 3,087]" classname="serie2.ex3.CounterModuloTest" time="0.005"/>
  <testcase name="MultiThreaded only initializes value once[Iterations: 3,088]" classname="serie2.ex3.CounterModuloTest" time="0.005"/>
  <testcase name="MultiThreaded only initializes value once[Iterations: 3,089]" classname="serie2.ex3.CounterModuloTest" time="0.005"/>
  <testcase name="MultiThreaded only initializes value once[Iterations: 3,090]" classname="serie2.ex3.CounterModuloTest" time="0.005"/>
  <testcase name="MultiThreaded only initializes value once[Iterations: 3,091]" classname="serie2.ex3.CounterModuloTest" time="0.005"/>
  <testcase name="MultiThreaded only initializes value once[Iterations: 3,092]" classname="serie2.ex3.CounterModuloTest" time="0.005"/>
  <testcase name="MultiThreaded only initializes value once[Iterations: 3,093]" classname="serie2.ex3.CounterModuloTest" time="0.005"/>
  <testcase name="MultiThreaded only initializes value once[Iterations: 3,094]" classname="serie2.ex3.CounterModuloTest" time="0.005"/>
  <testcase name="MultiThreaded only initializes value once[Iterations: 3,095]" classname="serie2.ex3.CounterModuloTest" time="0.006"/>
  <testcase name="MultiThreaded only initializes value once[Iterations: 3,096]" classname="serie2.ex3.CounterModuloTest" time="0.005"/>
  <testcase name="MultiThreaded only initializes value once[Iterations: 3,097]" classname="serie2.ex3.CounterModuloTest" time="0.004"/>
  <testcase name="MultiThreaded only initializes value once[Iterations: 3,098]" classname="serie2.ex3.CounterModuloTest" time="0.006"/>
  <testcase name="MultiThreaded only initializes value once[Iterations: 3,099]" classname="serie2.ex3.CounterModuloTest" time="0.004"/>
  <testcase name="MultiThreaded only initializes value once[Iterations: 3,100]" classname="serie2.ex3.CounterModuloTest" time="0.005"/>
  <testcase name="MultiThreaded only initializes value once[Iterations: 3,101]" classname="serie2.ex3.CounterModuloTest" time="0.004"/>
  <testcase name="MultiThreaded only initializes value once[Iterations: 3,102]" classname="serie2.ex3.CounterModuloTest" time="0.004"/>
  <testcase name="MultiThreaded only initializes value once[Iterations: 3,103]" classname="serie2.ex3.CounterModuloTest" time="0.006"/>
  <testcase name="MultiThreaded only initializes value once[Iterations: 3,104]" classname="serie2.ex3.CounterModuloTest" time="0.004"/>
  <testcase name="MultiThreaded only initializes value once[Iterations: 3,105]" classname="serie2.ex3.CounterModuloTest" time="0.005"/>
  <testcase name="MultiThreaded only initializes value once[Iterations: 3,106]" classname="serie2.ex3.CounterModuloTest" time="0.004"/>
  <testcase name="MultiThreaded only initializes value once[Iterations: 3,107]" classname="serie2.ex3.CounterModuloTest" time="0.004"/>
  <testcase name="MultiThreaded only initializes value once[Iterations: 3,108]" classname="serie2.ex3.CounterModuloTest" time="0.006"/>
  <testcase name="MultiThreaded only initializes value once[Iterations: 3,109]" classname="serie2.ex3.CounterModuloTest" time="0.006"/>
  <testcase name="MultiThreaded only initializes value once[Iterations: 3,110]" classname="serie2.ex3.CounterModuloTest" time="0.004"/>
  <testcase name="MultiThreaded only initializes value once[Iterations: 3,111]" classname="serie2.ex3.CounterModuloTest" time="0.005"/>
  <testcase name="MultiThreaded only initializes value once[Iterations: 3,112]" classname="serie2.ex3.CounterModuloTest" time="0.005"/>
  <testcase name="MultiThreaded only initializes value once[Iterations: 3,113]" classname="serie2.ex3.CounterModuloTest" time="0.005"/>
  <testcase name="MultiThreaded only initializes value once[Iterations: 3,114]" classname="serie2.ex3.CounterModuloTest" time="0.004"/>
  <testcase name="MultiThreaded only initializes value once[Iterations: 3,115]" classname="serie2.ex3.CounterModuloTest" time="0.005"/>
  <testcase name="MultiThreaded only initializes value once[Iterations: 3,116]" classname="serie2.ex3.CounterModuloTest" time="0.004"/>
  <testcase name="MultiThreaded only initializes value once[Iterations: 3,117]" classname="serie2.ex3.CounterModuloTest" time="0.006"/>
  <testcase name="MultiThreaded only initializes value once[Iterations: 3,118]" classname="serie2.ex3.CounterModuloTest" time="0.005"/>
  <testcase name="MultiThreaded only initializes value once[Iterations: 3,119]" classname="serie2.ex3.CounterModuloTest" time="0.005"/>
  <testcase name="MultiThreaded only initializes value once[Iterations: 3,120]" classname="serie2.ex3.CounterModuloTest" time="0.005"/>
  <testcase name="MultiThreaded only initializes value once[Iterations: 3,121]" classname="serie2.ex3.CounterModuloTest" time="0.004"/>
  <testcase name="MultiThreaded only initializes value once[Iterations: 3,122]" classname="serie2.ex3.CounterModuloTest" time="0.004"/>
  <testcase name="MultiThreaded only initializes value once[Iterations: 3,123]" classname="serie2.ex3.CounterModuloTest" time="0.005"/>
  <testcase name="MultiThreaded only initializes value once[Iterations: 3,124]" classname="serie2.ex3.CounterModuloTest" time="0.004"/>
  <testcase name="MultiThreaded only initializes value once[Iterations: 3,125]" classname="serie2.ex3.CounterModuloTest" time="0.005"/>
  <testcase name="MultiThreaded only initializes value once[Iterations: 3,126]" classname="serie2.ex3.CounterModuloTest" time="0.004"/>
  <testcase name="MultiThreaded only initializes value once[Iterations: 3,127]" classname="serie2.ex3.CounterModuloTest" time="0.004"/>
  <testcase name="MultiThreaded only initializes value once[Iterations: 3,128]" classname="serie2.ex3.CounterModuloTest" time="0.006"/>
  <testcase name="MultiThreaded only initializes value once[Iterations: 3,129]" classname="serie2.ex3.CounterModuloTest" time="0.005"/>
  <testcase name="MultiThreaded only initializes value once[Iterations: 3,130]" classname="serie2.ex3.CounterModuloTest" time="0.004"/>
  <testcase name="MultiThreaded only initializes value once[Iterations: 3,131]" classname="serie2.ex3.CounterModuloTest" time="0.005"/>
  <testcase name="MultiThreaded only initializes value once[Iterations: 3,132]" classname="serie2.ex3.CounterModuloTest" time="0.005"/>
  <testcase name="MultiThreaded only initializes value once[Iterations: 3,133]" classname="serie2.ex3.CounterModuloTest" time="0.005"/>
  <testcase name="MultiThreaded only initializes value once[Iterations: 3,134]" classname="serie2.ex3.CounterModuloTest" time="0.006"/>
  <testcase name="MultiThreaded only initializes value once[Iterations: 3,135]" classname="serie2.ex3.CounterModuloTest" time="0.004"/>
  <testcase name="MultiThreaded only initializes value once[Iterations: 3,136]" classname="serie2.ex3.CounterModuloTest" time="0.004"/>
  <testcase name="MultiThreaded only initializes value once[Iterations: 3,137]" classname="serie2.ex3.CounterModuloTest" time="0.005"/>
  <testcase name="MultiThreaded only initializes value once[Iterations: 3,138]" classname="serie2.ex3.CounterModuloTest" time="0.005"/>
  <testcase name="MultiThreaded only initializes value once[Iterations: 3,139]" classname="serie2.ex3.CounterModuloTest" time="0.005"/>
  <testcase name="MultiThreaded only initializes value once[Iterations: 3,140]" classname="serie2.ex3.CounterModuloTest" time="0.004"/>
  <testcase name="MultiThreaded only initializes value once[Iterations: 3,141]" classname="serie2.ex3.CounterModuloTest" time="0.004"/>
  <testcase name="MultiThreaded only initializes value once[Iterations: 3,142]" classname="serie2.ex3.CounterModuloTest" time="0.004"/>
  <testcase name="MultiThreaded only initializes value once[Iterations: 3,143]" classname="serie2.ex3.CounterModuloTest" time="0.005"/>
  <testcase name="MultiThreaded only initializes value once[Iterations: 3,144]" classname="serie2.ex3.CounterModuloTest" time="0.005"/>
  <testcase name="MultiThreaded only initializes value once[Iterations: 3,145]" classname="serie2.ex3.CounterModuloTest" time="0.005"/>
  <testcase name="MultiThreaded only initializes value once[Iterations: 3,146]" classname="serie2.ex3.CounterModuloTest" time="0.004"/>
  <testcase name="MultiThreaded only initializes value once[Iterations: 3,147]" classname="serie2.ex3.CounterModuloTest" time="0.005"/>
  <testcase name="MultiThreaded only initializes value once[Iterations: 3,148]" classname="serie2.ex3.CounterModuloTest" time="0.005"/>
  <testcase name="MultiThreaded only initializes value once[Iterations: 3,149]" classname="serie2.ex3.CounterModuloTest" time="0.005"/>
  <testcase name="MultiThreaded only initializes value once[Iterations: 3,150]" classname="serie2.ex3.CounterModuloTest" time="0.005"/>
  <testcase name="MultiThreaded only initializes value once[Iterations: 3,151]" classname="serie2.ex3.CounterModuloTest" time="0.004"/>
  <testcase name="MultiThreaded only initializes value once[Iterations: 3,152]" classname="serie2.ex3.CounterModuloTest" time="0.005"/>
  <testcase name="MultiThreaded only initializes value once[Iterations: 3,153]" classname="serie2.ex3.CounterModuloTest" time="0.004"/>
  <testcase name="MultiThreaded only initializes value once[Iterations: 3,154]" classname="serie2.ex3.CounterModuloTest" time="0.005"/>
  <testcase name="MultiThreaded only initializes value once[Iterations: 3,155]" classname="serie2.ex3.CounterModuloTest" time="0.005"/>
  <testcase name="MultiThreaded only initializes value once[Iterations: 3,156]" classname="serie2.ex3.CounterModuloTest" time="0.005"/>
  <testcase name="MultiThreaded only initializes value once[Iterations: 3,157]" classname="serie2.ex3.CounterModuloTest" time="0.005"/>
  <testcase name="MultiThreaded only initializes value once[Iterations: 3,158]" classname="serie2.ex3.CounterModuloTest" time="0.005"/>
  <testcase name="MultiThreaded only initializes value once[Iterations: 3,159]" classname="serie2.ex3.CounterModuloTest" time="0.004"/>
  <testcase name="MultiThreaded only initializes value once[Iterations: 3,160]" classname="serie2.ex3.CounterModuloTest" time="0.005"/>
  <testcase name="MultiThreaded only initializes value once[Iterations: 3,161]" classname="serie2.ex3.CounterModuloTest" time="0.005"/>
  <testcase name="MultiThreaded only initializes value once[Iterations: 3,162]" classname="serie2.ex3.CounterModuloTest" time="0.004"/>
  <testcase name="MultiThreaded only initializes value once[Iterations: 3,163]" classname="serie2.ex3.CounterModuloTest" time="0.004"/>
  <testcase name="MultiThreaded only initializes value once[Iterations: 3,164]" classname="serie2.ex3.CounterModuloTest" time="0.005"/>
  <testcase name="MultiThreaded only initializes value once[Iterations: 3,165]" classname="serie2.ex3.CounterModuloTest" time="0.005"/>
  <testcase name="MultiThreaded only initializes value once[Iterations: 3,166]" classname="serie2.ex3.CounterModuloTest" time="0.004"/>
  <testcase name="MultiThreaded only initializes value once[Iterations: 3,167]" classname="serie2.ex3.CounterModuloTest" time="0.005"/>
  <testcase name="MultiThreaded only initializes value once[Iterations: 3,168]" classname="serie2.ex3.CounterModuloTest" time="0.004"/>
  <testcase name="MultiThreaded only initializes value once[Iterations: 3,169]" classname="serie2.ex3.CounterModuloTest" time="0.005"/>
  <testcase name="MultiThreaded only initializes value once[Iterations: 3,170]" classname="serie2.ex3.CounterModuloTest" time="0.004"/>
  <testcase name="MultiThreaded only initializes value once[Iterations: 3,171]" classname="serie2.ex3.CounterModuloTest" time="0.004"/>
  <testcase name="MultiThreaded only initializes value once[Iterations: 3,172]" classname="serie2.ex3.CounterModuloTest" time="0.005"/>
  <testcase name="MultiThreaded only initializes value once[Iterations: 3,173]" classname="serie2.ex3.CounterModuloTest" time="0.005"/>
  <testcase name="MultiThreaded only initializes value once[Iterations: 3,174]" classname="serie2.ex3.CounterModuloTest" time="0.004"/>
  <testcase name="MultiThreaded only initializes value once[Iterations: 3,175]" classname="serie2.ex3.CounterModuloTest" time="0.005"/>
  <testcase name="MultiThreaded only initializes value once[Iterations: 3,176]" classname="serie2.ex3.CounterModuloTest" time="0.005"/>
  <testcase name="MultiThreaded only initializes value once[Iterations: 3,177]" classname="serie2.ex3.CounterModuloTest" time="0.005"/>
  <testcase name="MultiThreaded only initializes value once[Iterations: 3,178]" classname="serie2.ex3.CounterModuloTest" time="0.005"/>
  <testcase name="MultiThreaded only initializes value once[Iterations: 3,179]" classname="serie2.ex3.CounterModuloTest" time="0.005"/>
  <testcase name="MultiThreaded only initializes value once[Iterations: 3,180]" classname="serie2.ex3.CounterModuloTest" time="0.004"/>
  <testcase name="MultiThreaded only initializes value once[Iterations: 3,181]" classname="serie2.ex3.CounterModuloTest" time="0.004"/>
  <testcase name="MultiThreaded only initializes value once[Iterations: 3,182]" classname="serie2.ex3.CounterModuloTest" time="0.004"/>
  <testcase name="MultiThreaded only initializes value once[Iterations: 3,183]" classname="serie2.ex3.CounterModuloTest" time="0.005"/>
  <testcase name="MultiThreaded only initializes value once[Iterations: 3,184]" classname="serie2.ex3.CounterModuloTest" time="0.004"/>
  <testcase name="MultiThreaded only initializes value once[Iterations: 3,185]" classname="serie2.ex3.CounterModuloTest" time="0.005"/>
  <testcase name="MultiThreaded only initializes value once[Iterations: 3,186]" classname="serie2.ex3.CounterModuloTest" time="0.004"/>
  <testcase name="MultiThreaded only initializes value once[Iterations: 3,187]" classname="serie2.ex3.CounterModuloTest" time="0.004"/>
  <testcase name="MultiThreaded only initializes value once[Iterations: 3,188]" classname="serie2.ex3.CounterModuloTest" time="0.004"/>
  <testcase name="MultiThreaded only initializes value once[Iterations: 3,189]" classname="serie2.ex3.CounterModuloTest" time="0.004"/>
  <testcase name="MultiThreaded only initializes value once[Iterations: 3,190]" classname="serie2.ex3.CounterModuloTest" time="0.005"/>
  <testcase name="MultiThreaded only initializes value once[Iterations: 3,191]" classname="serie2.ex3.CounterModuloTest" time="0.004"/>
  <testcase name="MultiThreaded only initializes value once[Iterations: 3,192]" classname="serie2.ex3.CounterModuloTest" time="0.008"/>
  <testcase name="MultiThreaded only initializes value once[Iterations: 3,193]" classname="serie2.ex3.CounterModuloTest" time="0.005"/>
  <testcase name="MultiThreaded only initializes value once[Iterations: 3,194]" classname="serie2.ex3.CounterModuloTest" time="0.005"/>
  <testcase name="MultiThreaded only initializes value once[Iterations: 3,195]" classname="serie2.ex3.CounterModuloTest" time="0.005"/>
  <testcase name="MultiThreaded only initializes value once[Iterations: 3,196]" classname="serie2.ex3.CounterModuloTest" time="0.004"/>
  <testcase name="MultiThreaded only initializes value once[Iterations: 3,197]" classname="serie2.ex3.CounterModuloTest" time="0.005"/>
  <testcase name="MultiThreaded only initializes value once[Iterations: 3,198]" classname="serie2.ex3.CounterModuloTest" time="0.006"/>
  <testcase name="MultiThreaded only initializes value once[Iterations: 3,199]" classname="serie2.ex3.CounterModuloTest" time="0.004"/>
  <testcase name="MultiThreaded only initializes value once[Iterations: 3,200]" classname="serie2.ex3.CounterModuloTest" time="0.005"/>
  <testcase name="MultiThreaded only initializes value once[Iterations: 3,201]" classname="serie2.ex3.CounterModuloTest" time="0.005"/>
  <testcase name="MultiThreaded only initializes value once[Iterations: 3,202]" classname="serie2.ex3.CounterModuloTest" time="0.004"/>
  <testcase name="MultiThreaded only initializes value once[Iterations: 3,203]" classname="serie2.ex3.CounterModuloTest" time="0.005"/>
  <testcase name="MultiThreaded only initializes value once[Iterations: 3,204]" classname="serie2.ex3.CounterModuloTest" time="0.005"/>
  <testcase name="MultiThreaded only initializes value once[Iterations: 3,205]" classname="serie2.ex3.CounterModuloTest" time="0.004"/>
  <testcase name="MultiThreaded only initializes value once[Iterations: 3,206]" classname="serie2.ex3.CounterModuloTest" time="0.005"/>
  <testcase name="MultiThreaded only initializes value once[Iterations: 3,207]" classname="serie2.ex3.CounterModuloTest" time="0.005"/>
  <testcase name="MultiThreaded only initializes value once[Iterations: 3,208]" classname="serie2.ex3.CounterModuloTest" time="0.004"/>
  <testcase name="MultiThreaded only initializes value once[Iterations: 3,209]" classname="serie2.ex3.CounterModuloTest" time="0.005"/>
  <testcase name="MultiThreaded only initializes value once[Iterations: 3,210]" classname="serie2.ex3.CounterModuloTest" time="0.005"/>
  <testcase name="MultiThreaded only initializes value once[Iterations: 3,211]" classname="serie2.ex3.CounterModuloTest" time="0.005"/>
  <testcase name="MultiThreaded only initializes value once[Iterations: 3,212]" classname="serie2.ex3.CounterModuloTest" time="0.005"/>
  <testcase name="MultiThreaded only initializes value once[Iterations: 3,213]" classname="serie2.ex3.CounterModuloTest" time="0.004"/>
  <testcase name="MultiThreaded only initializes value once[Iterations: 3,214]" classname="serie2.ex3.CounterModuloTest" time="0.006"/>
  <testcase name="MultiThreaded only initializes value once[Iterations: 3,215]" classname="serie2.ex3.CounterModuloTest" time="0.004"/>
  <testcase name="MultiThreaded only initializes value once[Iterations: 3,216]" classname="serie2.ex3.CounterModuloTest" time="0.005"/>
  <testcase name="MultiThreaded only initializes value once[Iterations: 3,217]" classname="serie2.ex3.CounterModuloTest" time="0.005"/>
  <testcase name="MultiThreaded only initializes value once[Iterations: 3,218]" classname="serie2.ex3.CounterModuloTest" time="0.005"/>
  <testcase name="MultiThreaded only initializes value once[Iterations: 3,219]" classname="serie2.ex3.CounterModuloTest" time="0.006"/>
  <testcase name="MultiThreaded only initializes value once[Iterations: 3,220]" classname="serie2.ex3.CounterModuloTest" time="0.005"/>
  <testcase name="MultiThreaded only initializes value once[Iterations: 3,221]" classname="serie2.ex3.CounterModuloTest" time="0.005"/>
  <testcase name="MultiThreaded only initializes value once[Iterations: 3,222]" classname="serie2.ex3.CounterModuloTest" time="0.004"/>
  <testcase name="MultiThreaded only initializes value once[Iterations: 3,223]" classname="serie2.ex3.CounterModuloTest" time="0.005"/>
  <testcase name="MultiThreaded only initializes value once[Iterations: 3,224]" classname="serie2.ex3.CounterModuloTest" time="0.004"/>
  <testcase name="MultiThreaded only initializes value once[Iterations: 3,225]" classname="serie2.ex3.CounterModuloTest" time="0.005"/>
  <testcase name="MultiThreaded only initializes value once[Iterations: 3,226]" classname="serie2.ex3.CounterModuloTest" time="0.005"/>
  <testcase name="MultiThreaded only initializes value once[Iterations: 3,227]" classname="serie2.ex3.CounterModuloTest" time="0.004"/>
  <testcase name="MultiThreaded only initializes value once[Iterations: 3,228]" classname="serie2.ex3.CounterModuloTest" time="0.005"/>
  <testcase name="MultiThreaded only initializes value once[Iterations: 3,229]" classname="serie2.ex3.CounterModuloTest" time="0.004"/>
  <testcase name="MultiThreaded only initializes value once[Iterations: 3,230]" classname="serie2.ex3.CounterModuloTest" time="0.005"/>
  <testcase name="MultiThreaded only initializes value once[Iterations: 3,231]" classname="serie2.ex3.CounterModuloTest" time="0.004"/>
  <testcase name="MultiThreaded only initializes value once[Iterations: 3,232]" classname="serie2.ex3.CounterModuloTest" time="0.004"/>
  <testcase name="MultiThreaded only initializes value once[Iterations: 3,233]" classname="serie2.ex3.CounterModuloTest" time="0.004"/>
  <testcase name="MultiThreaded only initializes value once[Iterations: 3,234]" classname="serie2.ex3.CounterModuloTest" time="0.005"/>
  <testcase name="MultiThreaded only initializes value once[Iterations: 3,235]" classname="serie2.ex3.CounterModuloTest" time="0.005"/>
  <testcase name="MultiThreaded only initializes value once[Iterations: 3,236]" classname="serie2.ex3.CounterModuloTest" time="0.004"/>
  <testcase name="MultiThreaded only initializes value once[Iterations: 3,237]" classname="serie2.ex3.CounterModuloTest" time="0.005"/>
  <testcase name="MultiThreaded only initializes value once[Iterations: 3,238]" classname="serie2.ex3.CounterModuloTest" time="0.005"/>
  <testcase name="MultiThreaded only initializes value once[Iterations: 3,239]" classname="serie2.ex3.CounterModuloTest" time="0.004"/>
  <testcase name="MultiThreaded only initializes value once[Iterations: 3,240]" classname="serie2.ex3.CounterModuloTest" time="0.005"/>
  <testcase name="MultiThreaded only initializes value once[Iterations: 3,241]" classname="serie2.ex3.CounterModuloTest" time="0.004"/>
  <testcase name="MultiThreaded only initializes value once[Iterations: 3,242]" classname="serie2.ex3.CounterModuloTest" time="0.004"/>
  <testcase name="MultiThreaded only initializes value once[Iterations: 3,243]" classname="serie2.ex3.CounterModuloTest" time="0.004"/>
  <testcase name="MultiThreaded only initializes value once[Iterations: 3,244]" classname="serie2.ex3.CounterModuloTest" time="0.005"/>
  <testcase name="MultiThreaded only initializes value once[Iterations: 3,245]" classname="serie2.ex3.CounterModuloTest" time="0.004"/>
  <testcase name="MultiThreaded only initializes value once[Iterations: 3,246]" classname="serie2.ex3.CounterModuloTest" time="0.004"/>
  <testcase name="MultiThreaded only initializes value once[Iterations: 3,247]" classname="serie2.ex3.CounterModuloTest" time="0.004"/>
  <testcase name="MultiThreaded only initializes value once[Iterations: 3,248]" classname="serie2.ex3.CounterModuloTest" time="0.005"/>
  <testcase name="MultiThreaded only initializes value once[Iterations: 3,249]" classname="serie2.ex3.CounterModuloTest" time="0.005"/>
  <testcase name="MultiThreaded only initializes value once[Iterations: 3,250]" classname="serie2.ex3.CounterModuloTest" time="0.004"/>
  <testcase name="MultiThreaded only initializes value once[Iterations: 3,251]" classname="serie2.ex3.CounterModuloTest" time="0.005"/>
  <testcase name="MultiThreaded only initializes value once[Iterations: 3,252]" classname="serie2.ex3.CounterModuloTest" time="0.005"/>
  <testcase name="MultiThreaded only initializes value once[Iterations: 3,253]" classname="serie2.ex3.CounterModuloTest" time="0.005"/>
  <testcase name="MultiThreaded only initializes value once[Iterations: 3,254]" classname="serie2.ex3.CounterModuloTest" time="0.004"/>
  <testcase name="MultiThreaded only initializes value once[Iterations: 3,255]" classname="serie2.ex3.CounterModuloTest" time="0.005"/>
  <testcase name="MultiThreaded only initializes value once[Iterations: 3,256]" classname="serie2.ex3.CounterModuloTest" time="0.004"/>
  <testcase name="MultiThreaded only initializes value once[Iterations: 3,257]" classname="serie2.ex3.CounterModuloTest" time="0.005"/>
  <testcase name="MultiThreaded only initializes value once[Iterations: 3,258]" classname="serie2.ex3.CounterModuloTest" time="0.004"/>
  <testcase name="MultiThreaded only initializes value once[Iterations: 3,259]" classname="serie2.ex3.CounterModuloTest" time="0.005"/>
  <testcase name="MultiThreaded only initializes value once[Iterations: 3,260]" classname="serie2.ex3.CounterModuloTest" time="0.004"/>
  <testcase name="MultiThreaded only initializes value once[Iterations: 3,261]" classname="serie2.ex3.CounterModuloTest" time="0.004"/>
  <testcase name="MultiThreaded only initializes value once[Iterations: 3,262]" classname="serie2.ex3.CounterModuloTest" time="0.005"/>
  <testcase name="MultiThreaded only initializes value once[Iterations: 3,263]" classname="serie2.ex3.CounterModuloTest" time="0.005"/>
  <testcase name="MultiThreaded only initializes value once[Iterations: 3,264]" classname="serie2.ex3.CounterModuloTest" time="0.005"/>
  <testcase name="MultiThreaded only initializes value once[Iterations: 3,265]" classname="serie2.ex3.CounterModuloTest" time="0.005"/>
  <testcase name="MultiThreaded only initializes value once[Iterations: 3,266]" classname="serie2.ex3.CounterModuloTest" time="0.004"/>
  <testcase name="MultiThreaded only initializes value once[Iterations: 3,267]" classname="serie2.ex3.CounterModuloTest" time="0.006"/>
  <testcase name="MultiThreaded only initializes value once[Iterations: 3,268]" classname="serie2.ex3.CounterModuloTest" time="0.005"/>
  <testcase name="MultiThreaded only initializes value once[Iterations: 3,269]" classname="serie2.ex3.CounterModuloTest" time="0.004"/>
  <testcase name="MultiThreaded only initializes value once[Iterations: 3,270]" classname="serie2.ex3.CounterModuloTest" time="0.005"/>
  <testcase name="MultiThreaded only initializes value once[Iterations: 3,271]" classname="serie2.ex3.CounterModuloTest" time="0.004"/>
  <testcase name="MultiThreaded only initializes value once[Iterations: 3,272]" classname="serie2.ex3.CounterModuloTest" time="0.006"/>
  <testcase name="MultiThreaded only initializes value once[Iterations: 3,273]" classname="serie2.ex3.CounterModuloTest" time="0.004"/>
  <testcase name="MultiThreaded only initializes value once[Iterations: 3,274]" classname="serie2.ex3.CounterModuloTest" time="0.004"/>
  <testcase name="MultiThreaded only initializes value once[Iterations: 3,275]" classname="serie2.ex3.CounterModuloTest" time="0.005"/>
  <testcase name="MultiThreaded only initializes value once[Iterations: 3,276]" classname="serie2.ex3.CounterModuloTest" time="0.004"/>
  <testcase name="MultiThreaded only initializes value once[Iterations: 3,277]" classname="serie2.ex3.CounterModuloTest" time="0.005"/>
  <testcase name="MultiThreaded only initializes value once[Iterations: 3,278]" classname="serie2.ex3.CounterModuloTest" time="0.004"/>
  <testcase name="MultiThreaded only initializes value once[Iterations: 3,279]" classname="serie2.ex3.CounterModuloTest" time="0.005"/>
  <testcase name="MultiThreaded only initializes value once[Iterations: 3,280]" classname="serie2.ex3.CounterModuloTest" time="0.005"/>
  <testcase name="MultiThreaded only initializes value once[Iterations: 3,281]" classname="serie2.ex3.CounterModuloTest" time="0.004"/>
  <testcase name="MultiThreaded only initializes value once[Iterations: 3,282]" classname="serie2.ex3.CounterModuloTest" time="0.005"/>
  <testcase name="MultiThreaded only initializes value once[Iterations: 3,283]" classname="serie2.ex3.CounterModuloTest" time="0.005"/>
  <testcase name="MultiThreaded only initializes value once[Iterations: 3,284]" classname="serie2.ex3.CounterModuloTest" time="0.004"/>
  <testcase name="MultiThreaded only initializes value once[Iterations: 3,285]" classname="serie2.ex3.CounterModuloTest" time="0.004"/>
  <testcase name="MultiThreaded only initializes value once[Iterations: 3,286]" classname="serie2.ex3.CounterModuloTest" time="0.005"/>
  <testcase name="MultiThreaded only initializes value once[Iterations: 3,287]" classname="serie2.ex3.CounterModuloTest" time="0.005"/>
  <testcase name="MultiThreaded only initializes value once[Iterations: 3,288]" classname="serie2.ex3.CounterModuloTest" time="0.005"/>
  <testcase name="MultiThreaded only initializes value once[Iterations: 3,289]" classname="serie2.ex3.CounterModuloTest" time="0.004"/>
  <testcase name="MultiThreaded only initializes value once[Iterations: 3,290]" classname="serie2.ex3.CounterModuloTest" time="0.005"/>
  <testcase name="MultiThreaded only initializes value once[Iterations: 3,291]" classname="serie2.ex3.CounterModuloTest" time="0.004"/>
  <testcase name="MultiThreaded only initializes value once[Iterations: 3,292]" classname="serie2.ex3.CounterModuloTest" time="0.005"/>
  <testcase name="MultiThreaded only initializes value once[Iterations: 3,293]" classname="serie2.ex3.CounterModuloTest" time="0.005"/>
  <testcase name="MultiThreaded only initializes value once[Iterations: 3,294]" classname="serie2.ex3.CounterModuloTest" time="0.005"/>
  <testcase name="MultiThreaded only initializes value once[Iterations: 3,295]" classname="serie2.ex3.CounterModuloTest" time="0.005"/>
  <testcase name="MultiThreaded only initializes value once[Iterations: 3,296]" classname="serie2.ex3.CounterModuloTest" time="0.005"/>
  <testcase name="MultiThreaded only initializes value once[Iterations: 3,297]" classname="serie2.ex3.CounterModuloTest" time="0.005"/>
  <testcase name="MultiThreaded only initializes value once[Iterations: 3,298]" classname="serie2.ex3.CounterModuloTest" time="0.005"/>
  <testcase name="MultiThreaded only initializes value once[Iterations: 3,299]" classname="serie2.ex3.CounterModuloTest" time="0.005"/>
  <testcase name="MultiThreaded only initializes value once[Iterations: 3,300]" classname="serie2.ex3.CounterModuloTest" time="0.005"/>
  <testcase name="MultiThreaded only initializes value once[Iterations: 3,301]" classname="serie2.ex3.CounterModuloTest" time="0.004"/>
  <testcase name="MultiThreaded only initializes value once[Iterations: 3,302]" classname="serie2.ex3.CounterModuloTest" time="0.005"/>
  <testcase name="MultiThreaded only initializes value once[Iterations: 3,303]" classname="serie2.ex3.CounterModuloTest" time="0.005"/>
  <testcase name="MultiThreaded only initializes value once[Iterations: 3,304]" classname="serie2.ex3.CounterModuloTest" time="0.005"/>
  <testcase name="MultiThreaded only initializes value once[Iterations: 3,305]" classname="serie2.ex3.CounterModuloTest" time="0.005"/>
  <testcase name="MultiThreaded only initializes value once[Iterations: 3,306]" classname="serie2.ex3.CounterModuloTest" time="0.005"/>
  <testcase name="MultiThreaded only initializes value once[Iterations: 3,307]" classname="serie2.ex3.CounterModuloTest" time="0.005"/>
  <testcase name="MultiThreaded only initializes value once[Iterations: 3,308]" classname="serie2.ex3.CounterModuloTest" time="0.006"/>
  <testcase name="MultiThreaded only initializes value once[Iterations: 3,309]" classname="serie2.ex3.CounterModuloTest" time="0.005"/>
  <testcase name="MultiThreaded only initializes value once[Iterations: 3,310]" classname="serie2.ex3.CounterModuloTest" time="0.005"/>
  <testcase name="MultiThreaded only initializes value once[Iterations: 3,311]" classname="serie2.ex3.CounterModuloTest" time="0.006"/>
  <testcase name="MultiThreaded only initializes value once[Iterations: 3,312]" classname="serie2.ex3.CounterModuloTest" time="0.004"/>
  <testcase name="MultiThreaded only initializes value once[Iterations: 3,313]" classname="serie2.ex3.CounterModuloTest" time="0.005"/>
  <testcase name="MultiThreaded only initializes value once[Iterations: 3,314]" classname="serie2.ex3.CounterModuloTest" time="0.004"/>
  <testcase name="MultiThreaded only initializes value once[Iterations: 3,315]" classname="serie2.ex3.CounterModuloTest" time="0.006"/>
  <testcase name="MultiThreaded only initializes value once[Iterations: 3,316]" classname="serie2.ex3.CounterModuloTest" time="0.004"/>
  <testcase name="MultiThreaded only initializes value once[Iterations: 3,317]" classname="serie2.ex3.CounterModuloTest" time="0.005"/>
  <testcase name="MultiThreaded only initializes value once[Iterations: 3,318]" classname="serie2.ex3.CounterModuloTest" time="0.004"/>
  <testcase name="MultiThreaded only initializes value once[Iterations: 3,319]" classname="serie2.ex3.CounterModuloTest" time="0.005"/>
  <testcase name="MultiThreaded only initializes value once[Iterations: 3,320]" classname="serie2.ex3.CounterModuloTest" time="0.004"/>
  <testcase name="MultiThreaded only initializes value once[Iterations: 3,321]" classname="serie2.ex3.CounterModuloTest" time="0.005"/>
  <testcase name="MultiThreaded only initializes value once[Iterations: 3,322]" classname="serie2.ex3.CounterModuloTest" time="0.005"/>
  <testcase name="MultiThreaded only initializes value once[Iterations: 3,323]" classname="serie2.ex3.CounterModuloTest" time="0.005"/>
  <testcase name="MultiThreaded only initializes value once[Iterations: 3,324]" classname="serie2.ex3.CounterModuloTest" time="0.005"/>
  <testcase name="MultiThreaded only initializes value once[Iterations: 3,325]" classname="serie2.ex3.CounterModuloTest" time="0.004"/>
  <testcase name="MultiThreaded only initializes value once[Iterations: 3,326]" classname="serie2.ex3.CounterModuloTest" time="0.005"/>
  <testcase name="MultiThreaded only initializes value once[Iterations: 3,327]" classname="serie2.ex3.CounterModuloTest" time="0.005"/>
  <testcase name="MultiThreaded only initializes value once[Iterations: 3,328]" classname="serie2.ex3.CounterModuloTest" time="0.005"/>
  <testcase name="MultiThreaded only initializes value once[Iterations: 3,329]" classname="serie2.ex3.CounterModuloTest" time="0.005"/>
  <testcase name="MultiThreaded only initializes value once[Iterations: 3,330]" classname="serie2.ex3.CounterModuloTest" time="0.005"/>
  <testcase name="MultiThreaded only initializes value once[Iterations: 3,331]" classname="serie2.ex3.CounterModuloTest" time="0.005"/>
  <testcase name="MultiThreaded only initializes value once[Iterations: 3,332]" classname="serie2.ex3.CounterModuloTest" time="0.004"/>
  <testcase name="MultiThreaded only initializes value once[Iterations: 3,333]" classname="serie2.ex3.CounterModuloTest" time="0.004"/>
  <testcase name="MultiThreaded only initializes value once[Iterations: 3,334]" classname="serie2.ex3.CounterModuloTest" time="0.005"/>
  <testcase name="MultiThreaded only initializes value once[Iterations: 3,335]" classname="serie2.ex3.CounterModuloTest" time="0.005"/>
  <testcase name="MultiThreaded only initializes value once[Iterations: 3,336]" classname="serie2.ex3.CounterModuloTest" time="0.004"/>
  <testcase name="MultiThreaded only initializes value once[Iterations: 3,337]" classname="serie2.ex3.CounterModuloTest" time="0.005"/>
  <testcase name="MultiThreaded only initializes value once[Iterations: 3,338]" classname="serie2.ex3.CounterModuloTest" time="0.006"/>
  <testcase name="MultiThreaded only initializes value once[Iterations: 3,339]" classname="serie2.ex3.CounterModuloTest" time="0.005"/>
  <testcase name="MultiThreaded only initializes value once[Iterations: 3,340]" classname="serie2.ex3.CounterModuloTest" time="0.006"/>
  <testcase name="MultiThreaded only initializes value once[Iterations: 3,341]" classname="serie2.ex3.CounterModuloTest" time="0.005"/>
  <testcase name="MultiThreaded only initializes value once[Iterations: 3,342]" classname="serie2.ex3.CounterModuloTest" time="0.005"/>
  <testcase name="MultiThreaded only initializes value once[Iterations: 3,343]" classname="serie2.ex3.CounterModuloTest" time="0.005"/>
  <testcase name="MultiThreaded only initializes value once[Iterations: 3,344]" classname="serie2.ex3.CounterModuloTest" time="0.004"/>
  <testcase name="MultiThreaded only initializes value once[Iterations: 3,345]" classname="serie2.ex3.CounterModuloTest" time="0.005"/>
  <testcase name="MultiThreaded only initializes value once[Iterations: 3,346]" classname="serie2.ex3.CounterModuloTest" time="0.005"/>
  <testcase name="MultiThreaded only initializes value once[Iterations: 3,347]" classname="serie2.ex3.CounterModuloTest" time="0.006"/>
  <testcase name="MultiThreaded only initializes value once[Iterations: 3,348]" classname="serie2.ex3.CounterModuloTest" time="0.005"/>
  <testcase name="MultiThreaded only initializes value once[Iterations: 3,349]" classname="serie2.ex3.CounterModuloTest" time="0.005"/>
  <testcase name="MultiThreaded only initializes value once[Iterations: 3,350]" classname="serie2.ex3.CounterModuloTest" time="0.005"/>
  <testcase name="MultiThreaded only initializes value once[Iterations: 3,351]" classname="serie2.ex3.CounterModuloTest" time="0.006"/>
  <testcase name="MultiThreaded only initializes value once[Iterations: 3,352]" classname="serie2.ex3.CounterModuloTest" time="0.005"/>
  <testcase name="MultiThreaded only initializes value once[Iterations: 3,353]" classname="serie2.ex3.CounterModuloTest" time="0.005"/>
  <testcase name="MultiThreaded only initializes value once[Iterations: 3,354]" classname="serie2.ex3.CounterModuloTest" time="0.006"/>
  <testcase name="MultiThreaded only initializes value once[Iterations: 3,355]" classname="serie2.ex3.CounterModuloTest" time="0.006"/>
  <testcase name="MultiThreaded only initializes value once[Iterations: 3,356]" classname="serie2.ex3.CounterModuloTest" time="0.006"/>
  <testcase name="MultiThreaded only initializes value once[Iterations: 3,357]" classname="serie2.ex3.CounterModuloTest" time="0.005"/>
  <testcase name="MultiThreaded only initializes value once[Iterations: 3,358]" classname="serie2.ex3.CounterModuloTest" time="0.005"/>
  <testcase name="MultiThreaded only initializes value once[Iterations: 3,359]" classname="serie2.ex3.CounterModuloTest" time="0.005"/>
  <testcase name="MultiThreaded only initializes value once[Iterations: 3,360]" classname="serie2.ex3.CounterModuloTest" time="0.005"/>
  <testcase name="MultiThreaded only initializes value once[Iterations: 3,361]" classname="serie2.ex3.CounterModuloTest" time="0.004"/>
  <testcase name="MultiThreaded only initializes value once[Iterations: 3,362]" classname="serie2.ex3.CounterModuloTest" time="0.004"/>
  <testcase name="MultiThreaded only initializes value once[Iterations: 3,363]" classname="serie2.ex3.CounterModuloTest" time="0.006"/>
  <testcase name="MultiThreaded only initializes value once[Iterations: 3,364]" classname="serie2.ex3.CounterModuloTest" time="0.005"/>
  <testcase name="MultiThreaded only initializes value once[Iterations: 3,365]" classname="serie2.ex3.CounterModuloTest" time="0.004"/>
  <testcase name="MultiThreaded only initializes value once[Iterations: 3,366]" classname="serie2.ex3.CounterModuloTest" time="0.005"/>
  <testcase name="MultiThreaded only initializes value once[Iterations: 3,367]" classname="serie2.ex3.CounterModuloTest" time="0.005"/>
  <testcase name="MultiThreaded only initializes value once[Iterations: 3,368]" classname="serie2.ex3.CounterModuloTest" time="0.005"/>
  <testcase name="MultiThreaded only initializes value once[Iterations: 3,369]" classname="serie2.ex3.CounterModuloTest" time="0.005"/>
  <testcase name="MultiThreaded only initializes value once[Iterations: 3,370]" classname="serie2.ex3.CounterModuloTest" time="0.005"/>
  <testcase name="MultiThreaded only initializes value once[Iterations: 3,371]" classname="serie2.ex3.CounterModuloTest" time="0.005"/>
  <testcase name="MultiThreaded only initializes value once[Iterations: 3,372]" classname="serie2.ex3.CounterModuloTest" time="0.005"/>
  <testcase name="MultiThreaded only initializes value once[Iterations: 3,373]" classname="serie2.ex3.CounterModuloTest" time="0.005"/>
  <testcase name="MultiThreaded only initializes value once[Iterations: 3,374]" classname="serie2.ex3.CounterModuloTest" time="0.004"/>
  <testcase name="MultiThreaded only initializes value once[Iterations: 3,375]" classname="serie2.ex3.CounterModuloTest" time="0.005"/>
  <testcase name="MultiThreaded only initializes value once[Iterations: 3,376]" classname="serie2.ex3.CounterModuloTest" time="0.006"/>
  <testcase name="MultiThreaded only initializes value once[Iterations: 3,377]" classname="serie2.ex3.CounterModuloTest" time="0.004"/>
  <testcase name="MultiThreaded only initializes value once[Iterations: 3,378]" classname="serie2.ex3.CounterModuloTest" time="0.005"/>
  <testcase name="MultiThreaded only initializes value once[Iterations: 3,379]" classname="serie2.ex3.CounterModuloTest" time="0.005"/>
  <testcase name="MultiThreaded only initializes value once[Iterations: 3,380]" classname="serie2.ex3.CounterModuloTest" time="0.006"/>
  <testcase name="MultiThreaded only initializes value once[Iterations: 3,381]" classname="serie2.ex3.CounterModuloTest" time="0.006"/>
  <testcase name="MultiThreaded only initializes value once[Iterations: 3,382]" classname="serie2.ex3.CounterModuloTest" time="0.005"/>
  <testcase name="MultiThreaded only initializes value once[Iterations: 3,383]" classname="serie2.ex3.CounterModuloTest" time="0.004"/>
  <testcase name="MultiThreaded only initializes value once[Iterations: 3,384]" classname="serie2.ex3.CounterModuloTest" time="0.005"/>
  <testcase name="MultiThreaded only initializes value once[Iterations: 3,385]" classname="serie2.ex3.CounterModuloTest" time="0.005"/>
  <testcase name="MultiThreaded only initializes value once[Iterations: 3,386]" classname="serie2.ex3.CounterModuloTest" time="0.005"/>
  <testcase name="MultiThreaded only initializes value once[Iterations: 3,387]" classname="serie2.ex3.CounterModuloTest" time="0.005"/>
  <testcase name="MultiThreaded only initializes value once[Iterations: 3,388]" classname="serie2.ex3.CounterModuloTest" time="0.005"/>
  <testcase name="MultiThreaded only initializes value once[Iterations: 3,389]" classname="serie2.ex3.CounterModuloTest" time="0.005"/>
  <testcase name="MultiThreaded only initializes value once[Iterations: 3,390]" classname="serie2.ex3.CounterModuloTest" time="0.005"/>
  <testcase name="MultiThreaded only initializes value once[Iterations: 3,391]" classname="serie2.ex3.CounterModuloTest" time="0.005"/>
  <testcase name="MultiThreaded only initializes value once[Iterations: 3,392]" classname="serie2.ex3.CounterModuloTest" time="0.005"/>
  <testcase name="MultiThreaded only initializes value once[Iterations: 3,393]" classname="serie2.ex3.CounterModuloTest" time="0.005"/>
  <testcase name="MultiThreaded only initializes value once[Iterations: 3,394]" classname="serie2.ex3.CounterModuloTest" time="0.006"/>
  <testcase name="MultiThreaded only initializes value once[Iterations: 3,395]" classname="serie2.ex3.CounterModuloTest" time="0.006"/>
  <testcase name="MultiThreaded only initializes value once[Iterations: 3,396]" classname="serie2.ex3.CounterModuloTest" time="0.005"/>
  <testcase name="MultiThreaded only initializes value once[Iterations: 3,397]" classname="serie2.ex3.CounterModuloTest" time="0.006"/>
  <testcase name="MultiThreaded only initializes value once[Iterations: 3,398]" classname="serie2.ex3.CounterModuloTest" time="0.006"/>
  <testcase name="MultiThreaded only initializes value once[Iterations: 3,399]" classname="serie2.ex3.CounterModuloTest" time="0.005"/>
  <testcase name="MultiThreaded only initializes value once[Iterations: 3,400]" classname="serie2.ex3.CounterModuloTest" time="0.006"/>
  <testcase name="MultiThreaded only initializes value once[Iterations: 3,401]" classname="serie2.ex3.CounterModuloTest" time="0.005"/>
  <testcase name="MultiThreaded only initializes value once[Iterations: 3,402]" classname="serie2.ex3.CounterModuloTest" time="0.005"/>
  <testcase name="MultiThreaded only initializes value once[Iterations: 3,403]" classname="serie2.ex3.CounterModuloTest" time="0.005"/>
  <testcase name="MultiThreaded only initializes value once[Iterations: 3,404]" classname="serie2.ex3.CounterModuloTest" time="0.005"/>
  <testcase name="MultiThreaded only initializes value once[Iterations: 3,405]" classname="serie2.ex3.CounterModuloTest" time="0.005"/>
  <testcase name="MultiThreaded only initializes value once[Iterations: 3,406]" classname="serie2.ex3.CounterModuloTest" time="0.005"/>
  <testcase name="MultiThreaded only initializes value once[Iterations: 3,407]" classname="serie2.ex3.CounterModuloTest" time="0.008"/>
  <testcase name="MultiThreaded only initializes value once[Iterations: 3,408]" classname="serie2.ex3.CounterModuloTest" time="0.005"/>
  <testcase name="MultiThreaded only initializes value once[Iterations: 3,409]" classname="serie2.ex3.CounterModuloTest" time="0.005"/>
  <testcase name="MultiThreaded only initializes value once[Iterations: 3,410]" classname="serie2.ex3.CounterModuloTest" time="0.006"/>
  <testcase name="MultiThreaded only initializes value once[Iterations: 3,411]" classname="serie2.ex3.CounterModuloTest" time="0.006"/>
  <testcase name="MultiThreaded only initializes value once[Iterations: 3,412]" classname="serie2.ex3.CounterModuloTest" time="0.005"/>
  <testcase name="MultiThreaded only initializes value once[Iterations: 3,413]" classname="serie2.ex3.CounterModuloTest" time="0.005"/>
  <testcase name="MultiThreaded only initializes value once[Iterations: 3,414]" classname="serie2.ex3.CounterModuloTest" time="0.005"/>
  <testcase name="MultiThreaded only initializes value once[Iterations: 3,415]" classname="serie2.ex3.CounterModuloTest" time="0.006"/>
  <testcase name="MultiThreaded only initializes value once[Iterations: 3,416]" classname="serie2.ex3.CounterModuloTest" time="0.005"/>
  <testcase name="MultiThreaded only initializes value once[Iterations: 3,417]" classname="serie2.ex3.CounterModuloTest" time="0.006"/>
  <testcase name="MultiThreaded only initializes value once[Iterations: 3,418]" classname="serie2.ex3.CounterModuloTest" time="0.004"/>
  <testcase name="MultiThreaded only initializes value once[Iterations: 3,419]" classname="serie2.ex3.CounterModuloTest" time="0.005"/>
  <testcase name="MultiThreaded only initializes value once[Iterations: 3,420]" classname="serie2.ex3.CounterModuloTest" time="0.006"/>
  <testcase name="MultiThreaded only initializes value once[Iterations: 3,421]" classname="serie2.ex3.CounterModuloTest" time="0.005"/>
  <testcase name="MultiThreaded only initializes value once[Iterations: 3,422]" classname="serie2.ex3.CounterModuloTest" time="0.005"/>
  <testcase name="MultiThreaded only initializes value once[Iterations: 3,423]" classname="serie2.ex3.CounterModuloTest" time="0.005"/>
  <testcase name="MultiThreaded only initializes value once[Iterations: 3,424]" classname="serie2.ex3.CounterModuloTest" time="0.006"/>
  <testcase name="MultiThreaded only initializes value once[Iterations: 3,425]" classname="serie2.ex3.CounterModuloTest" time="0.005"/>
  <testcase name="MultiThreaded only initializes value once[Iterations: 3,426]" classname="serie2.ex3.CounterModuloTest" time="0.005"/>
  <testcase name="MultiThreaded only initializes value once[Iterations: 3,427]" classname="serie2.ex3.CounterModuloTest" time="0.005"/>
  <testcase name="MultiThreaded only initializes value once[Iterations: 3,428]" classname="serie2.ex3.CounterModuloTest" time="0.004"/>
  <testcase name="MultiThreaded only initializes value once[Iterations: 3,429]" classname="serie2.ex3.CounterModuloTest" time="0.005"/>
  <testcase name="MultiThreaded only initializes value once[Iterations: 3,430]" classname="serie2.ex3.CounterModuloTest" time="0.005"/>
  <testcase name="MultiThreaded only initializes value once[Iterations: 3,431]" classname="serie2.ex3.CounterModuloTest" time="0.005"/>
  <testcase name="MultiThreaded only initializes value once[Iterations: 3,432]" classname="serie2.ex3.CounterModuloTest" time="0.005"/>
  <testcase name="MultiThreaded only initializes value once[Iterations: 3,433]" classname="serie2.ex3.CounterModuloTest" time="0.005"/>
  <testcase name="MultiThreaded only initializes value once[Iterations: 3,434]" classname="serie2.ex3.CounterModuloTest" time="0.005"/>
  <testcase name="MultiThreaded only initializes value once[Iterations: 3,435]" classname="serie2.ex3.CounterModuloTest" time="0.004"/>
  <testcase name="MultiThreaded only initializes value once[Iterations: 3,436]" classname="serie2.ex3.CounterModuloTest" time="0.005"/>
  <testcase name="MultiThreaded only initializes value once[Iterations: 3,437]" classname="serie2.ex3.CounterModuloTest" time="0.006"/>
  <testcase name="MultiThreaded only initializes value once[Iterations: 3,438]" classname="serie2.ex3.CounterModuloTest" time="0.004"/>
  <testcase name="MultiThreaded only initializes value once[Iterations: 3,439]" classname="serie2.ex3.CounterModuloTest" time="0.005"/>
  <testcase name="MultiThreaded only initializes value once[Iterations: 3,440]" classname="serie2.ex3.CounterModuloTest" time="0.004"/>
  <testcase name="MultiThreaded only initializes value once[Iterations: 3,441]" classname="serie2.ex3.CounterModuloTest" time="0.005"/>
  <testcase name="MultiThreaded only initializes value once[Iterations: 3,442]" classname="serie2.ex3.CounterModuloTest" time="0.005"/>
  <testcase name="MultiThreaded only initializes value once[Iterations: 3,443]" classname="serie2.ex3.CounterModuloTest" time="0.006"/>
  <testcase name="MultiThreaded only initializes value once[Iterations: 3,444]" classname="serie2.ex3.CounterModuloTest" time="0.005"/>
  <testcase name="MultiThreaded only initializes value once[Iterations: 3,445]" classname="serie2.ex3.CounterModuloTest" time="0.005"/>
  <testcase name="MultiThreaded only initializes value once[Iterations: 3,446]" classname="serie2.ex3.CounterModuloTest" time="0.006"/>
  <testcase name="MultiThreaded only initializes value once[Iterations: 3,447]" classname="serie2.ex3.CounterModuloTest" time="0.005"/>
  <testcase name="MultiThreaded only initializes value once[Iterations: 3,448]" classname="serie2.ex3.CounterModuloTest" time="0.005"/>
  <testcase name="MultiThreaded only initializes value once[Iterations: 3,449]" classname="serie2.ex3.CounterModuloTest" time="0.005"/>
  <testcase name="MultiThreaded only initializes value once[Iterations: 3,450]" classname="serie2.ex3.CounterModuloTest" time="0.005"/>
  <testcase name="MultiThreaded only initializes value once[Iterations: 3,451]" classname="serie2.ex3.CounterModuloTest" time="0.004"/>
  <testcase name="MultiThreaded only initializes value once[Iterations: 3,452]" classname="serie2.ex3.CounterModuloTest" time="0.006"/>
  <testcase name="MultiThreaded only initializes value once[Iterations: 3,453]" classname="serie2.ex3.CounterModuloTest" time="0.004"/>
  <testcase name="MultiThreaded only initializes value once[Iterations: 3,454]" classname="serie2.ex3.CounterModuloTest" time="0.004"/>
  <testcase name="MultiThreaded only initializes value once[Iterations: 3,455]" classname="serie2.ex3.CounterModuloTest" time="0.005"/>
  <testcase name="MultiThreaded only initializes value once[Iterations: 3,456]" classname="serie2.ex3.CounterModuloTest" time="0.005"/>
  <testcase name="MultiThreaded only initializes value once[Iterations: 3,457]" classname="serie2.ex3.CounterModuloTest" time="0.005"/>
  <testcase name="MultiThreaded only initializes value once[Iterations: 3,458]" classname="serie2.ex3.CounterModuloTest" time="0.004"/>
  <testcase name="MultiThreaded only initializes value once[Iterations: 3,459]" classname="serie2.ex3.CounterModuloTest" time="0.005"/>
  <testcase name="MultiThreaded only initializes value once[Iterations: 3,460]" classname="serie2.ex3.CounterModuloTest" time="0.004"/>
  <testcase name="MultiThreaded only initializes value once[Iterations: 3,461]" classname="serie2.ex3.CounterModuloTest" time="0.005"/>
  <testcase name="MultiThreaded only initializes value once[Iterations: 3,462]" classname="serie2.ex3.CounterModuloTest" time="0.005"/>
  <testcase name="MultiThreaded only initializes value once[Iterations: 3,463]" classname="serie2.ex3.CounterModuloTest" time="0.004"/>
  <testcase name="MultiThreaded only initializes value once[Iterations: 3,464]" classname="serie2.ex3.CounterModuloTest" time="0.005"/>
  <testcase name="MultiThreaded only initializes value once[Iterations: 3,465]" classname="serie2.ex3.CounterModuloTest" time="0.006"/>
  <testcase name="MultiThreaded only initializes value once[Iterations: 3,466]" classname="serie2.ex3.CounterModuloTest" time="0.004"/>
  <testcase name="MultiThreaded only initializes value once[Iterations: 3,467]" classname="serie2.ex3.CounterModuloTest" time="0.005"/>
  <testcase name="MultiThreaded only initializes value once[Iterations: 3,468]" classname="serie2.ex3.CounterModuloTest" time="0.005"/>
  <testcase name="MultiThreaded only initializes value once[Iterations: 3,469]" classname="serie2.ex3.CounterModuloTest" time="0.005"/>
  <testcase name="MultiThreaded only initializes value once[Iterations: 3,470]" classname="serie2.ex3.CounterModuloTest" time="0.004"/>
  <testcase name="MultiThreaded only initializes value once[Iterations: 3,471]" classname="serie2.ex3.CounterModuloTest" time="0.005"/>
  <testcase name="MultiThreaded only initializes value once[Iterations: 3,472]" classname="serie2.ex3.CounterModuloTest" time="0.005"/>
  <testcase name="MultiThreaded only initializes value once[Iterations: 3,473]" classname="serie2.ex3.CounterModuloTest" time="0.005"/>
  <testcase name="MultiThreaded only initializes value once[Iterations: 3,474]" classname="serie2.ex3.CounterModuloTest" time="0.007"/>
  <testcase name="MultiThreaded only initializes value once[Iterations: 3,475]" classname="serie2.ex3.CounterModuloTest" time="0.005"/>
  <testcase name="MultiThreaded only initializes value once[Iterations: 3,476]" classname="serie2.ex3.CounterModuloTest" time="0.005"/>
  <testcase name="MultiThreaded only initializes value once[Iterations: 3,477]" classname="serie2.ex3.CounterModuloTest" time="0.006"/>
  <testcase name="MultiThreaded only initializes value once[Iterations: 3,478]" classname="serie2.ex3.CounterModuloTest" time="0.005"/>
  <testcase name="MultiThreaded only initializes value once[Iterations: 3,479]" classname="serie2.ex3.CounterModuloTest" time="0.005"/>
  <testcase name="MultiThreaded only initializes value once[Iterations: 3,480]" classname="serie2.ex3.CounterModuloTest" time="0.005"/>
  <testcase name="MultiThreaded only initializes value once[Iterations: 3,481]" classname="serie2.ex3.CounterModuloTest" time="0.005"/>
  <testcase name="MultiThreaded only initializes value once[Iterations: 3,482]" classname="serie2.ex3.CounterModuloTest" time="0.005"/>
  <testcase name="MultiThreaded only initializes value once[Iterations: 3,483]" classname="serie2.ex3.CounterModuloTest" time="0.005"/>
  <testcase name="MultiThreaded only initializes value once[Iterations: 3,484]" classname="serie2.ex3.CounterModuloTest" time="0.005"/>
  <testcase name="MultiThreaded only initializes value once[Iterations: 3,485]" classname="serie2.ex3.CounterModuloTest" time="0.006"/>
  <testcase name="MultiThreaded only initializes value once[Iterations: 3,486]" classname="serie2.ex3.CounterModuloTest" time="0.005"/>
  <testcase name="MultiThreaded only initializes value once[Iterations: 3,487]" classname="serie2.ex3.CounterModuloTest" time="0.005"/>
  <testcase name="MultiThreaded only initializes value once[Iterations: 3,488]" classname="serie2.ex3.CounterModuloTest" time="0.005"/>
  <testcase name="MultiThreaded only initializes value once[Iterations: 3,489]" classname="serie2.ex3.CounterModuloTest" time="0.005"/>
  <testcase name="MultiThreaded only initializes value once[Iterations: 3,490]" classname="serie2.ex3.CounterModuloTest" time="0.005"/>
  <testcase name="MultiThreaded only initializes value once[Iterations: 3,491]" classname="serie2.ex3.CounterModuloTest" time="0.006"/>
  <testcase name="MultiThreaded only initializes value once[Iterations: 3,492]" classname="serie2.ex3.CounterModuloTest" time="0.005"/>
  <testcase name="MultiThreaded only initializes value once[Iterations: 3,493]" classname="serie2.ex3.CounterModuloTest" time="0.006"/>
  <testcase name="MultiThreaded only initializes value once[Iterations: 3,494]" classname="serie2.ex3.CounterModuloTest" time="0.006"/>
  <testcase name="MultiThreaded only initializes value once[Iterations: 3,495]" classname="serie2.ex3.CounterModuloTest" time="0.005"/>
  <testcase name="MultiThreaded only initializes value once[Iterations: 3,496]" classname="serie2.ex3.CounterModuloTest" time="0.005"/>
  <testcase name="MultiThreaded only initializes value once[Iterations: 3,497]" classname="serie2.ex3.CounterModuloTest" time="0.005"/>
  <testcase name="MultiThreaded only initializes value once[Iterations: 3,498]" classname="serie2.ex3.CounterModuloTest" time="0.005"/>
  <testcase name="MultiThreaded only initializes value once[Iterations: 3,499]" classname="serie2.ex3.CounterModuloTest" time="0.005"/>
  <testcase name="MultiThreaded only initializes value once[Iterations: 3,500]" classname="serie2.ex3.CounterModuloTest" time="0.005"/>
  <testcase name="MultiThreaded only initializes value once[Iterations: 3,501]" classname="serie2.ex3.CounterModuloTest" time="0.004"/>
  <testcase name="MultiThreaded only initializes value once[Iterations: 3,502]" classname="serie2.ex3.CounterModuloTest" time="0.005"/>
  <testcase name="MultiThreaded only initializes value once[Iterations: 3,503]" classname="serie2.ex3.CounterModuloTest" time="0.005"/>
  <testcase name="MultiThreaded only initializes value once[Iterations: 3,504]" classname="serie2.ex3.CounterModuloTest" time="0.005"/>
  <testcase name="MultiThreaded only initializes value once[Iterations: 3,505]" classname="serie2.ex3.CounterModuloTest" time="0.006"/>
  <testcase name="MultiThreaded only initializes value once[Iterations: 3,506]" classname="serie2.ex3.CounterModuloTest" time="0.004"/>
  <testcase name="MultiThreaded only initializes value once[Iterations: 3,507]" classname="serie2.ex3.CounterModuloTest" time="0.005"/>
  <testcase name="MultiThreaded only initializes value once[Iterations: 3,508]" classname="serie2.ex3.CounterModuloTest" time="0.005"/>
  <testcase name="MultiThreaded only initializes value once[Iterations: 3,509]" classname="serie2.ex3.CounterModuloTest" time="0.004"/>
  <testcase name="MultiThreaded only initializes value once[Iterations: 3,510]" classname="serie2.ex3.CounterModuloTest" time="0.005"/>
  <testcase name="MultiThreaded only initializes value once[Iterations: 3,511]" classname="serie2.ex3.CounterModuloTest" time="0.005"/>
  <testcase name="MultiThreaded only initializes value once[Iterations: 3,512]" classname="serie2.ex3.CounterModuloTest" time="0.005"/>
  <testcase name="MultiThreaded only initializes value once[Iterations: 3,513]" classname="serie2.ex3.CounterModuloTest" time="0.005"/>
  <testcase name="MultiThreaded only initializes value once[Iterations: 3,514]" classname="serie2.ex3.CounterModuloTest" time="0.005"/>
  <testcase name="MultiThreaded only initializes value once[Iterations: 3,515]" classname="serie2.ex3.CounterModuloTest" time="0.006"/>
  <testcase name="MultiThreaded only initializes value once[Iterations: 3,516]" classname="serie2.ex3.CounterModuloTest" time="0.005"/>
  <testcase name="MultiThreaded only initializes value once[Iterations: 3,517]" classname="serie2.ex3.CounterModuloTest" time="0.005"/>
  <testcase name="MultiThreaded only initializes value once[Iterations: 3,518]" classname="serie2.ex3.CounterModuloTest" time="0.005"/>
  <testcase name="MultiThreaded only initializes value once[Iterations: 3,519]" classname="serie2.ex3.CounterModuloTest" time="0.005"/>
  <testcase name="MultiThreaded only initializes value once[Iterations: 3,520]" classname="serie2.ex3.CounterModuloTest" time="0.005"/>
  <testcase name="MultiThreaded only initializes value once[Iterations: 3,521]" classname="serie2.ex3.CounterModuloTest" time="0.006"/>
  <testcase name="MultiThreaded only initializes value once[Iterations: 3,522]" classname="serie2.ex3.CounterModuloTest" time="0.004"/>
  <testcase name="MultiThreaded only initializes value once[Iterations: 3,523]" classname="serie2.ex3.CounterModuloTest" time="0.005"/>
  <testcase name="MultiThreaded only initializes value once[Iterations: 3,524]" classname="serie2.ex3.CounterModuloTest" time="0.005"/>
  <testcase name="MultiThreaded only initializes value once[Iterations: 3,525]" classname="serie2.ex3.CounterModuloTest" time="0.005"/>
  <testcase name="MultiThreaded only initializes value once[Iterations: 3,526]" classname="serie2.ex3.CounterModuloTest" time="0.005"/>
  <testcase name="MultiThreaded only initializes value once[Iterations: 3,527]" classname="serie2.ex3.CounterModuloTest" time="0.005"/>
  <testcase name="MultiThreaded only initializes value once[Iterations: 3,528]" classname="serie2.ex3.CounterModuloTest" time="0.005"/>
  <testcase name="MultiThreaded only initializes value once[Iterations: 3,529]" classname="serie2.ex3.CounterModuloTest" time="0.005"/>
  <testcase name="MultiThreaded only initializes value once[Iterations: 3,530]" classname="serie2.ex3.CounterModuloTest" time="0.005"/>
  <testcase name="MultiThreaded only initializes value once[Iterations: 3,531]" classname="serie2.ex3.CounterModuloTest" time="0.005"/>
  <testcase name="MultiThreaded only initializes value once[Iterations: 3,532]" classname="serie2.ex3.CounterModuloTest" time="0.005"/>
  <testcase name="MultiThreaded only initializes value once[Iterations: 3,533]" classname="serie2.ex3.CounterModuloTest" time="0.005"/>
  <testcase name="MultiThreaded only initializes value once[Iterations: 3,534]" classname="serie2.ex3.CounterModuloTest" time="0.009"/>
  <testcase name="MultiThreaded only initializes value once[Iterations: 3,535]" classname="serie2.ex3.CounterModuloTest" time="0.005"/>
  <testcase name="MultiThreaded only initializes value once[Iterations: 3,536]" classname="serie2.ex3.CounterModuloTest" time="0.005"/>
  <testcase name="MultiThreaded only initializes value once[Iterations: 3,537]" classname="serie2.ex3.CounterModuloTest" time="0.006"/>
  <testcase name="MultiThreaded only initializes value once[Iterations: 3,538]" classname="serie2.ex3.CounterModuloTest" time="0.007"/>
  <testcase name="MultiThreaded only initializes value once[Iterations: 3,539]" classname="serie2.ex3.CounterModuloTest" time="0.006"/>
  <testcase name="MultiThreaded only initializes value once[Iterations: 3,540]" classname="serie2.ex3.CounterModuloTest" time="0.005"/>
  <testcase name="MultiThreaded only initializes value once[Iterations: 3,541]" classname="serie2.ex3.CounterModuloTest" time="0.005"/>
  <testcase name="MultiThreaded only initializes value once[Iterations: 3,542]" classname="serie2.ex3.CounterModuloTest" time="0.006"/>
  <testcase name="MultiThreaded only initializes value once[Iterations: 3,543]" classname="serie2.ex3.CounterModuloTest" time="0.005"/>
  <testcase name="MultiThreaded only initializes value once[Iterations: 3,544]" classname="serie2.ex3.CounterModuloTest" time="0.006"/>
  <testcase name="MultiThreaded only initializes value once[Iterations: 3,545]" classname="serie2.ex3.CounterModuloTest" time="0.006"/>
  <testcase name="MultiThreaded only initializes value once[Iterations: 3,546]" classname="serie2.ex3.CounterModuloTest" time="0.005"/>
  <testcase name="MultiThreaded only initializes value once[Iterations: 3,547]" classname="serie2.ex3.CounterModuloTest" time="0.006"/>
  <testcase name="MultiThreaded only initializes value once[Iterations: 3,548]" classname="serie2.ex3.CounterModuloTest" time="0.005"/>
  <testcase name="MultiThreaded only initializes value once[Iterations: 3,549]" classname="serie2.ex3.CounterModuloTest" time="0.005"/>
  <testcase name="MultiThreaded only initializes value once[Iterations: 3,550]" classname="serie2.ex3.CounterModuloTest" time="0.006"/>
  <testcase name="MultiThreaded only initializes value once[Iterations: 3,551]" classname="serie2.ex3.CounterModuloTest" time="0.005"/>
  <testcase name="MultiThreaded only initializes value once[Iterations: 3,552]" classname="serie2.ex3.CounterModuloTest" time="0.005"/>
  <testcase name="MultiThreaded only initializes value once[Iterations: 3,553]" classname="serie2.ex3.CounterModuloTest" time="0.005"/>
  <testcase name="MultiThreaded only initializes value once[Iterations: 3,554]" classname="serie2.ex3.CounterModuloTest" time="0.005"/>
  <testcase name="MultiThreaded only initializes value once[Iterations: 3,555]" classname="serie2.ex3.CounterModuloTest" time="0.006"/>
  <testcase name="MultiThreaded only initializes value once[Iterations: 3,556]" classname="serie2.ex3.CounterModuloTest" time="0.005"/>
  <testcase name="MultiThreaded only initializes value once[Iterations: 3,557]" classname="serie2.ex3.CounterModuloTest" time="0.005"/>
  <testcase name="MultiThreaded only initializes value once[Iterations: 3,558]" classname="serie2.ex3.CounterModuloTest" time="0.005"/>
  <testcase name="MultiThreaded only initializes value once[Iterations: 3,559]" classname="serie2.ex3.CounterModuloTest" time="0.005"/>
  <testcase name="MultiThreaded only initializes value once[Iterations: 3,560]" classname="serie2.ex3.CounterModuloTest" time="0.004"/>
  <testcase name="MultiThreaded only initializes value once[Iterations: 3,561]" classname="serie2.ex3.CounterModuloTest" time="0.005"/>
  <testcase name="MultiThreaded only initializes value once[Iterations: 3,562]" classname="serie2.ex3.CounterModuloTest" time="0.006"/>
  <testcase name="MultiThreaded only initializes value once[Iterations: 3,563]" classname="serie2.ex3.CounterModuloTest" time="0.005"/>
  <testcase name="MultiThreaded only initializes value once[Iterations: 3,564]" classname="serie2.ex3.CounterModuloTest" time="0.006"/>
  <testcase name="MultiThreaded only initializes value once[Iterations: 3,565]" classname="serie2.ex3.CounterModuloTest" time="0.005"/>
  <testcase name="MultiThreaded only initializes value once[Iterations: 3,566]" classname="serie2.ex3.CounterModuloTest" time="0.004"/>
  <testcase name="MultiThreaded only initializes value once[Iterations: 3,567]" classname="serie2.ex3.CounterModuloTest" time="0.006"/>
  <testcase name="MultiThreaded only initializes value once[Iterations: 3,568]" classname="serie2.ex3.CounterModuloTest" time="0.005"/>
  <testcase name="MultiThreaded only initializes value once[Iterations: 3,569]" classname="serie2.ex3.CounterModuloTest" time="0.005"/>
  <testcase name="MultiThreaded only initializes value once[Iterations: 3,570]" classname="serie2.ex3.CounterModuloTest" time="0.006"/>
  <testcase name="MultiThreaded only initializes value once[Iterations: 3,571]" classname="serie2.ex3.CounterModuloTest" time="0.004"/>
  <testcase name="MultiThreaded only initializes value once[Iterations: 3,572]" classname="serie2.ex3.CounterModuloTest" time="0.006"/>
  <testcase name="MultiThreaded only initializes value once[Iterations: 3,573]" classname="serie2.ex3.CounterModuloTest" time="0.005"/>
  <testcase name="MultiThreaded only initializes value once[Iterations: 3,574]" classname="serie2.ex3.CounterModuloTest" time="0.005"/>
  <testcase name="MultiThreaded only initializes value once[Iterations: 3,575]" classname="serie2.ex3.CounterModuloTest" time="0.005"/>
  <testcase name="MultiThreaded only initializes value once[Iterations: 3,576]" classname="serie2.ex3.CounterModuloTest" time="0.005"/>
  <testcase name="MultiThreaded only initializes value once[Iterations: 3,577]" classname="serie2.ex3.CounterModuloTest" time="0.005"/>
  <testcase name="MultiThreaded only initializes value once[Iterations: 3,578]" classname="serie2.ex3.CounterModuloTest" time="0.005"/>
  <testcase name="MultiThreaded only initializes value once[Iterations: 3,579]" classname="serie2.ex3.CounterModuloTest" time="0.006"/>
  <testcase name="MultiThreaded only initializes value once[Iterations: 3,580]" classname="serie2.ex3.CounterModuloTest" time="0.006"/>
  <testcase name="MultiThreaded only initializes value once[Iterations: 3,581]" classname="serie2.ex3.CounterModuloTest" time="0.004"/>
  <testcase name="MultiThreaded only initializes value once[Iterations: 3,582]" classname="serie2.ex3.CounterModuloTest" time="0.006"/>
  <testcase name="MultiThreaded only initializes value once[Iterations: 3,583]" classname="serie2.ex3.CounterModuloTest" time="0.005"/>
  <testcase name="MultiThreaded only initializes value once[Iterations: 3,584]" classname="serie2.ex3.CounterModuloTest" time="0.005"/>
  <testcase name="MultiThreaded only initializes value once[Iterations: 3,585]" classname="serie2.ex3.CounterModuloTest" time="0.005"/>
  <testcase name="MultiThreaded only initializes value once[Iterations: 3,586]" classname="serie2.ex3.CounterModuloTest" time="0.006"/>
  <testcase name="MultiThreaded only initializes value once[Iterations: 3,587]" classname="serie2.ex3.CounterModuloTest" time="0.007"/>
  <testcase name="MultiThreaded only initializes value once[Iterations: 3,588]" classname="serie2.ex3.CounterModuloTest" time="0.005"/>
  <testcase name="MultiThreaded only initializes value once[Iterations: 3,589]" classname="serie2.ex3.CounterModuloTest" time="0.005"/>
  <testcase name="MultiThreaded only initializes value once[Iterations: 3,590]" classname="serie2.ex3.CounterModuloTest" time="0.008"/>
  <testcase name="MultiThreaded only initializes value once[Iterations: 3,591]" classname="serie2.ex3.CounterModuloTest" time="0.008"/>
  <testcase name="MultiThreaded only initializes value once[Iterations: 3,592]" classname="serie2.ex3.CounterModuloTest" time="0.006"/>
  <testcase name="MultiThreaded only initializes value once[Iterations: 3,593]" classname="serie2.ex3.CounterModuloTest" time="0.005"/>
  <testcase name="MultiThreaded only initializes value once[Iterations: 3,594]" classname="serie2.ex3.CounterModuloTest" time="0.005"/>
  <testcase name="MultiThreaded only initializes value once[Iterations: 3,595]" classname="serie2.ex3.CounterModuloTest" time="0.006"/>
  <testcase name="MultiThreaded only initializes value once[Iterations: 3,596]" classname="serie2.ex3.CounterModuloTest" time="0.005"/>
  <testcase name="MultiThreaded only initializes value once[Iterations: 3,597]" classname="serie2.ex3.CounterModuloTest" time="0.006"/>
  <testcase name="MultiThreaded only initializes value once[Iterations: 3,598]" classname="serie2.ex3.CounterModuloTest" time="0.005"/>
  <testcase name="MultiThreaded only initializes value once[Iterations: 3,599]" classname="serie2.ex3.CounterModuloTest" time="0.006"/>
  <testcase name="MultiThreaded only initializes value once[Iterations: 3,600]" classname="serie2.ex3.CounterModuloTest" time="0.005"/>
  <testcase name="MultiThreaded only initializes value once[Iterations: 3,601]" classname="serie2.ex3.CounterModuloTest" time="0.005"/>
  <testcase name="MultiThreaded only initializes value once[Iterations: 3,602]" classname="serie2.ex3.CounterModuloTest" time="0.007"/>
  <testcase name="MultiThreaded only initializes value once[Iterations: 3,603]" classname="serie2.ex3.CounterModuloTest" time="0.005"/>
  <testcase name="MultiThreaded only initializes value once[Iterations: 3,604]" classname="serie2.ex3.CounterModuloTest" time="0.006"/>
  <testcase name="MultiThreaded only initializes value once[Iterations: 3,605]" classname="serie2.ex3.CounterModuloTest" time="0.006"/>
  <testcase name="MultiThreaded only initializes value once[Iterations: 3,606]" classname="serie2.ex3.CounterModuloTest" time="0.005"/>
  <testcase name="MultiThreaded only initializes value once[Iterations: 3,607]" classname="serie2.ex3.CounterModuloTest" time="0.006"/>
  <testcase name="MultiThreaded only initializes value once[Iterations: 3,608]" classname="serie2.ex3.CounterModuloTest" time="0.005"/>
  <testcase name="MultiThreaded only initializes value once[Iterations: 3,609]" classname="serie2.ex3.CounterModuloTest" time="0.006"/>
  <testcase name="MultiThreaded only initializes value once[Iterations: 3,610]" classname="serie2.ex3.CounterModuloTest" time="0.006"/>
  <testcase name="MultiThreaded only initializes value once[Iterations: 3,611]" classname="serie2.ex3.CounterModuloTest" time="0.006"/>
  <testcase name="MultiThreaded only initializes value once[Iterations: 3,612]" classname="serie2.ex3.CounterModuloTest" time="0.005"/>
  <testcase name="MultiThreaded only initializes value once[Iterations: 3,613]" classname="serie2.ex3.CounterModuloTest" time="0.008"/>
  <testcase name="MultiThreaded only initializes value once[Iterations: 3,614]" classname="serie2.ex3.CounterModuloTest" time="0.006"/>
  <testcase name="MultiThreaded only initializes value once[Iterations: 3,615]" classname="serie2.ex3.CounterModuloTest" time="0.006"/>
  <testcase name="MultiThreaded only initializes value once[Iterations: 3,616]" classname="serie2.ex3.CounterModuloTest" time="0.006"/>
  <testcase name="MultiThreaded only initializes value once[Iterations: 3,617]" classname="serie2.ex3.CounterModuloTest" time="0.005"/>
  <testcase name="MultiThreaded only initializes value once[Iterations: 3,618]" classname="serie2.ex3.CounterModuloTest" time="0.006"/>
  <testcase name="MultiThreaded only initializes value once[Iterations: 3,619]" classname="serie2.ex3.CounterModuloTest" time="0.005"/>
  <testcase name="MultiThreaded only initializes value once[Iterations: 3,620]" classname="serie2.ex3.CounterModuloTest" time="0.006"/>
  <testcase name="MultiThreaded only initializes value once[Iterations: 3,621]" classname="serie2.ex3.CounterModuloTest" time="0.006"/>
  <testcase name="MultiThreaded only initializes value once[Iterations: 3,622]" classname="serie2.ex3.CounterModuloTest" time="0.006"/>
  <testcase name="MultiThreaded only initializes value once[Iterations: 3,623]" classname="serie2.ex3.CounterModuloTest" time="0.005"/>
  <testcase name="MultiThreaded only initializes value once[Iterations: 3,624]" classname="serie2.ex3.CounterModuloTest" time="0.006"/>
  <testcase name="MultiThreaded only initializes value once[Iterations: 3,625]" classname="serie2.ex3.CounterModuloTest" time="0.005"/>
  <testcase name="MultiThreaded only initializes value once[Iterations: 3,626]" classname="serie2.ex3.CounterModuloTest" time="0.006"/>
  <testcase name="MultiThreaded only initializes value once[Iterations: 3,627]" classname="serie2.ex3.CounterModuloTest" time="0.007"/>
  <testcase name="MultiThreaded only initializes value once[Iterations: 3,628]" classname="serie2.ex3.CounterModuloTest" time="0.006"/>
  <testcase name="MultiThreaded only initializes value once[Iterations: 3,629]" classname="serie2.ex3.CounterModuloTest" time="0.006"/>
  <testcase name="MultiThreaded only initializes value once[Iterations: 3,630]" classname="serie2.ex3.CounterModuloTest" time="0.005"/>
  <testcase name="MultiThreaded only initializes value once[Iterations: 3,631]" classname="serie2.ex3.CounterModuloTest" time="0.006"/>
  <testcase name="MultiThreaded only initializes value once[Iterations: 3,632]" classname="serie2.ex3.CounterModuloTest" time="0.008"/>
  <testcase name="MultiThreaded only initializes value once[Iterations: 3,633]" classname="serie2.ex3.CounterModuloTest" time="0.008"/>
  <testcase name="MultiThreaded only initializes value once[Iterations: 3,634]" classname="serie2.ex3.CounterModuloTest" time="0.009"/>
  <testcase name="MultiThreaded only initializes value once[Iterations: 3,635]" classname="serie2.ex3.CounterModuloTest" time="0.006"/>
  <testcase name="MultiThreaded only initializes value once[Iterations: 3,636]" classname="serie2.ex3.CounterModuloTest" time="0.006"/>
  <testcase name="MultiThreaded only initializes value once[Iterations: 3,637]" classname="serie2.ex3.CounterModuloTest" time="0.006"/>
  <testcase name="MultiThreaded only initializes value once[Iterations: 3,638]" classname="serie2.ex3.CounterModuloTest" time="0.006"/>
  <testcase name="MultiThreaded only initializes value once[Iterations: 3,639]" classname="serie2.ex3.CounterModuloTest" time="0.007"/>
  <testcase name="MultiThreaded only initializes value once[Iterations: 3,640]" classname="serie2.ex3.CounterModuloTest" time="0.006"/>
  <testcase name="MultiThreaded only initializes value once[Iterations: 3,641]" classname="serie2.ex3.CounterModuloTest" time="0.005"/>
  <testcase name="MultiThreaded only initializes value once[Iterations: 3,642]" classname="serie2.ex3.CounterModuloTest" time="0.006"/>
  <testcase name="MultiThreaded only initializes value once[Iterations: 3,643]" classname="serie2.ex3.CounterModuloTest" time="0.005"/>
  <testcase name="MultiThreaded only initializes value once[Iterations: 3,644]" classname="serie2.ex3.CounterModuloTest" time="0.006"/>
  <testcase name="MultiThreaded only initializes value once[Iterations: 3,645]" classname="serie2.ex3.CounterModuloTest" time="0.005"/>
  <testcase name="MultiThreaded only initializes value once[Iterations: 3,646]" classname="serie2.ex3.CounterModuloTest" time="0.005"/>
  <testcase name="MultiThreaded only initializes value once[Iterations: 3,647]" classname="serie2.ex3.CounterModuloTest" time="0.005"/>
  <testcase name="MultiThreaded only initializes value once[Iterations: 3,648]" classname="serie2.ex3.CounterModuloTest" time="0.006"/>
  <testcase name="MultiThreaded only initializes value once[Iterations: 3,649]" classname="serie2.ex3.CounterModuloTest" time="0.011"/>
  <testcase name="MultiThreaded only initializes value once[Iterations: 3,650]" classname="serie2.ex3.CounterModuloTest" time="0.007"/>
  <testcase name="MultiThreaded only initializes value once[Iterations: 3,651]" classname="serie2.ex3.CounterModuloTest" time="0.01"/>
  <testcase name="MultiThreaded only initializes value once[Iterations: 3,652]" classname="serie2.ex3.CounterModuloTest" time="0.005"/>
  <testcase name="MultiThreaded only initializes value once[Iterations: 3,653]" classname="serie2.ex3.CounterModuloTest" time="0.006"/>
  <testcase name="MultiThreaded only initializes value once[Iterations: 3,654]" classname="serie2.ex3.CounterModuloTest" time="0.006"/>
  <testcase name="MultiThreaded only initializes value once[Iterations: 3,655]" classname="serie2.ex3.CounterModuloTest" time="0.007"/>
  <testcase name="MultiThreaded only initializes value once[Iterations: 3,656]" classname="serie2.ex3.CounterModuloTest" time="0.006"/>
  <testcase name="MultiThreaded only initializes value once[Iterations: 3,657]" classname="serie2.ex3.CounterModuloTest" time="0.006"/>
  <testcase name="MultiThreaded only initializes value once[Iterations: 3,658]" classname="serie2.ex3.CounterModuloTest" time="0.008"/>
  <testcase name="MultiThreaded only initializes value once[Iterations: 3,659]" classname="serie2.ex3.CounterModuloTest" time="0.006"/>
  <testcase name="MultiThreaded only initializes value once[Iterations: 3,660]" classname="serie2.ex3.CounterModuloTest" time="0.006"/>
  <testcase name="MultiThreaded only initializes value once[Iterations: 3,661]" classname="serie2.ex3.CounterModuloTest" time="0.007"/>
  <testcase name="MultiThreaded only initializes value once[Iterations: 3,662]" classname="serie2.ex3.CounterModuloTest" time="0.007"/>
  <testcase name="MultiThreaded only initializes value once[Iterations: 3,663]" classname="serie2.ex3.CounterModuloTest" time="0.008"/>
  <testcase name="MultiThreaded only initializes value once[Iterations: 3,664]" classname="serie2.ex3.CounterModuloTest" time="0.008"/>
  <testcase name="MultiThreaded only initializes value once[Iterations: 3,665]" classname="serie2.ex3.CounterModuloTest" time="0.011"/>
  <testcase name="MultiThreaded only initializes value once[Iterations: 3,666]" classname="serie2.ex3.CounterModuloTest" time="0.007"/>
  <testcase name="MultiThreaded only initializes value once[Iterations: 3,667]" classname="serie2.ex3.CounterModuloTest" time="0.007"/>
  <testcase name="MultiThreaded only initializes value once[Iterations: 3,668]" classname="serie2.ex3.CounterModuloTest" time="0.01"/>
  <testcase name="MultiThreaded only initializes value once[Iterations: 3,669]" classname="serie2.ex3.CounterModuloTest" time="0.007"/>
  <testcase name="MultiThreaded only initializes value once[Iterations: 3,670]" classname="serie2.ex3.CounterModuloTest" time="0.01"/>
  <testcase name="MultiThreaded only initializes value once[Iterations: 3,671]" classname="serie2.ex3.CounterModuloTest" time="0.008"/>
  <testcase name="MultiThreaded only initializes value once[Iterations: 3,672]" classname="serie2.ex3.CounterModuloTest" time="0.006"/>
  <testcase name="MultiThreaded only initializes value once[Iterations: 3,673]" classname="serie2.ex3.CounterModuloTest" time="0.007"/>
  <testcase name="MultiThreaded only initializes value once[Iterations: 3,674]" classname="serie2.ex3.CounterModuloTest" time="0.007"/>
  <testcase name="MultiThreaded only initializes value once[Iterations: 3,675]" classname="serie2.ex3.CounterModuloTest" time="0.007"/>
  <testcase name="MultiThreaded only initializes value once[Iterations: 3,676]" classname="serie2.ex3.CounterModuloTest" time="0.009"/>
  <testcase name="MultiThreaded only initializes value once[Iterations: 3,677]" classname="serie2.ex3.CounterModuloTest" time="0.017"/>
  <testcase name="MultiThreaded only initializes value once[Iterations: 3,678]" classname="serie2.ex3.CounterModuloTest" time="0.02"/>
  <testcase name="MultiThreaded only initializes value once[Iterations: 3,679]" classname="serie2.ex3.CounterModuloTest" time="0.012"/>
  <testcase name="MultiThreaded only initializes value once[Iterations: 3,680]" classname="serie2.ex3.CounterModuloTest" time="0.017"/>
  <testcase name="MultiThreaded only initializes value once[Iterations: 3,681]" classname="serie2.ex3.CounterModuloTest" time="0.01"/>
  <testcase name="MultiThreaded only initializes value once[Iterations: 3,682]" classname="serie2.ex3.CounterModuloTest" time="0.009"/>
  <testcase name="MultiThreaded only initializes value once[Iterations: 3,683]" classname="serie2.ex3.CounterModuloTest" time="0.006"/>
  <testcase name="MultiThreaded only initializes value once[Iterations: 3,684]" classname="serie2.ex3.CounterModuloTest" time="0.007"/>
  <testcase name="MultiThreaded only initializes value once[Iterations: 3,685]" classname="serie2.ex3.CounterModuloTest" time="0.016"/>
  <testcase name="MultiThreaded only initializes value once[Iterations: 3,686]" classname="serie2.ex3.CounterModuloTest" time="0.019"/>
  <testcase name="MultiThreaded only initializes value once[Iterations: 3,687]" classname="serie2.ex3.CounterModuloTest" time="0.011"/>
  <testcase name="MultiThreaded only initializes value once[Iterations: 3,688]" classname="serie2.ex3.CounterModuloTest" time="0.01"/>
  <testcase name="MultiThreaded only initializes value once[Iterations: 3,689]" classname="serie2.ex3.CounterModuloTest" time="0.008"/>
  <testcase name="MultiThreaded only initializes value once[Iterations: 3,690]" classname="serie2.ex3.CounterModuloTest" time="0.008"/>
  <testcase name="MultiThreaded only initializes value once[Iterations: 3,691]" classname="serie2.ex3.CounterModuloTest" time="0.008"/>
  <testcase name="MultiThreaded only initializes value once[Iterations: 3,692]" classname="serie2.ex3.CounterModuloTest" time="0.006"/>
  <testcase name="MultiThreaded only initializes value once[Iterations: 3,693]" classname="serie2.ex3.CounterModuloTest" time="0.006"/>
  <testcase name="MultiThreaded only initializes value once[Iterations: 3,694]" classname="serie2.ex3.CounterModuloTest" time="0.006"/>
  <testcase name="MultiThreaded only initializes value once[Iterations: 3,695]" classname="serie2.ex3.CounterModuloTest" time="0.006"/>
  <testcase name="MultiThreaded only initializes value once[Iterations: 3,696]" classname="serie2.ex3.CounterModuloTest" time="0.005"/>
  <testcase name="MultiThreaded only initializes value once[Iterations: 3,697]" classname="serie2.ex3.CounterModuloTest" time="0.006"/>
  <testcase name="MultiThreaded only initializes value once[Iterations: 3,698]" classname="serie2.ex3.CounterModuloTest" time="0.006"/>
  <testcase name="MultiThreaded only initializes value once[Iterations: 3,699]" classname="serie2.ex3.CounterModuloTest" time="0.006"/>
  <testcase name="MultiThreaded only initializes value once[Iterations: 3,700]" classname="serie2.ex3.CounterModuloTest" time="0.007"/>
  <testcase name="MultiThreaded only initializes value once[Iterations: 3,701]" classname="serie2.ex3.CounterModuloTest" time="0.006"/>
  <testcase name="MultiThreaded only initializes value once[Iterations: 3,702]" classname="serie2.ex3.CounterModuloTest" time="0.006"/>
  <testcase name="MultiThreaded only initializes value once[Iterations: 3,703]" classname="serie2.ex3.CounterModuloTest" time="0.006"/>
  <testcase name="MultiThreaded only initializes value once[Iterations: 3,704]" classname="serie2.ex3.CounterModuloTest" time="0.005"/>
  <testcase name="MultiThreaded only initializes value once[Iterations: 3,705]" classname="serie2.ex3.CounterModuloTest" time="0.007"/>
  <testcase name="MultiThreaded only initializes value once[Iterations: 3,706]" classname="serie2.ex3.CounterModuloTest" time="0.006"/>
  <testcase name="MultiThreaded only initializes value once[Iterations: 3,707]" classname="serie2.ex3.CounterModuloTest" time="0.006"/>
  <testcase name="MultiThreaded only initializes value once[Iterations: 3,708]" classname="serie2.ex3.CounterModuloTest" time="0.007"/>
  <testcase name="MultiThreaded only initializes value once[Iterations: 3,709]" classname="serie2.ex3.CounterModuloTest" time="0.005"/>
  <testcase name="MultiThreaded only initializes value once[Iterations: 3,710]" classname="serie2.ex3.CounterModuloTest" time="0.007"/>
  <testcase name="MultiThreaded only initializes value once[Iterations: 3,711]" classname="serie2.ex3.CounterModuloTest" time="0.005"/>
  <testcase name="MultiThreaded only initializes value once[Iterations: 3,712]" classname="serie2.ex3.CounterModuloTest" time="0.007"/>
  <testcase name="MultiThreaded only initializes value once[Iterations: 3,713]" classname="serie2.ex3.CounterModuloTest" time="0.006"/>
  <testcase name="MultiThreaded only initializes value once[Iterations: 3,714]" classname="serie2.ex3.CounterModuloTest" time="0.006"/>
  <testcase name="MultiThreaded only initializes value once[Iterations: 3,715]" classname="serie2.ex3.CounterModuloTest" time="0.005"/>
  <testcase name="MultiThreaded only initializes value once[Iterations: 3,716]" classname="serie2.ex3.CounterModuloTest" time="0.006"/>
  <testcase name="MultiThreaded only initializes value once[Iterations: 3,717]" classname="serie2.ex3.CounterModuloTest" time="0.006"/>
  <testcase name="MultiThreaded only initializes value once[Iterations: 3,718]" classname="serie2.ex3.CounterModuloTest" time="0.004"/>
  <testcase name="MultiThreaded only initializes value once[Iterations: 3,719]" classname="serie2.ex3.CounterModuloTest" time="0.005"/>
  <testcase name="MultiThreaded only initializes value once[Iterations: 3,720]" classname="serie2.ex3.CounterModuloTest" time="0.005"/>
  <testcase name="MultiThreaded only initializes value once[Iterations: 3,721]" classname="serie2.ex3.CounterModuloTest" time="0.006"/>
  <testcase name="MultiThreaded only initializes value once[Iterations: 3,722]" classname="serie2.ex3.CounterModuloTest" time="0.005"/>
  <testcase name="MultiThreaded only initializes value once[Iterations: 3,723]" classname="serie2.ex3.CounterModuloTest" time="0.006"/>
  <testcase name="MultiThreaded only initializes value once[Iterations: 3,724]" classname="serie2.ex3.CounterModuloTest" time="0.005"/>
  <testcase name="MultiThreaded only initializes value once[Iterations: 3,725]" classname="serie2.ex3.CounterModuloTest" time="0.005"/>
  <testcase name="MultiThreaded only initializes value once[Iterations: 3,726]" classname="serie2.ex3.CounterModuloTest" time="0.005"/>
  <testcase name="MultiThreaded only initializes value once[Iterations: 3,727]" classname="serie2.ex3.CounterModuloTest" time="0.006"/>
  <testcase name="MultiThreaded only initializes value once[Iterations: 3,728]" classname="serie2.ex3.CounterModuloTest" time="0.005"/>
  <testcase name="MultiThreaded only initializes value once[Iterations: 3,729]" classname="serie2.ex3.CounterModuloTest" time="0.005"/>
  <testcase name="MultiThreaded only initializes value once[Iterations: 3,730]" classname="serie2.ex3.CounterModuloTest" time="0.005"/>
  <testcase name="MultiThreaded only initializes value once[Iterations: 3,731]" classname="serie2.ex3.CounterModuloTest" time="0.008"/>
  <testcase name="MultiThreaded only initializes value once[Iterations: 3,732]" classname="serie2.ex3.CounterModuloTest" time="0.006"/>
  <testcase name="MultiThreaded only initializes value once[Iterations: 3,733]" classname="serie2.ex3.CounterModuloTest" time="0.006"/>
  <testcase name="MultiThreaded only initializes value once[Iterations: 3,734]" classname="serie2.ex3.CounterModuloTest" time="0.005"/>
  <testcase name="MultiThreaded only initializes value once[Iterations: 3,735]" classname="serie2.ex3.CounterModuloTest" time="0.012"/>
  <testcase name="MultiThreaded only initializes value once[Iterations: 3,736]" classname="serie2.ex3.CounterModuloTest" time="0.007"/>
  <testcase name="MultiThreaded only initializes value once[Iterations: 3,737]" classname="serie2.ex3.CounterModuloTest" time="0.006"/>
  <testcase name="MultiThreaded only initializes value once[Iterations: 3,738]" classname="serie2.ex3.CounterModuloTest" time="0.006"/>
  <testcase name="MultiThreaded only initializes value once[Iterations: 3,739]" classname="serie2.ex3.CounterModuloTest" time="0.006"/>
  <testcase name="MultiThreaded only initializes value once[Iterations: 3,740]" classname="serie2.ex3.CounterModuloTest" time="0.006"/>
  <testcase name="MultiThreaded only initializes value once[Iterations: 3,741]" classname="serie2.ex3.CounterModuloTest" time="0.006"/>
  <testcase name="MultiThreaded only initializes value once[Iterations: 3,742]" classname="serie2.ex3.CounterModuloTest" time="0.005"/>
  <testcase name="MultiThreaded only initializes value once[Iterations: 3,743]" classname="serie2.ex3.CounterModuloTest" time="0.007"/>
  <testcase name="MultiThreaded only initializes value once[Iterations: 3,744]" classname="serie2.ex3.CounterModuloTest" time="0.005"/>
  <testcase name="MultiThreaded only initializes value once[Iterations: 3,745]" classname="serie2.ex3.CounterModuloTest" time="0.005"/>
  <testcase name="MultiThreaded only initializes value once[Iterations: 3,746]" classname="serie2.ex3.CounterModuloTest" time="0.006"/>
  <testcase name="MultiThreaded only initializes value once[Iterations: 3,747]" classname="serie2.ex3.CounterModuloTest" time="0.006"/>
  <testcase name="MultiThreaded only initializes value once[Iterations: 3,748]" classname="serie2.ex3.CounterModuloTest" time="0.005"/>
  <testcase name="MultiThreaded only initializes value once[Iterations: 3,749]" classname="serie2.ex3.CounterModuloTest" time="0.022"/>
  <testcase name="MultiThreaded only initializes value once[Iterations: 3,750]" classname="serie2.ex3.CounterModuloTest" time="0.006"/>
  <testcase name="MultiThreaded only initializes value once[Iterations: 3,751]" classname="serie2.ex3.CounterModuloTest" time="0.005"/>
  <testcase name="MultiThreaded only initializes value once[Iterations: 3,752]" classname="serie2.ex3.CounterModuloTest" time="0.006"/>
  <testcase name="MultiThreaded only initializes value once[Iterations: 3,753]" classname="serie2.ex3.CounterModuloTest" time="0.006"/>
  <testcase name="MultiThreaded only initializes value once[Iterations: 3,754]" classname="serie2.ex3.CounterModuloTest" time="0.005"/>
  <testcase name="MultiThreaded only initializes value once[Iterations: 3,755]" classname="serie2.ex3.CounterModuloTest" time="0.005"/>
  <testcase name="MultiThreaded only initializes value once[Iterations: 3,756]" classname="serie2.ex3.CounterModuloTest" time="0.005"/>
  <testcase name="MultiThreaded only initializes value once[Iterations: 3,757]" classname="serie2.ex3.CounterModuloTest" time="0.006"/>
  <testcase name="MultiThreaded only initializes value once[Iterations: 3,758]" classname="serie2.ex3.CounterModuloTest" time="0.006"/>
  <testcase name="MultiThreaded only initializes value once[Iterations: 3,759]" classname="serie2.ex3.CounterModuloTest" time="0.008"/>
  <testcase name="MultiThreaded only initializes value once[Iterations: 3,760]" classname="serie2.ex3.CounterModuloTest" time="0.008"/>
  <testcase name="MultiThreaded only initializes value once[Iterations: 3,761]" classname="serie2.ex3.CounterModuloTest" time="0.007"/>
  <testcase name="MultiThreaded only initializes value once[Iterations: 3,762]" classname="serie2.ex3.CounterModuloTest" time="0.008"/>
  <testcase name="MultiThreaded only initializes value once[Iterations: 3,763]" classname="serie2.ex3.CounterModuloTest" time="0.01"/>
  <testcase name="MultiThreaded only initializes value once[Iterations: 3,764]" classname="serie2.ex3.CounterModuloTest" time="0.006"/>
  <testcase name="MultiThreaded only initializes value once[Iterations: 3,765]" classname="serie2.ex3.CounterModuloTest" time="0.006"/>
  <testcase name="MultiThreaded only initializes value once[Iterations: 3,766]" classname="serie2.ex3.CounterModuloTest" time="0.005"/>
  <testcase name="MultiThreaded only initializes value once[Iterations: 3,767]" classname="serie2.ex3.CounterModuloTest" time="0.005"/>
  <testcase name="MultiThreaded only initializes value once[Iterations: 3,768]" classname="serie2.ex3.CounterModuloTest" time="0.009"/>
  <testcase name="MultiThreaded only initializes value once[Iterations: 3,769]" classname="serie2.ex3.CounterModuloTest" time="0.007"/>
  <testcase name="MultiThreaded only initializes value once[Iterations: 3,770]" classname="serie2.ex3.CounterModuloTest" time="0.008"/>
  <testcase name="MultiThreaded only initializes value once[Iterations: 3,771]" classname="serie2.ex3.CounterModuloTest" time="0.009"/>
  <testcase name="MultiThreaded only initializes value once[Iterations: 3,772]" classname="serie2.ex3.CounterModuloTest" time="0.006"/>
  <testcase name="MultiThreaded only initializes value once[Iterations: 3,773]" classname="serie2.ex3.CounterModuloTest" time="0.007"/>
  <testcase name="MultiThreaded only initializes value once[Iterations: 3,774]" classname="serie2.ex3.CounterModuloTest" time="0.007"/>
  <testcase name="MultiThreaded only initializes value once[Iterations: 3,775]" classname="serie2.ex3.CounterModuloTest" time="0.008"/>
  <testcase name="MultiThreaded only initializes value once[Iterations: 3,776]" classname="serie2.ex3.CounterModuloTest" time="0.005"/>
  <testcase name="MultiThreaded only initializes value once[Iterations: 3,777]" classname="serie2.ex3.CounterModuloTest" time="0.006"/>
  <testcase name="MultiThreaded only initializes value once[Iterations: 3,778]" classname="serie2.ex3.CounterModuloTest" time="0.005"/>
  <testcase name="MultiThreaded only initializes value once[Iterations: 3,779]" classname="serie2.ex3.CounterModuloTest" time="0.006"/>
  <testcase name="MultiThreaded only initializes value once[Iterations: 3,780]" classname="serie2.ex3.CounterModuloTest" time="0.006"/>
  <testcase name="MultiThreaded only initializes value once[Iterations: 3,781]" classname="serie2.ex3.CounterModuloTest" time="0.006"/>
  <testcase name="MultiThreaded only initializes value once[Iterations: 3,782]" classname="serie2.ex3.CounterModuloTest" time="0.005"/>
  <testcase name="MultiThreaded only initializes value once[Iterations: 3,783]" classname="serie2.ex3.CounterModuloTest" time="0.006"/>
  <testcase name="MultiThreaded only initializes value once[Iterations: 3,784]" classname="serie2.ex3.CounterModuloTest" time="0.006"/>
  <testcase name="MultiThreaded only initializes value once[Iterations: 3,785]" classname="serie2.ex3.CounterModuloTest" time="0.006"/>
  <testcase name="MultiThreaded only initializes value once[Iterations: 3,786]" classname="serie2.ex3.CounterModuloTest" time="0.005"/>
  <testcase name="MultiThreaded only initializes value once[Iterations: 3,787]" classname="serie2.ex3.CounterModuloTest" time="0.006"/>
  <testcase name="MultiThreaded only initializes value once[Iterations: 3,788]" classname="serie2.ex3.CounterModuloTest" time="0.005"/>
  <testcase name="MultiThreaded only initializes value once[Iterations: 3,789]" classname="serie2.ex3.CounterModuloTest" time="0.007"/>
  <testcase name="MultiThreaded only initializes value once[Iterations: 3,790]" classname="serie2.ex3.CounterModuloTest" time="0.005"/>
  <testcase name="MultiThreaded only initializes value once[Iterations: 3,791]" classname="serie2.ex3.CounterModuloTest" time="0.007"/>
  <testcase name="MultiThreaded only initializes value once[Iterations: 3,792]" classname="serie2.ex3.CounterModuloTest" time="0.005"/>
  <testcase name="MultiThreaded only initializes value once[Iterations: 3,793]" classname="serie2.ex3.CounterModuloTest" time="0.006"/>
  <testcase name="MultiThreaded only initializes value once[Iterations: 3,794]" classname="serie2.ex3.CounterModuloTest" time="0.006"/>
  <testcase name="MultiThreaded only initializes value once[Iterations: 3,795]" classname="serie2.ex3.CounterModuloTest" time="0.006"/>
  <testcase name="MultiThreaded only initializes value once[Iterations: 3,796]" classname="serie2.ex3.CounterModuloTest" time="0.006"/>
  <testcase name="MultiThreaded only initializes value once[Iterations: 3,797]" classname="serie2.ex3.CounterModuloTest" time="0.006"/>
  <testcase name="MultiThreaded only initializes value once[Iterations: 3,798]" classname="serie2.ex3.CounterModuloTest" time="0.006"/>
  <testcase name="MultiThreaded only initializes value once[Iterations: 3,799]" classname="serie2.ex3.CounterModuloTest" time="0.009"/>
  <testcase name="MultiThreaded only initializes value once[Iterations: 3,800]" classname="serie2.ex3.CounterModuloTest" time="0.006"/>
  <testcase name="MultiThreaded only initializes value once[Iterations: 3,801]" classname="serie2.ex3.CounterModuloTest" time="0.007"/>
  <testcase name="MultiThreaded only initializes value once[Iterations: 3,802]" classname="serie2.ex3.CounterModuloTest" time="0.007"/>
  <testcase name="MultiThreaded only initializes value once[Iterations: 3,803]" classname="serie2.ex3.CounterModuloTest" time="0.006"/>
  <testcase name="MultiThreaded only initializes value once[Iterations: 3,804]" classname="serie2.ex3.CounterModuloTest" time="0.006"/>
  <testcase name="MultiThreaded only initializes value once[Iterations: 3,805]" classname="serie2.ex3.CounterModuloTest" time="0.006"/>
  <testcase name="MultiThreaded only initializes value once[Iterations: 3,806]" classname="serie2.ex3.CounterModuloTest" time="0.006"/>
  <testcase name="MultiThreaded only initializes value once[Iterations: 3,807]" classname="serie2.ex3.CounterModuloTest" time="0.007"/>
  <testcase name="MultiThreaded only initializes value once[Iterations: 3,808]" classname="serie2.ex3.CounterModuloTest" time="0.028"/>
  <testcase name="MultiThreaded only initializes value once[Iterations: 3,809]" classname="serie2.ex3.CounterModuloTest" time="0.012"/>
  <testcase name="MultiThreaded only initializes value once[Iterations: 3,810]" classname="serie2.ex3.CounterModuloTest" time="0.01"/>
  <testcase name="MultiThreaded only initializes value once[Iterations: 3,811]" classname="serie2.ex3.CounterModuloTest" time="0.007"/>
  <testcase name="MultiThreaded only initializes value once[Iterations: 3,812]" classname="serie2.ex3.CounterModuloTest" time="0.009"/>
  <testcase name="MultiThreaded only initializes value once[Iterations: 3,813]" classname="serie2.ex3.CounterModuloTest" time="0.005"/>
  <testcase name="MultiThreaded only initializes value once[Iterations: 3,814]" classname="serie2.ex3.CounterModuloTest" time="0.006"/>
  <testcase name="MultiThreaded only initializes value once[Iterations: 3,815]" classname="serie2.ex3.CounterModuloTest" time="0.006"/>
  <testcase name="MultiThreaded only initializes value once[Iterations: 3,816]" classname="serie2.ex3.CounterModuloTest" time="0.006"/>
  <testcase name="MultiThreaded only initializes value once[Iterations: 3,817]" classname="serie2.ex3.CounterModuloTest" time="0.006"/>
  <testcase name="MultiThreaded only initializes value once[Iterations: 3,818]" classname="serie2.ex3.CounterModuloTest" time="0.006"/>
  <testcase name="MultiThreaded only initializes value once[Iterations: 3,819]" classname="serie2.ex3.CounterModuloTest" time="0.011"/>
  <testcase name="MultiThreaded only initializes value once[Iterations: 3,820]" classname="serie2.ex3.CounterModuloTest" time="0.048"/>
  <testcase name="MultiThreaded only initializes value once[Iterations: 3,821]" classname="serie2.ex3.CounterModuloTest" time="0.091"/>
  <testcase name="MultiThreaded only initializes value once[Iterations: 3,822]" classname="serie2.ex3.CounterModuloTest" time="0.009"/>
  <testcase name="MultiThreaded only initializes value once[Iterations: 3,823]" classname="serie2.ex3.CounterModuloTest" time="0.008"/>
  <testcase name="MultiThreaded only initializes value once[Iterations: 3,824]" classname="serie2.ex3.CounterModuloTest" time="0.01"/>
  <testcase name="MultiThreaded only initializes value once[Iterations: 3,825]" classname="serie2.ex3.CounterModuloTest" time="0.008"/>
  <testcase name="MultiThreaded only initializes value once[Iterations: 3,826]" classname="serie2.ex3.CounterModuloTest" time="0.022"/>
  <testcase name="MultiThreaded only initializes value once[Iterations: 3,827]" classname="serie2.ex3.CounterModuloTest" time="0.011"/>
  <testcase name="MultiThreaded only initializes value once[Iterations: 3,828]" classname="serie2.ex3.CounterModuloTest" time="0.017"/>
  <testcase name="MultiThreaded only initializes value once[Iterations: 3,829]" classname="serie2.ex3.CounterModuloTest" time="0.011"/>
  <testcase name="MultiThreaded only initializes value once[Iterations: 3,830]" classname="serie2.ex3.CounterModuloTest" time="0.007"/>
  <testcase name="MultiThreaded only initializes value once[Iterations: 3,831]" classname="serie2.ex3.CounterModuloTest" time="0.008"/>
  <testcase name="MultiThreaded only initializes value once[Iterations: 3,832]" classname="serie2.ex3.CounterModuloTest" time="0.008"/>
  <testcase name="MultiThreaded only initializes value once[Iterations: 3,833]" classname="serie2.ex3.CounterModuloTest" time="0.011"/>
  <testcase name="MultiThreaded only initializes value once[Iterations: 3,834]" classname="serie2.ex3.CounterModuloTest" time="0.015"/>
  <testcase name="MultiThreaded only initializes value once[Iterations: 3,835]" classname="serie2.ex3.CounterModuloTest" time="0.014"/>
  <testcase name="MultiThreaded only initializes value once[Iterations: 3,836]" classname="serie2.ex3.CounterModuloTest" time="0.017"/>
  <testcase name="MultiThreaded only initializes value once[Iterations: 3,837]" classname="serie2.ex3.CounterModuloTest" time="0.018"/>
  <testcase name="MultiThreaded only initializes value once[Iterations: 3,838]" classname="serie2.ex3.CounterModuloTest" time="0.015"/>
  <testcase name="MultiThreaded only initializes value once[Iterations: 3,839]" classname="serie2.ex3.CounterModuloTest" time="0.011"/>
  <testcase name="MultiThreaded only initializes value once[Iterations: 3,840]" classname="serie2.ex3.CounterModuloTest" time="0.009"/>
  <testcase name="MultiThreaded only initializes value once[Iterations: 3,841]" classname="serie2.ex3.CounterModuloTest" time="0.008"/>
  <testcase name="MultiThreaded only initializes value once[Iterations: 3,842]" classname="serie2.ex3.CounterModuloTest" time="0.009"/>
  <testcase name="MultiThreaded only initializes value once[Iterations: 3,843]" classname="serie2.ex3.CounterModuloTest" time="0.009"/>
  <testcase name="MultiThreaded only initializes value once[Iterations: 3,844]" classname="serie2.ex3.CounterModuloTest" time="0.006"/>
  <testcase name="MultiThreaded only initializes value once[Iterations: 3,845]" classname="serie2.ex3.CounterModuloTest" time="0.012"/>
  <testcase name="MultiThreaded only initializes value once[Iterations: 3,846]" classname="serie2.ex3.CounterModuloTest" time="0.007"/>
  <testcase name="MultiThreaded only initializes value once[Iterations: 3,847]" classname="serie2.ex3.CounterModuloTest" time="0.007"/>
  <testcase name="MultiThreaded only initializes value once[Iterations: 3,848]" classname="serie2.ex3.CounterModuloTest" time="0.009"/>
  <testcase name="MultiThreaded only initializes value once[Iterations: 3,849]" classname="serie2.ex3.CounterModuloTest" time="0.007"/>
  <testcase name="MultiThreaded only initializes value once[Iterations: 3,850]" classname="serie2.ex3.CounterModuloTest" time="0.006"/>
  <testcase name="MultiThreaded only initializes value once[Iterations: 3,851]" classname="serie2.ex3.CounterModuloTest" time="0.008"/>
  <testcase name="MultiThreaded only initializes value once[Iterations: 3,852]" classname="serie2.ex3.CounterModuloTest" time="0.006"/>
  <testcase name="MultiThreaded only initializes value once[Iterations: 3,853]" classname="serie2.ex3.CounterModuloTest" time="0.007"/>
  <testcase name="MultiThreaded only initializes value once[Iterations: 3,854]" classname="serie2.ex3.CounterModuloTest" time="0.006"/>
  <testcase name="MultiThreaded only initializes value once[Iterations: 3,855]" classname="serie2.ex3.CounterModuloTest" time="0.006"/>
  <testcase name="MultiThreaded only initializes value once[Iterations: 3,856]" classname="serie2.ex3.CounterModuloTest" time="0.006"/>
  <testcase name="MultiThreaded only initializes value once[Iterations: 3,857]" classname="serie2.ex3.CounterModuloTest" time="0.006"/>
  <testcase name="MultiThreaded only initializes value once[Iterations: 3,858]" classname="serie2.ex3.CounterModuloTest" time="0.008"/>
  <testcase name="MultiThreaded only initializes value once[Iterations: 3,859]" classname="serie2.ex3.CounterModuloTest" time="0.007"/>
  <testcase name="MultiThreaded only initializes value once[Iterations: 3,860]" classname="serie2.ex3.CounterModuloTest" time="0.011"/>
  <testcase name="MultiThreaded only initializes value once[Iterations: 3,861]" classname="serie2.ex3.CounterModuloTest" time="0.007"/>
  <testcase name="MultiThreaded only initializes value once[Iterations: 3,862]" classname="serie2.ex3.CounterModuloTest" time="0.007"/>
  <testcase name="MultiThreaded only initializes value once[Iterations: 3,863]" classname="serie2.ex3.CounterModuloTest" time="0.008"/>
  <testcase name="MultiThreaded only initializes value once[Iterations: 3,864]" classname="serie2.ex3.CounterModuloTest" time="0.012"/>
  <testcase name="MultiThreaded only initializes value once[Iterations: 3,865]" classname="serie2.ex3.CounterModuloTest" time="0.011"/>
  <testcase name="MultiThreaded only initializes value once[Iterations: 3,866]" classname="serie2.ex3.CounterModuloTest" time="0.008"/>
  <testcase name="MultiThreaded only initializes value once[Iterations: 3,867]" classname="serie2.ex3.CounterModuloTest" time="0.007"/>
  <testcase name="MultiThreaded only initializes value once[Iterations: 3,868]" classname="serie2.ex3.CounterModuloTest" time="0.006"/>
  <testcase name="MultiThreaded only initializes value once[Iterations: 3,869]" classname="serie2.ex3.CounterModuloTest" time="0.01"/>
  <testcase name="MultiThreaded only initializes value once[Iterations: 3,870]" classname="serie2.ex3.CounterModuloTest" time="0.007"/>
  <testcase name="MultiThreaded only initializes value once[Iterations: 3,871]" classname="serie2.ex3.CounterModuloTest" time="0.007"/>
  <testcase name="MultiThreaded only initializes value once[Iterations: 3,872]" classname="serie2.ex3.CounterModuloTest" time="0.006"/>
  <testcase name="MultiThreaded only initializes value once[Iterations: 3,873]" classname="serie2.ex3.CounterModuloTest" time="0.009"/>
  <testcase name="MultiThreaded only initializes value once[Iterations: 3,874]" classname="serie2.ex3.CounterModuloTest" time="0.007"/>
  <testcase name="MultiThreaded only initializes value once[Iterations: 3,875]" classname="serie2.ex3.CounterModuloTest" time="0.009"/>
  <testcase name="MultiThreaded only initializes value once[Iterations: 3,876]" classname="serie2.ex3.CounterModuloTest" time="0.007"/>
  <testcase name="MultiThreaded only initializes value once[Iterations: 3,877]" classname="serie2.ex3.CounterModuloTest" time="0.006"/>
  <testcase name="MultiThreaded only initializes value once[Iterations: 3,878]" classname="serie2.ex3.CounterModuloTest" time="0.012"/>
  <testcase name="MultiThreaded only initializes value once[Iterations: 3,879]" classname="serie2.ex3.CounterModuloTest" time="0.016"/>
  <testcase name="MultiThreaded only initializes value once[Iterations: 3,880]" classname="serie2.ex3.CounterModuloTest" time="0.008"/>
  <testcase name="MultiThreaded only initializes value once[Iterations: 3,881]" classname="serie2.ex3.CounterModuloTest" time="0.007"/>
  <testcase name="MultiThreaded only initializes value once[Iterations: 3,882]" classname="serie2.ex3.CounterModuloTest" time="0.008"/>
  <testcase name="MultiThreaded only initializes value once[Iterations: 3,883]" classname="serie2.ex3.CounterModuloTest" time="0.006"/>
  <testcase name="MultiThreaded only initializes value once[Iterations: 3,884]" classname="serie2.ex3.CounterModuloTest" time="0.007"/>
  <testcase name="MultiThreaded only initializes value once[Iterations: 3,885]" classname="serie2.ex3.CounterModuloTest" time="0.007"/>
  <testcase name="MultiThreaded only initializes value once[Iterations: 3,886]" classname="serie2.ex3.CounterModuloTest" time="0.006"/>
  <testcase name="MultiThreaded only initializes value once[Iterations: 3,887]" classname="serie2.ex3.CounterModuloTest" time="0.006"/>
  <testcase name="MultiThreaded only initializes value once[Iterations: 3,888]" classname="serie2.ex3.CounterModuloTest" time="0.006"/>
  <testcase name="MultiThreaded only initializes value once[Iterations: 3,889]" classname="serie2.ex3.CounterModuloTest" time="0.006"/>
  <testcase name="MultiThreaded only initializes value once[Iterations: 3,890]" classname="serie2.ex3.CounterModuloTest" time="0.006"/>
  <testcase name="MultiThreaded only initializes value once[Iterations: 3,891]" classname="serie2.ex3.CounterModuloTest" time="0.007"/>
  <testcase name="MultiThreaded only initializes value once[Iterations: 3,892]" classname="serie2.ex3.CounterModuloTest" time="0.006"/>
  <testcase name="MultiThreaded only initializes value once[Iterations: 3,893]" classname="serie2.ex3.CounterModuloTest" time="0.006"/>
  <testcase name="MultiThreaded only initializes value once[Iterations: 3,894]" classname="serie2.ex3.CounterModuloTest" time="0.006"/>
  <testcase name="MultiThreaded only initializes value once[Iterations: 3,895]" classname="serie2.ex3.CounterModuloTest" time="0.006"/>
  <testcase name="MultiThreaded only initializes value once[Iterations: 3,896]" classname="serie2.ex3.CounterModuloTest" time="0.007"/>
  <testcase name="MultiThreaded only initializes value once[Iterations: 3,897]" classname="serie2.ex3.CounterModuloTest" time="0.006"/>
  <testcase name="MultiThreaded only initializes value once[Iterations: 3,898]" classname="serie2.ex3.CounterModuloTest" time="0.006"/>
  <testcase name="MultiThreaded only initializes value once[Iterations: 3,899]" classname="serie2.ex3.CounterModuloTest" time="0.006"/>
  <testcase name="MultiThreaded only initializes value once[Iterations: 3,900]" classname="serie2.ex3.CounterModuloTest" time="0.007"/>
  <testcase name="MultiThreaded only initializes value once[Iterations: 3,901]" classname="serie2.ex3.CounterModuloTest" time="0.005"/>
  <testcase name="MultiThreaded only initializes value once[Iterations: 3,902]" classname="serie2.ex3.CounterModuloTest" time="0.006"/>
  <testcase name="MultiThreaded only initializes value once[Iterations: 3,903]" classname="serie2.ex3.CounterModuloTest" time="0.006"/>
  <testcase name="MultiThreaded only initializes value once[Iterations: 3,904]" classname="serie2.ex3.CounterModuloTest" time="0.006"/>
  <testcase name="MultiThreaded only initializes value once[Iterations: 3,905]" classname="serie2.ex3.CounterModuloTest" time="0.006"/>
  <testcase name="MultiThreaded only initializes value once[Iterations: 3,906]" classname="serie2.ex3.CounterModuloTest" time="0.006"/>
  <testcase name="MultiThreaded only initializes value once[Iterations: 3,907]" classname="serie2.ex3.CounterModuloTest" time="0.006"/>
  <testcase name="MultiThreaded only initializes value once[Iterations: 3,908]" classname="serie2.ex3.CounterModuloTest" time="0.007"/>
  <testcase name="MultiThreaded only initializes value once[Iterations: 3,909]" classname="serie2.ex3.CounterModuloTest" time="0.008"/>
  <testcase name="MultiThreaded only initializes value once[Iterations: 3,910]" classname="serie2.ex3.CounterModuloTest" time="0.006"/>
  <testcase name="MultiThreaded only initializes value once[Iterations: 3,911]" classname="serie2.ex3.CounterModuloTest" time="0.008"/>
  <testcase name="MultiThreaded only initializes value once[Iterations: 3,912]" classname="serie2.ex3.CounterModuloTest" time="0.007"/>
  <testcase name="MultiThreaded only initializes value once[Iterations: 3,913]" classname="serie2.ex3.CounterModuloTest" time="0.006"/>
  <testcase name="MultiThreaded only initializes value once[Iterations: 3,914]" classname="serie2.ex3.CounterModuloTest" time="0.008"/>
  <testcase name="MultiThreaded only initializes value once[Iterations: 3,915]" classname="serie2.ex3.CounterModuloTest" time="0.008"/>
  <testcase name="MultiThreaded only initializes value once[Iterations: 3,916]" classname="serie2.ex3.CounterModuloTest" time="0.011"/>
  <testcase name="MultiThreaded only initializes value once[Iterations: 3,917]" classname="serie2.ex3.CounterModuloTest" time="0.009"/>
  <testcase name="MultiThreaded only initializes value once[Iterations: 3,918]" classname="serie2.ex3.CounterModuloTest" time="0.007"/>
  <testcase name="MultiThreaded only initializes value once[Iterations: 3,919]" classname="serie2.ex3.CounterModuloTest" time="0.006"/>
  <testcase name="MultiThreaded only initializes value once[Iterations: 3,920]" classname="serie2.ex3.CounterModuloTest" time="0.007"/>
  <testcase name="MultiThreaded only initializes value once[Iterations: 3,921]" classname="serie2.ex3.CounterModuloTest" time="0.007"/>
  <testcase name="MultiThreaded only initializes value once[Iterations: 3,922]" classname="serie2.ex3.CounterModuloTest" time="0.007"/>
  <testcase name="MultiThreaded only initializes value once[Iterations: 3,923]" classname="serie2.ex3.CounterModuloTest" time="0.007"/>
  <testcase name="MultiThreaded only initializes value once[Iterations: 3,924]" classname="serie2.ex3.CounterModuloTest" time="0.008"/>
  <testcase name="MultiThreaded only initializes value once[Iterations: 3,925]" classname="serie2.ex3.CounterModuloTest" time="0.007"/>
  <testcase name="MultiThreaded only initializes value once[Iterations: 3,926]" classname="serie2.ex3.CounterModuloTest" time="0.011"/>
  <testcase name="MultiThreaded only initializes value once[Iterations: 3,927]" classname="serie2.ex3.CounterModuloTest" time="0.007"/>
  <testcase name="MultiThreaded only initializes value once[Iterations: 3,928]" classname="serie2.ex3.CounterModuloTest" time="0.007"/>
  <testcase name="MultiThreaded only initializes value once[Iterations: 3,929]" classname="serie2.ex3.CounterModuloTest" time="0.007"/>
  <testcase name="MultiThreaded only initializes value once[Iterations: 3,930]" classname="serie2.ex3.CounterModuloTest" time="0.007"/>
  <testcase name="MultiThreaded only initializes value once[Iterations: 3,931]" classname="serie2.ex3.CounterModuloTest" time="0.008"/>
  <testcase name="MultiThreaded only initializes value once[Iterations: 3,932]" classname="serie2.ex3.CounterModuloTest" time="0.008"/>
  <testcase name="MultiThreaded only initializes value once[Iterations: 3,933]" classname="serie2.ex3.CounterModuloTest" time="0.008"/>
  <testcase name="MultiThreaded only initializes value once[Iterations: 3,934]" classname="serie2.ex3.CounterModuloTest" time="0.008"/>
  <testcase name="MultiThreaded only initializes value once[Iterations: 3,935]" classname="serie2.ex3.CounterModuloTest" time="0.006"/>
  <testcase name="MultiThreaded only initializes value once[Iterations: 3,936]" classname="serie2.ex3.CounterModuloTest" time="0.009"/>
  <testcase name="MultiThreaded only initializes value once[Iterations: 3,937]" classname="serie2.ex3.CounterModuloTest" time="0.006"/>
  <testcase name="MultiThreaded only initializes value once[Iterations: 3,938]" classname="serie2.ex3.CounterModuloTest" time="0.011"/>
  <testcase name="MultiThreaded only initializes value once[Iterations: 3,939]" classname="serie2.ex3.CounterModuloTest" time="0.009"/>
  <testcase name="MultiThreaded only initializes value once[Iterations: 3,940]" classname="serie2.ex3.CounterModuloTest" time="0.009"/>
  <testcase name="MultiThreaded only initializes value once[Iterations: 3,941]" classname="serie2.ex3.CounterModuloTest" time="0.007"/>
  <testcase name="MultiThreaded only initializes value once[Iterations: 3,942]" classname="serie2.ex3.CounterModuloTest" time="0.011"/>
  <testcase name="MultiThreaded only initializes value once[Iterations: 3,943]" classname="serie2.ex3.CounterModuloTest" time="0.011"/>
  <testcase name="MultiThreaded only initializes value once[Iterations: 3,944]" classname="serie2.ex3.CounterModuloTest" time="0.008"/>
  <testcase name="MultiThreaded only initializes value once[Iterations: 3,945]" classname="serie2.ex3.CounterModuloTest" time="0.01"/>
  <testcase name="MultiThreaded only initializes value once[Iterations: 3,946]" classname="serie2.ex3.CounterModuloTest" time="0.01"/>
  <testcase name="MultiThreaded only initializes value once[Iterations: 3,947]" classname="serie2.ex3.CounterModuloTest" time="0.007"/>
  <testcase name="MultiThreaded only initializes value once[Iterations: 3,948]" classname="serie2.ex3.CounterModuloTest" time="0.007"/>
  <testcase name="MultiThreaded only initializes value once[Iterations: 3,949]" classname="serie2.ex3.CounterModuloTest" time="0.008"/>
  <testcase name="MultiThreaded only initializes value once[Iterations: 3,950]" classname="serie2.ex3.CounterModuloTest" time="0.006"/>
  <testcase name="MultiThreaded only initializes value once[Iterations: 3,951]" classname="serie2.ex3.CounterModuloTest" time="0.008"/>
  <testcase name="MultiThreaded only initializes value once[Iterations: 3,952]" classname="serie2.ex3.CounterModuloTest" time="0.008"/>
  <testcase name="MultiThreaded only initializes value once[Iterations: 3,953]" classname="serie2.ex3.CounterModuloTest" time="0.006"/>
  <testcase name="MultiThreaded only initializes value once[Iterations: 3,954]" classname="serie2.ex3.CounterModuloTest" time="0.006"/>
  <testcase name="MultiThreaded only initializes value once[Iterations: 3,955]" classname="serie2.ex3.CounterModuloTest" time="0.007"/>
  <testcase name="MultiThreaded only initializes value once[Iterations: 3,956]" classname="serie2.ex3.CounterModuloTest" time="0.006"/>
  <testcase name="MultiThreaded only initializes value once[Iterations: 3,957]" classname="serie2.ex3.CounterModuloTest" time="0.006"/>
  <testcase name="MultiThreaded only initializes value once[Iterations: 3,958]" classname="serie2.ex3.CounterModuloTest" time="0.006"/>
  <testcase name="MultiThreaded only initializes value once[Iterations: 3,959]" classname="serie2.ex3.CounterModuloTest" time="0.006"/>
  <testcase name="MultiThreaded only initializes value once[Iterations: 3,960]" classname="serie2.ex3.CounterModuloTest" time="0.005"/>
  <testcase name="MultiThreaded only initializes value once[Iterations: 3,961]" classname="serie2.ex3.CounterModuloTest" time="0.007"/>
  <testcase name="MultiThreaded only initializes value once[Iterations: 3,962]" classname="serie2.ex3.CounterModuloTest" time="0.006"/>
  <testcase name="MultiThreaded only initializes value once[Iterations: 3,963]" classname="serie2.ex3.CounterModuloTest" time="0.006"/>
  <testcase name="MultiThreaded only initializes value once[Iterations: 3,964]" classname="serie2.ex3.CounterModuloTest" time="0.008"/>
  <testcase name="MultiThreaded only initializes value once[Iterations: 3,965]" classname="serie2.ex3.CounterModuloTest" time="0.007"/>
  <testcase name="MultiThreaded only initializes value once[Iterations: 3,966]" classname="serie2.ex3.CounterModuloTest" time="0.007"/>
  <testcase name="MultiThreaded only initializes value once[Iterations: 3,967]" classname="serie2.ex3.CounterModuloTest" time="0.007"/>
  <testcase name="MultiThreaded only initializes value once[Iterations: 3,968]" classname="serie2.ex3.CounterModuloTest" time="0.006"/>
  <testcase name="MultiThreaded only initializes value once[Iterations: 3,969]" classname="serie2.ex3.CounterModuloTest" time="0.006"/>
  <testcase name="MultiThreaded only initializes value once[Iterations: 3,970]" classname="serie2.ex3.CounterModuloTest" time="0.011"/>
  <testcase name="MultiThreaded only initializes value once[Iterations: 3,971]" classname="serie2.ex3.CounterModuloTest" time="0.006"/>
  <testcase name="MultiThreaded only initializes value once[Iterations: 3,972]" classname="serie2.ex3.CounterModuloTest" time="0.006"/>
  <testcase name="MultiThreaded only initializes value once[Iterations: 3,973]" classname="serie2.ex3.CounterModuloTest" time="0.006"/>
  <testcase name="MultiThreaded only initializes value once[Iterations: 3,974]" classname="serie2.ex3.CounterModuloTest" time="0.006"/>
  <testcase name="MultiThreaded only initializes value once[Iterations: 3,975]" classname="serie2.ex3.CounterModuloTest" time="0.007"/>
  <testcase name="MultiThreaded only initializes value once[Iterations: 3,976]" classname="serie2.ex3.CounterModuloTest" time="0.007"/>
  <testcase name="MultiThreaded only initializes value once[Iterations: 3,977]" classname="serie2.ex3.CounterModuloTest" time="0.006"/>
  <testcase name="MultiThreaded only initializes value once[Iterations: 3,978]" classname="serie2.ex3.CounterModuloTest" time="0.006"/>
  <testcase name="MultiThreaded only initializes value once[Iterations: 3,979]" classname="serie2.ex3.CounterModuloTest" time="0.006"/>
  <testcase name="MultiThreaded only initializes value once[Iterations: 3,980]" classname="serie2.ex3.CounterModuloTest" time="0.007"/>
  <testcase name="MultiThreaded only initializes value once[Iterations: 3,981]" classname="serie2.ex3.CounterModuloTest" time="0.006"/>
  <testcase name="MultiThreaded only initializes value once[Iterations: 3,982]" classname="serie2.ex3.CounterModuloTest" time="0.01"/>
  <testcase name="MultiThreaded only initializes value once[Iterations: 3,983]" classname="serie2.ex3.CounterModuloTest" time="0.006"/>
  <testcase name="MultiThreaded only initializes value once[Iterations: 3,984]" classname="serie2.ex3.CounterModuloTest" time="0.007"/>
  <testcase name="MultiThreaded only initializes value once[Iterations: 3,985]" classname="serie2.ex3.CounterModuloTest" time="0.006"/>
  <testcase name="MultiThreaded only initializes value once[Iterations: 3,986]" classname="serie2.ex3.CounterModuloTest" time="0.007"/>
  <testcase name="MultiThreaded only initializes value once[Iterations: 3,987]" classname="serie2.ex3.CounterModuloTest" time="0.005"/>
  <testcase name="MultiThreaded only initializes value once[Iterations: 3,988]" classname="serie2.ex3.CounterModuloTest" time="0.006"/>
  <testcase name="MultiThreaded only initializes value once[Iterations: 3,989]" classname="serie2.ex3.CounterModuloTest" time="0.007"/>
  <testcase name="MultiThreaded only initializes value once[Iterations: 3,990]" classname="serie2.ex3.CounterModuloTest" time="0.006"/>
  <testcase name="MultiThreaded only initializes value once[Iterations: 3,991]" classname="serie2.ex3.CounterModuloTest" time="0.006"/>
  <testcase name="MultiThreaded only initializes value once[Iterations: 3,992]" classname="serie2.ex3.CounterModuloTest" time="0.006"/>
  <testcase name="MultiThreaded only initializes value once[Iterations: 3,993]" classname="serie2.ex3.CounterModuloTest" time="0.006"/>
  <testcase name="MultiThreaded only initializes value once[Iterations: 3,994]" classname="serie2.ex3.CounterModuloTest" time="0.007"/>
  <testcase name="MultiThreaded only initializes value once[Iterations: 3,995]" classname="serie2.ex3.CounterModuloTest" time="0.006"/>
  <testcase name="MultiThreaded only initializes value once[Iterations: 3,996]" classname="serie2.ex3.CounterModuloTest" time="0.007"/>
  <testcase name="MultiThreaded only initializes value once[Iterations: 3,997]" classname="serie2.ex3.CounterModuloTest" time="0.005"/>
  <testcase name="MultiThreaded only initializes value once[Iterations: 3,998]" classname="serie2.ex3.CounterModuloTest" time="0.008"/>
  <testcase name="MultiThreaded only initializes value once[Iterations: 3,999]" classname="serie2.ex3.CounterModuloTest" time="0.006"/>
  <testcase name="MultiThreaded only initializes value once[Iterations: 4,000]" classname="serie2.ex3.CounterModuloTest" time="0.007"/>
  <testcase name="MultiThreaded only initializes value once[Iterations: 4,001]" classname="serie2.ex3.CounterModuloTest" time="0.008"/>
  <testcase name="MultiThreaded only initializes value once[Iterations: 4,002]" classname="serie2.ex3.CounterModuloTest" time="0.007"/>
  <testcase name="MultiThreaded only initializes value once[Iterations: 4,003]" classname="serie2.ex3.CounterModuloTest" time="0.007"/>
  <testcase name="MultiThreaded only initializes value once[Iterations: 4,004]" classname="serie2.ex3.CounterModuloTest" time="0.006"/>
  <testcase name="MultiThreaded only initializes value once[Iterations: 4,005]" classname="serie2.ex3.CounterModuloTest" time="0.006"/>
  <testcase name="MultiThreaded only initializes value once[Iterations: 4,006]" classname="serie2.ex3.CounterModuloTest" time="0.007"/>
  <testcase name="MultiThreaded only initializes value once[Iterations: 4,007]" classname="serie2.ex3.CounterModuloTest" time="0.006"/>
  <testcase name="MultiThreaded only initializes value once[Iterations: 4,008]" classname="serie2.ex3.CounterModuloTest" time="0.006"/>
  <testcase name="MultiThreaded only initializes value once[Iterations: 4,009]" classname="serie2.ex3.CounterModuloTest" time="0.006"/>
  <testcase name="MultiThreaded only initializes value once[Iterations: 4,010]" classname="serie2.ex3.CounterModuloTest" time="0.007"/>
  <testcase name="MultiThreaded only initializes value once[Iterations: 4,011]" classname="serie2.ex3.CounterModuloTest" time="0.006"/>
  <testcase name="MultiThreaded only initializes value once[Iterations: 4,012]" classname="serie2.ex3.CounterModuloTest" time="0.006"/>
  <testcase name="MultiThreaded only initializes value once[Iterations: 4,013]" classname="serie2.ex3.CounterModuloTest" time="0.006"/>
  <testcase name="MultiThreaded only initializes value once[Iterations: 4,014]" classname="serie2.ex3.CounterModuloTest" time="0.006"/>
  <testcase name="MultiThreaded only initializes value once[Iterations: 4,015]" classname="serie2.ex3.CounterModuloTest" time="0.006"/>
  <testcase name="MultiThreaded only initializes value once[Iterations: 4,016]" classname="serie2.ex3.CounterModuloTest" time="0.006"/>
  <testcase name="MultiThreaded only initializes value once[Iterations: 4,017]" classname="serie2.ex3.CounterModuloTest" time="0.006"/>
  <testcase name="MultiThreaded only initializes value once[Iterations: 4,018]" classname="serie2.ex3.CounterModuloTest" time="0.006"/>
  <testcase name="MultiThreaded only initializes value once[Iterations: 4,019]" classname="serie2.ex3.CounterModuloTest" time="0.007"/>
  <testcase name="MultiThreaded only initializes value once[Iterations: 4,020]" classname="serie2.ex3.CounterModuloTest" time="0.007"/>
  <testcase name="MultiThreaded only initializes value once[Iterations: 4,021]" classname="serie2.ex3.CounterModuloTest" time="0.007"/>
  <testcase name="MultiThreaded only initializes value once[Iterations: 4,022]" classname="serie2.ex3.CounterModuloTest" time="0.007"/>
  <testcase name="MultiThreaded only initializes value once[Iterations: 4,023]" classname="serie2.ex3.CounterModuloTest" time="0.008"/>
  <testcase name="MultiThreaded only initializes value once[Iterations: 4,024]" classname="serie2.ex3.CounterModuloTest" time="0.008"/>
  <testcase name="MultiThreaded only initializes value once[Iterations: 4,025]" classname="serie2.ex3.CounterModuloTest" time="0.008"/>
  <testcase name="MultiThreaded only initializes value once[Iterations: 4,026]" classname="serie2.ex3.CounterModuloTest" time="0.006"/>
  <testcase name="MultiThreaded only initializes value once[Iterations: 4,027]" classname="serie2.ex3.CounterModuloTest" time="0.006"/>
  <testcase name="MultiThreaded only initializes value once[Iterations: 4,028]" classname="serie2.ex3.CounterModuloTest" time="0.006"/>
  <testcase name="MultiThreaded only initializes value once[Iterations: 4,029]" classname="serie2.ex3.CounterModuloTest" time="0.006"/>
  <testcase name="MultiThreaded only initializes value once[Iterations: 4,030]" classname="serie2.ex3.CounterModuloTest" time="0.006"/>
  <testcase name="MultiThreaded only initializes value once[Iterations: 4,031]" classname="serie2.ex3.CounterModuloTest" time="0.006"/>
  <testcase name="MultiThreaded only initializes value once[Iterations: 4,032]" classname="serie2.ex3.CounterModuloTest" time="0.007"/>
  <testcase name="MultiThreaded only initializes value once[Iterations: 4,033]" classname="serie2.ex3.CounterModuloTest" time="0.006"/>
  <testcase name="MultiThreaded only initializes value once[Iterations: 4,034]" classname="serie2.ex3.CounterModuloTest" time="0.007"/>
  <testcase name="MultiThreaded only initializes value once[Iterations: 4,035]" classname="serie2.ex3.CounterModuloTest" time="0.007"/>
  <testcase name="MultiThreaded only initializes value once[Iterations: 4,036]" classname="serie2.ex3.CounterModuloTest" time="0.006"/>
  <testcase name="MultiThreaded only initializes value once[Iterations: 4,037]" classname="serie2.ex3.CounterModuloTest" time="0.007"/>
  <testcase name="MultiThreaded only initializes value once[Iterations: 4,038]" classname="serie2.ex3.CounterModuloTest" time="0.007"/>
  <testcase name="MultiThreaded only initializes value once[Iterations: 4,039]" classname="serie2.ex3.CounterModuloTest" time="0.007"/>
  <testcase name="MultiThreaded only initializes value once[Iterations: 4,040]" classname="serie2.ex3.CounterModuloTest" time="0.005"/>
  <testcase name="MultiThreaded only initializes value once[Iterations: 4,041]" classname="serie2.ex3.CounterModuloTest" time="0.006"/>
  <testcase name="MultiThreaded only initializes value once[Iterations: 4,042]" classname="serie2.ex3.CounterModuloTest" time="0.006"/>
  <testcase name="MultiThreaded only initializes value once[Iterations: 4,043]" classname="serie2.ex3.CounterModuloTest" time="0.006"/>
  <testcase name="MultiThreaded only initializes value once[Iterations: 4,044]" classname="serie2.ex3.CounterModuloTest" time="0.008"/>
  <testcase name="MultiThreaded only initializes value once[Iterations: 4,045]" classname="serie2.ex3.CounterModuloTest" time="0.007"/>
  <testcase name="MultiThreaded only initializes value once[Iterations: 4,046]" classname="serie2.ex3.CounterModuloTest" time="0.007"/>
  <testcase name="MultiThreaded only initializes value once[Iterations: 4,047]" classname="serie2.ex3.CounterModuloTest" time="0.006"/>
  <testcase name="MultiThreaded only initializes value once[Iterations: 4,048]" classname="serie2.ex3.CounterModuloTest" time="0.007"/>
  <testcase name="MultiThreaded only initializes value once[Iterations: 4,049]" classname="serie2.ex3.CounterModuloTest" time="0.007"/>
  <testcase name="MultiThreaded only initializes value once[Iterations: 4,050]" classname="serie2.ex3.CounterModuloTest" time="0.006"/>
  <testcase name="MultiThreaded only initializes value once[Iterations: 4,051]" classname="serie2.ex3.CounterModuloTest" time="0.007"/>
  <testcase name="MultiThreaded only initializes value once[Iterations: 4,052]" classname="serie2.ex3.CounterModuloTest" time="0.005"/>
  <testcase name="MultiThreaded only initializes value once[Iterations: 4,053]" classname="serie2.ex3.CounterModuloTest" time="0.006"/>
  <testcase name="MultiThreaded only initializes value once[Iterations: 4,054]" classname="serie2.ex3.CounterModuloTest" time="0.007"/>
  <testcase name="MultiThreaded only initializes value once[Iterations: 4,055]" classname="serie2.ex3.CounterModuloTest" time="0.006"/>
  <testcase name="MultiThreaded only initializes value once[Iterations: 4,056]" classname="serie2.ex3.CounterModuloTest" time="0.007"/>
  <testcase name="MultiThreaded only initializes value once[Iterations: 4,057]" classname="serie2.ex3.CounterModuloTest" time="0.007"/>
  <testcase name="MultiThreaded only initializes value once[Iterations: 4,058]" classname="serie2.ex3.CounterModuloTest" time="0.006"/>
  <testcase name="MultiThreaded only initializes value once[Iterations: 4,059]" classname="serie2.ex3.CounterModuloTest" time="0.007"/>
  <testcase name="MultiThreaded only initializes value once[Iterations: 4,060]" classname="serie2.ex3.CounterModuloTest" time="0.012"/>
  <testcase name="MultiThreaded only initializes value once[Iterations: 4,061]" classname="serie2.ex3.CounterModuloTest" time="0.01"/>
  <testcase name="MultiThreaded only initializes value once[Iterations: 4,062]" classname="serie2.ex3.CounterModuloTest" time="0.008"/>
  <testcase name="MultiThreaded only initializes value once[Iterations: 4,063]" classname="serie2.ex3.CounterModuloTest" time="0.006"/>
  <testcase name="MultiThreaded only initializes value once[Iterations: 4,064]" classname="serie2.ex3.CounterModuloTest" time="0.007"/>
  <testcase name="MultiThreaded only initializes value once[Iterations: 4,065]" classname="serie2.ex3.CounterModuloTest" time="0.007"/>
  <testcase name="MultiThreaded only initializes value once[Iterations: 4,066]" classname="serie2.ex3.CounterModuloTest" time="0.007"/>
  <testcase name="MultiThreaded only initializes value once[Iterations: 4,067]" classname="serie2.ex3.CounterModuloTest" time="0.006"/>
  <testcase name="MultiThreaded only initializes value once[Iterations: 4,068]" classname="serie2.ex3.CounterModuloTest" time="0.006"/>
  <testcase name="MultiThreaded only initializes value once[Iterations: 4,069]" classname="serie2.ex3.CounterModuloTest" time="0.007"/>
  <testcase name="MultiThreaded only initializes value once[Iterations: 4,070]" classname="serie2.ex3.CounterModuloTest" time="0.008"/>
  <testcase name="MultiThreaded only initializes value once[Iterations: 4,071]" classname="serie2.ex3.CounterModuloTest" time="0.007"/>
  <testcase name="MultiThreaded only initializes value once[Iterations: 4,072]" classname="serie2.ex3.CounterModuloTest" time="0.007"/>
  <testcase name="MultiThreaded only initializes value once[Iterations: 4,073]" classname="serie2.ex3.CounterModuloTest" time="0.007"/>
  <testcase name="MultiThreaded only initializes value once[Iterations: 4,074]" classname="serie2.ex3.CounterModuloTest" time="0.008"/>
  <testcase name="MultiThreaded only initializes value once[Iterations: 4,075]" classname="serie2.ex3.CounterModuloTest" time="0.008"/>
  <testcase name="MultiThreaded only initializes value once[Iterations: 4,076]" classname="serie2.ex3.CounterModuloTest" time="0.008"/>
  <testcase name="MultiThreaded only initializes value once[Iterations: 4,077]" classname="serie2.ex3.CounterModuloTest" time="0.008"/>
  <testcase name="MultiThreaded only initializes value once[Iterations: 4,078]" classname="serie2.ex3.CounterModuloTest" time="0.006"/>
  <testcase name="MultiThreaded only initializes value once[Iterations: 4,079]" classname="serie2.ex3.CounterModuloTest" time="0.007"/>
  <testcase name="MultiThreaded only initializes value once[Iterations: 4,080]" classname="serie2.ex3.CounterModuloTest" time="0.006"/>
  <testcase name="MultiThreaded only initializes value once[Iterations: 4,081]" classname="serie2.ex3.CounterModuloTest" time="0.007"/>
  <testcase name="MultiThreaded only initializes value once[Iterations: 4,082]" classname="serie2.ex3.CounterModuloTest" time="0.008"/>
  <testcase name="MultiThreaded only initializes value once[Iterations: 4,083]" classname="serie2.ex3.CounterModuloTest" time="0.006"/>
  <testcase name="MultiThreaded only initializes value once[Iterations: 4,084]" classname="serie2.ex3.CounterModuloTest" time="0.006"/>
  <testcase name="MultiThreaded only initializes value once[Iterations: 4,085]" classname="serie2.ex3.CounterModuloTest" time="0.007"/>
  <testcase name="MultiThreaded only initializes value once[Iterations: 4,086]" classname="serie2.ex3.CounterModuloTest" time="0.009"/>
  <testcase name="MultiThreaded only initializes value once[Iterations: 4,087]" classname="serie2.ex3.CounterModuloTest" time="0.006"/>
  <testcase name="MultiThreaded only initializes value once[Iterations: 4,088]" classname="serie2.ex3.CounterModuloTest" time="0.007"/>
  <testcase name="MultiThreaded only initializes value once[Iterations: 4,089]" classname="serie2.ex3.CounterModuloTest" time="0.007"/>
  <testcase name="MultiThreaded only initializes value once[Iterations: 4,090]" classname="serie2.ex3.CounterModuloTest" time="0.007"/>
  <testcase name="MultiThreaded only initializes value once[Iterations: 4,091]" classname="serie2.ex3.CounterModuloTest" time="0.006"/>
  <testcase name="MultiThreaded only initializes value once[Iterations: 4,092]" classname="serie2.ex3.CounterModuloTest" time="0.007"/>
  <testcase name="MultiThreaded only initializes value once[Iterations: 4,093]" classname="serie2.ex3.CounterModuloTest" time="0.006"/>
  <testcase name="MultiThreaded only initializes value once[Iterations: 4,094]" classname="serie2.ex3.CounterModuloTest" time="0.007"/>
  <testcase name="MultiThreaded only initializes value once[Iterations: 4,095]" classname="serie2.ex3.CounterModuloTest" time="0.006"/>
  <testcase name="MultiThreaded only initializes value once[Iterations: 4,096]" classname="serie2.ex3.CounterModuloTest" time="0.006"/>
  <testcase name="MultiThreaded only initializes value once[Iterations: 4,097]" classname="serie2.ex3.CounterModuloTest" time="0.009"/>
  <testcase name="MultiThreaded only initializes value once[Iterations: 4,098]" classname="serie2.ex3.CounterModuloTest" time="0.008"/>
  <testcase name="MultiThreaded only initializes value once[Iterations: 4,099]" classname="serie2.ex3.CounterModuloTest" time="0.007"/>
  <testcase name="MultiThreaded only initializes value once[Iterations: 4,100]" classname="serie2.ex3.CounterModuloTest" time="0.007"/>
  <testcase name="MultiThreaded only initializes value once[Iterations: 4,101]" classname="serie2.ex3.CounterModuloTest" time="0.007"/>
  <testcase name="MultiThreaded only initializes value once[Iterations: 4,102]" classname="serie2.ex3.CounterModuloTest" time="0.007"/>
  <testcase name="MultiThreaded only initializes value once[Iterations: 4,103]" classname="serie2.ex3.CounterModuloTest" time="0.006"/>
  <testcase name="MultiThreaded only initializes value once[Iterations: 4,104]" classname="serie2.ex3.CounterModuloTest" time="0.006"/>
  <testcase name="MultiThreaded only initializes value once[Iterations: 4,105]" classname="serie2.ex3.CounterModuloTest" time="0.006"/>
  <testcase name="MultiThreaded only initializes value once[Iterations: 4,106]" classname="serie2.ex3.CounterModuloTest" time="0.005"/>
  <testcase name="MultiThreaded only initializes value once[Iterations: 4,107]" classname="serie2.ex3.CounterModuloTest" time="0.007"/>
  <testcase name="MultiThreaded only initializes value once[Iterations: 4,108]" classname="serie2.ex3.CounterModuloTest" time="0.007"/>
  <testcase name="MultiThreaded only initializes value once[Iterations: 4,109]" classname="serie2.ex3.CounterModuloTest" time="0.006"/>
  <testcase name="MultiThreaded only initializes value once[Iterations: 4,110]" classname="serie2.ex3.CounterModuloTest" time="0.008"/>
  <testcase name="MultiThreaded only initializes value once[Iterations: 4,111]" classname="serie2.ex3.CounterModuloTest" time="0.006"/>
  <testcase name="MultiThreaded only initializes value once[Iterations: 4,112]" classname="serie2.ex3.CounterModuloTest" time="0.007"/>
  <testcase name="MultiThreaded only initializes value once[Iterations: 4,113]" classname="serie2.ex3.CounterModuloTest" time="0.006"/>
  <testcase name="MultiThreaded only initializes value once[Iterations: 4,114]" classname="serie2.ex3.CounterModuloTest" time="0.007"/>
  <testcase name="MultiThreaded only initializes value once[Iterations: 4,115]" classname="serie2.ex3.CounterModuloTest" time="0.007"/>
  <testcase name="MultiThreaded only initializes value once[Iterations: 4,116]" classname="serie2.ex3.CounterModuloTest" time="0.006"/>
  <testcase name="MultiThreaded only initializes value once[Iterations: 4,117]" classname="serie2.ex3.CounterModuloTest" time="0.007"/>
  <testcase name="MultiThreaded only initializes value once[Iterations: 4,118]" classname="serie2.ex3.CounterModuloTest" time="0.03"/>
  <testcase name="MultiThreaded only initializes value once[Iterations: 4,119]" classname="serie2.ex3.CounterModuloTest" time="0.013"/>
  <testcase name="MultiThreaded only initializes value once[Iterations: 4,120]" classname="serie2.ex3.CounterModuloTest" time="0.01"/>
  <testcase name="MultiThreaded only initializes value once[Iterations: 4,121]" classname="serie2.ex3.CounterModuloTest" time="0.031"/>
  <testcase name="MultiThreaded only initializes value once[Iterations: 4,122]" classname="serie2.ex3.CounterModuloTest" time="0.007"/>
  <testcase name="MultiThreaded only initializes value once[Iterations: 4,123]" classname="serie2.ex3.CounterModuloTest" time="0.006"/>
  <testcase name="MultiThreaded only initializes value once[Iterations: 4,124]" classname="serie2.ex3.CounterModuloTest" time="0.007"/>
  <testcase name="MultiThreaded only initializes value once[Iterations: 4,125]" classname="serie2.ex3.CounterModuloTest" time="0.009"/>
  <testcase name="MultiThreaded only initializes value once[Iterations: 4,126]" classname="serie2.ex3.CounterModuloTest" time="0.007"/>
  <testcase name="MultiThreaded only initializes value once[Iterations: 4,127]" classname="serie2.ex3.CounterModuloTest" time="0.007"/>
  <testcase name="MultiThreaded only initializes value once[Iterations: 4,128]" classname="serie2.ex3.CounterModuloTest" time="0.006"/>
  <testcase name="MultiThreaded only initializes value once[Iterations: 4,129]" classname="serie2.ex3.CounterModuloTest" time="0.007"/>
  <testcase name="MultiThreaded only initializes value once[Iterations: 4,130]" classname="serie2.ex3.CounterModuloTest" time="0.006"/>
  <testcase name="MultiThreaded only initializes value once[Iterations: 4,131]" classname="serie2.ex3.CounterModuloTest" time="0.007"/>
  <testcase name="MultiThreaded only initializes value once[Iterations: 4,132]" classname="serie2.ex3.CounterModuloTest" time="0.006"/>
  <testcase name="MultiThreaded only initializes value once[Iterations: 4,133]" classname="serie2.ex3.CounterModuloTest" time="0.007"/>
  <testcase name="MultiThreaded only initializes value once[Iterations: 4,134]" classname="serie2.ex3.CounterModuloTest" time="0.006"/>
  <testcase name="MultiThreaded only initializes value once[Iterations: 4,135]" classname="serie2.ex3.CounterModuloTest" time="0.006"/>
  <testcase name="MultiThreaded only initializes value once[Iterations: 4,136]" classname="serie2.ex3.CounterModuloTest" time="0.006"/>
  <testcase name="MultiThreaded only initializes value once[Iterations: 4,137]" classname="serie2.ex3.CounterModuloTest" time="0.006"/>
  <testcase name="MultiThreaded only initializes value once[Iterations: 4,138]" classname="serie2.ex3.CounterModuloTest" time="0.007"/>
  <testcase name="MultiThreaded only initializes value once[Iterations: 4,139]" classname="serie2.ex3.CounterModuloTest" time="0.006"/>
  <testcase name="MultiThreaded only initializes value once[Iterations: 4,140]" classname="serie2.ex3.CounterModuloTest" time="0.007"/>
  <testcase name="MultiThreaded only initializes value once[Iterations: 4,141]" classname="serie2.ex3.CounterModuloTest" time="0.007"/>
  <testcase name="MultiThreaded only initializes value once[Iterations: 4,142]" classname="serie2.ex3.CounterModuloTest" time="0.006"/>
  <testcase name="MultiThreaded only initializes value once[Iterations: 4,143]" classname="serie2.ex3.CounterModuloTest" time="0.005"/>
  <testcase name="MultiThreaded only initializes value once[Iterations: 4,144]" classname="serie2.ex3.CounterModuloTest" time="0.008"/>
  <testcase name="MultiThreaded only initializes value once[Iterations: 4,145]" classname="serie2.ex3.CounterModuloTest" time="0.006"/>
  <testcase name="MultiThreaded only initializes value once[Iterations: 4,146]" classname="serie2.ex3.CounterModuloTest" time="0.008"/>
  <testcase name="MultiThreaded only initializes value once[Iterations: 4,147]" classname="serie2.ex3.CounterModuloTest" time="0.006"/>
  <testcase name="MultiThreaded only initializes value once[Iterations: 4,148]" classname="serie2.ex3.CounterModuloTest" time="0.007"/>
  <testcase name="MultiThreaded only initializes value once[Iterations: 4,149]" classname="serie2.ex3.CounterModuloTest" time="0.007"/>
  <testcase name="MultiThreaded only initializes value once[Iterations: 4,150]" classname="serie2.ex3.CounterModuloTest" time="0.006"/>
  <testcase name="MultiThreaded only initializes value once[Iterations: 4,151]" classname="serie2.ex3.CounterModuloTest" time="0.009"/>
  <testcase name="MultiThreaded only initializes value once[Iterations: 4,152]" classname="serie2.ex3.CounterModuloTest" time="0.007"/>
  <testcase name="MultiThreaded only initializes value once[Iterations: 4,153]" classname="serie2.ex3.CounterModuloTest" time="0.006"/>
  <testcase name="MultiThreaded only initializes value once[Iterations: 4,154]" classname="serie2.ex3.CounterModuloTest" time="0.006"/>
  <testcase name="MultiThreaded only initializes value once[Iterations: 4,155]" classname="serie2.ex3.CounterModuloTest" time="0.006"/>
  <testcase name="MultiThreaded only initializes value once[Iterations: 4,156]" classname="serie2.ex3.CounterModuloTest" time="0.007"/>
  <testcase name="MultiThreaded only initializes value once[Iterations: 4,157]" classname="serie2.ex3.CounterModuloTest" time="0.006"/>
  <testcase name="MultiThreaded only initializes value once[Iterations: 4,158]" classname="serie2.ex3.CounterModuloTest" time="0.007"/>
  <testcase name="MultiThreaded only initializes value once[Iterations: 4,159]" classname="serie2.ex3.CounterModuloTest" time="0.006"/>
  <testcase name="MultiThreaded only initializes value once[Iterations: 4,160]" classname="serie2.ex3.CounterModuloTest" time="0.007"/>
  <testcase name="MultiThreaded only initializes value once[Iterations: 4,161]" classname="serie2.ex3.CounterModuloTest" time="0.007"/>
  <testcase name="MultiThreaded only initializes value once[Iterations: 4,162]" classname="serie2.ex3.CounterModuloTest" time="0.006"/>
  <testcase name="MultiThreaded only initializes value once[Iterations: 4,163]" classname="serie2.ex3.CounterModuloTest" time="0.007"/>
  <testcase name="MultiThreaded only initializes value once[Iterations: 4,164]" classname="serie2.ex3.CounterModuloTest" time="0.006"/>
  <testcase name="MultiThreaded only initializes value once[Iterations: 4,165]" classname="serie2.ex3.CounterModuloTest" time="0.006"/>
  <testcase name="MultiThreaded only initializes value once[Iterations: 4,166]" classname="serie2.ex3.CounterModuloTest" time="0.006"/>
  <testcase name="MultiThreaded only initializes value once[Iterations: 4,167]" classname="serie2.ex3.CounterModuloTest" time="0.007"/>
  <testcase name="MultiThreaded only initializes value once[Iterations: 4,168]" classname="serie2.ex3.CounterModuloTest" time="0.008"/>
  <testcase name="MultiThreaded only initializes value once[Iterations: 4,169]" classname="serie2.ex3.CounterModuloTest" time="0.006"/>
  <testcase name="MultiThreaded only initializes value once[Iterations: 4,170]" classname="serie2.ex3.CounterModuloTest" time="0.007"/>
  <testcase name="MultiThreaded only initializes value once[Iterations: 4,171]" classname="serie2.ex3.CounterModuloTest" time="0.006"/>
  <testcase name="MultiThreaded only initializes value once[Iterations: 4,172]" classname="serie2.ex3.CounterModuloTest" time="0.007"/>
  <testcase name="MultiThreaded only initializes value once[Iterations: 4,173]" classname="serie2.ex3.CounterModuloTest" time="0.005"/>
  <testcase name="MultiThreaded only initializes value once[Iterations: 4,174]" classname="serie2.ex3.CounterModuloTest" time="0.006"/>
  <testcase name="MultiThreaded only initializes value once[Iterations: 4,175]" classname="serie2.ex3.CounterModuloTest" time="0.006"/>
  <testcase name="MultiThreaded only initializes value once[Iterations: 4,176]" classname="serie2.ex3.CounterModuloTest" time="0.006"/>
  <testcase name="MultiThreaded only initializes value once[Iterations: 4,177]" classname="serie2.ex3.CounterModuloTest" time="0.006"/>
  <testcase name="MultiThreaded only initializes value once[Iterations: 4,178]" classname="serie2.ex3.CounterModuloTest" time="0.008"/>
  <testcase name="MultiThreaded only initializes value once[Iterations: 4,179]" classname="serie2.ex3.CounterModuloTest" time="0.007"/>
  <testcase name="MultiThreaded only initializes value once[Iterations: 4,180]" classname="serie2.ex3.CounterModuloTest" time="0.007"/>
  <testcase name="MultiThreaded only initializes value once[Iterations: 4,181]" classname="serie2.ex3.CounterModuloTest" time="0.006"/>
  <testcase name="MultiThreaded only initializes value once[Iterations: 4,182]" classname="serie2.ex3.CounterModuloTest" time="0.007"/>
  <testcase name="MultiThreaded only initializes value once[Iterations: 4,183]" classname="serie2.ex3.CounterModuloTest" time="0.007"/>
  <testcase name="MultiThreaded only initializes value once[Iterations: 4,184]" classname="serie2.ex3.CounterModuloTest" time="0.006"/>
  <testcase name="MultiThreaded only initializes value once[Iterations: 4,185]" classname="serie2.ex3.CounterModuloTest" time="0.006"/>
  <testcase name="MultiThreaded only initializes value once[Iterations: 4,186]" classname="serie2.ex3.CounterModuloTest" time="0.006"/>
  <testcase name="MultiThreaded only initializes value once[Iterations: 4,187]" classname="serie2.ex3.CounterModuloTest" time="0.009"/>
  <testcase name="MultiThreaded only initializes value once[Iterations: 4,188]" classname="serie2.ex3.CounterModuloTest" time="0.007"/>
  <testcase name="MultiThreaded only initializes value once[Iterations: 4,189]" classname="serie2.ex3.CounterModuloTest" time="0.012"/>
  <testcase name="MultiThreaded only initializes value once[Iterations: 4,190]" classname="serie2.ex3.CounterModuloTest" time="0.007"/>
  <testcase name="MultiThreaded only initializes value once[Iterations: 4,191]" classname="serie2.ex3.CounterModuloTest" time="0.007"/>
  <testcase name="MultiThreaded only initializes value once[Iterations: 4,192]" classname="serie2.ex3.CounterModuloTest" time="0.007"/>
  <testcase name="MultiThreaded only initializes value once[Iterations: 4,193]" classname="serie2.ex3.CounterModuloTest" time="0.008"/>
  <testcase name="MultiThreaded only initializes value once[Iterations: 4,194]" classname="serie2.ex3.CounterModuloTest" time="0.007"/>
  <testcase name="MultiThreaded only initializes value once[Iterations: 4,195]" classname="serie2.ex3.CounterModuloTest" time="0.008"/>
  <testcase name="MultiThreaded only initializes value once[Iterations: 4,196]" classname="serie2.ex3.CounterModuloTest" time="0.011"/>
  <testcase name="MultiThreaded only initializes value once[Iterations: 4,197]" classname="serie2.ex3.CounterModuloTest" time="0.008"/>
  <testcase name="MultiThreaded only initializes value once[Iterations: 4,198]" classname="serie2.ex3.CounterModuloTest" time="0.007"/>
  <testcase name="MultiThreaded only initializes value once[Iterations: 4,199]" classname="serie2.ex3.CounterModuloTest" time="0.007"/>
  <testcase name="MultiThreaded only initializes value once[Iterations: 4,200]" classname="serie2.ex3.CounterModuloTest" time="0.008"/>
  <testcase name="MultiThreaded only initializes value once[Iterations: 4,201]" classname="serie2.ex3.CounterModuloTest" time="0.007"/>
  <testcase name="MultiThreaded only initializes value once[Iterations: 4,202]" classname="serie2.ex3.CounterModuloTest" time="0.007"/>
  <testcase name="MultiThreaded only initializes value once[Iterations: 4,203]" classname="serie2.ex3.CounterModuloTest" time="0.008"/>
  <testcase name="MultiThreaded only initializes value once[Iterations: 4,204]" classname="serie2.ex3.CounterModuloTest" time="0.007"/>
  <testcase name="MultiThreaded only initializes value once[Iterations: 4,205]" classname="serie2.ex3.CounterModuloTest" time="0.008"/>
  <testcase name="MultiThreaded only initializes value once[Iterations: 4,206]" classname="serie2.ex3.CounterModuloTest" time="0.007"/>
  <testcase name="MultiThreaded only initializes value once[Iterations: 4,207]" classname="serie2.ex3.CounterModuloTest" time="0.007"/>
  <testcase name="MultiThreaded only initializes value once[Iterations: 4,208]" classname="serie2.ex3.CounterModuloTest" time="0.007"/>
  <testcase name="MultiThreaded only initializes value once[Iterations: 4,209]" classname="serie2.ex3.CounterModuloTest" time="0.009"/>
  <testcase name="MultiThreaded only initializes value once[Iterations: 4,210]" classname="serie2.ex3.CounterModuloTest" time="0.006"/>
  <testcase name="MultiThreaded only initializes value once[Iterations: 4,211]" classname="serie2.ex3.CounterModuloTest" time="0.006"/>
  <testcase name="MultiThreaded only initializes value once[Iterations: 4,212]" classname="serie2.ex3.CounterModuloTest" time="0.006"/>
  <testcase name="MultiThreaded only initializes value once[Iterations: 4,213]" classname="serie2.ex3.CounterModuloTest" time="0.007"/>
  <testcase name="MultiThreaded only initializes value once[Iterations: 4,214]" classname="serie2.ex3.CounterModuloTest" time="0.006"/>
  <testcase name="MultiThreaded only initializes value once[Iterations: 4,215]" classname="serie2.ex3.CounterModuloTest" time="0.007"/>
  <testcase name="MultiThreaded only initializes value once[Iterations: 4,216]" classname="serie2.ex3.CounterModuloTest" time="0.007"/>
  <testcase name="MultiThreaded only initializes value once[Iterations: 4,217]" classname="serie2.ex3.CounterModuloTest" time="0.006"/>
  <testcase name="MultiThreaded only initializes value once[Iterations: 4,218]" classname="serie2.ex3.CounterModuloTest" time="0.007"/>
  <testcase name="MultiThreaded only initializes value once[Iterations: 4,219]" classname="serie2.ex3.CounterModuloTest" time="0.007"/>
  <testcase name="MultiThreaded only initializes value once[Iterations: 4,220]" classname="serie2.ex3.CounterModuloTest" time="0.006"/>
  <testcase name="MultiThreaded only initializes value once[Iterations: 4,221]" classname="serie2.ex3.CounterModuloTest" time="0.006"/>
  <testcase name="MultiThreaded only initializes value once[Iterations: 4,222]" classname="serie2.ex3.CounterModuloTest" time="0.008"/>
  <testcase name="MultiThreaded only initializes value once[Iterations: 4,223]" classname="serie2.ex3.CounterModuloTest" time="0.006"/>
  <testcase name="MultiThreaded only initializes value once[Iterations: 4,224]" classname="serie2.ex3.CounterModuloTest" time="0.006"/>
  <testcase name="MultiThreaded only initializes value once[Iterations: 4,225]" classname="serie2.ex3.CounterModuloTest" time="0.007"/>
  <testcase name="MultiThreaded only initializes value once[Iterations: 4,226]" classname="serie2.ex3.CounterModuloTest" time="0.007"/>
  <testcase name="MultiThreaded only initializes value once[Iterations: 4,227]" classname="serie2.ex3.CounterModuloTest" time="0.006"/>
  <testcase name="MultiThreaded only initializes value once[Iterations: 4,228]" classname="serie2.ex3.CounterModuloTest" time="0.006"/>
  <testcase name="MultiThreaded only initializes value once[Iterations: 4,229]" classname="serie2.ex3.CounterModuloTest" time="0.006"/>
  <testcase name="MultiThreaded only initializes value once[Iterations: 4,230]" classname="serie2.ex3.CounterModuloTest" time="0.007"/>
  <testcase name="MultiThreaded only initializes value once[Iterations: 4,231]" classname="serie2.ex3.CounterModuloTest" time="0.006"/>
  <testcase name="MultiThreaded only initializes value once[Iterations: 4,232]" classname="serie2.ex3.CounterModuloTest" time="0.006"/>
  <testcase name="MultiThreaded only initializes value once[Iterations: 4,233]" classname="serie2.ex3.CounterModuloTest" time="0.007"/>
  <testcase name="MultiThreaded only initializes value once[Iterations: 4,234]" classname="serie2.ex3.CounterModuloTest" time="0.007"/>
  <testcase name="MultiThreaded only initializes value once[Iterations: 4,235]" classname="serie2.ex3.CounterModuloTest" time="0.007"/>
  <testcase name="MultiThreaded only initializes value once[Iterations: 4,236]" classname="serie2.ex3.CounterModuloTest" time="0.006"/>
  <testcase name="MultiThreaded only initializes value once[Iterations: 4,237]" classname="serie2.ex3.CounterModuloTest" time="0.007"/>
  <testcase name="MultiThreaded only initializes value once[Iterations: 4,238]" classname="serie2.ex3.CounterModuloTest" time="0.006"/>
  <testcase name="MultiThreaded only initializes value once[Iterations: 4,239]" classname="serie2.ex3.CounterModuloTest" time="0.006"/>
  <testcase name="MultiThreaded only initializes value once[Iterations: 4,240]" classname="serie2.ex3.CounterModuloTest" time="0.008"/>
  <testcase name="MultiThreaded only initializes value once[Iterations: 4,241]" classname="serie2.ex3.CounterModuloTest" time="0.008"/>
  <testcase name="MultiThreaded only initializes value once[Iterations: 4,242]" classname="serie2.ex3.CounterModuloTest" time="0.007"/>
  <testcase name="MultiThreaded only initializes value once[Iterations: 4,243]" classname="serie2.ex3.CounterModuloTest" time="0.008"/>
  <testcase name="MultiThreaded only initializes value once[Iterations: 4,244]" classname="serie2.ex3.CounterModuloTest" time="0.006"/>
  <testcase name="MultiThreaded only initializes value once[Iterations: 4,245]" classname="serie2.ex3.CounterModuloTest" time="0.007"/>
  <testcase name="MultiThreaded only initializes value once[Iterations: 4,246]" classname="serie2.ex3.CounterModuloTest" time="0.006"/>
  <testcase name="MultiThreaded only initializes value once[Iterations: 4,247]" classname="serie2.ex3.CounterModuloTest" time="0.007"/>
  <testcase name="MultiThreaded only initializes value once[Iterations: 4,248]" classname="serie2.ex3.CounterModuloTest" time="0.006"/>
  <testcase name="MultiThreaded only initializes value once[Iterations: 4,249]" classname="serie2.ex3.CounterModuloTest" time="0.007"/>
  <testcase name="MultiThreaded only initializes value once[Iterations: 4,250]" classname="serie2.ex3.CounterModuloTest" time="0.007"/>
  <testcase name="MultiThreaded only initializes value once[Iterations: 4,251]" classname="serie2.ex3.CounterModuloTest" time="0.007"/>
  <testcase name="MultiThreaded only initializes value once[Iterations: 4,252]" classname="serie2.ex3.CounterModuloTest" time="0.007"/>
  <testcase name="MultiThreaded only initializes value once[Iterations: 4,253]" classname="serie2.ex3.CounterModuloTest" time="0.006"/>
  <testcase name="MultiThreaded only initializes value once[Iterations: 4,254]" classname="serie2.ex3.CounterModuloTest" time="0.007"/>
  <testcase name="MultiThreaded only initializes value once[Iterations: 4,255]" classname="serie2.ex3.CounterModuloTest" time="0.007"/>
  <testcase name="MultiThreaded only initializes value once[Iterations: 4,256]" classname="serie2.ex3.CounterModuloTest" time="0.006"/>
  <testcase name="MultiThreaded only initializes value once[Iterations: 4,257]" classname="serie2.ex3.CounterModuloTest" time="0.01"/>
  <testcase name="MultiThreaded only initializes value once[Iterations: 4,258]" classname="serie2.ex3.CounterModuloTest" time="0.007"/>
  <testcase name="MultiThreaded only initializes value once[Iterations: 4,259]" classname="serie2.ex3.CounterModuloTest" time="0.007"/>
  <testcase name="MultiThreaded only initializes value once[Iterations: 4,260]" classname="serie2.ex3.CounterModuloTest" time="0.007"/>
  <testcase name="MultiThreaded only initializes value once[Iterations: 4,261]" classname="serie2.ex3.CounterModuloTest" time="0.008"/>
  <testcase name="MultiThreaded only initializes value once[Iterations: 4,262]" classname="serie2.ex3.CounterModuloTest" time="0.006"/>
  <testcase name="MultiThreaded only initializes value once[Iterations: 4,263]" classname="serie2.ex3.CounterModuloTest" time="0.007"/>
  <testcase name="MultiThreaded only initializes value once[Iterations: 4,264]" classname="serie2.ex3.CounterModuloTest" time="0.007"/>
  <testcase name="MultiThreaded only initializes value once[Iterations: 4,265]" classname="serie2.ex3.CounterModuloTest" time="0.007"/>
  <testcase name="MultiThreaded only initializes value once[Iterations: 4,266]" classname="serie2.ex3.CounterModuloTest" time="0.01"/>
  <testcase name="MultiThreaded only initializes value once[Iterations: 4,267]" classname="serie2.ex3.CounterModuloTest" time="0.008"/>
  <testcase name="MultiThreaded only initializes value once[Iterations: 4,268]" classname="serie2.ex3.CounterModuloTest" time="0.007"/>
  <testcase name="MultiThreaded only initializes value once[Iterations: 4,269]" classname="serie2.ex3.CounterModuloTest" time="0.007"/>
  <testcase name="MultiThreaded only initializes value once[Iterations: 4,270]" classname="serie2.ex3.CounterModuloTest" time="0.007"/>
  <testcase name="MultiThreaded only initializes value once[Iterations: 4,271]" classname="serie2.ex3.CounterModuloTest" time="0.006"/>
  <testcase name="MultiThreaded only initializes value once[Iterations: 4,272]" classname="serie2.ex3.CounterModuloTest" time="0.007"/>
  <testcase name="MultiThreaded only initializes value once[Iterations: 4,273]" classname="serie2.ex3.CounterModuloTest" time="0.005"/>
  <testcase name="MultiThreaded only initializes value once[Iterations: 4,274]" classname="serie2.ex3.CounterModuloTest" time="0.007"/>
  <testcase name="MultiThreaded only initializes value once[Iterations: 4,275]" classname="serie2.ex3.CounterModuloTest" time="0.007"/>
  <testcase name="MultiThreaded only initializes value once[Iterations: 4,276]" classname="serie2.ex3.CounterModuloTest" time="0.007"/>
  <testcase name="MultiThreaded only initializes value once[Iterations: 4,277]" classname="serie2.ex3.CounterModuloTest" time="0.006"/>
  <testcase name="MultiThreaded only initializes value once[Iterations: 4,278]" classname="serie2.ex3.CounterModuloTest" time="0.006"/>
  <testcase name="MultiThreaded only initializes value once[Iterations: 4,279]" classname="serie2.ex3.CounterModuloTest" time="0.006"/>
  <testcase name="MultiThreaded only initializes value once[Iterations: 4,280]" classname="serie2.ex3.CounterModuloTest" time="0.005"/>
  <testcase name="MultiThreaded only initializes value once[Iterations: 4,281]" classname="serie2.ex3.CounterModuloTest" time="0.007"/>
  <testcase name="MultiThreaded only initializes value once[Iterations: 4,282]" classname="serie2.ex3.CounterModuloTest" time="0.006"/>
  <testcase name="MultiThreaded only initializes value once[Iterations: 4,283]" classname="serie2.ex3.CounterModuloTest" time="0.007"/>
  <testcase name="MultiThreaded only initializes value once[Iterations: 4,284]" classname="serie2.ex3.CounterModuloTest" time="0.006"/>
  <testcase name="MultiThreaded only initializes value once[Iterations: 4,285]" classname="serie2.ex3.CounterModuloTest" time="0.006"/>
  <testcase name="MultiThreaded only initializes value once[Iterations: 4,286]" classname="serie2.ex3.CounterModuloTest" time="0.007"/>
  <testcase name="MultiThreaded only initializes value once[Iterations: 4,287]" classname="serie2.ex3.CounterModuloTest" time="0.007"/>
  <testcase name="MultiThreaded only initializes value once[Iterations: 4,288]" classname="serie2.ex3.CounterModuloTest" time="0.007"/>
  <testcase name="MultiThreaded only initializes value once[Iterations: 4,289]" classname="serie2.ex3.CounterModuloTest" time="0.006"/>
  <testcase name="MultiThreaded only initializes value once[Iterations: 4,290]" classname="serie2.ex3.CounterModuloTest" time="0.006"/>
  <testcase name="MultiThreaded only initializes value once[Iterations: 4,291]" classname="serie2.ex3.CounterModuloTest" time="0.005"/>
  <testcase name="MultiThreaded only initializes value once[Iterations: 4,292]" classname="serie2.ex3.CounterModuloTest" time="0.007"/>
  <testcase name="MultiThreaded only initializes value once[Iterations: 4,293]" classname="serie2.ex3.CounterModuloTest" time="0.006"/>
  <testcase name="MultiThreaded only initializes value once[Iterations: 4,294]" classname="serie2.ex3.CounterModuloTest" time="0.007"/>
  <testcase name="MultiThreaded only initializes value once[Iterations: 4,295]" classname="serie2.ex3.CounterModuloTest" time="0.006"/>
  <testcase name="MultiThreaded only initializes value once[Iterations: 4,296]" classname="serie2.ex3.CounterModuloTest" time="0.006"/>
  <testcase name="MultiThreaded only initializes value once[Iterations: 4,297]" classname="serie2.ex3.CounterModuloTest" time="0.007"/>
  <testcase name="MultiThreaded only initializes value once[Iterations: 4,298]" classname="serie2.ex3.CounterModuloTest" time="0.007"/>
  <testcase name="MultiThreaded only initializes value once[Iterations: 4,299]" classname="serie2.ex3.CounterModuloTest" time="0.007"/>
  <testcase name="MultiThreaded only initializes value once[Iterations: 4,300]" classname="serie2.ex3.CounterModuloTest" time="0.007"/>
  <testcase name="MultiThreaded only initializes value once[Iterations: 4,301]" classname="serie2.ex3.CounterModuloTest" time="0.007"/>
  <testcase name="MultiThreaded only initializes value once[Iterations: 4,302]" classname="serie2.ex3.CounterModuloTest" time="0.006"/>
  <testcase name="MultiThreaded only initializes value once[Iterations: 4,303]" classname="serie2.ex3.CounterModuloTest" time="0.006"/>
  <testcase name="MultiThreaded only initializes value once[Iterations: 4,304]" classname="serie2.ex3.CounterModuloTest" time="0.006"/>
  <testcase name="MultiThreaded only initializes value once[Iterations: 4,305]" classname="serie2.ex3.CounterModuloTest" time="0.006"/>
  <testcase name="MultiThreaded only initializes value once[Iterations: 4,306]" classname="serie2.ex3.CounterModuloTest" time="0.007"/>
  <testcase name="MultiThreaded only initializes value once[Iterations: 4,307]" classname="serie2.ex3.CounterModuloTest" time="0.006"/>
  <testcase name="MultiThreaded only initializes value once[Iterations: 4,308]" classname="serie2.ex3.CounterModuloTest" time="0.006"/>
  <testcase name="MultiThreaded only initializes value once[Iterations: 4,309]" classname="serie2.ex3.CounterModuloTest" time="0.007"/>
  <testcase name="MultiThreaded only initializes value once[Iterations: 4,310]" classname="serie2.ex3.CounterModuloTest" time="0.006"/>
  <testcase name="MultiThreaded only initializes value once[Iterations: 4,311]" classname="serie2.ex3.CounterModuloTest" time="0.007"/>
  <testcase name="MultiThreaded only initializes value once[Iterations: 4,312]" classname="serie2.ex3.CounterModuloTest" time="0.006"/>
  <testcase name="MultiThreaded only initializes value once[Iterations: 4,313]" classname="serie2.ex3.CounterModuloTest" time="0.007"/>
  <testcase name="MultiThreaded only initializes value once[Iterations: 4,314]" classname="serie2.ex3.CounterModuloTest" time="0.006"/>
  <testcase name="MultiThreaded only initializes value once[Iterations: 4,315]" classname="serie2.ex3.CounterModuloTest" time="0.007"/>
  <testcase name="MultiThreaded only initializes value once[Iterations: 4,316]" classname="serie2.ex3.CounterModuloTest" time="0.006"/>
  <testcase name="MultiThreaded only initializes value once[Iterations: 4,317]" classname="serie2.ex3.CounterModuloTest" time="0.009"/>
  <testcase name="MultiThreaded only initializes value once[Iterations: 4,318]" classname="serie2.ex3.CounterModuloTest" time="0.008"/>
  <testcase name="MultiThreaded only initializes value once[Iterations: 4,319]" classname="serie2.ex3.CounterModuloTest" time="0.006"/>
  <testcase name="MultiThreaded only initializes value once[Iterations: 4,320]" classname="serie2.ex3.CounterModuloTest" time="0.007"/>
  <testcase name="MultiThreaded only initializes value once[Iterations: 4,321]" classname="serie2.ex3.CounterModuloTest" time="0.006"/>
  <testcase name="MultiThreaded only initializes value once[Iterations: 4,322]" classname="serie2.ex3.CounterModuloTest" time="0.006"/>
  <testcase name="MultiThreaded only initializes value once[Iterations: 4,323]" classname="serie2.ex3.CounterModuloTest" time="0.008"/>
  <testcase name="MultiThreaded only initializes value once[Iterations: 4,324]" classname="serie2.ex3.CounterModuloTest" time="0.006"/>
  <testcase name="MultiThreaded only initializes value once[Iterations: 4,325]" classname="serie2.ex3.CounterModuloTest" time="0.007"/>
  <testcase name="MultiThreaded only initializes value once[Iterations: 4,326]" classname="serie2.ex3.CounterModuloTest" time="0.007"/>
  <testcase name="MultiThreaded only initializes value once[Iterations: 4,327]" classname="serie2.ex3.CounterModuloTest" time="0.007"/>
  <testcase name="MultiThreaded only initializes value once[Iterations: 4,328]" classname="serie2.ex3.CounterModuloTest" time="0.006"/>
  <testcase name="MultiThreaded only initializes value once[Iterations: 4,329]" classname="serie2.ex3.CounterModuloTest" time="0.008"/>
  <testcase name="MultiThreaded only initializes value once[Iterations: 4,330]" classname="serie2.ex3.CounterModuloTest" time="0.007"/>
  <testcase name="MultiThreaded only initializes value once[Iterations: 4,331]" classname="serie2.ex3.CounterModuloTest" time="0.008"/>
  <testcase name="MultiThreaded only initializes value once[Iterations: 4,332]" classname="serie2.ex3.CounterModuloTest" time="0.007"/>
  <testcase name="MultiThreaded only initializes value once[Iterations: 4,333]" classname="serie2.ex3.CounterModuloTest" time="0.007"/>
  <testcase name="MultiThreaded only initializes value once[Iterations: 4,334]" classname="serie2.ex3.CounterModuloTest" time="0.007"/>
  <testcase name="MultiThreaded only initializes value once[Iterations: 4,335]" classname="serie2.ex3.CounterModuloTest" time="0.007"/>
  <testcase name="MultiThreaded only initializes value once[Iterations: 4,336]" classname="serie2.ex3.CounterModuloTest" time="0.008"/>
  <testcase name="MultiThreaded only initializes value once[Iterations: 4,337]" classname="serie2.ex3.CounterModuloTest" time="0.008"/>
  <testcase name="MultiThreaded only initializes value once[Iterations: 4,338]" classname="serie2.ex3.CounterModuloTest" time="0.006"/>
  <testcase name="MultiThreaded only initializes value once[Iterations: 4,339]" classname="serie2.ex3.CounterModuloTest" time="0.006"/>
  <testcase name="MultiThreaded only initializes value once[Iterations: 4,340]" classname="serie2.ex3.CounterModuloTest" time="0.007"/>
  <testcase name="MultiThreaded only initializes value once[Iterations: 4,341]" classname="serie2.ex3.CounterModuloTest" time="0.009"/>
  <testcase name="MultiThreaded only initializes value once[Iterations: 4,342]" classname="serie2.ex3.CounterModuloTest" time="0.007"/>
  <testcase name="MultiThreaded only initializes value once[Iterations: 4,343]" classname="serie2.ex3.CounterModuloTest" time="0.007"/>
  <testcase name="MultiThreaded only initializes value once[Iterations: 4,344]" classname="serie2.ex3.CounterModuloTest" time="0.007"/>
  <testcase name="MultiThreaded only initializes value once[Iterations: 4,345]" classname="serie2.ex3.CounterModuloTest" time="0.006"/>
  <testcase name="MultiThreaded only initializes value once[Iterations: 4,346]" classname="serie2.ex3.CounterModuloTest" time="0.006"/>
  <testcase name="MultiThreaded only initializes value once[Iterations: 4,347]" classname="serie2.ex3.CounterModuloTest" time="0.006"/>
  <testcase name="MultiThreaded only initializes value once[Iterations: 4,348]" classname="serie2.ex3.CounterModuloTest" time="0.007"/>
  <testcase name="MultiThreaded only initializes value once[Iterations: 4,349]" classname="serie2.ex3.CounterModuloTest" time="0.006"/>
  <testcase name="MultiThreaded only initializes value once[Iterations: 4,350]" classname="serie2.ex3.CounterModuloTest" time="0.007"/>
  <testcase name="MultiThreaded only initializes value once[Iterations: 4,351]" classname="serie2.ex3.CounterModuloTest" time="0.006"/>
  <testcase name="MultiThreaded only initializes value once[Iterations: 4,352]" classname="serie2.ex3.CounterModuloTest" time="0.007"/>
  <testcase name="MultiThreaded only initializes value once[Iterations: 4,353]" classname="serie2.ex3.CounterModuloTest" time="0.006"/>
  <testcase name="MultiThreaded only initializes value once[Iterations: 4,354]" classname="serie2.ex3.CounterModuloTest" time="0.006"/>
  <testcase name="MultiThreaded only initializes value once[Iterations: 4,355]" classname="serie2.ex3.CounterModuloTest" time="0.007"/>
  <testcase name="MultiThreaded only initializes value once[Iterations: 4,356]" classname="serie2.ex3.CounterModuloTest" time="0.006"/>
  <testcase name="MultiThreaded only initializes value once[Iterations: 4,357]" classname="serie2.ex3.CounterModuloTest" time="0.006"/>
  <testcase name="MultiThreaded only initializes value once[Iterations: 4,358]" classname="serie2.ex3.CounterModuloTest" time="0.006"/>
  <testcase name="MultiThreaded only initializes value once[Iterations: 4,359]" classname="serie2.ex3.CounterModuloTest" time="0.006"/>
  <testcase name="MultiThreaded only initializes value once[Iterations: 4,360]" classname="serie2.ex3.CounterModuloTest" time="0.007"/>
  <testcase name="MultiThreaded only initializes value once[Iterations: 4,361]" classname="serie2.ex3.CounterModuloTest" time="0.006"/>
  <testcase name="MultiThreaded only initializes value once[Iterations: 4,362]" classname="serie2.ex3.CounterModuloTest" time="0.007"/>
  <testcase name="MultiThreaded only initializes value once[Iterations: 4,363]" classname="serie2.ex3.CounterModuloTest" time="0.006"/>
  <testcase name="MultiThreaded only initializes value once[Iterations: 4,364]" classname="serie2.ex3.CounterModuloTest" time="0.006"/>
  <testcase name="MultiThreaded only initializes value once[Iterations: 4,365]" classname="serie2.ex3.CounterModuloTest" time="0.006"/>
  <testcase name="MultiThreaded only initializes value once[Iterations: 4,366]" classname="serie2.ex3.CounterModuloTest" time="0.006"/>
  <testcase name="MultiThreaded only initializes value once[Iterations: 4,367]" classname="serie2.ex3.CounterModuloTest" time="0.007"/>
  <testcase name="MultiThreaded only initializes value once[Iterations: 4,368]" classname="serie2.ex3.CounterModuloTest" time="0.007"/>
  <testcase name="MultiThreaded only initializes value once[Iterations: 4,369]" classname="serie2.ex3.CounterModuloTest" time="0.007"/>
  <testcase name="MultiThreaded only initializes value once[Iterations: 4,370]" classname="serie2.ex3.CounterModuloTest" time="0.007"/>
  <testcase name="MultiThreaded only initializes value once[Iterations: 4,371]" classname="serie2.ex3.CounterModuloTest" time="0.006"/>
  <testcase name="MultiThreaded only initializes value once[Iterations: 4,372]" classname="serie2.ex3.CounterModuloTest" time="0.007"/>
  <testcase name="MultiThreaded only initializes value once[Iterations: 4,373]" classname="serie2.ex3.CounterModuloTest" time="0.006"/>
  <testcase name="MultiThreaded only initializes value once[Iterations: 4,374]" classname="serie2.ex3.CounterModuloTest" time="0.006"/>
  <testcase name="MultiThreaded only initializes value once[Iterations: 4,375]" classname="serie2.ex3.CounterModuloTest" time="0.006"/>
  <testcase name="MultiThreaded only initializes value once[Iterations: 4,376]" classname="serie2.ex3.CounterModuloTest" time="0.007"/>
  <testcase name="MultiThreaded only initializes value once[Iterations: 4,377]" classname="serie2.ex3.CounterModuloTest" time="0.007"/>
  <testcase name="MultiThreaded only initializes value once[Iterations: 4,378]" classname="serie2.ex3.CounterModuloTest" time="0.006"/>
  <testcase name="MultiThreaded only initializes value once[Iterations: 4,379]" classname="serie2.ex3.CounterModuloTest" time="0.007"/>
  <testcase name="MultiThreaded only initializes value once[Iterations: 4,380]" classname="serie2.ex3.CounterModuloTest" time="0.007"/>
  <testcase name="MultiThreaded only initializes value once[Iterations: 4,381]" classname="serie2.ex3.CounterModuloTest" time="0.009"/>
  <testcase name="MultiThreaded only initializes value once[Iterations: 4,382]" classname="serie2.ex3.CounterModuloTest" time="0.006"/>
  <testcase name="MultiThreaded only initializes value once[Iterations: 4,383]" classname="serie2.ex3.CounterModuloTest" time="0.006"/>
  <testcase name="MultiThreaded only initializes value once[Iterations: 4,384]" classname="serie2.ex3.CounterModuloTest" time="0.008"/>
  <testcase name="MultiThreaded only initializes value once[Iterations: 4,385]" classname="serie2.ex3.CounterModuloTest" time="0.006"/>
  <testcase name="MultiThreaded only initializes value once[Iterations: 4,386]" classname="serie2.ex3.CounterModuloTest" time="0.006"/>
  <testcase name="MultiThreaded only initializes value once[Iterations: 4,387]" classname="serie2.ex3.CounterModuloTest" time="0.006"/>
  <testcase name="MultiThreaded only initializes value once[Iterations: 4,388]" classname="serie2.ex3.CounterModuloTest" time="0.006"/>
  <testcase name="MultiThreaded only initializes value once[Iterations: 4,389]" classname="serie2.ex3.CounterModuloTest" time="0.006"/>
  <testcase name="MultiThreaded only initializes value once[Iterations: 4,390]" classname="serie2.ex3.CounterModuloTest" time="0.007"/>
  <testcase name="MultiThreaded only initializes value once[Iterations: 4,391]" classname="serie2.ex3.CounterModuloTest" time="0.006"/>
  <testcase name="MultiThreaded only initializes value once[Iterations: 4,392]" classname="serie2.ex3.CounterModuloTest" time="0.007"/>
  <testcase name="MultiThreaded only initializes value once[Iterations: 4,393]" classname="serie2.ex3.CounterModuloTest" time="0.007"/>
  <testcase name="MultiThreaded only initializes value once[Iterations: 4,394]" classname="serie2.ex3.CounterModuloTest" time="0.006"/>
  <testcase name="MultiThreaded only initializes value once[Iterations: 4,395]" classname="serie2.ex3.CounterModuloTest" time="0.006"/>
  <testcase name="MultiThreaded only initializes value once[Iterations: 4,396]" classname="serie2.ex3.CounterModuloTest" time="0.007"/>
  <testcase name="MultiThreaded only initializes value once[Iterations: 4,397]" classname="serie2.ex3.CounterModuloTest" time="0.007"/>
  <testcase name="MultiThreaded only initializes value once[Iterations: 4,398]" classname="serie2.ex3.CounterModuloTest" time="0.007"/>
  <testcase name="MultiThreaded only initializes value once[Iterations: 4,399]" classname="serie2.ex3.CounterModuloTest" time="0.006"/>
  <testcase name="MultiThreaded only initializes value once[Iterations: 4,400]" classname="serie2.ex3.CounterModuloTest" time="0.007"/>
  <testcase name="MultiThreaded only initializes value once[Iterations: 4,401]" classname="serie2.ex3.CounterModuloTest" time="0.006"/>
  <testcase name="MultiThreaded only initializes value once[Iterations: 4,402]" classname="serie2.ex3.CounterModuloTest" time="0.006"/>
  <testcase name="MultiThreaded only initializes value once[Iterations: 4,403]" classname="serie2.ex3.CounterModuloTest" time="0.007"/>
  <testcase name="MultiThreaded only initializes value once[Iterations: 4,404]" classname="serie2.ex3.CounterModuloTest" time="0.006"/>
  <testcase name="MultiThreaded only initializes value once[Iterations: 4,405]" classname="serie2.ex3.CounterModuloTest" time="0.007"/>
  <testcase name="MultiThreaded only initializes value once[Iterations: 4,406]" classname="serie2.ex3.CounterModuloTest" time="0.007"/>
  <testcase name="MultiThreaded only initializes value once[Iterations: 4,407]" classname="serie2.ex3.CounterModuloTest" time="0.007"/>
  <testcase name="MultiThreaded only initializes value once[Iterations: 4,408]" classname="serie2.ex3.CounterModuloTest" time="0.007"/>
  <testcase name="MultiThreaded only initializes value once[Iterations: 4,409]" classname="serie2.ex3.CounterModuloTest" time="0.007"/>
  <testcase name="MultiThreaded only initializes value once[Iterations: 4,410]" classname="serie2.ex3.CounterModuloTest" time="0.009"/>
  <testcase name="MultiThreaded only initializes value once[Iterations: 4,411]" classname="serie2.ex3.CounterModuloTest" time="0.007"/>
  <testcase name="MultiThreaded only initializes value once[Iterations: 4,412]" classname="serie2.ex3.CounterModuloTest" time="0.006"/>
  <testcase name="MultiThreaded only initializes value once[Iterations: 4,413]" classname="serie2.ex3.CounterModuloTest" time="0.006"/>
  <testcase name="MultiThreaded only initializes value once[Iterations: 4,414]" classname="serie2.ex3.CounterModuloTest" time="0.008"/>
  <testcase name="MultiThreaded only initializes value once[Iterations: 4,415]" classname="serie2.ex3.CounterModuloTest" time="0.007"/>
  <testcase name="MultiThreaded only initializes value once[Iterations: 4,416]" classname="serie2.ex3.CounterModuloTest" time="0.008"/>
  <testcase name="MultiThreaded only initializes value once[Iterations: 4,417]" classname="serie2.ex3.CounterModuloTest" time="0.008"/>
  <testcase name="MultiThreaded only initializes value once[Iterations: 4,418]" classname="serie2.ex3.CounterModuloTest" time="0.008"/>
  <testcase name="MultiThreaded only initializes value once[Iterations: 4,419]" classname="serie2.ex3.CounterModuloTest" time="0.006"/>
  <testcase name="MultiThreaded only initializes value once[Iterations: 4,420]" classname="serie2.ex3.CounterModuloTest" time="0.007"/>
  <testcase name="MultiThreaded only initializes value once[Iterations: 4,421]" classname="serie2.ex3.CounterModuloTest" time="0.007"/>
  <testcase name="MultiThreaded only initializes value once[Iterations: 4,422]" classname="serie2.ex3.CounterModuloTest" time="0.007"/>
  <testcase name="MultiThreaded only initializes value once[Iterations: 4,423]" classname="serie2.ex3.CounterModuloTest" time="0.008"/>
  <testcase name="MultiThreaded only initializes value once[Iterations: 4,424]" classname="serie2.ex3.CounterModuloTest" time="0.007"/>
  <testcase name="MultiThreaded only initializes value once[Iterations: 4,425]" classname="serie2.ex3.CounterModuloTest" time="0.007"/>
  <testcase name="MultiThreaded only initializes value once[Iterations: 4,426]" classname="serie2.ex3.CounterModuloTest" time="0.006"/>
  <testcase name="MultiThreaded only initializes value once[Iterations: 4,427]" classname="serie2.ex3.CounterModuloTest" time="0.008"/>
  <testcase name="MultiThreaded only initializes value once[Iterations: 4,428]" classname="serie2.ex3.CounterModuloTest" time="0.008"/>
  <testcase name="MultiThreaded only initializes value once[Iterations: 4,429]" classname="serie2.ex3.CounterModuloTest" time="0.007"/>
  <testcase name="MultiThreaded only initializes value once[Iterations: 4,430]" classname="serie2.ex3.CounterModuloTest" time="0.006"/>
  <testcase name="MultiThreaded only initializes value once[Iterations: 4,431]" classname="serie2.ex3.CounterModuloTest" time="0.007"/>
  <testcase name="MultiThreaded only initializes value once[Iterations: 4,432]" classname="serie2.ex3.CounterModuloTest" time="0.008"/>
  <testcase name="MultiThreaded only initializes value once[Iterations: 4,433]" classname="serie2.ex3.CounterModuloTest" time="0.006"/>
  <testcase name="MultiThreaded only initializes value once[Iterations: 4,434]" classname="serie2.ex3.CounterModuloTest" time="0.008"/>
  <testcase name="MultiThreaded only initializes value once[Iterations: 4,435]" classname="serie2.ex3.CounterModuloTest" time="0.007"/>
  <testcase name="MultiThreaded only initializes value once[Iterations: 4,436]" classname="serie2.ex3.CounterModuloTest" time="0.008"/>
  <testcase name="MultiThreaded only initializes value once[Iterations: 4,437]" classname="serie2.ex3.CounterModuloTest" time="0.007"/>
  <testcase name="MultiThreaded only initializes value once[Iterations: 4,438]" classname="serie2.ex3.CounterModuloTest" time="0.01"/>
  <testcase name="MultiThreaded only initializes value once[Iterations: 4,439]" classname="serie2.ex3.CounterModuloTest" time="0.007"/>
  <testcase name="MultiThreaded only initializes value once[Iterations: 4,440]" classname="serie2.ex3.CounterModuloTest" time="0.007"/>
  <testcase name="MultiThreaded only initializes value once[Iterations: 4,441]" classname="serie2.ex3.CounterModuloTest" time="0.007"/>
  <testcase name="MultiThreaded only initializes value once[Iterations: 4,442]" classname="serie2.ex3.CounterModuloTest" time="0.008"/>
  <testcase name="MultiThreaded only initializes value once[Iterations: 4,443]" classname="serie2.ex3.CounterModuloTest" time="0.007"/>
  <testcase name="MultiThreaded only initializes value once[Iterations: 4,444]" classname="serie2.ex3.CounterModuloTest" time="0.007"/>
  <testcase name="MultiThreaded only initializes value once[Iterations: 4,445]" classname="serie2.ex3.CounterModuloTest" time="0.007"/>
  <testcase name="MultiThreaded only initializes value once[Iterations: 4,446]" classname="serie2.ex3.CounterModuloTest" time="0.007"/>
  <testcase name="MultiThreaded only initializes value once[Iterations: 4,447]" classname="serie2.ex3.CounterModuloTest" time="0.007"/>
  <testcase name="MultiThreaded only initializes value once[Iterations: 4,448]" classname="serie2.ex3.CounterModuloTest" time="0.006"/>
  <testcase name="MultiThreaded only initializes value once[Iterations: 4,449]" classname="serie2.ex3.CounterModuloTest" time="0.009"/>
  <testcase name="MultiThreaded only initializes value once[Iterations: 4,450]" classname="serie2.ex3.CounterModuloTest" time="0.008"/>
  <testcase name="MultiThreaded only initializes value once[Iterations: 4,451]" classname="serie2.ex3.CounterModuloTest" time="0.008"/>
  <testcase name="MultiThreaded only initializes value once[Iterations: 4,452]" classname="serie2.ex3.CounterModuloTest" time="0.007"/>
  <testcase name="MultiThreaded only initializes value once[Iterations: 4,453]" classname="serie2.ex3.CounterModuloTest" time="0.009"/>
  <testcase name="MultiThreaded only initializes value once[Iterations: 4,454]" classname="serie2.ex3.CounterModuloTest" time="0.009"/>
  <testcase name="MultiThreaded only initializes value once[Iterations: 4,455]" classname="serie2.ex3.CounterModuloTest" time="0.007"/>
  <testcase name="MultiThreaded only initializes value once[Iterations: 4,456]" classname="serie2.ex3.CounterModuloTest" time="0.007"/>
  <testcase name="MultiThreaded only initializes value once[Iterations: 4,457]" classname="serie2.ex3.CounterModuloTest" time="0.007"/>
  <testcase name="MultiThreaded only initializes value once[Iterations: 4,458]" classname="serie2.ex3.CounterModuloTest" time="0.008"/>
  <testcase name="MultiThreaded only initializes value once[Iterations: 4,459]" classname="serie2.ex3.CounterModuloTest" time="0.007"/>
  <testcase name="MultiThreaded only initializes value once[Iterations: 4,460]" classname="serie2.ex3.CounterModuloTest" time="0.009"/>
  <testcase name="MultiThreaded only initializes value once[Iterations: 4,461]" classname="serie2.ex3.CounterModuloTest" time="0.008"/>
  <testcase name="MultiThreaded only initializes value once[Iterations: 4,462]" classname="serie2.ex3.CounterModuloTest" time="0.006"/>
  <testcase name="MultiThreaded only initializes value once[Iterations: 4,463]" classname="serie2.ex3.CounterModuloTest" time="0.008"/>
  <testcase name="MultiThreaded only initializes value once[Iterations: 4,464]" classname="serie2.ex3.CounterModuloTest" time="0.006"/>
  <testcase name="MultiThreaded only initializes value once[Iterations: 4,465]" classname="serie2.ex3.CounterModuloTest" time="0.01"/>
  <testcase name="MultiThreaded only initializes value once[Iterations: 4,466]" classname="serie2.ex3.CounterModuloTest" time="0.009"/>
  <testcase name="MultiThreaded only initializes value once[Iterations: 4,467]" classname="serie2.ex3.CounterModuloTest" time="0.007"/>
  <testcase name="MultiThreaded only initializes value once[Iterations: 4,468]" classname="serie2.ex3.CounterModuloTest" time="0.009"/>
  <testcase name="MultiThreaded only initializes value once[Iterations: 4,469]" classname="serie2.ex3.CounterModuloTest" time="0.008"/>
  <testcase name="MultiThreaded only initializes value once[Iterations: 4,470]" classname="serie2.ex3.CounterModuloTest" time="0.01"/>
  <testcase name="MultiThreaded only initializes value once[Iterations: 4,471]" classname="serie2.ex3.CounterModuloTest" time="0.008"/>
  <testcase name="MultiThreaded only initializes value once[Iterations: 4,472]" classname="serie2.ex3.CounterModuloTest" time="0.007"/>
  <testcase name="MultiThreaded only initializes value once[Iterations: 4,473]" classname="serie2.ex3.CounterModuloTest" time="0.008"/>
  <testcase name="MultiThreaded only initializes value once[Iterations: 4,474]" classname="serie2.ex3.CounterModuloTest" time="0.008"/>
  <testcase name="MultiThreaded only initializes value once[Iterations: 4,475]" classname="serie2.ex3.CounterModuloTest" time="0.008"/>
  <testcase name="MultiThreaded only initializes value once[Iterations: 4,476]" classname="serie2.ex3.CounterModuloTest" time="0.006"/>
  <testcase name="MultiThreaded only initializes value once[Iterations: 4,477]" classname="serie2.ex3.CounterModuloTest" time="0.009"/>
  <testcase name="MultiThreaded only initializes value once[Iterations: 4,478]" classname="serie2.ex3.CounterModuloTest" time="0.007"/>
  <testcase name="MultiThreaded only initializes value once[Iterations: 4,479]" classname="serie2.ex3.CounterModuloTest" time="0.009"/>
  <testcase name="MultiThreaded only initializes value once[Iterations: 4,480]" classname="serie2.ex3.CounterModuloTest" time="0.007"/>
  <testcase name="MultiThreaded only initializes value once[Iterations: 4,481]" classname="serie2.ex3.CounterModuloTest" time="0.01"/>
  <testcase name="MultiThreaded only initializes value once[Iterations: 4,482]" classname="serie2.ex3.CounterModuloTest" time="0.008"/>
  <testcase name="MultiThreaded only initializes value once[Iterations: 4,483]" classname="serie2.ex3.CounterModuloTest" time="0.007"/>
  <testcase name="MultiThreaded only initializes value once[Iterations: 4,484]" classname="serie2.ex3.CounterModuloTest" time="0.008"/>
  <testcase name="MultiThreaded only initializes value once[Iterations: 4,485]" classname="serie2.ex3.CounterModuloTest" time="0.009"/>
  <testcase name="MultiThreaded only initializes value once[Iterations: 4,486]" classname="serie2.ex3.CounterModuloTest" time="0.007"/>
  <testcase name="MultiThreaded only initializes value once[Iterations: 4,487]" classname="serie2.ex3.CounterModuloTest" time="0.008"/>
  <testcase name="MultiThreaded only initializes value once[Iterations: 4,488]" classname="serie2.ex3.CounterModuloTest" time="0.008"/>
  <testcase name="MultiThreaded only initializes value once[Iterations: 4,489]" classname="serie2.ex3.CounterModuloTest" time="0.007"/>
  <testcase name="MultiThreaded only initializes value once[Iterations: 4,490]" classname="serie2.ex3.CounterModuloTest" time="0.007"/>
  <testcase name="MultiThreaded only initializes value once[Iterations: 4,491]" classname="serie2.ex3.CounterModuloTest" time="0.007"/>
  <testcase name="MultiThreaded only initializes value once[Iterations: 4,492]" classname="serie2.ex3.CounterModuloTest" time="0.007"/>
  <testcase name="MultiThreaded only initializes value once[Iterations: 4,493]" classname="serie2.ex3.CounterModuloTest" time="0.01"/>
  <testcase name="MultiThreaded only initializes value once[Iterations: 4,494]" classname="serie2.ex3.CounterModuloTest" time="0.007"/>
  <testcase name="MultiThreaded only initializes value once[Iterations: 4,495]" classname="serie2.ex3.CounterModuloTest" time="0.009"/>
  <testcase name="MultiThreaded only initializes value once[Iterations: 4,496]" classname="serie2.ex3.CounterModuloTest" time="0.007"/>
  <testcase name="MultiThreaded only initializes value once[Iterations: 4,497]" classname="serie2.ex3.CounterModuloTest" time="0.007"/>
  <testcase name="MultiThreaded only initializes value once[Iterations: 4,498]" classname="serie2.ex3.CounterModuloTest" time="0.007"/>
  <testcase name="MultiThreaded only initializes value once[Iterations: 4,499]" classname="serie2.ex3.CounterModuloTest" time="0.006"/>
  <testcase name="MultiThreaded only initializes value once[Iterations: 4,500]" classname="serie2.ex3.CounterModuloTest" time="0.007"/>
  <testcase name="MultiThreaded only initializes value once[Iterations: 4,501]" classname="serie2.ex3.CounterModuloTest" time="0.007"/>
  <testcase name="MultiThreaded only initializes value once[Iterations: 4,502]" classname="serie2.ex3.CounterModuloTest" time="0.007"/>
  <testcase name="MultiThreaded only initializes value once[Iterations: 4,503]" classname="serie2.ex3.CounterModuloTest" time="0.007"/>
  <testcase name="MultiThreaded only initializes value once[Iterations: 4,504]" classname="serie2.ex3.CounterModuloTest" time="0.009"/>
  <testcase name="MultiThreaded only initializes value once[Iterations: 4,505]" classname="serie2.ex3.CounterModuloTest" time="0.007"/>
  <testcase name="MultiThreaded only initializes value once[Iterations: 4,506]" classname="serie2.ex3.CounterModuloTest" time="0.007"/>
  <testcase name="MultiThreaded only initializes value once[Iterations: 4,507]" classname="serie2.ex3.CounterModuloTest" time="0.007"/>
  <testcase name="MultiThreaded only initializes value once[Iterations: 4,508]" classname="serie2.ex3.CounterModuloTest" time="0.007"/>
  <testcase name="MultiThreaded only initializes value once[Iterations: 4,509]" classname="serie2.ex3.CounterModuloTest" time="0.007"/>
  <testcase name="MultiThreaded only initializes value once[Iterations: 4,510]" classname="serie2.ex3.CounterModuloTest" time="0.006"/>
  <testcase name="MultiThreaded only initializes value once[Iterations: 4,511]" classname="serie2.ex3.CounterModuloTest" time="0.006"/>
  <testcase name="MultiThreaded only initializes value once[Iterations: 4,512]" classname="serie2.ex3.CounterModuloTest" time="0.007"/>
  <testcase name="MultiThreaded only initializes value once[Iterations: 4,513]" classname="serie2.ex3.CounterModuloTest" time="0.007"/>
  <testcase name="MultiThreaded only initializes value once[Iterations: 4,514]" classname="serie2.ex3.CounterModuloTest" time="0.006"/>
  <testcase name="MultiThreaded only initializes value once[Iterations: 4,515]" classname="serie2.ex3.CounterModuloTest" time="0.007"/>
  <testcase name="MultiThreaded only initializes value once[Iterations: 4,516]" classname="serie2.ex3.CounterModuloTest" time="0.007"/>
  <testcase name="MultiThreaded only initializes value once[Iterations: 4,517]" classname="serie2.ex3.CounterModuloTest" time="0.006"/>
  <testcase name="MultiThreaded only initializes value once[Iterations: 4,518]" classname="serie2.ex3.CounterModuloTest" time="0.006"/>
  <testcase name="MultiThreaded only initializes value once[Iterations: 4,519]" classname="serie2.ex3.CounterModuloTest" time="0.007"/>
  <testcase name="MultiThreaded only initializes value once[Iterations: 4,520]" classname="serie2.ex3.CounterModuloTest" time="0.007"/>
  <testcase name="MultiThreaded only initializes value once[Iterations: 4,521]" classname="serie2.ex3.CounterModuloTest" time="0.007"/>
  <testcase name="MultiThreaded only initializes value once[Iterations: 4,522]" classname="serie2.ex3.CounterModuloTest" time="0.007"/>
  <testcase name="MultiThreaded only initializes value once[Iterations: 4,523]" classname="serie2.ex3.CounterModuloTest" time="0.008"/>
  <testcase name="MultiThreaded only initializes value once[Iterations: 4,524]" classname="serie2.ex3.CounterModuloTest" time="0.008"/>
  <testcase name="MultiThreaded only initializes value once[Iterations: 4,525]" classname="serie2.ex3.CounterModuloTest" time="0.007"/>
  <testcase name="MultiThreaded only initializes value once[Iterations: 4,526]" classname="serie2.ex3.CounterModuloTest" time="0.006"/>
  <testcase name="MultiThreaded only initializes value once[Iterations: 4,527]" classname="serie2.ex3.CounterModuloTest" time="0.006"/>
  <testcase name="MultiThreaded only initializes value once[Iterations: 4,528]" classname="serie2.ex3.CounterModuloTest" time="0.006"/>
  <testcase name="MultiThreaded only initializes value once[Iterations: 4,529]" classname="serie2.ex3.CounterModuloTest" time="0.007"/>
  <testcase name="MultiThreaded only initializes value once[Iterations: 4,530]" classname="serie2.ex3.CounterModuloTest" time="0.007"/>
  <testcase name="MultiThreaded only initializes value once[Iterations: 4,531]" classname="serie2.ex3.CounterModuloTest" time="0.007"/>
  <testcase name="MultiThreaded only initializes value once[Iterations: 4,532]" classname="serie2.ex3.CounterModuloTest" time="0.007"/>
  <testcase name="MultiThreaded only initializes value once[Iterations: 4,533]" classname="serie2.ex3.CounterModuloTest" time="0.007"/>
  <testcase name="MultiThreaded only initializes value once[Iterations: 4,534]" classname="serie2.ex3.CounterModuloTest" time="0.006"/>
  <testcase name="MultiThreaded only initializes value once[Iterations: 4,535]" classname="serie2.ex3.CounterModuloTest" time="0.007"/>
  <testcase name="MultiThreaded only initializes value once[Iterations: 4,536]" classname="serie2.ex3.CounterModuloTest" time="0.007"/>
  <testcase name="MultiThreaded only initializes value once[Iterations: 4,537]" classname="serie2.ex3.CounterModuloTest" time="0.006"/>
  <testcase name="MultiThreaded only initializes value once[Iterations: 4,538]" classname="serie2.ex3.CounterModuloTest" time="0.008"/>
  <testcase name="MultiThreaded only initializes value once[Iterations: 4,539]" classname="serie2.ex3.CounterModuloTest" time="0.006"/>
  <testcase name="MultiThreaded only initializes value once[Iterations: 4,540]" classname="serie2.ex3.CounterModuloTest" time="0.022"/>
  <testcase name="MultiThreaded only initializes value once[Iterations: 4,541]" classname="serie2.ex3.CounterModuloTest" time="0.058"/>
  <testcase name="MultiThreaded only initializes value once[Iterations: 4,542]" classname="serie2.ex3.CounterModuloTest" time="0.015"/>
  <testcase name="MultiThreaded only initializes value once[Iterations: 4,543]" classname="serie2.ex3.CounterModuloTest" time="0.009"/>
  <testcase name="MultiThreaded only initializes value once[Iterations: 4,544]" classname="serie2.ex3.CounterModuloTest" time="0.008"/>
  <testcase name="MultiThreaded only initializes value once[Iterations: 4,545]" classname="serie2.ex3.CounterModuloTest" time="0.009"/>
  <testcase name="MultiThreaded only initializes value once[Iterations: 4,546]" classname="serie2.ex3.CounterModuloTest" time="0.009"/>
  <testcase name="MultiThreaded only initializes value once[Iterations: 4,547]" classname="serie2.ex3.CounterModuloTest" time="0.006"/>
  <testcase name="MultiThreaded only initializes value once[Iterations: 4,548]" classname="serie2.ex3.CounterModuloTest" time="0.007"/>
  <testcase name="MultiThreaded only initializes value once[Iterations: 4,549]" classname="serie2.ex3.CounterModuloTest" time="0.011"/>
  <testcase name="MultiThreaded only initializes value once[Iterations: 4,550]" classname="serie2.ex3.CounterModuloTest" time="0.013"/>
  <testcase name="MultiThreaded only initializes value once[Iterations: 4,551]" classname="serie2.ex3.CounterModuloTest" time="0.01"/>
  <testcase name="MultiThreaded only initializes value once[Iterations: 4,552]" classname="serie2.ex3.CounterModuloTest" time="0.008"/>
  <testcase name="MultiThreaded only initializes value once[Iterations: 4,553]" classname="serie2.ex3.CounterModuloTest" time="0.006"/>
  <testcase name="MultiThreaded only initializes value once[Iterations: 4,554]" classname="serie2.ex3.CounterModuloTest" time="0.007"/>
  <testcase name="MultiThreaded only initializes value once[Iterations: 4,555]" classname="serie2.ex3.CounterModuloTest" time="0.007"/>
  <testcase name="MultiThreaded only initializes value once[Iterations: 4,556]" classname="serie2.ex3.CounterModuloTest" time="0.006"/>
  <testcase name="MultiThreaded only initializes value once[Iterations: 4,557]" classname="serie2.ex3.CounterModuloTest" time="0.007"/>
  <testcase name="MultiThreaded only initializes value once[Iterations: 4,558]" classname="serie2.ex3.CounterModuloTest" time="0.007"/>
  <testcase name="MultiThreaded only initializes value once[Iterations: 4,559]" classname="serie2.ex3.CounterModuloTest" time="0.007"/>
  <testcase name="MultiThreaded only initializes value once[Iterations: 4,560]" classname="serie2.ex3.CounterModuloTest" time="0.007"/>
  <testcase name="MultiThreaded only initializes value once[Iterations: 4,561]" classname="serie2.ex3.CounterModuloTest" time="0.007"/>
  <testcase name="MultiThreaded only initializes value once[Iterations: 4,562]" classname="serie2.ex3.CounterModuloTest" time="0.007"/>
  <testcase name="MultiThreaded only initializes value once[Iterations: 4,563]" classname="serie2.ex3.CounterModuloTest" time="0.006"/>
  <testcase name="MultiThreaded only initializes value once[Iterations: 4,564]" classname="serie2.ex3.CounterModuloTest" time="0.007"/>
  <testcase name="MultiThreaded only initializes value once[Iterations: 4,565]" classname="serie2.ex3.CounterModuloTest" time="0.008"/>
  <testcase name="MultiThreaded only initializes value once[Iterations: 4,566]" classname="serie2.ex3.CounterModuloTest" time="0.008"/>
  <testcase name="MultiThreaded only initializes value once[Iterations: 4,567]" classname="serie2.ex3.CounterModuloTest" time="0.007"/>
  <testcase name="MultiThreaded only initializes value once[Iterations: 4,568]" classname="serie2.ex3.CounterModuloTest" time="0.008"/>
  <testcase name="MultiThreaded only initializes value once[Iterations: 4,569]" classname="serie2.ex3.CounterModuloTest" time="0.009"/>
  <testcase name="MultiThreaded only initializes value once[Iterations: 4,570]" classname="serie2.ex3.CounterModuloTest" time="0.007"/>
  <testcase name="MultiThreaded only initializes value once[Iterations: 4,571]" classname="serie2.ex3.CounterModuloTest" time="0.008"/>
  <testcase name="MultiThreaded only initializes value once[Iterations: 4,572]" classname="serie2.ex3.CounterModuloTest" time="0.008"/>
  <testcase name="MultiThreaded only initializes value once[Iterations: 4,573]" classname="serie2.ex3.CounterModuloTest" time="0.007"/>
  <testcase name="MultiThreaded only initializes value once[Iterations: 4,574]" classname="serie2.ex3.CounterModuloTest" time="0.006"/>
  <testcase name="MultiThreaded only initializes value once[Iterations: 4,575]" classname="serie2.ex3.CounterModuloTest" time="0.009"/>
  <testcase name="MultiThreaded only initializes value once[Iterations: 4,576]" classname="serie2.ex3.CounterModuloTest" time="0.008"/>
  <testcase name="MultiThreaded only initializes value once[Iterations: 4,577]" classname="serie2.ex3.CounterModuloTest" time="0.008"/>
  <testcase name="MultiThreaded only initializes value once[Iterations: 4,578]" classname="serie2.ex3.CounterModuloTest" time="0.007"/>
  <testcase name="MultiThreaded only initializes value once[Iterations: 4,579]" classname="serie2.ex3.CounterModuloTest" time="0.009"/>
  <testcase name="MultiThreaded only initializes value once[Iterations: 4,580]" classname="serie2.ex3.CounterModuloTest" time="0.007"/>
  <testcase name="MultiThreaded only initializes value once[Iterations: 4,581]" classname="serie2.ex3.CounterModuloTest" time="0.009"/>
  <testcase name="MultiThreaded only initializes value once[Iterations: 4,582]" classname="serie2.ex3.CounterModuloTest" time="0.008"/>
  <testcase name="MultiThreaded only initializes value once[Iterations: 4,583]" classname="serie2.ex3.CounterModuloTest" time="0.008"/>
  <testcase name="MultiThreaded only initializes value once[Iterations: 4,584]" classname="serie2.ex3.CounterModuloTest" time="0.008"/>
  <testcase name="MultiThreaded only initializes value once[Iterations: 4,585]" classname="serie2.ex3.CounterModuloTest" time="0.009"/>
  <testcase name="MultiThreaded only initializes value once[Iterations: 4,586]" classname="serie2.ex3.CounterModuloTest" time="0.008"/>
  <testcase name="MultiThreaded only initializes value once[Iterations: 4,587]" classname="serie2.ex3.CounterModuloTest" time="0.008"/>
  <testcase name="MultiThreaded only initializes value once[Iterations: 4,588]" classname="serie2.ex3.CounterModuloTest" time="0.006"/>
  <testcase name="MultiThreaded only initializes value once[Iterations: 4,589]" classname="serie2.ex3.CounterModuloTest" time="0.008"/>
  <testcase name="MultiThreaded only initializes value once[Iterations: 4,590]" classname="serie2.ex3.CounterModuloTest" time="0.007"/>
  <testcase name="MultiThreaded only initializes value once[Iterations: 4,591]" classname="serie2.ex3.CounterModuloTest" time="0.007"/>
  <testcase name="MultiThreaded only initializes value once[Iterations: 4,592]" classname="serie2.ex3.CounterModuloTest" time="0.008"/>
  <testcase name="MultiThreaded only initializes value once[Iterations: 4,593]" classname="serie2.ex3.CounterModuloTest" time="0.006"/>
  <testcase name="MultiThreaded only initializes value once[Iterations: 4,594]" classname="serie2.ex3.CounterModuloTest" time="0.007"/>
  <testcase name="MultiThreaded only initializes value once[Iterations: 4,595]" classname="serie2.ex3.CounterModuloTest" time="0.007"/>
  <testcase name="MultiThreaded only initializes value once[Iterations: 4,596]" classname="serie2.ex3.CounterModuloTest" time="0.006"/>
  <testcase name="MultiThreaded only initializes value once[Iterations: 4,597]" classname="serie2.ex3.CounterModuloTest" time="0.007"/>
  <testcase name="MultiThreaded only initializes value once[Iterations: 4,598]" classname="serie2.ex3.CounterModuloTest" time="0.007"/>
  <testcase name="MultiThreaded only initializes value once[Iterations: 4,599]" classname="serie2.ex3.CounterModuloTest" time="0.007"/>
  <testcase name="MultiThreaded only initializes value once[Iterations: 4,600]" classname="serie2.ex3.CounterModuloTest" time="0.006"/>
  <testcase name="MultiThreaded only initializes value once[Iterations: 4,601]" classname="serie2.ex3.CounterModuloTest" time="0.007"/>
  <testcase name="MultiThreaded only initializes value once[Iterations: 4,602]" classname="serie2.ex3.CounterModuloTest" time="0.007"/>
  <testcase name="MultiThreaded only initializes value once[Iterations: 4,603]" classname="serie2.ex3.CounterModuloTest" time="0.007"/>
  <testcase name="MultiThreaded only initializes value once[Iterations: 4,604]" classname="serie2.ex3.CounterModuloTest" time="0.007"/>
  <testcase name="MultiThreaded only initializes value once[Iterations: 4,605]" classname="serie2.ex3.CounterModuloTest" time="0.01"/>
  <testcase name="MultiThreaded only initializes value once[Iterations: 4,606]" classname="serie2.ex3.CounterModuloTest" time="0.009"/>
  <testcase name="MultiThreaded only initializes value once[Iterations: 4,607]" classname="serie2.ex3.CounterModuloTest" time="0.007"/>
  <testcase name="MultiThreaded only initializes value once[Iterations: 4,608]" classname="serie2.ex3.CounterModuloTest" time="0.008"/>
  <testcase name="MultiThreaded only initializes value once[Iterations: 4,609]" classname="serie2.ex3.CounterModuloTest" time="0.007"/>
  <testcase name="MultiThreaded only initializes value once[Iterations: 4,610]" classname="serie2.ex3.CounterModuloTest" time="0.006"/>
  <testcase name="MultiThreaded only initializes value once[Iterations: 4,611]" classname="serie2.ex3.CounterModuloTest" time="0.007"/>
  <testcase name="MultiThreaded only initializes value once[Iterations: 4,612]" classname="serie2.ex3.CounterModuloTest" time="0.008"/>
  <testcase name="MultiThreaded only initializes value once[Iterations: 4,613]" classname="serie2.ex3.CounterModuloTest" time="0.007"/>
  <testcase name="MultiThreaded only initializes value once[Iterations: 4,614]" classname="serie2.ex3.CounterModuloTest" time="0.006"/>
  <testcase name="MultiThreaded only initializes value once[Iterations: 4,615]" classname="serie2.ex3.CounterModuloTest" time="0.007"/>
  <testcase name="MultiThreaded only initializes value once[Iterations: 4,616]" classname="serie2.ex3.CounterModuloTest" time="0.007"/>
  <testcase name="MultiThreaded only initializes value once[Iterations: 4,617]" classname="serie2.ex3.CounterModuloTest" time="0.008"/>
  <testcase name="MultiThreaded only initializes value once[Iterations: 4,618]" classname="serie2.ex3.CounterModuloTest" time="0.006"/>
  <testcase name="MultiThreaded only initializes value once[Iterations: 4,619]" classname="serie2.ex3.CounterModuloTest" time="0.008"/>
  <testcase name="MultiThreaded only initializes value once[Iterations: 4,620]" classname="serie2.ex3.CounterModuloTest" time="0.007"/>
  <testcase name="MultiThreaded only initializes value once[Iterations: 4,621]" classname="serie2.ex3.CounterModuloTest" time="0.007"/>
  <testcase name="MultiThreaded only initializes value once[Iterations: 4,622]" classname="serie2.ex3.CounterModuloTest" time="0.006"/>
  <testcase name="MultiThreaded only initializes value once[Iterations: 4,623]" classname="serie2.ex3.CounterModuloTest" time="0.007"/>
  <testcase name="MultiThreaded only initializes value once[Iterations: 4,624]" classname="serie2.ex3.CounterModuloTest" time="0.007"/>
  <testcase name="MultiThreaded only initializes value once[Iterations: 4,625]" classname="serie2.ex3.CounterModuloTest" time="0.007"/>
  <testcase name="MultiThreaded only initializes value once[Iterations: 4,626]" classname="serie2.ex3.CounterModuloTest" time="0.006"/>
  <testcase name="MultiThreaded only initializes value once[Iterations: 4,627]" classname="serie2.ex3.CounterModuloTest" time="0.008"/>
  <testcase name="MultiThreaded only initializes value once[Iterations: 4,628]" classname="serie2.ex3.CounterModuloTest" time="0.007"/>
  <testcase name="MultiThreaded only initializes value once[Iterations: 4,629]" classname="serie2.ex3.CounterModuloTest" time="0.008"/>
  <testcase name="MultiThreaded only initializes value once[Iterations: 4,630]" classname="serie2.ex3.CounterModuloTest" time="0.007"/>
  <testcase name="MultiThreaded only initializes value once[Iterations: 4,631]" classname="serie2.ex3.CounterModuloTest" time="0.008"/>
  <testcase name="MultiThreaded only initializes value once[Iterations: 4,632]" classname="serie2.ex3.CounterModuloTest" time="0.008"/>
  <testcase name="MultiThreaded only initializes value once[Iterations: 4,633]" classname="serie2.ex3.CounterModuloTest" time="0.007"/>
  <testcase name="MultiThreaded only initializes value once[Iterations: 4,634]" classname="serie2.ex3.CounterModuloTest" time="0.007"/>
  <testcase name="MultiThreaded only initializes value once[Iterations: 4,635]" classname="serie2.ex3.CounterModuloTest" time="0.007"/>
  <testcase name="MultiThreaded only initializes value once[Iterations: 4,636]" classname="serie2.ex3.CounterModuloTest" time="0.008"/>
  <testcase name="MultiThreaded only initializes value once[Iterations: 4,637]" classname="serie2.ex3.CounterModuloTest" time="0.008"/>
  <testcase name="MultiThreaded only initializes value once[Iterations: 4,638]" classname="serie2.ex3.CounterModuloTest" time="0.008"/>
  <testcase name="MultiThreaded only initializes value once[Iterations: 4,639]" classname="serie2.ex3.CounterModuloTest" time="0.008"/>
  <testcase name="MultiThreaded only initializes value once[Iterations: 4,640]" classname="serie2.ex3.CounterModuloTest" time="0.009"/>
  <testcase name="MultiThreaded only initializes value once[Iterations: 4,641]" classname="serie2.ex3.CounterModuloTest" time="0.01"/>
  <testcase name="MultiThreaded only initializes value once[Iterations: 4,642]" classname="serie2.ex3.CounterModuloTest" time="0.008"/>
  <testcase name="MultiThreaded only initializes value once[Iterations: 4,643]" classname="serie2.ex3.CounterModuloTest" time="0.008"/>
  <testcase name="MultiThreaded only initializes value once[Iterations: 4,644]" classname="serie2.ex3.CounterModuloTest" time="0.007"/>
  <testcase name="MultiThreaded only initializes value once[Iterations: 4,645]" classname="serie2.ex3.CounterModuloTest" time="0.008"/>
  <testcase name="MultiThreaded only initializes value once[Iterations: 4,646]" classname="serie2.ex3.CounterModuloTest" time="0.007"/>
  <testcase name="MultiThreaded only initializes value once[Iterations: 4,647]" classname="serie2.ex3.CounterModuloTest" time="0.009"/>
  <testcase name="MultiThreaded only initializes value once[Iterations: 4,648]" classname="serie2.ex3.CounterModuloTest" time="0.008"/>
  <testcase name="MultiThreaded only initializes value once[Iterations: 4,649]" classname="serie2.ex3.CounterModuloTest" time="0.008"/>
  <testcase name="MultiThreaded only initializes value once[Iterations: 4,650]" classname="serie2.ex3.CounterModuloTest" time="0.007"/>
  <testcase name="MultiThreaded only initializes value once[Iterations: 4,651]" classname="serie2.ex3.CounterModuloTest" time="0.007"/>
  <testcase name="MultiThreaded only initializes value once[Iterations: 4,652]" classname="serie2.ex3.CounterModuloTest" time="0.006"/>
  <testcase name="MultiThreaded only initializes value once[Iterations: 4,653]" classname="serie2.ex3.CounterModuloTest" time="0.008"/>
  <testcase name="MultiThreaded only initializes value once[Iterations: 4,654]" classname="serie2.ex3.CounterModuloTest" time="0.009"/>
  <testcase name="MultiThreaded only initializes value once[Iterations: 4,655]" classname="serie2.ex3.CounterModuloTest" time="0.008"/>
  <testcase name="MultiThreaded only initializes value once[Iterations: 4,656]" classname="serie2.ex3.CounterModuloTest" time="0.009"/>
  <testcase name="MultiThreaded only initializes value once[Iterations: 4,657]" classname="serie2.ex3.CounterModuloTest" time="0.008"/>
  <testcase name="MultiThreaded only initializes value once[Iterations: 4,658]" classname="serie2.ex3.CounterModuloTest" time="0.008"/>
  <testcase name="MultiThreaded only initializes value once[Iterations: 4,659]" classname="serie2.ex3.CounterModuloTest" time="0.007"/>
  <testcase name="MultiThreaded only initializes value once[Iterations: 4,660]" classname="serie2.ex3.CounterModuloTest" time="0.008"/>
  <testcase name="MultiThreaded only initializes value once[Iterations: 4,661]" classname="serie2.ex3.CounterModuloTest" time="0.008"/>
  <testcase name="MultiThreaded only initializes value once[Iterations: 4,662]" classname="serie2.ex3.CounterModuloTest" time="0.009"/>
  <testcase name="MultiThreaded only initializes value once[Iterations: 4,663]" classname="serie2.ex3.CounterModuloTest" time="0.007"/>
  <testcase name="MultiThreaded only initializes value once[Iterations: 4,664]" classname="serie2.ex3.CounterModuloTest" time="0.011"/>
  <testcase name="MultiThreaded only initializes value once[Iterations: 4,665]" classname="serie2.ex3.CounterModuloTest" time="0.008"/>
  <testcase name="MultiThreaded only initializes value once[Iterations: 4,666]" classname="serie2.ex3.CounterModuloTest" time="0.008"/>
  <testcase name="MultiThreaded only initializes value once[Iterations: 4,667]" classname="serie2.ex3.CounterModuloTest" time="0.007"/>
  <testcase name="MultiThreaded only initializes value once[Iterations: 4,668]" classname="serie2.ex3.CounterModuloTest" time="0.008"/>
  <testcase name="MultiThreaded only initializes value once[Iterations: 4,669]" classname="serie2.ex3.CounterModuloTest" time="0.008"/>
  <testcase name="MultiThreaded only initializes value once[Iterations: 4,670]" classname="serie2.ex3.CounterModuloTest" time="0.008"/>
  <testcase name="MultiThreaded only initializes value once[Iterations: 4,671]" classname="serie2.ex3.CounterModuloTest" time="0.009"/>
  <testcase name="MultiThreaded only initializes value once[Iterations: 4,672]" classname="serie2.ex3.CounterModuloTest" time="0.01"/>
  <testcase name="MultiThreaded only initializes value once[Iterations: 4,673]" classname="serie2.ex3.CounterModuloTest" time="0.009"/>
  <testcase name="MultiThreaded only initializes value once[Iterations: 4,674]" classname="serie2.ex3.CounterModuloTest" time="0.008"/>
  <testcase name="MultiThreaded only initializes value once[Iterations: 4,675]" classname="serie2.ex3.CounterModuloTest" time="0.008"/>
  <testcase name="MultiThreaded only initializes value once[Iterations: 4,676]" classname="serie2.ex3.CounterModuloTest" time="0.008"/>
  <testcase name="MultiThreaded only initializes value once[Iterations: 4,677]" classname="serie2.ex3.CounterModuloTest" time="0.008"/>
  <testcase name="MultiThreaded only initializes value once[Iterations: 4,678]" classname="serie2.ex3.CounterModuloTest" time="0.008"/>
  <testcase name="MultiThreaded only initializes value once[Iterations: 4,679]" classname="serie2.ex3.CounterModuloTest" time="0.008"/>
  <testcase name="MultiThreaded only initializes value once[Iterations: 4,680]" classname="serie2.ex3.CounterModuloTest" time="0.007"/>
  <testcase name="MultiThreaded only initializes value once[Iterations: 4,681]" classname="serie2.ex3.CounterModuloTest" time="0.007"/>
  <testcase name="MultiThreaded only initializes value once[Iterations: 4,682]" classname="serie2.ex3.CounterModuloTest" time="0.008"/>
  <testcase name="MultiThreaded only initializes value once[Iterations: 4,683]" classname="serie2.ex3.CounterModuloTest" time="0.008"/>
  <testcase name="MultiThreaded only initializes value once[Iterations: 4,684]" classname="serie2.ex3.CounterModuloTest" time="0.007"/>
  <testcase name="MultiThreaded only initializes value once[Iterations: 4,685]" classname="serie2.ex3.CounterModuloTest" time="0.008"/>
  <testcase name="MultiThreaded only initializes value once[Iterations: 4,686]" classname="serie2.ex3.CounterModuloTest" time="0.009"/>
  <testcase name="MultiThreaded only initializes value once[Iterations: 4,687]" classname="serie2.ex3.CounterModuloTest" time="0.008"/>
  <testcase name="MultiThreaded only initializes value once[Iterations: 4,688]" classname="serie2.ex3.CounterModuloTest" time="0.008"/>
  <testcase name="MultiThreaded only initializes value once[Iterations: 4,689]" classname="serie2.ex3.CounterModuloTest" time="0.007"/>
  <testcase name="MultiThreaded only initializes value once[Iterations: 4,690]" classname="serie2.ex3.CounterModuloTest" time="0.007"/>
  <testcase name="MultiThreaded only initializes value once[Iterations: 4,691]" classname="serie2.ex3.CounterModuloTest" time="0.008"/>
  <testcase name="MultiThreaded only initializes value once[Iterations: 4,692]" classname="serie2.ex3.CounterModuloTest" time="0.008"/>
  <testcase name="MultiThreaded only initializes value once[Iterations: 4,693]" classname="serie2.ex3.CounterModuloTest" time="0.008"/>
  <testcase name="MultiThreaded only initializes value once[Iterations: 4,694]" classname="serie2.ex3.CounterModuloTest" time="0.007"/>
  <testcase name="MultiThreaded only initializes value once[Iterations: 4,695]" classname="serie2.ex3.CounterModuloTest" time="0.007"/>
  <testcase name="MultiThreaded only initializes value once[Iterations: 4,696]" classname="serie2.ex3.CounterModuloTest" time="0.009"/>
  <testcase name="MultiThreaded only initializes value once[Iterations: 4,697]" classname="serie2.ex3.CounterModuloTest" time="0.007"/>
  <testcase name="MultiThreaded only initializes value once[Iterations: 4,698]" classname="serie2.ex3.CounterModuloTest" time="0.008"/>
  <testcase name="MultiThreaded only initializes value once[Iterations: 4,699]" classname="serie2.ex3.CounterModuloTest" time="0.008"/>
  <testcase name="MultiThreaded only initializes value once[Iterations: 4,700]" classname="serie2.ex3.CounterModuloTest" time="0.009"/>
  <testcase name="MultiThreaded only initializes value once[Iterations: 4,701]" classname="serie2.ex3.CounterModuloTest" time="0.007"/>
  <testcase name="MultiThreaded only initializes value once[Iterations: 4,702]" classname="serie2.ex3.CounterModuloTest" time="0.008"/>
  <testcase name="MultiThreaded only initializes value once[Iterations: 4,703]" classname="serie2.ex3.CounterModuloTest" time="0.008"/>
  <testcase name="MultiThreaded only initializes value once[Iterations: 4,704]" classname="serie2.ex3.CounterModuloTest" time="0.008"/>
  <testcase name="MultiThreaded only initializes value once[Iterations: 4,705]" classname="serie2.ex3.CounterModuloTest" time="0.008"/>
  <testcase name="MultiThreaded only initializes value once[Iterations: 4,706]" classname="serie2.ex3.CounterModuloTest" time="0.007"/>
  <testcase name="MultiThreaded only initializes value once[Iterations: 4,707]" classname="serie2.ex3.CounterModuloTest" time="0.008"/>
  <testcase name="MultiThreaded only initializes value once[Iterations: 4,708]" classname="serie2.ex3.CounterModuloTest" time="0.008"/>
  <testcase name="MultiThreaded only initializes value once[Iterations: 4,709]" classname="serie2.ex3.CounterModuloTest" time="0.007"/>
  <testcase name="MultiThreaded only initializes value once[Iterations: 4,710]" classname="serie2.ex3.CounterModuloTest" time="0.015"/>
  <testcase name="MultiThreaded only initializes value once[Iterations: 4,711]" classname="serie2.ex3.CounterModuloTest" time="0.007"/>
  <testcase name="MultiThreaded only initializes value once[Iterations: 4,712]" classname="serie2.ex3.CounterModuloTest" time="0.007"/>
  <testcase name="MultiThreaded only initializes value once[Iterations: 4,713]" classname="serie2.ex3.CounterModuloTest" time="0.008"/>
  <testcase name="MultiThreaded only initializes value once[Iterations: 4,714]" classname="serie2.ex3.CounterModuloTest" time="0.008"/>
  <testcase name="MultiThreaded only initializes value once[Iterations: 4,715]" classname="serie2.ex3.CounterModuloTest" time="0.008"/>
  <testcase name="MultiThreaded only initializes value once[Iterations: 4,716]" classname="serie2.ex3.CounterModuloTest" time="0.008"/>
  <testcase name="MultiThreaded only initializes value once[Iterations: 4,717]" classname="serie2.ex3.CounterModuloTest" time="0.008"/>
  <testcase name="MultiThreaded only initializes value once[Iterations: 4,718]" classname="serie2.ex3.CounterModuloTest" time="0.007"/>
  <testcase name="MultiThreaded only initializes value once[Iterations: 4,719]" classname="serie2.ex3.CounterModuloTest" time="0.007"/>
  <testcase name="MultiThreaded only initializes value once[Iterations: 4,720]" classname="serie2.ex3.CounterModuloTest" time="0.007"/>
  <testcase name="MultiThreaded only initializes value once[Iterations: 4,721]" classname="serie2.ex3.CounterModuloTest" time="0.009"/>
  <testcase name="MultiThreaded only initializes value once[Iterations: 4,722]" classname="serie2.ex3.CounterModuloTest" time="0.008"/>
  <testcase name="MultiThreaded only initializes value once[Iterations: 4,723]" classname="serie2.ex3.CounterModuloTest" time="0.009"/>
  <testcase name="MultiThreaded only initializes value once[Iterations: 4,724]" classname="serie2.ex3.CounterModuloTest" time="0.007"/>
  <testcase name="MultiThreaded only initializes value once[Iterations: 4,725]" classname="serie2.ex3.CounterModuloTest" time="0.008"/>
  <testcase name="MultiThreaded only initializes value once[Iterations: 4,726]" classname="serie2.ex3.CounterModuloTest" time="0.007"/>
  <testcase name="MultiThreaded only initializes value once[Iterations: 4,727]" classname="serie2.ex3.CounterModuloTest" time="0.008"/>
  <testcase name="MultiThreaded only initializes value once[Iterations: 4,728]" classname="serie2.ex3.CounterModuloTest" time="0.007"/>
  <testcase name="MultiThreaded only initializes value once[Iterations: 4,729]" classname="serie2.ex3.CounterModuloTest" time="0.009"/>
  <testcase name="MultiThreaded only initializes value once[Iterations: 4,730]" classname="serie2.ex3.CounterModuloTest" time="0.007"/>
  <testcase name="MultiThreaded only initializes value once[Iterations: 4,731]" classname="serie2.ex3.CounterModuloTest" time="0.011"/>
  <testcase name="MultiThreaded only initializes value once[Iterations: 4,732]" classname="serie2.ex3.CounterModuloTest" time="0.008"/>
  <testcase name="MultiThreaded only initializes value once[Iterations: 4,733]" classname="serie2.ex3.CounterModuloTest" time="0.007"/>
  <testcase name="MultiThreaded only initializes value once[Iterations: 4,734]" classname="serie2.ex3.CounterModuloTest" time="0.008"/>
  <testcase name="MultiThreaded only initializes value once[Iterations: 4,735]" classname="serie2.ex3.CounterModuloTest" time="0.008"/>
  <testcase name="MultiThreaded only initializes value once[Iterations: 4,736]" classname="serie2.ex3.CounterModuloTest" time="0.01"/>
  <testcase name="MultiThreaded only initializes value once[Iterations: 4,737]" classname="serie2.ex3.CounterModuloTest" time="0.008"/>
  <testcase name="MultiThreaded only initializes value once[Iterations: 4,738]" classname="serie2.ex3.CounterModuloTest" time="0.007"/>
  <testcase name="MultiThreaded only initializes value once[Iterations: 4,739]" classname="serie2.ex3.CounterModuloTest" time="0.008"/>
  <testcase name="MultiThreaded only initializes value once[Iterations: 4,740]" classname="serie2.ex3.CounterModuloTest" time="0.007"/>
  <testcase name="MultiThreaded only initializes value once[Iterations: 4,741]" classname="serie2.ex3.CounterModuloTest" time="0.007"/>
  <testcase name="MultiThreaded only initializes value once[Iterations: 4,742]" classname="serie2.ex3.CounterModuloTest" time="0.006"/>
  <testcase name="MultiThreaded only initializes value once[Iterations: 4,743]" classname="serie2.ex3.CounterModuloTest" time="0.008"/>
  <testcase name="MultiThreaded only initializes value once[Iterations: 4,744]" classname="serie2.ex3.CounterModuloTest" time="0.007"/>
  <testcase name="MultiThreaded only initializes value once[Iterations: 4,745]" classname="serie2.ex3.CounterModuloTest" time="0.007"/>
  <testcase name="MultiThreaded only initializes value once[Iterations: 4,746]" classname="serie2.ex3.CounterModuloTest" time="0.007"/>
  <testcase name="MultiThreaded only initializes value once[Iterations: 4,747]" classname="serie2.ex3.CounterModuloTest" time="0.008"/>
  <testcase name="MultiThreaded only initializes value once[Iterations: 4,748]" classname="serie2.ex3.CounterModuloTest" time="0.008"/>
  <testcase name="MultiThreaded only initializes value once[Iterations: 4,749]" classname="serie2.ex3.CounterModuloTest" time="0.007"/>
  <testcase name="MultiThreaded only initializes value once[Iterations: 4,750]" classname="serie2.ex3.CounterModuloTest" time="0.007"/>
  <testcase name="MultiThreaded only initializes value once[Iterations: 4,751]" classname="serie2.ex3.CounterModuloTest" time="0.009"/>
  <testcase name="MultiThreaded only initializes value once[Iterations: 4,752]" classname="serie2.ex3.CounterModuloTest" time="0.007"/>
  <testcase name="MultiThreaded only initializes value once[Iterations: 4,753]" classname="serie2.ex3.CounterModuloTest" time="0.007"/>
  <testcase name="MultiThreaded only initializes value once[Iterations: 4,754]" classname="serie2.ex3.CounterModuloTest" time="0.007"/>
  <testcase name="MultiThreaded only initializes value once[Iterations: 4,755]" classname="serie2.ex3.CounterModuloTest" time="0.007"/>
  <testcase name="MultiThreaded only initializes value once[Iterations: 4,756]" classname="serie2.ex3.CounterModuloTest" time="0.008"/>
  <testcase name="MultiThreaded only initializes value once[Iterations: 4,757]" classname="serie2.ex3.CounterModuloTest" time="0.011"/>
  <testcase name="MultiThreaded only initializes value once[Iterations: 4,758]" classname="serie2.ex3.CounterModuloTest" time="0.007"/>
  <testcase name="MultiThreaded only initializes value once[Iterations: 4,759]" classname="serie2.ex3.CounterModuloTest" time="0.007"/>
  <testcase name="MultiThreaded only initializes value once[Iterations: 4,760]" classname="serie2.ex3.CounterModuloTest" time="0.006"/>
  <testcase name="MultiThreaded only initializes value once[Iterations: 4,761]" classname="serie2.ex3.CounterModuloTest" time="0.008"/>
  <testcase name="MultiThreaded only initializes value once[Iterations: 4,762]" classname="serie2.ex3.CounterModuloTest" time="0.007"/>
  <testcase name="MultiThreaded only initializes value once[Iterations: 4,763]" classname="serie2.ex3.CounterModuloTest" time="0.007"/>
  <testcase name="MultiThreaded only initializes value once[Iterations: 4,764]" classname="serie2.ex3.CounterModuloTest" time="0.007"/>
  <testcase name="MultiThreaded only initializes value once[Iterations: 4,765]" classname="serie2.ex3.CounterModuloTest" time="0.007"/>
  <testcase name="MultiThreaded only initializes value once[Iterations: 4,766]" classname="serie2.ex3.CounterModuloTest" time="0.008"/>
  <testcase name="MultiThreaded only initializes value once[Iterations: 4,767]" classname="serie2.ex3.CounterModuloTest" time="0.006"/>
  <testcase name="MultiThreaded only initializes value once[Iterations: 4,768]" classname="serie2.ex3.CounterModuloTest" time="0.008"/>
  <testcase name="MultiThreaded only initializes value once[Iterations: 4,769]" classname="serie2.ex3.CounterModuloTest" time="0.007"/>
  <testcase name="MultiThreaded only initializes value once[Iterations: 4,770]" classname="serie2.ex3.CounterModuloTest" time="0.009"/>
  <testcase name="MultiThreaded only initializes value once[Iterations: 4,771]" classname="serie2.ex3.CounterModuloTest" time="0.008"/>
  <testcase name="MultiThreaded only initializes value once[Iterations: 4,772]" classname="serie2.ex3.CounterModuloTest" time="0.008"/>
  <testcase name="MultiThreaded only initializes value once[Iterations: 4,773]" classname="serie2.ex3.CounterModuloTest" time="0.007"/>
  <testcase name="MultiThreaded only initializes value once[Iterations: 4,774]" classname="serie2.ex3.CounterModuloTest" time="0.007"/>
  <testcase name="MultiThreaded only initializes value once[Iterations: 4,775]" classname="serie2.ex3.CounterModuloTest" time="0.007"/>
  <testcase name="MultiThreaded only initializes value once[Iterations: 4,776]" classname="serie2.ex3.CounterModuloTest" time="0.007"/>
  <testcase name="MultiThreaded only initializes value once[Iterations: 4,777]" classname="serie2.ex3.CounterModuloTest" time="0.006"/>
  <testcase name="MultiThreaded only initializes value once[Iterations: 4,778]" classname="serie2.ex3.CounterModuloTest" time="0.007"/>
  <testcase name="MultiThreaded only initializes value once[Iterations: 4,779]" classname="serie2.ex3.CounterModuloTest" time="0.007"/>
  <testcase name="MultiThreaded only initializes value once[Iterations: 4,780]" classname="serie2.ex3.CounterModuloTest" time="0.007"/>
  <testcase name="MultiThreaded only initializes value once[Iterations: 4,781]" classname="serie2.ex3.CounterModuloTest" time="0.007"/>
  <testcase name="MultiThreaded only initializes value once[Iterations: 4,782]" classname="serie2.ex3.CounterModuloTest" time="0.007"/>
  <testcase name="MultiThreaded only initializes value once[Iterations: 4,783]" classname="serie2.ex3.CounterModuloTest" time="0.007"/>
  <testcase name="MultiThreaded only initializes value once[Iterations: 4,784]" classname="serie2.ex3.CounterModuloTest" time="0.006"/>
  <testcase name="MultiThreaded only initializes value once[Iterations: 4,785]" classname="serie2.ex3.CounterModuloTest" time="0.006"/>
  <testcase name="MultiThreaded only initializes value once[Iterations: 4,786]" classname="serie2.ex3.CounterModuloTest" time="0.006"/>
  <testcase name="MultiThreaded only initializes value once[Iterations: 4,787]" classname="serie2.ex3.CounterModuloTest" time="0.007"/>
  <testcase name="MultiThreaded only initializes value once[Iterations: 4,788]" classname="serie2.ex3.CounterModuloTest" time="0.006"/>
  <testcase name="MultiThreaded only initializes value once[Iterations: 4,789]" classname="serie2.ex3.CounterModuloTest" time="0.007"/>
  <testcase name="MultiThreaded only initializes value once[Iterations: 4,790]" classname="serie2.ex3.CounterModuloTest" time="0.006"/>
  <testcase name="MultiThreaded only initializes value once[Iterations: 4,791]" classname="serie2.ex3.CounterModuloTest" time="0.007"/>
  <testcase name="MultiThreaded only initializes value once[Iterations: 4,792]" classname="serie2.ex3.CounterModuloTest" time="0.007"/>
  <testcase name="MultiThreaded only initializes value once[Iterations: 4,793]" classname="serie2.ex3.CounterModuloTest" time="0.007"/>
  <testcase name="MultiThreaded only initializes value once[Iterations: 4,794]" classname="serie2.ex3.CounterModuloTest" time="0.006"/>
  <testcase name="MultiThreaded only initializes value once[Iterations: 4,795]" classname="serie2.ex3.CounterModuloTest" time="0.008"/>
  <testcase name="MultiThreaded only initializes value once[Iterations: 4,796]" classname="serie2.ex3.CounterModuloTest" time="0.006"/>
  <testcase name="MultiThreaded only initializes value once[Iterations: 4,797]" classname="serie2.ex3.CounterModuloTest" time="0.008"/>
  <testcase name="MultiThreaded only initializes value once[Iterations: 4,798]" classname="serie2.ex3.CounterModuloTest" time="0.006"/>
  <testcase name="MultiThreaded only initializes value once[Iterations: 4,799]" classname="serie2.ex3.CounterModuloTest" time="0.007"/>
  <testcase name="MultiThreaded only initializes value once[Iterations: 4,800]" classname="serie2.ex3.CounterModuloTest" time="0.007"/>
  <testcase name="MultiThreaded only initializes value once[Iterations: 4,801]" classname="serie2.ex3.CounterModuloTest" time="0.006"/>
  <testcase name="MultiThreaded only initializes value once[Iterations: 4,802]" classname="serie2.ex3.CounterModuloTest" time="0.008"/>
  <testcase name="MultiThreaded only initializes value once[Iterations: 4,803]" classname="serie2.ex3.CounterModuloTest" time="0.006"/>
  <testcase name="MultiThreaded only initializes value once[Iterations: 4,804]" classname="serie2.ex3.CounterModuloTest" time="0.007"/>
  <testcase name="MultiThreaded only initializes value once[Iterations: 4,805]" classname="serie2.ex3.CounterModuloTest" time="0.005"/>
  <testcase name="MultiThreaded only initializes value once[Iterations: 4,806]" classname="serie2.ex3.CounterModuloTest" time="0.007"/>
  <testcase name="MultiThreaded only initializes value once[Iterations: 4,807]" classname="serie2.ex3.CounterModuloTest" time="0.006"/>
  <testcase name="MultiThreaded only initializes value once[Iterations: 4,808]" classname="serie2.ex3.CounterModuloTest" time="0.007"/>
  <testcase name="MultiThreaded only initializes value once[Iterations: 4,809]" classname="serie2.ex3.CounterModuloTest" time="0.007"/>
  <testcase name="MultiThreaded only initializes value once[Iterations: 4,810]" classname="serie2.ex3.CounterModuloTest" time="0.007"/>
  <testcase name="MultiThreaded only initializes value once[Iterations: 4,811]" classname="serie2.ex3.CounterModuloTest" time="0.006"/>
  <testcase name="MultiThreaded only initializes value once[Iterations: 4,812]" classname="serie2.ex3.CounterModuloTest" time="0.007"/>
  <testcase name="MultiThreaded only initializes value once[Iterations: 4,813]" classname="serie2.ex3.CounterModuloTest" time="0.006"/>
  <testcase name="MultiThreaded only initializes value once[Iterations: 4,814]" classname="serie2.ex3.CounterModuloTest" time="0.007"/>
  <testcase name="MultiThreaded only initializes value once[Iterations: 4,815]" classname="serie2.ex3.CounterModuloTest" time="0.007"/>
  <testcase name="MultiThreaded only initializes value once[Iterations: 4,816]" classname="serie2.ex3.CounterModuloTest" time="0.008"/>
  <testcase name="MultiThreaded only initializes value once[Iterations: 4,817]" classname="serie2.ex3.CounterModuloTest" time="0.007"/>
  <testcase name="MultiThreaded only initializes value once[Iterations: 4,818]" classname="serie2.ex3.CounterModuloTest" time="0.007"/>
  <testcase name="MultiThreaded only initializes value once[Iterations: 4,819]" classname="serie2.ex3.CounterModuloTest" time="0.007"/>
  <testcase name="MultiThreaded only initializes value once[Iterations: 4,820]" classname="serie2.ex3.CounterModuloTest" time="0.007"/>
  <testcase name="MultiThreaded only initializes value once[Iterations: 4,821]" classname="serie2.ex3.CounterModuloTest" time="0.008"/>
  <testcase name="MultiThreaded only initializes value once[Iterations: 4,822]" classname="serie2.ex3.CounterModuloTest" time="0.007"/>
  <testcase name="MultiThreaded only initializes value once[Iterations: 4,823]" classname="serie2.ex3.CounterModuloTest" time="0.007"/>
  <testcase name="MultiThreaded only initializes value once[Iterations: 4,824]" classname="serie2.ex3.CounterModuloTest" time="0.009"/>
  <testcase name="MultiThreaded only initializes value once[Iterations: 4,825]" classname="serie2.ex3.CounterModuloTest" time="0.008"/>
  <testcase name="MultiThreaded only initializes value once[Iterations: 4,826]" classname="serie2.ex3.CounterModuloTest" time="0.007"/>
  <testcase name="MultiThreaded only initializes value once[Iterations: 4,827]" classname="serie2.ex3.CounterModuloTest" time="0.007"/>
  <testcase name="MultiThreaded only initializes value once[Iterations: 4,828]" classname="serie2.ex3.CounterModuloTest" time="0.007"/>
  <testcase name="MultiThreaded only initializes value once[Iterations: 4,829]" classname="serie2.ex3.CounterModuloTest" time="0.007"/>
  <testcase name="MultiThreaded only initializes value once[Iterations: 4,830]" classname="serie2.ex3.CounterModuloTest" time="0.008"/>
  <testcase name="MultiThreaded only initializes value once[Iterations: 4,831]" classname="serie2.ex3.CounterModuloTest" time="0.009"/>
  <testcase name="MultiThreaded only initializes value once[Iterations: 4,832]" classname="serie2.ex3.CounterModuloTest" time="0.008"/>
  <testcase name="MultiThreaded only initializes value once[Iterations: 4,833]" classname="serie2.ex3.CounterModuloTest" time="0.007"/>
  <testcase name="MultiThreaded only initializes value once[Iterations: 4,834]" classname="serie2.ex3.CounterModuloTest" time="0.006"/>
  <testcase name="MultiThreaded only initializes value once[Iterations: 4,835]" classname="serie2.ex3.CounterModuloTest" time="0.009"/>
  <testcase name="MultiThreaded only initializes value once[Iterations: 4,836]" classname="serie2.ex3.CounterModuloTest" time="0.008"/>
  <testcase name="MultiThreaded only initializes value once[Iterations: 4,837]" classname="serie2.ex3.CounterModuloTest" time="0.007"/>
  <testcase name="MultiThreaded only initializes value once[Iterations: 4,838]" classname="serie2.ex3.CounterModuloTest" time="0.008"/>
  <testcase name="MultiThreaded only initializes value once[Iterations: 4,839]" classname="serie2.ex3.CounterModuloTest" time="0.008"/>
  <testcase name="MultiThreaded only initializes value once[Iterations: 4,840]" classname="serie2.ex3.CounterModuloTest" time="0.008"/>
  <testcase name="MultiThreaded only initializes value once[Iterations: 4,841]" classname="serie2.ex3.CounterModuloTest" time="0.007"/>
  <testcase name="MultiThreaded only initializes value once[Iterations: 4,842]" classname="serie2.ex3.CounterModuloTest" time="0.007"/>
  <testcase name="MultiThreaded only initializes value once[Iterations: 4,843]" classname="serie2.ex3.CounterModuloTest" time="0.007"/>
  <testcase name="MultiThreaded only initializes value once[Iterations: 4,844]" classname="serie2.ex3.CounterModuloTest" time="0.007"/>
  <testcase name="MultiThreaded only initializes value once[Iterations: 4,845]" classname="serie2.ex3.CounterModuloTest" time="0.007"/>
  <testcase name="MultiThreaded only initializes value once[Iterations: 4,846]" classname="serie2.ex3.CounterModuloTest" time="0.009"/>
  <testcase name="MultiThreaded only initializes value once[Iterations: 4,847]" classname="serie2.ex3.CounterModuloTest" time="0.007"/>
  <testcase name="MultiThreaded only initializes value once[Iterations: 4,848]" classname="serie2.ex3.CounterModuloTest" time="0.007"/>
  <testcase name="MultiThreaded only initializes value once[Iterations: 4,849]" classname="serie2.ex3.CounterModuloTest" time="0.006"/>
  <testcase name="MultiThreaded only initializes value once[Iterations: 4,850]" classname="serie2.ex3.CounterModuloTest" time="0.007"/>
  <testcase name="MultiThreaded only initializes value once[Iterations: 4,851]" classname="serie2.ex3.CounterModuloTest" time="0.007"/>
  <testcase name="MultiThreaded only initializes value once[Iterations: 4,852]" classname="serie2.ex3.CounterModuloTest" time="0.007"/>
  <testcase name="MultiThreaded only initializes value once[Iterations: 4,853]" classname="serie2.ex3.CounterModuloTest" time="0.007"/>
  <testcase name="MultiThreaded only initializes value once[Iterations: 4,854]" classname="serie2.ex3.CounterModuloTest" time="0.006"/>
  <testcase name="MultiThreaded only initializes value once[Iterations: 4,855]" classname="serie2.ex3.CounterModuloTest" time="0.007"/>
  <testcase name="MultiThreaded only initializes value once[Iterations: 4,856]" classname="serie2.ex3.CounterModuloTest" time="0.006"/>
  <testcase name="MultiThreaded only initializes value once[Iterations: 4,857]" classname="serie2.ex3.CounterModuloTest" time="0.008"/>
  <testcase name="MultiThreaded only initializes value once[Iterations: 4,858]" classname="serie2.ex3.CounterModuloTest" time="0.007"/>
  <testcase name="MultiThreaded only initializes value once[Iterations: 4,859]" classname="serie2.ex3.CounterModuloTest" time="0.008"/>
  <testcase name="MultiThreaded only initializes value once[Iterations: 4,860]" classname="serie2.ex3.CounterModuloTest" time="0.007"/>
  <testcase name="MultiThreaded only initializes value once[Iterations: 4,861]" classname="serie2.ex3.CounterModuloTest" time="0.008"/>
  <testcase name="MultiThreaded only initializes value once[Iterations: 4,862]" classname="serie2.ex3.CounterModuloTest" time="0.007"/>
  <testcase name="MultiThreaded only initializes value once[Iterations: 4,863]" classname="serie2.ex3.CounterModuloTest" time="0.008"/>
  <testcase name="MultiThreaded only initializes value once[Iterations: 4,864]" classname="serie2.ex3.CounterModuloTest" time="0.008"/>
  <testcase name="MultiThreaded only initializes value once[Iterations: 4,865]" classname="serie2.ex3.CounterModuloTest" time="0.007"/>
  <testcase name="MultiThreaded only initializes value once[Iterations: 4,866]" classname="serie2.ex3.CounterModuloTest" time="0.008"/>
  <testcase name="MultiThreaded only initializes value once[Iterations: 4,867]" classname="serie2.ex3.CounterModuloTest" time="0.007"/>
  <testcase name="MultiThreaded only initializes value once[Iterations: 4,868]" classname="serie2.ex3.CounterModuloTest" time="0.008"/>
  <testcase name="MultiThreaded only initializes value once[Iterations: 4,869]" classname="serie2.ex3.CounterModuloTest" time="0.007"/>
  <testcase name="MultiThreaded only initializes value once[Iterations: 4,870]" classname="serie2.ex3.CounterModuloTest" time="0.009"/>
  <testcase name="MultiThreaded only initializes value once[Iterations: 4,871]" classname="serie2.ex3.CounterModuloTest" time="0.008"/>
  <testcase name="MultiThreaded only initializes value once[Iterations: 4,872]" classname="serie2.ex3.CounterModuloTest" time="0.007"/>
  <testcase name="MultiThreaded only initializes value once[Iterations: 4,873]" classname="serie2.ex3.CounterModuloTest" time="0.008"/>
  <testcase name="MultiThreaded only initializes value once[Iterations: 4,874]" classname="serie2.ex3.CounterModuloTest" time="0.008"/>
  <testcase name="MultiThreaded only initializes value once[Iterations: 4,875]" classname="serie2.ex3.CounterModuloTest" time="0.008"/>
  <testcase name="MultiThreaded only initializes value once[Iterations: 4,876]" classname="serie2.ex3.CounterModuloTest" time="0.008"/>
  <testcase name="MultiThreaded only initializes value once[Iterations: 4,877]" classname="serie2.ex3.CounterModuloTest" time="0.008"/>
  <testcase name="MultiThreaded only initializes value once[Iterations: 4,878]" classname="serie2.ex3.CounterModuloTest" time="0.009"/>
  <testcase name="MultiThreaded only initializes value once[Iterations: 4,879]" classname="serie2.ex3.CounterModuloTest" time="0.008"/>
  <testcase name="MultiThreaded only initializes value once[Iterations: 4,880]" classname="serie2.ex3.CounterModuloTest" time="0.007"/>
  <testcase name="MultiThreaded only initializes value once[Iterations: 4,881]" classname="serie2.ex3.CounterModuloTest" time="0.007"/>
  <testcase name="MultiThreaded only initializes value once[Iterations: 4,882]" classname="serie2.ex3.CounterModuloTest" time="0.007"/>
  <testcase name="MultiThreaded only initializes value once[Iterations: 4,883]" classname="serie2.ex3.CounterModuloTest" time="0.007"/>
  <testcase name="MultiThreaded only initializes value once[Iterations: 4,884]" classname="serie2.ex3.CounterModuloTest" time="0.007"/>
  <testcase name="MultiThreaded only initializes value once[Iterations: 4,885]" classname="serie2.ex3.CounterModuloTest" time="0.006"/>
  <testcase name="MultiThreaded only initializes value once[Iterations: 4,886]" classname="serie2.ex3.CounterModuloTest" time="0.007"/>
  <testcase name="MultiThreaded only initializes value once[Iterations: 4,887]" classname="serie2.ex3.CounterModuloTest" time="0.007"/>
  <testcase name="MultiThreaded only initializes value once[Iterations: 4,888]" classname="serie2.ex3.CounterModuloTest" time="0.007"/>
  <testcase name="MultiThreaded only initializes value once[Iterations: 4,889]" classname="serie2.ex3.CounterModuloTest" time="0.008"/>
  <testcase name="MultiThreaded only initializes value once[Iterations: 4,890]" classname="serie2.ex3.CounterModuloTest" time="0.008"/>
  <testcase name="MultiThreaded only initializes value once[Iterations: 4,891]" classname="serie2.ex3.CounterModuloTest" time="0.007"/>
  <testcase name="MultiThreaded only initializes value once[Iterations: 4,892]" classname="serie2.ex3.CounterModuloTest" time="0.007"/>
  <testcase name="MultiThreaded only initializes value once[Iterations: 4,893]" classname="serie2.ex3.CounterModuloTest" time="0.006"/>
  <testcase name="MultiThreaded only initializes value once[Iterations: 4,894]" classname="serie2.ex3.CounterModuloTest" time="0.007"/>
  <testcase name="MultiThreaded only initializes value once[Iterations: 4,895]" classname="serie2.ex3.CounterModuloTest" time="0.007"/>
  <testcase name="MultiThreaded only initializes value once[Iterations: 4,896]" classname="serie2.ex3.CounterModuloTest" time="0.006"/>
  <testcase name="MultiThreaded only initializes value once[Iterations: 4,897]" classname="serie2.ex3.CounterModuloTest" time="0.006"/>
  <testcase name="MultiThreaded only initializes value once[Iterations: 4,898]" classname="serie2.ex3.CounterModuloTest" time="0.007"/>
  <testcase name="MultiThreaded only initializes value once[Iterations: 4,899]" classname="serie2.ex3.CounterModuloTest" time="0.005"/>
  <testcase name="MultiThreaded only initializes value once[Iterations: 4,900]" classname="serie2.ex3.CounterModuloTest" time="0.009"/>
  <testcase name="MultiThreaded only initializes value once[Iterations: 4,901]" classname="serie2.ex3.CounterModuloTest" time="0.005"/>
  <testcase name="MultiThreaded only initializes value once[Iterations: 4,902]" classname="serie2.ex3.CounterModuloTest" time="0.007"/>
  <testcase name="MultiThreaded only initializes value once[Iterations: 4,903]" classname="serie2.ex3.CounterModuloTest" time="0.007"/>
  <testcase name="MultiThreaded only initializes value once[Iterations: 4,904]" classname="serie2.ex3.CounterModuloTest" time="0.006"/>
  <testcase name="MultiThreaded only initializes value once[Iterations: 4,905]" classname="serie2.ex3.CounterModuloTest" time="0.006"/>
  <testcase name="MultiThreaded only initializes value once[Iterations: 4,906]" classname="serie2.ex3.CounterModuloTest" time="0.007"/>
  <testcase name="MultiThreaded only initializes value once[Iterations: 4,907]" classname="serie2.ex3.CounterModuloTest" time="0.009"/>
  <testcase name="MultiThreaded only initializes value once[Iterations: 4,908]" classname="serie2.ex3.CounterModuloTest" time="0.007"/>
  <testcase name="MultiThreaded only initializes value once[Iterations: 4,909]" classname="serie2.ex3.CounterModuloTest" time="0.011"/>
  <testcase name="MultiThreaded only initializes value once[Iterations: 4,910]" classname="serie2.ex3.CounterModuloTest" time="0.01"/>
  <testcase name="MultiThreaded only initializes value once[Iterations: 4,911]" classname="serie2.ex3.CounterModuloTest" time="0.008"/>
  <testcase name="MultiThreaded only initializes value once[Iterations: 4,912]" classname="serie2.ex3.CounterModuloTest" time="0.008"/>
  <testcase name="MultiThreaded only initializes value once[Iterations: 4,913]" classname="serie2.ex3.CounterModuloTest" time="0.007"/>
  <testcase name="MultiThreaded only initializes value once[Iterations: 4,914]" classname="serie2.ex3.CounterModuloTest" time="0.009"/>
  <testcase name="MultiThreaded only initializes value once[Iterations: 4,915]" classname="serie2.ex3.CounterModuloTest" time="0.008"/>
  <testcase name="MultiThreaded only initializes value once[Iterations: 4,916]" classname="serie2.ex3.CounterModuloTest" time="0.008"/>
  <testcase name="MultiThreaded only initializes value once[Iterations: 4,917]" classname="serie2.ex3.CounterModuloTest" time="0.007"/>
  <testcase name="MultiThreaded only initializes value once[Iterations: 4,918]" classname="serie2.ex3.CounterModuloTest" time="0.007"/>
  <testcase name="MultiThreaded only initializes value once[Iterations: 4,919]" classname="serie2.ex3.CounterModuloTest" time="0.01"/>
  <testcase name="MultiThreaded only initializes value once[Iterations: 4,920]" classname="serie2.ex3.CounterModuloTest" time="0.007"/>
  <testcase name="MultiThreaded only initializes value once[Iterations: 4,921]" classname="serie2.ex3.CounterModuloTest" time="0.007"/>
  <testcase name="MultiThreaded only initializes value once[Iterations: 4,922]" classname="serie2.ex3.CounterModuloTest" time="0.008"/>
  <testcase name="MultiThreaded only initializes value once[Iterations: 4,923]" classname="serie2.ex3.CounterModuloTest" time="0.006"/>
  <testcase name="MultiThreaded only initializes value once[Iterations: 4,924]" classname="serie2.ex3.CounterModuloTest" time="0.008"/>
  <testcase name="MultiThreaded only initializes value once[Iterations: 4,925]" classname="serie2.ex3.CounterModuloTest" time="0.007"/>
  <testcase name="MultiThreaded only initializes value once[Iterations: 4,926]" classname="serie2.ex3.CounterModuloTest" time="0.007"/>
  <testcase name="MultiThreaded only initializes value once[Iterations: 4,927]" classname="serie2.ex3.CounterModuloTest" time="0.007"/>
  <testcase name="MultiThreaded only initializes value once[Iterations: 4,928]" classname="serie2.ex3.CounterModuloTest" time="0.007"/>
  <testcase name="MultiThreaded only initializes value once[Iterations: 4,929]" classname="serie2.ex3.CounterModuloTest" time="0.007"/>
  <testcase name="MultiThreaded only initializes value once[Iterations: 4,930]" classname="serie2.ex3.CounterModuloTest" time="0.007"/>
  <testcase name="MultiThreaded only initializes value once[Iterations: 4,931]" classname="serie2.ex3.CounterModuloTest" time="0.008"/>
  <testcase name="MultiThreaded only initializes value once[Iterations: 4,932]" classname="serie2.ex3.CounterModuloTest" time="0.008"/>
  <testcase name="MultiThreaded only initializes value once[Iterations: 4,933]" classname="serie2.ex3.CounterModuloTest" time="0.006"/>
  <testcase name="MultiThreaded only initializes value once[Iterations: 4,934]" classname="serie2.ex3.CounterModuloTest" time="0.007"/>
  <testcase name="MultiThreaded only initializes value once[Iterations: 4,935]" classname="serie2.ex3.CounterModuloTest" time="0.009"/>
  <testcase name="MultiThreaded only initializes value once[Iterations: 4,936]" classname="serie2.ex3.CounterModuloTest" time="0.008"/>
  <testcase name="MultiThreaded only initializes value once[Iterations: 4,937]" classname="serie2.ex3.CounterModuloTest" time="0.008"/>
  <testcase name="MultiThreaded only initializes value once[Iterations: 4,938]" classname="serie2.ex3.CounterModuloTest" time="0.008"/>
  <testcase name="MultiThreaded only initializes value once[Iterations: 4,939]" classname="serie2.ex3.CounterModuloTest" time="0.008"/>
  <testcase name="MultiThreaded only initializes value once[Iterations: 4,940]" classname="serie2.ex3.CounterModuloTest" time="0.009"/>
  <testcase name="MultiThreaded only initializes value once[Iterations: 4,941]" classname="serie2.ex3.CounterModuloTest" time="0.008"/>
  <testcase name="MultiThreaded only initializes value once[Iterations: 4,942]" classname="serie2.ex3.CounterModuloTest" time="0.008"/>
  <testcase name="MultiThreaded only initializes value once[Iterations: 4,943]" classname="serie2.ex3.CounterModuloTest" time="0.008"/>
  <testcase name="MultiThreaded only initializes value once[Iterations: 4,944]" classname="serie2.ex3.CounterModuloTest" time="0.007"/>
  <testcase name="MultiThreaded only initializes value once[Iterations: 4,945]" classname="serie2.ex3.CounterModuloTest" time="0.009"/>
  <testcase name="MultiThreaded only initializes value once[Iterations: 4,946]" classname="serie2.ex3.CounterModuloTest" time="0.008"/>
  <testcase name="MultiThreaded only initializes value once[Iterations: 4,947]" classname="serie2.ex3.CounterModuloTest" time="0.007"/>
  <testcase name="MultiThreaded only initializes value once[Iterations: 4,948]" classname="serie2.ex3.CounterModuloTest" time="0.008"/>
  <testcase name="MultiThreaded only initializes value once[Iterations: 4,949]" classname="serie2.ex3.CounterModuloTest" time="0.008"/>
  <testcase name="MultiThreaded only initializes value once[Iterations: 4,950]" classname="serie2.ex3.CounterModuloTest" time="0.007"/>
  <testcase name="MultiThreaded only initializes value once[Iterations: 4,951]" classname="serie2.ex3.CounterModuloTest" time="0.009"/>
  <testcase name="MultiThreaded only initializes value once[Iterations: 4,952]" classname="serie2.ex3.CounterModuloTest" time="0.008"/>
  <testcase name="MultiThreaded only initializes value once[Iterations: 4,953]" classname="serie2.ex3.CounterModuloTest" time="0.01"/>
  <testcase name="MultiThreaded only initializes value once[Iterations: 4,954]" classname="serie2.ex3.CounterModuloTest" time="0.007"/>
  <testcase name="MultiThreaded only initializes value once[Iterations: 4,955]" classname="serie2.ex3.CounterModuloTest" time="0.008"/>
  <testcase name="MultiThreaded only initializes value once[Iterations: 4,956]" classname="serie2.ex3.CounterModuloTest" time="0.008"/>
  <testcase name="MultiThreaded only initializes value once[Iterations: 4,957]" classname="serie2.ex3.CounterModuloTest" time="0.008"/>
  <testcase name="MultiThreaded only initializes value once[Iterations: 4,958]" classname="serie2.ex3.CounterModuloTest" time="0.008"/>
  <testcase name="MultiThreaded only initializes value once[Iterations: 4,959]" classname="serie2.ex3.CounterModuloTest" time="0.007"/>
  <testcase name="MultiThreaded only initializes value once[Iterations: 4,960]" classname="serie2.ex3.CounterModuloTest" time="0.007"/>
  <testcase name="MultiThreaded only initializes value once[Iterations: 4,961]" classname="serie2.ex3.CounterModuloTest" time="0.007"/>
  <testcase name="MultiThreaded only initializes value once[Iterations: 4,962]" classname="serie2.ex3.CounterModuloTest" time="0.008"/>
  <testcase name="MultiThreaded only initializes value once[Iterations: 4,963]" classname="serie2.ex3.CounterModuloTest" time="0.008"/>
  <testcase name="MultiThreaded only initializes value once[Iterations: 4,964]" classname="serie2.ex3.CounterModuloTest" time="0.007"/>
  <testcase name="MultiThreaded only initializes value once[Iterations: 4,965]" classname="serie2.ex3.CounterModuloTest" time="0.009"/>
  <testcase name="MultiThreaded only initializes value once[Iterations: 4,966]" classname="serie2.ex3.CounterModuloTest" time="0.007"/>
  <testcase name="MultiThreaded only initializes value once[Iterations: 4,967]" classname="serie2.ex3.CounterModuloTest" time="0.009"/>
  <testcase name="MultiThreaded only initializes value once[Iterations: 4,968]" classname="serie2.ex3.CounterModuloTest" time="0.008"/>
  <testcase name="MultiThreaded only initializes value once[Iterations: 4,969]" classname="serie2.ex3.CounterModuloTest" time="0.006"/>
  <testcase name="MultiThreaded only initializes value once[Iterations: 4,970]" classname="serie2.ex3.CounterModuloTest" time="0.007"/>
  <testcase name="MultiThreaded only initializes value once[Iterations: 4,971]" classname="serie2.ex3.CounterModuloTest" time="0.007"/>
  <testcase name="MultiThreaded only initializes value once[Iterations: 4,972]" classname="serie2.ex3.CounterModuloTest" time="0.007"/>
  <testcase name="MultiThreaded only initializes value once[Iterations: 4,973]" classname="serie2.ex3.CounterModuloTest" time="0.006"/>
  <testcase name="MultiThreaded only initializes value once[Iterations: 4,974]" classname="serie2.ex3.CounterModuloTest" time="0.007"/>
  <testcase name="MultiThreaded only initializes value once[Iterations: 4,975]" classname="serie2.ex3.CounterModuloTest" time="0.007"/>
  <testcase name="MultiThreaded only initializes value once[Iterations: 4,976]" classname="serie2.ex3.CounterModuloTest" time="0.008"/>
  <testcase name="MultiThreaded only initializes value once[Iterations: 4,977]" classname="serie2.ex3.CounterModuloTest" time="0.01"/>
  <testcase name="MultiThreaded only initializes value once[Iterations: 4,978]" classname="serie2.ex3.CounterModuloTest" time="0.009"/>
  <testcase name="MultiThreaded only initializes value once[Iterations: 4,979]" classname="serie2.ex3.CounterModuloTest" time="0.008"/>
  <testcase name="MultiThreaded only initializes value once[Iterations: 4,980]" classname="serie2.ex3.CounterModuloTest" time="0.007"/>
  <testcase name="MultiThreaded only initializes value once[Iterations: 4,981]" classname="serie2.ex3.CounterModuloTest" time="0.008"/>
  <testcase name="MultiThreaded only initializes value once[Iterations: 4,982]" classname="serie2.ex3.CounterModuloTest" time="0.006"/>
  <testcase name="MultiThreaded only initializes value once[Iterations: 4,983]" classname="serie2.ex3.CounterModuloTest" time="0.008"/>
  <testcase name="MultiThreaded only initializes value once[Iterations: 4,984]" classname="serie2.ex3.CounterModuloTest" time="0.007"/>
  <testcase name="MultiThreaded only initializes value once[Iterations: 4,985]" classname="serie2.ex3.CounterModuloTest" time="0.007"/>
  <testcase name="MultiThreaded only initializes value once[Iterations: 4,986]" classname="serie2.ex3.CounterModuloTest" time="0.007"/>
  <testcase name="MultiThreaded only initializes value once[Iterations: 4,987]" classname="serie2.ex3.CounterModuloTest" time="0.007"/>
  <testcase name="MultiThreaded only initializes value once[Iterations: 4,988]" classname="serie2.ex3.CounterModuloTest" time="0.007"/>
  <testcase name="MultiThreaded only initializes value once[Iterations: 4,989]" classname="serie2.ex3.CounterModuloTest" time="0.006"/>
  <testcase name="MultiThreaded only initializes value once[Iterations: 4,990]" classname="serie2.ex3.CounterModuloTest" time="0.008"/>
  <testcase name="MultiThreaded only initializes value once[Iterations: 4,991]" classname="serie2.ex3.CounterModuloTest" time="0.008"/>
  <testcase name="MultiThreaded only initializes value once[Iterations: 4,992]" classname="serie2.ex3.CounterModuloTest" time="0.008"/>
  <testcase name="MultiThreaded only initializes value once[Iterations: 4,993]" classname="serie2.ex3.CounterModuloTest" time="0.007"/>
  <testcase name="MultiThreaded only initializes value once[Iterations: 4,994]" classname="serie2.ex3.CounterModuloTest" time="0.008"/>
  <testcase name="MultiThreaded only initializes value once[Iterations: 4,995]" classname="serie2.ex3.CounterModuloTest" time="0.007"/>
  <testcase name="MultiThreaded only initializes value once[Iterations: 4,996]" classname="serie2.ex3.CounterModuloTest" time="0.008"/>
  <testcase name="MultiThreaded only initializes value once[Iterations: 4,997]" classname="serie2.ex3.CounterModuloTest" time="0.007"/>
  <testcase name="MultiThreaded only initializes value once[Iterations: 4,998]" classname="serie2.ex3.CounterModuloTest" time="0.006"/>
  <testcase name="MultiThreaded only initializes value once[Iterations: 4,999]" classname="serie2.ex3.CounterModuloTest" time="0.007"/>
  <testcase name="MultiThreaded only initializes value once[Iterations: 5,000]" classname="serie2.ex3.CounterModuloTest" time="0.008"/>
  <testcase name="MultiThreaded only initializes value once[Iterations: 5,001]" classname="serie2.ex3.CounterModuloTest" time="0.006"/>
  <testcase name="MultiThreaded only initializes value once[Iterations: 5,002]" classname="serie2.ex3.CounterModuloTest" time="0.008"/>
  <testcase name="MultiThreaded only initializes value once[Iterations: 5,003]" classname="serie2.ex3.CounterModuloTest" time="0.007"/>
  <testcase name="MultiThreaded only initializes value once[Iterations: 5,004]" classname="serie2.ex3.CounterModuloTest" time="0.008"/>
  <testcase name="MultiThreaded only initializes value once[Iterations: 5,005]" classname="serie2.ex3.CounterModuloTest" time="0.008"/>
  <testcase name="MultiThreaded only initializes value once[Iterations: 5,006]" classname="serie2.ex3.CounterModuloTest" time="0.007"/>
  <testcase name="MultiThreaded only initializes value once[Iterations: 5,007]" classname="serie2.ex3.CounterModuloTest" time="0.006"/>
  <testcase name="MultiThreaded only initializes value once[Iterations: 5,008]" classname="serie2.ex3.CounterModuloTest" time="0.007"/>
  <testcase name="MultiThreaded only initializes value once[Iterations: 5,009]" classname="serie2.ex3.CounterModuloTest" time="0.007"/>
  <testcase name="MultiThreaded only initializes value once[Iterations: 5,010]" classname="serie2.ex3.CounterModuloTest" time="0.007"/>
  <testcase name="MultiThreaded only initializes value once[Iterations: 5,011]" classname="serie2.ex3.CounterModuloTest" time="0.006"/>
  <testcase name="MultiThreaded only initializes value once[Iterations: 5,012]" classname="serie2.ex3.CounterModuloTest" time="0.006"/>
  <testcase name="MultiThreaded only initializes value once[Iterations: 5,013]" classname="serie2.ex3.CounterModuloTest" time="0.008"/>
  <testcase name="MultiThreaded only initializes value once[Iterations: 5,014]" classname="serie2.ex3.CounterModuloTest" time="0.007"/>
  <testcase name="MultiThreaded only initializes value once[Iterations: 5,015]" classname="serie2.ex3.CounterModuloTest" time="0.006"/>
  <testcase name="MultiThreaded only initializes value once[Iterations: 5,016]" classname="serie2.ex3.CounterModuloTest" time="0.006"/>
  <testcase name="MultiThreaded only initializes value once[Iterations: 5,017]" classname="serie2.ex3.CounterModuloTest" time="0.006"/>
  <testcase name="MultiThreaded only initializes value once[Iterations: 5,018]" classname="serie2.ex3.CounterModuloTest" time="0.007"/>
  <testcase name="MultiThreaded only initializes value once[Iterations: 5,019]" classname="serie2.ex3.CounterModuloTest" time="0.008"/>
  <testcase name="MultiThreaded only initializes value once[Iterations: 5,020]" classname="serie2.ex3.CounterModuloTest" time="0.008"/>
  <testcase name="MultiThreaded only initializes value once[Iterations: 5,021]" classname="serie2.ex3.CounterModuloTest" time="0.007"/>
  <testcase name="MultiThreaded only initializes value once[Iterations: 5,022]" classname="serie2.ex3.CounterModuloTest" time="0.009"/>
  <testcase name="MultiThreaded only initializes value once[Iterations: 5,023]" classname="serie2.ex3.CounterModuloTest" time="0.008"/>
  <testcase name="MultiThreaded only initializes value once[Iterations: 5,024]" classname="serie2.ex3.CounterModuloTest" time="0.007"/>
  <testcase name="MultiThreaded only initializes value once[Iterations: 5,025]" classname="serie2.ex3.CounterModuloTest" time="0.007"/>
  <testcase name="MultiThreaded only initializes value once[Iterations: 5,026]" classname="serie2.ex3.CounterModuloTest" time="0.007"/>
  <testcase name="MultiThreaded only initializes value once[Iterations: 5,027]" classname="serie2.ex3.CounterModuloTest" time="0.006"/>
  <testcase name="MultiThreaded only initializes value once[Iterations: 5,028]" classname="serie2.ex3.CounterModuloTest" time="0.009"/>
  <testcase name="MultiThreaded only initializes value once[Iterations: 5,029]" classname="serie2.ex3.CounterModuloTest" time="0.007"/>
  <testcase name="MultiThreaded only initializes value once[Iterations: 5,030]" classname="serie2.ex3.CounterModuloTest" time="0.008"/>
  <testcase name="MultiThreaded only initializes value once[Iterations: 5,031]" classname="serie2.ex3.CounterModuloTest" time="0.007"/>
  <testcase name="MultiThreaded only initializes value once[Iterations: 5,032]" classname="serie2.ex3.CounterModuloTest" time="0.007"/>
  <testcase name="MultiThreaded only initializes value once[Iterations: 5,033]" classname="serie2.ex3.CounterModuloTest" time="0.008"/>
  <testcase name="MultiThreaded only initializes value once[Iterations: 5,034]" classname="serie2.ex3.CounterModuloTest" time="0.008"/>
  <testcase name="MultiThreaded only initializes value once[Iterations: 5,035]" classname="serie2.ex3.CounterModuloTest" time="0.008"/>
  <testcase name="MultiThreaded only initializes value once[Iterations: 5,036]" classname="serie2.ex3.CounterModuloTest" time="0.007"/>
  <testcase name="MultiThreaded only initializes value once[Iterations: 5,037]" classname="serie2.ex3.CounterModuloTest" time="0.007"/>
  <testcase name="MultiThreaded only initializes value once[Iterations: 5,038]" classname="serie2.ex3.CounterModuloTest" time="0.008"/>
  <testcase name="MultiThreaded only initializes value once[Iterations: 5,039]" classname="serie2.ex3.CounterModuloTest" time="0.007"/>
  <testcase name="MultiThreaded only initializes value once[Iterations: 5,040]" classname="serie2.ex3.CounterModuloTest" time="0.008"/>
  <testcase name="MultiThreaded only initializes value once[Iterations: 5,041]" classname="serie2.ex3.CounterModuloTest" time="0.007"/>
  <testcase name="MultiThreaded only initializes value once[Iterations: 5,042]" classname="serie2.ex3.CounterModuloTest" time="0.008"/>
  <testcase name="MultiThreaded only initializes value once[Iterations: 5,043]" classname="serie2.ex3.CounterModuloTest" time="0.007"/>
  <testcase name="MultiThreaded only initializes value once[Iterations: 5,044]" classname="serie2.ex3.CounterModuloTest" time="0.007"/>
  <testcase name="MultiThreaded only initializes value once[Iterations: 5,045]" classname="serie2.ex3.CounterModuloTest" time="0.007"/>
  <testcase name="MultiThreaded only initializes value once[Iterations: 5,046]" classname="serie2.ex3.CounterModuloTest" time="0.007"/>
  <testcase name="MultiThreaded only initializes value once[Iterations: 5,047]" classname="serie2.ex3.CounterModuloTest" time="0.007"/>
  <testcase name="MultiThreaded only initializes value once[Iterations: 5,048]" classname="serie2.ex3.CounterModuloTest" time="0.008"/>
  <testcase name="MultiThreaded only initializes value once[Iterations: 5,049]" classname="serie2.ex3.CounterModuloTest" time="0.006"/>
  <testcase name="MultiThreaded only initializes value once[Iterations: 5,050]" classname="serie2.ex3.CounterModuloTest" time="0.007"/>
  <testcase name="MultiThreaded only initializes value once[Iterations: 5,051]" classname="serie2.ex3.CounterModuloTest" time="0.007"/>
  <testcase name="MultiThreaded only initializes value once[Iterations: 5,052]" classname="serie2.ex3.CounterModuloTest" time="0.007"/>
  <testcase name="MultiThreaded only initializes value once[Iterations: 5,053]" classname="serie2.ex3.CounterModuloTest" time="0.007"/>
  <testcase name="MultiThreaded only initializes value once[Iterations: 5,054]" classname="serie2.ex3.CounterModuloTest" time="0.007"/>
  <testcase name="MultiThreaded only initializes value once[Iterations: 5,055]" classname="serie2.ex3.CounterModuloTest" time="0.006"/>
  <testcase name="MultiThreaded only initializes value once[Iterations: 5,056]" classname="serie2.ex3.CounterModuloTest" time="0.006"/>
  <testcase name="MultiThreaded only initializes value once[Iterations: 5,057]" classname="serie2.ex3.CounterModuloTest" time="0.006"/>
  <testcase name="MultiThreaded only initializes value once[Iterations: 5,058]" classname="serie2.ex3.CounterModuloTest" time="0.007"/>
  <testcase name="MultiThreaded only initializes value once[Iterations: 5,059]" classname="serie2.ex3.CounterModuloTest" time="0.006"/>
  <testcase name="MultiThreaded only initializes value once[Iterations: 5,060]" classname="serie2.ex3.CounterModuloTest" time="0.007"/>
  <testcase name="MultiThreaded only initializes value once[Iterations: 5,061]" classname="serie2.ex3.CounterModuloTest" time="0.006"/>
  <testcase name="MultiThreaded only initializes value once[Iterations: 5,062]" classname="serie2.ex3.CounterModuloTest" time="0.006"/>
  <testcase name="MultiThreaded only initializes value once[Iterations: 5,063]" classname="serie2.ex3.CounterModuloTest" time="0.007"/>
  <testcase name="MultiThreaded only initializes value once[Iterations: 5,064]" classname="serie2.ex3.CounterModuloTest" time="0.007"/>
  <testcase name="MultiThreaded only initializes value once[Iterations: 5,065]" classname="serie2.ex3.CounterModuloTest" time="0.006"/>
  <testcase name="MultiThreaded only initializes value once[Iterations: 5,066]" classname="serie2.ex3.CounterModuloTest" time="0.007"/>
  <testcase name="MultiThreaded only initializes value once[Iterations: 5,067]" classname="serie2.ex3.CounterModuloTest" time="0.007"/>
  <testcase name="MultiThreaded only initializes value once[Iterations: 5,068]" classname="serie2.ex3.CounterModuloTest" time="0.009"/>
  <testcase name="MultiThreaded only initializes value once[Iterations: 5,069]" classname="serie2.ex3.CounterModuloTest" time="0.007"/>
  <testcase name="MultiThreaded only initializes value once[Iterations: 5,070]" classname="serie2.ex3.CounterModuloTest" time="0.007"/>
  <testcase name="MultiThreaded only initializes value once[Iterations: 5,071]" classname="serie2.ex3.CounterModuloTest" time="0.007"/>
  <testcase name="MultiThreaded only initializes value once[Iterations: 5,072]" classname="serie2.ex3.CounterModuloTest" time="0.007"/>
  <testcase name="MultiThreaded only initializes value once[Iterations: 5,073]" classname="serie2.ex3.CounterModuloTest" time="0.008"/>
  <testcase name="MultiThreaded only initializes value once[Iterations: 5,074]" classname="serie2.ex3.CounterModuloTest" time="0.008"/>
  <testcase name="MultiThreaded only initializes value once[Iterations: 5,075]" classname="serie2.ex3.CounterModuloTest" time="0.008"/>
  <testcase name="MultiThreaded only initializes value once[Iterations: 5,076]" classname="serie2.ex3.CounterModuloTest" time="0.007"/>
  <testcase name="MultiThreaded only initializes value once[Iterations: 5,077]" classname="serie2.ex3.CounterModuloTest" time="0.008"/>
  <testcase name="MultiThreaded only initializes value once[Iterations: 5,078]" classname="serie2.ex3.CounterModuloTest" time="0.007"/>
  <testcase name="MultiThreaded only initializes value once[Iterations: 5,079]" classname="serie2.ex3.CounterModuloTest" time="0.007"/>
  <testcase name="MultiThreaded only initializes value once[Iterations: 5,080]" classname="serie2.ex3.CounterModuloTest" time="0.007"/>
  <testcase name="MultiThreaded only initializes value once[Iterations: 5,081]" classname="serie2.ex3.CounterModuloTest" time="0.008"/>
  <testcase name="MultiThreaded only initializes value once[Iterations: 5,082]" classname="serie2.ex3.CounterModuloTest" time="0.006"/>
  <testcase name="MultiThreaded only initializes value once[Iterations: 5,083]" classname="serie2.ex3.CounterModuloTest" time="0.008"/>
  <testcase name="MultiThreaded only initializes value once[Iterations: 5,084]" classname="serie2.ex3.CounterModuloTest" time="0.007"/>
  <testcase name="MultiThreaded only initializes value once[Iterations: 5,085]" classname="serie2.ex3.CounterModuloTest" time="0.007"/>
  <testcase name="MultiThreaded only initializes value once[Iterations: 5,086]" classname="serie2.ex3.CounterModuloTest" time="0.008"/>
  <testcase name="MultiThreaded only initializes value once[Iterations: 5,087]" classname="serie2.ex3.CounterModuloTest" time="0.007"/>
  <testcase name="MultiThreaded only initializes value once[Iterations: 5,088]" classname="serie2.ex3.CounterModuloTest" time="0.008"/>
  <testcase name="MultiThreaded only initializes value once[Iterations: 5,089]" classname="serie2.ex3.CounterModuloTest" time="0.007"/>
  <testcase name="MultiThreaded only initializes value once[Iterations: 5,090]" classname="serie2.ex3.CounterModuloTest" time="0.008"/>
  <testcase name="MultiThreaded only initializes value once[Iterations: 5,091]" classname="serie2.ex3.CounterModuloTest" time="0.007"/>
  <testcase name="MultiThreaded only initializes value once[Iterations: 5,092]" classname="serie2.ex3.CounterModuloTest" time="0.007"/>
  <testcase name="MultiThreaded only initializes value once[Iterations: 5,093]" classname="serie2.ex3.CounterModuloTest" time="0.007"/>
  <testcase name="MultiThreaded only initializes value once[Iterations: 5,094]" classname="serie2.ex3.CounterModuloTest" time="0.007"/>
  <testcase name="MultiThreaded only initializes value once[Iterations: 5,095]" classname="serie2.ex3.CounterModuloTest" time="0.007"/>
  <testcase name="MultiThreaded only initializes value once[Iterations: 5,096]" classname="serie2.ex3.CounterModuloTest" time="0.006"/>
  <testcase name="MultiThreaded only initializes value once[Iterations: 5,097]" classname="serie2.ex3.CounterModuloTest" time="0.007"/>
  <testcase name="MultiThreaded only initializes value once[Iterations: 5,098]" classname="serie2.ex3.CounterModuloTest" time="0.007"/>
  <testcase name="MultiThreaded only initializes value once[Iterations: 5,099]" classname="serie2.ex3.CounterModuloTest" time="0.008"/>
  <testcase name="MultiThreaded only initializes value once[Iterations: 5,100]" classname="serie2.ex3.CounterModuloTest" time="0.007"/>
  <testcase name="MultiThreaded only initializes value once[Iterations: 5,101]" classname="serie2.ex3.CounterModuloTest" time="0.009"/>
  <testcase name="MultiThreaded only initializes value once[Iterations: 5,102]" classname="serie2.ex3.CounterModuloTest" time="0.007"/>
  <testcase name="MultiThreaded only initializes value once[Iterations: 5,103]" classname="serie2.ex3.CounterModuloTest" time="0.007"/>
  <testcase name="MultiThreaded only initializes value once[Iterations: 5,104]" classname="serie2.ex3.CounterModuloTest" time="0.008"/>
  <testcase name="MultiThreaded only initializes value once[Iterations: 5,105]" classname="serie2.ex3.CounterModuloTest" time="0.008"/>
  <testcase name="MultiThreaded only initializes value once[Iterations: 5,106]" classname="serie2.ex3.CounterModuloTest" time="0.008"/>
  <testcase name="MultiThreaded only initializes value once[Iterations: 5,107]" classname="serie2.ex3.CounterModuloTest" time="0.008"/>
  <testcase name="MultiThreaded only initializes value once[Iterations: 5,108]" classname="serie2.ex3.CounterModuloTest" time="0.007"/>
  <testcase name="MultiThreaded only initializes value once[Iterations: 5,109]" classname="serie2.ex3.CounterModuloTest" time="0.008"/>
  <testcase name="MultiThreaded only initializes value once[Iterations: 5,110]" classname="serie2.ex3.CounterModuloTest" time="0.007"/>
  <testcase name="MultiThreaded only initializes value once[Iterations: 5,111]" classname="serie2.ex3.CounterModuloTest" time="0.007"/>
  <testcase name="MultiThreaded only initializes value once[Iterations: 5,112]" classname="serie2.ex3.CounterModuloTest" time="0.008"/>
  <testcase name="MultiThreaded only initializes value once[Iterations: 5,113]" classname="serie2.ex3.CounterModuloTest" time="0.007"/>
  <testcase name="MultiThreaded only initializes value once[Iterations: 5,114]" classname="serie2.ex3.CounterModuloTest" time="0.007"/>
  <testcase name="MultiThreaded only initializes value once[Iterations: 5,115]" classname="serie2.ex3.CounterModuloTest" time="0.007"/>
  <testcase name="MultiThreaded only initializes value once[Iterations: 5,116]" classname="serie2.ex3.CounterModuloTest" time="0.007"/>
  <testcase name="MultiThreaded only initializes value once[Iterations: 5,117]" classname="serie2.ex3.CounterModuloTest" time="0.007"/>
  <testcase name="MultiThreaded only initializes value once[Iterations: 5,118]" classname="serie2.ex3.CounterModuloTest" time="0.008"/>
  <testcase name="MultiThreaded only initializes value once[Iterations: 5,119]" classname="serie2.ex3.CounterModuloTest" time="0.007"/>
  <testcase name="MultiThreaded only initializes value once[Iterations: 5,120]" classname="serie2.ex3.CounterModuloTest" time="0.008"/>
  <testcase name="MultiThreaded only initializes value once[Iterations: 5,121]" classname="serie2.ex3.CounterModuloTest" time="0.008"/>
  <testcase name="MultiThreaded only initializes value once[Iterations: 5,122]" classname="serie2.ex3.CounterModuloTest" time="0.007"/>
  <testcase name="MultiThreaded only initializes value once[Iterations: 5,123]" classname="serie2.ex3.CounterModuloTest" time="0.008"/>
  <testcase name="MultiThreaded only initializes value once[Iterations: 5,124]" classname="serie2.ex3.CounterModuloTest" time="0.01"/>
  <testcase name="MultiThreaded only initializes value once[Iterations: 5,125]" classname="serie2.ex3.CounterModuloTest" time="0.007"/>
  <testcase name="MultiThreaded only initializes value once[Iterations: 5,126]" classname="serie2.ex3.CounterModuloTest" time="0.008"/>
  <testcase name="MultiThreaded only initializes value once[Iterations: 5,127]" classname="serie2.ex3.CounterModuloTest" time="0.008"/>
  <testcase name="MultiThreaded only initializes value once[Iterations: 5,128]" classname="serie2.ex3.CounterModuloTest" time="0.009"/>
  <testcase name="MultiThreaded only initializes value once[Iterations: 5,129]" classname="serie2.ex3.CounterModuloTest" time="0.008"/>
  <testcase name="MultiThreaded only initializes value once[Iterations: 5,130]" classname="serie2.ex3.CounterModuloTest" time="0.008"/>
  <testcase name="MultiThreaded only initializes value once[Iterations: 5,131]" classname="serie2.ex3.CounterModuloTest" time="0.006"/>
  <testcase name="MultiThreaded only initializes value once[Iterations: 5,132]" classname="serie2.ex3.CounterModuloTest" time="0.008"/>
  <testcase name="MultiThreaded only initializes value once[Iterations: 5,133]" classname="serie2.ex3.CounterModuloTest" time="0.007"/>
  <testcase name="MultiThreaded only initializes value once[Iterations: 5,134]" classname="serie2.ex3.CounterModuloTest" time="0.007"/>
  <testcase name="MultiThreaded only initializes value once[Iterations: 5,135]" classname="serie2.ex3.CounterModuloTest" time="0.007"/>
  <testcase name="MultiThreaded only initializes value once[Iterations: 5,136]" classname="serie2.ex3.CounterModuloTest" time="0.007"/>
  <testcase name="MultiThreaded only initializes value once[Iterations: 5,137]" classname="serie2.ex3.CounterModuloTest" time="0.008"/>
  <testcase name="MultiThreaded only initializes value once[Iterations: 5,138]" classname="serie2.ex3.CounterModuloTest" time="0.007"/>
  <testcase name="MultiThreaded only initializes value once[Iterations: 5,139]" classname="serie2.ex3.CounterModuloTest" time="0.007"/>
  <testcase name="MultiThreaded only initializes value once[Iterations: 5,140]" classname="serie2.ex3.CounterModuloTest" time="0.006"/>
  <testcase name="MultiThreaded only initializes value once[Iterations: 5,141]" classname="serie2.ex3.CounterModuloTest" time="0.008"/>
  <testcase name="MultiThreaded only initializes value once[Iterations: 5,142]" classname="serie2.ex3.CounterModuloTest" time="0.007"/>
  <testcase name="MultiThreaded only initializes value once[Iterations: 5,143]" classname="serie2.ex3.CounterModuloTest" time="0.007"/>
  <testcase name="MultiThreaded only initializes value once[Iterations: 5,144]" classname="serie2.ex3.CounterModuloTest" time="0.008"/>
  <testcase name="MultiThreaded only initializes value once[Iterations: 5,145]" classname="serie2.ex3.CounterModuloTest" time="0.007"/>
  <testcase name="MultiThreaded only initializes value once[Iterations: 5,146]" classname="serie2.ex3.CounterModuloTest" time="0.007"/>
  <testcase name="MultiThreaded only initializes value once[Iterations: 5,147]" classname="serie2.ex3.CounterModuloTest" time="0.007"/>
  <testcase name="MultiThreaded only initializes value once[Iterations: 5,148]" classname="serie2.ex3.CounterModuloTest" time="0.007"/>
  <testcase name="MultiThreaded only initializes value once[Iterations: 5,149]" classname="serie2.ex3.CounterModuloTest" time="0.007"/>
  <testcase name="MultiThreaded only initializes value once[Iterations: 5,150]" classname="serie2.ex3.CounterModuloTest" time="0.007"/>
  <testcase name="MultiThreaded only initializes value once[Iterations: 5,151]" classname="serie2.ex3.CounterModuloTest" time="0.007"/>
  <testcase name="MultiThreaded only initializes value once[Iterations: 5,152]" classname="serie2.ex3.CounterModuloTest" time="0.007"/>
  <testcase name="MultiThreaded only initializes value once[Iterations: 5,153]" classname="serie2.ex3.CounterModuloTest" time="0.006"/>
  <testcase name="MultiThreaded only initializes value once[Iterations: 5,154]" classname="serie2.ex3.CounterModuloTest" time="0.007"/>
  <testcase name="MultiThreaded only initializes value once[Iterations: 5,155]" classname="serie2.ex3.CounterModuloTest" time="0.007"/>
  <testcase name="MultiThreaded only initializes value once[Iterations: 5,156]" classname="serie2.ex3.CounterModuloTest" time="0.008"/>
  <testcase name="MultiThreaded only initializes value once[Iterations: 5,157]" classname="serie2.ex3.CounterModuloTest" time="0.009"/>
  <testcase name="MultiThreaded only initializes value once[Iterations: 5,158]" classname="serie2.ex3.CounterModuloTest" time="0.009"/>
  <testcase name="MultiThreaded only initializes value once[Iterations: 5,159]" classname="serie2.ex3.CounterModuloTest" time="0.007"/>
  <testcase name="MultiThreaded only initializes value once[Iterations: 5,160]" classname="serie2.ex3.CounterModuloTest" time="0.008"/>
  <testcase name="MultiThreaded only initializes value once[Iterations: 5,161]" classname="serie2.ex3.CounterModuloTest" time="0.008"/>
  <testcase name="MultiThreaded only initializes value once[Iterations: 5,162]" classname="serie2.ex3.CounterModuloTest" time="0.008"/>
  <testcase name="MultiThreaded only initializes value once[Iterations: 5,163]" classname="serie2.ex3.CounterModuloTest" time="0.007"/>
  <testcase name="MultiThreaded only initializes value once[Iterations: 5,164]" classname="serie2.ex3.CounterModuloTest" time="0.008"/>
  <testcase name="MultiThreaded only initializes value once[Iterations: 5,165]" classname="serie2.ex3.CounterModuloTest" time="0.007"/>
  <testcase name="MultiThreaded only initializes value once[Iterations: 5,166]" classname="serie2.ex3.CounterModuloTest" time="0.018"/>
  <testcase name="MultiThreaded only initializes value once[Iterations: 5,167]" classname="serie2.ex3.CounterModuloTest" time="0.011"/>
  <testcase name="MultiThreaded only initializes value once[Iterations: 5,168]" classname="serie2.ex3.CounterModuloTest" time="0.007"/>
  <testcase name="MultiThreaded only initializes value once[Iterations: 5,169]" classname="serie2.ex3.CounterModuloTest" time="0.01"/>
  <testcase name="MultiThreaded only initializes value once[Iterations: 5,170]" classname="serie2.ex3.CounterModuloTest" time="0.008"/>
  <testcase name="MultiThreaded only initializes value once[Iterations: 5,171]" classname="serie2.ex3.CounterModuloTest" time="0.008"/>
  <testcase name="MultiThreaded only initializes value once[Iterations: 5,172]" classname="serie2.ex3.CounterModuloTest" time="0.01"/>
  <testcase name="MultiThreaded only initializes value once[Iterations: 5,173]" classname="serie2.ex3.CounterModuloTest" time="0.008"/>
  <testcase name="MultiThreaded only initializes value once[Iterations: 5,174]" classname="serie2.ex3.CounterModuloTest" time="0.008"/>
  <testcase name="MultiThreaded only initializes value once[Iterations: 5,175]" classname="serie2.ex3.CounterModuloTest" time="0.008"/>
  <testcase name="MultiThreaded only initializes value once[Iterations: 5,176]" classname="serie2.ex3.CounterModuloTest" time="0.008"/>
  <testcase name="MultiThreaded only initializes value once[Iterations: 5,177]" classname="serie2.ex3.CounterModuloTest" time="0.007"/>
  <testcase name="MultiThreaded only initializes value once[Iterations: 5,178]" classname="serie2.ex3.CounterModuloTest" time="0.008"/>
  <testcase name="MultiThreaded only initializes value once[Iterations: 5,179]" classname="serie2.ex3.CounterModuloTest" time="0.008"/>
  <testcase name="MultiThreaded only initializes value once[Iterations: 5,180]" classname="serie2.ex3.CounterModuloTest" time="0.008"/>
  <testcase name="MultiThreaded only initializes value once[Iterations: 5,181]" classname="serie2.ex3.CounterModuloTest" time="0.007"/>
  <testcase name="MultiThreaded only initializes value once[Iterations: 5,182]" classname="serie2.ex3.CounterModuloTest" time="0.007"/>
  <testcase name="MultiThreaded only initializes value once[Iterations: 5,183]" classname="serie2.ex3.CounterModuloTest" time="0.007"/>
  <testcase name="MultiThreaded only initializes value once[Iterations: 5,184]" classname="serie2.ex3.CounterModuloTest" time="0.009"/>
  <testcase name="MultiThreaded only initializes value once[Iterations: 5,185]" classname="serie2.ex3.CounterModuloTest" time="0.007"/>
  <testcase name="MultiThreaded only initializes value once[Iterations: 5,186]" classname="serie2.ex3.CounterModuloTest" time="0.007"/>
  <testcase name="MultiThreaded only initializes value once[Iterations: 5,187]" classname="serie2.ex3.CounterModuloTest" time="0.007"/>
  <testcase name="MultiThreaded only initializes value once[Iterations: 5,188]" classname="serie2.ex3.CounterModuloTest" time="0.006"/>
  <testcase name="MultiThreaded only initializes value once[Iterations: 5,189]" classname="serie2.ex3.CounterModuloTest" time="0.007"/>
  <testcase name="MultiThreaded only initializes value once[Iterations: 5,190]" classname="serie2.ex3.CounterModuloTest" time="0.007"/>
  <testcase name="MultiThreaded only initializes value once[Iterations: 5,191]" classname="serie2.ex3.CounterModuloTest" time="0.007"/>
  <testcase name="MultiThreaded only initializes value once[Iterations: 5,192]" classname="serie2.ex3.CounterModuloTest" time="0.006"/>
  <testcase name="MultiThreaded only initializes value once[Iterations: 5,193]" classname="serie2.ex3.CounterModuloTest" time="0.008"/>
  <testcase name="MultiThreaded only initializes value once[Iterations: 5,194]" classname="serie2.ex3.CounterModuloTest" time="0.008"/>
  <testcase name="MultiThreaded only initializes value once[Iterations: 5,195]" classname="serie2.ex3.CounterModuloTest" time="0.007"/>
  <testcase name="MultiThreaded only initializes value once[Iterations: 5,196]" classname="serie2.ex3.CounterModuloTest" time="0.007"/>
  <testcase name="MultiThreaded only initializes value once[Iterations: 5,197]" classname="serie2.ex3.CounterModuloTest" time="0.008"/>
  <testcase name="MultiThreaded only initializes value once[Iterations: 5,198]" classname="serie2.ex3.CounterModuloTest" time="0.007"/>
  <testcase name="MultiThreaded only initializes value once[Iterations: 5,199]" classname="serie2.ex3.CounterModuloTest" time="0.008"/>
  <testcase name="MultiThreaded only initializes value once[Iterations: 5,200]" classname="serie2.ex3.CounterModuloTest" time="0.007"/>
  <testcase name="MultiThreaded only initializes value once[Iterations: 5,201]" classname="serie2.ex3.CounterModuloTest" time="0.008"/>
  <testcase name="MultiThreaded only initializes value once[Iterations: 5,202]" classname="serie2.ex3.CounterModuloTest" time="0.007"/>
  <testcase name="MultiThreaded only initializes value once[Iterations: 5,203]" classname="serie2.ex3.CounterModuloTest" time="0.007"/>
  <testcase name="MultiThreaded only initializes value once[Iterations: 5,204]" classname="serie2.ex3.CounterModuloTest" time="0.007"/>
  <testcase name="MultiThreaded only initializes value once[Iterations: 5,205]" classname="serie2.ex3.CounterModuloTest" time="0.007"/>
  <testcase name="MultiThreaded only initializes value once[Iterations: 5,206]" classname="serie2.ex3.CounterModuloTest" time="0.009"/>
  <testcase name="MultiThreaded only initializes value once[Iterations: 5,207]" classname="serie2.ex3.CounterModuloTest" time="0.007"/>
  <testcase name="MultiThreaded only initializes value once[Iterations: 5,208]" classname="serie2.ex3.CounterModuloTest" time="0.008"/>
  <testcase name="MultiThreaded only initializes value once[Iterations: 5,209]" classname="serie2.ex3.CounterModuloTest" time="0.008"/>
  <testcase name="MultiThreaded only initializes value once[Iterations: 5,210]" classname="serie2.ex3.CounterModuloTest" time="0.009"/>
  <testcase name="MultiThreaded only initializes value once[Iterations: 5,211]" classname="serie2.ex3.CounterModuloTest" time="0.006"/>
  <testcase name="MultiThreaded only initializes value once[Iterations: 5,212]" classname="serie2.ex3.CounterModuloTest" time="0.007"/>
  <testcase name="MultiThreaded only initializes value once[Iterations: 5,213]" classname="serie2.ex3.CounterModuloTest" time="0.007"/>
  <testcase name="MultiThreaded only initializes value once[Iterations: 5,214]" classname="serie2.ex3.CounterModuloTest" time="0.007"/>
  <testcase name="MultiThreaded only initializes value once[Iterations: 5,215]" classname="serie2.ex3.CounterModuloTest" time="0.007"/>
  <testcase name="MultiThreaded only initializes value once[Iterations: 5,216]" classname="serie2.ex3.CounterModuloTest" time="0.006"/>
  <testcase name="MultiThreaded only initializes value once[Iterations: 5,217]" classname="serie2.ex3.CounterModuloTest" time="0.007"/>
  <testcase name="MultiThreaded only initializes value once[Iterations: 5,218]" classname="serie2.ex3.CounterModuloTest" time="0.007"/>
  <testcase name="MultiThreaded only initializes value once[Iterations: 5,219]" classname="serie2.ex3.CounterModuloTest" time="0.007"/>
  <testcase name="MultiThreaded only initializes value once[Iterations: 5,220]" classname="serie2.ex3.CounterModuloTest" time="0.006"/>
  <testcase name="MultiThreaded only initializes value once[Iterations: 5,221]" classname="serie2.ex3.CounterModuloTest" time="0.007"/>
  <testcase name="MultiThreaded only initializes value once[Iterations: 5,222]" classname="serie2.ex3.CounterModuloTest" time="0.007"/>
  <testcase name="MultiThreaded only initializes value once[Iterations: 5,223]" classname="serie2.ex3.CounterModuloTest" time="0.007"/>
  <testcase name="MultiThreaded only initializes value once[Iterations: 5,224]" classname="serie2.ex3.CounterModuloTest" time="0.006"/>
  <testcase name="MultiThreaded only initializes value once[Iterations: 5,225]" classname="serie2.ex3.CounterModuloTest" time="0.007"/>
  <testcase name="MultiThreaded only initializes value once[Iterations: 5,226]" classname="serie2.ex3.CounterModuloTest" time="0.007"/>
  <testcase name="MultiThreaded only initializes value once[Iterations: 5,227]" classname="serie2.ex3.CounterModuloTest" time="0.007"/>
  <testcase name="MultiThreaded only initializes value once[Iterations: 5,228]" classname="serie2.ex3.CounterModuloTest" time="0.007"/>
  <testcase name="MultiThreaded only initializes value once[Iterations: 5,229]" classname="serie2.ex3.CounterModuloTest" time="0.008"/>
  <testcase name="MultiThreaded only initializes value once[Iterations: 5,230]" classname="serie2.ex3.CounterModuloTest" time="0.008"/>
  <testcase name="MultiThreaded only initializes value once[Iterations: 5,231]" classname="serie2.ex3.CounterModuloTest" time="0.007"/>
  <testcase name="MultiThreaded only initializes value once[Iterations: 5,232]" classname="serie2.ex3.CounterModuloTest" time="0.009"/>
  <testcase name="MultiThreaded only initializes value once[Iterations: 5,233]" classname="serie2.ex3.CounterModuloTest" time="0.007"/>
  <testcase name="MultiThreaded only initializes value once[Iterations: 5,234]" classname="serie2.ex3.CounterModuloTest" time="0.008"/>
  <testcase name="MultiThreaded only initializes value once[Iterations: 5,235]" classname="serie2.ex3.CounterModuloTest" time="0.008"/>
  <testcase name="MultiThreaded only initializes value once[Iterations: 5,236]" classname="serie2.ex3.CounterModuloTest" time="0.007"/>
  <testcase name="MultiThreaded only initializes value once[Iterations: 5,237]" classname="serie2.ex3.CounterModuloTest" time="0.007"/>
  <testcase name="MultiThreaded only initializes value once[Iterations: 5,238]" classname="serie2.ex3.CounterModuloTest" time="0.008"/>
  <testcase name="MultiThreaded only initializes value once[Iterations: 5,239]" classname="serie2.ex3.CounterModuloTest" time="0.007"/>
  <testcase name="MultiThreaded only initializes value once[Iterations: 5,240]" classname="serie2.ex3.CounterModuloTest" time="0.007"/>
  <testcase name="MultiThreaded only initializes value once[Iterations: 5,241]" classname="serie2.ex3.CounterModuloTest" time="0.007"/>
  <testcase name="MultiThreaded only initializes value once[Iterations: 5,242]" classname="serie2.ex3.CounterModuloTest" time="0.008"/>
  <testcase name="MultiThreaded only initializes value once[Iterations: 5,243]" classname="serie2.ex3.CounterModuloTest" time="0.006"/>
  <testcase name="MultiThreaded only initializes value once[Iterations: 5,244]" classname="serie2.ex3.CounterModuloTest" time="0.008"/>
  <testcase name="MultiThreaded only initializes value once[Iterations: 5,245]" classname="serie2.ex3.CounterModuloTest" time="0.007"/>
  <testcase name="MultiThreaded only initializes value once[Iterations: 5,246]" classname="serie2.ex3.CounterModuloTest" time="0.007"/>
  <testcase name="MultiThreaded only initializes value once[Iterations: 5,247]" classname="serie2.ex3.CounterModuloTest" time="0.007"/>
  <testcase name="MultiThreaded only initializes value once[Iterations: 5,248]" classname="serie2.ex3.CounterModuloTest" time="0.007"/>
  <testcase name="MultiThreaded only initializes value once[Iterations: 5,249]" classname="serie2.ex3.CounterModuloTest" time="0.008"/>
  <testcase name="MultiThreaded only initializes value once[Iterations: 5,250]" classname="serie2.ex3.CounterModuloTest" time="0.007"/>
  <testcase name="MultiThreaded only initializes value once[Iterations: 5,251]" classname="serie2.ex3.CounterModuloTest" time="0.008"/>
  <testcase name="MultiThreaded only initializes value once[Iterations: 5,252]" classname="serie2.ex3.CounterModuloTest" time="0.008"/>
  <testcase name="MultiThreaded only initializes value once[Iterations: 5,253]" classname="serie2.ex3.CounterModuloTest" time="0.008"/>
  <testcase name="MultiThreaded only initializes value once[Iterations: 5,254]" classname="serie2.ex3.CounterModuloTest" time="0.008"/>
  <testcase name="MultiThreaded only initializes value once[Iterations: 5,255]" classname="serie2.ex3.CounterModuloTest" time="0.008"/>
  <testcase name="MultiThreaded only initializes value once[Iterations: 5,256]" classname="serie2.ex3.CounterModuloTest" time="0.008"/>
  <testcase name="MultiThreaded only initializes value once[Iterations: 5,257]" classname="serie2.ex3.CounterModuloTest" time="0.008"/>
  <testcase name="MultiThreaded only initializes value once[Iterations: 5,258]" classname="serie2.ex3.CounterModuloTest" time="0.008"/>
  <testcase name="MultiThreaded only initializes value once[Iterations: 5,259]" classname="serie2.ex3.CounterModuloTest" time="0.008"/>
  <testcase name="MultiThreaded only initializes value once[Iterations: 5,260]" classname="serie2.ex3.CounterModuloTest" time="0.009"/>
  <testcase name="MultiThreaded only initializes value once[Iterations: 5,261]" classname="serie2.ex3.CounterModuloTest" time="0.008"/>
  <testcase name="MultiThreaded only initializes value once[Iterations: 5,262]" classname="serie2.ex3.CounterModuloTest" time="0.008"/>
  <testcase name="MultiThreaded only initializes value once[Iterations: 5,263]" classname="serie2.ex3.CounterModuloTest" time="0.007"/>
  <testcase name="MultiThreaded only initializes value once[Iterations: 5,264]" classname="serie2.ex3.CounterModuloTest" time="0.009"/>
  <testcase name="MultiThreaded only initializes value once[Iterations: 5,265]" classname="serie2.ex3.CounterModuloTest" time="0.009"/>
  <testcase name="MultiThreaded only initializes value once[Iterations: 5,266]" classname="serie2.ex3.CounterModuloTest" time="0.008"/>
  <testcase name="MultiThreaded only initializes value once[Iterations: 5,267]" classname="serie2.ex3.CounterModuloTest" time="0.008"/>
  <testcase name="MultiThreaded only initializes value once[Iterations: 5,268]" classname="serie2.ex3.CounterModuloTest" time="0.009"/>
  <testcase name="MultiThreaded only initializes value once[Iterations: 5,269]" classname="serie2.ex3.CounterModuloTest" time="0.008"/>
  <testcase name="MultiThreaded only initializes value once[Iterations: 5,270]" classname="serie2.ex3.CounterModuloTest" time="0.007"/>
  <testcase name="MultiThreaded only initializes value once[Iterations: 5,271]" classname="serie2.ex3.CounterModuloTest" time="0.008"/>
  <testcase name="MultiThreaded only initializes value once[Iterations: 5,272]" classname="serie2.ex3.CounterModuloTest" time="0.008"/>
  <testcase name="MultiThreaded only initializes value once[Iterations: 5,273]" classname="serie2.ex3.CounterModuloTest" time="0.009"/>
  <testcase name="MultiThreaded only initializes value once[Iterations: 5,274]" classname="serie2.ex3.CounterModuloTest" time="0.009"/>
  <testcase name="MultiThreaded only initializes value once[Iterations: 5,275]" classname="serie2.ex3.CounterModuloTest" time="0.008"/>
  <testcase name="MultiThreaded only initializes value once[Iterations: 5,276]" classname="serie2.ex3.CounterModuloTest" time="0.01"/>
  <testcase name="MultiThreaded only initializes value once[Iterations: 5,277]" classname="serie2.ex3.CounterModuloTest" time="0.008"/>
  <testcase name="MultiThreaded only initializes value once[Iterations: 5,278]" classname="serie2.ex3.CounterModuloTest" time="0.008"/>
  <testcase name="MultiThreaded only initializes value once[Iterations: 5,279]" classname="serie2.ex3.CounterModuloTest" time="0.008"/>
  <testcase name="MultiThreaded only initializes value once[Iterations: 5,280]" classname="serie2.ex3.CounterModuloTest" time="0.008"/>
  <testcase name="MultiThreaded only initializes value once[Iterations: 5,281]" classname="serie2.ex3.CounterModuloTest" time="0.007"/>
  <testcase name="MultiThreaded only initializes value once[Iterations: 5,282]" classname="serie2.ex3.CounterModuloTest" time="0.008"/>
  <testcase name="MultiThreaded only initializes value once[Iterations: 5,283]" classname="serie2.ex3.CounterModuloTest" time="0.008"/>
  <testcase name="MultiThreaded only initializes value once[Iterations: 5,284]" classname="serie2.ex3.CounterModuloTest" time="0.008"/>
  <testcase name="MultiThreaded only initializes value once[Iterations: 5,285]" classname="serie2.ex3.CounterModuloTest" time="0.009"/>
  <testcase name="MultiThreaded only initializes value once[Iterations: 5,286]" classname="serie2.ex3.CounterModuloTest" time="0.007"/>
  <testcase name="MultiThreaded only initializes value once[Iterations: 5,287]" classname="serie2.ex3.CounterModuloTest" time="0.008"/>
  <testcase name="MultiThreaded only initializes value once[Iterations: 5,288]" classname="serie2.ex3.CounterModuloTest" time="0.007"/>
  <testcase name="MultiThreaded only initializes value once[Iterations: 5,289]" classname="serie2.ex3.CounterModuloTest" time="0.008"/>
  <testcase name="MultiThreaded only initializes value once[Iterations: 5,290]" classname="serie2.ex3.CounterModuloTest" time="0.007"/>
  <testcase name="MultiThreaded only initializes value once[Iterations: 5,291]" classname="serie2.ex3.CounterModuloTest" time="0.007"/>
  <testcase name="MultiThreaded only initializes value once[Iterations: 5,292]" classname="serie2.ex3.CounterModuloTest" time="0.008"/>
  <testcase name="MultiThreaded only initializes value once[Iterations: 5,293]" classname="serie2.ex3.CounterModuloTest" time="0.007"/>
  <testcase name="MultiThreaded only initializes value once[Iterations: 5,294]" classname="serie2.ex3.CounterModuloTest" time="0.009"/>
  <testcase name="MultiThreaded only initializes value once[Iterations: 5,295]" classname="serie2.ex3.CounterModuloTest" time="0.006"/>
  <testcase name="MultiThreaded only initializes value once[Iterations: 5,296]" classname="serie2.ex3.CounterModuloTest" time="0.006"/>
  <testcase name="MultiThreaded only initializes value once[Iterations: 5,297]" classname="serie2.ex3.CounterModuloTest" time="0.008"/>
  <testcase name="MultiThreaded only initializes value once[Iterations: 5,298]" classname="serie2.ex3.CounterModuloTest" time="0.008"/>
  <testcase name="MultiThreaded only initializes value once[Iterations: 5,299]" classname="serie2.ex3.CounterModuloTest" time="0.007"/>
  <testcase name="MultiThreaded only initializes value once[Iterations: 5,300]" classname="serie2.ex3.CounterModuloTest" time="0.008"/>
  <testcase name="MultiThreaded only initializes value once[Iterations: 5,301]" classname="serie2.ex3.CounterModuloTest" time="0.008"/>
  <testcase name="MultiThreaded only initializes value once[Iterations: 5,302]" classname="serie2.ex3.CounterModuloTest" time="0.008"/>
  <testcase name="MultiThreaded only initializes value once[Iterations: 5,303]" classname="serie2.ex3.CounterModuloTest" time="0.007"/>
  <testcase name="MultiThreaded only initializes value once[Iterations: 5,304]" classname="serie2.ex3.CounterModuloTest" time="0.007"/>
  <testcase name="MultiThreaded only initializes value once[Iterations: 5,305]" classname="serie2.ex3.CounterModuloTest" time="0.007"/>
  <testcase name="MultiThreaded only initializes value once[Iterations: 5,306]" classname="serie2.ex3.CounterModuloTest" time="0.007"/>
  <testcase name="MultiThreaded only initializes value once[Iterations: 5,307]" classname="serie2.ex3.CounterModuloTest" time="0.008"/>
  <testcase name="MultiThreaded only initializes value once[Iterations: 5,308]" classname="serie2.ex3.CounterModuloTest" time="0.007"/>
  <testcase name="MultiThreaded only initializes value once[Iterations: 5,309]" classname="serie2.ex3.CounterModuloTest" time="0.007"/>
  <testcase name="MultiThreaded only initializes value once[Iterations: 5,310]" classname="serie2.ex3.CounterModuloTest" time="0.008"/>
  <testcase name="MultiThreaded only initializes value once[Iterations: 5,311]" classname="serie2.ex3.CounterModuloTest" time="0.007"/>
  <testcase name="MultiThreaded only initializes value once[Iterations: 5,312]" classname="serie2.ex3.CounterModuloTest" time="0.007"/>
  <testcase name="MultiThreaded only initializes value once[Iterations: 5,313]" classname="serie2.ex3.CounterModuloTest" time="0.007"/>
  <testcase name="MultiThreaded only initializes value once[Iterations: 5,314]" classname="serie2.ex3.CounterModuloTest" time="0.01"/>
  <testcase name="MultiThreaded only initializes value once[Iterations: 5,315]" classname="serie2.ex3.CounterModuloTest" time="0.006"/>
  <testcase name="MultiThreaded only initializes value once[Iterations: 5,316]" classname="serie2.ex3.CounterModuloTest" time="0.008"/>
  <testcase name="MultiThreaded only initializes value once[Iterations: 5,317]" classname="serie2.ex3.CounterModuloTest" time="0.007"/>
  <testcase name="MultiThreaded only initializes value once[Iterations: 5,318]" classname="serie2.ex3.CounterModuloTest" time="0.007"/>
  <testcase name="MultiThreaded only initializes value once[Iterations: 5,319]" classname="serie2.ex3.CounterModuloTest" time="0.007"/>
  <testcase name="MultiThreaded only initializes value once[Iterations: 5,320]" classname="serie2.ex3.CounterModuloTest" time="0.007"/>
  <testcase name="MultiThreaded only initializes value once[Iterations: 5,321]" classname="serie2.ex3.CounterModuloTest" time="0.006"/>
  <testcase name="MultiThreaded only initializes value once[Iterations: 5,322]" classname="serie2.ex3.CounterModuloTest" time="0.007"/>
  <testcase name="MultiThreaded only initializes value once[Iterations: 5,323]" classname="serie2.ex3.CounterModuloTest" time="0.007"/>
  <testcase name="MultiThreaded only initializes value once[Iterations: 5,324]" classname="serie2.ex3.CounterModuloTest" time="0.008"/>
  <testcase name="MultiThreaded only initializes value once[Iterations: 5,325]" classname="serie2.ex3.CounterModuloTest" time="0.008"/>
  <testcase name="MultiThreaded only initializes value once[Iterations: 5,326]" classname="serie2.ex3.CounterModuloTest" time="0.006"/>
  <testcase name="MultiThreaded only initializes value once[Iterations: 5,327]" classname="serie2.ex3.CounterModuloTest" time="0.008"/>
  <testcase name="MultiThreaded only initializes value once[Iterations: 5,328]" classname="serie2.ex3.CounterModuloTest" time="0.007"/>
  <testcase name="MultiThreaded only initializes value once[Iterations: 5,329]" classname="serie2.ex3.CounterModuloTest" time="0.008"/>
  <testcase name="MultiThreaded only initializes value once[Iterations: 5,330]" classname="serie2.ex3.CounterModuloTest" time="0.007"/>
  <testcase name="MultiThreaded only initializes value once[Iterations: 5,331]" classname="serie2.ex3.CounterModuloTest" time="0.007"/>
  <testcase name="MultiThreaded only initializes value once[Iterations: 5,332]" classname="serie2.ex3.CounterModuloTest" time="0.008"/>
  <testcase name="MultiThreaded only initializes value once[Iterations: 5,333]" classname="serie2.ex3.CounterModuloTest" time="0.007"/>
  <testcase name="MultiThreaded only initializes value once[Iterations: 5,334]" classname="serie2.ex3.CounterModuloTest" time="0.007"/>
  <testcase name="MultiThreaded only initializes value once[Iterations: 5,335]" classname="serie2.ex3.CounterModuloTest" time="0.007"/>
  <testcase name="MultiThreaded only initializes value once[Iterations: 5,336]" classname="serie2.ex3.CounterModuloTest" time="0.007"/>
  <testcase name="MultiThreaded only initializes value once[Iterations: 5,337]" classname="serie2.ex3.CounterModuloTest" time="0.007"/>
  <testcase name="MultiThreaded only initializes value once[Iterations: 5,338]" classname="serie2.ex3.CounterModuloTest" time="0.007"/>
  <testcase name="MultiThreaded only initializes value once[Iterations: 5,339]" classname="serie2.ex3.CounterModuloTest" time="0.007"/>
  <testcase name="MultiThreaded only initializes value once[Iterations: 5,340]" classname="serie2.ex3.CounterModuloTest" time="0.011"/>
  <testcase name="MultiThreaded only initializes value once[Iterations: 5,341]" classname="serie2.ex3.CounterModuloTest" time="0.007"/>
  <testcase name="MultiThreaded only initializes value once[Iterations: 5,342]" classname="serie2.ex3.CounterModuloTest" time="0.008"/>
  <testcase name="MultiThreaded only initializes value once[Iterations: 5,343]" classname="serie2.ex3.CounterModuloTest" time="0.008"/>
  <testcase name="MultiThreaded only initializes value once[Iterations: 5,344]" classname="serie2.ex3.CounterModuloTest" time="0.008"/>
  <testcase name="MultiThreaded only initializes value once[Iterations: 5,345]" classname="serie2.ex3.CounterModuloTest" time="0.008"/>
  <testcase name="MultiThreaded only initializes value once[Iterations: 5,346]" classname="serie2.ex3.CounterModuloTest" time="0.01"/>
  <testcase name="MultiThreaded only initializes value once[Iterations: 5,347]" classname="serie2.ex3.CounterModuloTest" time="0.009"/>
  <testcase name="MultiThreaded only initializes value once[Iterations: 5,348]" classname="serie2.ex3.CounterModuloTest" time="0.008"/>
  <testcase name="MultiThreaded only initializes value once[Iterations: 5,349]" classname="serie2.ex3.CounterModuloTest" time="0.011"/>
  <testcase name="MultiThreaded only initializes value once[Iterations: 5,350]" classname="serie2.ex3.CounterModuloTest" time="0.01"/>
  <testcase name="MultiThreaded only initializes value once[Iterations: 5,351]" classname="serie2.ex3.CounterModuloTest" time="0.011"/>
  <testcase name="MultiThreaded only initializes value once[Iterations: 5,352]" classname="serie2.ex3.CounterModuloTest" time="0.009"/>
  <testcase name="MultiThreaded only initializes value once[Iterations: 5,353]" classname="serie2.ex3.CounterModuloTest" time="0.011"/>
  <testcase name="MultiThreaded only initializes value once[Iterations: 5,354]" classname="serie2.ex3.CounterModuloTest" time="0.01"/>
  <testcase name="MultiThreaded only initializes value once[Iterations: 5,355]" classname="serie2.ex3.CounterModuloTest" time="0.009"/>
  <testcase name="MultiThreaded only initializes value once[Iterations: 5,356]" classname="serie2.ex3.CounterModuloTest" time="0.015"/>
  <testcase name="MultiThreaded only initializes value once[Iterations: 5,357]" classname="serie2.ex3.CounterModuloTest" time="0.01"/>
  <testcase name="MultiThreaded only initializes value once[Iterations: 5,358]" classname="serie2.ex3.CounterModuloTest" time="0.008"/>
  <testcase name="MultiThreaded only initializes value once[Iterations: 5,359]" classname="serie2.ex3.CounterModuloTest" time="0.01"/>
  <testcase name="MultiThreaded only initializes value once[Iterations: 5,360]" classname="serie2.ex3.CounterModuloTest" time="0.008"/>
  <testcase name="MultiThreaded only initializes value once[Iterations: 5,361]" classname="serie2.ex3.CounterModuloTest" time="0.008"/>
  <testcase name="MultiThreaded only initializes value once[Iterations: 5,362]" classname="serie2.ex3.CounterModuloTest" time="0.01"/>
  <testcase name="MultiThreaded only initializes value once[Iterations: 5,363]" classname="serie2.ex3.CounterModuloTest" time="0.009"/>
  <testcase name="MultiThreaded only initializes value once[Iterations: 5,364]" classname="serie2.ex3.CounterModuloTest" time="0.008"/>
  <testcase name="MultiThreaded only initializes value once[Iterations: 5,365]" classname="serie2.ex3.CounterModuloTest" time="0.009"/>
  <testcase name="MultiThreaded only initializes value once[Iterations: 5,366]" classname="serie2.ex3.CounterModuloTest" time="0.008"/>
  <testcase name="MultiThreaded only initializes value once[Iterations: 5,367]" classname="serie2.ex3.CounterModuloTest" time="0.008"/>
  <testcase name="MultiThreaded only initializes value once[Iterations: 5,368]" classname="serie2.ex3.CounterModuloTest" time="0.009"/>
  <testcase name="MultiThreaded only initializes value once[Iterations: 5,369]" classname="serie2.ex3.CounterModuloTest" time="0.008"/>
  <testcase name="MultiThreaded only initializes value once[Iterations: 5,370]" classname="serie2.ex3.CounterModuloTest" time="0.008"/>
  <testcase name="MultiThreaded only initializes value once[Iterations: 5,371]" classname="serie2.ex3.CounterModuloTest" time="0.008"/>
  <testcase name="MultiThreaded only initializes value once[Iterations: 5,372]" classname="serie2.ex3.CounterModuloTest" time="0.007"/>
  <testcase name="MultiThreaded only initializes value once[Iterations: 5,373]" classname="serie2.ex3.CounterModuloTest" time="0.008"/>
  <testcase name="MultiThreaded only initializes value once[Iterations: 5,374]" classname="serie2.ex3.CounterModuloTest" time="0.007"/>
  <testcase name="MultiThreaded only initializes value once[Iterations: 5,375]" classname="serie2.ex3.CounterModuloTest" time="0.008"/>
  <testcase name="MultiThreaded only initializes value once[Iterations: 5,376]" classname="serie2.ex3.CounterModuloTest" time="0.007"/>
  <testcase name="MultiThreaded only initializes value once[Iterations: 5,377]" classname="serie2.ex3.CounterModuloTest" time="0.007"/>
  <testcase name="MultiThreaded only initializes value once[Iterations: 5,378]" classname="serie2.ex3.CounterModuloTest" time="0.007"/>
  <testcase name="MultiThreaded only initializes value once[Iterations: 5,379]" classname="serie2.ex3.CounterModuloTest" time="0.008"/>
  <testcase name="MultiThreaded only initializes value once[Iterations: 5,380]" classname="serie2.ex3.CounterModuloTest" time="0.007"/>
  <testcase name="MultiThreaded only initializes value once[Iterations: 5,381]" classname="serie2.ex3.CounterModuloTest" time="0.005"/>
  <testcase name="MultiThreaded only initializes value once[Iterations: 5,382]" classname="serie2.ex3.CounterModuloTest" time="0.007"/>
  <testcase name="MultiThreaded only initializes value once[Iterations: 5,383]" classname="serie2.ex3.CounterModuloTest" time="0.006"/>
  <testcase name="MultiThreaded only initializes value once[Iterations: 5,384]" classname="serie2.ex3.CounterModuloTest" time="0.008"/>
  <testcase name="MultiThreaded only initializes value once[Iterations: 5,385]" classname="serie2.ex3.CounterModuloTest" time="0.006"/>
  <testcase name="MultiThreaded only initializes value once[Iterations: 5,386]" classname="serie2.ex3.CounterModuloTest" time="0.007"/>
  <testcase name="MultiThreaded only initializes value once[Iterations: 5,387]" classname="serie2.ex3.CounterModuloTest" time="0.006"/>
  <testcase name="MultiThreaded only initializes value once[Iterations: 5,388]" classname="serie2.ex3.CounterModuloTest" time="0.007"/>
  <testcase name="MultiThreaded only initializes value once[Iterations: 5,389]" classname="serie2.ex3.CounterModuloTest" time="0.008"/>
  <testcase name="MultiThreaded only initializes value once[Iterations: 5,390]" classname="serie2.ex3.CounterModuloTest" time="0.007"/>
  <testcase name="MultiThreaded only initializes value once[Iterations: 5,391]" classname="serie2.ex3.CounterModuloTest" time="0.008"/>
  <testcase name="MultiThreaded only initializes value once[Iterations: 5,392]" classname="serie2.ex3.CounterModuloTest" time="0.007"/>
  <testcase name="MultiThreaded only initializes value once[Iterations: 5,393]" classname="serie2.ex3.CounterModuloTest" time="0.007"/>
  <testcase name="MultiThreaded only initializes value once[Iterations: 5,394]" classname="serie2.ex3.CounterModuloTest" time="0.008"/>
  <testcase name="MultiThreaded only initializes value once[Iterations: 5,395]" classname="serie2.ex3.CounterModuloTest" time="0.007"/>
  <testcase name="MultiThreaded only initializes value once[Iterations: 5,396]" classname="serie2.ex3.CounterModuloTest" time="0.007"/>
  <testcase name="MultiThreaded only initializes value once[Iterations: 5,397]" classname="serie2.ex3.CounterModuloTest" time="0.008"/>
  <testcase name="MultiThreaded only initializes value once[Iterations: 5,398]" classname="serie2.ex3.CounterModuloTest" time="0.008"/>
  <testcase name="MultiThreaded only initializes value once[Iterations: 5,399]" classname="serie2.ex3.CounterModuloTest" time="0.011"/>
  <testcase name="MultiThreaded only initializes value once[Iterations: 5,400]" classname="serie2.ex3.CounterModuloTest" time="0.009"/>
  <testcase name="MultiThreaded only initializes value once[Iterations: 5,401]" classname="serie2.ex3.CounterModuloTest" time="0.008"/>
  <testcase name="MultiThreaded only initializes value once[Iterations: 5,402]" classname="serie2.ex3.CounterModuloTest" time="0.008"/>
  <testcase name="MultiThreaded only initializes value once[Iterations: 5,403]" classname="serie2.ex3.CounterModuloTest" time="0.007"/>
  <testcase name="MultiThreaded only initializes value once[Iterations: 5,404]" classname="serie2.ex3.CounterModuloTest" time="0.009"/>
  <testcase name="MultiThreaded only initializes value once[Iterations: 5,405]" classname="serie2.ex3.CounterModuloTest" time="0.008"/>
  <testcase name="MultiThreaded only initializes value once[Iterations: 5,406]" classname="serie2.ex3.CounterModuloTest" time="0.008"/>
  <testcase name="MultiThreaded only initializes value once[Iterations: 5,407]" classname="serie2.ex3.CounterModuloTest" time="0.007"/>
  <testcase name="MultiThreaded only initializes value once[Iterations: 5,408]" classname="serie2.ex3.CounterModuloTest" time="0.008"/>
  <testcase name="MultiThreaded only initializes value once[Iterations: 5,409]" classname="serie2.ex3.CounterModuloTest" time="0.009"/>
  <testcase name="MultiThreaded only initializes value once[Iterations: 5,410]" classname="serie2.ex3.CounterModuloTest" time="0.007"/>
  <testcase name="MultiThreaded only initializes value once[Iterations: 5,411]" classname="serie2.ex3.CounterModuloTest" time="0.008"/>
  <testcase name="MultiThreaded only initializes value once[Iterations: 5,412]" classname="serie2.ex3.CounterModuloTest" time="0.008"/>
  <testcase name="MultiThreaded only initializes value once[Iterations: 5,413]" classname="serie2.ex3.CounterModuloTest" time="0.007"/>
  <testcase name="MultiThreaded only initializes value once[Iterations: 5,414]" classname="serie2.ex3.CounterModuloTest" time="0.007"/>
  <testcase name="MultiThreaded only initializes value once[Iterations: 5,415]" classname="serie2.ex3.CounterModuloTest" time="0.007"/>
  <testcase name="MultiThreaded only initializes value once[Iterations: 5,416]" classname="serie2.ex3.CounterModuloTest" time="0.008"/>
  <testcase name="MultiThreaded only initializes value once[Iterations: 5,417]" classname="serie2.ex3.CounterModuloTest" time="0.007"/>
  <testcase name="MultiThreaded only initializes value once[Iterations: 5,418]" classname="serie2.ex3.CounterModuloTest" time="0.008"/>
  <testcase name="MultiThreaded only initializes value once[Iterations: 5,419]" classname="serie2.ex3.CounterModuloTest" time="0.008"/>
  <testcase name="MultiThreaded only initializes value once[Iterations: 5,420]" classname="serie2.ex3.CounterModuloTest" time="0.008"/>
  <testcase name="MultiThreaded only initializes value once[Iterations: 5,421]" classname="serie2.ex3.CounterModuloTest" time="0.007"/>
  <testcase name="MultiThreaded only initializes value once[Iterations: 5,422]" classname="serie2.ex3.CounterModuloTest" time="0.007"/>
  <testcase name="MultiThreaded only initializes value once[Iterations: 5,423]" classname="serie2.ex3.CounterModuloTest" time="0.008"/>
  <testcase name="MultiThreaded only initializes value once[Iterations: 5,424]" classname="serie2.ex3.CounterModuloTest" time="0.007"/>
  <testcase name="MultiThreaded only initializes value once[Iterations: 5,425]" classname="serie2.ex3.CounterModuloTest" time="0.007"/>
  <testcase name="MultiThreaded only initializes value once[Iterations: 5,426]" classname="serie2.ex3.CounterModuloTest" time="0.007"/>
  <testcase name="MultiThreaded only initializes value once[Iterations: 5,427]" classname="serie2.ex3.CounterModuloTest" time="0.01"/>
  <testcase name="MultiThreaded only initializes value once[Iterations: 5,428]" classname="serie2.ex3.CounterModuloTest" time="0.007"/>
  <testcase name="MultiThreaded only initializes value once[Iterations: 5,429]" classname="serie2.ex3.CounterModuloTest" time="0.007"/>
  <testcase name="MultiThreaded only initializes value once[Iterations: 5,430]" classname="serie2.ex3.CounterModuloTest" time="0.007"/>
  <testcase name="MultiThreaded only initializes value once[Iterations: 5,431]" classname="serie2.ex3.CounterModuloTest" time="0.008"/>
  <testcase name="MultiThreaded only initializes value once[Iterations: 5,432]" classname="serie2.ex3.CounterModuloTest" time="0.007"/>
  <testcase name="MultiThreaded only initializes value once[Iterations: 5,433]" classname="serie2.ex3.CounterModuloTest" time="0.008"/>
  <testcase name="MultiThreaded only initializes value once[Iterations: 5,434]" classname="serie2.ex3.CounterModuloTest" time="0.007"/>
  <testcase name="MultiThreaded only initializes value once[Iterations: 5,435]" classname="serie2.ex3.CounterModuloTest" time="0.007"/>
  <testcase name="MultiThreaded only initializes value once[Iterations: 5,436]" classname="serie2.ex3.CounterModuloTest" time="0.007"/>
  <testcase name="MultiThreaded only initializes value once[Iterations: 5,437]" classname="serie2.ex3.CounterModuloTest" time="0.007"/>
  <testcase name="MultiThreaded only initializes value once[Iterations: 5,438]" classname="serie2.ex3.CounterModuloTest" time="0.008"/>
  <testcase name="MultiThreaded only initializes value once[Iterations: 5,439]" classname="serie2.ex3.CounterModuloTest" time="0.008"/>
  <testcase name="MultiThreaded only initializes value once[Iterations: 5,440]" classname="serie2.ex3.CounterModuloTest" time="0.007"/>
  <testcase name="MultiThreaded only initializes value once[Iterations: 5,441]" classname="serie2.ex3.CounterModuloTest" time="0.007"/>
  <testcase name="MultiThreaded only initializes value once[Iterations: 5,442]" classname="serie2.ex3.CounterModuloTest" time="0.008"/>
  <testcase name="MultiThreaded only initializes value once[Iterations: 5,443]" classname="serie2.ex3.CounterModuloTest" time="0.007"/>
  <testcase name="MultiThreaded only initializes value once[Iterations: 5,444]" classname="serie2.ex3.CounterModuloTest" time="0.007"/>
  <testcase name="MultiThreaded only initializes value once[Iterations: 5,445]" classname="serie2.ex3.CounterModuloTest" time="0.008"/>
  <testcase name="MultiThreaded only initializes value once[Iterations: 5,446]" classname="serie2.ex3.CounterModuloTest" time="0.008"/>
  <testcase name="MultiThreaded only initializes value once[Iterations: 5,447]" classname="serie2.ex3.CounterModuloTest" time="0.007"/>
  <testcase name="MultiThreaded only initializes value once[Iterations: 5,448]" classname="serie2.ex3.CounterModuloTest" time="0.008"/>
  <testcase name="MultiThreaded only initializes value once[Iterations: 5,449]" classname="serie2.ex3.CounterModuloTest" time="0.008"/>
  <testcase name="MultiThreaded only initializes value once[Iterations: 5,450]" classname="serie2.ex3.CounterModuloTest" time="0.006"/>
  <testcase name="MultiThreaded only initializes value once[Iterations: 5,451]" classname="serie2.ex3.CounterModuloTest" time="0.008"/>
  <testcase name="MultiThreaded only initializes value once[Iterations: 5,452]" classname="serie2.ex3.CounterModuloTest" time="0.007"/>
  <testcase name="MultiThreaded only initializes value once[Iterations: 5,453]" classname="serie2.ex3.CounterModuloTest" time="0.008"/>
  <testcase name="MultiThreaded only initializes value once[Iterations: 5,454]" classname="serie2.ex3.CounterModuloTest" time="0.007"/>
  <testcase name="MultiThreaded only initializes value once[Iterations: 5,455]" classname="serie2.ex3.CounterModuloTest" time="0.007"/>
  <testcase name="MultiThreaded only initializes value once[Iterations: 5,456]" classname="serie2.ex3.CounterModuloTest" time="0.007"/>
  <testcase name="MultiThreaded only initializes value once[Iterations: 5,457]" classname="serie2.ex3.CounterModuloTest" time="0.007"/>
  <testcase name="MultiThreaded only initializes value once[Iterations: 5,458]" classname="serie2.ex3.CounterModuloTest" time="0.007"/>
  <testcase name="MultiThreaded only initializes value once[Iterations: 5,459]" classname="serie2.ex3.CounterModuloTest" time="0.008"/>
  <testcase name="MultiThreaded only initializes value once[Iterations: 5,460]" classname="serie2.ex3.CounterModuloTest" time="0.008"/>
  <testcase name="MultiThreaded only initializes value once[Iterations: 5,461]" classname="serie2.ex3.CounterModuloTest" time="0.007"/>
  <testcase name="MultiThreaded only initializes value once[Iterations: 5,462]" classname="serie2.ex3.CounterModuloTest" time="0.007"/>
  <testcase name="MultiThreaded only initializes value once[Iterations: 5,463]" classname="serie2.ex3.CounterModuloTest" time="0.008"/>
  <testcase name="MultiThreaded only initializes value once[Iterations: 5,464]" classname="serie2.ex3.CounterModuloTest" time="0.007"/>
  <testcase name="MultiThreaded only initializes value once[Iterations: 5,465]" classname="serie2.ex3.CounterModuloTest" time="0.008"/>
  <testcase name="MultiThreaded only initializes value once[Iterations: 5,466]" classname="serie2.ex3.CounterModuloTest" time="0.007"/>
  <testcase name="MultiThreaded only initializes value once[Iterations: 5,467]" classname="serie2.ex3.CounterModuloTest" time="0.008"/>
  <testcase name="MultiThreaded only initializes value once[Iterations: 5,468]" classname="serie2.ex3.CounterModuloTest" time="0.007"/>
  <testcase name="MultiThreaded only initializes value once[Iterations: 5,469]" classname="serie2.ex3.CounterModuloTest" time="0.009"/>
  <testcase name="MultiThreaded only initializes value once[Iterations: 5,470]" classname="serie2.ex3.CounterModuloTest" time="0.007"/>
  <testcase name="MultiThreaded only initializes value once[Iterations: 5,471]" classname="serie2.ex3.CounterModuloTest" time="0.008"/>
  <testcase name="MultiThreaded only initializes value once[Iterations: 5,472]" classname="serie2.ex3.CounterModuloTest" time="0.007"/>
  <testcase name="MultiThreaded only initializes value once[Iterations: 5,473]" classname="serie2.ex3.CounterModuloTest" time="0.006"/>
  <testcase name="MultiThreaded only initializes value once[Iterations: 5,474]" classname="serie2.ex3.CounterModuloTest" time="0.007"/>
  <testcase name="MultiThreaded only initializes value once[Iterations: 5,475]" classname="serie2.ex3.CounterModuloTest" time="0.008"/>
  <testcase name="MultiThreaded only initializes value once[Iterations: 5,476]" classname="serie2.ex3.CounterModuloTest" time="0.007"/>
  <testcase name="MultiThreaded only initializes value once[Iterations: 5,477]" classname="serie2.ex3.CounterModuloTest" time="0.008"/>
  <testcase name="MultiThreaded only initializes value once[Iterations: 5,478]" classname="serie2.ex3.CounterModuloTest" time="0.007"/>
  <testcase name="MultiThreaded only initializes value once[Iterations: 5,479]" classname="serie2.ex3.CounterModuloTest" time="0.008"/>
  <testcase name="MultiThreaded only initializes value once[Iterations: 5,480]" classname="serie2.ex3.CounterModuloTest" time="0.007"/>
  <testcase name="MultiThreaded only initializes value once[Iterations: 5,481]" classname="serie2.ex3.CounterModuloTest" time="0.008"/>
  <testcase name="MultiThreaded only initializes value once[Iterations: 5,482]" classname="serie2.ex3.CounterModuloTest" time="0.007"/>
  <testcase name="MultiThreaded only initializes value once[Iterations: 5,483]" classname="serie2.ex3.CounterModuloTest" time="0.006"/>
  <testcase name="MultiThreaded only initializes value once[Iterations: 5,484]" classname="serie2.ex3.CounterModuloTest" time="0.007"/>
  <testcase name="MultiThreaded only initializes value once[Iterations: 5,485]" classname="serie2.ex3.CounterModuloTest" time="0.007"/>
  <testcase name="MultiThreaded only initializes value once[Iterations: 5,486]" classname="serie2.ex3.CounterModuloTest" time="0.007"/>
  <testcase name="MultiThreaded only initializes value once[Iterations: 5,487]" classname="serie2.ex3.CounterModuloTest" time="0.007"/>
  <testcase name="MultiThreaded only initializes value once[Iterations: 5,488]" classname="serie2.ex3.CounterModuloTest" time="0.007"/>
  <testcase name="MultiThreaded only initializes value once[Iterations: 5,489]" classname="serie2.ex3.CounterModuloTest" time="0.008"/>
  <testcase name="MultiThreaded only initializes value once[Iterations: 5,490]" classname="serie2.ex3.CounterModuloTest" time="0.006"/>
  <testcase name="MultiThreaded only initializes value once[Iterations: 5,491]" classname="serie2.ex3.CounterModuloTest" time="0.006"/>
  <testcase name="MultiThreaded only initializes value once[Iterations: 5,492]" classname="serie2.ex3.CounterModuloTest" time="0.008"/>
  <testcase name="MultiThreaded only initializes value once[Iterations: 5,493]" classname="serie2.ex3.CounterModuloTest" time="0.007"/>
  <testcase name="MultiThreaded only initializes value once[Iterations: 5,494]" classname="serie2.ex3.CounterModuloTest" time="0.007"/>
  <testcase name="MultiThreaded only initializes value once[Iterations: 5,495]" classname="serie2.ex3.CounterModuloTest" time="0.008"/>
  <testcase name="MultiThreaded only initializes value once[Iterations: 5,496]" classname="serie2.ex3.CounterModuloTest" time="0.007"/>
  <testcase name="MultiThreaded only initializes value once[Iterations: 5,497]" classname="serie2.ex3.CounterModuloTest" time="0.008"/>
  <testcase name="MultiThreaded only initializes value once[Iterations: 5,498]" classname="serie2.ex3.CounterModuloTest" time="0.008"/>
  <testcase name="MultiThreaded only initializes value once[Iterations: 5,499]" classname="serie2.ex3.CounterModuloTest" time="0.008"/>
  <testcase name="MultiThreaded only initializes value once[Iterations: 5,500]" classname="serie2.ex3.CounterModuloTest" time="0.007"/>
  <testcase name="MultiThreaded only initializes value once[Iterations: 5,501]" classname="serie2.ex3.CounterModuloTest" time="0.007"/>
  <testcase name="MultiThreaded only initializes value once[Iterations: 5,502]" classname="serie2.ex3.CounterModuloTest" time="0.009"/>
  <testcase name="MultiThreaded only initializes value once[Iterations: 5,503]" classname="serie2.ex3.CounterModuloTest" time="0.01"/>
  <testcase name="MultiThreaded only initializes value once[Iterations: 5,504]" classname="serie2.ex3.CounterModuloTest" time="0.011"/>
  <testcase name="MultiThreaded only initializes value once[Iterations: 5,505]" classname="serie2.ex3.CounterModuloTest" time="0.007"/>
  <testcase name="MultiThreaded only initializes value once[Iterations: 5,506]" classname="serie2.ex3.CounterModuloTest" time="0.008"/>
  <testcase name="MultiThreaded only initializes value once[Iterations: 5,507]" classname="serie2.ex3.CounterModuloTest" time="0.008"/>
  <testcase name="MultiThreaded only initializes value once[Iterations: 5,508]" classname="serie2.ex3.CounterModuloTest" time="0.01"/>
  <testcase name="MultiThreaded only initializes value once[Iterations: 5,509]" classname="serie2.ex3.CounterModuloTest" time="0.009"/>
  <testcase name="MultiThreaded only initializes value once[Iterations: 5,510]" classname="serie2.ex3.CounterModuloTest" time="0.008"/>
  <testcase name="MultiThreaded only initializes value once[Iterations: 5,511]" classname="serie2.ex3.CounterModuloTest" time="0.007"/>
  <testcase name="MultiThreaded only initializes value once[Iterations: 5,512]" classname="serie2.ex3.CounterModuloTest" time="0.008"/>
  <testcase name="MultiThreaded only initializes value once[Iterations: 5,513]" classname="serie2.ex3.CounterModuloTest" time="0.008"/>
  <testcase name="MultiThreaded only initializes value once[Iterations: 5,514]" classname="serie2.ex3.CounterModuloTest" time="0.008"/>
  <testcase name="MultiThreaded only initializes value once[Iterations: 5,515]" classname="serie2.ex3.CounterModuloTest" time="0.009"/>
  <testcase name="MultiThreaded only initializes value once[Iterations: 5,516]" classname="serie2.ex3.CounterModuloTest" time="0.007"/>
  <testcase name="MultiThreaded only initializes value once[Iterations: 5,517]" classname="serie2.ex3.CounterModuloTest" time="0.008"/>
  <testcase name="MultiThreaded only initializes value once[Iterations: 5,518]" classname="serie2.ex3.CounterModuloTest" time="0.008"/>
  <testcase name="MultiThreaded only initializes value once[Iterations: 5,519]" classname="serie2.ex3.CounterModuloTest" time="0.009"/>
  <testcase name="MultiThreaded only initializes value once[Iterations: 5,520]" classname="serie2.ex3.CounterModuloTest" time="0.011"/>
  <testcase name="MultiThreaded only initializes value once[Iterations: 5,521]" classname="serie2.ex3.CounterModuloTest" time="0.011"/>
  <testcase name="MultiThreaded only initializes value once[Iterations: 5,522]" classname="serie2.ex3.CounterModuloTest" time="0.009"/>
  <testcase name="MultiThreaded only initializes value once[Iterations: 5,523]" classname="serie2.ex3.CounterModuloTest" time="0.008"/>
  <testcase name="MultiThreaded only initializes value once[Iterations: 5,524]" classname="serie2.ex3.CounterModuloTest" time="0.007"/>
  <testcase name="MultiThreaded only initializes value once[Iterations: 5,525]" classname="serie2.ex3.CounterModuloTest" time="0.008"/>
  <testcase name="MultiThreaded only initializes value once[Iterations: 5,526]" classname="serie2.ex3.CounterModuloTest" time="0.008"/>
  <testcase name="MultiThreaded only initializes value once[Iterations: 5,527]" classname="serie2.ex3.CounterModuloTest" time="0.012"/>
  <testcase name="MultiThreaded only initializes value once[Iterations: 5,528]" classname="serie2.ex3.CounterModuloTest" time="0.018"/>
  <testcase name="MultiThreaded only initializes value once[Iterations: 5,529]" classname="serie2.ex3.CounterModuloTest" time="0.01"/>
  <testcase name="MultiThreaded only initializes value once[Iterations: 5,530]" classname="serie2.ex3.CounterModuloTest" time="0.014"/>
  <testcase name="MultiThreaded only initializes value once[Iterations: 5,531]" classname="serie2.ex3.CounterModuloTest" time="0.01"/>
  <testcase name="MultiThreaded only initializes value once[Iterations: 5,532]" classname="serie2.ex3.CounterModuloTest" time="0.008"/>
  <testcase name="MultiThreaded only initializes value once[Iterations: 5,533]" classname="serie2.ex3.CounterModuloTest" time="0.01"/>
  <testcase name="MultiThreaded only initializes value once[Iterations: 5,534]" classname="serie2.ex3.CounterModuloTest" time="0.008"/>
  <testcase name="MultiThreaded only initializes value once[Iterations: 5,535]" classname="serie2.ex3.CounterModuloTest" time="0.007"/>
  <testcase name="MultiThreaded only initializes value once[Iterations: 5,536]" classname="serie2.ex3.CounterModuloTest" time="0.008"/>
  <testcase name="MultiThreaded only initializes value once[Iterations: 5,537]" classname="serie2.ex3.CounterModuloTest" time="0.008"/>
  <testcase name="MultiThreaded only initializes value once[Iterations: 5,538]" classname="serie2.ex3.CounterModuloTest" time="0.008"/>
  <testcase name="MultiThreaded only initializes value once[Iterations: 5,539]" classname="serie2.ex3.CounterModuloTest" time="0.008"/>
  <testcase name="MultiThreaded only initializes value once[Iterations: 5,540]" classname="serie2.ex3.CounterModuloTest" time="0.008"/>
  <testcase name="MultiThreaded only initializes value once[Iterations: 5,541]" classname="serie2.ex3.CounterModuloTest" time="0.007"/>
  <testcase name="MultiThreaded only initializes value once[Iterations: 5,542]" classname="serie2.ex3.CounterModuloTest" time="0.008"/>
  <testcase name="MultiThreaded only initializes value once[Iterations: 5,543]" classname="serie2.ex3.CounterModuloTest" time="0.008"/>
  <testcase name="MultiThreaded only initializes value once[Iterations: 5,544]" classname="serie2.ex3.CounterModuloTest" time="0.007"/>
  <testcase name="MultiThreaded only initializes value once[Iterations: 5,545]" classname="serie2.ex3.CounterModuloTest" time="0.008"/>
  <testcase name="MultiThreaded only initializes value once[Iterations: 5,546]" classname="serie2.ex3.CounterModuloTest" time="0.007"/>
  <testcase name="MultiThreaded only initializes value once[Iterations: 5,547]" classname="serie2.ex3.CounterModuloTest" time="0.008"/>
  <testcase name="MultiThreaded only initializes value once[Iterations: 5,548]" classname="serie2.ex3.CounterModuloTest" time="0.007"/>
  <testcase name="MultiThreaded only initializes value once[Iterations: 5,549]" classname="serie2.ex3.CounterModuloTest" time="0.008"/>
  <testcase name="MultiThreaded only initializes value once[Iterations: 5,550]" classname="serie2.ex3.CounterModuloTest" time="0.007"/>
  <testcase name="MultiThreaded only initializes value once[Iterations: 5,551]" classname="serie2.ex3.CounterModuloTest" time="0.01"/>
  <testcase name="MultiThreaded only initializes value once[Iterations: 5,552]" classname="serie2.ex3.CounterModuloTest" time="0.007"/>
  <testcase name="MultiThreaded only initializes value once[Iterations: 5,553]" classname="serie2.ex3.CounterModuloTest" time="0.007"/>
  <testcase name="MultiThreaded only initializes value once[Iterations: 5,554]" classname="serie2.ex3.CounterModuloTest" time="0.008"/>
  <testcase name="MultiThreaded only initializes value once[Iterations: 5,555]" classname="serie2.ex3.CounterModuloTest" time="0.007"/>
  <testcase name="MultiThreaded only initializes value once[Iterations: 5,556]" classname="serie2.ex3.CounterModuloTest" time="0.009"/>
  <testcase name="MultiThreaded only initializes value once[Iterations: 5,557]" classname="serie2.ex3.CounterModuloTest" time="0.008"/>
  <testcase name="MultiThreaded only initializes value once[Iterations: 5,558]" classname="serie2.ex3.CounterModuloTest" time="0.007"/>
  <testcase name="MultiThreaded only initializes value once[Iterations: 5,559]" classname="serie2.ex3.CounterModuloTest" time="0.008"/>
  <testcase name="MultiThreaded only initializes value once[Iterations: 5,560]" classname="serie2.ex3.CounterModuloTest" time="0.007"/>
  <testcase name="MultiThreaded only initializes value once[Iterations: 5,561]" classname="serie2.ex3.CounterModuloTest" time="0.008"/>
  <testcase name="MultiThreaded only initializes value once[Iterations: 5,562]" classname="serie2.ex3.CounterModuloTest" time="0.007"/>
  <testcase name="MultiThreaded only initializes value once[Iterations: 5,563]" classname="serie2.ex3.CounterModuloTest" time="0.007"/>
  <testcase name="MultiThreaded only initializes value once[Iterations: 5,564]" classname="serie2.ex3.CounterModuloTest" time="0.008"/>
  <testcase name="MultiThreaded only initializes value once[Iterations: 5,565]" classname="serie2.ex3.CounterModuloTest" time="0.007"/>
  <testcase name="MultiThreaded only initializes value once[Iterations: 5,566]" classname="serie2.ex3.CounterModuloTest" time="0.008"/>
  <testcase name="MultiThreaded only initializes value once[Iterations: 5,567]" classname="serie2.ex3.CounterModuloTest" time="0.007"/>
  <testcase name="MultiThreaded only initializes value once[Iterations: 5,568]" classname="serie2.ex3.CounterModuloTest" time="0.008"/>
  <testcase name="MultiThreaded only initializes value once[Iterations: 5,569]" classname="serie2.ex3.CounterModuloTest" time="0.007"/>
  <testcase name="MultiThreaded only initializes value once[Iterations: 5,570]" classname="serie2.ex3.CounterModuloTest" time="0.008"/>
  <testcase name="MultiThreaded only initializes value once[Iterations: 5,571]" classname="serie2.ex3.CounterModuloTest" time="0.007"/>
  <testcase name="MultiThreaded only initializes value once[Iterations: 5,572]" classname="serie2.ex3.CounterModuloTest" time="0.007"/>
  <testcase name="MultiThreaded only initializes value once[Iterations: 5,573]" classname="serie2.ex3.CounterModuloTest" time="0.007"/>
  <testcase name="MultiThreaded only initializes value once[Iterations: 5,574]" classname="serie2.ex3.CounterModuloTest" time="0.008"/>
  <testcase name="MultiThreaded only initializes value once[Iterations: 5,575]" classname="serie2.ex3.CounterModuloTest" time="0.007"/>
  <testcase name="MultiThreaded only initializes value once[Iterations: 5,576]" classname="serie2.ex3.CounterModuloTest" time="0.007"/>
  <testcase name="MultiThreaded only initializes value once[Iterations: 5,577]" classname="serie2.ex3.CounterModuloTest" time="0.008"/>
  <testcase name="MultiThreaded only initializes value once[Iterations: 5,578]" classname="serie2.ex3.CounterModuloTest" time="0.007"/>
  <testcase name="MultiThreaded only initializes value once[Iterations: 5,579]" classname="serie2.ex3.CounterModuloTest" time="0.007"/>
  <testcase name="MultiThreaded only initializes value once[Iterations: 5,580]" classname="serie2.ex3.CounterModuloTest" time="0.007"/>
  <testcase name="MultiThreaded only initializes value once[Iterations: 5,581]" classname="serie2.ex3.CounterModuloTest" time="0.007"/>
  <testcase name="MultiThreaded only initializes value once[Iterations: 5,582]" classname="serie2.ex3.CounterModuloTest" time="0.007"/>
  <testcase name="MultiThreaded only initializes value once[Iterations: 5,583]" classname="serie2.ex3.CounterModuloTest" time="0.007"/>
  <testcase name="MultiThreaded only initializes value once[Iterations: 5,584]" classname="serie2.ex3.CounterModuloTest" time="0.007"/>
  <testcase name="MultiThreaded only initializes value once[Iterations: 5,585]" classname="serie2.ex3.CounterModuloTest" time="0.007"/>
  <testcase name="MultiThreaded only initializes value once[Iterations: 5,586]" classname="serie2.ex3.CounterModuloTest" time="0.007"/>
  <testcase name="MultiThreaded only initializes value once[Iterations: 5,587]" classname="serie2.ex3.CounterModuloTest" time="0.008"/>
  <testcase name="MultiThreaded only initializes value once[Iterations: 5,588]" classname="serie2.ex3.CounterModuloTest" time="0.007"/>
  <testcase name="MultiThreaded only initializes value once[Iterations: 5,589]" classname="serie2.ex3.CounterModuloTest" time="0.008"/>
  <testcase name="MultiThreaded only initializes value once[Iterations: 5,590]" classname="serie2.ex3.CounterModuloTest" time="0.006"/>
  <testcase name="MultiThreaded only initializes value once[Iterations: 5,591]" classname="serie2.ex3.CounterModuloTest" time="0.008"/>
  <testcase name="MultiThreaded only initializes value once[Iterations: 5,592]" classname="serie2.ex3.CounterModuloTest" time="0.007"/>
  <testcase name="MultiThreaded only initializes value once[Iterations: 5,593]" classname="serie2.ex3.CounterModuloTest" time="0.008"/>
  <testcase name="MultiThreaded only initializes value once[Iterations: 5,594]" classname="serie2.ex3.CounterModuloTest" time="0.009"/>
  <testcase name="MultiThreaded only initializes value once[Iterations: 5,595]" classname="serie2.ex3.CounterModuloTest" time="0.007"/>
  <testcase name="MultiThreaded only initializes value once[Iterations: 5,596]" classname="serie2.ex3.CounterModuloTest" time="0.007"/>
  <testcase name="MultiThreaded only initializes value once[Iterations: 5,597]" classname="serie2.ex3.CounterModuloTest" time="0.007"/>
  <testcase name="MultiThreaded only initializes value once[Iterations: 5,598]" classname="serie2.ex3.CounterModuloTest" time="0.008"/>
  <testcase name="MultiThreaded only initializes value once[Iterations: 5,599]" classname="serie2.ex3.CounterModuloTest" time="0.008"/>
  <testcase name="MultiThreaded only initializes value once[Iterations: 5,600]" classname="serie2.ex3.CounterModuloTest" time="0.008"/>
  <testcase name="MultiThreaded only initializes value once[Iterations: 5,601]" classname="serie2.ex3.CounterModuloTest" time="0.007"/>
  <testcase name="MultiThreaded only initializes value once[Iterations: 5,602]" classname="serie2.ex3.CounterModuloTest" time="0.008"/>
  <testcase name="MultiThreaded only initializes value once[Iterations: 5,603]" classname="serie2.ex3.CounterModuloTest" time="0.009"/>
  <testcase name="MultiThreaded only initializes value once[Iterations: 5,604]" classname="serie2.ex3.CounterModuloTest" time="0.007"/>
  <testcase name="MultiThreaded only initializes value once[Iterations: 5,605]" classname="serie2.ex3.CounterModuloTest" time="0.008"/>
  <testcase name="MultiThreaded only initializes value once[Iterations: 5,606]" classname="serie2.ex3.CounterModuloTest" time="0.008"/>
  <testcase name="MultiThreaded only initializes value once[Iterations: 5,607]" classname="serie2.ex3.CounterModuloTest" time="0.007"/>
  <testcase name="MultiThreaded only initializes value once[Iterations: 5,608]" classname="serie2.ex3.CounterModuloTest" time="0.008"/>
  <testcase name="MultiThreaded only initializes value once[Iterations: 5,609]" classname="serie2.ex3.CounterModuloTest" time="0.009"/>
  <testcase name="MultiThreaded only initializes value once[Iterations: 5,610]" classname="serie2.ex3.CounterModuloTest" time="0.009"/>
  <testcase name="MultiThreaded only initializes value once[Iterations: 5,611]" classname="serie2.ex3.CounterModuloTest" time="0.008"/>
  <testcase name="MultiThreaded only initializes value once[Iterations: 5,612]" classname="serie2.ex3.CounterModuloTest" time="0.007"/>
  <testcase name="MultiThreaded only initializes value once[Iterations: 5,613]" classname="serie2.ex3.CounterModuloTest" time="0.007"/>
  <testcase name="MultiThreaded only initializes value once[Iterations: 5,614]" classname="serie2.ex3.CounterModuloTest" time="0.008"/>
  <testcase name="MultiThreaded only initializes value once[Iterations: 5,615]" classname="serie2.ex3.CounterModuloTest" time="0.008"/>
  <testcase name="MultiThreaded only initializes value once[Iterations: 5,616]" classname="serie2.ex3.CounterModuloTest" time="0.007"/>
  <testcase name="MultiThreaded only initializes value once[Iterations: 5,617]" classname="serie2.ex3.CounterModuloTest" time="0.007"/>
  <testcase name="MultiThreaded only initializes value once[Iterations: 5,618]" classname="serie2.ex3.CounterModuloTest" time="0.007"/>
  <testcase name="MultiThreaded only initializes value once[Iterations: 5,619]" classname="serie2.ex3.CounterModuloTest" time="0.01"/>
  <testcase name="MultiThreaded only initializes value once[Iterations: 5,620]" classname="serie2.ex3.CounterModuloTest" time="0.015"/>
  <testcase name="MultiThreaded only initializes value once[Iterations: 5,621]" classname="serie2.ex3.CounterModuloTest" time="0.015"/>
  <testcase name="MultiThreaded only initializes value once[Iterations: 5,622]" classname="serie2.ex3.CounterModuloTest" time="0.009"/>
  <testcase name="MultiThreaded only initializes value once[Iterations: 5,623]" classname="serie2.ex3.CounterModuloTest" time="0.009"/>
  <testcase name="MultiThreaded only initializes value once[Iterations: 5,624]" classname="serie2.ex3.CounterModuloTest" time="0.009"/>
  <testcase name="MultiThreaded only initializes value once[Iterations: 5,625]" classname="serie2.ex3.CounterModuloTest" time="0.008"/>
  <testcase name="MultiThreaded only initializes value once[Iterations: 5,626]" classname="serie2.ex3.CounterModuloTest" time="0.009"/>
  <testcase name="MultiThreaded only initializes value once[Iterations: 5,627]" classname="serie2.ex3.CounterModuloTest" time="0.008"/>
  <testcase name="MultiThreaded only initializes value once[Iterations: 5,628]" classname="serie2.ex3.CounterModuloTest" time="0.009"/>
  <testcase name="MultiThreaded only initializes value once[Iterations: 5,629]" classname="serie2.ex3.CounterModuloTest" time="0.008"/>
  <testcase name="MultiThreaded only initializes value once[Iterations: 5,630]" classname="serie2.ex3.CounterModuloTest" time="0.008"/>
  <testcase name="MultiThreaded only initializes value once[Iterations: 5,631]" classname="serie2.ex3.CounterModuloTest" time="0.008"/>
  <testcase name="MultiThreaded only initializes value once[Iterations: 5,632]" classname="serie2.ex3.CounterModuloTest" time="0.009"/>
  <testcase name="MultiThreaded only initializes value once[Iterations: 5,633]" classname="serie2.ex3.CounterModuloTest" time="0.01"/>
  <testcase name="MultiThreaded only initializes value once[Iterations: 5,634]" classname="serie2.ex3.CounterModuloTest" time="0.008"/>
  <testcase name="MultiThreaded only initializes value once[Iterations: 5,635]" classname="serie2.ex3.CounterModuloTest" time="0.009"/>
  <testcase name="MultiThreaded only initializes value once[Iterations: 5,636]" classname="serie2.ex3.CounterModuloTest" time="0.008"/>
  <testcase name="MultiThreaded only initializes value once[Iterations: 5,637]" classname="serie2.ex3.CounterModuloTest" time="0.008"/>
  <testcase name="MultiThreaded only initializes value once[Iterations: 5,638]" classname="serie2.ex3.CounterModuloTest" time="0.009"/>
  <testcase name="MultiThreaded only initializes value once[Iterations: 5,639]" classname="serie2.ex3.CounterModuloTest" time="0.008"/>
  <testcase name="MultiThreaded only initializes value once[Iterations: 5,640]" classname="serie2.ex3.CounterModuloTest" time="0.008"/>
  <testcase name="MultiThreaded only initializes value once[Iterations: 5,641]" classname="serie2.ex3.CounterModuloTest" time="0.008"/>
  <testcase name="MultiThreaded only initializes value once[Iterations: 5,642]" classname="serie2.ex3.CounterModuloTest" time="0.008"/>
  <testcase name="MultiThreaded only initializes value once[Iterations: 5,643]" classname="serie2.ex3.CounterModuloTest" time="0.008"/>
  <testcase name="MultiThreaded only initializes value once[Iterations: 5,644]" classname="serie2.ex3.CounterModuloTest" time="0.012"/>
  <testcase name="MultiThreaded only initializes value once[Iterations: 5,645]" classname="serie2.ex3.CounterModuloTest" time="0.009"/>
  <testcase name="MultiThreaded only initializes value once[Iterations: 5,646]" classname="serie2.ex3.CounterModuloTest" time="0.009"/>
  <testcase name="MultiThreaded only initializes value once[Iterations: 5,647]" classname="serie2.ex3.CounterModuloTest" time="0.009"/>
  <testcase name="MultiThreaded only initializes value once[Iterations: 5,648]" classname="serie2.ex3.CounterModuloTest" time="0.007"/>
  <testcase name="MultiThreaded only initializes value once[Iterations: 5,649]" classname="serie2.ex3.CounterModuloTest" time="0.008"/>
  <testcase name="MultiThreaded only initializes value once[Iterations: 5,650]" classname="serie2.ex3.CounterModuloTest" time="0.007"/>
  <testcase name="MultiThreaded only initializes value once[Iterations: 5,651]" classname="serie2.ex3.CounterModuloTest" time="0.008"/>
  <testcase name="MultiThreaded only initializes value once[Iterations: 5,652]" classname="serie2.ex3.CounterModuloTest" time="0.008"/>
  <testcase name="MultiThreaded only initializes value once[Iterations: 5,653]" classname="serie2.ex3.CounterModuloTest" time="0.008"/>
  <testcase name="MultiThreaded only initializes value once[Iterations: 5,654]" classname="serie2.ex3.CounterModuloTest" time="0.008"/>
  <testcase name="MultiThreaded only initializes value once[Iterations: 5,655]" classname="serie2.ex3.CounterModuloTest" time="0.008"/>
  <testcase name="MultiThreaded only initializes value once[Iterations: 5,656]" classname="serie2.ex3.CounterModuloTest" time="0.008"/>
  <testcase name="MultiThreaded only initializes value once[Iterations: 5,657]" classname="serie2.ex3.CounterModuloTest" time="0.008"/>
  <testcase name="MultiThreaded only initializes value once[Iterations: 5,658]" classname="serie2.ex3.CounterModuloTest" time="0.008"/>
  <testcase name="MultiThreaded only initializes value once[Iterations: 5,659]" classname="serie2.ex3.CounterModuloTest" time="0.007"/>
  <testcase name="MultiThreaded only initializes value once[Iterations: 5,660]" classname="serie2.ex3.CounterModuloTest" time="0.007"/>
  <testcase name="MultiThreaded only initializes value once[Iterations: 5,661]" classname="serie2.ex3.CounterModuloTest" time="0.008"/>
  <testcase name="MultiThreaded only initializes value once[Iterations: 5,662]" classname="serie2.ex3.CounterModuloTest" time="0.008"/>
  <testcase name="MultiThreaded only initializes value once[Iterations: 5,663]" classname="serie2.ex3.CounterModuloTest" time="0.008"/>
  <testcase name="MultiThreaded only initializes value once[Iterations: 5,664]" classname="serie2.ex3.CounterModuloTest" time="0.008"/>
  <testcase name="MultiThreaded only initializes value once[Iterations: 5,665]" classname="serie2.ex3.CounterModuloTest" time="0.007"/>
  <testcase name="MultiThreaded only initializes value once[Iterations: 5,666]" classname="serie2.ex3.CounterModuloTest" time="0.01"/>
  <testcase name="MultiThreaded only initializes value once[Iterations: 5,667]" classname="serie2.ex3.CounterModuloTest" time="0.008"/>
  <testcase name="MultiThreaded only initializes value once[Iterations: 5,668]" classname="serie2.ex3.CounterModuloTest" time="0.008"/>
  <testcase name="MultiThreaded only initializes value once[Iterations: 5,669]" classname="serie2.ex3.CounterModuloTest" time="0.007"/>
  <testcase name="MultiThreaded only initializes value once[Iterations: 5,670]" classname="serie2.ex3.CounterModuloTest" time="0.007"/>
  <testcase name="MultiThreaded only initializes value once[Iterations: 5,671]" classname="serie2.ex3.CounterModuloTest" time="0.008"/>
  <testcase name="MultiThreaded only initializes value once[Iterations: 5,672]" classname="serie2.ex3.CounterModuloTest" time="0.008"/>
  <testcase name="MultiThreaded only initializes value once[Iterations: 5,673]" classname="serie2.ex3.CounterModuloTest" time="0.008"/>
  <testcase name="MultiThreaded only initializes value once[Iterations: 5,674]" classname="serie2.ex3.CounterModuloTest" time="0.007"/>
  <testcase name="MultiThreaded only initializes value once[Iterations: 5,675]" classname="serie2.ex3.CounterModuloTest" time="0.007"/>
  <testcase name="MultiThreaded only initializes value once[Iterations: 5,676]" classname="serie2.ex3.CounterModuloTest" time="0.008"/>
  <testcase name="MultiThreaded only initializes value once[Iterations: 5,677]" classname="serie2.ex3.CounterModuloTest" time="0.007"/>
  <testcase name="MultiThreaded only initializes value once[Iterations: 5,678]" classname="serie2.ex3.CounterModuloTest" time="0.007"/>
  <testcase name="MultiThreaded only initializes value once[Iterations: 5,679]" classname="serie2.ex3.CounterModuloTest" time="0.007"/>
  <testcase name="MultiThreaded only initializes value once[Iterations: 5,680]" classname="serie2.ex3.CounterModuloTest" time="0.007"/>
  <testcase name="MultiThreaded only initializes value once[Iterations: 5,681]" classname="serie2.ex3.CounterModuloTest" time="0.008"/>
  <testcase name="MultiThreaded only initializes value once[Iterations: 5,682]" classname="serie2.ex3.CounterModuloTest" time="0.007"/>
  <testcase name="MultiThreaded only initializes value once[Iterations: 5,683]" classname="serie2.ex3.CounterModuloTest" time="0.007"/>
  <testcase name="MultiThreaded only initializes value once[Iterations: 5,684]" classname="serie2.ex3.CounterModuloTest" time="0.007"/>
  <testcase name="MultiThreaded only initializes value once[Iterations: 5,685]" classname="serie2.ex3.CounterModuloTest" time="0.008"/>
  <testcase name="MultiThreaded only initializes value once[Iterations: 5,686]" classname="serie2.ex3.CounterModuloTest" time="0.006"/>
  <testcase name="MultiThreaded only initializes value once[Iterations: 5,687]" classname="serie2.ex3.CounterModuloTest" time="0.007"/>
  <testcase name="MultiThreaded only initializes value once[Iterations: 5,688]" classname="serie2.ex3.CounterModuloTest" time="0.008"/>
  <testcase name="MultiThreaded only initializes value once[Iterations: 5,689]" classname="serie2.ex3.CounterModuloTest" time="0.007"/>
  <testcase name="MultiThreaded only initializes value once[Iterations: 5,690]" classname="serie2.ex3.CounterModuloTest" time="0.008"/>
  <testcase name="MultiThreaded only initializes value once[Iterations: 5,691]" classname="serie2.ex3.CounterModuloTest" time="0.008"/>
  <testcase name="MultiThreaded only initializes value once[Iterations: 5,692]" classname="serie2.ex3.CounterModuloTest" time="0.008"/>
  <testcase name="MultiThreaded only initializes value once[Iterations: 5,693]" classname="serie2.ex3.CounterModuloTest" time="0.008"/>
  <testcase name="MultiThreaded only initializes value once[Iterations: 5,694]" classname="serie2.ex3.CounterModuloTest" time="0.008"/>
  <testcase name="MultiThreaded only initializes value once[Iterations: 5,695]" classname="serie2.ex3.CounterModuloTest" time="0.007"/>
  <testcase name="MultiThreaded only initializes value once[Iterations: 5,696]" classname="serie2.ex3.CounterModuloTest" time="0.007"/>
  <testcase name="MultiThreaded only initializes value once[Iterations: 5,697]" classname="serie2.ex3.CounterModuloTest" time="0.008"/>
  <testcase name="MultiThreaded only initializes value once[Iterations: 5,698]" classname="serie2.ex3.CounterModuloTest" time="0.007"/>
  <testcase name="MultiThreaded only initializes value once[Iterations: 5,699]" classname="serie2.ex3.CounterModuloTest" time="0.007"/>
  <testcase name="MultiThreaded only initializes value once[Iterations: 5,700]" classname="serie2.ex3.CounterModuloTest" time="0.008"/>
  <testcase name="MultiThreaded only initializes value once[Iterations: 5,701]" classname="serie2.ex3.CounterModuloTest" time="0.007"/>
  <testcase name="MultiThreaded only initializes value once[Iterations: 5,702]" classname="serie2.ex3.CounterModuloTest" time="0.007"/>
  <testcase name="MultiThreaded only initializes value once[Iterations: 5,703]" classname="serie2.ex3.CounterModuloTest" time="0.007"/>
  <testcase name="MultiThreaded only initializes value once[Iterations: 5,704]" classname="serie2.ex3.CounterModuloTest" time="0.008"/>
  <testcase name="MultiThreaded only initializes value once[Iterations: 5,705]" classname="serie2.ex3.CounterModuloTest" time="0.008"/>
  <testcase name="MultiThreaded only initializes value once[Iterations: 5,706]" classname="serie2.ex3.CounterModuloTest" time="0.01"/>
  <testcase name="MultiThreaded only initializes value once[Iterations: 5,707]" classname="serie2.ex3.CounterModuloTest" time="0.007"/>
  <testcase name="MultiThreaded only initializes value once[Iterations: 5,708]" classname="serie2.ex3.CounterModuloTest" time="0.008"/>
  <testcase name="MultiThreaded only initializes value once[Iterations: 5,709]" classname="serie2.ex3.CounterModuloTest" time="0.008"/>
  <testcase name="MultiThreaded only initializes value once[Iterations: 5,710]" classname="serie2.ex3.CounterModuloTest" time="0.007"/>
  <testcase name="MultiThreaded only initializes value once[Iterations: 5,711]" classname="serie2.ex3.CounterModuloTest" time="0.007"/>
  <testcase name="MultiThreaded only initializes value once[Iterations: 5,712]" classname="serie2.ex3.CounterModuloTest" time="0.007"/>
  <testcase name="MultiThreaded only initializes value once[Iterations: 5,713]" classname="serie2.ex3.CounterModuloTest" time="0.008"/>
  <testcase name="MultiThreaded only initializes value once[Iterations: 5,714]" classname="serie2.ex3.CounterModuloTest" time="0.008"/>
  <testcase name="MultiThreaded only initializes value once[Iterations: 5,715]" classname="serie2.ex3.CounterModuloTest" time="0.007"/>
  <testcase name="MultiThreaded only initializes value once[Iterations: 5,716]" classname="serie2.ex3.CounterModuloTest" time="0.008"/>
  <testcase name="MultiThreaded only initializes value once[Iterations: 5,717]" classname="serie2.ex3.CounterModuloTest" time="0.008"/>
  <testcase name="MultiThreaded only initializes value once[Iterations: 5,718]" classname="serie2.ex3.CounterModuloTest" time="0.007"/>
  <testcase name="MultiThreaded only initializes value once[Iterations: 5,719]" classname="serie2.ex3.CounterModuloTest" time="0.007"/>
  <testcase name="MultiThreaded only initializes value once[Iterations: 5,720]" classname="serie2.ex3.CounterModuloTest" time="0.008"/>
  <testcase name="MultiThreaded only initializes value once[Iterations: 5,721]" classname="serie2.ex3.CounterModuloTest" time="0.008"/>
  <testcase name="MultiThreaded only initializes value once[Iterations: 5,722]" classname="serie2.ex3.CounterModuloTest" time="0.007"/>
  <testcase name="MultiThreaded only initializes value once[Iterations: 5,723]" classname="serie2.ex3.CounterModuloTest" time="0.008"/>
  <testcase name="MultiThreaded only initializes value once[Iterations: 5,724]" classname="serie2.ex3.CounterModuloTest" time="0.007"/>
  <testcase name="MultiThreaded only initializes value once[Iterations: 5,725]" classname="serie2.ex3.CounterModuloTest" time="0.007"/>
  <testcase name="MultiThreaded only initializes value once[Iterations: 5,726]" classname="serie2.ex3.CounterModuloTest" time="0.008"/>
  <testcase name="MultiThreaded only initializes value once[Iterations: 5,727]" classname="serie2.ex3.CounterModuloTest" time="0.006"/>
  <testcase name="MultiThreaded only initializes value once[Iterations: 5,728]" classname="serie2.ex3.CounterModuloTest" time="0.008"/>
  <testcase name="MultiThreaded only initializes value once[Iterations: 5,729]" classname="serie2.ex3.CounterModuloTest" time="0.008"/>
  <testcase name="MultiThreaded only initializes value once[Iterations: 5,730]" classname="serie2.ex3.CounterModuloTest" time="0.007"/>
  <testcase name="MultiThreaded only initializes value once[Iterations: 5,731]" classname="serie2.ex3.CounterModuloTest" time="0.007"/>
  <testcase name="MultiThreaded only initializes value once[Iterations: 5,732]" classname="serie2.ex3.CounterModuloTest" time="0.008"/>
  <testcase name="MultiThreaded only initializes value once[Iterations: 5,733]" classname="serie2.ex3.CounterModuloTest" time="0.007"/>
  <testcase name="MultiThreaded only initializes value once[Iterations: 5,734]" classname="serie2.ex3.CounterModuloTest" time="0.007"/>
  <testcase name="MultiThreaded only initializes value once[Iterations: 5,735]" classname="serie2.ex3.CounterModuloTest" time="0.007"/>
  <testcase name="MultiThreaded only initializes value once[Iterations: 5,736]" classname="serie2.ex3.CounterModuloTest" time="0.008"/>
  <testcase name="MultiThreaded only initializes value once[Iterations: 5,737]" classname="serie2.ex3.CounterModuloTest" time="0.007"/>
  <testcase name="MultiThreaded only initializes value once[Iterations: 5,738]" classname="serie2.ex3.CounterModuloTest" time="0.008"/>
  <testcase name="MultiThreaded only initializes value once[Iterations: 5,739]" classname="serie2.ex3.CounterModuloTest" time="0.008"/>
  <testcase name="MultiThreaded only initializes value once[Iterations: 5,740]" classname="serie2.ex3.CounterModuloTest" time="0.007"/>
  <testcase name="MultiThreaded only initializes value once[Iterations: 5,741]" classname="serie2.ex3.CounterModuloTest" time="0.008"/>
  <testcase name="MultiThreaded only initializes value once[Iterations: 5,742]" classname="serie2.ex3.CounterModuloTest" time="0.011"/>
  <testcase name="MultiThreaded only initializes value once[Iterations: 5,743]" classname="serie2.ex3.CounterModuloTest" time="0.008"/>
  <testcase name="MultiThreaded only initializes value once[Iterations: 5,744]" classname="serie2.ex3.CounterModuloTest" time="0.008"/>
  <testcase name="MultiThreaded only initializes value once[Iterations: 5,745]" classname="serie2.ex3.CounterModuloTest" time="0.007"/>
  <testcase name="MultiThreaded only initializes value once[Iterations: 5,746]" classname="serie2.ex3.CounterModuloTest" time="0.008"/>
  <testcase name="MultiThreaded only initializes value once[Iterations: 5,747]" classname="serie2.ex3.CounterModuloTest" time="0.008"/>
  <testcase name="MultiThreaded only initializes value once[Iterations: 5,748]" classname="serie2.ex3.CounterModuloTest" time="0.007"/>
  <testcase name="MultiThreaded only initializes value once[Iterations: 5,749]" classname="serie2.ex3.CounterModuloTest" time="0.008"/>
  <testcase name="MultiThreaded only initializes value once[Iterations: 5,750]" classname="serie2.ex3.CounterModuloTest" time="0.008"/>
  <testcase name="MultiThreaded only initializes value once[Iterations: 5,751]" classname="serie2.ex3.CounterModuloTest" time="0.007"/>
  <testcase name="MultiThreaded only initializes value once[Iterations: 5,752]" classname="serie2.ex3.CounterModuloTest" time="0.007"/>
  <testcase name="MultiThreaded only initializes value once[Iterations: 5,753]" classname="serie2.ex3.CounterModuloTest" time="0.008"/>
  <testcase name="MultiThreaded only initializes value once[Iterations: 5,754]" classname="serie2.ex3.CounterModuloTest" time="0.009"/>
  <testcase name="MultiThreaded only initializes value once[Iterations: 5,755]" classname="serie2.ex3.CounterModuloTest" time="0.008"/>
  <testcase name="MultiThreaded only initializes value once[Iterations: 5,756]" classname="serie2.ex3.CounterModuloTest" time="0.008"/>
  <testcase name="MultiThreaded only initializes value once[Iterations: 5,757]" classname="serie2.ex3.CounterModuloTest" time="0.007"/>
  <testcase name="MultiThreaded only initializes value once[Iterations: 5,758]" classname="serie2.ex3.CounterModuloTest" time="0.008"/>
  <testcase name="MultiThreaded only initializes value once[Iterations: 5,759]" classname="serie2.ex3.CounterModuloTest" time="0.008"/>
  <testcase name="MultiThreaded only initializes value once[Iterations: 5,760]" classname="serie2.ex3.CounterModuloTest" time="0.008"/>
  <testcase name="MultiThreaded only initializes value once[Iterations: 5,761]" classname="serie2.ex3.CounterModuloTest" time="0.008"/>
  <testcase name="MultiThreaded only initializes value once[Iterations: 5,762]" classname="serie2.ex3.CounterModuloTest" time="0.008"/>
  <testcase name="MultiThreaded only initializes value once[Iterations: 5,763]" classname="serie2.ex3.CounterModuloTest" time="0.008"/>
  <testcase name="MultiThreaded only initializes value once[Iterations: 5,764]" classname="serie2.ex3.CounterModuloTest" time="0.009"/>
  <testcase name="MultiThreaded only initializes value once[Iterations: 5,765]" classname="serie2.ex3.CounterModuloTest" time="0.007"/>
  <testcase name="MultiThreaded only initializes value once[Iterations: 5,766]" classname="serie2.ex3.CounterModuloTest" time="0.008"/>
  <testcase name="MultiThreaded only initializes value once[Iterations: 5,767]" classname="serie2.ex3.CounterModuloTest" time="0.008"/>
  <testcase name="MultiThreaded only initializes value once[Iterations: 5,768]" classname="serie2.ex3.CounterModuloTest" time="0.007"/>
  <testcase name="MultiThreaded only initializes value once[Iterations: 5,769]" classname="serie2.ex3.CounterModuloTest" time="0.008"/>
  <testcase name="MultiThreaded only initializes value once[Iterations: 5,770]" classname="serie2.ex3.CounterModuloTest" time="0.007"/>
  <testcase name="MultiThreaded only initializes value once[Iterations: 5,771]" classname="serie2.ex3.CounterModuloTest" time="0.008"/>
  <testcase name="MultiThreaded only initializes value once[Iterations: 5,772]" classname="serie2.ex3.CounterModuloTest" time="0.008"/>
  <testcase name="MultiThreaded only initializes value once[Iterations: 5,773]" classname="serie2.ex3.CounterModuloTest" time="0.007"/>
  <testcase name="MultiThreaded only initializes value once[Iterations: 5,774]" classname="serie2.ex3.CounterModuloTest" time="0.007"/>
  <testcase name="MultiThreaded only initializes value once[Iterations: 5,775]" classname="serie2.ex3.CounterModuloTest" time="0.008"/>
  <testcase name="MultiThreaded only initializes value once[Iterations: 5,776]" classname="serie2.ex3.CounterModuloTest" time="0.007"/>
  <testcase name="MultiThreaded only initializes value once[Iterations: 5,777]" classname="serie2.ex3.CounterModuloTest" time="0.008"/>
  <testcase name="MultiThreaded only initializes value once[Iterations: 5,778]" classname="serie2.ex3.CounterModuloTest" time="0.008"/>
  <testcase name="MultiThreaded only initializes value once[Iterations: 5,779]" classname="serie2.ex3.CounterModuloTest" time="0.008"/>
  <testcase name="MultiThreaded only initializes value once[Iterations: 5,780]" classname="serie2.ex3.CounterModuloTest" time="0.008"/>
  <testcase name="MultiThreaded only initializes value once[Iterations: 5,781]" classname="serie2.ex3.CounterModuloTest" time="0.012"/>
  <testcase name="MultiThreaded only initializes value once[Iterations: 5,782]" classname="serie2.ex3.CounterModuloTest" time="0.008"/>
  <testcase name="MultiThreaded only initializes value once[Iterations: 5,783]" classname="serie2.ex3.CounterModuloTest" time="0.009"/>
  <testcase name="MultiThreaded only initializes value once[Iterations: 5,784]" classname="serie2.ex3.CounterModuloTest" time="0.008"/>
  <testcase name="MultiThreaded only initializes value once[Iterations: 5,785]" classname="serie2.ex3.CounterModuloTest" time="0.008"/>
  <testcase name="MultiThreaded only initializes value once[Iterations: 5,786]" classname="serie2.ex3.CounterModuloTest" time="0.008"/>
  <testcase name="MultiThreaded only initializes value once[Iterations: 5,787]" classname="serie2.ex3.CounterModuloTest" time="0.008"/>
  <testcase name="MultiThreaded only initializes value once[Iterations: 5,788]" classname="serie2.ex3.CounterModuloTest" time="0.008"/>
  <testcase name="MultiThreaded only initializes value once[Iterations: 5,789]" classname="serie2.ex3.CounterModuloTest" time="0.008"/>
  <testcase name="MultiThreaded only initializes value once[Iterations: 5,790]" classname="serie2.ex3.CounterModuloTest" time="0.008"/>
  <testcase name="MultiThreaded only initializes value once[Iterations: 5,791]" classname="serie2.ex3.CounterModuloTest" time="0.008"/>
  <testcase name="MultiThreaded only initializes value once[Iterations: 5,792]" classname="serie2.ex3.CounterModuloTest" time="0.008"/>
  <testcase name="MultiThreaded only initializes value once[Iterations: 5,793]" classname="serie2.ex3.CounterModuloTest" time="0.007"/>
  <testcase name="MultiThreaded only initializes value once[Iterations: 5,794]" classname="serie2.ex3.CounterModuloTest" time="0.009"/>
  <testcase name="MultiThreaded only initializes value once[Iterations: 5,795]" classname="serie2.ex3.CounterModuloTest" time="0.007"/>
  <testcase name="MultiThreaded only initializes value once[Iterations: 5,796]" classname="serie2.ex3.CounterModuloTest" time="0.008"/>
  <testcase name="MultiThreaded only initializes value once[Iterations: 5,797]" classname="serie2.ex3.CounterModuloTest" time="0.008"/>
  <testcase name="MultiThreaded only initializes value once[Iterations: 5,798]" classname="serie2.ex3.CounterModuloTest" time="0.008"/>
  <testcase name="MultiThreaded only initializes value once[Iterations: 5,799]" classname="serie2.ex3.CounterModuloTest" time="0.008"/>
  <testcase name="MultiThreaded only initializes value once[Iterations: 5,800]" classname="serie2.ex3.CounterModuloTest" time="0.008"/>
  <testcase name="MultiThreaded only initializes value once[Iterations: 5,801]" classname="serie2.ex3.CounterModuloTest" time="0.007"/>
  <testcase name="MultiThreaded only initializes value once[Iterations: 5,802]" classname="serie2.ex3.CounterModuloTest" time="0.008"/>
  <testcase name="MultiThreaded only initializes value once[Iterations: 5,803]" classname="serie2.ex3.CounterModuloTest" time="0.008"/>
  <testcase name="MultiThreaded only initializes value once[Iterations: 5,804]" classname="serie2.ex3.CounterModuloTest" time="0.008"/>
  <testcase name="MultiThreaded only initializes value once[Iterations: 5,805]" classname="serie2.ex3.CounterModuloTest" time="0.008"/>
  <testcase name="MultiThreaded only initializes value once[Iterations: 5,806]" classname="serie2.ex3.CounterModuloTest" time="0.007"/>
  <testcase name="MultiThreaded only initializes value once[Iterations: 5,807]" classname="serie2.ex3.CounterModuloTest" time="0.008"/>
  <testcase name="MultiThreaded only initializes value once[Iterations: 5,808]" classname="serie2.ex3.CounterModuloTest" time="0.008"/>
  <testcase name="MultiThreaded only initializes value once[Iterations: 5,809]" classname="serie2.ex3.CounterModuloTest" time="0.007"/>
  <testcase name="MultiThreaded only initializes value once[Iterations: 5,810]" classname="serie2.ex3.CounterModuloTest" time="0.008"/>
  <testcase name="MultiThreaded only initializes value once[Iterations: 5,811]" classname="serie2.ex3.CounterModuloTest" time="0.008"/>
  <testcase name="MultiThreaded only initializes value once[Iterations: 5,812]" classname="serie2.ex3.CounterModuloTest" time="0.007"/>
  <testcase name="MultiThreaded only initializes value once[Iterations: 5,813]" classname="serie2.ex3.CounterModuloTest" time="0.008"/>
  <testcase name="MultiThreaded only initializes value once[Iterations: 5,814]" classname="serie2.ex3.CounterModuloTest" time="0.008"/>
  <testcase name="MultiThreaded only initializes value once[Iterations: 5,815]" classname="serie2.ex3.CounterModuloTest" time="0.006"/>
  <testcase name="MultiThreaded only initializes value once[Iterations: 5,816]" classname="serie2.ex3.CounterModuloTest" time="0.008"/>
  <testcase name="MultiThreaded only initializes value once[Iterations: 5,817]" classname="serie2.ex3.CounterModuloTest" time="0.008"/>
  <testcase name="MultiThreaded only initializes value once[Iterations: 5,818]" classname="serie2.ex3.CounterModuloTest" time="0.008"/>
  <testcase name="MultiThreaded only initializes value once[Iterations: 5,819]" classname="serie2.ex3.CounterModuloTest" time="0.007"/>
  <testcase name="MultiThreaded only initializes value once[Iterations: 5,820]" classname="serie2.ex3.CounterModuloTest" time="0.008"/>
  <testcase name="MultiThreaded only initializes value once[Iterations: 5,821]" classname="serie2.ex3.CounterModuloTest" time="0.012"/>
  <testcase name="MultiThreaded only initializes value once[Iterations: 5,822]" classname="serie2.ex3.CounterModuloTest" time="0.007"/>
  <testcase name="MultiThreaded only initializes value once[Iterations: 5,823]" classname="serie2.ex3.CounterModuloTest" time="0.006"/>
  <testcase name="MultiThreaded only initializes value once[Iterations: 5,824]" classname="serie2.ex3.CounterModuloTest" time="0.008"/>
  <testcase name="MultiThreaded only initializes value once[Iterations: 5,825]" classname="serie2.ex3.CounterModuloTest" time="0.008"/>
  <testcase name="MultiThreaded only initializes value once[Iterations: 5,826]" classname="serie2.ex3.CounterModuloTest" time="0.008"/>
  <testcase name="MultiThreaded only initializes value once[Iterations: 5,827]" classname="serie2.ex3.CounterModuloTest" time="0.008"/>
  <testcase name="MultiThreaded only initializes value once[Iterations: 5,828]" classname="serie2.ex3.CounterModuloTest" time="0.008"/>
  <testcase name="MultiThreaded only initializes value once[Iterations: 5,829]" classname="serie2.ex3.CounterModuloTest" time="0.008"/>
  <testcase name="MultiThreaded only initializes value once[Iterations: 5,830]" classname="serie2.ex3.CounterModuloTest" time="0.007"/>
  <testcase name="MultiThreaded only initializes value once[Iterations: 5,831]" classname="serie2.ex3.CounterModuloTest" time="0.007"/>
  <testcase name="MultiThreaded only initializes value once[Iterations: 5,832]" classname="serie2.ex3.CounterModuloTest" time="0.008"/>
  <testcase name="MultiThreaded only initializes value once[Iterations: 5,833]" classname="serie2.ex3.CounterModuloTest" time="0.008"/>
  <testcase name="MultiThreaded only initializes value once[Iterations: 5,834]" classname="serie2.ex3.CounterModuloTest" time="0.007"/>
  <testcase name="MultiThreaded only initializes value once[Iterations: 5,835]" classname="serie2.ex3.CounterModuloTest" time="0.008"/>
  <testcase name="MultiThreaded only initializes value once[Iterations: 5,836]" classname="serie2.ex3.CounterModuloTest" time="0.006"/>
  <testcase name="MultiThreaded only initializes value once[Iterations: 5,837]" classname="serie2.ex3.CounterModuloTest" time="0.009"/>
  <testcase name="MultiThreaded only initializes value once[Iterations: 5,838]" classname="serie2.ex3.CounterModuloTest" time="0.007"/>
  <testcase name="MultiThreaded only initializes value once[Iterations: 5,839]" classname="serie2.ex3.CounterModuloTest" time="0.008"/>
  <testcase name="MultiThreaded only initializes value once[Iterations: 5,840]" classname="serie2.ex3.CounterModuloTest" time="0.006"/>
  <testcase name="MultiThreaded only initializes value once[Iterations: 5,841]" classname="serie2.ex3.CounterModuloTest" time="0.008"/>
  <testcase name="MultiThreaded only initializes value once[Iterations: 5,842]" classname="serie2.ex3.CounterModuloTest" time="0.007"/>
  <testcase name="MultiThreaded only initializes value once[Iterations: 5,843]" classname="serie2.ex3.CounterModuloTest" time="0.008"/>
  <testcase name="MultiThreaded only initializes value once[Iterations: 5,844]" classname="serie2.ex3.CounterModuloTest" time="0.008"/>
  <testcase name="MultiThreaded only initializes value once[Iterations: 5,845]" classname="serie2.ex3.CounterModuloTest" time="0.008"/>
  <testcase name="MultiThreaded only initializes value once[Iterations: 5,846]" classname="serie2.ex3.CounterModuloTest" time="0.011"/>
  <testcase name="MultiThreaded only initializes value once[Iterations: 5,847]" classname="serie2.ex3.CounterModuloTest" time="0.01"/>
  <testcase name="MultiThreaded only initializes value once[Iterations: 5,848]" classname="serie2.ex3.CounterModuloTest" time="0.008"/>
  <testcase name="MultiThreaded only initializes value once[Iterations: 5,849]" classname="serie2.ex3.CounterModuloTest" time="0.011"/>
  <testcase name="MultiThreaded only initializes value once[Iterations: 5,850]" classname="serie2.ex3.CounterModuloTest" time="0.017"/>
  <testcase name="MultiThreaded only initializes value once[Iterations: 5,851]" classname="serie2.ex3.CounterModuloTest" time="0.012"/>
  <testcase name="MultiThreaded only initializes value once[Iterations: 5,852]" classname="serie2.ex3.CounterModuloTest" time="0.011"/>
  <testcase name="MultiThreaded only initializes value once[Iterations: 5,853]" classname="serie2.ex3.CounterModuloTest" time="0.008"/>
  <testcase name="MultiThreaded only initializes value once[Iterations: 5,854]" classname="serie2.ex3.CounterModuloTest" time="0.009"/>
  <testcase name="MultiThreaded only initializes value once[Iterations: 5,855]" classname="serie2.ex3.CounterModuloTest" time="0.01"/>
  <testcase name="MultiThreaded only initializes value once[Iterations: 5,856]" classname="serie2.ex3.CounterModuloTest" time="0.009"/>
  <testcase name="MultiThreaded only initializes value once[Iterations: 5,857]" classname="serie2.ex3.CounterModuloTest" time="0.01"/>
  <testcase name="MultiThreaded only initializes value once[Iterations: 5,858]" classname="serie2.ex3.CounterModuloTest" time="0.009"/>
  <testcase name="MultiThreaded only initializes value once[Iterations: 5,859]" classname="serie2.ex3.CounterModuloTest" time="0.009"/>
  <testcase name="MultiThreaded only initializes value once[Iterations: 5,860]" classname="serie2.ex3.CounterModuloTest" time="0.009"/>
  <testcase name="MultiThreaded only initializes value once[Iterations: 5,861]" classname="serie2.ex3.CounterModuloTest" time="0.009"/>
  <testcase name="MultiThreaded only initializes value once[Iterations: 5,862]" classname="serie2.ex3.CounterModuloTest" time="0.009"/>
  <testcase name="MultiThreaded only initializes value once[Iterations: 5,863]" classname="serie2.ex3.CounterModuloTest" time="0.014"/>
  <testcase name="MultiThreaded only initializes value once[Iterations: 5,864]" classname="serie2.ex3.CounterModuloTest" time="0.009"/>
  <testcase name="MultiThreaded only initializes value once[Iterations: 5,865]" classname="serie2.ex3.CounterModuloTest" time="0.01"/>
  <testcase name="MultiThreaded only initializes value once[Iterations: 5,866]" classname="serie2.ex3.CounterModuloTest" time="0.009"/>
  <testcase name="MultiThreaded only initializes value once[Iterations: 5,867]" classname="serie2.ex3.CounterModuloTest" time="0.009"/>
  <testcase name="MultiThreaded only initializes value once[Iterations: 5,868]" classname="serie2.ex3.CounterModuloTest" time="0.008"/>
  <testcase name="MultiThreaded only initializes value once[Iterations: 5,869]" classname="serie2.ex3.CounterModuloTest" time="0.01"/>
  <testcase name="MultiThreaded only initializes value once[Iterations: 5,870]" classname="serie2.ex3.CounterModuloTest" time="0.011"/>
  <testcase name="MultiThreaded only initializes value once[Iterations: 5,871]" classname="serie2.ex3.CounterModuloTest" time="0.009"/>
  <testcase name="MultiThreaded only initializes value once[Iterations: 5,872]" classname="serie2.ex3.CounterModuloTest" time="0.014"/>
  <testcase name="MultiThreaded only initializes value once[Iterations: 5,873]" classname="serie2.ex3.CounterModuloTest" time="0.011"/>
  <testcase name="MultiThreaded only initializes value once[Iterations: 5,874]" classname="serie2.ex3.CounterModuloTest" time="0.008"/>
  <testcase name="MultiThreaded only initializes value once[Iterations: 5,875]" classname="serie2.ex3.CounterModuloTest" time="0.007"/>
  <testcase name="MultiThreaded only initializes value once[Iterations: 5,876]" classname="serie2.ex3.CounterModuloTest" time="0.009"/>
  <testcase name="MultiThreaded only initializes value once[Iterations: 5,877]" classname="serie2.ex3.CounterModuloTest" time="0.008"/>
  <testcase name="MultiThreaded only initializes value once[Iterations: 5,878]" classname="serie2.ex3.CounterModuloTest" time="0.008"/>
  <testcase name="MultiThreaded only initializes value once[Iterations: 5,879]" classname="serie2.ex3.CounterModuloTest" time="0.008"/>
  <testcase name="MultiThreaded only initializes value once[Iterations: 5,880]" classname="serie2.ex3.CounterModuloTest" time="0.008"/>
  <testcase name="MultiThreaded only initializes value once[Iterations: 5,881]" classname="serie2.ex3.CounterModuloTest" time="0.009"/>
  <testcase name="MultiThreaded only initializes value once[Iterations: 5,882]" classname="serie2.ex3.CounterModuloTest" time="0.008"/>
  <testcase name="MultiThreaded only initializes value once[Iterations: 5,883]" classname="serie2.ex3.CounterModuloTest" time="0.008"/>
  <testcase name="MultiThreaded only initializes value once[Iterations: 5,884]" classname="serie2.ex3.CounterModuloTest" time="0.008"/>
  <testcase name="MultiThreaded only initializes value once[Iterations: 5,885]" classname="serie2.ex3.CounterModuloTest" time="0.008"/>
  <testcase name="MultiThreaded only initializes value once[Iterations: 5,886]" classname="serie2.ex3.CounterModuloTest" time="0.007"/>
  <testcase name="MultiThreaded only initializes value once[Iterations: 5,887]" classname="serie2.ex3.CounterModuloTest" time="0.007"/>
  <testcase name="MultiThreaded only initializes value once[Iterations: 5,888]" classname="serie2.ex3.CounterModuloTest" time="0.007"/>
  <testcase name="MultiThreaded only initializes value once[Iterations: 5,889]" classname="serie2.ex3.CounterModuloTest" time="0.008"/>
  <testcase name="MultiThreaded only initializes value once[Iterations: 5,890]" classname="serie2.ex3.CounterModuloTest" time="0.007"/>
  <testcase name="MultiThreaded only initializes value once[Iterations: 5,891]" classname="serie2.ex3.CounterModuloTest" time="0.009"/>
  <testcase name="MultiThreaded only initializes value once[Iterations: 5,892]" classname="serie2.ex3.CounterModuloTest" time="0.007"/>
  <testcase name="MultiThreaded only initializes value once[Iterations: 5,893]" classname="serie2.ex3.CounterModuloTest" time="0.008"/>
  <testcase name="MultiThreaded only initializes value once[Iterations: 5,894]" classname="serie2.ex3.CounterModuloTest" time="0.008"/>
  <testcase name="MultiThreaded only initializes value once[Iterations: 5,895]" classname="serie2.ex3.CounterModuloTest" time="0.008"/>
  <testcase name="MultiThreaded only initializes value once[Iterations: 5,896]" classname="serie2.ex3.CounterModuloTest" time="0.007"/>
  <testcase name="MultiThreaded only initializes value once[Iterations: 5,897]" classname="serie2.ex3.CounterModuloTest" time="0.008"/>
  <testcase name="MultiThreaded only initializes value once[Iterations: 5,898]" classname="serie2.ex3.CounterModuloTest" time="0.007"/>
  <testcase name="MultiThreaded only initializes value once[Iterations: 5,899]" classname="serie2.ex3.CounterModuloTest" time="0.009"/>
  <testcase name="MultiThreaded only initializes value once[Iterations: 5,900]" classname="serie2.ex3.CounterModuloTest" time="0.008"/>
  <testcase name="MultiThreaded only initializes value once[Iterations: 5,901]" classname="serie2.ex3.CounterModuloTest" time="0.008"/>
  <testcase name="MultiThreaded only initializes value once[Iterations: 5,902]" classname="serie2.ex3.CounterModuloTest" time="0.011"/>
  <testcase name="MultiThreaded only initializes value once[Iterations: 5,903]" classname="serie2.ex3.CounterModuloTest" time="0.009"/>
  <testcase name="MultiThreaded only initializes value once[Iterations: 5,904]" classname="serie2.ex3.CounterModuloTest" time="0.008"/>
  <testcase name="MultiThreaded only initializes value once[Iterations: 5,905]" classname="serie2.ex3.CounterModuloTest" time="0.008"/>
  <testcase name="MultiThreaded only initializes value once[Iterations: 5,906]" classname="serie2.ex3.CounterModuloTest" time="0.007"/>
  <testcase name="MultiThreaded only initializes value once[Iterations: 5,907]" classname="serie2.ex3.CounterModuloTest" time="0.008"/>
  <testcase name="MultiThreaded only initializes value once[Iterations: 5,908]" classname="serie2.ex3.CounterModuloTest" time="0.007"/>
  <testcase name="MultiThreaded only initializes value once[Iterations: 5,909]" classname="serie2.ex3.CounterModuloTest" time="0.008"/>
  <testcase name="MultiThreaded only initializes value once[Iterations: 5,910]" classname="serie2.ex3.CounterModuloTest" time="0.008"/>
  <testcase name="MultiThreaded only initializes value once[Iterations: 5,911]" classname="serie2.ex3.CounterModuloTest" time="0.008"/>
  <testcase name="MultiThreaded only initializes value once[Iterations: 5,912]" classname="serie2.ex3.CounterModuloTest" time="0.008"/>
  <testcase name="MultiThreaded only initializes value once[Iterations: 5,913]" classname="serie2.ex3.CounterModuloTest" time="0.008"/>
  <testcase name="MultiThreaded only initializes value once[Iterations: 5,914]" classname="serie2.ex3.CounterModuloTest" time="0.008"/>
  <testcase name="MultiThreaded only initializes value once[Iterations: 5,915]" classname="serie2.ex3.CounterModuloTest" time="0.009"/>
  <testcase name="MultiThreaded only initializes value once[Iterations: 5,916]" classname="serie2.ex3.CounterModuloTest" time="0.008"/>
  <testcase name="MultiThreaded only initializes value once[Iterations: 5,917]" classname="serie2.ex3.CounterModuloTest" time="0.008"/>
  <testcase name="MultiThreaded only initializes value once[Iterations: 5,918]" classname="serie2.ex3.CounterModuloTest" time="0.007"/>
  <testcase name="MultiThreaded only initializes value once[Iterations: 5,919]" classname="serie2.ex3.CounterModuloTest" time="0.007"/>
  <testcase name="MultiThreaded only initializes value once[Iterations: 5,920]" classname="serie2.ex3.CounterModuloTest" time="0.008"/>
  <testcase name="MultiThreaded only initializes value once[Iterations: 5,921]" classname="serie2.ex3.CounterModuloTest" time="0.009"/>
  <testcase name="MultiThreaded only initializes value once[Iterations: 5,922]" classname="serie2.ex3.CounterModuloTest" time="0.007"/>
  <testcase name="MultiThreaded only initializes value once[Iterations: 5,923]" classname="serie2.ex3.CounterModuloTest" time="0.008"/>
  <testcase name="MultiThreaded only initializes value once[Iterations: 5,924]" classname="serie2.ex3.CounterModuloTest" time="0.009"/>
  <testcase name="MultiThreaded only initializes value once[Iterations: 5,925]" classname="serie2.ex3.CounterModuloTest" time="0.007"/>
  <testcase name="MultiThreaded only initializes value once[Iterations: 5,926]" classname="serie2.ex3.CounterModuloTest" time="0.008"/>
  <testcase name="MultiThreaded only initializes value once[Iterations: 5,927]" classname="serie2.ex3.CounterModuloTest" time="0.008"/>
  <testcase name="MultiThreaded only initializes value once[Iterations: 5,928]" classname="serie2.ex3.CounterModuloTest" time="0.008"/>
  <testcase name="MultiThreaded only initializes value once[Iterations: 5,929]" classname="serie2.ex3.CounterModuloTest" time="0.008"/>
  <testcase name="MultiThreaded only initializes value once[Iterations: 5,930]" classname="serie2.ex3.CounterModuloTest" time="0.008"/>
  <testcase name="MultiThreaded only initializes value once[Iterations: 5,931]" classname="serie2.ex3.CounterModuloTest" time="0.008"/>
  <testcase name="MultiThreaded only initializes value once[Iterations: 5,932]" classname="serie2.ex3.CounterModuloTest" time="0.011"/>
  <testcase name="MultiThreaded only initializes value once[Iterations: 5,933]" classname="serie2.ex3.CounterModuloTest" time="0.009"/>
  <testcase name="MultiThreaded only initializes value once[Iterations: 5,934]" classname="serie2.ex3.CounterModuloTest" time="0.007"/>
  <testcase name="MultiThreaded only initializes value once[Iterations: 5,935]" classname="serie2.ex3.CounterModuloTest" time="0.008"/>
  <testcase name="MultiThreaded only initializes value once[Iterations: 5,936]" classname="serie2.ex3.CounterModuloTest" time="0.008"/>
  <testcase name="MultiThreaded only initializes value once[Iterations: 5,937]" classname="serie2.ex3.CounterModuloTest" time="0.008"/>
  <testcase name="MultiThreaded only initializes value once[Iterations: 5,938]" classname="serie2.ex3.CounterModuloTest" time="0.008"/>
  <testcase name="MultiThreaded only initializes value once[Iterations: 5,939]" classname="serie2.ex3.CounterModuloTest" time="0.009"/>
  <testcase name="MultiThreaded only initializes value once[Iterations: 5,940]" classname="serie2.ex3.CounterModuloTest" time="0.007"/>
  <testcase name="MultiThreaded only initializes value once[Iterations: 5,941]" classname="serie2.ex3.CounterModuloTest" time="0.008"/>
  <testcase name="MultiThreaded only initializes value once[Iterations: 5,942]" classname="serie2.ex3.CounterModuloTest" time="0.009"/>
  <testcase name="MultiThreaded only initializes value once[Iterations: 5,943]" classname="serie2.ex3.CounterModuloTest" time="0.007"/>
  <testcase name="MultiThreaded only initializes value once[Iterations: 5,944]" classname="serie2.ex3.CounterModuloTest" time="0.008"/>
  <testcase name="MultiThreaded only initializes value once[Iterations: 5,945]" classname="serie2.ex3.CounterModuloTest" time="0.009"/>
  <testcase name="MultiThreaded only initializes value once[Iterations: 5,946]" classname="serie2.ex3.CounterModuloTest" time="0.008"/>
  <testcase name="MultiThreaded only initializes value once[Iterations: 5,947]" classname="serie2.ex3.CounterModuloTest" time="0.008"/>
  <testcase name="MultiThreaded only initializes value once[Iterations: 5,948]" classname="serie2.ex3.CounterModuloTest" time="0.008"/>
  <testcase name="MultiThreaded only initializes value once[Iterations: 5,949]" classname="serie2.ex3.CounterModuloTest" time="0.008"/>
  <testcase name="MultiThreaded only initializes value once[Iterations: 5,950]" classname="serie2.ex3.CounterModuloTest" time="0.008"/>
  <testcase name="MultiThreaded only initializes value once[Iterations: 5,951]" classname="serie2.ex3.CounterModuloTest" time="0.007"/>
  <testcase name="MultiThreaded only initializes value once[Iterations: 5,952]" classname="serie2.ex3.CounterModuloTest" time="0.008"/>
  <testcase name="MultiThreaded only initializes value once[Iterations: 5,953]" classname="serie2.ex3.CounterModuloTest" time="0.008"/>
  <testcase name="MultiThreaded only initializes value once[Iterations: 5,954]" classname="serie2.ex3.CounterModuloTest" time="0.008"/>
  <testcase name="MultiThreaded only initializes value once[Iterations: 5,955]" classname="serie2.ex3.CounterModuloTest" time="0.007"/>
  <testcase name="MultiThreaded only initializes value once[Iterations: 5,956]" classname="serie2.ex3.CounterModuloTest" time="0.007"/>
  <testcase name="MultiThreaded only initializes value once[Iterations: 5,957]" classname="serie2.ex3.CounterModuloTest" time="0.008"/>
  <testcase name="MultiThreaded only initializes value once[Iterations: 5,958]" classname="serie2.ex3.CounterModuloTest" time="0.008"/>
  <testcase name="MultiThreaded only initializes value once[Iterations: 5,959]" classname="serie2.ex3.CounterModuloTest" time="0.008"/>
  <testcase name="MultiThreaded only initializes value once[Iterations: 5,960]" classname="serie2.ex3.CounterModuloTest" time="0.008"/>
  <testcase name="MultiThreaded only initializes value once[Iterations: 5,961]" classname="serie2.ex3.CounterModuloTest" time="0.007"/>
  <testcase name="MultiThreaded only initializes value once[Iterations: 5,962]" classname="serie2.ex3.CounterModuloTest" time="0.009"/>
  <testcase name="MultiThreaded only initializes value once[Iterations: 5,963]" classname="serie2.ex3.CounterModuloTest" time="0.01"/>
  <testcase name="MultiThreaded only initializes value once[Iterations: 5,964]" classname="serie2.ex3.CounterModuloTest" time="0.007"/>
  <testcase name="MultiThreaded only initializes value once[Iterations: 5,965]" classname="serie2.ex3.CounterModuloTest" time="0.008"/>
  <testcase name="MultiThreaded only initializes value once[Iterations: 5,966]" classname="serie2.ex3.CounterModuloTest" time="0.007"/>
  <testcase name="MultiThreaded only initializes value once[Iterations: 5,967]" classname="serie2.ex3.CounterModuloTest" time="0.008"/>
  <testcase name="MultiThreaded only initializes value once[Iterations: 5,968]" classname="serie2.ex3.CounterModuloTest" time="0.008"/>
  <testcase name="MultiThreaded only initializes value once[Iterations: 5,969]" classname="serie2.ex3.CounterModuloTest" time="0.008"/>
  <testcase name="MultiThreaded only initializes value once[Iterations: 5,970]" classname="serie2.ex3.CounterModuloTest" time="0.008"/>
  <testcase name="MultiThreaded only initializes value once[Iterations: 5,971]" classname="serie2.ex3.CounterModuloTest" time="0.007"/>
  <testcase name="MultiThreaded only initializes value once[Iterations: 5,972]" classname="serie2.ex3.CounterModuloTest" time="0.008"/>
  <testcase name="MultiThreaded only initializes value once[Iterations: 5,973]" classname="serie2.ex3.CounterModuloTest" time="0.007"/>
  <testcase name="MultiThreaded only initializes value once[Iterations: 5,974]" classname="serie2.ex3.CounterModuloTest" time="0.008"/>
  <testcase name="MultiThreaded only initializes value once[Iterations: 5,975]" classname="serie2.ex3.CounterModuloTest" time="0.008"/>
  <testcase name="MultiThreaded only initializes value once[Iterations: 5,976]" classname="serie2.ex3.CounterModuloTest" time="0.008"/>
  <testcase name="MultiThreaded only initializes value once[Iterations: 5,977]" classname="serie2.ex3.CounterModuloTest" time="0.008"/>
  <testcase name="MultiThreaded only initializes value once[Iterations: 5,978]" classname="serie2.ex3.CounterModuloTest" time="0.008"/>
  <testcase name="MultiThreaded only initializes value once[Iterations: 5,979]" classname="serie2.ex3.CounterModuloTest" time="0.007"/>
  <testcase name="MultiThreaded only initializes value once[Iterations: 5,980]" classname="serie2.ex3.CounterModuloTest" time="0.008"/>
  <testcase name="MultiThreaded only initializes value once[Iterations: 5,981]" classname="serie2.ex3.CounterModuloTest" time="0.009"/>
  <testcase name="MultiThreaded only initializes value once[Iterations: 5,982]" classname="serie2.ex3.CounterModuloTest" time="0.008"/>
  <testcase name="MultiThreaded only initializes value once[Iterations: 5,983]" classname="serie2.ex3.CounterModuloTest" time="0.007"/>
  <testcase name="MultiThreaded only initializes value once[Iterations: 5,984]" classname="serie2.ex3.CounterModuloTest" time="0.008"/>
  <testcase name="MultiThreaded only initializes value once[Iterations: 5,985]" classname="serie2.ex3.CounterModuloTest" time="0.007"/>
  <testcase name="MultiThreaded only initializes value once[Iterations: 5,986]" classname="serie2.ex3.CounterModuloTest" time="0.008"/>
  <testcase name="MultiThreaded only initializes value once[Iterations: 5,987]" classname="serie2.ex3.CounterModuloTest" time="0.008"/>
  <testcase name="MultiThreaded only initializes value once[Iterations: 5,988]" classname="serie2.ex3.CounterModuloTest" time="0.008"/>
  <testcase name="MultiThreaded only initializes value once[Iterations: 5,989]" classname="serie2.ex3.CounterModuloTest" time="0.008"/>
  <testcase name="MultiThreaded only initializes value once[Iterations: 5,990]" classname="serie2.ex3.CounterModuloTest" time="0.008"/>
  <testcase name="MultiThreaded only initializes value once[Iterations: 5,991]" classname="serie2.ex3.CounterModuloTest" time="0.008"/>
  <testcase name="MultiThreaded only initializes value once[Iterations: 5,992]" classname="serie2.ex3.CounterModuloTest" time="0.008"/>
  <testcase name="MultiThreaded only initializes value once[Iterations: 5,993]" classname="serie2.ex3.CounterModuloTest" time="0.007"/>
  <testcase name="MultiThreaded only initializes value once[Iterations: 5,994]" classname="serie2.ex3.CounterModuloTest" time="0.009"/>
  <testcase name="MultiThreaded only initializes value once[Iterations: 5,995]" classname="serie2.ex3.CounterModuloTest" time="0.008"/>
  <testcase name="MultiThreaded only initializes value once[Iterations: 5,996]" classname="serie2.ex3.CounterModuloTest" time="0.008"/>
  <testcase name="MultiThreaded only initializes value once[Iterations: 5,997]" classname="serie2.ex3.CounterModuloTest" time="0.008"/>
  <testcase name="MultiThreaded only initializes value once[Iterations: 5,998]" classname="serie2.ex3.CounterModuloTest" time="0.008"/>
  <testcase name="MultiThreaded only initializes value once[Iterations: 5,999]" classname="serie2.ex3.CounterModuloTest" time="0.008"/>
  <testcase name="MultiThreaded only initializes value once[Iterations: 6,000]" classname="serie2.ex3.CounterModuloTest" time="0.007"/>
  <testcase name="MultiThreaded only initializes value once[Iterations: 6,001]" classname="serie2.ex3.CounterModuloTest" time="0.009"/>
  <testcase name="MultiThreaded only initializes value once[Iterations: 6,002]" classname="serie2.ex3.CounterModuloTest" time="0.01"/>
  <testcase name="MultiThreaded only initializes value once[Iterations: 6,003]" classname="serie2.ex3.CounterModuloTest" time="0.008"/>
  <testcase name="MultiThreaded only initializes value once[Iterations: 6,004]" classname="serie2.ex3.CounterModuloTest" time="0.008"/>
  <testcase name="MultiThreaded only initializes value once[Iterations: 6,005]" classname="serie2.ex3.CounterModuloTest" time="0.008"/>
  <testcase name="MultiThreaded only initializes value once[Iterations: 6,006]" classname="serie2.ex3.CounterModuloTest" time="0.008"/>
  <testcase name="MultiThreaded only initializes value once[Iterations: 6,007]" classname="serie2.ex3.CounterModuloTest" time="0.008"/>
  <testcase name="MultiThreaded only initializes value once[Iterations: 6,008]" classname="serie2.ex3.CounterModuloTest" time="0.008"/>
  <testcase name="MultiThreaded only initializes value once[Iterations: 6,009]" classname="serie2.ex3.CounterModuloTest" time="0.008"/>
  <testcase name="MultiThreaded only initializes value once[Iterations: 6,010]" classname="serie2.ex3.CounterModuloTest" time="0.008"/>
  <testcase name="MultiThreaded only initializes value once[Iterations: 6,011]" classname="serie2.ex3.CounterModuloTest" time="0.009"/>
  <testcase name="MultiThreaded only initializes value once[Iterations: 6,012]" classname="serie2.ex3.CounterModuloTest" time="0.007"/>
  <testcase name="MultiThreaded only initializes value once[Iterations: 6,013]" classname="serie2.ex3.CounterModuloTest" time="0.008"/>
  <testcase name="MultiThreaded only initializes value once[Iterations: 6,014]" classname="serie2.ex3.CounterModuloTest" time="0.007"/>
  <testcase name="MultiThreaded only initializes value once[Iterations: 6,015]" classname="serie2.ex3.CounterModuloTest" time="0.008"/>
  <testcase name="MultiThreaded only initializes value once[Iterations: 6,016]" classname="serie2.ex3.CounterModuloTest" time="0.009"/>
  <testcase name="MultiThreaded only initializes value once[Iterations: 6,017]" classname="serie2.ex3.CounterModuloTest" time="0.008"/>
  <testcase name="MultiThreaded only initializes value once[Iterations: 6,018]" classname="serie2.ex3.CounterModuloTest" time="0.009"/>
  <testcase name="MultiThreaded only initializes value once[Iterations: 6,019]" classname="serie2.ex3.CounterModuloTest" time="0.008"/>
  <testcase name="MultiThreaded only initializes value once[Iterations: 6,020]" classname="serie2.ex3.CounterModuloTest" time="0.008"/>
  <testcase name="MultiThreaded only initializes value once[Iterations: 6,021]" classname="serie2.ex3.CounterModuloTest" time="0.008"/>
  <testcase name="MultiThreaded only initializes value once[Iterations: 6,022]" classname="serie2.ex3.CounterModuloTest" time="0.008"/>
  <testcase name="MultiThreaded only initializes value once[Iterations: 6,023]" classname="serie2.ex3.CounterModuloTest" time="0.007"/>
  <testcase name="MultiThreaded only initializes value once[Iterations: 6,024]" classname="serie2.ex3.CounterModuloTest" time="0.009"/>
  <testcase name="MultiThreaded only initializes value once[Iterations: 6,025]" classname="serie2.ex3.CounterModuloTest" time="0.009"/>
  <testcase name="MultiThreaded only initializes value once[Iterations: 6,026]" classname="serie2.ex3.CounterModuloTest" time="0.008"/>
  <testcase name="MultiThreaded only initializes value once[Iterations: 6,027]" classname="serie2.ex3.CounterModuloTest" time="0.008"/>
  <testcase name="MultiThreaded only initializes value once[Iterations: 6,028]" classname="serie2.ex3.CounterModuloTest" time="0.008"/>
  <testcase name="MultiThreaded only initializes value once[Iterations: 6,029]" classname="serie2.ex3.CounterModuloTest" time="0.007"/>
  <testcase name="MultiThreaded only initializes value once[Iterations: 6,030]" classname="serie2.ex3.CounterModuloTest" time="0.008"/>
  <testcase name="MultiThreaded only initializes value once[Iterations: 6,031]" classname="serie2.ex3.CounterModuloTest" time="0.008"/>
  <testcase name="MultiThreaded only initializes value once[Iterations: 6,032]" classname="serie2.ex3.CounterModuloTest" time="0.01"/>
  <testcase name="MultiThreaded only initializes value once[Iterations: 6,033]" classname="serie2.ex3.CounterModuloTest" time="0.007"/>
  <testcase name="MultiThreaded only initializes value once[Iterations: 6,034]" classname="serie2.ex3.CounterModuloTest" time="0.008"/>
  <testcase name="MultiThreaded only initializes value once[Iterations: 6,035]" classname="serie2.ex3.CounterModuloTest" time="0.008"/>
  <testcase name="MultiThreaded only initializes value once[Iterations: 6,036]" classname="serie2.ex3.CounterModuloTest" time="0.007"/>
  <testcase name="MultiThreaded only initializes value once[Iterations: 6,037]" classname="serie2.ex3.CounterModuloTest" time="0.008"/>
  <testcase name="MultiThreaded only initializes value once[Iterations: 6,038]" classname="serie2.ex3.CounterModuloTest" time="0.008"/>
  <testcase name="MultiThreaded only initializes value once[Iterations: 6,039]" classname="serie2.ex3.CounterModuloTest" time="0.009"/>
  <testcase name="MultiThreaded only initializes value once[Iterations: 6,040]" classname="serie2.ex3.CounterModuloTest" time="0.007"/>
  <testcase name="MultiThreaded only initializes value once[Iterations: 6,041]" classname="serie2.ex3.CounterModuloTest" time="0.01"/>
  <testcase name="MultiThreaded only initializes value once[Iterations: 6,042]" classname="serie2.ex3.CounterModuloTest" time="0.008"/>
  <testcase name="MultiThreaded only initializes value once[Iterations: 6,043]" classname="serie2.ex3.CounterModuloTest" time="0.008"/>
  <testcase name="MultiThreaded only initializes value once[Iterations: 6,044]" classname="serie2.ex3.CounterModuloTest" time="0.007"/>
  <testcase name="MultiThreaded only initializes value once[Iterations: 6,045]" classname="serie2.ex3.CounterModuloTest" time="0.008"/>
  <testcase name="MultiThreaded only initializes value once[Iterations: 6,046]" classname="serie2.ex3.CounterModuloTest" time="0.008"/>
  <testcase name="MultiThreaded only initializes value once[Iterations: 6,047]" classname="serie2.ex3.CounterModuloTest" time="0.008"/>
  <testcase name="MultiThreaded only initializes value once[Iterations: 6,048]" classname="serie2.ex3.CounterModuloTest" time="0.007"/>
  <testcase name="MultiThreaded only initializes value once[Iterations: 6,049]" classname="serie2.ex3.CounterModuloTest" time="0.009"/>
  <testcase name="MultiThreaded only initializes value once[Iterations: 6,050]" classname="serie2.ex3.CounterModuloTest" time="0.008"/>
  <testcase name="MultiThreaded only initializes value once[Iterations: 6,051]" classname="serie2.ex3.CounterModuloTest" time="0.007"/>
  <testcase name="MultiThreaded only initializes value once[Iterations: 6,052]" classname="serie2.ex3.CounterModuloTest" time="0.009"/>
  <testcase name="MultiThreaded only initializes value once[Iterations: 6,053]" classname="serie2.ex3.CounterModuloTest" time="0.008"/>
  <testcase name="MultiThreaded only initializes value once[Iterations: 6,054]" classname="serie2.ex3.CounterModuloTest" time="0.007"/>
  <testcase name="MultiThreaded only initializes value once[Iterations: 6,055]" classname="serie2.ex3.CounterModuloTest" time="0.008"/>
  <testcase name="MultiThreaded only initializes value once[Iterations: 6,056]" classname="serie2.ex3.CounterModuloTest" time="0.008"/>
  <testcase name="MultiThreaded only initializes value once[Iterations: 6,057]" classname="serie2.ex3.CounterModuloTest" time="0.008"/>
  <testcase name="MultiThreaded only initializes value once[Iterations: 6,058]" classname="serie2.ex3.CounterModuloTest" time="0.008"/>
  <testcase name="MultiThreaded only initializes value once[Iterations: 6,059]" classname="serie2.ex3.CounterModuloTest" time="0.008"/>
  <testcase name="MultiThreaded only initializes value once[Iterations: 6,060]" classname="serie2.ex3.CounterModuloTest" time="0.008"/>
  <testcase name="MultiThreaded only initializes value once[Iterations: 6,061]" classname="serie2.ex3.CounterModuloTest" time="0.009"/>
  <testcase name="MultiThreaded only initializes value once[Iterations: 6,062]" classname="serie2.ex3.CounterModuloTest" time="0.008"/>
  <testcase name="MultiThreaded only initializes value once[Iterations: 6,063]" classname="serie2.ex3.CounterModuloTest" time="0.009"/>
  <testcase name="MultiThreaded only initializes value once[Iterations: 6,064]" classname="serie2.ex3.CounterModuloTest" time="0.008"/>
  <testcase name="MultiThreaded only initializes value once[Iterations: 6,065]" classname="serie2.ex3.CounterModuloTest" time="0.008"/>
  <testcase name="MultiThreaded only initializes value once[Iterations: 6,066]" classname="serie2.ex3.CounterModuloTest" time="0.008"/>
  <testcase name="MultiThreaded only initializes value once[Iterations: 6,067]" classname="serie2.ex3.CounterModuloTest" time="0.007"/>
  <testcase name="MultiThreaded only initializes value once[Iterations: 6,068]" classname="serie2.ex3.CounterModuloTest" time="0.009"/>
  <testcase name="MultiThreaded only initializes value once[Iterations: 6,069]" classname="serie2.ex3.CounterModuloTest" time="0.007"/>
  <testcase name="MultiThreaded only initializes value once[Iterations: 6,070]" classname="serie2.ex3.CounterModuloTest" time="0.008"/>
  <testcase name="MultiThreaded only initializes value once[Iterations: 6,071]" classname="serie2.ex3.CounterModuloTest" time="0.011"/>
  <testcase name="MultiThreaded only initializes value once[Iterations: 6,072]" classname="serie2.ex3.CounterModuloTest" time="0.007"/>
  <testcase name="MultiThreaded only initializes value once[Iterations: 6,073]" classname="serie2.ex3.CounterModuloTest" time="0.009"/>
  <testcase name="MultiThreaded only initializes value once[Iterations: 6,074]" classname="serie2.ex3.CounterModuloTest" time="0.008"/>
  <testcase name="MultiThreaded only initializes value once[Iterations: 6,075]" classname="serie2.ex3.CounterModuloTest" time="0.008"/>
  <testcase name="MultiThreaded only initializes value once[Iterations: 6,076]" classname="serie2.ex3.CounterModuloTest" time="0.008"/>
  <testcase name="MultiThreaded only initializes value once[Iterations: 6,077]" classname="serie2.ex3.CounterModuloTest" time="0.009"/>
  <testcase name="MultiThreaded only initializes value once[Iterations: 6,078]" classname="serie2.ex3.CounterModuloTest" time="0.009"/>
  <testcase name="MultiThreaded only initializes value once[Iterations: 6,079]" classname="serie2.ex3.CounterModuloTest" time="0.007"/>
  <testcase name="MultiThreaded only initializes value once[Iterations: 6,080]" classname="serie2.ex3.CounterModuloTest" time="0.009"/>
  <testcase name="MultiThreaded only initializes value once[Iterations: 6,081]" classname="serie2.ex3.CounterModuloTest" time="0.009"/>
  <testcase name="MultiThreaded only initializes value once[Iterations: 6,082]" classname="serie2.ex3.CounterModuloTest" time="0.008"/>
  <testcase name="MultiThreaded only initializes value once[Iterations: 6,083]" classname="serie2.ex3.CounterModuloTest" time="0.008"/>
  <testcase name="MultiThreaded only initializes value once[Iterations: 6,084]" classname="serie2.ex3.CounterModuloTest" time="0.008"/>
  <testcase name="MultiThreaded only initializes value once[Iterations: 6,085]" classname="serie2.ex3.CounterModuloTest" time="0.008"/>
  <testcase name="MultiThreaded only initializes value once[Iterations: 6,086]" classname="serie2.ex3.CounterModuloTest" time="0.008"/>
  <testcase name="MultiThreaded only initializes value once[Iterations: 6,087]" classname="serie2.ex3.CounterModuloTest" time="0.008"/>
  <testcase name="MultiThreaded only initializes value once[Iterations: 6,088]" classname="serie2.ex3.CounterModuloTest" time="0.008"/>
  <testcase name="MultiThreaded only initializes value once[Iterations: 6,089]" classname="serie2.ex3.CounterModuloTest" time="0.008"/>
  <testcase name="MultiThreaded only initializes value once[Iterations: 6,090]" classname="serie2.ex3.CounterModuloTest" time="0.008"/>
  <testcase name="MultiThreaded only initializes value once[Iterations: 6,091]" classname="serie2.ex3.CounterModuloTest" time="0.009"/>
  <testcase name="MultiThreaded only initializes value once[Iterations: 6,092]" classname="serie2.ex3.CounterModuloTest" time="0.008"/>
  <testcase name="MultiThreaded only initializes value once[Iterations: 6,093]" classname="serie2.ex3.CounterModuloTest" time="0.007"/>
  <testcase name="MultiThreaded only initializes value once[Iterations: 6,094]" classname="serie2.ex3.CounterModuloTest" time="0.009"/>
  <testcase name="MultiThreaded only initializes value once[Iterations: 6,095]" classname="serie2.ex3.CounterModuloTest" time="0.008"/>
  <testcase name="MultiThreaded only initializes value once[Iterations: 6,096]" classname="serie2.ex3.CounterModuloTest" time="0.009"/>
  <testcase name="MultiThreaded only initializes value once[Iterations: 6,097]" classname="serie2.ex3.CounterModuloTest" time="0.008"/>
  <testcase name="MultiThreaded only initializes value once[Iterations: 6,098]" classname="serie2.ex3.CounterModuloTest" time="0.007"/>
  <testcase name="MultiThreaded only initializes value once[Iterations: 6,099]" classname="serie2.ex3.CounterModuloTest" time="0.011"/>
  <testcase name="MultiThreaded only initializes value once[Iterations: 6,100]" classname="serie2.ex3.CounterModuloTest" time="0.008"/>
  <testcase name="MultiThreaded only initializes value once[Iterations: 6,101]" classname="serie2.ex3.CounterModuloTest" time="0.008"/>
  <testcase name="MultiThreaded only initializes value once[Iterations: 6,102]" classname="serie2.ex3.CounterModuloTest" time="0.008"/>
  <testcase name="MultiThreaded only initializes value once[Iterations: 6,103]" classname="serie2.ex3.CounterModuloTest" time="0.008"/>
  <testcase name="MultiThreaded only initializes value once[Iterations: 6,104]" classname="serie2.ex3.CounterModuloTest" time="0.008"/>
  <testcase name="MultiThreaded only initializes value once[Iterations: 6,105]" classname="serie2.ex3.CounterModuloTest" time="0.009"/>
  <testcase name="MultiThreaded only initializes value once[Iterations: 6,106]" classname="serie2.ex3.CounterModuloTest" time="0.008"/>
  <testcase name="MultiThreaded only initializes value once[Iterations: 6,107]" classname="serie2.ex3.CounterModuloTest" time="0.009"/>
  <testcase name="MultiThreaded only initializes value once[Iterations: 6,108]" classname="serie2.ex3.CounterModuloTest" time="0.007"/>
  <testcase name="MultiThreaded only initializes value once[Iterations: 6,109]" classname="serie2.ex3.CounterModuloTest" time="0.008"/>
  <testcase name="MultiThreaded only initializes value once[Iterations: 6,110]" classname="serie2.ex3.CounterModuloTest" time="0.008"/>
  <testcase name="MultiThreaded only initializes value once[Iterations: 6,111]" classname="serie2.ex3.CounterModuloTest" time="0.007"/>
  <testcase name="MultiThreaded only initializes value once[Iterations: 6,112]" classname="serie2.ex3.CounterModuloTest" time="0.009"/>
  <testcase name="MultiThreaded only initializes value once[Iterations: 6,113]" classname="serie2.ex3.CounterModuloTest" time="0.008"/>
  <testcase name="MultiThreaded only initializes value once[Iterations: 6,114]" classname="serie2.ex3.CounterModuloTest" time="0.008"/>
  <testcase name="MultiThreaded only initializes value once[Iterations: 6,115]" classname="serie2.ex3.CounterModuloTest" time="0.007"/>
  <testcase name="MultiThreaded only initializes value once[Iterations: 6,116]" classname="serie2.ex3.CounterModuloTest" time="0.009"/>
  <testcase name="MultiThreaded only initializes value once[Iterations: 6,117]" classname="serie2.ex3.CounterModuloTest" time="0.008"/>
  <testcase name="MultiThreaded only initializes value once[Iterations: 6,118]" classname="serie2.ex3.CounterModuloTest" time="0.008"/>
  <testcase name="MultiThreaded only initializes value once[Iterations: 6,119]" classname="serie2.ex3.CounterModuloTest" time="0.009"/>
  <testcase name="MultiThreaded only initializes value once[Iterations: 6,120]" classname="serie2.ex3.CounterModuloTest" time="0.008"/>
  <testcase name="MultiThreaded only initializes value once[Iterations: 6,121]" classname="serie2.ex3.CounterModuloTest" time="0.008"/>
  <testcase name="MultiThreaded only initializes value once[Iterations: 6,122]" classname="serie2.ex3.CounterModuloTest" time="0.008"/>
  <testcase name="MultiThreaded only initializes value once[Iterations: 6,123]" classname="serie2.ex3.CounterModuloTest" time="0.008"/>
  <testcase name="MultiThreaded only initializes value once[Iterations: 6,124]" classname="serie2.ex3.CounterModuloTest" time="0.008"/>
  <testcase name="MultiThreaded only initializes value once[Iterations: 6,125]" classname="serie2.ex3.CounterModuloTest" time="0.008"/>
  <testcase name="MultiThreaded only initializes value once[Iterations: 6,126]" classname="serie2.ex3.CounterModuloTest" time="0.008"/>
  <testcase name="MultiThreaded only initializes value once[Iterations: 6,127]" classname="serie2.ex3.CounterModuloTest" time="0.008"/>
  <testcase name="MultiThreaded only initializes value once[Iterations: 6,128]" classname="serie2.ex3.CounterModuloTest" time="0.006"/>
  <testcase name="MultiThreaded only initializes value once[Iterations: 6,129]" classname="serie2.ex3.CounterModuloTest" time="0.008"/>
  <testcase name="MultiThreaded only initializes value once[Iterations: 6,130]" classname="serie2.ex3.CounterModuloTest" time="0.008"/>
  <testcase name="MultiThreaded only initializes value once[Iterations: 6,131]" classname="serie2.ex3.CounterModuloTest" time="0.009"/>
  <testcase name="MultiThreaded only initializes value once[Iterations: 6,132]" classname="serie2.ex3.CounterModuloTest" time="0.008"/>
  <testcase name="MultiThreaded only initializes value once[Iterations: 6,133]" classname="serie2.ex3.CounterModuloTest" time="0.008"/>
  <testcase name="MultiThreaded only initializes value once[Iterations: 6,134]" classname="serie2.ex3.CounterModuloTest" time="0.009"/>
  <testcase name="MultiThreaded only initializes value once[Iterations: 6,135]" classname="serie2.ex3.CounterModuloTest" time="0.009"/>
  <testcase name="MultiThreaded only initializes value once[Iterations: 6,136]" classname="serie2.ex3.CounterModuloTest" time="0.01"/>
  <testcase name="MultiThreaded only initializes value once[Iterations: 6,137]" classname="serie2.ex3.CounterModuloTest" time="0.009"/>
  <testcase name="MultiThreaded only initializes value once[Iterations: 6,138]" classname="serie2.ex3.CounterModuloTest" time="0.006"/>
  <testcase name="MultiThreaded only initializes value once[Iterations: 6,139]" classname="serie2.ex3.CounterModuloTest" time="0.008"/>
  <testcase name="MultiThreaded only initializes value once[Iterations: 6,140]" classname="serie2.ex3.CounterModuloTest" time="0.007"/>
  <testcase name="MultiThreaded only initializes value once[Iterations: 6,141]" classname="serie2.ex3.CounterModuloTest" time="0.009"/>
  <testcase name="MultiThreaded only initializes value once[Iterations: 6,142]" classname="serie2.ex3.CounterModuloTest" time="0.008"/>
  <testcase name="MultiThreaded only initializes value once[Iterations: 6,143]" classname="serie2.ex3.CounterModuloTest" time="0.007"/>
  <testcase name="MultiThreaded only initializes value once[Iterations: 6,144]" classname="serie2.ex3.CounterModuloTest" time="0.008"/>
  <testcase name="MultiThreaded only initializes value once[Iterations: 6,145]" classname="serie2.ex3.CounterModuloTest" time="0.008"/>
  <testcase name="MultiThreaded only initializes value once[Iterations: 6,146]" classname="serie2.ex3.CounterModuloTest" time="0.009"/>
  <testcase name="MultiThreaded only initializes value once[Iterations: 6,147]" classname="serie2.ex3.CounterModuloTest" time="0.009"/>
  <testcase name="MultiThreaded only initializes value once[Iterations: 6,148]" classname="serie2.ex3.CounterModuloTest" time="0.008"/>
  <testcase name="MultiThreaded only initializes value once[Iterations: 6,149]" classname="serie2.ex3.CounterModuloTest" time="0.008"/>
  <testcase name="MultiThreaded only initializes value once[Iterations: 6,150]" classname="serie2.ex3.CounterModuloTest" time="0.008"/>
  <testcase name="MultiThreaded only initializes value once[Iterations: 6,151]" classname="serie2.ex3.CounterModuloTest" time="0.008"/>
  <testcase name="MultiThreaded only initializes value once[Iterations: 6,152]" classname="serie2.ex3.CounterModuloTest" time="0.008"/>
  <testcase name="MultiThreaded only initializes value once[Iterations: 6,153]" classname="serie2.ex3.CounterModuloTest" time="0.007"/>
  <testcase name="MultiThreaded only initializes value once[Iterations: 6,154]" classname="serie2.ex3.CounterModuloTest" time="0.009"/>
  <testcase name="MultiThreaded only initializes value once[Iterations: 6,155]" classname="serie2.ex3.CounterModuloTest" time="0.007"/>
  <testcase name="MultiThreaded only initializes value once[Iterations: 6,156]" classname="serie2.ex3.CounterModuloTest" time="0.008"/>
  <testcase name="MultiThreaded only initializes value once[Iterations: 6,157]" classname="serie2.ex3.CounterModuloTest" time="0.008"/>
  <testcase name="MultiThreaded only initializes value once[Iterations: 6,158]" classname="serie2.ex3.CounterModuloTest" time="0.008"/>
  <testcase name="MultiThreaded only initializes value once[Iterations: 6,159]" classname="serie2.ex3.CounterModuloTest" time="0.008"/>
  <testcase name="MultiThreaded only initializes value once[Iterations: 6,160]" classname="serie2.ex3.CounterModuloTest" time="0.008"/>
  <testcase name="MultiThreaded only initializes value once[Iterations: 6,161]" classname="serie2.ex3.CounterModuloTest" time="0.009"/>
  <testcase name="MultiThreaded only initializes value once[Iterations: 6,162]" classname="serie2.ex3.CounterModuloTest" time="0.008"/>
  <testcase name="MultiThreaded only initializes value once[Iterations: 6,163]" classname="serie2.ex3.CounterModuloTest" time="0.008"/>
  <testcase name="MultiThreaded only initializes value once[Iterations: 6,164]" classname="serie2.ex3.CounterModuloTest" time="0.007"/>
  <testcase name="MultiThreaded only initializes value once[Iterations: 6,165]" classname="serie2.ex3.CounterModuloTest" time="0.007"/>
  <testcase name="MultiThreaded only initializes value once[Iterations: 6,166]" classname="serie2.ex3.CounterModuloTest" time="0.008"/>
  <testcase name="MultiThreaded only initializes value once[Iterations: 6,167]" classname="serie2.ex3.CounterModuloTest" time="0.008"/>
  <testcase name="MultiThreaded only initializes value once[Iterations: 6,168]" classname="serie2.ex3.CounterModuloTest" time="0.007"/>
  <testcase name="MultiThreaded only initializes value once[Iterations: 6,169]" classname="serie2.ex3.CounterModuloTest" time="0.01"/>
  <testcase name="MultiThreaded only initializes value once[Iterations: 6,170]" classname="serie2.ex3.CounterModuloTest" time="0.009"/>
  <testcase name="MultiThreaded only initializes value once[Iterations: 6,171]" classname="serie2.ex3.CounterModuloTest" time="0.008"/>
  <testcase name="MultiThreaded only initializes value once[Iterations: 6,172]" classname="serie2.ex3.CounterModuloTest" time="0.008"/>
  <testcase name="MultiThreaded only initializes value once[Iterations: 6,173]" classname="serie2.ex3.CounterModuloTest" time="0.009"/>
  <testcase name="MultiThreaded only initializes value once[Iterations: 6,174]" classname="serie2.ex3.CounterModuloTest" time="0.008"/>
  <testcase name="MultiThreaded only initializes value once[Iterations: 6,175]" classname="serie2.ex3.CounterModuloTest" time="0.009"/>
  <testcase name="MultiThreaded only initializes value once[Iterations: 6,176]" classname="serie2.ex3.CounterModuloTest" time="0.008"/>
  <testcase name="MultiThreaded only initializes value once[Iterations: 6,177]" classname="serie2.ex3.CounterModuloTest" time="0.008"/>
  <testcase name="MultiThreaded only initializes value once[Iterations: 6,178]" classname="serie2.ex3.CounterModuloTest" time="0.008"/>
  <testcase name="MultiThreaded only initializes value once[Iterations: 6,179]" classname="serie2.ex3.CounterModuloTest" time="0.008"/>
  <testcase name="MultiThreaded only initializes value once[Iterations: 6,180]" classname="serie2.ex3.CounterModuloTest" time="0.008"/>
  <testcase name="MultiThreaded only initializes value once[Iterations: 6,181]" classname="serie2.ex3.CounterModuloTest" time="0.007"/>
  <testcase name="MultiThreaded only initializes value once[Iterations: 6,182]" classname="serie2.ex3.CounterModuloTest" time="0.008"/>
  <testcase name="MultiThreaded only initializes value once[Iterations: 6,183]" classname="serie2.ex3.CounterModuloTest" time="0.008"/>
  <testcase name="MultiThreaded only initializes value once[Iterations: 6,184]" classname="serie2.ex3.CounterModuloTest" time="0.009"/>
  <testcase name="MultiThreaded only initializes value once[Iterations: 6,185]" classname="serie2.ex3.CounterModuloTest" time="0.009"/>
  <testcase name="MultiThreaded only initializes value once[Iterations: 6,186]" classname="serie2.ex3.CounterModuloTest" time="0.008"/>
  <testcase name="MultiThreaded only initializes value once[Iterations: 6,187]" classname="serie2.ex3.CounterModuloTest" time="0.009"/>
  <testcase name="MultiThreaded only initializes value once[Iterations: 6,188]" classname="serie2.ex3.CounterModuloTest" time="0.008"/>
  <testcase name="MultiThreaded only initializes value once[Iterations: 6,189]" classname="serie2.ex3.CounterModuloTest" time="0.008"/>
  <testcase name="MultiThreaded only initializes value once[Iterations: 6,190]" classname="serie2.ex3.CounterModuloTest" time="0.007"/>
  <testcase name="MultiThreaded only initializes value once[Iterations: 6,191]" classname="serie2.ex3.CounterModuloTest" time="0.008"/>
  <testcase name="MultiThreaded only initializes value once[Iterations: 6,192]" classname="serie2.ex3.CounterModuloTest" time="0.008"/>
  <testcase name="MultiThreaded only initializes value once[Iterations: 6,193]" classname="serie2.ex3.CounterModuloTest" time="0.008"/>
  <testcase name="MultiThreaded only initializes value once[Iterations: 6,194]" classname="serie2.ex3.CounterModuloTest" time="0.007"/>
  <testcase name="MultiThreaded only initializes value once[Iterations: 6,195]" classname="serie2.ex3.CounterModuloTest" time="0.008"/>
  <testcase name="MultiThreaded only initializes value once[Iterations: 6,196]" classname="serie2.ex3.CounterModuloTest" time="0.007"/>
  <testcase name="MultiThreaded only initializes value once[Iterations: 6,197]" classname="serie2.ex3.CounterModuloTest" time="0.009"/>
  <testcase name="MultiThreaded only initializes value once[Iterations: 6,198]" classname="serie2.ex3.CounterModuloTest" time="0.007"/>
  <testcase name="MultiThreaded only initializes value once[Iterations: 6,199]" classname="serie2.ex3.CounterModuloTest" time="0.009"/>
  <testcase name="MultiThreaded only initializes value once[Iterations: 6,200]" classname="serie2.ex3.CounterModuloTest" time="0.008"/>
  <testcase name="MultiThreaded only initializes value once[Iterations: 6,201]" classname="serie2.ex3.CounterModuloTest" time="0.011"/>
  <testcase name="MultiThreaded only initializes value once[Iterations: 6,202]" classname="serie2.ex3.CounterModuloTest" time="0.009"/>
  <testcase name="MultiThreaded only initializes value once[Iterations: 6,203]" classname="serie2.ex3.CounterModuloTest" time="0.008"/>
  <testcase name="MultiThreaded only initializes value once[Iterations: 6,204]" classname="serie2.ex3.CounterModuloTest" time="0.007"/>
  <testcase name="MultiThreaded only initializes value once[Iterations: 6,205]" classname="serie2.ex3.CounterModuloTest" time="0.008"/>
  <testcase name="MultiThreaded only initializes value once[Iterations: 6,206]" classname="serie2.ex3.CounterModuloTest" time="0.008"/>
  <testcase name="MultiThreaded only initializes value once[Iterations: 6,207]" classname="serie2.ex3.CounterModuloTest" time="0.01"/>
  <testcase name="MultiThreaded only initializes value once[Iterations: 6,208]" classname="serie2.ex3.CounterModuloTest" time="0.008"/>
  <testcase name="MultiThreaded only initializes value once[Iterations: 6,209]" classname="serie2.ex3.CounterModuloTest" time="0.009"/>
  <testcase name="MultiThreaded only initializes value once[Iterations: 6,210]" classname="serie2.ex3.CounterModuloTest" time="0.009"/>
  <testcase name="MultiThreaded only initializes value once[Iterations: 6,211]" classname="serie2.ex3.CounterModuloTest" time="0.009"/>
  <testcase name="MultiThreaded only initializes value once[Iterations: 6,212]" classname="serie2.ex3.CounterModuloTest" time="0.008"/>
  <testcase name="MultiThreaded only initializes value once[Iterations: 6,213]" classname="serie2.ex3.CounterModuloTest" time="0.008"/>
  <testcase name="MultiThreaded only initializes value once[Iterations: 6,214]" classname="serie2.ex3.CounterModuloTest" time="0.009"/>
  <testcase name="MultiThreaded only initializes value once[Iterations: 6,215]" classname="serie2.ex3.CounterModuloTest" time="0.008"/>
  <testcase name="MultiThreaded only initializes value once[Iterations: 6,216]" classname="serie2.ex3.CounterModuloTest" time="0.009"/>
  <testcase name="MultiThreaded only initializes value once[Iterations: 6,217]" classname="serie2.ex3.CounterModuloTest" time="0.009"/>
  <testcase name="MultiThreaded only initializes value once[Iterations: 6,218]" classname="serie2.ex3.CounterModuloTest" time="0.007"/>
  <testcase name="MultiThreaded only initializes value once[Iterations: 6,219]" classname="serie2.ex3.CounterModuloTest" time="0.008"/>
  <testcase name="MultiThreaded only initializes value once[Iterations: 6,220]" classname="serie2.ex3.CounterModuloTest" time="0.009"/>
  <testcase name="MultiThreaded only initializes value once[Iterations: 6,221]" classname="serie2.ex3.CounterModuloTest" time="0.008"/>
  <testcase name="MultiThreaded only initializes value once[Iterations: 6,222]" classname="serie2.ex3.CounterModuloTest" time="0.008"/>
  <testcase name="MultiThreaded only initializes value once[Iterations: 6,223]" classname="serie2.ex3.CounterModuloTest" time="0.008"/>
  <testcase name="MultiThreaded only initializes value once[Iterations: 6,224]" classname="serie2.ex3.CounterModuloTest" time="0.007"/>
  <testcase name="MultiThreaded only initializes value once[Iterations: 6,225]" classname="serie2.ex3.CounterModuloTest" time="0.008"/>
  <testcase name="MultiThreaded only initializes value once[Iterations: 6,226]" classname="serie2.ex3.CounterModuloTest" time="0.008"/>
  <testcase name="MultiThreaded only initializes value once[Iterations: 6,227]" classname="serie2.ex3.CounterModuloTest" time="0.009"/>
  <testcase name="MultiThreaded only initializes value once[Iterations: 6,228]" classname="serie2.ex3.CounterModuloTest" time="0.008"/>
  <testcase name="MultiThreaded only initializes value once[Iterations: 6,229]" classname="serie2.ex3.CounterModuloTest" time="0.009"/>
  <testcase name="MultiThreaded only initializes value once[Iterations: 6,230]" classname="serie2.ex3.CounterModuloTest" time="0.008"/>
  <testcase name="MultiThreaded only initializes value once[Iterations: 6,231]" classname="serie2.ex3.CounterModuloTest" time="0.008"/>
  <testcase name="MultiThreaded only initializes value once[Iterations: 6,232]" classname="serie2.ex3.CounterModuloTest" time="0.009"/>
  <testcase name="MultiThreaded only initializes value once[Iterations: 6,233]" classname="serie2.ex3.CounterModuloTest" time="0.007"/>
  <testcase name="MultiThreaded only initializes value once[Iterations: 6,234]" classname="serie2.ex3.CounterModuloTest" time="0.008"/>
  <testcase name="MultiThreaded only initializes value once[Iterations: 6,235]" classname="serie2.ex3.CounterModuloTest" time="0.008"/>
  <testcase name="MultiThreaded only initializes value once[Iterations: 6,236]" classname="serie2.ex3.CounterModuloTest" time="0.01"/>
  <testcase name="MultiThreaded only initializes value once[Iterations: 6,237]" classname="serie2.ex3.CounterModuloTest" time="0.008"/>
  <testcase name="MultiThreaded only initializes value once[Iterations: 6,238]" classname="serie2.ex3.CounterModuloTest" time="0.008"/>
  <testcase name="MultiThreaded only initializes value once[Iterations: 6,239]" classname="serie2.ex3.CounterModuloTest" time="0.008"/>
  <testcase name="MultiThreaded only initializes value once[Iterations: 6,240]" classname="serie2.ex3.CounterModuloTest" time="0.008"/>
  <testcase name="MultiThreaded only initializes value once[Iterations: 6,241]" classname="serie2.ex3.CounterModuloTest" time="0.009"/>
  <testcase name="MultiThreaded only initializes value once[Iterations: 6,242]" classname="serie2.ex3.CounterModuloTest" time="0.009"/>
  <testcase name="MultiThreaded only initializes value once[Iterations: 6,243]" classname="serie2.ex3.CounterModuloTest" time="0.008"/>
  <testcase name="MultiThreaded only initializes value once[Iterations: 6,244]" classname="serie2.ex3.CounterModuloTest" time="0.007"/>
  <testcase name="MultiThreaded only initializes value once[Iterations: 6,245]" classname="serie2.ex3.CounterModuloTest" time="0.009"/>
  <testcase name="MultiThreaded only initializes value once[Iterations: 6,246]" classname="serie2.ex3.CounterModuloTest" time="0.008"/>
  <testcase name="MultiThreaded only initializes value once[Iterations: 6,247]" classname="serie2.ex3.CounterModuloTest" time="0.008"/>
  <testcase name="MultiThreaded only initializes value once[Iterations: 6,248]" classname="serie2.ex3.CounterModuloTest" time="0.008"/>
  <testcase name="MultiThreaded only initializes value once[Iterations: 6,249]" classname="serie2.ex3.CounterModuloTest" time="0.008"/>
  <testcase name="MultiThreaded only initializes value once[Iterations: 6,250]" classname="serie2.ex3.CounterModuloTest" time="0.008"/>
  <testcase name="MultiThreaded only initializes value once[Iterations: 6,251]" classname="serie2.ex3.CounterModuloTest" time="0.008"/>
  <testcase name="MultiThreaded only initializes value once[Iterations: 6,252]" classname="serie2.ex3.CounterModuloTest" time="0.009"/>
  <testcase name="MultiThreaded only initializes value once[Iterations: 6,253]" classname="serie2.ex3.CounterModuloTest" time="0.008"/>
  <testcase name="MultiThreaded only initializes value once[Iterations: 6,254]" classname="serie2.ex3.CounterModuloTest" time="0.009"/>
  <testcase name="MultiThreaded only initializes value once[Iterations: 6,255]" classname="serie2.ex3.CounterModuloTest" time="0.01"/>
  <testcase name="MultiThreaded only initializes value once[Iterations: 6,256]" classname="serie2.ex3.CounterModuloTest" time="0.008"/>
  <testcase name="MultiThreaded only initializes value once[Iterations: 6,257]" classname="serie2.ex3.CounterModuloTest" time="0.009"/>
  <testcase name="MultiThreaded only initializes value once[Iterations: 6,258]" classname="serie2.ex3.CounterModuloTest" time="0.008"/>
  <testcase name="MultiThreaded only initializes value once[Iterations: 6,259]" classname="serie2.ex3.CounterModuloTest" time="0.008"/>
  <testcase name="MultiThreaded only initializes value once[Iterations: 6,260]" classname="serie2.ex3.CounterModuloTest" time="0.009"/>
  <testcase name="MultiThreaded only initializes value once[Iterations: 6,261]" classname="serie2.ex3.CounterModuloTest" time="0.008"/>
  <testcase name="MultiThreaded only initializes value once[Iterations: 6,262]" classname="serie2.ex3.CounterModuloTest" time="0.007"/>
  <testcase name="MultiThreaded only initializes value once[Iterations: 6,263]" classname="serie2.ex3.CounterModuloTest" time="0.008"/>
  <testcase name="MultiThreaded only initializes value once[Iterations: 6,264]" classname="serie2.ex3.CounterModuloTest" time="0.009"/>
  <testcase name="MultiThreaded only initializes value once[Iterations: 6,265]" classname="serie2.ex3.CounterModuloTest" time="0.009"/>
  <testcase name="MultiThreaded only initializes value once[Iterations: 6,266]" classname="serie2.ex3.CounterModuloTest" time="0.008"/>
  <testcase name="MultiThreaded only initializes value once[Iterations: 6,267]" classname="serie2.ex3.CounterModuloTest" time="0.007"/>
  <testcase name="MultiThreaded only initializes value once[Iterations: 6,268]" classname="serie2.ex3.CounterModuloTest" time="0.008"/>
  <testcase name="MultiThreaded only initializes value once[Iterations: 6,269]" classname="serie2.ex3.CounterModuloTest" time="0.008"/>
  <testcase name="MultiThreaded only initializes value once[Iterations: 6,270]" classname="serie2.ex3.CounterModuloTest" time="0.008"/>
  <testcase name="MultiThreaded only initializes value once[Iterations: 6,271]" classname="serie2.ex3.CounterModuloTest" time="0.008"/>
  <testcase name="MultiThreaded only initializes value once[Iterations: 6,272]" classname="serie2.ex3.CounterModuloTest" time="0.008"/>
  <testcase name="MultiThreaded only initializes value once[Iterations: 6,273]" classname="serie2.ex3.CounterModuloTest" time="0.008"/>
  <testcase name="MultiThreaded only initializes value once[Iterations: 6,274]" classname="serie2.ex3.CounterModuloTest" time="0.008"/>
  <testcase name="MultiThreaded only initializes value once[Iterations: 6,275]" classname="serie2.ex3.CounterModuloTest" time="0.009"/>
  <testcase name="MultiThreaded only initializes value once[Iterations: 6,276]" classname="serie2.ex3.CounterModuloTest" time="0.007"/>
  <testcase name="MultiThreaded only initializes value once[Iterations: 6,277]" classname="serie2.ex3.CounterModuloTest" time="0.008"/>
  <testcase name="MultiThreaded only initializes value once[Iterations: 6,278]" classname="serie2.ex3.CounterModuloTest" time="0.007"/>
  <testcase name="MultiThreaded only initializes value once[Iterations: 6,279]" classname="serie2.ex3.CounterModuloTest" time="0.008"/>
  <testcase name="MultiThreaded only initializes value once[Iterations: 6,280]" classname="serie2.ex3.CounterModuloTest" time="0.008"/>
  <testcase name="MultiThreaded only initializes value once[Iterations: 6,281]" classname="serie2.ex3.CounterModuloTest" time="0.009"/>
  <testcase name="MultiThreaded only initializes value once[Iterations: 6,282]" classname="serie2.ex3.CounterModuloTest" time="0.008"/>
  <testcase name="MultiThreaded only initializes value once[Iterations: 6,283]" classname="serie2.ex3.CounterModuloTest" time="0.007"/>
  <testcase name="MultiThreaded only initializes value once[Iterations: 6,284]" classname="serie2.ex3.CounterModuloTest" time="0.008"/>
  <testcase name="MultiThreaded only initializes value once[Iterations: 6,285]" classname="serie2.ex3.CounterModuloTest" time="0.008"/>
  <testcase name="MultiThreaded only initializes value once[Iterations: 6,286]" classname="serie2.ex3.CounterModuloTest" time="0.008"/>
  <testcase name="MultiThreaded only initializes value once[Iterations: 6,287]" classname="serie2.ex3.CounterModuloTest" time="0.009"/>
  <testcase name="MultiThreaded only initializes value once[Iterations: 6,288]" classname="serie2.ex3.CounterModuloTest" time="0.007"/>
  <testcase name="MultiThreaded only initializes value once[Iterations: 6,289]" classname="serie2.ex3.CounterModuloTest" time="0.008"/>
  <testcase name="MultiThreaded only initializes value once[Iterations: 6,290]" classname="serie2.ex3.CounterModuloTest" time="0.009"/>
  <testcase name="MultiThreaded only initializes value once[Iterations: 6,291]" classname="serie2.ex3.CounterModuloTest" time="0.008"/>
  <testcase name="MultiThreaded only initializes value once[Iterations: 6,292]" classname="serie2.ex3.CounterModuloTest" time="0.008"/>
  <testcase name="MultiThreaded only initializes value once[Iterations: 6,293]" classname="serie2.ex3.CounterModuloTest" time="0.008"/>
  <testcase name="MultiThreaded only initializes value once[Iterations: 6,294]" classname="serie2.ex3.CounterModuloTest" time="0.008"/>
  <testcase name="MultiThreaded only initializes value once[Iterations: 6,295]" classname="serie2.ex3.CounterModuloTest" time="0.008"/>
  <testcase name="MultiThreaded only initializes value once[Iterations: 6,296]" classname="serie2.ex3.CounterModuloTest" time="0.008"/>
  <testcase name="MultiThreaded only initializes value once[Iterations: 6,297]" classname="serie2.ex3.CounterModuloTest" time="0.009"/>
  <testcase name="MultiThreaded only initializes value once[Iterations: 6,298]" classname="serie2.ex3.CounterModuloTest" time="0.008"/>
  <testcase name="MultiThreaded only initializes value once[Iterations: 6,299]" classname="serie2.ex3.CounterModuloTest" time="0.008"/>
  <testcase name="MultiThreaded only initializes value once[Iterations: 6,300]" classname="serie2.ex3.CounterModuloTest" time="0.007"/>
  <testcase name="MultiThreaded only initializes value once[Iterations: 6,301]" classname="serie2.ex3.CounterModuloTest" time="0.009"/>
  <testcase name="MultiThreaded only initializes value once[Iterations: 6,302]" classname="serie2.ex3.CounterModuloTest" time="0.008"/>
  <testcase name="MultiThreaded only initializes value once[Iterations: 6,303]" classname="serie2.ex3.CounterModuloTest" time="0.012"/>
  <testcase name="MultiThreaded only initializes value once[Iterations: 6,304]" classname="serie2.ex3.CounterModuloTest" time="0.008"/>
  <testcase name="MultiThreaded only initializes value once[Iterations: 6,305]" classname="serie2.ex3.CounterModuloTest" time="0.009"/>
  <testcase name="MultiThreaded only initializes value once[Iterations: 6,306]" classname="serie2.ex3.CounterModuloTest" time="0.008"/>
  <testcase name="MultiThreaded only initializes value once[Iterations: 6,307]" classname="serie2.ex3.CounterModuloTest" time="0.009"/>
  <testcase name="MultiThreaded only initializes value once[Iterations: 6,308]" classname="serie2.ex3.CounterModuloTest" time="0.008"/>
  <testcase name="MultiThreaded only initializes value once[Iterations: 6,309]" classname="serie2.ex3.CounterModuloTest" time="0.008"/>
  <testcase name="MultiThreaded only initializes value once[Iterations: 6,310]" classname="serie2.ex3.CounterModuloTest" time="0.008"/>
  <testcase name="MultiThreaded only initializes value once[Iterations: 6,311]" classname="serie2.ex3.CounterModuloTest" time="0.009"/>
  <testcase name="MultiThreaded only initializes value once[Iterations: 6,312]" classname="serie2.ex3.CounterModuloTest" time="0.008"/>
  <testcase name="MultiThreaded only initializes value once[Iterations: 6,313]" classname="serie2.ex3.CounterModuloTest" time="0.008"/>
  <testcase name="MultiThreaded only initializes value once[Iterations: 6,314]" classname="serie2.ex3.CounterModuloTest" time="0.008"/>
  <testcase name="MultiThreaded only initializes value once[Iterations: 6,315]" classname="serie2.ex3.CounterModuloTest" time="0.009"/>
  <testcase name="MultiThreaded only initializes value once[Iterations: 6,316]" classname="serie2.ex3.CounterModuloTest" time="0.01"/>
  <testcase name="MultiThreaded only initializes value once[Iterations: 6,317]" classname="serie2.ex3.CounterModuloTest" time="0.009"/>
  <testcase name="MultiThreaded only initializes value once[Iterations: 6,318]" classname="serie2.ex3.CounterModuloTest" time="0.008"/>
  <testcase name="MultiThreaded only initializes value once[Iterations: 6,319]" classname="serie2.ex3.CounterModuloTest" time="0.009"/>
  <testcase name="MultiThreaded only initializes value once[Iterations: 6,320]" classname="serie2.ex3.CounterModuloTest" time="0.007"/>
  <testcase name="MultiThreaded only initializes value once[Iterations: 6,321]" classname="serie2.ex3.CounterModuloTest" time="0.008"/>
  <testcase name="MultiThreaded only initializes value once[Iterations: 6,322]" classname="serie2.ex3.CounterModuloTest" time="0.007"/>
  <testcase name="MultiThreaded only initializes value once[Iterations: 6,323]" classname="serie2.ex3.CounterModuloTest" time="0.008"/>
  <testcase name="MultiThreaded only initializes value once[Iterations: 6,324]" classname="serie2.ex3.CounterModuloTest" time="0.008"/>
  <testcase name="MultiThreaded only initializes value once[Iterations: 6,325]" classname="serie2.ex3.CounterModuloTest" time="0.008"/>
  <testcase name="MultiThreaded only initializes value once[Iterations: 6,326]" classname="serie2.ex3.CounterModuloTest" time="0.008"/>
  <testcase name="MultiThreaded only initializes value once[Iterations: 6,327]" classname="serie2.ex3.CounterModuloTest" time="0.008"/>
  <testcase name="MultiThreaded only initializes value once[Iterations: 6,328]" classname="serie2.ex3.CounterModuloTest" time="0.008"/>
  <testcase name="MultiThreaded only initializes value once[Iterations: 6,329]" classname="serie2.ex3.CounterModuloTest" time="0.008"/>
  <testcase name="MultiThreaded only initializes value once[Iterations: 6,330]" classname="serie2.ex3.CounterModuloTest" time="0.011"/>
  <testcase name="MultiThreaded only initializes value once[Iterations: 6,331]" classname="serie2.ex3.CounterModuloTest" time="0.009"/>
  <testcase name="MultiThreaded only initializes value once[Iterations: 6,332]" classname="serie2.ex3.CounterModuloTest" time="0.008"/>
  <testcase name="MultiThreaded only initializes value once[Iterations: 6,333]" classname="serie2.ex3.CounterModuloTest" time="0.009"/>
  <testcase name="MultiThreaded only initializes value once[Iterations: 6,334]" classname="serie2.ex3.CounterModuloTest" time="0.013"/>
  <testcase name="MultiThreaded only initializes value once[Iterations: 6,335]" classname="serie2.ex3.CounterModuloTest" time="0.009"/>
  <testcase name="MultiThreaded only initializes value once[Iterations: 6,336]" classname="serie2.ex3.CounterModuloTest" time="0.009"/>
  <testcase name="MultiThreaded only initializes value once[Iterations: 6,337]" classname="serie2.ex3.CounterModuloTest" time="0.009"/>
  <testcase name="MultiThreaded only initializes value once[Iterations: 6,338]" classname="serie2.ex3.CounterModuloTest" time="0.008"/>
  <testcase name="MultiThreaded only initializes value once[Iterations: 6,339]" classname="serie2.ex3.CounterModuloTest" time="0.009"/>
  <testcase name="MultiThreaded only initializes value once[Iterations: 6,340]" classname="serie2.ex3.CounterModuloTest" time="0.009"/>
  <testcase name="MultiThreaded only initializes value once[Iterations: 6,341]" classname="serie2.ex3.CounterModuloTest" time="0.009"/>
  <testcase name="MultiThreaded only initializes value once[Iterations: 6,342]" classname="serie2.ex3.CounterModuloTest" time="0.009"/>
  <testcase name="MultiThreaded only initializes value once[Iterations: 6,343]" classname="serie2.ex3.CounterModuloTest" time="0.009"/>
  <testcase name="MultiThreaded only initializes value once[Iterations: 6,344]" classname="serie2.ex3.CounterModuloTest" time="0.01"/>
  <testcase name="MultiThreaded only initializes value once[Iterations: 6,345]" classname="serie2.ex3.CounterModuloTest" time="0.008"/>
  <testcase name="MultiThreaded only initializes value once[Iterations: 6,346]" classname="serie2.ex3.CounterModuloTest" time="0.009"/>
  <testcase name="MultiThreaded only initializes value once[Iterations: 6,347]" classname="serie2.ex3.CounterModuloTest" time="0.009"/>
  <testcase name="MultiThreaded only initializes value once[Iterations: 6,348]" classname="serie2.ex3.CounterModuloTest" time="0.01"/>
  <testcase name="MultiThreaded only initializes value once[Iterations: 6,349]" classname="serie2.ex3.CounterModuloTest" time="0.009"/>
  <testcase name="MultiThreaded only initializes value once[Iterations: 6,350]" classname="serie2.ex3.CounterModuloTest" time="0.009"/>
  <testcase name="MultiThreaded only initializes value once[Iterations: 6,351]" classname="serie2.ex3.CounterModuloTest" time="0.01"/>
  <testcase name="MultiThreaded only initializes value once[Iterations: 6,352]" classname="serie2.ex3.CounterModuloTest" time="0.009"/>
  <testcase name="MultiThreaded only initializes value once[Iterations: 6,353]" classname="serie2.ex3.CounterModuloTest" time="0.009"/>
  <testcase name="MultiThreaded only initializes value once[Iterations: 6,354]" classname="serie2.ex3.CounterModuloTest" time="0.01"/>
  <testcase name="MultiThreaded only initializes value once[Iterations: 6,355]" classname="serie2.ex3.CounterModuloTest" time="0.009"/>
  <testcase name="MultiThreaded only initializes value once[Iterations: 6,356]" classname="serie2.ex3.CounterModuloTest" time="0.01"/>
  <testcase name="MultiThreaded only initializes value once[Iterations: 6,357]" classname="serie2.ex3.CounterModuloTest" time="0.01"/>
  <testcase name="MultiThreaded only initializes value once[Iterations: 6,358]" classname="serie2.ex3.CounterModuloTest" time="0.01"/>
  <testcase name="MultiThreaded only initializes value once[Iterations: 6,359]" classname="serie2.ex3.CounterModuloTest" time="0.009"/>
  <testcase name="MultiThreaded only initializes value once[Iterations: 6,360]" classname="serie2.ex3.CounterModuloTest" time="0.008"/>
  <testcase name="MultiThreaded only initializes value once[Iterations: 6,361]" classname="serie2.ex3.CounterModuloTest" time="0.01"/>
  <testcase name="MultiThreaded only initializes value once[Iterations: 6,362]" classname="serie2.ex3.CounterModuloTest" time="0.01"/>
  <testcase name="MultiThreaded only initializes value once[Iterations: 6,363]" classname="serie2.ex3.CounterModuloTest" time="0.009"/>
  <testcase name="MultiThreaded only initializes value once[Iterations: 6,364]" classname="serie2.ex3.CounterModuloTest" time="0.009"/>
  <testcase name="MultiThreaded only initializes value once[Iterations: 6,365]" classname="serie2.ex3.CounterModuloTest" time="0.008"/>
  <testcase name="MultiThreaded only initializes value once[Iterations: 6,366]" classname="serie2.ex3.CounterModuloTest" time="0.009"/>
  <testcase name="MultiThreaded only initializes value once[Iterations: 6,367]" classname="serie2.ex3.CounterModuloTest" time="0.008"/>
  <testcase name="MultiThreaded only initializes value once[Iterations: 6,368]" classname="serie2.ex3.CounterModuloTest" time="0.008"/>
  <testcase name="MultiThreaded only initializes value once[Iterations: 6,369]" classname="serie2.ex3.CounterModuloTest" time="0.01"/>
  <testcase name="MultiThreaded only initializes value once[Iterations: 6,370]" classname="serie2.ex3.CounterModuloTest" time="0.008"/>
  <testcase name="MultiThreaded only initializes value once[Iterations: 6,371]" classname="serie2.ex3.CounterModuloTest" time="0.008"/>
  <testcase name="MultiThreaded only initializes value once[Iterations: 6,372]" classname="serie2.ex3.CounterModuloTest" time="0.009"/>
  <testcase name="MultiThreaded only initializes value once[Iterations: 6,373]" classname="serie2.ex3.CounterModuloTest" time="0.008"/>
  <testcase name="MultiThreaded only initializes value once[Iterations: 6,374]" classname="serie2.ex3.CounterModuloTest" time="0.009"/>
  <testcase name="MultiThreaded only initializes value once[Iterations: 6,375]" classname="serie2.ex3.CounterModuloTest" time="0.012"/>
  <testcase name="MultiThreaded only initializes value once[Iterations: 6,376]" classname="serie2.ex3.CounterModuloTest" time="0.008"/>
  <testcase name="MultiThreaded only initializes value once[Iterations: 6,377]" classname="serie2.ex3.CounterModuloTest" time="0.008"/>
  <testcase name="MultiThreaded only initializes value once[Iterations: 6,378]" classname="serie2.ex3.CounterModuloTest" time="0.008"/>
  <testcase name="MultiThreaded only initializes value once[Iterations: 6,379]" classname="serie2.ex3.CounterModuloTest" time="0.008"/>
  <testcase name="MultiThreaded only initializes value once[Iterations: 6,380]" classname="serie2.ex3.CounterModuloTest" time="0.009"/>
  <testcase name="MultiThreaded only initializes value once[Iterations: 6,381]" classname="serie2.ex3.CounterModuloTest" time="0.009"/>
  <testcase name="MultiThreaded only initializes value once[Iterations: 6,382]" classname="serie2.ex3.CounterModuloTest" time="0.01"/>
  <testcase name="MultiThreaded only initializes value once[Iterations: 6,383]" classname="serie2.ex3.CounterModuloTest" time="0.009"/>
  <testcase name="MultiThreaded only initializes value once[Iterations: 6,384]" classname="serie2.ex3.CounterModuloTest" time="0.009"/>
  <testcase name="MultiThreaded only initializes value once[Iterations: 6,385]" classname="serie2.ex3.CounterModuloTest" time="0.009"/>
  <testcase name="MultiThreaded only initializes value once[Iterations: 6,386]" classname="serie2.ex3.CounterModuloTest" time="0.009"/>
  <testcase name="MultiThreaded only initializes value once[Iterations: 6,387]" classname="serie2.ex3.CounterModuloTest" time="0.009"/>
  <testcase name="MultiThreaded only initializes value once[Iterations: 6,388]" classname="serie2.ex3.CounterModuloTest" time="0.008"/>
  <testcase name="MultiThreaded only initializes value once[Iterations: 6,389]" classname="serie2.ex3.CounterModuloTest" time="0.008"/>
  <testcase name="MultiThreaded only initializes value once[Iterations: 6,390]" classname="serie2.ex3.CounterModuloTest" time="0.009"/>
  <testcase name="MultiThreaded only initializes value once[Iterations: 6,391]" classname="serie2.ex3.CounterModuloTest" time="0.008"/>
  <testcase name="MultiThreaded only initializes value once[Iterations: 6,392]" classname="serie2.ex3.CounterModuloTest" time="0.008"/>
  <testcase name="MultiThreaded only initializes value once[Iterations: 6,393]" classname="serie2.ex3.CounterModuloTest" time="0.009"/>
  <testcase name="MultiThreaded only initializes value once[Iterations: 6,394]" classname="serie2.ex3.CounterModuloTest" time="0.008"/>
  <testcase name="MultiThreaded only initializes value once[Iterations: 6,395]" classname="serie2.ex3.CounterModuloTest" time="0.009"/>
  <testcase name="MultiThreaded only initializes value once[Iterations: 6,396]" classname="serie2.ex3.CounterModuloTest" time="0.008"/>
  <testcase name="MultiThreaded only initializes value once[Iterations: 6,397]" classname="serie2.ex3.CounterModuloTest" time="0.009"/>
  <testcase name="MultiThreaded only initializes value once[Iterations: 6,398]" classname="serie2.ex3.CounterModuloTest" time="0.009"/>
  <testcase name="MultiThreaded only initializes value once[Iterations: 6,399]" classname="serie2.ex3.CounterModuloTest" time="0.008"/>
  <testcase name="MultiThreaded only initializes value once[Iterations: 6,400]" classname="serie2.ex3.CounterModuloTest" time="0.008"/>
  <testcase name="MultiThreaded only initializes value once[Iterations: 6,401]" classname="serie2.ex3.CounterModuloTest" time="0.009"/>
  <testcase name="MultiThreaded only initializes value once[Iterations: 6,402]" classname="serie2.ex3.CounterModuloTest" time="0.009"/>
  <testcase name="MultiThreaded only initializes value once[Iterations: 6,403]" classname="serie2.ex3.CounterModuloTest" time="0.009"/>
  <testcase name="MultiThreaded only initializes value once[Iterations: 6,404]" classname="serie2.ex3.CounterModuloTest" time="0.01"/>
  <testcase name="MultiThreaded only initializes value once[Iterations: 6,405]" classname="serie2.ex3.CounterModuloTest" time="0.007"/>
  <testcase name="MultiThreaded only initializes value once[Iterations: 6,406]" classname="serie2.ex3.CounterModuloTest" time="0.009"/>
  <testcase name="MultiThreaded only initializes value once[Iterations: 6,407]" classname="serie2.ex3.CounterModuloTest" time="0.007"/>
  <testcase name="MultiThreaded only initializes value once[Iterations: 6,408]" classname="serie2.ex3.CounterModuloTest" time="0.008"/>
  <testcase name="MultiThreaded only initializes value once[Iterations: 6,409]" classname="serie2.ex3.CounterModuloTest" time="0.008"/>
  <testcase name="MultiThreaded only initializes value once[Iterations: 6,410]" classname="serie2.ex3.CounterModuloTest" time="0.008"/>
  <testcase name="MultiThreaded only initializes value once[Iterations: 6,411]" classname="serie2.ex3.CounterModuloTest" time="0.009"/>
  <testcase name="MultiThreaded only initializes value once[Iterations: 6,412]" classname="serie2.ex3.CounterModuloTest" time="0.009"/>
  <testcase name="MultiThreaded only initializes value once[Iterations: 6,413]" classname="serie2.ex3.CounterModuloTest" time="0.008"/>
  <testcase name="MultiThreaded only initializes value once[Iterations: 6,414]" classname="serie2.ex3.CounterModuloTest" time="0.009"/>
  <testcase name="MultiThreaded only initializes value once[Iterations: 6,415]" classname="serie2.ex3.CounterModuloTest" time="0.008"/>
  <testcase name="MultiThreaded only initializes value once[Iterations: 6,416]" classname="serie2.ex3.CounterModuloTest" time="0.008"/>
  <testcase name="MultiThreaded only initializes value once[Iterations: 6,417]" classname="serie2.ex3.CounterModuloTest" time="0.008"/>
  <testcase name="MultiThreaded only initializes value once[Iterations: 6,418]" classname="serie2.ex3.CounterModuloTest" time="0.008"/>
  <testcase name="MultiThreaded only initializes value once[Iterations: 6,419]" classname="serie2.ex3.CounterModuloTest" time="0.008"/>
  <testcase name="MultiThreaded only initializes value once[Iterations: 6,420]" classname="serie2.ex3.CounterModuloTest" time="0.008"/>
  <testcase name="MultiThreaded only initializes value once[Iterations: 6,421]" classname="serie2.ex3.CounterModuloTest" time="0.009"/>
  <testcase name="MultiThreaded only initializes value once[Iterations: 6,422]" classname="serie2.ex3.CounterModuloTest" time="0.008"/>
  <testcase name="MultiThreaded only initializes value once[Iterations: 6,423]" classname="serie2.ex3.CounterModuloTest" time="0.01"/>
  <testcase name="MultiThreaded only initializes value once[Iterations: 6,424]" classname="serie2.ex3.CounterModuloTest" time="0.008"/>
  <testcase name="MultiThreaded only initializes value once[Iterations: 6,425]" classname="serie2.ex3.CounterModuloTest" time="0.009"/>
  <testcase name="MultiThreaded only initializes value once[Iterations: 6,426]" classname="serie2.ex3.CounterModuloTest" time="0.008"/>
  <testcase name="MultiThreaded only initializes value once[Iterations: 6,427]" classname="serie2.ex3.CounterModuloTest" time="0.008"/>
  <testcase name="MultiThreaded only initializes value once[Iterations: 6,428]" classname="serie2.ex3.CounterModuloTest" time="0.008"/>
  <testcase name="MultiThreaded only initializes value once[Iterations: 6,429]" classname="serie2.ex3.CounterModuloTest" time="0.008"/>
  <testcase name="MultiThreaded only initializes value once[Iterations: 6,430]" classname="serie2.ex3.CounterModuloTest" time="0.008"/>
  <testcase name="MultiThreaded only initializes value once[Iterations: 6,431]" classname="serie2.ex3.CounterModuloTest" time="0.008"/>
  <testcase name="MultiThreaded only initializes value once[Iterations: 6,432]" classname="serie2.ex3.CounterModuloTest" time="0.009"/>
  <testcase name="MultiThreaded only initializes value once[Iterations: 6,433]" classname="serie2.ex3.CounterModuloTest" time="0.008"/>
  <testcase name="MultiThreaded only initializes value once[Iterations: 6,434]" classname="serie2.ex3.CounterModuloTest" time="0.007"/>
  <testcase name="MultiThreaded only initializes value once[Iterations: 6,435]" classname="serie2.ex3.CounterModuloTest" time="0.008"/>
  <testcase name="MultiThreaded only initializes value once[Iterations: 6,436]" classname="serie2.ex3.CounterModuloTest" time="0.009"/>
  <testcase name="MultiThreaded only initializes value once[Iterations: 6,437]" classname="serie2.ex3.CounterModuloTest" time="0.008"/>
  <testcase name="MultiThreaded only initializes value once[Iterations: 6,438]" classname="serie2.ex3.CounterModuloTest" time="0.009"/>
  <testcase name="MultiThreaded only initializes value once[Iterations: 6,439]" classname="serie2.ex3.CounterModuloTest" time="0.008"/>
  <testcase name="MultiThreaded only initializes value once[Iterations: 6,440]" classname="serie2.ex3.CounterModuloTest" time="0.008"/>
  <testcase name="MultiThreaded only initializes value once[Iterations: 6,441]" classname="serie2.ex3.CounterModuloTest" time="0.011"/>
  <testcase name="MultiThreaded only initializes value once[Iterations: 6,442]" classname="serie2.ex3.CounterModuloTest" time="0.009"/>
  <testcase name="MultiThreaded only initializes value once[Iterations: 6,443]" classname="serie2.ex3.CounterModuloTest" time="0.009"/>
  <testcase name="MultiThreaded only initializes value once[Iterations: 6,444]" classname="serie2.ex3.CounterModuloTest" time="0.009"/>
  <testcase name="MultiThreaded only initializes value once[Iterations: 6,445]" classname="serie2.ex3.CounterModuloTest" time="0.009"/>
  <testcase name="MultiThreaded only initializes value once[Iterations: 6,446]" classname="serie2.ex3.CounterModuloTest" time="0.009"/>
  <testcase name="MultiThreaded only initializes value once[Iterations: 6,447]" classname="serie2.ex3.CounterModuloTest" time="0.009"/>
  <testcase name="MultiThreaded only initializes value once[Iterations: 6,448]" classname="serie2.ex3.CounterModuloTest" time="0.008"/>
  <testcase name="MultiThreaded only initializes value once[Iterations: 6,449]" classname="serie2.ex3.CounterModuloTest" time="0.009"/>
  <testcase name="MultiThreaded only initializes value once[Iterations: 6,450]" classname="serie2.ex3.CounterModuloTest" time="0.008"/>
  <testcase name="MultiThreaded only initializes value once[Iterations: 6,451]" classname="serie2.ex3.CounterModuloTest" time="0.009"/>
  <testcase name="MultiThreaded only initializes value once[Iterations: 6,452]" classname="serie2.ex3.CounterModuloTest" time="0.009"/>
  <testcase name="MultiThreaded only initializes value once[Iterations: 6,453]" classname="serie2.ex3.CounterModuloTest" time="0.009"/>
  <testcase name="MultiThreaded only initializes value once[Iterations: 6,454]" classname="serie2.ex3.CounterModuloTest" time="0.007"/>
  <testcase name="MultiThreaded only initializes value once[Iterations: 6,455]" classname="serie2.ex3.CounterModuloTest" time="0.008"/>
  <testcase name="MultiThreaded only initializes value once[Iterations: 6,456]" classname="serie2.ex3.CounterModuloTest" time="0.008"/>
  <testcase name="MultiThreaded only initializes value once[Iterations: 6,457]" classname="serie2.ex3.CounterModuloTest" time="0.008"/>
  <testcase name="MultiThreaded only initializes value once[Iterations: 6,458]" classname="serie2.ex3.CounterModuloTest" time="0.008"/>
  <testcase name="MultiThreaded only initializes value once[Iterations: 6,459]" classname="serie2.ex3.CounterModuloTest" time="0.008"/>
  <testcase name="MultiThreaded only initializes value once[Iterations: 6,460]" classname="serie2.ex3.CounterModuloTest" time="0.008"/>
  <testcase name="MultiThreaded only initializes value once[Iterations: 6,461]" classname="serie2.ex3.CounterModuloTest" time="0.009"/>
  <testcase name="MultiThreaded only initializes value once[Iterations: 6,462]" classname="serie2.ex3.CounterModuloTest" time="0.009"/>
  <testcase name="MultiThreaded only initializes value once[Iterations: 6,463]" classname="serie2.ex3.CounterModuloTest" time="0.009"/>
  <testcase name="MultiThreaded only initializes value once[Iterations: 6,464]" classname="serie2.ex3.CounterModuloTest" time="0.009"/>
  <testcase name="MultiThreaded only initializes value once[Iterations: 6,465]" classname="serie2.ex3.CounterModuloTest" time="0.009"/>
  <testcase name="MultiThreaded only initializes value once[Iterations: 6,466]" classname="serie2.ex3.CounterModuloTest" time="0.008"/>
  <testcase name="MultiThreaded only initializes value once[Iterations: 6,467]" classname="serie2.ex3.CounterModuloTest" time="0.009"/>
  <testcase name="MultiThreaded only initializes value once[Iterations: 6,468]" classname="serie2.ex3.CounterModuloTest" time="0.01"/>
  <testcase name="MultiThreaded only initializes value once[Iterations: 6,469]" classname="serie2.ex3.CounterModuloTest" time="0.009"/>
  <testcase name="MultiThreaded only initializes value once[Iterations: 6,470]" classname="serie2.ex3.CounterModuloTest" time="0.009"/>
  <testcase name="MultiThreaded only initializes value once[Iterations: 6,471]" classname="serie2.ex3.CounterModuloTest" time="0.013"/>
  <testcase name="MultiThreaded only initializes value once[Iterations: 6,472]" classname="serie2.ex3.CounterModuloTest" time="0.009"/>
  <testcase name="MultiThreaded only initializes value once[Iterations: 6,473]" classname="serie2.ex3.CounterModuloTest" time="0.009"/>
  <testcase name="MultiThreaded only initializes value once[Iterations: 6,474]" classname="serie2.ex3.CounterModuloTest" time="0.01"/>
  <testcase name="MultiThreaded only initializes value once[Iterations: 6,475]" classname="serie2.ex3.CounterModuloTest" time="0.009"/>
  <testcase name="MultiThreaded only initializes value once[Iterations: 6,476]" classname="serie2.ex3.CounterModuloTest" time="0.01"/>
  <testcase name="MultiThreaded only initializes value once[Iterations: 6,477]" classname="serie2.ex3.CounterModuloTest" time="0.009"/>
  <testcase name="MultiThreaded only initializes value once[Iterations: 6,478]" classname="serie2.ex3.CounterModuloTest" time="0.009"/>
  <testcase name="MultiThreaded only initializes value once[Iterations: 6,479]" classname="serie2.ex3.CounterModuloTest" time="0.008"/>
  <testcase name="MultiThreaded only initializes value once[Iterations: 6,480]" classname="serie2.ex3.CounterModuloTest" time="0.009"/>
  <testcase name="MultiThreaded only initializes value once[Iterations: 6,481]" classname="serie2.ex3.CounterModuloTest" time="0.009"/>
  <testcase name="MultiThreaded only initializes value once[Iterations: 6,482]" classname="serie2.ex3.CounterModuloTest" time="0.008"/>
  <testcase name="MultiThreaded only initializes value once[Iterations: 6,483]" classname="serie2.ex3.CounterModuloTest" time="0.008"/>
  <testcase name="MultiThreaded only initializes value once[Iterations: 6,484]" classname="serie2.ex3.CounterModuloTest" time="0.009"/>
  <testcase name="MultiThreaded only initializes value once[Iterations: 6,485]" classname="serie2.ex3.CounterModuloTest" time="0.008"/>
  <testcase name="MultiThreaded only initializes value once[Iterations: 6,486]" classname="serie2.ex3.CounterModuloTest" time="0.008"/>
  <testcase name="MultiThreaded only initializes value once[Iterations: 6,487]" classname="serie2.ex3.CounterModuloTest" time="0.01"/>
  <testcase name="MultiThreaded only initializes value once[Iterations: 6,488]" classname="serie2.ex3.CounterModuloTest" time="0.008"/>
  <testcase name="MultiThreaded only initializes value once[Iterations: 6,489]" classname="serie2.ex3.CounterModuloTest" time="0.008"/>
  <testcase name="MultiThreaded only initializes value once[Iterations: 6,490]" classname="serie2.ex3.CounterModuloTest" time="0.008"/>
  <testcase name="MultiThreaded only initializes value once[Iterations: 6,491]" classname="serie2.ex3.CounterModuloTest" time="0.008"/>
  <testcase name="MultiThreaded only initializes value once[Iterations: 6,492]" classname="serie2.ex3.CounterModuloTest" time="0.008"/>
  <testcase name="MultiThreaded only initializes value once[Iterations: 6,493]" classname="serie2.ex3.CounterModuloTest" time="0.009"/>
  <testcase name="MultiThreaded only initializes value once[Iterations: 6,494]" classname="serie2.ex3.CounterModuloTest" time="0.009"/>
  <testcase name="MultiThreaded only initializes value once[Iterations: 6,495]" classname="serie2.ex3.CounterModuloTest" time="0.008"/>
  <testcase name="MultiThreaded only initializes value once[Iterations: 6,496]" classname="serie2.ex3.CounterModuloTest" time="0.009"/>
  <testcase name="MultiThreaded only initializes value once[Iterations: 6,497]" classname="serie2.ex3.CounterModuloTest" time="0.009"/>
  <testcase name="MultiThreaded only initializes value once[Iterations: 6,498]" classname="serie2.ex3.CounterModuloTest" time="0.009"/>
  <testcase name="MultiThreaded only initializes value once[Iterations: 6,499]" classname="serie2.ex3.CounterModuloTest" time="0.008"/>
  <testcase name="MultiThreaded only initializes value once[Iterations: 6,500]" classname="serie2.ex3.CounterModuloTest" time="0.009"/>
  <testcase name="MultiThreaded only initializes value once[Iterations: 6,501]" classname="serie2.ex3.CounterModuloTest" time="0.009"/>
  <testcase name="MultiThreaded only initializes value once[Iterations: 6,502]" classname="serie2.ex3.CounterModuloTest" time="0.009"/>
  <testcase name="MultiThreaded only initializes value once[Iterations: 6,503]" classname="serie2.ex3.CounterModuloTest" time="0.01"/>
  <testcase name="MultiThreaded only initializes value once[Iterations: 6,504]" classname="serie2.ex3.CounterModuloTest" time="0.009"/>
  <testcase name="MultiThreaded only initializes value once[Iterations: 6,505]" classname="serie2.ex3.CounterModuloTest" time="0.007"/>
  <testcase name="MultiThreaded only initializes value once[Iterations: 6,506]" classname="serie2.ex3.CounterModuloTest" time="0.008"/>
  <testcase name="MultiThreaded only initializes value once[Iterations: 6,507]" classname="serie2.ex3.CounterModuloTest" time="0.009"/>
  <testcase name="MultiThreaded only initializes value once[Iterations: 6,508]" classname="serie2.ex3.CounterModuloTest" time="0.009"/>
  <testcase name="MultiThreaded only initializes value once[Iterations: 6,509]" classname="serie2.ex3.CounterModuloTest" time="0.009"/>
  <testcase name="MultiThreaded only initializes value once[Iterations: 6,510]" classname="serie2.ex3.CounterModuloTest" time="0.008"/>
  <testcase name="MultiThreaded only initializes value once[Iterations: 6,511]" classname="serie2.ex3.CounterModuloTest" time="0.009"/>
  <testcase name="MultiThreaded only initializes value once[Iterations: 6,512]" classname="serie2.ex3.CounterModuloTest" time="0.009"/>
  <testcase name="MultiThreaded only initializes value once[Iterations: 6,513]" classname="serie2.ex3.CounterModuloTest" time="0.008"/>
  <testcase name="MultiThreaded only initializes value once[Iterations: 6,514]" classname="serie2.ex3.CounterModuloTest" time="0.008"/>
  <testcase name="MultiThreaded only initializes value once[Iterations: 6,515]" classname="serie2.ex3.CounterModuloTest" time="0.009"/>
  <testcase name="MultiThreaded only initializes value once[Iterations: 6,516]" classname="serie2.ex3.CounterModuloTest" time="0.009"/>
  <testcase name="MultiThreaded only initializes value once[Iterations: 6,517]" classname="serie2.ex3.CounterModuloTest" time="0.008"/>
  <testcase name="MultiThreaded only initializes value once[Iterations: 6,518]" classname="serie2.ex3.CounterModuloTest" time="0.007"/>
  <testcase name="MultiThreaded only initializes value once[Iterations: 6,519]" classname="serie2.ex3.CounterModuloTest" time="0.009"/>
  <testcase name="MultiThreaded only initializes value once[Iterations: 6,520]" classname="serie2.ex3.CounterModuloTest" time="0.009"/>
  <testcase name="MultiThreaded only initializes value once[Iterations: 6,521]" classname="serie2.ex3.CounterModuloTest" time="0.008"/>
  <testcase name="MultiThreaded only initializes value once[Iterations: 6,522]" classname="serie2.ex3.CounterModuloTest" time="0.008"/>
  <testcase name="MultiThreaded only initializes value once[Iterations: 6,523]" classname="serie2.ex3.CounterModuloTest" time="0.009"/>
  <testcase name="MultiThreaded only initializes value once[Iterations: 6,524]" classname="serie2.ex3.CounterModuloTest" time="0.008"/>
  <testcase name="MultiThreaded only initializes value once[Iterations: 6,525]" classname="serie2.ex3.CounterModuloTest" time="0.01"/>
  <testcase name="MultiThreaded only initializes value once[Iterations: 6,526]" classname="serie2.ex3.CounterModuloTest" time="0.008"/>
  <testcase name="MultiThreaded only initializes value once[Iterations: 6,527]" classname="serie2.ex3.CounterModuloTest" time="0.008"/>
  <testcase name="MultiThreaded only initializes value once[Iterations: 6,528]" classname="serie2.ex3.CounterModuloTest" time="0.008"/>
  <testcase name="MultiThreaded only initializes value once[Iterations: 6,529]" classname="serie2.ex3.CounterModuloTest" time="0.009"/>
  <testcase name="MultiThreaded only initializes value once[Iterations: 6,530]" classname="serie2.ex3.CounterModuloTest" time="0.007"/>
  <testcase name="MultiThreaded only initializes value once[Iterations: 6,531]" classname="serie2.ex3.CounterModuloTest" time="0.008"/>
  <testcase name="MultiThreaded only initializes value once[Iterations: 6,532]" classname="serie2.ex3.CounterModuloTest" time="0.009"/>
  <testcase name="MultiThreaded only initializes value once[Iterations: 6,533]" classname="serie2.ex3.CounterModuloTest" time="0.009"/>
  <testcase name="MultiThreaded only initializes value once[Iterations: 6,534]" classname="serie2.ex3.CounterModuloTest" time="0.007"/>
  <testcase name="MultiThreaded only initializes value once[Iterations: 6,535]" classname="serie2.ex3.CounterModuloTest" time="0.008"/>
  <testcase name="MultiThreaded only initializes value once[Iterations: 6,536]" classname="serie2.ex3.CounterModuloTest" time="0.008"/>
  <testcase name="MultiThreaded only initializes value once[Iterations: 6,537]" classname="serie2.ex3.CounterModuloTest" time="0.011"/>
  <testcase name="MultiThreaded only initializes value once[Iterations: 6,538]" classname="serie2.ex3.CounterModuloTest" time="0.009"/>
  <testcase name="MultiThreaded only initializes value once[Iterations: 6,539]" classname="serie2.ex3.CounterModuloTest" time="0.009"/>
  <testcase name="MultiThreaded only initializes value once[Iterations: 6,540]" classname="serie2.ex3.CounterModuloTest" time="0.009"/>
  <testcase name="MultiThreaded only initializes value once[Iterations: 6,541]" classname="serie2.ex3.CounterModuloTest" time="0.008"/>
  <testcase name="MultiThreaded only initializes value once[Iterations: 6,542]" classname="serie2.ex3.CounterModuloTest" time="0.008"/>
  <testcase name="MultiThreaded only initializes value once[Iterations: 6,543]" classname="serie2.ex3.CounterModuloTest" time="0.009"/>
  <testcase name="MultiThreaded only initializes value once[Iterations: 6,544]" classname="serie2.ex3.CounterModuloTest" time="0.007"/>
  <testcase name="MultiThreaded only initializes value once[Iterations: 6,545]" classname="serie2.ex3.CounterModuloTest" time="0.009"/>
  <testcase name="MultiThreaded only initializes value once[Iterations: 6,546]" classname="serie2.ex3.CounterModuloTest" time="0.009"/>
  <testcase name="MultiThreaded only initializes value once[Iterations: 6,547]" classname="serie2.ex3.CounterModuloTest" time="0.008"/>
  <testcase name="MultiThreaded only initializes value once[Iterations: 6,548]" classname="serie2.ex3.CounterModuloTest" time="0.009"/>
  <testcase name="MultiThreaded only initializes value once[Iterations: 6,549]" classname="serie2.ex3.CounterModuloTest" time="0.009"/>
  <testcase name="MultiThreaded only initializes value once[Iterations: 6,550]" classname="serie2.ex3.CounterModuloTest" time="0.009"/>
  <testcase name="MultiThreaded only initializes value once[Iterations: 6,551]" classname="serie2.ex3.CounterModuloTest" time="0.008"/>
  <testcase name="MultiThreaded only initializes value once[Iterations: 6,552]" classname="serie2.ex3.CounterModuloTest" time="0.008"/>
  <testcase name="MultiThreaded only initializes value once[Iterations: 6,553]" classname="serie2.ex3.CounterModuloTest" time="0.008"/>
  <testcase name="MultiThreaded only initializes value once[Iterations: 6,554]" classname="serie2.ex3.CounterModuloTest" time="0.009"/>
  <testcase name="MultiThreaded only initializes value once[Iterations: 6,555]" classname="serie2.ex3.CounterModuloTest" time="0.008"/>
  <testcase name="MultiThreaded only initializes value once[Iterations: 6,556]" classname="serie2.ex3.CounterModuloTest" time="0.009"/>
  <testcase name="MultiThreaded only initializes value once[Iterations: 6,557]" classname="serie2.ex3.CounterModuloTest" time="0.009"/>
  <testcase name="MultiThreaded only initializes value once[Iterations: 6,558]" classname="serie2.ex3.CounterModuloTest" time="0.009"/>
  <testcase name="MultiThreaded only initializes value once[Iterations: 6,559]" classname="serie2.ex3.CounterModuloTest" time="0.009"/>
  <testcase name="MultiThreaded only initializes value once[Iterations: 6,560]" classname="serie2.ex3.CounterModuloTest" time="0.008"/>
  <testcase name="MultiThreaded only initializes value once[Iterations: 6,561]" classname="serie2.ex3.CounterModuloTest" time="0.009"/>
  <testcase name="MultiThreaded only initializes value once[Iterations: 6,562]" classname="serie2.ex3.CounterModuloTest" time="0.009"/>
  <testcase name="MultiThreaded only initializes value once[Iterations: 6,563]" classname="serie2.ex3.CounterModuloTest" time="0.012"/>
  <testcase name="MultiThreaded only initializes value once[Iterations: 6,564]" classname="serie2.ex3.CounterModuloTest" time="0.009"/>
  <testcase name="MultiThreaded only initializes value once[Iterations: 6,565]" classname="serie2.ex3.CounterModuloTest" time="0.008"/>
  <testcase name="MultiThreaded only initializes value once[Iterations: 6,566]" classname="serie2.ex3.CounterModuloTest" time="0.008"/>
  <testcase name="MultiThreaded only initializes value once[Iterations: 6,567]" classname="serie2.ex3.CounterModuloTest" time="0.01"/>
  <testcase name="MultiThreaded only initializes value once[Iterations: 6,568]" classname="serie2.ex3.CounterModuloTest" time="0.007"/>
  <testcase name="MultiThreaded only initializes value once[Iterations: 6,569]" classname="serie2.ex3.CounterModuloTest" time="0.009"/>
  <testcase name="MultiThreaded only initializes value once[Iterations: 6,570]" classname="serie2.ex3.CounterModuloTest" time="0.009"/>
  <testcase name="MultiThreaded only initializes value once[Iterations: 6,571]" classname="serie2.ex3.CounterModuloTest" time="0.008"/>
  <testcase name="MultiThreaded only initializes value once[Iterations: 6,572]" classname="serie2.ex3.CounterModuloTest" time="0.009"/>
  <testcase name="MultiThreaded only initializes value once[Iterations: 6,573]" classname="serie2.ex3.CounterModuloTest" time="0.009"/>
  <testcase name="MultiThreaded only initializes value once[Iterations: 6,574]" classname="serie2.ex3.CounterModuloTest" time="0.008"/>
  <testcase name="MultiThreaded only initializes value once[Iterations: 6,575]" classname="serie2.ex3.CounterModuloTest" time="0.009"/>
  <testcase name="MultiThreaded only initializes value once[Iterations: 6,576]" classname="serie2.ex3.CounterModuloTest" time="0.009"/>
  <testcase name="MultiThreaded only initializes value once[Iterations: 6,577]" classname="serie2.ex3.CounterModuloTest" time="0.009"/>
  <testcase name="MultiThreaded only initializes value once[Iterations: 6,578]" classname="serie2.ex3.CounterModuloTest" time="0.008"/>
  <testcase name="MultiThreaded only initializes value once[Iterations: 6,579]" classname="serie2.ex3.CounterModuloTest" time="0.009"/>
  <testcase name="MultiThreaded only initializes value once[Iterations: 6,580]" classname="serie2.ex3.CounterModuloTest" time="0.008"/>
  <testcase name="MultiThreaded only initializes value once[Iterations: 6,581]" classname="serie2.ex3.CounterModuloTest" time="0.009"/>
  <testcase name="MultiThreaded only initializes value once[Iterations: 6,582]" classname="serie2.ex3.CounterModuloTest" time="0.009"/>
  <testcase name="MultiThreaded only initializes value once[Iterations: 6,583]" classname="serie2.ex3.CounterModuloTest" time="0.008"/>
  <testcase name="MultiThreaded only initializes value once[Iterations: 6,584]" classname="serie2.ex3.CounterModuloTest" time="0.008"/>
  <testcase name="MultiThreaded only initializes value once[Iterations: 6,585]" classname="serie2.ex3.CounterModuloTest" time="0.008"/>
  <testcase name="MultiThreaded only initializes value once[Iterations: 6,586]" classname="serie2.ex3.CounterModuloTest" time="0.008"/>
  <testcase name="MultiThreaded only initializes value once[Iterations: 6,587]" classname="serie2.ex3.CounterModuloTest" time="0.009"/>
  <testcase name="MultiThreaded only initializes value once[Iterations: 6,588]" classname="serie2.ex3.CounterModuloTest" time="0.008"/>
  <testcase name="MultiThreaded only initializes value once[Iterations: 6,589]" classname="serie2.ex3.CounterModuloTest" time="0.008"/>
  <testcase name="MultiThreaded only initializes value once[Iterations: 6,590]" classname="serie2.ex3.CounterModuloTest" time="0.008"/>
  <testcase name="MultiThreaded only initializes value once[Iterations: 6,591]" classname="serie2.ex3.CounterModuloTest" time="0.009"/>
  <testcase name="MultiThreaded only initializes value once[Iterations: 6,592]" classname="serie2.ex3.CounterModuloTest" time="0.009"/>
  <testcase name="MultiThreaded only initializes value once[Iterations: 6,593]" classname="serie2.ex3.CounterModuloTest" time="0.009"/>
  <testcase name="MultiThreaded only initializes value once[Iterations: 6,594]" classname="serie2.ex3.CounterModuloTest" time="0.008"/>
  <testcase name="MultiThreaded only initializes value once[Iterations: 6,595]" classname="serie2.ex3.CounterModuloTest" time="0.009"/>
  <testcase name="MultiThreaded only initializes value once[Iterations: 6,596]" classname="serie2.ex3.CounterModuloTest" time="0.009"/>
  <testcase name="MultiThreaded only initializes value once[Iterations: 6,597]" classname="serie2.ex3.CounterModuloTest" time="0.007"/>
  <testcase name="MultiThreaded only initializes value once[Iterations: 6,598]" classname="serie2.ex3.CounterModuloTest" time="0.009"/>
  <testcase name="MultiThreaded only initializes value once[Iterations: 6,599]" classname="serie2.ex3.CounterModuloTest" time="0.008"/>
  <testcase name="MultiThreaded only initializes value once[Iterations: 6,600]" classname="serie2.ex3.CounterModuloTest" time="0.009"/>
  <testcase name="MultiThreaded only initializes value once[Iterations: 6,601]" classname="serie2.ex3.CounterModuloTest" time="0.008"/>
  <testcase name="MultiThreaded only initializes value once[Iterations: 6,602]" classname="serie2.ex3.CounterModuloTest" time="0.01"/>
  <testcase name="MultiThreaded only initializes value once[Iterations: 6,603]" classname="serie2.ex3.CounterModuloTest" time="0.009"/>
  <testcase name="MultiThreaded only initializes value once[Iterations: 6,604]" classname="serie2.ex3.CounterModuloTest" time="0.009"/>
  <testcase name="MultiThreaded only initializes value once[Iterations: 6,605]" classname="serie2.ex3.CounterModuloTest" time="0.009"/>
  <testcase name="MultiThreaded only initializes value once[Iterations: 6,606]" classname="serie2.ex3.CounterModuloTest" time="0.009"/>
  <testcase name="MultiThreaded only initializes value once[Iterations: 6,607]" classname="serie2.ex3.CounterModuloTest" time="0.008"/>
  <testcase name="MultiThreaded only initializes value once[Iterations: 6,608]" classname="serie2.ex3.CounterModuloTest" time="0.009"/>
  <testcase name="MultiThreaded only initializes value once[Iterations: 6,609]" classname="serie2.ex3.CounterModuloTest" time="0.008"/>
  <testcase name="MultiThreaded only initializes value once[Iterations: 6,610]" classname="serie2.ex3.CounterModuloTest" time="0.009"/>
  <testcase name="MultiThreaded only initializes value once[Iterations: 6,611]" classname="serie2.ex3.CounterModuloTest" time="0.009"/>
  <testcase name="MultiThreaded only initializes value once[Iterations: 6,612]" classname="serie2.ex3.CounterModuloTest" time="0.008"/>
  <testcase name="MultiThreaded only initializes value once[Iterations: 6,613]" classname="serie2.ex3.CounterModuloTest" time="0.009"/>
  <testcase name="MultiThreaded only initializes value once[Iterations: 6,614]" classname="serie2.ex3.CounterModuloTest" time="0.009"/>
  <testcase name="MultiThreaded only initializes value once[Iterations: 6,615]" classname="serie2.ex3.CounterModuloTest" time="0.009"/>
  <testcase name="MultiThreaded only initializes value once[Iterations: 6,616]" classname="serie2.ex3.CounterModuloTest" time="0.01"/>
  <testcase name="MultiThreaded only initializes value once[Iterations: 6,617]" classname="serie2.ex3.CounterModuloTest" time="0.008"/>
  <testcase name="MultiThreaded only initializes value once[Iterations: 6,618]" classname="serie2.ex3.CounterModuloTest" time="0.009"/>
  <testcase name="MultiThreaded only initializes value once[Iterations: 6,619]" classname="serie2.ex3.CounterModuloTest" time="0.009"/>
  <testcase name="MultiThreaded only initializes value once[Iterations: 6,620]" classname="serie2.ex3.CounterModuloTest" time="0.008"/>
  <testcase name="MultiThreaded only initializes value once[Iterations: 6,621]" classname="serie2.ex3.CounterModuloTest" time="0.009"/>
  <testcase name="MultiThreaded only initializes value once[Iterations: 6,622]" classname="serie2.ex3.CounterModuloTest" time="0.009"/>
  <testcase name="MultiThreaded only initializes value once[Iterations: 6,623]" classname="serie2.ex3.CounterModuloTest" time="0.008"/>
  <testcase name="MultiThreaded only initializes value once[Iterations: 6,624]" classname="serie2.ex3.CounterModuloTest" time="0.009"/>
  <testcase name="MultiThreaded only initializes value once[Iterations: 6,625]" classname="serie2.ex3.CounterModuloTest" time="0.009"/>
  <testcase name="MultiThreaded only initializes value once[Iterations: 6,626]" classname="serie2.ex3.CounterModuloTest" time="0.008"/>
  <testcase name="MultiThreaded only initializes value once[Iterations: 6,627]" classname="serie2.ex3.CounterModuloTest" time="0.008"/>
  <testcase name="MultiThreaded only initializes value once[Iterations: 6,628]" classname="serie2.ex3.CounterModuloTest" time="0.01"/>
  <testcase name="MultiThreaded only initializes value once[Iterations: 6,629]" classname="serie2.ex3.CounterModuloTest" time="0.008"/>
  <testcase name="MultiThreaded only initializes value once[Iterations: 6,630]" classname="serie2.ex3.CounterModuloTest" time="0.008"/>
  <testcase name="MultiThreaded only initializes value once[Iterations: 6,631]" classname="serie2.ex3.CounterModuloTest" time="0.009"/>
  <testcase name="MultiThreaded only initializes value once[Iterations: 6,632]" classname="serie2.ex3.CounterModuloTest" time="0.008"/>
  <testcase name="MultiThreaded only initializes value once[Iterations: 6,633]" classname="serie2.ex3.CounterModuloTest" time="0.009"/>
  <testcase name="MultiThreaded only initializes value once[Iterations: 6,634]" classname="serie2.ex3.CounterModuloTest" time="0.008"/>
  <testcase name="MultiThreaded only initializes value once[Iterations: 6,635]" classname="serie2.ex3.CounterModuloTest" time="0.01"/>
  <testcase name="MultiThreaded only initializes value once[Iterations: 6,636]" classname="serie2.ex3.CounterModuloTest" time="0.008"/>
  <testcase name="MultiThreaded only initializes value once[Iterations: 6,637]" classname="serie2.ex3.CounterModuloTest" time="0.009"/>
  <testcase name="MultiThreaded only initializes value once[Iterations: 6,638]" classname="serie2.ex3.CounterModuloTest" time="0.008"/>
  <testcase name="MultiThreaded only initializes value once[Iterations: 6,639]" classname="serie2.ex3.CounterModuloTest" time="0.009"/>
  <testcase name="MultiThreaded only initializes value once[Iterations: 6,640]" classname="serie2.ex3.CounterModuloTest" time="0.008"/>
  <testcase name="MultiThreaded only initializes value once[Iterations: 6,641]" classname="serie2.ex3.CounterModuloTest" time="0.009"/>
  <testcase name="MultiThreaded only initializes value once[Iterations: 6,642]" classname="serie2.ex3.CounterModuloTest" time="0.009"/>
  <testcase name="MultiThreaded only initializes value once[Iterations: 6,643]" classname="serie2.ex3.CounterModuloTest" time="0.009"/>
  <testcase name="MultiThreaded only initializes value once[Iterations: 6,644]" classname="serie2.ex3.CounterModuloTest" time="0.009"/>
  <testcase name="MultiThreaded only initializes value once[Iterations: 6,645]" classname="serie2.ex3.CounterModuloTest" time="0.009"/>
  <testcase name="MultiThreaded only initializes value once[Iterations: 6,646]" classname="serie2.ex3.CounterModuloTest" time="0.009"/>
  <testcase name="MultiThreaded only initializes value once[Iterations: 6,647]" classname="serie2.ex3.CounterModuloTest" time="0.008"/>
  <testcase name="MultiThreaded only initializes value once[Iterations: 6,648]" classname="serie2.ex3.CounterModuloTest" time="0.008"/>
  <testcase name="MultiThreaded only initializes value once[Iterations: 6,649]" classname="serie2.ex3.CounterModuloTest" time="0.008"/>
  <testcase name="MultiThreaded only initializes value once[Iterations: 6,650]" classname="serie2.ex3.CounterModuloTest" time="0.009"/>
  <testcase name="MultiThreaded only initializes value once[Iterations: 6,651]" classname="serie2.ex3.CounterModuloTest" time="0.009"/>
  <testcase name="MultiThreaded only initializes value once[Iterations: 6,652]" classname="serie2.ex3.CounterModuloTest" time="0.008"/>
  <testcase name="MultiThreaded only initializes value once[Iterations: 6,653]" classname="serie2.ex3.CounterModuloTest" time="0.007"/>
  <testcase name="MultiThreaded only initializes value once[Iterations: 6,654]" classname="serie2.ex3.CounterModuloTest" time="0.009"/>
  <testcase name="MultiThreaded only initializes value once[Iterations: 6,655]" classname="serie2.ex3.CounterModuloTest" time="0.009"/>
  <testcase name="MultiThreaded only initializes value once[Iterations: 6,656]" classname="serie2.ex3.CounterModuloTest" time="0.009"/>
  <testcase name="MultiThreaded only initializes value once[Iterations: 6,657]" classname="serie2.ex3.CounterModuloTest" time="0.008"/>
  <testcase name="MultiThreaded only initializes value once[Iterations: 6,658]" classname="serie2.ex3.CounterModuloTest" time="0.008"/>
  <testcase name="MultiThreaded only initializes value once[Iterations: 6,659]" classname="serie2.ex3.CounterModuloTest" time="0.009"/>
  <testcase name="MultiThreaded only initializes value once[Iterations: 6,660]" classname="serie2.ex3.CounterModuloTest" time="0.009"/>
  <testcase name="MultiThreaded only initializes value once[Iterations: 6,661]" classname="serie2.ex3.CounterModuloTest" time="0.008"/>
  <testcase name="MultiThreaded only initializes value once[Iterations: 6,662]" classname="serie2.ex3.CounterModuloTest" time="0.009"/>
  <testcase name="MultiThreaded only initializes value once[Iterations: 6,663]" classname="serie2.ex3.CounterModuloTest" time="0.01"/>
  <testcase name="MultiThreaded only initializes value once[Iterations: 6,664]" classname="serie2.ex3.CounterModuloTest" time="0.009"/>
  <testcase name="MultiThreaded only initializes value once[Iterations: 6,665]" classname="serie2.ex3.CounterModuloTest" time="0.009"/>
  <testcase name="MultiThreaded only initializes value once[Iterations: 6,666]" classname="serie2.ex3.CounterModuloTest" time="0.008"/>
  <testcase name="MultiThreaded only initializes value once[Iterations: 6,667]" classname="serie2.ex3.CounterModuloTest" time="0.009"/>
  <testcase name="MultiThreaded only initializes value once[Iterations: 6,668]" classname="serie2.ex3.CounterModuloTest" time="0.009"/>
  <testcase name="MultiThreaded only initializes value once[Iterations: 6,669]" classname="serie2.ex3.CounterModuloTest" time="0.009"/>
  <testcase name="MultiThreaded only initializes value once[Iterations: 6,670]" classname="serie2.ex3.CounterModuloTest" time="0.009"/>
  <testcase name="MultiThreaded only initializes value once[Iterations: 6,671]" classname="serie2.ex3.CounterModuloTest" time="0.009"/>
  <testcase name="MultiThreaded only initializes value once[Iterations: 6,672]" classname="serie2.ex3.CounterModuloTest" time="0.01"/>
  <testcase name="MultiThreaded only initializes value once[Iterations: 6,673]" classname="serie2.ex3.CounterModuloTest" time="0.008"/>
  <testcase name="MultiThreaded only initializes value once[Iterations: 6,674]" classname="serie2.ex3.CounterModuloTest" time="0.008"/>
  <testcase name="MultiThreaded only initializes value once[Iterations: 6,675]" classname="serie2.ex3.CounterModuloTest" time="0.009"/>
  <testcase name="MultiThreaded only initializes value once[Iterations: 6,676]" classname="serie2.ex3.CounterModuloTest" time="0.009"/>
  <testcase name="MultiThreaded only initializes value once[Iterations: 6,677]" classname="serie2.ex3.CounterModuloTest" time="0.009"/>
  <testcase name="MultiThreaded only initializes value once[Iterations: 6,678]" classname="serie2.ex3.CounterModuloTest" time="0.008"/>
  <testcase name="MultiThreaded only initializes value once[Iterations: 6,679]" classname="serie2.ex3.CounterModuloTest" time="0.009"/>
  <testcase name="MultiThreaded only initializes value once[Iterations: 6,680]" classname="serie2.ex3.CounterModuloTest" time="0.007"/>
  <testcase name="MultiThreaded only initializes value once[Iterations: 6,681]" classname="serie2.ex3.CounterModuloTest" time="0.009"/>
  <testcase name="MultiThreaded only initializes value once[Iterations: 6,682]" classname="serie2.ex3.CounterModuloTest" time="0.008"/>
  <testcase name="MultiThreaded only initializes value once[Iterations: 6,683]" classname="serie2.ex3.CounterModuloTest" time="0.009"/>
  <testcase name="MultiThreaded only initializes value once[Iterations: 6,684]" classname="serie2.ex3.CounterModuloTest" time="0.009"/>
  <testcase name="MultiThreaded only initializes value once[Iterations: 6,685]" classname="serie2.ex3.CounterModuloTest" time="0.009"/>
  <testcase name="MultiThreaded only initializes value once[Iterations: 6,686]" classname="serie2.ex3.CounterModuloTest" time="0.01"/>
  <testcase name="MultiThreaded only initializes value once[Iterations: 6,687]" classname="serie2.ex3.CounterModuloTest" time="0.01"/>
  <testcase name="MultiThreaded only initializes value once[Iterations: 6,688]" classname="serie2.ex3.CounterModuloTest" time="0.008"/>
  <testcase name="MultiThreaded only initializes value once[Iterations: 6,689]" classname="serie2.ex3.CounterModuloTest" time="0.008"/>
  <testcase name="MultiThreaded only initializes value once[Iterations: 6,690]" classname="serie2.ex3.CounterModuloTest" time="0.009"/>
  <testcase name="MultiThreaded only initializes value once[Iterations: 6,691]" classname="serie2.ex3.CounterModuloTest" time="0.008"/>
  <testcase name="MultiThreaded only initializes value once[Iterations: 6,692]" classname="serie2.ex3.CounterModuloTest" time="0.009"/>
  <testcase name="MultiThreaded only initializes value once[Iterations: 6,693]" classname="serie2.ex3.CounterModuloTest" time="0.008"/>
  <testcase name="MultiThreaded only initializes value once[Iterations: 6,694]" classname="serie2.ex3.CounterModuloTest" time="0.009"/>
  <testcase name="MultiThreaded only initializes value once[Iterations: 6,695]" classname="serie2.ex3.CounterModuloTest" time="0.009"/>
  <testcase name="MultiThreaded only initializes value once[Iterations: 6,696]" classname="serie2.ex3.CounterModuloTest" time="0.008"/>
  <testcase name="MultiThreaded only initializes value once[Iterations: 6,697]" classname="serie2.ex3.CounterModuloTest" time="0.009"/>
  <testcase name="MultiThreaded only initializes value once[Iterations: 6,698]" classname="serie2.ex3.CounterModuloTest" time="0.008"/>
  <testcase name="MultiThreaded only initializes value once[Iterations: 6,699]" classname="serie2.ex3.CounterModuloTest" time="0.009"/>
  <testcase name="MultiThreaded only initializes value once[Iterations: 6,700]" classname="serie2.ex3.CounterModuloTest" time="0.009"/>
  <testcase name="MultiThreaded only initializes value once[Iterations: 6,701]" classname="serie2.ex3.CounterModuloTest" time="0.008"/>
  <testcase name="MultiThreaded only initializes value once[Iterations: 6,702]" classname="serie2.ex3.CounterModuloTest" time="0.009"/>
  <testcase name="MultiThreaded only initializes value once[Iterations: 6,703]" classname="serie2.ex3.CounterModuloTest" time="0.008"/>
  <testcase name="MultiThreaded only initializes value once[Iterations: 6,704]" classname="serie2.ex3.CounterModuloTest" time="0.009"/>
  <testcase name="MultiThreaded only initializes value once[Iterations: 6,705]" classname="serie2.ex3.CounterModuloTest" time="0.009"/>
  <testcase name="MultiThreaded only initializes value once[Iterations: 6,706]" classname="serie2.ex3.CounterModuloTest" time="0.009"/>
  <testcase name="MultiThreaded only initializes value once[Iterations: 6,707]" classname="serie2.ex3.CounterModuloTest" time="0.009"/>
  <testcase name="MultiThreaded only initializes value once[Iterations: 6,708]" classname="serie2.ex3.CounterModuloTest" time="0.009"/>
  <testcase name="MultiThreaded only initializes value once[Iterations: 6,709]" classname="serie2.ex3.CounterModuloTest" time="0.009"/>
  <testcase name="MultiThreaded only initializes value once[Iterations: 6,710]" classname="serie2.ex3.CounterModuloTest" time="0.009"/>
  <testcase name="MultiThreaded only initializes value once[Iterations: 6,711]" classname="serie2.ex3.CounterModuloTest" time="0.009"/>
  <testcase name="MultiThreaded only initializes value once[Iterations: 6,712]" classname="serie2.ex3.CounterModuloTest" time="0.008"/>
  <testcase name="MultiThreaded only initializes value once[Iterations: 6,713]" classname="serie2.ex3.CounterModuloTest" time="0.009"/>
  <testcase name="MultiThreaded only initializes value once[Iterations: 6,714]" classname="serie2.ex3.CounterModuloTest" time="0.009"/>
  <testcase name="MultiThreaded only initializes value once[Iterations: 6,715]" classname="serie2.ex3.CounterModuloTest" time="0.01"/>
  <testcase name="MultiThreaded only initializes value once[Iterations: 6,716]" classname="serie2.ex3.CounterModuloTest" time="0.009"/>
  <testcase name="MultiThreaded only initializes value once[Iterations: 6,717]" classname="serie2.ex3.CounterModuloTest" time="0.009"/>
  <testcase name="MultiThreaded only initializes value once[Iterations: 6,718]" classname="serie2.ex3.CounterModuloTest" time="0.009"/>
  <testcase name="MultiThreaded only initializes value once[Iterations: 6,719]" classname="serie2.ex3.CounterModuloTest" time="0.008"/>
  <testcase name="MultiThreaded only initializes value once[Iterations: 6,720]" classname="serie2.ex3.CounterModuloTest" time="0.012"/>
  <testcase name="MultiThreaded only initializes value once[Iterations: 6,721]" classname="serie2.ex3.CounterModuloTest" time="0.007"/>
  <testcase name="MultiThreaded only initializes value once[Iterations: 6,722]" classname="serie2.ex3.CounterModuloTest" time="0.009"/>
  <testcase name="MultiThreaded only initializes value once[Iterations: 6,723]" classname="serie2.ex3.CounterModuloTest" time="0.009"/>
  <testcase name="MultiThreaded only initializes value once[Iterations: 6,724]" classname="serie2.ex3.CounterModuloTest" time="0.009"/>
  <testcase name="MultiThreaded only initializes value once[Iterations: 6,725]" classname="serie2.ex3.CounterModuloTest" time="0.01"/>
  <testcase name="MultiThreaded only initializes value once[Iterations: 6,726]" classname="serie2.ex3.CounterModuloTest" time="0.008"/>
  <testcase name="MultiThreaded only initializes value once[Iterations: 6,727]" classname="serie2.ex3.CounterModuloTest" time="0.009"/>
  <testcase name="MultiThreaded only initializes value once[Iterations: 6,728]" classname="serie2.ex3.CounterModuloTest" time="0.009"/>
  <testcase name="MultiThreaded only initializes value once[Iterations: 6,729]" classname="serie2.ex3.CounterModuloTest" time="0.009"/>
  <testcase name="MultiThreaded only initializes value once[Iterations: 6,730]" classname="serie2.ex3.CounterModuloTest" time="0.008"/>
  <testcase name="MultiThreaded only initializes value once[Iterations: 6,731]" classname="serie2.ex3.CounterModuloTest" time="0.01"/>
  <testcase name="MultiThreaded only initializes value once[Iterations: 6,732]" classname="serie2.ex3.CounterModuloTest" time="0.009"/>
  <testcase name="MultiThreaded only initializes value once[Iterations: 6,733]" classname="serie2.ex3.CounterModuloTest" time="0.009"/>
  <testcase name="MultiThreaded only initializes value once[Iterations: 6,734]" classname="serie2.ex3.CounterModuloTest" time="0.009"/>
  <testcase name="MultiThreaded only initializes value once[Iterations: 6,735]" classname="serie2.ex3.CounterModuloTest" time="0.008"/>
  <testcase name="MultiThreaded only initializes value once[Iterations: 6,736]" classname="serie2.ex3.CounterModuloTest" time="0.009"/>
  <testcase name="MultiThreaded only initializes value once[Iterations: 6,737]" classname="serie2.ex3.CounterModuloTest" time="0.009"/>
  <testcase name="MultiThreaded only initializes value once[Iterations: 6,738]" classname="serie2.ex3.CounterModuloTest" time="0.008"/>
  <testcase name="MultiThreaded only initializes value once[Iterations: 6,739]" classname="serie2.ex3.CounterModuloTest" time="0.01"/>
  <testcase name="MultiThreaded only initializes value once[Iterations: 6,740]" classname="serie2.ex3.CounterModuloTest" time="0.009"/>
  <testcase name="MultiThreaded only initializes value once[Iterations: 6,741]" classname="serie2.ex3.CounterModuloTest" time="0.008"/>
  <testcase name="MultiThreaded only initializes value once[Iterations: 6,742]" classname="serie2.ex3.CounterModuloTest" time="0.009"/>
  <testcase name="MultiThreaded only initializes value once[Iterations: 6,743]" classname="serie2.ex3.CounterModuloTest" time="0.008"/>
  <testcase name="MultiThreaded only initializes value once[Iterations: 6,744]" classname="serie2.ex3.CounterModuloTest" time="0.009"/>
  <testcase name="MultiThreaded only initializes value once[Iterations: 6,745]" classname="serie2.ex3.CounterModuloTest" time="0.008"/>
  <testcase name="MultiThreaded only initializes value once[Iterations: 6,746]" classname="serie2.ex3.CounterModuloTest" time="0.009"/>
  <testcase name="MultiThreaded only initializes value once[Iterations: 6,747]" classname="serie2.ex3.CounterModuloTest" time="0.01"/>
  <testcase name="MultiThreaded only initializes value once[Iterations: 6,748]" classname="serie2.ex3.CounterModuloTest" time="0.009"/>
  <testcase name="MultiThreaded only initializes value once[Iterations: 6,749]" classname="serie2.ex3.CounterModuloTest" time="0.009"/>
  <testcase name="MultiThreaded only initializes value once[Iterations: 6,750]" classname="serie2.ex3.CounterModuloTest" time="0.012"/>
  <testcase name="MultiThreaded only initializes value once[Iterations: 6,751]" classname="serie2.ex3.CounterModuloTest" time="0.009"/>
  <testcase name="MultiThreaded only initializes value once[Iterations: 6,752]" classname="serie2.ex3.CounterModuloTest" time="0.009"/>
  <testcase name="MultiThreaded only initializes value once[Iterations: 6,753]" classname="serie2.ex3.CounterModuloTest" time="0.009"/>
  <testcase name="MultiThreaded only initializes value once[Iterations: 6,754]" classname="serie2.ex3.CounterModuloTest" time="0.009"/>
  <testcase name="MultiThreaded only initializes value once[Iterations: 6,755]" classname="serie2.ex3.CounterModuloTest" time="0.009"/>
  <testcase name="MultiThreaded only initializes value once[Iterations: 6,756]" classname="serie2.ex3.CounterModuloTest" time="0.009"/>
  <testcase name="MultiThreaded only initializes value once[Iterations: 6,757]" classname="serie2.ex3.CounterModuloTest" time="0.009"/>
  <testcase name="MultiThreaded only initializes value once[Iterations: 6,758]" classname="serie2.ex3.CounterModuloTest" time="0.01"/>
  <testcase name="MultiThreaded only initializes value once[Iterations: 6,759]" classname="serie2.ex3.CounterModuloTest" time="0.01"/>
  <testcase name="MultiThreaded only initializes value once[Iterations: 6,760]" classname="serie2.ex3.CounterModuloTest" time="0.008"/>
  <testcase name="MultiThreaded only initializes value once[Iterations: 6,761]" classname="serie2.ex3.CounterModuloTest" time="0.009"/>
  <testcase name="MultiThreaded only initializes value once[Iterations: 6,762]" classname="serie2.ex3.CounterModuloTest" time="0.01"/>
  <testcase name="MultiThreaded only initializes value once[Iterations: 6,763]" classname="serie2.ex3.CounterModuloTest" time="0.008"/>
  <testcase name="MultiThreaded only initializes value once[Iterations: 6,764]" classname="serie2.ex3.CounterModuloTest" time="0.009"/>
  <testcase name="MultiThreaded only initializes value once[Iterations: 6,765]" classname="serie2.ex3.CounterModuloTest" time="0.01"/>
  <testcase name="MultiThreaded only initializes value once[Iterations: 6,766]" classname="serie2.ex3.CounterModuloTest" time="0.008"/>
  <testcase name="MultiThreaded only initializes value once[Iterations: 6,767]" classname="serie2.ex3.CounterModuloTest" time="0.009"/>
  <testcase name="MultiThreaded only initializes value once[Iterations: 6,768]" classname="serie2.ex3.CounterModuloTest" time="0.009"/>
  <testcase name="MultiThreaded only initializes value once[Iterations: 6,769]" classname="serie2.ex3.CounterModuloTest" time="0.009"/>
  <testcase name="MultiThreaded only initializes value once[Iterations: 6,770]" classname="serie2.ex3.CounterModuloTest" time="0.009"/>
  <testcase name="MultiThreaded only initializes value once[Iterations: 6,771]" classname="serie2.ex3.CounterModuloTest" time="0.009"/>
  <testcase name="MultiThreaded only initializes value once[Iterations: 6,772]" classname="serie2.ex3.CounterModuloTest" time="0.009"/>
  <testcase name="MultiThreaded only initializes value once[Iterations: 6,773]" classname="serie2.ex3.CounterModuloTest" time="0.008"/>
  <testcase name="MultiThreaded only initializes value once[Iterations: 6,774]" classname="serie2.ex3.CounterModuloTest" time="0.009"/>
  <testcase name="MultiThreaded only initializes value once[Iterations: 6,775]" classname="serie2.ex3.CounterModuloTest" time="0.009"/>
  <testcase name="MultiThreaded only initializes value once[Iterations: 6,776]" classname="serie2.ex3.CounterModuloTest" time="0.009"/>
  <testcase name="MultiThreaded only initializes value once[Iterations: 6,777]" classname="serie2.ex3.CounterModuloTest" time="0.008"/>
  <testcase name="MultiThreaded only initializes value once[Iterations: 6,778]" classname="serie2.ex3.CounterModuloTest" time="0.009"/>
  <testcase name="MultiThreaded only initializes value once[Iterations: 6,779]" classname="serie2.ex3.CounterModuloTest" time="0.009"/>
  <testcase name="MultiThreaded only initializes value once[Iterations: 6,780]" classname="serie2.ex3.CounterModuloTest" time="0.009"/>
  <testcase name="MultiThreaded only initializes value once[Iterations: 6,781]" classname="serie2.ex3.CounterModuloTest" time="0.009"/>
  <testcase name="MultiThreaded only initializes value once[Iterations: 6,782]" classname="serie2.ex3.CounterModuloTest" time="0.009"/>
  <testcase name="MultiThreaded only initializes value once[Iterations: 6,783]" classname="serie2.ex3.CounterModuloTest" time="0.012"/>
  <testcase name="MultiThreaded only initializes value once[Iterations: 6,784]" classname="serie2.ex3.CounterModuloTest" time="0.009"/>
  <testcase name="MultiThreaded only initializes value once[Iterations: 6,785]" classname="serie2.ex3.CounterModuloTest" time="0.01"/>
  <testcase name="MultiThreaded only initializes value once[Iterations: 6,786]" classname="serie2.ex3.CounterModuloTest" time="0.009"/>
  <testcase name="MultiThreaded only initializes value once[Iterations: 6,787]" classname="serie2.ex3.CounterModuloTest" time="0.01"/>
  <testcase name="MultiThreaded only initializes value once[Iterations: 6,788]" classname="serie2.ex3.CounterModuloTest" time="0.009"/>
  <testcase name="MultiThreaded only initializes value once[Iterations: 6,789]" classname="serie2.ex3.CounterModuloTest" time="0.008"/>
  <testcase name="MultiThreaded only initializes value once[Iterations: 6,790]" classname="serie2.ex3.CounterModuloTest" time="0.009"/>
  <testcase name="MultiThreaded only initializes value once[Iterations: 6,791]" classname="serie2.ex3.CounterModuloTest" time="0.008"/>
  <testcase name="MultiThreaded only initializes value once[Iterations: 6,792]" classname="serie2.ex3.CounterModuloTest" time="0.009"/>
  <testcase name="MultiThreaded only initializes value once[Iterations: 6,793]" classname="serie2.ex3.CounterModuloTest" time="0.009"/>
  <testcase name="MultiThreaded only initializes value once[Iterations: 6,794]" classname="serie2.ex3.CounterModuloTest" time="0.009"/>
  <testcase name="MultiThreaded only initializes value once[Iterations: 6,795]" classname="serie2.ex3.CounterModuloTest" time="0.009"/>
  <testcase name="MultiThreaded only initializes value once[Iterations: 6,796]" classname="serie2.ex3.CounterModuloTest" time="0.009"/>
  <testcase name="MultiThreaded only initializes value once[Iterations: 6,797]" classname="serie2.ex3.CounterModuloTest" time="0.008"/>
  <testcase name="MultiThreaded only initializes value once[Iterations: 6,798]" classname="serie2.ex3.CounterModuloTest" time="0.009"/>
  <testcase name="MultiThreaded only initializes value once[Iterations: 6,799]" classname="serie2.ex3.CounterModuloTest" time="0.008"/>
  <testcase name="MultiThreaded only initializes value once[Iterations: 6,800]" classname="serie2.ex3.CounterModuloTest" time="0.009"/>
  <testcase name="MultiThreaded only initializes value once[Iterations: 6,801]" classname="serie2.ex3.CounterModuloTest" time="0.009"/>
  <testcase name="MultiThreaded only initializes value once[Iterations: 6,802]" classname="serie2.ex3.CounterModuloTest" time="0.01"/>
  <testcase name="MultiThreaded only initializes value once[Iterations: 6,803]" classname="serie2.ex3.CounterModuloTest" time="0.01"/>
  <testcase name="MultiThreaded only initializes value once[Iterations: 6,804]" classname="serie2.ex3.CounterModuloTest" time="0.009"/>
  <testcase name="MultiThreaded only initializes value once[Iterations: 6,805]" classname="serie2.ex3.CounterModuloTest" time="0.009"/>
  <testcase name="MultiThreaded only initializes value once[Iterations: 6,806]" classname="serie2.ex3.CounterModuloTest" time="0.011"/>
  <testcase name="MultiThreaded only initializes value once[Iterations: 6,807]" classname="serie2.ex3.CounterModuloTest" time="0.01"/>
  <testcase name="MultiThreaded only initializes value once[Iterations: 6,808]" classname="serie2.ex3.CounterModuloTest" time="0.007"/>
  <testcase name="MultiThreaded only initializes value once[Iterations: 6,809]" classname="serie2.ex3.CounterModuloTest" time="0.01"/>
  <testcase name="MultiThreaded only initializes value once[Iterations: 6,810]" classname="serie2.ex3.CounterModuloTest" time="0.01"/>
  <testcase name="MultiThreaded only initializes value once[Iterations: 6,811]" classname="serie2.ex3.CounterModuloTest" time="0.009"/>
  <testcase name="MultiThreaded only initializes value once[Iterations: 6,812]" classname="serie2.ex3.CounterModuloTest" time="0.01"/>
  <testcase name="MultiThreaded only initializes value once[Iterations: 6,813]" classname="serie2.ex3.CounterModuloTest" time="0.008"/>
  <testcase name="MultiThreaded only initializes value once[Iterations: 6,814]" classname="serie2.ex3.CounterModuloTest" time="0.008"/>
  <testcase name="MultiThreaded only initializes value once[Iterations: 6,815]" classname="serie2.ex3.CounterModuloTest" time="0.009"/>
  <testcase name="MultiThreaded only initializes value once[Iterations: 6,816]" classname="serie2.ex3.CounterModuloTest" time="0.01"/>
  <testcase name="MultiThreaded only initializes value once[Iterations: 6,817]" classname="serie2.ex3.CounterModuloTest" time="0.009"/>
  <testcase name="MultiThreaded only initializes value once[Iterations: 6,818]" classname="serie2.ex3.CounterModuloTest" time="0.01"/>
  <testcase name="MultiThreaded only initializes value once[Iterations: 6,819]" classname="serie2.ex3.CounterModuloTest" time="0.01"/>
  <testcase name="MultiThreaded only initializes value once[Iterations: 6,820]" classname="serie2.ex3.CounterModuloTest" time="0.011"/>
  <testcase name="MultiThreaded only initializes value once[Iterations: 6,821]" classname="serie2.ex3.CounterModuloTest" time="0.009"/>
  <testcase name="MultiThreaded only initializes value once[Iterations: 6,822]" classname="serie2.ex3.CounterModuloTest" time="0.009"/>
  <testcase name="MultiThreaded only initializes value once[Iterations: 6,823]" classname="serie2.ex3.CounterModuloTest" time="0.009"/>
  <testcase name="MultiThreaded only initializes value once[Iterations: 6,824]" classname="serie2.ex3.CounterModuloTest" time="0.009"/>
  <testcase name="MultiThreaded only initializes value once[Iterations: 6,825]" classname="serie2.ex3.CounterModuloTest" time="0.01"/>
  <testcase name="MultiThreaded only initializes value once[Iterations: 6,826]" classname="serie2.ex3.CounterModuloTest" time="0.009"/>
  <testcase name="MultiThreaded only initializes value once[Iterations: 6,827]" classname="serie2.ex3.CounterModuloTest" time="0.009"/>
  <testcase name="MultiThreaded only initializes value once[Iterations: 6,828]" classname="serie2.ex3.CounterModuloTest" time="0.009"/>
  <testcase name="MultiThreaded only initializes value once[Iterations: 6,829]" classname="serie2.ex3.CounterModuloTest" time="0.008"/>
  <testcase name="MultiThreaded only initializes value once[Iterations: 6,830]" classname="serie2.ex3.CounterModuloTest" time="0.009"/>
  <testcase name="MultiThreaded only initializes value once[Iterations: 6,831]" classname="serie2.ex3.CounterModuloTest" time="0.01"/>
  <testcase name="MultiThreaded only initializes value once[Iterations: 6,832]" classname="serie2.ex3.CounterModuloTest" time="0.009"/>
  <testcase name="MultiThreaded only initializes value once[Iterations: 6,833]" classname="serie2.ex3.CounterModuloTest" time="0.01"/>
  <testcase name="MultiThreaded only initializes value once[Iterations: 6,834]" classname="serie2.ex3.CounterModuloTest" time="0.009"/>
  <testcase name="MultiThreaded only initializes value once[Iterations: 6,835]" classname="serie2.ex3.CounterModuloTest" time="0.009"/>
  <testcase name="MultiThreaded only initializes value once[Iterations: 6,836]" classname="serie2.ex3.CounterModuloTest" time="0.01"/>
  <testcase name="MultiThreaded only initializes value once[Iterations: 6,837]" classname="serie2.ex3.CounterModuloTest" time="0.01"/>
  <testcase name="MultiThreaded only initializes value once[Iterations: 6,838]" classname="serie2.ex3.CounterModuloTest" time="0.012"/>
  <testcase name="MultiThreaded only initializes value once[Iterations: 6,839]" classname="serie2.ex3.CounterModuloTest" time="0.011"/>
  <testcase name="MultiThreaded only initializes value once[Iterations: 6,840]" classname="serie2.ex3.CounterModuloTest" time="0.013"/>
  <testcase name="MultiThreaded only initializes value once[Iterations: 6,841]" classname="serie2.ex3.CounterModuloTest" time="0.01"/>
  <testcase name="MultiThreaded only initializes value once[Iterations: 6,842]" classname="serie2.ex3.CounterModuloTest" time="0.01"/>
  <testcase name="MultiThreaded only initializes value once[Iterations: 6,843]" classname="serie2.ex3.CounterModuloTest" time="0.009"/>
  <testcase name="MultiThreaded only initializes value once[Iterations: 6,844]" classname="serie2.ex3.CounterModuloTest" time="0.009"/>
  <testcase name="MultiThreaded only initializes value once[Iterations: 6,845]" classname="serie2.ex3.CounterModuloTest" time="0.009"/>
  <testcase name="MultiThreaded only initializes value once[Iterations: 6,846]" classname="serie2.ex3.CounterModuloTest" time="0.01"/>
  <testcase name="MultiThreaded only initializes value once[Iterations: 6,847]" classname="serie2.ex3.CounterModuloTest" time="0.011"/>
  <testcase name="MultiThreaded only initializes value once[Iterations: 6,848]" classname="serie2.ex3.CounterModuloTest" time="0.01"/>
  <testcase name="MultiThreaded only initializes value once[Iterations: 6,849]" classname="serie2.ex3.CounterModuloTest" time="0.009"/>
  <testcase name="MultiThreaded only initializes value once[Iterations: 6,850]" classname="serie2.ex3.CounterModuloTest" time="0.009"/>
  <testcase name="MultiThreaded only initializes value once[Iterations: 6,851]" classname="serie2.ex3.CounterModuloTest" time="0.009"/>
  <testcase name="MultiThreaded only initializes value once[Iterations: 6,852]" classname="serie2.ex3.CounterModuloTest" time="0.01"/>
  <testcase name="MultiThreaded only initializes value once[Iterations: 6,853]" classname="serie2.ex3.CounterModuloTest" time="0.01"/>
  <testcase name="MultiThreaded only initializes value once[Iterations: 6,854]" classname="serie2.ex3.CounterModuloTest" time="0.01"/>
  <testcase name="MultiThreaded only initializes value once[Iterations: 6,855]" classname="serie2.ex3.CounterModuloTest" time="0.011"/>
  <testcase name="MultiThreaded only initializes value once[Iterations: 6,856]" classname="serie2.ex3.CounterModuloTest" time="0.009"/>
  <testcase name="MultiThreaded only initializes value once[Iterations: 6,857]" classname="serie2.ex3.CounterModuloTest" time="0.011"/>
  <testcase name="MultiThreaded only initializes value once[Iterations: 6,858]" classname="serie2.ex3.CounterModuloTest" time="0.01"/>
  <testcase name="MultiThreaded only initializes value once[Iterations: 6,859]" classname="serie2.ex3.CounterModuloTest" time="0.009"/>
  <testcase name="MultiThreaded only initializes value once[Iterations: 6,860]" classname="serie2.ex3.CounterModuloTest" time="0.01"/>
  <testcase name="MultiThreaded only initializes value once[Iterations: 6,861]" classname="serie2.ex3.CounterModuloTest" time="0.01"/>
  <testcase name="MultiThreaded only initializes value once[Iterations: 6,862]" classname="serie2.ex3.CounterModuloTest" time="0.011"/>
  <testcase name="MultiThreaded only initializes value once[Iterations: 6,863]" classname="serie2.ex3.CounterModuloTest" time="0.008"/>
  <testcase name="MultiThreaded only initializes value once[Iterations: 6,864]" classname="serie2.ex3.CounterModuloTest" time="0.012"/>
  <testcase name="MultiThreaded only initializes value once[Iterations: 6,865]" classname="serie2.ex3.CounterModuloTest" time="0.013"/>
  <testcase name="MultiThreaded only initializes value once[Iterations: 6,866]" classname="serie2.ex3.CounterModuloTest" time="0.011"/>
  <testcase name="MultiThreaded only initializes value once[Iterations: 6,867]" classname="serie2.ex3.CounterModuloTest" time="0.01"/>
  <testcase name="MultiThreaded only initializes value once[Iterations: 6,868]" classname="serie2.ex3.CounterModuloTest" time="0.01"/>
  <testcase name="MultiThreaded only initializes value once[Iterations: 6,869]" classname="serie2.ex3.CounterModuloTest" time="0.01"/>
  <testcase name="MultiThreaded only initializes value once[Iterations: 6,870]" classname="serie2.ex3.CounterModuloTest" time="0.009"/>
  <testcase name="MultiThreaded only initializes value once[Iterations: 6,871]" classname="serie2.ex3.CounterModuloTest" time="0.01"/>
  <testcase name="MultiThreaded only initializes value once[Iterations: 6,872]" classname="serie2.ex3.CounterModuloTest" time="0.01"/>
  <testcase name="MultiThreaded only initializes value once[Iterations: 6,873]" classname="serie2.ex3.CounterModuloTest" time="0.01"/>
  <testcase name="MultiThreaded only initializes value once[Iterations: 6,874]" classname="serie2.ex3.CounterModuloTest" time="0.013"/>
  <testcase name="MultiThreaded only initializes value once[Iterations: 6,875]" classname="serie2.ex3.CounterModuloTest" time="0.01"/>
  <testcase name="MultiThreaded only initializes value once[Iterations: 6,876]" classname="serie2.ex3.CounterModuloTest" time="0.009"/>
  <testcase name="MultiThreaded only initializes value once[Iterations: 6,877]" classname="serie2.ex3.CounterModuloTest" time="0.009"/>
  <testcase name="MultiThreaded only initializes value once[Iterations: 6,878]" classname="serie2.ex3.CounterModuloTest" time="0.009"/>
  <testcase name="MultiThreaded only initializes value once[Iterations: 6,879]" classname="serie2.ex3.CounterModuloTest" time="0.009"/>
  <testcase name="MultiThreaded only initializes value once[Iterations: 6,880]" classname="serie2.ex3.CounterModuloTest" time="0.009"/>
  <testcase name="MultiThreaded only initializes value once[Iterations: 6,881]" classname="serie2.ex3.CounterModuloTest" time="0.009"/>
  <testcase name="MultiThreaded only initializes value once[Iterations: 6,882]" classname="serie2.ex3.CounterModuloTest" time="0.008"/>
  <testcase name="MultiThreaded only initializes value once[Iterations: 6,883]" classname="serie2.ex3.CounterModuloTest" time="0.009"/>
  <testcase name="MultiThreaded only initializes value once[Iterations: 6,884]" classname="serie2.ex3.CounterModuloTest" time="0.009"/>
  <testcase name="MultiThreaded only initializes value once[Iterations: 6,885]" classname="serie2.ex3.CounterModuloTest" time="0.009"/>
  <testcase name="MultiThreaded only initializes value once[Iterations: 6,886]" classname="serie2.ex3.CounterModuloTest" time="0.009"/>
  <testcase name="MultiThreaded only initializes value once[Iterations: 6,887]" classname="serie2.ex3.CounterModuloTest" time="0.015"/>
  <testcase name="MultiThreaded only initializes value once[Iterations: 6,888]" classname="serie2.ex3.CounterModuloTest" time="0.013"/>
  <testcase name="MultiThreaded only initializes value once[Iterations: 6,889]" classname="serie2.ex3.CounterModuloTest" time="0.009"/>
  <testcase name="MultiThreaded only initializes value once[Iterations: 6,890]" classname="serie2.ex3.CounterModuloTest" time="0.009"/>
  <testcase name="MultiThreaded only initializes value once[Iterations: 6,891]" classname="serie2.ex3.CounterModuloTest" time="0.009"/>
  <testcase name="MultiThreaded only initializes value once[Iterations: 6,892]" classname="serie2.ex3.CounterModuloTest" time="0.01"/>
  <testcase name="MultiThreaded only initializes value once[Iterations: 6,893]" classname="serie2.ex3.CounterModuloTest" time="0.009"/>
  <testcase name="MultiThreaded only initializes value once[Iterations: 6,894]" classname="serie2.ex3.CounterModuloTest" time="0.01"/>
  <testcase name="MultiThreaded only initializes value once[Iterations: 6,895]" classname="serie2.ex3.CounterModuloTest" time="0.01"/>
  <testcase name="MultiThreaded only initializes value once[Iterations: 6,896]" classname="serie2.ex3.CounterModuloTest" time="0.008"/>
  <testcase name="MultiThreaded only initializes value once[Iterations: 6,897]" classname="serie2.ex3.CounterModuloTest" time="0.01"/>
  <testcase name="MultiThreaded only initializes value once[Iterations: 6,898]" classname="serie2.ex3.CounterModuloTest" time="0.009"/>
  <testcase name="MultiThreaded only initializes value once[Iterations: 6,899]" classname="serie2.ex3.CounterModuloTest" time="0.01"/>
  <testcase name="MultiThreaded only initializes value once[Iterations: 6,900]" classname="serie2.ex3.CounterModuloTest" time="0.01"/>
  <testcase name="MultiThreaded only initializes value once[Iterations: 6,901]" classname="serie2.ex3.CounterModuloTest" time="0.009"/>
  <testcase name="MultiThreaded only initializes value once[Iterations: 6,902]" classname="serie2.ex3.CounterModuloTest" time="0.011"/>
  <testcase name="MultiThreaded only initializes value once[Iterations: 6,903]" classname="serie2.ex3.CounterModuloTest" time="0.009"/>
  <testcase name="MultiThreaded only initializes value once[Iterations: 6,904]" classname="serie2.ex3.CounterModuloTest" time="0.009"/>
  <testcase name="MultiThreaded only initializes value once[Iterations: 6,905]" classname="serie2.ex3.CounterModuloTest" time="0.009"/>
  <testcase name="MultiThreaded only initializes value once[Iterations: 6,906]" classname="serie2.ex3.CounterModuloTest" time="0.01"/>
  <testcase name="MultiThreaded only initializes value once[Iterations: 6,907]" classname="serie2.ex3.CounterModuloTest" time="0.008"/>
  <testcase name="MultiThreaded only initializes value once[Iterations: 6,908]" classname="serie2.ex3.CounterModuloTest" time="0.01"/>
  <testcase name="MultiThreaded only initializes value once[Iterations: 6,909]" classname="serie2.ex3.CounterModuloTest" time="0.009"/>
  <testcase name="MultiThreaded only initializes value once[Iterations: 6,910]" classname="serie2.ex3.CounterModuloTest" time="0.009"/>
  <testcase name="MultiThreaded only initializes value once[Iterations: 6,911]" classname="serie2.ex3.CounterModuloTest" time="0.009"/>
  <testcase name="MultiThreaded only initializes value once[Iterations: 6,912]" classname="serie2.ex3.CounterModuloTest" time="0.011"/>
  <testcase name="MultiThreaded only initializes value once[Iterations: 6,913]" classname="serie2.ex3.CounterModuloTest" time="0.012"/>
  <testcase name="MultiThreaded only initializes value once[Iterations: 6,914]" classname="serie2.ex3.CounterModuloTest" time="0.009"/>
  <testcase name="MultiThreaded only initializes value once[Iterations: 6,915]" classname="serie2.ex3.CounterModuloTest" time="0.008"/>
  <testcase name="MultiThreaded only initializes value once[Iterations: 6,916]" classname="serie2.ex3.CounterModuloTest" time="0.009"/>
  <testcase name="MultiThreaded only initializes value once[Iterations: 6,917]" classname="serie2.ex3.CounterModuloTest" time="0.009"/>
  <testcase name="MultiThreaded only initializes value once[Iterations: 6,918]" classname="serie2.ex3.CounterModuloTest" time="0.011"/>
  <testcase name="MultiThreaded only initializes value once[Iterations: 6,919]" classname="serie2.ex3.CounterModuloTest" time="0.009"/>
  <testcase name="MultiThreaded only initializes value once[Iterations: 6,920]" classname="serie2.ex3.CounterModuloTest" time="0.012"/>
  <testcase name="MultiThreaded only initializes value once[Iterations: 6,921]" classname="serie2.ex3.CounterModuloTest" time="0.01"/>
  <testcase name="MultiThreaded only initializes value once[Iterations: 6,922]" classname="serie2.ex3.CounterModuloTest" time="0.01"/>
  <testcase name="MultiThreaded only initializes value once[Iterations: 6,923]" classname="serie2.ex3.CounterModuloTest" time="0.009"/>
  <testcase name="MultiThreaded only initializes value once[Iterations: 6,924]" classname="serie2.ex3.CounterModuloTest" time="0.009"/>
  <testcase name="MultiThreaded only initializes value once[Iterations: 6,925]" classname="serie2.ex3.CounterModuloTest" time="0.012"/>
  <testcase name="MultiThreaded only initializes value once[Iterations: 6,926]" classname="serie2.ex3.CounterModuloTest" time="0.018"/>
  <testcase name="MultiThreaded only initializes value once[Iterations: 6,927]" classname="serie2.ex3.CounterModuloTest" time="0.021"/>
  <testcase name="MultiThreaded only initializes value once[Iterations: 6,928]" classname="serie2.ex3.CounterModuloTest" time="0.011"/>
  <testcase name="MultiThreaded only initializes value once[Iterations: 6,929]" classname="serie2.ex3.CounterModuloTest" time="0.012"/>
  <testcase name="MultiThreaded only initializes value once[Iterations: 6,930]" classname="serie2.ex3.CounterModuloTest" time="0.01"/>
  <testcase name="MultiThreaded only initializes value once[Iterations: 6,931]" classname="serie2.ex3.CounterModuloTest" time="0.01"/>
  <testcase name="MultiThreaded only initializes value once[Iterations: 6,932]" classname="serie2.ex3.CounterModuloTest" time="0.007"/>
  <testcase name="MultiThreaded only initializes value once[Iterations: 6,933]" classname="serie2.ex3.CounterModuloTest" time="0.01"/>
  <testcase name="MultiThreaded only initializes value once[Iterations: 6,934]" classname="serie2.ex3.CounterModuloTest" time="0.009"/>
  <testcase name="MultiThreaded only initializes value once[Iterations: 6,935]" classname="serie2.ex3.CounterModuloTest" time="0.009"/>
  <testcase name="MultiThreaded only initializes value once[Iterations: 6,936]" classname="serie2.ex3.CounterModuloTest" time="0.008"/>
  <testcase name="MultiThreaded only initializes value once[Iterations: 6,937]" classname="serie2.ex3.CounterModuloTest" time="0.01"/>
  <testcase name="MultiThreaded only initializes value once[Iterations: 6,938]" classname="serie2.ex3.CounterModuloTest" time="0.009"/>
  <testcase name="MultiThreaded only initializes value once[Iterations: 6,939]" classname="serie2.ex3.CounterModuloTest" time="0.008"/>
  <testcase name="MultiThreaded only initializes value once[Iterations: 6,940]" classname="serie2.ex3.CounterModuloTest" time="0.011"/>
  <testcase name="MultiThreaded only initializes value once[Iterations: 6,941]" classname="serie2.ex3.CounterModuloTest" time="0.01"/>
  <testcase name="MultiThreaded only initializes value once[Iterations: 6,942]" classname="serie2.ex3.CounterModuloTest" time="0.009"/>
  <testcase name="MultiThreaded only initializes value once[Iterations: 6,943]" classname="serie2.ex3.CounterModuloTest" time="0.009"/>
  <testcase name="MultiThreaded only initializes value once[Iterations: 6,944]" classname="serie2.ex3.CounterModuloTest" time="0.01"/>
  <testcase name="MultiThreaded only initializes value once[Iterations: 6,945]" classname="serie2.ex3.CounterModuloTest" time="0.01"/>
  <testcase name="MultiThreaded only initializes value once[Iterations: 6,946]" classname="serie2.ex3.CounterModuloTest" time="0.01"/>
  <testcase name="MultiThreaded only initializes value once[Iterations: 6,947]" classname="serie2.ex3.CounterModuloTest" time="0.01"/>
  <testcase name="MultiThreaded only initializes value once[Iterations: 6,948]" classname="serie2.ex3.CounterModuloTest" time="0.008"/>
  <testcase name="MultiThreaded only initializes value once[Iterations: 6,949]" classname="serie2.ex3.CounterModuloTest" time="0.008"/>
  <testcase name="MultiThreaded only initializes value once[Iterations: 6,950]" classname="serie2.ex3.CounterModuloTest" time="0.01"/>
  <testcase name="MultiThreaded only initializes value once[Iterations: 6,951]" classname="serie2.ex3.CounterModuloTest" time="0.01"/>
  <testcase name="MultiThreaded only initializes value once[Iterations: 6,952]" classname="serie2.ex3.CounterModuloTest" time="0.008"/>
  <testcase name="MultiThreaded only initializes value once[Iterations: 6,953]" classname="serie2.ex3.CounterModuloTest" time="0.009"/>
  <testcase name="MultiThreaded only initializes value once[Iterations: 6,954]" classname="serie2.ex3.CounterModuloTest" time="0.009"/>
  <testcase name="MultiThreaded only initializes value once[Iterations: 6,955]" classname="serie2.ex3.CounterModuloTest" time="0.009"/>
  <testcase name="MultiThreaded only initializes value once[Iterations: 6,956]" classname="serie2.ex3.CounterModuloTest" time="0.009"/>
  <testcase name="MultiThreaded only initializes value once[Iterations: 6,957]" classname="serie2.ex3.CounterModuloTest" time="0.009"/>
  <testcase name="MultiThreaded only initializes value once[Iterations: 6,958]" classname="serie2.ex3.CounterModuloTest" time="0.008"/>
  <testcase name="MultiThreaded only initializes value once[Iterations: 6,959]" classname="serie2.ex3.CounterModuloTest" time="0.009"/>
  <testcase name="MultiThreaded only initializes value once[Iterations: 6,960]" classname="serie2.ex3.CounterModuloTest" time="0.009"/>
  <testcase name="MultiThreaded only initializes value once[Iterations: 6,961]" classname="serie2.ex3.CounterModuloTest" time="0.012"/>
  <testcase name="MultiThreaded only initializes value once[Iterations: 6,962]" classname="serie2.ex3.CounterModuloTest" time="0.009"/>
  <testcase name="MultiThreaded only initializes value once[Iterations: 6,963]" classname="serie2.ex3.CounterModuloTest" time="0.01"/>
  <testcase name="MultiThreaded only initializes value once[Iterations: 6,964]" classname="serie2.ex3.CounterModuloTest" time="0.009"/>
  <testcase name="MultiThreaded only initializes value once[Iterations: 6,965]" classname="serie2.ex3.CounterModuloTest" time="0.01"/>
  <testcase name="MultiThreaded only initializes value once[Iterations: 6,966]" classname="serie2.ex3.CounterModuloTest" time="0.009"/>
  <testcase name="MultiThreaded only initializes value once[Iterations: 6,967]" classname="serie2.ex3.CounterModuloTest" time="0.01"/>
  <testcase name="MultiThreaded only initializes value once[Iterations: 6,968]" classname="serie2.ex3.CounterModuloTest" time="0.008"/>
  <testcase name="MultiThreaded only initializes value once[Iterations: 6,969]" classname="serie2.ex3.CounterModuloTest" time="0.009"/>
  <testcase name="MultiThreaded only initializes value once[Iterations: 6,970]" classname="serie2.ex3.CounterModuloTest" time="0.008"/>
  <testcase name="MultiThreaded only initializes value once[Iterations: 6,971]" classname="serie2.ex3.CounterModuloTest" time="0.009"/>
  <testcase name="MultiThreaded only initializes value once[Iterations: 6,972]" classname="serie2.ex3.CounterModuloTest" time="0.009"/>
  <testcase name="MultiThreaded only initializes value once[Iterations: 6,973]" classname="serie2.ex3.CounterModuloTest" time="0.009"/>
  <testcase name="MultiThreaded only initializes value once[Iterations: 6,974]" classname="serie2.ex3.CounterModuloTest" time="0.01"/>
  <testcase name="MultiThreaded only initializes value once[Iterations: 6,975]" classname="serie2.ex3.CounterModuloTest" time="0.009"/>
  <testcase name="MultiThreaded only initializes value once[Iterations: 6,976]" classname="serie2.ex3.CounterModuloTest" time="0.009"/>
  <testcase name="MultiThreaded only initializes value once[Iterations: 6,977]" classname="serie2.ex3.CounterModuloTest" time="0.009"/>
  <testcase name="MultiThreaded only initializes value once[Iterations: 6,978]" classname="serie2.ex3.CounterModuloTest" time="0.008"/>
  <testcase name="MultiThreaded only initializes value once[Iterations: 6,979]" classname="serie2.ex3.CounterModuloTest" time="0.009"/>
  <testcase name="MultiThreaded only initializes value once[Iterations: 6,980]" classname="serie2.ex3.CounterModuloTest" time="0.009"/>
  <testcase name="MultiThreaded only initializes value once[Iterations: 6,981]" classname="serie2.ex3.CounterModuloTest" time="0.009"/>
  <testcase name="MultiThreaded only initializes value once[Iterations: 6,982]" classname="serie2.ex3.CounterModuloTest" time="0.008"/>
  <testcase name="MultiThreaded only initializes value once[Iterations: 6,983]" classname="serie2.ex3.CounterModuloTest" time="0.009"/>
  <testcase name="MultiThreaded only initializes value once[Iterations: 6,984]" classname="serie2.ex3.CounterModuloTest" time="0.008"/>
  <testcase name="MultiThreaded only initializes value once[Iterations: 6,985]" classname="serie2.ex3.CounterModuloTest" time="0.007"/>
  <testcase name="MultiThreaded only initializes value once[Iterations: 6,986]" classname="serie2.ex3.CounterModuloTest" time="0.009"/>
  <testcase name="MultiThreaded only initializes value once[Iterations: 6,987]" classname="serie2.ex3.CounterModuloTest" time="0.009"/>
  <testcase name="MultiThreaded only initializes value once[Iterations: 6,988]" classname="serie2.ex3.CounterModuloTest" time="0.009"/>
  <testcase name="MultiThreaded only initializes value once[Iterations: 6,989]" classname="serie2.ex3.CounterModuloTest" time="0.009"/>
  <testcase name="MultiThreaded only initializes value once[Iterations: 6,990]" classname="serie2.ex3.CounterModuloTest" time="0.01"/>
  <testcase name="MultiThreaded only initializes value once[Iterations: 6,991]" classname="serie2.ex3.CounterModuloTest" time="0.009"/>
  <testcase name="MultiThreaded only initializes value once[Iterations: 6,992]" classname="serie2.ex3.CounterModuloTest" time="0.009"/>
  <testcase name="MultiThreaded only initializes value once[Iterations: 6,993]" classname="serie2.ex3.CounterModuloTest" time="0.01"/>
  <testcase name="MultiThreaded only initializes value once[Iterations: 6,994]" classname="serie2.ex3.CounterModuloTest" time="0.013"/>
  <testcase name="MultiThreaded only initializes value once[Iterations: 6,995]" classname="serie2.ex3.CounterModuloTest" time="0.009"/>
  <testcase name="MultiThreaded only initializes value once[Iterations: 6,996]" classname="serie2.ex3.CounterModuloTest" time="0.009"/>
  <testcase name="MultiThreaded only initializes value once[Iterations: 6,997]" classname="serie2.ex3.CounterModuloTest" time="0.009"/>
  <testcase name="MultiThreaded only initializes value once[Iterations: 6,998]" classname="serie2.ex3.CounterModuloTest" time="0.01"/>
  <testcase name="MultiThreaded only initializes value once[Iterations: 6,999]" classname="serie2.ex3.CounterModuloTest" time="0.009"/>
  <testcase name="MultiThreaded only initializes value once[Iterations: 7,000]" classname="serie2.ex3.CounterModuloTest" time="0.009"/>
  <testcase name="MultiThreaded only initializes value once[Iterations: 7,001]" classname="serie2.ex3.CounterModuloTest" time="0.008"/>
  <testcase name="MultiThreaded only initializes value once[Iterations: 7,002]" classname="serie2.ex3.CounterModuloTest" time="0.009"/>
  <testcase name="MultiThreaded only initializes value once[Iterations: 7,003]" classname="serie2.ex3.CounterModuloTest" time="0.008"/>
  <testcase name="MultiThreaded only initializes value once[Iterations: 7,004]" classname="serie2.ex3.CounterModuloTest" time="0.008"/>
  <testcase name="MultiThreaded only initializes value once[Iterations: 7,005]" classname="serie2.ex3.CounterModuloTest" time="0.01"/>
  <testcase name="MultiThreaded only initializes value once[Iterations: 7,006]" classname="serie2.ex3.CounterModuloTest" time="0.009"/>
  <testcase name="MultiThreaded only initializes value once[Iterations: 7,007]" classname="serie2.ex3.CounterModuloTest" time="0.009"/>
  <testcase name="MultiThreaded only initializes value once[Iterations: 7,008]" classname="serie2.ex3.CounterModuloTest" time="0.009"/>
  <testcase name="MultiThreaded only initializes value once[Iterations: 7,009]" classname="serie2.ex3.CounterModuloTest" time="0.01"/>
  <testcase name="MultiThreaded only initializes value once[Iterations: 7,010]" classname="serie2.ex3.CounterModuloTest" time="0.01"/>
  <testcase name="MultiThreaded only initializes value once[Iterations: 7,011]" classname="serie2.ex3.CounterModuloTest" time="0.009"/>
  <testcase name="MultiThreaded only initializes value once[Iterations: 7,012]" classname="serie2.ex3.CounterModuloTest" time="0.009"/>
  <testcase name="MultiThreaded only initializes value once[Iterations: 7,013]" classname="serie2.ex3.CounterModuloTest" time="0.01"/>
  <testcase name="MultiThreaded only initializes value once[Iterations: 7,014]" classname="serie2.ex3.CounterModuloTest" time="0.009"/>
  <testcase name="MultiThreaded only initializes value once[Iterations: 7,015]" classname="serie2.ex3.CounterModuloTest" time="0.009"/>
  <testcase name="MultiThreaded only initializes value once[Iterations: 7,016]" classname="serie2.ex3.CounterModuloTest" time="0.012"/>
  <testcase name="MultiThreaded only initializes value once[Iterations: 7,017]" classname="serie2.ex3.CounterModuloTest" time="0.009"/>
  <testcase name="MultiThreaded only initializes value once[Iterations: 7,018]" classname="serie2.ex3.CounterModuloTest" time="0.009"/>
  <testcase name="MultiThreaded only initializes value once[Iterations: 7,019]" classname="serie2.ex3.CounterModuloTest" time="0.009"/>
  <testcase name="MultiThreaded only initializes value once[Iterations: 7,020]" classname="serie2.ex3.CounterModuloTest" time="0.009"/>
  <testcase name="MultiThreaded only initializes value once[Iterations: 7,021]" classname="serie2.ex3.CounterModuloTest" time="0.009"/>
  <testcase name="MultiThreaded only initializes value once[Iterations: 7,022]" classname="serie2.ex3.CounterModuloTest" time="0.009"/>
  <testcase name="MultiThreaded only initializes value once[Iterations: 7,023]" classname="serie2.ex3.CounterModuloTest" time="0.008"/>
  <testcase name="MultiThreaded only initializes value once[Iterations: 7,024]" classname="serie2.ex3.CounterModuloTest" time="0.009"/>
  <testcase name="MultiThreaded only initializes value once[Iterations: 7,025]" classname="serie2.ex3.CounterModuloTest" time="0.009"/>
  <testcase name="MultiThreaded only initializes value once[Iterations: 7,026]" classname="serie2.ex3.CounterModuloTest" time="0.009"/>
  <testcase name="MultiThreaded only initializes value once[Iterations: 7,027]" classname="serie2.ex3.CounterModuloTest" time="0.007"/>
  <testcase name="MultiThreaded only initializes value once[Iterations: 7,028]" classname="serie2.ex3.CounterModuloTest" time="0.008"/>
  <testcase name="MultiThreaded only initializes value once[Iterations: 7,029]" classname="serie2.ex3.CounterModuloTest" time="0.009"/>
  <testcase name="MultiThreaded only initializes value once[Iterations: 7,030]" classname="serie2.ex3.CounterModuloTest" time="0.008"/>
  <testcase name="MultiThreaded only initializes value once[Iterations: 7,031]" classname="serie2.ex3.CounterModuloTest" time="0.008"/>
  <testcase name="MultiThreaded only initializes value once[Iterations: 7,032]" classname="serie2.ex3.CounterModuloTest" time="0.01"/>
  <testcase name="MultiThreaded only initializes value once[Iterations: 7,033]" classname="serie2.ex3.CounterModuloTest" time="0.009"/>
  <testcase name="MultiThreaded only initializes value once[Iterations: 7,034]" classname="serie2.ex3.CounterModuloTest" time="0.01"/>
  <testcase name="MultiThreaded only initializes value once[Iterations: 7,035]" classname="serie2.ex3.CounterModuloTest" time="0.009"/>
  <testcase name="MultiThreaded only initializes value once[Iterations: 7,036]" classname="serie2.ex3.CounterModuloTest" time="0.009"/>
  <testcase name="MultiThreaded only initializes value once[Iterations: 7,037]" classname="serie2.ex3.CounterModuloTest" time="0.009"/>
  <testcase name="MultiThreaded only initializes value once[Iterations: 7,038]" classname="serie2.ex3.CounterModuloTest" time="0.01"/>
  <testcase name="MultiThreaded only initializes value once[Iterations: 7,039]" classname="serie2.ex3.CounterModuloTest" time="0.008"/>
  <testcase name="MultiThreaded only initializes value once[Iterations: 7,040]" classname="serie2.ex3.CounterModuloTest" time="0.009"/>
  <testcase name="MultiThreaded only initializes value once[Iterations: 7,041]" classname="serie2.ex3.CounterModuloTest" time="0.008"/>
  <testcase name="MultiThreaded only initializes value once[Iterations: 7,042]" classname="serie2.ex3.CounterModuloTest" time="0.009"/>
  <testcase name="MultiThreaded only initializes value once[Iterations: 7,043]" classname="serie2.ex3.CounterModuloTest" time="0.009"/>
  <testcase name="MultiThreaded only initializes value once[Iterations: 7,044]" classname="serie2.ex3.CounterModuloTest" time="0.009"/>
  <testcase name="MultiThreaded only initializes value once[Iterations: 7,045]" classname="serie2.ex3.CounterModuloTest" time="0.01"/>
  <testcase name="MultiThreaded only initializes value once[Iterations: 7,046]" classname="serie2.ex3.CounterModuloTest" time="0.009"/>
  <testcase name="MultiThreaded only initializes value once[Iterations: 7,047]" classname="serie2.ex3.CounterModuloTest" time="0.01"/>
  <testcase name="MultiThreaded only initializes value once[Iterations: 7,048]" classname="serie2.ex3.CounterModuloTest" time="0.01"/>
  <testcase name="MultiThreaded only initializes value once[Iterations: 7,049]" classname="serie2.ex3.CounterModuloTest" time="0.008"/>
  <testcase name="MultiThreaded only initializes value once[Iterations: 7,050]" classname="serie2.ex3.CounterModuloTest" time="0.008"/>
  <testcase name="MultiThreaded only initializes value once[Iterations: 7,051]" classname="serie2.ex3.CounterModuloTest" time="0.013"/>
  <testcase name="MultiThreaded only initializes value once[Iterations: 7,052]" classname="serie2.ex3.CounterModuloTest" time="0.009"/>
  <testcase name="MultiThreaded only initializes value once[Iterations: 7,053]" classname="serie2.ex3.CounterModuloTest" time="0.008"/>
  <testcase name="MultiThreaded only initializes value once[Iterations: 7,054]" classname="serie2.ex3.CounterModuloTest" time="0.01"/>
  <testcase name="MultiThreaded only initializes value once[Iterations: 7,055]" classname="serie2.ex3.CounterModuloTest" time="0.009"/>
  <testcase name="MultiThreaded only initializes value once[Iterations: 7,056]" classname="serie2.ex3.CounterModuloTest" time="0.009"/>
  <testcase name="MultiThreaded only initializes value once[Iterations: 7,057]" classname="serie2.ex3.CounterModuloTest" time="0.01"/>
  <testcase name="MultiThreaded only initializes value once[Iterations: 7,058]" classname="serie2.ex3.CounterModuloTest" time="0.009"/>
  <testcase name="MultiThreaded only initializes value once[Iterations: 7,059]" classname="serie2.ex3.CounterModuloTest" time="0.009"/>
  <testcase name="MultiThreaded only initializes value once[Iterations: 7,060]" classname="serie2.ex3.CounterModuloTest" time="0.008"/>
  <testcase name="MultiThreaded only initializes value once[Iterations: 7,061]" classname="serie2.ex3.CounterModuloTest" time="0.007"/>
  <testcase name="MultiThreaded only initializes value once[Iterations: 7,062]" classname="serie2.ex3.CounterModuloTest" time="0.009"/>
  <testcase name="MultiThreaded only initializes value once[Iterations: 7,063]" classname="serie2.ex3.CounterModuloTest" time="0.009"/>
  <testcase name="MultiThreaded only initializes value once[Iterations: 7,064]" classname="serie2.ex3.CounterModuloTest" time="0.009"/>
  <testcase name="MultiThreaded only initializes value once[Iterations: 7,065]" classname="serie2.ex3.CounterModuloTest" time="0.009"/>
  <testcase name="MultiThreaded only initializes value once[Iterations: 7,066]" classname="serie2.ex3.CounterModuloTest" time="0.01"/>
  <testcase name="MultiThreaded only initializes value once[Iterations: 7,067]" classname="serie2.ex3.CounterModuloTest" time="0.009"/>
  <testcase name="MultiThreaded only initializes value once[Iterations: 7,068]" classname="serie2.ex3.CounterModuloTest" time="0.01"/>
  <testcase name="MultiThreaded only initializes value once[Iterations: 7,069]" classname="serie2.ex3.CounterModuloTest" time="0.009"/>
  <testcase name="MultiThreaded only initializes value once[Iterations: 7,070]" classname="serie2.ex3.CounterModuloTest" time="0.009"/>
  <testcase name="MultiThreaded only initializes value once[Iterations: 7,071]" classname="serie2.ex3.CounterModuloTest" time="0.009"/>
  <testcase name="MultiThreaded only initializes value once[Iterations: 7,072]" classname="serie2.ex3.CounterModuloTest" time="0.009"/>
  <testcase name="MultiThreaded only initializes value once[Iterations: 7,073]" classname="serie2.ex3.CounterModuloTest" time="0.009"/>
  <testcase name="MultiThreaded only initializes value once[Iterations: 7,074]" classname="serie2.ex3.CounterModuloTest" time="0.008"/>
  <testcase name="MultiThreaded only initializes value once[Iterations: 7,075]" classname="serie2.ex3.CounterModuloTest" time="0.009"/>
  <testcase name="MultiThreaded only initializes value once[Iterations: 7,076]" classname="serie2.ex3.CounterModuloTest" time="0.008"/>
  <testcase name="MultiThreaded only initializes value once[Iterations: 7,077]" classname="serie2.ex3.CounterModuloTest" time="0.01"/>
  <testcase name="MultiThreaded only initializes value once[Iterations: 7,078]" classname="serie2.ex3.CounterModuloTest" time="0.009"/>
  <testcase name="MultiThreaded only initializes value once[Iterations: 7,079]" classname="serie2.ex3.CounterModuloTest" time="0.014"/>
  <testcase name="MultiThreaded only initializes value once[Iterations: 7,080]" classname="serie2.ex3.CounterModuloTest" time="0.01"/>
  <testcase name="MultiThreaded only initializes value once[Iterations: 7,081]" classname="serie2.ex3.CounterModuloTest" time="0.008"/>
  <testcase name="MultiThreaded only initializes value once[Iterations: 7,082]" classname="serie2.ex3.CounterModuloTest" time="0.009"/>
  <testcase name="MultiThreaded only initializes value once[Iterations: 7,083]" classname="serie2.ex3.CounterModuloTest" time="0.009"/>
  <testcase name="MultiThreaded only initializes value once[Iterations: 7,084]" classname="serie2.ex3.CounterModuloTest" time="0.009"/>
  <testcase name="MultiThreaded only initializes value once[Iterations: 7,085]" classname="serie2.ex3.CounterModuloTest" time="0.008"/>
  <testcase name="MultiThreaded only initializes value once[Iterations: 7,086]" classname="serie2.ex3.CounterModuloTest" time="0.009"/>
  <testcase name="MultiThreaded only initializes value once[Iterations: 7,087]" classname="serie2.ex3.CounterModuloTest" time="0.01"/>
  <testcase name="MultiThreaded only initializes value once[Iterations: 7,088]" classname="serie2.ex3.CounterModuloTest" time="0.009"/>
  <testcase name="MultiThreaded only initializes value once[Iterations: 7,089]" classname="serie2.ex3.CounterModuloTest" time="0.009"/>
  <testcase name="MultiThreaded only initializes value once[Iterations: 7,090]" classname="serie2.ex3.CounterModuloTest" time="0.009"/>
  <testcase name="MultiThreaded only initializes value once[Iterations: 7,091]" classname="serie2.ex3.CounterModuloTest" time="0.009"/>
  <testcase name="MultiThreaded only initializes value once[Iterations: 7,092]" classname="serie2.ex3.CounterModuloTest" time="0.01"/>
  <testcase name="MultiThreaded only initializes value once[Iterations: 7,093]" classname="serie2.ex3.CounterModuloTest" time="0.009"/>
  <testcase name="MultiThreaded only initializes value once[Iterations: 7,094]" classname="serie2.ex3.CounterModuloTest" time="0.009"/>
  <testcase name="MultiThreaded only initializes value once[Iterations: 7,095]" classname="serie2.ex3.CounterModuloTest" time="0.009"/>
  <testcase name="MultiThreaded only initializes value once[Iterations: 7,096]" classname="serie2.ex3.CounterModuloTest" time="0.01"/>
  <testcase name="MultiThreaded only initializes value once[Iterations: 7,097]" classname="serie2.ex3.CounterModuloTest" time="0.009"/>
  <testcase name="MultiThreaded only initializes value once[Iterations: 7,098]" classname="serie2.ex3.CounterModuloTest" time="0.009"/>
  <testcase name="MultiThreaded only initializes value once[Iterations: 7,099]" classname="serie2.ex3.CounterModuloTest" time="0.009"/>
  <testcase name="MultiThreaded only initializes value once[Iterations: 7,100]" classname="serie2.ex3.CounterModuloTest" time="0.009"/>
  <testcase name="MultiThreaded only initializes value once[Iterations: 7,101]" classname="serie2.ex3.CounterModuloTest" time="0.009"/>
  <testcase name="MultiThreaded only initializes value once[Iterations: 7,102]" classname="serie2.ex3.CounterModuloTest" time="0.011"/>
  <testcase name="MultiThreaded only initializes value once[Iterations: 7,103]" classname="serie2.ex3.CounterModuloTest" time="0.009"/>
  <testcase name="MultiThreaded only initializes value once[Iterations: 7,104]" classname="serie2.ex3.CounterModuloTest" time="0.01"/>
  <testcase name="MultiThreaded only initializes value once[Iterations: 7,105]" classname="serie2.ex3.CounterModuloTest" time="0.009"/>
  <testcase name="MultiThreaded only initializes value once[Iterations: 7,106]" classname="serie2.ex3.CounterModuloTest" time="0.009"/>
  <testcase name="MultiThreaded only initializes value once[Iterations: 7,107]" classname="serie2.ex3.CounterModuloTest" time="0.01"/>
  <testcase name="MultiThreaded only initializes value once[Iterations: 7,108]" classname="serie2.ex3.CounterModuloTest" time="0.009"/>
  <testcase name="MultiThreaded only initializes value once[Iterations: 7,109]" classname="serie2.ex3.CounterModuloTest" time="0.01"/>
  <testcase name="MultiThreaded only initializes value once[Iterations: 7,110]" classname="serie2.ex3.CounterModuloTest" time="0.011"/>
  <testcase name="MultiThreaded only initializes value once[Iterations: 7,111]" classname="serie2.ex3.CounterModuloTest" time="0.009"/>
  <testcase name="MultiThreaded only initializes value once[Iterations: 7,112]" classname="serie2.ex3.CounterModuloTest" time="0.009"/>
  <testcase name="MultiThreaded only initializes value once[Iterations: 7,113]" classname="serie2.ex3.CounterModuloTest" time="0.01"/>
  <testcase name="MultiThreaded only initializes value once[Iterations: 7,114]" classname="serie2.ex3.CounterModuloTest" time="0.01"/>
  <testcase name="MultiThreaded only initializes value once[Iterations: 7,115]" classname="serie2.ex3.CounterModuloTest" time="0.01"/>
  <testcase name="MultiThreaded only initializes value once[Iterations: 7,116]" classname="serie2.ex3.CounterModuloTest" time="0.009"/>
  <testcase name="MultiThreaded only initializes value once[Iterations: 7,117]" classname="serie2.ex3.CounterModuloTest" time="0.01"/>
  <testcase name="MultiThreaded only initializes value once[Iterations: 7,118]" classname="serie2.ex3.CounterModuloTest" time="0.008"/>
  <testcase name="MultiThreaded only initializes value once[Iterations: 7,119]" classname="serie2.ex3.CounterModuloTest" time="0.01"/>
  <testcase name="MultiThreaded only initializes value once[Iterations: 7,120]" classname="serie2.ex3.CounterModuloTest" time="0.01"/>
  <testcase name="MultiThreaded only initializes value once[Iterations: 7,121]" classname="serie2.ex3.CounterModuloTest" time="0.009"/>
  <testcase name="MultiThreaded only initializes value once[Iterations: 7,122]" classname="serie2.ex3.CounterModuloTest" time="0.01"/>
  <testcase name="MultiThreaded only initializes value once[Iterations: 7,123]" classname="serie2.ex3.CounterModuloTest" time="0.01"/>
  <testcase name="MultiThreaded only initializes value once[Iterations: 7,124]" classname="serie2.ex3.CounterModuloTest" time="0.009"/>
  <testcase name="MultiThreaded only initializes value once[Iterations: 7,125]" classname="serie2.ex3.CounterModuloTest" time="0.009"/>
  <testcase name="MultiThreaded only initializes value once[Iterations: 7,126]" classname="serie2.ex3.CounterModuloTest" time="0.009"/>
  <testcase name="MultiThreaded only initializes value once[Iterations: 7,127]" classname="serie2.ex3.CounterModuloTest" time="0.009"/>
  <testcase name="MultiThreaded only initializes value once[Iterations: 7,128]" classname="serie2.ex3.CounterModuloTest" time="0.009"/>
  <testcase name="MultiThreaded only initializes value once[Iterations: 7,129]" classname="serie2.ex3.CounterModuloTest" time="0.009"/>
  <testcase name="MultiThreaded only initializes value once[Iterations: 7,130]" classname="serie2.ex3.CounterModuloTest" time="0.009"/>
  <testcase name="MultiThreaded only initializes value once[Iterations: 7,131]" classname="serie2.ex3.CounterModuloTest" time="0.01"/>
  <testcase name="MultiThreaded only initializes value once[Iterations: 7,132]" classname="serie2.ex3.CounterModuloTest" time="0.009"/>
  <testcase name="MultiThreaded only initializes value once[Iterations: 7,133]" classname="serie2.ex3.CounterModuloTest" time="0.009"/>
  <testcase name="MultiThreaded only initializes value once[Iterations: 7,134]" classname="serie2.ex3.CounterModuloTest" time="0.009"/>
  <testcase name="MultiThreaded only initializes value once[Iterations: 7,135]" classname="serie2.ex3.CounterModuloTest" time="0.007"/>
  <testcase name="MultiThreaded only initializes value once[Iterations: 7,136]" classname="serie2.ex3.CounterModuloTest" time="0.009"/>
  <testcase name="MultiThreaded only initializes value once[Iterations: 7,137]" classname="serie2.ex3.CounterModuloTest" time="0.01"/>
  <testcase name="MultiThreaded only initializes value once[Iterations: 7,138]" classname="serie2.ex3.CounterModuloTest" time="0.009"/>
  <testcase name="MultiThreaded only initializes value once[Iterations: 7,139]" classname="serie2.ex3.CounterModuloTest" time="0.009"/>
  <testcase name="MultiThreaded only initializes value once[Iterations: 7,140]" classname="serie2.ex3.CounterModuloTest" time="0.012"/>
  <testcase name="MultiThreaded only initializes value once[Iterations: 7,141]" classname="serie2.ex3.CounterModuloTest" time="0.011"/>
  <testcase name="MultiThreaded only initializes value once[Iterations: 7,142]" classname="serie2.ex3.CounterModuloTest" time="0.01"/>
  <testcase name="MultiThreaded only initializes value once[Iterations: 7,143]" classname="serie2.ex3.CounterModuloTest" time="0.009"/>
  <testcase name="MultiThreaded only initializes value once[Iterations: 7,144]" classname="serie2.ex3.CounterModuloTest" time="0.01"/>
  <testcase name="MultiThreaded only initializes value once[Iterations: 7,145]" classname="serie2.ex3.CounterModuloTest" time="0.009"/>
  <testcase name="MultiThreaded only initializes value once[Iterations: 7,146]" classname="serie2.ex3.CounterModuloTest" time="0.01"/>
  <testcase name="MultiThreaded only initializes value once[Iterations: 7,147]" classname="serie2.ex3.CounterModuloTest" time="0.01"/>
  <testcase name="MultiThreaded only initializes value once[Iterations: 7,148]" classname="serie2.ex3.CounterModuloTest" time="0.008"/>
  <testcase name="MultiThreaded only initializes value once[Iterations: 7,149]" classname="serie2.ex3.CounterModuloTest" time="0.009"/>
  <testcase name="MultiThreaded only initializes value once[Iterations: 7,150]" classname="serie2.ex3.CounterModuloTest" time="0.009"/>
  <testcase name="MultiThreaded only initializes value once[Iterations: 7,151]" classname="serie2.ex3.CounterModuloTest" time="0.01"/>
  <testcase name="MultiThreaded only initializes value once[Iterations: 7,152]" classname="serie2.ex3.CounterModuloTest" time="0.009"/>
  <testcase name="MultiThreaded only initializes value once[Iterations: 7,153]" classname="serie2.ex3.CounterModuloTest" time="0.011"/>
  <testcase name="MultiThreaded only initializes value once[Iterations: 7,154]" classname="serie2.ex3.CounterModuloTest" time="0.01"/>
  <testcase name="MultiThreaded only initializes value once[Iterations: 7,155]" classname="serie2.ex3.CounterModuloTest" time="0.01"/>
  <testcase name="MultiThreaded only initializes value once[Iterations: 7,156]" classname="serie2.ex3.CounterModuloTest" time="0.009"/>
  <testcase name="MultiThreaded only initializes value once[Iterations: 7,157]" classname="serie2.ex3.CounterModuloTest" time="0.01"/>
  <testcase name="MultiThreaded only initializes value once[Iterations: 7,158]" classname="serie2.ex3.CounterModuloTest" time="0.009"/>
  <testcase name="MultiThreaded only initializes value once[Iterations: 7,159]" classname="serie2.ex3.CounterModuloTest" time="0.008"/>
  <testcase name="MultiThreaded only initializes value once[Iterations: 7,160]" classname="serie2.ex3.CounterModuloTest" time="0.01"/>
  <testcase name="MultiThreaded only initializes value once[Iterations: 7,161]" classname="serie2.ex3.CounterModuloTest" time="0.009"/>
  <testcase name="MultiThreaded only initializes value once[Iterations: 7,162]" classname="serie2.ex3.CounterModuloTest" time="0.01"/>
  <testcase name="MultiThreaded only initializes value once[Iterations: 7,163]" classname="serie2.ex3.CounterModuloTest" time="0.01"/>
  <testcase name="MultiThreaded only initializes value once[Iterations: 7,164]" classname="serie2.ex3.CounterModuloTest" time="0.01"/>
  <testcase name="MultiThreaded only initializes value once[Iterations: 7,165]" classname="serie2.ex3.CounterModuloTest" time="0.008"/>
  <testcase name="MultiThreaded only initializes value once[Iterations: 7,166]" classname="serie2.ex3.CounterModuloTest" time="0.01"/>
  <testcase name="MultiThreaded only initializes value once[Iterations: 7,167]" classname="serie2.ex3.CounterModuloTest" time="0.009"/>
  <testcase name="MultiThreaded only initializes value once[Iterations: 7,168]" classname="serie2.ex3.CounterModuloTest" time="0.014"/>
  <testcase name="MultiThreaded only initializes value once[Iterations: 7,169]" classname="serie2.ex3.CounterModuloTest" time="0.009"/>
  <testcase name="MultiThreaded only initializes value once[Iterations: 7,170]" classname="serie2.ex3.CounterModuloTest" time="0.012"/>
  <testcase name="MultiThreaded only initializes value once[Iterations: 7,171]" classname="serie2.ex3.CounterModuloTest" time="0.013"/>
  <testcase name="MultiThreaded only initializes value once[Iterations: 7,172]" classname="serie2.ex3.CounterModuloTest" time="0.017"/>
  <testcase name="MultiThreaded only initializes value once[Iterations: 7,173]" classname="serie2.ex3.CounterModuloTest" time="0.017"/>
  <testcase name="MultiThreaded only initializes value once[Iterations: 7,174]" classname="serie2.ex3.CounterModuloTest" time="0.011"/>
  <testcase name="MultiThreaded only initializes value once[Iterations: 7,175]" classname="serie2.ex3.CounterModuloTest" time="0.01"/>
  <testcase name="MultiThreaded only initializes value once[Iterations: 7,176]" classname="serie2.ex3.CounterModuloTest" time="0.01"/>
  <testcase name="MultiThreaded only initializes value once[Iterations: 7,177]" classname="serie2.ex3.CounterModuloTest" time="0.008"/>
  <testcase name="MultiThreaded only initializes value once[Iterations: 7,178]" classname="serie2.ex3.CounterModuloTest" time="0.009"/>
  <testcase name="MultiThreaded only initializes value once[Iterations: 7,179]" classname="serie2.ex3.CounterModuloTest" time="0.01"/>
  <testcase name="MultiThreaded only initializes value once[Iterations: 7,180]" classname="serie2.ex3.CounterModuloTest" time="0.01"/>
  <testcase name="MultiThreaded only initializes value once[Iterations: 7,181]" classname="serie2.ex3.CounterModuloTest" time="0.01"/>
  <testcase name="MultiThreaded only initializes value once[Iterations: 7,182]" classname="serie2.ex3.CounterModuloTest" time="0.01"/>
  <testcase name="MultiThreaded only initializes value once[Iterations: 7,183]" classname="serie2.ex3.CounterModuloTest" time="0.01"/>
  <testcase name="MultiThreaded only initializes value once[Iterations: 7,184]" classname="serie2.ex3.CounterModuloTest" time="0.01"/>
  <testcase name="MultiThreaded only initializes value once[Iterations: 7,185]" classname="serie2.ex3.CounterModuloTest" time="0.009"/>
  <testcase name="MultiThreaded only initializes value once[Iterations: 7,186]" classname="serie2.ex3.CounterModuloTest" time="0.011"/>
  <testcase name="MultiThreaded only initializes value once[Iterations: 7,187]" classname="serie2.ex3.CounterModuloTest" time="0.011"/>
  <testcase name="MultiThreaded only initializes value once[Iterations: 7,188]" classname="serie2.ex3.CounterModuloTest" time="0.01"/>
  <testcase name="MultiThreaded only initializes value once[Iterations: 7,189]" classname="serie2.ex3.CounterModuloTest" time="0.013"/>
  <testcase name="MultiThreaded only initializes value once[Iterations: 7,190]" classname="serie2.ex3.CounterModuloTest" time="0.012"/>
  <testcase name="MultiThreaded only initializes value once[Iterations: 7,191]" classname="serie2.ex3.CounterModuloTest" time="0.012"/>
  <testcase name="MultiThreaded only initializes value once[Iterations: 7,192]" classname="serie2.ex3.CounterModuloTest" time="0.01"/>
  <testcase name="MultiThreaded only initializes value once[Iterations: 7,193]" classname="serie2.ex3.CounterModuloTest" time="0.012"/>
  <testcase name="MultiThreaded only initializes value once[Iterations: 7,194]" classname="serie2.ex3.CounterModuloTest" time="0.01"/>
  <testcase name="MultiThreaded only initializes value once[Iterations: 7,195]" classname="serie2.ex3.CounterModuloTest" time="0.008"/>
  <testcase name="MultiThreaded only initializes value once[Iterations: 7,196]" classname="serie2.ex3.CounterModuloTest" time="0.009"/>
  <testcase name="MultiThreaded only initializes value once[Iterations: 7,197]" classname="serie2.ex3.CounterModuloTest" time="0.01"/>
  <testcase name="MultiThreaded only initializes value once[Iterations: 7,198]" classname="serie2.ex3.CounterModuloTest" time="0.009"/>
  <testcase name="MultiThreaded only initializes value once[Iterations: 7,199]" classname="serie2.ex3.CounterModuloTest" time="0.011"/>
  <testcase name="MultiThreaded only initializes value once[Iterations: 7,200]" classname="serie2.ex3.CounterModuloTest" time="0.009"/>
  <testcase name="MultiThreaded only initializes value once[Iterations: 7,201]" classname="serie2.ex3.CounterModuloTest" time="0.011"/>
  <testcase name="MultiThreaded only initializes value once[Iterations: 7,202]" classname="serie2.ex3.CounterModuloTest" time="0.009"/>
  <testcase name="MultiThreaded only initializes value once[Iterations: 7,203]" classname="serie2.ex3.CounterModuloTest" time="0.01"/>
  <testcase name="MultiThreaded only initializes value once[Iterations: 7,204]" classname="serie2.ex3.CounterModuloTest" time="0.009"/>
  <testcase name="MultiThreaded only initializes value once[Iterations: 7,205]" classname="serie2.ex3.CounterModuloTest" time="0.009"/>
  <testcase name="MultiThreaded only initializes value once[Iterations: 7,206]" classname="serie2.ex3.CounterModuloTest" time="0.01"/>
  <testcase name="MultiThreaded only initializes value once[Iterations: 7,207]" classname="serie2.ex3.CounterModuloTest" time="0.01"/>
  <testcase name="MultiThreaded only initializes value once[Iterations: 7,208]" classname="serie2.ex3.CounterModuloTest" time="0.011"/>
  <testcase name="MultiThreaded only initializes value once[Iterations: 7,209]" classname="serie2.ex3.CounterModuloTest" time="0.01"/>
  <testcase name="MultiThreaded only initializes value once[Iterations: 7,210]" classname="serie2.ex3.CounterModuloTest" time="0.009"/>
  <testcase name="MultiThreaded only initializes value once[Iterations: 7,211]" classname="serie2.ex3.CounterModuloTest" time="0.008"/>
  <testcase name="MultiThreaded only initializes value once[Iterations: 7,212]" classname="serie2.ex3.CounterModuloTest" time="0.009"/>
  <testcase name="MultiThreaded only initializes value once[Iterations: 7,213]" classname="serie2.ex3.CounterModuloTest" time="0.009"/>
  <testcase name="MultiThreaded only initializes value once[Iterations: 7,214]" classname="serie2.ex3.CounterModuloTest" time="0.011"/>
  <testcase name="MultiThreaded only initializes value once[Iterations: 7,215]" classname="serie2.ex3.CounterModuloTest" time="0.01"/>
  <testcase name="MultiThreaded only initializes value once[Iterations: 7,216]" classname="serie2.ex3.CounterModuloTest" time="0.009"/>
  <testcase name="MultiThreaded only initializes value once[Iterations: 7,217]" classname="serie2.ex3.CounterModuloTest" time="0.011"/>
  <testcase name="MultiThreaded only initializes value once[Iterations: 7,218]" classname="serie2.ex3.CounterModuloTest" time="0.01"/>
  <testcase name="MultiThreaded only initializes value once[Iterations: 7,219]" classname="serie2.ex3.CounterModuloTest" time="0.01"/>
  <testcase name="MultiThreaded only initializes value once[Iterations: 7,220]" classname="serie2.ex3.CounterModuloTest" time="0.01"/>
  <testcase name="MultiThreaded only initializes value once[Iterations: 7,221]" classname="serie2.ex3.CounterModuloTest" time="0.009"/>
  <testcase name="MultiThreaded only initializes value once[Iterations: 7,222]" classname="serie2.ex3.CounterModuloTest" time="0.01"/>
  <testcase name="MultiThreaded only initializes value once[Iterations: 7,223]" classname="serie2.ex3.CounterModuloTest" time="0.008"/>
  <testcase name="MultiThreaded only initializes value once[Iterations: 7,224]" classname="serie2.ex3.CounterModuloTest" time="0.009"/>
  <testcase name="MultiThreaded only initializes value once[Iterations: 7,225]" classname="serie2.ex3.CounterModuloTest" time="0.009"/>
  <testcase name="MultiThreaded only initializes value once[Iterations: 7,226]" classname="serie2.ex3.CounterModuloTest" time="0.009"/>
  <testcase name="MultiThreaded only initializes value once[Iterations: 7,227]" classname="serie2.ex3.CounterModuloTest" time="0.01"/>
  <testcase name="MultiThreaded only initializes value once[Iterations: 7,228]" classname="serie2.ex3.CounterModuloTest" time="0.009"/>
  <testcase name="MultiThreaded only initializes value once[Iterations: 7,229]" classname="serie2.ex3.CounterModuloTest" time="0.009"/>
  <testcase name="MultiThreaded only initializes value once[Iterations: 7,230]" classname="serie2.ex3.CounterModuloTest" time="0.009"/>
  <testcase name="MultiThreaded only initializes value once[Iterations: 7,231]" classname="serie2.ex3.CounterModuloTest" time="0.013"/>
  <testcase name="MultiThreaded only initializes value once[Iterations: 7,232]" classname="serie2.ex3.CounterModuloTest" time="0.009"/>
  <testcase name="MultiThreaded only initializes value once[Iterations: 7,233]" classname="serie2.ex3.CounterModuloTest" time="0.01"/>
  <testcase name="MultiThreaded only initializes value once[Iterations: 7,234]" classname="serie2.ex3.CounterModuloTest" time="0.01"/>
  <testcase name="MultiThreaded only initializes value once[Iterations: 7,235]" classname="serie2.ex3.CounterModuloTest" time="0.011"/>
  <testcase name="MultiThreaded only initializes value once[Iterations: 7,236]" classname="serie2.ex3.CounterModuloTest" time="0.01"/>
  <testcase name="MultiThreaded only initializes value once[Iterations: 7,237]" classname="serie2.ex3.CounterModuloTest" time="0.011"/>
  <testcase name="MultiThreaded only initializes value once[Iterations: 7,238]" classname="serie2.ex3.CounterModuloTest" time="0.009"/>
  <testcase name="MultiThreaded only initializes value once[Iterations: 7,239]" classname="serie2.ex3.CounterModuloTest" time="0.011"/>
  <testcase name="MultiThreaded only initializes value once[Iterations: 7,240]" classname="serie2.ex3.CounterModuloTest" time="0.01"/>
  <testcase name="MultiThreaded only initializes value once[Iterations: 7,241]" classname="serie2.ex3.CounterModuloTest" time="0.011"/>
  <testcase name="MultiThreaded only initializes value once[Iterations: 7,242]" classname="serie2.ex3.CounterModuloTest" time="0.013"/>
  <testcase name="MultiThreaded only initializes value once[Iterations: 7,243]" classname="serie2.ex3.CounterModuloTest" time="0.011"/>
  <testcase name="MultiThreaded only initializes value once[Iterations: 7,244]" classname="serie2.ex3.CounterModuloTest" time="0.011"/>
  <testcase name="MultiThreaded only initializes value once[Iterations: 7,245]" classname="serie2.ex3.CounterModuloTest" time="0.01"/>
  <testcase name="MultiThreaded only initializes value once[Iterations: 7,246]" classname="serie2.ex3.CounterModuloTest" time="0.012"/>
  <testcase name="MultiThreaded only initializes value once[Iterations: 7,247]" classname="serie2.ex3.CounterModuloTest" time="0.01"/>
  <testcase name="MultiThreaded only initializes value once[Iterations: 7,248]" classname="serie2.ex3.CounterModuloTest" time="0.011"/>
  <testcase name="MultiThreaded only initializes value once[Iterations: 7,249]" classname="serie2.ex3.CounterModuloTest" time="0.011"/>
  <testcase name="MultiThreaded only initializes value once[Iterations: 7,250]" classname="serie2.ex3.CounterModuloTest" time="0.014"/>
  <testcase name="MultiThreaded only initializes value once[Iterations: 7,251]" classname="serie2.ex3.CounterModuloTest" time="0.019"/>
  <testcase name="MultiThreaded only initializes value once[Iterations: 7,252]" classname="serie2.ex3.CounterModuloTest" time="0.014"/>
  <testcase name="MultiThreaded only initializes value once[Iterations: 7,253]" classname="serie2.ex3.CounterModuloTest" time="0.013"/>
  <testcase name="MultiThreaded only initializes value once[Iterations: 7,254]" classname="serie2.ex3.CounterModuloTest" time="0.01"/>
  <testcase name="MultiThreaded only initializes value once[Iterations: 7,255]" classname="serie2.ex3.CounterModuloTest" time="0.01"/>
  <testcase name="MultiThreaded only initializes value once[Iterations: 7,256]" classname="serie2.ex3.CounterModuloTest" time="0.013"/>
  <testcase name="MultiThreaded only initializes value once[Iterations: 7,257]" classname="serie2.ex3.CounterModuloTest" time="0.013"/>
  <testcase name="MultiThreaded only initializes value once[Iterations: 7,258]" classname="serie2.ex3.CounterModuloTest" time="0.011"/>
  <testcase name="MultiThreaded only initializes value once[Iterations: 7,259]" classname="serie2.ex3.CounterModuloTest" time="0.012"/>
  <testcase name="MultiThreaded only initializes value once[Iterations: 7,260]" classname="serie2.ex3.CounterModuloTest" time="0.012"/>
  <testcase name="MultiThreaded only initializes value once[Iterations: 7,261]" classname="serie2.ex3.CounterModuloTest" time="0.009"/>
  <testcase name="MultiThreaded only initializes value once[Iterations: 7,262]" classname="serie2.ex3.CounterModuloTest" time="0.012"/>
  <testcase name="MultiThreaded only initializes value once[Iterations: 7,263]" classname="serie2.ex3.CounterModuloTest" time="0.013"/>
  <testcase name="MultiThreaded only initializes value once[Iterations: 7,264]" classname="serie2.ex3.CounterModuloTest" time="0.014"/>
  <testcase name="MultiThreaded only initializes value once[Iterations: 7,265]" classname="serie2.ex3.CounterModuloTest" time="0.013"/>
  <testcase name="MultiThreaded only initializes value once[Iterations: 7,266]" classname="serie2.ex3.CounterModuloTest" time="0.015"/>
  <testcase name="MultiThreaded only initializes value once[Iterations: 7,267]" classname="serie2.ex3.CounterModuloTest" time="0.014"/>
  <testcase name="MultiThreaded only initializes value once[Iterations: 7,268]" classname="serie2.ex3.CounterModuloTest" time="0.013"/>
  <testcase name="MultiThreaded only initializes value once[Iterations: 7,269]" classname="serie2.ex3.CounterModuloTest" time="0.013"/>
  <testcase name="MultiThreaded only initializes value once[Iterations: 7,270]" classname="serie2.ex3.CounterModuloTest" time="0.013"/>
  <testcase name="MultiThreaded only initializes value once[Iterations: 7,271]" classname="serie2.ex3.CounterModuloTest" time="0.016"/>
  <testcase name="MultiThreaded only initializes value once[Iterations: 7,272]" classname="serie2.ex3.CounterModuloTest" time="0.015"/>
  <testcase name="MultiThreaded only initializes value once[Iterations: 7,273]" classname="serie2.ex3.CounterModuloTest" time="0.013"/>
  <testcase name="MultiThreaded only initializes value once[Iterations: 7,274]" classname="serie2.ex3.CounterModuloTest" time="0.013"/>
  <testcase name="MultiThreaded only initializes value once[Iterations: 7,275]" classname="serie2.ex3.CounterModuloTest" time="0.011"/>
  <testcase name="MultiThreaded only initializes value once[Iterations: 7,276]" classname="serie2.ex3.CounterModuloTest" time="0.014"/>
  <testcase name="MultiThreaded only initializes value once[Iterations: 7,277]" classname="serie2.ex3.CounterModuloTest" time="0.01"/>
  <testcase name="MultiThreaded only initializes value once[Iterations: 7,278]" classname="serie2.ex3.CounterModuloTest" time="0.016"/>
  <testcase name="MultiThreaded only initializes value once[Iterations: 7,279]" classname="serie2.ex3.CounterModuloTest" time="0.011"/>
  <testcase name="MultiThreaded only initializes value once[Iterations: 7,280]" classname="serie2.ex3.CounterModuloTest" time="0.011"/>
  <testcase name="MultiThreaded only initializes value once[Iterations: 7,281]" classname="serie2.ex3.CounterModuloTest" time="0.012"/>
  <testcase name="MultiThreaded only initializes value once[Iterations: 7,282]" classname="serie2.ex3.CounterModuloTest" time="0.011"/>
  <testcase name="MultiThreaded only initializes value once[Iterations: 7,283]" classname="serie2.ex3.CounterModuloTest" time="0.011"/>
  <testcase name="MultiThreaded only initializes value once[Iterations: 7,284]" classname="serie2.ex3.CounterModuloTest" time="0.011"/>
  <testcase name="MultiThreaded only initializes value once[Iterations: 7,285]" classname="serie2.ex3.CounterModuloTest" time="0.011"/>
  <testcase name="MultiThreaded only initializes value once[Iterations: 7,286]" classname="serie2.ex3.CounterModuloTest" time="0.01"/>
  <testcase name="MultiThreaded only initializes value once[Iterations: 7,287]" classname="serie2.ex3.CounterModuloTest" time="0.011"/>
  <testcase name="MultiThreaded only initializes value once[Iterations: 7,288]" classname="serie2.ex3.CounterModuloTest" time="0.011"/>
  <testcase name="MultiThreaded only initializes value once[Iterations: 7,289]" classname="serie2.ex3.CounterModuloTest" time="0.011"/>
  <testcase name="MultiThreaded only initializes value once[Iterations: 7,290]" classname="serie2.ex3.CounterModuloTest" time="0.01"/>
  <testcase name="MultiThreaded only initializes value once[Iterations: 7,291]" classname="serie2.ex3.CounterModuloTest" time="0.012"/>
  <testcase name="MultiThreaded only initializes value once[Iterations: 7,292]" classname="serie2.ex3.CounterModuloTest" time="0.011"/>
  <testcase name="MultiThreaded only initializes value once[Iterations: 7,293]" classname="serie2.ex3.CounterModuloTest" time="0.012"/>
  <testcase name="MultiThreaded only initializes value once[Iterations: 7,294]" classname="serie2.ex3.CounterModuloTest" time="0.01"/>
  <testcase name="MultiThreaded only initializes value once[Iterations: 7,295]" classname="serie2.ex3.CounterModuloTest" time="0.013"/>
  <testcase name="MultiThreaded only initializes value once[Iterations: 7,296]" classname="serie2.ex3.CounterModuloTest" time="0.011"/>
  <testcase name="MultiThreaded only initializes value once[Iterations: 7,297]" classname="serie2.ex3.CounterModuloTest" time="0.011"/>
  <testcase name="MultiThreaded only initializes value once[Iterations: 7,298]" classname="serie2.ex3.CounterModuloTest" time="0.011"/>
  <testcase name="MultiThreaded only initializes value once[Iterations: 7,299]" classname="serie2.ex3.CounterModuloTest" time="0.011"/>
  <testcase name="MultiThreaded only initializes value once[Iterations: 7,300]" classname="serie2.ex3.CounterModuloTest" time="0.012"/>
  <testcase name="MultiThreaded only initializes value once[Iterations: 7,301]" classname="serie2.ex3.CounterModuloTest" time="0.015"/>
  <testcase name="MultiThreaded only initializes value once[Iterations: 7,302]" classname="serie2.ex3.CounterModuloTest" time="0.012"/>
  <testcase name="MultiThreaded only initializes value once[Iterations: 7,303]" classname="serie2.ex3.CounterModuloTest" time="0.012"/>
  <testcase name="MultiThreaded only initializes value once[Iterations: 7,304]" classname="serie2.ex3.CounterModuloTest" time="0.011"/>
  <testcase name="MultiThreaded only initializes value once[Iterations: 7,305]" classname="serie2.ex3.CounterModuloTest" time="0.012"/>
  <testcase name="MultiThreaded only initializes value once[Iterations: 7,306]" classname="serie2.ex3.CounterModuloTest" time="0.012"/>
  <testcase name="MultiThreaded only initializes value once[Iterations: 7,307]" classname="serie2.ex3.CounterModuloTest" time="0.016"/>
  <testcase name="MultiThreaded only initializes value once[Iterations: 7,308]" classname="serie2.ex3.CounterModuloTest" time="0.014"/>
  <testcase name="MultiThreaded only initializes value once[Iterations: 7,309]" classname="serie2.ex3.CounterModuloTest" time="0.012"/>
  <testcase name="MultiThreaded only initializes value once[Iterations: 7,310]" classname="serie2.ex3.CounterModuloTest" time="0.012"/>
  <testcase name="MultiThreaded only initializes value once[Iterations: 7,311]" classname="serie2.ex3.CounterModuloTest" time="0.012"/>
  <testcase name="MultiThreaded only initializes value once[Iterations: 7,312]" classname="serie2.ex3.CounterModuloTest" time="0.011"/>
  <testcase name="MultiThreaded only initializes value once[Iterations: 7,313]" classname="serie2.ex3.CounterModuloTest" time="0.013"/>
  <testcase name="MultiThreaded only initializes value once[Iterations: 7,314]" classname="serie2.ex3.CounterModuloTest" time="0.011"/>
  <testcase name="MultiThreaded only initializes value once[Iterations: 7,315]" classname="serie2.ex3.CounterModuloTest" time="0.011"/>
  <testcase name="MultiThreaded only initializes value once[Iterations: 7,316]" classname="serie2.ex3.CounterModuloTest" time="0.012"/>
  <testcase name="MultiThreaded only initializes value once[Iterations: 7,317]" classname="serie2.ex3.CounterModuloTest" time="0.013"/>
  <testcase name="MultiThreaded only initializes value once[Iterations: 7,318]" classname="serie2.ex3.CounterModuloTest" time="0.012"/>
  <testcase name="MultiThreaded only initializes value once[Iterations: 7,319]" classname="serie2.ex3.CounterModuloTest" time="0.011"/>
  <testcase name="MultiThreaded only initializes value once[Iterations: 7,320]" classname="serie2.ex3.CounterModuloTest" time="0.012"/>
  <testcase name="MultiThreaded only initializes value once[Iterations: 7,321]" classname="serie2.ex3.CounterModuloTest" time="0.011"/>
  <testcase name="MultiThreaded only initializes value once[Iterations: 7,322]" classname="serie2.ex3.CounterModuloTest" time="0.012"/>
  <testcase name="MultiThreaded only initializes value once[Iterations: 7,323]" classname="serie2.ex3.CounterModuloTest" time="0.011"/>
  <testcase name="MultiThreaded only initializes value once[Iterations: 7,324]" classname="serie2.ex3.CounterModuloTest" time="0.011"/>
  <testcase name="MultiThreaded only initializes value once[Iterations: 7,325]" classname="serie2.ex3.CounterModuloTest" time="0.012"/>
  <testcase name="MultiThreaded only initializes value once[Iterations: 7,326]" classname="serie2.ex3.CounterModuloTest" time="0.011"/>
  <testcase name="MultiThreaded only initializes value once[Iterations: 7,327]" classname="serie2.ex3.CounterModuloTest" time="0.013"/>
  <testcase name="MultiThreaded only initializes value once[Iterations: 7,328]" classname="serie2.ex3.CounterModuloTest" time="0.011"/>
  <testcase name="MultiThreaded only initializes value once[Iterations: 7,329]" classname="serie2.ex3.CounterModuloTest" time="0.01"/>
  <testcase name="MultiThreaded only initializes value once[Iterations: 7,330]" classname="serie2.ex3.CounterModuloTest" time="0.01"/>
  <testcase name="MultiThreaded only initializes value once[Iterations: 7,331]" classname="serie2.ex3.CounterModuloTest" time="0.01"/>
  <testcase name="MultiThreaded only initializes value once[Iterations: 7,332]" classname="serie2.ex3.CounterModuloTest" time="0.01"/>
  <testcase name="MultiThreaded only initializes value once[Iterations: 7,333]" classname="serie2.ex3.CounterModuloTest" time="0.01"/>
  <testcase name="MultiThreaded only initializes value once[Iterations: 7,334]" classname="serie2.ex3.CounterModuloTest" time="0.014"/>
  <testcase name="MultiThreaded only initializes value once[Iterations: 7,335]" classname="serie2.ex3.CounterModuloTest" time="0.011"/>
  <testcase name="MultiThreaded only initializes value once[Iterations: 7,336]" classname="serie2.ex3.CounterModuloTest" time="0.009"/>
  <testcase name="MultiThreaded only initializes value once[Iterations: 7,337]" classname="serie2.ex3.CounterModuloTest" time="0.01"/>
  <testcase name="MultiThreaded only initializes value once[Iterations: 7,338]" classname="serie2.ex3.CounterModuloTest" time="0.009"/>
  <testcase name="MultiThreaded only initializes value once[Iterations: 7,339]" classname="serie2.ex3.CounterModuloTest" time="0.01"/>
  <testcase name="MultiThreaded only initializes value once[Iterations: 7,340]" classname="serie2.ex3.CounterModuloTest" time="0.01"/>
  <testcase name="MultiThreaded only initializes value once[Iterations: 7,341]" classname="serie2.ex3.CounterModuloTest" time="0.009"/>
  <testcase name="MultiThreaded only initializes value once[Iterations: 7,342]" classname="serie2.ex3.CounterModuloTest" time="0.009"/>
  <testcase name="MultiThreaded only initializes value once[Iterations: 7,343]" classname="serie2.ex3.CounterModuloTest" time="0.009"/>
  <testcase name="MultiThreaded only initializes value once[Iterations: 7,344]" classname="serie2.ex3.CounterModuloTest" time="0.009"/>
  <testcase name="MultiThreaded only initializes value once[Iterations: 7,345]" classname="serie2.ex3.CounterModuloTest" time="0.009"/>
  <testcase name="MultiThreaded only initializes value once[Iterations: 7,346]" classname="serie2.ex3.CounterModuloTest" time="0.009"/>
  <testcase name="MultiThreaded only initializes value once[Iterations: 7,347]" classname="serie2.ex3.CounterModuloTest" time="0.011"/>
  <testcase name="MultiThreaded only initializes value once[Iterations: 7,348]" classname="serie2.ex3.CounterModuloTest" time="0.011"/>
  <testcase name="MultiThreaded only initializes value once[Iterations: 7,349]" classname="serie2.ex3.CounterModuloTest" time="0.011"/>
  <testcase name="MultiThreaded only initializes value once[Iterations: 7,350]" classname="serie2.ex3.CounterModuloTest" time="0.01"/>
  <testcase name="MultiThreaded only initializes value once[Iterations: 7,351]" classname="serie2.ex3.CounterModuloTest" time="0.011"/>
  <testcase name="MultiThreaded only initializes value once[Iterations: 7,352]" classname="serie2.ex3.CounterModuloTest" time="0.01"/>
  <testcase name="MultiThreaded only initializes value once[Iterations: 7,353]" classname="serie2.ex3.CounterModuloTest" time="0.021"/>
  <testcase name="MultiThreaded only initializes value once[Iterations: 7,354]" classname="serie2.ex3.CounterModuloTest" time="0.043"/>
  <testcase name="MultiThreaded only initializes value once[Iterations: 7,355]" classname="serie2.ex3.CounterModuloTest" time="0.015"/>
  <testcase name="MultiThreaded only initializes value once[Iterations: 7,356]" classname="serie2.ex3.CounterModuloTest" time="0.012"/>
  <testcase name="MultiThreaded only initializes value once[Iterations: 7,357]" classname="serie2.ex3.CounterModuloTest" time="0.01"/>
  <testcase name="MultiThreaded only initializes value once[Iterations: 7,358]" classname="serie2.ex3.CounterModuloTest" time="0.011"/>
  <testcase name="MultiThreaded only initializes value once[Iterations: 7,359]" classname="serie2.ex3.CounterModuloTest" time="0.011"/>
  <testcase name="MultiThreaded only initializes value once[Iterations: 7,360]" classname="serie2.ex3.CounterModuloTest" time="0.01"/>
  <testcase name="MultiThreaded only initializes value once[Iterations: 7,361]" classname="serie2.ex3.CounterModuloTest" time="0.01"/>
  <testcase name="MultiThreaded only initializes value once[Iterations: 7,362]" classname="serie2.ex3.CounterModuloTest" time="0.01"/>
  <testcase name="MultiThreaded only initializes value once[Iterations: 7,363]" classname="serie2.ex3.CounterModuloTest" time="0.01"/>
  <testcase name="MultiThreaded only initializes value once[Iterations: 7,364]" classname="serie2.ex3.CounterModuloTest" time="0.009"/>
  <testcase name="MultiThreaded only initializes value once[Iterations: 7,365]" classname="serie2.ex3.CounterModuloTest" time="0.009"/>
  <testcase name="MultiThreaded only initializes value once[Iterations: 7,366]" classname="serie2.ex3.CounterModuloTest" time="0.011"/>
  <testcase name="MultiThreaded only initializes value once[Iterations: 7,367]" classname="serie2.ex3.CounterModuloTest" time="0.011"/>
  <testcase name="MultiThreaded only initializes value once[Iterations: 7,368]" classname="serie2.ex3.CounterModuloTest" time="0.011"/>
  <testcase name="MultiThreaded only initializes value once[Iterations: 7,369]" classname="serie2.ex3.CounterModuloTest" time="0.011"/>
  <testcase name="MultiThreaded only initializes value once[Iterations: 7,370]" classname="serie2.ex3.CounterModuloTest" time="0.016"/>
  <testcase name="MultiThreaded only initializes value once[Iterations: 7,371]" classname="serie2.ex3.CounterModuloTest" time="0.011"/>
  <testcase name="MultiThreaded only initializes value once[Iterations: 7,372]" classname="serie2.ex3.CounterModuloTest" time="0.011"/>
  <testcase name="MultiThreaded only initializes value once[Iterations: 7,373]" classname="serie2.ex3.CounterModuloTest" time="0.014"/>
  <testcase name="MultiThreaded only initializes value once[Iterations: 7,374]" classname="serie2.ex3.CounterModuloTest" time="0.012"/>
  <testcase name="MultiThreaded only initializes value once[Iterations: 7,375]" classname="serie2.ex3.CounterModuloTest" time="0.014"/>
  <testcase name="MultiThreaded only initializes value once[Iterations: 7,376]" classname="serie2.ex3.CounterModuloTest" time="0.013"/>
  <testcase name="MultiThreaded only initializes value once[Iterations: 7,377]" classname="serie2.ex3.CounterModuloTest" time="0.011"/>
  <testcase name="MultiThreaded only initializes value once[Iterations: 7,378]" classname="serie2.ex3.CounterModuloTest" time="0.011"/>
  <testcase name="MultiThreaded only initializes value once[Iterations: 7,379]" classname="serie2.ex3.CounterModuloTest" time="0.01"/>
  <testcase name="MultiThreaded only initializes value once[Iterations: 7,380]" classname="serie2.ex3.CounterModuloTest" time="0.011"/>
  <testcase name="MultiThreaded only initializes value once[Iterations: 7,381]" classname="serie2.ex3.CounterModuloTest" time="0.009"/>
  <testcase name="MultiThreaded only initializes value once[Iterations: 7,382]" classname="serie2.ex3.CounterModuloTest" time="0.011"/>
  <testcase name="MultiThreaded only initializes value once[Iterations: 7,383]" classname="serie2.ex3.CounterModuloTest" time="0.011"/>
  <testcase name="MultiThreaded only initializes value once[Iterations: 7,384]" classname="serie2.ex3.CounterModuloTest" time="0.011"/>
  <testcase name="MultiThreaded only initializes value once[Iterations: 7,385]" classname="serie2.ex3.CounterModuloTest" time="0.01"/>
  <testcase name="MultiThreaded only initializes value once[Iterations: 7,386]" classname="serie2.ex3.CounterModuloTest" time="0.012"/>
  <testcase name="MultiThreaded only initializes value once[Iterations: 7,387]" classname="serie2.ex3.CounterModuloTest" time="0.012"/>
  <testcase name="MultiThreaded only initializes value once[Iterations: 7,388]" classname="serie2.ex3.CounterModuloTest" time="0.011"/>
  <testcase name="MultiThreaded only initializes value once[Iterations: 7,389]" classname="serie2.ex3.CounterModuloTest" time="0.01"/>
  <testcase name="MultiThreaded only initializes value once[Iterations: 7,390]" classname="serie2.ex3.CounterModuloTest" time="0.011"/>
  <testcase name="MultiThreaded only initializes value once[Iterations: 7,391]" classname="serie2.ex3.CounterModuloTest" time="0.009"/>
  <testcase name="MultiThreaded only initializes value once[Iterations: 7,392]" classname="serie2.ex3.CounterModuloTest" time="0.01"/>
  <testcase name="MultiThreaded only initializes value once[Iterations: 7,393]" classname="serie2.ex3.CounterModuloTest" time="0.011"/>
  <testcase name="MultiThreaded only initializes value once[Iterations: 7,394]" classname="serie2.ex3.CounterModuloTest" time="0.011"/>
  <testcase name="MultiThreaded only initializes value once[Iterations: 7,395]" classname="serie2.ex3.CounterModuloTest" time="0.01"/>
  <testcase name="MultiThreaded only initializes value once[Iterations: 7,396]" classname="serie2.ex3.CounterModuloTest" time="0.011"/>
  <testcase name="MultiThreaded only initializes value once[Iterations: 7,397]" classname="serie2.ex3.CounterModuloTest" time="0.011"/>
  <testcase name="MultiThreaded only initializes value once[Iterations: 7,398]" classname="serie2.ex3.CounterModuloTest" time="0.01"/>
  <testcase name="MultiThreaded only initializes value once[Iterations: 7,399]" classname="serie2.ex3.CounterModuloTest" time="0.011"/>
  <testcase name="MultiThreaded only initializes value once[Iterations: 7,400]" classname="serie2.ex3.CounterModuloTest" time="0.011"/>
  <testcase name="MultiThreaded only initializes value once[Iterations: 7,401]" classname="serie2.ex3.CounterModuloTest" time="0.013"/>
  <testcase name="MultiThreaded only initializes value once[Iterations: 7,402]" classname="serie2.ex3.CounterModuloTest" time="0.009"/>
  <testcase name="MultiThreaded only initializes value once[Iterations: 7,403]" classname="serie2.ex3.CounterModuloTest" time="0.011"/>
  <testcase name="MultiThreaded only initializes value once[Iterations: 7,404]" classname="serie2.ex3.CounterModuloTest" time="0.011"/>
  <testcase name="MultiThreaded only initializes value once[Iterations: 7,405]" classname="serie2.ex3.CounterModuloTest" time="0.011"/>
  <testcase name="MultiThreaded only initializes value once[Iterations: 7,406]" classname="serie2.ex3.CounterModuloTest" time="0.01"/>
  <testcase name="MultiThreaded only initializes value once[Iterations: 7,407]" classname="serie2.ex3.CounterModuloTest" time="0.011"/>
  <testcase name="MultiThreaded only initializes value once[Iterations: 7,408]" classname="serie2.ex3.CounterModuloTest" time="0.008"/>
  <testcase name="MultiThreaded only initializes value once[Iterations: 7,409]" classname="serie2.ex3.CounterModuloTest" time="0.01"/>
  <testcase name="MultiThreaded only initializes value once[Iterations: 7,410]" classname="serie2.ex3.CounterModuloTest" time="0.01"/>
  <testcase name="MultiThreaded only initializes value once[Iterations: 7,411]" classname="serie2.ex3.CounterModuloTest" time="0.01"/>
  <testcase name="MultiThreaded only initializes value once[Iterations: 7,412]" classname="serie2.ex3.CounterModuloTest" time="0.011"/>
  <testcase name="MultiThreaded only initializes value once[Iterations: 7,413]" classname="serie2.ex3.CounterModuloTest" time="0.01"/>
  <testcase name="MultiThreaded only initializes value once[Iterations: 7,414]" classname="serie2.ex3.CounterModuloTest" time="0.011"/>
  <testcase name="MultiThreaded only initializes value once[Iterations: 7,415]" classname="serie2.ex3.CounterModuloTest" time="0.009"/>
  <testcase name="MultiThreaded only initializes value once[Iterations: 7,416]" classname="serie2.ex3.CounterModuloTest" time="0.009"/>
  <testcase name="MultiThreaded only initializes value once[Iterations: 7,417]" classname="serie2.ex3.CounterModuloTest" time="0.01"/>
  <testcase name="MultiThreaded only initializes value once[Iterations: 7,418]" classname="serie2.ex3.CounterModuloTest" time="0.01"/>
  <testcase name="MultiThreaded only initializes value once[Iterations: 7,419]" classname="serie2.ex3.CounterModuloTest" time="0.009"/>
  <testcase name="MultiThreaded only initializes value once[Iterations: 7,420]" classname="serie2.ex3.CounterModuloTest" time="0.009"/>
  <testcase name="MultiThreaded only initializes value once[Iterations: 7,421]" classname="serie2.ex3.CounterModuloTest" time="0.01"/>
  <testcase name="MultiThreaded only initializes value once[Iterations: 7,422]" classname="serie2.ex3.CounterModuloTest" time="0.01"/>
  <testcase name="MultiThreaded only initializes value once[Iterations: 7,423]" classname="serie2.ex3.CounterModuloTest" time="0.01"/>
  <testcase name="MultiThreaded only initializes value once[Iterations: 7,424]" classname="serie2.ex3.CounterModuloTest" time="0.011"/>
  <testcase name="MultiThreaded only initializes value once[Iterations: 7,425]" classname="serie2.ex3.CounterModuloTest" time="0.009"/>
  <testcase name="MultiThreaded only initializes value once[Iterations: 7,426]" classname="serie2.ex3.CounterModuloTest" time="0.01"/>
  <testcase name="MultiThreaded only initializes value once[Iterations: 7,427]" classname="serie2.ex3.CounterModuloTest" time="0.009"/>
  <testcase name="MultiThreaded only initializes value once[Iterations: 7,428]" classname="serie2.ex3.CounterModuloTest" time="0.01"/>
  <testcase name="MultiThreaded only initializes value once[Iterations: 7,429]" classname="serie2.ex3.CounterModuloTest" time="0.01"/>
  <testcase name="MultiThreaded only initializes value once[Iterations: 7,430]" classname="serie2.ex3.CounterModuloTest" time="0.009"/>
  <testcase name="MultiThreaded only initializes value once[Iterations: 7,431]" classname="serie2.ex3.CounterModuloTest" time="0.01"/>
  <testcase name="MultiThreaded only initializes value once[Iterations: 7,432]" classname="serie2.ex3.CounterModuloTest" time="0.01"/>
  <testcase name="MultiThreaded only initializes value once[Iterations: 7,433]" classname="serie2.ex3.CounterModuloTest" time="0.008"/>
  <testcase name="MultiThreaded only initializes value once[Iterations: 7,434]" classname="serie2.ex3.CounterModuloTest" time="0.01"/>
  <testcase name="MultiThreaded only initializes value once[Iterations: 7,435]" classname="serie2.ex3.CounterModuloTest" time="0.009"/>
  <testcase name="MultiThreaded only initializes value once[Iterations: 7,436]" classname="serie2.ex3.CounterModuloTest" time="0.014"/>
  <testcase name="MultiThreaded only initializes value once[Iterations: 7,437]" classname="serie2.ex3.CounterModuloTest" time="0.01"/>
  <testcase name="MultiThreaded only initializes value once[Iterations: 7,438]" classname="serie2.ex3.CounterModuloTest" time="0.01"/>
  <testcase name="MultiThreaded only initializes value once[Iterations: 7,439]" classname="serie2.ex3.CounterModuloTest" time="0.01"/>
  <testcase name="MultiThreaded only initializes value once[Iterations: 7,440]" classname="serie2.ex3.CounterModuloTest" time="0.009"/>
  <testcase name="MultiThreaded only initializes value once[Iterations: 7,441]" classname="serie2.ex3.CounterModuloTest" time="0.01"/>
  <testcase name="MultiThreaded only initializes value once[Iterations: 7,442]" classname="serie2.ex3.CounterModuloTest" time="0.009"/>
  <testcase name="MultiThreaded only initializes value once[Iterations: 7,443]" classname="serie2.ex3.CounterModuloTest" time="0.009"/>
  <testcase name="MultiThreaded only initializes value once[Iterations: 7,444]" classname="serie2.ex3.CounterModuloTest" time="0.009"/>
  <testcase name="MultiThreaded only initializes value once[Iterations: 7,445]" classname="serie2.ex3.CounterModuloTest" time="0.01"/>
  <testcase name="MultiThreaded only initializes value once[Iterations: 7,446]" classname="serie2.ex3.CounterModuloTest" time="0.009"/>
  <testcase name="MultiThreaded only initializes value once[Iterations: 7,447]" classname="serie2.ex3.CounterModuloTest" time="0.01"/>
  <testcase name="MultiThreaded only initializes value once[Iterations: 7,448]" classname="serie2.ex3.CounterModuloTest" time="0.01"/>
  <testcase name="MultiThreaded only initializes value once[Iterations: 7,449]" classname="serie2.ex3.CounterModuloTest" time="0.009"/>
  <testcase name="MultiThreaded only initializes value once[Iterations: 7,450]" classname="serie2.ex3.CounterModuloTest" time="0.011"/>
  <testcase name="MultiThreaded only initializes value once[Iterations: 7,451]" classname="serie2.ex3.CounterModuloTest" time="0.009"/>
  <testcase name="MultiThreaded only initializes value once[Iterations: 7,452]" classname="serie2.ex3.CounterModuloTest" time="0.01"/>
  <testcase name="MultiThreaded only initializes value once[Iterations: 7,453]" classname="serie2.ex3.CounterModuloTest" time="0.01"/>
  <testcase name="MultiThreaded only initializes value once[Iterations: 7,454]" classname="serie2.ex3.CounterModuloTest" time="0.01"/>
  <testcase name="MultiThreaded only initializes value once[Iterations: 7,455]" classname="serie2.ex3.CounterModuloTest" time="0.009"/>
  <testcase name="MultiThreaded only initializes value once[Iterations: 7,456]" classname="serie2.ex3.CounterModuloTest" time="0.01"/>
  <testcase name="MultiThreaded only initializes value once[Iterations: 7,457]" classname="serie2.ex3.CounterModuloTest" time="0.009"/>
  <testcase name="MultiThreaded only initializes value once[Iterations: 7,458]" classname="serie2.ex3.CounterModuloTest" time="0.009"/>
  <testcase name="MultiThreaded only initializes value once[Iterations: 7,459]" classname="serie2.ex3.CounterModuloTest" time="0.009"/>
  <testcase name="MultiThreaded only initializes value once[Iterations: 7,460]" classname="serie2.ex3.CounterModuloTest" time="0.009"/>
  <testcase name="MultiThreaded only initializes value once[Iterations: 7,461]" classname="serie2.ex3.CounterModuloTest" time="0.01"/>
  <testcase name="MultiThreaded only initializes value once[Iterations: 7,462]" classname="serie2.ex3.CounterModuloTest" time="0.01"/>
  <testcase name="MultiThreaded only initializes value once[Iterations: 7,463]" classname="serie2.ex3.CounterModuloTest" time="0.009"/>
  <testcase name="MultiThreaded only initializes value once[Iterations: 7,464]" classname="serie2.ex3.CounterModuloTest" time="0.01"/>
  <testcase name="MultiThreaded only initializes value once[Iterations: 7,465]" classname="serie2.ex3.CounterModuloTest" time="0.009"/>
  <testcase name="MultiThreaded only initializes value once[Iterations: 7,466]" classname="serie2.ex3.CounterModuloTest" time="0.009"/>
  <testcase name="MultiThreaded only initializes value once[Iterations: 7,467]" classname="serie2.ex3.CounterModuloTest" time="0.012"/>
  <testcase name="MultiThreaded only initializes value once[Iterations: 7,468]" classname="serie2.ex3.CounterModuloTest" time="0.01"/>
  <testcase name="MultiThreaded only initializes value once[Iterations: 7,469]" classname="serie2.ex3.CounterModuloTest" time="0.009"/>
  <testcase name="MultiThreaded only initializes value once[Iterations: 7,470]" classname="serie2.ex3.CounterModuloTest" time="0.01"/>
  <testcase name="MultiThreaded only initializes value once[Iterations: 7,471]" classname="serie2.ex3.CounterModuloTest" time="0.01"/>
  <testcase name="MultiThreaded only initializes value once[Iterations: 7,472]" classname="serie2.ex3.CounterModuloTest" time="0.009"/>
  <testcase name="MultiThreaded only initializes value once[Iterations: 7,473]" classname="serie2.ex3.CounterModuloTest" time="0.01"/>
  <testcase name="MultiThreaded only initializes value once[Iterations: 7,474]" classname="serie2.ex3.CounterModuloTest" time="0.011"/>
  <testcase name="MultiThreaded only initializes value once[Iterations: 7,475]" classname="serie2.ex3.CounterModuloTest" time="0.014"/>
  <testcase name="MultiThreaded only initializes value once[Iterations: 7,476]" classname="serie2.ex3.CounterModuloTest" time="0.011"/>
  <testcase name="MultiThreaded only initializes value once[Iterations: 7,477]" classname="serie2.ex3.CounterModuloTest" time="0.017"/>
  <testcase name="MultiThreaded only initializes value once[Iterations: 7,478]" classname="serie2.ex3.CounterModuloTest" time="0.014"/>
  <testcase name="MultiThreaded only initializes value once[Iterations: 7,479]" classname="serie2.ex3.CounterModuloTest" time="0.017"/>
  <testcase name="MultiThreaded only initializes value once[Iterations: 7,480]" classname="serie2.ex3.CounterModuloTest" time="0.014"/>
  <testcase name="MultiThreaded only initializes value once[Iterations: 7,481]" classname="serie2.ex3.CounterModuloTest" time="0.012"/>
  <testcase name="MultiThreaded only initializes value once[Iterations: 7,482]" classname="serie2.ex3.CounterModuloTest" time="0.029"/>
  <testcase name="MultiThreaded only initializes value once[Iterations: 7,483]" classname="serie2.ex3.CounterModuloTest" time="0.018"/>
  <testcase name="MultiThreaded only initializes value once[Iterations: 7,484]" classname="serie2.ex3.CounterModuloTest" time="0.017"/>
  <testcase name="MultiThreaded only initializes value once[Iterations: 7,485]" classname="serie2.ex3.CounterModuloTest" time="0.021"/>
  <testcase name="MultiThreaded only initializes value once[Iterations: 7,486]" classname="serie2.ex3.CounterModuloTest" time="0.023"/>
  <testcase name="MultiThreaded only initializes value once[Iterations: 7,487]" classname="serie2.ex3.CounterModuloTest" time="0.021"/>
  <testcase name="MultiThreaded only initializes value once[Iterations: 7,488]" classname="serie2.ex3.CounterModuloTest" time="0.016"/>
  <testcase name="MultiThreaded only initializes value once[Iterations: 7,489]" classname="serie2.ex3.CounterModuloTest" time="0.014"/>
  <testcase name="MultiThreaded only initializes value once[Iterations: 7,490]" classname="serie2.ex3.CounterModuloTest" time="0.019"/>
  <testcase name="MultiThreaded only initializes value once[Iterations: 7,491]" classname="serie2.ex3.CounterModuloTest" time="0.014"/>
  <testcase name="MultiThreaded only initializes value once[Iterations: 7,492]" classname="serie2.ex3.CounterModuloTest" time="0.011"/>
  <testcase name="MultiThreaded only initializes value once[Iterations: 7,493]" classname="serie2.ex3.CounterModuloTest" time="0.011"/>
  <testcase name="MultiThreaded only initializes value once[Iterations: 7,494]" classname="serie2.ex3.CounterModuloTest" time="0.009"/>
  <testcase name="MultiThreaded only initializes value once[Iterations: 7,495]" classname="serie2.ex3.CounterModuloTest" time="0.009"/>
  <testcase name="MultiThreaded only initializes value once[Iterations: 7,496]" classname="serie2.ex3.CounterModuloTest" time="0.01"/>
  <testcase name="MultiThreaded only initializes value once[Iterations: 7,497]" classname="serie2.ex3.CounterModuloTest" time="0.023"/>
  <testcase name="MultiThreaded only initializes value once[Iterations: 7,498]" classname="serie2.ex3.CounterModuloTest" time="0.013"/>
  <testcase name="MultiThreaded only initializes value once[Iterations: 7,499]" classname="serie2.ex3.CounterModuloTest" time="0.012"/>
  <testcase name="MultiThreaded only initializes value once[Iterations: 7,500]" classname="serie2.ex3.CounterModuloTest" time="0.01"/>
  <testcase name="MultiThreaded only initializes value once[Iterations: 7,501]" classname="serie2.ex3.CounterModuloTest" time="0.012"/>
  <testcase name="MultiThreaded only initializes value once[Iterations: 7,502]" classname="serie2.ex3.CounterModuloTest" time="0.01"/>
  <testcase name="MultiThreaded only initializes value once[Iterations: 7,503]" classname="serie2.ex3.CounterModuloTest" time="0.011"/>
  <testcase name="MultiThreaded only initializes value once[Iterations: 7,504]" classname="serie2.ex3.CounterModuloTest" time="0.009"/>
  <testcase name="MultiThreaded only initializes value once[Iterations: 7,505]" classname="serie2.ex3.CounterModuloTest" time="0.011"/>
  <testcase name="MultiThreaded only initializes value once[Iterations: 7,506]" classname="serie2.ex3.CounterModuloTest" time="0.011"/>
  <testcase name="MultiThreaded only initializes value once[Iterations: 7,507]" classname="serie2.ex3.CounterModuloTest" time="0.01"/>
  <testcase name="MultiThreaded only initializes value once[Iterations: 7,508]" classname="serie2.ex3.CounterModuloTest" time="0.015"/>
  <testcase name="MultiThreaded only initializes value once[Iterations: 7,509]" classname="serie2.ex3.CounterModuloTest" time="0.01"/>
  <testcase name="MultiThreaded only initializes value once[Iterations: 7,510]" classname="serie2.ex3.CounterModuloTest" time="0.01"/>
  <testcase name="MultiThreaded only initializes value once[Iterations: 7,511]" classname="serie2.ex3.CounterModuloTest" time="0.011"/>
  <testcase name="MultiThreaded only initializes value once[Iterations: 7,512]" classname="serie2.ex3.CounterModuloTest" time="0.01"/>
  <testcase name="MultiThreaded only initializes value once[Iterations: 7,513]" classname="serie2.ex3.CounterModuloTest" time="0.01"/>
  <testcase name="MultiThreaded only initializes value once[Iterations: 7,514]" classname="serie2.ex3.CounterModuloTest" time="0.012"/>
  <testcase name="MultiThreaded only initializes value once[Iterations: 7,515]" classname="serie2.ex3.CounterModuloTest" time="0.009"/>
  <testcase name="MultiThreaded only initializes value once[Iterations: 7,516]" classname="serie2.ex3.CounterModuloTest" time="0.011"/>
  <testcase name="MultiThreaded only initializes value once[Iterations: 7,517]" classname="serie2.ex3.CounterModuloTest" time="0.009"/>
  <testcase name="MultiThreaded only initializes value once[Iterations: 7,518]" classname="serie2.ex3.CounterModuloTest" time="0.011"/>
  <testcase name="MultiThreaded only initializes value once[Iterations: 7,519]" classname="serie2.ex3.CounterModuloTest" time="0.009"/>
  <testcase name="MultiThreaded only initializes value once[Iterations: 7,520]" classname="serie2.ex3.CounterModuloTest" time="0.01"/>
  <testcase name="MultiThreaded only initializes value once[Iterations: 7,521]" classname="serie2.ex3.CounterModuloTest" time="0.011"/>
  <testcase name="MultiThreaded only initializes value once[Iterations: 7,522]" classname="serie2.ex3.CounterModuloTest" time="0.013"/>
  <testcase name="MultiThreaded only initializes value once[Iterations: 7,523]" classname="serie2.ex3.CounterModuloTest" time="0.014"/>
  <testcase name="MultiThreaded only initializes value once[Iterations: 7,524]" classname="serie2.ex3.CounterModuloTest" time="0.015"/>
  <testcase name="MultiThreaded only initializes value once[Iterations: 7,525]" classname="serie2.ex3.CounterModuloTest" time="0.014"/>
  <testcase name="MultiThreaded only initializes value once[Iterations: 7,526]" classname="serie2.ex3.CounterModuloTest" time="0.012"/>
  <testcase name="MultiThreaded only initializes value once[Iterations: 7,527]" classname="serie2.ex3.CounterModuloTest" time="0.011"/>
  <testcase name="MultiThreaded only initializes value once[Iterations: 7,528]" classname="serie2.ex3.CounterModuloTest" time="0.012"/>
  <testcase name="MultiThreaded only initializes value once[Iterations: 7,529]" classname="serie2.ex3.CounterModuloTest" time="0.011"/>
  <testcase name="MultiThreaded only initializes value once[Iterations: 7,530]" classname="serie2.ex3.CounterModuloTest" time="0.011"/>
  <testcase name="MultiThreaded only initializes value once[Iterations: 7,531]" classname="serie2.ex3.CounterModuloTest" time="0.011"/>
  <testcase name="MultiThreaded only initializes value once[Iterations: 7,532]" classname="serie2.ex3.CounterModuloTest" time="0.01"/>
  <testcase name="MultiThreaded only initializes value once[Iterations: 7,533]" classname="serie2.ex3.CounterModuloTest" time="0.012"/>
  <testcase name="MultiThreaded only initializes value once[Iterations: 7,534]" classname="serie2.ex3.CounterModuloTest" time="0.011"/>
  <testcase name="MultiThreaded only initializes value once[Iterations: 7,535]" classname="serie2.ex3.CounterModuloTest" time="0.01"/>
  <testcase name="MultiThreaded only initializes value once[Iterations: 7,536]" classname="serie2.ex3.CounterModuloTest" time="0.01"/>
  <testcase name="MultiThreaded only initializes value once[Iterations: 7,537]" classname="serie2.ex3.CounterModuloTest" time="0.016"/>
  <testcase name="MultiThreaded only initializes value once[Iterations: 7,538]" classname="serie2.ex3.CounterModuloTest" time="0.011"/>
  <testcase name="MultiThreaded only initializes value once[Iterations: 7,539]" classname="serie2.ex3.CounterModuloTest" time="0.011"/>
  <testcase name="MultiThreaded only initializes value once[Iterations: 7,540]" classname="serie2.ex3.CounterModuloTest" time="0.011"/>
  <testcase name="MultiThreaded only initializes value once[Iterations: 7,541]" classname="serie2.ex3.CounterModuloTest" time="0.01"/>
  <testcase name="MultiThreaded only initializes value once[Iterations: 7,542]" classname="serie2.ex3.CounterModuloTest" time="0.011"/>
  <testcase name="MultiThreaded only initializes value once[Iterations: 7,543]" classname="serie2.ex3.CounterModuloTest" time="0.01"/>
  <testcase name="MultiThreaded only initializes value once[Iterations: 7,544]" classname="serie2.ex3.CounterModuloTest" time="0.011"/>
  <testcase name="MultiThreaded only initializes value once[Iterations: 7,545]" classname="serie2.ex3.CounterModuloTest" time="0.012"/>
  <testcase name="MultiThreaded only initializes value once[Iterations: 7,546]" classname="serie2.ex3.CounterModuloTest" time="0.011"/>
  <testcase name="MultiThreaded only initializes value once[Iterations: 7,547]" classname="serie2.ex3.CounterModuloTest" time="0.01"/>
  <testcase name="MultiThreaded only initializes value once[Iterations: 7,548]" classname="serie2.ex3.CounterModuloTest" time="0.011"/>
  <testcase name="MultiThreaded only initializes value once[Iterations: 7,549]" classname="serie2.ex3.CounterModuloTest" time="0.011"/>
  <testcase name="MultiThreaded only initializes value once[Iterations: 7,550]" classname="serie2.ex3.CounterModuloTest" time="0.013"/>
  <testcase name="MultiThreaded only initializes value once[Iterations: 7,551]" classname="serie2.ex3.CounterModuloTest" time="0.014"/>
  <testcase name="MultiThreaded only initializes value once[Iterations: 7,552]" classname="serie2.ex3.CounterModuloTest" time="0.019"/>
  <testcase name="MultiThreaded only initializes value once[Iterations: 7,553]" classname="serie2.ex3.CounterModuloTest" time="0.014"/>
  <testcase name="MultiThreaded only initializes value once[Iterations: 7,554]" classname="serie2.ex3.CounterModuloTest" time="0.016"/>
  <testcase name="MultiThreaded only initializes value once[Iterations: 7,555]" classname="serie2.ex3.CounterModuloTest" time="0.012"/>
  <testcase name="MultiThreaded only initializes value once[Iterations: 7,556]" classname="serie2.ex3.CounterModuloTest" time="0.017"/>
  <testcase name="MultiThreaded only initializes value once[Iterations: 7,557]" classname="serie2.ex3.CounterModuloTest" time="0.011"/>
  <testcase name="MultiThreaded only initializes value once[Iterations: 7,558]" classname="serie2.ex3.CounterModuloTest" time="0.01"/>
  <testcase name="MultiThreaded only initializes value once[Iterations: 7,559]" classname="serie2.ex3.CounterModuloTest" time="0.011"/>
  <testcase name="MultiThreaded only initializes value once[Iterations: 7,560]" classname="serie2.ex3.CounterModuloTest" time="0.01"/>
  <testcase name="MultiThreaded only initializes value once[Iterations: 7,561]" classname="serie2.ex3.CounterModuloTest" time="0.011"/>
  <testcase name="MultiThreaded only initializes value once[Iterations: 7,562]" classname="serie2.ex3.CounterModuloTest" time="0.013"/>
  <testcase name="MultiThreaded only initializes value once[Iterations: 7,563]" classname="serie2.ex3.CounterModuloTest" time="0.011"/>
  <testcase name="MultiThreaded only initializes value once[Iterations: 7,564]" classname="serie2.ex3.CounterModuloTest" time="0.012"/>
  <testcase name="MultiThreaded only initializes value once[Iterations: 7,565]" classname="serie2.ex3.CounterModuloTest" time="0.011"/>
  <testcase name="MultiThreaded only initializes value once[Iterations: 7,566]" classname="serie2.ex3.CounterModuloTest" time="0.01"/>
  <testcase name="MultiThreaded only initializes value once[Iterations: 7,567]" classname="serie2.ex3.CounterModuloTest" time="0.01"/>
  <testcase name="MultiThreaded only initializes value once[Iterations: 7,568]" classname="serie2.ex3.CounterModuloTest" time="0.011"/>
  <testcase name="MultiThreaded only initializes value once[Iterations: 7,569]" classname="serie2.ex3.CounterModuloTest" time="0.011"/>
  <testcase name="MultiThreaded only initializes value once[Iterations: 7,570]" classname="serie2.ex3.CounterModuloTest" time="0.01"/>
  <testcase name="MultiThreaded only initializes value once[Iterations: 7,571]" classname="serie2.ex3.CounterModuloTest" time="0.011"/>
  <testcase name="MultiThreaded only initializes value once[Iterations: 7,572]" classname="serie2.ex3.CounterModuloTest" time="0.01"/>
  <testcase name="MultiThreaded only initializes value once[Iterations: 7,573]" classname="serie2.ex3.CounterModuloTest" time="0.011"/>
  <testcase name="MultiThreaded only initializes value once[Iterations: 7,574]" classname="serie2.ex3.CounterModuloTest" time="0.01"/>
  <testcase name="MultiThreaded only initializes value once[Iterations: 7,575]" classname="serie2.ex3.CounterModuloTest" time="0.011"/>
  <testcase name="MultiThreaded only initializes value once[Iterations: 7,576]" classname="serie2.ex3.CounterModuloTest" time="0.01"/>
  <testcase name="MultiThreaded only initializes value once[Iterations: 7,577]" classname="serie2.ex3.CounterModuloTest" time="0.011"/>
  <testcase name="MultiThreaded only initializes value once[Iterations: 7,578]" classname="serie2.ex3.CounterModuloTest" time="0.01"/>
  <testcase name="MultiThreaded only initializes value once[Iterations: 7,579]" classname="serie2.ex3.CounterModuloTest" time="0.011"/>
  <testcase name="MultiThreaded only initializes value once[Iterations: 7,580]" classname="serie2.ex3.CounterModuloTest" time="0.011"/>
  <testcase name="MultiThreaded only initializes value once[Iterations: 7,581]" classname="serie2.ex3.CounterModuloTest" time="0.01"/>
  <testcase name="MultiThreaded only initializes value once[Iterations: 7,582]" classname="serie2.ex3.CounterModuloTest" time="0.011"/>
  <testcase name="MultiThreaded only initializes value once[Iterations: 7,583]" classname="serie2.ex3.CounterModuloTest" time="0.011"/>
  <testcase name="MultiThreaded only initializes value once[Iterations: 7,584]" classname="serie2.ex3.CounterModuloTest" time="0.011"/>
  <testcase name="MultiThreaded only initializes value once[Iterations: 7,585]" classname="serie2.ex3.CounterModuloTest" time="0.012"/>
  <testcase name="MultiThreaded only initializes value once[Iterations: 7,586]" classname="serie2.ex3.CounterModuloTest" time="0.009"/>
  <testcase name="MultiThreaded only initializes value once[Iterations: 7,587]" classname="serie2.ex3.CounterModuloTest" time="0.01"/>
  <testcase name="MultiThreaded only initializes value once[Iterations: 7,588]" classname="serie2.ex3.CounterModuloTest" time="0.01"/>
  <testcase name="MultiThreaded only initializes value once[Iterations: 7,589]" classname="serie2.ex3.CounterModuloTest" time="0.01"/>
  <testcase name="MultiThreaded only initializes value once[Iterations: 7,590]" classname="serie2.ex3.CounterModuloTest" time="0.011"/>
  <testcase name="MultiThreaded only initializes value once[Iterations: 7,591]" classname="serie2.ex3.CounterModuloTest" time="0.01"/>
  <testcase name="MultiThreaded only initializes value once[Iterations: 7,592]" classname="serie2.ex3.CounterModuloTest" time="0.01"/>
  <testcase name="MultiThreaded only initializes value once[Iterations: 7,593]" classname="serie2.ex3.CounterModuloTest" time="0.011"/>
  <testcase name="MultiThreaded only initializes value once[Iterations: 7,594]" classname="serie2.ex3.CounterModuloTest" time="0.011"/>
  <testcase name="MultiThreaded only initializes value once[Iterations: 7,595]" classname="serie2.ex3.CounterModuloTest" time="0.01"/>
  <testcase name="MultiThreaded only initializes value once[Iterations: 7,596]" classname="serie2.ex3.CounterModuloTest" time="0.011"/>
  <testcase name="MultiThreaded only initializes value once[Iterations: 7,597]" classname="serie2.ex3.CounterModuloTest" time="0.011"/>
  <testcase name="MultiThreaded only initializes value once[Iterations: 7,598]" classname="serie2.ex3.CounterModuloTest" time="0.01"/>
  <testcase name="MultiThreaded only initializes value once[Iterations: 7,599]" classname="serie2.ex3.CounterModuloTest" time="0.011"/>
  <testcase name="MultiThreaded only initializes value once[Iterations: 7,600]" classname="serie2.ex3.CounterModuloTest" time="0.012"/>
  <testcase name="MultiThreaded only initializes value once[Iterations: 7,601]" classname="serie2.ex3.CounterModuloTest" time="0.01"/>
  <testcase name="MultiThreaded only initializes value once[Iterations: 7,602]" classname="serie2.ex3.CounterModuloTest" time="0.011"/>
  <testcase name="MultiThreaded only initializes value once[Iterations: 7,603]" classname="serie2.ex3.CounterModuloTest" time="0.01"/>
  <testcase name="MultiThreaded only initializes value once[Iterations: 7,604]" classname="serie2.ex3.CounterModuloTest" time="0.011"/>
  <testcase name="MultiThreaded only initializes value once[Iterations: 7,605]" classname="serie2.ex3.CounterModuloTest" time="0.01"/>
  <testcase name="MultiThreaded only initializes value once[Iterations: 7,606]" classname="serie2.ex3.CounterModuloTest" time="0.014"/>
  <testcase name="MultiThreaded only initializes value once[Iterations: 7,607]" classname="serie2.ex3.CounterModuloTest" time="0.011"/>
  <testcase name="MultiThreaded only initializes value once[Iterations: 7,608]" classname="serie2.ex3.CounterModuloTest" time="0.01"/>
  <testcase name="MultiThreaded only initializes value once[Iterations: 7,609]" classname="serie2.ex3.CounterModuloTest" time="0.011"/>
  <testcase name="MultiThreaded only initializes value once[Iterations: 7,610]" classname="serie2.ex3.CounterModuloTest" time="0.01"/>
  <testcase name="MultiThreaded only initializes value once[Iterations: 7,611]" classname="serie2.ex3.CounterModuloTest" time="0.01"/>
  <testcase name="MultiThreaded only initializes value once[Iterations: 7,612]" classname="serie2.ex3.CounterModuloTest" time="0.01"/>
  <testcase name="MultiThreaded only initializes value once[Iterations: 7,613]" classname="serie2.ex3.CounterModuloTest" time="0.011"/>
  <testcase name="MultiThreaded only initializes value once[Iterations: 7,614]" classname="serie2.ex3.CounterModuloTest" time="0.011"/>
  <testcase name="MultiThreaded only initializes value once[Iterations: 7,615]" classname="serie2.ex3.CounterModuloTest" time="0.01"/>
  <testcase name="MultiThreaded only initializes value once[Iterations: 7,616]" classname="serie2.ex3.CounterModuloTest" time="0.011"/>
  <testcase name="MultiThreaded only initializes value once[Iterations: 7,617]" classname="serie2.ex3.CounterModuloTest" time="0.01"/>
  <testcase name="MultiThreaded only initializes value once[Iterations: 7,618]" classname="serie2.ex3.CounterModuloTest" time="0.012"/>
  <testcase name="MultiThreaded only initializes value once[Iterations: 7,619]" classname="serie2.ex3.CounterModuloTest" time="0.011"/>
  <testcase name="MultiThreaded only initializes value once[Iterations: 7,620]" classname="serie2.ex3.CounterModuloTest" time="0.011"/>
  <testcase name="MultiThreaded only initializes value once[Iterations: 7,621]" classname="serie2.ex3.CounterModuloTest" time="0.011"/>
  <testcase name="MultiThreaded only initializes value once[Iterations: 7,622]" classname="serie2.ex3.CounterModuloTest" time="0.011"/>
  <testcase name="MultiThreaded only initializes value once[Iterations: 7,623]" classname="serie2.ex3.CounterModuloTest" time="0.011"/>
  <testcase name="MultiThreaded only initializes value once[Iterations: 7,624]" classname="serie2.ex3.CounterModuloTest" time="0.011"/>
  <testcase name="MultiThreaded only initializes value once[Iterations: 7,625]" classname="serie2.ex3.CounterModuloTest" time="0.01"/>
  <testcase name="MultiThreaded only initializes value once[Iterations: 7,626]" classname="serie2.ex3.CounterModuloTest" time="0.011"/>
  <testcase name="MultiThreaded only initializes value once[Iterations: 7,627]" classname="serie2.ex3.CounterModuloTest" time="0.012"/>
  <testcase name="MultiThreaded only initializes value once[Iterations: 7,628]" classname="serie2.ex3.CounterModuloTest" time="0.011"/>
  <testcase name="MultiThreaded only initializes value once[Iterations: 7,629]" classname="serie2.ex3.CounterModuloTest" time="0.015"/>
  <testcase name="MultiThreaded only initializes value once[Iterations: 7,630]" classname="serie2.ex3.CounterModuloTest" time="0.011"/>
  <testcase name="MultiThreaded only initializes value once[Iterations: 7,631]" classname="serie2.ex3.CounterModuloTest" time="0.011"/>
  <testcase name="MultiThreaded only initializes value once[Iterations: 7,632]" classname="serie2.ex3.CounterModuloTest" time="0.012"/>
  <testcase name="MultiThreaded only initializes value once[Iterations: 7,633]" classname="serie2.ex3.CounterModuloTest" time="0.01"/>
  <testcase name="MultiThreaded only initializes value once[Iterations: 7,634]" classname="serie2.ex3.CounterModuloTest" time="0.011"/>
  <testcase name="MultiThreaded only initializes value once[Iterations: 7,635]" classname="serie2.ex3.CounterModuloTest" time="0.012"/>
  <testcase name="MultiThreaded only initializes value once[Iterations: 7,636]" classname="serie2.ex3.CounterModuloTest" time="0.011"/>
  <testcase name="MultiThreaded only initializes value once[Iterations: 7,637]" classname="serie2.ex3.CounterModuloTest" time="0.01"/>
  <testcase name="MultiThreaded only initializes value once[Iterations: 7,638]" classname="serie2.ex3.CounterModuloTest" time="0.011"/>
  <testcase name="MultiThreaded only initializes value once[Iterations: 7,639]" classname="serie2.ex3.CounterModuloTest" time="0.01"/>
  <testcase name="MultiThreaded only initializes value once[Iterations: 7,640]" classname="serie2.ex3.CounterModuloTest" time="0.009"/>
  <testcase name="MultiThreaded only initializes value once[Iterations: 7,641]" classname="serie2.ex3.CounterModuloTest" time="0.01"/>
  <testcase name="MultiThreaded only initializes value once[Iterations: 7,642]" classname="serie2.ex3.CounterModuloTest" time="0.011"/>
  <testcase name="MultiThreaded only initializes value once[Iterations: 7,643]" classname="serie2.ex3.CounterModuloTest" time="0.01"/>
  <testcase name="MultiThreaded only initializes value once[Iterations: 7,644]" classname="serie2.ex3.CounterModuloTest" time="0.011"/>
  <testcase name="MultiThreaded only initializes value once[Iterations: 7,645]" classname="serie2.ex3.CounterModuloTest" time="0.011"/>
  <testcase name="MultiThreaded only initializes value once[Iterations: 7,646]" classname="serie2.ex3.CounterModuloTest" time="0.011"/>
  <testcase name="MultiThreaded only initializes value once[Iterations: 7,647]" classname="serie2.ex3.CounterModuloTest" time="0.012"/>
  <testcase name="MultiThreaded only initializes value once[Iterations: 7,648]" classname="serie2.ex3.CounterModuloTest" time="0.01"/>
  <testcase name="MultiThreaded only initializes value once[Iterations: 7,649]" classname="serie2.ex3.CounterModuloTest" time="0.011"/>
  <testcase name="MultiThreaded only initializes value once[Iterations: 7,650]" classname="serie2.ex3.CounterModuloTest" time="0.01"/>
  <testcase name="MultiThreaded only initializes value once[Iterations: 7,651]" classname="serie2.ex3.CounterModuloTest" time="0.01"/>
  <testcase name="MultiThreaded only initializes value once[Iterations: 7,652]" classname="serie2.ex3.CounterModuloTest" time="0.01"/>
  <testcase name="MultiThreaded only initializes value once[Iterations: 7,653]" classname="serie2.ex3.CounterModuloTest" time="0.011"/>
  <testcase name="MultiThreaded only initializes value once[Iterations: 7,654]" classname="serie2.ex3.CounterModuloTest" time="0.01"/>
  <testcase name="MultiThreaded only initializes value once[Iterations: 7,655]" classname="serie2.ex3.CounterModuloTest" time="0.011"/>
  <testcase name="MultiThreaded only initializes value once[Iterations: 7,656]" classname="serie2.ex3.CounterModuloTest" time="0.011"/>
  <testcase name="MultiThreaded only initializes value once[Iterations: 7,657]" classname="serie2.ex3.CounterModuloTest" time="0.01"/>
  <testcase name="MultiThreaded only initializes value once[Iterations: 7,658]" classname="serie2.ex3.CounterModuloTest" time="0.01"/>
  <testcase name="MultiThreaded only initializes value once[Iterations: 7,659]" classname="serie2.ex3.CounterModuloTest" time="0.012"/>
  <testcase name="MultiThreaded only initializes value once[Iterations: 7,660]" classname="serie2.ex3.CounterModuloTest" time="0.011"/>
  <testcase name="MultiThreaded only initializes value once[Iterations: 7,661]" classname="serie2.ex3.CounterModuloTest" time="0.011"/>
  <testcase name="MultiThreaded only initializes value once[Iterations: 7,662]" classname="serie2.ex3.CounterModuloTest" time="0.015"/>
  <testcase name="MultiThreaded only initializes value once[Iterations: 7,663]" classname="serie2.ex3.CounterModuloTest" time="0.013"/>
  <testcase name="MultiThreaded only initializes value once[Iterations: 7,664]" classname="serie2.ex3.CounterModuloTest" time="0.021"/>
  <testcase name="MultiThreaded only initializes value once[Iterations: 7,665]" classname="serie2.ex3.CounterModuloTest" time="0.013"/>
  <testcase name="MultiThreaded only initializes value once[Iterations: 7,666]" classname="serie2.ex3.CounterModuloTest" time="0.014"/>
  <testcase name="MultiThreaded only initializes value once[Iterations: 7,667]" classname="serie2.ex3.CounterModuloTest" time="0.011"/>
  <testcase name="MultiThreaded only initializes value once[Iterations: 7,668]" classname="serie2.ex3.CounterModuloTest" time="0.01"/>
  <testcase name="MultiThreaded only initializes value once[Iterations: 7,669]" classname="serie2.ex3.CounterModuloTest" time="0.014"/>
  <testcase name="MultiThreaded only initializes value once[Iterations: 7,670]" classname="serie2.ex3.CounterModuloTest" time="0.012"/>
  <testcase name="MultiThreaded only initializes value once[Iterations: 7,671]" classname="serie2.ex3.CounterModuloTest" time="0.012"/>
  <testcase name="MultiThreaded only initializes value once[Iterations: 7,672]" classname="serie2.ex3.CounterModuloTest" time="0.01"/>
  <testcase name="MultiThreaded only initializes value once[Iterations: 7,673]" classname="serie2.ex3.CounterModuloTest" time="0.012"/>
  <testcase name="MultiThreaded only initializes value once[Iterations: 7,674]" classname="serie2.ex3.CounterModuloTest" time="0.012"/>
  <testcase name="MultiThreaded only initializes value once[Iterations: 7,675]" classname="serie2.ex3.CounterModuloTest" time="0.01"/>
  <testcase name="MultiThreaded only initializes value once[Iterations: 7,676]" classname="serie2.ex3.CounterModuloTest" time="0.011"/>
  <testcase name="MultiThreaded only initializes value once[Iterations: 7,677]" classname="serie2.ex3.CounterModuloTest" time="0.011"/>
  <testcase name="MultiThreaded only initializes value once[Iterations: 7,678]" classname="serie2.ex3.CounterModuloTest" time="0.013"/>
  <testcase name="MultiThreaded only initializes value once[Iterations: 7,679]" classname="serie2.ex3.CounterModuloTest" time="0.015"/>
  <testcase name="MultiThreaded only initializes value once[Iterations: 7,680]" classname="serie2.ex3.CounterModuloTest" time="0.012"/>
  <testcase name="MultiThreaded only initializes value once[Iterations: 7,681]" classname="serie2.ex3.CounterModuloTest" time="0.01"/>
  <testcase name="MultiThreaded only initializes value once[Iterations: 7,682]" classname="serie2.ex3.CounterModuloTest" time="0.012"/>
  <testcase name="MultiThreaded only initializes value once[Iterations: 7,683]" classname="serie2.ex3.CounterModuloTest" time="0.011"/>
  <testcase name="MultiThreaded only initializes value once[Iterations: 7,684]" classname="serie2.ex3.CounterModuloTest" time="0.01"/>
  <testcase name="MultiThreaded only initializes value once[Iterations: 7,685]" classname="serie2.ex3.CounterModuloTest" time="0.011"/>
  <testcase name="MultiThreaded only initializes value once[Iterations: 7,686]" classname="serie2.ex3.CounterModuloTest" time="0.01"/>
  <testcase name="MultiThreaded only initializes value once[Iterations: 7,687]" classname="serie2.ex3.CounterModuloTest" time="0.012"/>
  <testcase name="MultiThreaded only initializes value once[Iterations: 7,688]" classname="serie2.ex3.CounterModuloTest" time="0.011"/>
  <testcase name="MultiThreaded only initializes value once[Iterations: 7,689]" classname="serie2.ex3.CounterModuloTest" time="0.011"/>
  <testcase name="MultiThreaded only initializes value once[Iterations: 7,690]" classname="serie2.ex3.CounterModuloTest" time="0.011"/>
  <testcase name="MultiThreaded only initializes value once[Iterations: 7,691]" classname="serie2.ex3.CounterModuloTest" time="0.011"/>
  <testcase name="MultiThreaded only initializes value once[Iterations: 7,692]" classname="serie2.ex3.CounterModuloTest" time="0.011"/>
  <testcase name="MultiThreaded only initializes value once[Iterations: 7,693]" classname="serie2.ex3.CounterModuloTest" time="0.01"/>
  <testcase name="MultiThreaded only initializes value once[Iterations: 7,694]" classname="serie2.ex3.CounterModuloTest" time="0.012"/>
  <testcase name="MultiThreaded only initializes value once[Iterations: 7,695]" classname="serie2.ex3.CounterModuloTest" time="0.012"/>
  <testcase name="MultiThreaded only initializes value once[Iterations: 7,696]" classname="serie2.ex3.CounterModuloTest" time="0.011"/>
  <testcase name="MultiThreaded only initializes value once[Iterations: 7,697]" classname="serie2.ex3.CounterModuloTest" time="0.011"/>
  <testcase name="MultiThreaded only initializes value once[Iterations: 7,698]" classname="serie2.ex3.CounterModuloTest" time="0.014"/>
  <testcase name="MultiThreaded only initializes value once[Iterations: 7,699]" classname="serie2.ex3.CounterModuloTest" time="0.012"/>
  <testcase name="MultiThreaded only initializes value once[Iterations: 7,700]" classname="serie2.ex3.CounterModuloTest" time="0.011"/>
  <testcase name="MultiThreaded only initializes value once[Iterations: 7,701]" classname="serie2.ex3.CounterModuloTest" time="0.011"/>
  <testcase name="MultiThreaded only initializes value once[Iterations: 7,702]" classname="serie2.ex3.CounterModuloTest" time="0.011"/>
  <testcase name="MultiThreaded only initializes value once[Iterations: 7,703]" classname="serie2.ex3.CounterModuloTest" time="0.012"/>
  <testcase name="MultiThreaded only initializes value once[Iterations: 7,704]" classname="serie2.ex3.CounterModuloTest" time="0.01"/>
  <testcase name="MultiThreaded only initializes value once[Iterations: 7,705]" classname="serie2.ex3.CounterModuloTest" time="0.011"/>
  <testcase name="MultiThreaded only initializes value once[Iterations: 7,706]" classname="serie2.ex3.CounterModuloTest" time="0.01"/>
  <testcase name="MultiThreaded only initializes value once[Iterations: 7,707]" classname="serie2.ex3.CounterModuloTest" time="0.01"/>
  <testcase name="MultiThreaded only initializes value once[Iterations: 7,708]" classname="serie2.ex3.CounterModuloTest" time="0.01"/>
  <testcase name="MultiThreaded only initializes value once[Iterations: 7,709]" classname="serie2.ex3.CounterModuloTest" time="0.01"/>
  <testcase name="MultiThreaded only initializes value once[Iterations: 7,710]" classname="serie2.ex3.CounterModuloTest" time="0.01"/>
  <testcase name="MultiThreaded only initializes value once[Iterations: 7,711]" classname="serie2.ex3.CounterModuloTest" time="0.011"/>
  <testcase name="MultiThreaded only initializes value once[Iterations: 7,712]" classname="serie2.ex3.CounterModuloTest" time="0.011"/>
  <testcase name="MultiThreaded only initializes value once[Iterations: 7,713]" classname="serie2.ex3.CounterModuloTest" time="0.01"/>
  <testcase name="MultiThreaded only initializes value once[Iterations: 7,714]" classname="serie2.ex3.CounterModuloTest" time="0.01"/>
  <testcase name="MultiThreaded only initializes value once[Iterations: 7,715]" classname="serie2.ex3.CounterModuloTest" time="0.01"/>
  <testcase name="MultiThreaded only initializes value once[Iterations: 7,716]" classname="serie2.ex3.CounterModuloTest" time="0.012"/>
  <testcase name="MultiThreaded only initializes value once[Iterations: 7,717]" classname="serie2.ex3.CounterModuloTest" time="0.011"/>
  <testcase name="MultiThreaded only initializes value once[Iterations: 7,718]" classname="serie2.ex3.CounterModuloTest" time="0.011"/>
  <testcase name="MultiThreaded only initializes value once[Iterations: 7,719]" classname="serie2.ex3.CounterModuloTest" time="0.011"/>
  <testcase name="MultiThreaded only initializes value once[Iterations: 7,720]" classname="serie2.ex3.CounterModuloTest" time="0.013"/>
  <testcase name="MultiThreaded only initializes value once[Iterations: 7,721]" classname="serie2.ex3.CounterModuloTest" time="0.011"/>
  <testcase name="MultiThreaded only initializes value once[Iterations: 7,722]" classname="serie2.ex3.CounterModuloTest" time="0.013"/>
  <testcase name="MultiThreaded only initializes value once[Iterations: 7,723]" classname="serie2.ex3.CounterModuloTest" time="0.013"/>
  <testcase name="MultiThreaded only initializes value once[Iterations: 7,724]" classname="serie2.ex3.CounterModuloTest" time="0.013"/>
  <testcase name="MultiThreaded only initializes value once[Iterations: 7,725]" classname="serie2.ex3.CounterModuloTest" time="0.013"/>
  <testcase name="MultiThreaded only initializes value once[Iterations: 7,726]" classname="serie2.ex3.CounterModuloTest" time="0.012"/>
  <testcase name="MultiThreaded only initializes value once[Iterations: 7,727]" classname="serie2.ex3.CounterModuloTest" time="0.013"/>
  <testcase name="MultiThreaded only initializes value once[Iterations: 7,728]" classname="serie2.ex3.CounterModuloTest" time="0.011"/>
  <testcase name="MultiThreaded only initializes value once[Iterations: 7,729]" classname="serie2.ex3.CounterModuloTest" time="0.013"/>
  <testcase name="MultiThreaded only initializes value once[Iterations: 7,730]" classname="serie2.ex3.CounterModuloTest" time="0.012"/>
  <testcase name="MultiThreaded only initializes value once[Iterations: 7,731]" classname="serie2.ex3.CounterModuloTest" time="0.011"/>
  <testcase name="MultiThreaded only initializes value once[Iterations: 7,732]" classname="serie2.ex3.CounterModuloTest" time="0.012"/>
  <testcase name="MultiThreaded only initializes value once[Iterations: 7,733]" classname="serie2.ex3.CounterModuloTest" time="0.013"/>
  <testcase name="MultiThreaded only initializes value once[Iterations: 7,734]" classname="serie2.ex3.CounterModuloTest" time="0.012"/>
  <testcase name="MultiThreaded only initializes value once[Iterations: 7,735]" classname="serie2.ex3.CounterModuloTest" time="0.011"/>
  <testcase name="MultiThreaded only initializes value once[Iterations: 7,736]" classname="serie2.ex3.CounterModuloTest" time="0.012"/>
  <testcase name="MultiThreaded only initializes value once[Iterations: 7,737]" classname="serie2.ex3.CounterModuloTest" time="0.016"/>
  <testcase name="MultiThreaded only initializes value once[Iterations: 7,738]" classname="serie2.ex3.CounterModuloTest" time="0.016"/>
  <testcase name="MultiThreaded only initializes value once[Iterations: 7,739]" classname="serie2.ex3.CounterModuloTest" time="0.012"/>
  <testcase name="MultiThreaded only initializes value once[Iterations: 7,740]" classname="serie2.ex3.CounterModuloTest" time="0.012"/>
  <testcase name="MultiThreaded only initializes value once[Iterations: 7,741]" classname="serie2.ex3.CounterModuloTest" time="0.014"/>
  <testcase name="MultiThreaded only initializes value once[Iterations: 7,742]" classname="serie2.ex3.CounterModuloTest" time="0.011"/>
  <testcase name="MultiThreaded only initializes value once[Iterations: 7,743]" classname="serie2.ex3.CounterModuloTest" time="0.011"/>
  <testcase name="MultiThreaded only initializes value once[Iterations: 7,744]" classname="serie2.ex3.CounterModuloTest" time="0.011"/>
  <testcase name="MultiThreaded only initializes value once[Iterations: 7,745]" classname="serie2.ex3.CounterModuloTest" time="0.012"/>
  <testcase name="MultiThreaded only initializes value once[Iterations: 7,746]" classname="serie2.ex3.CounterModuloTest" time="0.011"/>
  <testcase name="MultiThreaded only initializes value once[Iterations: 7,747]" classname="serie2.ex3.CounterModuloTest" time="0.012"/>
  <testcase name="MultiThreaded only initializes value once[Iterations: 7,748]" classname="serie2.ex3.CounterModuloTest" time="0.011"/>
  <testcase name="MultiThreaded only initializes value once[Iterations: 7,749]" classname="serie2.ex3.CounterModuloTest" time="0.011"/>
  <testcase name="MultiThreaded only initializes value once[Iterations: 7,750]" classname="serie2.ex3.CounterModuloTest" time="0.011"/>
  <testcase name="MultiThreaded only initializes value once[Iterations: 7,751]" classname="serie2.ex3.CounterModuloTest" time="0.012"/>
  <testcase name="MultiThreaded only initializes value once[Iterations: 7,752]" classname="serie2.ex3.CounterModuloTest" time="0.012"/>
  <testcase name="MultiThreaded only initializes value once[Iterations: 7,753]" classname="serie2.ex3.CounterModuloTest" time="0.011"/>
  <testcase name="MultiThreaded only initializes value once[Iterations: 7,754]" classname="serie2.ex3.CounterModuloTest" time="0.013"/>
  <testcase name="MultiThreaded only initializes value once[Iterations: 7,755]" classname="serie2.ex3.CounterModuloTest" time="0.013"/>
  <testcase name="MultiThreaded only initializes value once[Iterations: 7,756]" classname="serie2.ex3.CounterModuloTest" time="0.011"/>
  <testcase name="MultiThreaded only initializes value once[Iterations: 7,757]" classname="serie2.ex3.CounterModuloTest" time="0.011"/>
  <testcase name="MultiThreaded only initializes value once[Iterations: 7,758]" classname="serie2.ex3.CounterModuloTest" time="0.011"/>
  <testcase name="MultiThreaded only initializes value once[Iterations: 7,759]" classname="serie2.ex3.CounterModuloTest" time="0.012"/>
  <testcase name="MultiThreaded only initializes value once[Iterations: 7,760]" classname="serie2.ex3.CounterModuloTest" time="0.009"/>
  <testcase name="MultiThreaded only initializes value once[Iterations: 7,761]" classname="serie2.ex3.CounterModuloTest" time="0.01"/>
  <testcase name="MultiThreaded only initializes value once[Iterations: 7,762]" classname="serie2.ex3.CounterModuloTest" time="0.017"/>
  <testcase name="MultiThreaded only initializes value once[Iterations: 7,763]" classname="serie2.ex3.CounterModuloTest" time="0.011"/>
  <testcase name="MultiThreaded only initializes value once[Iterations: 7,764]" classname="serie2.ex3.CounterModuloTest" time="0.016"/>
  <testcase name="MultiThreaded only initializes value once[Iterations: 7,765]" classname="serie2.ex3.CounterModuloTest" time="0.012"/>
  <testcase name="MultiThreaded only initializes value once[Iterations: 7,766]" classname="serie2.ex3.CounterModuloTest" time="0.012"/>
  <testcase name="MultiThreaded only initializes value once[Iterations: 7,767]" classname="serie2.ex3.CounterModuloTest" time="0.01"/>
  <testcase name="MultiThreaded only initializes value once[Iterations: 7,768]" classname="serie2.ex3.CounterModuloTest" time="0.012"/>
  <testcase name="MultiThreaded only initializes value once[Iterations: 7,769]" classname="serie2.ex3.CounterModuloTest" time="0.011"/>
  <testcase name="MultiThreaded only initializes value once[Iterations: 7,770]" classname="serie2.ex3.CounterModuloTest" time="0.011"/>
  <testcase name="MultiThreaded only initializes value once[Iterations: 7,771]" classname="serie2.ex3.CounterModuloTest" time="0.012"/>
  <testcase name="MultiThreaded only initializes value once[Iterations: 7,772]" classname="serie2.ex3.CounterModuloTest" time="0.011"/>
  <testcase name="MultiThreaded only initializes value once[Iterations: 7,773]" classname="serie2.ex3.CounterModuloTest" time="0.011"/>
  <testcase name="MultiThreaded only initializes value once[Iterations: 7,774]" classname="serie2.ex3.CounterModuloTest" time="0.011"/>
  <testcase name="MultiThreaded only initializes value once[Iterations: 7,775]" classname="serie2.ex3.CounterModuloTest" time="0.015"/>
  <testcase name="MultiThreaded only initializes value once[Iterations: 7,776]" classname="serie2.ex3.CounterModuloTest" time="0.012"/>
  <testcase name="MultiThreaded only initializes value once[Iterations: 7,777]" classname="serie2.ex3.CounterModuloTest" time="0.01"/>
  <testcase name="MultiThreaded only initializes value once[Iterations: 7,778]" classname="serie2.ex3.CounterModuloTest" time="0.01"/>
  <testcase name="MultiThreaded only initializes value once[Iterations: 7,779]" classname="serie2.ex3.CounterModuloTest" time="0.011"/>
  <testcase name="MultiThreaded only initializes value once[Iterations: 7,780]" classname="serie2.ex3.CounterModuloTest" time="0.011"/>
  <testcase name="MultiThreaded only initializes value once[Iterations: 7,781]" classname="serie2.ex3.CounterModuloTest" time="0.015"/>
  <testcase name="MultiThreaded only initializes value once[Iterations: 7,782]" classname="serie2.ex3.CounterModuloTest" time="0.012"/>
  <testcase name="MultiThreaded only initializes value once[Iterations: 7,783]" classname="serie2.ex3.CounterModuloTest" time="0.012"/>
  <testcase name="MultiThreaded only initializes value once[Iterations: 7,784]" classname="serie2.ex3.CounterModuloTest" time="0.012"/>
  <testcase name="MultiThreaded only initializes value once[Iterations: 7,785]" classname="serie2.ex3.CounterModuloTest" time="0.013"/>
  <testcase name="MultiThreaded only initializes value once[Iterations: 7,786]" classname="serie2.ex3.CounterModuloTest" time="0.015"/>
  <testcase name="MultiThreaded only initializes value once[Iterations: 7,787]" classname="serie2.ex3.CounterModuloTest" time="0.011"/>
  <testcase name="MultiThreaded only initializes value once[Iterations: 7,788]" classname="serie2.ex3.CounterModuloTest" time="0.01"/>
  <testcase name="MultiThreaded only initializes value once[Iterations: 7,789]" classname="serie2.ex3.CounterModuloTest" time="0.012"/>
  <testcase name="MultiThreaded only initializes value once[Iterations: 7,790]" classname="serie2.ex3.CounterModuloTest" time="0.011"/>
  <testcase name="MultiThreaded only initializes value once[Iterations: 7,791]" classname="serie2.ex3.CounterModuloTest" time="0.011"/>
  <testcase name="MultiThreaded only initializes value once[Iterations: 7,792]" classname="serie2.ex3.CounterModuloTest" time="0.011"/>
  <testcase name="MultiThreaded only initializes value once[Iterations: 7,793]" classname="serie2.ex3.CounterModuloTest" time="0.011"/>
  <testcase name="MultiThreaded only initializes value once[Iterations: 7,794]" classname="serie2.ex3.CounterModuloTest" time="0.01"/>
  <testcase name="MultiThreaded only initializes value once[Iterations: 7,795]" classname="serie2.ex3.CounterModuloTest" time="0.011"/>
  <testcase name="MultiThreaded only initializes value once[Iterations: 7,796]" classname="serie2.ex3.CounterModuloTest" time="0.012"/>
  <testcase name="MultiThreaded only initializes value once[Iterations: 7,797]" classname="serie2.ex3.CounterModuloTest" time="0.011"/>
  <testcase name="MultiThreaded only initializes value once[Iterations: 7,798]" classname="serie2.ex3.CounterModuloTest" time="0.011"/>
  <testcase name="MultiThreaded only initializes value once[Iterations: 7,799]" classname="serie2.ex3.CounterModuloTest" time="0.01"/>
  <testcase name="MultiThreaded only initializes value once[Iterations: 7,800]" classname="serie2.ex3.CounterModuloTest" time="0.012"/>
  <testcase name="MultiThreaded only initializes value once[Iterations: 7,801]" classname="serie2.ex3.CounterModuloTest" time="0.013"/>
  <testcase name="MultiThreaded only initializes value once[Iterations: 7,802]" classname="serie2.ex3.CounterModuloTest" time="0.011"/>
  <testcase name="MultiThreaded only initializes value once[Iterations: 7,803]" classname="serie2.ex3.CounterModuloTest" time="0.012"/>
  <testcase name="MultiThreaded only initializes value once[Iterations: 7,804]" classname="serie2.ex3.CounterModuloTest" time="0.014"/>
  <testcase name="MultiThreaded only initializes value once[Iterations: 7,805]" classname="serie2.ex3.CounterModuloTest" time="0.011"/>
  <testcase name="MultiThreaded only initializes value once[Iterations: 7,806]" classname="serie2.ex3.CounterModuloTest" time="0.011"/>
  <testcase name="MultiThreaded only initializes value once[Iterations: 7,807]" classname="serie2.ex3.CounterModuloTest" time="0.012"/>
  <testcase name="MultiThreaded only initializes value once[Iterations: 7,808]" classname="serie2.ex3.CounterModuloTest" time="0.011"/>
  <testcase name="MultiThreaded only initializes value once[Iterations: 7,809]" classname="serie2.ex3.CounterModuloTest" time="0.011"/>
  <testcase name="MultiThreaded only initializes value once[Iterations: 7,810]" classname="serie2.ex3.CounterModuloTest" time="0.01"/>
  <testcase name="MultiThreaded only initializes value once[Iterations: 7,811]" classname="serie2.ex3.CounterModuloTest" time="0.012"/>
  <testcase name="MultiThreaded only initializes value once[Iterations: 7,812]" classname="serie2.ex3.CounterModuloTest" time="0.01"/>
  <testcase name="MultiThreaded only initializes value once[Iterations: 7,813]" classname="serie2.ex3.CounterModuloTest" time="0.01"/>
  <testcase name="MultiThreaded only initializes value once[Iterations: 7,814]" classname="serie2.ex3.CounterModuloTest" time="0.011"/>
  <testcase name="MultiThreaded only initializes value once[Iterations: 7,815]" classname="serie2.ex3.CounterModuloTest" time="0.011"/>
  <testcase name="MultiThreaded only initializes value once[Iterations: 7,816]" classname="serie2.ex3.CounterModuloTest" time="0.01"/>
  <testcase name="MultiThreaded only initializes value once[Iterations: 7,817]" classname="serie2.ex3.CounterModuloTest" time="0.012"/>
  <testcase name="MultiThreaded only initializes value once[Iterations: 7,818]" classname="serie2.ex3.CounterModuloTest" time="0.011"/>
  <testcase name="MultiThreaded only initializes value once[Iterations: 7,819]" classname="serie2.ex3.CounterModuloTest" time="0.014"/>
  <testcase name="MultiThreaded only initializes value once[Iterations: 7,820]" classname="serie2.ex3.CounterModuloTest" time="0.011"/>
  <testcase name="MultiThreaded only initializes value once[Iterations: 7,821]" classname="serie2.ex3.CounterModuloTest" time="0.011"/>
  <testcase name="MultiThreaded only initializes value once[Iterations: 7,822]" classname="serie2.ex3.CounterModuloTest" time="0.013"/>
  <testcase name="MultiThreaded only initializes value once[Iterations: 7,823]" classname="serie2.ex3.CounterModuloTest" time="0.012"/>
  <testcase name="MultiThreaded only initializes value once[Iterations: 7,824]" classname="serie2.ex3.CounterModuloTest" time="0.011"/>
  <testcase name="MultiThreaded only initializes value once[Iterations: 7,825]" classname="serie2.ex3.CounterModuloTest" time="0.012"/>
  <testcase name="MultiThreaded only initializes value once[Iterations: 7,826]" classname="serie2.ex3.CounterModuloTest" time="0.012"/>
  <testcase name="MultiThreaded only initializes value once[Iterations: 7,827]" classname="serie2.ex3.CounterModuloTest" time="0.013"/>
  <testcase name="MultiThreaded only initializes value once[Iterations: 7,828]" classname="serie2.ex3.CounterModuloTest" time="0.012"/>
  <testcase name="MultiThreaded only initializes value once[Iterations: 7,829]" classname="serie2.ex3.CounterModuloTest" time="0.013"/>
  <testcase name="MultiThreaded only initializes value once[Iterations: 7,830]" classname="serie2.ex3.CounterModuloTest" time="0.013"/>
  <testcase name="MultiThreaded only initializes value once[Iterations: 7,831]" classname="serie2.ex3.CounterModuloTest" time="0.012"/>
  <testcase name="MultiThreaded only initializes value once[Iterations: 7,832]" classname="serie2.ex3.CounterModuloTest" time="0.013"/>
  <testcase name="MultiThreaded only initializes value once[Iterations: 7,833]" classname="serie2.ex3.CounterModuloTest" time="0.017"/>
  <testcase name="MultiThreaded only initializes value once[Iterations: 7,834]" classname="serie2.ex3.CounterModuloTest" time="0.012"/>
  <testcase name="MultiThreaded only initializes value once[Iterations: 7,835]" classname="serie2.ex3.CounterModuloTest" time="0.01"/>
  <testcase name="MultiThreaded only initializes value once[Iterations: 7,836]" classname="serie2.ex3.CounterModuloTest" time="0.012"/>
  <testcase name="MultiThreaded only initializes value once[Iterations: 7,837]" classname="serie2.ex3.CounterModuloTest" time="0.012"/>
  <testcase name="MultiThreaded only initializes value once[Iterations: 7,838]" classname="serie2.ex3.CounterModuloTest" time="0.011"/>
  <testcase name="MultiThreaded only initializes value once[Iterations: 7,839]" classname="serie2.ex3.CounterModuloTest" time="0.012"/>
  <testcase name="MultiThreaded only initializes value once[Iterations: 7,840]" classname="serie2.ex3.CounterModuloTest" time="0.01"/>
  <testcase name="MultiThreaded only initializes value once[Iterations: 7,841]" classname="serie2.ex3.CounterModuloTest" time="0.012"/>
  <testcase name="MultiThreaded only initializes value once[Iterations: 7,842]" classname="serie2.ex3.CounterModuloTest" time="0.012"/>
  <testcase name="MultiThreaded only initializes value once[Iterations: 7,843]" classname="serie2.ex3.CounterModuloTest" time="0.011"/>
  <testcase name="MultiThreaded only initializes value once[Iterations: 7,844]" classname="serie2.ex3.CounterModuloTest" time="0.011"/>
  <testcase name="MultiThreaded only initializes value once[Iterations: 7,845]" classname="serie2.ex3.CounterModuloTest" time="0.012"/>
  <testcase name="MultiThreaded only initializes value once[Iterations: 7,846]" classname="serie2.ex3.CounterModuloTest" time="0.012"/>
  <testcase name="MultiThreaded only initializes value once[Iterations: 7,847]" classname="serie2.ex3.CounterModuloTest" time="0.012"/>
  <testcase name="MultiThreaded only initializes value once[Iterations: 7,848]" classname="serie2.ex3.CounterModuloTest" time="0.011"/>
  <testcase name="MultiThreaded only initializes value once[Iterations: 7,849]" classname="serie2.ex3.CounterModuloTest" time="0.012"/>
  <testcase name="MultiThreaded only initializes value once[Iterations: 7,850]" classname="serie2.ex3.CounterModuloTest" time="0.012"/>
  <testcase name="MultiThreaded only initializes value once[Iterations: 7,851]" classname="serie2.ex3.CounterModuloTest" time="0.011"/>
  <testcase name="MultiThreaded only initializes value once[Iterations: 7,852]" classname="serie2.ex3.CounterModuloTest" time="0.011"/>
  <testcase name="MultiThreaded only initializes value once[Iterations: 7,853]" classname="serie2.ex3.CounterModuloTest" time="0.012"/>
  <testcase name="MultiThreaded only initializes value once[Iterations: 7,854]" classname="serie2.ex3.CounterModuloTest" time="0.011"/>
  <testcase name="MultiThreaded only initializes value once[Iterations: 7,855]" classname="serie2.ex3.CounterModuloTest" time="0.011"/>
  <testcase name="MultiThreaded only initializes value once[Iterations: 7,856]" classname="serie2.ex3.CounterModuloTest" time="0.01"/>
  <testcase name="MultiThreaded only initializes value once[Iterations: 7,857]" classname="serie2.ex3.CounterModuloTest" time="0.012"/>
  <testcase name="MultiThreaded only initializes value once[Iterations: 7,858]" classname="serie2.ex3.CounterModuloTest" time="0.011"/>
  <testcase name="MultiThreaded only initializes value once[Iterations: 7,859]" classname="serie2.ex3.CounterModuloTest" time="0.012"/>
  <testcase name="MultiThreaded only initializes value once[Iterations: 7,860]" classname="serie2.ex3.CounterModuloTest" time="0.012"/>
  <testcase name="MultiThreaded only initializes value once[Iterations: 7,861]" classname="serie2.ex3.CounterModuloTest" time="0.014"/>
  <testcase name="MultiThreaded only initializes value once[Iterations: 7,862]" classname="serie2.ex3.CounterModuloTest" time="0.011"/>
  <testcase name="MultiThreaded only initializes value once[Iterations: 7,863]" classname="serie2.ex3.CounterModuloTest" time="0.013"/>
  <testcase name="MultiThreaded only initializes value once[Iterations: 7,864]" classname="serie2.ex3.CounterModuloTest" time="0.015"/>
  <testcase name="MultiThreaded only initializes value once[Iterations: 7,865]" classname="serie2.ex3.CounterModuloTest" time="0.015"/>
  <testcase name="MultiThreaded only initializes value once[Iterations: 7,866]" classname="serie2.ex3.CounterModuloTest" time="0.016"/>
  <testcase name="MultiThreaded only initializes value once[Iterations: 7,867]" classname="serie2.ex3.CounterModuloTest" time="0.012"/>
  <testcase name="MultiThreaded only initializes value once[Iterations: 7,868]" classname="serie2.ex3.CounterModuloTest" time="0.022"/>
  <testcase name="MultiThreaded only initializes value once[Iterations: 7,869]" classname="serie2.ex3.CounterModuloTest" time="0.025"/>
  <testcase name="MultiThreaded only initializes value once[Iterations: 7,870]" classname="serie2.ex3.CounterModuloTest" time="0.024"/>
  <testcase name="MultiThreaded only initializes value once[Iterations: 7,871]" classname="serie2.ex3.CounterModuloTest" time="0.017"/>
  <testcase name="MultiThreaded only initializes value once[Iterations: 7,872]" classname="serie2.ex3.CounterModuloTest" time="0.016"/>
  <testcase name="MultiThreaded only initializes value once[Iterations: 7,873]" classname="serie2.ex3.CounterModuloTest" time="0.017"/>
  <testcase name="MultiThreaded only initializes value once[Iterations: 7,874]" classname="serie2.ex3.CounterModuloTest" time="0.016"/>
  <testcase name="MultiThreaded only initializes value once[Iterations: 7,875]" classname="serie2.ex3.CounterModuloTest" time="0.028"/>
  <testcase name="MultiThreaded only initializes value once[Iterations: 7,876]" classname="serie2.ex3.CounterModuloTest" time="0.021"/>
  <testcase name="MultiThreaded only initializes value once[Iterations: 7,877]" classname="serie2.ex3.CounterModuloTest" time="0.019"/>
  <testcase name="MultiThreaded only initializes value once[Iterations: 7,878]" classname="serie2.ex3.CounterModuloTest" time="0.023"/>
  <testcase name="MultiThreaded only initializes value once[Iterations: 7,879]" classname="serie2.ex3.CounterModuloTest" time="0.016"/>
  <testcase name="MultiThreaded only initializes value once[Iterations: 7,880]" classname="serie2.ex3.CounterModuloTest" time="0.018"/>
  <testcase name="MultiThreaded only initializes value once[Iterations: 7,881]" classname="serie2.ex3.CounterModuloTest" time="0.014"/>
  <testcase name="MultiThreaded only initializes value once[Iterations: 7,882]" classname="serie2.ex3.CounterModuloTest" time="0.015"/>
  <testcase name="MultiThreaded only initializes value once[Iterations: 7,883]" classname="serie2.ex3.CounterModuloTest" time="0.015"/>
  <testcase name="MultiThreaded only initializes value once[Iterations: 7,884]" classname="serie2.ex3.CounterModuloTest" time="0.012"/>
  <testcase name="MultiThreaded only initializes value once[Iterations: 7,885]" classname="serie2.ex3.CounterModuloTest" time="0.015"/>
  <testcase name="MultiThreaded only initializes value once[Iterations: 7,886]" classname="serie2.ex3.CounterModuloTest" time="0.017"/>
  <testcase name="MultiThreaded only initializes value once[Iterations: 7,887]" classname="serie2.ex3.CounterModuloTest" time="0.015"/>
  <testcase name="MultiThreaded only initializes value once[Iterations: 7,888]" classname="serie2.ex3.CounterModuloTest" time="0.013"/>
  <testcase name="MultiThreaded only initializes value once[Iterations: 7,889]" classname="serie2.ex3.CounterModuloTest" time="0.012"/>
  <testcase name="MultiThreaded only initializes value once[Iterations: 7,890]" classname="serie2.ex3.CounterModuloTest" time="0.019"/>
  <testcase name="MultiThreaded only initializes value once[Iterations: 7,891]" classname="serie2.ex3.CounterModuloTest" time="0.018"/>
  <testcase name="MultiThreaded only initializes value once[Iterations: 7,892]" classname="serie2.ex3.CounterModuloTest" time="0.014"/>
  <testcase name="MultiThreaded only initializes value once[Iterations: 7,893]" classname="serie2.ex3.CounterModuloTest" time="0.015"/>
  <testcase name="MultiThreaded only initializes value once[Iterations: 7,894]" classname="serie2.ex3.CounterModuloTest" time="0.015"/>
  <testcase name="MultiThreaded only initializes value once[Iterations: 7,895]" classname="serie2.ex3.CounterModuloTest" time="0.013"/>
  <testcase name="MultiThreaded only initializes value once[Iterations: 7,896]" classname="serie2.ex3.CounterModuloTest" time="0.014"/>
  <testcase name="MultiThreaded only initializes value once[Iterations: 7,897]" classname="serie2.ex3.CounterModuloTest" time="0.015"/>
  <testcase name="MultiThreaded only initializes value once[Iterations: 7,898]" classname="serie2.ex3.CounterModuloTest" time="0.015"/>
  <testcase name="MultiThreaded only initializes value once[Iterations: 7,899]" classname="serie2.ex3.CounterModuloTest" time="0.013"/>
  <testcase name="MultiThreaded only initializes value once[Iterations: 7,900]" classname="serie2.ex3.CounterModuloTest" time="0.019"/>
  <testcase name="MultiThreaded only initializes value once[Iterations: 7,901]" classname="serie2.ex3.CounterModuloTest" time="0.015"/>
  <testcase name="MultiThreaded only initializes value once[Iterations: 7,902]" classname="serie2.ex3.CounterModuloTest" time="0.012"/>
  <testcase name="MultiThreaded only initializes value once[Iterations: 7,903]" classname="serie2.ex3.CounterModuloTest" time="0.018"/>
  <testcase name="MultiThreaded only initializes value once[Iterations: 7,904]" classname="serie2.ex3.CounterModuloTest" time="0.018"/>
  <testcase name="MultiThreaded only initializes value once[Iterations: 7,905]" classname="serie2.ex3.CounterModuloTest" time="0.017"/>
  <testcase name="MultiThreaded only initializes value once[Iterations: 7,906]" classname="serie2.ex3.CounterModuloTest" time="0.018"/>
  <testcase name="MultiThreaded only initializes value once[Iterations: 7,907]" classname="serie2.ex3.CounterModuloTest" time="0.013"/>
  <testcase name="MultiThreaded only initializes value once[Iterations: 7,908]" classname="serie2.ex3.CounterModuloTest" time="0.013"/>
  <testcase name="MultiThreaded only initializes value once[Iterations: 7,909]" classname="serie2.ex3.CounterModuloTest" time="0.017"/>
  <testcase name="MultiThreaded only initializes value once[Iterations: 7,910]" classname="serie2.ex3.CounterModuloTest" time="0.068"/>
  <testcase name="MultiThreaded only initializes value once[Iterations: 7,911]" classname="serie2.ex3.CounterModuloTest" time="0.027"/>
  <testcase name="MultiThreaded only initializes value once[Iterations: 7,912]" classname="serie2.ex3.CounterModuloTest" time="0.021"/>
  <testcase name="MultiThreaded only initializes value once[Iterations: 7,913]" classname="serie2.ex3.CounterModuloTest" time="0.021"/>
  <testcase name="MultiThreaded only initializes value once[Iterations: 7,914]" classname="serie2.ex3.CounterModuloTest" time="0.024"/>
  <testcase name="MultiThreaded only initializes value once[Iterations: 7,915]" classname="serie2.ex3.CounterModuloTest" time="0.014"/>
  <testcase name="MultiThreaded only initializes value once[Iterations: 7,916]" classname="serie2.ex3.CounterModuloTest" time="0.017"/>
  <testcase name="MultiThreaded only initializes value once[Iterations: 7,917]" classname="serie2.ex3.CounterModuloTest" time="0.012"/>
  <testcase name="MultiThreaded only initializes value once[Iterations: 7,918]" classname="serie2.ex3.CounterModuloTest" time="0.012"/>
  <testcase name="MultiThreaded only initializes value once[Iterations: 7,919]" classname="serie2.ex3.CounterModuloTest" time="0.014"/>
  <testcase name="MultiThreaded only initializes value once[Iterations: 7,920]" classname="serie2.ex3.CounterModuloTest" time="0.015"/>
  <testcase name="MultiThreaded only initializes value once[Iterations: 7,921]" classname="serie2.ex3.CounterModuloTest" time="0.018"/>
  <testcase name="MultiThreaded only initializes value once[Iterations: 7,922]" classname="serie2.ex3.CounterModuloTest" time="0.014"/>
  <testcase name="MultiThreaded only initializes value once[Iterations: 7,923]" classname="serie2.ex3.CounterModuloTest" time="0.017"/>
  <testcase name="MultiThreaded only initializes value once[Iterations: 7,924]" classname="serie2.ex3.CounterModuloTest" time="0.014"/>
  <testcase name="MultiThreaded only initializes value once[Iterations: 7,925]" classname="serie2.ex3.CounterModuloTest" time="0.018"/>
  <testcase name="MultiThreaded only initializes value once[Iterations: 7,926]" classname="serie2.ex3.CounterModuloTest" time="0.019"/>
  <testcase name="MultiThreaded only initializes value once[Iterations: 7,927]" classname="serie2.ex3.CounterModuloTest" time="0.017"/>
  <testcase name="MultiThreaded only initializes value once[Iterations: 7,928]" classname="serie2.ex3.CounterModuloTest" time="0.013"/>
  <testcase name="MultiThreaded only initializes value once[Iterations: 7,929]" classname="serie2.ex3.CounterModuloTest" time="0.017"/>
  <testcase name="MultiThreaded only initializes value once[Iterations: 7,930]" classname="serie2.ex3.CounterModuloTest" time="0.012"/>
  <testcase name="MultiThreaded only initializes value once[Iterations: 7,931]" classname="serie2.ex3.CounterModuloTest" time="0.015"/>
  <testcase name="MultiThreaded only initializes value once[Iterations: 7,932]" classname="serie2.ex3.CounterModuloTest" time="0.012"/>
  <testcase name="MultiThreaded only initializes value once[Iterations: 7,933]" classname="serie2.ex3.CounterModuloTest" time="0.013"/>
  <testcase name="MultiThreaded only initializes value once[Iterations: 7,934]" classname="serie2.ex3.CounterModuloTest" time="0.016"/>
  <testcase name="MultiThreaded only initializes value once[Iterations: 7,935]" classname="serie2.ex3.CounterModuloTest" time="0.018"/>
  <testcase name="MultiThreaded only initializes value once[Iterations: 7,936]" classname="serie2.ex3.CounterModuloTest" time="0.015"/>
  <testcase name="MultiThreaded only initializes value once[Iterations: 7,937]" classname="serie2.ex3.CounterModuloTest" time="0.014"/>
  <testcase name="MultiThreaded only initializes value once[Iterations: 7,938]" classname="serie2.ex3.CounterModuloTest" time="0.012"/>
  <testcase name="MultiThreaded only initializes value once[Iterations: 7,939]" classname="serie2.ex3.CounterModuloTest" time="0.011"/>
  <testcase name="MultiThreaded only initializes value once[Iterations: 7,940]" classname="serie2.ex3.CounterModuloTest" time="0.012"/>
  <testcase name="MultiThreaded only initializes value once[Iterations: 7,941]" classname="serie2.ex3.CounterModuloTest" time="0.011"/>
  <testcase name="MultiThreaded only initializes value once[Iterations: 7,942]" classname="serie2.ex3.CounterModuloTest" time="0.012"/>
  <testcase name="MultiThreaded only initializes value once[Iterations: 7,943]" classname="serie2.ex3.CounterModuloTest" time="0.013"/>
  <testcase name="MultiThreaded only initializes value once[Iterations: 7,944]" classname="serie2.ex3.CounterModuloTest" time="0.013"/>
  <testcase name="MultiThreaded only initializes value once[Iterations: 7,945]" classname="serie2.ex3.CounterModuloTest" time="0.014"/>
  <testcase name="MultiThreaded only initializes value once[Iterations: 7,946]" classname="serie2.ex3.CounterModuloTest" time="0.012"/>
  <testcase name="MultiThreaded only initializes value once[Iterations: 7,947]" classname="serie2.ex3.CounterModuloTest" time="0.011"/>
  <testcase name="MultiThreaded only initializes value once[Iterations: 7,948]" classname="serie2.ex3.CounterModuloTest" time="0.011"/>
  <testcase name="MultiThreaded only initializes value once[Iterations: 7,949]" classname="serie2.ex3.CounterModuloTest" time="0.011"/>
  <testcase name="MultiThreaded only initializes value once[Iterations: 7,950]" classname="serie2.ex3.CounterModuloTest" time="0.012"/>
  <testcase name="MultiThreaded only initializes value once[Iterations: 7,951]" classname="serie2.ex3.CounterModuloTest" time="0.012"/>
  <testcase name="MultiThreaded only initializes value once[Iterations: 7,952]" classname="serie2.ex3.CounterModuloTest" time="0.013"/>
  <testcase name="MultiThreaded only initializes value once[Iterations: 7,953]" classname="serie2.ex3.CounterModuloTest" time="0.016"/>
  <testcase name="MultiThreaded only initializes value once[Iterations: 7,954]" classname="serie2.ex3.CounterModuloTest" time="0.018"/>
  <testcase name="MultiThreaded only initializes value once[Iterations: 7,955]" classname="serie2.ex3.CounterModuloTest" time="0.018"/>
  <testcase name="MultiThreaded only initializes value once[Iterations: 7,956]" classname="serie2.ex3.CounterModuloTest" time="0.015"/>
  <testcase name="MultiThreaded only initializes value once[Iterations: 7,957]" classname="serie2.ex3.CounterModuloTest" time="0.014"/>
  <testcase name="MultiThreaded only initializes value once[Iterations: 7,958]" classname="serie2.ex3.CounterModuloTest" time="0.012"/>
  <testcase name="MultiThreaded only initializes value once[Iterations: 7,959]" classname="serie2.ex3.CounterModuloTest" time="0.012"/>
  <testcase name="MultiThreaded only initializes value once[Iterations: 7,960]" classname="serie2.ex3.CounterModuloTest" time="0.019"/>
  <testcase name="MultiThreaded only initializes value once[Iterations: 7,961]" classname="serie2.ex3.CounterModuloTest" time="0.013"/>
  <testcase name="MultiThreaded only initializes value once[Iterations: 7,962]" classname="serie2.ex3.CounterModuloTest" time="0.011"/>
  <testcase name="MultiThreaded only initializes value once[Iterations: 7,963]" classname="serie2.ex3.CounterModuloTest" time="0.014"/>
  <testcase name="MultiThreaded only initializes value once[Iterations: 7,964]" classname="serie2.ex3.CounterModuloTest" time="0.012"/>
  <testcase name="MultiThreaded only initializes value once[Iterations: 7,965]" classname="serie2.ex3.CounterModuloTest" time="0.013"/>
  <testcase name="MultiThreaded only initializes value once[Iterations: 7,966]" classname="serie2.ex3.CounterModuloTest" time="0.011"/>
  <testcase name="MultiThreaded only initializes value once[Iterations: 7,967]" classname="serie2.ex3.CounterModuloTest" time="0.013"/>
  <testcase name="MultiThreaded only initializes value once[Iterations: 7,968]" classname="serie2.ex3.CounterModuloTest" time="0.012"/>
  <testcase name="MultiThreaded only initializes value once[Iterations: 7,969]" classname="serie2.ex3.CounterModuloTest" time="0.011"/>
  <testcase name="MultiThreaded only initializes value once[Iterations: 7,970]" classname="serie2.ex3.CounterModuloTest" time="0.013"/>
  <testcase name="MultiThreaded only initializes value once[Iterations: 7,971]" classname="serie2.ex3.CounterModuloTest" time="0.01"/>
  <testcase name="MultiThreaded only initializes value once[Iterations: 7,972]" classname="serie2.ex3.CounterModuloTest" time="0.011"/>
  <testcase name="MultiThreaded only initializes value once[Iterations: 7,973]" classname="serie2.ex3.CounterModuloTest" time="0.011"/>
  <testcase name="MultiThreaded only initializes value once[Iterations: 7,974]" classname="serie2.ex3.CounterModuloTest" time="0.011"/>
  <testcase name="MultiThreaded only initializes value once[Iterations: 7,975]" classname="serie2.ex3.CounterModuloTest" time="0.011"/>
  <testcase name="MultiThreaded only initializes value once[Iterations: 7,976]" classname="serie2.ex3.CounterModuloTest" time="0.011"/>
  <testcase name="MultiThreaded only initializes value once[Iterations: 7,977]" classname="serie2.ex3.CounterModuloTest" time="0.012"/>
  <testcase name="MultiThreaded only initializes value once[Iterations: 7,978]" classname="serie2.ex3.CounterModuloTest" time="0.013"/>
  <testcase name="MultiThreaded only initializes value once[Iterations: 7,979]" classname="serie2.ex3.CounterModuloTest" time="0.01"/>
  <testcase name="MultiThreaded only initializes value once[Iterations: 7,980]" classname="serie2.ex3.CounterModuloTest" time="0.012"/>
  <testcase name="MultiThreaded only initializes value once[Iterations: 7,981]" classname="serie2.ex3.CounterModuloTest" time="0.013"/>
  <testcase name="MultiThreaded only initializes value once[Iterations: 7,982]" classname="serie2.ex3.CounterModuloTest" time="0.014"/>
  <testcase name="MultiThreaded only initializes value once[Iterations: 7,983]" classname="serie2.ex3.CounterModuloTest" time="0.013"/>
  <testcase name="MultiThreaded only initializes value once[Iterations: 7,984]" classname="serie2.ex3.CounterModuloTest" time="0.012"/>
  <testcase name="MultiThreaded only initializes value once[Iterations: 7,985]" classname="serie2.ex3.CounterModuloTest" time="0.012"/>
  <testcase name="MultiThreaded only initializes value once[Iterations: 7,986]" classname="serie2.ex3.CounterModuloTest" time="0.013"/>
  <testcase name="MultiThreaded only initializes value once[Iterations: 7,987]" classname="serie2.ex3.CounterModuloTest" time="0.012"/>
  <testcase name="MultiThreaded only initializes value once[Iterations: 7,988]" classname="serie2.ex3.CounterModuloTest" time="0.014"/>
  <testcase name="MultiThreaded only initializes value once[Iterations: 7,989]" classname="serie2.ex3.CounterModuloTest" time="0.012"/>
  <testcase name="MultiThreaded only initializes value once[Iterations: 7,990]" classname="serie2.ex3.CounterModuloTest" time="0.011"/>
  <testcase name="MultiThreaded only initializes value once[Iterations: 7,991]" classname="serie2.ex3.CounterModuloTest" time="0.038"/>
  <testcase name="MultiThreaded only initializes value once[Iterations: 7,992]" classname="serie2.ex3.CounterModuloTest" time="0.016"/>
  <testcase name="MultiThreaded only initializes value once[Iterations: 7,993]" classname="serie2.ex3.CounterModuloTest" time="0.015"/>
  <testcase name="MultiThreaded only initializes value once[Iterations: 7,994]" classname="serie2.ex3.CounterModuloTest" time="0.013"/>
  <testcase name="MultiThreaded only initializes value once[Iterations: 7,995]" classname="serie2.ex3.CounterModuloTest" time="0.015"/>
  <testcase name="MultiThreaded only initializes value once[Iterations: 7,996]" classname="serie2.ex3.CounterModuloTest" time="0.015"/>
  <testcase name="MultiThreaded only initializes value once[Iterations: 7,997]" classname="serie2.ex3.CounterModuloTest" time="0.017"/>
  <testcase name="MultiThreaded only initializes value once[Iterations: 7,998]" classname="serie2.ex3.CounterModuloTest" time="0.015"/>
  <testcase name="MultiThreaded only initializes value once[Iterations: 7,999]" classname="serie2.ex3.CounterModuloTest" time="0.014"/>
  <testcase name="MultiThreaded only initializes value once[Iterations: 8,000]" classname="serie2.ex3.CounterModuloTest" time="0.014"/>
  <testcase name="MultiThreaded only initializes value once[Iterations: 8,001]" classname="serie2.ex3.CounterModuloTest" time="0.014"/>
  <testcase name="MultiThreaded only initializes value once[Iterations: 8,002]" classname="serie2.ex3.CounterModuloTest" time="0.011"/>
  <testcase name="MultiThreaded only initializes value once[Iterations: 8,003]" classname="serie2.ex3.CounterModuloTest" time="0.013"/>
  <testcase name="MultiThreaded only initializes value once[Iterations: 8,004]" classname="serie2.ex3.CounterModuloTest" time="0.013"/>
  <testcase name="MultiThreaded only initializes value once[Iterations: 8,005]" classname="serie2.ex3.CounterModuloTest" time="0.014"/>
  <testcase name="MultiThreaded only initializes value once[Iterations: 8,006]" classname="serie2.ex3.CounterModuloTest" time="0.015"/>
  <testcase name="MultiThreaded only initializes value once[Iterations: 8,007]" classname="serie2.ex3.CounterModuloTest" time="0.015"/>
  <testcase name="MultiThreaded only initializes value once[Iterations: 8,008]" classname="serie2.ex3.CounterModuloTest" time="0.013"/>
  <testcase name="MultiThreaded only initializes value once[Iterations: 8,009]" classname="serie2.ex3.CounterModuloTest" time="0.015"/>
  <testcase name="MultiThreaded only initializes value once[Iterations: 8,010]" classname="serie2.ex3.CounterModuloTest" time="0.013"/>
  <testcase name="MultiThreaded only initializes value once[Iterations: 8,011]" classname="serie2.ex3.CounterModuloTest" time="0.014"/>
  <testcase name="MultiThreaded only initializes value once[Iterations: 8,012]" classname="serie2.ex3.CounterModuloTest" time="0.014"/>
  <testcase name="MultiThreaded only initializes value once[Iterations: 8,013]" classname="serie2.ex3.CounterModuloTest" time="0.014"/>
  <testcase name="MultiThreaded only initializes value once[Iterations: 8,014]" classname="serie2.ex3.CounterModuloTest" time="0.013"/>
  <testcase name="MultiThreaded only initializes value once[Iterations: 8,015]" classname="serie2.ex3.CounterModuloTest" time="0.012"/>
  <testcase name="MultiThreaded only initializes value once[Iterations: 8,016]" classname="serie2.ex3.CounterModuloTest" time="0.016"/>
  <testcase name="MultiThreaded only initializes value once[Iterations: 8,017]" classname="serie2.ex3.CounterModuloTest" time="0.013"/>
  <testcase name="MultiThreaded only initializes value once[Iterations: 8,018]" classname="serie2.ex3.CounterModuloTest" time="0.012"/>
  <testcase name="MultiThreaded only initializes value once[Iterations: 8,019]" classname="serie2.ex3.CounterModuloTest" time="0.014"/>
  <testcase name="MultiThreaded only initializes value once[Iterations: 8,020]" classname="serie2.ex3.CounterModuloTest" time="0.012"/>
  <testcase name="MultiThreaded only initializes value once[Iterations: 8,021]" classname="serie2.ex3.CounterModuloTest" time="0.015"/>
  <testcase name="MultiThreaded only initializes value once[Iterations: 8,022]" classname="serie2.ex3.CounterModuloTest" time="0.012"/>
  <testcase name="MultiThreaded only initializes value once[Iterations: 8,023]" classname="serie2.ex3.CounterModuloTest" time="0.013"/>
  <testcase name="MultiThreaded only initializes value once[Iterations: 8,024]" classname="serie2.ex3.CounterModuloTest" time="0.013"/>
  <testcase name="MultiThreaded only initializes value once[Iterations: 8,025]" classname="serie2.ex3.CounterModuloTest" time="0.023"/>
  <testcase name="MultiThreaded only initializes value once[Iterations: 8,026]" classname="serie2.ex3.CounterModuloTest" time="0.02"/>
  <testcase name="MultiThreaded only initializes value once[Iterations: 8,027]" classname="serie2.ex3.CounterModuloTest" time="0.013"/>
  <testcase name="MultiThreaded only initializes value once[Iterations: 8,028]" classname="serie2.ex3.CounterModuloTest" time="0.015"/>
  <testcase name="MultiThreaded only initializes value once[Iterations: 8,029]" classname="serie2.ex3.CounterModuloTest" time="0.013"/>
  <testcase name="MultiThreaded only initializes value once[Iterations: 8,030]" classname="serie2.ex3.CounterModuloTest" time="0.012"/>
  <testcase name="MultiThreaded only initializes value once[Iterations: 8,031]" classname="serie2.ex3.CounterModuloTest" time="0.012"/>
  <testcase name="MultiThreaded only initializes value once[Iterations: 8,032]" classname="serie2.ex3.CounterModuloTest" time="0.012"/>
  <testcase name="MultiThreaded only initializes value once[Iterations: 8,033]" classname="serie2.ex3.CounterModuloTest" time="0.012"/>
  <testcase name="MultiThreaded only initializes value once[Iterations: 8,034]" classname="serie2.ex3.CounterModuloTest" time="0.04"/>
  <testcase name="MultiThreaded only initializes value once[Iterations: 8,035]" classname="serie2.ex3.CounterModuloTest" time="0.013"/>
  <testcase name="MultiThreaded only initializes value once[Iterations: 8,036]" classname="serie2.ex3.CounterModuloTest" time="0.013"/>
  <testcase name="MultiThreaded only initializes value once[Iterations: 8,037]" classname="serie2.ex3.CounterModuloTest" time="0.011"/>
  <testcase name="MultiThreaded only initializes value once[Iterations: 8,038]" classname="serie2.ex3.CounterModuloTest" time="0.013"/>
  <testcase name="MultiThreaded only initializes value once[Iterations: 8,039]" classname="serie2.ex3.CounterModuloTest" time="0.012"/>
  <testcase name="MultiThreaded only initializes value once[Iterations: 8,040]" classname="serie2.ex3.CounterModuloTest" time="0.012"/>
  <testcase name="MultiThreaded only initializes value once[Iterations: 8,041]" classname="serie2.ex3.CounterModuloTest" time="0.012"/>
  <testcase name="MultiThreaded only initializes value once[Iterations: 8,042]" classname="serie2.ex3.CounterModuloTest" time="0.011"/>
  <testcase name="MultiThreaded only initializes value once[Iterations: 8,043]" classname="serie2.ex3.CounterModuloTest" time="0.013"/>
  <testcase name="MultiThreaded only initializes value once[Iterations: 8,044]" classname="serie2.ex3.CounterModuloTest" time="0.017"/>
  <testcase name="MultiThreaded only initializes value once[Iterations: 8,045]" classname="serie2.ex3.CounterModuloTest" time="0.013"/>
  <testcase name="MultiThreaded only initializes value once[Iterations: 8,046]" classname="serie2.ex3.CounterModuloTest" time="0.013"/>
  <testcase name="MultiThreaded only initializes value once[Iterations: 8,047]" classname="serie2.ex3.CounterModuloTest" time="0.013"/>
  <testcase name="MultiThreaded only initializes value once[Iterations: 8,048]" classname="serie2.ex3.CounterModuloTest" time="0.011"/>
  <testcase name="MultiThreaded only initializes value once[Iterations: 8,049]" classname="serie2.ex3.CounterModuloTest" time="0.013"/>
  <testcase name="MultiThreaded only initializes value once[Iterations: 8,050]" classname="serie2.ex3.CounterModuloTest" time="0.012"/>
  <testcase name="MultiThreaded only initializes value once[Iterations: 8,051]" classname="serie2.ex3.CounterModuloTest" time="0.012"/>
  <testcase name="MultiThreaded only initializes value once[Iterations: 8,052]" classname="serie2.ex3.CounterModuloTest" time="0.013"/>
  <testcase name="MultiThreaded only initializes value once[Iterations: 8,053]" classname="serie2.ex3.CounterModuloTest" time="0.015"/>
  <testcase name="MultiThreaded only initializes value once[Iterations: 8,054]" classname="serie2.ex3.CounterModuloTest" time="0.013"/>
  <testcase name="MultiThreaded only initializes value once[Iterations: 8,055]" classname="serie2.ex3.CounterModuloTest" time="0.013"/>
  <testcase name="MultiThreaded only initializes value once[Iterations: 8,056]" classname="serie2.ex3.CounterModuloTest" time="0.013"/>
  <testcase name="MultiThreaded only initializes value once[Iterations: 8,057]" classname="serie2.ex3.CounterModuloTest" time="0.012"/>
  <testcase name="MultiThreaded only initializes value once[Iterations: 8,058]" classname="serie2.ex3.CounterModuloTest" time="0.012"/>
  <testcase name="MultiThreaded only initializes value once[Iterations: 8,059]" classname="serie2.ex3.CounterModuloTest" time="0.012"/>
  <testcase name="MultiThreaded only initializes value once[Iterations: 8,060]" classname="serie2.ex3.CounterModuloTest" time="0.012"/>
  <testcase name="MultiThreaded only initializes value once[Iterations: 8,061]" classname="serie2.ex3.CounterModuloTest" time="0.013"/>
  <testcase name="MultiThreaded only initializes value once[Iterations: 8,062]" classname="serie2.ex3.CounterModuloTest" time="0.014"/>
  <testcase name="MultiThreaded only initializes value once[Iterations: 8,063]" classname="serie2.ex3.CounterModuloTest" time="0.013"/>
  <testcase name="MultiThreaded only initializes value once[Iterations: 8,064]" classname="serie2.ex3.CounterModuloTest" time="0.012"/>
  <testcase name="MultiThreaded only initializes value once[Iterations: 8,065]" classname="serie2.ex3.CounterModuloTest" time="0.012"/>
  <testcase name="MultiThreaded only initializes value once[Iterations: 8,066]" classname="serie2.ex3.CounterModuloTest" time="0.013"/>
  <testcase name="MultiThreaded only initializes value once[Iterations: 8,067]" classname="serie2.ex3.CounterModuloTest" time="0.013"/>
  <testcase name="MultiThreaded only initializes value once[Iterations: 8,068]" classname="serie2.ex3.CounterModuloTest" time="0.012"/>
  <testcase name="MultiThreaded only initializes value once[Iterations: 8,069]" classname="serie2.ex3.CounterModuloTest" time="0.012"/>
  <testcase name="MultiThreaded only initializes value once[Iterations: 8,070]" classname="serie2.ex3.CounterModuloTest" time="0.011"/>
  <testcase name="MultiThreaded only initializes value once[Iterations: 8,071]" classname="serie2.ex3.CounterModuloTest" time="0.013"/>
  <testcase name="MultiThreaded only initializes value once[Iterations: 8,072]" classname="serie2.ex3.CounterModuloTest" time="0.049"/>
  <testcase name="MultiThreaded only initializes value once[Iterations: 8,073]" classname="serie2.ex3.CounterModuloTest" time="0.012"/>
  <testcase name="MultiThreaded only initializes value once[Iterations: 8,074]" classname="serie2.ex3.CounterModuloTest" time="0.012"/>
  <testcase name="MultiThreaded only initializes value once[Iterations: 8,075]" classname="serie2.ex3.CounterModuloTest" time="0.012"/>
  <testcase name="MultiThreaded only initializes value once[Iterations: 8,076]" classname="serie2.ex3.CounterModuloTest" time="0.012"/>
  <testcase name="MultiThreaded only initializes value once[Iterations: 8,077]" classname="serie2.ex3.CounterModuloTest" time="0.012"/>
  <testcase name="MultiThreaded only initializes value once[Iterations: 8,078]" classname="serie2.ex3.CounterModuloTest" time="0.012"/>
  <testcase name="MultiThreaded only initializes value once[Iterations: 8,079]" classname="serie2.ex3.CounterModuloTest" time="0.012"/>
  <testcase name="MultiThreaded only initializes value once[Iterations: 8,080]" classname="serie2.ex3.CounterModuloTest" time="0.011"/>
  <testcase name="MultiThreaded only initializes value once[Iterations: 8,081]" classname="serie2.ex3.CounterModuloTest" time="0.013"/>
  <testcase name="MultiThreaded only initializes value once[Iterations: 8,082]" classname="serie2.ex3.CounterModuloTest" time="0.013"/>
  <testcase name="MultiThreaded only initializes value once[Iterations: 8,083]" classname="serie2.ex3.CounterModuloTest" time="0.012"/>
  <testcase name="MultiThreaded only initializes value once[Iterations: 8,084]" classname="serie2.ex3.CounterModuloTest" time="0.011"/>
  <testcase name="MultiThreaded only initializes value once[Iterations: 8,085]" classname="serie2.ex3.CounterModuloTest" time="0.013"/>
  <testcase name="MultiThreaded only initializes value once[Iterations: 8,086]" classname="serie2.ex3.CounterModuloTest" time="0.011"/>
  <testcase name="MultiThreaded only initializes value once[Iterations: 8,087]" classname="serie2.ex3.CounterModuloTest" time="0.012"/>
  <testcase name="MultiThreaded only initializes value once[Iterations: 8,088]" classname="serie2.ex3.CounterModuloTest" time="0.012"/>
  <testcase name="MultiThreaded only initializes value once[Iterations: 8,089]" classname="serie2.ex3.CounterModuloTest" time="0.013"/>
  <testcase name="MultiThreaded only initializes value once[Iterations: 8,090]" classname="serie2.ex3.CounterModuloTest" time="0.013"/>
  <testcase name="MultiThreaded only initializes value once[Iterations: 8,091]" classname="serie2.ex3.CounterModuloTest" time="0.012"/>
  <testcase name="MultiThreaded only initializes value once[Iterations: 8,092]" classname="serie2.ex3.CounterModuloTest" time="0.013"/>
  <testcase name="MultiThreaded only initializes value once[Iterations: 8,093]" classname="serie2.ex3.CounterModuloTest" time="0.014"/>
  <testcase name="MultiThreaded only initializes value once[Iterations: 8,094]" classname="serie2.ex3.CounterModuloTest" time="0.014"/>
  <testcase name="MultiThreaded only initializes value once[Iterations: 8,095]" classname="serie2.ex3.CounterModuloTest" time="0.014"/>
  <testcase name="MultiThreaded only initializes value once[Iterations: 8,096]" classname="serie2.ex3.CounterModuloTest" time="0.013"/>
  <testcase name="MultiThreaded only initializes value once[Iterations: 8,097]" classname="serie2.ex3.CounterModuloTest" time="0.013"/>
  <testcase name="MultiThreaded only initializes value once[Iterations: 8,098]" classname="serie2.ex3.CounterModuloTest" time="0.014"/>
  <testcase name="MultiThreaded only initializes value once[Iterations: 8,099]" classname="serie2.ex3.CounterModuloTest" time="0.015"/>
  <testcase name="MultiThreaded only initializes value once[Iterations: 8,100]" classname="serie2.ex3.CounterModuloTest" time="0.013"/>
  <testcase name="MultiThreaded only initializes value once[Iterations: 8,101]" classname="serie2.ex3.CounterModuloTest" time="0.015"/>
  <testcase name="MultiThreaded only initializes value once[Iterations: 8,102]" classname="serie2.ex3.CounterModuloTest" time="0.013"/>
  <testcase name="MultiThreaded only initializes value once[Iterations: 8,103]" classname="serie2.ex3.CounterModuloTest" time="0.012"/>
  <testcase name="MultiThreaded only initializes value once[Iterations: 8,104]" classname="serie2.ex3.CounterModuloTest" time="0.014"/>
  <testcase name="MultiThreaded only initializes value once[Iterations: 8,105]" classname="serie2.ex3.CounterModuloTest" time="0.012"/>
  <testcase name="MultiThreaded only initializes value once[Iterations: 8,106]" classname="serie2.ex3.CounterModuloTest" time="0.012"/>
  <testcase name="MultiThreaded only initializes value once[Iterations: 8,107]" classname="serie2.ex3.CounterModuloTest" time="0.013"/>
  <testcase name="MultiThreaded only initializes value once[Iterations: 8,108]" classname="serie2.ex3.CounterModuloTest" time="0.012"/>
  <testcase name="MultiThreaded only initializes value once[Iterations: 8,109]" classname="serie2.ex3.CounterModuloTest" time="0.013"/>
  <testcase name="MultiThreaded only initializes value once[Iterations: 8,110]" classname="serie2.ex3.CounterModuloTest" time="0.013"/>
  <testcase name="MultiThreaded only initializes value once[Iterations: 8,111]" classname="serie2.ex3.CounterModuloTest" time="0.01"/>
  <testcase name="MultiThreaded only initializes value once[Iterations: 8,112]" classname="serie2.ex3.CounterModuloTest" time="0.012"/>
  <testcase name="MultiThreaded only initializes value once[Iterations: 8,113]" classname="serie2.ex3.CounterModuloTest" time="0.014"/>
  <testcase name="MultiThreaded only initializes value once[Iterations: 8,114]" classname="serie2.ex3.CounterModuloTest" time="0.013"/>
  <testcase name="MultiThreaded only initializes value once[Iterations: 8,115]" classname="serie2.ex3.CounterModuloTest" time="0.011"/>
  <testcase name="MultiThreaded only initializes value once[Iterations: 8,116]" classname="serie2.ex3.CounterModuloTest" time="0.011"/>
  <testcase name="MultiThreaded only initializes value once[Iterations: 8,117]" classname="serie2.ex3.CounterModuloTest" time="0.012"/>
  <testcase name="MultiThreaded only initializes value once[Iterations: 8,118]" classname="serie2.ex3.CounterModuloTest" time="0.013"/>
  <testcase name="MultiThreaded only initializes value once[Iterations: 8,119]" classname="serie2.ex3.CounterModuloTest" time="0.013"/>
  <testcase name="MultiThreaded only initializes value once[Iterations: 8,120]" classname="serie2.ex3.CounterModuloTest" time="0.012"/>
  <testcase name="MultiThreaded only initializes value once[Iterations: 8,121]" classname="serie2.ex3.CounterModuloTest" time="0.012"/>
  <testcase name="MultiThreaded only initializes value once[Iterations: 8,122]" classname="serie2.ex3.CounterModuloTest" time="0.011"/>
  <testcase name="MultiThreaded only initializes value once[Iterations: 8,123]" classname="serie2.ex3.CounterModuloTest" time="0.013"/>
  <testcase name="MultiThreaded only initializes value once[Iterations: 8,124]" classname="serie2.ex3.CounterModuloTest" time="0.011"/>
  <testcase name="MultiThreaded only initializes value once[Iterations: 8,125]" classname="serie2.ex3.CounterModuloTest" time="0.011"/>
  <testcase name="MultiThreaded only initializes value once[Iterations: 8,126]" classname="serie2.ex3.CounterModuloTest" time="0.011"/>
  <testcase name="MultiThreaded only initializes value once[Iterations: 8,127]" classname="serie2.ex3.CounterModuloTest" time="0.013"/>
  <testcase name="MultiThreaded only initializes value once[Iterations: 8,128]" classname="serie2.ex3.CounterModuloTest" time="0.013"/>
  <testcase name="MultiThreaded only initializes value once[Iterations: 8,129]" classname="serie2.ex3.CounterModuloTest" time="0.011"/>
  <testcase name="MultiThreaded only initializes value once[Iterations: 8,130]" classname="serie2.ex3.CounterModuloTest" time="0.013"/>
  <testcase name="MultiThreaded only initializes value once[Iterations: 8,131]" classname="serie2.ex3.CounterModuloTest" time="0.013"/>
  <testcase name="MultiThreaded only initializes value once[Iterations: 8,132]" classname="serie2.ex3.CounterModuloTest" time="0.011"/>
  <testcase name="MultiThreaded only initializes value once[Iterations: 8,133]" classname="serie2.ex3.CounterModuloTest" time="0.013"/>
  <testcase name="MultiThreaded only initializes value once[Iterations: 8,134]" classname="serie2.ex3.CounterModuloTest" time="0.012"/>
  <testcase name="MultiThreaded only initializes value once[Iterations: 8,135]" classname="serie2.ex3.CounterModuloTest" time="0.012"/>
  <testcase name="MultiThreaded only initializes value once[Iterations: 8,136]" classname="serie2.ex3.CounterModuloTest" time="0.011"/>
  <testcase name="MultiThreaded only initializes value once[Iterations: 8,137]" classname="serie2.ex3.CounterModuloTest" time="0.013"/>
  <testcase name="MultiThreaded only initializes value once[Iterations: 8,138]" classname="serie2.ex3.CounterModuloTest" time="0.012"/>
  <testcase name="MultiThreaded only initializes value once[Iterations: 8,139]" classname="serie2.ex3.CounterModuloTest" time="0.015"/>
  <testcase name="MultiThreaded only initializes value once[Iterations: 8,140]" classname="serie2.ex3.CounterModuloTest" time="0.011"/>
  <testcase name="MultiThreaded only initializes value once[Iterations: 8,141]" classname="serie2.ex3.CounterModuloTest" time="0.012"/>
  <testcase name="MultiThreaded only initializes value once[Iterations: 8,142]" classname="serie2.ex3.CounterModuloTest" time="0.011"/>
  <testcase name="MultiThreaded only initializes value once[Iterations: 8,143]" classname="serie2.ex3.CounterModuloTest" time="0.013"/>
  <testcase name="MultiThreaded only initializes value once[Iterations: 8,144]" classname="serie2.ex3.CounterModuloTest" time="0.012"/>
  <testcase name="MultiThreaded only initializes value once[Iterations: 8,145]" classname="serie2.ex3.CounterModuloTest" time="0.012"/>
  <testcase name="MultiThreaded only initializes value once[Iterations: 8,146]" classname="serie2.ex3.CounterModuloTest" time="0.014"/>
  <testcase name="MultiThreaded only initializes value once[Iterations: 8,147]" classname="serie2.ex3.CounterModuloTest" time="0.014"/>
  <testcase name="MultiThreaded only initializes value once[Iterations: 8,148]" classname="serie2.ex3.CounterModuloTest" time="0.012"/>
  <testcase name="MultiThreaded only initializes value once[Iterations: 8,149]" classname="serie2.ex3.CounterModuloTest" time="0.012"/>
  <testcase name="MultiThreaded only initializes value once[Iterations: 8,150]" classname="serie2.ex3.CounterModuloTest" time="0.012"/>
  <testcase name="MultiThreaded only initializes value once[Iterations: 8,151]" classname="serie2.ex3.CounterModuloTest" time="0.012"/>
  <testcase name="MultiThreaded only initializes value once[Iterations: 8,152]" classname="serie2.ex3.CounterModuloTest" time="0.013"/>
  <testcase name="MultiThreaded only initializes value once[Iterations: 8,153]" classname="serie2.ex3.CounterModuloTest" time="0.013"/>
  <testcase name="MultiThreaded only initializes value once[Iterations: 8,154]" classname="serie2.ex3.CounterModuloTest" time="0.013"/>
  <testcase name="MultiThreaded only initializes value once[Iterations: 8,155]" classname="serie2.ex3.CounterModuloTest" time="0.013"/>
  <testcase name="MultiThreaded only initializes value once[Iterations: 8,156]" classname="serie2.ex3.CounterModuloTest" time="0.011"/>
  <testcase name="MultiThreaded only initializes value once[Iterations: 8,157]" classname="serie2.ex3.CounterModuloTest" time="0.013"/>
  <testcase name="MultiThreaded only initializes value once[Iterations: 8,158]" classname="serie2.ex3.CounterModuloTest" time="0.012"/>
  <testcase name="MultiThreaded only initializes value once[Iterations: 8,159]" classname="serie2.ex3.CounterModuloTest" time="0.011"/>
  <testcase name="MultiThreaded only initializes value once[Iterations: 8,160]" classname="serie2.ex3.CounterModuloTest" time="0.014"/>
  <testcase name="MultiThreaded only initializes value once[Iterations: 8,161]" classname="serie2.ex3.CounterModuloTest" time="0.012"/>
  <testcase name="MultiThreaded only initializes value once[Iterations: 8,162]" classname="serie2.ex3.CounterModuloTest" time="0.012"/>
  <testcase name="MultiThreaded only initializes value once[Iterations: 8,163]" classname="serie2.ex3.CounterModuloTest" time="0.013"/>
  <testcase name="MultiThreaded only initializes value once[Iterations: 8,164]" classname="serie2.ex3.CounterModuloTest" time="0.012"/>
  <testcase name="MultiThreaded only initializes value once[Iterations: 8,165]" classname="serie2.ex3.CounterModuloTest" time="0.012"/>
  <testcase name="MultiThreaded only initializes value once[Iterations: 8,166]" classname="serie2.ex3.CounterModuloTest" time="0.014"/>
  <testcase name="MultiThreaded only initializes value once[Iterations: 8,167]" classname="serie2.ex3.CounterModuloTest" time="0.013"/>
  <testcase name="MultiThreaded only initializes value once[Iterations: 8,168]" classname="serie2.ex3.CounterModuloTest" time="0.013"/>
  <testcase name="MultiThreaded only initializes value once[Iterations: 8,169]" classname="serie2.ex3.CounterModuloTest" time="0.012"/>
  <testcase name="MultiThreaded only initializes value once[Iterations: 8,170]" classname="serie2.ex3.CounterModuloTest" time="0.013"/>
  <testcase name="MultiThreaded only initializes value once[Iterations: 8,171]" classname="serie2.ex3.CounterModuloTest" time="0.013"/>
  <testcase name="MultiThreaded only initializes value once[Iterations: 8,172]" classname="serie2.ex3.CounterModuloTest" time="0.014"/>
  <testcase name="MultiThreaded only initializes value once[Iterations: 8,173]" classname="serie2.ex3.CounterModuloTest" time="0.013"/>
  <testcase name="MultiThreaded only initializes value once[Iterations: 8,174]" classname="serie2.ex3.CounterModuloTest" time="0.013"/>
  <testcase name="MultiThreaded only initializes value once[Iterations: 8,175]" classname="serie2.ex3.CounterModuloTest" time="0.022"/>
  <testcase name="MultiThreaded only initializes value once[Iterations: 8,176]" classname="serie2.ex3.CounterModuloTest" time="0.014"/>
  <testcase name="MultiThreaded only initializes value once[Iterations: 8,177]" classname="serie2.ex3.CounterModuloTest" time="0.019"/>
  <testcase name="MultiThreaded only initializes value once[Iterations: 8,178]" classname="serie2.ex3.CounterModuloTest" time="0.015"/>
  <testcase name="MultiThreaded only initializes value once[Iterations: 8,179]" classname="serie2.ex3.CounterModuloTest" time="0.013"/>
  <testcase name="MultiThreaded only initializes value once[Iterations: 8,180]" classname="serie2.ex3.CounterModuloTest" time="0.013"/>
  <testcase name="MultiThreaded only initializes value once[Iterations: 8,181]" classname="serie2.ex3.CounterModuloTest" time="0.013"/>
  <testcase name="MultiThreaded only initializes value once[Iterations: 8,182]" classname="serie2.ex3.CounterModuloTest" time="0.011"/>
  <testcase name="MultiThreaded only initializes value once[Iterations: 8,183]" classname="serie2.ex3.CounterModuloTest" time="0.012"/>
  <testcase name="MultiThreaded only initializes value once[Iterations: 8,184]" classname="serie2.ex3.CounterModuloTest" time="0.014"/>
  <testcase name="MultiThreaded only initializes value once[Iterations: 8,185]" classname="serie2.ex3.CounterModuloTest" time="0.014"/>
  <testcase name="MultiThreaded only initializes value once[Iterations: 8,186]" classname="serie2.ex3.CounterModuloTest" time="0.014"/>
  <testcase name="MultiThreaded only initializes value once[Iterations: 8,187]" classname="serie2.ex3.CounterModuloTest" time="0.016"/>
  <testcase name="MultiThreaded only initializes value once[Iterations: 8,188]" classname="serie2.ex3.CounterModuloTest" time="0.017"/>
  <testcase name="MultiThreaded only initializes value once[Iterations: 8,189]" classname="serie2.ex3.CounterModuloTest" time="0.014"/>
  <testcase name="MultiThreaded only initializes value once[Iterations: 8,190]" classname="serie2.ex3.CounterModuloTest" time="0.014"/>
  <testcase name="MultiThreaded only initializes value once[Iterations: 8,191]" classname="serie2.ex3.CounterModuloTest" time="0.012"/>
  <testcase name="MultiThreaded only initializes value once[Iterations: 8,192]" classname="serie2.ex3.CounterModuloTest" time="0.014"/>
  <testcase name="MultiThreaded only initializes value once[Iterations: 8,193]" classname="serie2.ex3.CounterModuloTest" time="0.015"/>
  <testcase name="MultiThreaded only initializes value once[Iterations: 8,194]" classname="serie2.ex3.CounterModuloTest" time="0.014"/>
  <testcase name="MultiThreaded only initializes value once[Iterations: 8,195]" classname="serie2.ex3.CounterModuloTest" time="0.014"/>
  <testcase name="MultiThreaded only initializes value once[Iterations: 8,196]" classname="serie2.ex3.CounterModuloTest" time="0.014"/>
  <testcase name="MultiThreaded only initializes value once[Iterations: 8,197]" classname="serie2.ex3.CounterModuloTest" time="0.013"/>
  <testcase name="MultiThreaded only initializes value once[Iterations: 8,198]" classname="serie2.ex3.CounterModuloTest" time="0.014"/>
  <testcase name="MultiThreaded only initializes value once[Iterations: 8,199]" classname="serie2.ex3.CounterModuloTest" time="0.013"/>
  <testcase name="MultiThreaded only initializes value once[Iterations: 8,200]" classname="serie2.ex3.CounterModuloTest" time="0.012"/>
  <testcase name="MultiThreaded only initializes value once[Iterations: 8,201]" classname="serie2.ex3.CounterModuloTest" time="0.011"/>
  <testcase name="MultiThreaded only initializes value once[Iterations: 8,202]" classname="serie2.ex3.CounterModuloTest" time="0.011"/>
  <testcase name="MultiThreaded only initializes value once[Iterations: 8,203]" classname="serie2.ex3.CounterModuloTest" time="0.013"/>
  <testcase name="MultiThreaded only initializes value once[Iterations: 8,204]" classname="serie2.ex3.CounterModuloTest" time="0.012"/>
  <testcase name="MultiThreaded only initializes value once[Iterations: 8,205]" classname="serie2.ex3.CounterModuloTest" time="0.012"/>
  <testcase name="MultiThreaded only initializes value once[Iterations: 8,206]" classname="serie2.ex3.CounterModuloTest" time="0.012"/>
  <testcase name="MultiThreaded only initializes value once[Iterations: 8,207]" classname="serie2.ex3.CounterModuloTest" time="0.012"/>
  <testcase name="MultiThreaded only initializes value once[Iterations: 8,208]" classname="serie2.ex3.CounterModuloTest" time="0.011"/>
  <testcase name="MultiThreaded only initializes value once[Iterations: 8,209]" classname="serie2.ex3.CounterModuloTest" time="0.014"/>
  <testcase name="MultiThreaded only initializes value once[Iterations: 8,210]" classname="serie2.ex3.CounterModuloTest" time="0.014"/>
  <testcase name="MultiThreaded only initializes value once[Iterations: 8,211]" classname="serie2.ex3.CounterModuloTest" time="0.013"/>
  <testcase name="MultiThreaded only initializes value once[Iterations: 8,212]" classname="serie2.ex3.CounterModuloTest" time="0.014"/>
  <testcase name="MultiThreaded only initializes value once[Iterations: 8,213]" classname="serie2.ex3.CounterModuloTest" time="0.012"/>
  <testcase name="MultiThreaded only initializes value once[Iterations: 8,214]" classname="serie2.ex3.CounterModuloTest" time="0.013"/>
  <testcase name="MultiThreaded only initializes value once[Iterations: 8,215]" classname="serie2.ex3.CounterModuloTest" time="0.015"/>
  <testcase name="MultiThreaded only initializes value once[Iterations: 8,216]" classname="serie2.ex3.CounterModuloTest" time="0.011"/>
  <testcase name="MultiThreaded only initializes value once[Iterations: 8,217]" classname="serie2.ex3.CounterModuloTest" time="0.011"/>
  <testcase name="MultiThreaded only initializes value once[Iterations: 8,218]" classname="serie2.ex3.CounterModuloTest" time="0.013"/>
  <testcase name="MultiThreaded only initializes value once[Iterations: 8,219]" classname="serie2.ex3.CounterModuloTest" time="0.013"/>
  <testcase name="MultiThreaded only initializes value once[Iterations: 8,220]" classname="serie2.ex3.CounterModuloTest" time="0.012"/>
  <testcase name="MultiThreaded only initializes value once[Iterations: 8,221]" classname="serie2.ex3.CounterModuloTest" time="0.013"/>
  <testcase name="MultiThreaded only initializes value once[Iterations: 8,222]" classname="serie2.ex3.CounterModuloTest" time="0.012"/>
  <testcase name="MultiThreaded only initializes value once[Iterations: 8,223]" classname="serie2.ex3.CounterModuloTest" time="0.013"/>
  <testcase name="MultiThreaded only initializes value once[Iterations: 8,224]" classname="serie2.ex3.CounterModuloTest" time="0.013"/>
  <testcase name="MultiThreaded only initializes value once[Iterations: 8,225]" classname="serie2.ex3.CounterModuloTest" time="0.011"/>
  <testcase name="MultiThreaded only initializes value once[Iterations: 8,226]" classname="serie2.ex3.CounterModuloTest" time="0.012"/>
  <testcase name="MultiThreaded only initializes value once[Iterations: 8,227]" classname="serie2.ex3.CounterModuloTest" time="0.015"/>
  <testcase name="MultiThreaded only initializes value once[Iterations: 8,228]" classname="serie2.ex3.CounterModuloTest" time="0.013"/>
  <testcase name="MultiThreaded only initializes value once[Iterations: 8,229]" classname="serie2.ex3.CounterModuloTest" time="0.011"/>
  <testcase name="MultiThreaded only initializes value once[Iterations: 8,230]" classname="serie2.ex3.CounterModuloTest" time="0.012"/>
  <testcase name="MultiThreaded only initializes value once[Iterations: 8,231]" classname="serie2.ex3.CounterModuloTest" time="0.012"/>
  <testcase name="MultiThreaded only initializes value once[Iterations: 8,232]" classname="serie2.ex3.CounterModuloTest" time="0.013"/>
  <testcase name="MultiThreaded only initializes value once[Iterations: 8,233]" classname="serie2.ex3.CounterModuloTest" time="0.012"/>
  <testcase name="MultiThreaded only initializes value once[Iterations: 8,234]" classname="serie2.ex3.CounterModuloTest" time="0.013"/>
  <testcase name="MultiThreaded only initializes value once[Iterations: 8,235]" classname="serie2.ex3.CounterModuloTest" time="0.011"/>
  <testcase name="MultiThreaded only initializes value once[Iterations: 8,236]" classname="serie2.ex3.CounterModuloTest" time="0.011"/>
  <testcase name="MultiThreaded only initializes value once[Iterations: 8,237]" classname="serie2.ex3.CounterModuloTest" time="0.011"/>
  <testcase name="MultiThreaded only initializes value once[Iterations: 8,238]" classname="serie2.ex3.CounterModuloTest" time="0.013"/>
  <testcase name="MultiThreaded only initializes value once[Iterations: 8,239]" classname="serie2.ex3.CounterModuloTest" time="0.012"/>
  <testcase name="MultiThreaded only initializes value once[Iterations: 8,240]" classname="serie2.ex3.CounterModuloTest" time="0.012"/>
  <testcase name="MultiThreaded only initializes value once[Iterations: 8,241]" classname="serie2.ex3.CounterModuloTest" time="0.013"/>
  <testcase name="MultiThreaded only initializes value once[Iterations: 8,242]" classname="serie2.ex3.CounterModuloTest" time="0.012"/>
  <testcase name="MultiThreaded only initializes value once[Iterations: 8,243]" classname="serie2.ex3.CounterModuloTest" time="0.012"/>
  <testcase name="MultiThreaded only initializes value once[Iterations: 8,244]" classname="serie2.ex3.CounterModuloTest" time="0.013"/>
  <testcase name="MultiThreaded only initializes value once[Iterations: 8,245]" classname="serie2.ex3.CounterModuloTest" time="0.011"/>
  <testcase name="MultiThreaded only initializes value once[Iterations: 8,246]" classname="serie2.ex3.CounterModuloTest" time="0.011"/>
  <testcase name="MultiThreaded only initializes value once[Iterations: 8,247]" classname="serie2.ex3.CounterModuloTest" time="0.013"/>
  <testcase name="MultiThreaded only initializes value once[Iterations: 8,248]" classname="serie2.ex3.CounterModuloTest" time="0.012"/>
  <testcase name="MultiThreaded only initializes value once[Iterations: 8,249]" classname="serie2.ex3.CounterModuloTest" time="0.014"/>
  <testcase name="MultiThreaded only initializes value once[Iterations: 8,250]" classname="serie2.ex3.CounterModuloTest" time="0.011"/>
  <testcase name="MultiThreaded only initializes value once[Iterations: 8,251]" classname="serie2.ex3.CounterModuloTest" time="0.013"/>
  <testcase name="MultiThreaded only initializes value once[Iterations: 8,252]" classname="serie2.ex3.CounterModuloTest" time="0.012"/>
  <testcase name="MultiThreaded only initializes value once[Iterations: 8,253]" classname="serie2.ex3.CounterModuloTest" time="0.013"/>
  <testcase name="MultiThreaded only initializes value once[Iterations: 8,254]" classname="serie2.ex3.CounterModuloTest" time="0.012"/>
  <testcase name="MultiThreaded only initializes value once[Iterations: 8,255]" classname="serie2.ex3.CounterModuloTest" time="0.015"/>
  <testcase name="MultiThreaded only initializes value once[Iterations: 8,256]" classname="serie2.ex3.CounterModuloTest" time="0.011"/>
  <testcase name="MultiThreaded only initializes value once[Iterations: 8,257]" classname="serie2.ex3.CounterModuloTest" time="0.013"/>
  <testcase name="MultiThreaded only initializes value once[Iterations: 8,258]" classname="serie2.ex3.CounterModuloTest" time="0.012"/>
  <testcase name="MultiThreaded only initializes value once[Iterations: 8,259]" classname="serie2.ex3.CounterModuloTest" time="0.012"/>
  <testcase name="MultiThreaded only initializes value once[Iterations: 8,260]" classname="serie2.ex3.CounterModuloTest" time="0.011"/>
  <testcase name="MultiThreaded only initializes value once[Iterations: 8,261]" classname="serie2.ex3.CounterModuloTest" time="0.014"/>
  <testcase name="MultiThreaded only initializes value once[Iterations: 8,262]" classname="serie2.ex3.CounterModuloTest" time="0.013"/>
  <testcase name="MultiThreaded only initializes value once[Iterations: 8,263]" classname="serie2.ex3.CounterModuloTest" time="0.013"/>
  <testcase name="MultiThreaded only initializes value once[Iterations: 8,264]" classname="serie2.ex3.CounterModuloTest" time="0.011"/>
  <testcase name="MultiThreaded only initializes value once[Iterations: 8,265]" classname="serie2.ex3.CounterModuloTest" time="0.013"/>
  <testcase name="MultiThreaded only initializes value once[Iterations: 8,266]" classname="serie2.ex3.CounterModuloTest" time="0.012"/>
  <testcase name="MultiThreaded only initializes value once[Iterations: 8,267]" classname="serie2.ex3.CounterModuloTest" time="0.012"/>
  <testcase name="MultiThreaded only initializes value once[Iterations: 8,268]" classname="serie2.ex3.CounterModuloTest" time="0.012"/>
  <testcase name="MultiThreaded only initializes value once[Iterations: 8,269]" classname="serie2.ex3.CounterModuloTest" time="0.013"/>
  <testcase name="MultiThreaded only initializes value once[Iterations: 8,270]" classname="serie2.ex3.CounterModuloTest" time="0.014"/>
  <testcase name="MultiThreaded only initializes value once[Iterations: 8,271]" classname="serie2.ex3.CounterModuloTest" time="0.015"/>
  <testcase name="MultiThreaded only initializes value once[Iterations: 8,272]" classname="serie2.ex3.CounterModuloTest" time="0.014"/>
  <testcase name="MultiThreaded only initializes value once[Iterations: 8,273]" classname="serie2.ex3.CounterModuloTest" time="0.011"/>
  <testcase name="MultiThreaded only initializes value once[Iterations: 8,274]" classname="serie2.ex3.CounterModuloTest" time="0.014"/>
  <testcase name="MultiThreaded only initializes value once[Iterations: 8,275]" classname="serie2.ex3.CounterModuloTest" time="0.014"/>
  <testcase name="MultiThreaded only initializes value once[Iterations: 8,276]" classname="serie2.ex3.CounterModuloTest" time="0.012"/>
  <testcase name="MultiThreaded only initializes value once[Iterations: 8,277]" classname="serie2.ex3.CounterModuloTest" time="0.012"/>
  <testcase name="MultiThreaded only initializes value once[Iterations: 8,278]" classname="serie2.ex3.CounterModuloTest" time="0.013"/>
  <testcase name="MultiThreaded only initializes value once[Iterations: 8,279]" classname="serie2.ex3.CounterModuloTest" time="0.013"/>
  <testcase name="MultiThreaded only initializes value once[Iterations: 8,280]" classname="serie2.ex3.CounterModuloTest" time="0.013"/>
  <testcase name="MultiThreaded only initializes value once[Iterations: 8,281]" classname="serie2.ex3.CounterModuloTest" time="0.012"/>
  <testcase name="MultiThreaded only initializes value once[Iterations: 8,282]" classname="serie2.ex3.CounterModuloTest" time="0.013"/>
  <testcase name="MultiThreaded only initializes value once[Iterations: 8,283]" classname="serie2.ex3.CounterModuloTest" time="0.014"/>
  <testcase name="MultiThreaded only initializes value once[Iterations: 8,284]" classname="serie2.ex3.CounterModuloTest" time="0.011"/>
  <testcase name="MultiThreaded only initializes value once[Iterations: 8,285]" classname="serie2.ex3.CounterModuloTest" time="0.011"/>
  <testcase name="MultiThreaded only initializes value once[Iterations: 8,286]" classname="serie2.ex3.CounterModuloTest" time="0.013"/>
  <testcase name="MultiThreaded only initializes value once[Iterations: 8,287]" classname="serie2.ex3.CounterModuloTest" time="0.013"/>
  <testcase name="MultiThreaded only initializes value once[Iterations: 8,288]" classname="serie2.ex3.CounterModuloTest" time="0.012"/>
  <testcase name="MultiThreaded only initializes value once[Iterations: 8,289]" classname="serie2.ex3.CounterModuloTest" time="0.012"/>
  <testcase name="MultiThreaded only initializes value once[Iterations: 8,290]" classname="serie2.ex3.CounterModuloTest" time="0.013"/>
  <testcase name="MultiThreaded only initializes value once[Iterations: 8,291]" classname="serie2.ex3.CounterModuloTest" time="0.012"/>
  <testcase name="MultiThreaded only initializes value once[Iterations: 8,292]" classname="serie2.ex3.CounterModuloTest" time="0.011"/>
  <testcase name="MultiThreaded only initializes value once[Iterations: 8,293]" classname="serie2.ex3.CounterModuloTest" time="0.013"/>
  <testcase name="MultiThreaded only initializes value once[Iterations: 8,294]" classname="serie2.ex3.CounterModuloTest" time="0.013"/>
  <testcase name="MultiThreaded only initializes value once[Iterations: 8,295]" classname="serie2.ex3.CounterModuloTest" time="0.014"/>
  <testcase name="MultiThreaded only initializes value once[Iterations: 8,296]" classname="serie2.ex3.CounterModuloTest" time="0.012"/>
  <testcase name="MultiThreaded only initializes value once[Iterations: 8,297]" classname="serie2.ex3.CounterModuloTest" time="0.013"/>
  <testcase name="MultiThreaded only initializes value once[Iterations: 8,298]" classname="serie2.ex3.CounterModuloTest" time="0.012"/>
  <testcase name="MultiThreaded only initializes value once[Iterations: 8,299]" classname="serie2.ex3.CounterModuloTest" time="0.013"/>
  <testcase name="MultiThreaded only initializes value once[Iterations: 8,300]" classname="serie2.ex3.CounterModuloTest" time="0.011"/>
  <testcase name="MultiThreaded only initializes value once[Iterations: 8,301]" classname="serie2.ex3.CounterModuloTest" time="0.013"/>
  <testcase name="MultiThreaded only initializes value once[Iterations: 8,302]" classname="serie2.ex3.CounterModuloTest" time="0.013"/>
  <testcase name="MultiThreaded only initializes value once[Iterations: 8,303]" classname="serie2.ex3.CounterModuloTest" time="0.012"/>
  <testcase name="MultiThreaded only initializes value once[Iterations: 8,304]" classname="serie2.ex3.CounterModuloTest" time="0.012"/>
  <testcase name="MultiThreaded only initializes value once[Iterations: 8,305]" classname="serie2.ex3.CounterModuloTest" time="0.012"/>
  <testcase name="MultiThreaded only initializes value once[Iterations: 8,306]" classname="serie2.ex3.CounterModuloTest" time="0.012"/>
  <testcase name="MultiThreaded only initializes value once[Iterations: 8,307]" classname="serie2.ex3.CounterModuloTest" time="0.013"/>
  <testcase name="MultiThreaded only initializes value once[Iterations: 8,308]" classname="serie2.ex3.CounterModuloTest" time="0.012"/>
  <testcase name="MultiThreaded only initializes value once[Iterations: 8,309]" classname="serie2.ex3.CounterModuloTest" time="0.012"/>
  <testcase name="MultiThreaded only initializes value once[Iterations: 8,310]" classname="serie2.ex3.CounterModuloTest" time="0.012"/>
  <testcase name="MultiThreaded only initializes value once[Iterations: 8,311]" classname="serie2.ex3.CounterModuloTest" time="0.014"/>
  <testcase name="MultiThreaded only initializes value once[Iterations: 8,312]" classname="serie2.ex3.CounterModuloTest" time="0.012"/>
  <testcase name="MultiThreaded only initializes value once[Iterations: 8,313]" classname="serie2.ex3.CounterModuloTest" time="0.014"/>
  <testcase name="MultiThreaded only initializes value once[Iterations: 8,314]" classname="serie2.ex3.CounterModuloTest" time="0.012"/>
  <testcase name="MultiThreaded only initializes value once[Iterations: 8,315]" classname="serie2.ex3.CounterModuloTest" time="0.012"/>
  <testcase name="MultiThreaded only initializes value once[Iterations: 8,316]" classname="serie2.ex3.CounterModuloTest" time="0.013"/>
  <testcase name="MultiThreaded only initializes value once[Iterations: 8,317]" classname="serie2.ex3.CounterModuloTest" time="0.012"/>
  <testcase name="MultiThreaded only initializes value once[Iterations: 8,318]" classname="serie2.ex3.CounterModuloTest" time="0.012"/>
  <testcase name="MultiThreaded only initializes value once[Iterations: 8,319]" classname="serie2.ex3.CounterModuloTest" time="0.012"/>
  <testcase name="MultiThreaded only initializes value once[Iterations: 8,320]" classname="serie2.ex3.CounterModuloTest" time="0.013"/>
  <testcase name="MultiThreaded only initializes value once[Iterations: 8,321]" classname="serie2.ex3.CounterModuloTest" time="0.011"/>
  <testcase name="MultiThreaded only initializes value once[Iterations: 8,322]" classname="serie2.ex3.CounterModuloTest" time="0.013"/>
  <testcase name="MultiThreaded only initializes value once[Iterations: 8,323]" classname="serie2.ex3.CounterModuloTest" time="0.013"/>
  <testcase name="MultiThreaded only initializes value once[Iterations: 8,324]" classname="serie2.ex3.CounterModuloTest" time="0.013"/>
  <testcase name="MultiThreaded only initializes value once[Iterations: 8,325]" classname="serie2.ex3.CounterModuloTest" time="0.013"/>
  <testcase name="MultiThreaded only initializes value once[Iterations: 8,326]" classname="serie2.ex3.CounterModuloTest" time="0.011"/>
  <testcase name="MultiThreaded only initializes value once[Iterations: 8,327]" classname="serie2.ex3.CounterModuloTest" time="0.012"/>
  <testcase name="MultiThreaded only initializes value once[Iterations: 8,328]" classname="serie2.ex3.CounterModuloTest" time="0.017"/>
  <testcase name="MultiThreaded only initializes value once[Iterations: 8,329]" classname="serie2.ex3.CounterModuloTest" time="0.016"/>
  <testcase name="MultiThreaded only initializes value once[Iterations: 8,330]" classname="serie2.ex3.CounterModuloTest" time="0.012"/>
  <testcase name="MultiThreaded only initializes value once[Iterations: 8,331]" classname="serie2.ex3.CounterModuloTest" time="0.015"/>
  <testcase name="MultiThreaded only initializes value once[Iterations: 8,332]" classname="serie2.ex3.CounterModuloTest" time="0.014"/>
  <testcase name="MultiThreaded only initializes value once[Iterations: 8,333]" classname="serie2.ex3.CounterModuloTest" time="0.01"/>
  <testcase name="MultiThreaded only initializes value once[Iterations: 8,334]" classname="serie2.ex3.CounterModuloTest" time="0.013"/>
  <testcase name="MultiThreaded only initializes value once[Iterations: 8,335]" classname="serie2.ex3.CounterModuloTest" time="0.014"/>
  <testcase name="MultiThreaded only initializes value once[Iterations: 8,336]" classname="serie2.ex3.CounterModuloTest" time="0.014"/>
  <testcase name="MultiThreaded only initializes value once[Iterations: 8,337]" classname="serie2.ex3.CounterModuloTest" time="0.012"/>
  <testcase name="MultiThreaded only initializes value once[Iterations: 8,338]" classname="serie2.ex3.CounterModuloTest" time="0.013"/>
  <testcase name="MultiThreaded only initializes value once[Iterations: 8,339]" classname="serie2.ex3.CounterModuloTest" time="0.012"/>
  <testcase name="MultiThreaded only initializes value once[Iterations: 8,340]" classname="serie2.ex3.CounterModuloTest" time="0.013"/>
  <testcase name="MultiThreaded only initializes value once[Iterations: 8,341]" classname="serie2.ex3.CounterModuloTest" time="0.013"/>
  <testcase name="MultiThreaded only initializes value once[Iterations: 8,342]" classname="serie2.ex3.CounterModuloTest" time="0.013"/>
  <testcase name="MultiThreaded only initializes value once[Iterations: 8,343]" classname="serie2.ex3.CounterModuloTest" time="0.017"/>
  <testcase name="MultiThreaded only initializes value once[Iterations: 8,344]" classname="serie2.ex3.CounterModuloTest" time="0.019"/>
  <testcase name="MultiThreaded only initializes value once[Iterations: 8,345]" classname="serie2.ex3.CounterModuloTest" time="0.017"/>
  <testcase name="MultiThreaded only initializes value once[Iterations: 8,346]" classname="serie2.ex3.CounterModuloTest" time="0.014"/>
  <testcase name="MultiThreaded only initializes value once[Iterations: 8,347]" classname="serie2.ex3.CounterModuloTest" time="0.014"/>
  <testcase name="MultiThreaded only initializes value once[Iterations: 8,348]" classname="serie2.ex3.CounterModuloTest" time="0.014"/>
  <testcase name="MultiThreaded only initializes value once[Iterations: 8,349]" classname="serie2.ex3.CounterModuloTest" time="0.013"/>
  <testcase name="MultiThreaded only initializes value once[Iterations: 8,350]" classname="serie2.ex3.CounterModuloTest" time="0.012"/>
  <testcase name="MultiThreaded only initializes value once[Iterations: 8,351]" classname="serie2.ex3.CounterModuloTest" time="0.011"/>
  <testcase name="MultiThreaded only initializes value once[Iterations: 8,352]" classname="serie2.ex3.CounterModuloTest" time="0.011"/>
  <testcase name="MultiThreaded only initializes value once[Iterations: 8,353]" classname="serie2.ex3.CounterModuloTest" time="0.012"/>
  <testcase name="MultiThreaded only initializes value once[Iterations: 8,354]" classname="serie2.ex3.CounterModuloTest" time="0.012"/>
  <testcase name="MultiThreaded only initializes value once[Iterations: 8,355]" classname="serie2.ex3.CounterModuloTest" time="0.013"/>
  <testcase name="MultiThreaded only initializes value once[Iterations: 8,356]" classname="serie2.ex3.CounterModuloTest" time="0.012"/>
  <testcase name="MultiThreaded only initializes value once[Iterations: 8,357]" classname="serie2.ex3.CounterModuloTest" time="0.012"/>
  <testcase name="MultiThreaded only initializes value once[Iterations: 8,358]" classname="serie2.ex3.CounterModuloTest" time="0.012"/>
  <testcase name="MultiThreaded only initializes value once[Iterations: 8,359]" classname="serie2.ex3.CounterModuloTest" time="0.013"/>
  <testcase name="MultiThreaded only initializes value once[Iterations: 8,360]" classname="serie2.ex3.CounterModuloTest" time="0.012"/>
  <testcase name="MultiThreaded only initializes value once[Iterations: 8,361]" classname="serie2.ex3.CounterModuloTest" time="0.014"/>
  <testcase name="MultiThreaded only initializes value once[Iterations: 8,362]" classname="serie2.ex3.CounterModuloTest" time="0.012"/>
  <testcase name="MultiThreaded only initializes value once[Iterations: 8,363]" classname="serie2.ex3.CounterModuloTest" time="0.012"/>
  <testcase name="MultiThreaded only initializes value once[Iterations: 8,364]" classname="serie2.ex3.CounterModuloTest" time="0.01"/>
  <testcase name="MultiThreaded only initializes value once[Iterations: 8,365]" classname="serie2.ex3.CounterModuloTest" time="0.017"/>
  <testcase name="MultiThreaded only initializes value once[Iterations: 8,366]" classname="serie2.ex3.CounterModuloTest" time="0.012"/>
  <testcase name="MultiThreaded only initializes value once[Iterations: 8,367]" classname="serie2.ex3.CounterModuloTest" time="0.013"/>
  <testcase name="MultiThreaded only initializes value once[Iterations: 8,368]" classname="serie2.ex3.CounterModuloTest" time="0.014"/>
  <testcase name="MultiThreaded only initializes value once[Iterations: 8,369]" classname="serie2.ex3.CounterModuloTest" time="0.012"/>
  <testcase name="MultiThreaded only initializes value once[Iterations: 8,370]" classname="serie2.ex3.CounterModuloTest" time="0.015"/>
  <testcase name="MultiThreaded only initializes value once[Iterations: 8,371]" classname="serie2.ex3.CounterModuloTest" time="0.017"/>
  <testcase name="MultiThreaded only initializes value once[Iterations: 8,372]" classname="serie2.ex3.CounterModuloTest" time="0.015"/>
  <testcase name="MultiThreaded only initializes value once[Iterations: 8,373]" classname="serie2.ex3.CounterModuloTest" time="0.013"/>
  <testcase name="MultiThreaded only initializes value once[Iterations: 8,374]" classname="serie2.ex3.CounterModuloTest" time="0.011"/>
  <testcase name="MultiThreaded only initializes value once[Iterations: 8,375]" classname="serie2.ex3.CounterModuloTest" time="0.013"/>
  <testcase name="MultiThreaded only initializes value once[Iterations: 8,376]" classname="serie2.ex3.CounterModuloTest" time="0.012"/>
  <testcase name="MultiThreaded only initializes value once[Iterations: 8,377]" classname="serie2.ex3.CounterModuloTest" time="0.014"/>
  <testcase name="MultiThreaded only initializes value once[Iterations: 8,378]" classname="serie2.ex3.CounterModuloTest" time="0.01"/>
  <testcase name="MultiThreaded only initializes value once[Iterations: 8,379]" classname="serie2.ex3.CounterModuloTest" time="0.013"/>
  <testcase name="MultiThreaded only initializes value once[Iterations: 8,380]" classname="serie2.ex3.CounterModuloTest" time="0.011"/>
  <testcase name="MultiThreaded only initializes value once[Iterations: 8,381]" classname="serie2.ex3.CounterModuloTest" time="0.013"/>
  <testcase name="MultiThreaded only initializes value once[Iterations: 8,382]" classname="serie2.ex3.CounterModuloTest" time="0.012"/>
  <testcase name="MultiThreaded only initializes value once[Iterations: 8,383]" classname="serie2.ex3.CounterModuloTest" time="0.011"/>
  <testcase name="MultiThreaded only initializes value once[Iterations: 8,384]" classname="serie2.ex3.CounterModuloTest" time="0.012"/>
  <testcase name="MultiThreaded only initializes value once[Iterations: 8,385]" classname="serie2.ex3.CounterModuloTest" time="0.012"/>
  <testcase name="MultiThreaded only initializes value once[Iterations: 8,386]" classname="serie2.ex3.CounterModuloTest" time="0.012"/>
  <testcase name="MultiThreaded only initializes value once[Iterations: 8,387]" classname="serie2.ex3.CounterModuloTest" time="0.012"/>
  <testcase name="MultiThreaded only initializes value once[Iterations: 8,388]" classname="serie2.ex3.CounterModuloTest" time="0.012"/>
  <testcase name="MultiThreaded only initializes value once[Iterations: 8,389]" classname="serie2.ex3.CounterModuloTest" time="0.012"/>
  <testcase name="MultiThreaded only initializes value once[Iterations: 8,390]" classname="serie2.ex3.CounterModuloTest" time="0.013"/>
  <testcase name="MultiThreaded only initializes value once[Iterations: 8,391]" classname="serie2.ex3.CounterModuloTest" time="0.011"/>
  <testcase name="MultiThreaded only initializes value once[Iterations: 8,392]" classname="serie2.ex3.CounterModuloTest" time="0.012"/>
  <testcase name="MultiThreaded only initializes value once[Iterations: 8,393]" classname="serie2.ex3.CounterModuloTest" time="0.011"/>
  <testcase name="MultiThreaded only initializes value once[Iterations: 8,394]" classname="serie2.ex3.CounterModuloTest" time="0.011"/>
  <testcase name="MultiThreaded only initializes value once[Iterations: 8,395]" classname="serie2.ex3.CounterModuloTest" time="0.011"/>
  <testcase name="MultiThreaded only initializes value once[Iterations: 8,396]" classname="serie2.ex3.CounterModuloTest" time="0.012"/>
  <testcase name="MultiThreaded only initializes value once[Iterations: 8,397]" classname="serie2.ex3.CounterModuloTest" time="0.011"/>
  <testcase name="MultiThreaded only initializes value once[Iterations: 8,398]" classname="serie2.ex3.CounterModuloTest" time="0.011"/>
  <testcase name="MultiThreaded only initializes value once[Iterations: 8,399]" classname="serie2.ex3.CounterModuloTest" time="0.012"/>
  <testcase name="MultiThreaded only initializes value once[Iterations: 8,400]" classname="serie2.ex3.CounterModuloTest" time="0.011"/>
  <testcase name="MultiThreaded only initializes value once[Iterations: 8,401]" classname="serie2.ex3.CounterModuloTest" time="0.011"/>
  <testcase name="MultiThreaded only initializes value once[Iterations: 8,402]" classname="serie2.ex3.CounterModuloTest" time="0.011"/>
  <testcase name="MultiThreaded only initializes value once[Iterations: 8,403]" classname="serie2.ex3.CounterModuloTest" time="0.012"/>
  <testcase name="MultiThreaded only initializes value once[Iterations: 8,404]" classname="serie2.ex3.CounterModuloTest" time="0.011"/>
  <testcase name="MultiThreaded only initializes value once[Iterations: 8,405]" classname="serie2.ex3.CounterModuloTest" time="0.011"/>
  <testcase name="MultiThreaded only initializes value once[Iterations: 8,406]" classname="serie2.ex3.CounterModuloTest" time="0.013"/>
  <testcase name="MultiThreaded only initializes value once[Iterations: 8,407]" classname="serie2.ex3.CounterModuloTest" time="0.011"/>
  <testcase name="MultiThreaded only initializes value once[Iterations: 8,408]" classname="serie2.ex3.CounterModuloTest" time="0.012"/>
  <testcase name="MultiThreaded only initializes value once[Iterations: 8,409]" classname="serie2.ex3.CounterModuloTest" time="0.01"/>
  <testcase name="MultiThreaded only initializes value once[Iterations: 8,410]" classname="serie2.ex3.CounterModuloTest" time="0.012"/>
  <testcase name="MultiThreaded only initializes value once[Iterations: 8,411]" classname="serie2.ex3.CounterModuloTest" time="0.011"/>
  <testcase name="MultiThreaded only initializes value once[Iterations: 8,412]" classname="serie2.ex3.CounterModuloTest" time="0.01"/>
  <testcase name="MultiThreaded only initializes value once[Iterations: 8,413]" classname="serie2.ex3.CounterModuloTest" time="0.012"/>
  <testcase name="MultiThreaded only initializes value once[Iterations: 8,414]" classname="serie2.ex3.CounterModuloTest" time="0.012"/>
  <testcase name="MultiThreaded only initializes value once[Iterations: 8,415]" classname="serie2.ex3.CounterModuloTest" time="0.011"/>
  <testcase name="MultiThreaded only initializes value once[Iterations: 8,416]" classname="serie2.ex3.CounterModuloTest" time="0.011"/>
  <testcase name="MultiThreaded only initializes value once[Iterations: 8,417]" classname="serie2.ex3.CounterModuloTest" time="0.011"/>
  <testcase name="MultiThreaded only initializes value once[Iterations: 8,418]" classname="serie2.ex3.CounterModuloTest" time="0.013"/>
  <testcase name="MultiThreaded only initializes value once[Iterations: 8,419]" classname="serie2.ex3.CounterModuloTest" time="0.012"/>
  <testcase name="MultiThreaded only initializes value once[Iterations: 8,420]" classname="serie2.ex3.CounterModuloTest" time="0.01"/>
  <testcase name="MultiThreaded only initializes value once[Iterations: 8,421]" classname="serie2.ex3.CounterModuloTest" time="0.012"/>
  <testcase name="MultiThreaded only initializes value once[Iterations: 8,422]" classname="serie2.ex3.CounterModuloTest" time="0.011"/>
  <testcase name="MultiThreaded only initializes value once[Iterations: 8,423]" classname="serie2.ex3.CounterModuloTest" time="0.011"/>
  <testcase name="MultiThreaded only initializes value once[Iterations: 8,424]" classname="serie2.ex3.CounterModuloTest" time="0.011"/>
  <testcase name="MultiThreaded only initializes value once[Iterations: 8,425]" classname="serie2.ex3.CounterModuloTest" time="0.011"/>
  <testcase name="MultiThreaded only initializes value once[Iterations: 8,426]" classname="serie2.ex3.CounterModuloTest" time="0.011"/>
  <testcase name="MultiThreaded only initializes value once[Iterations: 8,427]" classname="serie2.ex3.CounterModuloTest" time="0.012"/>
  <testcase name="MultiThreaded only initializes value once[Iterations: 8,428]" classname="serie2.ex3.CounterModuloTest" time="0.01"/>
  <testcase name="MultiThreaded only initializes value once[Iterations: 8,429]" classname="serie2.ex3.CounterModuloTest" time="0.01"/>
  <testcase name="MultiThreaded only initializes value once[Iterations: 8,430]" classname="serie2.ex3.CounterModuloTest" time="0.011"/>
  <testcase name="MultiThreaded only initializes value once[Iterations: 8,431]" classname="serie2.ex3.CounterModuloTest" time="0.012"/>
  <testcase name="MultiThreaded only initializes value once[Iterations: 8,432]" classname="serie2.ex3.CounterModuloTest" time="0.011"/>
  <testcase name="MultiThreaded only initializes value once[Iterations: 8,433]" classname="serie2.ex3.CounterModuloTest" time="0.011"/>
  <testcase name="MultiThreaded only initializes value once[Iterations: 8,434]" classname="serie2.ex3.CounterModuloTest" time="0.011"/>
  <testcase name="MultiThreaded only initializes value once[Iterations: 8,435]" classname="serie2.ex3.CounterModuloTest" time="0.012"/>
  <testcase name="MultiThreaded only initializes value once[Iterations: 8,436]" classname="serie2.ex3.CounterModuloTest" time="0.011"/>
  <testcase name="MultiThreaded only initializes value once[Iterations: 8,437]" classname="serie2.ex3.CounterModuloTest" time="0.012"/>
  <testcase name="MultiThreaded only initializes value once[Iterations: 8,438]" classname="serie2.ex3.CounterModuloTest" time="0.011"/>
  <testcase name="MultiThreaded only initializes value once[Iterations: 8,439]" classname="serie2.ex3.CounterModuloTest" time="0.013"/>
  <testcase name="MultiThreaded only initializes value once[Iterations: 8,440]" classname="serie2.ex3.CounterModuloTest" time="0.012"/>
  <testcase name="MultiThreaded only initializes value once[Iterations: 8,441]" classname="serie2.ex3.CounterModuloTest" time="0.012"/>
  <testcase name="MultiThreaded only initializes value once[Iterations: 8,442]" classname="serie2.ex3.CounterModuloTest" time="0.014"/>
  <testcase name="MultiThreaded only initializes value once[Iterations: 8,443]" classname="serie2.ex3.CounterModuloTest" time="0.014"/>
  <testcase name="MultiThreaded only initializes value once[Iterations: 8,444]" classname="serie2.ex3.CounterModuloTest" time="0.018"/>
  <testcase name="MultiThreaded only initializes value once[Iterations: 8,445]" classname="serie2.ex3.CounterModuloTest" time="0.016"/>
  <testcase name="MultiThreaded only initializes value once[Iterations: 8,446]" classname="serie2.ex3.CounterModuloTest" time="0.016"/>
  <testcase name="MultiThreaded only initializes value once[Iterations: 8,447]" classname="serie2.ex3.CounterModuloTest" time="0.014"/>
  <testcase name="MultiThreaded only initializes value once[Iterations: 8,448]" classname="serie2.ex3.CounterModuloTest" time="0.014"/>
  <testcase name="MultiThreaded only initializes value once[Iterations: 8,449]" classname="serie2.ex3.CounterModuloTest" time="0.013"/>
  <testcase name="MultiThreaded only initializes value once[Iterations: 8,450]" classname="serie2.ex3.CounterModuloTest" time="0.015"/>
  <testcase name="MultiThreaded only initializes value once[Iterations: 8,451]" classname="serie2.ex3.CounterModuloTest" time="0.012"/>
  <testcase name="MultiThreaded only initializes value once[Iterations: 8,452]" classname="serie2.ex3.CounterModuloTest" time="0.017"/>
  <testcase name="MultiThreaded only initializes value once[Iterations: 8,453]" classname="serie2.ex3.CounterModuloTest" time="0.02"/>
  <testcase name="MultiThreaded only initializes value once[Iterations: 8,454]" classname="serie2.ex3.CounterModuloTest" time="0.026"/>
  <testcase name="MultiThreaded only initializes value once[Iterations: 8,455]" classname="serie2.ex3.CounterModuloTest" time="0.018"/>
  <testcase name="MultiThreaded only initializes value once[Iterations: 8,456]" classname="serie2.ex3.CounterModuloTest" time="0.016"/>
  <testcase name="MultiThreaded only initializes value once[Iterations: 8,457]" classname="serie2.ex3.CounterModuloTest" time="0.015"/>
  <testcase name="MultiThreaded only initializes value once[Iterations: 8,458]" classname="serie2.ex3.CounterModuloTest" time="0.015"/>
  <testcase name="MultiThreaded only initializes value once[Iterations: 8,459]" classname="serie2.ex3.CounterModuloTest" time="0.015"/>
  <testcase name="MultiThreaded only initializes value once[Iterations: 8,460]" classname="serie2.ex3.CounterModuloTest" time="0.014"/>
  <testcase name="MultiThreaded only initializes value once[Iterations: 8,461]" classname="serie2.ex3.CounterModuloTest" time="0.014"/>
  <testcase name="MultiThreaded only initializes value once[Iterations: 8,462]" classname="serie2.ex3.CounterModuloTest" time="0.013"/>
  <testcase name="MultiThreaded only initializes value once[Iterations: 8,463]" classname="serie2.ex3.CounterModuloTest" time="0.015"/>
  <testcase name="MultiThreaded only initializes value once[Iterations: 8,464]" classname="serie2.ex3.CounterModuloTest" time="0.013"/>
  <testcase name="MultiThreaded only initializes value once[Iterations: 8,465]" classname="serie2.ex3.CounterModuloTest" time="0.012"/>
  <testcase name="MultiThreaded only initializes value once[Iterations: 8,466]" classname="serie2.ex3.CounterModuloTest" time="0.012"/>
  <testcase name="MultiThreaded only initializes value once[Iterations: 8,467]" classname="serie2.ex3.CounterModuloTest" time="0.013"/>
  <testcase name="MultiThreaded only initializes value once[Iterations: 8,468]" classname="serie2.ex3.CounterModuloTest" time="0.012"/>
  <testcase name="MultiThreaded only initializes value once[Iterations: 8,469]" classname="serie2.ex3.CounterModuloTest" time="0.015"/>
  <testcase name="MultiThreaded only initializes value once[Iterations: 8,470]" classname="serie2.ex3.CounterModuloTest" time="0.014"/>
  <testcase name="MultiThreaded only initializes value once[Iterations: 8,471]" classname="serie2.ex3.CounterModuloTest" time="0.014"/>
  <testcase name="MultiThreaded only initializes value once[Iterations: 8,472]" classname="serie2.ex3.CounterModuloTest" time="0.013"/>
  <testcase name="MultiThreaded only initializes value once[Iterations: 8,473]" classname="serie2.ex3.CounterModuloTest" time="0.013"/>
  <testcase name="MultiThreaded only initializes value once[Iterations: 8,474]" classname="serie2.ex3.CounterModuloTest" time="0.013"/>
  <testcase name="MultiThreaded only initializes value once[Iterations: 8,475]" classname="serie2.ex3.CounterModuloTest" time="0.013"/>
  <testcase name="MultiThreaded only initializes value once[Iterations: 8,476]" classname="serie2.ex3.CounterModuloTest" time="0.014"/>
  <testcase name="MultiThreaded only initializes value once[Iterations: 8,477]" classname="serie2.ex3.CounterModuloTest" time="0.012"/>
  <testcase name="MultiThreaded only initializes value once[Iterations: 8,478]" classname="serie2.ex3.CounterModuloTest" time="0.012"/>
  <testcase name="MultiThreaded only initializes value once[Iterations: 8,479]" classname="serie2.ex3.CounterModuloTest" time="0.013"/>
  <testcase name="MultiThreaded only initializes value once[Iterations: 8,480]" classname="serie2.ex3.CounterModuloTest" time="0.013"/>
  <testcase name="MultiThreaded only initializes value once[Iterations: 8,481]" classname="serie2.ex3.CounterModuloTest" time="0.011"/>
  <testcase name="MultiThreaded only initializes value once[Iterations: 8,482]" classname="serie2.ex3.CounterModuloTest" time="0.012"/>
  <testcase name="MultiThreaded only initializes value once[Iterations: 8,483]" classname="serie2.ex3.CounterModuloTest" time="0.012"/>
  <testcase name="MultiThreaded only initializes value once[Iterations: 8,484]" classname="serie2.ex3.CounterModuloTest" time="0.014"/>
  <testcase name="MultiThreaded only initializes value once[Iterations: 8,485]" classname="serie2.ex3.CounterModuloTest" time="0.014"/>
  <testcase name="MultiThreaded only initializes value once[Iterations: 8,486]" classname="serie2.ex3.CounterModuloTest" time="0.012"/>
  <testcase name="MultiThreaded only initializes value once[Iterations: 8,487]" classname="serie2.ex3.CounterModuloTest" time="0.013"/>
  <testcase name="MultiThreaded only initializes value once[Iterations: 8,488]" classname="serie2.ex3.CounterModuloTest" time="0.014"/>
  <testcase name="MultiThreaded only initializes value once[Iterations: 8,489]" classname="serie2.ex3.CounterModuloTest" time="0.015"/>
  <testcase name="MultiThreaded only initializes value once[Iterations: 8,490]" classname="serie2.ex3.CounterModuloTest" time="0.013"/>
  <testcase name="MultiThreaded only initializes value once[Iterations: 8,491]" classname="serie2.ex3.CounterModuloTest" time="0.012"/>
  <testcase name="MultiThreaded only initializes value once[Iterations: 8,492]" classname="serie2.ex3.CounterModuloTest" time="0.013"/>
  <testcase name="MultiThreaded only initializes value once[Iterations: 8,493]" classname="serie2.ex3.CounterModuloTest" time="0.016"/>
  <testcase name="MultiThreaded only initializes value once[Iterations: 8,494]" classname="serie2.ex3.CounterModuloTest" time="0.015"/>
  <testcase name="MultiThreaded only initializes value once[Iterations: 8,495]" classname="serie2.ex3.CounterModuloTest" time="0.013"/>
  <testcase name="MultiThreaded only initializes value once[Iterations: 8,496]" classname="serie2.ex3.CounterModuloTest" time="0.015"/>
  <testcase name="MultiThreaded only initializes value once[Iterations: 8,497]" classname="serie2.ex3.CounterModuloTest" time="0.013"/>
  <testcase name="MultiThreaded only initializes value once[Iterations: 8,498]" classname="serie2.ex3.CounterModuloTest" time="0.013"/>
  <testcase name="MultiThreaded only initializes value once[Iterations: 8,499]" classname="serie2.ex3.CounterModuloTest" time="0.014"/>
  <testcase name="MultiThreaded only initializes value once[Iterations: 8,500]" classname="serie2.ex3.CounterModuloTest" time="0.016"/>
  <testcase name="MultiThreaded only initializes value once[Iterations: 8,501]" classname="serie2.ex3.CounterModuloTest" time="0.015"/>
  <testcase name="MultiThreaded only initializes value once[Iterations: 8,502]" classname="serie2.ex3.CounterModuloTest" time="0.015"/>
  <testcase name="MultiThreaded only initializes value once[Iterations: 8,503]" classname="serie2.ex3.CounterModuloTest" time="0.016"/>
  <testcase name="MultiThreaded only initializes value once[Iterations: 8,504]" classname="serie2.ex3.CounterModuloTest" time="0.014"/>
  <testcase name="MultiThreaded only initializes value once[Iterations: 8,505]" classname="serie2.ex3.CounterModuloTest" time="0.015"/>
  <testcase name="MultiThreaded only initializes value once[Iterations: 8,506]" classname="serie2.ex3.CounterModuloTest" time="0.012"/>
  <testcase name="MultiThreaded only initializes value once[Iterations: 8,507]" classname="serie2.ex3.CounterModuloTest" time="0.013"/>
  <testcase name="MultiThreaded only initializes value once[Iterations: 8,508]" classname="serie2.ex3.CounterModuloTest" time="0.018"/>
  <testcase name="MultiThreaded only initializes value once[Iterations: 8,509]" classname="serie2.ex3.CounterModuloTest" time="0.014"/>
  <testcase name="MultiThreaded only initializes value once[Iterations: 8,510]" classname="serie2.ex3.CounterModuloTest" time="0.016"/>
  <testcase name="MultiThreaded only initializes value once[Iterations: 8,511]" classname="serie2.ex3.CounterModuloTest" time="0.016"/>
  <testcase name="MultiThreaded only initializes value once[Iterations: 8,512]" classname="serie2.ex3.CounterModuloTest" time="0.018"/>
  <testcase name="MultiThreaded only initializes value once[Iterations: 8,513]" classname="serie2.ex3.CounterModuloTest" time="0.016"/>
  <testcase name="MultiThreaded only initializes value once[Iterations: 8,514]" classname="serie2.ex3.CounterModuloTest" time="0.014"/>
  <testcase name="MultiThreaded only initializes value once[Iterations: 8,515]" classname="serie2.ex3.CounterModuloTest" time="0.022"/>
  <testcase name="MultiThreaded only initializes value once[Iterations: 8,516]" classname="serie2.ex3.CounterModuloTest" time="0.028"/>
  <testcase name="MultiThreaded only initializes value once[Iterations: 8,517]" classname="serie2.ex3.CounterModuloTest" time="0.04"/>
  <testcase name="MultiThreaded only initializes value once[Iterations: 8,518]" classname="serie2.ex3.CounterModuloTest" time="0.024"/>
  <testcase name="MultiThreaded only initializes value once[Iterations: 8,519]" classname="serie2.ex3.CounterModuloTest" time="0.022"/>
  <testcase name="MultiThreaded only initializes value once[Iterations: 8,520]" classname="serie2.ex3.CounterModuloTest" time="0.018"/>
  <testcase name="MultiThreaded only initializes value once[Iterations: 8,521]" classname="serie2.ex3.CounterModuloTest" time="0.015"/>
  <testcase name="MultiThreaded only initializes value once[Iterations: 8,522]" classname="serie2.ex3.CounterModuloTest" time="0.014"/>
  <testcase name="MultiThreaded only initializes value once[Iterations: 8,523]" classname="serie2.ex3.CounterModuloTest" time="0.019"/>
  <testcase name="MultiThreaded only initializes value once[Iterations: 8,524]" classname="serie2.ex3.CounterModuloTest" time="0.024"/>
  <testcase name="MultiThreaded only initializes value once[Iterations: 8,525]" classname="serie2.ex3.CounterModuloTest" time="0.018"/>
  <testcase name="MultiThreaded only initializes value once[Iterations: 8,526]" classname="serie2.ex3.CounterModuloTest" time="0.022"/>
  <testcase name="MultiThreaded only initializes value once[Iterations: 8,527]" classname="serie2.ex3.CounterModuloTest" time="0.021"/>
  <testcase name="MultiThreaded only initializes value once[Iterations: 8,528]" classname="serie2.ex3.CounterModuloTest" time="0.02"/>
  <testcase name="MultiThreaded only initializes value once[Iterations: 8,529]" classname="serie2.ex3.CounterModuloTest" time="0.017"/>
  <testcase name="MultiThreaded only initializes value once[Iterations: 8,530]" classname="serie2.ex3.CounterModuloTest" time="0.017"/>
  <testcase name="MultiThreaded only initializes value once[Iterations: 8,531]" classname="serie2.ex3.CounterModuloTest" time="0.018"/>
  <testcase name="MultiThreaded only initializes value once[Iterations: 8,532]" classname="serie2.ex3.CounterModuloTest" time="0.013"/>
  <testcase name="MultiThreaded only initializes value once[Iterations: 8,533]" classname="serie2.ex3.CounterModuloTest" time="0.011"/>
  <testcase name="MultiThreaded only initializes value once[Iterations: 8,534]" classname="serie2.ex3.CounterModuloTest" time="0.014"/>
  <testcase name="MultiThreaded only initializes value once[Iterations: 8,535]" classname="serie2.ex3.CounterModuloTest" time="0.014"/>
  <testcase name="MultiThreaded only initializes value once[Iterations: 8,536]" classname="serie2.ex3.CounterModuloTest" time="0.017"/>
  <testcase name="MultiThreaded only initializes value once[Iterations: 8,537]" classname="serie2.ex3.CounterModuloTest" time="0.022"/>
  <testcase name="MultiThreaded only initializes value once[Iterations: 8,538]" classname="serie2.ex3.CounterModuloTest" time="0.013"/>
  <testcase name="MultiThreaded only initializes value once[Iterations: 8,539]" classname="serie2.ex3.CounterModuloTest" time="0.014"/>
  <testcase name="MultiThreaded only initializes value once[Iterations: 8,540]" classname="serie2.ex3.CounterModuloTest" time="0.015"/>
  <testcase name="MultiThreaded only initializes value once[Iterations: 8,541]" classname="serie2.ex3.CounterModuloTest" time="0.015"/>
  <testcase name="MultiThreaded only initializes value once[Iterations: 8,542]" classname="serie2.ex3.CounterModuloTest" time="0.014"/>
  <testcase name="MultiThreaded only initializes value once[Iterations: 8,543]" classname="serie2.ex3.CounterModuloTest" time="0.014"/>
  <testcase name="MultiThreaded only initializes value once[Iterations: 8,544]" classname="serie2.ex3.CounterModuloTest" time="0.014"/>
  <testcase name="MultiThreaded only initializes value once[Iterations: 8,545]" classname="serie2.ex3.CounterModuloTest" time="0.016"/>
  <testcase name="MultiThreaded only initializes value once[Iterations: 8,546]" classname="serie2.ex3.CounterModuloTest" time="0.015"/>
  <testcase name="MultiThreaded only initializes value once[Iterations: 8,547]" classname="serie2.ex3.CounterModuloTest" time="0.014"/>
  <testcase name="MultiThreaded only initializes value once[Iterations: 8,548]" classname="serie2.ex3.CounterModuloTest" time="0.015"/>
  <testcase name="MultiThreaded only initializes value once[Iterations: 8,549]" classname="serie2.ex3.CounterModuloTest" time="0.015"/>
  <testcase name="MultiThreaded only initializes value once[Iterations: 8,550]" classname="serie2.ex3.CounterModuloTest" time="0.013"/>
  <testcase name="MultiThreaded only initializes value once[Iterations: 8,551]" classname="serie2.ex3.CounterModuloTest" time="0.014"/>
  <testcase name="MultiThreaded only initializes value once[Iterations: 8,552]" classname="serie2.ex3.CounterModuloTest" time="0.012"/>
  <testcase name="MultiThreaded only initializes value once[Iterations: 8,553]" classname="serie2.ex3.CounterModuloTest" time="0.016"/>
  <testcase name="MultiThreaded only initializes value once[Iterations: 8,554]" classname="serie2.ex3.CounterModuloTest" time="0.018"/>
  <testcase name="MultiThreaded only initializes value once[Iterations: 8,555]" classname="serie2.ex3.CounterModuloTest" time="0.015"/>
  <testcase name="MultiThreaded only initializes value once[Iterations: 8,556]" classname="serie2.ex3.CounterModuloTest" time="0.021"/>
  <testcase name="MultiThreaded only initializes value once[Iterations: 8,557]" classname="serie2.ex3.CounterModuloTest" time="0.013"/>
  <testcase name="MultiThreaded only initializes value once[Iterations: 8,558]" classname="serie2.ex3.CounterModuloTest" time="0.014"/>
  <testcase name="MultiThreaded only initializes value once[Iterations: 8,559]" classname="serie2.ex3.CounterModuloTest" time="0.012"/>
  <testcase name="MultiThreaded only initializes value once[Iterations: 8,560]" classname="serie2.ex3.CounterModuloTest" time="0.016"/>
  <testcase name="MultiThreaded only initializes value once[Iterations: 8,561]" classname="serie2.ex3.CounterModuloTest" time="0.016"/>
  <testcase name="MultiThreaded only initializes value once[Iterations: 8,562]" classname="serie2.ex3.CounterModuloTest" time="0.014"/>
  <testcase name="MultiThreaded only initializes value once[Iterations: 8,563]" classname="serie2.ex3.CounterModuloTest" time="0.021"/>
  <testcase name="MultiThreaded only initializes value once[Iterations: 8,564]" classname="serie2.ex3.CounterModuloTest" time="0.013"/>
  <testcase name="MultiThreaded only initializes value once[Iterations: 8,565]" classname="serie2.ex3.CounterModuloTest" time="0.013"/>
  <testcase name="MultiThreaded only initializes value once[Iterations: 8,566]" classname="serie2.ex3.CounterModuloTest" time="0.013"/>
  <testcase name="MultiThreaded only initializes value once[Iterations: 8,567]" classname="serie2.ex3.CounterModuloTest" time="0.013"/>
  <testcase name="MultiThreaded only initializes value once[Iterations: 8,568]" classname="serie2.ex3.CounterModuloTest" time="0.013"/>
  <testcase name="MultiThreaded only initializes value once[Iterations: 8,569]" classname="serie2.ex3.CounterModuloTest" time="0.011"/>
  <testcase name="MultiThreaded only initializes value once[Iterations: 8,570]" classname="serie2.ex3.CounterModuloTest" time="0.013"/>
  <testcase name="MultiThreaded only initializes value once[Iterations: 8,571]" classname="serie2.ex3.CounterModuloTest" time="0.014"/>
  <testcase name="MultiThreaded only initializes value once[Iterations: 8,572]" classname="serie2.ex3.CounterModuloTest" time="0.011"/>
  <testcase name="MultiThreaded only initializes value once[Iterations: 8,573]" classname="serie2.ex3.CounterModuloTest" time="0.013"/>
  <testcase name="MultiThreaded only initializes value once[Iterations: 8,574]" classname="serie2.ex3.CounterModuloTest" time="0.011"/>
  <testcase name="MultiThreaded only initializes value once[Iterations: 8,575]" classname="serie2.ex3.CounterModuloTest" time="0.013"/>
  <testcase name="MultiThreaded only initializes value once[Iterations: 8,576]" classname="serie2.ex3.CounterModuloTest" time="0.012"/>
  <testcase name="MultiThreaded only initializes value once[Iterations: 8,577]" classname="serie2.ex3.CounterModuloTest" time="0.013"/>
  <testcase name="MultiThreaded only initializes value once[Iterations: 8,578]" classname="serie2.ex3.CounterModuloTest" time="0.014"/>
  <testcase name="MultiThreaded only initializes value once[Iterations: 8,579]" classname="serie2.ex3.CounterModuloTest" time="0.012"/>
  <testcase name="MultiThreaded only initializes value once[Iterations: 8,580]" classname="serie2.ex3.CounterModuloTest" time="0.013"/>
  <testcase name="MultiThreaded only initializes value once[Iterations: 8,581]" classname="serie2.ex3.CounterModuloTest" time="0.014"/>
  <testcase name="MultiThreaded only initializes value once[Iterations: 8,582]" classname="serie2.ex3.CounterModuloTest" time="0.014"/>
  <testcase name="MultiThreaded only initializes value once[Iterations: 8,583]" classname="serie2.ex3.CounterModuloTest" time="0.013"/>
  <testcase name="MultiThreaded only initializes value once[Iterations: 8,584]" classname="serie2.ex3.CounterModuloTest" time="0.013"/>
  <testcase name="MultiThreaded only initializes value once[Iterations: 8,585]" classname="serie2.ex3.CounterModuloTest" time="0.013"/>
  <testcase name="MultiThreaded only initializes value once[Iterations: 8,586]" classname="serie2.ex3.CounterModuloTest" time="0.013"/>
  <testcase name="MultiThreaded only initializes value once[Iterations: 8,587]" classname="serie2.ex3.CounterModuloTest" time="0.014"/>
  <testcase name="MultiThreaded only initializes value once[Iterations: 8,588]" classname="serie2.ex3.CounterModuloTest" time="0.014"/>
  <testcase name="MultiThreaded only initializes value once[Iterations: 8,589]" classname="serie2.ex3.CounterModuloTest" time="0.014"/>
  <testcase name="MultiThreaded only initializes value once[Iterations: 8,590]" classname="serie2.ex3.CounterModuloTest" time="0.012"/>
  <testcase name="MultiThreaded only initializes value once[Iterations: 8,591]" classname="serie2.ex3.CounterModuloTest" time="0.013"/>
  <testcase name="MultiThreaded only initializes value once[Iterations: 8,592]" classname="serie2.ex3.CounterModuloTest" time="0.012"/>
  <testcase name="MultiThreaded only initializes value once[Iterations: 8,593]" classname="serie2.ex3.CounterModuloTest" time="0.013"/>
  <testcase name="MultiThreaded only initializes value once[Iterations: 8,594]" classname="serie2.ex3.CounterModuloTest" time="0.013"/>
  <testcase name="MultiThreaded only initializes value once[Iterations: 8,595]" classname="serie2.ex3.CounterModuloTest" time="0.013"/>
  <testcase name="MultiThreaded only initializes value once[Iterations: 8,596]" classname="serie2.ex3.CounterModuloTest" time="0.011"/>
  <testcase name="MultiThreaded only initializes value once[Iterations: 8,597]" classname="serie2.ex3.CounterModuloTest" time="0.012"/>
  <testcase name="MultiThreaded only initializes value once[Iterations: 8,598]" classname="serie2.ex3.CounterModuloTest" time="0.014"/>
  <testcase name="MultiThreaded only initializes value once[Iterations: 8,599]" classname="serie2.ex3.CounterModuloTest" time="0.014"/>
  <testcase name="MultiThreaded only initializes value once[Iterations: 8,600]" classname="serie2.ex3.CounterModuloTest" time="0.014"/>
  <testcase name="MultiThreaded only initializes value once[Iterations: 8,601]" classname="serie2.ex3.CounterModuloTest" time="0.014"/>
  <testcase name="MultiThreaded only initializes value once[Iterations: 8,602]" classname="serie2.ex3.CounterModuloTest" time="0.012"/>
  <testcase name="MultiThreaded only initializes value once[Iterations: 8,603]" classname="serie2.ex3.CounterModuloTest" time="0.013"/>
  <testcase name="MultiThreaded only initializes value once[Iterations: 8,604]" classname="serie2.ex3.CounterModuloTest" time="0.012"/>
  <testcase name="MultiThreaded only initializes value once[Iterations: 8,605]" classname="serie2.ex3.CounterModuloTest" time="0.014"/>
  <testcase name="MultiThreaded only initializes value once[Iterations: 8,606]" classname="serie2.ex3.CounterModuloTest" time="0.012"/>
  <testcase name="MultiThreaded only initializes value once[Iterations: 8,607]" classname="serie2.ex3.CounterModuloTest" time="0.012"/>
  <testcase name="MultiThreaded only initializes value once[Iterations: 8,608]" classname="serie2.ex3.CounterModuloTest" time="0.012"/>
  <testcase name="MultiThreaded only initializes value once[Iterations: 8,609]" classname="serie2.ex3.CounterModuloTest" time="0.012"/>
  <testcase name="MultiThreaded only initializes value once[Iterations: 8,610]" classname="serie2.ex3.CounterModuloTest" time="0.014"/>
  <testcase name="MultiThreaded only initializes value once[Iterations: 8,611]" classname="serie2.ex3.CounterModuloTest" time="0.013"/>
  <testcase name="MultiThreaded only initializes value once[Iterations: 8,612]" classname="serie2.ex3.CounterModuloTest" time="0.013"/>
  <testcase name="MultiThreaded only initializes value once[Iterations: 8,613]" classname="serie2.ex3.CounterModuloTest" time="0.013"/>
  <testcase name="MultiThreaded only initializes value once[Iterations: 8,614]" classname="serie2.ex3.CounterModuloTest" time="0.011"/>
  <testcase name="MultiThreaded only initializes value once[Iterations: 8,615]" classname="serie2.ex3.CounterModuloTest" time="0.02"/>
  <testcase name="MultiThreaded only initializes value once[Iterations: 8,616]" classname="serie2.ex3.CounterModuloTest" time="0.014"/>
  <testcase name="MultiThreaded only initializes value once[Iterations: 8,617]" classname="serie2.ex3.CounterModuloTest" time="0.012"/>
  <testcase name="MultiThreaded only initializes value once[Iterations: 8,618]" classname="serie2.ex3.CounterModuloTest" time="0.013"/>
  <testcase name="MultiThreaded only initializes value once[Iterations: 8,619]" classname="serie2.ex3.CounterModuloTest" time="0.014"/>
  <testcase name="MultiThreaded only initializes value once[Iterations: 8,620]" classname="serie2.ex3.CounterModuloTest" time="0.013"/>
  <testcase name="MultiThreaded only initializes value once[Iterations: 8,621]" classname="serie2.ex3.CounterModuloTest" time="0.013"/>
  <testcase name="MultiThreaded only initializes value once[Iterations: 8,622]" classname="serie2.ex3.CounterModuloTest" time="0.012"/>
  <testcase name="MultiThreaded only initializes value once[Iterations: 8,623]" classname="serie2.ex3.CounterModuloTest" time="0.013"/>
  <testcase name="MultiThreaded only initializes value once[Iterations: 8,624]" classname="serie2.ex3.CounterModuloTest" time="0.011"/>
  <testcase name="MultiThreaded only initializes value once[Iterations: 8,625]" classname="serie2.ex3.CounterModuloTest" time="0.013"/>
  <testcase name="MultiThreaded only initializes value once[Iterations: 8,626]" classname="serie2.ex3.CounterModuloTest" time="0.017"/>
  <testcase name="MultiThreaded only initializes value once[Iterations: 8,627]" classname="serie2.ex3.CounterModuloTest" time="0.013"/>
  <testcase name="MultiThreaded only initializes value once[Iterations: 8,628]" classname="serie2.ex3.CounterModuloTest" time="0.013"/>
  <testcase name="MultiThreaded only initializes value once[Iterations: 8,629]" classname="serie2.ex3.CounterModuloTest" time="0.014"/>
  <testcase name="MultiThreaded only initializes value once[Iterations: 8,630]" classname="serie2.ex3.CounterModuloTest" time="0.014"/>
  <testcase name="MultiThreaded only initializes value once[Iterations: 8,631]" classname="serie2.ex3.CounterModuloTest" time="0.013"/>
  <testcase name="MultiThreaded only initializes value once[Iterations: 8,632]" classname="serie2.ex3.CounterModuloTest" time="0.012"/>
  <testcase name="MultiThreaded only initializes value once[Iterations: 8,633]" classname="serie2.ex3.CounterModuloTest" time="0.012"/>
  <testcase name="MultiThreaded only initializes value once[Iterations: 8,634]" classname="serie2.ex3.CounterModuloTest" time="0.014"/>
  <testcase name="MultiThreaded only initializes value once[Iterations: 8,635]" classname="serie2.ex3.CounterModuloTest" time="0.013"/>
  <testcase name="MultiThreaded only initializes value once[Iterations: 8,636]" classname="serie2.ex3.CounterModuloTest" time="0.012"/>
  <testcase name="MultiThreaded only initializes value once[Iterations: 8,637]" classname="serie2.ex3.CounterModuloTest" time="0.013"/>
  <testcase name="MultiThreaded only initializes value once[Iterations: 8,638]" classname="serie2.ex3.CounterModuloTest" time="0.013"/>
  <testcase name="MultiThreaded only initializes value once[Iterations: 8,639]" classname="serie2.ex3.CounterModuloTest" time="0.013"/>
  <testcase name="MultiThreaded only initializes value once[Iterations: 8,640]" classname="serie2.ex3.CounterModuloTest" time="0.014"/>
  <testcase name="MultiThreaded only initializes value once[Iterations: 8,641]" classname="serie2.ex3.CounterModuloTest" time="0.011"/>
  <testcase name="MultiThreaded only initializes value once[Iterations: 8,642]" classname="serie2.ex3.CounterModuloTest" time="0.015"/>
  <testcase name="MultiThreaded only initializes value once[Iterations: 8,643]" classname="serie2.ex3.CounterModuloTest" time="0.012"/>
  <testcase name="MultiThreaded only initializes value once[Iterations: 8,644]" classname="serie2.ex3.CounterModuloTest" time="0.013"/>
  <testcase name="MultiThreaded only initializes value once[Iterations: 8,645]" classname="serie2.ex3.CounterModuloTest" time="0.012"/>
  <testcase name="MultiThreaded only initializes value once[Iterations: 8,646]" classname="serie2.ex3.CounterModuloTest" time="0.013"/>
  <testcase name="MultiThreaded only initializes value once[Iterations: 8,647]" classname="serie2.ex3.CounterModuloTest" time="0.012"/>
  <testcase name="MultiThreaded only initializes value once[Iterations: 8,648]" classname="serie2.ex3.CounterModuloTest" time="0.013"/>
  <testcase name="MultiThreaded only initializes value once[Iterations: 8,649]" classname="serie2.ex3.CounterModuloTest" time="0.013"/>
  <testcase name="MultiThreaded only initializes value once[Iterations: 8,650]" classname="serie2.ex3.CounterModuloTest" time="0.014"/>
  <testcase name="MultiThreaded only initializes value once[Iterations: 8,651]" classname="serie2.ex3.CounterModuloTest" time="0.013"/>
  <testcase name="MultiThreaded only initializes value once[Iterations: 8,652]" classname="serie2.ex3.CounterModuloTest" time="0.013"/>
  <testcase name="MultiThreaded only initializes value once[Iterations: 8,653]" classname="serie2.ex3.CounterModuloTest" time="0.012"/>
  <testcase name="MultiThreaded only initializes value once[Iterations: 8,654]" classname="serie2.ex3.CounterModuloTest" time="0.012"/>
  <testcase name="MultiThreaded only initializes value once[Iterations: 8,655]" classname="serie2.ex3.CounterModuloTest" time="0.012"/>
  <testcase name="MultiThreaded only initializes value once[Iterations: 8,656]" classname="serie2.ex3.CounterModuloTest" time="0.012"/>
  <testcase name="MultiThreaded only initializes value once[Iterations: 8,657]" classname="serie2.ex3.CounterModuloTest" time="0.012"/>
  <testcase name="MultiThreaded only initializes value once[Iterations: 8,658]" classname="serie2.ex3.CounterModuloTest" time="0.015"/>
  <testcase name="MultiThreaded only initializes value once[Iterations: 8,659]" classname="serie2.ex3.CounterModuloTest" time="0.02"/>
  <testcase name="MultiThreaded only initializes value once[Iterations: 8,660]" classname="serie2.ex3.CounterModuloTest" time="0.013"/>
  <testcase name="MultiThreaded only initializes value once[Iterations: 8,661]" classname="serie2.ex3.CounterModuloTest" time="0.013"/>
  <testcase name="MultiThreaded only initializes value once[Iterations: 8,662]" classname="serie2.ex3.CounterModuloTest" time="0.013"/>
  <testcase name="MultiThreaded only initializes value once[Iterations: 8,663]" classname="serie2.ex3.CounterModuloTest" time="0.012"/>
  <testcase name="MultiThreaded only initializes value once[Iterations: 8,664]" classname="serie2.ex3.CounterModuloTest" time="0.013"/>
  <testcase name="MultiThreaded only initializes value once[Iterations: 8,665]" classname="serie2.ex3.CounterModuloTest" time="0.014"/>
  <testcase name="MultiThreaded only initializes value once[Iterations: 8,666]" classname="serie2.ex3.CounterModuloTest" time="0.014"/>
  <testcase name="MultiThreaded only initializes value once[Iterations: 8,667]" classname="serie2.ex3.CounterModuloTest" time="0.014"/>
  <testcase name="MultiThreaded only initializes value once[Iterations: 8,668]" classname="serie2.ex3.CounterModuloTest" time="0.012"/>
  <testcase name="MultiThreaded only initializes value once[Iterations: 8,669]" classname="serie2.ex3.CounterModuloTest" time="0.013"/>
  <testcase name="MultiThreaded only initializes value once[Iterations: 8,670]" classname="serie2.ex3.CounterModuloTest" time="0.013"/>
  <testcase name="MultiThreaded only initializes value once[Iterations: 8,671]" classname="serie2.ex3.CounterModuloTest" time="0.012"/>
  <testcase name="MultiThreaded only initializes value once[Iterations: 8,672]" classname="serie2.ex3.CounterModuloTest" time="0.013"/>
  <testcase name="MultiThreaded only initializes value once[Iterations: 8,673]" classname="serie2.ex3.CounterModuloTest" time="0.013"/>
  <testcase name="MultiThreaded only initializes value once[Iterations: 8,674]" classname="serie2.ex3.CounterModuloTest" time="0.013"/>
  <testcase name="MultiThreaded only initializes value once[Iterations: 8,675]" classname="serie2.ex3.CounterModuloTest" time="0.013"/>
  <testcase name="MultiThreaded only initializes value once[Iterations: 8,676]" classname="serie2.ex3.CounterModuloTest" time="0.012"/>
  <testcase name="MultiThreaded only initializes value once[Iterations: 8,677]" classname="serie2.ex3.CounterModuloTest" time="0.013"/>
  <testcase name="MultiThreaded only initializes value once[Iterations: 8,678]" classname="serie2.ex3.CounterModuloTest" time="0.013"/>
  <testcase name="MultiThreaded only initializes value once[Iterations: 8,679]" classname="serie2.ex3.CounterModuloTest" time="0.013"/>
  <testcase name="MultiThreaded only initializes value once[Iterations: 8,680]" classname="serie2.ex3.CounterModuloTest" time="0.012"/>
  <testcase name="MultiThreaded only initializes value once[Iterations: 8,681]" classname="serie2.ex3.CounterModuloTest" time="0.012"/>
  <testcase name="MultiThreaded only initializes value once[Iterations: 8,682]" classname="serie2.ex3.CounterModuloTest" time="0.012"/>
  <testcase name="MultiThreaded only initializes value once[Iterations: 8,683]" classname="serie2.ex3.CounterModuloTest" time="0.014"/>
  <testcase name="MultiThreaded only initializes value once[Iterations: 8,684]" classname="serie2.ex3.CounterModuloTest" time="0.015"/>
  <testcase name="MultiThreaded only initializes value once[Iterations: 8,685]" classname="serie2.ex3.CounterModuloTest" time="0.013"/>
  <testcase name="MultiThreaded only initializes value once[Iterations: 8,686]" classname="serie2.ex3.CounterModuloTest" time="0.014"/>
  <testcase name="MultiThreaded only initializes value once[Iterations: 8,687]" classname="serie2.ex3.CounterModuloTest" time="0.013"/>
  <testcase name="MultiThreaded only initializes value once[Iterations: 8,688]" classname="serie2.ex3.CounterModuloTest" time="0.012"/>
  <testcase name="MultiThreaded only initializes value once[Iterations: 8,689]" classname="serie2.ex3.CounterModuloTest" time="0.012"/>
  <testcase name="MultiThreaded only initializes value once[Iterations: 8,690]" classname="serie2.ex3.CounterModuloTest" time="0.013"/>
  <testcase name="MultiThreaded only initializes value once[Iterations: 8,691]" classname="serie2.ex3.CounterModuloTest" time="0.014"/>
  <testcase name="MultiThreaded only initializes value once[Iterations: 8,692]" classname="serie2.ex3.CounterModuloTest" time="0.015"/>
  <testcase name="MultiThreaded only initializes value once[Iterations: 8,693]" classname="serie2.ex3.CounterModuloTest" time="0.014"/>
  <testcase name="MultiThreaded only initializes value once[Iterations: 8,694]" classname="serie2.ex3.CounterModuloTest" time="0.013"/>
  <testcase name="MultiThreaded only initializes value once[Iterations: 8,695]" classname="serie2.ex3.CounterModuloTest" time="0.013"/>
  <testcase name="MultiThreaded only initializes value once[Iterations: 8,696]" classname="serie2.ex3.CounterModuloTest" time="0.013"/>
  <testcase name="MultiThreaded only initializes value once[Iterations: 8,697]" classname="serie2.ex3.CounterModuloTest" time="0.013"/>
  <testcase name="MultiThreaded only initializes value once[Iterations: 8,698]" classname="serie2.ex3.CounterModuloTest" time="0.013"/>
  <testcase name="MultiThreaded only initializes value once[Iterations: 8,699]" classname="serie2.ex3.CounterModuloTest" time="0.013"/>
  <testcase name="MultiThreaded only initializes value once[Iterations: 8,700]" classname="serie2.ex3.CounterModuloTest" time="0.013"/>
  <testcase name="MultiThreaded only initializes value once[Iterations: 8,701]" classname="serie2.ex3.CounterModuloTest" time="0.013"/>
  <testcase name="MultiThreaded only initializes value once[Iterations: 8,702]" classname="serie2.ex3.CounterModuloTest" time="0.015"/>
  <testcase name="MultiThreaded only initializes value once[Iterations: 8,703]" classname="serie2.ex3.CounterModuloTest" time="0.013"/>
  <testcase name="MultiThreaded only initializes value once[Iterations: 8,704]" classname="serie2.ex3.CounterModuloTest" time="0.013"/>
  <testcase name="MultiThreaded only initializes value once[Iterations: 8,705]" classname="serie2.ex3.CounterModuloTest" time="0.013"/>
  <testcase name="MultiThreaded only initializes value once[Iterations: 8,706]" classname="serie2.ex3.CounterModuloTest" time="0.014"/>
  <testcase name="MultiThreaded only initializes value once[Iterations: 8,707]" classname="serie2.ex3.CounterModuloTest" time="0.012"/>
  <testcase name="MultiThreaded only initializes value once[Iterations: 8,708]" classname="serie2.ex3.CounterModuloTest" time="0.013"/>
  <testcase name="MultiThreaded only initializes value once[Iterations: 8,709]" classname="serie2.ex3.CounterModuloTest" time="0.013"/>
  <testcase name="MultiThreaded only initializes value once[Iterations: 8,710]" classname="serie2.ex3.CounterModuloTest" time="0.013"/>
  <testcase name="MultiThreaded only initializes value once[Iterations: 8,711]" classname="serie2.ex3.CounterModuloTest" time="0.01"/>
  <testcase name="MultiThreaded only initializes value once[Iterations: 8,712]" classname="serie2.ex3.CounterModuloTest" time="0.015"/>
  <testcase name="MultiThreaded only initializes value once[Iterations: 8,713]" classname="serie2.ex3.CounterModuloTest" time="0.014"/>
  <testcase name="MultiThreaded only initializes value once[Iterations: 8,714]" classname="serie2.ex3.CounterModuloTest" time="0.016"/>
  <testcase name="MultiThreaded only initializes value once[Iterations: 8,715]" classname="serie2.ex3.CounterModuloTest" time="0.013"/>
  <testcase name="MultiThreaded only initializes value once[Iterations: 8,716]" classname="serie2.ex3.CounterModuloTest" time="0.013"/>
  <testcase name="MultiThreaded only initializes value once[Iterations: 8,717]" classname="serie2.ex3.CounterModuloTest" time="0.013"/>
  <testcase name="MultiThreaded only initializes value once[Iterations: 8,718]" classname="serie2.ex3.CounterModuloTest" time="0.014"/>
  <testcase name="MultiThreaded only initializes value once[Iterations: 8,719]" classname="serie2.ex3.CounterModuloTest" time="0.013"/>
  <testcase name="MultiThreaded only initializes value once[Iterations: 8,720]" classname="serie2.ex3.CounterModuloTest" time="0.014"/>
  <testcase name="MultiThreaded only initializes value once[Iterations: 8,721]" classname="serie2.ex3.CounterModuloTest" time="0.012"/>
  <testcase name="MultiThreaded only initializes value once[Iterations: 8,722]" classname="serie2.ex3.CounterModuloTest" time="0.014"/>
  <testcase name="MultiThreaded only initializes value once[Iterations: 8,723]" classname="serie2.ex3.CounterModuloTest" time="0.014"/>
  <testcase name="MultiThreaded only initializes value once[Iterations: 8,724]" classname="serie2.ex3.CounterModuloTest" time="0.012"/>
  <testcase name="MultiThreaded only initializes value once[Iterations: 8,725]" classname="serie2.ex3.CounterModuloTest" time="0.013"/>
  <testcase name="MultiThreaded only initializes value once[Iterations: 8,726]" classname="serie2.ex3.CounterModuloTest" time="0.014"/>
  <testcase name="MultiThreaded only initializes value once[Iterations: 8,727]" classname="serie2.ex3.CounterModuloTest" time="0.013"/>
  <testcase name="MultiThreaded only initializes value once[Iterations: 8,728]" classname="serie2.ex3.CounterModuloTest" time="0.012"/>
  <testcase name="MultiThreaded only initializes value once[Iterations: 8,729]" classname="serie2.ex3.CounterModuloTest" time="0.013"/>
  <testcase name="MultiThreaded only initializes value once[Iterations: 8,730]" classname="serie2.ex3.CounterModuloTest" time="0.012"/>
  <testcase name="MultiThreaded only initializes value once[Iterations: 8,731]" classname="serie2.ex3.CounterModuloTest" time="0.013"/>
  <testcase name="MultiThreaded only initializes value once[Iterations: 8,732]" classname="serie2.ex3.CounterModuloTest" time="0.013"/>
  <testcase name="MultiThreaded only initializes value once[Iterations: 8,733]" classname="serie2.ex3.CounterModuloTest" time="0.013"/>
  <testcase name="MultiThreaded only initializes value once[Iterations: 8,734]" classname="serie2.ex3.CounterModuloTest" time="0.012"/>
  <testcase name="MultiThreaded only initializes value once[Iterations: 8,735]" classname="serie2.ex3.CounterModuloTest" time="0.014"/>
  <testcase name="MultiThreaded only initializes value once[Iterations: 8,736]" classname="serie2.ex3.CounterModuloTest" time="0.013"/>
  <testcase name="MultiThreaded only initializes value once[Iterations: 8,737]" classname="serie2.ex3.CounterModuloTest" time="0.013"/>
  <testcase name="MultiThreaded only initializes value once[Iterations: 8,738]" classname="serie2.ex3.CounterModuloTest" time="0.013"/>
  <testcase name="MultiThreaded only initializes value once[Iterations: 8,739]" classname="serie2.ex3.CounterModuloTest" time="0.013"/>
  <testcase name="MultiThreaded only initializes value once[Iterations: 8,740]" classname="serie2.ex3.CounterModuloTest" time="0.012"/>
  <testcase name="MultiThreaded only initializes value once[Iterations: 8,741]" classname="serie2.ex3.CounterModuloTest" time="0.014"/>
  <testcase name="MultiThreaded only initializes value once[Iterations: 8,742]" classname="serie2.ex3.CounterModuloTest" time="0.013"/>
  <testcase name="MultiThreaded only initializes value once[Iterations: 8,743]" classname="serie2.ex3.CounterModuloTest" time="0.013"/>
  <testcase name="MultiThreaded only initializes value once[Iterations: 8,744]" classname="serie2.ex3.CounterModuloTest" time="0.012"/>
  <testcase name="MultiThreaded only initializes value once[Iterations: 8,745]" classname="serie2.ex3.CounterModuloTest" time="0.012"/>
  <testcase name="MultiThreaded only initializes value once[Iterations: 8,746]" classname="serie2.ex3.CounterModuloTest" time="0.014"/>
  <testcase name="MultiThreaded only initializes value once[Iterations: 8,747]" classname="serie2.ex3.CounterModuloTest" time="0.013"/>
  <testcase name="MultiThreaded only initializes value once[Iterations: 8,748]" classname="serie2.ex3.CounterModuloTest" time="0.014"/>
  <testcase name="MultiThreaded only initializes value once[Iterations: 8,749]" classname="serie2.ex3.CounterModuloTest" time="0.013"/>
  <testcase name="MultiThreaded only initializes value once[Iterations: 8,750]" classname="serie2.ex3.CounterModuloTest" time="0.014"/>
  <testcase name="MultiThreaded only initializes value once[Iterations: 8,751]" classname="serie2.ex3.CounterModuloTest" time="0.015"/>
  <testcase name="MultiThreaded only initializes value once[Iterations: 8,752]" classname="serie2.ex3.CounterModuloTest" time="0.014"/>
  <testcase name="MultiThreaded only initializes value once[Iterations: 8,753]" classname="serie2.ex3.CounterModuloTest" time="0.013"/>
  <testcase name="MultiThreaded only initializes value once[Iterations: 8,754]" classname="serie2.ex3.CounterModuloTest" time="0.014"/>
  <testcase name="MultiThreaded only initializes value once[Iterations: 8,755]" classname="serie2.ex3.CounterModuloTest" time="0.014"/>
  <testcase name="MultiThreaded only initializes value once[Iterations: 8,756]" classname="serie2.ex3.CounterModuloTest" time="0.014"/>
  <testcase name="MultiThreaded only initializes value once[Iterations: 8,757]" classname="serie2.ex3.CounterModuloTest" time="0.012"/>
  <testcase name="MultiThreaded only initializes value once[Iterations: 8,758]" classname="serie2.ex3.CounterModuloTest" time="0.017"/>
  <testcase name="MultiThreaded only initializes value once[Iterations: 8,759]" classname="serie2.ex3.CounterModuloTest" time="0.012"/>
  <testcase name="MultiThreaded only initializes value once[Iterations: 8,760]" classname="serie2.ex3.CounterModuloTest" time="0.013"/>
  <testcase name="MultiThreaded only initializes value once[Iterations: 8,761]" classname="serie2.ex3.CounterModuloTest" time="0.013"/>
  <testcase name="MultiThreaded only initializes value once[Iterations: 8,762]" classname="serie2.ex3.CounterModuloTest" time="0.014"/>
  <testcase name="MultiThreaded only initializes value once[Iterations: 8,763]" classname="serie2.ex3.CounterModuloTest" time="0.012"/>
  <testcase name="MultiThreaded only initializes value once[Iterations: 8,764]" classname="serie2.ex3.CounterModuloTest" time="0.014"/>
  <testcase name="MultiThreaded only initializes value once[Iterations: 8,765]" classname="serie2.ex3.CounterModuloTest" time="0.013"/>
  <testcase name="MultiThreaded only initializes value once[Iterations: 8,766]" classname="serie2.ex3.CounterModuloTest" time="0.013"/>
  <testcase name="MultiThreaded only initializes value once[Iterations: 8,767]" classname="serie2.ex3.CounterModuloTest" time="0.013"/>
  <testcase name="MultiThreaded only initializes value once[Iterations: 8,768]" classname="serie2.ex3.CounterModuloTest" time="0.013"/>
  <testcase name="MultiThreaded only initializes value once[Iterations: 8,769]" classname="serie2.ex3.CounterModuloTest" time="0.011"/>
  <testcase name="MultiThreaded only initializes value once[Iterations: 8,770]" classname="serie2.ex3.CounterModuloTest" time="0.013"/>
  <testcase name="MultiThreaded only initializes value once[Iterations: 8,771]" classname="serie2.ex3.CounterModuloTest" time="0.013"/>
  <testcase name="MultiThreaded only initializes value once[Iterations: 8,772]" classname="serie2.ex3.CounterModuloTest" time="0.013"/>
  <testcase name="MultiThreaded only initializes value once[Iterations: 8,773]" classname="serie2.ex3.CounterModuloTest" time="0.014"/>
  <testcase name="MultiThreaded only initializes value once[Iterations: 8,774]" classname="serie2.ex3.CounterModuloTest" time="0.013"/>
  <testcase name="MultiThreaded only initializes value once[Iterations: 8,775]" classname="serie2.ex3.CounterModuloTest" time="0.012"/>
  <testcase name="MultiThreaded only initializes value once[Iterations: 8,776]" classname="serie2.ex3.CounterModuloTest" time="0.013"/>
  <testcase name="MultiThreaded only initializes value once[Iterations: 8,777]" classname="serie2.ex3.CounterModuloTest" time="0.014"/>
  <testcase name="MultiThreaded only initializes value once[Iterations: 8,778]" classname="serie2.ex3.CounterModuloTest" time="0.013"/>
  <testcase name="MultiThreaded only initializes value once[Iterations: 8,779]" classname="serie2.ex3.CounterModuloTest" time="0.014"/>
  <testcase name="MultiThreaded only initializes value once[Iterations: 8,780]" classname="serie2.ex3.CounterModuloTest" time="0.014"/>
  <testcase name="MultiThreaded only initializes value once[Iterations: 8,781]" classname="serie2.ex3.CounterModuloTest" time="0.013"/>
  <testcase name="MultiThreaded only initializes value once[Iterations: 8,782]" classname="serie2.ex3.CounterModuloTest" time="0.012"/>
  <testcase name="MultiThreaded only initializes value once[Iterations: 8,783]" classname="serie2.ex3.CounterModuloTest" time="0.013"/>
  <testcase name="MultiThreaded only initializes value once[Iterations: 8,784]" classname="serie2.ex3.CounterModuloTest" time="0.014"/>
  <testcase name="MultiThreaded only initializes value once[Iterations: 8,785]" classname="serie2.ex3.CounterModuloTest" time="0.013"/>
  <testcase name="MultiThreaded only initializes value once[Iterations: 8,786]" classname="serie2.ex3.CounterModuloTest" time="0.013"/>
  <testcase name="MultiThreaded only initializes value once[Iterations: 8,787]" classname="serie2.ex3.CounterModuloTest" time="0.013"/>
  <testcase name="MultiThreaded only initializes value once[Iterations: 8,788]" classname="serie2.ex3.CounterModuloTest" time="0.013"/>
  <testcase name="MultiThreaded only initializes value once[Iterations: 8,789]" classname="serie2.ex3.CounterModuloTest" time="0.014"/>
  <testcase name="MultiThreaded only initializes value once[Iterations: 8,790]" classname="serie2.ex3.CounterModuloTest" time="0.013"/>
  <testcase name="MultiThreaded only initializes value once[Iterations: 8,791]" classname="serie2.ex3.CounterModuloTest" time="0.014"/>
  <testcase name="MultiThreaded only initializes value once[Iterations: 8,792]" classname="serie2.ex3.CounterModuloTest" time="0.013"/>
  <testcase name="MultiThreaded only initializes value once[Iterations: 8,793]" classname="serie2.ex3.CounterModuloTest" time="0.013"/>
  <testcase name="MultiThreaded only initializes value once[Iterations: 8,794]" classname="serie2.ex3.CounterModuloTest" time="0.014"/>
  <testcase name="MultiThreaded only initializes value once[Iterations: 8,795]" classname="serie2.ex3.CounterModuloTest" time="0.013"/>
  <testcase name="MultiThreaded only initializes value once[Iterations: 8,796]" classname="serie2.ex3.CounterModuloTest" time="0.013"/>
  <testcase name="MultiThreaded only initializes value once[Iterations: 8,797]" classname="serie2.ex3.CounterModuloTest" time="0.014"/>
  <testcase name="MultiThreaded only initializes value once[Iterations: 8,798]" classname="serie2.ex3.CounterModuloTest" time="0.013"/>
  <testcase name="MultiThreaded only initializes value once[Iterations: 8,799]" classname="serie2.ex3.CounterModuloTest" time="0.013"/>
  <testcase name="MultiThreaded only initializes value once[Iterations: 8,800]" classname="serie2.ex3.CounterModuloTest" time="0.013"/>
  <testcase name="MultiThreaded only initializes value once[Iterations: 8,801]" classname="serie2.ex3.CounterModuloTest" time="0.013"/>
  <testcase name="MultiThreaded only initializes value once[Iterations: 8,802]" classname="serie2.ex3.CounterModuloTest" time="0.013"/>
  <testcase name="MultiThreaded only initializes value once[Iterations: 8,803]" classname="serie2.ex3.CounterModuloTest" time="0.014"/>
  <testcase name="MultiThreaded only initializes value once[Iterations: 8,804]" classname="serie2.ex3.CounterModuloTest" time="0.012"/>
  <testcase name="MultiThreaded only initializes value once[Iterations: 8,805]" classname="serie2.ex3.CounterModuloTest" time="0.014"/>
  <testcase name="MultiThreaded only initializes value once[Iterations: 8,806]" classname="serie2.ex3.CounterModuloTest" time="0.012"/>
  <testcase name="MultiThreaded only initializes value once[Iterations: 8,807]" classname="serie2.ex3.CounterModuloTest" time="0.013"/>
  <testcase name="MultiThreaded only initializes value once[Iterations: 8,808]" classname="serie2.ex3.CounterModuloTest" time="0.012"/>
  <testcase name="MultiThreaded only initializes value once[Iterations: 8,809]" classname="serie2.ex3.CounterModuloTest" time="0.014"/>
  <testcase name="MultiThreaded only initializes value once[Iterations: 8,810]" classname="serie2.ex3.CounterModuloTest" time="0.013"/>
  <testcase name="MultiThreaded only initializes value once[Iterations: 8,811]" classname="serie2.ex3.CounterModuloTest" time="0.015"/>
  <testcase name="MultiThreaded only initializes value once[Iterations: 8,812]" classname="serie2.ex3.CounterModuloTest" time="0.012"/>
  <testcase name="MultiThreaded only initializes value once[Iterations: 8,813]" classname="serie2.ex3.CounterModuloTest" time="0.013"/>
  <testcase name="MultiThreaded only initializes value once[Iterations: 8,814]" classname="serie2.ex3.CounterModuloTest" time="0.014"/>
  <testcase name="MultiThreaded only initializes value once[Iterations: 8,815]" classname="serie2.ex3.CounterModuloTest" time="0.013"/>
  <testcase name="MultiThreaded only initializes value once[Iterations: 8,816]" classname="serie2.ex3.CounterModuloTest" time="0.012"/>
  <testcase name="MultiThreaded only initializes value once[Iterations: 8,817]" classname="serie2.ex3.CounterModuloTest" time="0.013"/>
  <testcase name="MultiThreaded only initializes value once[Iterations: 8,818]" classname="serie2.ex3.CounterModuloTest" time="0.014"/>
  <testcase name="MultiThreaded only initializes value once[Iterations: 8,819]" classname="serie2.ex3.CounterModuloTest" time="0.013"/>
  <testcase name="MultiThreaded only initializes value once[Iterations: 8,820]" classname="serie2.ex3.CounterModuloTest" time="0.013"/>
  <testcase name="MultiThreaded only initializes value once[Iterations: 8,821]" classname="serie2.ex3.CounterModuloTest" time="0.013"/>
  <testcase name="MultiThreaded only initializes value once[Iterations: 8,822]" classname="serie2.ex3.CounterModuloTest" time="0.013"/>
  <testcase name="MultiThreaded only initializes value once[Iterations: 8,823]" classname="serie2.ex3.CounterModuloTest" time="0.012"/>
  <testcase name="MultiThreaded only initializes value once[Iterations: 8,824]" classname="serie2.ex3.CounterModuloTest" time="0.013"/>
  <testcase name="MultiThreaded only initializes value once[Iterations: 8,825]" classname="serie2.ex3.CounterModuloTest" time="0.014"/>
  <testcase name="MultiThreaded only initializes value once[Iterations: 8,826]" classname="serie2.ex3.CounterModuloTest" time="0.013"/>
  <testcase name="MultiThreaded only initializes value once[Iterations: 8,827]" classname="serie2.ex3.CounterModuloTest" time="0.016"/>
  <testcase name="MultiThreaded only initializes value once[Iterations: 8,828]" classname="serie2.ex3.CounterModuloTest" time="0.012"/>
  <testcase name="MultiThreaded only initializes value once[Iterations: 8,829]" classname="serie2.ex3.CounterModuloTest" time="0.014"/>
  <testcase name="MultiThreaded only initializes value once[Iterations: 8,830]" classname="serie2.ex3.CounterModuloTest" time="0.012"/>
  <testcase name="MultiThreaded only initializes value once[Iterations: 8,831]" classname="serie2.ex3.CounterModuloTest" time="0.012"/>
  <testcase name="MultiThreaded only initializes value once[Iterations: 8,832]" classname="serie2.ex3.CounterModuloTest" time="0.013"/>
  <testcase name="MultiThreaded only initializes value once[Iterations: 8,833]" classname="serie2.ex3.CounterModuloTest" time="0.013"/>
  <testcase name="MultiThreaded only initializes value once[Iterations: 8,834]" classname="serie2.ex3.CounterModuloTest" time="0.016"/>
  <testcase name="MultiThreaded only initializes value once[Iterations: 8,835]" classname="serie2.ex3.CounterModuloTest" time="0.013"/>
  <testcase name="MultiThreaded only initializes value once[Iterations: 8,836]" classname="serie2.ex3.CounterModuloTest" time="0.011"/>
  <testcase name="MultiThreaded only initializes value once[Iterations: 8,837]" classname="serie2.ex3.CounterModuloTest" time="0.014"/>
  <testcase name="MultiThreaded only initializes value once[Iterations: 8,838]" classname="serie2.ex3.CounterModuloTest" time="0.012"/>
  <testcase name="MultiThreaded only initializes value once[Iterations: 8,839]" classname="serie2.ex3.CounterModuloTest" time="0.013"/>
  <testcase name="MultiThreaded only initializes value once[Iterations: 8,840]" classname="serie2.ex3.CounterModuloTest" time="0.014"/>
  <testcase name="MultiThreaded only initializes value once[Iterations: 8,841]" classname="serie2.ex3.CounterModuloTest" time="0.012"/>
  <testcase name="MultiThreaded only initializes value once[Iterations: 8,842]" classname="serie2.ex3.CounterModuloTest" time="0.012"/>
  <testcase name="MultiThreaded only initializes value once[Iterations: 8,843]" classname="serie2.ex3.CounterModuloTest" time="0.013"/>
  <testcase name="MultiThreaded only initializes value once[Iterations: 8,844]" classname="serie2.ex3.CounterModuloTest" time="0.014"/>
  <testcase name="MultiThreaded only initializes value once[Iterations: 8,845]" classname="serie2.ex3.CounterModuloTest" time="0.013"/>
  <testcase name="MultiThreaded only initializes value once[Iterations: 8,846]" classname="serie2.ex3.CounterModuloTest" time="0.013"/>
  <testcase name="MultiThreaded only initializes value once[Iterations: 8,847]" classname="serie2.ex3.CounterModuloTest" time="0.015"/>
  <testcase name="MultiThreaded only initializes value once[Iterations: 8,848]" classname="serie2.ex3.CounterModuloTest" time="0.013"/>
  <testcase name="MultiThreaded only initializes value once[Iterations: 8,849]" classname="serie2.ex3.CounterModuloTest" time="0.014"/>
  <testcase name="MultiThreaded only initializes value once[Iterations: 8,850]" classname="serie2.ex3.CounterModuloTest" time="0.013"/>
  <testcase name="MultiThreaded only initializes value once[Iterations: 8,851]" classname="serie2.ex3.CounterModuloTest" time="0.012"/>
  <testcase name="MultiThreaded only initializes value once[Iterations: 8,852]" classname="serie2.ex3.CounterModuloTest" time="0.015"/>
  <testcase name="MultiThreaded only initializes value once[Iterations: 8,853]" classname="serie2.ex3.CounterModuloTest" time="0.014"/>
  <testcase name="MultiThreaded only initializes value once[Iterations: 8,854]" classname="serie2.ex3.CounterModuloTest" time="0.014"/>
  <testcase name="MultiThreaded only initializes value once[Iterations: 8,855]" classname="serie2.ex3.CounterModuloTest" time="0.012"/>
  <testcase name="MultiThreaded only initializes value once[Iterations: 8,856]" classname="serie2.ex3.CounterModuloTest" time="0.014"/>
  <testcase name="MultiThreaded only initializes value once[Iterations: 8,857]" classname="serie2.ex3.CounterModuloTest" time="0.013"/>
  <testcase name="MultiThreaded only initializes value once[Iterations: 8,858]" classname="serie2.ex3.CounterModuloTest" time="0.013"/>
  <testcase name="MultiThreaded only initializes value once[Iterations: 8,859]" classname="serie2.ex3.CounterModuloTest" time="0.014"/>
  <testcase name="MultiThreaded only initializes value once[Iterations: 8,860]" classname="serie2.ex3.CounterModuloTest" time="0.015"/>
  <testcase name="MultiThreaded only initializes value once[Iterations: 8,861]" classname="serie2.ex3.CounterModuloTest" time="0.012"/>
  <testcase name="MultiThreaded only initializes value once[Iterations: 8,862]" classname="serie2.ex3.CounterModuloTest" time="0.013"/>
  <testcase name="MultiThreaded only initializes value once[Iterations: 8,863]" classname="serie2.ex3.CounterModuloTest" time="0.018"/>
  <testcase name="MultiThreaded only initializes value once[Iterations: 8,864]" classname="serie2.ex3.CounterModuloTest" time="0.011"/>
  <testcase name="MultiThreaded only initializes value once[Iterations: 8,865]" classname="serie2.ex3.CounterModuloTest" time="0.013"/>
  <testcase name="MultiThreaded only initializes value once[Iterations: 8,866]" classname="serie2.ex3.CounterModuloTest" time="0.014"/>
  <testcase name="MultiThreaded only initializes value once[Iterations: 8,867]" classname="serie2.ex3.CounterModuloTest" time="0.014"/>
  <testcase name="MultiThreaded only initializes value once[Iterations: 8,868]" classname="serie2.ex3.CounterModuloTest" time="0.014"/>
  <testcase name="MultiThreaded only initializes value once[Iterations: 8,869]" classname="serie2.ex3.CounterModuloTest" time="0.013"/>
  <testcase name="MultiThreaded only initializes value once[Iterations: 8,870]" classname="serie2.ex3.CounterModuloTest" time="0.014"/>
  <testcase name="MultiThreaded only initializes value once[Iterations: 8,871]" classname="serie2.ex3.CounterModuloTest" time="0.012"/>
  <testcase name="MultiThreaded only initializes value once[Iterations: 8,872]" classname="serie2.ex3.CounterModuloTest" time="0.011"/>
  <testcase name="MultiThreaded only initializes value once[Iterations: 8,873]" classname="serie2.ex3.CounterModuloTest" time="0.014"/>
  <testcase name="MultiThreaded only initializes value once[Iterations: 8,874]" classname="serie2.ex3.CounterModuloTest" time="0.012"/>
  <testcase name="MultiThreaded only initializes value once[Iterations: 8,875]" classname="serie2.ex3.CounterModuloTest" time="0.012"/>
  <testcase name="MultiThreaded only initializes value once[Iterations: 8,876]" classname="serie2.ex3.CounterModuloTest" time="0.015"/>
  <testcase name="MultiThreaded only initializes value once[Iterations: 8,877]" classname="serie2.ex3.CounterModuloTest" time="0.013"/>
  <testcase name="MultiThreaded only initializes value once[Iterations: 8,878]" classname="serie2.ex3.CounterModuloTest" time="0.013"/>
  <testcase name="MultiThreaded only initializes value once[Iterations: 8,879]" classname="serie2.ex3.CounterModuloTest" time="0.014"/>
  <testcase name="MultiThreaded only initializes value once[Iterations: 8,880]" classname="serie2.ex3.CounterModuloTest" time="0.013"/>
  <testcase name="MultiThreaded only initializes value once[Iterations: 8,881]" classname="serie2.ex3.CounterModuloTest" time="0.013"/>
  <testcase name="MultiThreaded only initializes value once[Iterations: 8,882]" classname="serie2.ex3.CounterModuloTest" time="0.011"/>
  <testcase name="MultiThreaded only initializes value once[Iterations: 8,883]" classname="serie2.ex3.CounterModuloTest" time="0.015"/>
  <testcase name="MultiThreaded only initializes value once[Iterations: 8,884]" classname="serie2.ex3.CounterModuloTest" time="0.013"/>
  <testcase name="MultiThreaded only initializes value once[Iterations: 8,885]" classname="serie2.ex3.CounterModuloTest" time="0.014"/>
  <testcase name="MultiThreaded only initializes value once[Iterations: 8,886]" classname="serie2.ex3.CounterModuloTest" time="0.012"/>
  <testcase name="MultiThreaded only initializes value once[Iterations: 8,887]" classname="serie2.ex3.CounterModuloTest" time="0.012"/>
  <testcase name="MultiThreaded only initializes value once[Iterations: 8,888]" classname="serie2.ex3.CounterModuloTest" time="0.012"/>
  <testcase name="MultiThreaded only initializes value once[Iterations: 8,889]" classname="serie2.ex3.CounterModuloTest" time="0.013"/>
  <testcase name="MultiThreaded only initializes value once[Iterations: 8,890]" classname="serie2.ex3.CounterModuloTest" time="0.014"/>
  <testcase name="MultiThreaded only initializes value once[Iterations: 8,891]" classname="serie2.ex3.CounterModuloTest" time="0.016"/>
  <testcase name="MultiThreaded only initializes value once[Iterations: 8,892]" classname="serie2.ex3.CounterModuloTest" time="0.013"/>
  <testcase name="MultiThreaded only initializes value once[Iterations: 8,893]" classname="serie2.ex3.CounterModuloTest" time="0.013"/>
  <testcase name="MultiThreaded only initializes value once[Iterations: 8,894]" classname="serie2.ex3.CounterModuloTest" time="0.012"/>
  <testcase name="MultiThreaded only initializes value once[Iterations: 8,895]" classname="serie2.ex3.CounterModuloTest" time="0.014"/>
  <testcase name="MultiThreaded only initializes value once[Iterations: 8,896]" classname="serie2.ex3.CounterModuloTest" time="0.013"/>
  <testcase name="MultiThreaded only initializes value once[Iterations: 8,897]" classname="serie2.ex3.CounterModuloTest" time="0.014"/>
  <testcase name="MultiThreaded only initializes value once[Iterations: 8,898]" classname="serie2.ex3.CounterModuloTest" time="0.013"/>
  <testcase name="MultiThreaded only initializes value once[Iterations: 8,899]" classname="serie2.ex3.CounterModuloTest" time="0.015"/>
  <testcase name="MultiThreaded only initializes value once[Iterations: 8,900]" classname="serie2.ex3.CounterModuloTest" time="0.012"/>
  <testcase name="MultiThreaded only initializes value once[Iterations: 8,901]" classname="serie2.ex3.CounterModuloTest" time="0.014"/>
  <testcase name="MultiThreaded only initializes value once[Iterations: 8,902]" classname="serie2.ex3.CounterModuloTest" time="0.013"/>
  <testcase name="MultiThreaded only initializes value once[Iterations: 8,903]" classname="serie2.ex3.CounterModuloTest" time="0.014"/>
  <testcase name="MultiThreaded only initializes value once[Iterations: 8,904]" classname="serie2.ex3.CounterModuloTest" time="0.014"/>
  <testcase name="MultiThreaded only initializes value once[Iterations: 8,905]" classname="serie2.ex3.CounterModuloTest" time="0.013"/>
  <testcase name="MultiThreaded only initializes value once[Iterations: 8,906]" classname="serie2.ex3.CounterModuloTest" time="0.012"/>
  <testcase name="MultiThreaded only initializes value once[Iterations: 8,907]" classname="serie2.ex3.CounterModuloTest" time="0.014"/>
  <testcase name="MultiThreaded only initializes value once[Iterations: 8,908]" classname="serie2.ex3.CounterModuloTest" time="0.013"/>
  <testcase name="MultiThreaded only initializes value once[Iterations: 8,909]" classname="serie2.ex3.CounterModuloTest" time="0.013"/>
  <testcase name="MultiThreaded only initializes value once[Iterations: 8,910]" classname="serie2.ex3.CounterModuloTest" time="0.015"/>
  <testcase name="MultiThreaded only initializes value once[Iterations: 8,911]" classname="serie2.ex3.CounterModuloTest" time="0.014"/>
  <testcase name="MultiThreaded only initializes value once[Iterations: 8,912]" classname="serie2.ex3.CounterModuloTest" time="0.013"/>
  <testcase name="MultiThreaded only initializes value once[Iterations: 8,913]" classname="serie2.ex3.CounterModuloTest" time="0.013"/>
  <testcase name="MultiThreaded only initializes value once[Iterations: 8,914]" classname="serie2.ex3.CounterModuloTest" time="0.015"/>
  <testcase name="MultiThreaded only initializes value once[Iterations: 8,915]" classname="serie2.ex3.CounterModuloTest" time="0.012"/>
  <testcase name="MultiThreaded only initializes value once[Iterations: 8,916]" classname="serie2.ex3.CounterModuloTest" time="0.013"/>
  <testcase name="MultiThreaded only initializes value once[Iterations: 8,917]" classname="serie2.ex3.CounterModuloTest" time="0.013"/>
  <testcase name="MultiThreaded only initializes value once[Iterations: 8,918]" classname="serie2.ex3.CounterModuloTest" time="0.013"/>
  <testcase name="MultiThreaded only initializes value once[Iterations: 8,919]" classname="serie2.ex3.CounterModuloTest" time="0.013"/>
  <testcase name="MultiThreaded only initializes value once[Iterations: 8,920]" classname="serie2.ex3.CounterModuloTest" time="0.013"/>
  <testcase name="MultiThreaded only initializes value once[Iterations: 8,921]" classname="serie2.ex3.CounterModuloTest" time="0.012"/>
  <testcase name="MultiThreaded only initializes value once[Iterations: 8,922]" classname="serie2.ex3.CounterModuloTest" time="0.013"/>
  <testcase name="MultiThreaded only initializes value once[Iterations: 8,923]" classname="serie2.ex3.CounterModuloTest" time="0.014"/>
  <testcase name="MultiThreaded only initializes value once[Iterations: 8,924]" classname="serie2.ex3.CounterModuloTest" time="0.014"/>
  <testcase name="MultiThreaded only initializes value once[Iterations: 8,925]" classname="serie2.ex3.CounterModuloTest" time="0.012"/>
  <testcase name="MultiThreaded only initializes value once[Iterations: 8,926]" classname="serie2.ex3.CounterModuloTest" time="0.015"/>
  <testcase name="MultiThreaded only initializes value once[Iterations: 8,927]" classname="serie2.ex3.CounterModuloTest" time="0.012"/>
  <testcase name="MultiThreaded only initializes value once[Iterations: 8,928]" classname="serie2.ex3.CounterModuloTest" time="0.014"/>
  <testcase name="MultiThreaded only initializes value once[Iterations: 8,929]" classname="serie2.ex3.CounterModuloTest" time="0.014"/>
  <testcase name="MultiThreaded only initializes value once[Iterations: 8,930]" classname="serie2.ex3.CounterModuloTest" time="0.013"/>
  <testcase name="MultiThreaded only initializes value once[Iterations: 8,931]" classname="serie2.ex3.CounterModuloTest" time="0.013"/>
  <testcase name="MultiThreaded only initializes value once[Iterations: 8,932]" classname="serie2.ex3.CounterModuloTest" time="0.013"/>
  <testcase name="MultiThreaded only initializes value once[Iterations: 8,933]" classname="serie2.ex3.CounterModuloTest" time="0.014"/>
  <testcase name="MultiThreaded only initializes value once[Iterations: 8,934]" classname="serie2.ex3.CounterModuloTest" time="0.012"/>
  <testcase name="MultiThreaded only initializes value once[Iterations: 8,935]" classname="serie2.ex3.CounterModuloTest" time="0.013"/>
  <testcase name="MultiThreaded only initializes value once[Iterations: 8,936]" classname="serie2.ex3.CounterModuloTest" time="0.014"/>
  <testcase name="MultiThreaded only initializes value once[Iterations: 8,937]" classname="serie2.ex3.CounterModuloTest" time="0.012"/>
  <testcase name="MultiThreaded only initializes value once[Iterations: 8,938]" classname="serie2.ex3.CounterModuloTest" time="0.012"/>
  <testcase name="MultiThreaded only initializes value once[Iterations: 8,939]" classname="serie2.ex3.CounterModuloTest" time="0.013"/>
  <testcase name="MultiThreaded only initializes value once[Iterations: 8,940]" classname="serie2.ex3.CounterModuloTest" time="0.013"/>
  <testcase name="MultiThreaded only initializes value once[Iterations: 8,941]" classname="serie2.ex3.CounterModuloTest" time="0.013"/>
  <testcase name="MultiThreaded only initializes value once[Iterations: 8,942]" classname="serie2.ex3.CounterModuloTest" time="0.016"/>
  <testcase name="MultiThreaded only initializes value once[Iterations: 8,943]" classname="serie2.ex3.CounterModuloTest" time="0.014"/>
  <testcase name="MultiThreaded only initializes value once[Iterations: 8,944]" classname="serie2.ex3.CounterModuloTest" time="0.014"/>
  <testcase name="MultiThreaded only initializes value once[Iterations: 8,945]" classname="serie2.ex3.CounterModuloTest" time="0.015"/>
  <testcase name="MultiThreaded only initializes value once[Iterations: 8,946]" classname="serie2.ex3.CounterModuloTest" time="0.013"/>
  <testcase name="MultiThreaded only initializes value once[Iterations: 8,947]" classname="serie2.ex3.CounterModuloTest" time="0.014"/>
  <testcase name="MultiThreaded only initializes value once[Iterations: 8,948]" classname="serie2.ex3.CounterModuloTest" time="0.014"/>
  <testcase name="MultiThreaded only initializes value once[Iterations: 8,949]" classname="serie2.ex3.CounterModuloTest" time="0.013"/>
  <testcase name="MultiThreaded only initializes value once[Iterations: 8,950]" classname="serie2.ex3.CounterModuloTest" time="0.013"/>
  <testcase name="MultiThreaded only initializes value once[Iterations: 8,951]" classname="serie2.ex3.CounterModuloTest" time="0.014"/>
  <testcase name="MultiThreaded only initializes value once[Iterations: 8,952]" classname="serie2.ex3.CounterModuloTest" time="0.013"/>
  <testcase name="MultiThreaded only initializes value once[Iterations: 8,953]" classname="serie2.ex3.CounterModuloTest" time="0.012"/>
  <testcase name="MultiThreaded only initializes value once[Iterations: 8,954]" classname="serie2.ex3.CounterModuloTest" time="0.014"/>
  <testcase name="MultiThreaded only initializes value once[Iterations: 8,955]" classname="serie2.ex3.CounterModuloTest" time="0.013"/>
  <testcase name="MultiThreaded only initializes value once[Iterations: 8,956]" classname="serie2.ex3.CounterModuloTest" time="0.014"/>
  <testcase name="MultiThreaded only initializes value once[Iterations: 8,957]" classname="serie2.ex3.CounterModuloTest" time="0.013"/>
  <testcase name="MultiThreaded only initializes value once[Iterations: 8,958]" classname="serie2.ex3.CounterModuloTest" time="0.013"/>
  <testcase name="MultiThreaded only initializes value once[Iterations: 8,959]" classname="serie2.ex3.CounterModuloTest" time="0.013"/>
  <testcase name="MultiThreaded only initializes value once[Iterations: 8,960]" classname="serie2.ex3.CounterModuloTest" time="0.014"/>
  <testcase name="MultiThreaded only initializes value once[Iterations: 8,961]" classname="serie2.ex3.CounterModuloTest" time="0.012"/>
  <testcase name="MultiThreaded only initializes value once[Iterations: 8,962]" classname="serie2.ex3.CounterModuloTest" time="0.015"/>
  <testcase name="MultiThreaded only initializes value once[Iterations: 8,963]" classname="serie2.ex3.CounterModuloTest" time="0.013"/>
  <testcase name="MultiThreaded only initializes value once[Iterations: 8,964]" classname="serie2.ex3.CounterModuloTest" time="0.013"/>
  <testcase name="MultiThreaded only initializes value once[Iterations: 8,965]" classname="serie2.ex3.CounterModuloTest" time="0.013"/>
  <testcase name="MultiThreaded only initializes value once[Iterations: 8,966]" classname="serie2.ex3.CounterModuloTest" time="0.015"/>
  <testcase name="MultiThreaded only initializes value once[Iterations: 8,967]" classname="serie2.ex3.CounterModuloTest" time="0.013"/>
  <testcase name="MultiThreaded only initializes value once[Iterations: 8,968]" classname="serie2.ex3.CounterModuloTest" time="0.013"/>
  <testcase name="MultiThreaded only initializes value once[Iterations: 8,969]" classname="serie2.ex3.CounterModuloTest" time="0.014"/>
  <testcase name="MultiThreaded only initializes value once[Iterations: 8,970]" classname="serie2.ex3.CounterModuloTest" time="0.011"/>
  <testcase name="MultiThreaded only initializes value once[Iterations: 8,971]" classname="serie2.ex3.CounterModuloTest" time="0.013"/>
  <testcase name="MultiThreaded only initializes value once[Iterations: 8,972]" classname="serie2.ex3.CounterModuloTest" time="0.014"/>
  <testcase name="MultiThreaded only initializes value once[Iterations: 8,973]" classname="serie2.ex3.CounterModuloTest" time="0.018"/>
  <testcase name="MultiThreaded only initializes value once[Iterations: 8,974]" classname="serie2.ex3.CounterModuloTest" time="0.014"/>
  <testcase name="MultiThreaded only initializes value once[Iterations: 8,975]" classname="serie2.ex3.CounterModuloTest" time="0.013"/>
  <testcase name="MultiThreaded only initializes value once[Iterations: 8,976]" classname="serie2.ex3.CounterModuloTest" time="0.015"/>
  <testcase name="MultiThreaded only initializes value once[Iterations: 8,977]" classname="serie2.ex3.CounterModuloTest" time="0.016"/>
  <testcase name="MultiThreaded only initializes value once[Iterations: 8,978]" classname="serie2.ex3.CounterModuloTest" time="0.013"/>
  <testcase name="MultiThreaded only initializes value once[Iterations: 8,979]" classname="serie2.ex3.CounterModuloTest" time="0.013"/>
  <testcase name="MultiThreaded only initializes value once[Iterations: 8,980]" classname="serie2.ex3.CounterModuloTest" time="0.012"/>
  <testcase name="MultiThreaded only initializes value once[Iterations: 8,981]" classname="serie2.ex3.CounterModuloTest" time="0.013"/>
  <testcase name="MultiThreaded only initializes value once[Iterations: 8,982]" classname="serie2.ex3.CounterModuloTest" time="0.013"/>
  <testcase name="MultiThreaded only initializes value once[Iterations: 8,983]" classname="serie2.ex3.CounterModuloTest" time="0.013"/>
  <testcase name="MultiThreaded only initializes value once[Iterations: 8,984]" classname="serie2.ex3.CounterModuloTest" time="0.012"/>
  <testcase name="MultiThreaded only initializes value once[Iterations: 8,985]" classname="serie2.ex3.CounterModuloTest" time="0.013"/>
  <testcase name="MultiThreaded only initializes value once[Iterations: 8,986]" classname="serie2.ex3.CounterModuloTest" time="0.014"/>
  <testcase name="MultiThreaded only initializes value once[Iterations: 8,987]" classname="serie2.ex3.CounterModuloTest" time="0.013"/>
  <testcase name="MultiThreaded only initializes value once[Iterations: 8,988]" classname="serie2.ex3.CounterModuloTest" time="0.013"/>
  <testcase name="MultiThreaded only initializes value once[Iterations: 8,989]" classname="serie2.ex3.CounterModuloTest" time="0.014"/>
  <testcase name="MultiThreaded only initializes value once[Iterations: 8,990]" classname="serie2.ex3.CounterModuloTest" time="0.014"/>
  <testcase name="MultiThreaded only initializes value once[Iterations: 8,991]" classname="serie2.ex3.CounterModuloTest" time="0.012"/>
  <testcase name="MultiThreaded only initializes value once[Iterations: 8,992]" classname="serie2.ex3.CounterModuloTest" time="0.013"/>
  <testcase name="MultiThreaded only initializes value once[Iterations: 8,993]" classname="serie2.ex3.CounterModuloTest" time="0.014"/>
  <testcase name="MultiThreaded only initializes value once[Iterations: 8,994]" classname="serie2.ex3.CounterModuloTest" time="0.012"/>
  <testcase name="MultiThreaded only initializes value once[Iterations: 8,995]" classname="serie2.ex3.CounterModuloTest" time="0.013"/>
  <testcase name="MultiThreaded only initializes value once[Iterations: 8,996]" classname="serie2.ex3.CounterModuloTest" time="0.014"/>
  <testcase name="MultiThreaded only initializes value once[Iterations: 8,997]" classname="serie2.ex3.CounterModuloTest" time="0.013"/>
  <testcase name="MultiThreaded only initializes value once[Iterations: 8,998]" classname="serie2.ex3.CounterModuloTest" time="0.014"/>
  <testcase name="MultiThreaded only initializes value once[Iterations: 8,999]" classname="serie2.ex3.CounterModuloTest" time="0.012"/>
  <testcase name="MultiThreaded only initializes value once[Iterations: 9,000]" classname="serie2.ex3.CounterModuloTest" time="0.013"/>
  <testcase name="MultiThreaded only initializes value once[Iterations: 9,001]" classname="serie2.ex3.CounterModuloTest" time="0.014"/>
  <testcase name="MultiThreaded only initializes value once[Iterations: 9,002]" classname="serie2.ex3.CounterModuloTest" time="0.014"/>
  <testcase name="MultiThreaded only initializes value once[Iterations: 9,003]" classname="serie2.ex3.CounterModuloTest" time="0.014"/>
  <testcase name="MultiThreaded only initializes value once[Iterations: 9,004]" classname="serie2.ex3.CounterModuloTest" time="0.012"/>
  <testcase name="MultiThreaded only initializes value once[Iterations: 9,005]" classname="serie2.ex3.CounterModuloTest" time="0.016"/>
  <testcase name="MultiThreaded only initializes value once[Iterations: 9,006]" classname="serie2.ex3.CounterModuloTest" time="0.013"/>
  <testcase name="MultiThreaded only initializes value once[Iterations: 9,007]" classname="serie2.ex3.CounterModuloTest" time="0.02"/>
  <testcase name="MultiThreaded only initializes value once[Iterations: 9,008]" classname="serie2.ex3.CounterModuloTest" time="0.02"/>
  <testcase name="MultiThreaded only initializes value once[Iterations: 9,009]" classname="serie2.ex3.CounterModuloTest" time="0.013"/>
  <testcase name="MultiThreaded only initializes value once[Iterations: 9,010]" classname="serie2.ex3.CounterModuloTest" time="0.013"/>
  <testcase name="MultiThreaded only initializes value once[Iterations: 9,011]" classname="serie2.ex3.CounterModuloTest" time="0.013"/>
  <testcase name="MultiThreaded only initializes value once[Iterations: 9,012]" classname="serie2.ex3.CounterModuloTest" time="0.013"/>
  <testcase name="MultiThreaded only initializes value once[Iterations: 9,013]" classname="serie2.ex3.CounterModuloTest" time="0.013"/>
  <testcase name="MultiThreaded only initializes value once[Iterations: 9,014]" classname="serie2.ex3.CounterModuloTest" time="0.013"/>
  <testcase name="MultiThreaded only initializes value once[Iterations: 9,015]" classname="serie2.ex3.CounterModuloTest" time="0.015"/>
  <testcase name="MultiThreaded only initializes value once[Iterations: 9,016]" classname="serie2.ex3.CounterModuloTest" time="0.013"/>
  <testcase name="MultiThreaded only initializes value once[Iterations: 9,017]" classname="serie2.ex3.CounterModuloTest" time="0.012"/>
  <testcase name="MultiThreaded only initializes value once[Iterations: 9,018]" classname="serie2.ex3.CounterModuloTest" time="0.015"/>
  <testcase name="MultiThreaded only initializes value once[Iterations: 9,019]" classname="serie2.ex3.CounterModuloTest" time="0.014"/>
  <testcase name="MultiThreaded only initializes value once[Iterations: 9,020]" classname="serie2.ex3.CounterModuloTest" time="0.013"/>
  <testcase name="MultiThreaded only initializes value once[Iterations: 9,021]" classname="serie2.ex3.CounterModuloTest" time="0.013"/>
  <testcase name="MultiThreaded only initializes value once[Iterations: 9,022]" classname="serie2.ex3.CounterModuloTest" time="0.013"/>
  <testcase name="MultiThreaded only initializes value once[Iterations: 9,023]" classname="serie2.ex3.CounterModuloTest" time="0.014"/>
  <testcase name="MultiThreaded only initializes value once[Iterations: 9,024]" classname="serie2.ex3.CounterModuloTest" time="0.013"/>
  <testcase name="MultiThreaded only initializes value once[Iterations: 9,025]" classname="serie2.ex3.CounterModuloTest" time="0.014"/>
  <testcase name="MultiThreaded only initializes value once[Iterations: 9,026]" classname="serie2.ex3.CounterModuloTest" time="0.013"/>
  <testcase name="MultiThreaded only initializes value once[Iterations: 9,027]" classname="serie2.ex3.CounterModuloTest" time="0.013"/>
  <testcase name="MultiThreaded only initializes value once[Iterations: 9,028]" classname="serie2.ex3.CounterModuloTest" time="0.012"/>
  <testcase name="MultiThreaded only initializes value once[Iterations: 9,029]" classname="serie2.ex3.CounterModuloTest" time="0.014"/>
  <testcase name="MultiThreaded only initializes value once[Iterations: 9,030]" classname="serie2.ex3.CounterModuloTest" time="0.013"/>
  <testcase name="MultiThreaded only initializes value once[Iterations: 9,031]" classname="serie2.ex3.CounterModuloTest" time="0.014"/>
  <testcase name="MultiThreaded only initializes value once[Iterations: 9,032]" classname="serie2.ex3.CounterModuloTest" time="0.014"/>
  <testcase name="MultiThreaded only initializes value once[Iterations: 9,033]" classname="serie2.ex3.CounterModuloTest" time="0.014"/>
  <testcase name="MultiThreaded only initializes value once[Iterations: 9,034]" classname="serie2.ex3.CounterModuloTest" time="0.013"/>
  <testcase name="MultiThreaded only initializes value once[Iterations: 9,035]" classname="serie2.ex3.CounterModuloTest" time="0.012"/>
  <testcase name="MultiThreaded only initializes value once[Iterations: 9,036]" classname="serie2.ex3.CounterModuloTest" time="0.017"/>
  <testcase name="MultiThreaded only initializes value once[Iterations: 9,037]" classname="serie2.ex3.CounterModuloTest" time="0.014"/>
  <testcase name="MultiThreaded only initializes value once[Iterations: 9,038]" classname="serie2.ex3.CounterModuloTest" time="0.015"/>
  <testcase name="MultiThreaded only initializes value once[Iterations: 9,039]" classname="serie2.ex3.CounterModuloTest" time="0.013"/>
  <testcase name="MultiThreaded only initializes value once[Iterations: 9,040]" classname="serie2.ex3.CounterModuloTest" time="0.014"/>
  <testcase name="MultiThreaded only initializes value once[Iterations: 9,041]" classname="serie2.ex3.CounterModuloTest" time="0.014"/>
  <testcase name="MultiThreaded only initializes value once[Iterations: 9,042]" classname="serie2.ex3.CounterModuloTest" time="0.013"/>
  <testcase name="MultiThreaded only initializes value once[Iterations: 9,043]" classname="serie2.ex3.CounterModuloTest" time="0.013"/>
  <testcase name="MultiThreaded only initializes value once[Iterations: 9,044]" classname="serie2.ex3.CounterModuloTest" time="0.013"/>
  <testcase name="MultiThreaded only initializes value once[Iterations: 9,045]" classname="serie2.ex3.CounterModuloTest" time="0.014"/>
  <testcase name="MultiThreaded only initializes value once[Iterations: 9,046]" classname="serie2.ex3.CounterModuloTest" time="0.013"/>
  <testcase name="MultiThreaded only initializes value once[Iterations: 9,047]" classname="serie2.ex3.CounterModuloTest" time="0.014"/>
  <testcase name="MultiThreaded only initializes value once[Iterations: 9,048]" classname="serie2.ex3.CounterModuloTest" time="0.012"/>
  <testcase name="MultiThreaded only initializes value once[Iterations: 9,049]" classname="serie2.ex3.CounterModuloTest" time="0.013"/>
  <testcase name="MultiThreaded only initializes value once[Iterations: 9,050]" classname="serie2.ex3.CounterModuloTest" time="0.012"/>
  <testcase name="MultiThreaded only initializes value once[Iterations: 9,051]" classname="serie2.ex3.CounterModuloTest" time="0.014"/>
  <testcase name="MultiThreaded only initializes value once[Iterations: 9,052]" classname="serie2.ex3.CounterModuloTest" time="0.013"/>
  <testcase name="MultiThreaded only initializes value once[Iterations: 9,053]" classname="serie2.ex3.CounterModuloTest" time="0.014"/>
  <testcase name="MultiThreaded only initializes value once[Iterations: 9,054]" classname="serie2.ex3.CounterModuloTest" time="0.015"/>
  <testcase name="MultiThreaded only initializes value once[Iterations: 9,055]" classname="serie2.ex3.CounterModuloTest" time="0.012"/>
  <testcase name="MultiThreaded only initializes value once[Iterations: 9,056]" classname="serie2.ex3.CounterModuloTest" time="0.015"/>
  <testcase name="MultiThreaded only initializes value once[Iterations: 9,057]" classname="serie2.ex3.CounterModuloTest" time="0.014"/>
  <testcase name="MultiThreaded only initializes value once[Iterations: 9,058]" classname="serie2.ex3.CounterModuloTest" time="0.013"/>
  <testcase name="MultiThreaded only initializes value once[Iterations: 9,059]" classname="serie2.ex3.CounterModuloTest" time="0.012"/>
  <testcase name="MultiThreaded only initializes value once[Iterations: 9,060]" classname="serie2.ex3.CounterModuloTest" time="0.013"/>
  <testcase name="MultiThreaded only initializes value once[Iterations: 9,061]" classname="serie2.ex3.CounterModuloTest" time="0.014"/>
  <testcase name="MultiThreaded only initializes value once[Iterations: 9,062]" classname="serie2.ex3.CounterModuloTest" time="0.014"/>
  <testcase name="MultiThreaded only initializes value once[Iterations: 9,063]" classname="serie2.ex3.CounterModuloTest" time="0.012"/>
  <testcase name="MultiThreaded only initializes value once[Iterations: 9,064]" classname="serie2.ex3.CounterModuloTest" time="0.014"/>
  <testcase name="MultiThreaded only initializes value once[Iterations: 9,065]" classname="serie2.ex3.CounterModuloTest" time="0.013"/>
  <testcase name="MultiThreaded only initializes value once[Iterations: 9,066]" classname="serie2.ex3.CounterModuloTest" time="0.013"/>
  <testcase name="MultiThreaded only initializes value once[Iterations: 9,067]" classname="serie2.ex3.CounterModuloTest" time="0.012"/>
  <testcase name="MultiThreaded only initializes value once[Iterations: 9,068]" classname="serie2.ex3.CounterModuloTest" time="0.013"/>
  <testcase name="MultiThreaded only initializes value once[Iterations: 9,069]" classname="serie2.ex3.CounterModuloTest" time="0.014"/>
  <testcase name="MultiThreaded only initializes value once[Iterations: 9,070]" classname="serie2.ex3.CounterModuloTest" time="0.014"/>
  <testcase name="MultiThreaded only initializes value once[Iterations: 9,071]" classname="serie2.ex3.CounterModuloTest" time="0.014"/>
  <testcase name="MultiThreaded only initializes value once[Iterations: 9,072]" classname="serie2.ex3.CounterModuloTest" time="0.013"/>
  <testcase name="MultiThreaded only initializes value once[Iterations: 9,073]" classname="serie2.ex3.CounterModuloTest" time="0.012"/>
  <testcase name="MultiThreaded only initializes value once[Iterations: 9,074]" classname="serie2.ex3.CounterModuloTest" time="0.013"/>
  <testcase name="MultiThreaded only initializes value once[Iterations: 9,075]" classname="serie2.ex3.CounterModuloTest" time="0.016"/>
  <testcase name="MultiThreaded only initializes value once[Iterations: 9,076]" classname="serie2.ex3.CounterModuloTest" time="0.014"/>
  <testcase name="MultiThreaded only initializes value once[Iterations: 9,077]" classname="serie2.ex3.CounterModuloTest" time="0.012"/>
  <testcase name="MultiThreaded only initializes value once[Iterations: 9,078]" classname="serie2.ex3.CounterModuloTest" time="0.014"/>
  <testcase name="MultiThreaded only initializes value once[Iterations: 9,079]" classname="serie2.ex3.CounterModuloTest" time="0.012"/>
  <testcase name="MultiThreaded only initializes value once[Iterations: 9,080]" classname="serie2.ex3.CounterModuloTest" time="0.012"/>
  <testcase name="MultiThreaded only initializes value once[Iterations: 9,081]" classname="serie2.ex3.CounterModuloTest" time="0.014"/>
  <testcase name="MultiThreaded only initializes value once[Iterations: 9,082]" classname="serie2.ex3.CounterModuloTest" time="0.015"/>
  <testcase name="MultiThreaded only initializes value once[Iterations: 9,083]" classname="serie2.ex3.CounterModuloTest" time="0.014"/>
  <testcase name="MultiThreaded only initializes value once[Iterations: 9,084]" classname="serie2.ex3.CounterModuloTest" time="0.014"/>
  <testcase name="MultiThreaded only initializes value once[Iterations: 9,085]" classname="serie2.ex3.CounterModuloTest" time="0.014"/>
  <testcase name="MultiThreaded only initializes value once[Iterations: 9,086]" classname="serie2.ex3.CounterModuloTest" time="0.013"/>
  <testcase name="MultiThreaded only initializes value once[Iterations: 9,087]" classname="serie2.ex3.CounterModuloTest" time="0.021"/>
  <testcase name="MultiThreaded only initializes value once[Iterations: 9,088]" classname="serie2.ex3.CounterModuloTest" time="0.014"/>
  <testcase name="MultiThreaded only initializes value once[Iterations: 9,089]" classname="serie2.ex3.CounterModuloTest" time="0.015"/>
  <testcase name="MultiThreaded only initializes value once[Iterations: 9,090]" classname="serie2.ex3.CounterModuloTest" time="0.013"/>
  <testcase name="MultiThreaded only initializes value once[Iterations: 9,091]" classname="serie2.ex3.CounterModuloTest" time="0.011"/>
  <testcase name="MultiThreaded only initializes value once[Iterations: 9,092]" classname="serie2.ex3.CounterModuloTest" time="0.013"/>
  <testcase name="MultiThreaded only initializes value once[Iterations: 9,093]" classname="serie2.ex3.CounterModuloTest" time="0.014"/>
  <testcase name="MultiThreaded only initializes value once[Iterations: 9,094]" classname="serie2.ex3.CounterModuloTest" time="0.013"/>
  <testcase name="MultiThreaded only initializes value once[Iterations: 9,095]" classname="serie2.ex3.CounterModuloTest" time="0.014"/>
  <testcase name="MultiThreaded only initializes value once[Iterations: 9,096]" classname="serie2.ex3.CounterModuloTest" time="0.013"/>
  <testcase name="MultiThreaded only initializes value once[Iterations: 9,097]" classname="serie2.ex3.CounterModuloTest" time="0.013"/>
  <testcase name="MultiThreaded only initializes value once[Iterations: 9,098]" classname="serie2.ex3.CounterModuloTest" time="0.015"/>
  <testcase name="MultiThreaded only initializes value once[Iterations: 9,099]" classname="serie2.ex3.CounterModuloTest" time="0.013"/>
  <testcase name="MultiThreaded only initializes value once[Iterations: 9,100]" classname="serie2.ex3.CounterModuloTest" time="0.013"/>
  <testcase name="MultiThreaded only initializes value once[Iterations: 9,101]" classname="serie2.ex3.CounterModuloTest" time="0.014"/>
  <testcase name="MultiThreaded only initializes value once[Iterations: 9,102]" classname="serie2.ex3.CounterModuloTest" time="0.013"/>
  <testcase name="MultiThreaded only initializes value once[Iterations: 9,103]" classname="serie2.ex3.CounterModuloTest" time="0.014"/>
  <testcase name="MultiThreaded only initializes value once[Iterations: 9,104]" classname="serie2.ex3.CounterModuloTest" time="0.013"/>
  <testcase name="MultiThreaded only initializes value once[Iterations: 9,105]" classname="serie2.ex3.CounterModuloTest" time="0.014"/>
  <testcase name="MultiThreaded only initializes value once[Iterations: 9,106]" classname="serie2.ex3.CounterModuloTest" time="0.016"/>
  <testcase name="MultiThreaded only initializes value once[Iterations: 9,107]" classname="serie2.ex3.CounterModuloTest" time="0.014"/>
  <testcase name="MultiThreaded only initializes value once[Iterations: 9,108]" classname="serie2.ex3.CounterModuloTest" time="0.013"/>
  <testcase name="MultiThreaded only initializes value once[Iterations: 9,109]" classname="serie2.ex3.CounterModuloTest" time="0.014"/>
  <testcase name="MultiThreaded only initializes value once[Iterations: 9,110]" classname="serie2.ex3.CounterModuloTest" time="0.013"/>
  <testcase name="MultiThreaded only initializes value once[Iterations: 9,111]" classname="serie2.ex3.CounterModuloTest" time="0.014"/>
  <testcase name="MultiThreaded only initializes value once[Iterations: 9,112]" classname="serie2.ex3.CounterModuloTest" time="0.014"/>
  <testcase name="MultiThreaded only initializes value once[Iterations: 9,113]" classname="serie2.ex3.CounterModuloTest" time="0.013"/>
  <testcase name="MultiThreaded only initializes value once[Iterations: 9,114]" classname="serie2.ex3.CounterModuloTest" time="0.013"/>
  <testcase name="MultiThreaded only initializes value once[Iterations: 9,115]" classname="serie2.ex3.CounterModuloTest" time="0.014"/>
  <testcase name="MultiThreaded only initializes value once[Iterations: 9,116]" classname="serie2.ex3.CounterModuloTest" time="0.013"/>
  <testcase name="MultiThreaded only initializes value once[Iterations: 9,117]" classname="serie2.ex3.CounterModuloTest" time="0.013"/>
  <testcase name="MultiThreaded only initializes value once[Iterations: 9,118]" classname="serie2.ex3.CounterModuloTest" time="0.015"/>
  <testcase name="MultiThreaded only initializes value once[Iterations: 9,119]" classname="serie2.ex3.CounterModuloTest" time="0.013"/>
  <testcase name="MultiThreaded only initializes value once[Iterations: 9,120]" classname="serie2.ex3.CounterModuloTest" time="0.014"/>
  <testcase name="MultiThreaded only initializes value once[Iterations: 9,121]" classname="serie2.ex3.CounterModuloTest" time="0.012"/>
  <testcase name="MultiThreaded only initializes value once[Iterations: 9,122]" classname="serie2.ex3.CounterModuloTest" time="0.013"/>
  <testcase name="MultiThreaded only initializes value once[Iterations: 9,123]" classname="serie2.ex3.CounterModuloTest" time="0.014"/>
  <testcase name="MultiThreaded only initializes value once[Iterations: 9,124]" classname="serie2.ex3.CounterModuloTest" time="0.012"/>
  <testcase name="MultiThreaded only initializes value once[Iterations: 9,125]" classname="serie2.ex3.CounterModuloTest" time="0.013"/>
  <testcase name="MultiThreaded only initializes value once[Iterations: 9,126]" classname="serie2.ex3.CounterModuloTest" time="0.013"/>
  <testcase name="MultiThreaded only initializes value once[Iterations: 9,127]" classname="serie2.ex3.CounterModuloTest" time="0.012"/>
  <testcase name="MultiThreaded only initializes value once[Iterations: 9,128]" classname="serie2.ex3.CounterModuloTest" time="0.014"/>
  <testcase name="MultiThreaded only initializes value once[Iterations: 9,129]" classname="serie2.ex3.CounterModuloTest" time="0.013"/>
  <testcase name="MultiThreaded only initializes value once[Iterations: 9,130]" classname="serie2.ex3.CounterModuloTest" time="0.013"/>
  <testcase name="MultiThreaded only initializes value once[Iterations: 9,131]" classname="serie2.ex3.CounterModuloTest" time="0.015"/>
  <testcase name="MultiThreaded only initializes value once[Iterations: 9,132]" classname="serie2.ex3.CounterModuloTest" time="0.013"/>
  <testcase name="MultiThreaded only initializes value once[Iterations: 9,133]" classname="serie2.ex3.CounterModuloTest" time="0.015"/>
  <testcase name="MultiThreaded only initializes value once[Iterations: 9,134]" classname="serie2.ex3.CounterModuloTest" time="0.013"/>
  <testcase name="MultiThreaded only initializes value once[Iterations: 9,135]" classname="serie2.ex3.CounterModuloTest" time="0.014"/>
  <testcase name="MultiThreaded only initializes value once[Iterations: 9,136]" classname="serie2.ex3.CounterModuloTest" time="0.012"/>
  <testcase name="MultiThreaded only initializes value once[Iterations: 9,137]" classname="serie2.ex3.CounterModuloTest" time="0.013"/>
  <testcase name="MultiThreaded only initializes value once[Iterations: 9,138]" classname="serie2.ex3.CounterModuloTest" time="0.013"/>
  <testcase name="MultiThreaded only initializes value once[Iterations: 9,139]" classname="serie2.ex3.CounterModuloTest" time="0.014"/>
  <testcase name="MultiThreaded only initializes value once[Iterations: 9,140]" classname="serie2.ex3.CounterModuloTest" time="0.014"/>
  <testcase name="MultiThreaded only initializes value once[Iterations: 9,141]" classname="serie2.ex3.CounterModuloTest" time="0.014"/>
  <testcase name="MultiThreaded only initializes value once[Iterations: 9,142]" classname="serie2.ex3.CounterModuloTest" time="0.013"/>
  <testcase name="MultiThreaded only initializes value once[Iterations: 9,143]" classname="serie2.ex3.CounterModuloTest" time="0.013"/>
  <testcase name="MultiThreaded only initializes value once[Iterations: 9,144]" classname="serie2.ex3.CounterModuloTest" time="0.015"/>
  <testcase name="MultiThreaded only initializes value once[Iterations: 9,145]" classname="serie2.ex3.CounterModuloTest" time="0.012"/>
  <testcase name="MultiThreaded only initializes value once[Iterations: 9,146]" classname="serie2.ex3.CounterModuloTest" time="0.014"/>
  <testcase name="MultiThreaded only initializes value once[Iterations: 9,147]" classname="serie2.ex3.CounterModuloTest" time="0.014"/>
  <testcase name="MultiThreaded only initializes value once[Iterations: 9,148]" classname="serie2.ex3.CounterModuloTest" time="0.014"/>
  <testcase name="MultiThreaded only initializes value once[Iterations: 9,149]" classname="serie2.ex3.CounterModuloTest" time="0.014"/>
  <testcase name="MultiThreaded only initializes value once[Iterations: 9,150]" classname="serie2.ex3.CounterModuloTest" time="0.014"/>
  <testcase name="MultiThreaded only initializes value once[Iterations: 9,151]" classname="serie2.ex3.CounterModuloTest" time="0.012"/>
  <testcase name="MultiThreaded only initializes value once[Iterations: 9,152]" classname="serie2.ex3.CounterModuloTest" time="0.014"/>
  <testcase name="MultiThreaded only initializes value once[Iterations: 9,153]" classname="serie2.ex3.CounterModuloTest" time="0.014"/>
  <testcase name="MultiThreaded only initializes value once[Iterations: 9,154]" classname="serie2.ex3.CounterModuloTest" time="0.014"/>
  <testcase name="MultiThreaded only initializes value once[Iterations: 9,155]" classname="serie2.ex3.CounterModuloTest" time="0.015"/>
  <testcase name="MultiThreaded only initializes value once[Iterations: 9,156]" classname="serie2.ex3.CounterModuloTest" time="0.014"/>
  <testcase name="MultiThreaded only initializes value once[Iterations: 9,157]" classname="serie2.ex3.CounterModuloTest" time="0.014"/>
  <testcase name="MultiThreaded only initializes value once[Iterations: 9,158]" classname="serie2.ex3.CounterModuloTest" time="0.013"/>
  <testcase name="MultiThreaded only initializes value once[Iterations: 9,159]" classname="serie2.ex3.CounterModuloTest" time="0.013"/>
  <testcase name="MultiThreaded only initializes value once[Iterations: 9,160]" classname="serie2.ex3.CounterModuloTest" time="0.013"/>
  <testcase name="MultiThreaded only initializes value once[Iterations: 9,161]" classname="serie2.ex3.CounterModuloTest" time="0.013"/>
  <testcase name="MultiThreaded only initializes value once[Iterations: 9,162]" classname="serie2.ex3.CounterModuloTest" time="0.014"/>
  <testcase name="MultiThreaded only initializes value once[Iterations: 9,163]" classname="serie2.ex3.CounterModuloTest" time="0.014"/>
  <testcase name="MultiThreaded only initializes value once[Iterations: 9,164]" classname="serie2.ex3.CounterModuloTest" time="0.013"/>
  <testcase name="MultiThreaded only initializes value once[Iterations: 9,165]" classname="serie2.ex3.CounterModuloTest" time="0.012"/>
  <testcase name="MultiThreaded only initializes value once[Iterations: 9,166]" classname="serie2.ex3.CounterModuloTest" time="0.013"/>
  <testcase name="MultiThreaded only initializes value once[Iterations: 9,167]" classname="serie2.ex3.CounterModuloTest" time="0.013"/>
  <testcase name="MultiThreaded only initializes value once[Iterations: 9,168]" classname="serie2.ex3.CounterModuloTest" time="0.013"/>
  <testcase name="MultiThreaded only initializes value once[Iterations: 9,169]" classname="serie2.ex3.CounterModuloTest" time="0.013"/>
  <testcase name="MultiThreaded only initializes value once[Iterations: 9,170]" classname="serie2.ex3.CounterModuloTest" time="0.014"/>
  <testcase name="MultiThreaded only initializes value once[Iterations: 9,171]" classname="serie2.ex3.CounterModuloTest" time="0.014"/>
  <testcase name="MultiThreaded only initializes value once[Iterations: 9,172]" classname="serie2.ex3.CounterModuloTest" time="0.014"/>
  <testcase name="MultiThreaded only initializes value once[Iterations: 9,173]" classname="serie2.ex3.CounterModuloTest" time="0.013"/>
  <testcase name="MultiThreaded only initializes value once[Iterations: 9,174]" classname="serie2.ex3.CounterModuloTest" time="0.012"/>
  <testcase name="MultiThreaded only initializes value once[Iterations: 9,175]" classname="serie2.ex3.CounterModuloTest" time="0.014"/>
  <testcase name="MultiThreaded only initializes value once[Iterations: 9,176]" classname="serie2.ex3.CounterModuloTest" time="0.013"/>
  <testcase name="MultiThreaded only initializes value once[Iterations: 9,177]" classname="serie2.ex3.CounterModuloTest" time="0.013"/>
  <testcase name="MultiThreaded only initializes value once[Iterations: 9,178]" classname="serie2.ex3.CounterModuloTest" time="0.014"/>
  <testcase name="MultiThreaded only initializes value once[Iterations: 9,179]" classname="serie2.ex3.CounterModuloTest" time="0.014"/>
  <testcase name="MultiThreaded only initializes value once[Iterations: 9,180]" classname="serie2.ex3.CounterModuloTest" time="0.015"/>
  <testcase name="MultiThreaded only initializes value once[Iterations: 9,181]" classname="serie2.ex3.CounterModuloTest" time="0.012"/>
  <testcase name="MultiThreaded only initializes value once[Iterations: 9,182]" classname="serie2.ex3.CounterModuloTest" time="0.013"/>
  <testcase name="MultiThreaded only initializes value once[Iterations: 9,183]" classname="serie2.ex3.CounterModuloTest" time="0.013"/>
  <testcase name="MultiThreaded only initializes value once[Iterations: 9,184]" classname="serie2.ex3.CounterModuloTest" time="0.013"/>
  <testcase name="MultiThreaded only initializes value once[Iterations: 9,185]" classname="serie2.ex3.CounterModuloTest" time="0.014"/>
  <testcase name="MultiThreaded only initializes value once[Iterations: 9,186]" classname="serie2.ex3.CounterModuloTest" time="0.014"/>
  <testcase name="MultiThreaded only initializes value once[Iterations: 9,187]" classname="serie2.ex3.CounterModuloTest" time="0.014"/>
  <testcase name="MultiThreaded only initializes value once[Iterations: 9,188]" classname="serie2.ex3.CounterModuloTest" time="0.014"/>
  <testcase name="MultiThreaded only initializes value once[Iterations: 9,189]" classname="serie2.ex3.CounterModuloTest" time="0.015"/>
  <testcase name="MultiThreaded only initializes value once[Iterations: 9,190]" classname="serie2.ex3.CounterModuloTest" time="0.014"/>
  <testcase name="MultiThreaded only initializes value once[Iterations: 9,191]" classname="serie2.ex3.CounterModuloTest" time="0.011"/>
  <testcase name="MultiThreaded only initializes value once[Iterations: 9,192]" classname="serie2.ex3.CounterModuloTest" time="0.014"/>
  <testcase name="MultiThreaded only initializes value once[Iterations: 9,193]" classname="serie2.ex3.CounterModuloTest" time="0.014"/>
  <testcase name="MultiThreaded only initializes value once[Iterations: 9,194]" classname="serie2.ex3.CounterModuloTest" time="0.015"/>
  <testcase name="MultiThreaded only initializes value once[Iterations: 9,195]" classname="serie2.ex3.CounterModuloTest" time="0.013"/>
  <testcase name="MultiThreaded only initializes value once[Iterations: 9,196]" classname="serie2.ex3.CounterModuloTest" time="0.014"/>
  <testcase name="MultiThreaded only initializes value once[Iterations: 9,197]" classname="serie2.ex3.CounterModuloTest" time="0.014"/>
  <testcase name="MultiThreaded only initializes value once[Iterations: 9,198]" classname="serie2.ex3.CounterModuloTest" time="0.019"/>
  <testcase name="MultiThreaded only initializes value once[Iterations: 9,199]" classname="serie2.ex3.CounterModuloTest" time="0.014"/>
  <testcase name="MultiThreaded only initializes value once[Iterations: 9,200]" classname="serie2.ex3.CounterModuloTest" time="0.016"/>
  <testcase name="MultiThreaded only initializes value once[Iterations: 9,201]" classname="serie2.ex3.CounterModuloTest" time="0.012"/>
  <testcase name="MultiThreaded only initializes value once[Iterations: 9,202]" classname="serie2.ex3.CounterModuloTest" time="0.015"/>
  <testcase name="MultiThreaded only initializes value once[Iterations: 9,203]" classname="serie2.ex3.CounterModuloTest" time="0.012"/>
  <testcase name="MultiThreaded only initializes value once[Iterations: 9,204]" classname="serie2.ex3.CounterModuloTest" time="0.015"/>
  <testcase name="MultiThreaded only initializes value once[Iterations: 9,205]" classname="serie2.ex3.CounterModuloTest" time="0.014"/>
  <testcase name="MultiThreaded only initializes value once[Iterations: 9,206]" classname="serie2.ex3.CounterModuloTest" time="0.013"/>
  <testcase name="MultiThreaded only initializes value once[Iterations: 9,207]" classname="serie2.ex3.CounterModuloTest" time="0.013"/>
  <testcase name="MultiThreaded only initializes value once[Iterations: 9,208]" classname="serie2.ex3.CounterModuloTest" time="0.014"/>
  <testcase name="MultiThreaded only initializes value once[Iterations: 9,209]" classname="serie2.ex3.CounterModuloTest" time="0.015"/>
  <testcase name="MultiThreaded only initializes value once[Iterations: 9,210]" classname="serie2.ex3.CounterModuloTest" time="0.013"/>
  <testcase name="MultiThreaded only initializes value once[Iterations: 9,211]" classname="serie2.ex3.CounterModuloTest" time="0.012"/>
  <testcase name="MultiThreaded only initializes value once[Iterations: 9,212]" classname="serie2.ex3.CounterModuloTest" time="0.014"/>
  <testcase name="MultiThreaded only initializes value once[Iterations: 9,213]" classname="serie2.ex3.CounterModuloTest" time="0.013"/>
  <testcase name="MultiThreaded only initializes value once[Iterations: 9,214]" classname="serie2.ex3.CounterModuloTest" time="0.014"/>
  <testcase name="MultiThreaded only initializes value once[Iterations: 9,215]" classname="serie2.ex3.CounterModuloTest" time="0.013"/>
  <testcase name="MultiThreaded only initializes value once[Iterations: 9,216]" classname="serie2.ex3.CounterModuloTest" time="0.014"/>
  <testcase name="MultiThreaded only initializes value once[Iterations: 9,217]" classname="serie2.ex3.CounterModuloTest" time="0.014"/>
  <testcase name="MultiThreaded only initializes value once[Iterations: 9,218]" classname="serie2.ex3.CounterModuloTest" time="0.012"/>
  <testcase name="MultiThreaded only initializes value once[Iterations: 9,219]" classname="serie2.ex3.CounterModuloTest" time="0.014"/>
  <testcase name="MultiThreaded only initializes value once[Iterations: 9,220]" classname="serie2.ex3.CounterModuloTest" time="0.014"/>
  <testcase name="MultiThreaded only initializes value once[Iterations: 9,221]" classname="serie2.ex3.CounterModuloTest" time="0.014"/>
  <testcase name="MultiThreaded only initializes value once[Iterations: 9,222]" classname="serie2.ex3.CounterModuloTest" time="0.013"/>
  <testcase name="MultiThreaded only initializes value once[Iterations: 9,223]" classname="serie2.ex3.CounterModuloTest" time="0.012"/>
  <testcase name="MultiThreaded only initializes value once[Iterations: 9,224]" classname="serie2.ex3.CounterModuloTest" time="0.016"/>
  <testcase name="MultiThreaded only initializes value once[Iterations: 9,225]" classname="serie2.ex3.CounterModuloTest" time="0.017"/>
  <testcase name="MultiThreaded only initializes value once[Iterations: 9,226]" classname="serie2.ex3.CounterModuloTest" time="0.014"/>
  <testcase name="MultiThreaded only initializes value once[Iterations: 9,227]" classname="serie2.ex3.CounterModuloTest" time="0.013"/>
  <testcase name="MultiThreaded only initializes value once[Iterations: 9,228]" classname="serie2.ex3.CounterModuloTest" time="0.014"/>
  <testcase name="MultiThreaded only initializes value once[Iterations: 9,229]" classname="serie2.ex3.CounterModuloTest" time="0.014"/>
  <testcase name="MultiThreaded only initializes value once[Iterations: 9,230]" classname="serie2.ex3.CounterModuloTest" time="0.015"/>
  <testcase name="MultiThreaded only initializes value once[Iterations: 9,231]" classname="serie2.ex3.CounterModuloTest" time="0.013"/>
  <testcase name="MultiThreaded only initializes value once[Iterations: 9,232]" classname="serie2.ex3.CounterModuloTest" time="0.013"/>
  <testcase name="MultiThreaded only initializes value once[Iterations: 9,233]" classname="serie2.ex3.CounterModuloTest" time="0.013"/>
  <testcase name="MultiThreaded only initializes value once[Iterations: 9,234]" classname="serie2.ex3.CounterModuloTest" time="0.014"/>
  <testcase name="MultiThreaded only initializes value once[Iterations: 9,235]" classname="serie2.ex3.CounterModuloTest" time="0.014"/>
  <testcase name="MultiThreaded only initializes value once[Iterations: 9,236]" classname="serie2.ex3.CounterModuloTest" time="0.015"/>
  <testcase name="MultiThreaded only initializes value once[Iterations: 9,237]" classname="serie2.ex3.CounterModuloTest" time="0.014"/>
  <testcase name="MultiThreaded only initializes value once[Iterations: 9,238]" classname="serie2.ex3.CounterModuloTest" time="0.013"/>
  <testcase name="MultiThreaded only initializes value once[Iterations: 9,239]" classname="serie2.ex3.CounterModuloTest" time="0.013"/>
  <testcase name="MultiThreaded only initializes value once[Iterations: 9,240]" classname="serie2.ex3.CounterModuloTest" time="0.015"/>
  <testcase name="MultiThreaded only initializes value once[Iterations: 9,241]" classname="serie2.ex3.CounterModuloTest" time="0.011"/>
  <testcase name="MultiThreaded only initializes value once[Iterations: 9,242]" classname="serie2.ex3.CounterModuloTest" time="0.015"/>
  <testcase name="MultiThreaded only initializes value once[Iterations: 9,243]" classname="serie2.ex3.CounterModuloTest" time="0.013"/>
  <testcase name="MultiThreaded only initializes value once[Iterations: 9,244]" classname="serie2.ex3.CounterModuloTest" time="0.015"/>
  <testcase name="MultiThreaded only initializes value once[Iterations: 9,245]" classname="serie2.ex3.CounterModuloTest" time="0.014"/>
  <testcase name="MultiThreaded only initializes value once[Iterations: 9,246]" classname="serie2.ex3.CounterModuloTest" time="0.016"/>
  <testcase name="MultiThreaded only initializes value once[Iterations: 9,247]" classname="serie2.ex3.CounterModuloTest" time="0.013"/>
  <testcase name="MultiThreaded only initializes value once[Iterations: 9,248]" classname="serie2.ex3.CounterModuloTest" time="0.015"/>
  <testcase name="MultiThreaded only initializes value once[Iterations: 9,249]" classname="serie2.ex3.CounterModuloTest" time="0.013"/>
  <testcase name="MultiThreaded only initializes value once[Iterations: 9,250]" classname="serie2.ex3.CounterModuloTest" time="0.014"/>
  <testcase name="MultiThreaded only initializes value once[Iterations: 9,251]" classname="serie2.ex3.CounterModuloTest" time="0.014"/>
  <testcase name="MultiThreaded only initializes value once[Iterations: 9,252]" classname="serie2.ex3.CounterModuloTest" time="0.013"/>
  <testcase name="MultiThreaded only initializes value once[Iterations: 9,253]" classname="serie2.ex3.CounterModuloTest" time="0.014"/>
  <testcase name="MultiThreaded only initializes value once[Iterations: 9,254]" classname="serie2.ex3.CounterModuloTest" time="0.012"/>
  <testcase name="MultiThreaded only initializes value once[Iterations: 9,255]" classname="serie2.ex3.CounterModuloTest" time="0.013"/>
  <testcase name="MultiThreaded only initializes value once[Iterations: 9,256]" classname="serie2.ex3.CounterModuloTest" time="0.013"/>
  <testcase name="MultiThreaded only initializes value once[Iterations: 9,257]" classname="serie2.ex3.CounterModuloTest" time="0.015"/>
  <testcase name="MultiThreaded only initializes value once[Iterations: 9,258]" classname="serie2.ex3.CounterModuloTest" time="0.015"/>
  <testcase name="MultiThreaded only initializes value once[Iterations: 9,259]" classname="serie2.ex3.CounterModuloTest" time="0.012"/>
  <testcase name="MultiThreaded only initializes value once[Iterations: 9,260]" classname="serie2.ex3.CounterModuloTest" time="0.013"/>
  <testcase name="MultiThreaded only initializes value once[Iterations: 9,261]" classname="serie2.ex3.CounterModuloTest" time="0.015"/>
  <testcase name="MultiThreaded only initializes value once[Iterations: 9,262]" classname="serie2.ex3.CounterModuloTest" time="0.014"/>
  <testcase name="MultiThreaded only initializes value once[Iterations: 9,263]" classname="serie2.ex3.CounterModuloTest" time="0.014"/>
  <testcase name="MultiThreaded only initializes value once[Iterations: 9,264]" classname="serie2.ex3.CounterModuloTest" time="0.014"/>
  <testcase name="MultiThreaded only initializes value once[Iterations: 9,265]" classname="serie2.ex3.CounterModuloTest" time="0.014"/>
  <testcase name="MultiThreaded only initializes value once[Iterations: 9,266]" classname="serie2.ex3.CounterModuloTest" time="0.013"/>
  <testcase name="MultiThreaded only initializes value once[Iterations: 9,267]" classname="serie2.ex3.CounterModuloTest" time="0.013"/>
  <testcase name="MultiThreaded only initializes value once[Iterations: 9,268]" classname="serie2.ex3.CounterModuloTest" time="0.015"/>
  <testcase name="MultiThreaded only initializes value once[Iterations: 9,269]" classname="serie2.ex3.CounterModuloTest" time="0.014"/>
  <testcase name="MultiThreaded only initializes value once[Iterations: 9,270]" classname="serie2.ex3.CounterModuloTest" time="0.014"/>
  <testcase name="MultiThreaded only initializes value once[Iterations: 9,271]" classname="serie2.ex3.CounterModuloTest" time="0.014"/>
  <testcase name="MultiThreaded only initializes value once[Iterations: 9,272]" classname="serie2.ex3.CounterModuloTest" time="0.015"/>
  <testcase name="MultiThreaded only initializes value once[Iterations: 9,273]" classname="serie2.ex3.CounterModuloTest" time="0.014"/>
  <testcase name="MultiThreaded only initializes value once[Iterations: 9,274]" classname="serie2.ex3.CounterModuloTest" time="0.014"/>
  <testcase name="MultiThreaded only initializes value once[Iterations: 9,275]" classname="serie2.ex3.CounterModuloTest" time="0.015"/>
  <testcase name="MultiThreaded only initializes value once[Iterations: 9,276]" classname="serie2.ex3.CounterModuloTest" time="0.014"/>
  <testcase name="MultiThreaded only initializes value once[Iterations: 9,277]" classname="serie2.ex3.CounterModuloTest" time="0.012"/>
  <testcase name="MultiThreaded only initializes value once[Iterations: 9,278]" classname="serie2.ex3.CounterModuloTest" time="0.015"/>
  <testcase name="MultiThreaded only initializes value once[Iterations: 9,279]" classname="serie2.ex3.CounterModuloTest" time="0.016"/>
  <testcase name="MultiThreaded only initializes value once[Iterations: 9,280]" classname="serie2.ex3.CounterModuloTest" time="0.013"/>
  <testcase name="MultiThreaded only initializes value once[Iterations: 9,281]" classname="serie2.ex3.CounterModuloTest" time="0.015"/>
  <testcase name="MultiThreaded only initializes value once[Iterations: 9,282]" classname="serie2.ex3.CounterModuloTest" time="0.014"/>
  <testcase name="MultiThreaded only initializes value once[Iterations: 9,283]" classname="serie2.ex3.CounterModuloTest" time="0.013"/>
  <testcase name="MultiThreaded only initializes value once[Iterations: 9,284]" classname="serie2.ex3.CounterModuloTest" time="0.014"/>
  <testcase name="MultiThreaded only initializes value once[Iterations: 9,285]" classname="serie2.ex3.CounterModuloTest" time="0.013"/>
  <testcase name="MultiThreaded only initializes value once[Iterations: 9,286]" classname="serie2.ex3.CounterModuloTest" time="0.014"/>
  <testcase name="MultiThreaded only initializes value once[Iterations: 9,287]" classname="serie2.ex3.CounterModuloTest" time="0.014"/>
  <testcase name="MultiThreaded only initializes value once[Iterations: 9,288]" classname="serie2.ex3.CounterModuloTest" time="0.013"/>
  <testcase name="MultiThreaded only initializes value once[Iterations: 9,289]" classname="serie2.ex3.CounterModuloTest" time="0.014"/>
  <testcase name="MultiThreaded only initializes value once[Iterations: 9,290]" classname="serie2.ex3.CounterModuloTest" time="0.015"/>
  <testcase name="MultiThreaded only initializes value once[Iterations: 9,291]" classname="serie2.ex3.CounterModuloTest" time="0.013"/>
  <testcase name="MultiThreaded only initializes value once[Iterations: 9,292]" classname="serie2.ex3.CounterModuloTest" time="0.014"/>
  <testcase name="MultiThreaded only initializes value once[Iterations: 9,293]" classname="serie2.ex3.CounterModuloTest" time="0.016"/>
  <testcase name="MultiThreaded only initializes value once[Iterations: 9,294]" classname="serie2.ex3.CounterModuloTest" time="0.015"/>
  <testcase name="MultiThreaded only initializes value once[Iterations: 9,295]" classname="serie2.ex3.CounterModuloTest" time="0.014"/>
  <testcase name="MultiThreaded only initializes value once[Iterations: 9,296]" classname="serie2.ex3.CounterModuloTest" time="0.013"/>
  <testcase name="MultiThreaded only initializes value once[Iterations: 9,297]" classname="serie2.ex3.CounterModuloTest" time="0.017"/>
  <testcase name="MultiThreaded only initializes value once[Iterations: 9,298]" classname="serie2.ex3.CounterModuloTest" time="0.014"/>
  <testcase name="MultiThreaded only initializes value once[Iterations: 9,299]" classname="serie2.ex3.CounterModuloTest" time="0.013"/>
  <testcase name="MultiThreaded only initializes value once[Iterations: 9,300]" classname="serie2.ex3.CounterModuloTest" time="0.014"/>
  <testcase name="MultiThreaded only initializes value once[Iterations: 9,301]" classname="serie2.ex3.CounterModuloTest" time="0.014"/>
  <testcase name="MultiThreaded only initializes value once[Iterations: 9,302]" classname="serie2.ex3.CounterModuloTest" time="0.012"/>
  <testcase name="MultiThreaded only initializes value once[Iterations: 9,303]" classname="serie2.ex3.CounterModuloTest" time="0.013"/>
  <testcase name="MultiThreaded only initializes value once[Iterations: 9,304]" classname="serie2.ex3.CounterModuloTest" time="0.013"/>
  <testcase name="MultiThreaded only initializes value once[Iterations: 9,305]" classname="serie2.ex3.CounterModuloTest" time="0.014"/>
  <testcase name="MultiThreaded only initializes value once[Iterations: 9,306]" classname="serie2.ex3.CounterModuloTest" time="0.013"/>
  <testcase name="MultiThreaded only initializes value once[Iterations: 9,307]" classname="serie2.ex3.CounterModuloTest" time="0.014"/>
  <testcase name="MultiThreaded only initializes value once[Iterations: 9,308]" classname="serie2.ex3.CounterModuloTest" time="0.014"/>
  <testcase name="MultiThreaded only initializes value once[Iterations: 9,309]" classname="serie2.ex3.CounterModuloTest" time="0.013"/>
  <testcase name="MultiThreaded only initializes value once[Iterations: 9,310]" classname="serie2.ex3.CounterModuloTest" time="0.014"/>
  <testcase name="MultiThreaded only initializes value once[Iterations: 9,311]" classname="serie2.ex3.CounterModuloTest" time="0.012"/>
  <testcase name="MultiThreaded only initializes value once[Iterations: 9,312]" classname="serie2.ex3.CounterModuloTest" time="0.014"/>
  <testcase name="MultiThreaded only initializes value once[Iterations: 9,313]" classname="serie2.ex3.CounterModuloTest" time="0.012"/>
  <testcase name="MultiThreaded only initializes value once[Iterations: 9,314]" classname="serie2.ex3.CounterModuloTest" time="0.014"/>
  <testcase name="MultiThreaded only initializes value once[Iterations: 9,315]" classname="serie2.ex3.CounterModuloTest" time="0.014"/>
  <testcase name="MultiThreaded only initializes value once[Iterations: 9,316]" classname="serie2.ex3.CounterModuloTest" time="0.014"/>
  <testcase name="MultiThreaded only initializes value once[Iterations: 9,317]" classname="serie2.ex3.CounterModuloTest" time="0.014"/>
  <testcase name="MultiThreaded only initializes value once[Iterations: 9,318]" classname="serie2.ex3.CounterModuloTest" time="0.014"/>
  <testcase name="MultiThreaded only initializes value once[Iterations: 9,319]" classname="serie2.ex3.CounterModuloTest" time="0.014"/>
  <testcase name="MultiThreaded only initializes value once[Iterations: 9,320]" classname="serie2.ex3.CounterModuloTest" time="0.013"/>
  <testcase name="MultiThreaded only initializes value once[Iterations: 9,321]" classname="serie2.ex3.CounterModuloTest" time="0.014"/>
  <testcase name="MultiThreaded only initializes value once[Iterations: 9,322]" classname="serie2.ex3.CounterModuloTest" time="0.017"/>
  <testcase name="MultiThreaded only initializes value once[Iterations: 9,323]" classname="serie2.ex3.CounterModuloTest" time="0.015"/>
  <testcase name="MultiThreaded only initializes value once[Iterations: 9,324]" classname="serie2.ex3.CounterModuloTest" time="0.013"/>
  <testcase name="MultiThreaded only initializes value once[Iterations: 9,325]" classname="serie2.ex3.CounterModuloTest" time="0.015"/>
  <testcase name="MultiThreaded only initializes value once[Iterations: 9,326]" classname="serie2.ex3.CounterModuloTest" time="0.013"/>
  <testcase name="MultiThreaded only initializes value once[Iterations: 9,327]" classname="serie2.ex3.CounterModuloTest" time="0.013"/>
  <testcase name="MultiThreaded only initializes value once[Iterations: 9,328]" classname="serie2.ex3.CounterModuloTest" time="0.013"/>
  <testcase name="MultiThreaded only initializes value once[Iterations: 9,329]" classname="serie2.ex3.CounterModuloTest" time="0.014"/>
  <testcase name="MultiThreaded only initializes value once[Iterations: 9,330]" classname="serie2.ex3.CounterModuloTest" time="0.015"/>
  <testcase name="MultiThreaded only initializes value once[Iterations: 9,331]" classname="serie2.ex3.CounterModuloTest" time="0.014"/>
  <testcase name="MultiThreaded only initializes value once[Iterations: 9,332]" classname="serie2.ex3.CounterModuloTest" time="0.015"/>
  <testcase name="MultiThreaded only initializes value once[Iterations: 9,333]" classname="serie2.ex3.CounterModuloTest" time="0.014"/>
  <testcase name="MultiThreaded only initializes value once[Iterations: 9,334]" classname="serie2.ex3.CounterModuloTest" time="0.013"/>
  <testcase name="MultiThreaded only initializes value once[Iterations: 9,335]" classname="serie2.ex3.CounterModuloTest" time="0.013"/>
  <testcase name="MultiThreaded only initializes value once[Iterations: 9,336]" classname="serie2.ex3.CounterModuloTest" time="0.014"/>
  <testcase name="MultiThreaded only initializes value once[Iterations: 9,337]" classname="serie2.ex3.CounterModuloTest" time="0.014"/>
  <testcase name="MultiThreaded only initializes value once[Iterations: 9,338]" classname="serie2.ex3.CounterModuloTest" time="0.014"/>
  <testcase name="MultiThreaded only initializes value once[Iterations: 9,339]" classname="serie2.ex3.CounterModuloTest" time="0.013"/>
  <testcase name="MultiThreaded only initializes value once[Iterations: 9,340]" classname="serie2.ex3.CounterModuloTest" time="0.015"/>
  <testcase name="MultiThreaded only initializes value once[Iterations: 9,341]" classname="serie2.ex3.CounterModuloTest" time="0.013"/>
  <testcase name="MultiThreaded only initializes value once[Iterations: 9,342]" classname="serie2.ex3.CounterModuloTest" time="0.013"/>
  <testcase name="MultiThreaded only initializes value once[Iterations: 9,343]" classname="serie2.ex3.CounterModuloTest" time="0.014"/>
  <testcase name="MultiThreaded only initializes value once[Iterations: 9,344]" classname="serie2.ex3.CounterModuloTest" time="0.012"/>
  <testcase name="MultiThreaded only initializes value once[Iterations: 9,345]" classname="serie2.ex3.CounterModuloTest" time="0.015"/>
  <testcase name="MultiThreaded only initializes value once[Iterations: 9,346]" classname="serie2.ex3.CounterModuloTest" time="0.014"/>
  <testcase name="MultiThreaded only initializes value once[Iterations: 9,347]" classname="serie2.ex3.CounterModuloTest" time="0.014"/>
  <testcase name="MultiThreaded only initializes value once[Iterations: 9,348]" classname="serie2.ex3.CounterModuloTest" time="0.015"/>
  <testcase name="MultiThreaded only initializes value once[Iterations: 9,349]" classname="serie2.ex3.CounterModuloTest" time="0.015"/>
  <testcase name="MultiThreaded only initializes value once[Iterations: 9,350]" classname="serie2.ex3.CounterModuloTest" time="0.014"/>
  <testcase name="MultiThreaded only initializes value once[Iterations: 9,351]" classname="serie2.ex3.CounterModuloTest" time="0.013"/>
  <testcase name="MultiThreaded only initializes value once[Iterations: 9,352]" classname="serie2.ex3.CounterModuloTest" time="0.014"/>
  <testcase name="MultiThreaded only initializes value once[Iterations: 9,353]" classname="serie2.ex3.CounterModuloTest" time="0.014"/>
  <testcase name="MultiThreaded only initializes value once[Iterations: 9,354]" classname="serie2.ex3.CounterModuloTest" time="0.014"/>
  <testcase name="MultiThreaded only initializes value once[Iterations: 9,355]" classname="serie2.ex3.CounterModuloTest" time="0.014"/>
  <testcase name="MultiThreaded only initializes value once[Iterations: 9,356]" classname="serie2.ex3.CounterModuloTest" time="0.013"/>
  <testcase name="MultiThreaded only initializes value once[Iterations: 9,357]" classname="serie2.ex3.CounterModuloTest" time="0.014"/>
  <testcase name="MultiThreaded only initializes value once[Iterations: 9,358]" classname="serie2.ex3.CounterModuloTest" time="0.013"/>
  <testcase name="MultiThreaded only initializes value once[Iterations: 9,359]" classname="serie2.ex3.CounterModuloTest" time="0.012"/>
  <testcase name="MultiThreaded only initializes value once[Iterations: 9,360]" classname="serie2.ex3.CounterModuloTest" time="0.014"/>
  <testcase name="MultiThreaded only initializes value once[Iterations: 9,361]" classname="serie2.ex3.CounterModuloTest" time="0.014"/>
  <testcase name="MultiThreaded only initializes value once[Iterations: 9,362]" classname="serie2.ex3.CounterModuloTest" time="0.014"/>
  <testcase name="MultiThreaded only initializes value once[Iterations: 9,363]" classname="serie2.ex3.CounterModuloTest" time="0.014"/>
  <testcase name="MultiThreaded only initializes value once[Iterations: 9,364]" classname="serie2.ex3.CounterModuloTest" time="0.013"/>
  <testcase name="MultiThreaded only initializes value once[Iterations: 9,365]" classname="serie2.ex3.CounterModuloTest" time="0.014"/>
  <testcase name="MultiThreaded only initializes value once[Iterations: 9,366]" classname="serie2.ex3.CounterModuloTest" time="0.014"/>
  <testcase name="MultiThreaded only initializes value once[Iterations: 9,367]" classname="serie2.ex3.CounterModuloTest" time="0.013"/>
  <testcase name="MultiThreaded only initializes value once[Iterations: 9,368]" classname="serie2.ex3.CounterModuloTest" time="0.013"/>
  <testcase name="MultiThreaded only initializes value once[Iterations: 9,369]" classname="serie2.ex3.CounterModuloTest" time="0.014"/>
  <testcase name="MultiThreaded only initializes value once[Iterations: 9,370]" classname="serie2.ex3.CounterModuloTest" time="0.015"/>
  <testcase name="MultiThreaded only initializes value once[Iterations: 9,371]" classname="serie2.ex3.CounterModuloTest" time="0.013"/>
  <testcase name="MultiThreaded only initializes value once[Iterations: 9,372]" classname="serie2.ex3.CounterModuloTest" time="0.015"/>
  <testcase name="MultiThreaded only initializes value once[Iterations: 9,373]" classname="serie2.ex3.CounterModuloTest" time="0.016"/>
  <testcase name="MultiThreaded only initializes value once[Iterations: 9,374]" classname="serie2.ex3.CounterModuloTest" time="0.014"/>
  <testcase name="MultiThreaded only initializes value once[Iterations: 9,375]" classname="serie2.ex3.CounterModuloTest" time="0.014"/>
  <testcase name="MultiThreaded only initializes value once[Iterations: 9,376]" classname="serie2.ex3.CounterModuloTest" time="0.014"/>
  <testcase name="MultiThreaded only initializes value once[Iterations: 9,377]" classname="serie2.ex3.CounterModuloTest" time="0.017"/>
  <testcase name="MultiThreaded only initializes value once[Iterations: 9,378]" classname="serie2.ex3.CounterModuloTest" time="0.013"/>
  <testcase name="MultiThreaded only initializes value once[Iterations: 9,379]" classname="serie2.ex3.CounterModuloTest" time="0.013"/>
  <testcase name="MultiThreaded only initializes value once[Iterations: 9,380]" classname="serie2.ex3.CounterModuloTest" time="0.013"/>
  <testcase name="MultiThreaded only initializes value once[Iterations: 9,381]" classname="serie2.ex3.CounterModuloTest" time="0.014"/>
  <testcase name="MultiThreaded only initializes value once[Iterations: 9,382]" classname="serie2.ex3.CounterModuloTest" time="0.014"/>
  <testcase name="MultiThreaded only initializes value once[Iterations: 9,383]" classname="serie2.ex3.CounterModuloTest" time="0.012"/>
  <testcase name="MultiThreaded only initializes value once[Iterations: 9,384]" classname="serie2.ex3.CounterModuloTest" time="0.014"/>
  <testcase name="MultiThreaded only initializes value once[Iterations: 9,385]" classname="serie2.ex3.CounterModuloTest" time="0.015"/>
  <testcase name="MultiThreaded only initializes value once[Iterations: 9,386]" classname="serie2.ex3.CounterModuloTest" time="0.013"/>
  <testcase name="MultiThreaded only initializes value once[Iterations: 9,387]" classname="serie2.ex3.CounterModuloTest" time="0.024"/>
  <testcase name="MultiThreaded only initializes value once[Iterations: 9,388]" classname="serie2.ex3.CounterModuloTest" time="0.015"/>
  <testcase name="MultiThreaded only initializes value once[Iterations: 9,389]" classname="serie2.ex3.CounterModuloTest" time="0.014"/>
  <testcase name="MultiThreaded only initializes value once[Iterations: 9,390]" classname="serie2.ex3.CounterModuloTest" time="0.015"/>
  <testcase name="MultiThreaded only initializes value once[Iterations: 9,391]" classname="serie2.ex3.CounterModuloTest" time="0.014"/>
  <testcase name="MultiThreaded only initializes value once[Iterations: 9,392]" classname="serie2.ex3.CounterModuloTest" time="0.014"/>
  <testcase name="MultiThreaded only initializes value once[Iterations: 9,393]" classname="serie2.ex3.CounterModuloTest" time="0.014"/>
  <testcase name="MultiThreaded only initializes value once[Iterations: 9,394]" classname="serie2.ex3.CounterModuloTest" time="0.013"/>
  <testcase name="MultiThreaded only initializes value once[Iterations: 9,395]" classname="serie2.ex3.CounterModuloTest" time="0.014"/>
  <testcase name="MultiThreaded only initializes value once[Iterations: 9,396]" classname="serie2.ex3.CounterModuloTest" time="0.014"/>
  <testcase name="MultiThreaded only initializes value once[Iterations: 9,397]" classname="serie2.ex3.CounterModuloTest" time="0.013"/>
  <testcase name="MultiThreaded only initializes value once[Iterations: 9,398]" classname="serie2.ex3.CounterModuloTest" time="0.02"/>
  <testcase name="MultiThreaded only initializes value once[Iterations: 9,399]" classname="serie2.ex3.CounterModuloTest" time="0.014"/>
  <testcase name="MultiThreaded only initializes value once[Iterations: 9,400]" classname="serie2.ex3.CounterModuloTest" time="0.015"/>
  <testcase name="MultiThreaded only initializes value once[Iterations: 9,401]" classname="serie2.ex3.CounterModuloTest" time="0.013"/>
  <testcase name="MultiThreaded only initializes value once[Iterations: 9,402]" classname="serie2.ex3.CounterModuloTest" time="0.014"/>
  <testcase name="MultiThreaded only initializes value once[Iterations: 9,403]" classname="serie2.ex3.CounterModuloTest" time="0.014"/>
  <testcase name="MultiThreaded only initializes value once[Iterations: 9,404]" classname="serie2.ex3.CounterModuloTest" time="0.014"/>
  <testcase name="MultiThreaded only initializes value once[Iterations: 9,405]" classname="serie2.ex3.CounterModuloTest" time="0.014"/>
  <testcase name="MultiThreaded only initializes value once[Iterations: 9,406]" classname="serie2.ex3.CounterModuloTest" time="0.014"/>
  <testcase name="MultiThreaded only initializes value once[Iterations: 9,407]" classname="serie2.ex3.CounterModuloTest" time="0.015"/>
  <testcase name="MultiThreaded only initializes value once[Iterations: 9,408]" classname="serie2.ex3.CounterModuloTest" time="0.014"/>
  <testcase name="MultiThreaded only initializes value once[Iterations: 9,409]" classname="serie2.ex3.CounterModuloTest" time="0.014"/>
  <testcase name="MultiThreaded only initializes value once[Iterations: 9,410]" classname="serie2.ex3.CounterModuloTest" time="0.014"/>
  <testcase name="MultiThreaded only initializes value once[Iterations: 9,411]" classname="serie2.ex3.CounterModuloTest" time="0.012"/>
  <testcase name="MultiThreaded only initializes value once[Iterations: 9,412]" classname="serie2.ex3.CounterModuloTest" time="0.014"/>
  <testcase name="MultiThreaded only initializes value once[Iterations: 9,413]" classname="serie2.ex3.CounterModuloTest" time="0.014"/>
  <testcase name="MultiThreaded only initializes value once[Iterations: 9,414]" classname="serie2.ex3.CounterModuloTest" time="0.013"/>
  <testcase name="MultiThreaded only initializes value once[Iterations: 9,415]" classname="serie2.ex3.CounterModuloTest" time="0.014"/>
  <testcase name="MultiThreaded only initializes value once[Iterations: 9,416]" classname="serie2.ex3.CounterModuloTest" time="0.014"/>
  <testcase name="MultiThreaded only initializes value once[Iterations: 9,417]" classname="serie2.ex3.CounterModuloTest" time="0.013"/>
  <testcase name="MultiThreaded only initializes value once[Iterations: 9,418]" classname="serie2.ex3.CounterModuloTest" time="0.014"/>
  <testcase name="MultiThreaded only initializes value once[Iterations: 9,419]" classname="serie2.ex3.CounterModuloTest" time="0.013"/>
  <testcase name="MultiThreaded only initializes value once[Iterations: 9,420]" classname="serie2.ex3.CounterModuloTest" time="0.013"/>
  <testcase name="MultiThreaded only initializes value once[Iterations: 9,421]" classname="serie2.ex3.CounterModuloTest" time="0.013"/>
  <testcase name="MultiThreaded only initializes value once[Iterations: 9,422]" classname="serie2.ex3.CounterModuloTest" time="0.014"/>
  <testcase name="MultiThreaded only initializes value once[Iterations: 9,423]" classname="serie2.ex3.CounterModuloTest" time="0.014"/>
  <testcase name="MultiThreaded only initializes value once[Iterations: 9,424]" classname="serie2.ex3.CounterModuloTest" time="0.015"/>
  <testcase name="MultiThreaded only initializes value once[Iterations: 9,425]" classname="serie2.ex3.CounterModuloTest" time="0.014"/>
  <testcase name="MultiThreaded only initializes value once[Iterations: 9,426]" classname="serie2.ex3.CounterModuloTest" time="0.014"/>
  <testcase name="MultiThreaded only initializes value once[Iterations: 9,427]" classname="serie2.ex3.CounterModuloTest" time="0.013"/>
  <testcase name="MultiThreaded only initializes value once[Iterations: 9,428]" classname="serie2.ex3.CounterModuloTest" time="0.014"/>
  <testcase name="MultiThreaded only initializes value once[Iterations: 9,429]" classname="serie2.ex3.CounterModuloTest" time="0.015"/>
  <testcase name="MultiThreaded only initializes value once[Iterations: 9,430]" classname="serie2.ex3.CounterModuloTest" time="0.014"/>
  <testcase name="MultiThreaded only initializes value once[Iterations: 9,431]" classname="serie2.ex3.CounterModuloTest" time="0.014"/>
  <testcase name="MultiThreaded only initializes value once[Iterations: 9,432]" classname="serie2.ex3.CounterModuloTest" time="0.013"/>
  <testcase name="MultiThreaded only initializes value once[Iterations: 9,433]" classname="serie2.ex3.CounterModuloTest" time="0.014"/>
  <testcase name="MultiThreaded only initializes value once[Iterations: 9,434]" classname="serie2.ex3.CounterModuloTest" time="0.013"/>
  <testcase name="MultiThreaded only initializes value once[Iterations: 9,435]" classname="serie2.ex3.CounterModuloTest" time="0.013"/>
  <testcase name="MultiThreaded only initializes value once[Iterations: 9,436]" classname="serie2.ex3.CounterModuloTest" time="0.014"/>
  <testcase name="MultiThreaded only initializes value once[Iterations: 9,437]" classname="serie2.ex3.CounterModuloTest" time="0.015"/>
  <testcase name="MultiThreaded only initializes value once[Iterations: 9,438]" classname="serie2.ex3.CounterModuloTest" time="0.015"/>
  <testcase name="MultiThreaded only initializes value once[Iterations: 9,439]" classname="serie2.ex3.CounterModuloTest" time="0.013"/>
  <testcase name="MultiThreaded only initializes value once[Iterations: 9,440]" classname="serie2.ex3.CounterModuloTest" time="0.014"/>
  <testcase name="MultiThreaded only initializes value once[Iterations: 9,441]" classname="serie2.ex3.CounterModuloTest" time="0.013"/>
  <testcase name="MultiThreaded only initializes value once[Iterations: 9,442]" classname="serie2.ex3.CounterModuloTest" time="0.014"/>
  <testcase name="MultiThreaded only initializes value once[Iterations: 9,443]" classname="serie2.ex3.CounterModuloTest" time="0.013"/>
  <testcase name="MultiThreaded only initializes value once[Iterations: 9,444]" classname="serie2.ex3.CounterModuloTest" time="0.015"/>
  <testcase name="MultiThreaded only initializes value once[Iterations: 9,445]" classname="serie2.ex3.CounterModuloTest" time="0.014"/>
  <testcase name="MultiThreaded only initializes value once[Iterations: 9,446]" classname="serie2.ex3.CounterModuloTest" time="0.014"/>
  <testcase name="MultiThreaded only initializes value once[Iterations: 9,447]" classname="serie2.ex3.CounterModuloTest" time="0.014"/>
  <testcase name="MultiThreaded only initializes value once[Iterations: 9,448]" classname="serie2.ex3.CounterModuloTest" time="0.013"/>
  <testcase name="MultiThreaded only initializes value once[Iterations: 9,449]" classname="serie2.ex3.CounterModuloTest" time="0.013"/>
  <testcase name="MultiThreaded only initializes value once[Iterations: 9,450]" classname="serie2.ex3.CounterModuloTest" time="0.013"/>
  <testcase name="MultiThreaded only initializes value once[Iterations: 9,451]" classname="serie2.ex3.CounterModuloTest" time="0.017"/>
  <testcase name="MultiThreaded only initializes value once[Iterations: 9,452]" classname="serie2.ex3.CounterModuloTest" time="0.014"/>
  <testcase name="MultiThreaded only initializes value once[Iterations: 9,453]" classname="serie2.ex3.CounterModuloTest" time="0.014"/>
  <testcase name="MultiThreaded only initializes value once[Iterations: 9,454]" classname="serie2.ex3.CounterModuloTest" time="0.013"/>
  <testcase name="MultiThreaded only initializes value once[Iterations: 9,455]" classname="serie2.ex3.CounterModuloTest" time="0.013"/>
  <testcase name="MultiThreaded only initializes value once[Iterations: 9,456]" classname="serie2.ex3.CounterModuloTest" time="0.014"/>
  <testcase name="MultiThreaded only initializes value once[Iterations: 9,457]" classname="serie2.ex3.CounterModuloTest" time="0.013"/>
  <testcase name="MultiThreaded only initializes value once[Iterations: 9,458]" classname="serie2.ex3.CounterModuloTest" time="0.015"/>
  <testcase name="MultiThreaded only initializes value once[Iterations: 9,459]" classname="serie2.ex3.CounterModuloTest" time="0.013"/>
  <testcase name="MultiThreaded only initializes value once[Iterations: 9,460]" classname="serie2.ex3.CounterModuloTest" time="0.015"/>
  <testcase name="MultiThreaded only initializes value once[Iterations: 9,461]" classname="serie2.ex3.CounterModuloTest" time="0.014"/>
  <testcase name="MultiThreaded only initializes value once[Iterations: 9,462]" classname="serie2.ex3.CounterModuloTest" time="0.013"/>
  <testcase name="MultiThreaded only initializes value once[Iterations: 9,463]" classname="serie2.ex3.CounterModuloTest" time="0.013"/>
  <testcase name="MultiThreaded only initializes value once[Iterations: 9,464]" classname="serie2.ex3.CounterModuloTest" time="0.014"/>
  <testcase name="MultiThreaded only initializes value once[Iterations: 9,465]" classname="serie2.ex3.CounterModuloTest" time="0.013"/>
  <testcase name="MultiThreaded only initializes value once[Iterations: 9,466]" classname="serie2.ex3.CounterModuloTest" time="0.013"/>
  <testcase name="MultiThreaded only initializes value once[Iterations: 9,467]" classname="serie2.ex3.CounterModuloTest" time="0.013"/>
  <testcase name="MultiThreaded only initializes value once[Iterations: 9,468]" classname="serie2.ex3.CounterModuloTest" time="0.014"/>
  <testcase name="MultiThreaded only initializes value once[Iterations: 9,469]" classname="serie2.ex3.CounterModuloTest" time="0.015"/>
  <testcase name="MultiThreaded only initializes value once[Iterations: 9,470]" classname="serie2.ex3.CounterModuloTest" time="0.014"/>
  <testcase name="MultiThreaded only initializes value once[Iterations: 9,471]" classname="serie2.ex3.CounterModuloTest" time="0.014"/>
  <testcase name="MultiThreaded only initializes value once[Iterations: 9,472]" classname="serie2.ex3.CounterModuloTest" time="0.013"/>
  <testcase name="MultiThreaded only initializes value once[Iterations: 9,473]" classname="serie2.ex3.CounterModuloTest" time="0.015"/>
  <testcase name="MultiThreaded only initializes value once[Iterations: 9,474]" classname="serie2.ex3.CounterModuloTest" time="0.014"/>
  <testcase name="MultiThreaded only initializes value once[Iterations: 9,475]" classname="serie2.ex3.CounterModuloTest" time="0.014"/>
  <testcase name="MultiThreaded only initializes value once[Iterations: 9,476]" classname="serie2.ex3.CounterModuloTest" time="0.015"/>
  <testcase name="MultiThreaded only initializes value once[Iterations: 9,477]" classname="serie2.ex3.CounterModuloTest" time="0.013"/>
  <testcase name="MultiThreaded only initializes value once[Iterations: 9,478]" classname="serie2.ex3.CounterModuloTest" time="0.015"/>
  <testcase name="MultiThreaded only initializes value once[Iterations: 9,479]" classname="serie2.ex3.CounterModuloTest" time="0.013"/>
  <testcase name="MultiThreaded only initializes value once[Iterations: 9,480]" classname="serie2.ex3.CounterModuloTest" time="0.013"/>
  <testcase name="MultiThreaded only initializes value once[Iterations: 9,481]" classname="serie2.ex3.CounterModuloTest" time="0.014"/>
  <testcase name="MultiThreaded only initializes value once[Iterations: 9,482]" classname="serie2.ex3.CounterModuloTest" time="0.012"/>
  <testcase name="MultiThreaded only initializes value once[Iterations: 9,483]" classname="serie2.ex3.CounterModuloTest" time="0.014"/>
  <testcase name="MultiThreaded only initializes value once[Iterations: 9,484]" classname="serie2.ex3.CounterModuloTest" time="0.015"/>
  <testcase name="MultiThreaded only initializes value once[Iterations: 9,485]" classname="serie2.ex3.CounterModuloTest" time="0.013"/>
  <testcase name="MultiThreaded only initializes value once[Iterations: 9,486]" classname="serie2.ex3.CounterModuloTest" time="0.015"/>
  <testcase name="MultiThreaded only initializes value once[Iterations: 9,487]" classname="serie2.ex3.CounterModuloTest" time="0.013"/>
  <testcase name="MultiThreaded only initializes value once[Iterations: 9,488]" classname="serie2.ex3.CounterModuloTest" time="0.014"/>
  <testcase name="MultiThreaded only initializes value once[Iterations: 9,489]" classname="serie2.ex3.CounterModuloTest" time="0.014"/>
  <testcase name="MultiThreaded only initializes value once[Iterations: 9,490]" classname="serie2.ex3.CounterModuloTest" time="0.016"/>
  <testcase name="MultiThreaded only initializes value once[Iterations: 9,491]" classname="serie2.ex3.CounterModuloTest" time="0.015"/>
  <testcase name="MultiThreaded only initializes value once[Iterations: 9,492]" classname="serie2.ex3.CounterModuloTest" time="0.016"/>
  <testcase name="MultiThreaded only initializes value once[Iterations: 9,493]" classname="serie2.ex3.CounterModuloTest" time="0.014"/>
  <testcase name="MultiThreaded only initializes value once[Iterations: 9,494]" classname="serie2.ex3.CounterModuloTest" time="0.014"/>
  <testcase name="MultiThreaded only initializes value once[Iterations: 9,495]" classname="serie2.ex3.CounterModuloTest" time="0.014"/>
  <testcase name="MultiThreaded only initializes value once[Iterations: 9,496]" classname="serie2.ex3.CounterModuloTest" time="0.014"/>
  <testcase name="MultiThreaded only initializes value once[Iterations: 9,497]" classname="serie2.ex3.CounterModuloTest" time="0.013"/>
  <testcase name="MultiThreaded only initializes value once[Iterations: 9,498]" classname="serie2.ex3.CounterModuloTest" time="0.014"/>
  <testcase name="MultiThreaded only initializes value once[Iterations: 9,499]" classname="serie2.ex3.CounterModuloTest" time="0.014"/>
  <testcase name="MultiThreaded only initializes value once[Iterations: 9,500]" classname="serie2.ex3.CounterModuloTest" time="0.014"/>
  <testcase name="MultiThreaded only initializes value once[Iterations: 9,501]" classname="serie2.ex3.CounterModuloTest" time="0.013"/>
  <testcase name="MultiThreaded only initializes value once[Iterations: 9,502]" classname="serie2.ex3.CounterModuloTest" time="0.014"/>
  <testcase name="MultiThreaded only initializes value once[Iterations: 9,503]" classname="serie2.ex3.CounterModuloTest" time="0.014"/>
  <testcase name="MultiThreaded only initializes value once[Iterations: 9,504]" classname="serie2.ex3.CounterModuloTest" time="0.014"/>
  <testcase name="MultiThreaded only initializes value once[Iterations: 9,505]" classname="serie2.ex3.CounterModuloTest" time="0.014"/>
  <testcase name="MultiThreaded only initializes value once[Iterations: 9,506]" classname="serie2.ex3.CounterModuloTest" time="0.013"/>
  <testcase name="MultiThreaded only initializes value once[Iterations: 9,507]" classname="serie2.ex3.CounterModuloTest" time="0.015"/>
  <testcase name="MultiThreaded only initializes value once[Iterations: 9,508]" classname="serie2.ex3.CounterModuloTest" time="0.015"/>
  <testcase name="MultiThreaded only initializes value once[Iterations: 9,509]" classname="serie2.ex3.CounterModuloTest" time="0.02"/>
  <testcase name="MultiThreaded only initializes value once[Iterations: 9,510]" classname="serie2.ex3.CounterModuloTest" time="0.014"/>
  <testcase name="MultiThreaded only initializes value once[Iterations: 9,511]" classname="serie2.ex3.CounterModuloTest" time="0.012"/>
  <testcase name="MultiThreaded only initializes value once[Iterations: 9,512]" classname="serie2.ex3.CounterModuloTest" time="0.014"/>
  <testcase name="MultiThreaded only initializes value once[Iterations: 9,513]" classname="serie2.ex3.CounterModuloTest" time="0.016"/>
  <testcase name="MultiThreaded only initializes value once[Iterations: 9,514]" classname="serie2.ex3.CounterModuloTest" time="0.013"/>
  <testcase name="MultiThreaded only initializes value once[Iterations: 9,515]" classname="serie2.ex3.CounterModuloTest" time="0.015"/>
  <testcase name="MultiThreaded only initializes value once[Iterations: 9,516]" classname="serie2.ex3.CounterModuloTest" time="0.013"/>
  <testcase name="MultiThreaded only initializes value once[Iterations: 9,517]" classname="serie2.ex3.CounterModuloTest" time="0.015"/>
  <testcase name="MultiThreaded only initializes value once[Iterations: 9,518]" classname="serie2.ex3.CounterModuloTest" time="0.014"/>
  <testcase name="MultiThreaded only initializes value once[Iterations: 9,519]" classname="serie2.ex3.CounterModuloTest" time="0.013"/>
  <testcase name="MultiThreaded only initializes value once[Iterations: 9,520]" classname="serie2.ex3.CounterModuloTest" time="0.012"/>
  <testcase name="MultiThreaded only initializes value once[Iterations: 9,521]" classname="serie2.ex3.CounterModuloTest" time="0.015"/>
  <testcase name="MultiThreaded only initializes value once[Iterations: 9,522]" classname="serie2.ex3.CounterModuloTest" time="0.016"/>
  <testcase name="MultiThreaded only initializes value once[Iterations: 9,523]" classname="serie2.ex3.CounterModuloTest" time="0.015"/>
  <testcase name="MultiThreaded only initializes value once[Iterations: 9,524]" classname="serie2.ex3.CounterModuloTest" time="0.013"/>
  <testcase name="MultiThreaded only initializes value once[Iterations: 9,525]" classname="serie2.ex3.CounterModuloTest" time="0.015"/>
  <testcase name="MultiThreaded only initializes value once[Iterations: 9,526]" classname="serie2.ex3.CounterModuloTest" time="0.015"/>
  <testcase name="MultiThreaded only initializes value once[Iterations: 9,527]" classname="serie2.ex3.CounterModuloTest" time="0.015"/>
  <testcase name="MultiThreaded only initializes value once[Iterations: 9,528]" classname="serie2.ex3.CounterModuloTest" time="0.014"/>
  <testcase name="MultiThreaded only initializes value once[Iterations: 9,529]" classname="serie2.ex3.CounterModuloTest" time="0.015"/>
  <testcase name="MultiThreaded only initializes value once[Iterations: 9,530]" classname="serie2.ex3.CounterModuloTest" time="0.013"/>
  <testcase name="MultiThreaded only initializes value once[Iterations: 9,531]" classname="serie2.ex3.CounterModuloTest" time="0.015"/>
  <testcase name="MultiThreaded only initializes value once[Iterations: 9,532]" classname="serie2.ex3.CounterModuloTest" time="0.014"/>
  <testcase name="MultiThreaded only initializes value once[Iterations: 9,533]" classname="serie2.ex3.CounterModuloTest" time="0.015"/>
  <testcase name="MultiThreaded only initializes value once[Iterations: 9,534]" classname="serie2.ex3.CounterModuloTest" time="0.014"/>
  <testcase name="MultiThreaded only initializes value once[Iterations: 9,535]" classname="serie2.ex3.CounterModuloTest" time="0.015"/>
  <testcase name="MultiThreaded only initializes value once[Iterations: 9,536]" classname="serie2.ex3.CounterModuloTest" time="0.013"/>
  <testcase name="MultiThreaded only initializes value once[Iterations: 9,537]" classname="serie2.ex3.CounterModuloTest" time="0.014"/>
  <testcase name="MultiThreaded only initializes value once[Iterations: 9,538]" classname="serie2.ex3.CounterModuloTest" time="0.014"/>
  <testcase name="MultiThreaded only initializes value once[Iterations: 9,539]" classname="serie2.ex3.CounterModuloTest" time="0.014"/>
  <testcase name="MultiThreaded only initializes value once[Iterations: 9,540]" classname="serie2.ex3.CounterModuloTest" time="0.014"/>
  <testcase name="MultiThreaded only initializes value once[Iterations: 9,541]" classname="serie2.ex3.CounterModuloTest" time="0.014"/>
  <testcase name="MultiThreaded only initializes value once[Iterations: 9,542]" classname="serie2.ex3.CounterModuloTest" time="0.014"/>
  <testcase name="MultiThreaded only initializes value once[Iterations: 9,543]" classname="serie2.ex3.CounterModuloTest" time="0.014"/>
  <testcase name="MultiThreaded only initializes value once[Iterations: 9,544]" classname="serie2.ex3.CounterModuloTest" time="0.013"/>
  <testcase name="MultiThreaded only initializes value once[Iterations: 9,545]" classname="serie2.ex3.CounterModuloTest" time="0.014"/>
  <testcase name="MultiThreaded only initializes value once[Iterations: 9,546]" classname="serie2.ex3.CounterModuloTest" time="0.016"/>
  <testcase name="MultiThreaded only initializes value once[Iterations: 9,547]" classname="serie2.ex3.CounterModuloTest" time="0.015"/>
  <testcase name="MultiThreaded only initializes value once[Iterations: 9,548]" classname="serie2.ex3.CounterModuloTest" time="0.013"/>
  <testcase name="MultiThreaded only initializes value once[Iterations: 9,549]" classname="serie2.ex3.CounterModuloTest" time="0.015"/>
  <testcase name="MultiThreaded only initializes value once[Iterations: 9,550]" classname="serie2.ex3.CounterModuloTest" time="0.014"/>
  <testcase name="MultiThreaded only initializes value once[Iterations: 9,551]" classname="serie2.ex3.CounterModuloTest" time="0.014"/>
  <testcase name="MultiThreaded only initializes value once[Iterations: 9,552]" classname="serie2.ex3.CounterModuloTest" time="0.013"/>
  <testcase name="MultiThreaded only initializes value once[Iterations: 9,553]" classname="serie2.ex3.CounterModuloTest" time="0.016"/>
  <testcase name="MultiThreaded only initializes value once[Iterations: 9,554]" classname="serie2.ex3.CounterModuloTest" time="0.014"/>
  <testcase name="MultiThreaded only initializes value once[Iterations: 9,555]" classname="serie2.ex3.CounterModuloTest" time="0.015"/>
  <testcase name="MultiThreaded only initializes value once[Iterations: 9,556]" classname="serie2.ex3.CounterModuloTest" time="0.014"/>
  <testcase name="MultiThreaded only initializes value once[Iterations: 9,557]" classname="serie2.ex3.CounterModuloTest" time="0.014"/>
  <testcase name="MultiThreaded only initializes value once[Iterations: 9,558]" classname="serie2.ex3.CounterModuloTest" time="0.015"/>
  <testcase name="MultiThreaded only initializes value once[Iterations: 9,559]" classname="serie2.ex3.CounterModuloTest" time="0.015"/>
  <testcase name="MultiThreaded only initializes value once[Iterations: 9,560]" classname="serie2.ex3.CounterModuloTest" time="0.014"/>
  <testcase name="MultiThreaded only initializes value once[Iterations: 9,561]" classname="serie2.ex3.CounterModuloTest" time="0.014"/>
  <testcase name="MultiThreaded only initializes value once[Iterations: 9,562]" classname="serie2.ex3.CounterModuloTest" time="0.014"/>
  <testcase name="MultiThreaded only initializes value once[Iterations: 9,563]" classname="serie2.ex3.CounterModuloTest" time="0.015"/>
  <testcase name="MultiThreaded only initializes value once[Iterations: 9,564]" classname="serie2.ex3.CounterModuloTest" time="0.015"/>
  <testcase name="MultiThreaded only initializes value once[Iterations: 9,565]" classname="serie2.ex3.CounterModuloTest" time="0.014"/>
  <testcase name="MultiThreaded only initializes value once[Iterations: 9,566]" classname="serie2.ex3.CounterModuloTest" time="0.012"/>
  <testcase name="MultiThreaded only initializes value once[Iterations: 9,567]" classname="serie2.ex3.CounterModuloTest" time="0.015"/>
  <testcase name="MultiThreaded only initializes value once[Iterations: 9,568]" classname="serie2.ex3.CounterModuloTest" time="0.015"/>
  <testcase name="MultiThreaded only initializes value once[Iterations: 9,569]" classname="serie2.ex3.CounterModuloTest" time="0.014"/>
  <testcase name="MultiThreaded only initializes value once[Iterations: 9,570]" classname="serie2.ex3.CounterModuloTest" time="0.013"/>
  <testcase name="MultiThreaded only initializes value once[Iterations: 9,571]" classname="serie2.ex3.CounterModuloTest" time="0.015"/>
  <testcase name="MultiThreaded only initializes value once[Iterations: 9,572]" classname="serie2.ex3.CounterModuloTest" time="0.014"/>
  <testcase name="MultiThreaded only initializes value once[Iterations: 9,573]" classname="serie2.ex3.CounterModuloTest" time="0.015"/>
  <testcase name="MultiThreaded only initializes value once[Iterations: 9,574]" classname="serie2.ex3.CounterModuloTest" time="0.013"/>
  <testcase name="MultiThreaded only initializes value once[Iterations: 9,575]" classname="serie2.ex3.CounterModuloTest" time="0.015"/>
  <testcase name="MultiThreaded only initializes value once[Iterations: 9,576]" classname="serie2.ex3.CounterModuloTest" time="0.014"/>
  <testcase name="MultiThreaded only initializes value once[Iterations: 9,577]" classname="serie2.ex3.CounterModuloTest" time="0.014"/>
  <testcase name="MultiThreaded only initializes value once[Iterations: 9,578]" classname="serie2.ex3.CounterModuloTest" time="0.014"/>
  <testcase name="MultiThreaded only initializes value once[Iterations: 9,579]" classname="serie2.ex3.CounterModuloTest" time="0.014"/>
  <testcase name="MultiThreaded only initializes value once[Iterations: 9,580]" classname="serie2.ex3.CounterModuloTest" time="0.014"/>
  <testcase name="MultiThreaded only initializes value once[Iterations: 9,581]" classname="serie2.ex3.CounterModuloTest" time="0.015"/>
  <testcase name="MultiThreaded only initializes value once[Iterations: 9,582]" classname="serie2.ex3.CounterModuloTest" time="0.014"/>
  <testcase name="MultiThreaded only initializes value once[Iterations: 9,583]" classname="serie2.ex3.CounterModuloTest" time="0.015"/>
  <testcase name="MultiThreaded only initializes value once[Iterations: 9,584]" classname="serie2.ex3.CounterModuloTest" time="0.016"/>
  <testcase name="MultiThreaded only initializes value once[Iterations: 9,585]" classname="serie2.ex3.CounterModuloTest" time="0.013"/>
  <testcase name="MultiThreaded only initializes value once[Iterations: 9,586]" classname="serie2.ex3.CounterModuloTest" time="0.016"/>
  <testcase name="MultiThreaded only initializes value once[Iterations: 9,587]" classname="serie2.ex3.CounterModuloTest" time="0.013"/>
  <testcase name="MultiThreaded only initializes value once[Iterations: 9,588]" classname="serie2.ex3.CounterModuloTest" time="0.014"/>
  <testcase name="MultiThreaded only initializes value once[Iterations: 9,589]" classname="serie2.ex3.CounterModuloTest" time="0.013"/>
  <testcase name="MultiThreaded only initializes value once[Iterations: 9,590]" classname="serie2.ex3.CounterModuloTest" time="0.015"/>
  <testcase name="MultiThreaded only initializes value once[Iterations: 9,591]" classname="serie2.ex3.CounterModuloTest" time="0.014"/>
  <testcase name="MultiThreaded only initializes value once[Iterations: 9,592]" classname="serie2.ex3.CounterModuloTest" time="0.015"/>
  <testcase name="MultiThreaded only initializes value once[Iterations: 9,593]" classname="serie2.ex3.CounterModuloTest" time="0.014"/>
  <testcase name="MultiThreaded only initializes value once[Iterations: 9,594]" classname="serie2.ex3.CounterModuloTest" time="0.013"/>
  <testcase name="MultiThreaded only initializes value once[Iterations: 9,595]" classname="serie2.ex3.CounterModuloTest" time="0.016"/>
  <testcase name="MultiThreaded only initializes value once[Iterations: 9,596]" classname="serie2.ex3.CounterModuloTest" time="0.016"/>
  <testcase name="MultiThreaded only initializes value once[Iterations: 9,597]" classname="serie2.ex3.CounterModuloTest" time="0.013"/>
  <testcase name="MultiThreaded only initializes value once[Iterations: 9,598]" classname="serie2.ex3.CounterModuloTest" time="0.021"/>
  <testcase name="MultiThreaded only initializes value once[Iterations: 9,599]" classname="serie2.ex3.CounterModuloTest" time="0.022"/>
  <testcase name="MultiThreaded only initializes value once[Iterations: 9,600]" classname="serie2.ex3.CounterModuloTest" time="0.017"/>
  <testcase name="MultiThreaded only initializes value once[Iterations: 9,601]" classname="serie2.ex3.CounterModuloTest" time="0.018"/>
  <testcase name="MultiThreaded only initializes value once[Iterations: 9,602]" classname="serie2.ex3.CounterModuloTest" time="0.018"/>
  <testcase name="MultiThreaded only initializes value once[Iterations: 9,603]" classname="serie2.ex3.CounterModuloTest" time="0.015"/>
  <testcase name="MultiThreaded only initializes value once[Iterations: 9,604]" classname="serie2.ex3.CounterModuloTest" time="0.025"/>
  <testcase name="MultiThreaded only initializes value once[Iterations: 9,605]" classname="serie2.ex3.CounterModuloTest" time="0.015"/>
  <testcase name="MultiThreaded only initializes value once[Iterations: 9,606]" classname="serie2.ex3.CounterModuloTest" time="0.033"/>
  <testcase name="MultiThreaded only initializes value once[Iterations: 9,607]" classname="serie2.ex3.CounterModuloTest" time="0.02"/>
  <testcase name="MultiThreaded only initializes value once[Iterations: 9,608]" classname="serie2.ex3.CounterModuloTest" time="0.016"/>
  <testcase name="MultiThreaded only initializes value once[Iterations: 9,609]" classname="serie2.ex3.CounterModuloTest" time="0.015"/>
  <testcase name="MultiThreaded only initializes value once[Iterations: 9,610]" classname="serie2.ex3.CounterModuloTest" time="0.017"/>
  <testcase name="MultiThreaded only initializes value once[Iterations: 9,611]" classname="serie2.ex3.CounterModuloTest" time="0.018"/>
  <testcase name="MultiThreaded only initializes value once[Iterations: 9,612]" classname="serie2.ex3.CounterModuloTest" time="0.015"/>
  <testcase name="MultiThreaded only initializes value once[Iterations: 9,613]" classname="serie2.ex3.CounterModuloTest" time="0.016"/>
  <testcase name="MultiThreaded only initializes value once[Iterations: 9,614]" classname="serie2.ex3.CounterModuloTest" time="0.014"/>
  <testcase name="MultiThreaded only initializes value once[Iterations: 9,615]" classname="serie2.ex3.CounterModuloTest" time="0.016"/>
  <testcase name="MultiThreaded only initializes value once[Iterations: 9,616]" classname="serie2.ex3.CounterModuloTest" time="0.014"/>
  <testcase name="MultiThreaded only initializes value once[Iterations: 9,617]" classname="serie2.ex3.CounterModuloTest" time="0.014"/>
  <testcase name="MultiThreaded only initializes value once[Iterations: 9,618]" classname="serie2.ex3.CounterModuloTest" time="0.015"/>
  <testcase name="MultiThreaded only initializes value once[Iterations: 9,619]" classname="serie2.ex3.CounterModuloTest" time="0.015"/>
  <testcase name="MultiThreaded only initializes value once[Iterations: 9,620]" classname="serie2.ex3.CounterModuloTest" time="0.02"/>
  <testcase name="MultiThreaded only initializes value once[Iterations: 9,621]" classname="serie2.ex3.CounterModuloTest" time="0.015"/>
  <testcase name="MultiThreaded only initializes value once[Iterations: 9,622]" classname="serie2.ex3.CounterModuloTest" time="0.015"/>
  <testcase name="MultiThreaded only initializes value once[Iterations: 9,623]" classname="serie2.ex3.CounterModuloTest" time="0.013"/>
  <testcase name="MultiThreaded only initializes value once[Iterations: 9,624]" classname="serie2.ex3.CounterModuloTest" time="0.015"/>
  <testcase name="MultiThreaded only initializes value once[Iterations: 9,625]" classname="serie2.ex3.CounterModuloTest" time="0.014"/>
  <testcase name="MultiThreaded only initializes value once[Iterations: 9,626]" classname="serie2.ex3.CounterModuloTest" time="0.015"/>
  <testcase name="MultiThreaded only initializes value once[Iterations: 9,627]" classname="serie2.ex3.CounterModuloTest" time="0.015"/>
  <testcase name="MultiThreaded only initializes value once[Iterations: 9,628]" classname="serie2.ex3.CounterModuloTest" time="0.014"/>
  <testcase name="MultiThreaded only initializes value once[Iterations: 9,629]" classname="serie2.ex3.CounterModuloTest" time="0.014"/>
  <testcase name="MultiThreaded only initializes value once[Iterations: 9,630]" classname="serie2.ex3.CounterModuloTest" time="0.015"/>
  <testcase name="MultiThreaded only initializes value once[Iterations: 9,631]" classname="serie2.ex3.CounterModuloTest" time="0.015"/>
  <testcase name="MultiThreaded only initializes value once[Iterations: 9,632]" classname="serie2.ex3.CounterModuloTest" time="0.014"/>
  <testcase name="MultiThreaded only initializes value once[Iterations: 9,633]" classname="serie2.ex3.CounterModuloTest" time="0.014"/>
  <testcase name="MultiThreaded only initializes value once[Iterations: 9,634]" classname="serie2.ex3.CounterModuloTest" time="0.013"/>
  <testcase name="MultiThreaded only initializes value once[Iterations: 9,635]" classname="serie2.ex3.CounterModuloTest" time="0.014"/>
  <testcase name="MultiThreaded only initializes value once[Iterations: 9,636]" classname="serie2.ex3.CounterModuloTest" time="0.018"/>
  <testcase name="MultiThreaded only initializes value once[Iterations: 9,637]" classname="serie2.ex3.CounterModuloTest" time="0.015"/>
  <testcase name="MultiThreaded only initializes value once[Iterations: 9,638]" classname="serie2.ex3.CounterModuloTest" time="0.014"/>
  <testcase name="MultiThreaded only initializes value once[Iterations: 9,639]" classname="serie2.ex3.CounterModuloTest" time="0.015"/>
  <testcase name="MultiThreaded only initializes value once[Iterations: 9,640]" classname="serie2.ex3.CounterModuloTest" time="0.013"/>
  <testcase name="MultiThreaded only initializes value once[Iterations: 9,641]" classname="serie2.ex3.CounterModuloTest" time="0.016"/>
  <testcase name="MultiThreaded only initializes value once[Iterations: 9,642]" classname="serie2.ex3.CounterModuloTest" time="0.015"/>
  <testcase name="MultiThreaded only initializes value once[Iterations: 9,643]" classname="serie2.ex3.CounterModuloTest" time="0.015"/>
  <testcase name="MultiThreaded only initializes value once[Iterations: 9,644]" classname="serie2.ex3.CounterModuloTest" time="0.013"/>
  <testcase name="MultiThreaded only initializes value once[Iterations: 9,645]" classname="serie2.ex3.CounterModuloTest" time="0.014"/>
  <testcase name="MultiThreaded only initializes value once[Iterations: 9,646]" classname="serie2.ex3.CounterModuloTest" time="0.015"/>
  <testcase name="MultiThreaded only initializes value once[Iterations: 9,647]" classname="serie2.ex3.CounterModuloTest" time="0.016"/>
  <testcase name="MultiThreaded only initializes value once[Iterations: 9,648]" classname="serie2.ex3.CounterModuloTest" time="0.013"/>
  <testcase name="MultiThreaded only initializes value once[Iterations: 9,649]" classname="serie2.ex3.CounterModuloTest" time="0.014"/>
  <testcase name="MultiThreaded only initializes value once[Iterations: 9,650]" classname="serie2.ex3.CounterModuloTest" time="0.015"/>
  <testcase name="MultiThreaded only initializes value once[Iterations: 9,651]" classname="serie2.ex3.CounterModuloTest" time="0.015"/>
  <testcase name="MultiThreaded only initializes value once[Iterations: 9,652]" classname="serie2.ex3.CounterModuloTest" time="0.014"/>
  <testcase name="MultiThreaded only initializes value once[Iterations: 9,653]" classname="serie2.ex3.CounterModuloTest" time="0.015"/>
  <testcase name="MultiThreaded only initializes value once[Iterations: 9,654]" classname="serie2.ex3.CounterModuloTest" time="0.025"/>
  <testcase name="MultiThreaded only initializes value once[Iterations: 9,655]" classname="serie2.ex3.CounterModuloTest" time="0.015"/>
  <testcase name="MultiThreaded only initializes value once[Iterations: 9,656]" classname="serie2.ex3.CounterModuloTest" time="0.016"/>
  <testcase name="MultiThreaded only initializes value once[Iterations: 9,657]" classname="serie2.ex3.CounterModuloTest" time="0.014"/>
  <testcase name="MultiThreaded only initializes value once[Iterations: 9,658]" classname="serie2.ex3.CounterModuloTest" time="0.016"/>
  <testcase name="MultiThreaded only initializes value once[Iterations: 9,659]" classname="serie2.ex3.CounterModuloTest" time="0.021"/>
  <testcase name="MultiThreaded only initializes value once[Iterations: 9,660]" classname="serie2.ex3.CounterModuloTest" time="0.021"/>
  <testcase name="MultiThreaded only initializes value once[Iterations: 9,661]" classname="serie2.ex3.CounterModuloTest" time="0.025"/>
  <testcase name="MultiThreaded only initializes value once[Iterations: 9,662]" classname="serie2.ex3.CounterModuloTest" time="0.015"/>
  <testcase name="MultiThreaded only initializes value once[Iterations: 9,663]" classname="serie2.ex3.CounterModuloTest" time="0.019"/>
  <testcase name="MultiThreaded only initializes value once[Iterations: 9,664]" classname="serie2.ex3.CounterModuloTest" time="0.023"/>
  <testcase name="MultiThreaded only initializes value once[Iterations: 9,665]" classname="serie2.ex3.CounterModuloTest" time="0.017"/>
  <testcase name="MultiThreaded only initializes value once[Iterations: 9,666]" classname="serie2.ex3.CounterModuloTest" time="0.018"/>
  <testcase name="MultiThreaded only initializes value once[Iterations: 9,667]" classname="serie2.ex3.CounterModuloTest" time="0.014"/>
  <testcase name="MultiThreaded only initializes value once[Iterations: 9,668]" classname="serie2.ex3.CounterModuloTest" time="0.016"/>
  <testcase name="MultiThreaded only initializes value once[Iterations: 9,669]" classname="serie2.ex3.CounterModuloTest" time="0.015"/>
  <testcase name="MultiThreaded only initializes value once[Iterations: 9,670]" classname="serie2.ex3.CounterModuloTest" time="0.018"/>
  <testcase name="MultiThreaded only initializes value once[Iterations: 9,671]" classname="serie2.ex3.CounterModuloTest" time="0.016"/>
  <testcase name="MultiThreaded only initializes value once[Iterations: 9,672]" classname="serie2.ex3.CounterModuloTest" time="0.015"/>
  <testcase name="MultiThreaded only initializes value once[Iterations: 9,673]" classname="serie2.ex3.CounterModuloTest" time="0.018"/>
  <testcase name="MultiThreaded only initializes value once[Iterations: 9,674]" classname="serie2.ex3.CounterModuloTest" time="0.015"/>
  <testcase name="MultiThreaded only initializes value once[Iterations: 9,675]" classname="serie2.ex3.CounterModuloTest" time="0.015"/>
  <testcase name="MultiThreaded only initializes value once[Iterations: 9,676]" classname="serie2.ex3.CounterModuloTest" time="0.014"/>
  <testcase name="MultiThreaded only initializes value once[Iterations: 9,677]" classname="serie2.ex3.CounterModuloTest" time="0.016"/>
  <testcase name="MultiThreaded only initializes value once[Iterations: 9,678]" classname="serie2.ex3.CounterModuloTest" time="0.017"/>
  <testcase name="MultiThreaded only initializes value once[Iterations: 9,679]" classname="serie2.ex3.CounterModuloTest" time="0.017"/>
  <testcase name="MultiThreaded only initializes value once[Iterations: 9,680]" classname="serie2.ex3.CounterModuloTest" time="0.014"/>
  <testcase name="MultiThreaded only initializes value once[Iterations: 9,681]" classname="serie2.ex3.CounterModuloTest" time="0.016"/>
  <testcase name="MultiThreaded only initializes value once[Iterations: 9,682]" classname="serie2.ex3.CounterModuloTest" time="0.017"/>
  <testcase name="MultiThreaded only initializes value once[Iterations: 9,683]" classname="serie2.ex3.CounterModuloTest" time="0.018"/>
  <testcase name="MultiThreaded only initializes value once[Iterations: 9,684]" classname="serie2.ex3.CounterModuloTest" time="0.015"/>
  <testcase name="MultiThreaded only initializes value once[Iterations: 9,685]" classname="serie2.ex3.CounterModuloTest" time="0.014"/>
  <testcase name="MultiThreaded only initializes value once[Iterations: 9,686]" classname="serie2.ex3.CounterModuloTest" time="0.014"/>
  <testcase name="MultiThreaded only initializes value once[Iterations: 9,687]" classname="serie2.ex3.CounterModuloTest" time="0.016"/>
  <testcase name="MultiThreaded only initializes value once[Iterations: 9,688]" classname="serie2.ex3.CounterModuloTest" time="0.016"/>
  <testcase name="MultiThreaded only initializes value once[Iterations: 9,689]" classname="serie2.ex3.CounterModuloTest" time="0.015"/>
  <testcase name="MultiThreaded only initializes value once[Iterations: 9,690]" classname="serie2.ex3.CounterModuloTest" time="0.014"/>
  <testcase name="MultiThreaded only initializes value once[Iterations: 9,691]" classname="serie2.ex3.CounterModuloTest" time="0.016"/>
  <testcase name="MultiThreaded only initializes value once[Iterations: 9,692]" classname="serie2.ex3.CounterModuloTest" time="0.014"/>
  <testcase name="MultiThreaded only initializes value once[Iterations: 9,693]" classname="serie2.ex3.CounterModuloTest" time="0.016"/>
  <testcase name="MultiThreaded only initializes value once[Iterations: 9,694]" classname="serie2.ex3.CounterModuloTest" time="0.014"/>
  <testcase name="MultiThreaded only initializes value once[Iterations: 9,695]" classname="serie2.ex3.CounterModuloTest" time="0.015"/>
  <testcase name="MultiThreaded only initializes value once[Iterations: 9,696]" classname="serie2.ex3.CounterModuloTest" time="0.015"/>
  <testcase name="MultiThreaded only initializes value once[Iterations: 9,697]" classname="serie2.ex3.CounterModuloTest" time="0.014"/>
  <testcase name="MultiThreaded only initializes value once[Iterations: 9,698]" classname="serie2.ex3.CounterModuloTest" time="0.013"/>
  <testcase name="MultiThreaded only initializes value once[Iterations: 9,699]" classname="serie2.ex3.CounterModuloTest" time="0.014"/>
  <testcase name="MultiThreaded only initializes value once[Iterations: 9,700]" classname="serie2.ex3.CounterModuloTest" time="0.013"/>
  <testcase name="MultiThreaded only initializes value once[Iterations: 9,701]" classname="serie2.ex3.CounterModuloTest" time="0.014"/>
  <testcase name="MultiThreaded only initializes value once[Iterations: 9,702]" classname="serie2.ex3.CounterModuloTest" time="0.015"/>
  <testcase name="MultiThreaded only initializes value once[Iterations: 9,703]" classname="serie2.ex3.CounterModuloTest" time="0.014"/>
  <testcase name="MultiThreaded only initializes value once[Iterations: 9,704]" classname="serie2.ex3.CounterModuloTest" time="0.015"/>
  <testcase name="MultiThreaded only initializes value once[Iterations: 9,705]" classname="serie2.ex3.CounterModuloTest" time="0.014"/>
  <testcase name="MultiThreaded only initializes value once[Iterations: 9,706]" classname="serie2.ex3.CounterModuloTest" time="0.014"/>
  <testcase name="MultiThreaded only initializes value once[Iterations: 9,707]" classname="serie2.ex3.CounterModuloTest" time="0.014"/>
  <testcase name="MultiThreaded only initializes value once[Iterations: 9,708]" classname="serie2.ex3.CounterModuloTest" time="0.013"/>
  <testcase name="MultiThreaded only initializes value once[Iterations: 9,709]" classname="serie2.ex3.CounterModuloTest" time="0.014"/>
  <testcase name="MultiThreaded only initializes value once[Iterations: 9,710]" classname="serie2.ex3.CounterModuloTest" time="0.013"/>
  <testcase name="MultiThreaded only initializes value once[Iterations: 9,711]" classname="serie2.ex3.CounterModuloTest" time="0.015"/>
  <testcase name="MultiThreaded only initializes value once[Iterations: 9,712]" classname="serie2.ex3.CounterModuloTest" time="0.015"/>
  <testcase name="MultiThreaded only initializes value once[Iterations: 9,713]" classname="serie2.ex3.CounterModuloTest" time="0.013"/>
  <testcase name="MultiThreaded only initializes value once[Iterations: 9,714]" classname="serie2.ex3.CounterModuloTest" time="0.014"/>
  <testcase name="MultiThreaded only initializes value once[Iterations: 9,715]" classname="serie2.ex3.CounterModuloTest" time="0.015"/>
  <testcase name="MultiThreaded only initializes value once[Iterations: 9,716]" classname="serie2.ex3.CounterModuloTest" time="0.015"/>
  <testcase name="MultiThreaded only initializes value once[Iterations: 9,717]" classname="serie2.ex3.CounterModuloTest" time="0.013"/>
  <testcase name="MultiThreaded only initializes value once[Iterations: 9,718]" classname="serie2.ex3.CounterModuloTest" time="0.016"/>
  <testcase name="MultiThreaded only initializes value once[Iterations: 9,719]" classname="serie2.ex3.CounterModuloTest" time="0.025"/>
  <testcase name="MultiThreaded only initializes value once[Iterations: 9,720]" classname="serie2.ex3.CounterModuloTest" time="0.015"/>
  <testcase name="MultiThreaded only initializes value once[Iterations: 9,721]" classname="serie2.ex3.CounterModuloTest" time="0.016"/>
  <testcase name="MultiThreaded only initializes value once[Iterations: 9,722]" classname="serie2.ex3.CounterModuloTest" time="0.014"/>
  <testcase name="MultiThreaded only initializes value once[Iterations: 9,723]" classname="serie2.ex3.CounterModuloTest" time="0.015"/>
  <testcase name="MultiThreaded only initializes value once[Iterations: 9,724]" classname="serie2.ex3.CounterModuloTest" time="0.017"/>
  <testcase name="MultiThreaded only initializes value once[Iterations: 9,725]" classname="serie2.ex3.CounterModuloTest" time="0.019"/>
  <testcase name="MultiThreaded only initializes value once[Iterations: 9,726]" classname="serie2.ex3.CounterModuloTest" time="0.014"/>
  <testcase name="MultiThreaded only initializes value once[Iterations: 9,727]" classname="serie2.ex3.CounterModuloTest" time="0.013"/>
  <testcase name="MultiThreaded only initializes value once[Iterations: 9,728]" classname="serie2.ex3.CounterModuloTest" time="0.015"/>
  <testcase name="MultiThreaded only initializes value once[Iterations: 9,729]" classname="serie2.ex3.CounterModuloTest" time="0.015"/>
  <testcase name="MultiThreaded only initializes value once[Iterations: 9,730]" classname="serie2.ex3.CounterModuloTest" time="0.014"/>
  <testcase name="MultiThreaded only initializes value once[Iterations: 9,731]" classname="serie2.ex3.CounterModuloTest" time="0.014"/>
  <testcase name="MultiThreaded only initializes value once[Iterations: 9,732]" classname="serie2.ex3.CounterModuloTest" time="0.016"/>
  <testcase name="MultiThreaded only initializes value once[Iterations: 9,733]" classname="serie2.ex3.CounterModuloTest" time="0.015"/>
  <testcase name="MultiThreaded only initializes value once[Iterations: 9,734]" classname="serie2.ex3.CounterModuloTest" time="0.015"/>
  <testcase name="MultiThreaded only initializes value once[Iterations: 9,735]" classname="serie2.ex3.CounterModuloTest" time="0.014"/>
  <testcase name="MultiThreaded only initializes value once[Iterations: 9,736]" classname="serie2.ex3.CounterModuloTest" time="0.016"/>
  <testcase name="MultiThreaded only initializes value once[Iterations: 9,737]" classname="serie2.ex3.CounterModuloTest" time="0.014"/>
  <testcase name="MultiThreaded only initializes value once[Iterations: 9,738]" classname="serie2.ex3.CounterModuloTest" time="0.018"/>
  <testcase name="MultiThreaded only initializes value once[Iterations: 9,739]" classname="serie2.ex3.CounterModuloTest" time="0.015"/>
  <testcase name="MultiThreaded only initializes value once[Iterations: 9,740]" classname="serie2.ex3.CounterModuloTest" time="0.014"/>
  <testcase name="MultiThreaded only initializes value once[Iterations: 9,741]" classname="serie2.ex3.CounterModuloTest" time="0.014"/>
  <testcase name="MultiThreaded only initializes value once[Iterations: 9,742]" classname="serie2.ex3.CounterModuloTest" time="0.013"/>
  <testcase name="MultiThreaded only initializes value once[Iterations: 9,743]" classname="serie2.ex3.CounterModuloTest" time="0.015"/>
  <testcase name="MultiThreaded only initializes value once[Iterations: 9,744]" classname="serie2.ex3.CounterModuloTest" time="0.015"/>
  <testcase name="MultiThreaded only initializes value once[Iterations: 9,745]" classname="serie2.ex3.CounterModuloTest" time="0.014"/>
  <testcase name="MultiThreaded only initializes value once[Iterations: 9,746]" classname="serie2.ex3.CounterModuloTest" time="0.015"/>
  <testcase name="MultiThreaded only initializes value once[Iterations: 9,747]" classname="serie2.ex3.CounterModuloTest" time="0.013"/>
  <testcase name="MultiThreaded only initializes value once[Iterations: 9,748]" classname="serie2.ex3.CounterModuloTest" time="0.014"/>
  <testcase name="MultiThreaded only initializes value once[Iterations: 9,749]" classname="serie2.ex3.CounterModuloTest" time="0.014"/>
  <testcase name="MultiThreaded only initializes value once[Iterations: 9,750]" classname="serie2.ex3.CounterModuloTest" time="0.014"/>
  <testcase name="MultiThreaded only initializes value once[Iterations: 9,751]" classname="serie2.ex3.CounterModuloTest" time="0.014"/>
  <testcase name="MultiThreaded only initializes value once[Iterations: 9,752]" classname="serie2.ex3.CounterModuloTest" time="0.015"/>
  <testcase name="MultiThreaded only initializes value once[Iterations: 9,753]" classname="serie2.ex3.CounterModuloTest" time="0.015"/>
  <testcase name="MultiThreaded only initializes value once[Iterations: 9,754]" classname="serie2.ex3.CounterModuloTest" time="0.014"/>
  <testcase name="MultiThreaded only initializes value once[Iterations: 9,755]" classname="serie2.ex3.CounterModuloTest" time="0.015"/>
  <testcase name="MultiThreaded only initializes value once[Iterations: 9,756]" classname="serie2.ex3.CounterModuloTest" time="0.015"/>
  <testcase name="MultiThreaded only initializes value once[Iterations: 9,757]" classname="serie2.ex3.CounterModuloTest" time="0.013"/>
  <testcase name="MultiThreaded only initializes value once[Iterations: 9,758]" classname="serie2.ex3.CounterModuloTest" time="0.015"/>
  <testcase name="MultiThreaded only initializes value once[Iterations: 9,759]" classname="serie2.ex3.CounterModuloTest" time="0.013"/>
  <testcase name="MultiThreaded only initializes value once[Iterations: 9,760]" classname="serie2.ex3.CounterModuloTest" time="0.015"/>
  <testcase name="MultiThreaded only initializes value once[Iterations: 9,761]" classname="serie2.ex3.CounterModuloTest" time="0.014"/>
  <testcase name="MultiThreaded only initializes value once[Iterations: 9,762]" classname="serie2.ex3.CounterModuloTest" time="0.016"/>
  <testcase name="MultiThreaded only initializes value once[Iterations: 9,763]" classname="serie2.ex3.CounterModuloTest" time="0.015"/>
  <testcase name="MultiThreaded only initializes value once[Iterations: 9,764]" classname="serie2.ex3.CounterModuloTest" time="0.014"/>
  <testcase name="MultiThreaded only initializes value once[Iterations: 9,765]" classname="serie2.ex3.CounterModuloTest" time="0.014"/>
  <testcase name="MultiThreaded only initializes value once[Iterations: 9,766]" classname="serie2.ex3.CounterModuloTest" time="0.014"/>
  <testcase name="MultiThreaded only initializes value once[Iterations: 9,767]" classname="serie2.ex3.CounterModuloTest" time="0.015"/>
  <testcase name="MultiThreaded only initializes value once[Iterations: 9,768]" classname="serie2.ex3.CounterModuloTest" time="0.014"/>
  <testcase name="MultiThreaded only initializes value once[Iterations: 9,769]" classname="serie2.ex3.CounterModuloTest" time="0.015"/>
  <testcase name="MultiThreaded only initializes value once[Iterations: 9,770]" classname="serie2.ex3.CounterModuloTest" time="0.014"/>
  <testcase name="MultiThreaded only initializes value once[Iterations: 9,771]" classname="serie2.ex3.CounterModuloTest" time="0.015"/>
  <testcase name="MultiThreaded only initializes value once[Iterations: 9,772]" classname="serie2.ex3.CounterModuloTest" time="0.015"/>
  <testcase name="MultiThreaded only initializes value once[Iterations: 9,773]" classname="serie2.ex3.CounterModuloTest" time="0.015"/>
  <testcase name="MultiThreaded only initializes value once[Iterations: 9,774]" classname="serie2.ex3.CounterModuloTest" time="0.014"/>
  <testcase name="MultiThreaded only initializes value once[Iterations: 9,775]" classname="serie2.ex3.CounterModuloTest" time="0.015"/>
  <testcase name="MultiThreaded only initializes value once[Iterations: 9,776]" classname="serie2.ex3.CounterModuloTest" time="0.013"/>
  <testcase name="MultiThreaded only initializes value once[Iterations: 9,777]" classname="serie2.ex3.CounterModuloTest" time="0.015"/>
  <testcase name="MultiThreaded only initializes value once[Iterations: 9,778]" classname="serie2.ex3.CounterModuloTest" time="0.015"/>
  <testcase name="MultiThreaded only initializes value once[Iterations: 9,779]" classname="serie2.ex3.CounterModuloTest" time="0.014"/>
  <testcase name="MultiThreaded only initializes value once[Iterations: 9,780]" classname="serie2.ex3.CounterModuloTest" time="0.014"/>
  <testcase name="MultiThreaded only initializes value once[Iterations: 9,781]" classname="serie2.ex3.CounterModuloTest" time="0.015"/>
  <testcase name="MultiThreaded only initializes value once[Iterations: 9,782]" classname="serie2.ex3.CounterModuloTest" time="0.014"/>
  <testcase name="MultiThreaded only initializes value once[Iterations: 9,783]" classname="serie2.ex3.CounterModuloTest" time="0.014"/>
  <testcase name="MultiThreaded only initializes value once[Iterations: 9,784]" classname="serie2.ex3.CounterModuloTest" time="0.016"/>
  <testcase name="MultiThreaded only initializes value once[Iterations: 9,785]" classname="serie2.ex3.CounterModuloTest" time="0.014"/>
  <testcase name="MultiThreaded only initializes value once[Iterations: 9,786]" classname="serie2.ex3.CounterModuloTest" time="0.015"/>
  <testcase name="MultiThreaded only initializes value once[Iterations: 9,787]" classname="serie2.ex3.CounterModuloTest" time="0.014"/>
  <testcase name="MultiThreaded only initializes value once[Iterations: 9,788]" classname="serie2.ex3.CounterModuloTest" time="0.015"/>
  <testcase name="MultiThreaded only initializes value once[Iterations: 9,789]" classname="serie2.ex3.CounterModuloTest" time="0.014"/>
  <testcase name="MultiThreaded only initializes value once[Iterations: 9,790]" classname="serie2.ex3.CounterModuloTest" time="0.014"/>
  <testcase name="MultiThreaded only initializes value once[Iterations: 9,791]" classname="serie2.ex3.CounterModuloTest" time="0.014"/>
  <testcase name="MultiThreaded only initializes value once[Iterations: 9,792]" classname="serie2.ex3.CounterModuloTest" time="0.015"/>
  <testcase name="MultiThreaded only initializes value once[Iterations: 9,793]" classname="serie2.ex3.CounterModuloTest" time="0.014"/>
  <testcase name="MultiThreaded only initializes value once[Iterations: 9,794]" classname="serie2.ex3.CounterModuloTest" time="0.015"/>
  <testcase name="MultiThreaded only initializes value once[Iterations: 9,795]" classname="serie2.ex3.CounterModuloTest" time="0.015"/>
  <testcase name="MultiThreaded only initializes value once[Iterations: 9,796]" classname="serie2.ex3.CounterModuloTest" time="0.015"/>
  <testcase name="MultiThreaded only initializes value once[Iterations: 9,797]" classname="serie2.ex3.CounterModuloTest" time="0.014"/>
  <testcase name="MultiThreaded only initializes value once[Iterations: 9,798]" classname="serie2.ex3.CounterModuloTest" time="0.015"/>
  <testcase name="MultiThreaded only initializes value once[Iterations: 9,799]" classname="serie2.ex3.CounterModuloTest" time="0.014"/>
  <testcase name="MultiThreaded only initializes value once[Iterations: 9,800]" classname="serie2.ex3.CounterModuloTest" time="0.015"/>
  <testcase name="MultiThreaded only initializes value once[Iterations: 9,801]" classname="serie2.ex3.CounterModuloTest" time="0.014"/>
  <testcase name="MultiThreaded only initializes value once[Iterations: 9,802]" classname="serie2.ex3.CounterModuloTest" time="0.014"/>
  <testcase name="MultiThreaded only initializes value once[Iterations: 9,803]" classname="serie2.ex3.CounterModuloTest" time="0.016"/>
  <testcase name="MultiThreaded only initializes value once[Iterations: 9,804]" classname="serie2.ex3.CounterModuloTest" time="0.014"/>
  <testcase name="MultiThreaded only initializes value once[Iterations: 9,805]" classname="serie2.ex3.CounterModuloTest" time="0.015"/>
  <testcase name="MultiThreaded only initializes value once[Iterations: 9,806]" classname="serie2.ex3.CounterModuloTest" time="0.016"/>
  <testcase name="MultiThreaded only initializes value once[Iterations: 9,807]" classname="serie2.ex3.CounterModuloTest" time="0.016"/>
  <testcase name="MultiThreaded only initializes value once[Iterations: 9,808]" classname="serie2.ex3.CounterModuloTest" time="0.014"/>
  <testcase name="MultiThreaded only initializes value once[Iterations: 9,809]" classname="serie2.ex3.CounterModuloTest" time="0.014"/>
  <testcase name="MultiThreaded only initializes value once[Iterations: 9,810]" classname="serie2.ex3.CounterModuloTest" time="0.014"/>
  <testcase name="MultiThreaded only initializes value once[Iterations: 9,811]" classname="serie2.ex3.CounterModuloTest" time="0.014"/>
  <testcase name="MultiThreaded only initializes value once[Iterations: 9,812]" classname="serie2.ex3.CounterModuloTest" time="0.022"/>
  <testcase name="MultiThreaded only initializes value once[Iterations: 9,813]" classname="serie2.ex3.CounterModuloTest" time="0.015"/>
  <testcase name="MultiThreaded only initializes value once[Iterations: 9,814]" classname="serie2.ex3.CounterModuloTest" time="0.015"/>
  <testcase name="MultiThreaded only initializes value once[Iterations: 9,815]" classname="serie2.ex3.CounterModuloTest" time="0.015"/>
  <testcase name="MultiThreaded only initializes value once[Iterations: 9,816]" classname="serie2.ex3.CounterModuloTest" time="0.015"/>
  <testcase name="MultiThreaded only initializes value once[Iterations: 9,817]" classname="serie2.ex3.CounterModuloTest" time="0.014"/>
  <testcase name="MultiThreaded only initializes value once[Iterations: 9,818]" classname="serie2.ex3.CounterModuloTest" time="0.015"/>
  <testcase name="MultiThreaded only initializes value once[Iterations: 9,819]" classname="serie2.ex3.CounterModuloTest" time="0.015"/>
  <testcase name="MultiThreaded only initializes value once[Iterations: 9,820]" classname="serie2.ex3.CounterModuloTest" time="0.015"/>
  <testcase name="MultiThreaded only initializes value once[Iterations: 9,821]" classname="serie2.ex3.CounterModuloTest" time="0.014"/>
  <testcase name="MultiThreaded only initializes value once[Iterations: 9,822]" classname="serie2.ex3.CounterModuloTest" time="0.015"/>
  <testcase name="MultiThreaded only initializes value once[Iterations: 9,823]" classname="serie2.ex3.CounterModuloTest" time="0.014"/>
  <testcase name="MultiThreaded only initializes value once[Iterations: 9,824]" classname="serie2.ex3.CounterModuloTest" time="0.014"/>
  <testcase name="MultiThreaded only initializes value once[Iterations: 9,825]" classname="serie2.ex3.CounterModuloTest" time="0.024"/>
  <testcase name="MultiThreaded only initializes value once[Iterations: 9,826]" classname="serie2.ex3.CounterModuloTest" time="0.017"/>
  <testcase name="MultiThreaded only initializes value once[Iterations: 9,827]" classname="serie2.ex3.CounterModuloTest" time="0.016"/>
  <testcase name="MultiThreaded only initializes value once[Iterations: 9,828]" classname="serie2.ex3.CounterModuloTest" time="0.018"/>
  <testcase name="MultiThreaded only initializes value once[Iterations: 9,829]" classname="serie2.ex3.CounterModuloTest" time="0.016"/>
  <testcase name="MultiThreaded only initializes value once[Iterations: 9,830]" classname="serie2.ex3.CounterModuloTest" time="0.014"/>
  <testcase name="MultiThreaded only initializes value once[Iterations: 9,831]" classname="serie2.ex3.CounterModuloTest" time="0.015"/>
  <testcase name="MultiThreaded only initializes value once[Iterations: 9,832]" classname="serie2.ex3.CounterModuloTest" time="0.014"/>
  <testcase name="MultiThreaded only initializes value once[Iterations: 9,833]" classname="serie2.ex3.CounterModuloTest" time="0.015"/>
  <testcase name="MultiThreaded only initializes value once[Iterations: 9,834]" classname="serie2.ex3.CounterModuloTest" time="0.013"/>
  <testcase name="MultiThreaded only initializes value once[Iterations: 9,835]" classname="serie2.ex3.CounterModuloTest" time="0.015"/>
  <testcase name="MultiThreaded only initializes value once[Iterations: 9,836]" classname="serie2.ex3.CounterModuloTest" time="0.013"/>
  <testcase name="MultiThreaded only initializes value once[Iterations: 9,837]" classname="serie2.ex3.CounterModuloTest" time="0.014"/>
  <testcase name="MultiThreaded only initializes value once[Iterations: 9,838]" classname="serie2.ex3.CounterModuloTest" time="0.015"/>
  <testcase name="MultiThreaded only initializes value once[Iterations: 9,839]" classname="serie2.ex3.CounterModuloTest" time="0.015"/>
  <testcase name="MultiThreaded only initializes value once[Iterations: 9,840]" classname="serie2.ex3.CounterModuloTest" time="0.014"/>
  <testcase name="MultiThreaded only initializes value once[Iterations: 9,841]" classname="serie2.ex3.CounterModuloTest" time="0.014"/>
  <testcase name="MultiThreaded only initializes value once[Iterations: 9,842]" classname="serie2.ex3.CounterModuloTest" time="0.014"/>
  <testcase name="MultiThreaded only initializes value once[Iterations: 9,843]" classname="serie2.ex3.CounterModuloTest" time="0.016"/>
  <testcase name="MultiThreaded only initializes value once[Iterations: 9,844]" classname="serie2.ex3.CounterModuloTest" time="0.015"/>
  <testcase name="MultiThreaded only initializes value once[Iterations: 9,845]" classname="serie2.ex3.CounterModuloTest" time="0.014"/>
  <testcase name="MultiThreaded only initializes value once[Iterations: 9,846]" classname="serie2.ex3.CounterModuloTest" time="0.014"/>
  <testcase name="MultiThreaded only initializes value once[Iterations: 9,847]" classname="serie2.ex3.CounterModuloTest" time="0.015"/>
  <testcase name="MultiThreaded only initializes value once[Iterations: 9,848]" classname="serie2.ex3.CounterModuloTest" time="0.015"/>
  <testcase name="MultiThreaded only initializes value once[Iterations: 9,849]" classname="serie2.ex3.CounterModuloTest" time="0.014"/>
  <testcase name="MultiThreaded only initializes value once[Iterations: 9,850]" classname="serie2.ex3.CounterModuloTest" time="0.012"/>
  <testcase name="MultiThreaded only initializes value once[Iterations: 9,851]" classname="serie2.ex3.CounterModuloTest" time="0.015"/>
  <testcase name="MultiThreaded only initializes value once[Iterations: 9,852]" classname="serie2.ex3.CounterModuloTest" time="0.015"/>
  <testcase name="MultiThreaded only initializes value once[Iterations: 9,853]" classname="serie2.ex3.CounterModuloTest" time="0.014"/>
  <testcase name="MultiThreaded only initializes value once[Iterations: 9,854]" classname="serie2.ex3.CounterModuloTest" time="0.016"/>
  <testcase name="MultiThreaded only initializes value once[Iterations: 9,855]" classname="serie2.ex3.CounterModuloTest" time="0.015"/>
  <testcase name="MultiThreaded only initializes value once[Iterations: 9,856]" classname="serie2.ex3.CounterModuloTest" time="0.015"/>
  <testcase name="MultiThreaded only initializes value once[Iterations: 9,857]" classname="serie2.ex3.CounterModuloTest" time="0.013"/>
  <testcase name="MultiThreaded only initializes value once[Iterations: 9,858]" classname="serie2.ex3.CounterModuloTest" time="0.014"/>
  <testcase name="MultiThreaded only initializes value once[Iterations: 9,859]" classname="serie2.ex3.CounterModuloTest" time="0.013"/>
  <testcase name="MultiThreaded only initializes value once[Iterations: 9,860]" classname="serie2.ex3.CounterModuloTest" time="0.015"/>
  <testcase name="MultiThreaded only initializes value once[Iterations: 9,861]" classname="serie2.ex3.CounterModuloTest" time="0.015"/>
  <testcase name="MultiThreaded only initializes value once[Iterations: 9,862]" classname="serie2.ex3.CounterModuloTest" time="0.014"/>
  <testcase name="MultiThreaded only initializes value once[Iterations: 9,863]" classname="serie2.ex3.CounterModuloTest" time="0.015"/>
  <testcase name="MultiThreaded only initializes value once[Iterations: 9,864]" classname="serie2.ex3.CounterModuloTest" time="0.015"/>
  <testcase name="MultiThreaded only initializes value once[Iterations: 9,865]" classname="serie2.ex3.CounterModuloTest" time="0.015"/>
  <testcase name="MultiThreaded only initializes value once[Iterations: 9,866]" classname="serie2.ex3.CounterModuloTest" time="0.014"/>
  <testcase name="MultiThreaded only initializes value once[Iterations: 9,867]" classname="serie2.ex3.CounterModuloTest" time="0.014"/>
  <testcase name="MultiThreaded only initializes value once[Iterations: 9,868]" classname="serie2.ex3.CounterModuloTest" time="0.015"/>
  <testcase name="MultiThreaded only initializes value once[Iterations: 9,869]" classname="serie2.ex3.CounterModuloTest" time="0.016"/>
  <testcase name="MultiThreaded only initializes value once[Iterations: 9,870]" classname="serie2.ex3.CounterModuloTest" time="0.014"/>
  <testcase name="MultiThreaded only initializes value once[Iterations: 9,871]" classname="serie2.ex3.CounterModuloTest" time="0.015"/>
  <testcase name="MultiThreaded only initializes value once[Iterations: 9,872]" classname="serie2.ex3.CounterModuloTest" time="0.014"/>
  <testcase name="MultiThreaded only initializes value once[Iterations: 9,873]" classname="serie2.ex3.CounterModuloTest" time="0.015"/>
  <testcase name="MultiThreaded only initializes value once[Iterations: 9,874]" classname="serie2.ex3.CounterModuloTest" time="0.015"/>
  <testcase name="MultiThreaded only initializes value once[Iterations: 9,875]" classname="serie2.ex3.CounterModuloTest" time="0.015"/>
  <testcase name="MultiThreaded only initializes value once[Iterations: 9,876]" classname="serie2.ex3.CounterModuloTest" time="0.015"/>
  <testcase name="MultiThreaded only initializes value once[Iterations: 9,877]" classname="serie2.ex3.CounterModuloTest" time="0.014"/>
  <testcase name="MultiThreaded only initializes value once[Iterations: 9,878]" classname="serie2.ex3.CounterModuloTest" time="0.014"/>
  <testcase name="MultiThreaded only initializes value once[Iterations: 9,879]" classname="serie2.ex3.CounterModuloTest" time="0.014"/>
  <testcase name="MultiThreaded only initializes value once[Iterations: 9,880]" classname="serie2.ex3.CounterModuloTest" time="0.014"/>
  <testcase name="MultiThreaded only initializes value once[Iterations: 9,881]" classname="serie2.ex3.CounterModuloTest" time="0.015"/>
  <testcase name="MultiThreaded only initializes value once[Iterations: 9,882]" classname="serie2.ex3.CounterModuloTest" time="0.014"/>
  <testcase name="MultiThreaded only initializes value once[Iterations: 9,883]" classname="serie2.ex3.CounterModuloTest" time="0.013"/>
  <testcase name="MultiThreaded only initializes value once[Iterations: 9,884]" classname="serie2.ex3.CounterModuloTest" time="0.014"/>
  <testcase name="MultiThreaded only initializes value once[Iterations: 9,885]" classname="serie2.ex3.CounterModuloTest" time="0.015"/>
  <testcase name="MultiThreaded only initializes value once[Iterations: 9,886]" classname="serie2.ex3.CounterModuloTest" time="0.015"/>
  <testcase name="MultiThreaded only initializes value once[Iterations: 9,887]" classname="serie2.ex3.CounterModuloTest" time="0.016"/>
  <testcase name="MultiThreaded only initializes value once[Iterations: 9,888]" classname="serie2.ex3.CounterModuloTest" time="0.014"/>
  <testcase name="MultiThreaded only initializes value once[Iterations: 9,889]" classname="serie2.ex3.CounterModuloTest" time="0.015"/>
  <testcase name="MultiThreaded only initializes value once[Iterations: 9,890]" classname="serie2.ex3.CounterModuloTest" time="0.015"/>
  <testcase name="MultiThreaded only initializes value once[Iterations: 9,891]" classname="serie2.ex3.CounterModuloTest" time="0.014"/>
  <testcase name="MultiThreaded only initializes value once[Iterations: 9,892]" classname="serie2.ex3.CounterModuloTest" time="0.015"/>
  <testcase name="MultiThreaded only initializes value once[Iterations: 9,893]" classname="serie2.ex3.CounterModuloTest" time="0.014"/>
  <testcase name="MultiThreaded only initializes value once[Iterations: 9,894]" classname="serie2.ex3.CounterModuloTest" time="0.014"/>
  <testcase name="MultiThreaded only initializes value once[Iterations: 9,895]" classname="serie2.ex3.CounterModuloTest" time="0.015"/>
  <testcase name="MultiThreaded only initializes value once[Iterations: 9,896]" classname="serie2.ex3.CounterModuloTest" time="0.016"/>
  <testcase name="MultiThreaded only initializes value once[Iterations: 9,897]" classname="serie2.ex3.CounterModuloTest" time="0.017"/>
  <testcase name="MultiThreaded only initializes value once[Iterations: 9,898]" classname="serie2.ex3.CounterModuloTest" time="0.015"/>
  <testcase name="MultiThreaded only initializes value once[Iterations: 9,899]" classname="serie2.ex3.CounterModuloTest" time="0.015"/>
  <testcase name="MultiThreaded only initializes value once[Iterations: 9,900]" classname="serie2.ex3.CounterModuloTest" time="0.014"/>
  <testcase name="MultiThreaded only initializes value once[Iterations: 9,901]" classname="serie2.ex3.CounterModuloTest" time="0.015"/>
  <testcase name="MultiThreaded only initializes value once[Iterations: 9,902]" classname="serie2.ex3.CounterModuloTest" time="0.016"/>
  <testcase name="MultiThreaded only initializes value once[Iterations: 9,903]" classname="serie2.ex3.CounterModuloTest" time="0.017"/>
  <testcase name="MultiThreaded only initializes value once[Iterations: 9,904]" classname="serie2.ex3.CounterModuloTest" time="0.022"/>
  <testcase name="MultiThreaded only initializes value once[Iterations: 9,905]" classname="serie2.ex3.CounterModuloTest" time="0.015"/>
  <testcase name="MultiThreaded only initializes value once[Iterations: 9,906]" classname="serie2.ex3.CounterModuloTest" time="0.015"/>
  <testcase name="MultiThreaded only initializes value once[Iterations: 9,907]" classname="serie2.ex3.CounterModuloTest" time="0.016"/>
  <testcase name="MultiThreaded only initializes value once[Iterations: 9,908]" classname="serie2.ex3.CounterModuloTest" time="0.014"/>
  <testcase name="MultiThreaded only initializes value once[Iterations: 9,909]" classname="serie2.ex3.CounterModuloTest" time="0.014"/>
  <testcase name="MultiThreaded only initializes value once[Iterations: 9,910]" classname="serie2.ex3.CounterModuloTest" time="0.016"/>
  <testcase name="MultiThreaded only initializes value once[Iterations: 9,911]" classname="serie2.ex3.CounterModuloTest" time="0.015"/>
  <testcase name="MultiThreaded only initializes value once[Iterations: 9,912]" classname="serie2.ex3.CounterModuloTest" time="0.014"/>
  <testcase name="MultiThreaded only initializes value once[Iterations: 9,913]" classname="serie2.ex3.CounterModuloTest" time="0.015"/>
  <testcase name="MultiThreaded only initializes value once[Iterations: 9,914]" classname="serie2.ex3.CounterModuloTest" time="0.014"/>
  <testcase name="MultiThreaded only initializes value once[Iterations: 9,915]" classname="serie2.ex3.CounterModuloTest" time="0.015"/>
  <testcase name="MultiThreaded only initializes value once[Iterations: 9,916]" classname="serie2.ex3.CounterModuloTest" time="0.015"/>
  <testcase name="MultiThreaded only initializes value once[Iterations: 9,917]" classname="serie2.ex3.CounterModuloTest" time="0.014"/>
  <testcase name="MultiThreaded only initializes value once[Iterations: 9,918]" classname="serie2.ex3.CounterModuloTest" time="0.015"/>
  <testcase name="MultiThreaded only initializes value once[Iterations: 9,919]" classname="serie2.ex3.CounterModuloTest" time="0.013"/>
  <testcase name="MultiThreaded only initializes value once[Iterations: 9,920]" classname="serie2.ex3.CounterModuloTest" time="0.013"/>
  <testcase name="MultiThreaded only initializes value once[Iterations: 9,921]" classname="serie2.ex3.CounterModuloTest" time="0.015"/>
  <testcase name="MultiThreaded only initializes value once[Iterations: 9,922]" classname="serie2.ex3.CounterModuloTest" time="0.015"/>
  <testcase name="MultiThreaded only initializes value once[Iterations: 9,923]" classname="serie2.ex3.CounterModuloTest" time="0.015"/>
  <testcase name="MultiThreaded only initializes value once[Iterations: 9,924]" classname="serie2.ex3.CounterModuloTest" time="0.013"/>
  <testcase name="MultiThreaded only initializes value once[Iterations: 9,925]" classname="serie2.ex3.CounterModuloTest" time="0.015"/>
  <testcase name="MultiThreaded only initializes value once[Iterations: 9,926]" classname="serie2.ex3.CounterModuloTest" time="0.016"/>
  <testcase name="MultiThreaded only initializes value once[Iterations: 9,927]" classname="serie2.ex3.CounterModuloTest" time="0.017"/>
  <testcase name="MultiThreaded only initializes value once[Iterations: 9,928]" classname="serie2.ex3.CounterModuloTest" time="0.014"/>
  <testcase name="MultiThreaded only initializes value once[Iterations: 9,929]" classname="serie2.ex3.CounterModuloTest" time="0.014"/>
  <testcase name="MultiThreaded only initializes value once[Iterations: 9,930]" classname="serie2.ex3.CounterModuloTest" time="0.016"/>
  <testcase name="MultiThreaded only initializes value once[Iterations: 9,931]" classname="serie2.ex3.CounterModuloTest" time="0.014"/>
  <testcase name="MultiThreaded only initializes value once[Iterations: 9,932]" classname="serie2.ex3.CounterModuloTest" time="0.015"/>
  <testcase name="MultiThreaded only initializes value once[Iterations: 9,933]" classname="serie2.ex3.CounterModuloTest" time="0.014"/>
  <testcase name="MultiThreaded only initializes value once[Iterations: 9,934]" classname="serie2.ex3.CounterModuloTest" time="0.014"/>
  <testcase name="MultiThreaded only initializes value once[Iterations: 9,935]" classname="serie2.ex3.CounterModuloTest" time="0.014"/>
  <testcase name="MultiThreaded only initializes value once[Iterations: 9,936]" classname="serie2.ex3.CounterModuloTest" time="0.015"/>
  <testcase name="MultiThreaded only initializes value once[Iterations: 9,937]" classname="serie2.ex3.CounterModuloTest" time="0.015"/>
  <testcase name="MultiThreaded only initializes value once[Iterations: 9,938]" classname="serie2.ex3.CounterModuloTest" time="0.015"/>
  <testcase name="MultiThreaded only initializes value once[Iterations: 9,939]" classname="serie2.ex3.CounterModuloTest" time="0.014"/>
  <testcase name="MultiThreaded only initializes value once[Iterations: 9,940]" classname="serie2.ex3.CounterModuloTest" time="0.014"/>
  <testcase name="MultiThreaded only initializes value once[Iterations: 9,941]" classname="serie2.ex3.CounterModuloTest" time="0.016"/>
  <testcase name="MultiThreaded only initializes value once[Iterations: 9,942]" classname="serie2.ex3.CounterModuloTest" time="0.014"/>
  <testcase name="MultiThreaded only initializes value once[Iterations: 9,943]" classname="serie2.ex3.CounterModuloTest" time="0.014"/>
  <testcase name="MultiThreaded only initializes value once[Iterations: 9,944]" classname="serie2.ex3.CounterModuloTest" time="0.016"/>
  <testcase name="MultiThreaded only initializes value once[Iterations: 9,945]" classname="serie2.ex3.CounterModuloTest" time="0.016"/>
  <testcase name="MultiThreaded only initializes value once[Iterations: 9,946]" classname="serie2.ex3.CounterModuloTest" time="0.015"/>
  <testcase name="MultiThreaded only initializes value once[Iterations: 9,947]" classname="serie2.ex3.CounterModuloTest" time="0.014"/>
  <testcase name="MultiThreaded only initializes value once[Iterations: 9,948]" classname="serie2.ex3.CounterModuloTest" time="0.015"/>
  <testcase name="MultiThreaded only initializes value once[Iterations: 9,949]" classname="serie2.ex3.CounterModuloTest" time="0.014"/>
  <testcase name="MultiThreaded only initializes value once[Iterations: 9,950]" classname="serie2.ex3.CounterModuloTest" time="0.015"/>
  <testcase name="MultiThreaded only initializes value once[Iterations: 9,951]" classname="serie2.ex3.CounterModuloTest" time="0.016"/>
  <testcase name="MultiThreaded only initializes value once[Iterations: 9,952]" classname="serie2.ex3.CounterModuloTest" time="0.014"/>
  <testcase name="MultiThreaded only initializes value once[Iterations: 9,953]" classname="serie2.ex3.CounterModuloTest" time="0.015"/>
  <testcase name="MultiThreaded only initializes value once[Iterations: 9,954]" classname="serie2.ex3.CounterModuloTest" time="0.015"/>
  <testcase name="MultiThreaded only initializes value once[Iterations: 9,955]" classname="serie2.ex3.CounterModuloTest" time="0.014"/>
  <testcase name="MultiThreaded only initializes value once[Iterations: 9,956]" classname="serie2.ex3.CounterModuloTest" time="0.013"/>
  <testcase name="MultiThreaded only initializes value once[Iterations: 9,957]" classname="serie2.ex3.CounterModuloTest" time="0.014"/>
  <testcase name="MultiThreaded only initializes value once[Iterations: 9,958]" classname="serie2.ex3.CounterModuloTest" time="0.016"/>
  <testcase name="MultiThreaded only initializes value once[Iterations: 9,959]" classname="serie2.ex3.CounterModuloTest" time="0.014"/>
  <testcase name="MultiThreaded only initializes value once[Iterations: 9,960]" classname="serie2.ex3.CounterModuloTest" time="0.014"/>
  <testcase name="MultiThreaded only initializes value once[Iterations: 9,961]" classname="serie2.ex3.CounterModuloTest" time="0.015"/>
  <testcase name="MultiThreaded only initializes value once[Iterations: 9,962]" classname="serie2.ex3.CounterModuloTest" time="0.013"/>
  <testcase name="MultiThreaded only initializes value once[Iterations: 9,963]" classname="serie2.ex3.CounterModuloTest" time="0.015"/>
  <testcase name="MultiThreaded only initializes value once[Iterations: 9,964]" classname="serie2.ex3.CounterModuloTest" time="0.013"/>
  <testcase name="MultiThreaded only initializes value once[Iterations: 9,965]" classname="serie2.ex3.CounterModuloTest" time="0.016"/>
  <testcase name="MultiThreaded only initializes value once[Iterations: 9,966]" classname="serie2.ex3.CounterModuloTest" time="0.014"/>
  <testcase name="MultiThreaded only initializes value once[Iterations: 9,967]" classname="serie2.ex3.CounterModuloTest" time="0.015"/>
  <testcase name="MultiThreaded only initializes value once[Iterations: 9,968]" classname="serie2.ex3.CounterModuloTest" time="0.014"/>
  <testcase name="MultiThreaded only initializes value once[Iterations: 9,969]" classname="serie2.ex3.CounterModuloTest" time="0.014"/>
  <testcase name="MultiThreaded only initializes value once[Iterations: 9,970]" classname="serie2.ex3.CounterModuloTest" time="0.014"/>
  <testcase name="MultiThreaded only initializes value once[Iterations: 9,971]" classname="serie2.ex3.CounterModuloTest" time="0.015"/>
  <testcase name="MultiThreaded only initializes value once[Iterations: 9,972]" classname="serie2.ex3.CounterModuloTest" time="0.015"/>
  <testcase name="MultiThreaded only initializes value once[Iterations: 9,973]" classname="serie2.ex3.CounterModuloTest" time="0.013"/>
  <testcase name="MultiThreaded only initializes value once[Iterations: 9,974]" classname="serie2.ex3.CounterModuloTest" time="0.015"/>
  <testcase name="MultiThreaded only initializes value once[Iterations: 9,975]" classname="serie2.ex3.CounterModuloTest" time="0.015"/>
  <testcase name="MultiThreaded only initializes value once[Iterations: 9,976]" classname="serie2.ex3.CounterModuloTest" time="0.014"/>
  <testcase name="MultiThreaded only initializes value once[Iterations: 9,977]" classname="serie2.ex3.CounterModuloTest" time="0.014"/>
  <testcase name="MultiThreaded only initializes value once[Iterations: 9,978]" classname="serie2.ex3.CounterModuloTest" time="0.015"/>
  <testcase name="MultiThreaded only initializes value once[Iterations: 9,979]" classname="serie2.ex3.CounterModuloTest" time="0.014"/>
  <testcase name="MultiThreaded only initializes value once[Iterations: 9,980]" classname="serie2.ex3.CounterModuloTest" time="0.017"/>
  <testcase name="MultiThreaded only initializes value once[Iterations: 9,981]" classname="serie2.ex3.CounterModuloTest" time="0.016"/>
  <testcase name="MultiThreaded only initializes value once[Iterations: 9,982]" classname="serie2.ex3.CounterModuloTest" time="0.014"/>
  <testcase name="MultiThreaded only initializes value once[Iterations: 9,983]" classname="serie2.ex3.CounterModuloTest" time="0.015"/>
  <testcase name="MultiThreaded only initializes value once[Iterations: 9,984]" classname="serie2.ex3.CounterModuloTest" time="0.014"/>
  <testcase name="MultiThreaded only initializes value once[Iterations: 9,985]" classname="serie2.ex3.CounterModuloTest" time="0.014"/>
  <testcase name="MultiThreaded only initializes value once[Iterations: 9,986]" classname="serie2.ex3.CounterModuloTest" time="0.014"/>
  <testcase name="MultiThreaded only initializes value once[Iterations: 9,987]" classname="serie2.ex3.CounterModuloTest" time="0.015"/>
  <testcase name="MultiThreaded only initializes value once[Iterations: 9,988]" classname="serie2.ex3.CounterModuloTest" time="0.014"/>
  <testcase name="MultiThreaded only initializes value once[Iterations: 9,989]" classname="serie2.ex3.CounterModuloTest" time="0.015"/>
  <testcase name="MultiThreaded only initializes value once[Iterations: 9,990]" classname="serie2.ex3.CounterModuloTest" time="0.014"/>
  <testcase name="MultiThreaded only initializes value once[Iterations: 9,991]" classname="serie2.ex3.CounterModuloTest" time="0.015"/>
  <testcase name="MultiThreaded only initializes value once[Iterations: 9,992]" classname="serie2.ex3.CounterModuloTest" time="0.015"/>
  <testcase name="MultiThreaded only initializes value once[Iterations: 9,993]" classname="serie2.ex3.CounterModuloTest" time="0.015"/>
  <testcase name="MultiThreaded only initializes value once[Iterations: 9,994]" classname="serie2.ex3.CounterModuloTest" time="0.014"/>
  <testcase name="MultiThreaded only initializes value once[Iterations: 9,995]" classname="serie2.ex3.CounterModuloTest" time="0.015"/>
  <testcase name="MultiThreaded only initializes value once[Iterations: 9,996]" classname="serie2.ex3.CounterModuloTest" time="0.015"/>
  <testcase name="MultiThreaded only initializes value once[Iterations: 9,997]" classname="serie2.ex3.CounterModuloTest" time="0.015"/>
  <testcase name="MultiThreaded only initializes value once[Iterations: 9,998]" classname="serie2.ex3.CounterModuloTest" time="0.015"/>
  <testcase name="MultiThreaded only initializes value once[Iterations: 9,999]" classname="serie2.ex3.CounterModuloTest" time="0.02"/>
  <testcase name="MultiThreaded only initializes value once[Iterations: 10,000]" classname="serie2.ex3.CounterModuloTest" time="0.015"/>
  <system-out><![CDATA[]]></system-out>
  <system-err><![CDATA[]]></system-err>
</testsuite>
