<?xml version="1.0" encoding="UTF-8"?>
<testsuite name="serie2.ex4.QueueSimpleTest" tests="2" skipped="0" failures="0" errors="0" timestamp="2022-05-14T16:11:32" hostname="LAPTOP-8IJG8NP1" time="0.005">
  <properties/>
  <testcase name="single take on a empty queue" classname="serie2.ex4.QueueSimpleTest" time="0.005"/>
  <testcase name="queue single take on a previous inserted value" classname="serie2.ex4.QueueSimpleTest" time="0.0"/>
  <system-out><![CDATA[]]></system-out>
  <system-err><![CDATA[]]></system-err>
</testsuite>
