<?xml version="1.0" encoding="UTF-8"?>
<testsuite name="serie2.ex2.MessageBoxSimpleTest" tests="2" skipped="0" failures="0" errors="0" timestamp="2022-05-14T16:10:00" hostname="LAPTOP-8IJG8NP1" time="0.001">
  <properties/>
  <testcase name="A new publish in the middle of the process of consuming" classname="serie2.ex2.MessageBoxSimpleTest" time="0.001"/>
  <testcase name="A new publish overrides the older one" classname="serie2.ex2.MessageBoxSimpleTest" time="0.0"/>
  <system-out><![CDATA[]]></system-out>
  <system-err><![CDATA[]]></system-err>
</testsuite>
