<?xml version="1.0" encoding="UTF-8"?>
<testsuite name="serie2.ex3.LazyTest" tests="1" skipped="0" failures="0" errors="0" timestamp="2022-05-14T16:11:32" hostname="LAPTOP-8IJG8NP1" time="0.102">
  <properties/>
  <testcase name="Only initializes value once" classname="serie2.ex3.LazyTest" time="0.102"/>
  <system-out><![CDATA[First access to value: 97 ms
Second access to value: 0 ms
Third access to value: 0 ms
]]></system-out>
  <system-err><![CDATA[]]></system-err>
</testsuite>
