<?xml version="1.0" encoding="UTF-8"?>
<testsuite name="serie2.ex1.CounterModuloTest" tests="5000" skipped="0" failures="0" errors="0" timestamp="2022-05-14T13:30:52" hostname="LAPTOP-8IJG8NP1" time="26.786">
  <properties/>
  <testcase name="multi threaded increment counter[Modulo: 1]" classname="serie2.ex1.CounterModuloTest" time="0.106"/>
  <testcase name="single threaded increment and decrement counter[Modulo: 1]" classname="serie2.ex1.CounterModuloTest" time="0.005"/>
  <testcase name="single threaded decrement at 0 gives module - 1[Modulo: 1]" classname="serie2.ex1.CounterModuloTest" time="0.0"/>
  <testcase name="single threaded increment at module - 1 gives 0[Modulo: 1]" classname="serie2.ex1.CounterModuloTest" time="0.0"/>
  <testcase name="multi threaded decrement counter[Modulo: 1]" classname="serie2.ex1.CounterModuloTest" time="0.018"/>
  <testcase name="multi threaded increment counter[Modulo: 2]" classname="serie2.ex1.CounterModuloTest" time="0.018"/>
  <testcase name="single threaded increment and decrement counter[Modulo: 2]" classname="serie2.ex1.CounterModuloTest" time="0.002"/>
  <testcase name="single threaded decrement at 0 gives module - 1[Modulo: 2]" classname="serie2.ex1.CounterModuloTest" time="0.0"/>
  <testcase name="single threaded increment at module - 1 gives 0[Modulo: 2]" classname="serie2.ex1.CounterModuloTest" time="0.0"/>
  <testcase name="multi threaded decrement counter[Modulo: 2]" classname="serie2.ex1.CounterModuloTest" time="0.018"/>
  <testcase name="multi threaded increment counter[Modulo: 3]" classname="serie2.ex1.CounterModuloTest" time="0.021"/>
  <testcase name="single threaded increment and decrement counter[Modulo: 3]" classname="serie2.ex1.CounterModuloTest" time="0.002"/>
  <testcase name="single threaded decrement at 0 gives module - 1[Modulo: 3]" classname="serie2.ex1.CounterModuloTest" time="0.001"/>
  <testcase name="single threaded increment at module - 1 gives 0[Modulo: 3]" classname="serie2.ex1.CounterModuloTest" time="0.0"/>
  <testcase name="multi threaded decrement counter[Modulo: 3]" classname="serie2.ex1.CounterModuloTest" time="0.025"/>
  <testcase name="multi threaded increment counter[Modulo: 4]" classname="serie2.ex1.CounterModuloTest" time="0.023"/>
  <testcase name="single threaded increment and decrement counter[Modulo: 4]" classname="serie2.ex1.CounterModuloTest" time="0.002"/>
  <testcase name="single threaded decrement at 0 gives module - 1[Modulo: 4]" classname="serie2.ex1.CounterModuloTest" time="0.0"/>
  <testcase name="single threaded increment at module - 1 gives 0[Modulo: 4]" classname="serie2.ex1.CounterModuloTest" time="0.0"/>
  <testcase name="multi threaded decrement counter[Modulo: 4]" classname="serie2.ex1.CounterModuloTest" time="0.018"/>
  <testcase name="multi threaded increment counter[Modulo: 5]" classname="serie2.ex1.CounterModuloTest" time="0.02"/>
  <testcase name="single threaded increment and decrement counter[Modulo: 5]" classname="serie2.ex1.CounterModuloTest" time="0.001"/>
  <testcase name="single threaded decrement at 0 gives module - 1[Modulo: 5]" classname="serie2.ex1.CounterModuloTest" time="0.0"/>
  <testcase name="single threaded increment at module - 1 gives 0[Modulo: 5]" classname="serie2.ex1.CounterModuloTest" time="0.0"/>
  <testcase name="multi threaded decrement counter[Modulo: 5]" classname="serie2.ex1.CounterModuloTest" time="0.02"/>
  <testcase name="multi threaded increment counter[Modulo: 6]" classname="serie2.ex1.CounterModuloTest" time="0.019"/>
  <testcase name="single threaded increment and decrement counter[Modulo: 6]" classname="serie2.ex1.CounterModuloTest" time="0.001"/>
  <testcase name="single threaded decrement at 0 gives module - 1[Modulo: 6]" classname="serie2.ex1.CounterModuloTest" time="0.0"/>
  <testcase name="single threaded increment at module - 1 gives 0[Modulo: 6]" classname="serie2.ex1.CounterModuloTest" time="0.0"/>
  <testcase name="multi threaded decrement counter[Modulo: 6]" classname="serie2.ex1.CounterModuloTest" time="0.02"/>
  <testcase name="multi threaded increment counter[Modulo: 7]" classname="serie2.ex1.CounterModuloTest" time="0.021"/>
  <testcase name="single threaded increment and decrement counter[Modulo: 7]" classname="serie2.ex1.CounterModuloTest" time="0.002"/>
  <testcase name="single threaded decrement at 0 gives module - 1[Modulo: 7]" classname="serie2.ex1.CounterModuloTest" time="0.0"/>
  <testcase name="single threaded increment at module - 1 gives 0[Modulo: 7]" classname="serie2.ex1.CounterModuloTest" time="0.0"/>
  <testcase name="multi threaded decrement counter[Modulo: 7]" classname="serie2.ex1.CounterModuloTest" time="0.022"/>
  <testcase name="multi threaded increment counter[Modulo: 8]" classname="serie2.ex1.CounterModuloTest" time="0.02"/>
  <testcase name="single threaded increment and decrement counter[Modulo: 8]" classname="serie2.ex1.CounterModuloTest" time="0.001"/>
  <testcase name="single threaded decrement at 0 gives module - 1[Modulo: 8]" classname="serie2.ex1.CounterModuloTest" time="0.0"/>
  <testcase name="single threaded increment at module - 1 gives 0[Modulo: 8]" classname="serie2.ex1.CounterModuloTest" time="0.0"/>
  <testcase name="multi threaded decrement counter[Modulo: 8]" classname="serie2.ex1.CounterModuloTest" time="0.022"/>
  <testcase name="multi threaded increment counter[Modulo: 9]" classname="serie2.ex1.CounterModuloTest" time="0.021"/>
  <testcase name="single threaded increment and decrement counter[Modulo: 9]" classname="serie2.ex1.CounterModuloTest" time="0.002"/>
  <testcase name="single threaded decrement at 0 gives module - 1[Modulo: 9]" classname="serie2.ex1.CounterModuloTest" time="0.0"/>
  <testcase name="single threaded increment at module - 1 gives 0[Modulo: 9]" classname="serie2.ex1.CounterModuloTest" time="0.0"/>
  <testcase name="multi threaded decrement counter[Modulo: 9]" classname="serie2.ex1.CounterModuloTest" time="0.02"/>
  <testcase name="multi threaded increment counter[Modulo: 10]" classname="serie2.ex1.CounterModuloTest" time="0.019"/>
  <testcase name="single threaded increment and decrement counter[Modulo: 10]" classname="serie2.ex1.CounterModuloTest" time="0.001"/>
  <testcase name="single threaded decrement at 0 gives module - 1[Modulo: 10]" classname="serie2.ex1.CounterModuloTest" time="0.0"/>
  <testcase name="single threaded increment at module - 1 gives 0[Modulo: 10]" classname="serie2.ex1.CounterModuloTest" time="0.0"/>
  <testcase name="multi threaded decrement counter[Modulo: 10]" classname="serie2.ex1.CounterModuloTest" time="0.018"/>
  <testcase name="multi threaded increment counter[Modulo: 11]" classname="serie2.ex1.CounterModuloTest" time="0.021"/>
  <testcase name="single threaded increment and decrement counter[Modulo: 11]" classname="serie2.ex1.CounterModuloTest" time="0.001"/>
  <testcase name="single threaded decrement at 0 gives module - 1[Modulo: 11]" classname="serie2.ex1.CounterModuloTest" time="0.0"/>
  <testcase name="single threaded increment at module - 1 gives 0[Modulo: 11]" classname="serie2.ex1.CounterModuloTest" time="0.0"/>
  <testcase name="multi threaded decrement counter[Modulo: 11]" classname="serie2.ex1.CounterModuloTest" time="0.021"/>
  <testcase name="multi threaded increment counter[Modulo: 12]" classname="serie2.ex1.CounterModuloTest" time="0.021"/>
  <testcase name="single threaded increment and decrement counter[Modulo: 12]" classname="serie2.ex1.CounterModuloTest" time="0.001"/>
  <testcase name="single threaded decrement at 0 gives module - 1[Modulo: 12]" classname="serie2.ex1.CounterModuloTest" time="0.0"/>
  <testcase name="single threaded increment at module - 1 gives 0[Modulo: 12]" classname="serie2.ex1.CounterModuloTest" time="0.0"/>
  <testcase name="multi threaded decrement counter[Modulo: 12]" classname="serie2.ex1.CounterModuloTest" time="0.02"/>
  <testcase name="multi threaded increment counter[Modulo: 13]" classname="serie2.ex1.CounterModuloTest" time="0.015"/>
  <testcase name="single threaded increment and decrement counter[Modulo: 13]" classname="serie2.ex1.CounterModuloTest" time="0.001"/>
  <testcase name="single threaded decrement at 0 gives module - 1[Modulo: 13]" classname="serie2.ex1.CounterModuloTest" time="0.0"/>
  <testcase name="single threaded increment at module - 1 gives 0[Modulo: 13]" classname="serie2.ex1.CounterModuloTest" time="0.0"/>
  <testcase name="multi threaded decrement counter[Modulo: 13]" classname="serie2.ex1.CounterModuloTest" time="0.015"/>
  <testcase name="multi threaded increment counter[Modulo: 14]" classname="serie2.ex1.CounterModuloTest" time="0.014"/>
  <testcase name="single threaded increment and decrement counter[Modulo: 14]" classname="serie2.ex1.CounterModuloTest" time="0.002"/>
  <testcase name="single threaded decrement at 0 gives module - 1[Modulo: 14]" classname="serie2.ex1.CounterModuloTest" time="0.001"/>
  <testcase name="single threaded increment at module - 1 gives 0[Modulo: 14]" classname="serie2.ex1.CounterModuloTest" time="0.0"/>
  <testcase name="multi threaded decrement counter[Modulo: 14]" classname="serie2.ex1.CounterModuloTest" time="0.013"/>
  <testcase name="multi threaded increment counter[Modulo: 15]" classname="serie2.ex1.CounterModuloTest" time="0.014"/>
  <testcase name="single threaded increment and decrement counter[Modulo: 15]" classname="serie2.ex1.CounterModuloTest" time="0.003"/>
  <testcase name="single threaded decrement at 0 gives module - 1[Modulo: 15]" classname="serie2.ex1.CounterModuloTest" time="0.0"/>
  <testcase name="single threaded increment at module - 1 gives 0[Modulo: 15]" classname="serie2.ex1.CounterModuloTest" time="0.0"/>
  <testcase name="multi threaded decrement counter[Modulo: 15]" classname="serie2.ex1.CounterModuloTest" time="0.012"/>
  <testcase name="multi threaded increment counter[Modulo: 16]" classname="serie2.ex1.CounterModuloTest" time="0.016"/>
  <testcase name="single threaded increment and decrement counter[Modulo: 16]" classname="serie2.ex1.CounterModuloTest" time="0.002"/>
  <testcase name="single threaded decrement at 0 gives module - 1[Modulo: 16]" classname="serie2.ex1.CounterModuloTest" time="0.0"/>
  <testcase name="single threaded increment at module - 1 gives 0[Modulo: 16]" classname="serie2.ex1.CounterModuloTest" time="0.0"/>
  <testcase name="multi threaded decrement counter[Modulo: 16]" classname="serie2.ex1.CounterModuloTest" time="0.015"/>
  <testcase name="multi threaded increment counter[Modulo: 17]" classname="serie2.ex1.CounterModuloTest" time="0.013"/>
  <testcase name="single threaded increment and decrement counter[Modulo: 17]" classname="serie2.ex1.CounterModuloTest" time="0.001"/>
  <testcase name="single threaded decrement at 0 gives module - 1[Modulo: 17]" classname="serie2.ex1.CounterModuloTest" time="0.0"/>
  <testcase name="single threaded increment at module - 1 gives 0[Modulo: 17]" classname="serie2.ex1.CounterModuloTest" time="0.0"/>
  <testcase name="multi threaded decrement counter[Modulo: 17]" classname="serie2.ex1.CounterModuloTest" time="0.014"/>
  <testcase name="multi threaded increment counter[Modulo: 18]" classname="serie2.ex1.CounterModuloTest" time="0.015"/>
  <testcase name="single threaded increment and decrement counter[Modulo: 18]" classname="serie2.ex1.CounterModuloTest" time="0.001"/>
  <testcase name="single threaded decrement at 0 gives module - 1[Modulo: 18]" classname="serie2.ex1.CounterModuloTest" time="0.0"/>
  <testcase name="single threaded increment at module - 1 gives 0[Modulo: 18]" classname="serie2.ex1.CounterModuloTest" time="0.0"/>
  <testcase name="multi threaded decrement counter[Modulo: 18]" classname="serie2.ex1.CounterModuloTest" time="0.013"/>
  <testcase name="multi threaded increment counter[Modulo: 19]" classname="serie2.ex1.CounterModuloTest" time="0.012"/>
  <testcase name="single threaded increment and decrement counter[Modulo: 19]" classname="serie2.ex1.CounterModuloTest" time="0.001"/>
  <testcase name="single threaded decrement at 0 gives module - 1[Modulo: 19]" classname="serie2.ex1.CounterModuloTest" time="0.0"/>
  <testcase name="single threaded increment at module - 1 gives 0[Modulo: 19]" classname="serie2.ex1.CounterModuloTest" time="0.0"/>
  <testcase name="multi threaded decrement counter[Modulo: 19]" classname="serie2.ex1.CounterModuloTest" time="0.013"/>
  <testcase name="multi threaded increment counter[Modulo: 20]" classname="serie2.ex1.CounterModuloTest" time="0.014"/>
  <testcase name="single threaded increment and decrement counter[Modulo: 20]" classname="serie2.ex1.CounterModuloTest" time="0.001"/>
  <testcase name="single threaded decrement at 0 gives module - 1[Modulo: 20]" classname="serie2.ex1.CounterModuloTest" time="0.0"/>
  <testcase name="single threaded increment at module - 1 gives 0[Modulo: 20]" classname="serie2.ex1.CounterModuloTest" time="0.0"/>
  <testcase name="multi threaded decrement counter[Modulo: 20]" classname="serie2.ex1.CounterModuloTest" time="0.014"/>
  <testcase name="multi threaded increment counter[Modulo: 21]" classname="serie2.ex1.CounterModuloTest" time="0.014"/>
  <testcase name="single threaded increment and decrement counter[Modulo: 21]" classname="serie2.ex1.CounterModuloTest" time="0.001"/>
  <testcase name="single threaded decrement at 0 gives module - 1[Modulo: 21]" classname="serie2.ex1.CounterModuloTest" time="0.0"/>
  <testcase name="single threaded increment at module - 1 gives 0[Modulo: 21]" classname="serie2.ex1.CounterModuloTest" time="0.0"/>
  <testcase name="multi threaded decrement counter[Modulo: 21]" classname="serie2.ex1.CounterModuloTest" time="0.014"/>
  <testcase name="multi threaded increment counter[Modulo: 22]" classname="serie2.ex1.CounterModuloTest" time="0.014"/>
  <testcase name="single threaded increment and decrement counter[Modulo: 22]" classname="serie2.ex1.CounterModuloTest" time="0.002"/>
  <testcase name="single threaded decrement at 0 gives module - 1[Modulo: 22]" classname="serie2.ex1.CounterModuloTest" time="0.0"/>
  <testcase name="single threaded increment at module - 1 gives 0[Modulo: 22]" classname="serie2.ex1.CounterModuloTest" time="0.0"/>
  <testcase name="multi threaded decrement counter[Modulo: 22]" classname="serie2.ex1.CounterModuloTest" time="0.014"/>
  <testcase name="multi threaded increment counter[Modulo: 23]" classname="serie2.ex1.CounterModuloTest" time="0.014"/>
  <testcase name="single threaded increment and decrement counter[Modulo: 23]" classname="serie2.ex1.CounterModuloTest" time="0.001"/>
  <testcase name="single threaded decrement at 0 gives module - 1[Modulo: 23]" classname="serie2.ex1.CounterModuloTest" time="0.0"/>
  <testcase name="single threaded increment at module - 1 gives 0[Modulo: 23]" classname="serie2.ex1.CounterModuloTest" time="0.0"/>
  <testcase name="multi threaded decrement counter[Modulo: 23]" classname="serie2.ex1.CounterModuloTest" time="0.014"/>
  <testcase name="multi threaded increment counter[Modulo: 24]" classname="serie2.ex1.CounterModuloTest" time="0.013"/>
  <testcase name="single threaded increment and decrement counter[Modulo: 24]" classname="serie2.ex1.CounterModuloTest" time="0.001"/>
  <testcase name="single threaded decrement at 0 gives module - 1[Modulo: 24]" classname="serie2.ex1.CounterModuloTest" time="0.0"/>
  <testcase name="single threaded increment at module - 1 gives 0[Modulo: 24]" classname="serie2.ex1.CounterModuloTest" time="0.0"/>
  <testcase name="multi threaded decrement counter[Modulo: 24]" classname="serie2.ex1.CounterModuloTest" time="0.013"/>
  <testcase name="multi threaded increment counter[Modulo: 25]" classname="serie2.ex1.CounterModuloTest" time="0.012"/>
  <testcase name="single threaded increment and decrement counter[Modulo: 25]" classname="serie2.ex1.CounterModuloTest" time="0.001"/>
  <testcase name="single threaded decrement at 0 gives module - 1[Modulo: 25]" classname="serie2.ex1.CounterModuloTest" time="0.0"/>
  <testcase name="single threaded increment at module - 1 gives 0[Modulo: 25]" classname="serie2.ex1.CounterModuloTest" time="0.0"/>
  <testcase name="multi threaded decrement counter[Modulo: 25]" classname="serie2.ex1.CounterModuloTest" time="0.011"/>
  <testcase name="multi threaded increment counter[Modulo: 26]" classname="serie2.ex1.CounterModuloTest" time="0.011"/>
  <testcase name="single threaded increment and decrement counter[Modulo: 26]" classname="serie2.ex1.CounterModuloTest" time="0.0"/>
  <testcase name="single threaded decrement at 0 gives module - 1[Modulo: 26]" classname="serie2.ex1.CounterModuloTest" time="0.0"/>
  <testcase name="single threaded increment at module - 1 gives 0[Modulo: 26]" classname="serie2.ex1.CounterModuloTest" time="0.0"/>
  <testcase name="multi threaded decrement counter[Modulo: 26]" classname="serie2.ex1.CounterModuloTest" time="0.011"/>
  <testcase name="multi threaded increment counter[Modulo: 27]" classname="serie2.ex1.CounterModuloTest" time="0.012"/>
  <testcase name="single threaded increment and decrement counter[Modulo: 27]" classname="serie2.ex1.CounterModuloTest" time="0.001"/>
  <testcase name="single threaded decrement at 0 gives module - 1[Modulo: 27]" classname="serie2.ex1.CounterModuloTest" time="0.0"/>
  <testcase name="single threaded increment at module - 1 gives 0[Modulo: 27]" classname="serie2.ex1.CounterModuloTest" time="0.0"/>
  <testcase name="multi threaded decrement counter[Modulo: 27]" classname="serie2.ex1.CounterModuloTest" time="0.01"/>
  <testcase name="multi threaded increment counter[Modulo: 28]" classname="serie2.ex1.CounterModuloTest" time="0.01"/>
  <testcase name="single threaded increment and decrement counter[Modulo: 28]" classname="serie2.ex1.CounterModuloTest" time="0.0"/>
  <testcase name="single threaded decrement at 0 gives module - 1[Modulo: 28]" classname="serie2.ex1.CounterModuloTest" time="0.0"/>
  <testcase name="single threaded increment at module - 1 gives 0[Modulo: 28]" classname="serie2.ex1.CounterModuloTest" time="0.0"/>
  <testcase name="multi threaded decrement counter[Modulo: 28]" classname="serie2.ex1.CounterModuloTest" time="0.009"/>
  <testcase name="multi threaded increment counter[Modulo: 29]" classname="serie2.ex1.CounterModuloTest" time="0.01"/>
  <testcase name="single threaded increment and decrement counter[Modulo: 29]" classname="serie2.ex1.CounterModuloTest" time="0.0"/>
  <testcase name="single threaded decrement at 0 gives module - 1[Modulo: 29]" classname="serie2.ex1.CounterModuloTest" time="0.0"/>
  <testcase name="single threaded increment at module - 1 gives 0[Modulo: 29]" classname="serie2.ex1.CounterModuloTest" time="0.0"/>
  <testcase name="multi threaded decrement counter[Modulo: 29]" classname="serie2.ex1.CounterModuloTest" time="0.01"/>
  <testcase name="multi threaded increment counter[Modulo: 30]" classname="serie2.ex1.CounterModuloTest" time="0.011"/>
  <testcase name="single threaded increment and decrement counter[Modulo: 30]" classname="serie2.ex1.CounterModuloTest" time="0.0"/>
  <testcase name="single threaded decrement at 0 gives module - 1[Modulo: 30]" classname="serie2.ex1.CounterModuloTest" time="0.0"/>
  <testcase name="single threaded increment at module - 1 gives 0[Modulo: 30]" classname="serie2.ex1.CounterModuloTest" time="0.0"/>
  <testcase name="multi threaded decrement counter[Modulo: 30]" classname="serie2.ex1.CounterModuloTest" time="0.01"/>
  <testcase name="multi threaded increment counter[Modulo: 31]" classname="serie2.ex1.CounterModuloTest" time="0.01"/>
  <testcase name="single threaded increment and decrement counter[Modulo: 31]" classname="serie2.ex1.CounterModuloTest" time="0.0"/>
  <testcase name="single threaded decrement at 0 gives module - 1[Modulo: 31]" classname="serie2.ex1.CounterModuloTest" time="0.0"/>
  <testcase name="single threaded increment at module - 1 gives 0[Modulo: 31]" classname="serie2.ex1.CounterModuloTest" time="0.0"/>
  <testcase name="multi threaded decrement counter[Modulo: 31]" classname="serie2.ex1.CounterModuloTest" time="0.011"/>
  <testcase name="multi threaded increment counter[Modulo: 32]" classname="serie2.ex1.CounterModuloTest" time="0.01"/>
  <testcase name="single threaded increment and decrement counter[Modulo: 32]" classname="serie2.ex1.CounterModuloTest" time="0.0"/>
  <testcase name="single threaded decrement at 0 gives module - 1[Modulo: 32]" classname="serie2.ex1.CounterModuloTest" time="0.0"/>
  <testcase name="single threaded increment at module - 1 gives 0[Modulo: 32]" classname="serie2.ex1.CounterModuloTest" time="0.0"/>
  <testcase name="multi threaded decrement counter[Modulo: 32]" classname="serie2.ex1.CounterModuloTest" time="0.011"/>
  <testcase name="multi threaded increment counter[Modulo: 33]" classname="serie2.ex1.CounterModuloTest" time="0.011"/>
  <testcase name="single threaded increment and decrement counter[Modulo: 33]" classname="serie2.ex1.CounterModuloTest" time="0.0"/>
  <testcase name="single threaded decrement at 0 gives module - 1[Modulo: 33]" classname="serie2.ex1.CounterModuloTest" time="0.0"/>
  <testcase name="single threaded increment at module - 1 gives 0[Modulo: 33]" classname="serie2.ex1.CounterModuloTest" time="0.0"/>
  <testcase name="multi threaded decrement counter[Modulo: 33]" classname="serie2.ex1.CounterModuloTest" time="0.012"/>
  <testcase name="multi threaded increment counter[Modulo: 34]" classname="serie2.ex1.CounterModuloTest" time="0.011"/>
  <testcase name="single threaded increment and decrement counter[Modulo: 34]" classname="serie2.ex1.CounterModuloTest" time="0.001"/>
  <testcase name="single threaded decrement at 0 gives module - 1[Modulo: 34]" classname="serie2.ex1.CounterModuloTest" time="0.0"/>
  <testcase name="single threaded increment at module - 1 gives 0[Modulo: 34]" classname="serie2.ex1.CounterModuloTest" time="0.0"/>
  <testcase name="multi threaded decrement counter[Modulo: 34]" classname="serie2.ex1.CounterModuloTest" time="0.028"/>
  <testcase name="multi threaded increment counter[Modulo: 35]" classname="serie2.ex1.CounterModuloTest" time="0.012"/>
  <testcase name="single threaded increment and decrement counter[Modulo: 35]" classname="serie2.ex1.CounterModuloTest" time="0.0"/>
  <testcase name="single threaded decrement at 0 gives module - 1[Modulo: 35]" classname="serie2.ex1.CounterModuloTest" time="0.0"/>
  <testcase name="single threaded increment at module - 1 gives 0[Modulo: 35]" classname="serie2.ex1.CounterModuloTest" time="0.0"/>
  <testcase name="multi threaded decrement counter[Modulo: 35]" classname="serie2.ex1.CounterModuloTest" time="0.012"/>
  <testcase name="multi threaded increment counter[Modulo: 36]" classname="serie2.ex1.CounterModuloTest" time="0.011"/>
  <testcase name="single threaded increment and decrement counter[Modulo: 36]" classname="serie2.ex1.CounterModuloTest" time="0.001"/>
  <testcase name="single threaded decrement at 0 gives module - 1[Modulo: 36]" classname="serie2.ex1.CounterModuloTest" time="0.0"/>
  <testcase name="single threaded increment at module - 1 gives 0[Modulo: 36]" classname="serie2.ex1.CounterModuloTest" time="0.0"/>
  <testcase name="multi threaded decrement counter[Modulo: 36]" classname="serie2.ex1.CounterModuloTest" time="0.012"/>
  <testcase name="multi threaded increment counter[Modulo: 37]" classname="serie2.ex1.CounterModuloTest" time="0.012"/>
  <testcase name="single threaded increment and decrement counter[Modulo: 37]" classname="serie2.ex1.CounterModuloTest" time="0.0"/>
  <testcase name="single threaded decrement at 0 gives module - 1[Modulo: 37]" classname="serie2.ex1.CounterModuloTest" time="0.0"/>
  <testcase name="single threaded increment at module - 1 gives 0[Modulo: 37]" classname="serie2.ex1.CounterModuloTest" time="0.0"/>
  <testcase name="multi threaded decrement counter[Modulo: 37]" classname="serie2.ex1.CounterModuloTest" time="0.012"/>
  <testcase name="multi threaded increment counter[Modulo: 38]" classname="serie2.ex1.CounterModuloTest" time="0.011"/>
  <testcase name="single threaded increment and decrement counter[Modulo: 38]" classname="serie2.ex1.CounterModuloTest" time="0.001"/>
  <testcase name="single threaded decrement at 0 gives module - 1[Modulo: 38]" classname="serie2.ex1.CounterModuloTest" time="0.0"/>
  <testcase name="single threaded increment at module - 1 gives 0[Modulo: 38]" classname="serie2.ex1.CounterModuloTest" time="0.0"/>
  <testcase name="multi threaded decrement counter[Modulo: 38]" classname="serie2.ex1.CounterModuloTest" time="0.011"/>
  <testcase name="multi threaded increment counter[Modulo: 39]" classname="serie2.ex1.CounterModuloTest" time="0.012"/>
  <testcase name="single threaded increment and decrement counter[Modulo: 39]" classname="serie2.ex1.CounterModuloTest" time="0.001"/>
  <testcase name="single threaded decrement at 0 gives module - 1[Modulo: 39]" classname="serie2.ex1.CounterModuloTest" time="0.0"/>
  <testcase name="single threaded increment at module - 1 gives 0[Modulo: 39]" classname="serie2.ex1.CounterModuloTest" time="0.0"/>
  <testcase name="multi threaded decrement counter[Modulo: 39]" classname="serie2.ex1.CounterModuloTest" time="0.011"/>
  <testcase name="multi threaded increment counter[Modulo: 40]" classname="serie2.ex1.CounterModuloTest" time="0.011"/>
  <testcase name="single threaded increment and decrement counter[Modulo: 40]" classname="serie2.ex1.CounterModuloTest" time="0.0"/>
  <testcase name="single threaded decrement at 0 gives module - 1[Modulo: 40]" classname="serie2.ex1.CounterModuloTest" time="0.0"/>
  <testcase name="single threaded increment at module - 1 gives 0[Modulo: 40]" classname="serie2.ex1.CounterModuloTest" time="0.0"/>
  <testcase name="multi threaded decrement counter[Modulo: 40]" classname="serie2.ex1.CounterModuloTest" time="0.012"/>
  <testcase name="multi threaded increment counter[Modulo: 41]" classname="serie2.ex1.CounterModuloTest" time="0.011"/>
  <testcase name="single threaded increment and decrement counter[Modulo: 41]" classname="serie2.ex1.CounterModuloTest" time="0.0"/>
  <testcase name="single threaded decrement at 0 gives module - 1[Modulo: 41]" classname="serie2.ex1.CounterModuloTest" time="0.0"/>
  <testcase name="single threaded increment at module - 1 gives 0[Modulo: 41]" classname="serie2.ex1.CounterModuloTest" time="0.0"/>
  <testcase name="multi threaded decrement counter[Modulo: 41]" classname="serie2.ex1.CounterModuloTest" time="0.009"/>
  <testcase name="multi threaded increment counter[Modulo: 42]" classname="serie2.ex1.CounterModuloTest" time="0.012"/>
  <testcase name="single threaded increment and decrement counter[Modulo: 42]" classname="serie2.ex1.CounterModuloTest" time="0.0"/>
  <testcase name="single threaded decrement at 0 gives module - 1[Modulo: 42]" classname="serie2.ex1.CounterModuloTest" time="0.0"/>
  <testcase name="single threaded increment at module - 1 gives 0[Modulo: 42]" classname="serie2.ex1.CounterModuloTest" time="0.0"/>
  <testcase name="multi threaded decrement counter[Modulo: 42]" classname="serie2.ex1.CounterModuloTest" time="0.011"/>
  <testcase name="multi threaded increment counter[Modulo: 43]" classname="serie2.ex1.CounterModuloTest" time="0.01"/>
  <testcase name="single threaded increment and decrement counter[Modulo: 43]" classname="serie2.ex1.CounterModuloTest" time="0.0"/>
  <testcase name="single threaded decrement at 0 gives module - 1[Modulo: 43]" classname="serie2.ex1.CounterModuloTest" time="0.0"/>
  <testcase name="single threaded increment at module - 1 gives 0[Modulo: 43]" classname="serie2.ex1.CounterModuloTest" time="0.0"/>
  <testcase name="multi threaded decrement counter[Modulo: 43]" classname="serie2.ex1.CounterModuloTest" time="0.01"/>
  <testcase name="multi threaded increment counter[Modulo: 44]" classname="serie2.ex1.CounterModuloTest" time="0.01"/>
  <testcase name="single threaded increment and decrement counter[Modulo: 44]" classname="serie2.ex1.CounterModuloTest" time="0.0"/>
  <testcase name="single threaded decrement at 0 gives module - 1[Modulo: 44]" classname="serie2.ex1.CounterModuloTest" time="0.0"/>
  <testcase name="single threaded increment at module - 1 gives 0[Modulo: 44]" classname="serie2.ex1.CounterModuloTest" time="0.0"/>
  <testcase name="multi threaded decrement counter[Modulo: 44]" classname="serie2.ex1.CounterModuloTest" time="0.01"/>
  <testcase name="multi threaded increment counter[Modulo: 45]" classname="serie2.ex1.CounterModuloTest" time="0.011"/>
  <testcase name="single threaded increment and decrement counter[Modulo: 45]" classname="serie2.ex1.CounterModuloTest" time="0.0"/>
  <testcase name="single threaded decrement at 0 gives module - 1[Modulo: 45]" classname="serie2.ex1.CounterModuloTest" time="0.0"/>
  <testcase name="single threaded increment at module - 1 gives 0[Modulo: 45]" classname="serie2.ex1.CounterModuloTest" time="0.0"/>
  <testcase name="multi threaded decrement counter[Modulo: 45]" classname="serie2.ex1.CounterModuloTest" time="0.012"/>
  <testcase name="multi threaded increment counter[Modulo: 46]" classname="serie2.ex1.CounterModuloTest" time="0.011"/>
  <testcase name="single threaded increment and decrement counter[Modulo: 46]" classname="serie2.ex1.CounterModuloTest" time="0.001"/>
  <testcase name="single threaded decrement at 0 gives module - 1[Modulo: 46]" classname="serie2.ex1.CounterModuloTest" time="0.0"/>
  <testcase name="single threaded increment at module - 1 gives 0[Modulo: 46]" classname="serie2.ex1.CounterModuloTest" time="0.0"/>
  <testcase name="multi threaded decrement counter[Modulo: 46]" classname="serie2.ex1.CounterModuloTest" time="0.01"/>
  <testcase name="multi threaded increment counter[Modulo: 47]" classname="serie2.ex1.CounterModuloTest" time="0.01"/>
  <testcase name="single threaded increment and decrement counter[Modulo: 47]" classname="serie2.ex1.CounterModuloTest" time="0.0"/>
  <testcase name="single threaded decrement at 0 gives module - 1[Modulo: 47]" classname="serie2.ex1.CounterModuloTest" time="0.0"/>
  <testcase name="single threaded increment at module - 1 gives 0[Modulo: 47]" classname="serie2.ex1.CounterModuloTest" time="0.0"/>
  <testcase name="multi threaded decrement counter[Modulo: 47]" classname="serie2.ex1.CounterModuloTest" time="0.012"/>
  <testcase name="multi threaded increment counter[Modulo: 48]" classname="serie2.ex1.CounterModuloTest" time="0.011"/>
  <testcase name="single threaded increment and decrement counter[Modulo: 48]" classname="serie2.ex1.CounterModuloTest" time="0.0"/>
  <testcase name="single threaded decrement at 0 gives module - 1[Modulo: 48]" classname="serie2.ex1.CounterModuloTest" time="0.001"/>
  <testcase name="single threaded increment at module - 1 gives 0[Modulo: 48]" classname="serie2.ex1.CounterModuloTest" time="0.0"/>
  <testcase name="multi threaded decrement counter[Modulo: 48]" classname="serie2.ex1.CounterModuloTest" time="0.009"/>
  <testcase name="multi threaded increment counter[Modulo: 49]" classname="serie2.ex1.CounterModuloTest" time="0.012"/>
  <testcase name="single threaded increment and decrement counter[Modulo: 49]" classname="serie2.ex1.CounterModuloTest" time="0.0"/>
  <testcase name="single threaded decrement at 0 gives module - 1[Modulo: 49]" classname="serie2.ex1.CounterModuloTest" time="0.0"/>
  <testcase name="single threaded increment at module - 1 gives 0[Modulo: 49]" classname="serie2.ex1.CounterModuloTest" time="0.0"/>
  <testcase name="multi threaded decrement counter[Modulo: 49]" classname="serie2.ex1.CounterModuloTest" time="0.012"/>
  <testcase name="multi threaded increment counter[Modulo: 50]" classname="serie2.ex1.CounterModuloTest" time="0.012"/>
  <testcase name="single threaded increment and decrement counter[Modulo: 50]" classname="serie2.ex1.CounterModuloTest" time="0.0"/>
  <testcase name="single threaded decrement at 0 gives module - 1[Modulo: 50]" classname="serie2.ex1.CounterModuloTest" time="0.0"/>
  <testcase name="single threaded increment at module - 1 gives 0[Modulo: 50]" classname="serie2.ex1.CounterModuloTest" time="0.0"/>
  <testcase name="multi threaded decrement counter[Modulo: 50]" classname="serie2.ex1.CounterModuloTest" time="0.012"/>
  <testcase name="multi threaded increment counter[Modulo: 51]" classname="serie2.ex1.CounterModuloTest" time="0.012"/>
  <testcase name="single threaded increment and decrement counter[Modulo: 51]" classname="serie2.ex1.CounterModuloTest" time="0.001"/>
  <testcase name="single threaded decrement at 0 gives module - 1[Modulo: 51]" classname="serie2.ex1.CounterModuloTest" time="0.0"/>
  <testcase name="single threaded increment at module - 1 gives 0[Modulo: 51]" classname="serie2.ex1.CounterModuloTest" time="0.0"/>
  <testcase name="multi threaded decrement counter[Modulo: 51]" classname="serie2.ex1.CounterModuloTest" time="0.011"/>
  <testcase name="multi threaded increment counter[Modulo: 52]" classname="serie2.ex1.CounterModuloTest" time="0.009"/>
  <testcase name="single threaded increment and decrement counter[Modulo: 52]" classname="serie2.ex1.CounterModuloTest" time="0.001"/>
  <testcase name="single threaded decrement at 0 gives module - 1[Modulo: 52]" classname="serie2.ex1.CounterModuloTest" time="0.0"/>
  <testcase name="single threaded increment at module - 1 gives 0[Modulo: 52]" classname="serie2.ex1.CounterModuloTest" time="0.0"/>
  <testcase name="multi threaded decrement counter[Modulo: 52]" classname="serie2.ex1.CounterModuloTest" time="0.011"/>
  <testcase name="multi threaded increment counter[Modulo: 53]" classname="serie2.ex1.CounterModuloTest" time="0.012"/>
  <testcase name="single threaded increment and decrement counter[Modulo: 53]" classname="serie2.ex1.CounterModuloTest" time="0.0"/>
  <testcase name="single threaded decrement at 0 gives module - 1[Modulo: 53]" classname="serie2.ex1.CounterModuloTest" time="0.0"/>
  <testcase name="single threaded increment at module - 1 gives 0[Modulo: 53]" classname="serie2.ex1.CounterModuloTest" time="0.0"/>
  <testcase name="multi threaded decrement counter[Modulo: 53]" classname="serie2.ex1.CounterModuloTest" time="0.012"/>
  <testcase name="multi threaded increment counter[Modulo: 54]" classname="serie2.ex1.CounterModuloTest" time="0.011"/>
  <testcase name="single threaded increment and decrement counter[Modulo: 54]" classname="serie2.ex1.CounterModuloTest" time="0.0"/>
  <testcase name="single threaded decrement at 0 gives module - 1[Modulo: 54]" classname="serie2.ex1.CounterModuloTest" time="0.0"/>
  <testcase name="single threaded increment at module - 1 gives 0[Modulo: 54]" classname="serie2.ex1.CounterModuloTest" time="0.0"/>
  <testcase name="multi threaded decrement counter[Modulo: 54]" classname="serie2.ex1.CounterModuloTest" time="0.01"/>
  <testcase name="multi threaded increment counter[Modulo: 55]" classname="serie2.ex1.CounterModuloTest" time="0.01"/>
  <testcase name="single threaded increment and decrement counter[Modulo: 55]" classname="serie2.ex1.CounterModuloTest" time="0.0"/>
  <testcase name="single threaded decrement at 0 gives module - 1[Modulo: 55]" classname="serie2.ex1.CounterModuloTest" time="0.001"/>
  <testcase name="single threaded increment at module - 1 gives 0[Modulo: 55]" classname="serie2.ex1.CounterModuloTest" time="0.0"/>
  <testcase name="multi threaded decrement counter[Modulo: 55]" classname="serie2.ex1.CounterModuloTest" time="0.009"/>
  <testcase name="multi threaded increment counter[Modulo: 56]" classname="serie2.ex1.CounterModuloTest" time="0.01"/>
  <testcase name="single threaded increment and decrement counter[Modulo: 56]" classname="serie2.ex1.CounterModuloTest" time="0.0"/>
  <testcase name="single threaded decrement at 0 gives module - 1[Modulo: 56]" classname="serie2.ex1.CounterModuloTest" time="0.0"/>
  <testcase name="single threaded increment at module - 1 gives 0[Modulo: 56]" classname="serie2.ex1.CounterModuloTest" time="0.0"/>
  <testcase name="multi threaded decrement counter[Modulo: 56]" classname="serie2.ex1.CounterModuloTest" time="0.012"/>
  <testcase name="multi threaded increment counter[Modulo: 57]" classname="serie2.ex1.CounterModuloTest" time="0.01"/>
  <testcase name="single threaded increment and decrement counter[Modulo: 57]" classname="serie2.ex1.CounterModuloTest" time="0.001"/>
  <testcase name="single threaded decrement at 0 gives module - 1[Modulo: 57]" classname="serie2.ex1.CounterModuloTest" time="0.0"/>
  <testcase name="single threaded increment at module - 1 gives 0[Modulo: 57]" classname="serie2.ex1.CounterModuloTest" time="0.0"/>
  <testcase name="multi threaded decrement counter[Modulo: 57]" classname="serie2.ex1.CounterModuloTest" time="0.009"/>
  <testcase name="multi threaded increment counter[Modulo: 58]" classname="serie2.ex1.CounterModuloTest" time="0.012"/>
  <testcase name="single threaded increment and decrement counter[Modulo: 58]" classname="serie2.ex1.CounterModuloTest" time="0.001"/>
  <testcase name="single threaded decrement at 0 gives module - 1[Modulo: 58]" classname="serie2.ex1.CounterModuloTest" time="0.0"/>
  <testcase name="single threaded increment at module - 1 gives 0[Modulo: 58]" classname="serie2.ex1.CounterModuloTest" time="0.0"/>
  <testcase name="multi threaded decrement counter[Modulo: 58]" classname="serie2.ex1.CounterModuloTest" time="0.012"/>
  <testcase name="multi threaded increment counter[Modulo: 59]" classname="serie2.ex1.CounterModuloTest" time="0.014"/>
  <testcase name="single threaded increment and decrement counter[Modulo: 59]" classname="serie2.ex1.CounterModuloTest" time="0.0"/>
  <testcase name="single threaded decrement at 0 gives module - 1[Modulo: 59]" classname="serie2.ex1.CounterModuloTest" time="0.0"/>
  <testcase name="single threaded increment at module - 1 gives 0[Modulo: 59]" classname="serie2.ex1.CounterModuloTest" time="0.0"/>
  <testcase name="multi threaded decrement counter[Modulo: 59]" classname="serie2.ex1.CounterModuloTest" time="0.012"/>
  <testcase name="multi threaded increment counter[Modulo: 60]" classname="serie2.ex1.CounterModuloTest" time="0.011"/>
  <testcase name="single threaded increment and decrement counter[Modulo: 60]" classname="serie2.ex1.CounterModuloTest" time="0.001"/>
  <testcase name="single threaded decrement at 0 gives module - 1[Modulo: 60]" classname="serie2.ex1.CounterModuloTest" time="0.0"/>
  <testcase name="single threaded increment at module - 1 gives 0[Modulo: 60]" classname="serie2.ex1.CounterModuloTest" time="0.0"/>
  <testcase name="multi threaded decrement counter[Modulo: 60]" classname="serie2.ex1.CounterModuloTest" time="0.009"/>
  <testcase name="multi threaded increment counter[Modulo: 61]" classname="serie2.ex1.CounterModuloTest" time="0.01"/>
  <testcase name="single threaded increment and decrement counter[Modulo: 61]" classname="serie2.ex1.CounterModuloTest" time="0.001"/>
  <testcase name="single threaded decrement at 0 gives module - 1[Modulo: 61]" classname="serie2.ex1.CounterModuloTest" time="0.0"/>
  <testcase name="single threaded increment at module - 1 gives 0[Modulo: 61]" classname="serie2.ex1.CounterModuloTest" time="0.0"/>
  <testcase name="multi threaded decrement counter[Modulo: 61]" classname="serie2.ex1.CounterModuloTest" time="0.009"/>
  <testcase name="multi threaded increment counter[Modulo: 62]" classname="serie2.ex1.CounterModuloTest" time="0.01"/>
  <testcase name="single threaded increment and decrement counter[Modulo: 62]" classname="serie2.ex1.CounterModuloTest" time="0.001"/>
  <testcase name="single threaded decrement at 0 gives module - 1[Modulo: 62]" classname="serie2.ex1.CounterModuloTest" time="0.0"/>
  <testcase name="single threaded increment at module - 1 gives 0[Modulo: 62]" classname="serie2.ex1.CounterModuloTest" time="0.0"/>
  <testcase name="multi threaded decrement counter[Modulo: 62]" classname="serie2.ex1.CounterModuloTest" time="0.012"/>
  <testcase name="multi threaded increment counter[Modulo: 63]" classname="serie2.ex1.CounterModuloTest" time="0.011"/>
  <testcase name="single threaded increment and decrement counter[Modulo: 63]" classname="serie2.ex1.CounterModuloTest" time="0.0"/>
  <testcase name="single threaded decrement at 0 gives module - 1[Modulo: 63]" classname="serie2.ex1.CounterModuloTest" time="0.0"/>
  <testcase name="single threaded increment at module - 1 gives 0[Modulo: 63]" classname="serie2.ex1.CounterModuloTest" time="0.001"/>
  <testcase name="multi threaded decrement counter[Modulo: 63]" classname="serie2.ex1.CounterModuloTest" time="0.012"/>
  <testcase name="multi threaded increment counter[Modulo: 64]" classname="serie2.ex1.CounterModuloTest" time="0.012"/>
  <testcase name="single threaded increment and decrement counter[Modulo: 64]" classname="serie2.ex1.CounterModuloTest" time="0.0"/>
  <testcase name="single threaded decrement at 0 gives module - 1[Modulo: 64]" classname="serie2.ex1.CounterModuloTest" time="0.0"/>
  <testcase name="single threaded increment at module - 1 gives 0[Modulo: 64]" classname="serie2.ex1.CounterModuloTest" time="0.0"/>
  <testcase name="multi threaded decrement counter[Modulo: 64]" classname="serie2.ex1.CounterModuloTest" time="0.012"/>
  <testcase name="multi threaded increment counter[Modulo: 65]" classname="serie2.ex1.CounterModuloTest" time="0.011"/>
  <testcase name="single threaded increment and decrement counter[Modulo: 65]" classname="serie2.ex1.CounterModuloTest" time="0.0"/>
  <testcase name="single threaded decrement at 0 gives module - 1[Modulo: 65]" classname="serie2.ex1.CounterModuloTest" time="0.0"/>
  <testcase name="single threaded increment at module - 1 gives 0[Modulo: 65]" classname="serie2.ex1.CounterModuloTest" time="0.0"/>
  <testcase name="multi threaded decrement counter[Modulo: 65]" classname="serie2.ex1.CounterModuloTest" time="0.01"/>
  <testcase name="multi threaded increment counter[Modulo: 66]" classname="serie2.ex1.CounterModuloTest" time="0.011"/>
  <testcase name="single threaded increment and decrement counter[Modulo: 66]" classname="serie2.ex1.CounterModuloTest" time="0.0"/>
  <testcase name="single threaded decrement at 0 gives module - 1[Modulo: 66]" classname="serie2.ex1.CounterModuloTest" time="0.0"/>
  <testcase name="single threaded increment at module - 1 gives 0[Modulo: 66]" classname="serie2.ex1.CounterModuloTest" time="0.0"/>
  <testcase name="multi threaded decrement counter[Modulo: 66]" classname="serie2.ex1.CounterModuloTest" time="0.012"/>
  <testcase name="multi threaded increment counter[Modulo: 67]" classname="serie2.ex1.CounterModuloTest" time="0.013"/>
  <testcase name="single threaded increment and decrement counter[Modulo: 67]" classname="serie2.ex1.CounterModuloTest" time="0.001"/>
  <testcase name="single threaded decrement at 0 gives module - 1[Modulo: 67]" classname="serie2.ex1.CounterModuloTest" time="0.0"/>
  <testcase name="single threaded increment at module - 1 gives 0[Modulo: 67]" classname="serie2.ex1.CounterModuloTest" time="0.0"/>
  <testcase name="multi threaded decrement counter[Modulo: 67]" classname="serie2.ex1.CounterModuloTest" time="0.013"/>
  <testcase name="multi threaded increment counter[Modulo: 68]" classname="serie2.ex1.CounterModuloTest" time="0.012"/>
  <testcase name="single threaded increment and decrement counter[Modulo: 68]" classname="serie2.ex1.CounterModuloTest" time="0.0"/>
  <testcase name="single threaded decrement at 0 gives module - 1[Modulo: 68]" classname="serie2.ex1.CounterModuloTest" time="0.0"/>
  <testcase name="single threaded increment at module - 1 gives 0[Modulo: 68]" classname="serie2.ex1.CounterModuloTest" time="0.0"/>
  <testcase name="multi threaded decrement counter[Modulo: 68]" classname="serie2.ex1.CounterModuloTest" time="0.011"/>
  <testcase name="multi threaded increment counter[Modulo: 69]" classname="serie2.ex1.CounterModuloTest" time="0.011"/>
  <testcase name="single threaded increment and decrement counter[Modulo: 69]" classname="serie2.ex1.CounterModuloTest" time="0.0"/>
  <testcase name="single threaded decrement at 0 gives module - 1[Modulo: 69]" classname="serie2.ex1.CounterModuloTest" time="0.0"/>
  <testcase name="single threaded increment at module - 1 gives 0[Modulo: 69]" classname="serie2.ex1.CounterModuloTest" time="0.0"/>
  <testcase name="multi threaded decrement counter[Modulo: 69]" classname="serie2.ex1.CounterModuloTest" time="0.009"/>
  <testcase name="multi threaded increment counter[Modulo: 70]" classname="serie2.ex1.CounterModuloTest" time="0.01"/>
  <testcase name="single threaded increment and decrement counter[Modulo: 70]" classname="serie2.ex1.CounterModuloTest" time="0.0"/>
  <testcase name="single threaded decrement at 0 gives module - 1[Modulo: 70]" classname="serie2.ex1.CounterModuloTest" time="0.0"/>
  <testcase name="single threaded increment at module - 1 gives 0[Modulo: 70]" classname="serie2.ex1.CounterModuloTest" time="0.0"/>
  <testcase name="multi threaded decrement counter[Modulo: 70]" classname="serie2.ex1.CounterModuloTest" time="0.01"/>
  <testcase name="multi threaded increment counter[Modulo: 71]" classname="serie2.ex1.CounterModuloTest" time="0.013"/>
  <testcase name="single threaded increment and decrement counter[Modulo: 71]" classname="serie2.ex1.CounterModuloTest" time="0.0"/>
  <testcase name="single threaded decrement at 0 gives module - 1[Modulo: 71]" classname="serie2.ex1.CounterModuloTest" time="0.0"/>
  <testcase name="single threaded increment at module - 1 gives 0[Modulo: 71]" classname="serie2.ex1.CounterModuloTest" time="0.0"/>
  <testcase name="multi threaded decrement counter[Modulo: 71]" classname="serie2.ex1.CounterModuloTest" time="0.011"/>
  <testcase name="multi threaded increment counter[Modulo: 72]" classname="serie2.ex1.CounterModuloTest" time="0.013"/>
  <testcase name="single threaded increment and decrement counter[Modulo: 72]" classname="serie2.ex1.CounterModuloTest" time="0.001"/>
  <testcase name="single threaded decrement at 0 gives module - 1[Modulo: 72]" classname="serie2.ex1.CounterModuloTest" time="0.0"/>
  <testcase name="single threaded increment at module - 1 gives 0[Modulo: 72]" classname="serie2.ex1.CounterModuloTest" time="0.0"/>
  <testcase name="multi threaded decrement counter[Modulo: 72]" classname="serie2.ex1.CounterModuloTest" time="0.012"/>
  <testcase name="multi threaded increment counter[Modulo: 73]" classname="serie2.ex1.CounterModuloTest" time="0.012"/>
  <testcase name="single threaded increment and decrement counter[Modulo: 73]" classname="serie2.ex1.CounterModuloTest" time="0.0"/>
  <testcase name="single threaded decrement at 0 gives module - 1[Modulo: 73]" classname="serie2.ex1.CounterModuloTest" time="0.0"/>
  <testcase name="single threaded increment at module - 1 gives 0[Modulo: 73]" classname="serie2.ex1.CounterModuloTest" time="0.0"/>
  <testcase name="multi threaded decrement counter[Modulo: 73]" classname="serie2.ex1.CounterModuloTest" time="0.01"/>
  <testcase name="multi threaded increment counter[Modulo: 74]" classname="serie2.ex1.CounterModuloTest" time="0.011"/>
  <testcase name="single threaded increment and decrement counter[Modulo: 74]" classname="serie2.ex1.CounterModuloTest" time="0.0"/>
  <testcase name="single threaded decrement at 0 gives module - 1[Modulo: 74]" classname="serie2.ex1.CounterModuloTest" time="0.0"/>
  <testcase name="single threaded increment at module - 1 gives 0[Modulo: 74]" classname="serie2.ex1.CounterModuloTest" time="0.0"/>
  <testcase name="multi threaded decrement counter[Modulo: 74]" classname="serie2.ex1.CounterModuloTest" time="0.012"/>
  <testcase name="multi threaded increment counter[Modulo: 75]" classname="serie2.ex1.CounterModuloTest" time="0.012"/>
  <testcase name="single threaded increment and decrement counter[Modulo: 75]" classname="serie2.ex1.CounterModuloTest" time="0.0"/>
  <testcase name="single threaded decrement at 0 gives module - 1[Modulo: 75]" classname="serie2.ex1.CounterModuloTest" time="0.0"/>
  <testcase name="single threaded increment at module - 1 gives 0[Modulo: 75]" classname="serie2.ex1.CounterModuloTest" time="0.0"/>
  <testcase name="multi threaded decrement counter[Modulo: 75]" classname="serie2.ex1.CounterModuloTest" time="0.011"/>
  <testcase name="multi threaded increment counter[Modulo: 76]" classname="serie2.ex1.CounterModuloTest" time="0.012"/>
  <testcase name="single threaded increment and decrement counter[Modulo: 76]" classname="serie2.ex1.CounterModuloTest" time="0.0"/>
  <testcase name="single threaded decrement at 0 gives module - 1[Modulo: 76]" classname="serie2.ex1.CounterModuloTest" time="0.0"/>
  <testcase name="single threaded increment at module - 1 gives 0[Modulo: 76]" classname="serie2.ex1.CounterModuloTest" time="0.0"/>
  <testcase name="multi threaded decrement counter[Modulo: 76]" classname="serie2.ex1.CounterModuloTest" time="0.012"/>
  <testcase name="multi threaded increment counter[Modulo: 77]" classname="serie2.ex1.CounterModuloTest" time="0.012"/>
  <testcase name="single threaded increment and decrement counter[Modulo: 77]" classname="serie2.ex1.CounterModuloTest" time="0.001"/>
  <testcase name="single threaded decrement at 0 gives module - 1[Modulo: 77]" classname="serie2.ex1.CounterModuloTest" time="0.0"/>
  <testcase name="single threaded increment at module - 1 gives 0[Modulo: 77]" classname="serie2.ex1.CounterModuloTest" time="0.0"/>
  <testcase name="multi threaded decrement counter[Modulo: 77]" classname="serie2.ex1.CounterModuloTest" time="0.011"/>
  <testcase name="multi threaded increment counter[Modulo: 78]" classname="serie2.ex1.CounterModuloTest" time="0.01"/>
  <testcase name="single threaded increment and decrement counter[Modulo: 78]" classname="serie2.ex1.CounterModuloTest" time="0.0"/>
  <testcase name="single threaded decrement at 0 gives module - 1[Modulo: 78]" classname="serie2.ex1.CounterModuloTest" time="0.0"/>
  <testcase name="single threaded increment at module - 1 gives 0[Modulo: 78]" classname="serie2.ex1.CounterModuloTest" time="0.0"/>
  <testcase name="multi threaded decrement counter[Modulo: 78]" classname="serie2.ex1.CounterModuloTest" time="0.011"/>
  <testcase name="multi threaded increment counter[Modulo: 79]" classname="serie2.ex1.CounterModuloTest" time="0.013"/>
  <testcase name="single threaded increment and decrement counter[Modulo: 79]" classname="serie2.ex1.CounterModuloTest" time="0.001"/>
  <testcase name="single threaded decrement at 0 gives module - 1[Modulo: 79]" classname="serie2.ex1.CounterModuloTest" time="0.0"/>
  <testcase name="single threaded increment at module - 1 gives 0[Modulo: 79]" classname="serie2.ex1.CounterModuloTest" time="0.0"/>
  <testcase name="multi threaded decrement counter[Modulo: 79]" classname="serie2.ex1.CounterModuloTest" time="0.012"/>
  <testcase name="multi threaded increment counter[Modulo: 80]" classname="serie2.ex1.CounterModuloTest" time="0.013"/>
  <testcase name="single threaded increment and decrement counter[Modulo: 80]" classname="serie2.ex1.CounterModuloTest" time="0.0"/>
  <testcase name="single threaded decrement at 0 gives module - 1[Modulo: 80]" classname="serie2.ex1.CounterModuloTest" time="0.0"/>
  <testcase name="single threaded increment at module - 1 gives 0[Modulo: 80]" classname="serie2.ex1.CounterModuloTest" time="0.0"/>
  <testcase name="multi threaded decrement counter[Modulo: 80]" classname="serie2.ex1.CounterModuloTest" time="0.014"/>
  <testcase name="multi threaded increment counter[Modulo: 81]" classname="serie2.ex1.CounterModuloTest" time="0.012"/>
  <testcase name="single threaded increment and decrement counter[Modulo: 81]" classname="serie2.ex1.CounterModuloTest" time="0.001"/>
  <testcase name="single threaded decrement at 0 gives module - 1[Modulo: 81]" classname="serie2.ex1.CounterModuloTest" time="0.0"/>
  <testcase name="single threaded increment at module - 1 gives 0[Modulo: 81]" classname="serie2.ex1.CounterModuloTest" time="0.0"/>
  <testcase name="multi threaded decrement counter[Modulo: 81]" classname="serie2.ex1.CounterModuloTest" time="0.012"/>
  <testcase name="multi threaded increment counter[Modulo: 82]" classname="serie2.ex1.CounterModuloTest" time="0.012"/>
  <testcase name="single threaded increment and decrement counter[Modulo: 82]" classname="serie2.ex1.CounterModuloTest" time="0.0"/>
  <testcase name="single threaded decrement at 0 gives module - 1[Modulo: 82]" classname="serie2.ex1.CounterModuloTest" time="0.0"/>
  <testcase name="single threaded increment at module - 1 gives 0[Modulo: 82]" classname="serie2.ex1.CounterModuloTest" time="0.0"/>
  <testcase name="multi threaded decrement counter[Modulo: 82]" classname="serie2.ex1.CounterModuloTest" time="0.013"/>
  <testcase name="multi threaded increment counter[Modulo: 83]" classname="serie2.ex1.CounterModuloTest" time="0.01"/>
  <testcase name="single threaded increment and decrement counter[Modulo: 83]" classname="serie2.ex1.CounterModuloTest" time="0.0"/>
  <testcase name="single threaded decrement at 0 gives module - 1[Modulo: 83]" classname="serie2.ex1.CounterModuloTest" time="0.0"/>
  <testcase name="single threaded increment at module - 1 gives 0[Modulo: 83]" classname="serie2.ex1.CounterModuloTest" time="0.0"/>
  <testcase name="multi threaded decrement counter[Modulo: 83]" classname="serie2.ex1.CounterModuloTest" time="0.015"/>
  <testcase name="multi threaded increment counter[Modulo: 84]" classname="serie2.ex1.CounterModuloTest" time="0.018"/>
  <testcase name="single threaded increment and decrement counter[Modulo: 84]" classname="serie2.ex1.CounterModuloTest" time="0.001"/>
  <testcase name="single threaded decrement at 0 gives module - 1[Modulo: 84]" classname="serie2.ex1.CounterModuloTest" time="0.0"/>
  <testcase name="single threaded increment at module - 1 gives 0[Modulo: 84]" classname="serie2.ex1.CounterModuloTest" time="0.0"/>
  <testcase name="multi threaded decrement counter[Modulo: 84]" classname="serie2.ex1.CounterModuloTest" time="0.012"/>
  <testcase name="multi threaded increment counter[Modulo: 85]" classname="serie2.ex1.CounterModuloTest" time="0.013"/>
  <testcase name="single threaded increment and decrement counter[Modulo: 85]" classname="serie2.ex1.CounterModuloTest" time="0.0"/>
  <testcase name="single threaded decrement at 0 gives module - 1[Modulo: 85]" classname="serie2.ex1.CounterModuloTest" time="0.0"/>
  <testcase name="single threaded increment at module - 1 gives 0[Modulo: 85]" classname="serie2.ex1.CounterModuloTest" time="0.0"/>
  <testcase name="multi threaded decrement counter[Modulo: 85]" classname="serie2.ex1.CounterModuloTest" time="0.014"/>
  <testcase name="multi threaded increment counter[Modulo: 86]" classname="serie2.ex1.CounterModuloTest" time="0.015"/>
  <testcase name="single threaded increment and decrement counter[Modulo: 86]" classname="serie2.ex1.CounterModuloTest" time="0.0"/>
  <testcase name="single threaded decrement at 0 gives module - 1[Modulo: 86]" classname="serie2.ex1.CounterModuloTest" time="0.0"/>
  <testcase name="single threaded increment at module - 1 gives 0[Modulo: 86]" classname="serie2.ex1.CounterModuloTest" time="0.0"/>
  <testcase name="multi threaded decrement counter[Modulo: 86]" classname="serie2.ex1.CounterModuloTest" time="0.014"/>
  <testcase name="multi threaded increment counter[Modulo: 87]" classname="serie2.ex1.CounterModuloTest" time="0.015"/>
  <testcase name="single threaded increment and decrement counter[Modulo: 87]" classname="serie2.ex1.CounterModuloTest" time="0.0"/>
  <testcase name="single threaded decrement at 0 gives module - 1[Modulo: 87]" classname="serie2.ex1.CounterModuloTest" time="0.0"/>
  <testcase name="single threaded increment at module - 1 gives 0[Modulo: 87]" classname="serie2.ex1.CounterModuloTest" time="0.0"/>
  <testcase name="multi threaded decrement counter[Modulo: 87]" classname="serie2.ex1.CounterModuloTest" time="0.014"/>
  <testcase name="multi threaded increment counter[Modulo: 88]" classname="serie2.ex1.CounterModuloTest" time="0.016"/>
  <testcase name="single threaded increment and decrement counter[Modulo: 88]" classname="serie2.ex1.CounterModuloTest" time="0.0"/>
  <testcase name="single threaded decrement at 0 gives module - 1[Modulo: 88]" classname="serie2.ex1.CounterModuloTest" time="0.0"/>
  <testcase name="single threaded increment at module - 1 gives 0[Modulo: 88]" classname="serie2.ex1.CounterModuloTest" time="0.0"/>
  <testcase name="multi threaded decrement counter[Modulo: 88]" classname="serie2.ex1.CounterModuloTest" time="0.011"/>
  <testcase name="multi threaded increment counter[Modulo: 89]" classname="serie2.ex1.CounterModuloTest" time="0.012"/>
  <testcase name="single threaded increment and decrement counter[Modulo: 89]" classname="serie2.ex1.CounterModuloTest" time="0.001"/>
  <testcase name="single threaded decrement at 0 gives module - 1[Modulo: 89]" classname="serie2.ex1.CounterModuloTest" time="0.0"/>
  <testcase name="single threaded increment at module - 1 gives 0[Modulo: 89]" classname="serie2.ex1.CounterModuloTest" time="0.0"/>
  <testcase name="multi threaded decrement counter[Modulo: 89]" classname="serie2.ex1.CounterModuloTest" time="0.011"/>
  <testcase name="multi threaded increment counter[Modulo: 90]" classname="serie2.ex1.CounterModuloTest" time="0.013"/>
  <testcase name="single threaded increment and decrement counter[Modulo: 90]" classname="serie2.ex1.CounterModuloTest" time="0.001"/>
  <testcase name="single threaded decrement at 0 gives module - 1[Modulo: 90]" classname="serie2.ex1.CounterModuloTest" time="0.0"/>
  <testcase name="single threaded increment at module - 1 gives 0[Modulo: 90]" classname="serie2.ex1.CounterModuloTest" time="0.0"/>
  <testcase name="multi threaded decrement counter[Modulo: 90]" classname="serie2.ex1.CounterModuloTest" time="0.012"/>
  <testcase name="multi threaded increment counter[Modulo: 91]" classname="serie2.ex1.CounterModuloTest" time="0.014"/>
  <testcase name="single threaded increment and decrement counter[Modulo: 91]" classname="serie2.ex1.CounterModuloTest" time="0.0"/>
  <testcase name="single threaded decrement at 0 gives module - 1[Modulo: 91]" classname="serie2.ex1.CounterModuloTest" time="0.0"/>
  <testcase name="single threaded increment at module - 1 gives 0[Modulo: 91]" classname="serie2.ex1.CounterModuloTest" time="0.0"/>
  <testcase name="multi threaded decrement counter[Modulo: 91]" classname="serie2.ex1.CounterModuloTest" time="0.014"/>
  <testcase name="multi threaded increment counter[Modulo: 92]" classname="serie2.ex1.CounterModuloTest" time="0.014"/>
  <testcase name="single threaded increment and decrement counter[Modulo: 92]" classname="serie2.ex1.CounterModuloTest" time="0.0"/>
  <testcase name="single threaded decrement at 0 gives module - 1[Modulo: 92]" classname="serie2.ex1.CounterModuloTest" time="0.0"/>
  <testcase name="single threaded increment at module - 1 gives 0[Modulo: 92]" classname="serie2.ex1.CounterModuloTest" time="0.0"/>
  <testcase name="multi threaded decrement counter[Modulo: 92]" classname="serie2.ex1.CounterModuloTest" time="0.012"/>
  <testcase name="multi threaded increment counter[Modulo: 93]" classname="serie2.ex1.CounterModuloTest" time="0.015"/>
  <testcase name="single threaded increment and decrement counter[Modulo: 93]" classname="serie2.ex1.CounterModuloTest" time="0.0"/>
  <testcase name="single threaded decrement at 0 gives module - 1[Modulo: 93]" classname="serie2.ex1.CounterModuloTest" time="0.0"/>
  <testcase name="single threaded increment at module - 1 gives 0[Modulo: 93]" classname="serie2.ex1.CounterModuloTest" time="0.0"/>
  <testcase name="multi threaded decrement counter[Modulo: 93]" classname="serie2.ex1.CounterModuloTest" time="0.013"/>
  <testcase name="multi threaded increment counter[Modulo: 94]" classname="serie2.ex1.CounterModuloTest" time="0.013"/>
  <testcase name="single threaded increment and decrement counter[Modulo: 94]" classname="serie2.ex1.CounterModuloTest" time="0.0"/>
  <testcase name="single threaded decrement at 0 gives module - 1[Modulo: 94]" classname="serie2.ex1.CounterModuloTest" time="0.0"/>
  <testcase name="single threaded increment at module - 1 gives 0[Modulo: 94]" classname="serie2.ex1.CounterModuloTest" time="0.001"/>
  <testcase name="multi threaded decrement counter[Modulo: 94]" classname="serie2.ex1.CounterModuloTest" time="0.011"/>
  <testcase name="multi threaded increment counter[Modulo: 95]" classname="serie2.ex1.CounterModuloTest" time="0.013"/>
  <testcase name="single threaded increment and decrement counter[Modulo: 95]" classname="serie2.ex1.CounterModuloTest" time="0.001"/>
  <testcase name="single threaded decrement at 0 gives module - 1[Modulo: 95]" classname="serie2.ex1.CounterModuloTest" time="0.0"/>
  <testcase name="single threaded increment at module - 1 gives 0[Modulo: 95]" classname="serie2.ex1.CounterModuloTest" time="0.0"/>
  <testcase name="multi threaded decrement counter[Modulo: 95]" classname="serie2.ex1.CounterModuloTest" time="0.011"/>
  <testcase name="multi threaded increment counter[Modulo: 96]" classname="serie2.ex1.CounterModuloTest" time="0.014"/>
  <testcase name="single threaded increment and decrement counter[Modulo: 96]" classname="serie2.ex1.CounterModuloTest" time="0.001"/>
  <testcase name="single threaded decrement at 0 gives module - 1[Modulo: 96]" classname="serie2.ex1.CounterModuloTest" time="0.0"/>
  <testcase name="single threaded increment at module - 1 gives 0[Modulo: 96]" classname="serie2.ex1.CounterModuloTest" time="0.0"/>
  <testcase name="multi threaded decrement counter[Modulo: 96]" classname="serie2.ex1.CounterModuloTest" time="0.016"/>
  <testcase name="multi threaded increment counter[Modulo: 97]" classname="serie2.ex1.CounterModuloTest" time="0.017"/>
  <testcase name="single threaded increment and decrement counter[Modulo: 97]" classname="serie2.ex1.CounterModuloTest" time="0.001"/>
  <testcase name="single threaded decrement at 0 gives module - 1[Modulo: 97]" classname="serie2.ex1.CounterModuloTest" time="0.0"/>
  <testcase name="single threaded increment at module - 1 gives 0[Modulo: 97]" classname="serie2.ex1.CounterModuloTest" time="0.0"/>
  <testcase name="multi threaded decrement counter[Modulo: 97]" classname="serie2.ex1.CounterModuloTest" time="0.014"/>
  <testcase name="multi threaded increment counter[Modulo: 98]" classname="serie2.ex1.CounterModuloTest" time="0.012"/>
  <testcase name="single threaded increment and decrement counter[Modulo: 98]" classname="serie2.ex1.CounterModuloTest" time="0.001"/>
  <testcase name="single threaded decrement at 0 gives module - 1[Modulo: 98]" classname="serie2.ex1.CounterModuloTest" time="0.0"/>
  <testcase name="single threaded increment at module - 1 gives 0[Modulo: 98]" classname="serie2.ex1.CounterModuloTest" time="0.0"/>
  <testcase name="multi threaded decrement counter[Modulo: 98]" classname="serie2.ex1.CounterModuloTest" time="0.019"/>
  <testcase name="multi threaded increment counter[Modulo: 99]" classname="serie2.ex1.CounterModuloTest" time="0.013"/>
  <testcase name="single threaded increment and decrement counter[Modulo: 99]" classname="serie2.ex1.CounterModuloTest" time="0.001"/>
  <testcase name="single threaded decrement at 0 gives module - 1[Modulo: 99]" classname="serie2.ex1.CounterModuloTest" time="0.0"/>
  <testcase name="single threaded increment at module - 1 gives 0[Modulo: 99]" classname="serie2.ex1.CounterModuloTest" time="0.0"/>
  <testcase name="multi threaded decrement counter[Modulo: 99]" classname="serie2.ex1.CounterModuloTest" time="0.014"/>
  <testcase name="multi threaded increment counter[Modulo: 100]" classname="serie2.ex1.CounterModuloTest" time="0.014"/>
  <testcase name="single threaded increment and decrement counter[Modulo: 100]" classname="serie2.ex1.CounterModuloTest" time="0.001"/>
  <testcase name="single threaded decrement at 0 gives module - 1[Modulo: 100]" classname="serie2.ex1.CounterModuloTest" time="0.0"/>
  <testcase name="single threaded increment at module - 1 gives 0[Modulo: 100]" classname="serie2.ex1.CounterModuloTest" time="0.0"/>
  <testcase name="multi threaded decrement counter[Modulo: 100]" classname="serie2.ex1.CounterModuloTest" time="0.012"/>
  <testcase name="multi threaded increment counter[Modulo: 101]" classname="serie2.ex1.CounterModuloTest" time="0.015"/>
  <testcase name="single threaded increment and decrement counter[Modulo: 101]" classname="serie2.ex1.CounterModuloTest" time="0.001"/>
  <testcase name="single threaded decrement at 0 gives module - 1[Modulo: 101]" classname="serie2.ex1.CounterModuloTest" time="0.0"/>
  <testcase name="single threaded increment at module - 1 gives 0[Modulo: 101]" classname="serie2.ex1.CounterModuloTest" time="0.0"/>
  <testcase name="multi threaded decrement counter[Modulo: 101]" classname="serie2.ex1.CounterModuloTest" time="0.013"/>
  <testcase name="multi threaded increment counter[Modulo: 102]" classname="serie2.ex1.CounterModuloTest" time="0.013"/>
  <testcase name="single threaded increment and decrement counter[Modulo: 102]" classname="serie2.ex1.CounterModuloTest" time="0.001"/>
  <testcase name="single threaded decrement at 0 gives module - 1[Modulo: 102]" classname="serie2.ex1.CounterModuloTest" time="0.0"/>
  <testcase name="single threaded increment at module - 1 gives 0[Modulo: 102]" classname="serie2.ex1.CounterModuloTest" time="0.0"/>
  <testcase name="multi threaded decrement counter[Modulo: 102]" classname="serie2.ex1.CounterModuloTest" time="0.013"/>
  <testcase name="multi threaded increment counter[Modulo: 103]" classname="serie2.ex1.CounterModuloTest" time="0.016"/>
  <testcase name="single threaded increment and decrement counter[Modulo: 103]" classname="serie2.ex1.CounterModuloTest" time="0.0"/>
  <testcase name="single threaded decrement at 0 gives module - 1[Modulo: 103]" classname="serie2.ex1.CounterModuloTest" time="0.001"/>
  <testcase name="single threaded increment at module - 1 gives 0[Modulo: 103]" classname="serie2.ex1.CounterModuloTest" time="0.0"/>
  <testcase name="multi threaded decrement counter[Modulo: 103]" classname="serie2.ex1.CounterModuloTest" time="0.014"/>
  <testcase name="multi threaded increment counter[Modulo: 104]" classname="serie2.ex1.CounterModuloTest" time="0.017"/>
  <testcase name="single threaded increment and decrement counter[Modulo: 104]" classname="serie2.ex1.CounterModuloTest" time="0.0"/>
  <testcase name="single threaded decrement at 0 gives module - 1[Modulo: 104]" classname="serie2.ex1.CounterModuloTest" time="0.0"/>
  <testcase name="single threaded increment at module - 1 gives 0[Modulo: 104]" classname="serie2.ex1.CounterModuloTest" time="0.001"/>
  <testcase name="multi threaded decrement counter[Modulo: 104]" classname="serie2.ex1.CounterModuloTest" time="0.037"/>
  <testcase name="multi threaded increment counter[Modulo: 105]" classname="serie2.ex1.CounterModuloTest" time="0.015"/>
  <testcase name="single threaded increment and decrement counter[Modulo: 105]" classname="serie2.ex1.CounterModuloTest" time="0.0"/>
  <testcase name="single threaded decrement at 0 gives module - 1[Modulo: 105]" classname="serie2.ex1.CounterModuloTest" time="0.0"/>
  <testcase name="single threaded increment at module - 1 gives 0[Modulo: 105]" classname="serie2.ex1.CounterModuloTest" time="0.0"/>
  <testcase name="multi threaded decrement counter[Modulo: 105]" classname="serie2.ex1.CounterModuloTest" time="0.013"/>
  <testcase name="multi threaded increment counter[Modulo: 106]" classname="serie2.ex1.CounterModuloTest" time="0.022"/>
  <testcase name="single threaded increment and decrement counter[Modulo: 106]" classname="serie2.ex1.CounterModuloTest" time="0.001"/>
  <testcase name="single threaded decrement at 0 gives module - 1[Modulo: 106]" classname="serie2.ex1.CounterModuloTest" time="0.0"/>
  <testcase name="single threaded increment at module - 1 gives 0[Modulo: 106]" classname="serie2.ex1.CounterModuloTest" time="0.0"/>
  <testcase name="multi threaded decrement counter[Modulo: 106]" classname="serie2.ex1.CounterModuloTest" time="0.019"/>
  <testcase name="multi threaded increment counter[Modulo: 107]" classname="serie2.ex1.CounterModuloTest" time="0.016"/>
  <testcase name="single threaded increment and decrement counter[Modulo: 107]" classname="serie2.ex1.CounterModuloTest" time="0.0"/>
  <testcase name="single threaded decrement at 0 gives module - 1[Modulo: 107]" classname="serie2.ex1.CounterModuloTest" time="0.0"/>
  <testcase name="single threaded increment at module - 1 gives 0[Modulo: 107]" classname="serie2.ex1.CounterModuloTest" time="0.0"/>
  <testcase name="multi threaded decrement counter[Modulo: 107]" classname="serie2.ex1.CounterModuloTest" time="0.014"/>
  <testcase name="multi threaded increment counter[Modulo: 108]" classname="serie2.ex1.CounterModuloTest" time="0.011"/>
  <testcase name="single threaded increment and decrement counter[Modulo: 108]" classname="serie2.ex1.CounterModuloTest" time="0.0"/>
  <testcase name="single threaded decrement at 0 gives module - 1[Modulo: 108]" classname="serie2.ex1.CounterModuloTest" time="0.0"/>
  <testcase name="single threaded increment at module - 1 gives 0[Modulo: 108]" classname="serie2.ex1.CounterModuloTest" time="0.0"/>
  <testcase name="multi threaded decrement counter[Modulo: 108]" classname="serie2.ex1.CounterModuloTest" time="0.012"/>
  <testcase name="multi threaded increment counter[Modulo: 109]" classname="serie2.ex1.CounterModuloTest" time="0.014"/>
  <testcase name="single threaded increment and decrement counter[Modulo: 109]" classname="serie2.ex1.CounterModuloTest" time="0.0"/>
  <testcase name="single threaded decrement at 0 gives module - 1[Modulo: 109]" classname="serie2.ex1.CounterModuloTest" time="0.0"/>
  <testcase name="single threaded increment at module - 1 gives 0[Modulo: 109]" classname="serie2.ex1.CounterModuloTest" time="0.0"/>
  <testcase name="multi threaded decrement counter[Modulo: 109]" classname="serie2.ex1.CounterModuloTest" time="0.013"/>
  <testcase name="multi threaded increment counter[Modulo: 110]" classname="serie2.ex1.CounterModuloTest" time="0.015"/>
  <testcase name="single threaded increment and decrement counter[Modulo: 110]" classname="serie2.ex1.CounterModuloTest" time="0.001"/>
  <testcase name="single threaded decrement at 0 gives module - 1[Modulo: 110]" classname="serie2.ex1.CounterModuloTest" time="0.0"/>
  <testcase name="single threaded increment at module - 1 gives 0[Modulo: 110]" classname="serie2.ex1.CounterModuloTest" time="0.0"/>
  <testcase name="multi threaded decrement counter[Modulo: 110]" classname="serie2.ex1.CounterModuloTest" time="0.015"/>
  <testcase name="multi threaded increment counter[Modulo: 111]" classname="serie2.ex1.CounterModuloTest" time="0.014"/>
  <testcase name="single threaded increment and decrement counter[Modulo: 111]" classname="serie2.ex1.CounterModuloTest" time="0.001"/>
  <testcase name="single threaded decrement at 0 gives module - 1[Modulo: 111]" classname="serie2.ex1.CounterModuloTest" time="0.0"/>
  <testcase name="single threaded increment at module - 1 gives 0[Modulo: 111]" classname="serie2.ex1.CounterModuloTest" time="0.0"/>
  <testcase name="multi threaded decrement counter[Modulo: 111]" classname="serie2.ex1.CounterModuloTest" time="0.014"/>
  <testcase name="multi threaded increment counter[Modulo: 112]" classname="serie2.ex1.CounterModuloTest" time="0.015"/>
  <testcase name="single threaded increment and decrement counter[Modulo: 112]" classname="serie2.ex1.CounterModuloTest" time="0.001"/>
  <testcase name="single threaded decrement at 0 gives module - 1[Modulo: 112]" classname="serie2.ex1.CounterModuloTest" time="0.0"/>
  <testcase name="single threaded increment at module - 1 gives 0[Modulo: 112]" classname="serie2.ex1.CounterModuloTest" time="0.0"/>
  <testcase name="multi threaded decrement counter[Modulo: 112]" classname="serie2.ex1.CounterModuloTest" time="0.012"/>
  <testcase name="multi threaded increment counter[Modulo: 113]" classname="serie2.ex1.CounterModuloTest" time="0.014"/>
  <testcase name="single threaded increment and decrement counter[Modulo: 113]" classname="serie2.ex1.CounterModuloTest" time="0.001"/>
  <testcase name="single threaded decrement at 0 gives module - 1[Modulo: 113]" classname="serie2.ex1.CounterModuloTest" time="0.0"/>
  <testcase name="single threaded increment at module - 1 gives 0[Modulo: 113]" classname="serie2.ex1.CounterModuloTest" time="0.0"/>
  <testcase name="multi threaded decrement counter[Modulo: 113]" classname="serie2.ex1.CounterModuloTest" time="0.013"/>
  <testcase name="multi threaded increment counter[Modulo: 114]" classname="serie2.ex1.CounterModuloTest" time="0.013"/>
  <testcase name="single threaded increment and decrement counter[Modulo: 114]" classname="serie2.ex1.CounterModuloTest" time="0.001"/>
  <testcase name="single threaded decrement at 0 gives module - 1[Modulo: 114]" classname="serie2.ex1.CounterModuloTest" time="0.0"/>
  <testcase name="single threaded increment at module - 1 gives 0[Modulo: 114]" classname="serie2.ex1.CounterModuloTest" time="0.0"/>
  <testcase name="multi threaded decrement counter[Modulo: 114]" classname="serie2.ex1.CounterModuloTest" time="0.013"/>
  <testcase name="multi threaded increment counter[Modulo: 115]" classname="serie2.ex1.CounterModuloTest" time="0.014"/>
  <testcase name="single threaded increment and decrement counter[Modulo: 115]" classname="serie2.ex1.CounterModuloTest" time="0.0"/>
  <testcase name="single threaded decrement at 0 gives module - 1[Modulo: 115]" classname="serie2.ex1.CounterModuloTest" time="0.0"/>
  <testcase name="single threaded increment at module - 1 gives 0[Modulo: 115]" classname="serie2.ex1.CounterModuloTest" time="0.0"/>
  <testcase name="multi threaded decrement counter[Modulo: 115]" classname="serie2.ex1.CounterModuloTest" time="0.013"/>
  <testcase name="multi threaded increment counter[Modulo: 116]" classname="serie2.ex1.CounterModuloTest" time="0.013"/>
  <testcase name="single threaded increment and decrement counter[Modulo: 116]" classname="serie2.ex1.CounterModuloTest" time="0.001"/>
  <testcase name="single threaded decrement at 0 gives module - 1[Modulo: 116]" classname="serie2.ex1.CounterModuloTest" time="0.0"/>
  <testcase name="single threaded increment at module - 1 gives 0[Modulo: 116]" classname="serie2.ex1.CounterModuloTest" time="0.0"/>
  <testcase name="multi threaded decrement counter[Modulo: 116]" classname="serie2.ex1.CounterModuloTest" time="0.013"/>
  <testcase name="multi threaded increment counter[Modulo: 117]" classname="serie2.ex1.CounterModuloTest" time="0.013"/>
  <testcase name="single threaded increment and decrement counter[Modulo: 117]" classname="serie2.ex1.CounterModuloTest" time="0.0"/>
  <testcase name="single threaded decrement at 0 gives module - 1[Modulo: 117]" classname="serie2.ex1.CounterModuloTest" time="0.0"/>
  <testcase name="single threaded increment at module - 1 gives 0[Modulo: 117]" classname="serie2.ex1.CounterModuloTest" time="0.0"/>
  <testcase name="multi threaded decrement counter[Modulo: 117]" classname="serie2.ex1.CounterModuloTest" time="0.013"/>
  <testcase name="multi threaded increment counter[Modulo: 118]" classname="serie2.ex1.CounterModuloTest" time="0.013"/>
  <testcase name="single threaded increment and decrement counter[Modulo: 118]" classname="serie2.ex1.CounterModuloTest" time="0.0"/>
  <testcase name="single threaded decrement at 0 gives module - 1[Modulo: 118]" classname="serie2.ex1.CounterModuloTest" time="0.0"/>
  <testcase name="single threaded increment at module - 1 gives 0[Modulo: 118]" classname="serie2.ex1.CounterModuloTest" time="0.0"/>
  <testcase name="multi threaded decrement counter[Modulo: 118]" classname="serie2.ex1.CounterModuloTest" time="0.016"/>
  <testcase name="multi threaded increment counter[Modulo: 119]" classname="serie2.ex1.CounterModuloTest" time="0.016"/>
  <testcase name="single threaded increment and decrement counter[Modulo: 119]" classname="serie2.ex1.CounterModuloTest" time="0.0"/>
  <testcase name="single threaded decrement at 0 gives module - 1[Modulo: 119]" classname="serie2.ex1.CounterModuloTest" time="0.0"/>
  <testcase name="single threaded increment at module - 1 gives 0[Modulo: 119]" classname="serie2.ex1.CounterModuloTest" time="0.0"/>
  <testcase name="multi threaded decrement counter[Modulo: 119]" classname="serie2.ex1.CounterModuloTest" time="0.015"/>
  <testcase name="multi threaded increment counter[Modulo: 120]" classname="serie2.ex1.CounterModuloTest" time="0.013"/>
  <testcase name="single threaded increment and decrement counter[Modulo: 120]" classname="serie2.ex1.CounterModuloTest" time="0.0"/>
  <testcase name="single threaded decrement at 0 gives module - 1[Modulo: 120]" classname="serie2.ex1.CounterModuloTest" time="0.0"/>
  <testcase name="single threaded increment at module - 1 gives 0[Modulo: 120]" classname="serie2.ex1.CounterModuloTest" time="0.0"/>
  <testcase name="multi threaded decrement counter[Modulo: 120]" classname="serie2.ex1.CounterModuloTest" time="0.012"/>
  <testcase name="multi threaded increment counter[Modulo: 121]" classname="serie2.ex1.CounterModuloTest" time="0.016"/>
  <testcase name="single threaded increment and decrement counter[Modulo: 121]" classname="serie2.ex1.CounterModuloTest" time="0.001"/>
  <testcase name="single threaded decrement at 0 gives module - 1[Modulo: 121]" classname="serie2.ex1.CounterModuloTest" time="0.0"/>
  <testcase name="single threaded increment at module - 1 gives 0[Modulo: 121]" classname="serie2.ex1.CounterModuloTest" time="0.0"/>
  <testcase name="multi threaded decrement counter[Modulo: 121]" classname="serie2.ex1.CounterModuloTest" time="0.013"/>
  <testcase name="multi threaded increment counter[Modulo: 122]" classname="serie2.ex1.CounterModuloTest" time="0.012"/>
  <testcase name="single threaded increment and decrement counter[Modulo: 122]" classname="serie2.ex1.CounterModuloTest" time="0.0"/>
  <testcase name="single threaded decrement at 0 gives module - 1[Modulo: 122]" classname="serie2.ex1.CounterModuloTest" time="0.0"/>
  <testcase name="single threaded increment at module - 1 gives 0[Modulo: 122]" classname="serie2.ex1.CounterModuloTest" time="0.0"/>
  <testcase name="multi threaded decrement counter[Modulo: 122]" classname="serie2.ex1.CounterModuloTest" time="0.011"/>
  <testcase name="multi threaded increment counter[Modulo: 123]" classname="serie2.ex1.CounterModuloTest" time="0.015"/>
  <testcase name="single threaded increment and decrement counter[Modulo: 123]" classname="serie2.ex1.CounterModuloTest" time="0.0"/>
  <testcase name="single threaded decrement at 0 gives module - 1[Modulo: 123]" classname="serie2.ex1.CounterModuloTest" time="0.0"/>
  <testcase name="single threaded increment at module - 1 gives 0[Modulo: 123]" classname="serie2.ex1.CounterModuloTest" time="0.0"/>
  <testcase name="multi threaded decrement counter[Modulo: 123]" classname="serie2.ex1.CounterModuloTest" time="0.013"/>
  <testcase name="multi threaded increment counter[Modulo: 124]" classname="serie2.ex1.CounterModuloTest" time="0.013"/>
  <testcase name="single threaded increment and decrement counter[Modulo: 124]" classname="serie2.ex1.CounterModuloTest" time="0.0"/>
  <testcase name="single threaded decrement at 0 gives module - 1[Modulo: 124]" classname="serie2.ex1.CounterModuloTest" time="0.0"/>
  <testcase name="single threaded increment at module - 1 gives 0[Modulo: 124]" classname="serie2.ex1.CounterModuloTest" time="0.0"/>
  <testcase name="multi threaded decrement counter[Modulo: 124]" classname="serie2.ex1.CounterModuloTest" time="0.013"/>
  <testcase name="multi threaded increment counter[Modulo: 125]" classname="serie2.ex1.CounterModuloTest" time="0.012"/>
  <testcase name="single threaded increment and decrement counter[Modulo: 125]" classname="serie2.ex1.CounterModuloTest" time="0.001"/>
  <testcase name="single threaded decrement at 0 gives module - 1[Modulo: 125]" classname="serie2.ex1.CounterModuloTest" time="0.0"/>
  <testcase name="single threaded increment at module - 1 gives 0[Modulo: 125]" classname="serie2.ex1.CounterModuloTest" time="0.0"/>
  <testcase name="multi threaded decrement counter[Modulo: 125]" classname="serie2.ex1.CounterModuloTest" time="0.011"/>
  <testcase name="multi threaded increment counter[Modulo: 126]" classname="serie2.ex1.CounterModuloTest" time="0.012"/>
  <testcase name="single threaded increment and decrement counter[Modulo: 126]" classname="serie2.ex1.CounterModuloTest" time="0.0"/>
  <testcase name="single threaded decrement at 0 gives module - 1[Modulo: 126]" classname="serie2.ex1.CounterModuloTest" time="0.001"/>
  <testcase name="single threaded increment at module - 1 gives 0[Modulo: 126]" classname="serie2.ex1.CounterModuloTest" time="0.0"/>
  <testcase name="multi threaded decrement counter[Modulo: 126]" classname="serie2.ex1.CounterModuloTest" time="0.011"/>
  <testcase name="multi threaded increment counter[Modulo: 127]" classname="serie2.ex1.CounterModuloTest" time="0.012"/>
  <testcase name="single threaded increment and decrement counter[Modulo: 127]" classname="serie2.ex1.CounterModuloTest" time="0.001"/>
  <testcase name="single threaded decrement at 0 gives module - 1[Modulo: 127]" classname="serie2.ex1.CounterModuloTest" time="0.0"/>
  <testcase name="single threaded increment at module - 1 gives 0[Modulo: 127]" classname="serie2.ex1.CounterModuloTest" time="0.0"/>
  <testcase name="multi threaded decrement counter[Modulo: 127]" classname="serie2.ex1.CounterModuloTest" time="0.011"/>
  <testcase name="multi threaded increment counter[Modulo: 128]" classname="serie2.ex1.CounterModuloTest" time="0.01"/>
  <testcase name="single threaded increment and decrement counter[Modulo: 128]" classname="serie2.ex1.CounterModuloTest" time="0.0"/>
  <testcase name="single threaded decrement at 0 gives module - 1[Modulo: 128]" classname="serie2.ex1.CounterModuloTest" time="0.0"/>
  <testcase name="single threaded increment at module - 1 gives 0[Modulo: 128]" classname="serie2.ex1.CounterModuloTest" time="0.0"/>
  <testcase name="multi threaded decrement counter[Modulo: 128]" classname="serie2.ex1.CounterModuloTest" time="0.011"/>
  <testcase name="multi threaded increment counter[Modulo: 129]" classname="serie2.ex1.CounterModuloTest" time="0.01"/>
  <testcase name="single threaded increment and decrement counter[Modulo: 129]" classname="serie2.ex1.CounterModuloTest" time="0.001"/>
  <testcase name="single threaded decrement at 0 gives module - 1[Modulo: 129]" classname="serie2.ex1.CounterModuloTest" time="0.0"/>
  <testcase name="single threaded increment at module - 1 gives 0[Modulo: 129]" classname="serie2.ex1.CounterModuloTest" time="0.0"/>
  <testcase name="multi threaded decrement counter[Modulo: 129]" classname="serie2.ex1.CounterModuloTest" time="0.011"/>
  <testcase name="multi threaded increment counter[Modulo: 130]" classname="serie2.ex1.CounterModuloTest" time="0.012"/>
  <testcase name="single threaded increment and decrement counter[Modulo: 130]" classname="serie2.ex1.CounterModuloTest" time="0.0"/>
  <testcase name="single threaded decrement at 0 gives module - 1[Modulo: 130]" classname="serie2.ex1.CounterModuloTest" time="0.0"/>
  <testcase name="single threaded increment at module - 1 gives 0[Modulo: 130]" classname="serie2.ex1.CounterModuloTest" time="0.0"/>
  <testcase name="multi threaded decrement counter[Modulo: 130]" classname="serie2.ex1.CounterModuloTest" time="0.012"/>
  <testcase name="multi threaded increment counter[Modulo: 131]" classname="serie2.ex1.CounterModuloTest" time="0.011"/>
  <testcase name="single threaded increment and decrement counter[Modulo: 131]" classname="serie2.ex1.CounterModuloTest" time="0.0"/>
  <testcase name="single threaded decrement at 0 gives module - 1[Modulo: 131]" classname="serie2.ex1.CounterModuloTest" time="0.0"/>
  <testcase name="single threaded increment at module - 1 gives 0[Modulo: 131]" classname="serie2.ex1.CounterModuloTest" time="0.0"/>
  <testcase name="multi threaded decrement counter[Modulo: 131]" classname="serie2.ex1.CounterModuloTest" time="0.011"/>
  <testcase name="multi threaded increment counter[Modulo: 132]" classname="serie2.ex1.CounterModuloTest" time="0.012"/>
  <testcase name="single threaded increment and decrement counter[Modulo: 132]" classname="serie2.ex1.CounterModuloTest" time="0.001"/>
  <testcase name="single threaded decrement at 0 gives module - 1[Modulo: 132]" classname="serie2.ex1.CounterModuloTest" time="0.0"/>
  <testcase name="single threaded increment at module - 1 gives 0[Modulo: 132]" classname="serie2.ex1.CounterModuloTest" time="0.0"/>
  <testcase name="multi threaded decrement counter[Modulo: 132]" classname="serie2.ex1.CounterModuloTest" time="0.01"/>
  <testcase name="multi threaded increment counter[Modulo: 133]" classname="serie2.ex1.CounterModuloTest" time="0.009"/>
  <testcase name="single threaded increment and decrement counter[Modulo: 133]" classname="serie2.ex1.CounterModuloTest" time="0.0"/>
  <testcase name="single threaded decrement at 0 gives module - 1[Modulo: 133]" classname="serie2.ex1.CounterModuloTest" time="0.0"/>
  <testcase name="single threaded increment at module - 1 gives 0[Modulo: 133]" classname="serie2.ex1.CounterModuloTest" time="0.0"/>
  <testcase name="multi threaded decrement counter[Modulo: 133]" classname="serie2.ex1.CounterModuloTest" time="0.01"/>
  <testcase name="multi threaded increment counter[Modulo: 134]" classname="serie2.ex1.CounterModuloTest" time="0.011"/>
  <testcase name="single threaded increment and decrement counter[Modulo: 134]" classname="serie2.ex1.CounterModuloTest" time="0.0"/>
  <testcase name="single threaded decrement at 0 gives module - 1[Modulo: 134]" classname="serie2.ex1.CounterModuloTest" time="0.0"/>
  <testcase name="single threaded increment at module - 1 gives 0[Modulo: 134]" classname="serie2.ex1.CounterModuloTest" time="0.0"/>
  <testcase name="multi threaded decrement counter[Modulo: 134]" classname="serie2.ex1.CounterModuloTest" time="0.067"/>
  <testcase name="multi threaded increment counter[Modulo: 135]" classname="serie2.ex1.CounterModuloTest" time="0.013"/>
  <testcase name="single threaded increment and decrement counter[Modulo: 135]" classname="serie2.ex1.CounterModuloTest" time="0.001"/>
  <testcase name="single threaded decrement at 0 gives module - 1[Modulo: 135]" classname="serie2.ex1.CounterModuloTest" time="0.0"/>
  <testcase name="single threaded increment at module - 1 gives 0[Modulo: 135]" classname="serie2.ex1.CounterModuloTest" time="0.0"/>
  <testcase name="multi threaded decrement counter[Modulo: 135]" classname="serie2.ex1.CounterModuloTest" time="0.012"/>
  <testcase name="multi threaded increment counter[Modulo: 136]" classname="serie2.ex1.CounterModuloTest" time="0.011"/>
  <testcase name="single threaded increment and decrement counter[Modulo: 136]" classname="serie2.ex1.CounterModuloTest" time="0.001"/>
  <testcase name="single threaded decrement at 0 gives module - 1[Modulo: 136]" classname="serie2.ex1.CounterModuloTest" time="0.0"/>
  <testcase name="single threaded increment at module - 1 gives 0[Modulo: 136]" classname="serie2.ex1.CounterModuloTest" time="0.0"/>
  <testcase name="multi threaded decrement counter[Modulo: 136]" classname="serie2.ex1.CounterModuloTest" time="0.012"/>
  <testcase name="multi threaded increment counter[Modulo: 137]" classname="serie2.ex1.CounterModuloTest" time="0.013"/>
  <testcase name="single threaded increment and decrement counter[Modulo: 137]" classname="serie2.ex1.CounterModuloTest" time="0.001"/>
  <testcase name="single threaded decrement at 0 gives module - 1[Modulo: 137]" classname="serie2.ex1.CounterModuloTest" time="0.0"/>
  <testcase name="single threaded increment at module - 1 gives 0[Modulo: 137]" classname="serie2.ex1.CounterModuloTest" time="0.0"/>
  <testcase name="multi threaded decrement counter[Modulo: 137]" classname="serie2.ex1.CounterModuloTest" time="0.01"/>
  <testcase name="multi threaded increment counter[Modulo: 138]" classname="serie2.ex1.CounterModuloTest" time="0.012"/>
  <testcase name="single threaded increment and decrement counter[Modulo: 138]" classname="serie2.ex1.CounterModuloTest" time="0.0"/>
  <testcase name="single threaded decrement at 0 gives module - 1[Modulo: 138]" classname="serie2.ex1.CounterModuloTest" time="0.0"/>
  <testcase name="single threaded increment at module - 1 gives 0[Modulo: 138]" classname="serie2.ex1.CounterModuloTest" time="0.001"/>
  <testcase name="multi threaded decrement counter[Modulo: 138]" classname="serie2.ex1.CounterModuloTest" time="0.012"/>
  <testcase name="multi threaded increment counter[Modulo: 139]" classname="serie2.ex1.CounterModuloTest" time="0.014"/>
  <testcase name="single threaded increment and decrement counter[Modulo: 139]" classname="serie2.ex1.CounterModuloTest" time="0.001"/>
  <testcase name="single threaded decrement at 0 gives module - 1[Modulo: 139]" classname="serie2.ex1.CounterModuloTest" time="0.0"/>
  <testcase name="single threaded increment at module - 1 gives 0[Modulo: 139]" classname="serie2.ex1.CounterModuloTest" time="0.0"/>
  <testcase name="multi threaded decrement counter[Modulo: 139]" classname="serie2.ex1.CounterModuloTest" time="0.011"/>
  <testcase name="multi threaded increment counter[Modulo: 140]" classname="serie2.ex1.CounterModuloTest" time="0.012"/>
  <testcase name="single threaded increment and decrement counter[Modulo: 140]" classname="serie2.ex1.CounterModuloTest" time="0.0"/>
  <testcase name="single threaded decrement at 0 gives module - 1[Modulo: 140]" classname="serie2.ex1.CounterModuloTest" time="0.0"/>
  <testcase name="single threaded increment at module - 1 gives 0[Modulo: 140]" classname="serie2.ex1.CounterModuloTest" time="0.0"/>
  <testcase name="multi threaded decrement counter[Modulo: 140]" classname="serie2.ex1.CounterModuloTest" time="0.011"/>
  <testcase name="multi threaded increment counter[Modulo: 141]" classname="serie2.ex1.CounterModuloTest" time="0.012"/>
  <testcase name="single threaded increment and decrement counter[Modulo: 141]" classname="serie2.ex1.CounterModuloTest" time="0.0"/>
  <testcase name="single threaded decrement at 0 gives module - 1[Modulo: 141]" classname="serie2.ex1.CounterModuloTest" time="0.0"/>
  <testcase name="single threaded increment at module - 1 gives 0[Modulo: 141]" classname="serie2.ex1.CounterModuloTest" time="0.0"/>
  <testcase name="multi threaded decrement counter[Modulo: 141]" classname="serie2.ex1.CounterModuloTest" time="0.013"/>
  <testcase name="multi threaded increment counter[Modulo: 142]" classname="serie2.ex1.CounterModuloTest" time="0.012"/>
  <testcase name="single threaded increment and decrement counter[Modulo: 142]" classname="serie2.ex1.CounterModuloTest" time="0.0"/>
  <testcase name="single threaded decrement at 0 gives module - 1[Modulo: 142]" classname="serie2.ex1.CounterModuloTest" time="0.0"/>
  <testcase name="single threaded increment at module - 1 gives 0[Modulo: 142]" classname="serie2.ex1.CounterModuloTest" time="0.0"/>
  <testcase name="multi threaded decrement counter[Modulo: 142]" classname="serie2.ex1.CounterModuloTest" time="0.011"/>
  <testcase name="multi threaded increment counter[Modulo: 143]" classname="serie2.ex1.CounterModuloTest" time="0.011"/>
  <testcase name="single threaded increment and decrement counter[Modulo: 143]" classname="serie2.ex1.CounterModuloTest" time="0.0"/>
  <testcase name="single threaded decrement at 0 gives module - 1[Modulo: 143]" classname="serie2.ex1.CounterModuloTest" time="0.0"/>
  <testcase name="single threaded increment at module - 1 gives 0[Modulo: 143]" classname="serie2.ex1.CounterModuloTest" time="0.0"/>
  <testcase name="multi threaded decrement counter[Modulo: 143]" classname="serie2.ex1.CounterModuloTest" time="0.01"/>
  <testcase name="multi threaded increment counter[Modulo: 144]" classname="serie2.ex1.CounterModuloTest" time="0.01"/>
  <testcase name="single threaded increment and decrement counter[Modulo: 144]" classname="serie2.ex1.CounterModuloTest" time="0.001"/>
  <testcase name="single threaded decrement at 0 gives module - 1[Modulo: 144]" classname="serie2.ex1.CounterModuloTest" time="0.0"/>
  <testcase name="single threaded increment at module - 1 gives 0[Modulo: 144]" classname="serie2.ex1.CounterModuloTest" time="0.0"/>
  <testcase name="multi threaded decrement counter[Modulo: 144]" classname="serie2.ex1.CounterModuloTest" time="0.011"/>
  <testcase name="multi threaded increment counter[Modulo: 145]" classname="serie2.ex1.CounterModuloTest" time="0.009"/>
  <testcase name="single threaded increment and decrement counter[Modulo: 145]" classname="serie2.ex1.CounterModuloTest" time="0.0"/>
  <testcase name="single threaded decrement at 0 gives module - 1[Modulo: 145]" classname="serie2.ex1.CounterModuloTest" time="0.001"/>
  <testcase name="single threaded increment at module - 1 gives 0[Modulo: 145]" classname="serie2.ex1.CounterModuloTest" time="0.0"/>
  <testcase name="multi threaded decrement counter[Modulo: 145]" classname="serie2.ex1.CounterModuloTest" time="0.011"/>
  <testcase name="multi threaded increment counter[Modulo: 146]" classname="serie2.ex1.CounterModuloTest" time="0.011"/>
  <testcase name="single threaded increment and decrement counter[Modulo: 146]" classname="serie2.ex1.CounterModuloTest" time="0.0"/>
  <testcase name="single threaded decrement at 0 gives module - 1[Modulo: 146]" classname="serie2.ex1.CounterModuloTest" time="0.0"/>
  <testcase name="single threaded increment at module - 1 gives 0[Modulo: 146]" classname="serie2.ex1.CounterModuloTest" time="0.0"/>
  <testcase name="multi threaded decrement counter[Modulo: 146]" classname="serie2.ex1.CounterModuloTest" time="0.012"/>
  <testcase name="multi threaded increment counter[Modulo: 147]" classname="serie2.ex1.CounterModuloTest" time="0.012"/>
  <testcase name="single threaded increment and decrement counter[Modulo: 147]" classname="serie2.ex1.CounterModuloTest" time="0.0"/>
  <testcase name="single threaded decrement at 0 gives module - 1[Modulo: 147]" classname="serie2.ex1.CounterModuloTest" time="0.0"/>
  <testcase name="single threaded increment at module - 1 gives 0[Modulo: 147]" classname="serie2.ex1.CounterModuloTest" time="0.0"/>
  <testcase name="multi threaded decrement counter[Modulo: 147]" classname="serie2.ex1.CounterModuloTest" time="0.013"/>
  <testcase name="multi threaded increment counter[Modulo: 148]" classname="serie2.ex1.CounterModuloTest" time="0.012"/>
  <testcase name="single threaded increment and decrement counter[Modulo: 148]" classname="serie2.ex1.CounterModuloTest" time="0.0"/>
  <testcase name="single threaded decrement at 0 gives module - 1[Modulo: 148]" classname="serie2.ex1.CounterModuloTest" time="0.0"/>
  <testcase name="single threaded increment at module - 1 gives 0[Modulo: 148]" classname="serie2.ex1.CounterModuloTest" time="0.0"/>
  <testcase name="multi threaded decrement counter[Modulo: 148]" classname="serie2.ex1.CounterModuloTest" time="0.013"/>
  <testcase name="multi threaded increment counter[Modulo: 149]" classname="serie2.ex1.CounterModuloTest" time="0.011"/>
  <testcase name="single threaded increment and decrement counter[Modulo: 149]" classname="serie2.ex1.CounterModuloTest" time="0.001"/>
  <testcase name="single threaded decrement at 0 gives module - 1[Modulo: 149]" classname="serie2.ex1.CounterModuloTest" time="0.0"/>
  <testcase name="single threaded increment at module - 1 gives 0[Modulo: 149]" classname="serie2.ex1.CounterModuloTest" time="0.0"/>
  <testcase name="multi threaded decrement counter[Modulo: 149]" classname="serie2.ex1.CounterModuloTest" time="0.01"/>
  <testcase name="multi threaded increment counter[Modulo: 150]" classname="serie2.ex1.CounterModuloTest" time="0.01"/>
  <testcase name="single threaded increment and decrement counter[Modulo: 150]" classname="serie2.ex1.CounterModuloTest" time="0.0"/>
  <testcase name="single threaded decrement at 0 gives module - 1[Modulo: 150]" classname="serie2.ex1.CounterModuloTest" time="0.0"/>
  <testcase name="single threaded increment at module - 1 gives 0[Modulo: 150]" classname="serie2.ex1.CounterModuloTest" time="0.001"/>
  <testcase name="multi threaded decrement counter[Modulo: 150]" classname="serie2.ex1.CounterModuloTest" time="0.01"/>
  <testcase name="multi threaded increment counter[Modulo: 151]" classname="serie2.ex1.CounterModuloTest" time="0.011"/>
  <testcase name="single threaded increment and decrement counter[Modulo: 151]" classname="serie2.ex1.CounterModuloTest" time="0.0"/>
  <testcase name="single threaded decrement at 0 gives module - 1[Modulo: 151]" classname="serie2.ex1.CounterModuloTest" time="0.0"/>
  <testcase name="single threaded increment at module - 1 gives 0[Modulo: 151]" classname="serie2.ex1.CounterModuloTest" time="0.0"/>
  <testcase name="multi threaded decrement counter[Modulo: 151]" classname="serie2.ex1.CounterModuloTest" time="0.01"/>
  <testcase name="multi threaded increment counter[Modulo: 152]" classname="serie2.ex1.CounterModuloTest" time="0.01"/>
  <testcase name="single threaded increment and decrement counter[Modulo: 152]" classname="serie2.ex1.CounterModuloTest" time="0.001"/>
  <testcase name="single threaded decrement at 0 gives module - 1[Modulo: 152]" classname="serie2.ex1.CounterModuloTest" time="0.0"/>
  <testcase name="single threaded increment at module - 1 gives 0[Modulo: 152]" classname="serie2.ex1.CounterModuloTest" time="0.0"/>
  <testcase name="multi threaded decrement counter[Modulo: 152]" classname="serie2.ex1.CounterModuloTest" time="0.011"/>
  <testcase name="multi threaded increment counter[Modulo: 153]" classname="serie2.ex1.CounterModuloTest" time="0.009"/>
  <testcase name="single threaded increment and decrement counter[Modulo: 153]" classname="serie2.ex1.CounterModuloTest" time="0.0"/>
  <testcase name="single threaded decrement at 0 gives module - 1[Modulo: 153]" classname="serie2.ex1.CounterModuloTest" time="0.0"/>
  <testcase name="single threaded increment at module - 1 gives 0[Modulo: 153]" classname="serie2.ex1.CounterModuloTest" time="0.0"/>
  <testcase name="multi threaded decrement counter[Modulo: 153]" classname="serie2.ex1.CounterModuloTest" time="0.011"/>
  <testcase name="multi threaded increment counter[Modulo: 154]" classname="serie2.ex1.CounterModuloTest" time="0.012"/>
  <testcase name="single threaded increment and decrement counter[Modulo: 154]" classname="serie2.ex1.CounterModuloTest" time="0.0"/>
  <testcase name="single threaded decrement at 0 gives module - 1[Modulo: 154]" classname="serie2.ex1.CounterModuloTest" time="0.0"/>
  <testcase name="single threaded increment at module - 1 gives 0[Modulo: 154]" classname="serie2.ex1.CounterModuloTest" time="0.0"/>
  <testcase name="multi threaded decrement counter[Modulo: 154]" classname="serie2.ex1.CounterModuloTest" time="0.012"/>
  <testcase name="multi threaded increment counter[Modulo: 155]" classname="serie2.ex1.CounterModuloTest" time="0.011"/>
  <testcase name="single threaded increment and decrement counter[Modulo: 155]" classname="serie2.ex1.CounterModuloTest" time="0.001"/>
  <testcase name="single threaded decrement at 0 gives module - 1[Modulo: 155]" classname="serie2.ex1.CounterModuloTest" time="0.0"/>
  <testcase name="single threaded increment at module - 1 gives 0[Modulo: 155]" classname="serie2.ex1.CounterModuloTest" time="0.0"/>
  <testcase name="multi threaded decrement counter[Modulo: 155]" classname="serie2.ex1.CounterModuloTest" time="0.011"/>
  <testcase name="multi threaded increment counter[Modulo: 156]" classname="serie2.ex1.CounterModuloTest" time="0.012"/>
  <testcase name="single threaded increment and decrement counter[Modulo: 156]" classname="serie2.ex1.CounterModuloTest" time="0.001"/>
  <testcase name="single threaded decrement at 0 gives module - 1[Modulo: 156]" classname="serie2.ex1.CounterModuloTest" time="0.0"/>
  <testcase name="single threaded increment at module - 1 gives 0[Modulo: 156]" classname="serie2.ex1.CounterModuloTest" time="0.0"/>
  <testcase name="multi threaded decrement counter[Modulo: 156]" classname="serie2.ex1.CounterModuloTest" time="0.012"/>
  <testcase name="multi threaded increment counter[Modulo: 157]" classname="serie2.ex1.CounterModuloTest" time="0.03"/>
  <testcase name="single threaded increment and decrement counter[Modulo: 157]" classname="serie2.ex1.CounterModuloTest" time="0.0"/>
  <testcase name="single threaded decrement at 0 gives module - 1[Modulo: 157]" classname="serie2.ex1.CounterModuloTest" time="0.0"/>
  <testcase name="single threaded increment at module - 1 gives 0[Modulo: 157]" classname="serie2.ex1.CounterModuloTest" time="0.0"/>
  <testcase name="multi threaded decrement counter[Modulo: 157]" classname="serie2.ex1.CounterModuloTest" time="0.011"/>
  <testcase name="multi threaded increment counter[Modulo: 158]" classname="serie2.ex1.CounterModuloTest" time="0.011"/>
  <testcase name="single threaded increment and decrement counter[Modulo: 158]" classname="serie2.ex1.CounterModuloTest" time="0.001"/>
  <testcase name="single threaded decrement at 0 gives module - 1[Modulo: 158]" classname="serie2.ex1.CounterModuloTest" time="0.0"/>
  <testcase name="single threaded increment at module - 1 gives 0[Modulo: 158]" classname="serie2.ex1.CounterModuloTest" time="0.0"/>
  <testcase name="multi threaded decrement counter[Modulo: 158]" classname="serie2.ex1.CounterModuloTest" time="0.012"/>
  <testcase name="multi threaded increment counter[Modulo: 159]" classname="serie2.ex1.CounterModuloTest" time="0.011"/>
  <testcase name="single threaded increment and decrement counter[Modulo: 159]" classname="serie2.ex1.CounterModuloTest" time="0.001"/>
  <testcase name="single threaded decrement at 0 gives module - 1[Modulo: 159]" classname="serie2.ex1.CounterModuloTest" time="0.0"/>
  <testcase name="single threaded increment at module - 1 gives 0[Modulo: 159]" classname="serie2.ex1.CounterModuloTest" time="0.0"/>
  <testcase name="multi threaded decrement counter[Modulo: 159]" classname="serie2.ex1.CounterModuloTest" time="0.009"/>
  <testcase name="multi threaded increment counter[Modulo: 160]" classname="serie2.ex1.CounterModuloTest" time="0.011"/>
  <testcase name="single threaded increment and decrement counter[Modulo: 160]" classname="serie2.ex1.CounterModuloTest" time="0.0"/>
  <testcase name="single threaded decrement at 0 gives module - 1[Modulo: 160]" classname="serie2.ex1.CounterModuloTest" time="0.0"/>
  <testcase name="single threaded increment at module - 1 gives 0[Modulo: 160]" classname="serie2.ex1.CounterModuloTest" time="0.0"/>
  <testcase name="multi threaded decrement counter[Modulo: 160]" classname="serie2.ex1.CounterModuloTest" time="0.011"/>
  <testcase name="multi threaded increment counter[Modulo: 161]" classname="serie2.ex1.CounterModuloTest" time="0.01"/>
  <testcase name="single threaded increment and decrement counter[Modulo: 161]" classname="serie2.ex1.CounterModuloTest" time="0.001"/>
  <testcase name="single threaded decrement at 0 gives module - 1[Modulo: 161]" classname="serie2.ex1.CounterModuloTest" time="0.0"/>
  <testcase name="single threaded increment at module - 1 gives 0[Modulo: 161]" classname="serie2.ex1.CounterModuloTest" time="0.0"/>
  <testcase name="multi threaded decrement counter[Modulo: 161]" classname="serie2.ex1.CounterModuloTest" time="0.01"/>
  <testcase name="multi threaded increment counter[Modulo: 162]" classname="serie2.ex1.CounterModuloTest" time="0.012"/>
  <testcase name="single threaded increment and decrement counter[Modulo: 162]" classname="serie2.ex1.CounterModuloTest" time="0.0"/>
  <testcase name="single threaded decrement at 0 gives module - 1[Modulo: 162]" classname="serie2.ex1.CounterModuloTest" time="0.0"/>
  <testcase name="single threaded increment at module - 1 gives 0[Modulo: 162]" classname="serie2.ex1.CounterModuloTest" time="0.0"/>
  <testcase name="multi threaded decrement counter[Modulo: 162]" classname="serie2.ex1.CounterModuloTest" time="0.013"/>
  <testcase name="multi threaded increment counter[Modulo: 163]" classname="serie2.ex1.CounterModuloTest" time="0.013"/>
  <testcase name="single threaded increment and decrement counter[Modulo: 163]" classname="serie2.ex1.CounterModuloTest" time="0.0"/>
  <testcase name="single threaded decrement at 0 gives module - 1[Modulo: 163]" classname="serie2.ex1.CounterModuloTest" time="0.0"/>
  <testcase name="single threaded increment at module - 1 gives 0[Modulo: 163]" classname="serie2.ex1.CounterModuloTest" time="0.0"/>
  <testcase name="multi threaded decrement counter[Modulo: 163]" classname="serie2.ex1.CounterModuloTest" time="0.011"/>
  <testcase name="multi threaded increment counter[Modulo: 164]" classname="serie2.ex1.CounterModuloTest" time="0.011"/>
  <testcase name="single threaded increment and decrement counter[Modulo: 164]" classname="serie2.ex1.CounterModuloTest" time="0.0"/>
  <testcase name="single threaded decrement at 0 gives module - 1[Modulo: 164]" classname="serie2.ex1.CounterModuloTest" time="0.0"/>
  <testcase name="single threaded increment at module - 1 gives 0[Modulo: 164]" classname="serie2.ex1.CounterModuloTest" time="0.001"/>
  <testcase name="multi threaded decrement counter[Modulo: 164]" classname="serie2.ex1.CounterModuloTest" time="0.01"/>
  <testcase name="multi threaded increment counter[Modulo: 165]" classname="serie2.ex1.CounterModuloTest" time="0.009"/>
  <testcase name="single threaded increment and decrement counter[Modulo: 165]" classname="serie2.ex1.CounterModuloTest" time="0.0"/>
  <testcase name="single threaded decrement at 0 gives module - 1[Modulo: 165]" classname="serie2.ex1.CounterModuloTest" time="0.0"/>
  <testcase name="single threaded increment at module - 1 gives 0[Modulo: 165]" classname="serie2.ex1.CounterModuloTest" time="0.0"/>
  <testcase name="multi threaded decrement counter[Modulo: 165]" classname="serie2.ex1.CounterModuloTest" time="0.012"/>
  <testcase name="multi threaded increment counter[Modulo: 166]" classname="serie2.ex1.CounterModuloTest" time="0.011"/>
  <testcase name="single threaded increment and decrement counter[Modulo: 166]" classname="serie2.ex1.CounterModuloTest" time="0.0"/>
  <testcase name="single threaded decrement at 0 gives module - 1[Modulo: 166]" classname="serie2.ex1.CounterModuloTest" time="0.0"/>
  <testcase name="single threaded increment at module - 1 gives 0[Modulo: 166]" classname="serie2.ex1.CounterModuloTest" time="0.0"/>
  <testcase name="multi threaded decrement counter[Modulo: 166]" classname="serie2.ex1.CounterModuloTest" time="0.011"/>
  <testcase name="multi threaded increment counter[Modulo: 167]" classname="serie2.ex1.CounterModuloTest" time="0.012"/>
  <testcase name="single threaded increment and decrement counter[Modulo: 167]" classname="serie2.ex1.CounterModuloTest" time="0.001"/>
  <testcase name="single threaded decrement at 0 gives module - 1[Modulo: 167]" classname="serie2.ex1.CounterModuloTest" time="0.0"/>
  <testcase name="single threaded increment at module - 1 gives 0[Modulo: 167]" classname="serie2.ex1.CounterModuloTest" time="0.0"/>
  <testcase name="multi threaded decrement counter[Modulo: 167]" classname="serie2.ex1.CounterModuloTest" time="0.013"/>
  <testcase name="multi threaded increment counter[Modulo: 168]" classname="serie2.ex1.CounterModuloTest" time="0.012"/>
  <testcase name="single threaded increment and decrement counter[Modulo: 168]" classname="serie2.ex1.CounterModuloTest" time="0.001"/>
  <testcase name="single threaded decrement at 0 gives module - 1[Modulo: 168]" classname="serie2.ex1.CounterModuloTest" time="0.0"/>
  <testcase name="single threaded increment at module - 1 gives 0[Modulo: 168]" classname="serie2.ex1.CounterModuloTest" time="0.0"/>
  <testcase name="multi threaded decrement counter[Modulo: 168]" classname="serie2.ex1.CounterModuloTest" time="0.011"/>
  <testcase name="multi threaded increment counter[Modulo: 169]" classname="serie2.ex1.CounterModuloTest" time="0.014"/>
  <testcase name="single threaded increment and decrement counter[Modulo: 169]" classname="serie2.ex1.CounterModuloTest" time="0.0"/>
  <testcase name="single threaded decrement at 0 gives module - 1[Modulo: 169]" classname="serie2.ex1.CounterModuloTest" time="0.0"/>
  <testcase name="single threaded increment at module - 1 gives 0[Modulo: 169]" classname="serie2.ex1.CounterModuloTest" time="0.0"/>
  <testcase name="multi threaded decrement counter[Modulo: 169]" classname="serie2.ex1.CounterModuloTest" time="0.028"/>
  <testcase name="multi threaded increment counter[Modulo: 170]" classname="serie2.ex1.CounterModuloTest" time="0.013"/>
  <testcase name="single threaded increment and decrement counter[Modulo: 170]" classname="serie2.ex1.CounterModuloTest" time="0.001"/>
  <testcase name="single threaded decrement at 0 gives module - 1[Modulo: 170]" classname="serie2.ex1.CounterModuloTest" time="0.0"/>
  <testcase name="single threaded increment at module - 1 gives 0[Modulo: 170]" classname="serie2.ex1.CounterModuloTest" time="0.0"/>
  <testcase name="multi threaded decrement counter[Modulo: 170]" classname="serie2.ex1.CounterModuloTest" time="0.012"/>
  <testcase name="multi threaded increment counter[Modulo: 171]" classname="serie2.ex1.CounterModuloTest" time="0.014"/>
  <testcase name="single threaded increment and decrement counter[Modulo: 171]" classname="serie2.ex1.CounterModuloTest" time="0.0"/>
  <testcase name="single threaded decrement at 0 gives module - 1[Modulo: 171]" classname="serie2.ex1.CounterModuloTest" time="0.0"/>
  <testcase name="single threaded increment at module - 1 gives 0[Modulo: 171]" classname="serie2.ex1.CounterModuloTest" time="0.0"/>
  <testcase name="multi threaded decrement counter[Modulo: 171]" classname="serie2.ex1.CounterModuloTest" time="0.014"/>
  <testcase name="multi threaded increment counter[Modulo: 172]" classname="serie2.ex1.CounterModuloTest" time="0.014"/>
  <testcase name="single threaded increment and decrement counter[Modulo: 172]" classname="serie2.ex1.CounterModuloTest" time="0.0"/>
  <testcase name="single threaded decrement at 0 gives module - 1[Modulo: 172]" classname="serie2.ex1.CounterModuloTest" time="0.0"/>
  <testcase name="single threaded increment at module - 1 gives 0[Modulo: 172]" classname="serie2.ex1.CounterModuloTest" time="0.0"/>
  <testcase name="multi threaded decrement counter[Modulo: 172]" classname="serie2.ex1.CounterModuloTest" time="0.014"/>
  <testcase name="multi threaded increment counter[Modulo: 173]" classname="serie2.ex1.CounterModuloTest" time="0.013"/>
  <testcase name="single threaded increment and decrement counter[Modulo: 173]" classname="serie2.ex1.CounterModuloTest" time="0.0"/>
  <testcase name="single threaded decrement at 0 gives module - 1[Modulo: 173]" classname="serie2.ex1.CounterModuloTest" time="0.0"/>
  <testcase name="single threaded increment at module - 1 gives 0[Modulo: 173]" classname="serie2.ex1.CounterModuloTest" time="0.0"/>
  <testcase name="multi threaded decrement counter[Modulo: 173]" classname="serie2.ex1.CounterModuloTest" time="0.013"/>
  <testcase name="multi threaded increment counter[Modulo: 174]" classname="serie2.ex1.CounterModuloTest" time="0.011"/>
  <testcase name="single threaded increment and decrement counter[Modulo: 174]" classname="serie2.ex1.CounterModuloTest" time="0.0"/>
  <testcase name="single threaded decrement at 0 gives module - 1[Modulo: 174]" classname="serie2.ex1.CounterModuloTest" time="0.0"/>
  <testcase name="single threaded increment at module - 1 gives 0[Modulo: 174]" classname="serie2.ex1.CounterModuloTest" time="0.0"/>
  <testcase name="multi threaded decrement counter[Modulo: 174]" classname="serie2.ex1.CounterModuloTest" time="0.012"/>
  <testcase name="multi threaded increment counter[Modulo: 175]" classname="serie2.ex1.CounterModuloTest" time="0.013"/>
  <testcase name="single threaded increment and decrement counter[Modulo: 175]" classname="serie2.ex1.CounterModuloTest" time="0.001"/>
  <testcase name="single threaded decrement at 0 gives module - 1[Modulo: 175]" classname="serie2.ex1.CounterModuloTest" time="0.0"/>
  <testcase name="single threaded increment at module - 1 gives 0[Modulo: 175]" classname="serie2.ex1.CounterModuloTest" time="0.0"/>
  <testcase name="multi threaded decrement counter[Modulo: 175]" classname="serie2.ex1.CounterModuloTest" time="0.014"/>
  <testcase name="multi threaded increment counter[Modulo: 176]" classname="serie2.ex1.CounterModuloTest" time="0.014"/>
  <testcase name="single threaded increment and decrement counter[Modulo: 176]" classname="serie2.ex1.CounterModuloTest" time="0.0"/>
  <testcase name="single threaded decrement at 0 gives module - 1[Modulo: 176]" classname="serie2.ex1.CounterModuloTest" time="0.0"/>
  <testcase name="single threaded increment at module - 1 gives 0[Modulo: 176]" classname="serie2.ex1.CounterModuloTest" time="0.0"/>
  <testcase name="multi threaded decrement counter[Modulo: 176]" classname="serie2.ex1.CounterModuloTest" time="0.014"/>
  <testcase name="multi threaded increment counter[Modulo: 177]" classname="serie2.ex1.CounterModuloTest" time="0.013"/>
  <testcase name="single threaded increment and decrement counter[Modulo: 177]" classname="serie2.ex1.CounterModuloTest" time="0.001"/>
  <testcase name="single threaded decrement at 0 gives module - 1[Modulo: 177]" classname="serie2.ex1.CounterModuloTest" time="0.0"/>
  <testcase name="single threaded increment at module - 1 gives 0[Modulo: 177]" classname="serie2.ex1.CounterModuloTest" time="0.0"/>
  <testcase name="multi threaded decrement counter[Modulo: 177]" classname="serie2.ex1.CounterModuloTest" time="0.013"/>
  <testcase name="multi threaded increment counter[Modulo: 178]" classname="serie2.ex1.CounterModuloTest" time="0.012"/>
  <testcase name="single threaded increment and decrement counter[Modulo: 178]" classname="serie2.ex1.CounterModuloTest" time="0.001"/>
  <testcase name="single threaded decrement at 0 gives module - 1[Modulo: 178]" classname="serie2.ex1.CounterModuloTest" time="0.0"/>
  <testcase name="single threaded increment at module - 1 gives 0[Modulo: 178]" classname="serie2.ex1.CounterModuloTest" time="0.0"/>
  <testcase name="multi threaded decrement counter[Modulo: 178]" classname="serie2.ex1.CounterModuloTest" time="0.014"/>
  <testcase name="multi threaded increment counter[Modulo: 179]" classname="serie2.ex1.CounterModuloTest" time="0.013"/>
  <testcase name="single threaded increment and decrement counter[Modulo: 179]" classname="serie2.ex1.CounterModuloTest" time="0.001"/>
  <testcase name="single threaded decrement at 0 gives module - 1[Modulo: 179]" classname="serie2.ex1.CounterModuloTest" time="0.0"/>
  <testcase name="single threaded increment at module - 1 gives 0[Modulo: 179]" classname="serie2.ex1.CounterModuloTest" time="0.0"/>
  <testcase name="multi threaded decrement counter[Modulo: 179]" classname="serie2.ex1.CounterModuloTest" time="0.014"/>
  <testcase name="multi threaded increment counter[Modulo: 180]" classname="serie2.ex1.CounterModuloTest" time="0.014"/>
  <testcase name="single threaded increment and decrement counter[Modulo: 180]" classname="serie2.ex1.CounterModuloTest" time="0.001"/>
  <testcase name="single threaded decrement at 0 gives module - 1[Modulo: 180]" classname="serie2.ex1.CounterModuloTest" time="0.0"/>
  <testcase name="single threaded increment at module - 1 gives 0[Modulo: 180]" classname="serie2.ex1.CounterModuloTest" time="0.0"/>
  <testcase name="multi threaded decrement counter[Modulo: 180]" classname="serie2.ex1.CounterModuloTest" time="0.013"/>
  <testcase name="multi threaded increment counter[Modulo: 181]" classname="serie2.ex1.CounterModuloTest" time="0.015"/>
  <testcase name="single threaded increment and decrement counter[Modulo: 181]" classname="serie2.ex1.CounterModuloTest" time="0.001"/>
  <testcase name="single threaded decrement at 0 gives module - 1[Modulo: 181]" classname="serie2.ex1.CounterModuloTest" time="0.0"/>
  <testcase name="single threaded increment at module - 1 gives 0[Modulo: 181]" classname="serie2.ex1.CounterModuloTest" time="0.0"/>
  <testcase name="multi threaded decrement counter[Modulo: 181]" classname="serie2.ex1.CounterModuloTest" time="0.014"/>
  <testcase name="multi threaded increment counter[Modulo: 182]" classname="serie2.ex1.CounterModuloTest" time="0.014"/>
  <testcase name="single threaded increment and decrement counter[Modulo: 182]" classname="serie2.ex1.CounterModuloTest" time="0.001"/>
  <testcase name="single threaded decrement at 0 gives module - 1[Modulo: 182]" classname="serie2.ex1.CounterModuloTest" time="0.0"/>
  <testcase name="single threaded increment at module - 1 gives 0[Modulo: 182]" classname="serie2.ex1.CounterModuloTest" time="0.0"/>
  <testcase name="multi threaded decrement counter[Modulo: 182]" classname="serie2.ex1.CounterModuloTest" time="0.011"/>
  <testcase name="multi threaded increment counter[Modulo: 183]" classname="serie2.ex1.CounterModuloTest" time="0.015"/>
  <testcase name="single threaded increment and decrement counter[Modulo: 183]" classname="serie2.ex1.CounterModuloTest" time="0.001"/>
  <testcase name="single threaded decrement at 0 gives module - 1[Modulo: 183]" classname="serie2.ex1.CounterModuloTest" time="0.0"/>
  <testcase name="single threaded increment at module - 1 gives 0[Modulo: 183]" classname="serie2.ex1.CounterModuloTest" time="0.0"/>
  <testcase name="multi threaded decrement counter[Modulo: 183]" classname="serie2.ex1.CounterModuloTest" time="0.016"/>
  <testcase name="multi threaded increment counter[Modulo: 184]" classname="serie2.ex1.CounterModuloTest" time="0.013"/>
  <testcase name="single threaded increment and decrement counter[Modulo: 184]" classname="serie2.ex1.CounterModuloTest" time="0.001"/>
  <testcase name="single threaded decrement at 0 gives module - 1[Modulo: 184]" classname="serie2.ex1.CounterModuloTest" time="0.0"/>
  <testcase name="single threaded increment at module - 1 gives 0[Modulo: 184]" classname="serie2.ex1.CounterModuloTest" time="0.0"/>
  <testcase name="multi threaded decrement counter[Modulo: 184]" classname="serie2.ex1.CounterModuloTest" time="0.012"/>
  <testcase name="multi threaded increment counter[Modulo: 185]" classname="serie2.ex1.CounterModuloTest" time="0.012"/>
  <testcase name="single threaded increment and decrement counter[Modulo: 185]" classname="serie2.ex1.CounterModuloTest" time="0.0"/>
  <testcase name="single threaded decrement at 0 gives module - 1[Modulo: 185]" classname="serie2.ex1.CounterModuloTest" time="0.0"/>
  <testcase name="single threaded increment at module - 1 gives 0[Modulo: 185]" classname="serie2.ex1.CounterModuloTest" time="0.0"/>
  <testcase name="multi threaded decrement counter[Modulo: 185]" classname="serie2.ex1.CounterModuloTest" time="0.013"/>
  <testcase name="multi threaded increment counter[Modulo: 186]" classname="serie2.ex1.CounterModuloTest" time="0.014"/>
  <testcase name="single threaded increment and decrement counter[Modulo: 186]" classname="serie2.ex1.CounterModuloTest" time="0.001"/>
  <testcase name="single threaded decrement at 0 gives module - 1[Modulo: 186]" classname="serie2.ex1.CounterModuloTest" time="0.0"/>
  <testcase name="single threaded increment at module - 1 gives 0[Modulo: 186]" classname="serie2.ex1.CounterModuloTest" time="0.0"/>
  <testcase name="multi threaded decrement counter[Modulo: 186]" classname="serie2.ex1.CounterModuloTest" time="0.013"/>
  <testcase name="multi threaded increment counter[Modulo: 187]" classname="serie2.ex1.CounterModuloTest" time="0.013"/>
  <testcase name="single threaded increment and decrement counter[Modulo: 187]" classname="serie2.ex1.CounterModuloTest" time="0.001"/>
  <testcase name="single threaded decrement at 0 gives module - 1[Modulo: 187]" classname="serie2.ex1.CounterModuloTest" time="0.0"/>
  <testcase name="single threaded increment at module - 1 gives 0[Modulo: 187]" classname="serie2.ex1.CounterModuloTest" time="0.0"/>
  <testcase name="multi threaded decrement counter[Modulo: 187]" classname="serie2.ex1.CounterModuloTest" time="0.013"/>
  <testcase name="multi threaded increment counter[Modulo: 188]" classname="serie2.ex1.CounterModuloTest" time="0.016"/>
  <testcase name="single threaded increment and decrement counter[Modulo: 188]" classname="serie2.ex1.CounterModuloTest" time="0.0"/>
  <testcase name="single threaded decrement at 0 gives module - 1[Modulo: 188]" classname="serie2.ex1.CounterModuloTest" time="0.0"/>
  <testcase name="single threaded increment at module - 1 gives 0[Modulo: 188]" classname="serie2.ex1.CounterModuloTest" time="0.0"/>
  <testcase name="multi threaded decrement counter[Modulo: 188]" classname="serie2.ex1.CounterModuloTest" time="0.021"/>
  <testcase name="multi threaded increment counter[Modulo: 189]" classname="serie2.ex1.CounterModuloTest" time="0.016"/>
  <testcase name="single threaded increment and decrement counter[Modulo: 189]" classname="serie2.ex1.CounterModuloTest" time="0.001"/>
  <testcase name="single threaded decrement at 0 gives module - 1[Modulo: 189]" classname="serie2.ex1.CounterModuloTest" time="0.0"/>
  <testcase name="single threaded increment at module - 1 gives 0[Modulo: 189]" classname="serie2.ex1.CounterModuloTest" time="0.0"/>
  <testcase name="multi threaded decrement counter[Modulo: 189]" classname="serie2.ex1.CounterModuloTest" time="0.057"/>
  <testcase name="multi threaded increment counter[Modulo: 190]" classname="serie2.ex1.CounterModuloTest" time="0.017"/>
  <testcase name="single threaded increment and decrement counter[Modulo: 190]" classname="serie2.ex1.CounterModuloTest" time="0.001"/>
  <testcase name="single threaded decrement at 0 gives module - 1[Modulo: 190]" classname="serie2.ex1.CounterModuloTest" time="0.0"/>
  <testcase name="single threaded increment at module - 1 gives 0[Modulo: 190]" classname="serie2.ex1.CounterModuloTest" time="0.0"/>
  <testcase name="multi threaded decrement counter[Modulo: 190]" classname="serie2.ex1.CounterModuloTest" time="0.015"/>
  <testcase name="multi threaded increment counter[Modulo: 191]" classname="serie2.ex1.CounterModuloTest" time="0.013"/>
  <testcase name="single threaded increment and decrement counter[Modulo: 191]" classname="serie2.ex1.CounterModuloTest" time="0.0"/>
  <testcase name="single threaded decrement at 0 gives module - 1[Modulo: 191]" classname="serie2.ex1.CounterModuloTest" time="0.0"/>
  <testcase name="single threaded increment at module - 1 gives 0[Modulo: 191]" classname="serie2.ex1.CounterModuloTest" time="0.0"/>
  <testcase name="multi threaded decrement counter[Modulo: 191]" classname="serie2.ex1.CounterModuloTest" time="0.016"/>
  <testcase name="multi threaded increment counter[Modulo: 192]" classname="serie2.ex1.CounterModuloTest" time="0.016"/>
  <testcase name="single threaded increment and decrement counter[Modulo: 192]" classname="serie2.ex1.CounterModuloTest" time="0.0"/>
  <testcase name="single threaded decrement at 0 gives module - 1[Modulo: 192]" classname="serie2.ex1.CounterModuloTest" time="0.0"/>
  <testcase name="single threaded increment at module - 1 gives 0[Modulo: 192]" classname="serie2.ex1.CounterModuloTest" time="0.0"/>
  <testcase name="multi threaded decrement counter[Modulo: 192]" classname="serie2.ex1.CounterModuloTest" time="0.012"/>
  <testcase name="multi threaded increment counter[Modulo: 193]" classname="serie2.ex1.CounterModuloTest" time="0.014"/>
  <testcase name="single threaded increment and decrement counter[Modulo: 193]" classname="serie2.ex1.CounterModuloTest" time="0.0"/>
  <testcase name="single threaded decrement at 0 gives module - 1[Modulo: 193]" classname="serie2.ex1.CounterModuloTest" time="0.0"/>
  <testcase name="single threaded increment at module - 1 gives 0[Modulo: 193]" classname="serie2.ex1.CounterModuloTest" time="0.0"/>
  <testcase name="multi threaded decrement counter[Modulo: 193]" classname="serie2.ex1.CounterModuloTest" time="0.011"/>
  <testcase name="multi threaded increment counter[Modulo: 194]" classname="serie2.ex1.CounterModuloTest" time="0.012"/>
  <testcase name="single threaded increment and decrement counter[Modulo: 194]" classname="serie2.ex1.CounterModuloTest" time="0.001"/>
  <testcase name="single threaded decrement at 0 gives module - 1[Modulo: 194]" classname="serie2.ex1.CounterModuloTest" time="0.0"/>
  <testcase name="single threaded increment at module - 1 gives 0[Modulo: 194]" classname="serie2.ex1.CounterModuloTest" time="0.0"/>
  <testcase name="multi threaded decrement counter[Modulo: 194]" classname="serie2.ex1.CounterModuloTest" time="0.013"/>
  <testcase name="multi threaded increment counter[Modulo: 195]" classname="serie2.ex1.CounterModuloTest" time="0.013"/>
  <testcase name="single threaded increment and decrement counter[Modulo: 195]" classname="serie2.ex1.CounterModuloTest" time="0.0"/>
  <testcase name="single threaded decrement at 0 gives module - 1[Modulo: 195]" classname="serie2.ex1.CounterModuloTest" time="0.0"/>
  <testcase name="single threaded increment at module - 1 gives 0[Modulo: 195]" classname="serie2.ex1.CounterModuloTest" time="0.0"/>
  <testcase name="multi threaded decrement counter[Modulo: 195]" classname="serie2.ex1.CounterModuloTest" time="0.013"/>
  <testcase name="multi threaded increment counter[Modulo: 196]" classname="serie2.ex1.CounterModuloTest" time="0.013"/>
  <testcase name="single threaded increment and decrement counter[Modulo: 196]" classname="serie2.ex1.CounterModuloTest" time="0.0"/>
  <testcase name="single threaded decrement at 0 gives module - 1[Modulo: 196]" classname="serie2.ex1.CounterModuloTest" time="0.0"/>
  <testcase name="single threaded increment at module - 1 gives 0[Modulo: 196]" classname="serie2.ex1.CounterModuloTest" time="0.0"/>
  <testcase name="multi threaded decrement counter[Modulo: 196]" classname="serie2.ex1.CounterModuloTest" time="0.015"/>
  <testcase name="multi threaded increment counter[Modulo: 197]" classname="serie2.ex1.CounterModuloTest" time="0.015"/>
  <testcase name="single threaded increment and decrement counter[Modulo: 197]" classname="serie2.ex1.CounterModuloTest" time="0.001"/>
  <testcase name="single threaded decrement at 0 gives module - 1[Modulo: 197]" classname="serie2.ex1.CounterModuloTest" time="0.0"/>
  <testcase name="single threaded increment at module - 1 gives 0[Modulo: 197]" classname="serie2.ex1.CounterModuloTest" time="0.0"/>
  <testcase name="multi threaded decrement counter[Modulo: 197]" classname="serie2.ex1.CounterModuloTest" time="0.015"/>
  <testcase name="multi threaded increment counter[Modulo: 198]" classname="serie2.ex1.CounterModuloTest" time="0.013"/>
  <testcase name="single threaded increment and decrement counter[Modulo: 198]" classname="serie2.ex1.CounterModuloTest" time="0.001"/>
  <testcase name="single threaded decrement at 0 gives module - 1[Modulo: 198]" classname="serie2.ex1.CounterModuloTest" time="0.0"/>
  <testcase name="single threaded increment at module - 1 gives 0[Modulo: 198]" classname="serie2.ex1.CounterModuloTest" time="0.0"/>
  <testcase name="multi threaded decrement counter[Modulo: 198]" classname="serie2.ex1.CounterModuloTest" time="0.013"/>
  <testcase name="multi threaded increment counter[Modulo: 199]" classname="serie2.ex1.CounterModuloTest" time="0.014"/>
  <testcase name="single threaded increment and decrement counter[Modulo: 199]" classname="serie2.ex1.CounterModuloTest" time="0.001"/>
  <testcase name="single threaded decrement at 0 gives module - 1[Modulo: 199]" classname="serie2.ex1.CounterModuloTest" time="0.0"/>
  <testcase name="single threaded increment at module - 1 gives 0[Modulo: 199]" classname="serie2.ex1.CounterModuloTest" time="0.0"/>
  <testcase name="multi threaded decrement counter[Modulo: 199]" classname="serie2.ex1.CounterModuloTest" time="0.011"/>
  <testcase name="multi threaded increment counter[Modulo: 200]" classname="serie2.ex1.CounterModuloTest" time="0.014"/>
  <testcase name="single threaded increment and decrement counter[Modulo: 200]" classname="serie2.ex1.CounterModuloTest" time="0.0"/>
  <testcase name="single threaded decrement at 0 gives module - 1[Modulo: 200]" classname="serie2.ex1.CounterModuloTest" time="0.0"/>
  <testcase name="single threaded increment at module - 1 gives 0[Modulo: 200]" classname="serie2.ex1.CounterModuloTest" time="0.0"/>
  <testcase name="multi threaded decrement counter[Modulo: 200]" classname="serie2.ex1.CounterModuloTest" time="0.013"/>
  <testcase name="multi threaded increment counter[Modulo: 201]" classname="serie2.ex1.CounterModuloTest" time="0.015"/>
  <testcase name="single threaded increment and decrement counter[Modulo: 201]" classname="serie2.ex1.CounterModuloTest" time="0.0"/>
  <testcase name="single threaded decrement at 0 gives module - 1[Modulo: 201]" classname="serie2.ex1.CounterModuloTest" time="0.0"/>
  <testcase name="single threaded increment at module - 1 gives 0[Modulo: 201]" classname="serie2.ex1.CounterModuloTest" time="0.0"/>
  <testcase name="multi threaded decrement counter[Modulo: 201]" classname="serie2.ex1.CounterModuloTest" time="0.014"/>
  <testcase name="multi threaded increment counter[Modulo: 202]" classname="serie2.ex1.CounterModuloTest" time="0.014"/>
  <testcase name="single threaded increment and decrement counter[Modulo: 202]" classname="serie2.ex1.CounterModuloTest" time="0.001"/>
  <testcase name="single threaded decrement at 0 gives module - 1[Modulo: 202]" classname="serie2.ex1.CounterModuloTest" time="0.0"/>
  <testcase name="single threaded increment at module - 1 gives 0[Modulo: 202]" classname="serie2.ex1.CounterModuloTest" time="0.0"/>
  <testcase name="multi threaded decrement counter[Modulo: 202]" classname="serie2.ex1.CounterModuloTest" time="0.012"/>
  <testcase name="multi threaded increment counter[Modulo: 203]" classname="serie2.ex1.CounterModuloTest" time="0.01"/>
  <testcase name="single threaded increment and decrement counter[Modulo: 203]" classname="serie2.ex1.CounterModuloTest" time="0.001"/>
  <testcase name="single threaded decrement at 0 gives module - 1[Modulo: 203]" classname="serie2.ex1.CounterModuloTest" time="0.0"/>
  <testcase name="single threaded increment at module - 1 gives 0[Modulo: 203]" classname="serie2.ex1.CounterModuloTest" time="0.0"/>
  <testcase name="multi threaded decrement counter[Modulo: 203]" classname="serie2.ex1.CounterModuloTest" time="0.011"/>
  <testcase name="multi threaded increment counter[Modulo: 204]" classname="serie2.ex1.CounterModuloTest" time="0.012"/>
  <testcase name="single threaded increment and decrement counter[Modulo: 204]" classname="serie2.ex1.CounterModuloTest" time="0.0"/>
  <testcase name="single threaded decrement at 0 gives module - 1[Modulo: 204]" classname="serie2.ex1.CounterModuloTest" time="0.0"/>
  <testcase name="single threaded increment at module - 1 gives 0[Modulo: 204]" classname="serie2.ex1.CounterModuloTest" time="0.0"/>
  <testcase name="multi threaded decrement counter[Modulo: 204]" classname="serie2.ex1.CounterModuloTest" time="0.01"/>
  <testcase name="multi threaded increment counter[Modulo: 205]" classname="serie2.ex1.CounterModuloTest" time="0.012"/>
  <testcase name="single threaded increment and decrement counter[Modulo: 205]" classname="serie2.ex1.CounterModuloTest" time="0.001"/>
  <testcase name="single threaded decrement at 0 gives module - 1[Modulo: 205]" classname="serie2.ex1.CounterModuloTest" time="0.0"/>
  <testcase name="single threaded increment at module - 1 gives 0[Modulo: 205]" classname="serie2.ex1.CounterModuloTest" time="0.0"/>
  <testcase name="multi threaded decrement counter[Modulo: 205]" classname="serie2.ex1.CounterModuloTest" time="0.011"/>
  <testcase name="multi threaded increment counter[Modulo: 206]" classname="serie2.ex1.CounterModuloTest" time="0.013"/>
  <testcase name="single threaded increment and decrement counter[Modulo: 206]" classname="serie2.ex1.CounterModuloTest" time="0.0"/>
  <testcase name="single threaded decrement at 0 gives module - 1[Modulo: 206]" classname="serie2.ex1.CounterModuloTest" time="0.0"/>
  <testcase name="single threaded increment at module - 1 gives 0[Modulo: 206]" classname="serie2.ex1.CounterModuloTest" time="0.0"/>
  <testcase name="multi threaded decrement counter[Modulo: 206]" classname="serie2.ex1.CounterModuloTest" time="0.012"/>
  <testcase name="multi threaded increment counter[Modulo: 207]" classname="serie2.ex1.CounterModuloTest" time="0.012"/>
  <testcase name="single threaded increment and decrement counter[Modulo: 207]" classname="serie2.ex1.CounterModuloTest" time="0.001"/>
  <testcase name="single threaded decrement at 0 gives module - 1[Modulo: 207]" classname="serie2.ex1.CounterModuloTest" time="0.0"/>
  <testcase name="single threaded increment at module - 1 gives 0[Modulo: 207]" classname="serie2.ex1.CounterModuloTest" time="0.0"/>
  <testcase name="multi threaded decrement counter[Modulo: 207]" classname="serie2.ex1.CounterModuloTest" time="0.018"/>
  <testcase name="multi threaded increment counter[Modulo: 208]" classname="serie2.ex1.CounterModuloTest" time="0.013"/>
  <testcase name="single threaded increment and decrement counter[Modulo: 208]" classname="serie2.ex1.CounterModuloTest" time="0.001"/>
  <testcase name="single threaded decrement at 0 gives module - 1[Modulo: 208]" classname="serie2.ex1.CounterModuloTest" time="0.0"/>
  <testcase name="single threaded increment at module - 1 gives 0[Modulo: 208]" classname="serie2.ex1.CounterModuloTest" time="0.0"/>
  <testcase name="multi threaded decrement counter[Modulo: 208]" classname="serie2.ex1.CounterModuloTest" time="0.012"/>
  <testcase name="multi threaded increment counter[Modulo: 209]" classname="serie2.ex1.CounterModuloTest" time="0.012"/>
  <testcase name="single threaded increment and decrement counter[Modulo: 209]" classname="serie2.ex1.CounterModuloTest" time="0.001"/>
  <testcase name="single threaded decrement at 0 gives module - 1[Modulo: 209]" classname="serie2.ex1.CounterModuloTest" time="0.0"/>
  <testcase name="single threaded increment at module - 1 gives 0[Modulo: 209]" classname="serie2.ex1.CounterModuloTest" time="0.0"/>
  <testcase name="multi threaded decrement counter[Modulo: 209]" classname="serie2.ex1.CounterModuloTest" time="0.011"/>
  <testcase name="multi threaded increment counter[Modulo: 210]" classname="serie2.ex1.CounterModuloTest" time="0.012"/>
  <testcase name="single threaded increment and decrement counter[Modulo: 210]" classname="serie2.ex1.CounterModuloTest" time="0.0"/>
  <testcase name="single threaded decrement at 0 gives module - 1[Modulo: 210]" classname="serie2.ex1.CounterModuloTest" time="0.0"/>
  <testcase name="single threaded increment at module - 1 gives 0[Modulo: 210]" classname="serie2.ex1.CounterModuloTest" time="0.0"/>
  <testcase name="multi threaded decrement counter[Modulo: 210]" classname="serie2.ex1.CounterModuloTest" time="0.013"/>
  <testcase name="multi threaded increment counter[Modulo: 211]" classname="serie2.ex1.CounterModuloTest" time="0.011"/>
  <testcase name="single threaded increment and decrement counter[Modulo: 211]" classname="serie2.ex1.CounterModuloTest" time="0.0"/>
  <testcase name="single threaded decrement at 0 gives module - 1[Modulo: 211]" classname="serie2.ex1.CounterModuloTest" time="0.0"/>
  <testcase name="single threaded increment at module - 1 gives 0[Modulo: 211]" classname="serie2.ex1.CounterModuloTest" time="0.0"/>
  <testcase name="multi threaded decrement counter[Modulo: 211]" classname="serie2.ex1.CounterModuloTest" time="0.012"/>
  <testcase name="multi threaded increment counter[Modulo: 212]" classname="serie2.ex1.CounterModuloTest" time="0.011"/>
  <testcase name="single threaded increment and decrement counter[Modulo: 212]" classname="serie2.ex1.CounterModuloTest" time="0.001"/>
  <testcase name="single threaded decrement at 0 gives module - 1[Modulo: 212]" classname="serie2.ex1.CounterModuloTest" time="0.0"/>
  <testcase name="single threaded increment at module - 1 gives 0[Modulo: 212]" classname="serie2.ex1.CounterModuloTest" time="0.0"/>
  <testcase name="multi threaded decrement counter[Modulo: 212]" classname="serie2.ex1.CounterModuloTest" time="0.013"/>
  <testcase name="multi threaded increment counter[Modulo: 213]" classname="serie2.ex1.CounterModuloTest" time="0.011"/>
  <testcase name="single threaded increment and decrement counter[Modulo: 213]" classname="serie2.ex1.CounterModuloTest" time="0.001"/>
  <testcase name="single threaded decrement at 0 gives module - 1[Modulo: 213]" classname="serie2.ex1.CounterModuloTest" time="0.0"/>
  <testcase name="single threaded increment at module - 1 gives 0[Modulo: 213]" classname="serie2.ex1.CounterModuloTest" time="0.0"/>
  <testcase name="multi threaded decrement counter[Modulo: 213]" classname="serie2.ex1.CounterModuloTest" time="0.01"/>
  <testcase name="multi threaded increment counter[Modulo: 214]" classname="serie2.ex1.CounterModuloTest" time="0.013"/>
  <testcase name="single threaded increment and decrement counter[Modulo: 214]" classname="serie2.ex1.CounterModuloTest" time="0.001"/>
  <testcase name="single threaded decrement at 0 gives module - 1[Modulo: 214]" classname="serie2.ex1.CounterModuloTest" time="0.0"/>
  <testcase name="single threaded increment at module - 1 gives 0[Modulo: 214]" classname="serie2.ex1.CounterModuloTest" time="0.0"/>
  <testcase name="multi threaded decrement counter[Modulo: 214]" classname="serie2.ex1.CounterModuloTest" time="0.011"/>
  <testcase name="multi threaded increment counter[Modulo: 215]" classname="serie2.ex1.CounterModuloTest" time="0.012"/>
  <testcase name="single threaded increment and decrement counter[Modulo: 215]" classname="serie2.ex1.CounterModuloTest" time="0.0"/>
  <testcase name="single threaded decrement at 0 gives module - 1[Modulo: 215]" classname="serie2.ex1.CounterModuloTest" time="0.0"/>
  <testcase name="single threaded increment at module - 1 gives 0[Modulo: 215]" classname="serie2.ex1.CounterModuloTest" time="0.0"/>
  <testcase name="multi threaded decrement counter[Modulo: 215]" classname="serie2.ex1.CounterModuloTest" time="0.011"/>
  <testcase name="multi threaded increment counter[Modulo: 216]" classname="serie2.ex1.CounterModuloTest" time="0.011"/>
  <testcase name="single threaded increment and decrement counter[Modulo: 216]" classname="serie2.ex1.CounterModuloTest" time="0.001"/>
  <testcase name="single threaded decrement at 0 gives module - 1[Modulo: 216]" classname="serie2.ex1.CounterModuloTest" time="0.0"/>
  <testcase name="single threaded increment at module - 1 gives 0[Modulo: 216]" classname="serie2.ex1.CounterModuloTest" time="0.0"/>
  <testcase name="multi threaded decrement counter[Modulo: 216]" classname="serie2.ex1.CounterModuloTest" time="0.018"/>
  <testcase name="multi threaded increment counter[Modulo: 217]" classname="serie2.ex1.CounterModuloTest" time="0.012"/>
  <testcase name="single threaded increment and decrement counter[Modulo: 217]" classname="serie2.ex1.CounterModuloTest" time="0.0"/>
  <testcase name="single threaded decrement at 0 gives module - 1[Modulo: 217]" classname="serie2.ex1.CounterModuloTest" time="0.0"/>
  <testcase name="single threaded increment at module - 1 gives 0[Modulo: 217]" classname="serie2.ex1.CounterModuloTest" time="0.0"/>
  <testcase name="multi threaded decrement counter[Modulo: 217]" classname="serie2.ex1.CounterModuloTest" time="0.011"/>
  <testcase name="multi threaded increment counter[Modulo: 218]" classname="serie2.ex1.CounterModuloTest" time="0.012"/>
  <testcase name="single threaded increment and decrement counter[Modulo: 218]" classname="serie2.ex1.CounterModuloTest" time="0.0"/>
  <testcase name="single threaded decrement at 0 gives module - 1[Modulo: 218]" classname="serie2.ex1.CounterModuloTest" time="0.0"/>
  <testcase name="single threaded increment at module - 1 gives 0[Modulo: 218]" classname="serie2.ex1.CounterModuloTest" time="0.0"/>
  <testcase name="multi threaded decrement counter[Modulo: 218]" classname="serie2.ex1.CounterModuloTest" time="0.012"/>
  <testcase name="multi threaded increment counter[Modulo: 219]" classname="serie2.ex1.CounterModuloTest" time="0.012"/>
  <testcase name="single threaded increment and decrement counter[Modulo: 219]" classname="serie2.ex1.CounterModuloTest" time="0.001"/>
  <testcase name="single threaded decrement at 0 gives module - 1[Modulo: 219]" classname="serie2.ex1.CounterModuloTest" time="0.0"/>
  <testcase name="single threaded increment at module - 1 gives 0[Modulo: 219]" classname="serie2.ex1.CounterModuloTest" time="0.0"/>
  <testcase name="multi threaded decrement counter[Modulo: 219]" classname="serie2.ex1.CounterModuloTest" time="0.012"/>
  <testcase name="multi threaded increment counter[Modulo: 220]" classname="serie2.ex1.CounterModuloTest" time="0.012"/>
  <testcase name="single threaded increment and decrement counter[Modulo: 220]" classname="serie2.ex1.CounterModuloTest" time="0.001"/>
  <testcase name="single threaded decrement at 0 gives module - 1[Modulo: 220]" classname="serie2.ex1.CounterModuloTest" time="0.0"/>
  <testcase name="single threaded increment at module - 1 gives 0[Modulo: 220]" classname="serie2.ex1.CounterModuloTest" time="0.0"/>
  <testcase name="multi threaded decrement counter[Modulo: 220]" classname="serie2.ex1.CounterModuloTest" time="0.011"/>
  <testcase name="multi threaded increment counter[Modulo: 221]" classname="serie2.ex1.CounterModuloTest" time="0.011"/>
  <testcase name="single threaded increment and decrement counter[Modulo: 221]" classname="serie2.ex1.CounterModuloTest" time="0.001"/>
  <testcase name="single threaded decrement at 0 gives module - 1[Modulo: 221]" classname="serie2.ex1.CounterModuloTest" time="0.0"/>
  <testcase name="single threaded increment at module - 1 gives 0[Modulo: 221]" classname="serie2.ex1.CounterModuloTest" time="0.0"/>
  <testcase name="multi threaded decrement counter[Modulo: 221]" classname="serie2.ex1.CounterModuloTest" time="0.009"/>
  <testcase name="multi threaded increment counter[Modulo: 222]" classname="serie2.ex1.CounterModuloTest" time="0.011"/>
  <testcase name="single threaded increment and decrement counter[Modulo: 222]" classname="serie2.ex1.CounterModuloTest" time="0.001"/>
  <testcase name="single threaded decrement at 0 gives module - 1[Modulo: 222]" classname="serie2.ex1.CounterModuloTest" time="0.0"/>
  <testcase name="single threaded increment at module - 1 gives 0[Modulo: 222]" classname="serie2.ex1.CounterModuloTest" time="0.0"/>
  <testcase name="multi threaded decrement counter[Modulo: 222]" classname="serie2.ex1.CounterModuloTest" time="0.012"/>
  <testcase name="multi threaded increment counter[Modulo: 223]" classname="serie2.ex1.CounterModuloTest" time="0.013"/>
  <testcase name="single threaded increment and decrement counter[Modulo: 223]" classname="serie2.ex1.CounterModuloTest" time="0.0"/>
  <testcase name="single threaded decrement at 0 gives module - 1[Modulo: 223]" classname="serie2.ex1.CounterModuloTest" time="0.001"/>
  <testcase name="single threaded increment at module - 1 gives 0[Modulo: 223]" classname="serie2.ex1.CounterModuloTest" time="0.0"/>
  <testcase name="multi threaded decrement counter[Modulo: 223]" classname="serie2.ex1.CounterModuloTest" time="0.012"/>
  <testcase name="multi threaded increment counter[Modulo: 224]" classname="serie2.ex1.CounterModuloTest" time="0.011"/>
  <testcase name="single threaded increment and decrement counter[Modulo: 224]" classname="serie2.ex1.CounterModuloTest" time="0.001"/>
  <testcase name="single threaded decrement at 0 gives module - 1[Modulo: 224]" classname="serie2.ex1.CounterModuloTest" time="0.0"/>
  <testcase name="single threaded increment at module - 1 gives 0[Modulo: 224]" classname="serie2.ex1.CounterModuloTest" time="0.0"/>
  <testcase name="multi threaded decrement counter[Modulo: 224]" classname="serie2.ex1.CounterModuloTest" time="0.011"/>
  <testcase name="multi threaded increment counter[Modulo: 225]" classname="serie2.ex1.CounterModuloTest" time="0.012"/>
  <testcase name="single threaded increment and decrement counter[Modulo: 225]" classname="serie2.ex1.CounterModuloTest" time="0.0"/>
  <testcase name="single threaded decrement at 0 gives module - 1[Modulo: 225]" classname="serie2.ex1.CounterModuloTest" time="0.0"/>
  <testcase name="single threaded increment at module - 1 gives 0[Modulo: 225]" classname="serie2.ex1.CounterModuloTest" time="0.0"/>
  <testcase name="multi threaded decrement counter[Modulo: 225]" classname="serie2.ex1.CounterModuloTest" time="0.012"/>
  <testcase name="multi threaded increment counter[Modulo: 226]" classname="serie2.ex1.CounterModuloTest" time="0.012"/>
  <testcase name="single threaded increment and decrement counter[Modulo: 226]" classname="serie2.ex1.CounterModuloTest" time="0.0"/>
  <testcase name="single threaded decrement at 0 gives module - 1[Modulo: 226]" classname="serie2.ex1.CounterModuloTest" time="0.0"/>
  <testcase name="single threaded increment at module - 1 gives 0[Modulo: 226]" classname="serie2.ex1.CounterModuloTest" time="0.0"/>
  <testcase name="multi threaded decrement counter[Modulo: 226]" classname="serie2.ex1.CounterModuloTest" time="0.012"/>
  <testcase name="multi threaded increment counter[Modulo: 227]" classname="serie2.ex1.CounterModuloTest" time="0.012"/>
  <testcase name="single threaded increment and decrement counter[Modulo: 227]" classname="serie2.ex1.CounterModuloTest" time="0.0"/>
  <testcase name="single threaded decrement at 0 gives module - 1[Modulo: 227]" classname="serie2.ex1.CounterModuloTest" time="0.001"/>
  <testcase name="single threaded increment at module - 1 gives 0[Modulo: 227]" classname="serie2.ex1.CounterModuloTest" time="0.0"/>
  <testcase name="multi threaded decrement counter[Modulo: 227]" classname="serie2.ex1.CounterModuloTest" time="0.011"/>
  <testcase name="multi threaded increment counter[Modulo: 228]" classname="serie2.ex1.CounterModuloTest" time="0.011"/>
  <testcase name="single threaded increment and decrement counter[Modulo: 228]" classname="serie2.ex1.CounterModuloTest" time="0.0"/>
  <testcase name="single threaded decrement at 0 gives module - 1[Modulo: 228]" classname="serie2.ex1.CounterModuloTest" time="0.0"/>
  <testcase name="single threaded increment at module - 1 gives 0[Modulo: 228]" classname="serie2.ex1.CounterModuloTest" time="0.0"/>
  <testcase name="multi threaded decrement counter[Modulo: 228]" classname="serie2.ex1.CounterModuloTest" time="0.012"/>
  <testcase name="multi threaded increment counter[Modulo: 229]" classname="serie2.ex1.CounterModuloTest" time="0.011"/>
  <testcase name="single threaded increment and decrement counter[Modulo: 229]" classname="serie2.ex1.CounterModuloTest" time="0.0"/>
  <testcase name="single threaded decrement at 0 gives module - 1[Modulo: 229]" classname="serie2.ex1.CounterModuloTest" time="0.0"/>
  <testcase name="single threaded increment at module - 1 gives 0[Modulo: 229]" classname="serie2.ex1.CounterModuloTest" time="0.0"/>
  <testcase name="multi threaded decrement counter[Modulo: 229]" classname="serie2.ex1.CounterModuloTest" time="0.012"/>
  <testcase name="multi threaded increment counter[Modulo: 230]" classname="serie2.ex1.CounterModuloTest" time="0.011"/>
  <testcase name="single threaded increment and decrement counter[Modulo: 230]" classname="serie2.ex1.CounterModuloTest" time="0.001"/>
  <testcase name="single threaded decrement at 0 gives module - 1[Modulo: 230]" classname="serie2.ex1.CounterModuloTest" time="0.0"/>
  <testcase name="single threaded increment at module - 1 gives 0[Modulo: 230]" classname="serie2.ex1.CounterModuloTest" time="0.0"/>
  <testcase name="multi threaded decrement counter[Modulo: 230]" classname="serie2.ex1.CounterModuloTest" time="0.011"/>
  <testcase name="multi threaded increment counter[Modulo: 231]" classname="serie2.ex1.CounterModuloTest" time="0.012"/>
  <testcase name="single threaded increment and decrement counter[Modulo: 231]" classname="serie2.ex1.CounterModuloTest" time="0.001"/>
  <testcase name="single threaded decrement at 0 gives module - 1[Modulo: 231]" classname="serie2.ex1.CounterModuloTest" time="0.0"/>
  <testcase name="single threaded increment at module - 1 gives 0[Modulo: 231]" classname="serie2.ex1.CounterModuloTest" time="0.0"/>
  <testcase name="multi threaded decrement counter[Modulo: 231]" classname="serie2.ex1.CounterModuloTest" time="0.014"/>
  <testcase name="multi threaded increment counter[Modulo: 232]" classname="serie2.ex1.CounterModuloTest" time="0.012"/>
  <testcase name="single threaded increment and decrement counter[Modulo: 232]" classname="serie2.ex1.CounterModuloTest" time="0.0"/>
  <testcase name="single threaded decrement at 0 gives module - 1[Modulo: 232]" classname="serie2.ex1.CounterModuloTest" time="0.0"/>
  <testcase name="single threaded increment at module - 1 gives 0[Modulo: 232]" classname="serie2.ex1.CounterModuloTest" time="0.0"/>
  <testcase name="multi threaded decrement counter[Modulo: 232]" classname="serie2.ex1.CounterModuloTest" time="0.011"/>
  <testcase name="multi threaded increment counter[Modulo: 233]" classname="serie2.ex1.CounterModuloTest" time="0.012"/>
  <testcase name="single threaded increment and decrement counter[Modulo: 233]" classname="serie2.ex1.CounterModuloTest" time="0.0"/>
  <testcase name="single threaded decrement at 0 gives module - 1[Modulo: 233]" classname="serie2.ex1.CounterModuloTest" time="0.0"/>
  <testcase name="single threaded increment at module - 1 gives 0[Modulo: 233]" classname="serie2.ex1.CounterModuloTest" time="0.0"/>
  <testcase name="multi threaded decrement counter[Modulo: 233]" classname="serie2.ex1.CounterModuloTest" time="0.012"/>
  <testcase name="multi threaded increment counter[Modulo: 234]" classname="serie2.ex1.CounterModuloTest" time="0.013"/>
  <testcase name="single threaded increment and decrement counter[Modulo: 234]" classname="serie2.ex1.CounterModuloTest" time="0.0"/>
  <testcase name="single threaded decrement at 0 gives module - 1[Modulo: 234]" classname="serie2.ex1.CounterModuloTest" time="0.0"/>
  <testcase name="single threaded increment at module - 1 gives 0[Modulo: 234]" classname="serie2.ex1.CounterModuloTest" time="0.0"/>
  <testcase name="multi threaded decrement counter[Modulo: 234]" classname="serie2.ex1.CounterModuloTest" time="0.012"/>
  <testcase name="multi threaded increment counter[Modulo: 235]" classname="serie2.ex1.CounterModuloTest" time="0.014"/>
  <testcase name="single threaded increment and decrement counter[Modulo: 235]" classname="serie2.ex1.CounterModuloTest" time="0.0"/>
  <testcase name="single threaded decrement at 0 gives module - 1[Modulo: 235]" classname="serie2.ex1.CounterModuloTest" time="0.0"/>
  <testcase name="single threaded increment at module - 1 gives 0[Modulo: 235]" classname="serie2.ex1.CounterModuloTest" time="0.0"/>
  <testcase name="multi threaded decrement counter[Modulo: 235]" classname="serie2.ex1.CounterModuloTest" time="0.01"/>
  <testcase name="multi threaded increment counter[Modulo: 236]" classname="serie2.ex1.CounterModuloTest" time="0.012"/>
  <testcase name="single threaded increment and decrement counter[Modulo: 236]" classname="serie2.ex1.CounterModuloTest" time="0.001"/>
  <testcase name="single threaded decrement at 0 gives module - 1[Modulo: 236]" classname="serie2.ex1.CounterModuloTest" time="0.0"/>
  <testcase name="single threaded increment at module - 1 gives 0[Modulo: 236]" classname="serie2.ex1.CounterModuloTest" time="0.0"/>
  <testcase name="multi threaded decrement counter[Modulo: 236]" classname="serie2.ex1.CounterModuloTest" time="0.011"/>
  <testcase name="multi threaded increment counter[Modulo: 237]" classname="serie2.ex1.CounterModuloTest" time="0.013"/>
  <testcase name="single threaded increment and decrement counter[Modulo: 237]" classname="serie2.ex1.CounterModuloTest" time="0.0"/>
  <testcase name="single threaded decrement at 0 gives module - 1[Modulo: 237]" classname="serie2.ex1.CounterModuloTest" time="0.0"/>
  <testcase name="single threaded increment at module - 1 gives 0[Modulo: 237]" classname="serie2.ex1.CounterModuloTest" time="0.0"/>
  <testcase name="multi threaded decrement counter[Modulo: 237]" classname="serie2.ex1.CounterModuloTest" time="0.011"/>
  <testcase name="multi threaded increment counter[Modulo: 238]" classname="serie2.ex1.CounterModuloTest" time="0.013"/>
  <testcase name="single threaded increment and decrement counter[Modulo: 238]" classname="serie2.ex1.CounterModuloTest" time="0.0"/>
  <testcase name="single threaded decrement at 0 gives module - 1[Modulo: 238]" classname="serie2.ex1.CounterModuloTest" time="0.0"/>
  <testcase name="single threaded increment at module - 1 gives 0[Modulo: 238]" classname="serie2.ex1.CounterModuloTest" time="0.0"/>
  <testcase name="multi threaded decrement counter[Modulo: 238]" classname="serie2.ex1.CounterModuloTest" time="0.012"/>
  <testcase name="multi threaded increment counter[Modulo: 239]" classname="serie2.ex1.CounterModuloTest" time="0.012"/>
  <testcase name="single threaded increment and decrement counter[Modulo: 239]" classname="serie2.ex1.CounterModuloTest" time="0.001"/>
  <testcase name="single threaded decrement at 0 gives module - 1[Modulo: 239]" classname="serie2.ex1.CounterModuloTest" time="0.0"/>
  <testcase name="single threaded increment at module - 1 gives 0[Modulo: 239]" classname="serie2.ex1.CounterModuloTest" time="0.0"/>
  <testcase name="multi threaded decrement counter[Modulo: 239]" classname="serie2.ex1.CounterModuloTest" time="0.012"/>
  <testcase name="multi threaded increment counter[Modulo: 240]" classname="serie2.ex1.CounterModuloTest" time="0.011"/>
  <testcase name="single threaded increment and decrement counter[Modulo: 240]" classname="serie2.ex1.CounterModuloTest" time="0.0"/>
  <testcase name="single threaded decrement at 0 gives module - 1[Modulo: 240]" classname="serie2.ex1.CounterModuloTest" time="0.001"/>
  <testcase name="single threaded increment at module - 1 gives 0[Modulo: 240]" classname="serie2.ex1.CounterModuloTest" time="0.0"/>
  <testcase name="multi threaded decrement counter[Modulo: 240]" classname="serie2.ex1.CounterModuloTest" time="0.012"/>
  <testcase name="multi threaded increment counter[Modulo: 241]" classname="serie2.ex1.CounterModuloTest" time="0.012"/>
  <testcase name="single threaded increment and decrement counter[Modulo: 241]" classname="serie2.ex1.CounterModuloTest" time="0.0"/>
  <testcase name="single threaded decrement at 0 gives module - 1[Modulo: 241]" classname="serie2.ex1.CounterModuloTest" time="0.001"/>
  <testcase name="single threaded increment at module - 1 gives 0[Modulo: 241]" classname="serie2.ex1.CounterModuloTest" time="0.0"/>
  <testcase name="multi threaded decrement counter[Modulo: 241]" classname="serie2.ex1.CounterModuloTest" time="0.01"/>
  <testcase name="multi threaded increment counter[Modulo: 242]" classname="serie2.ex1.CounterModuloTest" time="0.012"/>
  <testcase name="single threaded increment and decrement counter[Modulo: 242]" classname="serie2.ex1.CounterModuloTest" time="0.001"/>
  <testcase name="single threaded decrement at 0 gives module - 1[Modulo: 242]" classname="serie2.ex1.CounterModuloTest" time="0.0"/>
  <testcase name="single threaded increment at module - 1 gives 0[Modulo: 242]" classname="serie2.ex1.CounterModuloTest" time="0.0"/>
  <testcase name="multi threaded decrement counter[Modulo: 242]" classname="serie2.ex1.CounterModuloTest" time="0.011"/>
  <testcase name="multi threaded increment counter[Modulo: 243]" classname="serie2.ex1.CounterModuloTest" time="0.012"/>
  <testcase name="single threaded increment and decrement counter[Modulo: 243]" classname="serie2.ex1.CounterModuloTest" time="0.001"/>
  <testcase name="single threaded decrement at 0 gives module - 1[Modulo: 243]" classname="serie2.ex1.CounterModuloTest" time="0.0"/>
  <testcase name="single threaded increment at module - 1 gives 0[Modulo: 243]" classname="serie2.ex1.CounterModuloTest" time="0.0"/>
  <testcase name="multi threaded decrement counter[Modulo: 243]" classname="serie2.ex1.CounterModuloTest" time="0.012"/>
  <testcase name="multi threaded increment counter[Modulo: 244]" classname="serie2.ex1.CounterModuloTest" time="0.011"/>
  <testcase name="single threaded increment and decrement counter[Modulo: 244]" classname="serie2.ex1.CounterModuloTest" time="0.0"/>
  <testcase name="single threaded decrement at 0 gives module - 1[Modulo: 244]" classname="serie2.ex1.CounterModuloTest" time="0.0"/>
  <testcase name="single threaded increment at module - 1 gives 0[Modulo: 244]" classname="serie2.ex1.CounterModuloTest" time="0.0"/>
  <testcase name="multi threaded decrement counter[Modulo: 244]" classname="serie2.ex1.CounterModuloTest" time="0.011"/>
  <testcase name="multi threaded increment counter[Modulo: 245]" classname="serie2.ex1.CounterModuloTest" time="0.017"/>
  <testcase name="single threaded increment and decrement counter[Modulo: 245]" classname="serie2.ex1.CounterModuloTest" time="0.0"/>
  <testcase name="single threaded decrement at 0 gives module - 1[Modulo: 245]" classname="serie2.ex1.CounterModuloTest" time="0.001"/>
  <testcase name="single threaded increment at module - 1 gives 0[Modulo: 245]" classname="serie2.ex1.CounterModuloTest" time="0.0"/>
  <testcase name="multi threaded decrement counter[Modulo: 245]" classname="serie2.ex1.CounterModuloTest" time="0.014"/>
  <testcase name="multi threaded increment counter[Modulo: 246]" classname="serie2.ex1.CounterModuloTest" time="0.013"/>
  <testcase name="single threaded increment and decrement counter[Modulo: 246]" classname="serie2.ex1.CounterModuloTest" time="0.001"/>
  <testcase name="single threaded decrement at 0 gives module - 1[Modulo: 246]" classname="serie2.ex1.CounterModuloTest" time="0.0"/>
  <testcase name="single threaded increment at module - 1 gives 0[Modulo: 246]" classname="serie2.ex1.CounterModuloTest" time="0.0"/>
  <testcase name="multi threaded decrement counter[Modulo: 246]" classname="serie2.ex1.CounterModuloTest" time="0.015"/>
  <testcase name="multi threaded increment counter[Modulo: 247]" classname="serie2.ex1.CounterModuloTest" time="0.013"/>
  <testcase name="single threaded increment and decrement counter[Modulo: 247]" classname="serie2.ex1.CounterModuloTest" time="0.0"/>
  <testcase name="single threaded decrement at 0 gives module - 1[Modulo: 247]" classname="serie2.ex1.CounterModuloTest" time="0.0"/>
  <testcase name="single threaded increment at module - 1 gives 0[Modulo: 247]" classname="serie2.ex1.CounterModuloTest" time="0.0"/>
  <testcase name="multi threaded decrement counter[Modulo: 247]" classname="serie2.ex1.CounterModuloTest" time="0.013"/>
  <testcase name="multi threaded increment counter[Modulo: 248]" classname="serie2.ex1.CounterModuloTest" time="0.011"/>
  <testcase name="single threaded increment and decrement counter[Modulo: 248]" classname="serie2.ex1.CounterModuloTest" time="0.001"/>
  <testcase name="single threaded decrement at 0 gives module - 1[Modulo: 248]" classname="serie2.ex1.CounterModuloTest" time="0.0"/>
  <testcase name="single threaded increment at module - 1 gives 0[Modulo: 248]" classname="serie2.ex1.CounterModuloTest" time="0.0"/>
  <testcase name="multi threaded decrement counter[Modulo: 248]" classname="serie2.ex1.CounterModuloTest" time="0.014"/>
  <testcase name="multi threaded increment counter[Modulo: 249]" classname="serie2.ex1.CounterModuloTest" time="0.015"/>
  <testcase name="single threaded increment and decrement counter[Modulo: 249]" classname="serie2.ex1.CounterModuloTest" time="0.0"/>
  <testcase name="single threaded decrement at 0 gives module - 1[Modulo: 249]" classname="serie2.ex1.CounterModuloTest" time="0.0"/>
  <testcase name="single threaded increment at module - 1 gives 0[Modulo: 249]" classname="serie2.ex1.CounterModuloTest" time="0.0"/>
  <testcase name="multi threaded decrement counter[Modulo: 249]" classname="serie2.ex1.CounterModuloTest" time="0.013"/>
  <testcase name="multi threaded increment counter[Modulo: 250]" classname="serie2.ex1.CounterModuloTest" time="0.015"/>
  <testcase name="single threaded increment and decrement counter[Modulo: 250]" classname="serie2.ex1.CounterModuloTest" time="0.0"/>
  <testcase name="single threaded decrement at 0 gives module - 1[Modulo: 250]" classname="serie2.ex1.CounterModuloTest" time="0.0"/>
  <testcase name="single threaded increment at module - 1 gives 0[Modulo: 250]" classname="serie2.ex1.CounterModuloTest" time="0.001"/>
  <testcase name="multi threaded decrement counter[Modulo: 250]" classname="serie2.ex1.CounterModuloTest" time="0.011"/>
  <testcase name="multi threaded increment counter[Modulo: 251]" classname="serie2.ex1.CounterModuloTest" time="0.015"/>
  <testcase name="single threaded increment and decrement counter[Modulo: 251]" classname="serie2.ex1.CounterModuloTest" time="0.0"/>
  <testcase name="single threaded decrement at 0 gives module - 1[Modulo: 251]" classname="serie2.ex1.CounterModuloTest" time="0.001"/>
  <testcase name="single threaded increment at module - 1 gives 0[Modulo: 251]" classname="serie2.ex1.CounterModuloTest" time="0.0"/>
  <testcase name="multi threaded decrement counter[Modulo: 251]" classname="serie2.ex1.CounterModuloTest" time="0.011"/>
  <testcase name="multi threaded increment counter[Modulo: 252]" classname="serie2.ex1.CounterModuloTest" time="0.016"/>
  <testcase name="single threaded increment and decrement counter[Modulo: 252]" classname="serie2.ex1.CounterModuloTest" time="0.0"/>
  <testcase name="single threaded decrement at 0 gives module - 1[Modulo: 252]" classname="serie2.ex1.CounterModuloTest" time="0.0"/>
  <testcase name="single threaded increment at module - 1 gives 0[Modulo: 252]" classname="serie2.ex1.CounterModuloTest" time="0.0"/>
  <testcase name="multi threaded decrement counter[Modulo: 252]" classname="serie2.ex1.CounterModuloTest" time="0.014"/>
  <testcase name="multi threaded increment counter[Modulo: 253]" classname="serie2.ex1.CounterModuloTest" time="0.014"/>
  <testcase name="single threaded increment and decrement counter[Modulo: 253]" classname="serie2.ex1.CounterModuloTest" time="0.001"/>
  <testcase name="single threaded decrement at 0 gives module - 1[Modulo: 253]" classname="serie2.ex1.CounterModuloTest" time="0.0"/>
  <testcase name="single threaded increment at module - 1 gives 0[Modulo: 253]" classname="serie2.ex1.CounterModuloTest" time="0.0"/>
  <testcase name="multi threaded decrement counter[Modulo: 253]" classname="serie2.ex1.CounterModuloTest" time="0.013"/>
  <testcase name="multi threaded increment counter[Modulo: 254]" classname="serie2.ex1.CounterModuloTest" time="0.014"/>
  <testcase name="single threaded increment and decrement counter[Modulo: 254]" classname="serie2.ex1.CounterModuloTest" time="0.001"/>
  <testcase name="single threaded decrement at 0 gives module - 1[Modulo: 254]" classname="serie2.ex1.CounterModuloTest" time="0.0"/>
  <testcase name="single threaded increment at module - 1 gives 0[Modulo: 254]" classname="serie2.ex1.CounterModuloTest" time="0.0"/>
  <testcase name="multi threaded decrement counter[Modulo: 254]" classname="serie2.ex1.CounterModuloTest" time="0.013"/>
  <testcase name="multi threaded increment counter[Modulo: 255]" classname="serie2.ex1.CounterModuloTest" time="0.015"/>
  <testcase name="single threaded increment and decrement counter[Modulo: 255]" classname="serie2.ex1.CounterModuloTest" time="0.0"/>
  <testcase name="single threaded decrement at 0 gives module - 1[Modulo: 255]" classname="serie2.ex1.CounterModuloTest" time="0.0"/>
  <testcase name="single threaded increment at module - 1 gives 0[Modulo: 255]" classname="serie2.ex1.CounterModuloTest" time="0.0"/>
  <testcase name="multi threaded decrement counter[Modulo: 255]" classname="serie2.ex1.CounterModuloTest" time="0.014"/>
  <testcase name="multi threaded increment counter[Modulo: 256]" classname="serie2.ex1.CounterModuloTest" time="0.015"/>
  <testcase name="single threaded increment and decrement counter[Modulo: 256]" classname="serie2.ex1.CounterModuloTest" time="0.001"/>
  <testcase name="single threaded decrement at 0 gives module - 1[Modulo: 256]" classname="serie2.ex1.CounterModuloTest" time="0.0"/>
  <testcase name="single threaded increment at module - 1 gives 0[Modulo: 256]" classname="serie2.ex1.CounterModuloTest" time="0.0"/>
  <testcase name="multi threaded decrement counter[Modulo: 256]" classname="serie2.ex1.CounterModuloTest" time="0.013"/>
  <testcase name="multi threaded increment counter[Modulo: 257]" classname="serie2.ex1.CounterModuloTest" time="0.013"/>
  <testcase name="single threaded increment and decrement counter[Modulo: 257]" classname="serie2.ex1.CounterModuloTest" time="0.001"/>
  <testcase name="single threaded decrement at 0 gives module - 1[Modulo: 257]" classname="serie2.ex1.CounterModuloTest" time="0.0"/>
  <testcase name="single threaded increment at module - 1 gives 0[Modulo: 257]" classname="serie2.ex1.CounterModuloTest" time="0.0"/>
  <testcase name="multi threaded decrement counter[Modulo: 257]" classname="serie2.ex1.CounterModuloTest" time="0.014"/>
  <testcase name="multi threaded increment counter[Modulo: 258]" classname="serie2.ex1.CounterModuloTest" time="0.013"/>
  <testcase name="single threaded increment and decrement counter[Modulo: 258]" classname="serie2.ex1.CounterModuloTest" time="0.001"/>
  <testcase name="single threaded decrement at 0 gives module - 1[Modulo: 258]" classname="serie2.ex1.CounterModuloTest" time="0.0"/>
  <testcase name="single threaded increment at module - 1 gives 0[Modulo: 258]" classname="serie2.ex1.CounterModuloTest" time="0.0"/>
  <testcase name="multi threaded decrement counter[Modulo: 258]" classname="serie2.ex1.CounterModuloTest" time="0.014"/>
  <testcase name="multi threaded increment counter[Modulo: 259]" classname="serie2.ex1.CounterModuloTest" time="0.011"/>
  <testcase name="single threaded increment and decrement counter[Modulo: 259]" classname="serie2.ex1.CounterModuloTest" time="0.0"/>
  <testcase name="single threaded decrement at 0 gives module - 1[Modulo: 259]" classname="serie2.ex1.CounterModuloTest" time="0.0"/>
  <testcase name="single threaded increment at module - 1 gives 0[Modulo: 259]" classname="serie2.ex1.CounterModuloTest" time="0.0"/>
  <testcase name="multi threaded decrement counter[Modulo: 259]" classname="serie2.ex1.CounterModuloTest" time="0.014"/>
  <testcase name="multi threaded increment counter[Modulo: 260]" classname="serie2.ex1.CounterModuloTest" time="0.014"/>
  <testcase name="single threaded increment and decrement counter[Modulo: 260]" classname="serie2.ex1.CounterModuloTest" time="0.0"/>
  <testcase name="single threaded decrement at 0 gives module - 1[Modulo: 260]" classname="serie2.ex1.CounterModuloTest" time="0.0"/>
  <testcase name="single threaded increment at module - 1 gives 0[Modulo: 260]" classname="serie2.ex1.CounterModuloTest" time="0.0"/>
  <testcase name="multi threaded decrement counter[Modulo: 260]" classname="serie2.ex1.CounterModuloTest" time="0.014"/>
  <testcase name="multi threaded increment counter[Modulo: 261]" classname="serie2.ex1.CounterModuloTest" time="0.014"/>
  <testcase name="single threaded increment and decrement counter[Modulo: 261]" classname="serie2.ex1.CounterModuloTest" time="0.001"/>
  <testcase name="single threaded decrement at 0 gives module - 1[Modulo: 261]" classname="serie2.ex1.CounterModuloTest" time="0.0"/>
  <testcase name="single threaded increment at module - 1 gives 0[Modulo: 261]" classname="serie2.ex1.CounterModuloTest" time="0.0"/>
  <testcase name="multi threaded decrement counter[Modulo: 261]" classname="serie2.ex1.CounterModuloTest" time="0.013"/>
  <testcase name="multi threaded increment counter[Modulo: 262]" classname="serie2.ex1.CounterModuloTest" time="0.015"/>
  <testcase name="single threaded increment and decrement counter[Modulo: 262]" classname="serie2.ex1.CounterModuloTest" time="0.0"/>
  <testcase name="single threaded decrement at 0 gives module - 1[Modulo: 262]" classname="serie2.ex1.CounterModuloTest" time="0.0"/>
  <testcase name="single threaded increment at module - 1 gives 0[Modulo: 262]" classname="serie2.ex1.CounterModuloTest" time="0.0"/>
  <testcase name="multi threaded decrement counter[Modulo: 262]" classname="serie2.ex1.CounterModuloTest" time="0.013"/>
  <testcase name="multi threaded increment counter[Modulo: 263]" classname="serie2.ex1.CounterModuloTest" time="0.016"/>
  <testcase name="single threaded increment and decrement counter[Modulo: 263]" classname="serie2.ex1.CounterModuloTest" time="0.001"/>
  <testcase name="single threaded decrement at 0 gives module - 1[Modulo: 263]" classname="serie2.ex1.CounterModuloTest" time="0.0"/>
  <testcase name="single threaded increment at module - 1 gives 0[Modulo: 263]" classname="serie2.ex1.CounterModuloTest" time="0.0"/>
  <testcase name="multi threaded decrement counter[Modulo: 263]" classname="serie2.ex1.CounterModuloTest" time="0.02"/>
  <testcase name="multi threaded increment counter[Modulo: 264]" classname="serie2.ex1.CounterModuloTest" time="0.023"/>
  <testcase name="single threaded increment and decrement counter[Modulo: 264]" classname="serie2.ex1.CounterModuloTest" time="0.0"/>
  <testcase name="single threaded decrement at 0 gives module - 1[Modulo: 264]" classname="serie2.ex1.CounterModuloTest" time="0.001"/>
  <testcase name="single threaded increment at module - 1 gives 0[Modulo: 264]" classname="serie2.ex1.CounterModuloTest" time="0.0"/>
  <testcase name="multi threaded decrement counter[Modulo: 264]" classname="serie2.ex1.CounterModuloTest" time="0.028"/>
  <testcase name="multi threaded increment counter[Modulo: 265]" classname="serie2.ex1.CounterModuloTest" time="0.015"/>
  <testcase name="single threaded increment and decrement counter[Modulo: 265]" classname="serie2.ex1.CounterModuloTest" time="0.0"/>
  <testcase name="single threaded decrement at 0 gives module - 1[Modulo: 265]" classname="serie2.ex1.CounterModuloTest" time="0.0"/>
  <testcase name="single threaded increment at module - 1 gives 0[Modulo: 265]" classname="serie2.ex1.CounterModuloTest" time="0.0"/>
  <testcase name="multi threaded decrement counter[Modulo: 265]" classname="serie2.ex1.CounterModuloTest" time="0.015"/>
  <testcase name="multi threaded increment counter[Modulo: 266]" classname="serie2.ex1.CounterModuloTest" time="0.016"/>
  <testcase name="single threaded increment and decrement counter[Modulo: 266]" classname="serie2.ex1.CounterModuloTest" time="0.001"/>
  <testcase name="single threaded decrement at 0 gives module - 1[Modulo: 266]" classname="serie2.ex1.CounterModuloTest" time="0.0"/>
  <testcase name="single threaded increment at module - 1 gives 0[Modulo: 266]" classname="serie2.ex1.CounterModuloTest" time="0.0"/>
  <testcase name="multi threaded decrement counter[Modulo: 266]" classname="serie2.ex1.CounterModuloTest" time="0.016"/>
  <testcase name="multi threaded increment counter[Modulo: 267]" classname="serie2.ex1.CounterModuloTest" time="0.015"/>
  <testcase name="single threaded increment and decrement counter[Modulo: 267]" classname="serie2.ex1.CounterModuloTest" time="0.001"/>
  <testcase name="single threaded decrement at 0 gives module - 1[Modulo: 267]" classname="serie2.ex1.CounterModuloTest" time="0.0"/>
  <testcase name="single threaded increment at module - 1 gives 0[Modulo: 267]" classname="serie2.ex1.CounterModuloTest" time="0.0"/>
  <testcase name="multi threaded decrement counter[Modulo: 267]" classname="serie2.ex1.CounterModuloTest" time="0.016"/>
  <testcase name="multi threaded increment counter[Modulo: 268]" classname="serie2.ex1.CounterModuloTest" time="0.017"/>
  <testcase name="single threaded increment and decrement counter[Modulo: 268]" classname="serie2.ex1.CounterModuloTest" time="0.0"/>
  <testcase name="single threaded decrement at 0 gives module - 1[Modulo: 268]" classname="serie2.ex1.CounterModuloTest" time="0.0"/>
  <testcase name="single threaded increment at module - 1 gives 0[Modulo: 268]" classname="serie2.ex1.CounterModuloTest" time="0.0"/>
  <testcase name="multi threaded decrement counter[Modulo: 268]" classname="serie2.ex1.CounterModuloTest" time="0.014"/>
  <testcase name="multi threaded increment counter[Modulo: 269]" classname="serie2.ex1.CounterModuloTest" time="0.016"/>
  <testcase name="single threaded increment and decrement counter[Modulo: 269]" classname="serie2.ex1.CounterModuloTest" time="0.0"/>
  <testcase name="single threaded decrement at 0 gives module - 1[Modulo: 269]" classname="serie2.ex1.CounterModuloTest" time="0.0"/>
  <testcase name="single threaded increment at module - 1 gives 0[Modulo: 269]" classname="serie2.ex1.CounterModuloTest" time="0.0"/>
  <testcase name="multi threaded decrement counter[Modulo: 269]" classname="serie2.ex1.CounterModuloTest" time="0.015"/>
  <testcase name="multi threaded increment counter[Modulo: 270]" classname="serie2.ex1.CounterModuloTest" time="0.012"/>
  <testcase name="single threaded increment and decrement counter[Modulo: 270]" classname="serie2.ex1.CounterModuloTest" time="0.001"/>
  <testcase name="single threaded decrement at 0 gives module - 1[Modulo: 270]" classname="serie2.ex1.CounterModuloTest" time="0.0"/>
  <testcase name="single threaded increment at module - 1 gives 0[Modulo: 270]" classname="serie2.ex1.CounterModuloTest" time="0.0"/>
  <testcase name="multi threaded decrement counter[Modulo: 270]" classname="serie2.ex1.CounterModuloTest" time="0.015"/>
  <testcase name="multi threaded increment counter[Modulo: 271]" classname="serie2.ex1.CounterModuloTest" time="0.014"/>
  <testcase name="single threaded increment and decrement counter[Modulo: 271]" classname="serie2.ex1.CounterModuloTest" time="0.0"/>
  <testcase name="single threaded decrement at 0 gives module - 1[Modulo: 271]" classname="serie2.ex1.CounterModuloTest" time="0.0"/>
  <testcase name="single threaded increment at module - 1 gives 0[Modulo: 271]" classname="serie2.ex1.CounterModuloTest" time="0.0"/>
  <testcase name="multi threaded decrement counter[Modulo: 271]" classname="serie2.ex1.CounterModuloTest" time="0.011"/>
  <testcase name="multi threaded increment counter[Modulo: 272]" classname="serie2.ex1.CounterModuloTest" time="0.012"/>
  <testcase name="single threaded increment and decrement counter[Modulo: 272]" classname="serie2.ex1.CounterModuloTest" time="0.0"/>
  <testcase name="single threaded decrement at 0 gives module - 1[Modulo: 272]" classname="serie2.ex1.CounterModuloTest" time="0.0"/>
  <testcase name="single threaded increment at module - 1 gives 0[Modulo: 272]" classname="serie2.ex1.CounterModuloTest" time="0.0"/>
  <testcase name="multi threaded decrement counter[Modulo: 272]" classname="serie2.ex1.CounterModuloTest" time="0.012"/>
  <testcase name="multi threaded increment counter[Modulo: 273]" classname="serie2.ex1.CounterModuloTest" time="0.014"/>
  <testcase name="single threaded increment and decrement counter[Modulo: 273]" classname="serie2.ex1.CounterModuloTest" time="0.001"/>
  <testcase name="single threaded decrement at 0 gives module - 1[Modulo: 273]" classname="serie2.ex1.CounterModuloTest" time="0.0"/>
  <testcase name="single threaded increment at module - 1 gives 0[Modulo: 273]" classname="serie2.ex1.CounterModuloTest" time="0.0"/>
  <testcase name="multi threaded decrement counter[Modulo: 273]" classname="serie2.ex1.CounterModuloTest" time="0.014"/>
  <testcase name="multi threaded increment counter[Modulo: 274]" classname="serie2.ex1.CounterModuloTest" time="0.015"/>
  <testcase name="single threaded increment and decrement counter[Modulo: 274]" classname="serie2.ex1.CounterModuloTest" time="0.001"/>
  <testcase name="single threaded decrement at 0 gives module - 1[Modulo: 274]" classname="serie2.ex1.CounterModuloTest" time="0.0"/>
  <testcase name="single threaded increment at module - 1 gives 0[Modulo: 274]" classname="serie2.ex1.CounterModuloTest" time="0.0"/>
  <testcase name="multi threaded decrement counter[Modulo: 274]" classname="serie2.ex1.CounterModuloTest" time="0.013"/>
  <testcase name="multi threaded increment counter[Modulo: 275]" classname="serie2.ex1.CounterModuloTest" time="0.015"/>
  <testcase name="single threaded increment and decrement counter[Modulo: 275]" classname="serie2.ex1.CounterModuloTest" time="0.0"/>
  <testcase name="single threaded decrement at 0 gives module - 1[Modulo: 275]" classname="serie2.ex1.CounterModuloTest" time="0.0"/>
  <testcase name="single threaded increment at module - 1 gives 0[Modulo: 275]" classname="serie2.ex1.CounterModuloTest" time="0.0"/>
  <testcase name="multi threaded decrement counter[Modulo: 275]" classname="serie2.ex1.CounterModuloTest" time="0.014"/>
  <testcase name="multi threaded increment counter[Modulo: 276]" classname="serie2.ex1.CounterModuloTest" time="0.012"/>
  <testcase name="single threaded increment and decrement counter[Modulo: 276]" classname="serie2.ex1.CounterModuloTest" time="0.0"/>
  <testcase name="single threaded decrement at 0 gives module - 1[Modulo: 276]" classname="serie2.ex1.CounterModuloTest" time="0.0"/>
  <testcase name="single threaded increment at module - 1 gives 0[Modulo: 276]" classname="serie2.ex1.CounterModuloTest" time="0.0"/>
  <testcase name="multi threaded decrement counter[Modulo: 276]" classname="serie2.ex1.CounterModuloTest" time="0.016"/>
  <testcase name="multi threaded increment counter[Modulo: 277]" classname="serie2.ex1.CounterModuloTest" time="0.015"/>
  <testcase name="single threaded increment and decrement counter[Modulo: 277]" classname="serie2.ex1.CounterModuloTest" time="0.0"/>
  <testcase name="single threaded decrement at 0 gives module - 1[Modulo: 277]" classname="serie2.ex1.CounterModuloTest" time="0.0"/>
  <testcase name="single threaded increment at module - 1 gives 0[Modulo: 277]" classname="serie2.ex1.CounterModuloTest" time="0.001"/>
  <testcase name="multi threaded decrement counter[Modulo: 277]" classname="serie2.ex1.CounterModuloTest" time="0.012"/>
  <testcase name="multi threaded increment counter[Modulo: 278]" classname="serie2.ex1.CounterModuloTest" time="0.011"/>
  <testcase name="single threaded increment and decrement counter[Modulo: 278]" classname="serie2.ex1.CounterModuloTest" time="0.0"/>
  <testcase name="single threaded decrement at 0 gives module - 1[Modulo: 278]" classname="serie2.ex1.CounterModuloTest" time="0.0"/>
  <testcase name="single threaded increment at module - 1 gives 0[Modulo: 278]" classname="serie2.ex1.CounterModuloTest" time="0.0"/>
  <testcase name="multi threaded decrement counter[Modulo: 278]" classname="serie2.ex1.CounterModuloTest" time="0.011"/>
  <testcase name="multi threaded increment counter[Modulo: 279]" classname="serie2.ex1.CounterModuloTest" time="0.012"/>
  <testcase name="single threaded increment and decrement counter[Modulo: 279]" classname="serie2.ex1.CounterModuloTest" time="0.0"/>
  <testcase name="single threaded decrement at 0 gives module - 1[Modulo: 279]" classname="serie2.ex1.CounterModuloTest" time="0.0"/>
  <testcase name="single threaded increment at module - 1 gives 0[Modulo: 279]" classname="serie2.ex1.CounterModuloTest" time="0.0"/>
  <testcase name="multi threaded decrement counter[Modulo: 279]" classname="serie2.ex1.CounterModuloTest" time="0.011"/>
  <testcase name="multi threaded increment counter[Modulo: 280]" classname="serie2.ex1.CounterModuloTest" time="0.013"/>
  <testcase name="single threaded increment and decrement counter[Modulo: 280]" classname="serie2.ex1.CounterModuloTest" time="0.0"/>
  <testcase name="single threaded decrement at 0 gives module - 1[Modulo: 280]" classname="serie2.ex1.CounterModuloTest" time="0.0"/>
  <testcase name="single threaded increment at module - 1 gives 0[Modulo: 280]" classname="serie2.ex1.CounterModuloTest" time="0.0"/>
  <testcase name="multi threaded decrement counter[Modulo: 280]" classname="serie2.ex1.CounterModuloTest" time="0.013"/>
  <testcase name="multi threaded increment counter[Modulo: 281]" classname="serie2.ex1.CounterModuloTest" time="0.012"/>
  <testcase name="single threaded increment and decrement counter[Modulo: 281]" classname="serie2.ex1.CounterModuloTest" time="0.001"/>
  <testcase name="single threaded decrement at 0 gives module - 1[Modulo: 281]" classname="serie2.ex1.CounterModuloTest" time="0.0"/>
  <testcase name="single threaded increment at module - 1 gives 0[Modulo: 281]" classname="serie2.ex1.CounterModuloTest" time="0.0"/>
  <testcase name="multi threaded decrement counter[Modulo: 281]" classname="serie2.ex1.CounterModuloTest" time="0.016"/>
  <testcase name="multi threaded increment counter[Modulo: 282]" classname="serie2.ex1.CounterModuloTest" time="0.012"/>
  <testcase name="single threaded increment and decrement counter[Modulo: 282]" classname="serie2.ex1.CounterModuloTest" time="0.0"/>
  <testcase name="single threaded decrement at 0 gives module - 1[Modulo: 282]" classname="serie2.ex1.CounterModuloTest" time="0.0"/>
  <testcase name="single threaded increment at module - 1 gives 0[Modulo: 282]" classname="serie2.ex1.CounterModuloTest" time="0.0"/>
  <testcase name="multi threaded decrement counter[Modulo: 282]" classname="serie2.ex1.CounterModuloTest" time="0.013"/>
  <testcase name="multi threaded increment counter[Modulo: 283]" classname="serie2.ex1.CounterModuloTest" time="0.01"/>
  <testcase name="single threaded increment and decrement counter[Modulo: 283]" classname="serie2.ex1.CounterModuloTest" time="0.001"/>
  <testcase name="single threaded decrement at 0 gives module - 1[Modulo: 283]" classname="serie2.ex1.CounterModuloTest" time="0.0"/>
  <testcase name="single threaded increment at module - 1 gives 0[Modulo: 283]" classname="serie2.ex1.CounterModuloTest" time="0.0"/>
  <testcase name="multi threaded decrement counter[Modulo: 283]" classname="serie2.ex1.CounterModuloTest" time="0.013"/>
  <testcase name="multi threaded increment counter[Modulo: 284]" classname="serie2.ex1.CounterModuloTest" time="0.012"/>
  <testcase name="single threaded increment and decrement counter[Modulo: 284]" classname="serie2.ex1.CounterModuloTest" time="0.001"/>
  <testcase name="single threaded decrement at 0 gives module - 1[Modulo: 284]" classname="serie2.ex1.CounterModuloTest" time="0.0"/>
  <testcase name="single threaded increment at module - 1 gives 0[Modulo: 284]" classname="serie2.ex1.CounterModuloTest" time="0.0"/>
  <testcase name="multi threaded decrement counter[Modulo: 284]" classname="serie2.ex1.CounterModuloTest" time="0.012"/>
  <testcase name="multi threaded increment counter[Modulo: 285]" classname="serie2.ex1.CounterModuloTest" time="0.013"/>
  <testcase name="single threaded increment and decrement counter[Modulo: 285]" classname="serie2.ex1.CounterModuloTest" time="0.001"/>
  <testcase name="single threaded decrement at 0 gives module - 1[Modulo: 285]" classname="serie2.ex1.CounterModuloTest" time="0.0"/>
  <testcase name="single threaded increment at module - 1 gives 0[Modulo: 285]" classname="serie2.ex1.CounterModuloTest" time="0.0"/>
  <testcase name="multi threaded decrement counter[Modulo: 285]" classname="serie2.ex1.CounterModuloTest" time="0.013"/>
  <testcase name="multi threaded increment counter[Modulo: 286]" classname="serie2.ex1.CounterModuloTest" time="0.013"/>
  <testcase name="single threaded increment and decrement counter[Modulo: 286]" classname="serie2.ex1.CounterModuloTest" time="0.001"/>
  <testcase name="single threaded decrement at 0 gives module - 1[Modulo: 286]" classname="serie2.ex1.CounterModuloTest" time="0.0"/>
  <testcase name="single threaded increment at module - 1 gives 0[Modulo: 286]" classname="serie2.ex1.CounterModuloTest" time="0.0"/>
  <testcase name="multi threaded decrement counter[Modulo: 286]" classname="serie2.ex1.CounterModuloTest" time="0.012"/>
  <testcase name="multi threaded increment counter[Modulo: 287]" classname="serie2.ex1.CounterModuloTest" time="0.011"/>
  <testcase name="single threaded increment and decrement counter[Modulo: 287]" classname="serie2.ex1.CounterModuloTest" time="0.0"/>
  <testcase name="single threaded decrement at 0 gives module - 1[Modulo: 287]" classname="serie2.ex1.CounterModuloTest" time="0.0"/>
  <testcase name="single threaded increment at module - 1 gives 0[Modulo: 287]" classname="serie2.ex1.CounterModuloTest" time="0.0"/>
  <testcase name="multi threaded decrement counter[Modulo: 287]" classname="serie2.ex1.CounterModuloTest" time="0.012"/>
  <testcase name="multi threaded increment counter[Modulo: 288]" classname="serie2.ex1.CounterModuloTest" time="0.01"/>
  <testcase name="single threaded increment and decrement counter[Modulo: 288]" classname="serie2.ex1.CounterModuloTest" time="0.0"/>
  <testcase name="single threaded decrement at 0 gives module - 1[Modulo: 288]" classname="serie2.ex1.CounterModuloTest" time="0.0"/>
  <testcase name="single threaded increment at module - 1 gives 0[Modulo: 288]" classname="serie2.ex1.CounterModuloTest" time="0.0"/>
  <testcase name="multi threaded decrement counter[Modulo: 288]" classname="serie2.ex1.CounterModuloTest" time="0.012"/>
  <testcase name="multi threaded increment counter[Modulo: 289]" classname="serie2.ex1.CounterModuloTest" time="0.012"/>
  <testcase name="single threaded increment and decrement counter[Modulo: 289]" classname="serie2.ex1.CounterModuloTest" time="0.001"/>
  <testcase name="single threaded decrement at 0 gives module - 1[Modulo: 289]" classname="serie2.ex1.CounterModuloTest" time="0.0"/>
  <testcase name="single threaded increment at module - 1 gives 0[Modulo: 289]" classname="serie2.ex1.CounterModuloTest" time="0.0"/>
  <testcase name="multi threaded decrement counter[Modulo: 289]" classname="serie2.ex1.CounterModuloTest" time="0.012"/>
  <testcase name="multi threaded increment counter[Modulo: 290]" classname="serie2.ex1.CounterModuloTest" time="0.012"/>
  <testcase name="single threaded increment and decrement counter[Modulo: 290]" classname="serie2.ex1.CounterModuloTest" time="0.001"/>
  <testcase name="single threaded decrement at 0 gives module - 1[Modulo: 290]" classname="serie2.ex1.CounterModuloTest" time="0.0"/>
  <testcase name="single threaded increment at module - 1 gives 0[Modulo: 290]" classname="serie2.ex1.CounterModuloTest" time="0.0"/>
  <testcase name="multi threaded decrement counter[Modulo: 290]" classname="serie2.ex1.CounterModuloTest" time="0.011"/>
  <testcase name="multi threaded increment counter[Modulo: 291]" classname="serie2.ex1.CounterModuloTest" time="0.012"/>
  <testcase name="single threaded increment and decrement counter[Modulo: 291]" classname="serie2.ex1.CounterModuloTest" time="0.001"/>
  <testcase name="single threaded decrement at 0 gives module - 1[Modulo: 291]" classname="serie2.ex1.CounterModuloTest" time="0.0"/>
  <testcase name="single threaded increment at module - 1 gives 0[Modulo: 291]" classname="serie2.ex1.CounterModuloTest" time="0.0"/>
  <testcase name="multi threaded decrement counter[Modulo: 291]" classname="serie2.ex1.CounterModuloTest" time="0.013"/>
  <testcase name="multi threaded increment counter[Modulo: 292]" classname="serie2.ex1.CounterModuloTest" time="0.012"/>
  <testcase name="single threaded increment and decrement counter[Modulo: 292]" classname="serie2.ex1.CounterModuloTest" time="0.0"/>
  <testcase name="single threaded decrement at 0 gives module - 1[Modulo: 292]" classname="serie2.ex1.CounterModuloTest" time="0.0"/>
  <testcase name="single threaded increment at module - 1 gives 0[Modulo: 292]" classname="serie2.ex1.CounterModuloTest" time="0.001"/>
  <testcase name="multi threaded decrement counter[Modulo: 292]" classname="serie2.ex1.CounterModuloTest" time="0.011"/>
  <testcase name="multi threaded increment counter[Modulo: 293]" classname="serie2.ex1.CounterModuloTest" time="0.011"/>
  <testcase name="single threaded increment and decrement counter[Modulo: 293]" classname="serie2.ex1.CounterModuloTest" time="0.0"/>
  <testcase name="single threaded decrement at 0 gives module - 1[Modulo: 293]" classname="serie2.ex1.CounterModuloTest" time="0.0"/>
  <testcase name="single threaded increment at module - 1 gives 0[Modulo: 293]" classname="serie2.ex1.CounterModuloTest" time="0.0"/>
  <testcase name="multi threaded decrement counter[Modulo: 293]" classname="serie2.ex1.CounterModuloTest" time="0.012"/>
  <testcase name="multi threaded increment counter[Modulo: 294]" classname="serie2.ex1.CounterModuloTest" time="0.011"/>
  <testcase name="single threaded increment and decrement counter[Modulo: 294]" classname="serie2.ex1.CounterModuloTest" time="0.001"/>
  <testcase name="single threaded decrement at 0 gives module - 1[Modulo: 294]" classname="serie2.ex1.CounterModuloTest" time="0.0"/>
  <testcase name="single threaded increment at module - 1 gives 0[Modulo: 294]" classname="serie2.ex1.CounterModuloTest" time="0.0"/>
  <testcase name="multi threaded decrement counter[Modulo: 294]" classname="serie2.ex1.CounterModuloTest" time="0.011"/>
  <testcase name="multi threaded increment counter[Modulo: 295]" classname="serie2.ex1.CounterModuloTest" time="0.012"/>
  <testcase name="single threaded increment and decrement counter[Modulo: 295]" classname="serie2.ex1.CounterModuloTest" time="0.0"/>
  <testcase name="single threaded decrement at 0 gives module - 1[Modulo: 295]" classname="serie2.ex1.CounterModuloTest" time="0.0"/>
  <testcase name="single threaded increment at module - 1 gives 0[Modulo: 295]" classname="serie2.ex1.CounterModuloTest" time="0.0"/>
  <testcase name="multi threaded decrement counter[Modulo: 295]" classname="serie2.ex1.CounterModuloTest" time="0.012"/>
  <testcase name="multi threaded increment counter[Modulo: 296]" classname="serie2.ex1.CounterModuloTest" time="0.012"/>
  <testcase name="single threaded increment and decrement counter[Modulo: 296]" classname="serie2.ex1.CounterModuloTest" time="0.0"/>
  <testcase name="single threaded decrement at 0 gives module - 1[Modulo: 296]" classname="serie2.ex1.CounterModuloTest" time="0.0"/>
  <testcase name="single threaded increment at module - 1 gives 0[Modulo: 296]" classname="serie2.ex1.CounterModuloTest" time="0.0"/>
  <testcase name="multi threaded decrement counter[Modulo: 296]" classname="serie2.ex1.CounterModuloTest" time="0.012"/>
  <testcase name="multi threaded increment counter[Modulo: 297]" classname="serie2.ex1.CounterModuloTest" time="0.011"/>
  <testcase name="single threaded increment and decrement counter[Modulo: 297]" classname="serie2.ex1.CounterModuloTest" time="0.001"/>
  <testcase name="single threaded decrement at 0 gives module - 1[Modulo: 297]" classname="serie2.ex1.CounterModuloTest" time="0.0"/>
  <testcase name="single threaded increment at module - 1 gives 0[Modulo: 297]" classname="serie2.ex1.CounterModuloTest" time="0.0"/>
  <testcase name="multi threaded decrement counter[Modulo: 297]" classname="serie2.ex1.CounterModuloTest" time="0.011"/>
  <testcase name="multi threaded increment counter[Modulo: 298]" classname="serie2.ex1.CounterModuloTest" time="0.012"/>
  <testcase name="single threaded increment and decrement counter[Modulo: 298]" classname="serie2.ex1.CounterModuloTest" time="0.0"/>
  <testcase name="single threaded decrement at 0 gives module - 1[Modulo: 298]" classname="serie2.ex1.CounterModuloTest" time="0.0"/>
  <testcase name="single threaded increment at module - 1 gives 0[Modulo: 298]" classname="serie2.ex1.CounterModuloTest" time="0.0"/>
  <testcase name="multi threaded decrement counter[Modulo: 298]" classname="serie2.ex1.CounterModuloTest" time="0.012"/>
  <testcase name="multi threaded increment counter[Modulo: 299]" classname="serie2.ex1.CounterModuloTest" time="0.012"/>
  <testcase name="single threaded increment and decrement counter[Modulo: 299]" classname="serie2.ex1.CounterModuloTest" time="0.0"/>
  <testcase name="single threaded decrement at 0 gives module - 1[Modulo: 299]" classname="serie2.ex1.CounterModuloTest" time="0.0"/>
  <testcase name="single threaded increment at module - 1 gives 0[Modulo: 299]" classname="serie2.ex1.CounterModuloTest" time="0.0"/>
  <testcase name="multi threaded decrement counter[Modulo: 299]" classname="serie2.ex1.CounterModuloTest" time="0.011"/>
  <testcase name="multi threaded increment counter[Modulo: 300]" classname="serie2.ex1.CounterModuloTest" time="0.013"/>
  <testcase name="single threaded increment and decrement counter[Modulo: 300]" classname="serie2.ex1.CounterModuloTest" time="0.001"/>
  <testcase name="single threaded decrement at 0 gives module - 1[Modulo: 300]" classname="serie2.ex1.CounterModuloTest" time="0.0"/>
  <testcase name="single threaded increment at module - 1 gives 0[Modulo: 300]" classname="serie2.ex1.CounterModuloTest" time="0.0"/>
  <testcase name="multi threaded decrement counter[Modulo: 300]" classname="serie2.ex1.CounterModuloTest" time="0.011"/>
  <testcase name="multi threaded increment counter[Modulo: 301]" classname="serie2.ex1.CounterModuloTest" time="0.011"/>
  <testcase name="single threaded increment and decrement counter[Modulo: 301]" classname="serie2.ex1.CounterModuloTest" time="0.001"/>
  <testcase name="single threaded decrement at 0 gives module - 1[Modulo: 301]" classname="serie2.ex1.CounterModuloTest" time="0.0"/>
  <testcase name="single threaded increment at module - 1 gives 0[Modulo: 301]" classname="serie2.ex1.CounterModuloTest" time="0.0"/>
  <testcase name="multi threaded decrement counter[Modulo: 301]" classname="serie2.ex1.CounterModuloTest" time="0.011"/>
  <testcase name="multi threaded increment counter[Modulo: 302]" classname="serie2.ex1.CounterModuloTest" time="0.012"/>
  <testcase name="single threaded increment and decrement counter[Modulo: 302]" classname="serie2.ex1.CounterModuloTest" time="0.0"/>
  <testcase name="single threaded decrement at 0 gives module - 1[Modulo: 302]" classname="serie2.ex1.CounterModuloTest" time="0.0"/>
  <testcase name="single threaded increment at module - 1 gives 0[Modulo: 302]" classname="serie2.ex1.CounterModuloTest" time="0.0"/>
  <testcase name="multi threaded decrement counter[Modulo: 302]" classname="serie2.ex1.CounterModuloTest" time="0.011"/>
  <testcase name="multi threaded increment counter[Modulo: 303]" classname="serie2.ex1.CounterModuloTest" time="0.011"/>
  <testcase name="single threaded increment and decrement counter[Modulo: 303]" classname="serie2.ex1.CounterModuloTest" time="0.0"/>
  <testcase name="single threaded decrement at 0 gives module - 1[Modulo: 303]" classname="serie2.ex1.CounterModuloTest" time="0.0"/>
  <testcase name="single threaded increment at module - 1 gives 0[Modulo: 303]" classname="serie2.ex1.CounterModuloTest" time="0.0"/>
  <testcase name="multi threaded decrement counter[Modulo: 303]" classname="serie2.ex1.CounterModuloTest" time="0.011"/>
  <testcase name="multi threaded increment counter[Modulo: 304]" classname="serie2.ex1.CounterModuloTest" time="0.012"/>
  <testcase name="single threaded increment and decrement counter[Modulo: 304]" classname="serie2.ex1.CounterModuloTest" time="0.0"/>
  <testcase name="single threaded decrement at 0 gives module - 1[Modulo: 304]" classname="serie2.ex1.CounterModuloTest" time="0.0"/>
  <testcase name="single threaded increment at module - 1 gives 0[Modulo: 304]" classname="serie2.ex1.CounterModuloTest" time="0.0"/>
  <testcase name="multi threaded decrement counter[Modulo: 304]" classname="serie2.ex1.CounterModuloTest" time="0.013"/>
  <testcase name="multi threaded increment counter[Modulo: 305]" classname="serie2.ex1.CounterModuloTest" time="0.012"/>
  <testcase name="single threaded increment and decrement counter[Modulo: 305]" classname="serie2.ex1.CounterModuloTest" time="0.0"/>
  <testcase name="single threaded decrement at 0 gives module - 1[Modulo: 305]" classname="serie2.ex1.CounterModuloTest" time="0.0"/>
  <testcase name="single threaded increment at module - 1 gives 0[Modulo: 305]" classname="serie2.ex1.CounterModuloTest" time="0.0"/>
  <testcase name="multi threaded decrement counter[Modulo: 305]" classname="serie2.ex1.CounterModuloTest" time="0.012"/>
  <testcase name="multi threaded increment counter[Modulo: 306]" classname="serie2.ex1.CounterModuloTest" time="0.011"/>
  <testcase name="single threaded increment and decrement counter[Modulo: 306]" classname="serie2.ex1.CounterModuloTest" time="0.0"/>
  <testcase name="single threaded decrement at 0 gives module - 1[Modulo: 306]" classname="serie2.ex1.CounterModuloTest" time="0.0"/>
  <testcase name="single threaded increment at module - 1 gives 0[Modulo: 306]" classname="serie2.ex1.CounterModuloTest" time="0.0"/>
  <testcase name="multi threaded decrement counter[Modulo: 306]" classname="serie2.ex1.CounterModuloTest" time="0.011"/>
  <testcase name="multi threaded increment counter[Modulo: 307]" classname="serie2.ex1.CounterModuloTest" time="0.012"/>
  <testcase name="single threaded increment and decrement counter[Modulo: 307]" classname="serie2.ex1.CounterModuloTest" time="0.0"/>
  <testcase name="single threaded decrement at 0 gives module - 1[Modulo: 307]" classname="serie2.ex1.CounterModuloTest" time="0.0"/>
  <testcase name="single threaded increment at module - 1 gives 0[Modulo: 307]" classname="serie2.ex1.CounterModuloTest" time="0.0"/>
  <testcase name="multi threaded decrement counter[Modulo: 307]" classname="serie2.ex1.CounterModuloTest" time="0.012"/>
  <testcase name="multi threaded increment counter[Modulo: 308]" classname="serie2.ex1.CounterModuloTest" time="0.011"/>
  <testcase name="single threaded increment and decrement counter[Modulo: 308]" classname="serie2.ex1.CounterModuloTest" time="0.002"/>
  <testcase name="single threaded decrement at 0 gives module - 1[Modulo: 308]" classname="serie2.ex1.CounterModuloTest" time="0.0"/>
  <testcase name="single threaded increment at module - 1 gives 0[Modulo: 308]" classname="serie2.ex1.CounterModuloTest" time="0.0"/>
  <testcase name="multi threaded decrement counter[Modulo: 308]" classname="serie2.ex1.CounterModuloTest" time="0.011"/>
  <testcase name="multi threaded increment counter[Modulo: 309]" classname="serie2.ex1.CounterModuloTest" time="0.012"/>
  <testcase name="single threaded increment and decrement counter[Modulo: 309]" classname="serie2.ex1.CounterModuloTest" time="0.0"/>
  <testcase name="single threaded decrement at 0 gives module - 1[Modulo: 309]" classname="serie2.ex1.CounterModuloTest" time="0.0"/>
  <testcase name="single threaded increment at module - 1 gives 0[Modulo: 309]" classname="serie2.ex1.CounterModuloTest" time="0.0"/>
  <testcase name="multi threaded decrement counter[Modulo: 309]" classname="serie2.ex1.CounterModuloTest" time="0.012"/>
  <testcase name="multi threaded increment counter[Modulo: 310]" classname="serie2.ex1.CounterModuloTest" time="0.011"/>
  <testcase name="single threaded increment and decrement counter[Modulo: 310]" classname="serie2.ex1.CounterModuloTest" time="0.0"/>
  <testcase name="single threaded decrement at 0 gives module - 1[Modulo: 310]" classname="serie2.ex1.CounterModuloTest" time="0.0"/>
  <testcase name="single threaded increment at module - 1 gives 0[Modulo: 310]" classname="serie2.ex1.CounterModuloTest" time="0.0"/>
  <testcase name="multi threaded decrement counter[Modulo: 310]" classname="serie2.ex1.CounterModuloTest" time="0.011"/>
  <testcase name="multi threaded increment counter[Modulo: 311]" classname="serie2.ex1.CounterModuloTest" time="0.012"/>
  <testcase name="single threaded increment and decrement counter[Modulo: 311]" classname="serie2.ex1.CounterModuloTest" time="0.001"/>
  <testcase name="single threaded decrement at 0 gives module - 1[Modulo: 311]" classname="serie2.ex1.CounterModuloTest" time="0.0"/>
  <testcase name="single threaded increment at module - 1 gives 0[Modulo: 311]" classname="serie2.ex1.CounterModuloTest" time="0.0"/>
  <testcase name="multi threaded decrement counter[Modulo: 311]" classname="serie2.ex1.CounterModuloTest" time="0.011"/>
  <testcase name="multi threaded increment counter[Modulo: 312]" classname="serie2.ex1.CounterModuloTest" time="0.01"/>
  <testcase name="single threaded increment and decrement counter[Modulo: 312]" classname="serie2.ex1.CounterModuloTest" time="0.0"/>
  <testcase name="single threaded decrement at 0 gives module - 1[Modulo: 312]" classname="serie2.ex1.CounterModuloTest" time="0.0"/>
  <testcase name="single threaded increment at module - 1 gives 0[Modulo: 312]" classname="serie2.ex1.CounterModuloTest" time="0.0"/>
  <testcase name="multi threaded decrement counter[Modulo: 312]" classname="serie2.ex1.CounterModuloTest" time="0.016"/>
  <testcase name="multi threaded increment counter[Modulo: 313]" classname="serie2.ex1.CounterModuloTest" time="0.014"/>
  <testcase name="single threaded increment and decrement counter[Modulo: 313]" classname="serie2.ex1.CounterModuloTest" time="0.0"/>
  <testcase name="single threaded decrement at 0 gives module - 1[Modulo: 313]" classname="serie2.ex1.CounterModuloTest" time="0.0"/>
  <testcase name="single threaded increment at module - 1 gives 0[Modulo: 313]" classname="serie2.ex1.CounterModuloTest" time="0.001"/>
  <testcase name="multi threaded decrement counter[Modulo: 313]" classname="serie2.ex1.CounterModuloTest" time="0.01"/>
  <testcase name="multi threaded increment counter[Modulo: 314]" classname="serie2.ex1.CounterModuloTest" time="0.014"/>
  <testcase name="single threaded increment and decrement counter[Modulo: 314]" classname="serie2.ex1.CounterModuloTest" time="0.001"/>
  <testcase name="single threaded decrement at 0 gives module - 1[Modulo: 314]" classname="serie2.ex1.CounterModuloTest" time="0.0"/>
  <testcase name="single threaded increment at module - 1 gives 0[Modulo: 314]" classname="serie2.ex1.CounterModuloTest" time="0.0"/>
  <testcase name="multi threaded decrement counter[Modulo: 314]" classname="serie2.ex1.CounterModuloTest" time="0.011"/>
  <testcase name="multi threaded increment counter[Modulo: 315]" classname="serie2.ex1.CounterModuloTest" time="0.013"/>
  <testcase name="single threaded increment and decrement counter[Modulo: 315]" classname="serie2.ex1.CounterModuloTest" time="0.0"/>
  <testcase name="single threaded decrement at 0 gives module - 1[Modulo: 315]" classname="serie2.ex1.CounterModuloTest" time="0.0"/>
  <testcase name="single threaded increment at module - 1 gives 0[Modulo: 315]" classname="serie2.ex1.CounterModuloTest" time="0.0"/>
  <testcase name="multi threaded decrement counter[Modulo: 315]" classname="serie2.ex1.CounterModuloTest" time="0.012"/>
  <testcase name="multi threaded increment counter[Modulo: 316]" classname="serie2.ex1.CounterModuloTest" time="0.014"/>
  <testcase name="single threaded increment and decrement counter[Modulo: 316]" classname="serie2.ex1.CounterModuloTest" time="0.001"/>
  <testcase name="single threaded decrement at 0 gives module - 1[Modulo: 316]" classname="serie2.ex1.CounterModuloTest" time="0.0"/>
  <testcase name="single threaded increment at module - 1 gives 0[Modulo: 316]" classname="serie2.ex1.CounterModuloTest" time="0.0"/>
  <testcase name="multi threaded decrement counter[Modulo: 316]" classname="serie2.ex1.CounterModuloTest" time="0.013"/>
  <testcase name="multi threaded increment counter[Modulo: 317]" classname="serie2.ex1.CounterModuloTest" time="0.015"/>
  <testcase name="single threaded increment and decrement counter[Modulo: 317]" classname="serie2.ex1.CounterModuloTest" time="0.001"/>
  <testcase name="single threaded decrement at 0 gives module - 1[Modulo: 317]" classname="serie2.ex1.CounterModuloTest" time="0.0"/>
  <testcase name="single threaded increment at module - 1 gives 0[Modulo: 317]" classname="serie2.ex1.CounterModuloTest" time="0.0"/>
  <testcase name="multi threaded decrement counter[Modulo: 317]" classname="serie2.ex1.CounterModuloTest" time="0.014"/>
  <testcase name="multi threaded increment counter[Modulo: 318]" classname="serie2.ex1.CounterModuloTest" time="0.014"/>
  <testcase name="single threaded increment and decrement counter[Modulo: 318]" classname="serie2.ex1.CounterModuloTest" time="0.001"/>
  <testcase name="single threaded decrement at 0 gives module - 1[Modulo: 318]" classname="serie2.ex1.CounterModuloTest" time="0.0"/>
  <testcase name="single threaded increment at module - 1 gives 0[Modulo: 318]" classname="serie2.ex1.CounterModuloTest" time="0.0"/>
  <testcase name="multi threaded decrement counter[Modulo: 318]" classname="serie2.ex1.CounterModuloTest" time="0.013"/>
  <testcase name="multi threaded increment counter[Modulo: 319]" classname="serie2.ex1.CounterModuloTest" time="0.016"/>
  <testcase name="single threaded increment and decrement counter[Modulo: 319]" classname="serie2.ex1.CounterModuloTest" time="0.0"/>
  <testcase name="single threaded decrement at 0 gives module - 1[Modulo: 319]" classname="serie2.ex1.CounterModuloTest" time="0.0"/>
  <testcase name="single threaded increment at module - 1 gives 0[Modulo: 319]" classname="serie2.ex1.CounterModuloTest" time="0.0"/>
  <testcase name="multi threaded decrement counter[Modulo: 319]" classname="serie2.ex1.CounterModuloTest" time="0.014"/>
  <testcase name="multi threaded increment counter[Modulo: 320]" classname="serie2.ex1.CounterModuloTest" time="0.012"/>
  <testcase name="single threaded increment and decrement counter[Modulo: 320]" classname="serie2.ex1.CounterModuloTest" time="0.001"/>
  <testcase name="single threaded decrement at 0 gives module - 1[Modulo: 320]" classname="serie2.ex1.CounterModuloTest" time="0.0"/>
  <testcase name="single threaded increment at module - 1 gives 0[Modulo: 320]" classname="serie2.ex1.CounterModuloTest" time="0.0"/>
  <testcase name="multi threaded decrement counter[Modulo: 320]" classname="serie2.ex1.CounterModuloTest" time="0.012"/>
  <testcase name="multi threaded increment counter[Modulo: 321]" classname="serie2.ex1.CounterModuloTest" time="0.013"/>
  <testcase name="single threaded increment and decrement counter[Modulo: 321]" classname="serie2.ex1.CounterModuloTest" time="0.0"/>
  <testcase name="single threaded decrement at 0 gives module - 1[Modulo: 321]" classname="serie2.ex1.CounterModuloTest" time="0.0"/>
  <testcase name="single threaded increment at module - 1 gives 0[Modulo: 321]" classname="serie2.ex1.CounterModuloTest" time="0.0"/>
  <testcase name="multi threaded decrement counter[Modulo: 321]" classname="serie2.ex1.CounterModuloTest" time="0.014"/>
  <testcase name="multi threaded increment counter[Modulo: 322]" classname="serie2.ex1.CounterModuloTest" time="0.013"/>
  <testcase name="single threaded increment and decrement counter[Modulo: 322]" classname="serie2.ex1.CounterModuloTest" time="0.0"/>
  <testcase name="single threaded decrement at 0 gives module - 1[Modulo: 322]" classname="serie2.ex1.CounterModuloTest" time="0.0"/>
  <testcase name="single threaded increment at module - 1 gives 0[Modulo: 322]" classname="serie2.ex1.CounterModuloTest" time="0.0"/>
  <testcase name="multi threaded decrement counter[Modulo: 322]" classname="serie2.ex1.CounterModuloTest" time="0.013"/>
  <testcase name="multi threaded increment counter[Modulo: 323]" classname="serie2.ex1.CounterModuloTest" time="0.014"/>
  <testcase name="single threaded increment and decrement counter[Modulo: 323]" classname="serie2.ex1.CounterModuloTest" time="0.001"/>
  <testcase name="single threaded decrement at 0 gives module - 1[Modulo: 323]" classname="serie2.ex1.CounterModuloTest" time="0.0"/>
  <testcase name="single threaded increment at module - 1 gives 0[Modulo: 323]" classname="serie2.ex1.CounterModuloTest" time="0.0"/>
  <testcase name="multi threaded decrement counter[Modulo: 323]" classname="serie2.ex1.CounterModuloTest" time="0.013"/>
  <testcase name="multi threaded increment counter[Modulo: 324]" classname="serie2.ex1.CounterModuloTest" time="0.014"/>
  <testcase name="single threaded increment and decrement counter[Modulo: 324]" classname="serie2.ex1.CounterModuloTest" time="0.0"/>
  <testcase name="single threaded decrement at 0 gives module - 1[Modulo: 324]" classname="serie2.ex1.CounterModuloTest" time="0.0"/>
  <testcase name="single threaded increment at module - 1 gives 0[Modulo: 324]" classname="serie2.ex1.CounterModuloTest" time="0.0"/>
  <testcase name="multi threaded decrement counter[Modulo: 324]" classname="serie2.ex1.CounterModuloTest" time="0.013"/>
  <testcase name="multi threaded increment counter[Modulo: 325]" classname="serie2.ex1.CounterModuloTest" time="0.014"/>
  <testcase name="single threaded increment and decrement counter[Modulo: 325]" classname="serie2.ex1.CounterModuloTest" time="0.001"/>
  <testcase name="single threaded decrement at 0 gives module - 1[Modulo: 325]" classname="serie2.ex1.CounterModuloTest" time="0.0"/>
  <testcase name="single threaded increment at module - 1 gives 0[Modulo: 325]" classname="serie2.ex1.CounterModuloTest" time="0.0"/>
  <testcase name="multi threaded decrement counter[Modulo: 325]" classname="serie2.ex1.CounterModuloTest" time="0.014"/>
  <testcase name="multi threaded increment counter[Modulo: 326]" classname="serie2.ex1.CounterModuloTest" time="0.015"/>
  <testcase name="single threaded increment and decrement counter[Modulo: 326]" classname="serie2.ex1.CounterModuloTest" time="0.001"/>
  <testcase name="single threaded decrement at 0 gives module - 1[Modulo: 326]" classname="serie2.ex1.CounterModuloTest" time="0.0"/>
  <testcase name="single threaded increment at module - 1 gives 0[Modulo: 326]" classname="serie2.ex1.CounterModuloTest" time="0.0"/>
  <testcase name="multi threaded decrement counter[Modulo: 326]" classname="serie2.ex1.CounterModuloTest" time="0.013"/>
  <testcase name="multi threaded increment counter[Modulo: 327]" classname="serie2.ex1.CounterModuloTest" time="0.015"/>
  <testcase name="single threaded increment and decrement counter[Modulo: 327]" classname="serie2.ex1.CounterModuloTest" time="0.0"/>
  <testcase name="single threaded decrement at 0 gives module - 1[Modulo: 327]" classname="serie2.ex1.CounterModuloTest" time="0.0"/>
  <testcase name="single threaded increment at module - 1 gives 0[Modulo: 327]" classname="serie2.ex1.CounterModuloTest" time="0.0"/>
  <testcase name="multi threaded decrement counter[Modulo: 327]" classname="serie2.ex1.CounterModuloTest" time="0.013"/>
  <testcase name="multi threaded increment counter[Modulo: 328]" classname="serie2.ex1.CounterModuloTest" time="0.013"/>
  <testcase name="single threaded increment and decrement counter[Modulo: 328]" classname="serie2.ex1.CounterModuloTest" time="0.001"/>
  <testcase name="single threaded decrement at 0 gives module - 1[Modulo: 328]" classname="serie2.ex1.CounterModuloTest" time="0.0"/>
  <testcase name="single threaded increment at module - 1 gives 0[Modulo: 328]" classname="serie2.ex1.CounterModuloTest" time="0.0"/>
  <testcase name="multi threaded decrement counter[Modulo: 328]" classname="serie2.ex1.CounterModuloTest" time="0.013"/>
  <testcase name="multi threaded increment counter[Modulo: 329]" classname="serie2.ex1.CounterModuloTest" time="0.013"/>
  <testcase name="single threaded increment and decrement counter[Modulo: 329]" classname="serie2.ex1.CounterModuloTest" time="0.001"/>
  <testcase name="single threaded decrement at 0 gives module - 1[Modulo: 329]" classname="serie2.ex1.CounterModuloTest" time="0.0"/>
  <testcase name="single threaded increment at module - 1 gives 0[Modulo: 329]" classname="serie2.ex1.CounterModuloTest" time="0.0"/>
  <testcase name="multi threaded decrement counter[Modulo: 329]" classname="serie2.ex1.CounterModuloTest" time="0.015"/>
  <testcase name="multi threaded increment counter[Modulo: 330]" classname="serie2.ex1.CounterModuloTest" time="0.013"/>
  <testcase name="single threaded increment and decrement counter[Modulo: 330]" classname="serie2.ex1.CounterModuloTest" time="0.001"/>
  <testcase name="single threaded decrement at 0 gives module - 1[Modulo: 330]" classname="serie2.ex1.CounterModuloTest" time="0.0"/>
  <testcase name="single threaded increment at module - 1 gives 0[Modulo: 330]" classname="serie2.ex1.CounterModuloTest" time="0.0"/>
  <testcase name="multi threaded decrement counter[Modulo: 330]" classname="serie2.ex1.CounterModuloTest" time="0.019"/>
  <testcase name="multi threaded increment counter[Modulo: 331]" classname="serie2.ex1.CounterModuloTest" time="0.016"/>
  <testcase name="single threaded increment and decrement counter[Modulo: 331]" classname="serie2.ex1.CounterModuloTest" time="0.001"/>
  <testcase name="single threaded decrement at 0 gives module - 1[Modulo: 331]" classname="serie2.ex1.CounterModuloTest" time="0.0"/>
  <testcase name="single threaded increment at module - 1 gives 0[Modulo: 331]" classname="serie2.ex1.CounterModuloTest" time="0.0"/>
  <testcase name="multi threaded decrement counter[Modulo: 331]" classname="serie2.ex1.CounterModuloTest" time="0.022"/>
  <testcase name="multi threaded increment counter[Modulo: 332]" classname="serie2.ex1.CounterModuloTest" time="0.046"/>
  <testcase name="single threaded increment and decrement counter[Modulo: 332]" classname="serie2.ex1.CounterModuloTest" time="0.001"/>
  <testcase name="single threaded decrement at 0 gives module - 1[Modulo: 332]" classname="serie2.ex1.CounterModuloTest" time="0.0"/>
  <testcase name="single threaded increment at module - 1 gives 0[Modulo: 332]" classname="serie2.ex1.CounterModuloTest" time="0.0"/>
  <testcase name="multi threaded decrement counter[Modulo: 332]" classname="serie2.ex1.CounterModuloTest" time="0.013"/>
  <testcase name="multi threaded increment counter[Modulo: 333]" classname="serie2.ex1.CounterModuloTest" time="0.013"/>
  <testcase name="single threaded increment and decrement counter[Modulo: 333]" classname="serie2.ex1.CounterModuloTest" time="0.001"/>
  <testcase name="single threaded decrement at 0 gives module - 1[Modulo: 333]" classname="serie2.ex1.CounterModuloTest" time="0.0"/>
  <testcase name="single threaded increment at module - 1 gives 0[Modulo: 333]" classname="serie2.ex1.CounterModuloTest" time="0.0"/>
  <testcase name="multi threaded decrement counter[Modulo: 333]" classname="serie2.ex1.CounterModuloTest" time="0.014"/>
  <testcase name="multi threaded increment counter[Modulo: 334]" classname="serie2.ex1.CounterModuloTest" time="0.017"/>
  <testcase name="single threaded increment and decrement counter[Modulo: 334]" classname="serie2.ex1.CounterModuloTest" time="0.0"/>
  <testcase name="single threaded decrement at 0 gives module - 1[Modulo: 334]" classname="serie2.ex1.CounterModuloTest" time="0.0"/>
  <testcase name="single threaded increment at module - 1 gives 0[Modulo: 334]" classname="serie2.ex1.CounterModuloTest" time="0.0"/>
  <testcase name="multi threaded decrement counter[Modulo: 334]" classname="serie2.ex1.CounterModuloTest" time="0.016"/>
  <testcase name="multi threaded increment counter[Modulo: 335]" classname="serie2.ex1.CounterModuloTest" time="0.016"/>
  <testcase name="single threaded increment and decrement counter[Modulo: 335]" classname="serie2.ex1.CounterModuloTest" time="0.001"/>
  <testcase name="single threaded decrement at 0 gives module - 1[Modulo: 335]" classname="serie2.ex1.CounterModuloTest" time="0.0"/>
  <testcase name="single threaded increment at module - 1 gives 0[Modulo: 335]" classname="serie2.ex1.CounterModuloTest" time="0.0"/>
  <testcase name="multi threaded decrement counter[Modulo: 335]" classname="serie2.ex1.CounterModuloTest" time="0.015"/>
  <testcase name="multi threaded increment counter[Modulo: 336]" classname="serie2.ex1.CounterModuloTest" time="0.014"/>
  <testcase name="single threaded increment and decrement counter[Modulo: 336]" classname="serie2.ex1.CounterModuloTest" time="0.001"/>
  <testcase name="single threaded decrement at 0 gives module - 1[Modulo: 336]" classname="serie2.ex1.CounterModuloTest" time="0.0"/>
  <testcase name="single threaded increment at module - 1 gives 0[Modulo: 336]" classname="serie2.ex1.CounterModuloTest" time="0.0"/>
  <testcase name="multi threaded decrement counter[Modulo: 336]" classname="serie2.ex1.CounterModuloTest" time="0.013"/>
  <testcase name="multi threaded increment counter[Modulo: 337]" classname="serie2.ex1.CounterModuloTest" time="0.014"/>
  <testcase name="single threaded increment and decrement counter[Modulo: 337]" classname="serie2.ex1.CounterModuloTest" time="0.0"/>
  <testcase name="single threaded decrement at 0 gives module - 1[Modulo: 337]" classname="serie2.ex1.CounterModuloTest" time="0.0"/>
  <testcase name="single threaded increment at module - 1 gives 0[Modulo: 337]" classname="serie2.ex1.CounterModuloTest" time="0.0"/>
  <testcase name="multi threaded decrement counter[Modulo: 337]" classname="serie2.ex1.CounterModuloTest" time="0.012"/>
  <testcase name="multi threaded increment counter[Modulo: 338]" classname="serie2.ex1.CounterModuloTest" time="0.013"/>
  <testcase name="single threaded increment and decrement counter[Modulo: 338]" classname="serie2.ex1.CounterModuloTest" time="0.001"/>
  <testcase name="single threaded decrement at 0 gives module - 1[Modulo: 338]" classname="serie2.ex1.CounterModuloTest" time="0.0"/>
  <testcase name="single threaded increment at module - 1 gives 0[Modulo: 338]" classname="serie2.ex1.CounterModuloTest" time="0.0"/>
  <testcase name="multi threaded decrement counter[Modulo: 338]" classname="serie2.ex1.CounterModuloTest" time="0.01"/>
  <testcase name="multi threaded increment counter[Modulo: 339]" classname="serie2.ex1.CounterModuloTest" time="0.013"/>
  <testcase name="single threaded increment and decrement counter[Modulo: 339]" classname="serie2.ex1.CounterModuloTest" time="0.001"/>
  <testcase name="single threaded decrement at 0 gives module - 1[Modulo: 339]" classname="serie2.ex1.CounterModuloTest" time="0.0"/>
  <testcase name="single threaded increment at module - 1 gives 0[Modulo: 339]" classname="serie2.ex1.CounterModuloTest" time="0.0"/>
  <testcase name="multi threaded decrement counter[Modulo: 339]" classname="serie2.ex1.CounterModuloTest" time="0.015"/>
  <testcase name="multi threaded increment counter[Modulo: 340]" classname="serie2.ex1.CounterModuloTest" time="0.014"/>
  <testcase name="single threaded increment and decrement counter[Modulo: 340]" classname="serie2.ex1.CounterModuloTest" time="0.001"/>
  <testcase name="single threaded decrement at 0 gives module - 1[Modulo: 340]" classname="serie2.ex1.CounterModuloTest" time="0.0"/>
  <testcase name="single threaded increment at module - 1 gives 0[Modulo: 340]" classname="serie2.ex1.CounterModuloTest" time="0.0"/>
  <testcase name="multi threaded decrement counter[Modulo: 340]" classname="serie2.ex1.CounterModuloTest" time="0.015"/>
  <testcase name="multi threaded increment counter[Modulo: 341]" classname="serie2.ex1.CounterModuloTest" time="0.015"/>
  <testcase name="single threaded increment and decrement counter[Modulo: 341]" classname="serie2.ex1.CounterModuloTest" time="0.001"/>
  <testcase name="single threaded decrement at 0 gives module - 1[Modulo: 341]" classname="serie2.ex1.CounterModuloTest" time="0.0"/>
  <testcase name="single threaded increment at module - 1 gives 0[Modulo: 341]" classname="serie2.ex1.CounterModuloTest" time="0.0"/>
  <testcase name="multi threaded decrement counter[Modulo: 341]" classname="serie2.ex1.CounterModuloTest" time="0.015"/>
  <testcase name="multi threaded increment counter[Modulo: 342]" classname="serie2.ex1.CounterModuloTest" time="0.015"/>
  <testcase name="single threaded increment and decrement counter[Modulo: 342]" classname="serie2.ex1.CounterModuloTest" time="0.0"/>
  <testcase name="single threaded decrement at 0 gives module - 1[Modulo: 342]" classname="serie2.ex1.CounterModuloTest" time="0.0"/>
  <testcase name="single threaded increment at module - 1 gives 0[Modulo: 342]" classname="serie2.ex1.CounterModuloTest" time="0.0"/>
  <testcase name="multi threaded decrement counter[Modulo: 342]" classname="serie2.ex1.CounterModuloTest" time="0.014"/>
  <testcase name="multi threaded increment counter[Modulo: 343]" classname="serie2.ex1.CounterModuloTest" time="0.013"/>
  <testcase name="single threaded increment and decrement counter[Modulo: 343]" classname="serie2.ex1.CounterModuloTest" time="0.001"/>
  <testcase name="single threaded decrement at 0 gives module - 1[Modulo: 343]" classname="serie2.ex1.CounterModuloTest" time="0.0"/>
  <testcase name="single threaded increment at module - 1 gives 0[Modulo: 343]" classname="serie2.ex1.CounterModuloTest" time="0.0"/>
  <testcase name="multi threaded decrement counter[Modulo: 343]" classname="serie2.ex1.CounterModuloTest" time="0.013"/>
  <testcase name="multi threaded increment counter[Modulo: 344]" classname="serie2.ex1.CounterModuloTest" time="0.016"/>
  <testcase name="single threaded increment and decrement counter[Modulo: 344]" classname="serie2.ex1.CounterModuloTest" time="0.0"/>
  <testcase name="single threaded decrement at 0 gives module - 1[Modulo: 344]" classname="serie2.ex1.CounterModuloTest" time="0.0"/>
  <testcase name="single threaded increment at module - 1 gives 0[Modulo: 344]" classname="serie2.ex1.CounterModuloTest" time="0.0"/>
  <testcase name="multi threaded decrement counter[Modulo: 344]" classname="serie2.ex1.CounterModuloTest" time="0.014"/>
  <testcase name="multi threaded increment counter[Modulo: 345]" classname="serie2.ex1.CounterModuloTest" time="0.013"/>
  <testcase name="single threaded increment and decrement counter[Modulo: 345]" classname="serie2.ex1.CounterModuloTest" time="0.0"/>
  <testcase name="single threaded decrement at 0 gives module - 1[Modulo: 345]" classname="serie2.ex1.CounterModuloTest" time="0.0"/>
  <testcase name="single threaded increment at module - 1 gives 0[Modulo: 345]" classname="serie2.ex1.CounterModuloTest" time="0.0"/>
  <testcase name="multi threaded decrement counter[Modulo: 345]" classname="serie2.ex1.CounterModuloTest" time="0.011"/>
  <testcase name="multi threaded increment counter[Modulo: 346]" classname="serie2.ex1.CounterModuloTest" time="0.011"/>
  <testcase name="single threaded increment and decrement counter[Modulo: 346]" classname="serie2.ex1.CounterModuloTest" time="0.0"/>
  <testcase name="single threaded decrement at 0 gives module - 1[Modulo: 346]" classname="serie2.ex1.CounterModuloTest" time="0.0"/>
  <testcase name="single threaded increment at module - 1 gives 0[Modulo: 346]" classname="serie2.ex1.CounterModuloTest" time="0.0"/>
  <testcase name="multi threaded decrement counter[Modulo: 346]" classname="serie2.ex1.CounterModuloTest" time="0.011"/>
  <testcase name="multi threaded increment counter[Modulo: 347]" classname="serie2.ex1.CounterModuloTest" time="0.012"/>
  <testcase name="single threaded increment and decrement counter[Modulo: 347]" classname="serie2.ex1.CounterModuloTest" time="0.001"/>
  <testcase name="single threaded decrement at 0 gives module - 1[Modulo: 347]" classname="serie2.ex1.CounterModuloTest" time="0.0"/>
  <testcase name="single threaded increment at module - 1 gives 0[Modulo: 347]" classname="serie2.ex1.CounterModuloTest" time="0.0"/>
  <testcase name="multi threaded decrement counter[Modulo: 347]" classname="serie2.ex1.CounterModuloTest" time="0.012"/>
  <testcase name="multi threaded increment counter[Modulo: 348]" classname="serie2.ex1.CounterModuloTest" time="0.012"/>
  <testcase name="single threaded increment and decrement counter[Modulo: 348]" classname="serie2.ex1.CounterModuloTest" time="0.001"/>
  <testcase name="single threaded decrement at 0 gives module - 1[Modulo: 348]" classname="serie2.ex1.CounterModuloTest" time="0.0"/>
  <testcase name="single threaded increment at module - 1 gives 0[Modulo: 348]" classname="serie2.ex1.CounterModuloTest" time="0.0"/>
  <testcase name="multi threaded decrement counter[Modulo: 348]" classname="serie2.ex1.CounterModuloTest" time="0.011"/>
  <testcase name="multi threaded increment counter[Modulo: 349]" classname="serie2.ex1.CounterModuloTest" time="0.01"/>
  <testcase name="single threaded increment and decrement counter[Modulo: 349]" classname="serie2.ex1.CounterModuloTest" time="0.001"/>
  <testcase name="single threaded decrement at 0 gives module - 1[Modulo: 349]" classname="serie2.ex1.CounterModuloTest" time="0.0"/>
  <testcase name="single threaded increment at module - 1 gives 0[Modulo: 349]" classname="serie2.ex1.CounterModuloTest" time="0.0"/>
  <testcase name="multi threaded decrement counter[Modulo: 349]" classname="serie2.ex1.CounterModuloTest" time="0.011"/>
  <testcase name="multi threaded increment counter[Modulo: 350]" classname="serie2.ex1.CounterModuloTest" time="0.012"/>
  <testcase name="single threaded increment and decrement counter[Modulo: 350]" classname="serie2.ex1.CounterModuloTest" time="0.0"/>
  <testcase name="single threaded decrement at 0 gives module - 1[Modulo: 350]" classname="serie2.ex1.CounterModuloTest" time="0.0"/>
  <testcase name="single threaded increment at module - 1 gives 0[Modulo: 350]" classname="serie2.ex1.CounterModuloTest" time="0.0"/>
  <testcase name="multi threaded decrement counter[Modulo: 350]" classname="serie2.ex1.CounterModuloTest" time="0.012"/>
  <testcase name="multi threaded increment counter[Modulo: 351]" classname="serie2.ex1.CounterModuloTest" time="0.012"/>
  <testcase name="single threaded increment and decrement counter[Modulo: 351]" classname="serie2.ex1.CounterModuloTest" time="0.0"/>
  <testcase name="single threaded decrement at 0 gives module - 1[Modulo: 351]" classname="serie2.ex1.CounterModuloTest" time="0.0"/>
  <testcase name="single threaded increment at module - 1 gives 0[Modulo: 351]" classname="serie2.ex1.CounterModuloTest" time="0.0"/>
  <testcase name="multi threaded decrement counter[Modulo: 351]" classname="serie2.ex1.CounterModuloTest" time="0.018"/>
  <testcase name="multi threaded increment counter[Modulo: 352]" classname="serie2.ex1.CounterModuloTest" time="0.013"/>
  <testcase name="single threaded increment and decrement counter[Modulo: 352]" classname="serie2.ex1.CounterModuloTest" time="0.0"/>
  <testcase name="single threaded decrement at 0 gives module - 1[Modulo: 352]" classname="serie2.ex1.CounterModuloTest" time="0.0"/>
  <testcase name="single threaded increment at module - 1 gives 0[Modulo: 352]" classname="serie2.ex1.CounterModuloTest" time="0.0"/>
  <testcase name="multi threaded decrement counter[Modulo: 352]" classname="serie2.ex1.CounterModuloTest" time="0.012"/>
  <testcase name="multi threaded increment counter[Modulo: 353]" classname="serie2.ex1.CounterModuloTest" time="0.013"/>
  <testcase name="single threaded increment and decrement counter[Modulo: 353]" classname="serie2.ex1.CounterModuloTest" time="0.0"/>
  <testcase name="single threaded decrement at 0 gives module - 1[Modulo: 353]" classname="serie2.ex1.CounterModuloTest" time="0.0"/>
  <testcase name="single threaded increment at module - 1 gives 0[Modulo: 353]" classname="serie2.ex1.CounterModuloTest" time="0.0"/>
  <testcase name="multi threaded decrement counter[Modulo: 353]" classname="serie2.ex1.CounterModuloTest" time="0.011"/>
  <testcase name="multi threaded increment counter[Modulo: 354]" classname="serie2.ex1.CounterModuloTest" time="0.012"/>
  <testcase name="single threaded increment and decrement counter[Modulo: 354]" classname="serie2.ex1.CounterModuloTest" time="0.0"/>
  <testcase name="single threaded decrement at 0 gives module - 1[Modulo: 354]" classname="serie2.ex1.CounterModuloTest" time="0.0"/>
  <testcase name="single threaded increment at module - 1 gives 0[Modulo: 354]" classname="serie2.ex1.CounterModuloTest" time="0.0"/>
  <testcase name="multi threaded decrement counter[Modulo: 354]" classname="serie2.ex1.CounterModuloTest" time="0.012"/>
  <testcase name="multi threaded increment counter[Modulo: 355]" classname="serie2.ex1.CounterModuloTest" time="0.012"/>
  <testcase name="single threaded increment and decrement counter[Modulo: 355]" classname="serie2.ex1.CounterModuloTest" time="0.001"/>
  <testcase name="single threaded decrement at 0 gives module - 1[Modulo: 355]" classname="serie2.ex1.CounterModuloTest" time="0.0"/>
  <testcase name="single threaded increment at module - 1 gives 0[Modulo: 355]" classname="serie2.ex1.CounterModuloTest" time="0.0"/>
  <testcase name="multi threaded decrement counter[Modulo: 355]" classname="serie2.ex1.CounterModuloTest" time="0.012"/>
  <testcase name="multi threaded increment counter[Modulo: 356]" classname="serie2.ex1.CounterModuloTest" time="0.011"/>
  <testcase name="single threaded increment and decrement counter[Modulo: 356]" classname="serie2.ex1.CounterModuloTest" time="0.0"/>
  <testcase name="single threaded decrement at 0 gives module - 1[Modulo: 356]" classname="serie2.ex1.CounterModuloTest" time="0.001"/>
  <testcase name="single threaded increment at module - 1 gives 0[Modulo: 356]" classname="serie2.ex1.CounterModuloTest" time="0.0"/>
  <testcase name="multi threaded decrement counter[Modulo: 356]" classname="serie2.ex1.CounterModuloTest" time="0.01"/>
  <testcase name="multi threaded increment counter[Modulo: 357]" classname="serie2.ex1.CounterModuloTest" time="0.013"/>
  <testcase name="single threaded increment and decrement counter[Modulo: 357]" classname="serie2.ex1.CounterModuloTest" time="0.0"/>
  <testcase name="single threaded decrement at 0 gives module - 1[Modulo: 357]" classname="serie2.ex1.CounterModuloTest" time="0.0"/>
  <testcase name="single threaded increment at module - 1 gives 0[Modulo: 357]" classname="serie2.ex1.CounterModuloTest" time="0.0"/>
  <testcase name="multi threaded decrement counter[Modulo: 357]" classname="serie2.ex1.CounterModuloTest" time="0.012"/>
  <testcase name="multi threaded increment counter[Modulo: 358]" classname="serie2.ex1.CounterModuloTest" time="0.012"/>
  <testcase name="single threaded increment and decrement counter[Modulo: 358]" classname="serie2.ex1.CounterModuloTest" time="0.0"/>
  <testcase name="single threaded decrement at 0 gives module - 1[Modulo: 358]" classname="serie2.ex1.CounterModuloTest" time="0.0"/>
  <testcase name="single threaded increment at module - 1 gives 0[Modulo: 358]" classname="serie2.ex1.CounterModuloTest" time="0.0"/>
  <testcase name="multi threaded decrement counter[Modulo: 358]" classname="serie2.ex1.CounterModuloTest" time="0.012"/>
  <testcase name="multi threaded increment counter[Modulo: 359]" classname="serie2.ex1.CounterModuloTest" time="0.012"/>
  <testcase name="single threaded increment and decrement counter[Modulo: 359]" classname="serie2.ex1.CounterModuloTest" time="0.001"/>
  <testcase name="single threaded decrement at 0 gives module - 1[Modulo: 359]" classname="serie2.ex1.CounterModuloTest" time="0.0"/>
  <testcase name="single threaded increment at module - 1 gives 0[Modulo: 359]" classname="serie2.ex1.CounterModuloTest" time="0.0"/>
  <testcase name="multi threaded decrement counter[Modulo: 359]" classname="serie2.ex1.CounterModuloTest" time="0.012"/>
  <testcase name="multi threaded increment counter[Modulo: 360]" classname="serie2.ex1.CounterModuloTest" time="0.012"/>
  <testcase name="single threaded increment and decrement counter[Modulo: 360]" classname="serie2.ex1.CounterModuloTest" time="0.0"/>
  <testcase name="single threaded decrement at 0 gives module - 1[Modulo: 360]" classname="serie2.ex1.CounterModuloTest" time="0.0"/>
  <testcase name="single threaded increment at module - 1 gives 0[Modulo: 360]" classname="serie2.ex1.CounterModuloTest" time="0.0"/>
  <testcase name="multi threaded decrement counter[Modulo: 360]" classname="serie2.ex1.CounterModuloTest" time="0.012"/>
  <testcase name="multi threaded increment counter[Modulo: 361]" classname="serie2.ex1.CounterModuloTest" time="0.012"/>
  <testcase name="single threaded increment and decrement counter[Modulo: 361]" classname="serie2.ex1.CounterModuloTest" time="0.001"/>
  <testcase name="single threaded decrement at 0 gives module - 1[Modulo: 361]" classname="serie2.ex1.CounterModuloTest" time="0.0"/>
  <testcase name="single threaded increment at module - 1 gives 0[Modulo: 361]" classname="serie2.ex1.CounterModuloTest" time="0.0"/>
  <testcase name="multi threaded decrement counter[Modulo: 361]" classname="serie2.ex1.CounterModuloTest" time="0.012"/>
  <testcase name="multi threaded increment counter[Modulo: 362]" classname="serie2.ex1.CounterModuloTest" time="0.013"/>
  <testcase name="single threaded increment and decrement counter[Modulo: 362]" classname="serie2.ex1.CounterModuloTest" time="0.0"/>
  <testcase name="single threaded decrement at 0 gives module - 1[Modulo: 362]" classname="serie2.ex1.CounterModuloTest" time="0.0"/>
  <testcase name="single threaded increment at module - 1 gives 0[Modulo: 362]" classname="serie2.ex1.CounterModuloTest" time="0.0"/>
  <testcase name="multi threaded decrement counter[Modulo: 362]" classname="serie2.ex1.CounterModuloTest" time="0.012"/>
  <testcase name="multi threaded increment counter[Modulo: 363]" classname="serie2.ex1.CounterModuloTest" time="0.012"/>
  <testcase name="single threaded increment and decrement counter[Modulo: 363]" classname="serie2.ex1.CounterModuloTest" time="0.0"/>
  <testcase name="single threaded decrement at 0 gives module - 1[Modulo: 363]" classname="serie2.ex1.CounterModuloTest" time="0.0"/>
  <testcase name="single threaded increment at module - 1 gives 0[Modulo: 363]" classname="serie2.ex1.CounterModuloTest" time="0.0"/>
  <testcase name="multi threaded decrement counter[Modulo: 363]" classname="serie2.ex1.CounterModuloTest" time="0.011"/>
  <testcase name="multi threaded increment counter[Modulo: 364]" classname="serie2.ex1.CounterModuloTest" time="0.011"/>
  <testcase name="single threaded increment and decrement counter[Modulo: 364]" classname="serie2.ex1.CounterModuloTest" time="0.0"/>
  <testcase name="single threaded decrement at 0 gives module - 1[Modulo: 364]" classname="serie2.ex1.CounterModuloTest" time="0.0"/>
  <testcase name="single threaded increment at module - 1 gives 0[Modulo: 364]" classname="serie2.ex1.CounterModuloTest" time="0.0"/>
  <testcase name="multi threaded decrement counter[Modulo: 364]" classname="serie2.ex1.CounterModuloTest" time="0.012"/>
  <testcase name="multi threaded increment counter[Modulo: 365]" classname="serie2.ex1.CounterModuloTest" time="0.012"/>
  <testcase name="single threaded increment and decrement counter[Modulo: 365]" classname="serie2.ex1.CounterModuloTest" time="0.0"/>
  <testcase name="single threaded decrement at 0 gives module - 1[Modulo: 365]" classname="serie2.ex1.CounterModuloTest" time="0.0"/>
  <testcase name="single threaded increment at module - 1 gives 0[Modulo: 365]" classname="serie2.ex1.CounterModuloTest" time="0.0"/>
  <testcase name="multi threaded decrement counter[Modulo: 365]" classname="serie2.ex1.CounterModuloTest" time="0.012"/>
  <testcase name="multi threaded increment counter[Modulo: 366]" classname="serie2.ex1.CounterModuloTest" time="0.012"/>
  <testcase name="single threaded increment and decrement counter[Modulo: 366]" classname="serie2.ex1.CounterModuloTest" time="0.0"/>
  <testcase name="single threaded decrement at 0 gives module - 1[Modulo: 366]" classname="serie2.ex1.CounterModuloTest" time="0.0"/>
  <testcase name="single threaded increment at module - 1 gives 0[Modulo: 366]" classname="serie2.ex1.CounterModuloTest" time="0.0"/>
  <testcase name="multi threaded decrement counter[Modulo: 366]" classname="serie2.ex1.CounterModuloTest" time="0.012"/>
  <testcase name="multi threaded increment counter[Modulo: 367]" classname="serie2.ex1.CounterModuloTest" time="0.011"/>
  <testcase name="single threaded increment and decrement counter[Modulo: 367]" classname="serie2.ex1.CounterModuloTest" time="0.0"/>
  <testcase name="single threaded decrement at 0 gives module - 1[Modulo: 367]" classname="serie2.ex1.CounterModuloTest" time="0.0"/>
  <testcase name="single threaded increment at module - 1 gives 0[Modulo: 367]" classname="serie2.ex1.CounterModuloTest" time="0.0"/>
  <testcase name="multi threaded decrement counter[Modulo: 367]" classname="serie2.ex1.CounterModuloTest" time="0.013"/>
  <testcase name="multi threaded increment counter[Modulo: 368]" classname="serie2.ex1.CounterModuloTest" time="0.012"/>
  <testcase name="single threaded increment and decrement counter[Modulo: 368]" classname="serie2.ex1.CounterModuloTest" time="0.0"/>
  <testcase name="single threaded decrement at 0 gives module - 1[Modulo: 368]" classname="serie2.ex1.CounterModuloTest" time="0.0"/>
  <testcase name="single threaded increment at module - 1 gives 0[Modulo: 368]" classname="serie2.ex1.CounterModuloTest" time="0.0"/>
  <testcase name="multi threaded decrement counter[Modulo: 368]" classname="serie2.ex1.CounterModuloTest" time="0.012"/>
  <testcase name="multi threaded increment counter[Modulo: 369]" classname="serie2.ex1.CounterModuloTest" time="0.012"/>
  <testcase name="single threaded increment and decrement counter[Modulo: 369]" classname="serie2.ex1.CounterModuloTest" time="0.0"/>
  <testcase name="single threaded decrement at 0 gives module - 1[Modulo: 369]" classname="serie2.ex1.CounterModuloTest" time="0.0"/>
  <testcase name="single threaded increment at module - 1 gives 0[Modulo: 369]" classname="serie2.ex1.CounterModuloTest" time="0.0"/>
  <testcase name="multi threaded decrement counter[Modulo: 369]" classname="serie2.ex1.CounterModuloTest" time="0.012"/>
  <testcase name="multi threaded increment counter[Modulo: 370]" classname="serie2.ex1.CounterModuloTest" time="0.011"/>
  <testcase name="single threaded increment and decrement counter[Modulo: 370]" classname="serie2.ex1.CounterModuloTest" time="0.001"/>
  <testcase name="single threaded decrement at 0 gives module - 1[Modulo: 370]" classname="serie2.ex1.CounterModuloTest" time="0.0"/>
  <testcase name="single threaded increment at module - 1 gives 0[Modulo: 370]" classname="serie2.ex1.CounterModuloTest" time="0.0"/>
  <testcase name="multi threaded decrement counter[Modulo: 370]" classname="serie2.ex1.CounterModuloTest" time="0.012"/>
  <testcase name="multi threaded increment counter[Modulo: 371]" classname="serie2.ex1.CounterModuloTest" time="0.013"/>
  <testcase name="single threaded increment and decrement counter[Modulo: 371]" classname="serie2.ex1.CounterModuloTest" time="0.0"/>
  <testcase name="single threaded decrement at 0 gives module - 1[Modulo: 371]" classname="serie2.ex1.CounterModuloTest" time="0.0"/>
  <testcase name="single threaded increment at module - 1 gives 0[Modulo: 371]" classname="serie2.ex1.CounterModuloTest" time="0.0"/>
  <testcase name="multi threaded decrement counter[Modulo: 371]" classname="serie2.ex1.CounterModuloTest" time="0.013"/>
  <testcase name="multi threaded increment counter[Modulo: 372]" classname="serie2.ex1.CounterModuloTest" time="0.01"/>
  <testcase name="single threaded increment and decrement counter[Modulo: 372]" classname="serie2.ex1.CounterModuloTest" time="0.0"/>
  <testcase name="single threaded decrement at 0 gives module - 1[Modulo: 372]" classname="serie2.ex1.CounterModuloTest" time="0.0"/>
  <testcase name="single threaded increment at module - 1 gives 0[Modulo: 372]" classname="serie2.ex1.CounterModuloTest" time="0.0"/>
  <testcase name="multi threaded decrement counter[Modulo: 372]" classname="serie2.ex1.CounterModuloTest" time="0.009"/>
  <testcase name="multi threaded increment counter[Modulo: 373]" classname="serie2.ex1.CounterModuloTest" time="0.011"/>
  <testcase name="single threaded increment and decrement counter[Modulo: 373]" classname="serie2.ex1.CounterModuloTest" time="0.001"/>
  <testcase name="single threaded decrement at 0 gives module - 1[Modulo: 373]" classname="serie2.ex1.CounterModuloTest" time="0.0"/>
  <testcase name="single threaded increment at module - 1 gives 0[Modulo: 373]" classname="serie2.ex1.CounterModuloTest" time="0.0"/>
  <testcase name="multi threaded decrement counter[Modulo: 373]" classname="serie2.ex1.CounterModuloTest" time="0.011"/>
  <testcase name="multi threaded increment counter[Modulo: 374]" classname="serie2.ex1.CounterModuloTest" time="0.012"/>
  <testcase name="single threaded increment and decrement counter[Modulo: 374]" classname="serie2.ex1.CounterModuloTest" time="0.001"/>
  <testcase name="single threaded decrement at 0 gives module - 1[Modulo: 374]" classname="serie2.ex1.CounterModuloTest" time="0.0"/>
  <testcase name="single threaded increment at module - 1 gives 0[Modulo: 374]" classname="serie2.ex1.CounterModuloTest" time="0.0"/>
  <testcase name="multi threaded decrement counter[Modulo: 374]" classname="serie2.ex1.CounterModuloTest" time="0.011"/>
  <testcase name="multi threaded increment counter[Modulo: 375]" classname="serie2.ex1.CounterModuloTest" time="0.011"/>
  <testcase name="single threaded increment and decrement counter[Modulo: 375]" classname="serie2.ex1.CounterModuloTest" time="0.001"/>
  <testcase name="single threaded decrement at 0 gives module - 1[Modulo: 375]" classname="serie2.ex1.CounterModuloTest" time="0.0"/>
  <testcase name="single threaded increment at module - 1 gives 0[Modulo: 375]" classname="serie2.ex1.CounterModuloTest" time="0.0"/>
  <testcase name="multi threaded decrement counter[Modulo: 375]" classname="serie2.ex1.CounterModuloTest" time="0.012"/>
  <testcase name="multi threaded increment counter[Modulo: 376]" classname="serie2.ex1.CounterModuloTest" time="0.011"/>
  <testcase name="single threaded increment and decrement counter[Modulo: 376]" classname="serie2.ex1.CounterModuloTest" time="0.0"/>
  <testcase name="single threaded decrement at 0 gives module - 1[Modulo: 376]" classname="serie2.ex1.CounterModuloTest" time="0.0"/>
  <testcase name="single threaded increment at module - 1 gives 0[Modulo: 376]" classname="serie2.ex1.CounterModuloTest" time="0.0"/>
  <testcase name="multi threaded decrement counter[Modulo: 376]" classname="serie2.ex1.CounterModuloTest" time="0.01"/>
  <testcase name="multi threaded increment counter[Modulo: 377]" classname="serie2.ex1.CounterModuloTest" time="0.012"/>
  <testcase name="single threaded increment and decrement counter[Modulo: 377]" classname="serie2.ex1.CounterModuloTest" time="0.001"/>
  <testcase name="single threaded decrement at 0 gives module - 1[Modulo: 377]" classname="serie2.ex1.CounterModuloTest" time="0.0"/>
  <testcase name="single threaded increment at module - 1 gives 0[Modulo: 377]" classname="serie2.ex1.CounterModuloTest" time="0.0"/>
  <testcase name="multi threaded decrement counter[Modulo: 377]" classname="serie2.ex1.CounterModuloTest" time="0.011"/>
  <testcase name="multi threaded increment counter[Modulo: 378]" classname="serie2.ex1.CounterModuloTest" time="0.012"/>
  <testcase name="single threaded increment and decrement counter[Modulo: 378]" classname="serie2.ex1.CounterModuloTest" time="0.0"/>
  <testcase name="single threaded decrement at 0 gives module - 1[Modulo: 378]" classname="serie2.ex1.CounterModuloTest" time="0.0"/>
  <testcase name="single threaded increment at module - 1 gives 0[Modulo: 378]" classname="serie2.ex1.CounterModuloTest" time="0.0"/>
  <testcase name="multi threaded decrement counter[Modulo: 378]" classname="serie2.ex1.CounterModuloTest" time="0.012"/>
  <testcase name="multi threaded increment counter[Modulo: 379]" classname="serie2.ex1.CounterModuloTest" time="0.012"/>
  <testcase name="single threaded increment and decrement counter[Modulo: 379]" classname="serie2.ex1.CounterModuloTest" time="0.001"/>
  <testcase name="single threaded decrement at 0 gives module - 1[Modulo: 379]" classname="serie2.ex1.CounterModuloTest" time="0.0"/>
  <testcase name="single threaded increment at module - 1 gives 0[Modulo: 379]" classname="serie2.ex1.CounterModuloTest" time="0.0"/>
  <testcase name="multi threaded decrement counter[Modulo: 379]" classname="serie2.ex1.CounterModuloTest" time="0.011"/>
  <testcase name="multi threaded increment counter[Modulo: 380]" classname="serie2.ex1.CounterModuloTest" time="0.012"/>
  <testcase name="single threaded increment and decrement counter[Modulo: 380]" classname="serie2.ex1.CounterModuloTest" time="0.001"/>
  <testcase name="single threaded decrement at 0 gives module - 1[Modulo: 380]" classname="serie2.ex1.CounterModuloTest" time="0.0"/>
  <testcase name="single threaded increment at module - 1 gives 0[Modulo: 380]" classname="serie2.ex1.CounterModuloTest" time="0.0"/>
  <testcase name="multi threaded decrement counter[Modulo: 380]" classname="serie2.ex1.CounterModuloTest" time="0.011"/>
  <testcase name="multi threaded increment counter[Modulo: 381]" classname="serie2.ex1.CounterModuloTest" time="0.012"/>
  <testcase name="single threaded increment and decrement counter[Modulo: 381]" classname="serie2.ex1.CounterModuloTest" time="0.0"/>
  <testcase name="single threaded decrement at 0 gives module - 1[Modulo: 381]" classname="serie2.ex1.CounterModuloTest" time="0.0"/>
  <testcase name="single threaded increment at module - 1 gives 0[Modulo: 381]" classname="serie2.ex1.CounterModuloTest" time="0.0"/>
  <testcase name="multi threaded decrement counter[Modulo: 381]" classname="serie2.ex1.CounterModuloTest" time="0.017"/>
  <testcase name="multi threaded increment counter[Modulo: 382]" classname="serie2.ex1.CounterModuloTest" time="0.012"/>
  <testcase name="single threaded increment and decrement counter[Modulo: 382]" classname="serie2.ex1.CounterModuloTest" time="0.001"/>
  <testcase name="single threaded decrement at 0 gives module - 1[Modulo: 382]" classname="serie2.ex1.CounterModuloTest" time="0.0"/>
  <testcase name="single threaded increment at module - 1 gives 0[Modulo: 382]" classname="serie2.ex1.CounterModuloTest" time="0.0"/>
  <testcase name="multi threaded decrement counter[Modulo: 382]" classname="serie2.ex1.CounterModuloTest" time="0.014"/>
  <testcase name="multi threaded increment counter[Modulo: 383]" classname="serie2.ex1.CounterModuloTest" time="0.014"/>
  <testcase name="single threaded increment and decrement counter[Modulo: 383]" classname="serie2.ex1.CounterModuloTest" time="0.001"/>
  <testcase name="single threaded decrement at 0 gives module - 1[Modulo: 383]" classname="serie2.ex1.CounterModuloTest" time="0.0"/>
  <testcase name="single threaded increment at module - 1 gives 0[Modulo: 383]" classname="serie2.ex1.CounterModuloTest" time="0.0"/>
  <testcase name="multi threaded decrement counter[Modulo: 383]" classname="serie2.ex1.CounterModuloTest" time="0.012"/>
  <testcase name="multi threaded increment counter[Modulo: 384]" classname="serie2.ex1.CounterModuloTest" time="0.014"/>
  <testcase name="single threaded increment and decrement counter[Modulo: 384]" classname="serie2.ex1.CounterModuloTest" time="0.0"/>
  <testcase name="single threaded decrement at 0 gives module - 1[Modulo: 384]" classname="serie2.ex1.CounterModuloTest" time="0.0"/>
  <testcase name="single threaded increment at module - 1 gives 0[Modulo: 384]" classname="serie2.ex1.CounterModuloTest" time="0.0"/>
  <testcase name="multi threaded decrement counter[Modulo: 384]" classname="serie2.ex1.CounterModuloTest" time="0.016"/>
  <testcase name="multi threaded increment counter[Modulo: 385]" classname="serie2.ex1.CounterModuloTest" time="0.015"/>
  <testcase name="single threaded increment and decrement counter[Modulo: 385]" classname="serie2.ex1.CounterModuloTest" time="0.0"/>
  <testcase name="single threaded decrement at 0 gives module - 1[Modulo: 385]" classname="serie2.ex1.CounterModuloTest" time="0.0"/>
  <testcase name="single threaded increment at module - 1 gives 0[Modulo: 385]" classname="serie2.ex1.CounterModuloTest" time="0.0"/>
  <testcase name="multi threaded decrement counter[Modulo: 385]" classname="serie2.ex1.CounterModuloTest" time="0.014"/>
  <testcase name="multi threaded increment counter[Modulo: 386]" classname="serie2.ex1.CounterModuloTest" time="0.012"/>
  <testcase name="single threaded increment and decrement counter[Modulo: 386]" classname="serie2.ex1.CounterModuloTest" time="0.0"/>
  <testcase name="single threaded decrement at 0 gives module - 1[Modulo: 386]" classname="serie2.ex1.CounterModuloTest" time="0.0"/>
  <testcase name="single threaded increment at module - 1 gives 0[Modulo: 386]" classname="serie2.ex1.CounterModuloTest" time="0.0"/>
  <testcase name="multi threaded decrement counter[Modulo: 386]" classname="serie2.ex1.CounterModuloTest" time="0.014"/>
  <testcase name="multi threaded increment counter[Modulo: 387]" classname="serie2.ex1.CounterModuloTest" time="0.014"/>
  <testcase name="single threaded increment and decrement counter[Modulo: 387]" classname="serie2.ex1.CounterModuloTest" time="0.0"/>
  <testcase name="single threaded decrement at 0 gives module - 1[Modulo: 387]" classname="serie2.ex1.CounterModuloTest" time="0.0"/>
  <testcase name="single threaded increment at module - 1 gives 0[Modulo: 387]" classname="serie2.ex1.CounterModuloTest" time="0.001"/>
  <testcase name="multi threaded decrement counter[Modulo: 387]" classname="serie2.ex1.CounterModuloTest" time="0.014"/>
  <testcase name="multi threaded increment counter[Modulo: 388]" classname="serie2.ex1.CounterModuloTest" time="0.013"/>
  <testcase name="single threaded increment and decrement counter[Modulo: 388]" classname="serie2.ex1.CounterModuloTest" time="0.001"/>
  <testcase name="single threaded decrement at 0 gives module - 1[Modulo: 388]" classname="serie2.ex1.CounterModuloTest" time="0.0"/>
  <testcase name="single threaded increment at module - 1 gives 0[Modulo: 388]" classname="serie2.ex1.CounterModuloTest" time="0.0"/>
  <testcase name="multi threaded decrement counter[Modulo: 388]" classname="serie2.ex1.CounterModuloTest" time="0.013"/>
  <testcase name="multi threaded increment counter[Modulo: 389]" classname="serie2.ex1.CounterModuloTest" time="0.013"/>
  <testcase name="single threaded increment and decrement counter[Modulo: 389]" classname="serie2.ex1.CounterModuloTest" time="0.001"/>
  <testcase name="single threaded decrement at 0 gives module - 1[Modulo: 389]" classname="serie2.ex1.CounterModuloTest" time="0.0"/>
  <testcase name="single threaded increment at module - 1 gives 0[Modulo: 389]" classname="serie2.ex1.CounterModuloTest" time="0.0"/>
  <testcase name="multi threaded decrement counter[Modulo: 389]" classname="serie2.ex1.CounterModuloTest" time="0.011"/>
  <testcase name="multi threaded increment counter[Modulo: 390]" classname="serie2.ex1.CounterModuloTest" time="0.014"/>
  <testcase name="single threaded increment and decrement counter[Modulo: 390]" classname="serie2.ex1.CounterModuloTest" time="0.0"/>
  <testcase name="single threaded decrement at 0 gives module - 1[Modulo: 390]" classname="serie2.ex1.CounterModuloTest" time="0.0"/>
  <testcase name="single threaded increment at module - 1 gives 0[Modulo: 390]" classname="serie2.ex1.CounterModuloTest" time="0.0"/>
  <testcase name="multi threaded decrement counter[Modulo: 390]" classname="serie2.ex1.CounterModuloTest" time="0.012"/>
  <testcase name="multi threaded increment counter[Modulo: 391]" classname="serie2.ex1.CounterModuloTest" time="0.016"/>
  <testcase name="single threaded increment and decrement counter[Modulo: 391]" classname="serie2.ex1.CounterModuloTest" time="0.0"/>
  <testcase name="single threaded decrement at 0 gives module - 1[Modulo: 391]" classname="serie2.ex1.CounterModuloTest" time="0.0"/>
  <testcase name="single threaded increment at module - 1 gives 0[Modulo: 391]" classname="serie2.ex1.CounterModuloTest" time="0.0"/>
  <testcase name="multi threaded decrement counter[Modulo: 391]" classname="serie2.ex1.CounterModuloTest" time="0.014"/>
  <testcase name="multi threaded increment counter[Modulo: 392]" classname="serie2.ex1.CounterModuloTest" time="0.013"/>
  <testcase name="single threaded increment and decrement counter[Modulo: 392]" classname="serie2.ex1.CounterModuloTest" time="0.001"/>
  <testcase name="single threaded decrement at 0 gives module - 1[Modulo: 392]" classname="serie2.ex1.CounterModuloTest" time="0.0"/>
  <testcase name="single threaded increment at module - 1 gives 0[Modulo: 392]" classname="serie2.ex1.CounterModuloTest" time="0.0"/>
  <testcase name="multi threaded decrement counter[Modulo: 392]" classname="serie2.ex1.CounterModuloTest" time="0.012"/>
  <testcase name="multi threaded increment counter[Modulo: 393]" classname="serie2.ex1.CounterModuloTest" time="0.013"/>
  <testcase name="single threaded increment and decrement counter[Modulo: 393]" classname="serie2.ex1.CounterModuloTest" time="0.0"/>
  <testcase name="single threaded decrement at 0 gives module - 1[Modulo: 393]" classname="serie2.ex1.CounterModuloTest" time="0.0"/>
  <testcase name="single threaded increment at module - 1 gives 0[Modulo: 393]" classname="serie2.ex1.CounterModuloTest" time="0.001"/>
  <testcase name="multi threaded decrement counter[Modulo: 393]" classname="serie2.ex1.CounterModuloTest" time="0.014"/>
  <testcase name="multi threaded increment counter[Modulo: 394]" classname="serie2.ex1.CounterModuloTest" time="0.012"/>
  <testcase name="single threaded increment and decrement counter[Modulo: 394]" classname="serie2.ex1.CounterModuloTest" time="0.0"/>
  <testcase name="single threaded decrement at 0 gives module - 1[Modulo: 394]" classname="serie2.ex1.CounterModuloTest" time="0.0"/>
  <testcase name="single threaded increment at module - 1 gives 0[Modulo: 394]" classname="serie2.ex1.CounterModuloTest" time="0.0"/>
  <testcase name="multi threaded decrement counter[Modulo: 394]" classname="serie2.ex1.CounterModuloTest" time="0.013"/>
  <testcase name="multi threaded increment counter[Modulo: 395]" classname="serie2.ex1.CounterModuloTest" time="0.015"/>
  <testcase name="single threaded increment and decrement counter[Modulo: 395]" classname="serie2.ex1.CounterModuloTest" time="0.0"/>
  <testcase name="single threaded decrement at 0 gives module - 1[Modulo: 395]" classname="serie2.ex1.CounterModuloTest" time="0.0"/>
  <testcase name="single threaded increment at module - 1 gives 0[Modulo: 395]" classname="serie2.ex1.CounterModuloTest" time="0.001"/>
  <testcase name="multi threaded decrement counter[Modulo: 395]" classname="serie2.ex1.CounterModuloTest" time="0.014"/>
  <testcase name="multi threaded increment counter[Modulo: 396]" classname="serie2.ex1.CounterModuloTest" time="0.015"/>
  <testcase name="single threaded increment and decrement counter[Modulo: 396]" classname="serie2.ex1.CounterModuloTest" time="0.0"/>
  <testcase name="single threaded decrement at 0 gives module - 1[Modulo: 396]" classname="serie2.ex1.CounterModuloTest" time="0.0"/>
  <testcase name="single threaded increment at module - 1 gives 0[Modulo: 396]" classname="serie2.ex1.CounterModuloTest" time="0.0"/>
  <testcase name="multi threaded decrement counter[Modulo: 396]" classname="serie2.ex1.CounterModuloTest" time="0.013"/>
  <testcase name="multi threaded increment counter[Modulo: 397]" classname="serie2.ex1.CounterModuloTest" time="0.013"/>
  <testcase name="single threaded increment and decrement counter[Modulo: 397]" classname="serie2.ex1.CounterModuloTest" time="0.001"/>
  <testcase name="single threaded decrement at 0 gives module - 1[Modulo: 397]" classname="serie2.ex1.CounterModuloTest" time="0.0"/>
  <testcase name="single threaded increment at module - 1 gives 0[Modulo: 397]" classname="serie2.ex1.CounterModuloTest" time="0.0"/>
  <testcase name="multi threaded decrement counter[Modulo: 397]" classname="serie2.ex1.CounterModuloTest" time="0.014"/>
  <testcase name="multi threaded increment counter[Modulo: 398]" classname="serie2.ex1.CounterModuloTest" time="0.014"/>
  <testcase name="single threaded increment and decrement counter[Modulo: 398]" classname="serie2.ex1.CounterModuloTest" time="0.001"/>
  <testcase name="single threaded decrement at 0 gives module - 1[Modulo: 398]" classname="serie2.ex1.CounterModuloTest" time="0.0"/>
  <testcase name="single threaded increment at module - 1 gives 0[Modulo: 398]" classname="serie2.ex1.CounterModuloTest" time="0.0"/>
  <testcase name="multi threaded decrement counter[Modulo: 398]" classname="serie2.ex1.CounterModuloTest" time="0.014"/>
  <testcase name="multi threaded increment counter[Modulo: 399]" classname="serie2.ex1.CounterModuloTest" time="0.014"/>
  <testcase name="single threaded increment and decrement counter[Modulo: 399]" classname="serie2.ex1.CounterModuloTest" time="0.0"/>
  <testcase name="single threaded decrement at 0 gives module - 1[Modulo: 399]" classname="serie2.ex1.CounterModuloTest" time="0.001"/>
  <testcase name="single threaded increment at module - 1 gives 0[Modulo: 399]" classname="serie2.ex1.CounterModuloTest" time="0.0"/>
  <testcase name="multi threaded decrement counter[Modulo: 399]" classname="serie2.ex1.CounterModuloTest" time="0.013"/>
  <testcase name="multi threaded increment counter[Modulo: 400]" classname="serie2.ex1.CounterModuloTest" time="0.017"/>
  <testcase name="single threaded increment and decrement counter[Modulo: 400]" classname="serie2.ex1.CounterModuloTest" time="0.0"/>
  <testcase name="single threaded decrement at 0 gives module - 1[Modulo: 400]" classname="serie2.ex1.CounterModuloTest" time="0.0"/>
  <testcase name="single threaded increment at module - 1 gives 0[Modulo: 400]" classname="serie2.ex1.CounterModuloTest" time="0.0"/>
  <testcase name="multi threaded decrement counter[Modulo: 400]" classname="serie2.ex1.CounterModuloTest" time="0.018"/>
  <testcase name="multi threaded increment counter[Modulo: 401]" classname="serie2.ex1.CounterModuloTest" time="0.04"/>
  <testcase name="single threaded increment and decrement counter[Modulo: 401]" classname="serie2.ex1.CounterModuloTest" time="0.0"/>
  <testcase name="single threaded decrement at 0 gives module - 1[Modulo: 401]" classname="serie2.ex1.CounterModuloTest" time="0.0"/>
  <testcase name="single threaded increment at module - 1 gives 0[Modulo: 401]" classname="serie2.ex1.CounterModuloTest" time="0.0"/>
  <testcase name="multi threaded decrement counter[Modulo: 401]" classname="serie2.ex1.CounterModuloTest" time="0.015"/>
  <testcase name="multi threaded increment counter[Modulo: 402]" classname="serie2.ex1.CounterModuloTest" time="0.013"/>
  <testcase name="single threaded increment and decrement counter[Modulo: 402]" classname="serie2.ex1.CounterModuloTest" time="0.001"/>
  <testcase name="single threaded decrement at 0 gives module - 1[Modulo: 402]" classname="serie2.ex1.CounterModuloTest" time="0.0"/>
  <testcase name="single threaded increment at module - 1 gives 0[Modulo: 402]" classname="serie2.ex1.CounterModuloTest" time="0.0"/>
  <testcase name="multi threaded decrement counter[Modulo: 402]" classname="serie2.ex1.CounterModuloTest" time="0.014"/>
  <testcase name="multi threaded increment counter[Modulo: 403]" classname="serie2.ex1.CounterModuloTest" time="0.014"/>
  <testcase name="single threaded increment and decrement counter[Modulo: 403]" classname="serie2.ex1.CounterModuloTest" time="0.001"/>
  <testcase name="single threaded decrement at 0 gives module - 1[Modulo: 403]" classname="serie2.ex1.CounterModuloTest" time="0.0"/>
  <testcase name="single threaded increment at module - 1 gives 0[Modulo: 403]" classname="serie2.ex1.CounterModuloTest" time="0.0"/>
  <testcase name="multi threaded decrement counter[Modulo: 403]" classname="serie2.ex1.CounterModuloTest" time="0.015"/>
  <testcase name="multi threaded increment counter[Modulo: 404]" classname="serie2.ex1.CounterModuloTest" time="0.015"/>
  <testcase name="single threaded increment and decrement counter[Modulo: 404]" classname="serie2.ex1.CounterModuloTest" time="0.0"/>
  <testcase name="single threaded decrement at 0 gives module - 1[Modulo: 404]" classname="serie2.ex1.CounterModuloTest" time="0.0"/>
  <testcase name="single threaded increment at module - 1 gives 0[Modulo: 404]" classname="serie2.ex1.CounterModuloTest" time="0.0"/>
  <testcase name="multi threaded decrement counter[Modulo: 404]" classname="serie2.ex1.CounterModuloTest" time="0.013"/>
  <testcase name="multi threaded increment counter[Modulo: 405]" classname="serie2.ex1.CounterModuloTest" time="0.014"/>
  <testcase name="single threaded increment and decrement counter[Modulo: 405]" classname="serie2.ex1.CounterModuloTest" time="0.0"/>
  <testcase name="single threaded decrement at 0 gives module - 1[Modulo: 405]" classname="serie2.ex1.CounterModuloTest" time="0.0"/>
  <testcase name="single threaded increment at module - 1 gives 0[Modulo: 405]" classname="serie2.ex1.CounterModuloTest" time="0.001"/>
  <testcase name="multi threaded decrement counter[Modulo: 405]" classname="serie2.ex1.CounterModuloTest" time="0.014"/>
  <testcase name="multi threaded increment counter[Modulo: 406]" classname="serie2.ex1.CounterModuloTest" time="0.013"/>
  <testcase name="single threaded increment and decrement counter[Modulo: 406]" classname="serie2.ex1.CounterModuloTest" time="0.0"/>
  <testcase name="single threaded decrement at 0 gives module - 1[Modulo: 406]" classname="serie2.ex1.CounterModuloTest" time="0.0"/>
  <testcase name="single threaded increment at module - 1 gives 0[Modulo: 406]" classname="serie2.ex1.CounterModuloTest" time="0.0"/>
  <testcase name="multi threaded decrement counter[Modulo: 406]" classname="serie2.ex1.CounterModuloTest" time="0.014"/>
  <testcase name="multi threaded increment counter[Modulo: 407]" classname="serie2.ex1.CounterModuloTest" time="0.014"/>
  <testcase name="single threaded increment and decrement counter[Modulo: 407]" classname="serie2.ex1.CounterModuloTest" time="0.001"/>
  <testcase name="single threaded decrement at 0 gives module - 1[Modulo: 407]" classname="serie2.ex1.CounterModuloTest" time="0.0"/>
  <testcase name="single threaded increment at module - 1 gives 0[Modulo: 407]" classname="serie2.ex1.CounterModuloTest" time="0.0"/>
  <testcase name="multi threaded decrement counter[Modulo: 407]" classname="serie2.ex1.CounterModuloTest" time="0.011"/>
  <testcase name="multi threaded increment counter[Modulo: 408]" classname="serie2.ex1.CounterModuloTest" time="0.013"/>
  <testcase name="single threaded increment and decrement counter[Modulo: 408]" classname="serie2.ex1.CounterModuloTest" time="0.001"/>
  <testcase name="single threaded decrement at 0 gives module - 1[Modulo: 408]" classname="serie2.ex1.CounterModuloTest" time="0.0"/>
  <testcase name="single threaded increment at module - 1 gives 0[Modulo: 408]" classname="serie2.ex1.CounterModuloTest" time="0.0"/>
  <testcase name="multi threaded decrement counter[Modulo: 408]" classname="serie2.ex1.CounterModuloTest" time="0.014"/>
  <testcase name="multi threaded increment counter[Modulo: 409]" classname="serie2.ex1.CounterModuloTest" time="0.015"/>
  <testcase name="single threaded increment and decrement counter[Modulo: 409]" classname="serie2.ex1.CounterModuloTest" time="0.001"/>
  <testcase name="single threaded decrement at 0 gives module - 1[Modulo: 409]" classname="serie2.ex1.CounterModuloTest" time="0.0"/>
  <testcase name="single threaded increment at module - 1 gives 0[Modulo: 409]" classname="serie2.ex1.CounterModuloTest" time="0.0"/>
  <testcase name="multi threaded decrement counter[Modulo: 409]" classname="serie2.ex1.CounterModuloTest" time="0.012"/>
  <testcase name="multi threaded increment counter[Modulo: 410]" classname="serie2.ex1.CounterModuloTest" time="0.014"/>
  <testcase name="single threaded increment and decrement counter[Modulo: 410]" classname="serie2.ex1.CounterModuloTest" time="0.001"/>
  <testcase name="single threaded decrement at 0 gives module - 1[Modulo: 410]" classname="serie2.ex1.CounterModuloTest" time="0.0"/>
  <testcase name="single threaded increment at module - 1 gives 0[Modulo: 410]" classname="serie2.ex1.CounterModuloTest" time="0.0"/>
  <testcase name="multi threaded decrement counter[Modulo: 410]" classname="serie2.ex1.CounterModuloTest" time="0.012"/>
  <testcase name="multi threaded increment counter[Modulo: 411]" classname="serie2.ex1.CounterModuloTest" time="0.015"/>
  <testcase name="single threaded increment and decrement counter[Modulo: 411]" classname="serie2.ex1.CounterModuloTest" time="0.0"/>
  <testcase name="single threaded decrement at 0 gives module - 1[Modulo: 411]" classname="serie2.ex1.CounterModuloTest" time="0.001"/>
  <testcase name="single threaded increment at module - 1 gives 0[Modulo: 411]" classname="serie2.ex1.CounterModuloTest" time="0.0"/>
  <testcase name="multi threaded decrement counter[Modulo: 411]" classname="serie2.ex1.CounterModuloTest" time="0.014"/>
  <testcase name="multi threaded increment counter[Modulo: 412]" classname="serie2.ex1.CounterModuloTest" time="0.015"/>
  <testcase name="single threaded increment and decrement counter[Modulo: 412]" classname="serie2.ex1.CounterModuloTest" time="0.001"/>
  <testcase name="single threaded decrement at 0 gives module - 1[Modulo: 412]" classname="serie2.ex1.CounterModuloTest" time="0.0"/>
  <testcase name="single threaded increment at module - 1 gives 0[Modulo: 412]" classname="serie2.ex1.CounterModuloTest" time="0.0"/>
  <testcase name="multi threaded decrement counter[Modulo: 412]" classname="serie2.ex1.CounterModuloTest" time="0.014"/>
  <testcase name="multi threaded increment counter[Modulo: 413]" classname="serie2.ex1.CounterModuloTest" time="0.012"/>
  <testcase name="single threaded increment and decrement counter[Modulo: 413]" classname="serie2.ex1.CounterModuloTest" time="0.001"/>
  <testcase name="single threaded decrement at 0 gives module - 1[Modulo: 413]" classname="serie2.ex1.CounterModuloTest" time="0.0"/>
  <testcase name="single threaded increment at module - 1 gives 0[Modulo: 413]" classname="serie2.ex1.CounterModuloTest" time="0.0"/>
  <testcase name="multi threaded decrement counter[Modulo: 413]" classname="serie2.ex1.CounterModuloTest" time="0.011"/>
  <testcase name="multi threaded increment counter[Modulo: 414]" classname="serie2.ex1.CounterModuloTest" time="0.014"/>
  <testcase name="single threaded increment and decrement counter[Modulo: 414]" classname="serie2.ex1.CounterModuloTest" time="0.001"/>
  <testcase name="single threaded decrement at 0 gives module - 1[Modulo: 414]" classname="serie2.ex1.CounterModuloTest" time="0.0"/>
  <testcase name="single threaded increment at module - 1 gives 0[Modulo: 414]" classname="serie2.ex1.CounterModuloTest" time="0.0"/>
  <testcase name="multi threaded decrement counter[Modulo: 414]" classname="serie2.ex1.CounterModuloTest" time="0.014"/>
  <testcase name="multi threaded increment counter[Modulo: 415]" classname="serie2.ex1.CounterModuloTest" time="0.011"/>
  <testcase name="single threaded increment and decrement counter[Modulo: 415]" classname="serie2.ex1.CounterModuloTest" time="0.0"/>
  <testcase name="single threaded decrement at 0 gives module - 1[Modulo: 415]" classname="serie2.ex1.CounterModuloTest" time="0.0"/>
  <testcase name="single threaded increment at module - 1 gives 0[Modulo: 415]" classname="serie2.ex1.CounterModuloTest" time="0.0"/>
  <testcase name="multi threaded decrement counter[Modulo: 415]" classname="serie2.ex1.CounterModuloTest" time="0.013"/>
  <testcase name="multi threaded increment counter[Modulo: 416]" classname="serie2.ex1.CounterModuloTest" time="0.012"/>
  <testcase name="single threaded increment and decrement counter[Modulo: 416]" classname="serie2.ex1.CounterModuloTest" time="0.0"/>
  <testcase name="single threaded decrement at 0 gives module - 1[Modulo: 416]" classname="serie2.ex1.CounterModuloTest" time="0.0"/>
  <testcase name="single threaded increment at module - 1 gives 0[Modulo: 416]" classname="serie2.ex1.CounterModuloTest" time="0.0"/>
  <testcase name="multi threaded decrement counter[Modulo: 416]" classname="serie2.ex1.CounterModuloTest" time="0.011"/>
  <testcase name="multi threaded increment counter[Modulo: 417]" classname="serie2.ex1.CounterModuloTest" time="0.012"/>
  <testcase name="single threaded increment and decrement counter[Modulo: 417]" classname="serie2.ex1.CounterModuloTest" time="0.0"/>
  <testcase name="single threaded decrement at 0 gives module - 1[Modulo: 417]" classname="serie2.ex1.CounterModuloTest" time="0.0"/>
  <testcase name="single threaded increment at module - 1 gives 0[Modulo: 417]" classname="serie2.ex1.CounterModuloTest" time="0.0"/>
  <testcase name="multi threaded decrement counter[Modulo: 417]" classname="serie2.ex1.CounterModuloTest" time="0.013"/>
  <testcase name="multi threaded increment counter[Modulo: 418]" classname="serie2.ex1.CounterModuloTest" time="0.011"/>
  <testcase name="single threaded increment and decrement counter[Modulo: 418]" classname="serie2.ex1.CounterModuloTest" time="0.001"/>
  <testcase name="single threaded decrement at 0 gives module - 1[Modulo: 418]" classname="serie2.ex1.CounterModuloTest" time="0.0"/>
  <testcase name="single threaded increment at module - 1 gives 0[Modulo: 418]" classname="serie2.ex1.CounterModuloTest" time="0.0"/>
  <testcase name="multi threaded decrement counter[Modulo: 418]" classname="serie2.ex1.CounterModuloTest" time="0.011"/>
  <testcase name="multi threaded increment counter[Modulo: 419]" classname="serie2.ex1.CounterModuloTest" time="0.012"/>
  <testcase name="single threaded increment and decrement counter[Modulo: 419]" classname="serie2.ex1.CounterModuloTest" time="0.0"/>
  <testcase name="single threaded decrement at 0 gives module - 1[Modulo: 419]" classname="serie2.ex1.CounterModuloTest" time="0.0"/>
  <testcase name="single threaded increment at module - 1 gives 0[Modulo: 419]" classname="serie2.ex1.CounterModuloTest" time="0.0"/>
  <testcase name="multi threaded decrement counter[Modulo: 419]" classname="serie2.ex1.CounterModuloTest" time="0.012"/>
  <testcase name="multi threaded increment counter[Modulo: 420]" classname="serie2.ex1.CounterModuloTest" time="0.012"/>
  <testcase name="single threaded increment and decrement counter[Modulo: 420]" classname="serie2.ex1.CounterModuloTest" time="0.0"/>
  <testcase name="single threaded decrement at 0 gives module - 1[Modulo: 420]" classname="serie2.ex1.CounterModuloTest" time="0.0"/>
  <testcase name="single threaded increment at module - 1 gives 0[Modulo: 420]" classname="serie2.ex1.CounterModuloTest" time="0.0"/>
  <testcase name="multi threaded decrement counter[Modulo: 420]" classname="serie2.ex1.CounterModuloTest" time="0.012"/>
  <testcase name="multi threaded increment counter[Modulo: 421]" classname="serie2.ex1.CounterModuloTest" time="0.012"/>
  <testcase name="single threaded increment and decrement counter[Modulo: 421]" classname="serie2.ex1.CounterModuloTest" time="0.0"/>
  <testcase name="single threaded decrement at 0 gives module - 1[Modulo: 421]" classname="serie2.ex1.CounterModuloTest" time="0.0"/>
  <testcase name="single threaded increment at module - 1 gives 0[Modulo: 421]" classname="serie2.ex1.CounterModuloTest" time="0.0"/>
  <testcase name="multi threaded decrement counter[Modulo: 421]" classname="serie2.ex1.CounterModuloTest" time="0.012"/>
  <testcase name="multi threaded increment counter[Modulo: 422]" classname="serie2.ex1.CounterModuloTest" time="0.01"/>
  <testcase name="single threaded increment and decrement counter[Modulo: 422]" classname="serie2.ex1.CounterModuloTest" time="0.001"/>
  <testcase name="single threaded decrement at 0 gives module - 1[Modulo: 422]" classname="serie2.ex1.CounterModuloTest" time="0.0"/>
  <testcase name="single threaded increment at module - 1 gives 0[Modulo: 422]" classname="serie2.ex1.CounterModuloTest" time="0.0"/>
  <testcase name="multi threaded decrement counter[Modulo: 422]" classname="serie2.ex1.CounterModuloTest" time="0.011"/>
  <testcase name="multi threaded increment counter[Modulo: 423]" classname="serie2.ex1.CounterModuloTest" time="0.012"/>
  <testcase name="single threaded increment and decrement counter[Modulo: 423]" classname="serie2.ex1.CounterModuloTest" time="0.001"/>
  <testcase name="single threaded decrement at 0 gives module - 1[Modulo: 423]" classname="serie2.ex1.CounterModuloTest" time="0.0"/>
  <testcase name="single threaded increment at module - 1 gives 0[Modulo: 423]" classname="serie2.ex1.CounterModuloTest" time="0.0"/>
  <testcase name="multi threaded decrement counter[Modulo: 423]" classname="serie2.ex1.CounterModuloTest" time="0.017"/>
  <testcase name="multi threaded increment counter[Modulo: 424]" classname="serie2.ex1.CounterModuloTest" time="0.013"/>
  <testcase name="single threaded increment and decrement counter[Modulo: 424]" classname="serie2.ex1.CounterModuloTest" time="0.001"/>
  <testcase name="single threaded decrement at 0 gives module - 1[Modulo: 424]" classname="serie2.ex1.CounterModuloTest" time="0.0"/>
  <testcase name="single threaded increment at module - 1 gives 0[Modulo: 424]" classname="serie2.ex1.CounterModuloTest" time="0.0"/>
  <testcase name="multi threaded decrement counter[Modulo: 424]" classname="serie2.ex1.CounterModuloTest" time="0.012"/>
  <testcase name="multi threaded increment counter[Modulo: 425]" classname="serie2.ex1.CounterModuloTest" time="0.011"/>
  <testcase name="single threaded increment and decrement counter[Modulo: 425]" classname="serie2.ex1.CounterModuloTest" time="0.0"/>
  <testcase name="single threaded decrement at 0 gives module - 1[Modulo: 425]" classname="serie2.ex1.CounterModuloTest" time="0.0"/>
  <testcase name="single threaded increment at module - 1 gives 0[Modulo: 425]" classname="serie2.ex1.CounterModuloTest" time="0.0"/>
  <testcase name="multi threaded decrement counter[Modulo: 425]" classname="serie2.ex1.CounterModuloTest" time="0.012"/>
  <testcase name="multi threaded increment counter[Modulo: 426]" classname="serie2.ex1.CounterModuloTest" time="0.011"/>
  <testcase name="single threaded increment and decrement counter[Modulo: 426]" classname="serie2.ex1.CounterModuloTest" time="0.0"/>
  <testcase name="single threaded decrement at 0 gives module - 1[Modulo: 426]" classname="serie2.ex1.CounterModuloTest" time="0.0"/>
  <testcase name="single threaded increment at module - 1 gives 0[Modulo: 426]" classname="serie2.ex1.CounterModuloTest" time="0.0"/>
  <testcase name="multi threaded decrement counter[Modulo: 426]" classname="serie2.ex1.CounterModuloTest" time="0.011"/>
  <testcase name="multi threaded increment counter[Modulo: 427]" classname="serie2.ex1.CounterModuloTest" time="0.012"/>
  <testcase name="single threaded increment and decrement counter[Modulo: 427]" classname="serie2.ex1.CounterModuloTest" time="0.0"/>
  <testcase name="single threaded decrement at 0 gives module - 1[Modulo: 427]" classname="serie2.ex1.CounterModuloTest" time="0.0"/>
  <testcase name="single threaded increment at module - 1 gives 0[Modulo: 427]" classname="serie2.ex1.CounterModuloTest" time="0.0"/>
  <testcase name="multi threaded decrement counter[Modulo: 427]" classname="serie2.ex1.CounterModuloTest" time="0.013"/>
  <testcase name="multi threaded increment counter[Modulo: 428]" classname="serie2.ex1.CounterModuloTest" time="0.012"/>
  <testcase name="single threaded increment and decrement counter[Modulo: 428]" classname="serie2.ex1.CounterModuloTest" time="0.001"/>
  <testcase name="single threaded decrement at 0 gives module - 1[Modulo: 428]" classname="serie2.ex1.CounterModuloTest" time="0.0"/>
  <testcase name="single threaded increment at module - 1 gives 0[Modulo: 428]" classname="serie2.ex1.CounterModuloTest" time="0.0"/>
  <testcase name="multi threaded decrement counter[Modulo: 428]" classname="serie2.ex1.CounterModuloTest" time="0.01"/>
  <testcase name="multi threaded increment counter[Modulo: 429]" classname="serie2.ex1.CounterModuloTest" time="0.012"/>
  <testcase name="single threaded increment and decrement counter[Modulo: 429]" classname="serie2.ex1.CounterModuloTest" time="0.0"/>
  <testcase name="single threaded decrement at 0 gives module - 1[Modulo: 429]" classname="serie2.ex1.CounterModuloTest" time="0.0"/>
  <testcase name="single threaded increment at module - 1 gives 0[Modulo: 429]" classname="serie2.ex1.CounterModuloTest" time="0.0"/>
  <testcase name="multi threaded decrement counter[Modulo: 429]" classname="serie2.ex1.CounterModuloTest" time="0.012"/>
  <testcase name="multi threaded increment counter[Modulo: 430]" classname="serie2.ex1.CounterModuloTest" time="0.011"/>
  <testcase name="single threaded increment and decrement counter[Modulo: 430]" classname="serie2.ex1.CounterModuloTest" time="0.0"/>
  <testcase name="single threaded decrement at 0 gives module - 1[Modulo: 430]" classname="serie2.ex1.CounterModuloTest" time="0.0"/>
  <testcase name="single threaded increment at module - 1 gives 0[Modulo: 430]" classname="serie2.ex1.CounterModuloTest" time="0.0"/>
  <testcase name="multi threaded decrement counter[Modulo: 430]" classname="serie2.ex1.CounterModuloTest" time="0.012"/>
  <testcase name="multi threaded increment counter[Modulo: 431]" classname="serie2.ex1.CounterModuloTest" time="0.012"/>
  <testcase name="single threaded increment and decrement counter[Modulo: 431]" classname="serie2.ex1.CounterModuloTest" time="0.0"/>
  <testcase name="single threaded decrement at 0 gives module - 1[Modulo: 431]" classname="serie2.ex1.CounterModuloTest" time="0.0"/>
  <testcase name="single threaded increment at module - 1 gives 0[Modulo: 431]" classname="serie2.ex1.CounterModuloTest" time="0.0"/>
  <testcase name="multi threaded decrement counter[Modulo: 431]" classname="serie2.ex1.CounterModuloTest" time="0.012"/>
  <testcase name="multi threaded increment counter[Modulo: 432]" classname="serie2.ex1.CounterModuloTest" time="0.016"/>
  <testcase name="single threaded increment and decrement counter[Modulo: 432]" classname="serie2.ex1.CounterModuloTest" time="0.0"/>
  <testcase name="single threaded decrement at 0 gives module - 1[Modulo: 432]" classname="serie2.ex1.CounterModuloTest" time="0.0"/>
  <testcase name="single threaded increment at module - 1 gives 0[Modulo: 432]" classname="serie2.ex1.CounterModuloTest" time="0.0"/>
  <testcase name="multi threaded decrement counter[Modulo: 432]" classname="serie2.ex1.CounterModuloTest" time="0.012"/>
  <testcase name="multi threaded increment counter[Modulo: 433]" classname="serie2.ex1.CounterModuloTest" time="0.012"/>
  <testcase name="single threaded increment and decrement counter[Modulo: 433]" classname="serie2.ex1.CounterModuloTest" time="0.001"/>
  <testcase name="single threaded decrement at 0 gives module - 1[Modulo: 433]" classname="serie2.ex1.CounterModuloTest" time="0.0"/>
  <testcase name="single threaded increment at module - 1 gives 0[Modulo: 433]" classname="serie2.ex1.CounterModuloTest" time="0.0"/>
  <testcase name="multi threaded decrement counter[Modulo: 433]" classname="serie2.ex1.CounterModuloTest" time="0.012"/>
  <testcase name="multi threaded increment counter[Modulo: 434]" classname="serie2.ex1.CounterModuloTest" time="0.011"/>
  <testcase name="single threaded increment and decrement counter[Modulo: 434]" classname="serie2.ex1.CounterModuloTest" time="0.001"/>
  <testcase name="single threaded decrement at 0 gives module - 1[Modulo: 434]" classname="serie2.ex1.CounterModuloTest" time="0.0"/>
  <testcase name="single threaded increment at module - 1 gives 0[Modulo: 434]" classname="serie2.ex1.CounterModuloTest" time="0.0"/>
  <testcase name="multi threaded decrement counter[Modulo: 434]" classname="serie2.ex1.CounterModuloTest" time="0.011"/>
  <testcase name="multi threaded increment counter[Modulo: 435]" classname="serie2.ex1.CounterModuloTest" time="0.012"/>
  <testcase name="single threaded increment and decrement counter[Modulo: 435]" classname="serie2.ex1.CounterModuloTest" time="0.001"/>
  <testcase name="single threaded decrement at 0 gives module - 1[Modulo: 435]" classname="serie2.ex1.CounterModuloTest" time="0.0"/>
  <testcase name="single threaded increment at module - 1 gives 0[Modulo: 435]" classname="serie2.ex1.CounterModuloTest" time="0.0"/>
  <testcase name="multi threaded decrement counter[Modulo: 435]" classname="serie2.ex1.CounterModuloTest" time="0.012"/>
  <testcase name="multi threaded increment counter[Modulo: 436]" classname="serie2.ex1.CounterModuloTest" time="0.013"/>
  <testcase name="single threaded increment and decrement counter[Modulo: 436]" classname="serie2.ex1.CounterModuloTest" time="0.001"/>
  <testcase name="single threaded decrement at 0 gives module - 1[Modulo: 436]" classname="serie2.ex1.CounterModuloTest" time="0.0"/>
  <testcase name="single threaded increment at module - 1 gives 0[Modulo: 436]" classname="serie2.ex1.CounterModuloTest" time="0.0"/>
  <testcase name="multi threaded decrement counter[Modulo: 436]" classname="serie2.ex1.CounterModuloTest" time="0.013"/>
  <testcase name="multi threaded increment counter[Modulo: 437]" classname="serie2.ex1.CounterModuloTest" time="0.012"/>
  <testcase name="single threaded increment and decrement counter[Modulo: 437]" classname="serie2.ex1.CounterModuloTest" time="0.0"/>
  <testcase name="single threaded decrement at 0 gives module - 1[Modulo: 437]" classname="serie2.ex1.CounterModuloTest" time="0.0"/>
  <testcase name="single threaded increment at module - 1 gives 0[Modulo: 437]" classname="serie2.ex1.CounterModuloTest" time="0.0"/>
  <testcase name="multi threaded decrement counter[Modulo: 437]" classname="serie2.ex1.CounterModuloTest" time="0.013"/>
  <testcase name="multi threaded increment counter[Modulo: 438]" classname="serie2.ex1.CounterModuloTest" time="0.013"/>
  <testcase name="single threaded increment and decrement counter[Modulo: 438]" classname="serie2.ex1.CounterModuloTest" time="0.001"/>
  <testcase name="single threaded decrement at 0 gives module - 1[Modulo: 438]" classname="serie2.ex1.CounterModuloTest" time="0.0"/>
  <testcase name="single threaded increment at module - 1 gives 0[Modulo: 438]" classname="serie2.ex1.CounterModuloTest" time="0.0"/>
  <testcase name="multi threaded decrement counter[Modulo: 438]" classname="serie2.ex1.CounterModuloTest" time="0.012"/>
  <testcase name="multi threaded increment counter[Modulo: 439]" classname="serie2.ex1.CounterModuloTest" time="0.012"/>
  <testcase name="single threaded increment and decrement counter[Modulo: 439]" classname="serie2.ex1.CounterModuloTest" time="0.001"/>
  <testcase name="single threaded decrement at 0 gives module - 1[Modulo: 439]" classname="serie2.ex1.CounterModuloTest" time="0.0"/>
  <testcase name="single threaded increment at module - 1 gives 0[Modulo: 439]" classname="serie2.ex1.CounterModuloTest" time="0.0"/>
  <testcase name="multi threaded decrement counter[Modulo: 439]" classname="serie2.ex1.CounterModuloTest" time="0.013"/>
  <testcase name="multi threaded increment counter[Modulo: 440]" classname="serie2.ex1.CounterModuloTest" time="0.012"/>
  <testcase name="single threaded increment and decrement counter[Modulo: 440]" classname="serie2.ex1.CounterModuloTest" time="0.0"/>
  <testcase name="single threaded decrement at 0 gives module - 1[Modulo: 440]" classname="serie2.ex1.CounterModuloTest" time="0.0"/>
  <testcase name="single threaded increment at module - 1 gives 0[Modulo: 440]" classname="serie2.ex1.CounterModuloTest" time="0.0"/>
  <testcase name="multi threaded decrement counter[Modulo: 440]" classname="serie2.ex1.CounterModuloTest" time="0.014"/>
  <testcase name="multi threaded increment counter[Modulo: 441]" classname="serie2.ex1.CounterModuloTest" time="0.013"/>
  <testcase name="single threaded increment and decrement counter[Modulo: 441]" classname="serie2.ex1.CounterModuloTest" time="0.0"/>
  <testcase name="single threaded decrement at 0 gives module - 1[Modulo: 441]" classname="serie2.ex1.CounterModuloTest" time="0.0"/>
  <testcase name="single threaded increment at module - 1 gives 0[Modulo: 441]" classname="serie2.ex1.CounterModuloTest" time="0.0"/>
  <testcase name="multi threaded decrement counter[Modulo: 441]" classname="serie2.ex1.CounterModuloTest" time="0.011"/>
  <testcase name="multi threaded increment counter[Modulo: 442]" classname="serie2.ex1.CounterModuloTest" time="0.013"/>
  <testcase name="single threaded increment and decrement counter[Modulo: 442]" classname="serie2.ex1.CounterModuloTest" time="0.0"/>
  <testcase name="single threaded decrement at 0 gives module - 1[Modulo: 442]" classname="serie2.ex1.CounterModuloTest" time="0.0"/>
  <testcase name="single threaded increment at module - 1 gives 0[Modulo: 442]" classname="serie2.ex1.CounterModuloTest" time="0.0"/>
  <testcase name="multi threaded decrement counter[Modulo: 442]" classname="serie2.ex1.CounterModuloTest" time="0.013"/>
  <testcase name="multi threaded increment counter[Modulo: 443]" classname="serie2.ex1.CounterModuloTest" time="0.01"/>
  <testcase name="single threaded increment and decrement counter[Modulo: 443]" classname="serie2.ex1.CounterModuloTest" time="0.001"/>
  <testcase name="single threaded decrement at 0 gives module - 1[Modulo: 443]" classname="serie2.ex1.CounterModuloTest" time="0.0"/>
  <testcase name="single threaded increment at module - 1 gives 0[Modulo: 443]" classname="serie2.ex1.CounterModuloTest" time="0.0"/>
  <testcase name="multi threaded decrement counter[Modulo: 443]" classname="serie2.ex1.CounterModuloTest" time="0.013"/>
  <testcase name="multi threaded increment counter[Modulo: 444]" classname="serie2.ex1.CounterModuloTest" time="0.012"/>
  <testcase name="single threaded increment and decrement counter[Modulo: 444]" classname="serie2.ex1.CounterModuloTest" time="0.001"/>
  <testcase name="single threaded decrement at 0 gives module - 1[Modulo: 444]" classname="serie2.ex1.CounterModuloTest" time="0.0"/>
  <testcase name="single threaded increment at module - 1 gives 0[Modulo: 444]" classname="serie2.ex1.CounterModuloTest" time="0.0"/>
  <testcase name="multi threaded decrement counter[Modulo: 444]" classname="serie2.ex1.CounterModuloTest" time="0.013"/>
  <testcase name="multi threaded increment counter[Modulo: 445]" classname="serie2.ex1.CounterModuloTest" time="0.012"/>
  <testcase name="single threaded increment and decrement counter[Modulo: 445]" classname="serie2.ex1.CounterModuloTest" time="0.001"/>
  <testcase name="single threaded decrement at 0 gives module - 1[Modulo: 445]" classname="serie2.ex1.CounterModuloTest" time="0.0"/>
  <testcase name="single threaded increment at module - 1 gives 0[Modulo: 445]" classname="serie2.ex1.CounterModuloTest" time="0.0"/>
  <testcase name="multi threaded decrement counter[Modulo: 445]" classname="serie2.ex1.CounterModuloTest" time="0.013"/>
  <testcase name="multi threaded increment counter[Modulo: 446]" classname="serie2.ex1.CounterModuloTest" time="0.013"/>
  <testcase name="single threaded increment and decrement counter[Modulo: 446]" classname="serie2.ex1.CounterModuloTest" time="0.001"/>
  <testcase name="single threaded decrement at 0 gives module - 1[Modulo: 446]" classname="serie2.ex1.CounterModuloTest" time="0.0"/>
  <testcase name="single threaded increment at module - 1 gives 0[Modulo: 446]" classname="serie2.ex1.CounterModuloTest" time="0.0"/>
  <testcase name="multi threaded decrement counter[Modulo: 446]" classname="serie2.ex1.CounterModuloTest" time="0.013"/>
  <testcase name="multi threaded increment counter[Modulo: 447]" classname="serie2.ex1.CounterModuloTest" time="0.013"/>
  <testcase name="single threaded increment and decrement counter[Modulo: 447]" classname="serie2.ex1.CounterModuloTest" time="0.001"/>
  <testcase name="single threaded decrement at 0 gives module - 1[Modulo: 447]" classname="serie2.ex1.CounterModuloTest" time="0.0"/>
  <testcase name="single threaded increment at module - 1 gives 0[Modulo: 447]" classname="serie2.ex1.CounterModuloTest" time="0.0"/>
  <testcase name="multi threaded decrement counter[Modulo: 447]" classname="serie2.ex1.CounterModuloTest" time="0.012"/>
  <testcase name="multi threaded increment counter[Modulo: 448]" classname="serie2.ex1.CounterModuloTest" time="0.013"/>
  <testcase name="single threaded increment and decrement counter[Modulo: 448]" classname="serie2.ex1.CounterModuloTest" time="0.001"/>
  <testcase name="single threaded decrement at 0 gives module - 1[Modulo: 448]" classname="serie2.ex1.CounterModuloTest" time="0.0"/>
  <testcase name="single threaded increment at module - 1 gives 0[Modulo: 448]" classname="serie2.ex1.CounterModuloTest" time="0.0"/>
  <testcase name="multi threaded decrement counter[Modulo: 448]" classname="serie2.ex1.CounterModuloTest" time="0.013"/>
  <testcase name="multi threaded increment counter[Modulo: 449]" classname="serie2.ex1.CounterModuloTest" time="0.013"/>
  <testcase name="single threaded increment and decrement counter[Modulo: 449]" classname="serie2.ex1.CounterModuloTest" time="0.0"/>
  <testcase name="single threaded decrement at 0 gives module - 1[Modulo: 449]" classname="serie2.ex1.CounterModuloTest" time="0.0"/>
  <testcase name="single threaded increment at module - 1 gives 0[Modulo: 449]" classname="serie2.ex1.CounterModuloTest" time="0.0"/>
  <testcase name="multi threaded decrement counter[Modulo: 449]" classname="serie2.ex1.CounterModuloTest" time="0.012"/>
  <testcase name="multi threaded increment counter[Modulo: 450]" classname="serie2.ex1.CounterModuloTest" time="0.013"/>
  <testcase name="single threaded increment and decrement counter[Modulo: 450]" classname="serie2.ex1.CounterModuloTest" time="0.001"/>
  <testcase name="single threaded decrement at 0 gives module - 1[Modulo: 450]" classname="serie2.ex1.CounterModuloTest" time="0.0"/>
  <testcase name="single threaded increment at module - 1 gives 0[Modulo: 450]" classname="serie2.ex1.CounterModuloTest" time="0.0"/>
  <testcase name="multi threaded decrement counter[Modulo: 450]" classname="serie2.ex1.CounterModuloTest" time="0.011"/>
  <testcase name="multi threaded increment counter[Modulo: 451]" classname="serie2.ex1.CounterModuloTest" time="0.012"/>
  <testcase name="single threaded increment and decrement counter[Modulo: 451]" classname="serie2.ex1.CounterModuloTest" time="0.0"/>
  <testcase name="single threaded decrement at 0 gives module - 1[Modulo: 451]" classname="serie2.ex1.CounterModuloTest" time="0.0"/>
  <testcase name="single threaded increment at module - 1 gives 0[Modulo: 451]" classname="serie2.ex1.CounterModuloTest" time="0.0"/>
  <testcase name="multi threaded decrement counter[Modulo: 451]" classname="serie2.ex1.CounterModuloTest" time="0.012"/>
  <testcase name="multi threaded increment counter[Modulo: 452]" classname="serie2.ex1.CounterModuloTest" time="0.013"/>
  <testcase name="single threaded increment and decrement counter[Modulo: 452]" classname="serie2.ex1.CounterModuloTest" time="0.0"/>
  <testcase name="single threaded decrement at 0 gives module - 1[Modulo: 452]" classname="serie2.ex1.CounterModuloTest" time="0.0"/>
  <testcase name="single threaded increment at module - 1 gives 0[Modulo: 452]" classname="serie2.ex1.CounterModuloTest" time="0.0"/>
  <testcase name="multi threaded decrement counter[Modulo: 452]" classname="serie2.ex1.CounterModuloTest" time="0.011"/>
  <testcase name="multi threaded increment counter[Modulo: 453]" classname="serie2.ex1.CounterModuloTest" time="0.012"/>
  <testcase name="single threaded increment and decrement counter[Modulo: 453]" classname="serie2.ex1.CounterModuloTest" time="0.0"/>
  <testcase name="single threaded decrement at 0 gives module - 1[Modulo: 453]" classname="serie2.ex1.CounterModuloTest" time="0.0"/>
  <testcase name="single threaded increment at module - 1 gives 0[Modulo: 453]" classname="serie2.ex1.CounterModuloTest" time="0.0"/>
  <testcase name="multi threaded decrement counter[Modulo: 453]" classname="serie2.ex1.CounterModuloTest" time="0.012"/>
  <testcase name="multi threaded increment counter[Modulo: 454]" classname="serie2.ex1.CounterModuloTest" time="0.012"/>
  <testcase name="single threaded increment and decrement counter[Modulo: 454]" classname="serie2.ex1.CounterModuloTest" time="0.001"/>
  <testcase name="single threaded decrement at 0 gives module - 1[Modulo: 454]" classname="serie2.ex1.CounterModuloTest" time="0.0"/>
  <testcase name="single threaded increment at module - 1 gives 0[Modulo: 454]" classname="serie2.ex1.CounterModuloTest" time="0.0"/>
  <testcase name="multi threaded decrement counter[Modulo: 454]" classname="serie2.ex1.CounterModuloTest" time="0.011"/>
  <testcase name="multi threaded increment counter[Modulo: 455]" classname="serie2.ex1.CounterModuloTest" time="0.012"/>
  <testcase name="single threaded increment and decrement counter[Modulo: 455]" classname="serie2.ex1.CounterModuloTest" time="0.001"/>
  <testcase name="single threaded decrement at 0 gives module - 1[Modulo: 455]" classname="serie2.ex1.CounterModuloTest" time="0.0"/>
  <testcase name="single threaded increment at module - 1 gives 0[Modulo: 455]" classname="serie2.ex1.CounterModuloTest" time="0.0"/>
  <testcase name="multi threaded decrement counter[Modulo: 455]" classname="serie2.ex1.CounterModuloTest" time="0.011"/>
  <testcase name="multi threaded increment counter[Modulo: 456]" classname="serie2.ex1.CounterModuloTest" time="0.013"/>
  <testcase name="single threaded increment and decrement counter[Modulo: 456]" classname="serie2.ex1.CounterModuloTest" time="0.001"/>
  <testcase name="single threaded decrement at 0 gives module - 1[Modulo: 456]" classname="serie2.ex1.CounterModuloTest" time="0.0"/>
  <testcase name="single threaded increment at module - 1 gives 0[Modulo: 456]" classname="serie2.ex1.CounterModuloTest" time="0.0"/>
  <testcase name="multi threaded decrement counter[Modulo: 456]" classname="serie2.ex1.CounterModuloTest" time="0.011"/>
  <testcase name="multi threaded increment counter[Modulo: 457]" classname="serie2.ex1.CounterModuloTest" time="0.012"/>
  <testcase name="single threaded increment and decrement counter[Modulo: 457]" classname="serie2.ex1.CounterModuloTest" time="0.001"/>
  <testcase name="single threaded decrement at 0 gives module - 1[Modulo: 457]" classname="serie2.ex1.CounterModuloTest" time="0.0"/>
  <testcase name="single threaded increment at module - 1 gives 0[Modulo: 457]" classname="serie2.ex1.CounterModuloTest" time="0.0"/>
  <testcase name="multi threaded decrement counter[Modulo: 457]" classname="serie2.ex1.CounterModuloTest" time="0.012"/>
  <testcase name="multi threaded increment counter[Modulo: 458]" classname="serie2.ex1.CounterModuloTest" time="0.013"/>
  <testcase name="single threaded increment and decrement counter[Modulo: 458]" classname="serie2.ex1.CounterModuloTest" time="0.0"/>
  <testcase name="single threaded decrement at 0 gives module - 1[Modulo: 458]" classname="serie2.ex1.CounterModuloTest" time="0.0"/>
  <testcase name="single threaded increment at module - 1 gives 0[Modulo: 458]" classname="serie2.ex1.CounterModuloTest" time="0.0"/>
  <testcase name="multi threaded decrement counter[Modulo: 458]" classname="serie2.ex1.CounterModuloTest" time="0.012"/>
  <testcase name="multi threaded increment counter[Modulo: 459]" classname="serie2.ex1.CounterModuloTest" time="0.011"/>
  <testcase name="single threaded increment and decrement counter[Modulo: 459]" classname="serie2.ex1.CounterModuloTest" time="0.0"/>
  <testcase name="single threaded decrement at 0 gives module - 1[Modulo: 459]" classname="serie2.ex1.CounterModuloTest" time="0.0"/>
  <testcase name="single threaded increment at module - 1 gives 0[Modulo: 459]" classname="serie2.ex1.CounterModuloTest" time="0.0"/>
  <testcase name="multi threaded decrement counter[Modulo: 459]" classname="serie2.ex1.CounterModuloTest" time="0.012"/>
  <testcase name="multi threaded increment counter[Modulo: 460]" classname="serie2.ex1.CounterModuloTest" time="0.011"/>
  <testcase name="single threaded increment and decrement counter[Modulo: 460]" classname="serie2.ex1.CounterModuloTest" time="0.001"/>
  <testcase name="single threaded decrement at 0 gives module - 1[Modulo: 460]" classname="serie2.ex1.CounterModuloTest" time="0.0"/>
  <testcase name="single threaded increment at module - 1 gives 0[Modulo: 460]" classname="serie2.ex1.CounterModuloTest" time="0.0"/>
  <testcase name="multi threaded decrement counter[Modulo: 460]" classname="serie2.ex1.CounterModuloTest" time="0.012"/>
  <testcase name="multi threaded increment counter[Modulo: 461]" classname="serie2.ex1.CounterModuloTest" time="0.011"/>
  <testcase name="single threaded increment and decrement counter[Modulo: 461]" classname="serie2.ex1.CounterModuloTest" time="0.001"/>
  <testcase name="single threaded decrement at 0 gives module - 1[Modulo: 461]" classname="serie2.ex1.CounterModuloTest" time="0.0"/>
  <testcase name="single threaded increment at module - 1 gives 0[Modulo: 461]" classname="serie2.ex1.CounterModuloTest" time="0.0"/>
  <testcase name="multi threaded decrement counter[Modulo: 461]" classname="serie2.ex1.CounterModuloTest" time="0.011"/>
  <testcase name="multi threaded increment counter[Modulo: 462]" classname="serie2.ex1.CounterModuloTest" time="0.013"/>
  <testcase name="single threaded increment and decrement counter[Modulo: 462]" classname="serie2.ex1.CounterModuloTest" time="0.0"/>
  <testcase name="single threaded decrement at 0 gives module - 1[Modulo: 462]" classname="serie2.ex1.CounterModuloTest" time="0.0"/>
  <testcase name="single threaded increment at module - 1 gives 0[Modulo: 462]" classname="serie2.ex1.CounterModuloTest" time="0.0"/>
  <testcase name="multi threaded decrement counter[Modulo: 462]" classname="serie2.ex1.CounterModuloTest" time="0.011"/>
  <testcase name="multi threaded increment counter[Modulo: 463]" classname="serie2.ex1.CounterModuloTest" time="0.011"/>
  <testcase name="single threaded increment and decrement counter[Modulo: 463]" classname="serie2.ex1.CounterModuloTest" time="0.001"/>
  <testcase name="single threaded decrement at 0 gives module - 1[Modulo: 463]" classname="serie2.ex1.CounterModuloTest" time="0.0"/>
  <testcase name="single threaded increment at module - 1 gives 0[Modulo: 463]" classname="serie2.ex1.CounterModuloTest" time="0.0"/>
  <testcase name="multi threaded decrement counter[Modulo: 463]" classname="serie2.ex1.CounterModuloTest" time="0.017"/>
  <testcase name="multi threaded increment counter[Modulo: 464]" classname="serie2.ex1.CounterModuloTest" time="0.014"/>
  <testcase name="single threaded increment and decrement counter[Modulo: 464]" classname="serie2.ex1.CounterModuloTest" time="0.0"/>
  <testcase name="single threaded decrement at 0 gives module - 1[Modulo: 464]" classname="serie2.ex1.CounterModuloTest" time="0.0"/>
  <testcase name="single threaded increment at module - 1 gives 0[Modulo: 464]" classname="serie2.ex1.CounterModuloTest" time="0.0"/>
  <testcase name="multi threaded decrement counter[Modulo: 464]" classname="serie2.ex1.CounterModuloTest" time="0.014"/>
  <testcase name="multi threaded increment counter[Modulo: 465]" classname="serie2.ex1.CounterModuloTest" time="0.012"/>
  <testcase name="single threaded increment and decrement counter[Modulo: 465]" classname="serie2.ex1.CounterModuloTest" time="0.001"/>
  <testcase name="single threaded decrement at 0 gives module - 1[Modulo: 465]" classname="serie2.ex1.CounterModuloTest" time="0.0"/>
  <testcase name="single threaded increment at module - 1 gives 0[Modulo: 465]" classname="serie2.ex1.CounterModuloTest" time="0.0"/>
  <testcase name="multi threaded decrement counter[Modulo: 465]" classname="serie2.ex1.CounterModuloTest" time="0.013"/>
  <testcase name="multi threaded increment counter[Modulo: 466]" classname="serie2.ex1.CounterModuloTest" time="0.014"/>
  <testcase name="single threaded increment and decrement counter[Modulo: 466]" classname="serie2.ex1.CounterModuloTest" time="0.0"/>
  <testcase name="single threaded decrement at 0 gives module - 1[Modulo: 466]" classname="serie2.ex1.CounterModuloTest" time="0.0"/>
  <testcase name="single threaded increment at module - 1 gives 0[Modulo: 466]" classname="serie2.ex1.CounterModuloTest" time="0.0"/>
  <testcase name="multi threaded decrement counter[Modulo: 466]" classname="serie2.ex1.CounterModuloTest" time="0.014"/>
  <testcase name="multi threaded increment counter[Modulo: 467]" classname="serie2.ex1.CounterModuloTest" time="0.014"/>
  <testcase name="single threaded increment and decrement counter[Modulo: 467]" classname="serie2.ex1.CounterModuloTest" time="0.001"/>
  <testcase name="single threaded decrement at 0 gives module - 1[Modulo: 467]" classname="serie2.ex1.CounterModuloTest" time="0.0"/>
  <testcase name="single threaded increment at module - 1 gives 0[Modulo: 467]" classname="serie2.ex1.CounterModuloTest" time="0.0"/>
  <testcase name="multi threaded decrement counter[Modulo: 467]" classname="serie2.ex1.CounterModuloTest" time="0.013"/>
  <testcase name="multi threaded increment counter[Modulo: 468]" classname="serie2.ex1.CounterModuloTest" time="0.015"/>
  <testcase name="single threaded increment and decrement counter[Modulo: 468]" classname="serie2.ex1.CounterModuloTest" time="0.001"/>
  <testcase name="single threaded decrement at 0 gives module - 1[Modulo: 468]" classname="serie2.ex1.CounterModuloTest" time="0.0"/>
  <testcase name="single threaded increment at module - 1 gives 0[Modulo: 468]" classname="serie2.ex1.CounterModuloTest" time="0.0"/>
  <testcase name="multi threaded decrement counter[Modulo: 468]" classname="serie2.ex1.CounterModuloTest" time="0.013"/>
  <testcase name="multi threaded increment counter[Modulo: 469]" classname="serie2.ex1.CounterModuloTest" time="0.015"/>
  <testcase name="single threaded increment and decrement counter[Modulo: 469]" classname="serie2.ex1.CounterModuloTest" time="0.0"/>
  <testcase name="single threaded decrement at 0 gives module - 1[Modulo: 469]" classname="serie2.ex1.CounterModuloTest" time="0.0"/>
  <testcase name="single threaded increment at module - 1 gives 0[Modulo: 469]" classname="serie2.ex1.CounterModuloTest" time="0.0"/>
  <testcase name="multi threaded decrement counter[Modulo: 469]" classname="serie2.ex1.CounterModuloTest" time="0.011"/>
  <testcase name="multi threaded increment counter[Modulo: 470]" classname="serie2.ex1.CounterModuloTest" time="0.014"/>
  <testcase name="single threaded increment and decrement counter[Modulo: 470]" classname="serie2.ex1.CounterModuloTest" time="0.0"/>
  <testcase name="single threaded decrement at 0 gives module - 1[Modulo: 470]" classname="serie2.ex1.CounterModuloTest" time="0.0"/>
  <testcase name="single threaded increment at module - 1 gives 0[Modulo: 470]" classname="serie2.ex1.CounterModuloTest" time="0.0"/>
  <testcase name="multi threaded decrement counter[Modulo: 470]" classname="serie2.ex1.CounterModuloTest" time="0.014"/>
  <testcase name="multi threaded increment counter[Modulo: 471]" classname="serie2.ex1.CounterModuloTest" time="0.014"/>
  <testcase name="single threaded increment and decrement counter[Modulo: 471]" classname="serie2.ex1.CounterModuloTest" time="0.0"/>
  <testcase name="single threaded decrement at 0 gives module - 1[Modulo: 471]" classname="serie2.ex1.CounterModuloTest" time="0.0"/>
  <testcase name="single threaded increment at module - 1 gives 0[Modulo: 471]" classname="serie2.ex1.CounterModuloTest" time="0.0"/>
  <testcase name="multi threaded decrement counter[Modulo: 471]" classname="serie2.ex1.CounterModuloTest" time="0.012"/>
  <testcase name="multi threaded increment counter[Modulo: 472]" classname="serie2.ex1.CounterModuloTest" time="0.015"/>
  <testcase name="single threaded increment and decrement counter[Modulo: 472]" classname="serie2.ex1.CounterModuloTest" time="0.001"/>
  <testcase name="single threaded decrement at 0 gives module - 1[Modulo: 472]" classname="serie2.ex1.CounterModuloTest" time="0.0"/>
  <testcase name="single threaded increment at module - 1 gives 0[Modulo: 472]" classname="serie2.ex1.CounterModuloTest" time="0.0"/>
  <testcase name="multi threaded decrement counter[Modulo: 472]" classname="serie2.ex1.CounterModuloTest" time="0.013"/>
  <testcase name="multi threaded increment counter[Modulo: 473]" classname="serie2.ex1.CounterModuloTest" time="0.014"/>
  <testcase name="single threaded increment and decrement counter[Modulo: 473]" classname="serie2.ex1.CounterModuloTest" time="0.0"/>
  <testcase name="single threaded decrement at 0 gives module - 1[Modulo: 473]" classname="serie2.ex1.CounterModuloTest" time="0.0"/>
  <testcase name="single threaded increment at module - 1 gives 0[Modulo: 473]" classname="serie2.ex1.CounterModuloTest" time="0.001"/>
  <testcase name="multi threaded decrement counter[Modulo: 473]" classname="serie2.ex1.CounterModuloTest" time="0.011"/>
  <testcase name="multi threaded increment counter[Modulo: 474]" classname="serie2.ex1.CounterModuloTest" time="0.012"/>
  <testcase name="single threaded increment and decrement counter[Modulo: 474]" classname="serie2.ex1.CounterModuloTest" time="0.0"/>
  <testcase name="single threaded decrement at 0 gives module - 1[Modulo: 474]" classname="serie2.ex1.CounterModuloTest" time="0.0"/>
  <testcase name="single threaded increment at module - 1 gives 0[Modulo: 474]" classname="serie2.ex1.CounterModuloTest" time="0.0"/>
  <testcase name="multi threaded decrement counter[Modulo: 474]" classname="serie2.ex1.CounterModuloTest" time="0.013"/>
  <testcase name="multi threaded increment counter[Modulo: 475]" classname="serie2.ex1.CounterModuloTest" time="0.014"/>
  <testcase name="single threaded increment and decrement counter[Modulo: 475]" classname="serie2.ex1.CounterModuloTest" time="0.0"/>
  <testcase name="single threaded decrement at 0 gives module - 1[Modulo: 475]" classname="serie2.ex1.CounterModuloTest" time="0.0"/>
  <testcase name="single threaded increment at module - 1 gives 0[Modulo: 475]" classname="serie2.ex1.CounterModuloTest" time="0.0"/>
  <testcase name="multi threaded decrement counter[Modulo: 475]" classname="serie2.ex1.CounterModuloTest" time="0.011"/>
  <testcase name="multi threaded increment counter[Modulo: 476]" classname="serie2.ex1.CounterModuloTest" time="0.014"/>
  <testcase name="single threaded increment and decrement counter[Modulo: 476]" classname="serie2.ex1.CounterModuloTest" time="0.001"/>
  <testcase name="single threaded decrement at 0 gives module - 1[Modulo: 476]" classname="serie2.ex1.CounterModuloTest" time="0.0"/>
  <testcase name="single threaded increment at module - 1 gives 0[Modulo: 476]" classname="serie2.ex1.CounterModuloTest" time="0.0"/>
  <testcase name="multi threaded decrement counter[Modulo: 476]" classname="serie2.ex1.CounterModuloTest" time="0.011"/>
  <testcase name="multi threaded increment counter[Modulo: 477]" classname="serie2.ex1.CounterModuloTest" time="0.012"/>
  <testcase name="single threaded increment and decrement counter[Modulo: 477]" classname="serie2.ex1.CounterModuloTest" time="0.0"/>
  <testcase name="single threaded decrement at 0 gives module - 1[Modulo: 477]" classname="serie2.ex1.CounterModuloTest" time="0.0"/>
  <testcase name="single threaded increment at module - 1 gives 0[Modulo: 477]" classname="serie2.ex1.CounterModuloTest" time="0.0"/>
  <testcase name="multi threaded decrement counter[Modulo: 477]" classname="serie2.ex1.CounterModuloTest" time="0.015"/>
  <testcase name="multi threaded increment counter[Modulo: 478]" classname="serie2.ex1.CounterModuloTest" time="0.013"/>
  <testcase name="single threaded increment and decrement counter[Modulo: 478]" classname="serie2.ex1.CounterModuloTest" time="0.001"/>
  <testcase name="single threaded decrement at 0 gives module - 1[Modulo: 478]" classname="serie2.ex1.CounterModuloTest" time="0.0"/>
  <testcase name="single threaded increment at module - 1 gives 0[Modulo: 478]" classname="serie2.ex1.CounterModuloTest" time="0.0"/>
  <testcase name="multi threaded decrement counter[Modulo: 478]" classname="serie2.ex1.CounterModuloTest" time="0.013"/>
  <testcase name="multi threaded increment counter[Modulo: 479]" classname="serie2.ex1.CounterModuloTest" time="0.012"/>
  <testcase name="single threaded increment and decrement counter[Modulo: 479]" classname="serie2.ex1.CounterModuloTest" time="0.001"/>
  <testcase name="single threaded decrement at 0 gives module - 1[Modulo: 479]" classname="serie2.ex1.CounterModuloTest" time="0.0"/>
  <testcase name="single threaded increment at module - 1 gives 0[Modulo: 479]" classname="serie2.ex1.CounterModuloTest" time="0.0"/>
  <testcase name="multi threaded decrement counter[Modulo: 479]" classname="serie2.ex1.CounterModuloTest" time="0.013"/>
  <testcase name="multi threaded increment counter[Modulo: 480]" classname="serie2.ex1.CounterModuloTest" time="0.012"/>
  <testcase name="single threaded increment and decrement counter[Modulo: 480]" classname="serie2.ex1.CounterModuloTest" time="0.001"/>
  <testcase name="single threaded decrement at 0 gives module - 1[Modulo: 480]" classname="serie2.ex1.CounterModuloTest" time="0.0"/>
  <testcase name="single threaded increment at module - 1 gives 0[Modulo: 480]" classname="serie2.ex1.CounterModuloTest" time="0.0"/>
  <testcase name="multi threaded decrement counter[Modulo: 480]" classname="serie2.ex1.CounterModuloTest" time="0.013"/>
  <testcase name="multi threaded increment counter[Modulo: 481]" classname="serie2.ex1.CounterModuloTest" time="0.014"/>
  <testcase name="single threaded increment and decrement counter[Modulo: 481]" classname="serie2.ex1.CounterModuloTest" time="0.0"/>
  <testcase name="single threaded decrement at 0 gives module - 1[Modulo: 481]" classname="serie2.ex1.CounterModuloTest" time="0.0"/>
  <testcase name="single threaded increment at module - 1 gives 0[Modulo: 481]" classname="serie2.ex1.CounterModuloTest" time="0.0"/>
  <testcase name="multi threaded decrement counter[Modulo: 481]" classname="serie2.ex1.CounterModuloTest" time="0.016"/>
  <testcase name="multi threaded increment counter[Modulo: 482]" classname="serie2.ex1.CounterModuloTest" time="0.014"/>
  <testcase name="single threaded increment and decrement counter[Modulo: 482]" classname="serie2.ex1.CounterModuloTest" time="0.0"/>
  <testcase name="single threaded decrement at 0 gives module - 1[Modulo: 482]" classname="serie2.ex1.CounterModuloTest" time="0.001"/>
  <testcase name="single threaded increment at module - 1 gives 0[Modulo: 482]" classname="serie2.ex1.CounterModuloTest" time="0.0"/>
  <testcase name="multi threaded decrement counter[Modulo: 482]" classname="serie2.ex1.CounterModuloTest" time="0.013"/>
  <testcase name="multi threaded increment counter[Modulo: 483]" classname="serie2.ex1.CounterModuloTest" time="0.03"/>
  <testcase name="single threaded increment and decrement counter[Modulo: 483]" classname="serie2.ex1.CounterModuloTest" time="0.001"/>
  <testcase name="single threaded decrement at 0 gives module - 1[Modulo: 483]" classname="serie2.ex1.CounterModuloTest" time="0.0"/>
  <testcase name="single threaded increment at module - 1 gives 0[Modulo: 483]" classname="serie2.ex1.CounterModuloTest" time="0.0"/>
  <testcase name="multi threaded decrement counter[Modulo: 483]" classname="serie2.ex1.CounterModuloTest" time="0.042"/>
  <testcase name="multi threaded increment counter[Modulo: 484]" classname="serie2.ex1.CounterModuloTest" time="0.014"/>
  <testcase name="single threaded increment and decrement counter[Modulo: 484]" classname="serie2.ex1.CounterModuloTest" time="0.0"/>
  <testcase name="single threaded decrement at 0 gives module - 1[Modulo: 484]" classname="serie2.ex1.CounterModuloTest" time="0.0"/>
  <testcase name="single threaded increment at module - 1 gives 0[Modulo: 484]" classname="serie2.ex1.CounterModuloTest" time="0.0"/>
  <testcase name="multi threaded decrement counter[Modulo: 484]" classname="serie2.ex1.CounterModuloTest" time="0.014"/>
  <testcase name="multi threaded increment counter[Modulo: 485]" classname="serie2.ex1.CounterModuloTest" time="0.013"/>
  <testcase name="single threaded increment and decrement counter[Modulo: 485]" classname="serie2.ex1.CounterModuloTest" time="0.001"/>
  <testcase name="single threaded decrement at 0 gives module - 1[Modulo: 485]" classname="serie2.ex1.CounterModuloTest" time="0.0"/>
  <testcase name="single threaded increment at module - 1 gives 0[Modulo: 485]" classname="serie2.ex1.CounterModuloTest" time="0.0"/>
  <testcase name="multi threaded decrement counter[Modulo: 485]" classname="serie2.ex1.CounterModuloTest" time="0.015"/>
  <testcase name="multi threaded increment counter[Modulo: 486]" classname="serie2.ex1.CounterModuloTest" time="0.016"/>
  <testcase name="single threaded increment and decrement counter[Modulo: 486]" classname="serie2.ex1.CounterModuloTest" time="0.001"/>
  <testcase name="single threaded decrement at 0 gives module - 1[Modulo: 486]" classname="serie2.ex1.CounterModuloTest" time="0.0"/>
  <testcase name="single threaded increment at module - 1 gives 0[Modulo: 486]" classname="serie2.ex1.CounterModuloTest" time="0.0"/>
  <testcase name="multi threaded decrement counter[Modulo: 486]" classname="serie2.ex1.CounterModuloTest" time="0.014"/>
  <testcase name="multi threaded increment counter[Modulo: 487]" classname="serie2.ex1.CounterModuloTest" time="0.016"/>
  <testcase name="single threaded increment and decrement counter[Modulo: 487]" classname="serie2.ex1.CounterModuloTest" time="0.0"/>
  <testcase name="single threaded decrement at 0 gives module - 1[Modulo: 487]" classname="serie2.ex1.CounterModuloTest" time="0.0"/>
  <testcase name="single threaded increment at module - 1 gives 0[Modulo: 487]" classname="serie2.ex1.CounterModuloTest" time="0.0"/>
  <testcase name="multi threaded decrement counter[Modulo: 487]" classname="serie2.ex1.CounterModuloTest" time="0.014"/>
  <testcase name="multi threaded increment counter[Modulo: 488]" classname="serie2.ex1.CounterModuloTest" time="0.015"/>
  <testcase name="single threaded increment and decrement counter[Modulo: 488]" classname="serie2.ex1.CounterModuloTest" time="0.001"/>
  <testcase name="single threaded decrement at 0 gives module - 1[Modulo: 488]" classname="serie2.ex1.CounterModuloTest" time="0.0"/>
  <testcase name="single threaded increment at module - 1 gives 0[Modulo: 488]" classname="serie2.ex1.CounterModuloTest" time="0.0"/>
  <testcase name="multi threaded decrement counter[Modulo: 488]" classname="serie2.ex1.CounterModuloTest" time="0.013"/>
  <testcase name="multi threaded increment counter[Modulo: 489]" classname="serie2.ex1.CounterModuloTest" time="0.014"/>
  <testcase name="single threaded increment and decrement counter[Modulo: 489]" classname="serie2.ex1.CounterModuloTest" time="0.001"/>
  <testcase name="single threaded decrement at 0 gives module - 1[Modulo: 489]" classname="serie2.ex1.CounterModuloTest" time="0.0"/>
  <testcase name="single threaded increment at module - 1 gives 0[Modulo: 489]" classname="serie2.ex1.CounterModuloTest" time="0.0"/>
  <testcase name="multi threaded decrement counter[Modulo: 489]" classname="serie2.ex1.CounterModuloTest" time="0.014"/>
  <testcase name="multi threaded increment counter[Modulo: 490]" classname="serie2.ex1.CounterModuloTest" time="0.014"/>
  <testcase name="single threaded increment and decrement counter[Modulo: 490]" classname="serie2.ex1.CounterModuloTest" time="0.0"/>
  <testcase name="single threaded decrement at 0 gives module - 1[Modulo: 490]" classname="serie2.ex1.CounterModuloTest" time="0.0"/>
  <testcase name="single threaded increment at module - 1 gives 0[Modulo: 490]" classname="serie2.ex1.CounterModuloTest" time="0.0"/>
  <testcase name="multi threaded decrement counter[Modulo: 490]" classname="serie2.ex1.CounterModuloTest" time="0.015"/>
  <testcase name="multi threaded increment counter[Modulo: 491]" classname="serie2.ex1.CounterModuloTest" time="0.014"/>
  <testcase name="single threaded increment and decrement counter[Modulo: 491]" classname="serie2.ex1.CounterModuloTest" time="0.001"/>
  <testcase name="single threaded decrement at 0 gives module - 1[Modulo: 491]" classname="serie2.ex1.CounterModuloTest" time="0.0"/>
  <testcase name="single threaded increment at module - 1 gives 0[Modulo: 491]" classname="serie2.ex1.CounterModuloTest" time="0.0"/>
  <testcase name="multi threaded decrement counter[Modulo: 491]" classname="serie2.ex1.CounterModuloTest" time="0.011"/>
  <testcase name="multi threaded increment counter[Modulo: 492]" classname="serie2.ex1.CounterModuloTest" time="0.013"/>
  <testcase name="single threaded increment and decrement counter[Modulo: 492]" classname="serie2.ex1.CounterModuloTest" time="0.0"/>
  <testcase name="single threaded decrement at 0 gives module - 1[Modulo: 492]" classname="serie2.ex1.CounterModuloTest" time="0.0"/>
  <testcase name="single threaded increment at module - 1 gives 0[Modulo: 492]" classname="serie2.ex1.CounterModuloTest" time="0.0"/>
  <testcase name="multi threaded decrement counter[Modulo: 492]" classname="serie2.ex1.CounterModuloTest" time="0.014"/>
  <testcase name="multi threaded increment counter[Modulo: 493]" classname="serie2.ex1.CounterModuloTest" time="0.015"/>
  <testcase name="single threaded increment and decrement counter[Modulo: 493]" classname="serie2.ex1.CounterModuloTest" time="0.0"/>
  <testcase name="single threaded decrement at 0 gives module - 1[Modulo: 493]" classname="serie2.ex1.CounterModuloTest" time="0.0"/>
  <testcase name="single threaded increment at module - 1 gives 0[Modulo: 493]" classname="serie2.ex1.CounterModuloTest" time="0.0"/>
  <testcase name="multi threaded decrement counter[Modulo: 493]" classname="serie2.ex1.CounterModuloTest" time="0.014"/>
  <testcase name="multi threaded increment counter[Modulo: 494]" classname="serie2.ex1.CounterModuloTest" time="0.015"/>
  <testcase name="single threaded increment and decrement counter[Modulo: 494]" classname="serie2.ex1.CounterModuloTest" time="0.0"/>
  <testcase name="single threaded decrement at 0 gives module - 1[Modulo: 494]" classname="serie2.ex1.CounterModuloTest" time="0.0"/>
  <testcase name="single threaded increment at module - 1 gives 0[Modulo: 494]" classname="serie2.ex1.CounterModuloTest" time="0.0"/>
  <testcase name="multi threaded decrement counter[Modulo: 494]" classname="serie2.ex1.CounterModuloTest" time="0.013"/>
  <testcase name="multi threaded increment counter[Modulo: 495]" classname="serie2.ex1.CounterModuloTest" time="0.015"/>
  <testcase name="single threaded increment and decrement counter[Modulo: 495]" classname="serie2.ex1.CounterModuloTest" time="0.001"/>
  <testcase name="single threaded decrement at 0 gives module - 1[Modulo: 495]" classname="serie2.ex1.CounterModuloTest" time="0.0"/>
  <testcase name="single threaded increment at module - 1 gives 0[Modulo: 495]" classname="serie2.ex1.CounterModuloTest" time="0.0"/>
  <testcase name="multi threaded decrement counter[Modulo: 495]" classname="serie2.ex1.CounterModuloTest" time="0.014"/>
  <testcase name="multi threaded increment counter[Modulo: 496]" classname="serie2.ex1.CounterModuloTest" time="0.014"/>
  <testcase name="single threaded increment and decrement counter[Modulo: 496]" classname="serie2.ex1.CounterModuloTest" time="0.0"/>
  <testcase name="single threaded decrement at 0 gives module - 1[Modulo: 496]" classname="serie2.ex1.CounterModuloTest" time="0.0"/>
  <testcase name="single threaded increment at module - 1 gives 0[Modulo: 496]" classname="serie2.ex1.CounterModuloTest" time="0.0"/>
  <testcase name="multi threaded decrement counter[Modulo: 496]" classname="serie2.ex1.CounterModuloTest" time="0.014"/>
  <testcase name="multi threaded increment counter[Modulo: 497]" classname="serie2.ex1.CounterModuloTest" time="0.011"/>
  <testcase name="single threaded increment and decrement counter[Modulo: 497]" classname="serie2.ex1.CounterModuloTest" time="0.001"/>
  <testcase name="single threaded decrement at 0 gives module - 1[Modulo: 497]" classname="serie2.ex1.CounterModuloTest" time="0.0"/>
  <testcase name="single threaded increment at module - 1 gives 0[Modulo: 497]" classname="serie2.ex1.CounterModuloTest" time="0.0"/>
  <testcase name="multi threaded decrement counter[Modulo: 497]" classname="serie2.ex1.CounterModuloTest" time="0.012"/>
  <testcase name="multi threaded increment counter[Modulo: 498]" classname="serie2.ex1.CounterModuloTest" time="0.013"/>
  <testcase name="single threaded increment and decrement counter[Modulo: 498]" classname="serie2.ex1.CounterModuloTest" time="0.001"/>
  <testcase name="single threaded decrement at 0 gives module - 1[Modulo: 498]" classname="serie2.ex1.CounterModuloTest" time="0.0"/>
  <testcase name="single threaded increment at module - 1 gives 0[Modulo: 498]" classname="serie2.ex1.CounterModuloTest" time="0.0"/>
  <testcase name="multi threaded decrement counter[Modulo: 498]" classname="serie2.ex1.CounterModuloTest" time="0.011"/>
  <testcase name="multi threaded increment counter[Modulo: 499]" classname="serie2.ex1.CounterModuloTest" time="0.012"/>
  <testcase name="single threaded increment and decrement counter[Modulo: 499]" classname="serie2.ex1.CounterModuloTest" time="0.001"/>
  <testcase name="single threaded decrement at 0 gives module - 1[Modulo: 499]" classname="serie2.ex1.CounterModuloTest" time="0.0"/>
  <testcase name="single threaded increment at module - 1 gives 0[Modulo: 499]" classname="serie2.ex1.CounterModuloTest" time="0.0"/>
  <testcase name="multi threaded decrement counter[Modulo: 499]" classname="serie2.ex1.CounterModuloTest" time="0.011"/>
  <testcase name="multi threaded increment counter[Modulo: 500]" classname="serie2.ex1.CounterModuloTest" time="0.012"/>
  <testcase name="single threaded increment and decrement counter[Modulo: 500]" classname="serie2.ex1.CounterModuloTest" time="0.0"/>
  <testcase name="single threaded decrement at 0 gives module - 1[Modulo: 500]" classname="serie2.ex1.CounterModuloTest" time="0.0"/>
  <testcase name="single threaded increment at module - 1 gives 0[Modulo: 500]" classname="serie2.ex1.CounterModuloTest" time="0.0"/>
  <testcase name="multi threaded decrement counter[Modulo: 500]" classname="serie2.ex1.CounterModuloTest" time="0.012"/>
  <testcase name="multi threaded increment counter[Modulo: 501]" classname="serie2.ex1.CounterModuloTest" time="0.012"/>
  <testcase name="single threaded increment and decrement counter[Modulo: 501]" classname="serie2.ex1.CounterModuloTest" time="0.001"/>
  <testcase name="single threaded decrement at 0 gives module - 1[Modulo: 501]" classname="serie2.ex1.CounterModuloTest" time="0.0"/>
  <testcase name="single threaded increment at module - 1 gives 0[Modulo: 501]" classname="serie2.ex1.CounterModuloTest" time="0.0"/>
  <testcase name="multi threaded decrement counter[Modulo: 501]" classname="serie2.ex1.CounterModuloTest" time="0.011"/>
  <testcase name="multi threaded increment counter[Modulo: 502]" classname="serie2.ex1.CounterModuloTest" time="0.012"/>
  <testcase name="single threaded increment and decrement counter[Modulo: 502]" classname="serie2.ex1.CounterModuloTest" time="0.001"/>
  <testcase name="single threaded decrement at 0 gives module - 1[Modulo: 502]" classname="serie2.ex1.CounterModuloTest" time="0.0"/>
  <testcase name="single threaded increment at module - 1 gives 0[Modulo: 502]" classname="serie2.ex1.CounterModuloTest" time="0.0"/>
  <testcase name="multi threaded decrement counter[Modulo: 502]" classname="serie2.ex1.CounterModuloTest" time="0.015"/>
  <testcase name="multi threaded increment counter[Modulo: 503]" classname="serie2.ex1.CounterModuloTest" time="0.013"/>
  <testcase name="single threaded increment and decrement counter[Modulo: 503]" classname="serie2.ex1.CounterModuloTest" time="0.0"/>
  <testcase name="single threaded decrement at 0 gives module - 1[Modulo: 503]" classname="serie2.ex1.CounterModuloTest" time="0.0"/>
  <testcase name="single threaded increment at module - 1 gives 0[Modulo: 503]" classname="serie2.ex1.CounterModuloTest" time="0.0"/>
  <testcase name="multi threaded decrement counter[Modulo: 503]" classname="serie2.ex1.CounterModuloTest" time="0.012"/>
  <testcase name="multi threaded increment counter[Modulo: 504]" classname="serie2.ex1.CounterModuloTest" time="0.012"/>
  <testcase name="single threaded increment and decrement counter[Modulo: 504]" classname="serie2.ex1.CounterModuloTest" time="0.001"/>
  <testcase name="single threaded decrement at 0 gives module - 1[Modulo: 504]" classname="serie2.ex1.CounterModuloTest" time="0.0"/>
  <testcase name="single threaded increment at module - 1 gives 0[Modulo: 504]" classname="serie2.ex1.CounterModuloTest" time="0.0"/>
  <testcase name="multi threaded decrement counter[Modulo: 504]" classname="serie2.ex1.CounterModuloTest" time="0.011"/>
  <testcase name="multi threaded increment counter[Modulo: 505]" classname="serie2.ex1.CounterModuloTest" time="0.013"/>
  <testcase name="single threaded increment and decrement counter[Modulo: 505]" classname="serie2.ex1.CounterModuloTest" time="0.001"/>
  <testcase name="single threaded decrement at 0 gives module - 1[Modulo: 505]" classname="serie2.ex1.CounterModuloTest" time="0.0"/>
  <testcase name="single threaded increment at module - 1 gives 0[Modulo: 505]" classname="serie2.ex1.CounterModuloTest" time="0.0"/>
  <testcase name="multi threaded decrement counter[Modulo: 505]" classname="serie2.ex1.CounterModuloTest" time="0.012"/>
  <testcase name="multi threaded increment counter[Modulo: 506]" classname="serie2.ex1.CounterModuloTest" time="0.012"/>
  <testcase name="single threaded increment and decrement counter[Modulo: 506]" classname="serie2.ex1.CounterModuloTest" time="0.0"/>
  <testcase name="single threaded decrement at 0 gives module - 1[Modulo: 506]" classname="serie2.ex1.CounterModuloTest" time="0.0"/>
  <testcase name="single threaded increment at module - 1 gives 0[Modulo: 506]" classname="serie2.ex1.CounterModuloTest" time="0.0"/>
  <testcase name="multi threaded decrement counter[Modulo: 506]" classname="serie2.ex1.CounterModuloTest" time="0.012"/>
  <testcase name="multi threaded increment counter[Modulo: 507]" classname="serie2.ex1.CounterModuloTest" time="0.012"/>
  <testcase name="single threaded increment and decrement counter[Modulo: 507]" classname="serie2.ex1.CounterModuloTest" time="0.001"/>
  <testcase name="single threaded decrement at 0 gives module - 1[Modulo: 507]" classname="serie2.ex1.CounterModuloTest" time="0.0"/>
  <testcase name="single threaded increment at module - 1 gives 0[Modulo: 507]" classname="serie2.ex1.CounterModuloTest" time="0.0"/>
  <testcase name="multi threaded decrement counter[Modulo: 507]" classname="serie2.ex1.CounterModuloTest" time="0.012"/>
  <testcase name="multi threaded increment counter[Modulo: 508]" classname="serie2.ex1.CounterModuloTest" time="0.012"/>
  <testcase name="single threaded increment and decrement counter[Modulo: 508]" classname="serie2.ex1.CounterModuloTest" time="0.0"/>
  <testcase name="single threaded decrement at 0 gives module - 1[Modulo: 508]" classname="serie2.ex1.CounterModuloTest" time="0.0"/>
  <testcase name="single threaded increment at module - 1 gives 0[Modulo: 508]" classname="serie2.ex1.CounterModuloTest" time="0.0"/>
  <testcase name="multi threaded decrement counter[Modulo: 508]" classname="serie2.ex1.CounterModuloTest" time="0.011"/>
  <testcase name="multi threaded increment counter[Modulo: 509]" classname="serie2.ex1.CounterModuloTest" time="0.012"/>
  <testcase name="single threaded increment and decrement counter[Modulo: 509]" classname="serie2.ex1.CounterModuloTest" time="0.0"/>
  <testcase name="single threaded decrement at 0 gives module - 1[Modulo: 509]" classname="serie2.ex1.CounterModuloTest" time="0.0"/>
  <testcase name="single threaded increment at module - 1 gives 0[Modulo: 509]" classname="serie2.ex1.CounterModuloTest" time="0.0"/>
  <testcase name="multi threaded decrement counter[Modulo: 509]" classname="serie2.ex1.CounterModuloTest" time="0.012"/>
  <testcase name="multi threaded increment counter[Modulo: 510]" classname="serie2.ex1.CounterModuloTest" time="0.012"/>
  <testcase name="single threaded increment and decrement counter[Modulo: 510]" classname="serie2.ex1.CounterModuloTest" time="0.0"/>
  <testcase name="single threaded decrement at 0 gives module - 1[Modulo: 510]" classname="serie2.ex1.CounterModuloTest" time="0.0"/>
  <testcase name="single threaded increment at module - 1 gives 0[Modulo: 510]" classname="serie2.ex1.CounterModuloTest" time="0.0"/>
  <testcase name="multi threaded decrement counter[Modulo: 510]" classname="serie2.ex1.CounterModuloTest" time="0.012"/>
  <testcase name="multi threaded increment counter[Modulo: 511]" classname="serie2.ex1.CounterModuloTest" time="0.011"/>
  <testcase name="single threaded increment and decrement counter[Modulo: 511]" classname="serie2.ex1.CounterModuloTest" time="0.0"/>
  <testcase name="single threaded decrement at 0 gives module - 1[Modulo: 511]" classname="serie2.ex1.CounterModuloTest" time="0.0"/>
  <testcase name="single threaded increment at module - 1 gives 0[Modulo: 511]" classname="serie2.ex1.CounterModuloTest" time="0.0"/>
  <testcase name="multi threaded decrement counter[Modulo: 511]" classname="serie2.ex1.CounterModuloTest" time="0.012"/>
  <testcase name="multi threaded increment counter[Modulo: 512]" classname="serie2.ex1.CounterModuloTest" time="0.013"/>
  <testcase name="single threaded increment and decrement counter[Modulo: 512]" classname="serie2.ex1.CounterModuloTest" time="0.0"/>
  <testcase name="single threaded decrement at 0 gives module - 1[Modulo: 512]" classname="serie2.ex1.CounterModuloTest" time="0.0"/>
  <testcase name="single threaded increment at module - 1 gives 0[Modulo: 512]" classname="serie2.ex1.CounterModuloTest" time="0.0"/>
  <testcase name="multi threaded decrement counter[Modulo: 512]" classname="serie2.ex1.CounterModuloTest" time="0.011"/>
  <testcase name="multi threaded increment counter[Modulo: 513]" classname="serie2.ex1.CounterModuloTest" time="0.012"/>
  <testcase name="single threaded increment and decrement counter[Modulo: 513]" classname="serie2.ex1.CounterModuloTest" time="0.0"/>
  <testcase name="single threaded decrement at 0 gives module - 1[Modulo: 513]" classname="serie2.ex1.CounterModuloTest" time="0.0"/>
  <testcase name="single threaded increment at module - 1 gives 0[Modulo: 513]" classname="serie2.ex1.CounterModuloTest" time="0.0"/>
  <testcase name="multi threaded decrement counter[Modulo: 513]" classname="serie2.ex1.CounterModuloTest" time="0.013"/>
  <testcase name="multi threaded increment counter[Modulo: 514]" classname="serie2.ex1.CounterModuloTest" time="0.012"/>
  <testcase name="single threaded increment and decrement counter[Modulo: 514]" classname="serie2.ex1.CounterModuloTest" time="0.0"/>
  <testcase name="single threaded decrement at 0 gives module - 1[Modulo: 514]" classname="serie2.ex1.CounterModuloTest" time="0.0"/>
  <testcase name="single threaded increment at module - 1 gives 0[Modulo: 514]" classname="serie2.ex1.CounterModuloTest" time="0.0"/>
  <testcase name="multi threaded decrement counter[Modulo: 514]" classname="serie2.ex1.CounterModuloTest" time="0.013"/>
  <testcase name="multi threaded increment counter[Modulo: 515]" classname="serie2.ex1.CounterModuloTest" time="0.011"/>
  <testcase name="single threaded increment and decrement counter[Modulo: 515]" classname="serie2.ex1.CounterModuloTest" time="0.001"/>
  <testcase name="single threaded decrement at 0 gives module - 1[Modulo: 515]" classname="serie2.ex1.CounterModuloTest" time="0.0"/>
  <testcase name="single threaded increment at module - 1 gives 0[Modulo: 515]" classname="serie2.ex1.CounterModuloTest" time="0.0"/>
  <testcase name="multi threaded decrement counter[Modulo: 515]" classname="serie2.ex1.CounterModuloTest" time="0.012"/>
  <testcase name="multi threaded increment counter[Modulo: 516]" classname="serie2.ex1.CounterModuloTest" time="0.012"/>
  <testcase name="single threaded increment and decrement counter[Modulo: 516]" classname="serie2.ex1.CounterModuloTest" time="0.0"/>
  <testcase name="single threaded decrement at 0 gives module - 1[Modulo: 516]" classname="serie2.ex1.CounterModuloTest" time="0.0"/>
  <testcase name="single threaded increment at module - 1 gives 0[Modulo: 516]" classname="serie2.ex1.CounterModuloTest" time="0.0"/>
  <testcase name="multi threaded decrement counter[Modulo: 516]" classname="serie2.ex1.CounterModuloTest" time="0.012"/>
  <testcase name="multi threaded increment counter[Modulo: 517]" classname="serie2.ex1.CounterModuloTest" time="0.012"/>
  <testcase name="single threaded increment and decrement counter[Modulo: 517]" classname="serie2.ex1.CounterModuloTest" time="0.0"/>
  <testcase name="single threaded decrement at 0 gives module - 1[Modulo: 517]" classname="serie2.ex1.CounterModuloTest" time="0.0"/>
  <testcase name="single threaded increment at module - 1 gives 0[Modulo: 517]" classname="serie2.ex1.CounterModuloTest" time="0.0"/>
  <testcase name="multi threaded decrement counter[Modulo: 517]" classname="serie2.ex1.CounterModuloTest" time="0.012"/>
  <testcase name="multi threaded increment counter[Modulo: 518]" classname="serie2.ex1.CounterModuloTest" time="0.012"/>
  <testcase name="single threaded increment and decrement counter[Modulo: 518]" classname="serie2.ex1.CounterModuloTest" time="0.0"/>
  <testcase name="single threaded decrement at 0 gives module - 1[Modulo: 518]" classname="serie2.ex1.CounterModuloTest" time="0.0"/>
  <testcase name="single threaded increment at module - 1 gives 0[Modulo: 518]" classname="serie2.ex1.CounterModuloTest" time="0.0"/>
  <testcase name="multi threaded decrement counter[Modulo: 518]" classname="serie2.ex1.CounterModuloTest" time="0.012"/>
  <testcase name="multi threaded increment counter[Modulo: 519]" classname="serie2.ex1.CounterModuloTest" time="0.012"/>
  <testcase name="single threaded increment and decrement counter[Modulo: 519]" classname="serie2.ex1.CounterModuloTest" time="0.001"/>
  <testcase name="single threaded decrement at 0 gives module - 1[Modulo: 519]" classname="serie2.ex1.CounterModuloTest" time="0.0"/>
  <testcase name="single threaded increment at module - 1 gives 0[Modulo: 519]" classname="serie2.ex1.CounterModuloTest" time="0.0"/>
  <testcase name="multi threaded decrement counter[Modulo: 519]" classname="serie2.ex1.CounterModuloTest" time="0.012"/>
  <testcase name="multi threaded increment counter[Modulo: 520]" classname="serie2.ex1.CounterModuloTest" time="0.011"/>
  <testcase name="single threaded increment and decrement counter[Modulo: 520]" classname="serie2.ex1.CounterModuloTest" time="0.0"/>
  <testcase name="single threaded decrement at 0 gives module - 1[Modulo: 520]" classname="serie2.ex1.CounterModuloTest" time="0.0"/>
  <testcase name="single threaded increment at module - 1 gives 0[Modulo: 520]" classname="serie2.ex1.CounterModuloTest" time="0.0"/>
  <testcase name="multi threaded decrement counter[Modulo: 520]" classname="serie2.ex1.CounterModuloTest" time="0.012"/>
  <testcase name="multi threaded increment counter[Modulo: 521]" classname="serie2.ex1.CounterModuloTest" time="0.012"/>
  <testcase name="single threaded increment and decrement counter[Modulo: 521]" classname="serie2.ex1.CounterModuloTest" time="0.0"/>
  <testcase name="single threaded decrement at 0 gives module - 1[Modulo: 521]" classname="serie2.ex1.CounterModuloTest" time="0.0"/>
  <testcase name="single threaded increment at module - 1 gives 0[Modulo: 521]" classname="serie2.ex1.CounterModuloTest" time="0.001"/>
  <testcase name="multi threaded decrement counter[Modulo: 521]" classname="serie2.ex1.CounterModuloTest" time="0.01"/>
  <testcase name="multi threaded increment counter[Modulo: 522]" classname="serie2.ex1.CounterModuloTest" time="0.013"/>
  <testcase name="single threaded increment and decrement counter[Modulo: 522]" classname="serie2.ex1.CounterModuloTest" time="0.0"/>
  <testcase name="single threaded decrement at 0 gives module - 1[Modulo: 522]" classname="serie2.ex1.CounterModuloTest" time="0.0"/>
  <testcase name="single threaded increment at module - 1 gives 0[Modulo: 522]" classname="serie2.ex1.CounterModuloTest" time="0.0"/>
  <testcase name="multi threaded decrement counter[Modulo: 522]" classname="serie2.ex1.CounterModuloTest" time="0.012"/>
  <testcase name="multi threaded increment counter[Modulo: 523]" classname="serie2.ex1.CounterModuloTest" time="0.011"/>
  <testcase name="single threaded increment and decrement counter[Modulo: 523]" classname="serie2.ex1.CounterModuloTest" time="0.001"/>
  <testcase name="single threaded decrement at 0 gives module - 1[Modulo: 523]" classname="serie2.ex1.CounterModuloTest" time="0.0"/>
  <testcase name="single threaded increment at module - 1 gives 0[Modulo: 523]" classname="serie2.ex1.CounterModuloTest" time="0.0"/>
  <testcase name="multi threaded decrement counter[Modulo: 523]" classname="serie2.ex1.CounterModuloTest" time="0.011"/>
  <testcase name="multi threaded increment counter[Modulo: 524]" classname="serie2.ex1.CounterModuloTest" time="0.014"/>
  <testcase name="single threaded increment and decrement counter[Modulo: 524]" classname="serie2.ex1.CounterModuloTest" time="0.0"/>
  <testcase name="single threaded decrement at 0 gives module - 1[Modulo: 524]" classname="serie2.ex1.CounterModuloTest" time="0.0"/>
  <testcase name="single threaded increment at module - 1 gives 0[Modulo: 524]" classname="serie2.ex1.CounterModuloTest" time="0.0"/>
  <testcase name="multi threaded decrement counter[Modulo: 524]" classname="serie2.ex1.CounterModuloTest" time="0.013"/>
  <testcase name="multi threaded increment counter[Modulo: 525]" classname="serie2.ex1.CounterModuloTest" time="0.013"/>
  <testcase name="single threaded increment and decrement counter[Modulo: 525]" classname="serie2.ex1.CounterModuloTest" time="0.0"/>
  <testcase name="single threaded decrement at 0 gives module - 1[Modulo: 525]" classname="serie2.ex1.CounterModuloTest" time="0.0"/>
  <testcase name="single threaded increment at module - 1 gives 0[Modulo: 525]" classname="serie2.ex1.CounterModuloTest" time="0.0"/>
  <testcase name="multi threaded decrement counter[Modulo: 525]" classname="serie2.ex1.CounterModuloTest" time="0.011"/>
  <testcase name="multi threaded increment counter[Modulo: 526]" classname="serie2.ex1.CounterModuloTest" time="0.012"/>
  <testcase name="single threaded increment and decrement counter[Modulo: 526]" classname="serie2.ex1.CounterModuloTest" time="0.001"/>
  <testcase name="single threaded decrement at 0 gives module - 1[Modulo: 526]" classname="serie2.ex1.CounterModuloTest" time="0.0"/>
  <testcase name="single threaded increment at module - 1 gives 0[Modulo: 526]" classname="serie2.ex1.CounterModuloTest" time="0.0"/>
  <testcase name="multi threaded decrement counter[Modulo: 526]" classname="serie2.ex1.CounterModuloTest" time="0.01"/>
  <testcase name="multi threaded increment counter[Modulo: 527]" classname="serie2.ex1.CounterModuloTest" time="0.013"/>
  <testcase name="single threaded increment and decrement counter[Modulo: 527]" classname="serie2.ex1.CounterModuloTest" time="0.0"/>
  <testcase name="single threaded decrement at 0 gives module - 1[Modulo: 527]" classname="serie2.ex1.CounterModuloTest" time="0.0"/>
  <testcase name="single threaded increment at module - 1 gives 0[Modulo: 527]" classname="serie2.ex1.CounterModuloTest" time="0.0"/>
  <testcase name="multi threaded decrement counter[Modulo: 527]" classname="serie2.ex1.CounterModuloTest" time="0.012"/>
  <testcase name="multi threaded increment counter[Modulo: 528]" classname="serie2.ex1.CounterModuloTest" time="0.012"/>
  <testcase name="single threaded increment and decrement counter[Modulo: 528]" classname="serie2.ex1.CounterModuloTest" time="0.0"/>
  <testcase name="single threaded decrement at 0 gives module - 1[Modulo: 528]" classname="serie2.ex1.CounterModuloTest" time="0.0"/>
  <testcase name="single threaded increment at module - 1 gives 0[Modulo: 528]" classname="serie2.ex1.CounterModuloTest" time="0.0"/>
  <testcase name="multi threaded decrement counter[Modulo: 528]" classname="serie2.ex1.CounterModuloTest" time="0.011"/>
  <testcase name="multi threaded increment counter[Modulo: 529]" classname="serie2.ex1.CounterModuloTest" time="0.012"/>
  <testcase name="single threaded increment and decrement counter[Modulo: 529]" classname="serie2.ex1.CounterModuloTest" time="0.001"/>
  <testcase name="single threaded decrement at 0 gives module - 1[Modulo: 529]" classname="serie2.ex1.CounterModuloTest" time="0.0"/>
  <testcase name="single threaded increment at module - 1 gives 0[Modulo: 529]" classname="serie2.ex1.CounterModuloTest" time="0.0"/>
  <testcase name="multi threaded decrement counter[Modulo: 529]" classname="serie2.ex1.CounterModuloTest" time="0.012"/>
  <testcase name="multi threaded increment counter[Modulo: 530]" classname="serie2.ex1.CounterModuloTest" time="0.012"/>
  <testcase name="single threaded increment and decrement counter[Modulo: 530]" classname="serie2.ex1.CounterModuloTest" time="0.001"/>
  <testcase name="single threaded decrement at 0 gives module - 1[Modulo: 530]" classname="serie2.ex1.CounterModuloTest" time="0.0"/>
  <testcase name="single threaded increment at module - 1 gives 0[Modulo: 530]" classname="serie2.ex1.CounterModuloTest" time="0.0"/>
  <testcase name="multi threaded decrement counter[Modulo: 530]" classname="serie2.ex1.CounterModuloTest" time="0.012"/>
  <testcase name="multi threaded increment counter[Modulo: 531]" classname="serie2.ex1.CounterModuloTest" time="0.012"/>
  <testcase name="single threaded increment and decrement counter[Modulo: 531]" classname="serie2.ex1.CounterModuloTest" time="0.001"/>
  <testcase name="single threaded decrement at 0 gives module - 1[Modulo: 531]" classname="serie2.ex1.CounterModuloTest" time="0.0"/>
  <testcase name="single threaded increment at module - 1 gives 0[Modulo: 531]" classname="serie2.ex1.CounterModuloTest" time="0.0"/>
  <testcase name="multi threaded decrement counter[Modulo: 531]" classname="serie2.ex1.CounterModuloTest" time="0.01"/>
  <testcase name="multi threaded increment counter[Modulo: 532]" classname="serie2.ex1.CounterModuloTest" time="0.009"/>
  <testcase name="single threaded increment and decrement counter[Modulo: 532]" classname="serie2.ex1.CounterModuloTest" time="0.001"/>
  <testcase name="single threaded decrement at 0 gives module - 1[Modulo: 532]" classname="serie2.ex1.CounterModuloTest" time="0.0"/>
  <testcase name="single threaded increment at module - 1 gives 0[Modulo: 532]" classname="serie2.ex1.CounterModuloTest" time="0.0"/>
  <testcase name="multi threaded decrement counter[Modulo: 532]" classname="serie2.ex1.CounterModuloTest" time="0.01"/>
  <testcase name="multi threaded increment counter[Modulo: 533]" classname="serie2.ex1.CounterModuloTest" time="0.01"/>
  <testcase name="single threaded increment and decrement counter[Modulo: 533]" classname="serie2.ex1.CounterModuloTest" time="0.0"/>
  <testcase name="single threaded decrement at 0 gives module - 1[Modulo: 533]" classname="serie2.ex1.CounterModuloTest" time="0.001"/>
  <testcase name="single threaded increment at module - 1 gives 0[Modulo: 533]" classname="serie2.ex1.CounterModuloTest" time="0.0"/>
  <testcase name="multi threaded decrement counter[Modulo: 533]" classname="serie2.ex1.CounterModuloTest" time="0.01"/>
  <testcase name="multi threaded increment counter[Modulo: 534]" classname="serie2.ex1.CounterModuloTest" time="0.014"/>
  <testcase name="single threaded increment and decrement counter[Modulo: 534]" classname="serie2.ex1.CounterModuloTest" time="0.0"/>
  <testcase name="single threaded decrement at 0 gives module - 1[Modulo: 534]" classname="serie2.ex1.CounterModuloTest" time="0.0"/>
  <testcase name="single threaded increment at module - 1 gives 0[Modulo: 534]" classname="serie2.ex1.CounterModuloTest" time="0.0"/>
  <testcase name="multi threaded decrement counter[Modulo: 534]" classname="serie2.ex1.CounterModuloTest" time="0.015"/>
  <testcase name="multi threaded increment counter[Modulo: 535]" classname="serie2.ex1.CounterModuloTest" time="0.014"/>
  <testcase name="single threaded increment and decrement counter[Modulo: 535]" classname="serie2.ex1.CounterModuloTest" time="0.001"/>
  <testcase name="single threaded decrement at 0 gives module - 1[Modulo: 535]" classname="serie2.ex1.CounterModuloTest" time="0.0"/>
  <testcase name="single threaded increment at module - 1 gives 0[Modulo: 535]" classname="serie2.ex1.CounterModuloTest" time="0.0"/>
  <testcase name="multi threaded decrement counter[Modulo: 535]" classname="serie2.ex1.CounterModuloTest" time="0.012"/>
  <testcase name="multi threaded increment counter[Modulo: 536]" classname="serie2.ex1.CounterModuloTest" time="0.015"/>
  <testcase name="single threaded increment and decrement counter[Modulo: 536]" classname="serie2.ex1.CounterModuloTest" time="0.0"/>
  <testcase name="single threaded decrement at 0 gives module - 1[Modulo: 536]" classname="serie2.ex1.CounterModuloTest" time="0.0"/>
  <testcase name="single threaded increment at module - 1 gives 0[Modulo: 536]" classname="serie2.ex1.CounterModuloTest" time="0.0"/>
  <testcase name="multi threaded decrement counter[Modulo: 536]" classname="serie2.ex1.CounterModuloTest" time="0.012"/>
  <testcase name="multi threaded increment counter[Modulo: 537]" classname="serie2.ex1.CounterModuloTest" time="0.018"/>
  <testcase name="single threaded increment and decrement counter[Modulo: 537]" classname="serie2.ex1.CounterModuloTest" time="0.001"/>
  <testcase name="single threaded decrement at 0 gives module - 1[Modulo: 537]" classname="serie2.ex1.CounterModuloTest" time="0.0"/>
  <testcase name="single threaded increment at module - 1 gives 0[Modulo: 537]" classname="serie2.ex1.CounterModuloTest" time="0.0"/>
  <testcase name="multi threaded decrement counter[Modulo: 537]" classname="serie2.ex1.CounterModuloTest" time="0.014"/>
  <testcase name="multi threaded increment counter[Modulo: 538]" classname="serie2.ex1.CounterModuloTest" time="0.012"/>
  <testcase name="single threaded increment and decrement counter[Modulo: 538]" classname="serie2.ex1.CounterModuloTest" time="0.0"/>
  <testcase name="single threaded decrement at 0 gives module - 1[Modulo: 538]" classname="serie2.ex1.CounterModuloTest" time="0.0"/>
  <testcase name="single threaded increment at module - 1 gives 0[Modulo: 538]" classname="serie2.ex1.CounterModuloTest" time="0.0"/>
  <testcase name="multi threaded decrement counter[Modulo: 538]" classname="serie2.ex1.CounterModuloTest" time="0.014"/>
  <testcase name="multi threaded increment counter[Modulo: 539]" classname="serie2.ex1.CounterModuloTest" time="0.015"/>
  <testcase name="single threaded increment and decrement counter[Modulo: 539]" classname="serie2.ex1.CounterModuloTest" time="0.001"/>
  <testcase name="single threaded decrement at 0 gives module - 1[Modulo: 539]" classname="serie2.ex1.CounterModuloTest" time="0.0"/>
  <testcase name="single threaded increment at module - 1 gives 0[Modulo: 539]" classname="serie2.ex1.CounterModuloTest" time="0.0"/>
  <testcase name="multi threaded decrement counter[Modulo: 539]" classname="serie2.ex1.CounterModuloTest" time="0.013"/>
  <testcase name="multi threaded increment counter[Modulo: 540]" classname="serie2.ex1.CounterModuloTest" time="0.017"/>
  <testcase name="single threaded increment and decrement counter[Modulo: 540]" classname="serie2.ex1.CounterModuloTest" time="0.0"/>
  <testcase name="single threaded decrement at 0 gives module - 1[Modulo: 540]" classname="serie2.ex1.CounterModuloTest" time="0.0"/>
  <testcase name="single threaded increment at module - 1 gives 0[Modulo: 540]" classname="serie2.ex1.CounterModuloTest" time="0.001"/>
  <testcase name="multi threaded decrement counter[Modulo: 540]" classname="serie2.ex1.CounterModuloTest" time="0.016"/>
  <testcase name="multi threaded increment counter[Modulo: 541]" classname="serie2.ex1.CounterModuloTest" time="0.015"/>
  <testcase name="single threaded increment and decrement counter[Modulo: 541]" classname="serie2.ex1.CounterModuloTest" time="0.0"/>
  <testcase name="single threaded decrement at 0 gives module - 1[Modulo: 541]" classname="serie2.ex1.CounterModuloTest" time="0.001"/>
  <testcase name="single threaded increment at module - 1 gives 0[Modulo: 541]" classname="serie2.ex1.CounterModuloTest" time="0.0"/>
  <testcase name="multi threaded decrement counter[Modulo: 541]" classname="serie2.ex1.CounterModuloTest" time="0.014"/>
  <testcase name="multi threaded increment counter[Modulo: 542]" classname="serie2.ex1.CounterModuloTest" time="0.016"/>
  <testcase name="single threaded increment and decrement counter[Modulo: 542]" classname="serie2.ex1.CounterModuloTest" time="0.0"/>
  <testcase name="single threaded decrement at 0 gives module - 1[Modulo: 542]" classname="serie2.ex1.CounterModuloTest" time="0.0"/>
  <testcase name="single threaded increment at module - 1 gives 0[Modulo: 542]" classname="serie2.ex1.CounterModuloTest" time="0.0"/>
  <testcase name="multi threaded decrement counter[Modulo: 542]" classname="serie2.ex1.CounterModuloTest" time="0.014"/>
  <testcase name="multi threaded increment counter[Modulo: 543]" classname="serie2.ex1.CounterModuloTest" time="0.015"/>
  <testcase name="single threaded increment and decrement counter[Modulo: 543]" classname="serie2.ex1.CounterModuloTest" time="0.0"/>
  <testcase name="single threaded decrement at 0 gives module - 1[Modulo: 543]" classname="serie2.ex1.CounterModuloTest" time="0.0"/>
  <testcase name="single threaded increment at module - 1 gives 0[Modulo: 543]" classname="serie2.ex1.CounterModuloTest" time="0.0"/>
  <testcase name="multi threaded decrement counter[Modulo: 543]" classname="serie2.ex1.CounterModuloTest" time="0.015"/>
  <testcase name="multi threaded increment counter[Modulo: 544]" classname="serie2.ex1.CounterModuloTest" time="0.014"/>
  <testcase name="single threaded increment and decrement counter[Modulo: 544]" classname="serie2.ex1.CounterModuloTest" time="0.001"/>
  <testcase name="single threaded decrement at 0 gives module - 1[Modulo: 544]" classname="serie2.ex1.CounterModuloTest" time="0.0"/>
  <testcase name="single threaded increment at module - 1 gives 0[Modulo: 544]" classname="serie2.ex1.CounterModuloTest" time="0.0"/>
  <testcase name="multi threaded decrement counter[Modulo: 544]" classname="serie2.ex1.CounterModuloTest" time="0.015"/>
  <testcase name="multi threaded increment counter[Modulo: 545]" classname="serie2.ex1.CounterModuloTest" time="0.014"/>
  <testcase name="single threaded increment and decrement counter[Modulo: 545]" classname="serie2.ex1.CounterModuloTest" time="0.0"/>
  <testcase name="single threaded decrement at 0 gives module - 1[Modulo: 545]" classname="serie2.ex1.CounterModuloTest" time="0.0"/>
  <testcase name="single threaded increment at module - 1 gives 0[Modulo: 545]" classname="serie2.ex1.CounterModuloTest" time="0.0"/>
  <testcase name="multi threaded decrement counter[Modulo: 545]" classname="serie2.ex1.CounterModuloTest" time="0.012"/>
  <testcase name="multi threaded increment counter[Modulo: 546]" classname="serie2.ex1.CounterModuloTest" time="0.012"/>
  <testcase name="single threaded increment and decrement counter[Modulo: 546]" classname="serie2.ex1.CounterModuloTest" time="0.001"/>
  <testcase name="single threaded decrement at 0 gives module - 1[Modulo: 546]" classname="serie2.ex1.CounterModuloTest" time="0.0"/>
  <testcase name="single threaded increment at module - 1 gives 0[Modulo: 546]" classname="serie2.ex1.CounterModuloTest" time="0.0"/>
  <testcase name="multi threaded decrement counter[Modulo: 546]" classname="serie2.ex1.CounterModuloTest" time="0.016"/>
  <testcase name="multi threaded increment counter[Modulo: 547]" classname="serie2.ex1.CounterModuloTest" time="0.013"/>
  <testcase name="single threaded increment and decrement counter[Modulo: 547]" classname="serie2.ex1.CounterModuloTest" time="0.0"/>
  <testcase name="single threaded decrement at 0 gives module - 1[Modulo: 547]" classname="serie2.ex1.CounterModuloTest" time="0.001"/>
  <testcase name="single threaded increment at module - 1 gives 0[Modulo: 547]" classname="serie2.ex1.CounterModuloTest" time="0.0"/>
  <testcase name="multi threaded decrement counter[Modulo: 547]" classname="serie2.ex1.CounterModuloTest" time="0.013"/>
  <testcase name="multi threaded increment counter[Modulo: 548]" classname="serie2.ex1.CounterModuloTest" time="0.014"/>
  <testcase name="single threaded increment and decrement counter[Modulo: 548]" classname="serie2.ex1.CounterModuloTest" time="0.0"/>
  <testcase name="single threaded decrement at 0 gives module - 1[Modulo: 548]" classname="serie2.ex1.CounterModuloTest" time="0.0"/>
  <testcase name="single threaded increment at module - 1 gives 0[Modulo: 548]" classname="serie2.ex1.CounterModuloTest" time="0.0"/>
  <testcase name="multi threaded decrement counter[Modulo: 548]" classname="serie2.ex1.CounterModuloTest" time="0.014"/>
  <testcase name="multi threaded increment counter[Modulo: 549]" classname="serie2.ex1.CounterModuloTest" time="0.015"/>
  <testcase name="single threaded increment and decrement counter[Modulo: 549]" classname="serie2.ex1.CounterModuloTest" time="0.001"/>
  <testcase name="single threaded decrement at 0 gives module - 1[Modulo: 549]" classname="serie2.ex1.CounterModuloTest" time="0.0"/>
  <testcase name="single threaded increment at module - 1 gives 0[Modulo: 549]" classname="serie2.ex1.CounterModuloTest" time="0.0"/>
  <testcase name="multi threaded decrement counter[Modulo: 549]" classname="serie2.ex1.CounterModuloTest" time="0.015"/>
  <testcase name="multi threaded increment counter[Modulo: 550]" classname="serie2.ex1.CounterModuloTest" time="0.013"/>
  <testcase name="single threaded increment and decrement counter[Modulo: 550]" classname="serie2.ex1.CounterModuloTest" time="0.001"/>
  <testcase name="single threaded decrement at 0 gives module - 1[Modulo: 550]" classname="serie2.ex1.CounterModuloTest" time="0.0"/>
  <testcase name="single threaded increment at module - 1 gives 0[Modulo: 550]" classname="serie2.ex1.CounterModuloTest" time="0.0"/>
  <testcase name="multi threaded decrement counter[Modulo: 550]" classname="serie2.ex1.CounterModuloTest" time="0.013"/>
  <testcase name="multi threaded increment counter[Modulo: 551]" classname="serie2.ex1.CounterModuloTest" time="0.018"/>
  <testcase name="single threaded increment and decrement counter[Modulo: 551]" classname="serie2.ex1.CounterModuloTest" time="0.001"/>
  <testcase name="single threaded decrement at 0 gives module - 1[Modulo: 551]" classname="serie2.ex1.CounterModuloTest" time="0.0"/>
  <testcase name="single threaded increment at module - 1 gives 0[Modulo: 551]" classname="serie2.ex1.CounterModuloTest" time="0.0"/>
  <testcase name="multi threaded decrement counter[Modulo: 551]" classname="serie2.ex1.CounterModuloTest" time="0.012"/>
  <testcase name="multi threaded increment counter[Modulo: 552]" classname="serie2.ex1.CounterModuloTest" time="0.028"/>
  <testcase name="single threaded increment and decrement counter[Modulo: 552]" classname="serie2.ex1.CounterModuloTest" time="0.001"/>
  <testcase name="single threaded decrement at 0 gives module - 1[Modulo: 552]" classname="serie2.ex1.CounterModuloTest" time="0.0"/>
  <testcase name="single threaded increment at module - 1 gives 0[Modulo: 552]" classname="serie2.ex1.CounterModuloTest" time="0.0"/>
  <testcase name="multi threaded decrement counter[Modulo: 552]" classname="serie2.ex1.CounterModuloTest" time="0.053"/>
  <testcase name="multi threaded increment counter[Modulo: 553]" classname="serie2.ex1.CounterModuloTest" time="0.016"/>
  <testcase name="single threaded increment and decrement counter[Modulo: 553]" classname="serie2.ex1.CounterModuloTest" time="0.001"/>
  <testcase name="single threaded decrement at 0 gives module - 1[Modulo: 553]" classname="serie2.ex1.CounterModuloTest" time="0.0"/>
  <testcase name="single threaded increment at module - 1 gives 0[Modulo: 553]" classname="serie2.ex1.CounterModuloTest" time="0.0"/>
  <testcase name="multi threaded decrement counter[Modulo: 553]" classname="serie2.ex1.CounterModuloTest" time="0.016"/>
  <testcase name="multi threaded increment counter[Modulo: 554]" classname="serie2.ex1.CounterModuloTest" time="0.014"/>
  <testcase name="single threaded increment and decrement counter[Modulo: 554]" classname="serie2.ex1.CounterModuloTest" time="0.0"/>
  <testcase name="single threaded decrement at 0 gives module - 1[Modulo: 554]" classname="serie2.ex1.CounterModuloTest" time="0.0"/>
  <testcase name="single threaded increment at module - 1 gives 0[Modulo: 554]" classname="serie2.ex1.CounterModuloTest" time="0.0"/>
  <testcase name="multi threaded decrement counter[Modulo: 554]" classname="serie2.ex1.CounterModuloTest" time="0.015"/>
  <testcase name="multi threaded increment counter[Modulo: 555]" classname="serie2.ex1.CounterModuloTest" time="0.013"/>
  <testcase name="single threaded increment and decrement counter[Modulo: 555]" classname="serie2.ex1.CounterModuloTest" time="0.0"/>
  <testcase name="single threaded decrement at 0 gives module - 1[Modulo: 555]" classname="serie2.ex1.CounterModuloTest" time="0.0"/>
  <testcase name="single threaded increment at module - 1 gives 0[Modulo: 555]" classname="serie2.ex1.CounterModuloTest" time="0.0"/>
  <testcase name="multi threaded decrement counter[Modulo: 555]" classname="serie2.ex1.CounterModuloTest" time="0.014"/>
  <testcase name="multi threaded increment counter[Modulo: 556]" classname="serie2.ex1.CounterModuloTest" time="0.015"/>
  <testcase name="single threaded increment and decrement counter[Modulo: 556]" classname="serie2.ex1.CounterModuloTest" time="0.0"/>
  <testcase name="single threaded decrement at 0 gives module - 1[Modulo: 556]" classname="serie2.ex1.CounterModuloTest" time="0.0"/>
  <testcase name="single threaded increment at module - 1 gives 0[Modulo: 556]" classname="serie2.ex1.CounterModuloTest" time="0.0"/>
  <testcase name="multi threaded decrement counter[Modulo: 556]" classname="serie2.ex1.CounterModuloTest" time="0.014"/>
  <testcase name="multi threaded increment counter[Modulo: 557]" classname="serie2.ex1.CounterModuloTest" time="0.013"/>
  <testcase name="single threaded increment and decrement counter[Modulo: 557]" classname="serie2.ex1.CounterModuloTest" time="0.001"/>
  <testcase name="single threaded decrement at 0 gives module - 1[Modulo: 557]" classname="serie2.ex1.CounterModuloTest" time="0.0"/>
  <testcase name="single threaded increment at module - 1 gives 0[Modulo: 557]" classname="serie2.ex1.CounterModuloTest" time="0.0"/>
  <testcase name="multi threaded decrement counter[Modulo: 557]" classname="serie2.ex1.CounterModuloTest" time="0.014"/>
  <testcase name="multi threaded increment counter[Modulo: 558]" classname="serie2.ex1.CounterModuloTest" time="0.013"/>
  <testcase name="single threaded increment and decrement counter[Modulo: 558]" classname="serie2.ex1.CounterModuloTest" time="0.001"/>
  <testcase name="single threaded decrement at 0 gives module - 1[Modulo: 558]" classname="serie2.ex1.CounterModuloTest" time="0.0"/>
  <testcase name="single threaded increment at module - 1 gives 0[Modulo: 558]" classname="serie2.ex1.CounterModuloTest" time="0.0"/>
  <testcase name="multi threaded decrement counter[Modulo: 558]" classname="serie2.ex1.CounterModuloTest" time="0.011"/>
  <testcase name="multi threaded increment counter[Modulo: 559]" classname="serie2.ex1.CounterModuloTest" time="0.015"/>
  <testcase name="single threaded increment and decrement counter[Modulo: 559]" classname="serie2.ex1.CounterModuloTest" time="0.0"/>
  <testcase name="single threaded decrement at 0 gives module - 1[Modulo: 559]" classname="serie2.ex1.CounterModuloTest" time="0.0"/>
  <testcase name="single threaded increment at module - 1 gives 0[Modulo: 559]" classname="serie2.ex1.CounterModuloTest" time="0.0"/>
  <testcase name="multi threaded decrement counter[Modulo: 559]" classname="serie2.ex1.CounterModuloTest" time="0.014"/>
  <testcase name="multi threaded increment counter[Modulo: 560]" classname="serie2.ex1.CounterModuloTest" time="0.014"/>
  <testcase name="single threaded increment and decrement counter[Modulo: 560]" classname="serie2.ex1.CounterModuloTest" time="0.001"/>
  <testcase name="single threaded decrement at 0 gives module - 1[Modulo: 560]" classname="serie2.ex1.CounterModuloTest" time="0.0"/>
  <testcase name="single threaded increment at module - 1 gives 0[Modulo: 560]" classname="serie2.ex1.CounterModuloTest" time="0.0"/>
  <testcase name="multi threaded decrement counter[Modulo: 560]" classname="serie2.ex1.CounterModuloTest" time="0.013"/>
  <testcase name="multi threaded increment counter[Modulo: 561]" classname="serie2.ex1.CounterModuloTest" time="0.015"/>
  <testcase name="single threaded increment and decrement counter[Modulo: 561]" classname="serie2.ex1.CounterModuloTest" time="0.001"/>
  <testcase name="single threaded decrement at 0 gives module - 1[Modulo: 561]" classname="serie2.ex1.CounterModuloTest" time="0.0"/>
  <testcase name="single threaded increment at module - 1 gives 0[Modulo: 561]" classname="serie2.ex1.CounterModuloTest" time="0.0"/>
  <testcase name="multi threaded decrement counter[Modulo: 561]" classname="serie2.ex1.CounterModuloTest" time="0.014"/>
  <testcase name="multi threaded increment counter[Modulo: 562]" classname="serie2.ex1.CounterModuloTest" time="0.015"/>
  <testcase name="single threaded increment and decrement counter[Modulo: 562]" classname="serie2.ex1.CounterModuloTest" time="0.0"/>
  <testcase name="single threaded decrement at 0 gives module - 1[Modulo: 562]" classname="serie2.ex1.CounterModuloTest" time="0.0"/>
  <testcase name="single threaded increment at module - 1 gives 0[Modulo: 562]" classname="serie2.ex1.CounterModuloTest" time="0.0"/>
  <testcase name="multi threaded decrement counter[Modulo: 562]" classname="serie2.ex1.CounterModuloTest" time="0.014"/>
  <testcase name="multi threaded increment counter[Modulo: 563]" classname="serie2.ex1.CounterModuloTest" time="0.014"/>
  <testcase name="single threaded increment and decrement counter[Modulo: 563]" classname="serie2.ex1.CounterModuloTest" time="0.0"/>
  <testcase name="single threaded decrement at 0 gives module - 1[Modulo: 563]" classname="serie2.ex1.CounterModuloTest" time="0.0"/>
  <testcase name="single threaded increment at module - 1 gives 0[Modulo: 563]" classname="serie2.ex1.CounterModuloTest" time="0.0"/>
  <testcase name="multi threaded decrement counter[Modulo: 563]" classname="serie2.ex1.CounterModuloTest" time="0.015"/>
  <testcase name="multi threaded increment counter[Modulo: 564]" classname="serie2.ex1.CounterModuloTest" time="0.014"/>
  <testcase name="single threaded increment and decrement counter[Modulo: 564]" classname="serie2.ex1.CounterModuloTest" time="0.0"/>
  <testcase name="single threaded decrement at 0 gives module - 1[Modulo: 564]" classname="serie2.ex1.CounterModuloTest" time="0.0"/>
  <testcase name="single threaded increment at module - 1 gives 0[Modulo: 564]" classname="serie2.ex1.CounterModuloTest" time="0.0"/>
  <testcase name="multi threaded decrement counter[Modulo: 564]" classname="serie2.ex1.CounterModuloTest" time="0.012"/>
  <testcase name="multi threaded increment counter[Modulo: 565]" classname="serie2.ex1.CounterModuloTest" time="0.017"/>
  <testcase name="single threaded increment and decrement counter[Modulo: 565]" classname="serie2.ex1.CounterModuloTest" time="0.0"/>
  <testcase name="single threaded decrement at 0 gives module - 1[Modulo: 565]" classname="serie2.ex1.CounterModuloTest" time="0.001"/>
  <testcase name="single threaded increment at module - 1 gives 0[Modulo: 565]" classname="serie2.ex1.CounterModuloTest" time="0.0"/>
  <testcase name="multi threaded decrement counter[Modulo: 565]" classname="serie2.ex1.CounterModuloTest" time="0.011"/>
  <testcase name="multi threaded increment counter[Modulo: 566]" classname="serie2.ex1.CounterModuloTest" time="0.012"/>
  <testcase name="single threaded increment and decrement counter[Modulo: 566]" classname="serie2.ex1.CounterModuloTest" time="0.001"/>
  <testcase name="single threaded decrement at 0 gives module - 1[Modulo: 566]" classname="serie2.ex1.CounterModuloTest" time="0.0"/>
  <testcase name="single threaded increment at module - 1 gives 0[Modulo: 566]" classname="serie2.ex1.CounterModuloTest" time="0.0"/>
  <testcase name="multi threaded decrement counter[Modulo: 566]" classname="serie2.ex1.CounterModuloTest" time="0.013"/>
  <testcase name="multi threaded increment counter[Modulo: 567]" classname="serie2.ex1.CounterModuloTest" time="0.012"/>
  <testcase name="single threaded increment and decrement counter[Modulo: 567]" classname="serie2.ex1.CounterModuloTest" time="0.001"/>
  <testcase name="single threaded decrement at 0 gives module - 1[Modulo: 567]" classname="serie2.ex1.CounterModuloTest" time="0.0"/>
  <testcase name="single threaded increment at module - 1 gives 0[Modulo: 567]" classname="serie2.ex1.CounterModuloTest" time="0.0"/>
  <testcase name="multi threaded decrement counter[Modulo: 567]" classname="serie2.ex1.CounterModuloTest" time="0.01"/>
  <testcase name="multi threaded increment counter[Modulo: 568]" classname="serie2.ex1.CounterModuloTest" time="0.012"/>
  <testcase name="single threaded increment and decrement counter[Modulo: 568]" classname="serie2.ex1.CounterModuloTest" time="0.001"/>
  <testcase name="single threaded decrement at 0 gives module - 1[Modulo: 568]" classname="serie2.ex1.CounterModuloTest" time="0.0"/>
  <testcase name="single threaded increment at module - 1 gives 0[Modulo: 568]" classname="serie2.ex1.CounterModuloTest" time="0.0"/>
  <testcase name="multi threaded decrement counter[Modulo: 568]" classname="serie2.ex1.CounterModuloTest" time="0.011"/>
  <testcase name="multi threaded increment counter[Modulo: 569]" classname="serie2.ex1.CounterModuloTest" time="0.01"/>
  <testcase name="single threaded increment and decrement counter[Modulo: 569]" classname="serie2.ex1.CounterModuloTest" time="0.0"/>
  <testcase name="single threaded decrement at 0 gives module - 1[Modulo: 569]" classname="serie2.ex1.CounterModuloTest" time="0.0"/>
  <testcase name="single threaded increment at module - 1 gives 0[Modulo: 569]" classname="serie2.ex1.CounterModuloTest" time="0.0"/>
  <testcase name="multi threaded decrement counter[Modulo: 569]" classname="serie2.ex1.CounterModuloTest" time="0.011"/>
  <testcase name="multi threaded increment counter[Modulo: 570]" classname="serie2.ex1.CounterModuloTest" time="0.013"/>
  <testcase name="single threaded increment and decrement counter[Modulo: 570]" classname="serie2.ex1.CounterModuloTest" time="0.001"/>
  <testcase name="single threaded decrement at 0 gives module - 1[Modulo: 570]" classname="serie2.ex1.CounterModuloTest" time="0.0"/>
  <testcase name="single threaded increment at module - 1 gives 0[Modulo: 570]" classname="serie2.ex1.CounterModuloTest" time="0.0"/>
  <testcase name="multi threaded decrement counter[Modulo: 570]" classname="serie2.ex1.CounterModuloTest" time="0.011"/>
  <testcase name="multi threaded increment counter[Modulo: 571]" classname="serie2.ex1.CounterModuloTest" time="0.012"/>
  <testcase name="single threaded increment and decrement counter[Modulo: 571]" classname="serie2.ex1.CounterModuloTest" time="0.0"/>
  <testcase name="single threaded decrement at 0 gives module - 1[Modulo: 571]" classname="serie2.ex1.CounterModuloTest" time="0.0"/>
  <testcase name="single threaded increment at module - 1 gives 0[Modulo: 571]" classname="serie2.ex1.CounterModuloTest" time="0.0"/>
  <testcase name="multi threaded decrement counter[Modulo: 571]" classname="serie2.ex1.CounterModuloTest" time="0.013"/>
  <testcase name="multi threaded increment counter[Modulo: 572]" classname="serie2.ex1.CounterModuloTest" time="0.02"/>
  <testcase name="single threaded increment and decrement counter[Modulo: 572]" classname="serie2.ex1.CounterModuloTest" time="0.001"/>
  <testcase name="single threaded decrement at 0 gives module - 1[Modulo: 572]" classname="serie2.ex1.CounterModuloTest" time="0.0"/>
  <testcase name="single threaded increment at module - 1 gives 0[Modulo: 572]" classname="serie2.ex1.CounterModuloTest" time="0.0"/>
  <testcase name="multi threaded decrement counter[Modulo: 572]" classname="serie2.ex1.CounterModuloTest" time="0.012"/>
  <testcase name="multi threaded increment counter[Modulo: 573]" classname="serie2.ex1.CounterModuloTest" time="0.012"/>
  <testcase name="single threaded increment and decrement counter[Modulo: 573]" classname="serie2.ex1.CounterModuloTest" time="0.0"/>
  <testcase name="single threaded decrement at 0 gives module - 1[Modulo: 573]" classname="serie2.ex1.CounterModuloTest" time="0.0"/>
  <testcase name="single threaded increment at module - 1 gives 0[Modulo: 573]" classname="serie2.ex1.CounterModuloTest" time="0.0"/>
  <testcase name="multi threaded decrement counter[Modulo: 573]" classname="serie2.ex1.CounterModuloTest" time="0.012"/>
  <testcase name="multi threaded increment counter[Modulo: 574]" classname="serie2.ex1.CounterModuloTest" time="0.012"/>
  <testcase name="single threaded increment and decrement counter[Modulo: 574]" classname="serie2.ex1.CounterModuloTest" time="0.001"/>
  <testcase name="single threaded decrement at 0 gives module - 1[Modulo: 574]" classname="serie2.ex1.CounterModuloTest" time="0.0"/>
  <testcase name="single threaded increment at module - 1 gives 0[Modulo: 574]" classname="serie2.ex1.CounterModuloTest" time="0.0"/>
  <testcase name="multi threaded decrement counter[Modulo: 574]" classname="serie2.ex1.CounterModuloTest" time="0.011"/>
  <testcase name="multi threaded increment counter[Modulo: 575]" classname="serie2.ex1.CounterModuloTest" time="0.011"/>
  <testcase name="single threaded increment and decrement counter[Modulo: 575]" classname="serie2.ex1.CounterModuloTest" time="0.0"/>
  <testcase name="single threaded decrement at 0 gives module - 1[Modulo: 575]" classname="serie2.ex1.CounterModuloTest" time="0.0"/>
  <testcase name="single threaded increment at module - 1 gives 0[Modulo: 575]" classname="serie2.ex1.CounterModuloTest" time="0.0"/>
  <testcase name="multi threaded decrement counter[Modulo: 575]" classname="serie2.ex1.CounterModuloTest" time="0.011"/>
  <testcase name="multi threaded increment counter[Modulo: 576]" classname="serie2.ex1.CounterModuloTest" time="0.012"/>
  <testcase name="single threaded increment and decrement counter[Modulo: 576]" classname="serie2.ex1.CounterModuloTest" time="0.001"/>
  <testcase name="single threaded decrement at 0 gives module - 1[Modulo: 576]" classname="serie2.ex1.CounterModuloTest" time="0.0"/>
  <testcase name="single threaded increment at module - 1 gives 0[Modulo: 576]" classname="serie2.ex1.CounterModuloTest" time="0.0"/>
  <testcase name="multi threaded decrement counter[Modulo: 576]" classname="serie2.ex1.CounterModuloTest" time="0.01"/>
  <testcase name="multi threaded increment counter[Modulo: 577]" classname="serie2.ex1.CounterModuloTest" time="0.012"/>
  <testcase name="single threaded increment and decrement counter[Modulo: 577]" classname="serie2.ex1.CounterModuloTest" time="0.0"/>
  <testcase name="single threaded decrement at 0 gives module - 1[Modulo: 577]" classname="serie2.ex1.CounterModuloTest" time="0.0"/>
  <testcase name="single threaded increment at module - 1 gives 0[Modulo: 577]" classname="serie2.ex1.CounterModuloTest" time="0.0"/>
  <testcase name="multi threaded decrement counter[Modulo: 577]" classname="serie2.ex1.CounterModuloTest" time="0.011"/>
  <testcase name="multi threaded increment counter[Modulo: 578]" classname="serie2.ex1.CounterModuloTest" time="0.011"/>
  <testcase name="single threaded increment and decrement counter[Modulo: 578]" classname="serie2.ex1.CounterModuloTest" time="0.001"/>
  <testcase name="single threaded decrement at 0 gives module - 1[Modulo: 578]" classname="serie2.ex1.CounterModuloTest" time="0.0"/>
  <testcase name="single threaded increment at module - 1 gives 0[Modulo: 578]" classname="serie2.ex1.CounterModuloTest" time="0.0"/>
  <testcase name="multi threaded decrement counter[Modulo: 578]" classname="serie2.ex1.CounterModuloTest" time="0.013"/>
  <testcase name="multi threaded increment counter[Modulo: 579]" classname="serie2.ex1.CounterModuloTest" time="0.012"/>
  <testcase name="single threaded increment and decrement counter[Modulo: 579]" classname="serie2.ex1.CounterModuloTest" time="0.001"/>
  <testcase name="single threaded decrement at 0 gives module - 1[Modulo: 579]" classname="serie2.ex1.CounterModuloTest" time="0.0"/>
  <testcase name="single threaded increment at module - 1 gives 0[Modulo: 579]" classname="serie2.ex1.CounterModuloTest" time="0.0"/>
  <testcase name="multi threaded decrement counter[Modulo: 579]" classname="serie2.ex1.CounterModuloTest" time="0.013"/>
  <testcase name="multi threaded increment counter[Modulo: 580]" classname="serie2.ex1.CounterModuloTest" time="0.012"/>
  <testcase name="single threaded increment and decrement counter[Modulo: 580]" classname="serie2.ex1.CounterModuloTest" time="0.001"/>
  <testcase name="single threaded decrement at 0 gives module - 1[Modulo: 580]" classname="serie2.ex1.CounterModuloTest" time="0.0"/>
  <testcase name="single threaded increment at module - 1 gives 0[Modulo: 580]" classname="serie2.ex1.CounterModuloTest" time="0.0"/>
  <testcase name="multi threaded decrement counter[Modulo: 580]" classname="serie2.ex1.CounterModuloTest" time="0.011"/>
  <testcase name="multi threaded increment counter[Modulo: 581]" classname="serie2.ex1.CounterModuloTest" time="0.012"/>
  <testcase name="single threaded increment and decrement counter[Modulo: 581]" classname="serie2.ex1.CounterModuloTest" time="0.0"/>
  <testcase name="single threaded decrement at 0 gives module - 1[Modulo: 581]" classname="serie2.ex1.CounterModuloTest" time="0.0"/>
  <testcase name="single threaded increment at module - 1 gives 0[Modulo: 581]" classname="serie2.ex1.CounterModuloTest" time="0.0"/>
  <testcase name="multi threaded decrement counter[Modulo: 581]" classname="serie2.ex1.CounterModuloTest" time="0.011"/>
  <testcase name="multi threaded increment counter[Modulo: 582]" classname="serie2.ex1.CounterModuloTest" time="0.013"/>
  <testcase name="single threaded increment and decrement counter[Modulo: 582]" classname="serie2.ex1.CounterModuloTest" time="0.001"/>
  <testcase name="single threaded decrement at 0 gives module - 1[Modulo: 582]" classname="serie2.ex1.CounterModuloTest" time="0.0"/>
  <testcase name="single threaded increment at module - 1 gives 0[Modulo: 582]" classname="serie2.ex1.CounterModuloTest" time="0.0"/>
  <testcase name="multi threaded decrement counter[Modulo: 582]" classname="serie2.ex1.CounterModuloTest" time="0.012"/>
  <testcase name="multi threaded increment counter[Modulo: 583]" classname="serie2.ex1.CounterModuloTest" time="0.012"/>
  <testcase name="single threaded increment and decrement counter[Modulo: 583]" classname="serie2.ex1.CounterModuloTest" time="0.0"/>
  <testcase name="single threaded decrement at 0 gives module - 1[Modulo: 583]" classname="serie2.ex1.CounterModuloTest" time="0.0"/>
  <testcase name="single threaded increment at module - 1 gives 0[Modulo: 583]" classname="serie2.ex1.CounterModuloTest" time="0.0"/>
  <testcase name="multi threaded decrement counter[Modulo: 583]" classname="serie2.ex1.CounterModuloTest" time="0.012"/>
  <testcase name="multi threaded increment counter[Modulo: 584]" classname="serie2.ex1.CounterModuloTest" time="0.012"/>
  <testcase name="single threaded increment and decrement counter[Modulo: 584]" classname="serie2.ex1.CounterModuloTest" time="0.001"/>
  <testcase name="single threaded decrement at 0 gives module - 1[Modulo: 584]" classname="serie2.ex1.CounterModuloTest" time="0.0"/>
  <testcase name="single threaded increment at module - 1 gives 0[Modulo: 584]" classname="serie2.ex1.CounterModuloTest" time="0.0"/>
  <testcase name="multi threaded decrement counter[Modulo: 584]" classname="serie2.ex1.CounterModuloTest" time="0.012"/>
  <testcase name="multi threaded increment counter[Modulo: 585]" classname="serie2.ex1.CounterModuloTest" time="0.011"/>
  <testcase name="single threaded increment and decrement counter[Modulo: 585]" classname="serie2.ex1.CounterModuloTest" time="0.0"/>
  <testcase name="single threaded decrement at 0 gives module - 1[Modulo: 585]" classname="serie2.ex1.CounterModuloTest" time="0.0"/>
  <testcase name="single threaded increment at module - 1 gives 0[Modulo: 585]" classname="serie2.ex1.CounterModuloTest" time="0.0"/>
  <testcase name="multi threaded decrement counter[Modulo: 585]" classname="serie2.ex1.CounterModuloTest" time="0.012"/>
  <testcase name="multi threaded increment counter[Modulo: 586]" classname="serie2.ex1.CounterModuloTest" time="0.012"/>
  <testcase name="single threaded increment and decrement counter[Modulo: 586]" classname="serie2.ex1.CounterModuloTest" time="0.0"/>
  <testcase name="single threaded decrement at 0 gives module - 1[Modulo: 586]" classname="serie2.ex1.CounterModuloTest" time="0.0"/>
  <testcase name="single threaded increment at module - 1 gives 0[Modulo: 586]" classname="serie2.ex1.CounterModuloTest" time="0.0"/>
  <testcase name="multi threaded decrement counter[Modulo: 586]" classname="serie2.ex1.CounterModuloTest" time="0.013"/>
  <testcase name="multi threaded increment counter[Modulo: 587]" classname="serie2.ex1.CounterModuloTest" time="0.011"/>
  <testcase name="single threaded increment and decrement counter[Modulo: 587]" classname="serie2.ex1.CounterModuloTest" time="0.0"/>
  <testcase name="single threaded decrement at 0 gives module - 1[Modulo: 587]" classname="serie2.ex1.CounterModuloTest" time="0.0"/>
  <testcase name="single threaded increment at module - 1 gives 0[Modulo: 587]" classname="serie2.ex1.CounterModuloTest" time="0.0"/>
  <testcase name="multi threaded decrement counter[Modulo: 587]" classname="serie2.ex1.CounterModuloTest" time="0.01"/>
  <testcase name="multi threaded increment counter[Modulo: 588]" classname="serie2.ex1.CounterModuloTest" time="0.013"/>
  <testcase name="single threaded increment and decrement counter[Modulo: 588]" classname="serie2.ex1.CounterModuloTest" time="0.001"/>
  <testcase name="single threaded decrement at 0 gives module - 1[Modulo: 588]" classname="serie2.ex1.CounterModuloTest" time="0.0"/>
  <testcase name="single threaded increment at module - 1 gives 0[Modulo: 588]" classname="serie2.ex1.CounterModuloTest" time="0.0"/>
  <testcase name="multi threaded decrement counter[Modulo: 588]" classname="serie2.ex1.CounterModuloTest" time="0.012"/>
  <testcase name="multi threaded increment counter[Modulo: 589]" classname="serie2.ex1.CounterModuloTest" time="0.011"/>
  <testcase name="single threaded increment and decrement counter[Modulo: 589]" classname="serie2.ex1.CounterModuloTest" time="0.0"/>
  <testcase name="single threaded decrement at 0 gives module - 1[Modulo: 589]" classname="serie2.ex1.CounterModuloTest" time="0.0"/>
  <testcase name="single threaded increment at module - 1 gives 0[Modulo: 589]" classname="serie2.ex1.CounterModuloTest" time="0.0"/>
  <testcase name="multi threaded decrement counter[Modulo: 589]" classname="serie2.ex1.CounterModuloTest" time="0.013"/>
  <testcase name="multi threaded increment counter[Modulo: 590]" classname="serie2.ex1.CounterModuloTest" time="0.011"/>
  <testcase name="single threaded increment and decrement counter[Modulo: 590]" classname="serie2.ex1.CounterModuloTest" time="0.001"/>
  <testcase name="single threaded decrement at 0 gives module - 1[Modulo: 590]" classname="serie2.ex1.CounterModuloTest" time="0.0"/>
  <testcase name="single threaded increment at module - 1 gives 0[Modulo: 590]" classname="serie2.ex1.CounterModuloTest" time="0.0"/>
  <testcase name="multi threaded decrement counter[Modulo: 590]" classname="serie2.ex1.CounterModuloTest" time="0.011"/>
  <testcase name="multi threaded increment counter[Modulo: 591]" classname="serie2.ex1.CounterModuloTest" time="0.011"/>
  <testcase name="single threaded increment and decrement counter[Modulo: 591]" classname="serie2.ex1.CounterModuloTest" time="0.001"/>
  <testcase name="single threaded decrement at 0 gives module - 1[Modulo: 591]" classname="serie2.ex1.CounterModuloTest" time="0.0"/>
  <testcase name="single threaded increment at module - 1 gives 0[Modulo: 591]" classname="serie2.ex1.CounterModuloTest" time="0.0"/>
  <testcase name="multi threaded decrement counter[Modulo: 591]" classname="serie2.ex1.CounterModuloTest" time="0.012"/>
  <testcase name="multi threaded increment counter[Modulo: 592]" classname="serie2.ex1.CounterModuloTest" time="0.011"/>
  <testcase name="single threaded increment and decrement counter[Modulo: 592]" classname="serie2.ex1.CounterModuloTest" time="0.0"/>
  <testcase name="single threaded decrement at 0 gives module - 1[Modulo: 592]" classname="serie2.ex1.CounterModuloTest" time="0.0"/>
  <testcase name="single threaded increment at module - 1 gives 0[Modulo: 592]" classname="serie2.ex1.CounterModuloTest" time="0.0"/>
  <testcase name="multi threaded decrement counter[Modulo: 592]" classname="serie2.ex1.CounterModuloTest" time="0.012"/>
  <testcase name="multi threaded increment counter[Modulo: 593]" classname="serie2.ex1.CounterModuloTest" time="0.012"/>
  <testcase name="single threaded increment and decrement counter[Modulo: 593]" classname="serie2.ex1.CounterModuloTest" time="0.0"/>
  <testcase name="single threaded decrement at 0 gives module - 1[Modulo: 593]" classname="serie2.ex1.CounterModuloTest" time="0.0"/>
  <testcase name="single threaded increment at module - 1 gives 0[Modulo: 593]" classname="serie2.ex1.CounterModuloTest" time="0.0"/>
  <testcase name="multi threaded decrement counter[Modulo: 593]" classname="serie2.ex1.CounterModuloTest" time="0.011"/>
  <testcase name="multi threaded increment counter[Modulo: 594]" classname="serie2.ex1.CounterModuloTest" time="0.012"/>
  <testcase name="single threaded increment and decrement counter[Modulo: 594]" classname="serie2.ex1.CounterModuloTest" time="0.001"/>
  <testcase name="single threaded decrement at 0 gives module - 1[Modulo: 594]" classname="serie2.ex1.CounterModuloTest" time="0.0"/>
  <testcase name="single threaded increment at module - 1 gives 0[Modulo: 594]" classname="serie2.ex1.CounterModuloTest" time="0.0"/>
  <testcase name="multi threaded decrement counter[Modulo: 594]" classname="serie2.ex1.CounterModuloTest" time="0.012"/>
  <testcase name="multi threaded increment counter[Modulo: 595]" classname="serie2.ex1.CounterModuloTest" time="0.012"/>
  <testcase name="single threaded increment and decrement counter[Modulo: 595]" classname="serie2.ex1.CounterModuloTest" time="0.0"/>
  <testcase name="single threaded decrement at 0 gives module - 1[Modulo: 595]" classname="serie2.ex1.CounterModuloTest" time="0.0"/>
  <testcase name="single threaded increment at module - 1 gives 0[Modulo: 595]" classname="serie2.ex1.CounterModuloTest" time="0.0"/>
  <testcase name="multi threaded decrement counter[Modulo: 595]" classname="serie2.ex1.CounterModuloTest" time="0.012"/>
  <testcase name="multi threaded increment counter[Modulo: 596]" classname="serie2.ex1.CounterModuloTest" time="0.012"/>
  <testcase name="single threaded increment and decrement counter[Modulo: 596]" classname="serie2.ex1.CounterModuloTest" time="0.0"/>
  <testcase name="single threaded decrement at 0 gives module - 1[Modulo: 596]" classname="serie2.ex1.CounterModuloTest" time="0.0"/>
  <testcase name="single threaded increment at module - 1 gives 0[Modulo: 596]" classname="serie2.ex1.CounterModuloTest" time="0.0"/>
  <testcase name="multi threaded decrement counter[Modulo: 596]" classname="serie2.ex1.CounterModuloTest" time="0.012"/>
  <testcase name="multi threaded increment counter[Modulo: 597]" classname="serie2.ex1.CounterModuloTest" time="0.013"/>
  <testcase name="single threaded increment and decrement counter[Modulo: 597]" classname="serie2.ex1.CounterModuloTest" time="0.0"/>
  <testcase name="single threaded decrement at 0 gives module - 1[Modulo: 597]" classname="serie2.ex1.CounterModuloTest" time="0.0"/>
  <testcase name="single threaded increment at module - 1 gives 0[Modulo: 597]" classname="serie2.ex1.CounterModuloTest" time="0.0"/>
  <testcase name="multi threaded decrement counter[Modulo: 597]" classname="serie2.ex1.CounterModuloTest" time="0.012"/>
  <testcase name="multi threaded increment counter[Modulo: 598]" classname="serie2.ex1.CounterModuloTest" time="0.012"/>
  <testcase name="single threaded increment and decrement counter[Modulo: 598]" classname="serie2.ex1.CounterModuloTest" time="0.001"/>
  <testcase name="single threaded decrement at 0 gives module - 1[Modulo: 598]" classname="serie2.ex1.CounterModuloTest" time="0.0"/>
  <testcase name="single threaded increment at module - 1 gives 0[Modulo: 598]" classname="serie2.ex1.CounterModuloTest" time="0.0"/>
  <testcase name="multi threaded decrement counter[Modulo: 598]" classname="serie2.ex1.CounterModuloTest" time="0.012"/>
  <testcase name="multi threaded increment counter[Modulo: 599]" classname="serie2.ex1.CounterModuloTest" time="0.011"/>
  <testcase name="single threaded increment and decrement counter[Modulo: 599]" classname="serie2.ex1.CounterModuloTest" time="0.0"/>
  <testcase name="single threaded decrement at 0 gives module - 1[Modulo: 599]" classname="serie2.ex1.CounterModuloTest" time="0.0"/>
  <testcase name="single threaded increment at module - 1 gives 0[Modulo: 599]" classname="serie2.ex1.CounterModuloTest" time="0.0"/>
  <testcase name="multi threaded decrement counter[Modulo: 599]" classname="serie2.ex1.CounterModuloTest" time="0.012"/>
  <testcase name="multi threaded increment counter[Modulo: 600]" classname="serie2.ex1.CounterModuloTest" time="0.013"/>
  <testcase name="single threaded increment and decrement counter[Modulo: 600]" classname="serie2.ex1.CounterModuloTest" time="0.0"/>
  <testcase name="single threaded decrement at 0 gives module - 1[Modulo: 600]" classname="serie2.ex1.CounterModuloTest" time="0.0"/>
  <testcase name="single threaded increment at module - 1 gives 0[Modulo: 600]" classname="serie2.ex1.CounterModuloTest" time="0.0"/>
  <testcase name="multi threaded decrement counter[Modulo: 600]" classname="serie2.ex1.CounterModuloTest" time="0.013"/>
  <testcase name="multi threaded increment counter[Modulo: 601]" classname="serie2.ex1.CounterModuloTest" time="0.013"/>
  <testcase name="single threaded increment and decrement counter[Modulo: 601]" classname="serie2.ex1.CounterModuloTest" time="0.0"/>
  <testcase name="single threaded decrement at 0 gives module - 1[Modulo: 601]" classname="serie2.ex1.CounterModuloTest" time="0.0"/>
  <testcase name="single threaded increment at module - 1 gives 0[Modulo: 601]" classname="serie2.ex1.CounterModuloTest" time="0.0"/>
  <testcase name="multi threaded decrement counter[Modulo: 601]" classname="serie2.ex1.CounterModuloTest" time="0.013"/>
  <testcase name="multi threaded increment counter[Modulo: 602]" classname="serie2.ex1.CounterModuloTest" time="0.012"/>
  <testcase name="single threaded increment and decrement counter[Modulo: 602]" classname="serie2.ex1.CounterModuloTest" time="0.0"/>
  <testcase name="single threaded decrement at 0 gives module - 1[Modulo: 602]" classname="serie2.ex1.CounterModuloTest" time="0.001"/>
  <testcase name="single threaded increment at module - 1 gives 0[Modulo: 602]" classname="serie2.ex1.CounterModuloTest" time="0.0"/>
  <testcase name="multi threaded decrement counter[Modulo: 602]" classname="serie2.ex1.CounterModuloTest" time="0.017"/>
  <testcase name="multi threaded increment counter[Modulo: 603]" classname="serie2.ex1.CounterModuloTest" time="0.013"/>
  <testcase name="single threaded increment and decrement counter[Modulo: 603]" classname="serie2.ex1.CounterModuloTest" time="0.001"/>
  <testcase name="single threaded decrement at 0 gives module - 1[Modulo: 603]" classname="serie2.ex1.CounterModuloTest" time="0.0"/>
  <testcase name="single threaded increment at module - 1 gives 0[Modulo: 603]" classname="serie2.ex1.CounterModuloTest" time="0.0"/>
  <testcase name="multi threaded decrement counter[Modulo: 603]" classname="serie2.ex1.CounterModuloTest" time="0.013"/>
  <testcase name="multi threaded increment counter[Modulo: 604]" classname="serie2.ex1.CounterModuloTest" time="0.015"/>
  <testcase name="single threaded increment and decrement counter[Modulo: 604]" classname="serie2.ex1.CounterModuloTest" time="0.001"/>
  <testcase name="single threaded decrement at 0 gives module - 1[Modulo: 604]" classname="serie2.ex1.CounterModuloTest" time="0.0"/>
  <testcase name="single threaded increment at module - 1 gives 0[Modulo: 604]" classname="serie2.ex1.CounterModuloTest" time="0.0"/>
  <testcase name="multi threaded decrement counter[Modulo: 604]" classname="serie2.ex1.CounterModuloTest" time="0.015"/>
  <testcase name="multi threaded increment counter[Modulo: 605]" classname="serie2.ex1.CounterModuloTest" time="0.012"/>
  <testcase name="single threaded increment and decrement counter[Modulo: 605]" classname="serie2.ex1.CounterModuloTest" time="0.001"/>
  <testcase name="single threaded decrement at 0 gives module - 1[Modulo: 605]" classname="serie2.ex1.CounterModuloTest" time="0.0"/>
  <testcase name="single threaded increment at module - 1 gives 0[Modulo: 605]" classname="serie2.ex1.CounterModuloTest" time="0.0"/>
  <testcase name="multi threaded decrement counter[Modulo: 605]" classname="serie2.ex1.CounterModuloTest" time="0.012"/>
  <testcase name="multi threaded increment counter[Modulo: 606]" classname="serie2.ex1.CounterModuloTest" time="0.014"/>
  <testcase name="single threaded increment and decrement counter[Modulo: 606]" classname="serie2.ex1.CounterModuloTest" time="0.001"/>
  <testcase name="single threaded decrement at 0 gives module - 1[Modulo: 606]" classname="serie2.ex1.CounterModuloTest" time="0.0"/>
  <testcase name="single threaded increment at module - 1 gives 0[Modulo: 606]" classname="serie2.ex1.CounterModuloTest" time="0.0"/>
  <testcase name="multi threaded decrement counter[Modulo: 606]" classname="serie2.ex1.CounterModuloTest" time="0.011"/>
  <testcase name="multi threaded increment counter[Modulo: 607]" classname="serie2.ex1.CounterModuloTest" time="0.014"/>
  <testcase name="single threaded increment and decrement counter[Modulo: 607]" classname="serie2.ex1.CounterModuloTest" time="0.001"/>
  <testcase name="single threaded decrement at 0 gives module - 1[Modulo: 607]" classname="serie2.ex1.CounterModuloTest" time="0.0"/>
  <testcase name="single threaded increment at module - 1 gives 0[Modulo: 607]" classname="serie2.ex1.CounterModuloTest" time="0.0"/>
  <testcase name="multi threaded decrement counter[Modulo: 607]" classname="serie2.ex1.CounterModuloTest" time="0.013"/>
  <testcase name="multi threaded increment counter[Modulo: 608]" classname="serie2.ex1.CounterModuloTest" time="0.014"/>
  <testcase name="single threaded increment and decrement counter[Modulo: 608]" classname="serie2.ex1.CounterModuloTest" time="0.0"/>
  <testcase name="single threaded decrement at 0 gives module - 1[Modulo: 608]" classname="serie2.ex1.CounterModuloTest" time="0.0"/>
  <testcase name="single threaded increment at module - 1 gives 0[Modulo: 608]" classname="serie2.ex1.CounterModuloTest" time="0.0"/>
  <testcase name="multi threaded decrement counter[Modulo: 608]" classname="serie2.ex1.CounterModuloTest" time="0.011"/>
  <testcase name="multi threaded increment counter[Modulo: 609]" classname="serie2.ex1.CounterModuloTest" time="0.014"/>
  <testcase name="single threaded increment and decrement counter[Modulo: 609]" classname="serie2.ex1.CounterModuloTest" time="0.0"/>
  <testcase name="single threaded decrement at 0 gives module - 1[Modulo: 609]" classname="serie2.ex1.CounterModuloTest" time="0.0"/>
  <testcase name="single threaded increment at module - 1 gives 0[Modulo: 609]" classname="serie2.ex1.CounterModuloTest" time="0.0"/>
  <testcase name="multi threaded decrement counter[Modulo: 609]" classname="serie2.ex1.CounterModuloTest" time="0.013"/>
  <testcase name="multi threaded increment counter[Modulo: 610]" classname="serie2.ex1.CounterModuloTest" time="0.015"/>
  <testcase name="single threaded increment and decrement counter[Modulo: 610]" classname="serie2.ex1.CounterModuloTest" time="0.001"/>
  <testcase name="single threaded decrement at 0 gives module - 1[Modulo: 610]" classname="serie2.ex1.CounterModuloTest" time="0.0"/>
  <testcase name="single threaded increment at module - 1 gives 0[Modulo: 610]" classname="serie2.ex1.CounterModuloTest" time="0.0"/>
  <testcase name="multi threaded decrement counter[Modulo: 610]" classname="serie2.ex1.CounterModuloTest" time="0.013"/>
  <testcase name="multi threaded increment counter[Modulo: 611]" classname="serie2.ex1.CounterModuloTest" time="0.012"/>
  <testcase name="single threaded increment and decrement counter[Modulo: 611]" classname="serie2.ex1.CounterModuloTest" time="0.001"/>
  <testcase name="single threaded decrement at 0 gives module - 1[Modulo: 611]" classname="serie2.ex1.CounterModuloTest" time="0.0"/>
  <testcase name="single threaded increment at module - 1 gives 0[Modulo: 611]" classname="serie2.ex1.CounterModuloTest" time="0.0"/>
  <testcase name="multi threaded decrement counter[Modulo: 611]" classname="serie2.ex1.CounterModuloTest" time="0.011"/>
  <testcase name="multi threaded increment counter[Modulo: 612]" classname="serie2.ex1.CounterModuloTest" time="0.014"/>
  <testcase name="single threaded increment and decrement counter[Modulo: 612]" classname="serie2.ex1.CounterModuloTest" time="0.0"/>
  <testcase name="single threaded decrement at 0 gives module - 1[Modulo: 612]" classname="serie2.ex1.CounterModuloTest" time="0.0"/>
  <testcase name="single threaded increment at module - 1 gives 0[Modulo: 612]" classname="serie2.ex1.CounterModuloTest" time="0.0"/>
  <testcase name="multi threaded decrement counter[Modulo: 612]" classname="serie2.ex1.CounterModuloTest" time="0.013"/>
  <testcase name="multi threaded increment counter[Modulo: 613]" classname="serie2.ex1.CounterModuloTest" time="0.013"/>
  <testcase name="single threaded increment and decrement counter[Modulo: 613]" classname="serie2.ex1.CounterModuloTest" time="0.001"/>
  <testcase name="single threaded decrement at 0 gives module - 1[Modulo: 613]" classname="serie2.ex1.CounterModuloTest" time="0.0"/>
  <testcase name="single threaded increment at module - 1 gives 0[Modulo: 613]" classname="serie2.ex1.CounterModuloTest" time="0.0"/>
  <testcase name="multi threaded decrement counter[Modulo: 613]" classname="serie2.ex1.CounterModuloTest" time="0.011"/>
  <testcase name="multi threaded increment counter[Modulo: 614]" classname="serie2.ex1.CounterModuloTest" time="0.014"/>
  <testcase name="single threaded increment and decrement counter[Modulo: 614]" classname="serie2.ex1.CounterModuloTest" time="0.001"/>
  <testcase name="single threaded decrement at 0 gives module - 1[Modulo: 614]" classname="serie2.ex1.CounterModuloTest" time="0.0"/>
  <testcase name="single threaded increment at module - 1 gives 0[Modulo: 614]" classname="serie2.ex1.CounterModuloTest" time="0.0"/>
  <testcase name="multi threaded decrement counter[Modulo: 614]" classname="serie2.ex1.CounterModuloTest" time="0.011"/>
  <testcase name="multi threaded increment counter[Modulo: 615]" classname="serie2.ex1.CounterModuloTest" time="0.016"/>
  <testcase name="single threaded increment and decrement counter[Modulo: 615]" classname="serie2.ex1.CounterModuloTest" time="0.001"/>
  <testcase name="single threaded decrement at 0 gives module - 1[Modulo: 615]" classname="serie2.ex1.CounterModuloTest" time="0.0"/>
  <testcase name="single threaded increment at module - 1 gives 0[Modulo: 615]" classname="serie2.ex1.CounterModuloTest" time="0.0"/>
  <testcase name="multi threaded decrement counter[Modulo: 615]" classname="serie2.ex1.CounterModuloTest" time="0.011"/>
  <testcase name="multi threaded increment counter[Modulo: 616]" classname="serie2.ex1.CounterModuloTest" time="0.014"/>
  <testcase name="single threaded increment and decrement counter[Modulo: 616]" classname="serie2.ex1.CounterModuloTest" time="0.001"/>
  <testcase name="single threaded decrement at 0 gives module - 1[Modulo: 616]" classname="serie2.ex1.CounterModuloTest" time="0.0"/>
  <testcase name="single threaded increment at module - 1 gives 0[Modulo: 616]" classname="serie2.ex1.CounterModuloTest" time="0.0"/>
  <testcase name="multi threaded decrement counter[Modulo: 616]" classname="serie2.ex1.CounterModuloTest" time="0.015"/>
  <testcase name="multi threaded increment counter[Modulo: 617]" classname="serie2.ex1.CounterModuloTest" time="0.016"/>
  <testcase name="single threaded increment and decrement counter[Modulo: 617]" classname="serie2.ex1.CounterModuloTest" time="0.0"/>
  <testcase name="single threaded decrement at 0 gives module - 1[Modulo: 617]" classname="serie2.ex1.CounterModuloTest" time="0.0"/>
  <testcase name="single threaded increment at module - 1 gives 0[Modulo: 617]" classname="serie2.ex1.CounterModuloTest" time="0.0"/>
  <testcase name="multi threaded decrement counter[Modulo: 617]" classname="serie2.ex1.CounterModuloTest" time="0.015"/>
  <testcase name="multi threaded increment counter[Modulo: 618]" classname="serie2.ex1.CounterModuloTest" time="0.014"/>
  <testcase name="single threaded increment and decrement counter[Modulo: 618]" classname="serie2.ex1.CounterModuloTest" time="0.001"/>
  <testcase name="single threaded decrement at 0 gives module - 1[Modulo: 618]" classname="serie2.ex1.CounterModuloTest" time="0.0"/>
  <testcase name="single threaded increment at module - 1 gives 0[Modulo: 618]" classname="serie2.ex1.CounterModuloTest" time="0.0"/>
  <testcase name="multi threaded decrement counter[Modulo: 618]" classname="serie2.ex1.CounterModuloTest" time="0.014"/>
  <testcase name="multi threaded increment counter[Modulo: 619]" classname="serie2.ex1.CounterModuloTest" time="0.011"/>
  <testcase name="single threaded increment and decrement counter[Modulo: 619]" classname="serie2.ex1.CounterModuloTest" time="0.0"/>
  <testcase name="single threaded decrement at 0 gives module - 1[Modulo: 619]" classname="serie2.ex1.CounterModuloTest" time="0.0"/>
  <testcase name="single threaded increment at module - 1 gives 0[Modulo: 619]" classname="serie2.ex1.CounterModuloTest" time="0.0"/>
  <testcase name="multi threaded decrement counter[Modulo: 619]" classname="serie2.ex1.CounterModuloTest" time="0.015"/>
  <testcase name="multi threaded increment counter[Modulo: 620]" classname="serie2.ex1.CounterModuloTest" time="0.014"/>
  <testcase name="single threaded increment and decrement counter[Modulo: 620]" classname="serie2.ex1.CounterModuloTest" time="0.0"/>
  <testcase name="single threaded decrement at 0 gives module - 1[Modulo: 620]" classname="serie2.ex1.CounterModuloTest" time="0.0"/>
  <testcase name="single threaded increment at module - 1 gives 0[Modulo: 620]" classname="serie2.ex1.CounterModuloTest" time="0.0"/>
  <testcase name="multi threaded decrement counter[Modulo: 620]" classname="serie2.ex1.CounterModuloTest" time="0.014"/>
  <testcase name="multi threaded increment counter[Modulo: 621]" classname="serie2.ex1.CounterModuloTest" time="0.014"/>
  <testcase name="single threaded increment and decrement counter[Modulo: 621]" classname="serie2.ex1.CounterModuloTest" time="0.001"/>
  <testcase name="single threaded decrement at 0 gives module - 1[Modulo: 621]" classname="serie2.ex1.CounterModuloTest" time="0.0"/>
  <testcase name="single threaded increment at module - 1 gives 0[Modulo: 621]" classname="serie2.ex1.CounterModuloTest" time="0.0"/>
  <testcase name="multi threaded decrement counter[Modulo: 621]" classname="serie2.ex1.CounterModuloTest" time="0.015"/>
  <testcase name="multi threaded increment counter[Modulo: 622]" classname="serie2.ex1.CounterModuloTest" time="0.025"/>
  <testcase name="single threaded increment and decrement counter[Modulo: 622]" classname="serie2.ex1.CounterModuloTest" time="0.0"/>
  <testcase name="single threaded decrement at 0 gives module - 1[Modulo: 622]" classname="serie2.ex1.CounterModuloTest" time="0.0"/>
  <testcase name="single threaded increment at module - 1 gives 0[Modulo: 622]" classname="serie2.ex1.CounterModuloTest" time="0.0"/>
  <testcase name="multi threaded decrement counter[Modulo: 622]" classname="serie2.ex1.CounterModuloTest" time="0.022"/>
  <testcase name="multi threaded increment counter[Modulo: 623]" classname="serie2.ex1.CounterModuloTest" time="0.042"/>
  <testcase name="single threaded increment and decrement counter[Modulo: 623]" classname="serie2.ex1.CounterModuloTest" time="0.0"/>
  <testcase name="single threaded decrement at 0 gives module - 1[Modulo: 623]" classname="serie2.ex1.CounterModuloTest" time="0.0"/>
  <testcase name="single threaded increment at module - 1 gives 0[Modulo: 623]" classname="serie2.ex1.CounterModuloTest" time="0.0"/>
  <testcase name="multi threaded decrement counter[Modulo: 623]" classname="serie2.ex1.CounterModuloTest" time="0.015"/>
  <testcase name="multi threaded increment counter[Modulo: 624]" classname="serie2.ex1.CounterModuloTest" time="0.014"/>
  <testcase name="single threaded increment and decrement counter[Modulo: 624]" classname="serie2.ex1.CounterModuloTest" time="0.001"/>
  <testcase name="single threaded decrement at 0 gives module - 1[Modulo: 624]" classname="serie2.ex1.CounterModuloTest" time="0.0"/>
  <testcase name="single threaded increment at module - 1 gives 0[Modulo: 624]" classname="serie2.ex1.CounterModuloTest" time="0.0"/>
  <testcase name="multi threaded decrement counter[Modulo: 624]" classname="serie2.ex1.CounterModuloTest" time="0.013"/>
  <testcase name="multi threaded increment counter[Modulo: 625]" classname="serie2.ex1.CounterModuloTest" time="0.016"/>
  <testcase name="single threaded increment and decrement counter[Modulo: 625]" classname="serie2.ex1.CounterModuloTest" time="0.0"/>
  <testcase name="single threaded decrement at 0 gives module - 1[Modulo: 625]" classname="serie2.ex1.CounterModuloTest" time="0.001"/>
  <testcase name="single threaded increment at module - 1 gives 0[Modulo: 625]" classname="serie2.ex1.CounterModuloTest" time="0.0"/>
  <testcase name="multi threaded decrement counter[Modulo: 625]" classname="serie2.ex1.CounterModuloTest" time="0.013"/>
  <testcase name="multi threaded increment counter[Modulo: 626]" classname="serie2.ex1.CounterModuloTest" time="0.013"/>
  <testcase name="single threaded increment and decrement counter[Modulo: 626]" classname="serie2.ex1.CounterModuloTest" time="0.001"/>
  <testcase name="single threaded decrement at 0 gives module - 1[Modulo: 626]" classname="serie2.ex1.CounterModuloTest" time="0.0"/>
  <testcase name="single threaded increment at module - 1 gives 0[Modulo: 626]" classname="serie2.ex1.CounterModuloTest" time="0.0"/>
  <testcase name="multi threaded decrement counter[Modulo: 626]" classname="serie2.ex1.CounterModuloTest" time="0.013"/>
  <testcase name="multi threaded increment counter[Modulo: 627]" classname="serie2.ex1.CounterModuloTest" time="0.015"/>
  <testcase name="single threaded increment and decrement counter[Modulo: 627]" classname="serie2.ex1.CounterModuloTest" time="0.0"/>
  <testcase name="single threaded decrement at 0 gives module - 1[Modulo: 627]" classname="serie2.ex1.CounterModuloTest" time="0.0"/>
  <testcase name="single threaded increment at module - 1 gives 0[Modulo: 627]" classname="serie2.ex1.CounterModuloTest" time="0.0"/>
  <testcase name="multi threaded decrement counter[Modulo: 627]" classname="serie2.ex1.CounterModuloTest" time="0.013"/>
  <testcase name="multi threaded increment counter[Modulo: 628]" classname="serie2.ex1.CounterModuloTest" time="0.013"/>
  <testcase name="single threaded increment and decrement counter[Modulo: 628]" classname="serie2.ex1.CounterModuloTest" time="0.0"/>
  <testcase name="single threaded decrement at 0 gives module - 1[Modulo: 628]" classname="serie2.ex1.CounterModuloTest" time="0.0"/>
  <testcase name="single threaded increment at module - 1 gives 0[Modulo: 628]" classname="serie2.ex1.CounterModuloTest" time="0.0"/>
  <testcase name="multi threaded decrement counter[Modulo: 628]" classname="serie2.ex1.CounterModuloTest" time="0.014"/>
  <testcase name="multi threaded increment counter[Modulo: 629]" classname="serie2.ex1.CounterModuloTest" time="0.013"/>
  <testcase name="single threaded increment and decrement counter[Modulo: 629]" classname="serie2.ex1.CounterModuloTest" time="0.001"/>
  <testcase name="single threaded decrement at 0 gives module - 1[Modulo: 629]" classname="serie2.ex1.CounterModuloTest" time="0.0"/>
  <testcase name="single threaded increment at module - 1 gives 0[Modulo: 629]" classname="serie2.ex1.CounterModuloTest" time="0.0"/>
  <testcase name="multi threaded decrement counter[Modulo: 629]" classname="serie2.ex1.CounterModuloTest" time="0.014"/>
  <testcase name="multi threaded increment counter[Modulo: 630]" classname="serie2.ex1.CounterModuloTest" time="0.016"/>
  <testcase name="single threaded increment and decrement counter[Modulo: 630]" classname="serie2.ex1.CounterModuloTest" time="0.0"/>
  <testcase name="single threaded decrement at 0 gives module - 1[Modulo: 630]" classname="serie2.ex1.CounterModuloTest" time="0.0"/>
  <testcase name="single threaded increment at module - 1 gives 0[Modulo: 630]" classname="serie2.ex1.CounterModuloTest" time="0.0"/>
  <testcase name="multi threaded decrement counter[Modulo: 630]" classname="serie2.ex1.CounterModuloTest" time="0.013"/>
  <testcase name="multi threaded increment counter[Modulo: 631]" classname="serie2.ex1.CounterModuloTest" time="0.014"/>
  <testcase name="single threaded increment and decrement counter[Modulo: 631]" classname="serie2.ex1.CounterModuloTest" time="0.001"/>
  <testcase name="single threaded decrement at 0 gives module - 1[Modulo: 631]" classname="serie2.ex1.CounterModuloTest" time="0.0"/>
  <testcase name="single threaded increment at module - 1 gives 0[Modulo: 631]" classname="serie2.ex1.CounterModuloTest" time="0.0"/>
  <testcase name="multi threaded decrement counter[Modulo: 631]" classname="serie2.ex1.CounterModuloTest" time="0.012"/>
  <testcase name="multi threaded increment counter[Modulo: 632]" classname="serie2.ex1.CounterModuloTest" time="0.014"/>
  <testcase name="single threaded increment and decrement counter[Modulo: 632]" classname="serie2.ex1.CounterModuloTest" time="0.001"/>
  <testcase name="single threaded decrement at 0 gives module - 1[Modulo: 632]" classname="serie2.ex1.CounterModuloTest" time="0.0"/>
  <testcase name="single threaded increment at module - 1 gives 0[Modulo: 632]" classname="serie2.ex1.CounterModuloTest" time="0.0"/>
  <testcase name="multi threaded decrement counter[Modulo: 632]" classname="serie2.ex1.CounterModuloTest" time="0.013"/>
  <testcase name="multi threaded increment counter[Modulo: 633]" classname="serie2.ex1.CounterModuloTest" time="0.014"/>
  <testcase name="single threaded increment and decrement counter[Modulo: 633]" classname="serie2.ex1.CounterModuloTest" time="0.0"/>
  <testcase name="single threaded decrement at 0 gives module - 1[Modulo: 633]" classname="serie2.ex1.CounterModuloTest" time="0.001"/>
  <testcase name="single threaded increment at module - 1 gives 0[Modulo: 633]" classname="serie2.ex1.CounterModuloTest" time="0.0"/>
  <testcase name="multi threaded decrement counter[Modulo: 633]" classname="serie2.ex1.CounterModuloTest" time="0.014"/>
  <testcase name="multi threaded increment counter[Modulo: 634]" classname="serie2.ex1.CounterModuloTest" time="0.013"/>
  <testcase name="single threaded increment and decrement counter[Modulo: 634]" classname="serie2.ex1.CounterModuloTest" time="0.0"/>
  <testcase name="single threaded decrement at 0 gives module - 1[Modulo: 634]" classname="serie2.ex1.CounterModuloTest" time="0.001"/>
  <testcase name="single threaded increment at module - 1 gives 0[Modulo: 634]" classname="serie2.ex1.CounterModuloTest" time="0.0"/>
  <testcase name="multi threaded decrement counter[Modulo: 634]" classname="serie2.ex1.CounterModuloTest" time="0.01"/>
  <testcase name="multi threaded increment counter[Modulo: 635]" classname="serie2.ex1.CounterModuloTest" time="0.016"/>
  <testcase name="single threaded increment and decrement counter[Modulo: 635]" classname="serie2.ex1.CounterModuloTest" time="0.0"/>
  <testcase name="single threaded decrement at 0 gives module - 1[Modulo: 635]" classname="serie2.ex1.CounterModuloTest" time="0.0"/>
  <testcase name="single threaded increment at module - 1 gives 0[Modulo: 635]" classname="serie2.ex1.CounterModuloTest" time="0.0"/>
  <testcase name="multi threaded decrement counter[Modulo: 635]" classname="serie2.ex1.CounterModuloTest" time="0.014"/>
  <testcase name="multi threaded increment counter[Modulo: 636]" classname="serie2.ex1.CounterModuloTest" time="0.015"/>
  <testcase name="single threaded increment and decrement counter[Modulo: 636]" classname="serie2.ex1.CounterModuloTest" time="0.0"/>
  <testcase name="single threaded decrement at 0 gives module - 1[Modulo: 636]" classname="serie2.ex1.CounterModuloTest" time="0.0"/>
  <testcase name="single threaded increment at module - 1 gives 0[Modulo: 636]" classname="serie2.ex1.CounterModuloTest" time="0.0"/>
  <testcase name="multi threaded decrement counter[Modulo: 636]" classname="serie2.ex1.CounterModuloTest" time="0.012"/>
  <testcase name="multi threaded increment counter[Modulo: 637]" classname="serie2.ex1.CounterModuloTest" time="0.012"/>
  <testcase name="single threaded increment and decrement counter[Modulo: 637]" classname="serie2.ex1.CounterModuloTest" time="0.001"/>
  <testcase name="single threaded decrement at 0 gives module - 1[Modulo: 637]" classname="serie2.ex1.CounterModuloTest" time="0.0"/>
  <testcase name="single threaded increment at module - 1 gives 0[Modulo: 637]" classname="serie2.ex1.CounterModuloTest" time="0.0"/>
  <testcase name="multi threaded decrement counter[Modulo: 637]" classname="serie2.ex1.CounterModuloTest" time="0.01"/>
  <testcase name="multi threaded increment counter[Modulo: 638]" classname="serie2.ex1.CounterModuloTest" time="0.011"/>
  <testcase name="single threaded increment and decrement counter[Modulo: 638]" classname="serie2.ex1.CounterModuloTest" time="0.001"/>
  <testcase name="single threaded decrement at 0 gives module - 1[Modulo: 638]" classname="serie2.ex1.CounterModuloTest" time="0.0"/>
  <testcase name="single threaded increment at module - 1 gives 0[Modulo: 638]" classname="serie2.ex1.CounterModuloTest" time="0.0"/>
  <testcase name="multi threaded decrement counter[Modulo: 638]" classname="serie2.ex1.CounterModuloTest" time="0.012"/>
  <testcase name="multi threaded increment counter[Modulo: 639]" classname="serie2.ex1.CounterModuloTest" time="0.011"/>
  <testcase name="single threaded increment and decrement counter[Modulo: 639]" classname="serie2.ex1.CounterModuloTest" time="0.0"/>
  <testcase name="single threaded decrement at 0 gives module - 1[Modulo: 639]" classname="serie2.ex1.CounterModuloTest" time="0.0"/>
  <testcase name="single threaded increment at module - 1 gives 0[Modulo: 639]" classname="serie2.ex1.CounterModuloTest" time="0.0"/>
  <testcase name="multi threaded decrement counter[Modulo: 639]" classname="serie2.ex1.CounterModuloTest" time="0.011"/>
  <testcase name="multi threaded increment counter[Modulo: 640]" classname="serie2.ex1.CounterModuloTest" time="0.013"/>
  <testcase name="single threaded increment and decrement counter[Modulo: 640]" classname="serie2.ex1.CounterModuloTest" time="0.0"/>
  <testcase name="single threaded decrement at 0 gives module - 1[Modulo: 640]" classname="serie2.ex1.CounterModuloTest" time="0.0"/>
  <testcase name="single threaded increment at module - 1 gives 0[Modulo: 640]" classname="serie2.ex1.CounterModuloTest" time="0.0"/>
  <testcase name="multi threaded decrement counter[Modulo: 640]" classname="serie2.ex1.CounterModuloTest" time="0.012"/>
  <testcase name="multi threaded increment counter[Modulo: 641]" classname="serie2.ex1.CounterModuloTest" time="0.012"/>
  <testcase name="single threaded increment and decrement counter[Modulo: 641]" classname="serie2.ex1.CounterModuloTest" time="0.0"/>
  <testcase name="single threaded decrement at 0 gives module - 1[Modulo: 641]" classname="serie2.ex1.CounterModuloTest" time="0.0"/>
  <testcase name="single threaded increment at module - 1 gives 0[Modulo: 641]" classname="serie2.ex1.CounterModuloTest" time="0.0"/>
  <testcase name="multi threaded decrement counter[Modulo: 641]" classname="serie2.ex1.CounterModuloTest" time="0.012"/>
  <testcase name="multi threaded increment counter[Modulo: 642]" classname="serie2.ex1.CounterModuloTest" time="0.017"/>
  <testcase name="single threaded increment and decrement counter[Modulo: 642]" classname="serie2.ex1.CounterModuloTest" time="0.0"/>
  <testcase name="single threaded decrement at 0 gives module - 1[Modulo: 642]" classname="serie2.ex1.CounterModuloTest" time="0.0"/>
  <testcase name="single threaded increment at module - 1 gives 0[Modulo: 642]" classname="serie2.ex1.CounterModuloTest" time="0.0"/>
  <testcase name="multi threaded decrement counter[Modulo: 642]" classname="serie2.ex1.CounterModuloTest" time="0.012"/>
  <testcase name="multi threaded increment counter[Modulo: 643]" classname="serie2.ex1.CounterModuloTest" time="0.013"/>
  <testcase name="single threaded increment and decrement counter[Modulo: 643]" classname="serie2.ex1.CounterModuloTest" time="0.0"/>
  <testcase name="single threaded decrement at 0 gives module - 1[Modulo: 643]" classname="serie2.ex1.CounterModuloTest" time="0.0"/>
  <testcase name="single threaded increment at module - 1 gives 0[Modulo: 643]" classname="serie2.ex1.CounterModuloTest" time="0.0"/>
  <testcase name="multi threaded decrement counter[Modulo: 643]" classname="serie2.ex1.CounterModuloTest" time="0.011"/>
  <testcase name="multi threaded increment counter[Modulo: 644]" classname="serie2.ex1.CounterModuloTest" time="0.012"/>
  <testcase name="single threaded increment and decrement counter[Modulo: 644]" classname="serie2.ex1.CounterModuloTest" time="0.001"/>
  <testcase name="single threaded decrement at 0 gives module - 1[Modulo: 644]" classname="serie2.ex1.CounterModuloTest" time="0.0"/>
  <testcase name="single threaded increment at module - 1 gives 0[Modulo: 644]" classname="serie2.ex1.CounterModuloTest" time="0.0"/>
  <testcase name="multi threaded decrement counter[Modulo: 644]" classname="serie2.ex1.CounterModuloTest" time="0.01"/>
  <testcase name="multi threaded increment counter[Modulo: 645]" classname="serie2.ex1.CounterModuloTest" time="0.012"/>
  <testcase name="single threaded increment and decrement counter[Modulo: 645]" classname="serie2.ex1.CounterModuloTest" time="0.001"/>
  <testcase name="single threaded decrement at 0 gives module - 1[Modulo: 645]" classname="serie2.ex1.CounterModuloTest" time="0.0"/>
  <testcase name="single threaded increment at module - 1 gives 0[Modulo: 645]" classname="serie2.ex1.CounterModuloTest" time="0.0"/>
  <testcase name="multi threaded decrement counter[Modulo: 645]" classname="serie2.ex1.CounterModuloTest" time="0.01"/>
  <testcase name="multi threaded increment counter[Modulo: 646]" classname="serie2.ex1.CounterModuloTest" time="0.012"/>
  <testcase name="single threaded increment and decrement counter[Modulo: 646]" classname="serie2.ex1.CounterModuloTest" time="0.0"/>
  <testcase name="single threaded decrement at 0 gives module - 1[Modulo: 646]" classname="serie2.ex1.CounterModuloTest" time="0.0"/>
  <testcase name="single threaded increment at module - 1 gives 0[Modulo: 646]" classname="serie2.ex1.CounterModuloTest" time="0.0"/>
  <testcase name="multi threaded decrement counter[Modulo: 646]" classname="serie2.ex1.CounterModuloTest" time="0.011"/>
  <testcase name="multi threaded increment counter[Modulo: 647]" classname="serie2.ex1.CounterModuloTest" time="0.012"/>
  <testcase name="single threaded increment and decrement counter[Modulo: 647]" classname="serie2.ex1.CounterModuloTest" time="0.001"/>
  <testcase name="single threaded decrement at 0 gives module - 1[Modulo: 647]" classname="serie2.ex1.CounterModuloTest" time="0.0"/>
  <testcase name="single threaded increment at module - 1 gives 0[Modulo: 647]" classname="serie2.ex1.CounterModuloTest" time="0.0"/>
  <testcase name="multi threaded decrement counter[Modulo: 647]" classname="serie2.ex1.CounterModuloTest" time="0.012"/>
  <testcase name="multi threaded increment counter[Modulo: 648]" classname="serie2.ex1.CounterModuloTest" time="0.012"/>
  <testcase name="single threaded increment and decrement counter[Modulo: 648]" classname="serie2.ex1.CounterModuloTest" time="0.0"/>
  <testcase name="single threaded decrement at 0 gives module - 1[Modulo: 648]" classname="serie2.ex1.CounterModuloTest" time="0.0"/>
  <testcase name="single threaded increment at module - 1 gives 0[Modulo: 648]" classname="serie2.ex1.CounterModuloTest" time="0.0"/>
  <testcase name="multi threaded decrement counter[Modulo: 648]" classname="serie2.ex1.CounterModuloTest" time="0.011"/>
  <testcase name="multi threaded increment counter[Modulo: 649]" classname="serie2.ex1.CounterModuloTest" time="0.012"/>
  <testcase name="single threaded increment and decrement counter[Modulo: 649]" classname="serie2.ex1.CounterModuloTest" time="0.001"/>
  <testcase name="single threaded decrement at 0 gives module - 1[Modulo: 649]" classname="serie2.ex1.CounterModuloTest" time="0.0"/>
  <testcase name="single threaded increment at module - 1 gives 0[Modulo: 649]" classname="serie2.ex1.CounterModuloTest" time="0.0"/>
  <testcase name="multi threaded decrement counter[Modulo: 649]" classname="serie2.ex1.CounterModuloTest" time="0.011"/>
  <testcase name="multi threaded increment counter[Modulo: 650]" classname="serie2.ex1.CounterModuloTest" time="0.013"/>
  <testcase name="single threaded increment and decrement counter[Modulo: 650]" classname="serie2.ex1.CounterModuloTest" time="0.0"/>
  <testcase name="single threaded decrement at 0 gives module - 1[Modulo: 650]" classname="serie2.ex1.CounterModuloTest" time="0.0"/>
  <testcase name="single threaded increment at module - 1 gives 0[Modulo: 650]" classname="serie2.ex1.CounterModuloTest" time="0.0"/>
  <testcase name="multi threaded decrement counter[Modulo: 650]" classname="serie2.ex1.CounterModuloTest" time="0.012"/>
  <testcase name="multi threaded increment counter[Modulo: 651]" classname="serie2.ex1.CounterModuloTest" time="0.013"/>
  <testcase name="single threaded increment and decrement counter[Modulo: 651]" classname="serie2.ex1.CounterModuloTest" time="0.0"/>
  <testcase name="single threaded decrement at 0 gives module - 1[Modulo: 651]" classname="serie2.ex1.CounterModuloTest" time="0.0"/>
  <testcase name="single threaded increment at module - 1 gives 0[Modulo: 651]" classname="serie2.ex1.CounterModuloTest" time="0.0"/>
  <testcase name="multi threaded decrement counter[Modulo: 651]" classname="serie2.ex1.CounterModuloTest" time="0.011"/>
  <testcase name="multi threaded increment counter[Modulo: 652]" classname="serie2.ex1.CounterModuloTest" time="0.012"/>
  <testcase name="single threaded increment and decrement counter[Modulo: 652]" classname="serie2.ex1.CounterModuloTest" time="0.001"/>
  <testcase name="single threaded decrement at 0 gives module - 1[Modulo: 652]" classname="serie2.ex1.CounterModuloTest" time="0.0"/>
  <testcase name="single threaded increment at module - 1 gives 0[Modulo: 652]" classname="serie2.ex1.CounterModuloTest" time="0.0"/>
  <testcase name="multi threaded decrement counter[Modulo: 652]" classname="serie2.ex1.CounterModuloTest" time="0.01"/>
  <testcase name="multi threaded increment counter[Modulo: 653]" classname="serie2.ex1.CounterModuloTest" time="0.012"/>
  <testcase name="single threaded increment and decrement counter[Modulo: 653]" classname="serie2.ex1.CounterModuloTest" time="0.0"/>
  <testcase name="single threaded decrement at 0 gives module - 1[Modulo: 653]" classname="serie2.ex1.CounterModuloTest" time="0.0"/>
  <testcase name="single threaded increment at module - 1 gives 0[Modulo: 653]" classname="serie2.ex1.CounterModuloTest" time="0.0"/>
  <testcase name="multi threaded decrement counter[Modulo: 653]" classname="serie2.ex1.CounterModuloTest" time="0.012"/>
  <testcase name="multi threaded increment counter[Modulo: 654]" classname="serie2.ex1.CounterModuloTest" time="0.012"/>
  <testcase name="single threaded increment and decrement counter[Modulo: 654]" classname="serie2.ex1.CounterModuloTest" time="0.0"/>
  <testcase name="single threaded decrement at 0 gives module - 1[Modulo: 654]" classname="serie2.ex1.CounterModuloTest" time="0.0"/>
  <testcase name="single threaded increment at module - 1 gives 0[Modulo: 654]" classname="serie2.ex1.CounterModuloTest" time="0.0"/>
  <testcase name="multi threaded decrement counter[Modulo: 654]" classname="serie2.ex1.CounterModuloTest" time="0.012"/>
  <testcase name="multi threaded increment counter[Modulo: 655]" classname="serie2.ex1.CounterModuloTest" time="0.012"/>
  <testcase name="single threaded increment and decrement counter[Modulo: 655]" classname="serie2.ex1.CounterModuloTest" time="0.001"/>
  <testcase name="single threaded decrement at 0 gives module - 1[Modulo: 655]" classname="serie2.ex1.CounterModuloTest" time="0.0"/>
  <testcase name="single threaded increment at module - 1 gives 0[Modulo: 655]" classname="serie2.ex1.CounterModuloTest" time="0.0"/>
  <testcase name="multi threaded decrement counter[Modulo: 655]" classname="serie2.ex1.CounterModuloTest" time="0.011"/>
  <testcase name="multi threaded increment counter[Modulo: 656]" classname="serie2.ex1.CounterModuloTest" time="0.012"/>
  <testcase name="single threaded increment and decrement counter[Modulo: 656]" classname="serie2.ex1.CounterModuloTest" time="0.001"/>
  <testcase name="single threaded decrement at 0 gives module - 1[Modulo: 656]" classname="serie2.ex1.CounterModuloTest" time="0.0"/>
  <testcase name="single threaded increment at module - 1 gives 0[Modulo: 656]" classname="serie2.ex1.CounterModuloTest" time="0.0"/>
  <testcase name="multi threaded decrement counter[Modulo: 656]" classname="serie2.ex1.CounterModuloTest" time="0.011"/>
  <testcase name="multi threaded increment counter[Modulo: 657]" classname="serie2.ex1.CounterModuloTest" time="0.011"/>
  <testcase name="single threaded increment and decrement counter[Modulo: 657]" classname="serie2.ex1.CounterModuloTest" time="0.0"/>
  <testcase name="single threaded decrement at 0 gives module - 1[Modulo: 657]" classname="serie2.ex1.CounterModuloTest" time="0.0"/>
  <testcase name="single threaded increment at module - 1 gives 0[Modulo: 657]" classname="serie2.ex1.CounterModuloTest" time="0.0"/>
  <testcase name="multi threaded decrement counter[Modulo: 657]" classname="serie2.ex1.CounterModuloTest" time="0.011"/>
  <testcase name="multi threaded increment counter[Modulo: 658]" classname="serie2.ex1.CounterModuloTest" time="0.012"/>
  <testcase name="single threaded increment and decrement counter[Modulo: 658]" classname="serie2.ex1.CounterModuloTest" time="0.001"/>
  <testcase name="single threaded decrement at 0 gives module - 1[Modulo: 658]" classname="serie2.ex1.CounterModuloTest" time="0.0"/>
  <testcase name="single threaded increment at module - 1 gives 0[Modulo: 658]" classname="serie2.ex1.CounterModuloTest" time="0.0"/>
  <testcase name="multi threaded decrement counter[Modulo: 658]" classname="serie2.ex1.CounterModuloTest" time="0.011"/>
  <testcase name="multi threaded increment counter[Modulo: 659]" classname="serie2.ex1.CounterModuloTest" time="0.013"/>
  <testcase name="single threaded increment and decrement counter[Modulo: 659]" classname="serie2.ex1.CounterModuloTest" time="0.001"/>
  <testcase name="single threaded decrement at 0 gives module - 1[Modulo: 659]" classname="serie2.ex1.CounterModuloTest" time="0.0"/>
  <testcase name="single threaded increment at module - 1 gives 0[Modulo: 659]" classname="serie2.ex1.CounterModuloTest" time="0.0"/>
  <testcase name="multi threaded decrement counter[Modulo: 659]" classname="serie2.ex1.CounterModuloTest" time="0.011"/>
  <testcase name="multi threaded increment counter[Modulo: 660]" classname="serie2.ex1.CounterModuloTest" time="0.012"/>
  <testcase name="single threaded increment and decrement counter[Modulo: 660]" classname="serie2.ex1.CounterModuloTest" time="0.0"/>
  <testcase name="single threaded decrement at 0 gives module - 1[Modulo: 660]" classname="serie2.ex1.CounterModuloTest" time="0.0"/>
  <testcase name="single threaded increment at module - 1 gives 0[Modulo: 660]" classname="serie2.ex1.CounterModuloTest" time="0.0"/>
  <testcase name="multi threaded decrement counter[Modulo: 660]" classname="serie2.ex1.CounterModuloTest" time="0.012"/>
  <testcase name="multi threaded increment counter[Modulo: 661]" classname="serie2.ex1.CounterModuloTest" time="0.01"/>
  <testcase name="single threaded increment and decrement counter[Modulo: 661]" classname="serie2.ex1.CounterModuloTest" time="0.0"/>
  <testcase name="single threaded decrement at 0 gives module - 1[Modulo: 661]" classname="serie2.ex1.CounterModuloTest" time="0.0"/>
  <testcase name="single threaded increment at module - 1 gives 0[Modulo: 661]" classname="serie2.ex1.CounterModuloTest" time="0.0"/>
  <testcase name="multi threaded decrement counter[Modulo: 661]" classname="serie2.ex1.CounterModuloTest" time="0.012"/>
  <testcase name="multi threaded increment counter[Modulo: 662]" classname="serie2.ex1.CounterModuloTest" time="0.013"/>
  <testcase name="single threaded increment and decrement counter[Modulo: 662]" classname="serie2.ex1.CounterModuloTest" time="0.0"/>
  <testcase name="single threaded decrement at 0 gives module - 1[Modulo: 662]" classname="serie2.ex1.CounterModuloTest" time="0.0"/>
  <testcase name="single threaded increment at module - 1 gives 0[Modulo: 662]" classname="serie2.ex1.CounterModuloTest" time="0.0"/>
  <testcase name="multi threaded decrement counter[Modulo: 662]" classname="serie2.ex1.CounterModuloTest" time="0.013"/>
  <testcase name="multi threaded increment counter[Modulo: 663]" classname="serie2.ex1.CounterModuloTest" time="0.011"/>
  <testcase name="single threaded increment and decrement counter[Modulo: 663]" classname="serie2.ex1.CounterModuloTest" time="0.001"/>
  <testcase name="single threaded decrement at 0 gives module - 1[Modulo: 663]" classname="serie2.ex1.CounterModuloTest" time="0.0"/>
  <testcase name="single threaded increment at module - 1 gives 0[Modulo: 663]" classname="serie2.ex1.CounterModuloTest" time="0.0"/>
  <testcase name="multi threaded decrement counter[Modulo: 663]" classname="serie2.ex1.CounterModuloTest" time="0.011"/>
  <testcase name="multi threaded increment counter[Modulo: 664]" classname="serie2.ex1.CounterModuloTest" time="0.013"/>
  <testcase name="single threaded increment and decrement counter[Modulo: 664]" classname="serie2.ex1.CounterModuloTest" time="0.001"/>
  <testcase name="single threaded decrement at 0 gives module - 1[Modulo: 664]" classname="serie2.ex1.CounterModuloTest" time="0.0"/>
  <testcase name="single threaded increment at module - 1 gives 0[Modulo: 664]" classname="serie2.ex1.CounterModuloTest" time="0.0"/>
  <testcase name="multi threaded decrement counter[Modulo: 664]" classname="serie2.ex1.CounterModuloTest" time="0.012"/>
  <testcase name="multi threaded increment counter[Modulo: 665]" classname="serie2.ex1.CounterModuloTest" time="0.011"/>
  <testcase name="single threaded increment and decrement counter[Modulo: 665]" classname="serie2.ex1.CounterModuloTest" time="0.0"/>
  <testcase name="single threaded decrement at 0 gives module - 1[Modulo: 665]" classname="serie2.ex1.CounterModuloTest" time="0.0"/>
  <testcase name="single threaded increment at module - 1 gives 0[Modulo: 665]" classname="serie2.ex1.CounterModuloTest" time="0.0"/>
  <testcase name="multi threaded decrement counter[Modulo: 665]" classname="serie2.ex1.CounterModuloTest" time="0.013"/>
  <testcase name="multi threaded increment counter[Modulo: 666]" classname="serie2.ex1.CounterModuloTest" time="0.011"/>
  <testcase name="single threaded increment and decrement counter[Modulo: 666]" classname="serie2.ex1.CounterModuloTest" time="0.0"/>
  <testcase name="single threaded decrement at 0 gives module - 1[Modulo: 666]" classname="serie2.ex1.CounterModuloTest" time="0.0"/>
  <testcase name="single threaded increment at module - 1 gives 0[Modulo: 666]" classname="serie2.ex1.CounterModuloTest" time="0.0"/>
  <testcase name="multi threaded decrement counter[Modulo: 666]" classname="serie2.ex1.CounterModuloTest" time="0.011"/>
  <testcase name="multi threaded increment counter[Modulo: 667]" classname="serie2.ex1.CounterModuloTest" time="0.011"/>
  <testcase name="single threaded increment and decrement counter[Modulo: 667]" classname="serie2.ex1.CounterModuloTest" time="0.0"/>
  <testcase name="single threaded decrement at 0 gives module - 1[Modulo: 667]" classname="serie2.ex1.CounterModuloTest" time="0.001"/>
  <testcase name="single threaded increment at module - 1 gives 0[Modulo: 667]" classname="serie2.ex1.CounterModuloTest" time="0.0"/>
  <testcase name="multi threaded decrement counter[Modulo: 667]" classname="serie2.ex1.CounterModuloTest" time="0.011"/>
  <testcase name="multi threaded increment counter[Modulo: 668]" classname="serie2.ex1.CounterModuloTest" time="0.01"/>
  <testcase name="single threaded increment and decrement counter[Modulo: 668]" classname="serie2.ex1.CounterModuloTest" time="0.0"/>
  <testcase name="single threaded decrement at 0 gives module - 1[Modulo: 668]" classname="serie2.ex1.CounterModuloTest" time="0.0"/>
  <testcase name="single threaded increment at module - 1 gives 0[Modulo: 668]" classname="serie2.ex1.CounterModuloTest" time="0.0"/>
  <testcase name="multi threaded decrement counter[Modulo: 668]" classname="serie2.ex1.CounterModuloTest" time="0.012"/>
  <testcase name="multi threaded increment counter[Modulo: 669]" classname="serie2.ex1.CounterModuloTest" time="0.012"/>
  <testcase name="single threaded increment and decrement counter[Modulo: 669]" classname="serie2.ex1.CounterModuloTest" time="0.0"/>
  <testcase name="single threaded decrement at 0 gives module - 1[Modulo: 669]" classname="serie2.ex1.CounterModuloTest" time="0.0"/>
  <testcase name="single threaded increment at module - 1 gives 0[Modulo: 669]" classname="serie2.ex1.CounterModuloTest" time="0.0"/>
  <testcase name="multi threaded decrement counter[Modulo: 669]" classname="serie2.ex1.CounterModuloTest" time="0.011"/>
  <testcase name="multi threaded increment counter[Modulo: 670]" classname="serie2.ex1.CounterModuloTest" time="0.011"/>
  <testcase name="single threaded increment and decrement counter[Modulo: 670]" classname="serie2.ex1.CounterModuloTest" time="0.001"/>
  <testcase name="single threaded decrement at 0 gives module - 1[Modulo: 670]" classname="serie2.ex1.CounterModuloTest" time="0.0"/>
  <testcase name="single threaded increment at module - 1 gives 0[Modulo: 670]" classname="serie2.ex1.CounterModuloTest" time="0.0"/>
  <testcase name="multi threaded decrement counter[Modulo: 670]" classname="serie2.ex1.CounterModuloTest" time="0.011"/>
  <testcase name="multi threaded increment counter[Modulo: 671]" classname="serie2.ex1.CounterModuloTest" time="0.012"/>
  <testcase name="single threaded increment and decrement counter[Modulo: 671]" classname="serie2.ex1.CounterModuloTest" time="0.0"/>
  <testcase name="single threaded decrement at 0 gives module - 1[Modulo: 671]" classname="serie2.ex1.CounterModuloTest" time="0.0"/>
  <testcase name="single threaded increment at module - 1 gives 0[Modulo: 671]" classname="serie2.ex1.CounterModuloTest" time="0.0"/>
  <testcase name="multi threaded decrement counter[Modulo: 671]" classname="serie2.ex1.CounterModuloTest" time="0.012"/>
  <testcase name="multi threaded increment counter[Modulo: 672]" classname="serie2.ex1.CounterModuloTest" time="0.011"/>
  <testcase name="single threaded increment and decrement counter[Modulo: 672]" classname="serie2.ex1.CounterModuloTest" time="0.0"/>
  <testcase name="single threaded decrement at 0 gives module - 1[Modulo: 672]" classname="serie2.ex1.CounterModuloTest" time="0.0"/>
  <testcase name="single threaded increment at module - 1 gives 0[Modulo: 672]" classname="serie2.ex1.CounterModuloTest" time="0.0"/>
  <testcase name="multi threaded decrement counter[Modulo: 672]" classname="serie2.ex1.CounterModuloTest" time="0.012"/>
  <testcase name="multi threaded increment counter[Modulo: 673]" classname="serie2.ex1.CounterModuloTest" time="0.012"/>
  <testcase name="single threaded increment and decrement counter[Modulo: 673]" classname="serie2.ex1.CounterModuloTest" time="0.001"/>
  <testcase name="single threaded decrement at 0 gives module - 1[Modulo: 673]" classname="serie2.ex1.CounterModuloTest" time="0.0"/>
  <testcase name="single threaded increment at module - 1 gives 0[Modulo: 673]" classname="serie2.ex1.CounterModuloTest" time="0.0"/>
  <testcase name="multi threaded decrement counter[Modulo: 673]" classname="serie2.ex1.CounterModuloTest" time="0.01"/>
  <testcase name="multi threaded increment counter[Modulo: 674]" classname="serie2.ex1.CounterModuloTest" time="0.012"/>
  <testcase name="single threaded increment and decrement counter[Modulo: 674]" classname="serie2.ex1.CounterModuloTest" time="0.001"/>
  <testcase name="single threaded decrement at 0 gives module - 1[Modulo: 674]" classname="serie2.ex1.CounterModuloTest" time="0.0"/>
  <testcase name="single threaded increment at module - 1 gives 0[Modulo: 674]" classname="serie2.ex1.CounterModuloTest" time="0.0"/>
  <testcase name="multi threaded decrement counter[Modulo: 674]" classname="serie2.ex1.CounterModuloTest" time="0.011"/>
  <testcase name="multi threaded increment counter[Modulo: 675]" classname="serie2.ex1.CounterModuloTest" time="0.017"/>
  <testcase name="single threaded increment and decrement counter[Modulo: 675]" classname="serie2.ex1.CounterModuloTest" time="0.001"/>
  <testcase name="single threaded decrement at 0 gives module - 1[Modulo: 675]" classname="serie2.ex1.CounterModuloTest" time="0.0"/>
  <testcase name="single threaded increment at module - 1 gives 0[Modulo: 675]" classname="serie2.ex1.CounterModuloTest" time="0.0"/>
  <testcase name="multi threaded decrement counter[Modulo: 675]" classname="serie2.ex1.CounterModuloTest" time="0.01"/>
  <testcase name="multi threaded increment counter[Modulo: 676]" classname="serie2.ex1.CounterModuloTest" time="0.014"/>
  <testcase name="single threaded increment and decrement counter[Modulo: 676]" classname="serie2.ex1.CounterModuloTest" time="0.001"/>
  <testcase name="single threaded decrement at 0 gives module - 1[Modulo: 676]" classname="serie2.ex1.CounterModuloTest" time="0.0"/>
  <testcase name="single threaded increment at module - 1 gives 0[Modulo: 676]" classname="serie2.ex1.CounterModuloTest" time="0.0"/>
  <testcase name="multi threaded decrement counter[Modulo: 676]" classname="serie2.ex1.CounterModuloTest" time="0.012"/>
  <testcase name="multi threaded increment counter[Modulo: 677]" classname="serie2.ex1.CounterModuloTest" time="0.011"/>
  <testcase name="single threaded increment and decrement counter[Modulo: 677]" classname="serie2.ex1.CounterModuloTest" time="0.001"/>
  <testcase name="single threaded decrement at 0 gives module - 1[Modulo: 677]" classname="serie2.ex1.CounterModuloTest" time="0.0"/>
  <testcase name="single threaded increment at module - 1 gives 0[Modulo: 677]" classname="serie2.ex1.CounterModuloTest" time="0.0"/>
  <testcase name="multi threaded decrement counter[Modulo: 677]" classname="serie2.ex1.CounterModuloTest" time="0.013"/>
  <testcase name="multi threaded increment counter[Modulo: 678]" classname="serie2.ex1.CounterModuloTest" time="0.019"/>
  <testcase name="single threaded increment and decrement counter[Modulo: 678]" classname="serie2.ex1.CounterModuloTest" time="0.001"/>
  <testcase name="single threaded decrement at 0 gives module - 1[Modulo: 678]" classname="serie2.ex1.CounterModuloTest" time="0.0"/>
  <testcase name="single threaded increment at module - 1 gives 0[Modulo: 678]" classname="serie2.ex1.CounterModuloTest" time="0.0"/>
  <testcase name="multi threaded decrement counter[Modulo: 678]" classname="serie2.ex1.CounterModuloTest" time="0.013"/>
  <testcase name="multi threaded increment counter[Modulo: 679]" classname="serie2.ex1.CounterModuloTest" time="0.015"/>
  <testcase name="single threaded increment and decrement counter[Modulo: 679]" classname="serie2.ex1.CounterModuloTest" time="0.0"/>
  <testcase name="single threaded decrement at 0 gives module - 1[Modulo: 679]" classname="serie2.ex1.CounterModuloTest" time="0.0"/>
  <testcase name="single threaded increment at module - 1 gives 0[Modulo: 679]" classname="serie2.ex1.CounterModuloTest" time="0.0"/>
  <testcase name="multi threaded decrement counter[Modulo: 679]" classname="serie2.ex1.CounterModuloTest" time="0.014"/>
  <testcase name="multi threaded increment counter[Modulo: 680]" classname="serie2.ex1.CounterModuloTest" time="0.014"/>
  <testcase name="single threaded increment and decrement counter[Modulo: 680]" classname="serie2.ex1.CounterModuloTest" time="0.001"/>
  <testcase name="single threaded decrement at 0 gives module - 1[Modulo: 680]" classname="serie2.ex1.CounterModuloTest" time="0.0"/>
  <testcase name="single threaded increment at module - 1 gives 0[Modulo: 680]" classname="serie2.ex1.CounterModuloTest" time="0.0"/>
  <testcase name="multi threaded decrement counter[Modulo: 680]" classname="serie2.ex1.CounterModuloTest" time="0.015"/>
  <testcase name="multi threaded increment counter[Modulo: 681]" classname="serie2.ex1.CounterModuloTest" time="0.012"/>
  <testcase name="single threaded increment and decrement counter[Modulo: 681]" classname="serie2.ex1.CounterModuloTest" time="0.0"/>
  <testcase name="single threaded decrement at 0 gives module - 1[Modulo: 681]" classname="serie2.ex1.CounterModuloTest" time="0.0"/>
  <testcase name="single threaded increment at module - 1 gives 0[Modulo: 681]" classname="serie2.ex1.CounterModuloTest" time="0.0"/>
  <testcase name="multi threaded decrement counter[Modulo: 681]" classname="serie2.ex1.CounterModuloTest" time="0.016"/>
  <testcase name="multi threaded increment counter[Modulo: 682]" classname="serie2.ex1.CounterModuloTest" time="0.015"/>
  <testcase name="single threaded increment and decrement counter[Modulo: 682]" classname="serie2.ex1.CounterModuloTest" time="0.001"/>
  <testcase name="single threaded decrement at 0 gives module - 1[Modulo: 682]" classname="serie2.ex1.CounterModuloTest" time="0.0"/>
  <testcase name="single threaded increment at module - 1 gives 0[Modulo: 682]" classname="serie2.ex1.CounterModuloTest" time="0.0"/>
  <testcase name="multi threaded decrement counter[Modulo: 682]" classname="serie2.ex1.CounterModuloTest" time="0.015"/>
  <testcase name="multi threaded increment counter[Modulo: 683]" classname="serie2.ex1.CounterModuloTest" time="0.013"/>
  <testcase name="single threaded increment and decrement counter[Modulo: 683]" classname="serie2.ex1.CounterModuloTest" time="0.001"/>
  <testcase name="single threaded decrement at 0 gives module - 1[Modulo: 683]" classname="serie2.ex1.CounterModuloTest" time="0.0"/>
  <testcase name="single threaded increment at module - 1 gives 0[Modulo: 683]" classname="serie2.ex1.CounterModuloTest" time="0.0"/>
  <testcase name="multi threaded decrement counter[Modulo: 683]" classname="serie2.ex1.CounterModuloTest" time="0.015"/>
  <testcase name="multi threaded increment counter[Modulo: 684]" classname="serie2.ex1.CounterModuloTest" time="0.015"/>
  <testcase name="single threaded increment and decrement counter[Modulo: 684]" classname="serie2.ex1.CounterModuloTest" time="0.0"/>
  <testcase name="single threaded decrement at 0 gives module - 1[Modulo: 684]" classname="serie2.ex1.CounterModuloTest" time="0.0"/>
  <testcase name="single threaded increment at module - 1 gives 0[Modulo: 684]" classname="serie2.ex1.CounterModuloTest" time="0.0"/>
  <testcase name="multi threaded decrement counter[Modulo: 684]" classname="serie2.ex1.CounterModuloTest" time="0.014"/>
  <testcase name="multi threaded increment counter[Modulo: 685]" classname="serie2.ex1.CounterModuloTest" time="0.014"/>
  <testcase name="single threaded increment and decrement counter[Modulo: 685]" classname="serie2.ex1.CounterModuloTest" time="0.0"/>
  <testcase name="single threaded decrement at 0 gives module - 1[Modulo: 685]" classname="serie2.ex1.CounterModuloTest" time="0.0"/>
  <testcase name="single threaded increment at module - 1 gives 0[Modulo: 685]" classname="serie2.ex1.CounterModuloTest" time="0.0"/>
  <testcase name="multi threaded decrement counter[Modulo: 685]" classname="serie2.ex1.CounterModuloTest" time="0.015"/>
  <testcase name="multi threaded increment counter[Modulo: 686]" classname="serie2.ex1.CounterModuloTest" time="0.014"/>
  <testcase name="single threaded increment and decrement counter[Modulo: 686]" classname="serie2.ex1.CounterModuloTest" time="0.0"/>
  <testcase name="single threaded decrement at 0 gives module - 1[Modulo: 686]" classname="serie2.ex1.CounterModuloTest" time="0.0"/>
  <testcase name="single threaded increment at module - 1 gives 0[Modulo: 686]" classname="serie2.ex1.CounterModuloTest" time="0.0"/>
  <testcase name="multi threaded decrement counter[Modulo: 686]" classname="serie2.ex1.CounterModuloTest" time="0.011"/>
  <testcase name="multi threaded increment counter[Modulo: 687]" classname="serie2.ex1.CounterModuloTest" time="0.014"/>
  <testcase name="single threaded increment and decrement counter[Modulo: 687]" classname="serie2.ex1.CounterModuloTest" time="0.001"/>
  <testcase name="single threaded decrement at 0 gives module - 1[Modulo: 687]" classname="serie2.ex1.CounterModuloTest" time="0.0"/>
  <testcase name="single threaded increment at module - 1 gives 0[Modulo: 687]" classname="serie2.ex1.CounterModuloTest" time="0.0"/>
  <testcase name="multi threaded decrement counter[Modulo: 687]" classname="serie2.ex1.CounterModuloTest" time="0.02"/>
  <testcase name="multi threaded increment counter[Modulo: 688]" classname="serie2.ex1.CounterModuloTest" time="0.015"/>
  <testcase name="single threaded increment and decrement counter[Modulo: 688]" classname="serie2.ex1.CounterModuloTest" time="0.0"/>
  <testcase name="single threaded decrement at 0 gives module - 1[Modulo: 688]" classname="serie2.ex1.CounterModuloTest" time="0.0"/>
  <testcase name="single threaded increment at module - 1 gives 0[Modulo: 688]" classname="serie2.ex1.CounterModuloTest" time="0.0"/>
  <testcase name="multi threaded decrement counter[Modulo: 688]" classname="serie2.ex1.CounterModuloTest" time="0.014"/>
  <testcase name="multi threaded increment counter[Modulo: 689]" classname="serie2.ex1.CounterModuloTest" time="0.013"/>
  <testcase name="single threaded increment and decrement counter[Modulo: 689]" classname="serie2.ex1.CounterModuloTest" time="0.001"/>
  <testcase name="single threaded decrement at 0 gives module - 1[Modulo: 689]" classname="serie2.ex1.CounterModuloTest" time="0.0"/>
  <testcase name="single threaded increment at module - 1 gives 0[Modulo: 689]" classname="serie2.ex1.CounterModuloTest" time="0.0"/>
  <testcase name="multi threaded decrement counter[Modulo: 689]" classname="serie2.ex1.CounterModuloTest" time="0.014"/>
  <testcase name="multi threaded increment counter[Modulo: 690]" classname="serie2.ex1.CounterModuloTest" time="0.014"/>
  <testcase name="single threaded increment and decrement counter[Modulo: 690]" classname="serie2.ex1.CounterModuloTest" time="0.001"/>
  <testcase name="single threaded decrement at 0 gives module - 1[Modulo: 690]" classname="serie2.ex1.CounterModuloTest" time="0.0"/>
  <testcase name="single threaded increment at module - 1 gives 0[Modulo: 690]" classname="serie2.ex1.CounterModuloTest" time="0.0"/>
  <testcase name="multi threaded decrement counter[Modulo: 690]" classname="serie2.ex1.CounterModuloTest" time="0.016"/>
  <testcase name="multi threaded increment counter[Modulo: 691]" classname="serie2.ex1.CounterModuloTest" time="0.012"/>
  <testcase name="single threaded increment and decrement counter[Modulo: 691]" classname="serie2.ex1.CounterModuloTest" time="0.0"/>
  <testcase name="single threaded decrement at 0 gives module - 1[Modulo: 691]" classname="serie2.ex1.CounterModuloTest" time="0.0"/>
  <testcase name="single threaded increment at module - 1 gives 0[Modulo: 691]" classname="serie2.ex1.CounterModuloTest" time="0.0"/>
  <testcase name="multi threaded decrement counter[Modulo: 691]" classname="serie2.ex1.CounterModuloTest" time="0.015"/>
  <testcase name="multi threaded increment counter[Modulo: 692]" classname="serie2.ex1.CounterModuloTest" time="0.014"/>
  <testcase name="single threaded increment and decrement counter[Modulo: 692]" classname="serie2.ex1.CounterModuloTest" time="0.0"/>
  <testcase name="single threaded decrement at 0 gives module - 1[Modulo: 692]" classname="serie2.ex1.CounterModuloTest" time="0.0"/>
  <testcase name="single threaded increment at module - 1 gives 0[Modulo: 692]" classname="serie2.ex1.CounterModuloTest" time="0.0"/>
  <testcase name="multi threaded decrement counter[Modulo: 692]" classname="serie2.ex1.CounterModuloTest" time="0.017"/>
  <testcase name="multi threaded increment counter[Modulo: 693]" classname="serie2.ex1.CounterModuloTest" time="0.015"/>
  <testcase name="single threaded increment and decrement counter[Modulo: 693]" classname="serie2.ex1.CounterModuloTest" time="0.001"/>
  <testcase name="single threaded decrement at 0 gives module - 1[Modulo: 693]" classname="serie2.ex1.CounterModuloTest" time="0.0"/>
  <testcase name="single threaded increment at module - 1 gives 0[Modulo: 693]" classname="serie2.ex1.CounterModuloTest" time="0.0"/>
  <testcase name="multi threaded decrement counter[Modulo: 693]" classname="serie2.ex1.CounterModuloTest" time="0.022"/>
  <testcase name="multi threaded increment counter[Modulo: 694]" classname="serie2.ex1.CounterModuloTest" time="0.016"/>
  <testcase name="single threaded increment and decrement counter[Modulo: 694]" classname="serie2.ex1.CounterModuloTest" time="0.001"/>
  <testcase name="single threaded decrement at 0 gives module - 1[Modulo: 694]" classname="serie2.ex1.CounterModuloTest" time="0.0"/>
  <testcase name="single threaded increment at module - 1 gives 0[Modulo: 694]" classname="serie2.ex1.CounterModuloTest" time="0.0"/>
  <testcase name="multi threaded decrement counter[Modulo: 694]" classname="serie2.ex1.CounterModuloTest" time="0.046"/>
  <testcase name="multi threaded increment counter[Modulo: 695]" classname="serie2.ex1.CounterModuloTest" time="0.014"/>
  <testcase name="single threaded increment and decrement counter[Modulo: 695]" classname="serie2.ex1.CounterModuloTest" time="0.001"/>
  <testcase name="single threaded decrement at 0 gives module - 1[Modulo: 695]" classname="serie2.ex1.CounterModuloTest" time="0.0"/>
  <testcase name="single threaded increment at module - 1 gives 0[Modulo: 695]" classname="serie2.ex1.CounterModuloTest" time="0.0"/>
  <testcase name="multi threaded decrement counter[Modulo: 695]" classname="serie2.ex1.CounterModuloTest" time="0.014"/>
  <testcase name="multi threaded increment counter[Modulo: 696]" classname="serie2.ex1.CounterModuloTest" time="0.016"/>
  <testcase name="single threaded increment and decrement counter[Modulo: 696]" classname="serie2.ex1.CounterModuloTest" time="0.001"/>
  <testcase name="single threaded decrement at 0 gives module - 1[Modulo: 696]" classname="serie2.ex1.CounterModuloTest" time="0.0"/>
  <testcase name="single threaded increment at module - 1 gives 0[Modulo: 696]" classname="serie2.ex1.CounterModuloTest" time="0.0"/>
  <testcase name="multi threaded decrement counter[Modulo: 696]" classname="serie2.ex1.CounterModuloTest" time="0.013"/>
  <testcase name="multi threaded increment counter[Modulo: 697]" classname="serie2.ex1.CounterModuloTest" time="0.016"/>
  <testcase name="single threaded increment and decrement counter[Modulo: 697]" classname="serie2.ex1.CounterModuloTest" time="0.0"/>
  <testcase name="single threaded decrement at 0 gives module - 1[Modulo: 697]" classname="serie2.ex1.CounterModuloTest" time="0.001"/>
  <testcase name="single threaded increment at module - 1 gives 0[Modulo: 697]" classname="serie2.ex1.CounterModuloTest" time="0.0"/>
  <testcase name="multi threaded decrement counter[Modulo: 697]" classname="serie2.ex1.CounterModuloTest" time="0.014"/>
  <testcase name="multi threaded increment counter[Modulo: 698]" classname="serie2.ex1.CounterModuloTest" time="0.015"/>
  <testcase name="single threaded increment and decrement counter[Modulo: 698]" classname="serie2.ex1.CounterModuloTest" time="0.0"/>
  <testcase name="single threaded decrement at 0 gives module - 1[Modulo: 698]" classname="serie2.ex1.CounterModuloTest" time="0.0"/>
  <testcase name="single threaded increment at module - 1 gives 0[Modulo: 698]" classname="serie2.ex1.CounterModuloTest" time="0.0"/>
  <testcase name="multi threaded decrement counter[Modulo: 698]" classname="serie2.ex1.CounterModuloTest" time="0.014"/>
  <testcase name="multi threaded increment counter[Modulo: 699]" classname="serie2.ex1.CounterModuloTest" time="0.014"/>
  <testcase name="single threaded increment and decrement counter[Modulo: 699]" classname="serie2.ex1.CounterModuloTest" time="0.0"/>
  <testcase name="single threaded decrement at 0 gives module - 1[Modulo: 699]" classname="serie2.ex1.CounterModuloTest" time="0.0"/>
  <testcase name="single threaded increment at module - 1 gives 0[Modulo: 699]" classname="serie2.ex1.CounterModuloTest" time="0.0"/>
  <testcase name="multi threaded decrement counter[Modulo: 699]" classname="serie2.ex1.CounterModuloTest" time="0.015"/>
  <testcase name="multi threaded increment counter[Modulo: 700]" classname="serie2.ex1.CounterModuloTest" time="0.013"/>
  <testcase name="single threaded increment and decrement counter[Modulo: 700]" classname="serie2.ex1.CounterModuloTest" time="0.001"/>
  <testcase name="single threaded decrement at 0 gives module - 1[Modulo: 700]" classname="serie2.ex1.CounterModuloTest" time="0.0"/>
  <testcase name="single threaded increment at module - 1 gives 0[Modulo: 700]" classname="serie2.ex1.CounterModuloTest" time="0.0"/>
  <testcase name="multi threaded decrement counter[Modulo: 700]" classname="serie2.ex1.CounterModuloTest" time="0.011"/>
  <testcase name="multi threaded increment counter[Modulo: 701]" classname="serie2.ex1.CounterModuloTest" time="0.015"/>
  <testcase name="single threaded increment and decrement counter[Modulo: 701]" classname="serie2.ex1.CounterModuloTest" time="0.0"/>
  <testcase name="single threaded decrement at 0 gives module - 1[Modulo: 701]" classname="serie2.ex1.CounterModuloTest" time="0.0"/>
  <testcase name="single threaded increment at module - 1 gives 0[Modulo: 701]" classname="serie2.ex1.CounterModuloTest" time="0.0"/>
  <testcase name="multi threaded decrement counter[Modulo: 701]" classname="serie2.ex1.CounterModuloTest" time="0.013"/>
  <testcase name="multi threaded increment counter[Modulo: 702]" classname="serie2.ex1.CounterModuloTest" time="0.014"/>
  <testcase name="single threaded increment and decrement counter[Modulo: 702]" classname="serie2.ex1.CounterModuloTest" time="0.001"/>
  <testcase name="single threaded decrement at 0 gives module - 1[Modulo: 702]" classname="serie2.ex1.CounterModuloTest" time="0.0"/>
  <testcase name="single threaded increment at module - 1 gives 0[Modulo: 702]" classname="serie2.ex1.CounterModuloTest" time="0.0"/>
  <testcase name="multi threaded decrement counter[Modulo: 702]" classname="serie2.ex1.CounterModuloTest" time="0.013"/>
  <testcase name="multi threaded increment counter[Modulo: 703]" classname="serie2.ex1.CounterModuloTest" time="0.015"/>
  <testcase name="single threaded increment and decrement counter[Modulo: 703]" classname="serie2.ex1.CounterModuloTest" time="0.0"/>
  <testcase name="single threaded decrement at 0 gives module - 1[Modulo: 703]" classname="serie2.ex1.CounterModuloTest" time="0.0"/>
  <testcase name="single threaded increment at module - 1 gives 0[Modulo: 703]" classname="serie2.ex1.CounterModuloTest" time="0.0"/>
  <testcase name="multi threaded decrement counter[Modulo: 703]" classname="serie2.ex1.CounterModuloTest" time="0.013"/>
  <testcase name="multi threaded increment counter[Modulo: 704]" classname="serie2.ex1.CounterModuloTest" time="0.014"/>
  <testcase name="single threaded increment and decrement counter[Modulo: 704]" classname="serie2.ex1.CounterModuloTest" time="0.001"/>
  <testcase name="single threaded decrement at 0 gives module - 1[Modulo: 704]" classname="serie2.ex1.CounterModuloTest" time="0.0"/>
  <testcase name="single threaded increment at module - 1 gives 0[Modulo: 704]" classname="serie2.ex1.CounterModuloTest" time="0.0"/>
  <testcase name="multi threaded decrement counter[Modulo: 704]" classname="serie2.ex1.CounterModuloTest" time="0.013"/>
  <testcase name="multi threaded increment counter[Modulo: 705]" classname="serie2.ex1.CounterModuloTest" time="0.014"/>
  <testcase name="single threaded increment and decrement counter[Modulo: 705]" classname="serie2.ex1.CounterModuloTest" time="0.001"/>
  <testcase name="single threaded decrement at 0 gives module - 1[Modulo: 705]" classname="serie2.ex1.CounterModuloTest" time="0.0"/>
  <testcase name="single threaded increment at module - 1 gives 0[Modulo: 705]" classname="serie2.ex1.CounterModuloTest" time="0.0"/>
  <testcase name="multi threaded decrement counter[Modulo: 705]" classname="serie2.ex1.CounterModuloTest" time="0.012"/>
  <testcase name="multi threaded increment counter[Modulo: 706]" classname="serie2.ex1.CounterModuloTest" time="0.015"/>
  <testcase name="single threaded increment and decrement counter[Modulo: 706]" classname="serie2.ex1.CounterModuloTest" time="0.0"/>
  <testcase name="single threaded decrement at 0 gives module - 1[Modulo: 706]" classname="serie2.ex1.CounterModuloTest" time="0.0"/>
  <testcase name="single threaded increment at module - 1 gives 0[Modulo: 706]" classname="serie2.ex1.CounterModuloTest" time="0.0"/>
  <testcase name="multi threaded decrement counter[Modulo: 706]" classname="serie2.ex1.CounterModuloTest" time="0.014"/>
  <testcase name="multi threaded increment counter[Modulo: 707]" classname="serie2.ex1.CounterModuloTest" time="0.014"/>
  <testcase name="single threaded increment and decrement counter[Modulo: 707]" classname="serie2.ex1.CounterModuloTest" time="0.001"/>
  <testcase name="single threaded decrement at 0 gives module - 1[Modulo: 707]" classname="serie2.ex1.CounterModuloTest" time="0.0"/>
  <testcase name="single threaded increment at module - 1 gives 0[Modulo: 707]" classname="serie2.ex1.CounterModuloTest" time="0.0"/>
  <testcase name="multi threaded decrement counter[Modulo: 707]" classname="serie2.ex1.CounterModuloTest" time="0.012"/>
  <testcase name="multi threaded increment counter[Modulo: 708]" classname="serie2.ex1.CounterModuloTest" time="0.014"/>
  <testcase name="single threaded increment and decrement counter[Modulo: 708]" classname="serie2.ex1.CounterModuloTest" time="0.0"/>
  <testcase name="single threaded decrement at 0 gives module - 1[Modulo: 708]" classname="serie2.ex1.CounterModuloTest" time="0.0"/>
  <testcase name="single threaded increment at module - 1 gives 0[Modulo: 708]" classname="serie2.ex1.CounterModuloTest" time="0.0"/>
  <testcase name="multi threaded decrement counter[Modulo: 708]" classname="serie2.ex1.CounterModuloTest" time="0.012"/>
  <testcase name="multi threaded increment counter[Modulo: 709]" classname="serie2.ex1.CounterModuloTest" time="0.012"/>
  <testcase name="single threaded increment and decrement counter[Modulo: 709]" classname="serie2.ex1.CounterModuloTest" time="0.0"/>
  <testcase name="single threaded decrement at 0 gives module - 1[Modulo: 709]" classname="serie2.ex1.CounterModuloTest" time="0.0"/>
  <testcase name="single threaded increment at module - 1 gives 0[Modulo: 709]" classname="serie2.ex1.CounterModuloTest" time="0.0"/>
  <testcase name="multi threaded decrement counter[Modulo: 709]" classname="serie2.ex1.CounterModuloTest" time="0.012"/>
  <testcase name="multi threaded increment counter[Modulo: 710]" classname="serie2.ex1.CounterModuloTest" time="0.012"/>
  <testcase name="single threaded increment and decrement counter[Modulo: 710]" classname="serie2.ex1.CounterModuloTest" time="0.001"/>
  <testcase name="single threaded decrement at 0 gives module - 1[Modulo: 710]" classname="serie2.ex1.CounterModuloTest" time="0.0"/>
  <testcase name="single threaded increment at module - 1 gives 0[Modulo: 710]" classname="serie2.ex1.CounterModuloTest" time="0.0"/>
  <testcase name="multi threaded decrement counter[Modulo: 710]" classname="serie2.ex1.CounterModuloTest" time="0.012"/>
  <testcase name="multi threaded increment counter[Modulo: 711]" classname="serie2.ex1.CounterModuloTest" time="0.013"/>
  <testcase name="single threaded increment and decrement counter[Modulo: 711]" classname="serie2.ex1.CounterModuloTest" time="0.0"/>
  <testcase name="single threaded decrement at 0 gives module - 1[Modulo: 711]" classname="serie2.ex1.CounterModuloTest" time="0.001"/>
  <testcase name="single threaded increment at module - 1 gives 0[Modulo: 711]" classname="serie2.ex1.CounterModuloTest" time="0.0"/>
  <testcase name="multi threaded decrement counter[Modulo: 711]" classname="serie2.ex1.CounterModuloTest" time="0.015"/>
  <testcase name="multi threaded increment counter[Modulo: 712]" classname="serie2.ex1.CounterModuloTest" time="0.012"/>
  <testcase name="single threaded increment and decrement counter[Modulo: 712]" classname="serie2.ex1.CounterModuloTest" time="0.001"/>
  <testcase name="single threaded decrement at 0 gives module - 1[Modulo: 712]" classname="serie2.ex1.CounterModuloTest" time="0.0"/>
  <testcase name="single threaded increment at module - 1 gives 0[Modulo: 712]" classname="serie2.ex1.CounterModuloTest" time="0.0"/>
  <testcase name="multi threaded decrement counter[Modulo: 712]" classname="serie2.ex1.CounterModuloTest" time="0.017"/>
  <testcase name="multi threaded increment counter[Modulo: 713]" classname="serie2.ex1.CounterModuloTest" time="0.013"/>
  <testcase name="single threaded increment and decrement counter[Modulo: 713]" classname="serie2.ex1.CounterModuloTest" time="0.0"/>
  <testcase name="single threaded decrement at 0 gives module - 1[Modulo: 713]" classname="serie2.ex1.CounterModuloTest" time="0.0"/>
  <testcase name="single threaded increment at module - 1 gives 0[Modulo: 713]" classname="serie2.ex1.CounterModuloTest" time="0.0"/>
  <testcase name="multi threaded decrement counter[Modulo: 713]" classname="serie2.ex1.CounterModuloTest" time="0.011"/>
  <testcase name="multi threaded increment counter[Modulo: 714]" classname="serie2.ex1.CounterModuloTest" time="0.011"/>
  <testcase name="single threaded increment and decrement counter[Modulo: 714]" classname="serie2.ex1.CounterModuloTest" time="0.0"/>
  <testcase name="single threaded decrement at 0 gives module - 1[Modulo: 714]" classname="serie2.ex1.CounterModuloTest" time="0.0"/>
  <testcase name="single threaded increment at module - 1 gives 0[Modulo: 714]" classname="serie2.ex1.CounterModuloTest" time="0.0"/>
  <testcase name="multi threaded decrement counter[Modulo: 714]" classname="serie2.ex1.CounterModuloTest" time="0.012"/>
  <testcase name="multi threaded increment counter[Modulo: 715]" classname="serie2.ex1.CounterModuloTest" time="0.012"/>
  <testcase name="single threaded increment and decrement counter[Modulo: 715]" classname="serie2.ex1.CounterModuloTest" time="0.0"/>
  <testcase name="single threaded decrement at 0 gives module - 1[Modulo: 715]" classname="serie2.ex1.CounterModuloTest" time="0.0"/>
  <testcase name="single threaded increment at module - 1 gives 0[Modulo: 715]" classname="serie2.ex1.CounterModuloTest" time="0.0"/>
  <testcase name="multi threaded decrement counter[Modulo: 715]" classname="serie2.ex1.CounterModuloTest" time="0.012"/>
  <testcase name="multi threaded increment counter[Modulo: 716]" classname="serie2.ex1.CounterModuloTest" time="0.012"/>
  <testcase name="single threaded increment and decrement counter[Modulo: 716]" classname="serie2.ex1.CounterModuloTest" time="0.001"/>
  <testcase name="single threaded decrement at 0 gives module - 1[Modulo: 716]" classname="serie2.ex1.CounterModuloTest" time="0.0"/>
  <testcase name="single threaded increment at module - 1 gives 0[Modulo: 716]" classname="serie2.ex1.CounterModuloTest" time="0.0"/>
  <testcase name="multi threaded decrement counter[Modulo: 716]" classname="serie2.ex1.CounterModuloTest" time="0.012"/>
  <testcase name="multi threaded increment counter[Modulo: 717]" classname="serie2.ex1.CounterModuloTest" time="0.012"/>
  <testcase name="single threaded increment and decrement counter[Modulo: 717]" classname="serie2.ex1.CounterModuloTest" time="0.0"/>
  <testcase name="single threaded decrement at 0 gives module - 1[Modulo: 717]" classname="serie2.ex1.CounterModuloTest" time="0.0"/>
  <testcase name="single threaded increment at module - 1 gives 0[Modulo: 717]" classname="serie2.ex1.CounterModuloTest" time="0.0"/>
  <testcase name="multi threaded decrement counter[Modulo: 717]" classname="serie2.ex1.CounterModuloTest" time="0.012"/>
  <testcase name="multi threaded increment counter[Modulo: 718]" classname="serie2.ex1.CounterModuloTest" time="0.01"/>
  <testcase name="single threaded increment and decrement counter[Modulo: 718]" classname="serie2.ex1.CounterModuloTest" time="0.001"/>
  <testcase name="single threaded decrement at 0 gives module - 1[Modulo: 718]" classname="serie2.ex1.CounterModuloTest" time="0.0"/>
  <testcase name="single threaded increment at module - 1 gives 0[Modulo: 718]" classname="serie2.ex1.CounterModuloTest" time="0.0"/>
  <testcase name="multi threaded decrement counter[Modulo: 718]" classname="serie2.ex1.CounterModuloTest" time="0.009"/>
  <testcase name="multi threaded increment counter[Modulo: 719]" classname="serie2.ex1.CounterModuloTest" time="0.012"/>
  <testcase name="single threaded increment and decrement counter[Modulo: 719]" classname="serie2.ex1.CounterModuloTest" time="0.0"/>
  <testcase name="single threaded decrement at 0 gives module - 1[Modulo: 719]" classname="serie2.ex1.CounterModuloTest" time="0.0"/>
  <testcase name="single threaded increment at module - 1 gives 0[Modulo: 719]" classname="serie2.ex1.CounterModuloTest" time="0.0"/>
  <testcase name="multi threaded decrement counter[Modulo: 719]" classname="serie2.ex1.CounterModuloTest" time="0.013"/>
  <testcase name="multi threaded increment counter[Modulo: 720]" classname="serie2.ex1.CounterModuloTest" time="0.012"/>
  <testcase name="single threaded increment and decrement counter[Modulo: 720]" classname="serie2.ex1.CounterModuloTest" time="0.0"/>
  <testcase name="single threaded decrement at 0 gives module - 1[Modulo: 720]" classname="serie2.ex1.CounterModuloTest" time="0.0"/>
  <testcase name="single threaded increment at module - 1 gives 0[Modulo: 720]" classname="serie2.ex1.CounterModuloTest" time="0.0"/>
  <testcase name="multi threaded decrement counter[Modulo: 720]" classname="serie2.ex1.CounterModuloTest" time="0.011"/>
  <testcase name="multi threaded increment counter[Modulo: 721]" classname="serie2.ex1.CounterModuloTest" time="0.012"/>
  <testcase name="single threaded increment and decrement counter[Modulo: 721]" classname="serie2.ex1.CounterModuloTest" time="0.0"/>
  <testcase name="single threaded decrement at 0 gives module - 1[Modulo: 721]" classname="serie2.ex1.CounterModuloTest" time="0.0"/>
  <testcase name="single threaded increment at module - 1 gives 0[Modulo: 721]" classname="serie2.ex1.CounterModuloTest" time="0.0"/>
  <testcase name="multi threaded decrement counter[Modulo: 721]" classname="serie2.ex1.CounterModuloTest" time="0.012"/>
  <testcase name="multi threaded increment counter[Modulo: 722]" classname="serie2.ex1.CounterModuloTest" time="0.012"/>
  <testcase name="single threaded increment and decrement counter[Modulo: 722]" classname="serie2.ex1.CounterModuloTest" time="0.001"/>
  <testcase name="single threaded decrement at 0 gives module - 1[Modulo: 722]" classname="serie2.ex1.CounterModuloTest" time="0.0"/>
  <testcase name="single threaded increment at module - 1 gives 0[Modulo: 722]" classname="serie2.ex1.CounterModuloTest" time="0.0"/>
  <testcase name="multi threaded decrement counter[Modulo: 722]" classname="serie2.ex1.CounterModuloTest" time="0.012"/>
  <testcase name="multi threaded increment counter[Modulo: 723]" classname="serie2.ex1.CounterModuloTest" time="0.012"/>
  <testcase name="single threaded increment and decrement counter[Modulo: 723]" classname="serie2.ex1.CounterModuloTest" time="0.001"/>
  <testcase name="single threaded decrement at 0 gives module - 1[Modulo: 723]" classname="serie2.ex1.CounterModuloTest" time="0.0"/>
  <testcase name="single threaded increment at module - 1 gives 0[Modulo: 723]" classname="serie2.ex1.CounterModuloTest" time="0.0"/>
  <testcase name="multi threaded decrement counter[Modulo: 723]" classname="serie2.ex1.CounterModuloTest" time="0.012"/>
  <testcase name="multi threaded increment counter[Modulo: 724]" classname="serie2.ex1.CounterModuloTest" time="0.012"/>
  <testcase name="single threaded increment and decrement counter[Modulo: 724]" classname="serie2.ex1.CounterModuloTest" time="0.0"/>
  <testcase name="single threaded decrement at 0 gives module - 1[Modulo: 724]" classname="serie2.ex1.CounterModuloTest" time="0.0"/>
  <testcase name="single threaded increment at module - 1 gives 0[Modulo: 724]" classname="serie2.ex1.CounterModuloTest" time="0.0"/>
  <testcase name="multi threaded decrement counter[Modulo: 724]" classname="serie2.ex1.CounterModuloTest" time="0.012"/>
  <testcase name="multi threaded increment counter[Modulo: 725]" classname="serie2.ex1.CounterModuloTest" time="0.013"/>
  <testcase name="single threaded increment and decrement counter[Modulo: 725]" classname="serie2.ex1.CounterModuloTest" time="0.0"/>
  <testcase name="single threaded decrement at 0 gives module - 1[Modulo: 725]" classname="serie2.ex1.CounterModuloTest" time="0.0"/>
  <testcase name="single threaded increment at module - 1 gives 0[Modulo: 725]" classname="serie2.ex1.CounterModuloTest" time="0.0"/>
  <testcase name="multi threaded decrement counter[Modulo: 725]" classname="serie2.ex1.CounterModuloTest" time="0.012"/>
  <testcase name="multi threaded increment counter[Modulo: 726]" classname="serie2.ex1.CounterModuloTest" time="0.011"/>
  <testcase name="single threaded increment and decrement counter[Modulo: 726]" classname="serie2.ex1.CounterModuloTest" time="0.0"/>
  <testcase name="single threaded decrement at 0 gives module - 1[Modulo: 726]" classname="serie2.ex1.CounterModuloTest" time="0.0"/>
  <testcase name="single threaded increment at module - 1 gives 0[Modulo: 726]" classname="serie2.ex1.CounterModuloTest" time="0.0"/>
  <testcase name="multi threaded decrement counter[Modulo: 726]" classname="serie2.ex1.CounterModuloTest" time="0.013"/>
  <testcase name="multi threaded increment counter[Modulo: 727]" classname="serie2.ex1.CounterModuloTest" time="0.012"/>
  <testcase name="single threaded increment and decrement counter[Modulo: 727]" classname="serie2.ex1.CounterModuloTest" time="0.001"/>
  <testcase name="single threaded decrement at 0 gives module - 1[Modulo: 727]" classname="serie2.ex1.CounterModuloTest" time="0.0"/>
  <testcase name="single threaded increment at module - 1 gives 0[Modulo: 727]" classname="serie2.ex1.CounterModuloTest" time="0.0"/>
  <testcase name="multi threaded decrement counter[Modulo: 727]" classname="serie2.ex1.CounterModuloTest" time="0.011"/>
  <testcase name="multi threaded increment counter[Modulo: 728]" classname="serie2.ex1.CounterModuloTest" time="0.012"/>
  <testcase name="single threaded increment and decrement counter[Modulo: 728]" classname="serie2.ex1.CounterModuloTest" time="0.0"/>
  <testcase name="single threaded decrement at 0 gives module - 1[Modulo: 728]" classname="serie2.ex1.CounterModuloTest" time="0.0"/>
  <testcase name="single threaded increment at module - 1 gives 0[Modulo: 728]" classname="serie2.ex1.CounterModuloTest" time="0.0"/>
  <testcase name="multi threaded decrement counter[Modulo: 728]" classname="serie2.ex1.CounterModuloTest" time="0.012"/>
  <testcase name="multi threaded increment counter[Modulo: 729]" classname="serie2.ex1.CounterModuloTest" time="0.013"/>
  <testcase name="single threaded increment and decrement counter[Modulo: 729]" classname="serie2.ex1.CounterModuloTest" time="0.001"/>
  <testcase name="single threaded decrement at 0 gives module - 1[Modulo: 729]" classname="serie2.ex1.CounterModuloTest" time="0.0"/>
  <testcase name="single threaded increment at module - 1 gives 0[Modulo: 729]" classname="serie2.ex1.CounterModuloTest" time="0.0"/>
  <testcase name="multi threaded decrement counter[Modulo: 729]" classname="serie2.ex1.CounterModuloTest" time="0.013"/>
  <testcase name="multi threaded increment counter[Modulo: 730]" classname="serie2.ex1.CounterModuloTest" time="0.012"/>
  <testcase name="single threaded increment and decrement counter[Modulo: 730]" classname="serie2.ex1.CounterModuloTest" time="0.001"/>
  <testcase name="single threaded decrement at 0 gives module - 1[Modulo: 730]" classname="serie2.ex1.CounterModuloTest" time="0.0"/>
  <testcase name="single threaded increment at module - 1 gives 0[Modulo: 730]" classname="serie2.ex1.CounterModuloTest" time="0.0"/>
  <testcase name="multi threaded decrement counter[Modulo: 730]" classname="serie2.ex1.CounterModuloTest" time="0.013"/>
  <testcase name="multi threaded increment counter[Modulo: 731]" classname="serie2.ex1.CounterModuloTest" time="0.012"/>
  <testcase name="single threaded increment and decrement counter[Modulo: 731]" classname="serie2.ex1.CounterModuloTest" time="0.0"/>
  <testcase name="single threaded decrement at 0 gives module - 1[Modulo: 731]" classname="serie2.ex1.CounterModuloTest" time="0.0"/>
  <testcase name="single threaded increment at module - 1 gives 0[Modulo: 731]" classname="serie2.ex1.CounterModuloTest" time="0.0"/>
  <testcase name="multi threaded decrement counter[Modulo: 731]" classname="serie2.ex1.CounterModuloTest" time="0.012"/>
  <testcase name="multi threaded increment counter[Modulo: 732]" classname="serie2.ex1.CounterModuloTest" time="0.012"/>
  <testcase name="single threaded increment and decrement counter[Modulo: 732]" classname="serie2.ex1.CounterModuloTest" time="0.001"/>
  <testcase name="single threaded decrement at 0 gives module - 1[Modulo: 732]" classname="serie2.ex1.CounterModuloTest" time="0.0"/>
  <testcase name="single threaded increment at module - 1 gives 0[Modulo: 732]" classname="serie2.ex1.CounterModuloTest" time="0.0"/>
  <testcase name="multi threaded decrement counter[Modulo: 732]" classname="serie2.ex1.CounterModuloTest" time="0.011"/>
  <testcase name="multi threaded increment counter[Modulo: 733]" classname="serie2.ex1.CounterModuloTest" time="0.013"/>
  <testcase name="single threaded increment and decrement counter[Modulo: 733]" classname="serie2.ex1.CounterModuloTest" time="0.0"/>
  <testcase name="single threaded decrement at 0 gives module - 1[Modulo: 733]" classname="serie2.ex1.CounterModuloTest" time="0.0"/>
  <testcase name="single threaded increment at module - 1 gives 0[Modulo: 733]" classname="serie2.ex1.CounterModuloTest" time="0.0"/>
  <testcase name="multi threaded decrement counter[Modulo: 733]" classname="serie2.ex1.CounterModuloTest" time="0.02"/>
  <testcase name="multi threaded increment counter[Modulo: 734]" classname="serie2.ex1.CounterModuloTest" time="0.012"/>
  <testcase name="single threaded increment and decrement counter[Modulo: 734]" classname="serie2.ex1.CounterModuloTest" time="0.001"/>
  <testcase name="single threaded decrement at 0 gives module - 1[Modulo: 734]" classname="serie2.ex1.CounterModuloTest" time="0.0"/>
  <testcase name="single threaded increment at module - 1 gives 0[Modulo: 734]" classname="serie2.ex1.CounterModuloTest" time="0.0"/>
  <testcase name="multi threaded decrement counter[Modulo: 734]" classname="serie2.ex1.CounterModuloTest" time="0.011"/>
  <testcase name="multi threaded increment counter[Modulo: 735]" classname="serie2.ex1.CounterModuloTest" time="0.012"/>
  <testcase name="single threaded increment and decrement counter[Modulo: 735]" classname="serie2.ex1.CounterModuloTest" time="0.0"/>
  <testcase name="single threaded decrement at 0 gives module - 1[Modulo: 735]" classname="serie2.ex1.CounterModuloTest" time="0.0"/>
  <testcase name="single threaded increment at module - 1 gives 0[Modulo: 735]" classname="serie2.ex1.CounterModuloTest" time="0.0"/>
  <testcase name="multi threaded decrement counter[Modulo: 735]" classname="serie2.ex1.CounterModuloTest" time="0.012"/>
  <testcase name="multi threaded increment counter[Modulo: 736]" classname="serie2.ex1.CounterModuloTest" time="0.011"/>
  <testcase name="single threaded increment and decrement counter[Modulo: 736]" classname="serie2.ex1.CounterModuloTest" time="0.0"/>
  <testcase name="single threaded decrement at 0 gives module - 1[Modulo: 736]" classname="serie2.ex1.CounterModuloTest" time="0.0"/>
  <testcase name="single threaded increment at module - 1 gives 0[Modulo: 736]" classname="serie2.ex1.CounterModuloTest" time="0.0"/>
  <testcase name="multi threaded decrement counter[Modulo: 736]" classname="serie2.ex1.CounterModuloTest" time="0.011"/>
  <testcase name="multi threaded increment counter[Modulo: 737]" classname="serie2.ex1.CounterModuloTest" time="0.01"/>
  <testcase name="single threaded increment and decrement counter[Modulo: 737]" classname="serie2.ex1.CounterModuloTest" time="0.0"/>
  <testcase name="single threaded decrement at 0 gives module - 1[Modulo: 737]" classname="serie2.ex1.CounterModuloTest" time="0.0"/>
  <testcase name="single threaded increment at module - 1 gives 0[Modulo: 737]" classname="serie2.ex1.CounterModuloTest" time="0.0"/>
  <testcase name="multi threaded decrement counter[Modulo: 737]" classname="serie2.ex1.CounterModuloTest" time="0.013"/>
  <testcase name="multi threaded increment counter[Modulo: 738]" classname="serie2.ex1.CounterModuloTest" time="0.013"/>
  <testcase name="single threaded increment and decrement counter[Modulo: 738]" classname="serie2.ex1.CounterModuloTest" time="0.0"/>
  <testcase name="single threaded decrement at 0 gives module - 1[Modulo: 738]" classname="serie2.ex1.CounterModuloTest" time="0.0"/>
  <testcase name="single threaded increment at module - 1 gives 0[Modulo: 738]" classname="serie2.ex1.CounterModuloTest" time="0.0"/>
  <testcase name="multi threaded decrement counter[Modulo: 738]" classname="serie2.ex1.CounterModuloTest" time="0.012"/>
  <testcase name="multi threaded increment counter[Modulo: 739]" classname="serie2.ex1.CounterModuloTest" time="0.011"/>
  <testcase name="single threaded increment and decrement counter[Modulo: 739]" classname="serie2.ex1.CounterModuloTest" time="0.001"/>
  <testcase name="single threaded decrement at 0 gives module - 1[Modulo: 739]" classname="serie2.ex1.CounterModuloTest" time="0.0"/>
  <testcase name="single threaded increment at module - 1 gives 0[Modulo: 739]" classname="serie2.ex1.CounterModuloTest" time="0.0"/>
  <testcase name="multi threaded decrement counter[Modulo: 739]" classname="serie2.ex1.CounterModuloTest" time="0.012"/>
  <testcase name="multi threaded increment counter[Modulo: 740]" classname="serie2.ex1.CounterModuloTest" time="0.012"/>
  <testcase name="single threaded increment and decrement counter[Modulo: 740]" classname="serie2.ex1.CounterModuloTest" time="0.0"/>
  <testcase name="single threaded decrement at 0 gives module - 1[Modulo: 740]" classname="serie2.ex1.CounterModuloTest" time="0.0"/>
  <testcase name="single threaded increment at module - 1 gives 0[Modulo: 740]" classname="serie2.ex1.CounterModuloTest" time="0.0"/>
  <testcase name="multi threaded decrement counter[Modulo: 740]" classname="serie2.ex1.CounterModuloTest" time="0.012"/>
  <testcase name="multi threaded increment counter[Modulo: 741]" classname="serie2.ex1.CounterModuloTest" time="0.011"/>
  <testcase name="single threaded increment and decrement counter[Modulo: 741]" classname="serie2.ex1.CounterModuloTest" time="0.0"/>
  <testcase name="single threaded decrement at 0 gives module - 1[Modulo: 741]" classname="serie2.ex1.CounterModuloTest" time="0.0"/>
  <testcase name="single threaded increment at module - 1 gives 0[Modulo: 741]" classname="serie2.ex1.CounterModuloTest" time="0.0"/>
  <testcase name="multi threaded decrement counter[Modulo: 741]" classname="serie2.ex1.CounterModuloTest" time="0.012"/>
  <testcase name="multi threaded increment counter[Modulo: 742]" classname="serie2.ex1.CounterModuloTest" time="0.012"/>
  <testcase name="single threaded increment and decrement counter[Modulo: 742]" classname="serie2.ex1.CounterModuloTest" time="0.001"/>
  <testcase name="single threaded decrement at 0 gives module - 1[Modulo: 742]" classname="serie2.ex1.CounterModuloTest" time="0.0"/>
  <testcase name="single threaded increment at module - 1 gives 0[Modulo: 742]" classname="serie2.ex1.CounterModuloTest" time="0.0"/>
  <testcase name="multi threaded decrement counter[Modulo: 742]" classname="serie2.ex1.CounterModuloTest" time="0.012"/>
  <testcase name="multi threaded increment counter[Modulo: 743]" classname="serie2.ex1.CounterModuloTest" time="0.011"/>
  <testcase name="single threaded increment and decrement counter[Modulo: 743]" classname="serie2.ex1.CounterModuloTest" time="0.001"/>
  <testcase name="single threaded decrement at 0 gives module - 1[Modulo: 743]" classname="serie2.ex1.CounterModuloTest" time="0.0"/>
  <testcase name="single threaded increment at module - 1 gives 0[Modulo: 743]" classname="serie2.ex1.CounterModuloTest" time="0.0"/>
  <testcase name="multi threaded decrement counter[Modulo: 743]" classname="serie2.ex1.CounterModuloTest" time="0.017"/>
  <testcase name="multi threaded increment counter[Modulo: 744]" classname="serie2.ex1.CounterModuloTest" time="0.015"/>
  <testcase name="single threaded increment and decrement counter[Modulo: 744]" classname="serie2.ex1.CounterModuloTest" time="0.0"/>
  <testcase name="single threaded decrement at 0 gives module - 1[Modulo: 744]" classname="serie2.ex1.CounterModuloTest" time="0.0"/>
  <testcase name="single threaded increment at module - 1 gives 0[Modulo: 744]" classname="serie2.ex1.CounterModuloTest" time="0.0"/>
  <testcase name="multi threaded decrement counter[Modulo: 744]" classname="serie2.ex1.CounterModuloTest" time="0.015"/>
  <testcase name="multi threaded increment counter[Modulo: 745]" classname="serie2.ex1.CounterModuloTest" time="0.015"/>
  <testcase name="single threaded increment and decrement counter[Modulo: 745]" classname="serie2.ex1.CounterModuloTest" time="0.001"/>
  <testcase name="single threaded decrement at 0 gives module - 1[Modulo: 745]" classname="serie2.ex1.CounterModuloTest" time="0.0"/>
  <testcase name="single threaded increment at module - 1 gives 0[Modulo: 745]" classname="serie2.ex1.CounterModuloTest" time="0.0"/>
  <testcase name="multi threaded decrement counter[Modulo: 745]" classname="serie2.ex1.CounterModuloTest" time="0.013"/>
  <testcase name="multi threaded increment counter[Modulo: 746]" classname="serie2.ex1.CounterModuloTest" time="0.021"/>
  <testcase name="single threaded increment and decrement counter[Modulo: 746]" classname="serie2.ex1.CounterModuloTest" time="0.001"/>
  <testcase name="single threaded decrement at 0 gives module - 1[Modulo: 746]" classname="serie2.ex1.CounterModuloTest" time="0.0"/>
  <testcase name="single threaded increment at module - 1 gives 0[Modulo: 746]" classname="serie2.ex1.CounterModuloTest" time="0.0"/>
  <testcase name="multi threaded decrement counter[Modulo: 746]" classname="serie2.ex1.CounterModuloTest" time="0.014"/>
  <testcase name="multi threaded increment counter[Modulo: 747]" classname="serie2.ex1.CounterModuloTest" time="0.013"/>
  <testcase name="single threaded increment and decrement counter[Modulo: 747]" classname="serie2.ex1.CounterModuloTest" time="0.0"/>
  <testcase name="single threaded decrement at 0 gives module - 1[Modulo: 747]" classname="serie2.ex1.CounterModuloTest" time="0.0"/>
  <testcase name="single threaded increment at module - 1 gives 0[Modulo: 747]" classname="serie2.ex1.CounterModuloTest" time="0.001"/>
  <testcase name="multi threaded decrement counter[Modulo: 747]" classname="serie2.ex1.CounterModuloTest" time="0.013"/>
  <testcase name="multi threaded increment counter[Modulo: 748]" classname="serie2.ex1.CounterModuloTest" time="0.012"/>
  <testcase name="single threaded increment and decrement counter[Modulo: 748]" classname="serie2.ex1.CounterModuloTest" time="0.0"/>
  <testcase name="single threaded decrement at 0 gives module - 1[Modulo: 748]" classname="serie2.ex1.CounterModuloTest" time="0.0"/>
  <testcase name="single threaded increment at module - 1 gives 0[Modulo: 748]" classname="serie2.ex1.CounterModuloTest" time="0.0"/>
  <testcase name="multi threaded decrement counter[Modulo: 748]" classname="serie2.ex1.CounterModuloTest" time="0.015"/>
  <testcase name="multi threaded increment counter[Modulo: 749]" classname="serie2.ex1.CounterModuloTest" time="0.013"/>
  <testcase name="single threaded increment and decrement counter[Modulo: 749]" classname="serie2.ex1.CounterModuloTest" time="0.0"/>
  <testcase name="single threaded decrement at 0 gives module - 1[Modulo: 749]" classname="serie2.ex1.CounterModuloTest" time="0.0"/>
  <testcase name="single threaded increment at module - 1 gives 0[Modulo: 749]" classname="serie2.ex1.CounterModuloTest" time="0.0"/>
  <testcase name="multi threaded decrement counter[Modulo: 749]" classname="serie2.ex1.CounterModuloTest" time="0.013"/>
  <testcase name="multi threaded increment counter[Modulo: 750]" classname="serie2.ex1.CounterModuloTest" time="0.013"/>
  <testcase name="single threaded increment and decrement counter[Modulo: 750]" classname="serie2.ex1.CounterModuloTest" time="0.001"/>
  <testcase name="single threaded decrement at 0 gives module - 1[Modulo: 750]" classname="serie2.ex1.CounterModuloTest" time="0.0"/>
  <testcase name="single threaded increment at module - 1 gives 0[Modulo: 750]" classname="serie2.ex1.CounterModuloTest" time="0.0"/>
  <testcase name="multi threaded decrement counter[Modulo: 750]" classname="serie2.ex1.CounterModuloTest" time="0.015"/>
  <testcase name="multi threaded increment counter[Modulo: 751]" classname="serie2.ex1.CounterModuloTest" time="0.014"/>
  <testcase name="single threaded increment and decrement counter[Modulo: 751]" classname="serie2.ex1.CounterModuloTest" time="0.001"/>
  <testcase name="single threaded decrement at 0 gives module - 1[Modulo: 751]" classname="serie2.ex1.CounterModuloTest" time="0.0"/>
  <testcase name="single threaded increment at module - 1 gives 0[Modulo: 751]" classname="serie2.ex1.CounterModuloTest" time="0.0"/>
  <testcase name="multi threaded decrement counter[Modulo: 751]" classname="serie2.ex1.CounterModuloTest" time="0.012"/>
  <testcase name="multi threaded increment counter[Modulo: 752]" classname="serie2.ex1.CounterModuloTest" time="0.014"/>
  <testcase name="single threaded increment and decrement counter[Modulo: 752]" classname="serie2.ex1.CounterModuloTest" time="0.0"/>
  <testcase name="single threaded decrement at 0 gives module - 1[Modulo: 752]" classname="serie2.ex1.CounterModuloTest" time="0.0"/>
  <testcase name="single threaded increment at module - 1 gives 0[Modulo: 752]" classname="serie2.ex1.CounterModuloTest" time="0.0"/>
  <testcase name="multi threaded decrement counter[Modulo: 752]" classname="serie2.ex1.CounterModuloTest" time="0.013"/>
  <testcase name="multi threaded increment counter[Modulo: 753]" classname="serie2.ex1.CounterModuloTest" time="0.014"/>
  <testcase name="single threaded increment and decrement counter[Modulo: 753]" classname="serie2.ex1.CounterModuloTest" time="0.001"/>
  <testcase name="single threaded decrement at 0 gives module - 1[Modulo: 753]" classname="serie2.ex1.CounterModuloTest" time="0.0"/>
  <testcase name="single threaded increment at module - 1 gives 0[Modulo: 753]" classname="serie2.ex1.CounterModuloTest" time="0.0"/>
  <testcase name="multi threaded decrement counter[Modulo: 753]" classname="serie2.ex1.CounterModuloTest" time="0.013"/>
  <testcase name="multi threaded increment counter[Modulo: 754]" classname="serie2.ex1.CounterModuloTest" time="0.015"/>
  <testcase name="single threaded increment and decrement counter[Modulo: 754]" classname="serie2.ex1.CounterModuloTest" time="0.001"/>
  <testcase name="single threaded decrement at 0 gives module - 1[Modulo: 754]" classname="serie2.ex1.CounterModuloTest" time="0.0"/>
  <testcase name="single threaded increment at module - 1 gives 0[Modulo: 754]" classname="serie2.ex1.CounterModuloTest" time="0.0"/>
  <testcase name="multi threaded decrement counter[Modulo: 754]" classname="serie2.ex1.CounterModuloTest" time="0.016"/>
  <testcase name="multi threaded increment counter[Modulo: 755]" classname="serie2.ex1.CounterModuloTest" time="0.014"/>
  <testcase name="single threaded increment and decrement counter[Modulo: 755]" classname="serie2.ex1.CounterModuloTest" time="0.0"/>
  <testcase name="single threaded decrement at 0 gives module - 1[Modulo: 755]" classname="serie2.ex1.CounterModuloTest" time="0.0"/>
  <testcase name="single threaded increment at module - 1 gives 0[Modulo: 755]" classname="serie2.ex1.CounterModuloTest" time="0.0"/>
  <testcase name="multi threaded decrement counter[Modulo: 755]" classname="serie2.ex1.CounterModuloTest" time="0.015"/>
  <testcase name="multi threaded increment counter[Modulo: 756]" classname="serie2.ex1.CounterModuloTest" time="0.014"/>
  <testcase name="single threaded increment and decrement counter[Modulo: 756]" classname="serie2.ex1.CounterModuloTest" time="0.0"/>
  <testcase name="single threaded decrement at 0 gives module - 1[Modulo: 756]" classname="serie2.ex1.CounterModuloTest" time="0.0"/>
  <testcase name="single threaded increment at module - 1 gives 0[Modulo: 756]" classname="serie2.ex1.CounterModuloTest" time="0.0"/>
  <testcase name="multi threaded decrement counter[Modulo: 756]" classname="serie2.ex1.CounterModuloTest" time="0.016"/>
  <testcase name="multi threaded increment counter[Modulo: 757]" classname="serie2.ex1.CounterModuloTest" time="0.013"/>
  <testcase name="single threaded increment and decrement counter[Modulo: 757]" classname="serie2.ex1.CounterModuloTest" time="0.001"/>
  <testcase name="single threaded decrement at 0 gives module - 1[Modulo: 757]" classname="serie2.ex1.CounterModuloTest" time="0.0"/>
  <testcase name="single threaded increment at module - 1 gives 0[Modulo: 757]" classname="serie2.ex1.CounterModuloTest" time="0.0"/>
  <testcase name="multi threaded decrement counter[Modulo: 757]" classname="serie2.ex1.CounterModuloTest" time="0.014"/>
  <testcase name="multi threaded increment counter[Modulo: 758]" classname="serie2.ex1.CounterModuloTest" time="0.013"/>
  <testcase name="single threaded increment and decrement counter[Modulo: 758]" classname="serie2.ex1.CounterModuloTest" time="0.0"/>
  <testcase name="single threaded decrement at 0 gives module - 1[Modulo: 758]" classname="serie2.ex1.CounterModuloTest" time="0.0"/>
  <testcase name="single threaded increment at module - 1 gives 0[Modulo: 758]" classname="serie2.ex1.CounterModuloTest" time="0.0"/>
  <testcase name="multi threaded decrement counter[Modulo: 758]" classname="serie2.ex1.CounterModuloTest" time="0.014"/>
  <testcase name="multi threaded increment counter[Modulo: 759]" classname="serie2.ex1.CounterModuloTest" time="0.014"/>
  <testcase name="single threaded increment and decrement counter[Modulo: 759]" classname="serie2.ex1.CounterModuloTest" time="0.001"/>
  <testcase name="single threaded decrement at 0 gives module - 1[Modulo: 759]" classname="serie2.ex1.CounterModuloTest" time="0.0"/>
  <testcase name="single threaded increment at module - 1 gives 0[Modulo: 759]" classname="serie2.ex1.CounterModuloTest" time="0.0"/>
  <testcase name="multi threaded decrement counter[Modulo: 759]" classname="serie2.ex1.CounterModuloTest" time="0.015"/>
  <testcase name="multi threaded increment counter[Modulo: 760]" classname="serie2.ex1.CounterModuloTest" time="0.015"/>
  <testcase name="single threaded increment and decrement counter[Modulo: 760]" classname="serie2.ex1.CounterModuloTest" time="0.0"/>
  <testcase name="single threaded decrement at 0 gives module - 1[Modulo: 760]" classname="serie2.ex1.CounterModuloTest" time="0.0"/>
  <testcase name="single threaded increment at module - 1 gives 0[Modulo: 760]" classname="serie2.ex1.CounterModuloTest" time="0.0"/>
  <testcase name="multi threaded decrement counter[Modulo: 760]" classname="serie2.ex1.CounterModuloTest" time="0.017"/>
  <testcase name="multi threaded increment counter[Modulo: 761]" classname="serie2.ex1.CounterModuloTest" time="0.015"/>
  <testcase name="single threaded increment and decrement counter[Modulo: 761]" classname="serie2.ex1.CounterModuloTest" time="0.0"/>
  <testcase name="single threaded decrement at 0 gives module - 1[Modulo: 761]" classname="serie2.ex1.CounterModuloTest" time="0.0"/>
  <testcase name="single threaded increment at module - 1 gives 0[Modulo: 761]" classname="serie2.ex1.CounterModuloTest" time="0.0"/>
  <testcase name="multi threaded decrement counter[Modulo: 761]" classname="serie2.ex1.CounterModuloTest" time="0.025"/>
  <testcase name="multi threaded increment counter[Modulo: 762]" classname="serie2.ex1.CounterModuloTest" time="0.014"/>
  <testcase name="single threaded increment and decrement counter[Modulo: 762]" classname="serie2.ex1.CounterModuloTest" time="0.001"/>
  <testcase name="single threaded decrement at 0 gives module - 1[Modulo: 762]" classname="serie2.ex1.CounterModuloTest" time="0.0"/>
  <testcase name="single threaded increment at module - 1 gives 0[Modulo: 762]" classname="serie2.ex1.CounterModuloTest" time="0.0"/>
  <testcase name="multi threaded decrement counter[Modulo: 762]" classname="serie2.ex1.CounterModuloTest" time="0.05"/>
  <testcase name="multi threaded increment counter[Modulo: 763]" classname="serie2.ex1.CounterModuloTest" time="0.018"/>
  <testcase name="single threaded increment and decrement counter[Modulo: 763]" classname="serie2.ex1.CounterModuloTest" time="0.0"/>
  <testcase name="single threaded decrement at 0 gives module - 1[Modulo: 763]" classname="serie2.ex1.CounterModuloTest" time="0.0"/>
  <testcase name="single threaded increment at module - 1 gives 0[Modulo: 763]" classname="serie2.ex1.CounterModuloTest" time="0.0"/>
  <testcase name="multi threaded decrement counter[Modulo: 763]" classname="serie2.ex1.CounterModuloTest" time="0.015"/>
  <testcase name="multi threaded increment counter[Modulo: 764]" classname="serie2.ex1.CounterModuloTest" time="0.015"/>
  <testcase name="single threaded increment and decrement counter[Modulo: 764]" classname="serie2.ex1.CounterModuloTest" time="0.001"/>
  <testcase name="single threaded decrement at 0 gives module - 1[Modulo: 764]" classname="serie2.ex1.CounterModuloTest" time="0.0"/>
  <testcase name="single threaded increment at module - 1 gives 0[Modulo: 764]" classname="serie2.ex1.CounterModuloTest" time="0.0"/>
  <testcase name="multi threaded decrement counter[Modulo: 764]" classname="serie2.ex1.CounterModuloTest" time="0.014"/>
  <testcase name="multi threaded increment counter[Modulo: 765]" classname="serie2.ex1.CounterModuloTest" time="0.015"/>
  <testcase name="single threaded increment and decrement counter[Modulo: 765]" classname="serie2.ex1.CounterModuloTest" time="0.0"/>
  <testcase name="single threaded decrement at 0 gives module - 1[Modulo: 765]" classname="serie2.ex1.CounterModuloTest" time="0.0"/>
  <testcase name="single threaded increment at module - 1 gives 0[Modulo: 765]" classname="serie2.ex1.CounterModuloTest" time="0.0"/>
  <testcase name="multi threaded decrement counter[Modulo: 765]" classname="serie2.ex1.CounterModuloTest" time="0.015"/>
  <testcase name="multi threaded increment counter[Modulo: 766]" classname="serie2.ex1.CounterModuloTest" time="0.014"/>
  <testcase name="single threaded increment and decrement counter[Modulo: 766]" classname="serie2.ex1.CounterModuloTest" time="0.001"/>
  <testcase name="single threaded decrement at 0 gives module - 1[Modulo: 766]" classname="serie2.ex1.CounterModuloTest" time="0.0"/>
  <testcase name="single threaded increment at module - 1 gives 0[Modulo: 766]" classname="serie2.ex1.CounterModuloTest" time="0.0"/>
  <testcase name="multi threaded decrement counter[Modulo: 766]" classname="serie2.ex1.CounterModuloTest" time="0.014"/>
  <testcase name="multi threaded increment counter[Modulo: 767]" classname="serie2.ex1.CounterModuloTest" time="0.013"/>
  <testcase name="single threaded increment and decrement counter[Modulo: 767]" classname="serie2.ex1.CounterModuloTest" time="0.001"/>
  <testcase name="single threaded decrement at 0 gives module - 1[Modulo: 767]" classname="serie2.ex1.CounterModuloTest" time="0.0"/>
  <testcase name="single threaded increment at module - 1 gives 0[Modulo: 767]" classname="serie2.ex1.CounterModuloTest" time="0.0"/>
  <testcase name="multi threaded decrement counter[Modulo: 767]" classname="serie2.ex1.CounterModuloTest" time="0.013"/>
  <testcase name="multi threaded increment counter[Modulo: 768]" classname="serie2.ex1.CounterModuloTest" time="0.014"/>
  <testcase name="single threaded increment and decrement counter[Modulo: 768]" classname="serie2.ex1.CounterModuloTest" time="0.0"/>
  <testcase name="single threaded decrement at 0 gives module - 1[Modulo: 768]" classname="serie2.ex1.CounterModuloTest" time="0.0"/>
  <testcase name="single threaded increment at module - 1 gives 0[Modulo: 768]" classname="serie2.ex1.CounterModuloTest" time="0.0"/>
  <testcase name="multi threaded decrement counter[Modulo: 768]" classname="serie2.ex1.CounterModuloTest" time="0.015"/>
  <testcase name="multi threaded increment counter[Modulo: 769]" classname="serie2.ex1.CounterModuloTest" time="0.015"/>
  <testcase name="single threaded increment and decrement counter[Modulo: 769]" classname="serie2.ex1.CounterModuloTest" time="0.001"/>
  <testcase name="single threaded decrement at 0 gives module - 1[Modulo: 769]" classname="serie2.ex1.CounterModuloTest" time="0.0"/>
  <testcase name="single threaded increment at module - 1 gives 0[Modulo: 769]" classname="serie2.ex1.CounterModuloTest" time="0.0"/>
  <testcase name="multi threaded decrement counter[Modulo: 769]" classname="serie2.ex1.CounterModuloTest" time="0.013"/>
  <testcase name="multi threaded increment counter[Modulo: 770]" classname="serie2.ex1.CounterModuloTest" time="0.014"/>
  <testcase name="single threaded increment and decrement counter[Modulo: 770]" classname="serie2.ex1.CounterModuloTest" time="0.001"/>
  <testcase name="single threaded decrement at 0 gives module - 1[Modulo: 770]" classname="serie2.ex1.CounterModuloTest" time="0.0"/>
  <testcase name="single threaded increment at module - 1 gives 0[Modulo: 770]" classname="serie2.ex1.CounterModuloTest" time="0.0"/>
  <testcase name="multi threaded decrement counter[Modulo: 770]" classname="serie2.ex1.CounterModuloTest" time="0.013"/>
  <testcase name="multi threaded increment counter[Modulo: 771]" classname="serie2.ex1.CounterModuloTest" time="0.014"/>
  <testcase name="single threaded increment and decrement counter[Modulo: 771]" classname="serie2.ex1.CounterModuloTest" time="0.0"/>
  <testcase name="single threaded decrement at 0 gives module - 1[Modulo: 771]" classname="serie2.ex1.CounterModuloTest" time="0.0"/>
  <testcase name="single threaded increment at module - 1 gives 0[Modulo: 771]" classname="serie2.ex1.CounterModuloTest" time="0.001"/>
  <testcase name="multi threaded decrement counter[Modulo: 771]" classname="serie2.ex1.CounterModuloTest" time="0.014"/>
  <testcase name="multi threaded increment counter[Modulo: 772]" classname="serie2.ex1.CounterModuloTest" time="0.013"/>
  <testcase name="single threaded increment and decrement counter[Modulo: 772]" classname="serie2.ex1.CounterModuloTest" time="0.001"/>
  <testcase name="single threaded decrement at 0 gives module - 1[Modulo: 772]" classname="serie2.ex1.CounterModuloTest" time="0.0"/>
  <testcase name="single threaded increment at module - 1 gives 0[Modulo: 772]" classname="serie2.ex1.CounterModuloTest" time="0.0"/>
  <testcase name="multi threaded decrement counter[Modulo: 772]" classname="serie2.ex1.CounterModuloTest" time="0.014"/>
  <testcase name="multi threaded increment counter[Modulo: 773]" classname="serie2.ex1.CounterModuloTest" time="0.015"/>
  <testcase name="single threaded increment and decrement counter[Modulo: 773]" classname="serie2.ex1.CounterModuloTest" time="0.0"/>
  <testcase name="single threaded decrement at 0 gives module - 1[Modulo: 773]" classname="serie2.ex1.CounterModuloTest" time="0.0"/>
  <testcase name="single threaded increment at module - 1 gives 0[Modulo: 773]" classname="serie2.ex1.CounterModuloTest" time="0.0"/>
  <testcase name="multi threaded decrement counter[Modulo: 773]" classname="serie2.ex1.CounterModuloTest" time="0.014"/>
  <testcase name="multi threaded increment counter[Modulo: 774]" classname="serie2.ex1.CounterModuloTest" time="0.014"/>
  <testcase name="single threaded increment and decrement counter[Modulo: 774]" classname="serie2.ex1.CounterModuloTest" time="0.001"/>
  <testcase name="single threaded decrement at 0 gives module - 1[Modulo: 774]" classname="serie2.ex1.CounterModuloTest" time="0.0"/>
  <testcase name="single threaded increment at module - 1 gives 0[Modulo: 774]" classname="serie2.ex1.CounterModuloTest" time="0.0"/>
  <testcase name="multi threaded decrement counter[Modulo: 774]" classname="serie2.ex1.CounterModuloTest" time="0.013"/>
  <testcase name="multi threaded increment counter[Modulo: 775]" classname="serie2.ex1.CounterModuloTest" time="0.014"/>
  <testcase name="single threaded increment and decrement counter[Modulo: 775]" classname="serie2.ex1.CounterModuloTest" time="0.0"/>
  <testcase name="single threaded decrement at 0 gives module - 1[Modulo: 775]" classname="serie2.ex1.CounterModuloTest" time="0.0"/>
  <testcase name="single threaded increment at module - 1 gives 0[Modulo: 775]" classname="serie2.ex1.CounterModuloTest" time="0.0"/>
  <testcase name="multi threaded decrement counter[Modulo: 775]" classname="serie2.ex1.CounterModuloTest" time="0.011"/>
  <testcase name="multi threaded increment counter[Modulo: 776]" classname="serie2.ex1.CounterModuloTest" time="0.012"/>
  <testcase name="single threaded increment and decrement counter[Modulo: 776]" classname="serie2.ex1.CounterModuloTest" time="0.0"/>
  <testcase name="single threaded decrement at 0 gives module - 1[Modulo: 776]" classname="serie2.ex1.CounterModuloTest" time="0.001"/>
  <testcase name="single threaded increment at module - 1 gives 0[Modulo: 776]" classname="serie2.ex1.CounterModuloTest" time="0.0"/>
  <testcase name="multi threaded decrement counter[Modulo: 776]" classname="serie2.ex1.CounterModuloTest" time="0.012"/>
  <testcase name="multi threaded increment counter[Modulo: 777]" classname="serie2.ex1.CounterModuloTest" time="0.011"/>
  <testcase name="single threaded increment and decrement counter[Modulo: 777]" classname="serie2.ex1.CounterModuloTest" time="0.0"/>
  <testcase name="single threaded decrement at 0 gives module - 1[Modulo: 777]" classname="serie2.ex1.CounterModuloTest" time="0.0"/>
  <testcase name="single threaded increment at module - 1 gives 0[Modulo: 777]" classname="serie2.ex1.CounterModuloTest" time="0.0"/>
  <testcase name="multi threaded decrement counter[Modulo: 777]" classname="serie2.ex1.CounterModuloTest" time="0.012"/>
  <testcase name="multi threaded increment counter[Modulo: 778]" classname="serie2.ex1.CounterModuloTest" time="0.012"/>
  <testcase name="single threaded increment and decrement counter[Modulo: 778]" classname="serie2.ex1.CounterModuloTest" time="0.0"/>
  <testcase name="single threaded decrement at 0 gives module - 1[Modulo: 778]" classname="serie2.ex1.CounterModuloTest" time="0.0"/>
  <testcase name="single threaded increment at module - 1 gives 0[Modulo: 778]" classname="serie2.ex1.CounterModuloTest" time="0.0"/>
  <testcase name="multi threaded decrement counter[Modulo: 778]" classname="serie2.ex1.CounterModuloTest" time="0.012"/>
  <testcase name="multi threaded increment counter[Modulo: 779]" classname="serie2.ex1.CounterModuloTest" time="0.011"/>
  <testcase name="single threaded increment and decrement counter[Modulo: 779]" classname="serie2.ex1.CounterModuloTest" time="0.001"/>
  <testcase name="single threaded decrement at 0 gives module - 1[Modulo: 779]" classname="serie2.ex1.CounterModuloTest" time="0.0"/>
  <testcase name="single threaded increment at module - 1 gives 0[Modulo: 779]" classname="serie2.ex1.CounterModuloTest" time="0.0"/>
  <testcase name="multi threaded decrement counter[Modulo: 779]" classname="serie2.ex1.CounterModuloTest" time="0.009"/>
  <testcase name="multi threaded increment counter[Modulo: 780]" classname="serie2.ex1.CounterModuloTest" time="0.011"/>
  <testcase name="single threaded increment and decrement counter[Modulo: 780]" classname="serie2.ex1.CounterModuloTest" time="0.0"/>
  <testcase name="single threaded decrement at 0 gives module - 1[Modulo: 780]" classname="serie2.ex1.CounterModuloTest" time="0.0"/>
  <testcase name="single threaded increment at module - 1 gives 0[Modulo: 780]" classname="serie2.ex1.CounterModuloTest" time="0.0"/>
  <testcase name="multi threaded decrement counter[Modulo: 780]" classname="serie2.ex1.CounterModuloTest" time="0.013"/>
  <testcase name="multi threaded increment counter[Modulo: 781]" classname="serie2.ex1.CounterModuloTest" time="0.013"/>
  <testcase name="single threaded increment and decrement counter[Modulo: 781]" classname="serie2.ex1.CounterModuloTest" time="0.0"/>
  <testcase name="single threaded decrement at 0 gives module - 1[Modulo: 781]" classname="serie2.ex1.CounterModuloTest" time="0.0"/>
  <testcase name="single threaded increment at module - 1 gives 0[Modulo: 781]" classname="serie2.ex1.CounterModuloTest" time="0.0"/>
  <testcase name="multi threaded decrement counter[Modulo: 781]" classname="serie2.ex1.CounterModuloTest" time="0.012"/>
  <testcase name="multi threaded increment counter[Modulo: 782]" classname="serie2.ex1.CounterModuloTest" time="0.017"/>
  <testcase name="single threaded increment and decrement counter[Modulo: 782]" classname="serie2.ex1.CounterModuloTest" time="0.001"/>
  <testcase name="single threaded decrement at 0 gives module - 1[Modulo: 782]" classname="serie2.ex1.CounterModuloTest" time="0.0"/>
  <testcase name="single threaded increment at module - 1 gives 0[Modulo: 782]" classname="serie2.ex1.CounterModuloTest" time="0.0"/>
  <testcase name="multi threaded decrement counter[Modulo: 782]" classname="serie2.ex1.CounterModuloTest" time="0.012"/>
  <testcase name="multi threaded increment counter[Modulo: 783]" classname="serie2.ex1.CounterModuloTest" time="0.011"/>
  <testcase name="single threaded increment and decrement counter[Modulo: 783]" classname="serie2.ex1.CounterModuloTest" time="0.001"/>
  <testcase name="single threaded decrement at 0 gives module - 1[Modulo: 783]" classname="serie2.ex1.CounterModuloTest" time="0.0"/>
  <testcase name="single threaded increment at module - 1 gives 0[Modulo: 783]" classname="serie2.ex1.CounterModuloTest" time="0.0"/>
  <testcase name="multi threaded decrement counter[Modulo: 783]" classname="serie2.ex1.CounterModuloTest" time="0.012"/>
  <testcase name="multi threaded increment counter[Modulo: 784]" classname="serie2.ex1.CounterModuloTest" time="0.011"/>
  <testcase name="single threaded increment and decrement counter[Modulo: 784]" classname="serie2.ex1.CounterModuloTest" time="0.0"/>
  <testcase name="single threaded decrement at 0 gives module - 1[Modulo: 784]" classname="serie2.ex1.CounterModuloTest" time="0.001"/>
  <testcase name="single threaded increment at module - 1 gives 0[Modulo: 784]" classname="serie2.ex1.CounterModuloTest" time="0.0"/>
  <testcase name="multi threaded decrement counter[Modulo: 784]" classname="serie2.ex1.CounterModuloTest" time="0.011"/>
  <testcase name="multi threaded increment counter[Modulo: 785]" classname="serie2.ex1.CounterModuloTest" time="0.013"/>
  <testcase name="single threaded increment and decrement counter[Modulo: 785]" classname="serie2.ex1.CounterModuloTest" time="0.001"/>
  <testcase name="single threaded decrement at 0 gives module - 1[Modulo: 785]" classname="serie2.ex1.CounterModuloTest" time="0.0"/>
  <testcase name="single threaded increment at module - 1 gives 0[Modulo: 785]" classname="serie2.ex1.CounterModuloTest" time="0.0"/>
  <testcase name="multi threaded decrement counter[Modulo: 785]" classname="serie2.ex1.CounterModuloTest" time="0.011"/>
  <testcase name="multi threaded increment counter[Modulo: 786]" classname="serie2.ex1.CounterModuloTest" time="0.012"/>
  <testcase name="single threaded increment and decrement counter[Modulo: 786]" classname="serie2.ex1.CounterModuloTest" time="0.001"/>
  <testcase name="single threaded decrement at 0 gives module - 1[Modulo: 786]" classname="serie2.ex1.CounterModuloTest" time="0.0"/>
  <testcase name="single threaded increment at module - 1 gives 0[Modulo: 786]" classname="serie2.ex1.CounterModuloTest" time="0.0"/>
  <testcase name="multi threaded decrement counter[Modulo: 786]" classname="serie2.ex1.CounterModuloTest" time="0.012"/>
  <testcase name="multi threaded increment counter[Modulo: 787]" classname="serie2.ex1.CounterModuloTest" time="0.011"/>
  <testcase name="single threaded increment and decrement counter[Modulo: 787]" classname="serie2.ex1.CounterModuloTest" time="0.001"/>
  <testcase name="single threaded decrement at 0 gives module - 1[Modulo: 787]" classname="serie2.ex1.CounterModuloTest" time="0.0"/>
  <testcase name="single threaded increment at module - 1 gives 0[Modulo: 787]" classname="serie2.ex1.CounterModuloTest" time="0.0"/>
  <testcase name="multi threaded decrement counter[Modulo: 787]" classname="serie2.ex1.CounterModuloTest" time="0.011"/>
  <testcase name="multi threaded increment counter[Modulo: 788]" classname="serie2.ex1.CounterModuloTest" time="0.012"/>
  <testcase name="single threaded increment and decrement counter[Modulo: 788]" classname="serie2.ex1.CounterModuloTest" time="0.0"/>
  <testcase name="single threaded decrement at 0 gives module - 1[Modulo: 788]" classname="serie2.ex1.CounterModuloTest" time="0.0"/>
  <testcase name="single threaded increment at module - 1 gives 0[Modulo: 788]" classname="serie2.ex1.CounterModuloTest" time="0.0"/>
  <testcase name="multi threaded decrement counter[Modulo: 788]" classname="serie2.ex1.CounterModuloTest" time="0.012"/>
  <testcase name="multi threaded increment counter[Modulo: 789]" classname="serie2.ex1.CounterModuloTest" time="0.012"/>
  <testcase name="single threaded increment and decrement counter[Modulo: 789]" classname="serie2.ex1.CounterModuloTest" time="0.0"/>
  <testcase name="single threaded decrement at 0 gives module - 1[Modulo: 789]" classname="serie2.ex1.CounterModuloTest" time="0.0"/>
  <testcase name="single threaded increment at module - 1 gives 0[Modulo: 789]" classname="serie2.ex1.CounterModuloTest" time="0.0"/>
  <testcase name="multi threaded decrement counter[Modulo: 789]" classname="serie2.ex1.CounterModuloTest" time="0.011"/>
  <testcase name="multi threaded increment counter[Modulo: 790]" classname="serie2.ex1.CounterModuloTest" time="0.013"/>
  <testcase name="single threaded increment and decrement counter[Modulo: 790]" classname="serie2.ex1.CounterModuloTest" time="0.0"/>
  <testcase name="single threaded decrement at 0 gives module - 1[Modulo: 790]" classname="serie2.ex1.CounterModuloTest" time="0.0"/>
  <testcase name="single threaded increment at module - 1 gives 0[Modulo: 790]" classname="serie2.ex1.CounterModuloTest" time="0.0"/>
  <testcase name="multi threaded decrement counter[Modulo: 790]" classname="serie2.ex1.CounterModuloTest" time="0.013"/>
  <testcase name="multi threaded increment counter[Modulo: 791]" classname="serie2.ex1.CounterModuloTest" time="0.012"/>
  <testcase name="single threaded increment and decrement counter[Modulo: 791]" classname="serie2.ex1.CounterModuloTest" time="0.001"/>
  <testcase name="single threaded decrement at 0 gives module - 1[Modulo: 791]" classname="serie2.ex1.CounterModuloTest" time="0.0"/>
  <testcase name="single threaded increment at module - 1 gives 0[Modulo: 791]" classname="serie2.ex1.CounterModuloTest" time="0.0"/>
  <testcase name="multi threaded decrement counter[Modulo: 791]" classname="serie2.ex1.CounterModuloTest" time="0.012"/>
  <testcase name="multi threaded increment counter[Modulo: 792]" classname="serie2.ex1.CounterModuloTest" time="0.017"/>
  <testcase name="single threaded increment and decrement counter[Modulo: 792]" classname="serie2.ex1.CounterModuloTest" time="0.001"/>
  <testcase name="single threaded decrement at 0 gives module - 1[Modulo: 792]" classname="serie2.ex1.CounterModuloTest" time="0.0"/>
  <testcase name="single threaded increment at module - 1 gives 0[Modulo: 792]" classname="serie2.ex1.CounterModuloTest" time="0.0"/>
  <testcase name="multi threaded decrement counter[Modulo: 792]" classname="serie2.ex1.CounterModuloTest" time="0.013"/>
  <testcase name="multi threaded increment counter[Modulo: 793]" classname="serie2.ex1.CounterModuloTest" time="0.011"/>
  <testcase name="single threaded increment and decrement counter[Modulo: 793]" classname="serie2.ex1.CounterModuloTest" time="0.0"/>
  <testcase name="single threaded decrement at 0 gives module - 1[Modulo: 793]" classname="serie2.ex1.CounterModuloTest" time="0.0"/>
  <testcase name="single threaded increment at module - 1 gives 0[Modulo: 793]" classname="serie2.ex1.CounterModuloTest" time="0.0"/>
  <testcase name="multi threaded decrement counter[Modulo: 793]" classname="serie2.ex1.CounterModuloTest" time="0.011"/>
  <testcase name="multi threaded increment counter[Modulo: 794]" classname="serie2.ex1.CounterModuloTest" time="0.01"/>
  <testcase name="single threaded increment and decrement counter[Modulo: 794]" classname="serie2.ex1.CounterModuloTest" time="0.001"/>
  <testcase name="single threaded decrement at 0 gives module - 1[Modulo: 794]" classname="serie2.ex1.CounterModuloTest" time="0.0"/>
  <testcase name="single threaded increment at module - 1 gives 0[Modulo: 794]" classname="serie2.ex1.CounterModuloTest" time="0.0"/>
  <testcase name="multi threaded decrement counter[Modulo: 794]" classname="serie2.ex1.CounterModuloTest" time="0.011"/>
  <testcase name="multi threaded increment counter[Modulo: 795]" classname="serie2.ex1.CounterModuloTest" time="0.014"/>
  <testcase name="single threaded increment and decrement counter[Modulo: 795]" classname="serie2.ex1.CounterModuloTest" time="0.0"/>
  <testcase name="single threaded decrement at 0 gives module - 1[Modulo: 795]" classname="serie2.ex1.CounterModuloTest" time="0.0"/>
  <testcase name="single threaded increment at module - 1 gives 0[Modulo: 795]" classname="serie2.ex1.CounterModuloTest" time="0.0"/>
  <testcase name="multi threaded decrement counter[Modulo: 795]" classname="serie2.ex1.CounterModuloTest" time="0.012"/>
  <testcase name="multi threaded increment counter[Modulo: 796]" classname="serie2.ex1.CounterModuloTest" time="0.012"/>
  <testcase name="single threaded increment and decrement counter[Modulo: 796]" classname="serie2.ex1.CounterModuloTest" time="0.0"/>
  <testcase name="single threaded decrement at 0 gives module - 1[Modulo: 796]" classname="serie2.ex1.CounterModuloTest" time="0.0"/>
  <testcase name="single threaded increment at module - 1 gives 0[Modulo: 796]" classname="serie2.ex1.CounterModuloTest" time="0.0"/>
  <testcase name="multi threaded decrement counter[Modulo: 796]" classname="serie2.ex1.CounterModuloTest" time="0.009"/>
  <testcase name="multi threaded increment counter[Modulo: 797]" classname="serie2.ex1.CounterModuloTest" time="0.012"/>
  <testcase name="single threaded increment and decrement counter[Modulo: 797]" classname="serie2.ex1.CounterModuloTest" time="0.0"/>
  <testcase name="single threaded decrement at 0 gives module - 1[Modulo: 797]" classname="serie2.ex1.CounterModuloTest" time="0.0"/>
  <testcase name="single threaded increment at module - 1 gives 0[Modulo: 797]" classname="serie2.ex1.CounterModuloTest" time="0.0"/>
  <testcase name="multi threaded decrement counter[Modulo: 797]" classname="serie2.ex1.CounterModuloTest" time="0.012"/>
  <testcase name="multi threaded increment counter[Modulo: 798]" classname="serie2.ex1.CounterModuloTest" time="0.01"/>
  <testcase name="single threaded increment and decrement counter[Modulo: 798]" classname="serie2.ex1.CounterModuloTest" time="0.001"/>
  <testcase name="single threaded decrement at 0 gives module - 1[Modulo: 798]" classname="serie2.ex1.CounterModuloTest" time="0.0"/>
  <testcase name="single threaded increment at module - 1 gives 0[Modulo: 798]" classname="serie2.ex1.CounterModuloTest" time="0.0"/>
  <testcase name="multi threaded decrement counter[Modulo: 798]" classname="serie2.ex1.CounterModuloTest" time="0.01"/>
  <testcase name="multi threaded increment counter[Modulo: 799]" classname="serie2.ex1.CounterModuloTest" time="0.011"/>
  <testcase name="single threaded increment and decrement counter[Modulo: 799]" classname="serie2.ex1.CounterModuloTest" time="0.001"/>
  <testcase name="single threaded decrement at 0 gives module - 1[Modulo: 799]" classname="serie2.ex1.CounterModuloTest" time="0.0"/>
  <testcase name="single threaded increment at module - 1 gives 0[Modulo: 799]" classname="serie2.ex1.CounterModuloTest" time="0.0"/>
  <testcase name="multi threaded decrement counter[Modulo: 799]" classname="serie2.ex1.CounterModuloTest" time="0.012"/>
  <testcase name="multi threaded increment counter[Modulo: 800]" classname="serie2.ex1.CounterModuloTest" time="0.012"/>
  <testcase name="single threaded increment and decrement counter[Modulo: 800]" classname="serie2.ex1.CounterModuloTest" time="0.0"/>
  <testcase name="single threaded decrement at 0 gives module - 1[Modulo: 800]" classname="serie2.ex1.CounterModuloTest" time="0.0"/>
  <testcase name="single threaded increment at module - 1 gives 0[Modulo: 800]" classname="serie2.ex1.CounterModuloTest" time="0.0"/>
  <testcase name="multi threaded decrement counter[Modulo: 800]" classname="serie2.ex1.CounterModuloTest" time="0.012"/>
  <testcase name="multi threaded increment counter[Modulo: 801]" classname="serie2.ex1.CounterModuloTest" time="0.012"/>
  <testcase name="single threaded increment and decrement counter[Modulo: 801]" classname="serie2.ex1.CounterModuloTest" time="0.0"/>
  <testcase name="single threaded decrement at 0 gives module - 1[Modulo: 801]" classname="serie2.ex1.CounterModuloTest" time="0.001"/>
  <testcase name="single threaded increment at module - 1 gives 0[Modulo: 801]" classname="serie2.ex1.CounterModuloTest" time="0.0"/>
  <testcase name="multi threaded decrement counter[Modulo: 801]" classname="serie2.ex1.CounterModuloTest" time="0.011"/>
  <testcase name="multi threaded increment counter[Modulo: 802]" classname="serie2.ex1.CounterModuloTest" time="0.011"/>
  <testcase name="single threaded increment and decrement counter[Modulo: 802]" classname="serie2.ex1.CounterModuloTest" time="0.001"/>
  <testcase name="single threaded decrement at 0 gives module - 1[Modulo: 802]" classname="serie2.ex1.CounterModuloTest" time="0.0"/>
  <testcase name="single threaded increment at module - 1 gives 0[Modulo: 802]" classname="serie2.ex1.CounterModuloTest" time="0.0"/>
  <testcase name="multi threaded decrement counter[Modulo: 802]" classname="serie2.ex1.CounterModuloTest" time="0.012"/>
  <testcase name="multi threaded increment counter[Modulo: 803]" classname="serie2.ex1.CounterModuloTest" time="0.012"/>
  <testcase name="single threaded increment and decrement counter[Modulo: 803]" classname="serie2.ex1.CounterModuloTest" time="0.0"/>
  <testcase name="single threaded decrement at 0 gives module - 1[Modulo: 803]" classname="serie2.ex1.CounterModuloTest" time="0.0"/>
  <testcase name="single threaded increment at module - 1 gives 0[Modulo: 803]" classname="serie2.ex1.CounterModuloTest" time="0.0"/>
  <testcase name="multi threaded decrement counter[Modulo: 803]" classname="serie2.ex1.CounterModuloTest" time="0.012"/>
  <testcase name="multi threaded increment counter[Modulo: 804]" classname="serie2.ex1.CounterModuloTest" time="0.012"/>
  <testcase name="single threaded increment and decrement counter[Modulo: 804]" classname="serie2.ex1.CounterModuloTest" time="0.0"/>
  <testcase name="single threaded decrement at 0 gives module - 1[Modulo: 804]" classname="serie2.ex1.CounterModuloTest" time="0.0"/>
  <testcase name="single threaded increment at module - 1 gives 0[Modulo: 804]" classname="serie2.ex1.CounterModuloTest" time="0.0"/>
  <testcase name="multi threaded decrement counter[Modulo: 804]" classname="serie2.ex1.CounterModuloTest" time="0.011"/>
  <testcase name="multi threaded increment counter[Modulo: 805]" classname="serie2.ex1.CounterModuloTest" time="0.011"/>
  <testcase name="single threaded increment and decrement counter[Modulo: 805]" classname="serie2.ex1.CounterModuloTest" time="0.001"/>
  <testcase name="single threaded decrement at 0 gives module - 1[Modulo: 805]" classname="serie2.ex1.CounterModuloTest" time="0.0"/>
  <testcase name="single threaded increment at module - 1 gives 0[Modulo: 805]" classname="serie2.ex1.CounterModuloTest" time="0.0"/>
  <testcase name="multi threaded decrement counter[Modulo: 805]" classname="serie2.ex1.CounterModuloTest" time="0.011"/>
  <testcase name="multi threaded increment counter[Modulo: 806]" classname="serie2.ex1.CounterModuloTest" time="0.014"/>
  <testcase name="single threaded increment and decrement counter[Modulo: 806]" classname="serie2.ex1.CounterModuloTest" time="0.001"/>
  <testcase name="single threaded decrement at 0 gives module - 1[Modulo: 806]" classname="serie2.ex1.CounterModuloTest" time="0.0"/>
  <testcase name="single threaded increment at module - 1 gives 0[Modulo: 806]" classname="serie2.ex1.CounterModuloTest" time="0.0"/>
  <testcase name="multi threaded decrement counter[Modulo: 806]" classname="serie2.ex1.CounterModuloTest" time="0.01"/>
  <testcase name="multi threaded increment counter[Modulo: 807]" classname="serie2.ex1.CounterModuloTest" time="0.013"/>
  <testcase name="single threaded increment and decrement counter[Modulo: 807]" classname="serie2.ex1.CounterModuloTest" time="0.0"/>
  <testcase name="single threaded decrement at 0 gives module - 1[Modulo: 807]" classname="serie2.ex1.CounterModuloTest" time="0.0"/>
  <testcase name="single threaded increment at module - 1 gives 0[Modulo: 807]" classname="serie2.ex1.CounterModuloTest" time="0.0"/>
  <testcase name="multi threaded decrement counter[Modulo: 807]" classname="serie2.ex1.CounterModuloTest" time="0.011"/>
  <testcase name="multi threaded increment counter[Modulo: 808]" classname="serie2.ex1.CounterModuloTest" time="0.012"/>
  <testcase name="single threaded increment and decrement counter[Modulo: 808]" classname="serie2.ex1.CounterModuloTest" time="0.0"/>
  <testcase name="single threaded decrement at 0 gives module - 1[Modulo: 808]" classname="serie2.ex1.CounterModuloTest" time="0.0"/>
  <testcase name="single threaded increment at module - 1 gives 0[Modulo: 808]" classname="serie2.ex1.CounterModuloTest" time="0.0"/>
  <testcase name="multi threaded decrement counter[Modulo: 808]" classname="serie2.ex1.CounterModuloTest" time="0.013"/>
  <testcase name="multi threaded increment counter[Modulo: 809]" classname="serie2.ex1.CounterModuloTest" time="0.012"/>
  <testcase name="single threaded increment and decrement counter[Modulo: 809]" classname="serie2.ex1.CounterModuloTest" time="0.001"/>
  <testcase name="single threaded decrement at 0 gives module - 1[Modulo: 809]" classname="serie2.ex1.CounterModuloTest" time="0.0"/>
  <testcase name="single threaded increment at module - 1 gives 0[Modulo: 809]" classname="serie2.ex1.CounterModuloTest" time="0.0"/>
  <testcase name="multi threaded decrement counter[Modulo: 809]" classname="serie2.ex1.CounterModuloTest" time="0.011"/>
  <testcase name="multi threaded increment counter[Modulo: 810]" classname="serie2.ex1.CounterModuloTest" time="0.012"/>
  <testcase name="single threaded increment and decrement counter[Modulo: 810]" classname="serie2.ex1.CounterModuloTest" time="0.001"/>
  <testcase name="single threaded decrement at 0 gives module - 1[Modulo: 810]" classname="serie2.ex1.CounterModuloTest" time="0.0"/>
  <testcase name="single threaded increment at module - 1 gives 0[Modulo: 810]" classname="serie2.ex1.CounterModuloTest" time="0.0"/>
  <testcase name="multi threaded decrement counter[Modulo: 810]" classname="serie2.ex1.CounterModuloTest" time="0.012"/>
  <testcase name="multi threaded increment counter[Modulo: 811]" classname="serie2.ex1.CounterModuloTest" time="0.012"/>
  <testcase name="single threaded increment and decrement counter[Modulo: 811]" classname="serie2.ex1.CounterModuloTest" time="0.001"/>
  <testcase name="single threaded decrement at 0 gives module - 1[Modulo: 811]" classname="serie2.ex1.CounterModuloTest" time="0.0"/>
  <testcase name="single threaded increment at module - 1 gives 0[Modulo: 811]" classname="serie2.ex1.CounterModuloTest" time="0.0"/>
  <testcase name="multi threaded decrement counter[Modulo: 811]" classname="serie2.ex1.CounterModuloTest" time="0.012"/>
  <testcase name="multi threaded increment counter[Modulo: 812]" classname="serie2.ex1.CounterModuloTest" time="0.012"/>
  <testcase name="single threaded increment and decrement counter[Modulo: 812]" classname="serie2.ex1.CounterModuloTest" time="0.0"/>
  <testcase name="single threaded decrement at 0 gives module - 1[Modulo: 812]" classname="serie2.ex1.CounterModuloTest" time="0.0"/>
  <testcase name="single threaded increment at module - 1 gives 0[Modulo: 812]" classname="serie2.ex1.CounterModuloTest" time="0.0"/>
  <testcase name="multi threaded decrement counter[Modulo: 812]" classname="serie2.ex1.CounterModuloTest" time="0.012"/>
  <testcase name="multi threaded increment counter[Modulo: 813]" classname="serie2.ex1.CounterModuloTest" time="0.01"/>
  <testcase name="single threaded increment and decrement counter[Modulo: 813]" classname="serie2.ex1.CounterModuloTest" time="0.001"/>
  <testcase name="single threaded decrement at 0 gives module - 1[Modulo: 813]" classname="serie2.ex1.CounterModuloTest" time="0.0"/>
  <testcase name="single threaded increment at module - 1 gives 0[Modulo: 813]" classname="serie2.ex1.CounterModuloTest" time="0.0"/>
  <testcase name="multi threaded decrement counter[Modulo: 813]" classname="serie2.ex1.CounterModuloTest" time="0.012"/>
  <testcase name="multi threaded increment counter[Modulo: 814]" classname="serie2.ex1.CounterModuloTest" time="0.012"/>
  <testcase name="single threaded increment and decrement counter[Modulo: 814]" classname="serie2.ex1.CounterModuloTest" time="0.0"/>
  <testcase name="single threaded decrement at 0 gives module - 1[Modulo: 814]" classname="serie2.ex1.CounterModuloTest" time="0.0"/>
  <testcase name="single threaded increment at module - 1 gives 0[Modulo: 814]" classname="serie2.ex1.CounterModuloTest" time="0.0"/>
  <testcase name="multi threaded decrement counter[Modulo: 814]" classname="serie2.ex1.CounterModuloTest" time="0.012"/>
  <testcase name="multi threaded increment counter[Modulo: 815]" classname="serie2.ex1.CounterModuloTest" time="0.012"/>
  <testcase name="single threaded increment and decrement counter[Modulo: 815]" classname="serie2.ex1.CounterModuloTest" time="0.0"/>
  <testcase name="single threaded decrement at 0 gives module - 1[Modulo: 815]" classname="serie2.ex1.CounterModuloTest" time="0.0"/>
  <testcase name="single threaded increment at module - 1 gives 0[Modulo: 815]" classname="serie2.ex1.CounterModuloTest" time="0.0"/>
  <testcase name="multi threaded decrement counter[Modulo: 815]" classname="serie2.ex1.CounterModuloTest" time="0.012"/>
  <testcase name="multi threaded increment counter[Modulo: 816]" classname="serie2.ex1.CounterModuloTest" time="0.01"/>
  <testcase name="single threaded increment and decrement counter[Modulo: 816]" classname="serie2.ex1.CounterModuloTest" time="0.001"/>
  <testcase name="single threaded decrement at 0 gives module - 1[Modulo: 816]" classname="serie2.ex1.CounterModuloTest" time="0.0"/>
  <testcase name="single threaded increment at module - 1 gives 0[Modulo: 816]" classname="serie2.ex1.CounterModuloTest" time="0.0"/>
  <testcase name="multi threaded decrement counter[Modulo: 816]" classname="serie2.ex1.CounterModuloTest" time="0.011"/>
  <testcase name="multi threaded increment counter[Modulo: 817]" classname="serie2.ex1.CounterModuloTest" time="0.012"/>
  <testcase name="single threaded increment and decrement counter[Modulo: 817]" classname="serie2.ex1.CounterModuloTest" time="0.0"/>
  <testcase name="single threaded decrement at 0 gives module - 1[Modulo: 817]" classname="serie2.ex1.CounterModuloTest" time="0.0"/>
  <testcase name="single threaded increment at module - 1 gives 0[Modulo: 817]" classname="serie2.ex1.CounterModuloTest" time="0.0"/>
  <testcase name="multi threaded decrement counter[Modulo: 817]" classname="serie2.ex1.CounterModuloTest" time="0.014"/>
  <testcase name="multi threaded increment counter[Modulo: 818]" classname="serie2.ex1.CounterModuloTest" time="0.012"/>
  <testcase name="single threaded increment and decrement counter[Modulo: 818]" classname="serie2.ex1.CounterModuloTest" time="0.001"/>
  <testcase name="single threaded decrement at 0 gives module - 1[Modulo: 818]" classname="serie2.ex1.CounterModuloTest" time="0.0"/>
  <testcase name="single threaded increment at module - 1 gives 0[Modulo: 818]" classname="serie2.ex1.CounterModuloTest" time="0.0"/>
  <testcase name="multi threaded decrement counter[Modulo: 818]" classname="serie2.ex1.CounterModuloTest" time="0.012"/>
  <testcase name="multi threaded increment counter[Modulo: 819]" classname="serie2.ex1.CounterModuloTest" time="0.011"/>
  <testcase name="single threaded increment and decrement counter[Modulo: 819]" classname="serie2.ex1.CounterModuloTest" time="0.0"/>
  <testcase name="single threaded decrement at 0 gives module - 1[Modulo: 819]" classname="serie2.ex1.CounterModuloTest" time="0.0"/>
  <testcase name="single threaded increment at module - 1 gives 0[Modulo: 819]" classname="serie2.ex1.CounterModuloTest" time="0.0"/>
  <testcase name="multi threaded decrement counter[Modulo: 819]" classname="serie2.ex1.CounterModuloTest" time="0.013"/>
  <testcase name="multi threaded increment counter[Modulo: 820]" classname="serie2.ex1.CounterModuloTest" time="0.012"/>
  <testcase name="single threaded increment and decrement counter[Modulo: 820]" classname="serie2.ex1.CounterModuloTest" time="0.001"/>
  <testcase name="single threaded decrement at 0 gives module - 1[Modulo: 820]" classname="serie2.ex1.CounterModuloTest" time="0.0"/>
  <testcase name="single threaded increment at module - 1 gives 0[Modulo: 820]" classname="serie2.ex1.CounterModuloTest" time="0.0"/>
  <testcase name="multi threaded decrement counter[Modulo: 820]" classname="serie2.ex1.CounterModuloTest" time="0.011"/>
  <testcase name="multi threaded increment counter[Modulo: 821]" classname="serie2.ex1.CounterModuloTest" time="0.014"/>
  <testcase name="single threaded increment and decrement counter[Modulo: 821]" classname="serie2.ex1.CounterModuloTest" time="0.0"/>
  <testcase name="single threaded decrement at 0 gives module - 1[Modulo: 821]" classname="serie2.ex1.CounterModuloTest" time="0.0"/>
  <testcase name="single threaded increment at module - 1 gives 0[Modulo: 821]" classname="serie2.ex1.CounterModuloTest" time="0.0"/>
  <testcase name="multi threaded decrement counter[Modulo: 821]" classname="serie2.ex1.CounterModuloTest" time="0.012"/>
  <testcase name="multi threaded increment counter[Modulo: 822]" classname="serie2.ex1.CounterModuloTest" time="0.013"/>
  <testcase name="single threaded increment and decrement counter[Modulo: 822]" classname="serie2.ex1.CounterModuloTest" time="0.0"/>
  <testcase name="single threaded decrement at 0 gives module - 1[Modulo: 822]" classname="serie2.ex1.CounterModuloTest" time="0.0"/>
  <testcase name="single threaded increment at module - 1 gives 0[Modulo: 822]" classname="serie2.ex1.CounterModuloTest" time="0.0"/>
  <testcase name="multi threaded decrement counter[Modulo: 822]" classname="serie2.ex1.CounterModuloTest" time="0.013"/>
  <testcase name="multi threaded increment counter[Modulo: 823]" classname="serie2.ex1.CounterModuloTest" time="0.012"/>
  <testcase name="single threaded increment and decrement counter[Modulo: 823]" classname="serie2.ex1.CounterModuloTest" time="0.0"/>
  <testcase name="single threaded decrement at 0 gives module - 1[Modulo: 823]" classname="serie2.ex1.CounterModuloTest" time="0.0"/>
  <testcase name="single threaded increment at module - 1 gives 0[Modulo: 823]" classname="serie2.ex1.CounterModuloTest" time="0.0"/>
  <testcase name="multi threaded decrement counter[Modulo: 823]" classname="serie2.ex1.CounterModuloTest" time="0.012"/>
  <testcase name="multi threaded increment counter[Modulo: 824]" classname="serie2.ex1.CounterModuloTest" time="0.012"/>
  <testcase name="single threaded increment and decrement counter[Modulo: 824]" classname="serie2.ex1.CounterModuloTest" time="0.0"/>
  <testcase name="single threaded decrement at 0 gives module - 1[Modulo: 824]" classname="serie2.ex1.CounterModuloTest" time="0.0"/>
  <testcase name="single threaded increment at module - 1 gives 0[Modulo: 824]" classname="serie2.ex1.CounterModuloTest" time="0.0"/>
  <testcase name="multi threaded decrement counter[Modulo: 824]" classname="serie2.ex1.CounterModuloTest" time="0.012"/>
  <testcase name="multi threaded increment counter[Modulo: 825]" classname="serie2.ex1.CounterModuloTest" time="0.012"/>
  <testcase name="single threaded increment and decrement counter[Modulo: 825]" classname="serie2.ex1.CounterModuloTest" time="0.0"/>
  <testcase name="single threaded decrement at 0 gives module - 1[Modulo: 825]" classname="serie2.ex1.CounterModuloTest" time="0.0"/>
  <testcase name="single threaded increment at module - 1 gives 0[Modulo: 825]" classname="serie2.ex1.CounterModuloTest" time="0.0"/>
  <testcase name="multi threaded decrement counter[Modulo: 825]" classname="serie2.ex1.CounterModuloTest" time="0.012"/>
  <testcase name="multi threaded increment counter[Modulo: 826]" classname="serie2.ex1.CounterModuloTest" time="0.014"/>
  <testcase name="single threaded increment and decrement counter[Modulo: 826]" classname="serie2.ex1.CounterModuloTest" time="0.0"/>
  <testcase name="single threaded decrement at 0 gives module - 1[Modulo: 826]" classname="serie2.ex1.CounterModuloTest" time="0.0"/>
  <testcase name="single threaded increment at module - 1 gives 0[Modulo: 826]" classname="serie2.ex1.CounterModuloTest" time="0.0"/>
  <testcase name="multi threaded decrement counter[Modulo: 826]" classname="serie2.ex1.CounterModuloTest" time="0.009"/>
  <testcase name="multi threaded increment counter[Modulo: 827]" classname="serie2.ex1.CounterModuloTest" time="0.011"/>
  <testcase name="single threaded increment and decrement counter[Modulo: 827]" classname="serie2.ex1.CounterModuloTest" time="0.001"/>
  <testcase name="single threaded decrement at 0 gives module - 1[Modulo: 827]" classname="serie2.ex1.CounterModuloTest" time="0.0"/>
  <testcase name="single threaded increment at module - 1 gives 0[Modulo: 827]" classname="serie2.ex1.CounterModuloTest" time="0.0"/>
  <testcase name="multi threaded decrement counter[Modulo: 827]" classname="serie2.ex1.CounterModuloTest" time="0.013"/>
  <testcase name="multi threaded increment counter[Modulo: 828]" classname="serie2.ex1.CounterModuloTest" time="0.013"/>
  <testcase name="single threaded increment and decrement counter[Modulo: 828]" classname="serie2.ex1.CounterModuloTest" time="0.001"/>
  <testcase name="single threaded decrement at 0 gives module - 1[Modulo: 828]" classname="serie2.ex1.CounterModuloTest" time="0.0"/>
  <testcase name="single threaded increment at module - 1 gives 0[Modulo: 828]" classname="serie2.ex1.CounterModuloTest" time="0.0"/>
  <testcase name="multi threaded decrement counter[Modulo: 828]" classname="serie2.ex1.CounterModuloTest" time="0.012"/>
  <testcase name="multi threaded increment counter[Modulo: 829]" classname="serie2.ex1.CounterModuloTest" time="0.012"/>
  <testcase name="single threaded increment and decrement counter[Modulo: 829]" classname="serie2.ex1.CounterModuloTest" time="0.0"/>
  <testcase name="single threaded decrement at 0 gives module - 1[Modulo: 829]" classname="serie2.ex1.CounterModuloTest" time="0.0"/>
  <testcase name="single threaded increment at module - 1 gives 0[Modulo: 829]" classname="serie2.ex1.CounterModuloTest" time="0.0"/>
  <testcase name="multi threaded decrement counter[Modulo: 829]" classname="serie2.ex1.CounterModuloTest" time="0.012"/>
  <testcase name="multi threaded increment counter[Modulo: 830]" classname="serie2.ex1.CounterModuloTest" time="0.012"/>
  <testcase name="single threaded increment and decrement counter[Modulo: 830]" classname="serie2.ex1.CounterModuloTest" time="0.0"/>
  <testcase name="single threaded decrement at 0 gives module - 1[Modulo: 830]" classname="serie2.ex1.CounterModuloTest" time="0.0"/>
  <testcase name="single threaded increment at module - 1 gives 0[Modulo: 830]" classname="serie2.ex1.CounterModuloTest" time="0.0"/>
  <testcase name="multi threaded decrement counter[Modulo: 830]" classname="serie2.ex1.CounterModuloTest" time="0.013"/>
  <testcase name="multi threaded increment counter[Modulo: 831]" classname="serie2.ex1.CounterModuloTest" time="0.012"/>
  <testcase name="single threaded increment and decrement counter[Modulo: 831]" classname="serie2.ex1.CounterModuloTest" time="0.001"/>
  <testcase name="single threaded decrement at 0 gives module - 1[Modulo: 831]" classname="serie2.ex1.CounterModuloTest" time="0.0"/>
  <testcase name="single threaded increment at module - 1 gives 0[Modulo: 831]" classname="serie2.ex1.CounterModuloTest" time="0.0"/>
  <testcase name="multi threaded decrement counter[Modulo: 831]" classname="serie2.ex1.CounterModuloTest" time="0.011"/>
  <testcase name="multi threaded increment counter[Modulo: 832]" classname="serie2.ex1.CounterModuloTest" time="0.013"/>
  <testcase name="single threaded increment and decrement counter[Modulo: 832]" classname="serie2.ex1.CounterModuloTest" time="0.0"/>
  <testcase name="single threaded decrement at 0 gives module - 1[Modulo: 832]" classname="serie2.ex1.CounterModuloTest" time="0.0"/>
  <testcase name="single threaded increment at module - 1 gives 0[Modulo: 832]" classname="serie2.ex1.CounterModuloTest" time="0.0"/>
  <testcase name="multi threaded decrement counter[Modulo: 832]" classname="serie2.ex1.CounterModuloTest" time="0.012"/>
  <testcase name="multi threaded increment counter[Modulo: 833]" classname="serie2.ex1.CounterModuloTest" time="0.012"/>
  <testcase name="single threaded increment and decrement counter[Modulo: 833]" classname="serie2.ex1.CounterModuloTest" time="0.0"/>
  <testcase name="single threaded decrement at 0 gives module - 1[Modulo: 833]" classname="serie2.ex1.CounterModuloTest" time="0.0"/>
  <testcase name="single threaded increment at module - 1 gives 0[Modulo: 833]" classname="serie2.ex1.CounterModuloTest" time="0.0"/>
  <testcase name="multi threaded decrement counter[Modulo: 833]" classname="serie2.ex1.CounterModuloTest" time="0.012"/>
  <testcase name="multi threaded increment counter[Modulo: 834]" classname="serie2.ex1.CounterModuloTest" time="0.012"/>
  <testcase name="single threaded increment and decrement counter[Modulo: 834]" classname="serie2.ex1.CounterModuloTest" time="0.0"/>
  <testcase name="single threaded decrement at 0 gives module - 1[Modulo: 834]" classname="serie2.ex1.CounterModuloTest" time="0.0"/>
  <testcase name="single threaded increment at module - 1 gives 0[Modulo: 834]" classname="serie2.ex1.CounterModuloTest" time="0.0"/>
  <testcase name="multi threaded decrement counter[Modulo: 834]" classname="serie2.ex1.CounterModuloTest" time="0.011"/>
  <testcase name="multi threaded increment counter[Modulo: 835]" classname="serie2.ex1.CounterModuloTest" time="0.012"/>
  <testcase name="single threaded increment and decrement counter[Modulo: 835]" classname="serie2.ex1.CounterModuloTest" time="0.001"/>
  <testcase name="single threaded decrement at 0 gives module - 1[Modulo: 835]" classname="serie2.ex1.CounterModuloTest" time="0.0"/>
  <testcase name="single threaded increment at module - 1 gives 0[Modulo: 835]" classname="serie2.ex1.CounterModuloTest" time="0.0"/>
  <testcase name="multi threaded decrement counter[Modulo: 835]" classname="serie2.ex1.CounterModuloTest" time="0.013"/>
  <testcase name="multi threaded increment counter[Modulo: 836]" classname="serie2.ex1.CounterModuloTest" time="0.012"/>
  <testcase name="single threaded increment and decrement counter[Modulo: 836]" classname="serie2.ex1.CounterModuloTest" time="0.0"/>
  <testcase name="single threaded decrement at 0 gives module - 1[Modulo: 836]" classname="serie2.ex1.CounterModuloTest" time="0.0"/>
  <testcase name="single threaded increment at module - 1 gives 0[Modulo: 836]" classname="serie2.ex1.CounterModuloTest" time="0.0"/>
  <testcase name="multi threaded decrement counter[Modulo: 836]" classname="serie2.ex1.CounterModuloTest" time="0.012"/>
  <testcase name="multi threaded increment counter[Modulo: 837]" classname="serie2.ex1.CounterModuloTest" time="0.011"/>
  <testcase name="single threaded increment and decrement counter[Modulo: 837]" classname="serie2.ex1.CounterModuloTest" time="0.0"/>
  <testcase name="single threaded decrement at 0 gives module - 1[Modulo: 837]" classname="serie2.ex1.CounterModuloTest" time="0.0"/>
  <testcase name="single threaded increment at module - 1 gives 0[Modulo: 837]" classname="serie2.ex1.CounterModuloTest" time="0.0"/>
  <testcase name="multi threaded decrement counter[Modulo: 837]" classname="serie2.ex1.CounterModuloTest" time="0.012"/>
  <testcase name="multi threaded increment counter[Modulo: 838]" classname="serie2.ex1.CounterModuloTest" time="0.011"/>
  <testcase name="single threaded increment and decrement counter[Modulo: 838]" classname="serie2.ex1.CounterModuloTest" time="0.001"/>
  <testcase name="single threaded decrement at 0 gives module - 1[Modulo: 838]" classname="serie2.ex1.CounterModuloTest" time="0.0"/>
  <testcase name="single threaded increment at module - 1 gives 0[Modulo: 838]" classname="serie2.ex1.CounterModuloTest" time="0.0"/>
  <testcase name="multi threaded decrement counter[Modulo: 838]" classname="serie2.ex1.CounterModuloTest" time="0.012"/>
  <testcase name="multi threaded increment counter[Modulo: 839]" classname="serie2.ex1.CounterModuloTest" time="0.012"/>
  <testcase name="single threaded increment and decrement counter[Modulo: 839]" classname="serie2.ex1.CounterModuloTest" time="0.001"/>
  <testcase name="single threaded decrement at 0 gives module - 1[Modulo: 839]" classname="serie2.ex1.CounterModuloTest" time="0.0"/>
  <testcase name="single threaded increment at module - 1 gives 0[Modulo: 839]" classname="serie2.ex1.CounterModuloTest" time="0.0"/>
  <testcase name="multi threaded decrement counter[Modulo: 839]" classname="serie2.ex1.CounterModuloTest" time="0.01"/>
  <testcase name="multi threaded increment counter[Modulo: 840]" classname="serie2.ex1.CounterModuloTest" time="0.011"/>
  <testcase name="single threaded increment and decrement counter[Modulo: 840]" classname="serie2.ex1.CounterModuloTest" time="0.0"/>
  <testcase name="single threaded decrement at 0 gives module - 1[Modulo: 840]" classname="serie2.ex1.CounterModuloTest" time="0.0"/>
  <testcase name="single threaded increment at module - 1 gives 0[Modulo: 840]" classname="serie2.ex1.CounterModuloTest" time="0.0"/>
  <testcase name="multi threaded decrement counter[Modulo: 840]" classname="serie2.ex1.CounterModuloTest" time="0.013"/>
  <testcase name="multi threaded increment counter[Modulo: 841]" classname="serie2.ex1.CounterModuloTest" time="0.012"/>
  <testcase name="single threaded increment and decrement counter[Modulo: 841]" classname="serie2.ex1.CounterModuloTest" time="0.001"/>
  <testcase name="single threaded decrement at 0 gives module - 1[Modulo: 841]" classname="serie2.ex1.CounterModuloTest" time="0.0"/>
  <testcase name="single threaded increment at module - 1 gives 0[Modulo: 841]" classname="serie2.ex1.CounterModuloTest" time="0.0"/>
  <testcase name="multi threaded decrement counter[Modulo: 841]" classname="serie2.ex1.CounterModuloTest" time="0.012"/>
  <testcase name="multi threaded increment counter[Modulo: 842]" classname="serie2.ex1.CounterModuloTest" time="0.011"/>
  <testcase name="single threaded increment and decrement counter[Modulo: 842]" classname="serie2.ex1.CounterModuloTest" time="0.001"/>
  <testcase name="single threaded decrement at 0 gives module - 1[Modulo: 842]" classname="serie2.ex1.CounterModuloTest" time="0.0"/>
  <testcase name="single threaded increment at module - 1 gives 0[Modulo: 842]" classname="serie2.ex1.CounterModuloTest" time="0.0"/>
  <testcase name="multi threaded decrement counter[Modulo: 842]" classname="serie2.ex1.CounterModuloTest" time="0.012"/>
  <testcase name="multi threaded increment counter[Modulo: 843]" classname="serie2.ex1.CounterModuloTest" time="0.012"/>
  <testcase name="single threaded increment and decrement counter[Modulo: 843]" classname="serie2.ex1.CounterModuloTest" time="0.0"/>
  <testcase name="single threaded decrement at 0 gives module - 1[Modulo: 843]" classname="serie2.ex1.CounterModuloTest" time="0.0"/>
  <testcase name="single threaded increment at module - 1 gives 0[Modulo: 843]" classname="serie2.ex1.CounterModuloTest" time="0.0"/>
  <testcase name="multi threaded decrement counter[Modulo: 843]" classname="serie2.ex1.CounterModuloTest" time="0.011"/>
  <testcase name="multi threaded increment counter[Modulo: 844]" classname="serie2.ex1.CounterModuloTest" time="0.011"/>
  <testcase name="single threaded increment and decrement counter[Modulo: 844]" classname="serie2.ex1.CounterModuloTest" time="0.001"/>
  <testcase name="single threaded decrement at 0 gives module - 1[Modulo: 844]" classname="serie2.ex1.CounterModuloTest" time="0.0"/>
  <testcase name="single threaded increment at module - 1 gives 0[Modulo: 844]" classname="serie2.ex1.CounterModuloTest" time="0.0"/>
  <testcase name="multi threaded decrement counter[Modulo: 844]" classname="serie2.ex1.CounterModuloTest" time="0.012"/>
  <testcase name="multi threaded increment counter[Modulo: 845]" classname="serie2.ex1.CounterModuloTest" time="0.012"/>
  <testcase name="single threaded increment and decrement counter[Modulo: 845]" classname="serie2.ex1.CounterModuloTest" time="0.0"/>
  <testcase name="single threaded decrement at 0 gives module - 1[Modulo: 845]" classname="serie2.ex1.CounterModuloTest" time="0.0"/>
  <testcase name="single threaded increment at module - 1 gives 0[Modulo: 845]" classname="serie2.ex1.CounterModuloTest" time="0.0"/>
  <testcase name="multi threaded decrement counter[Modulo: 845]" classname="serie2.ex1.CounterModuloTest" time="0.011"/>
  <testcase name="multi threaded increment counter[Modulo: 846]" classname="serie2.ex1.CounterModuloTest" time="0.013"/>
  <testcase name="single threaded increment and decrement counter[Modulo: 846]" classname="serie2.ex1.CounterModuloTest" time="0.001"/>
  <testcase name="single threaded decrement at 0 gives module - 1[Modulo: 846]" classname="serie2.ex1.CounterModuloTest" time="0.0"/>
  <testcase name="single threaded increment at module - 1 gives 0[Modulo: 846]" classname="serie2.ex1.CounterModuloTest" time="0.0"/>
  <testcase name="multi threaded decrement counter[Modulo: 846]" classname="serie2.ex1.CounterModuloTest" time="0.012"/>
  <testcase name="multi threaded increment counter[Modulo: 847]" classname="serie2.ex1.CounterModuloTest" time="0.012"/>
  <testcase name="single threaded increment and decrement counter[Modulo: 847]" classname="serie2.ex1.CounterModuloTest" time="0.0"/>
  <testcase name="single threaded decrement at 0 gives module - 1[Modulo: 847]" classname="serie2.ex1.CounterModuloTest" time="0.0"/>
  <testcase name="single threaded increment at module - 1 gives 0[Modulo: 847]" classname="serie2.ex1.CounterModuloTest" time="0.0"/>
  <testcase name="multi threaded decrement counter[Modulo: 847]" classname="serie2.ex1.CounterModuloTest" time="0.012"/>
  <testcase name="multi threaded increment counter[Modulo: 848]" classname="serie2.ex1.CounterModuloTest" time="0.012"/>
  <testcase name="single threaded increment and decrement counter[Modulo: 848]" classname="serie2.ex1.CounterModuloTest" time="0.0"/>
  <testcase name="single threaded decrement at 0 gives module - 1[Modulo: 848]" classname="serie2.ex1.CounterModuloTest" time="0.0"/>
  <testcase name="single threaded increment at module - 1 gives 0[Modulo: 848]" classname="serie2.ex1.CounterModuloTest" time="0.0"/>
  <testcase name="multi threaded decrement counter[Modulo: 848]" classname="serie2.ex1.CounterModuloTest" time="0.012"/>
  <testcase name="multi threaded increment counter[Modulo: 849]" classname="serie2.ex1.CounterModuloTest" time="0.012"/>
  <testcase name="single threaded increment and decrement counter[Modulo: 849]" classname="serie2.ex1.CounterModuloTest" time="0.001"/>
  <testcase name="single threaded decrement at 0 gives module - 1[Modulo: 849]" classname="serie2.ex1.CounterModuloTest" time="0.0"/>
  <testcase name="single threaded increment at module - 1 gives 0[Modulo: 849]" classname="serie2.ex1.CounterModuloTest" time="0.0"/>
  <testcase name="multi threaded decrement counter[Modulo: 849]" classname="serie2.ex1.CounterModuloTest" time="0.012"/>
  <testcase name="multi threaded increment counter[Modulo: 850]" classname="serie2.ex1.CounterModuloTest" time="0.013"/>
  <testcase name="single threaded increment and decrement counter[Modulo: 850]" classname="serie2.ex1.CounterModuloTest" time="0.001"/>
  <testcase name="single threaded decrement at 0 gives module - 1[Modulo: 850]" classname="serie2.ex1.CounterModuloTest" time="0.0"/>
  <testcase name="single threaded increment at module - 1 gives 0[Modulo: 850]" classname="serie2.ex1.CounterModuloTest" time="0.0"/>
  <testcase name="multi threaded decrement counter[Modulo: 850]" classname="serie2.ex1.CounterModuloTest" time="0.012"/>
  <testcase name="multi threaded increment counter[Modulo: 851]" classname="serie2.ex1.CounterModuloTest" time="0.012"/>
  <testcase name="single threaded increment and decrement counter[Modulo: 851]" classname="serie2.ex1.CounterModuloTest" time="0.0"/>
  <testcase name="single threaded decrement at 0 gives module - 1[Modulo: 851]" classname="serie2.ex1.CounterModuloTest" time="0.0"/>
  <testcase name="single threaded increment at module - 1 gives 0[Modulo: 851]" classname="serie2.ex1.CounterModuloTest" time="0.0"/>
  <testcase name="multi threaded decrement counter[Modulo: 851]" classname="serie2.ex1.CounterModuloTest" time="0.011"/>
  <testcase name="multi threaded increment counter[Modulo: 852]" classname="serie2.ex1.CounterModuloTest" time="0.013"/>
  <testcase name="single threaded increment and decrement counter[Modulo: 852]" classname="serie2.ex1.CounterModuloTest" time="0.0"/>
  <testcase name="single threaded decrement at 0 gives module - 1[Modulo: 852]" classname="serie2.ex1.CounterModuloTest" time="0.0"/>
  <testcase name="single threaded increment at module - 1 gives 0[Modulo: 852]" classname="serie2.ex1.CounterModuloTest" time="0.0"/>
  <testcase name="multi threaded decrement counter[Modulo: 852]" classname="serie2.ex1.CounterModuloTest" time="0.012"/>
  <testcase name="multi threaded increment counter[Modulo: 853]" classname="serie2.ex1.CounterModuloTest" time="0.012"/>
  <testcase name="single threaded increment and decrement counter[Modulo: 853]" classname="serie2.ex1.CounterModuloTest" time="0.0"/>
  <testcase name="single threaded decrement at 0 gives module - 1[Modulo: 853]" classname="serie2.ex1.CounterModuloTest" time="0.0"/>
  <testcase name="single threaded increment at module - 1 gives 0[Modulo: 853]" classname="serie2.ex1.CounterModuloTest" time="0.0"/>
  <testcase name="multi threaded decrement counter[Modulo: 853]" classname="serie2.ex1.CounterModuloTest" time="0.012"/>
  <testcase name="multi threaded increment counter[Modulo: 854]" classname="serie2.ex1.CounterModuloTest" time="0.013"/>
  <testcase name="single threaded increment and decrement counter[Modulo: 854]" classname="serie2.ex1.CounterModuloTest" time="0.0"/>
  <testcase name="single threaded decrement at 0 gives module - 1[Modulo: 854]" classname="serie2.ex1.CounterModuloTest" time="0.0"/>
  <testcase name="single threaded increment at module - 1 gives 0[Modulo: 854]" classname="serie2.ex1.CounterModuloTest" time="0.0"/>
  <testcase name="multi threaded decrement counter[Modulo: 854]" classname="serie2.ex1.CounterModuloTest" time="0.012"/>
  <testcase name="multi threaded increment counter[Modulo: 855]" classname="serie2.ex1.CounterModuloTest" time="0.013"/>
  <testcase name="single threaded increment and decrement counter[Modulo: 855]" classname="serie2.ex1.CounterModuloTest" time="0.0"/>
  <testcase name="single threaded decrement at 0 gives module - 1[Modulo: 855]" classname="serie2.ex1.CounterModuloTest" time="0.0"/>
  <testcase name="single threaded increment at module - 1 gives 0[Modulo: 855]" classname="serie2.ex1.CounterModuloTest" time="0.0"/>
  <testcase name="multi threaded decrement counter[Modulo: 855]" classname="serie2.ex1.CounterModuloTest" time="0.012"/>
  <testcase name="multi threaded increment counter[Modulo: 856]" classname="serie2.ex1.CounterModuloTest" time="0.014"/>
  <testcase name="single threaded increment and decrement counter[Modulo: 856]" classname="serie2.ex1.CounterModuloTest" time="0.0"/>
  <testcase name="single threaded decrement at 0 gives module - 1[Modulo: 856]" classname="serie2.ex1.CounterModuloTest" time="0.0"/>
  <testcase name="single threaded increment at module - 1 gives 0[Modulo: 856]" classname="serie2.ex1.CounterModuloTest" time="0.0"/>
  <testcase name="multi threaded decrement counter[Modulo: 856]" classname="serie2.ex1.CounterModuloTest" time="0.013"/>
  <testcase name="multi threaded increment counter[Modulo: 857]" classname="serie2.ex1.CounterModuloTest" time="0.013"/>
  <testcase name="single threaded increment and decrement counter[Modulo: 857]" classname="serie2.ex1.CounterModuloTest" time="0.0"/>
  <testcase name="single threaded decrement at 0 gives module - 1[Modulo: 857]" classname="serie2.ex1.CounterModuloTest" time="0.0"/>
  <testcase name="single threaded increment at module - 1 gives 0[Modulo: 857]" classname="serie2.ex1.CounterModuloTest" time="0.0"/>
  <testcase name="multi threaded decrement counter[Modulo: 857]" classname="serie2.ex1.CounterModuloTest" time="0.012"/>
  <testcase name="multi threaded increment counter[Modulo: 858]" classname="serie2.ex1.CounterModuloTest" time="0.012"/>
  <testcase name="single threaded increment and decrement counter[Modulo: 858]" classname="serie2.ex1.CounterModuloTest" time="0.001"/>
  <testcase name="single threaded decrement at 0 gives module - 1[Modulo: 858]" classname="serie2.ex1.CounterModuloTest" time="0.0"/>
  <testcase name="single threaded increment at module - 1 gives 0[Modulo: 858]" classname="serie2.ex1.CounterModuloTest" time="0.0"/>
  <testcase name="multi threaded decrement counter[Modulo: 858]" classname="serie2.ex1.CounterModuloTest" time="0.011"/>
  <testcase name="multi threaded increment counter[Modulo: 859]" classname="serie2.ex1.CounterModuloTest" time="0.011"/>
  <testcase name="single threaded increment and decrement counter[Modulo: 859]" classname="serie2.ex1.CounterModuloTest" time="0.001"/>
  <testcase name="single threaded decrement at 0 gives module - 1[Modulo: 859]" classname="serie2.ex1.CounterModuloTest" time="0.0"/>
  <testcase name="single threaded increment at module - 1 gives 0[Modulo: 859]" classname="serie2.ex1.CounterModuloTest" time="0.0"/>
  <testcase name="multi threaded decrement counter[Modulo: 859]" classname="serie2.ex1.CounterModuloTest" time="0.011"/>
  <testcase name="multi threaded increment counter[Modulo: 860]" classname="serie2.ex1.CounterModuloTest" time="0.012"/>
  <testcase name="single threaded increment and decrement counter[Modulo: 860]" classname="serie2.ex1.CounterModuloTest" time="0.0"/>
  <testcase name="single threaded decrement at 0 gives module - 1[Modulo: 860]" classname="serie2.ex1.CounterModuloTest" time="0.001"/>
  <testcase name="single threaded increment at module - 1 gives 0[Modulo: 860]" classname="serie2.ex1.CounterModuloTest" time="0.0"/>
  <testcase name="multi threaded decrement counter[Modulo: 860]" classname="serie2.ex1.CounterModuloTest" time="0.011"/>
  <testcase name="multi threaded increment counter[Modulo: 861]" classname="serie2.ex1.CounterModuloTest" time="0.013"/>
  <testcase name="single threaded increment and decrement counter[Modulo: 861]" classname="serie2.ex1.CounterModuloTest" time="0.0"/>
  <testcase name="single threaded decrement at 0 gives module - 1[Modulo: 861]" classname="serie2.ex1.CounterModuloTest" time="0.0"/>
  <testcase name="single threaded increment at module - 1 gives 0[Modulo: 861]" classname="serie2.ex1.CounterModuloTest" time="0.0"/>
  <testcase name="multi threaded decrement counter[Modulo: 861]" classname="serie2.ex1.CounterModuloTest" time="0.013"/>
  <testcase name="multi threaded increment counter[Modulo: 862]" classname="serie2.ex1.CounterModuloTest" time="0.01"/>
  <testcase name="single threaded increment and decrement counter[Modulo: 862]" classname="serie2.ex1.CounterModuloTest" time="0.0"/>
  <testcase name="single threaded decrement at 0 gives module - 1[Modulo: 862]" classname="serie2.ex1.CounterModuloTest" time="0.0"/>
  <testcase name="single threaded increment at module - 1 gives 0[Modulo: 862]" classname="serie2.ex1.CounterModuloTest" time="0.001"/>
  <testcase name="multi threaded decrement counter[Modulo: 862]" classname="serie2.ex1.CounterModuloTest" time="0.011"/>
  <testcase name="multi threaded increment counter[Modulo: 863]" classname="serie2.ex1.CounterModuloTest" time="0.012"/>
  <testcase name="single threaded increment and decrement counter[Modulo: 863]" classname="serie2.ex1.CounterModuloTest" time="0.001"/>
  <testcase name="single threaded decrement at 0 gives module - 1[Modulo: 863]" classname="serie2.ex1.CounterModuloTest" time="0.0"/>
  <testcase name="single threaded increment at module - 1 gives 0[Modulo: 863]" classname="serie2.ex1.CounterModuloTest" time="0.0"/>
  <testcase name="multi threaded decrement counter[Modulo: 863]" classname="serie2.ex1.CounterModuloTest" time="0.012"/>
  <testcase name="multi threaded increment counter[Modulo: 864]" classname="serie2.ex1.CounterModuloTest" time="0.012"/>
  <testcase name="single threaded increment and decrement counter[Modulo: 864]" classname="serie2.ex1.CounterModuloTest" time="0.0"/>
  <testcase name="single threaded decrement at 0 gives module - 1[Modulo: 864]" classname="serie2.ex1.CounterModuloTest" time="0.0"/>
  <testcase name="single threaded increment at module - 1 gives 0[Modulo: 864]" classname="serie2.ex1.CounterModuloTest" time="0.0"/>
  <testcase name="multi threaded decrement counter[Modulo: 864]" classname="serie2.ex1.CounterModuloTest" time="0.012"/>
  <testcase name="multi threaded increment counter[Modulo: 865]" classname="serie2.ex1.CounterModuloTest" time="0.012"/>
  <testcase name="single threaded increment and decrement counter[Modulo: 865]" classname="serie2.ex1.CounterModuloTest" time="0.001"/>
  <testcase name="single threaded decrement at 0 gives module - 1[Modulo: 865]" classname="serie2.ex1.CounterModuloTest" time="0.0"/>
  <testcase name="single threaded increment at module - 1 gives 0[Modulo: 865]" classname="serie2.ex1.CounterModuloTest" time="0.0"/>
  <testcase name="multi threaded decrement counter[Modulo: 865]" classname="serie2.ex1.CounterModuloTest" time="0.012"/>
  <testcase name="multi threaded increment counter[Modulo: 866]" classname="serie2.ex1.CounterModuloTest" time="0.012"/>
  <testcase name="single threaded increment and decrement counter[Modulo: 866]" classname="serie2.ex1.CounterModuloTest" time="0.0"/>
  <testcase name="single threaded decrement at 0 gives module - 1[Modulo: 866]" classname="serie2.ex1.CounterModuloTest" time="0.0"/>
  <testcase name="single threaded increment at module - 1 gives 0[Modulo: 866]" classname="serie2.ex1.CounterModuloTest" time="0.0"/>
  <testcase name="multi threaded decrement counter[Modulo: 866]" classname="serie2.ex1.CounterModuloTest" time="0.013"/>
  <testcase name="multi threaded increment counter[Modulo: 867]" classname="serie2.ex1.CounterModuloTest" time="0.012"/>
  <testcase name="single threaded increment and decrement counter[Modulo: 867]" classname="serie2.ex1.CounterModuloTest" time="0.0"/>
  <testcase name="single threaded decrement at 0 gives module - 1[Modulo: 867]" classname="serie2.ex1.CounterModuloTest" time="0.0"/>
  <testcase name="single threaded increment at module - 1 gives 0[Modulo: 867]" classname="serie2.ex1.CounterModuloTest" time="0.0"/>
  <testcase name="multi threaded decrement counter[Modulo: 867]" classname="serie2.ex1.CounterModuloTest" time="0.013"/>
  <testcase name="multi threaded increment counter[Modulo: 868]" classname="serie2.ex1.CounterModuloTest" time="0.012"/>
  <testcase name="single threaded increment and decrement counter[Modulo: 868]" classname="serie2.ex1.CounterModuloTest" time="0.001"/>
  <testcase name="single threaded decrement at 0 gives module - 1[Modulo: 868]" classname="serie2.ex1.CounterModuloTest" time="0.0"/>
  <testcase name="single threaded increment at module - 1 gives 0[Modulo: 868]" classname="serie2.ex1.CounterModuloTest" time="0.0"/>
  <testcase name="multi threaded decrement counter[Modulo: 868]" classname="serie2.ex1.CounterModuloTest" time="0.011"/>
  <testcase name="multi threaded increment counter[Modulo: 869]" classname="serie2.ex1.CounterModuloTest" time="0.012"/>
  <testcase name="single threaded increment and decrement counter[Modulo: 869]" classname="serie2.ex1.CounterModuloTest" time="0.001"/>
  <testcase name="single threaded decrement at 0 gives module - 1[Modulo: 869]" classname="serie2.ex1.CounterModuloTest" time="0.0"/>
  <testcase name="single threaded increment at module - 1 gives 0[Modulo: 869]" classname="serie2.ex1.CounterModuloTest" time="0.0"/>
  <testcase name="multi threaded decrement counter[Modulo: 869]" classname="serie2.ex1.CounterModuloTest" time="0.012"/>
  <testcase name="multi threaded increment counter[Modulo: 870]" classname="serie2.ex1.CounterModuloTest" time="0.014"/>
  <testcase name="single threaded increment and decrement counter[Modulo: 870]" classname="serie2.ex1.CounterModuloTest" time="0.0"/>
  <testcase name="single threaded decrement at 0 gives module - 1[Modulo: 870]" classname="serie2.ex1.CounterModuloTest" time="0.0"/>
  <testcase name="single threaded increment at module - 1 gives 0[Modulo: 870]" classname="serie2.ex1.CounterModuloTest" time="0.0"/>
  <testcase name="multi threaded decrement counter[Modulo: 870]" classname="serie2.ex1.CounterModuloTest" time="0.011"/>
  <testcase name="multi threaded increment counter[Modulo: 871]" classname="serie2.ex1.CounterModuloTest" time="0.011"/>
  <testcase name="single threaded increment and decrement counter[Modulo: 871]" classname="serie2.ex1.CounterModuloTest" time="0.001"/>
  <testcase name="single threaded decrement at 0 gives module - 1[Modulo: 871]" classname="serie2.ex1.CounterModuloTest" time="0.0"/>
  <testcase name="single threaded increment at module - 1 gives 0[Modulo: 871]" classname="serie2.ex1.CounterModuloTest" time="0.0"/>
  <testcase name="multi threaded decrement counter[Modulo: 871]" classname="serie2.ex1.CounterModuloTest" time="0.012"/>
  <testcase name="multi threaded increment counter[Modulo: 872]" classname="serie2.ex1.CounterModuloTest" time="0.013"/>
  <testcase name="single threaded increment and decrement counter[Modulo: 872]" classname="serie2.ex1.CounterModuloTest" time="0.0"/>
  <testcase name="single threaded decrement at 0 gives module - 1[Modulo: 872]" classname="serie2.ex1.CounterModuloTest" time="0.0"/>
  <testcase name="single threaded increment at module - 1 gives 0[Modulo: 872]" classname="serie2.ex1.CounterModuloTest" time="0.0"/>
  <testcase name="multi threaded decrement counter[Modulo: 872]" classname="serie2.ex1.CounterModuloTest" time="0.012"/>
  <testcase name="multi threaded increment counter[Modulo: 873]" classname="serie2.ex1.CounterModuloTest" time="0.012"/>
  <testcase name="single threaded increment and decrement counter[Modulo: 873]" classname="serie2.ex1.CounterModuloTest" time="0.0"/>
  <testcase name="single threaded decrement at 0 gives module - 1[Modulo: 873]" classname="serie2.ex1.CounterModuloTest" time="0.0"/>
  <testcase name="single threaded increment at module - 1 gives 0[Modulo: 873]" classname="serie2.ex1.CounterModuloTest" time="0.0"/>
  <testcase name="multi threaded decrement counter[Modulo: 873]" classname="serie2.ex1.CounterModuloTest" time="0.013"/>
  <testcase name="multi threaded increment counter[Modulo: 874]" classname="serie2.ex1.CounterModuloTest" time="0.013"/>
  <testcase name="single threaded increment and decrement counter[Modulo: 874]" classname="serie2.ex1.CounterModuloTest" time="0.0"/>
  <testcase name="single threaded decrement at 0 gives module - 1[Modulo: 874]" classname="serie2.ex1.CounterModuloTest" time="0.0"/>
  <testcase name="single threaded increment at module - 1 gives 0[Modulo: 874]" classname="serie2.ex1.CounterModuloTest" time="0.0"/>
  <testcase name="multi threaded decrement counter[Modulo: 874]" classname="serie2.ex1.CounterModuloTest" time="0.012"/>
  <testcase name="multi threaded increment counter[Modulo: 875]" classname="serie2.ex1.CounterModuloTest" time="0.012"/>
  <testcase name="single threaded increment and decrement counter[Modulo: 875]" classname="serie2.ex1.CounterModuloTest" time="0.0"/>
  <testcase name="single threaded decrement at 0 gives module - 1[Modulo: 875]" classname="serie2.ex1.CounterModuloTest" time="0.0"/>
  <testcase name="single threaded increment at module - 1 gives 0[Modulo: 875]" classname="serie2.ex1.CounterModuloTest" time="0.0"/>
  <testcase name="multi threaded decrement counter[Modulo: 875]" classname="serie2.ex1.CounterModuloTest" time="0.011"/>
  <testcase name="multi threaded increment counter[Modulo: 876]" classname="serie2.ex1.CounterModuloTest" time="0.012"/>
  <testcase name="single threaded increment and decrement counter[Modulo: 876]" classname="serie2.ex1.CounterModuloTest" time="0.0"/>
  <testcase name="single threaded decrement at 0 gives module - 1[Modulo: 876]" classname="serie2.ex1.CounterModuloTest" time="0.0"/>
  <testcase name="single threaded increment at module - 1 gives 0[Modulo: 876]" classname="serie2.ex1.CounterModuloTest" time="0.0"/>
  <testcase name="multi threaded decrement counter[Modulo: 876]" classname="serie2.ex1.CounterModuloTest" time="0.012"/>
  <testcase name="multi threaded increment counter[Modulo: 877]" classname="serie2.ex1.CounterModuloTest" time="0.013"/>
  <testcase name="single threaded increment and decrement counter[Modulo: 877]" classname="serie2.ex1.CounterModuloTest" time="0.001"/>
  <testcase name="single threaded decrement at 0 gives module - 1[Modulo: 877]" classname="serie2.ex1.CounterModuloTest" time="0.0"/>
  <testcase name="single threaded increment at module - 1 gives 0[Modulo: 877]" classname="serie2.ex1.CounterModuloTest" time="0.0"/>
  <testcase name="multi threaded decrement counter[Modulo: 877]" classname="serie2.ex1.CounterModuloTest" time="0.012"/>
  <testcase name="multi threaded increment counter[Modulo: 878]" classname="serie2.ex1.CounterModuloTest" time="0.012"/>
  <testcase name="single threaded increment and decrement counter[Modulo: 878]" classname="serie2.ex1.CounterModuloTest" time="0.0"/>
  <testcase name="single threaded decrement at 0 gives module - 1[Modulo: 878]" classname="serie2.ex1.CounterModuloTest" time="0.0"/>
  <testcase name="single threaded increment at module - 1 gives 0[Modulo: 878]" classname="serie2.ex1.CounterModuloTest" time="0.0"/>
  <testcase name="multi threaded decrement counter[Modulo: 878]" classname="serie2.ex1.CounterModuloTest" time="0.01"/>
  <testcase name="multi threaded increment counter[Modulo: 879]" classname="serie2.ex1.CounterModuloTest" time="0.013"/>
  <testcase name="single threaded increment and decrement counter[Modulo: 879]" classname="serie2.ex1.CounterModuloTest" time="0.0"/>
  <testcase name="single threaded decrement at 0 gives module - 1[Modulo: 879]" classname="serie2.ex1.CounterModuloTest" time="0.0"/>
  <testcase name="single threaded increment at module - 1 gives 0[Modulo: 879]" classname="serie2.ex1.CounterModuloTest" time="0.0"/>
  <testcase name="multi threaded decrement counter[Modulo: 879]" classname="serie2.ex1.CounterModuloTest" time="0.011"/>
  <testcase name="multi threaded increment counter[Modulo: 880]" classname="serie2.ex1.CounterModuloTest" time="0.013"/>
  <testcase name="single threaded increment and decrement counter[Modulo: 880]" classname="serie2.ex1.CounterModuloTest" time="0.0"/>
  <testcase name="single threaded decrement at 0 gives module - 1[Modulo: 880]" classname="serie2.ex1.CounterModuloTest" time="0.0"/>
  <testcase name="single threaded increment at module - 1 gives 0[Modulo: 880]" classname="serie2.ex1.CounterModuloTest" time="0.0"/>
  <testcase name="multi threaded decrement counter[Modulo: 880]" classname="serie2.ex1.CounterModuloTest" time="0.012"/>
  <testcase name="multi threaded increment counter[Modulo: 881]" classname="serie2.ex1.CounterModuloTest" time="0.012"/>
  <testcase name="single threaded increment and decrement counter[Modulo: 881]" classname="serie2.ex1.CounterModuloTest" time="0.0"/>
  <testcase name="single threaded decrement at 0 gives module - 1[Modulo: 881]" classname="serie2.ex1.CounterModuloTest" time="0.0"/>
  <testcase name="single threaded increment at module - 1 gives 0[Modulo: 881]" classname="serie2.ex1.CounterModuloTest" time="0.0"/>
  <testcase name="multi threaded decrement counter[Modulo: 881]" classname="serie2.ex1.CounterModuloTest" time="0.015"/>
  <testcase name="multi threaded increment counter[Modulo: 882]" classname="serie2.ex1.CounterModuloTest" time="0.014"/>
  <testcase name="single threaded increment and decrement counter[Modulo: 882]" classname="serie2.ex1.CounterModuloTest" time="0.0"/>
  <testcase name="single threaded decrement at 0 gives module - 1[Modulo: 882]" classname="serie2.ex1.CounterModuloTest" time="0.0"/>
  <testcase name="single threaded increment at module - 1 gives 0[Modulo: 882]" classname="serie2.ex1.CounterModuloTest" time="0.001"/>
  <testcase name="multi threaded decrement counter[Modulo: 882]" classname="serie2.ex1.CounterModuloTest" time="0.013"/>
  <testcase name="multi threaded increment counter[Modulo: 883]" classname="serie2.ex1.CounterModuloTest" time="0.014"/>
  <testcase name="single threaded increment and decrement counter[Modulo: 883]" classname="serie2.ex1.CounterModuloTest" time="0.0"/>
  <testcase name="single threaded decrement at 0 gives module - 1[Modulo: 883]" classname="serie2.ex1.CounterModuloTest" time="0.0"/>
  <testcase name="single threaded increment at module - 1 gives 0[Modulo: 883]" classname="serie2.ex1.CounterModuloTest" time="0.0"/>
  <testcase name="multi threaded decrement counter[Modulo: 883]" classname="serie2.ex1.CounterModuloTest" time="0.011"/>
  <testcase name="multi threaded increment counter[Modulo: 884]" classname="serie2.ex1.CounterModuloTest" time="0.014"/>
  <testcase name="single threaded increment and decrement counter[Modulo: 884]" classname="serie2.ex1.CounterModuloTest" time="0.001"/>
  <testcase name="single threaded decrement at 0 gives module - 1[Modulo: 884]" classname="serie2.ex1.CounterModuloTest" time="0.0"/>
  <testcase name="single threaded increment at module - 1 gives 0[Modulo: 884]" classname="serie2.ex1.CounterModuloTest" time="0.0"/>
  <testcase name="multi threaded decrement counter[Modulo: 884]" classname="serie2.ex1.CounterModuloTest" time="0.013"/>
  <testcase name="multi threaded increment counter[Modulo: 885]" classname="serie2.ex1.CounterModuloTest" time="0.015"/>
  <testcase name="single threaded increment and decrement counter[Modulo: 885]" classname="serie2.ex1.CounterModuloTest" time="0.0"/>
  <testcase name="single threaded decrement at 0 gives module - 1[Modulo: 885]" classname="serie2.ex1.CounterModuloTest" time="0.0"/>
  <testcase name="single threaded increment at module - 1 gives 0[Modulo: 885]" classname="serie2.ex1.CounterModuloTest" time="0.0"/>
  <testcase name="multi threaded decrement counter[Modulo: 885]" classname="serie2.ex1.CounterModuloTest" time="0.014"/>
  <testcase name="multi threaded increment counter[Modulo: 886]" classname="serie2.ex1.CounterModuloTest" time="0.013"/>
  <testcase name="single threaded increment and decrement counter[Modulo: 886]" classname="serie2.ex1.CounterModuloTest" time="0.0"/>
  <testcase name="single threaded decrement at 0 gives module - 1[Modulo: 886]" classname="serie2.ex1.CounterModuloTest" time="0.0"/>
  <testcase name="single threaded increment at module - 1 gives 0[Modulo: 886]" classname="serie2.ex1.CounterModuloTest" time="0.0"/>
  <testcase name="multi threaded decrement counter[Modulo: 886]" classname="serie2.ex1.CounterModuloTest" time="0.014"/>
  <testcase name="multi threaded increment counter[Modulo: 887]" classname="serie2.ex1.CounterModuloTest" time="0.014"/>
  <testcase name="single threaded increment and decrement counter[Modulo: 887]" classname="serie2.ex1.CounterModuloTest" time="0.001"/>
  <testcase name="single threaded decrement at 0 gives module - 1[Modulo: 887]" classname="serie2.ex1.CounterModuloTest" time="0.0"/>
  <testcase name="single threaded increment at module - 1 gives 0[Modulo: 887]" classname="serie2.ex1.CounterModuloTest" time="0.0"/>
  <testcase name="multi threaded decrement counter[Modulo: 887]" classname="serie2.ex1.CounterModuloTest" time="0.014"/>
  <testcase name="multi threaded increment counter[Modulo: 888]" classname="serie2.ex1.CounterModuloTest" time="0.012"/>
  <testcase name="single threaded increment and decrement counter[Modulo: 888]" classname="serie2.ex1.CounterModuloTest" time="0.001"/>
  <testcase name="single threaded decrement at 0 gives module - 1[Modulo: 888]" classname="serie2.ex1.CounterModuloTest" time="0.0"/>
  <testcase name="single threaded increment at module - 1 gives 0[Modulo: 888]" classname="serie2.ex1.CounterModuloTest" time="0.0"/>
  <testcase name="multi threaded decrement counter[Modulo: 888]" classname="serie2.ex1.CounterModuloTest" time="0.014"/>
  <testcase name="multi threaded increment counter[Modulo: 889]" classname="serie2.ex1.CounterModuloTest" time="0.016"/>
  <testcase name="single threaded increment and decrement counter[Modulo: 889]" classname="serie2.ex1.CounterModuloTest" time="0.001"/>
  <testcase name="single threaded decrement at 0 gives module - 1[Modulo: 889]" classname="serie2.ex1.CounterModuloTest" time="0.0"/>
  <testcase name="single threaded increment at module - 1 gives 0[Modulo: 889]" classname="serie2.ex1.CounterModuloTest" time="0.0"/>
  <testcase name="multi threaded decrement counter[Modulo: 889]" classname="serie2.ex1.CounterModuloTest" time="0.015"/>
  <testcase name="multi threaded increment counter[Modulo: 890]" classname="serie2.ex1.CounterModuloTest" time="0.016"/>
  <testcase name="single threaded increment and decrement counter[Modulo: 890]" classname="serie2.ex1.CounterModuloTest" time="0.0"/>
  <testcase name="single threaded decrement at 0 gives module - 1[Modulo: 890]" classname="serie2.ex1.CounterModuloTest" time="0.0"/>
  <testcase name="single threaded increment at module - 1 gives 0[Modulo: 890]" classname="serie2.ex1.CounterModuloTest" time="0.0"/>
  <testcase name="multi threaded decrement counter[Modulo: 890]" classname="serie2.ex1.CounterModuloTest" time="0.014"/>
  <testcase name="multi threaded increment counter[Modulo: 891]" classname="serie2.ex1.CounterModuloTest" time="0.015"/>
  <testcase name="single threaded increment and decrement counter[Modulo: 891]" classname="serie2.ex1.CounterModuloTest" time="0.0"/>
  <testcase name="single threaded decrement at 0 gives module - 1[Modulo: 891]" classname="serie2.ex1.CounterModuloTest" time="0.0"/>
  <testcase name="single threaded increment at module - 1 gives 0[Modulo: 891]" classname="serie2.ex1.CounterModuloTest" time="0.0"/>
  <testcase name="multi threaded decrement counter[Modulo: 891]" classname="serie2.ex1.CounterModuloTest" time="0.014"/>
  <testcase name="multi threaded increment counter[Modulo: 892]" classname="serie2.ex1.CounterModuloTest" time="0.014"/>
  <testcase name="single threaded increment and decrement counter[Modulo: 892]" classname="serie2.ex1.CounterModuloTest" time="0.0"/>
  <testcase name="single threaded decrement at 0 gives module - 1[Modulo: 892]" classname="serie2.ex1.CounterModuloTest" time="0.0"/>
  <testcase name="single threaded increment at module - 1 gives 0[Modulo: 892]" classname="serie2.ex1.CounterModuloTest" time="0.0"/>
  <testcase name="multi threaded decrement counter[Modulo: 892]" classname="serie2.ex1.CounterModuloTest" time="0.015"/>
  <testcase name="multi threaded increment counter[Modulo: 893]" classname="serie2.ex1.CounterModuloTest" time="0.014"/>
  <testcase name="single threaded increment and decrement counter[Modulo: 893]" classname="serie2.ex1.CounterModuloTest" time="0.001"/>
  <testcase name="single threaded decrement at 0 gives module - 1[Modulo: 893]" classname="serie2.ex1.CounterModuloTest" time="0.0"/>
  <testcase name="single threaded increment at module - 1 gives 0[Modulo: 893]" classname="serie2.ex1.CounterModuloTest" time="0.0"/>
  <testcase name="multi threaded decrement counter[Modulo: 893]" classname="serie2.ex1.CounterModuloTest" time="0.013"/>
  <testcase name="multi threaded increment counter[Modulo: 894]" classname="serie2.ex1.CounterModuloTest" time="0.013"/>
  <testcase name="single threaded increment and decrement counter[Modulo: 894]" classname="serie2.ex1.CounterModuloTest" time="0.001"/>
  <testcase name="single threaded decrement at 0 gives module - 1[Modulo: 894]" classname="serie2.ex1.CounterModuloTest" time="0.0"/>
  <testcase name="single threaded increment at module - 1 gives 0[Modulo: 894]" classname="serie2.ex1.CounterModuloTest" time="0.0"/>
  <testcase name="multi threaded decrement counter[Modulo: 894]" classname="serie2.ex1.CounterModuloTest" time="0.013"/>
  <testcase name="multi threaded increment counter[Modulo: 895]" classname="serie2.ex1.CounterModuloTest" time="0.015"/>
  <testcase name="single threaded increment and decrement counter[Modulo: 895]" classname="serie2.ex1.CounterModuloTest" time="0.0"/>
  <testcase name="single threaded decrement at 0 gives module - 1[Modulo: 895]" classname="serie2.ex1.CounterModuloTest" time="0.0"/>
  <testcase name="single threaded increment at module - 1 gives 0[Modulo: 895]" classname="serie2.ex1.CounterModuloTest" time="0.0"/>
  <testcase name="multi threaded decrement counter[Modulo: 895]" classname="serie2.ex1.CounterModuloTest" time="0.013"/>
  <testcase name="multi threaded increment counter[Modulo: 896]" classname="serie2.ex1.CounterModuloTest" time="0.014"/>
  <testcase name="single threaded increment and decrement counter[Modulo: 896]" classname="serie2.ex1.CounterModuloTest" time="0.0"/>
  <testcase name="single threaded decrement at 0 gives module - 1[Modulo: 896]" classname="serie2.ex1.CounterModuloTest" time="0.0"/>
  <testcase name="single threaded increment at module - 1 gives 0[Modulo: 896]" classname="serie2.ex1.CounterModuloTest" time="0.0"/>
  <testcase name="multi threaded decrement counter[Modulo: 896]" classname="serie2.ex1.CounterModuloTest" time="0.015"/>
  <testcase name="multi threaded increment counter[Modulo: 897]" classname="serie2.ex1.CounterModuloTest" time="0.016"/>
  <testcase name="single threaded increment and decrement counter[Modulo: 897]" classname="serie2.ex1.CounterModuloTest" time="0.001"/>
  <testcase name="single threaded decrement at 0 gives module - 1[Modulo: 897]" classname="serie2.ex1.CounterModuloTest" time="0.0"/>
  <testcase name="single threaded increment at module - 1 gives 0[Modulo: 897]" classname="serie2.ex1.CounterModuloTest" time="0.0"/>
  <testcase name="multi threaded decrement counter[Modulo: 897]" classname="serie2.ex1.CounterModuloTest" time="0.014"/>
  <testcase name="multi threaded increment counter[Modulo: 898]" classname="serie2.ex1.CounterModuloTest" time="0.015"/>
  <testcase name="single threaded increment and decrement counter[Modulo: 898]" classname="serie2.ex1.CounterModuloTest" time="0.0"/>
  <testcase name="single threaded decrement at 0 gives module - 1[Modulo: 898]" classname="serie2.ex1.CounterModuloTest" time="0.0"/>
  <testcase name="single threaded increment at module - 1 gives 0[Modulo: 898]" classname="serie2.ex1.CounterModuloTest" time="0.0"/>
  <testcase name="multi threaded decrement counter[Modulo: 898]" classname="serie2.ex1.CounterModuloTest" time="0.014"/>
  <testcase name="multi threaded increment counter[Modulo: 899]" classname="serie2.ex1.CounterModuloTest" time="0.013"/>
  <testcase name="single threaded increment and decrement counter[Modulo: 899]" classname="serie2.ex1.CounterModuloTest" time="0.001"/>
  <testcase name="single threaded decrement at 0 gives module - 1[Modulo: 899]" classname="serie2.ex1.CounterModuloTest" time="0.0"/>
  <testcase name="single threaded increment at module - 1 gives 0[Modulo: 899]" classname="serie2.ex1.CounterModuloTest" time="0.0"/>
  <testcase name="multi threaded decrement counter[Modulo: 899]" classname="serie2.ex1.CounterModuloTest" time="0.013"/>
  <testcase name="multi threaded increment counter[Modulo: 900]" classname="serie2.ex1.CounterModuloTest" time="0.015"/>
  <testcase name="single threaded increment and decrement counter[Modulo: 900]" classname="serie2.ex1.CounterModuloTest" time="0.0"/>
  <testcase name="single threaded decrement at 0 gives module - 1[Modulo: 900]" classname="serie2.ex1.CounterModuloTest" time="0.001"/>
  <testcase name="single threaded increment at module - 1 gives 0[Modulo: 900]" classname="serie2.ex1.CounterModuloTest" time="0.0"/>
  <testcase name="multi threaded decrement counter[Modulo: 900]" classname="serie2.ex1.CounterModuloTest" time="0.015"/>
  <testcase name="multi threaded increment counter[Modulo: 901]" classname="serie2.ex1.CounterModuloTest" time="0.02"/>
  <testcase name="single threaded increment and decrement counter[Modulo: 901]" classname="serie2.ex1.CounterModuloTest" time="0.001"/>
  <testcase name="single threaded decrement at 0 gives module - 1[Modulo: 901]" classname="serie2.ex1.CounterModuloTest" time="0.0"/>
  <testcase name="single threaded increment at module - 1 gives 0[Modulo: 901]" classname="serie2.ex1.CounterModuloTest" time="0.0"/>
  <testcase name="multi threaded decrement counter[Modulo: 901]" classname="serie2.ex1.CounterModuloTest" time="0.019"/>
  <testcase name="multi threaded increment counter[Modulo: 902]" classname="serie2.ex1.CounterModuloTest" time="0.015"/>
  <testcase name="single threaded increment and decrement counter[Modulo: 902]" classname="serie2.ex1.CounterModuloTest" time="0.001"/>
  <testcase name="single threaded decrement at 0 gives module - 1[Modulo: 902]" classname="serie2.ex1.CounterModuloTest" time="0.0"/>
  <testcase name="single threaded increment at module - 1 gives 0[Modulo: 902]" classname="serie2.ex1.CounterModuloTest" time="0.0"/>
  <testcase name="multi threaded decrement counter[Modulo: 902]" classname="serie2.ex1.CounterModuloTest" time="0.015"/>
  <testcase name="multi threaded increment counter[Modulo: 903]" classname="serie2.ex1.CounterModuloTest" time="0.047"/>
  <testcase name="single threaded increment and decrement counter[Modulo: 903]" classname="serie2.ex1.CounterModuloTest" time="0.0"/>
  <testcase name="single threaded decrement at 0 gives module - 1[Modulo: 903]" classname="serie2.ex1.CounterModuloTest" time="0.0"/>
  <testcase name="single threaded increment at module - 1 gives 0[Modulo: 903]" classname="serie2.ex1.CounterModuloTest" time="0.0"/>
  <testcase name="multi threaded decrement counter[Modulo: 903]" classname="serie2.ex1.CounterModuloTest" time="0.013"/>
  <testcase name="multi threaded increment counter[Modulo: 904]" classname="serie2.ex1.CounterModuloTest" time="0.014"/>
  <testcase name="single threaded increment and decrement counter[Modulo: 904]" classname="serie2.ex1.CounterModuloTest" time="0.001"/>
  <testcase name="single threaded decrement at 0 gives module - 1[Modulo: 904]" classname="serie2.ex1.CounterModuloTest" time="0.0"/>
  <testcase name="single threaded increment at module - 1 gives 0[Modulo: 904]" classname="serie2.ex1.CounterModuloTest" time="0.0"/>
  <testcase name="multi threaded decrement counter[Modulo: 904]" classname="serie2.ex1.CounterModuloTest" time="0.018"/>
  <testcase name="multi threaded increment counter[Modulo: 905]" classname="serie2.ex1.CounterModuloTest" time="0.016"/>
  <testcase name="single threaded increment and decrement counter[Modulo: 905]" classname="serie2.ex1.CounterModuloTest" time="0.001"/>
  <testcase name="single threaded decrement at 0 gives module - 1[Modulo: 905]" classname="serie2.ex1.CounterModuloTest" time="0.0"/>
  <testcase name="single threaded increment at module - 1 gives 0[Modulo: 905]" classname="serie2.ex1.CounterModuloTest" time="0.0"/>
  <testcase name="multi threaded decrement counter[Modulo: 905]" classname="serie2.ex1.CounterModuloTest" time="0.017"/>
  <testcase name="multi threaded increment counter[Modulo: 906]" classname="serie2.ex1.CounterModuloTest" time="0.014"/>
  <testcase name="single threaded increment and decrement counter[Modulo: 906]" classname="serie2.ex1.CounterModuloTest" time="0.0"/>
  <testcase name="single threaded decrement at 0 gives module - 1[Modulo: 906]" classname="serie2.ex1.CounterModuloTest" time="0.0"/>
  <testcase name="single threaded increment at module - 1 gives 0[Modulo: 906]" classname="serie2.ex1.CounterModuloTest" time="0.0"/>
  <testcase name="multi threaded decrement counter[Modulo: 906]" classname="serie2.ex1.CounterModuloTest" time="0.015"/>
  <testcase name="multi threaded increment counter[Modulo: 907]" classname="serie2.ex1.CounterModuloTest" time="0.013"/>
  <testcase name="single threaded increment and decrement counter[Modulo: 907]" classname="serie2.ex1.CounterModuloTest" time="0.001"/>
  <testcase name="single threaded decrement at 0 gives module - 1[Modulo: 907]" classname="serie2.ex1.CounterModuloTest" time="0.0"/>
  <testcase name="single threaded increment at module - 1 gives 0[Modulo: 907]" classname="serie2.ex1.CounterModuloTest" time="0.0"/>
  <testcase name="multi threaded decrement counter[Modulo: 907]" classname="serie2.ex1.CounterModuloTest" time="0.014"/>
  <testcase name="multi threaded increment counter[Modulo: 908]" classname="serie2.ex1.CounterModuloTest" time="0.013"/>
  <testcase name="single threaded increment and decrement counter[Modulo: 908]" classname="serie2.ex1.CounterModuloTest" time="0.0"/>
  <testcase name="single threaded decrement at 0 gives module - 1[Modulo: 908]" classname="serie2.ex1.CounterModuloTest" time="0.0"/>
  <testcase name="single threaded increment at module - 1 gives 0[Modulo: 908]" classname="serie2.ex1.CounterModuloTest" time="0.0"/>
  <testcase name="multi threaded decrement counter[Modulo: 908]" classname="serie2.ex1.CounterModuloTest" time="0.014"/>
  <testcase name="multi threaded increment counter[Modulo: 909]" classname="serie2.ex1.CounterModuloTest" time="0.015"/>
  <testcase name="single threaded increment and decrement counter[Modulo: 909]" classname="serie2.ex1.CounterModuloTest" time="0.001"/>
  <testcase name="single threaded decrement at 0 gives module - 1[Modulo: 909]" classname="serie2.ex1.CounterModuloTest" time="0.0"/>
  <testcase name="single threaded increment at module - 1 gives 0[Modulo: 909]" classname="serie2.ex1.CounterModuloTest" time="0.0"/>
  <testcase name="multi threaded decrement counter[Modulo: 909]" classname="serie2.ex1.CounterModuloTest" time="0.011"/>
  <testcase name="multi threaded increment counter[Modulo: 910]" classname="serie2.ex1.CounterModuloTest" time="0.015"/>
  <testcase name="single threaded increment and decrement counter[Modulo: 910]" classname="serie2.ex1.CounterModuloTest" time="0.001"/>
  <testcase name="single threaded decrement at 0 gives module - 1[Modulo: 910]" classname="serie2.ex1.CounterModuloTest" time="0.0"/>
  <testcase name="single threaded increment at module - 1 gives 0[Modulo: 910]" classname="serie2.ex1.CounterModuloTest" time="0.0"/>
  <testcase name="multi threaded decrement counter[Modulo: 910]" classname="serie2.ex1.CounterModuloTest" time="0.011"/>
  <testcase name="multi threaded increment counter[Modulo: 911]" classname="serie2.ex1.CounterModuloTest" time="0.015"/>
  <testcase name="single threaded increment and decrement counter[Modulo: 911]" classname="serie2.ex1.CounterModuloTest" time="0.001"/>
  <testcase name="single threaded decrement at 0 gives module - 1[Modulo: 911]" classname="serie2.ex1.CounterModuloTest" time="0.0"/>
  <testcase name="single threaded increment at module - 1 gives 0[Modulo: 911]" classname="serie2.ex1.CounterModuloTest" time="0.0"/>
  <testcase name="multi threaded decrement counter[Modulo: 911]" classname="serie2.ex1.CounterModuloTest" time="0.015"/>
  <testcase name="multi threaded increment counter[Modulo: 912]" classname="serie2.ex1.CounterModuloTest" time="0.013"/>
  <testcase name="single threaded increment and decrement counter[Modulo: 912]" classname="serie2.ex1.CounterModuloTest" time="0.001"/>
  <testcase name="single threaded decrement at 0 gives module - 1[Modulo: 912]" classname="serie2.ex1.CounterModuloTest" time="0.0"/>
  <testcase name="single threaded increment at module - 1 gives 0[Modulo: 912]" classname="serie2.ex1.CounterModuloTest" time="0.0"/>
  <testcase name="multi threaded decrement counter[Modulo: 912]" classname="serie2.ex1.CounterModuloTest" time="0.013"/>
  <testcase name="multi threaded increment counter[Modulo: 913]" classname="serie2.ex1.CounterModuloTest" time="0.013"/>
  <testcase name="single threaded increment and decrement counter[Modulo: 913]" classname="serie2.ex1.CounterModuloTest" time="0.001"/>
  <testcase name="single threaded decrement at 0 gives module - 1[Modulo: 913]" classname="serie2.ex1.CounterModuloTest" time="0.0"/>
  <testcase name="single threaded increment at module - 1 gives 0[Modulo: 913]" classname="serie2.ex1.CounterModuloTest" time="0.0"/>
  <testcase name="multi threaded decrement counter[Modulo: 913]" classname="serie2.ex1.CounterModuloTest" time="0.015"/>
  <testcase name="multi threaded increment counter[Modulo: 914]" classname="serie2.ex1.CounterModuloTest" time="0.015"/>
  <testcase name="single threaded increment and decrement counter[Modulo: 914]" classname="serie2.ex1.CounterModuloTest" time="0.001"/>
  <testcase name="single threaded decrement at 0 gives module - 1[Modulo: 914]" classname="serie2.ex1.CounterModuloTest" time="0.0"/>
  <testcase name="single threaded increment at module - 1 gives 0[Modulo: 914]" classname="serie2.ex1.CounterModuloTest" time="0.0"/>
  <testcase name="multi threaded decrement counter[Modulo: 914]" classname="serie2.ex1.CounterModuloTest" time="0.012"/>
  <testcase name="multi threaded increment counter[Modulo: 915]" classname="serie2.ex1.CounterModuloTest" time="0.014"/>
  <testcase name="single threaded increment and decrement counter[Modulo: 915]" classname="serie2.ex1.CounterModuloTest" time="0.001"/>
  <testcase name="single threaded decrement at 0 gives module - 1[Modulo: 915]" classname="serie2.ex1.CounterModuloTest" time="0.0"/>
  <testcase name="single threaded increment at module - 1 gives 0[Modulo: 915]" classname="serie2.ex1.CounterModuloTest" time="0.0"/>
  <testcase name="multi threaded decrement counter[Modulo: 915]" classname="serie2.ex1.CounterModuloTest" time="0.013"/>
  <testcase name="multi threaded increment counter[Modulo: 916]" classname="serie2.ex1.CounterModuloTest" time="0.015"/>
  <testcase name="single threaded increment and decrement counter[Modulo: 916]" classname="serie2.ex1.CounterModuloTest" time="0.0"/>
  <testcase name="single threaded decrement at 0 gives module - 1[Modulo: 916]" classname="serie2.ex1.CounterModuloTest" time="0.0"/>
  <testcase name="single threaded increment at module - 1 gives 0[Modulo: 916]" classname="serie2.ex1.CounterModuloTest" time="0.0"/>
  <testcase name="multi threaded decrement counter[Modulo: 916]" classname="serie2.ex1.CounterModuloTest" time="0.011"/>
  <testcase name="multi threaded increment counter[Modulo: 917]" classname="serie2.ex1.CounterModuloTest" time="0.012"/>
  <testcase name="single threaded increment and decrement counter[Modulo: 917]" classname="serie2.ex1.CounterModuloTest" time="0.001"/>
  <testcase name="single threaded decrement at 0 gives module - 1[Modulo: 917]" classname="serie2.ex1.CounterModuloTest" time="0.0"/>
  <testcase name="single threaded increment at module - 1 gives 0[Modulo: 917]" classname="serie2.ex1.CounterModuloTest" time="0.0"/>
  <testcase name="multi threaded decrement counter[Modulo: 917]" classname="serie2.ex1.CounterModuloTest" time="0.013"/>
  <testcase name="multi threaded increment counter[Modulo: 918]" classname="serie2.ex1.CounterModuloTest" time="0.016"/>
  <testcase name="single threaded increment and decrement counter[Modulo: 918]" classname="serie2.ex1.CounterModuloTest" time="0.0"/>
  <testcase name="single threaded decrement at 0 gives module - 1[Modulo: 918]" classname="serie2.ex1.CounterModuloTest" time="0.0"/>
  <testcase name="single threaded increment at module - 1 gives 0[Modulo: 918]" classname="serie2.ex1.CounterModuloTest" time="0.0"/>
  <testcase name="multi threaded decrement counter[Modulo: 918]" classname="serie2.ex1.CounterModuloTest" time="0.013"/>
  <testcase name="multi threaded increment counter[Modulo: 919]" classname="serie2.ex1.CounterModuloTest" time="0.011"/>
  <testcase name="single threaded increment and decrement counter[Modulo: 919]" classname="serie2.ex1.CounterModuloTest" time="0.0"/>
  <testcase name="single threaded decrement at 0 gives module - 1[Modulo: 919]" classname="serie2.ex1.CounterModuloTest" time="0.0"/>
  <testcase name="single threaded increment at module - 1 gives 0[Modulo: 919]" classname="serie2.ex1.CounterModuloTest" time="0.0"/>
  <testcase name="multi threaded decrement counter[Modulo: 919]" classname="serie2.ex1.CounterModuloTest" time="0.012"/>
  <testcase name="multi threaded increment counter[Modulo: 920]" classname="serie2.ex1.CounterModuloTest" time="0.012"/>
  <testcase name="single threaded increment and decrement counter[Modulo: 920]" classname="serie2.ex1.CounterModuloTest" time="0.001"/>
  <testcase name="single threaded decrement at 0 gives module - 1[Modulo: 920]" classname="serie2.ex1.CounterModuloTest" time="0.0"/>
  <testcase name="single threaded increment at module - 1 gives 0[Modulo: 920]" classname="serie2.ex1.CounterModuloTest" time="0.0"/>
  <testcase name="multi threaded decrement counter[Modulo: 920]" classname="serie2.ex1.CounterModuloTest" time="0.01"/>
  <testcase name="multi threaded increment counter[Modulo: 921]" classname="serie2.ex1.CounterModuloTest" time="0.014"/>
  <testcase name="single threaded increment and decrement counter[Modulo: 921]" classname="serie2.ex1.CounterModuloTest" time="0.0"/>
  <testcase name="single threaded decrement at 0 gives module - 1[Modulo: 921]" classname="serie2.ex1.CounterModuloTest" time="0.0"/>
  <testcase name="single threaded increment at module - 1 gives 0[Modulo: 921]" classname="serie2.ex1.CounterModuloTest" time="0.0"/>
  <testcase name="multi threaded decrement counter[Modulo: 921]" classname="serie2.ex1.CounterModuloTest" time="0.013"/>
  <testcase name="multi threaded increment counter[Modulo: 922]" classname="serie2.ex1.CounterModuloTest" time="0.011"/>
  <testcase name="single threaded increment and decrement counter[Modulo: 922]" classname="serie2.ex1.CounterModuloTest" time="0.0"/>
  <testcase name="single threaded decrement at 0 gives module - 1[Modulo: 922]" classname="serie2.ex1.CounterModuloTest" time="0.0"/>
  <testcase name="single threaded increment at module - 1 gives 0[Modulo: 922]" classname="serie2.ex1.CounterModuloTest" time="0.0"/>
  <testcase name="multi threaded decrement counter[Modulo: 922]" classname="serie2.ex1.CounterModuloTest" time="0.012"/>
  <testcase name="multi threaded increment counter[Modulo: 923]" classname="serie2.ex1.CounterModuloTest" time="0.012"/>
  <testcase name="single threaded increment and decrement counter[Modulo: 923]" classname="serie2.ex1.CounterModuloTest" time="0.0"/>
  <testcase name="single threaded decrement at 0 gives module - 1[Modulo: 923]" classname="serie2.ex1.CounterModuloTest" time="0.0"/>
  <testcase name="single threaded increment at module - 1 gives 0[Modulo: 923]" classname="serie2.ex1.CounterModuloTest" time="0.0"/>
  <testcase name="multi threaded decrement counter[Modulo: 923]" classname="serie2.ex1.CounterModuloTest" time="0.012"/>
  <testcase name="multi threaded increment counter[Modulo: 924]" classname="serie2.ex1.CounterModuloTest" time="0.012"/>
  <testcase name="single threaded increment and decrement counter[Modulo: 924]" classname="serie2.ex1.CounterModuloTest" time="0.0"/>
  <testcase name="single threaded decrement at 0 gives module - 1[Modulo: 924]" classname="serie2.ex1.CounterModuloTest" time="0.0"/>
  <testcase name="single threaded increment at module - 1 gives 0[Modulo: 924]" classname="serie2.ex1.CounterModuloTest" time="0.001"/>
  <testcase name="multi threaded decrement counter[Modulo: 924]" classname="serie2.ex1.CounterModuloTest" time="0.011"/>
  <testcase name="multi threaded increment counter[Modulo: 925]" classname="serie2.ex1.CounterModuloTest" time="0.011"/>
  <testcase name="single threaded increment and decrement counter[Modulo: 925]" classname="serie2.ex1.CounterModuloTest" time="0.001"/>
  <testcase name="single threaded decrement at 0 gives module - 1[Modulo: 925]" classname="serie2.ex1.CounterModuloTest" time="0.0"/>
  <testcase name="single threaded increment at module - 1 gives 0[Modulo: 925]" classname="serie2.ex1.CounterModuloTest" time="0.0"/>
  <testcase name="multi threaded decrement counter[Modulo: 925]" classname="serie2.ex1.CounterModuloTest" time="0.019"/>
  <testcase name="multi threaded increment counter[Modulo: 926]" classname="serie2.ex1.CounterModuloTest" time="0.015"/>
  <testcase name="single threaded increment and decrement counter[Modulo: 926]" classname="serie2.ex1.CounterModuloTest" time="0.001"/>
  <testcase name="single threaded decrement at 0 gives module - 1[Modulo: 926]" classname="serie2.ex1.CounterModuloTest" time="0.0"/>
  <testcase name="single threaded increment at module - 1 gives 0[Modulo: 926]" classname="serie2.ex1.CounterModuloTest" time="0.0"/>
  <testcase name="multi threaded decrement counter[Modulo: 926]" classname="serie2.ex1.CounterModuloTest" time="0.013"/>
  <testcase name="multi threaded increment counter[Modulo: 927]" classname="serie2.ex1.CounterModuloTest" time="0.012"/>
  <testcase name="single threaded increment and decrement counter[Modulo: 927]" classname="serie2.ex1.CounterModuloTest" time="0.001"/>
  <testcase name="single threaded decrement at 0 gives module - 1[Modulo: 927]" classname="serie2.ex1.CounterModuloTest" time="0.0"/>
  <testcase name="single threaded increment at module - 1 gives 0[Modulo: 927]" classname="serie2.ex1.CounterModuloTest" time="0.0"/>
  <testcase name="multi threaded decrement counter[Modulo: 927]" classname="serie2.ex1.CounterModuloTest" time="0.011"/>
  <testcase name="multi threaded increment counter[Modulo: 928]" classname="serie2.ex1.CounterModuloTest" time="0.012"/>
  <testcase name="single threaded increment and decrement counter[Modulo: 928]" classname="serie2.ex1.CounterModuloTest" time="0.001"/>
  <testcase name="single threaded decrement at 0 gives module - 1[Modulo: 928]" classname="serie2.ex1.CounterModuloTest" time="0.0"/>
  <testcase name="single threaded increment at module - 1 gives 0[Modulo: 928]" classname="serie2.ex1.CounterModuloTest" time="0.0"/>
  <testcase name="multi threaded decrement counter[Modulo: 928]" classname="serie2.ex1.CounterModuloTest" time="0.011"/>
  <testcase name="multi threaded increment counter[Modulo: 929]" classname="serie2.ex1.CounterModuloTest" time="0.012"/>
  <testcase name="single threaded increment and decrement counter[Modulo: 929]" classname="serie2.ex1.CounterModuloTest" time="0.001"/>
  <testcase name="single threaded decrement at 0 gives module - 1[Modulo: 929]" classname="serie2.ex1.CounterModuloTest" time="0.0"/>
  <testcase name="single threaded increment at module - 1 gives 0[Modulo: 929]" classname="serie2.ex1.CounterModuloTest" time="0.0"/>
  <testcase name="multi threaded decrement counter[Modulo: 929]" classname="serie2.ex1.CounterModuloTest" time="0.012"/>
  <testcase name="multi threaded increment counter[Modulo: 930]" classname="serie2.ex1.CounterModuloTest" time="0.017"/>
  <testcase name="single threaded increment and decrement counter[Modulo: 930]" classname="serie2.ex1.CounterModuloTest" time="0.001"/>
  <testcase name="single threaded decrement at 0 gives module - 1[Modulo: 930]" classname="serie2.ex1.CounterModuloTest" time="0.0"/>
  <testcase name="single threaded increment at module - 1 gives 0[Modulo: 930]" classname="serie2.ex1.CounterModuloTest" time="0.0"/>
  <testcase name="multi threaded decrement counter[Modulo: 930]" classname="serie2.ex1.CounterModuloTest" time="0.015"/>
  <testcase name="multi threaded increment counter[Modulo: 931]" classname="serie2.ex1.CounterModuloTest" time="0.011"/>
  <testcase name="single threaded increment and decrement counter[Modulo: 931]" classname="serie2.ex1.CounterModuloTest" time="0.0"/>
  <testcase name="single threaded decrement at 0 gives module - 1[Modulo: 931]" classname="serie2.ex1.CounterModuloTest" time="0.0"/>
  <testcase name="single threaded increment at module - 1 gives 0[Modulo: 931]" classname="serie2.ex1.CounterModuloTest" time="0.0"/>
  <testcase name="multi threaded decrement counter[Modulo: 931]" classname="serie2.ex1.CounterModuloTest" time="0.012"/>
  <testcase name="multi threaded increment counter[Modulo: 932]" classname="serie2.ex1.CounterModuloTest" time="0.012"/>
  <testcase name="single threaded increment and decrement counter[Modulo: 932]" classname="serie2.ex1.CounterModuloTest" time="0.0"/>
  <testcase name="single threaded decrement at 0 gives module - 1[Modulo: 932]" classname="serie2.ex1.CounterModuloTest" time="0.0"/>
  <testcase name="single threaded increment at module - 1 gives 0[Modulo: 932]" classname="serie2.ex1.CounterModuloTest" time="0.0"/>
  <testcase name="multi threaded decrement counter[Modulo: 932]" classname="serie2.ex1.CounterModuloTest" time="0.012"/>
  <testcase name="multi threaded increment counter[Modulo: 933]" classname="serie2.ex1.CounterModuloTest" time="0.01"/>
  <testcase name="single threaded increment and decrement counter[Modulo: 933]" classname="serie2.ex1.CounterModuloTest" time="0.001"/>
  <testcase name="single threaded decrement at 0 gives module - 1[Modulo: 933]" classname="serie2.ex1.CounterModuloTest" time="0.0"/>
  <testcase name="single threaded increment at module - 1 gives 0[Modulo: 933]" classname="serie2.ex1.CounterModuloTest" time="0.0"/>
  <testcase name="multi threaded decrement counter[Modulo: 933]" classname="serie2.ex1.CounterModuloTest" time="0.011"/>
  <testcase name="multi threaded increment counter[Modulo: 934]" classname="serie2.ex1.CounterModuloTest" time="0.012"/>
  <testcase name="single threaded increment and decrement counter[Modulo: 934]" classname="serie2.ex1.CounterModuloTest" time="0.0"/>
  <testcase name="single threaded decrement at 0 gives module - 1[Modulo: 934]" classname="serie2.ex1.CounterModuloTest" time="0.0"/>
  <testcase name="single threaded increment at module - 1 gives 0[Modulo: 934]" classname="serie2.ex1.CounterModuloTest" time="0.0"/>
  <testcase name="multi threaded decrement counter[Modulo: 934]" classname="serie2.ex1.CounterModuloTest" time="0.013"/>
  <testcase name="multi threaded increment counter[Modulo: 935]" classname="serie2.ex1.CounterModuloTest" time="0.012"/>
  <testcase name="single threaded increment and decrement counter[Modulo: 935]" classname="serie2.ex1.CounterModuloTest" time="0.001"/>
  <testcase name="single threaded decrement at 0 gives module - 1[Modulo: 935]" classname="serie2.ex1.CounterModuloTest" time="0.0"/>
  <testcase name="single threaded increment at module - 1 gives 0[Modulo: 935]" classname="serie2.ex1.CounterModuloTest" time="0.0"/>
  <testcase name="multi threaded decrement counter[Modulo: 935]" classname="serie2.ex1.CounterModuloTest" time="0.016"/>
  <testcase name="multi threaded increment counter[Modulo: 936]" classname="serie2.ex1.CounterModuloTest" time="0.011"/>
  <testcase name="single threaded increment and decrement counter[Modulo: 936]" classname="serie2.ex1.CounterModuloTest" time="0.0"/>
  <testcase name="single threaded decrement at 0 gives module - 1[Modulo: 936]" classname="serie2.ex1.CounterModuloTest" time="0.0"/>
  <testcase name="single threaded increment at module - 1 gives 0[Modulo: 936]" classname="serie2.ex1.CounterModuloTest" time="0.0"/>
  <testcase name="multi threaded decrement counter[Modulo: 936]" classname="serie2.ex1.CounterModuloTest" time="0.012"/>
  <testcase name="multi threaded increment counter[Modulo: 937]" classname="serie2.ex1.CounterModuloTest" time="0.012"/>
  <testcase name="single threaded increment and decrement counter[Modulo: 937]" classname="serie2.ex1.CounterModuloTest" time="0.0"/>
  <testcase name="single threaded decrement at 0 gives module - 1[Modulo: 937]" classname="serie2.ex1.CounterModuloTest" time="0.0"/>
  <testcase name="single threaded increment at module - 1 gives 0[Modulo: 937]" classname="serie2.ex1.CounterModuloTest" time="0.0"/>
  <testcase name="multi threaded decrement counter[Modulo: 937]" classname="serie2.ex1.CounterModuloTest" time="0.012"/>
  <testcase name="multi threaded increment counter[Modulo: 938]" classname="serie2.ex1.CounterModuloTest" time="0.012"/>
  <testcase name="single threaded increment and decrement counter[Modulo: 938]" classname="serie2.ex1.CounterModuloTest" time="0.0"/>
  <testcase name="single threaded decrement at 0 gives module - 1[Modulo: 938]" classname="serie2.ex1.CounterModuloTest" time="0.0"/>
  <testcase name="single threaded increment at module - 1 gives 0[Modulo: 938]" classname="serie2.ex1.CounterModuloTest" time="0.0"/>
  <testcase name="multi threaded decrement counter[Modulo: 938]" classname="serie2.ex1.CounterModuloTest" time="0.012"/>
  <testcase name="multi threaded increment counter[Modulo: 939]" classname="serie2.ex1.CounterModuloTest" time="0.012"/>
  <testcase name="single threaded increment and decrement counter[Modulo: 939]" classname="serie2.ex1.CounterModuloTest" time="0.001"/>
  <testcase name="single threaded decrement at 0 gives module - 1[Modulo: 939]" classname="serie2.ex1.CounterModuloTest" time="0.0"/>
  <testcase name="single threaded increment at module - 1 gives 0[Modulo: 939]" classname="serie2.ex1.CounterModuloTest" time="0.0"/>
  <testcase name="multi threaded decrement counter[Modulo: 939]" classname="serie2.ex1.CounterModuloTest" time="0.011"/>
  <testcase name="multi threaded increment counter[Modulo: 940]" classname="serie2.ex1.CounterModuloTest" time="0.012"/>
  <testcase name="single threaded increment and decrement counter[Modulo: 940]" classname="serie2.ex1.CounterModuloTest" time="0.0"/>
  <testcase name="single threaded decrement at 0 gives module - 1[Modulo: 940]" classname="serie2.ex1.CounterModuloTest" time="0.0"/>
  <testcase name="single threaded increment at module - 1 gives 0[Modulo: 940]" classname="serie2.ex1.CounterModuloTest" time="0.0"/>
  <testcase name="multi threaded decrement counter[Modulo: 940]" classname="serie2.ex1.CounterModuloTest" time="0.012"/>
  <testcase name="multi threaded increment counter[Modulo: 941]" classname="serie2.ex1.CounterModuloTest" time="0.012"/>
  <testcase name="single threaded increment and decrement counter[Modulo: 941]" classname="serie2.ex1.CounterModuloTest" time="0.0"/>
  <testcase name="single threaded decrement at 0 gives module - 1[Modulo: 941]" classname="serie2.ex1.CounterModuloTest" time="0.0"/>
  <testcase name="single threaded increment at module - 1 gives 0[Modulo: 941]" classname="serie2.ex1.CounterModuloTest" time="0.0"/>
  <testcase name="multi threaded decrement counter[Modulo: 941]" classname="serie2.ex1.CounterModuloTest" time="0.011"/>
  <testcase name="multi threaded increment counter[Modulo: 942]" classname="serie2.ex1.CounterModuloTest" time="0.012"/>
  <testcase name="single threaded increment and decrement counter[Modulo: 942]" classname="serie2.ex1.CounterModuloTest" time="0.0"/>
  <testcase name="single threaded decrement at 0 gives module - 1[Modulo: 942]" classname="serie2.ex1.CounterModuloTest" time="0.0"/>
  <testcase name="single threaded increment at module - 1 gives 0[Modulo: 942]" classname="serie2.ex1.CounterModuloTest" time="0.0"/>
  <testcase name="multi threaded decrement counter[Modulo: 942]" classname="serie2.ex1.CounterModuloTest" time="0.012"/>
  <testcase name="multi threaded increment counter[Modulo: 943]" classname="serie2.ex1.CounterModuloTest" time="0.012"/>
  <testcase name="single threaded increment and decrement counter[Modulo: 943]" classname="serie2.ex1.CounterModuloTest" time="0.001"/>
  <testcase name="single threaded decrement at 0 gives module - 1[Modulo: 943]" classname="serie2.ex1.CounterModuloTest" time="0.0"/>
  <testcase name="single threaded increment at module - 1 gives 0[Modulo: 943]" classname="serie2.ex1.CounterModuloTest" time="0.0"/>
  <testcase name="multi threaded decrement counter[Modulo: 943]" classname="serie2.ex1.CounterModuloTest" time="0.012"/>
  <testcase name="multi threaded increment counter[Modulo: 944]" classname="serie2.ex1.CounterModuloTest" time="0.012"/>
  <testcase name="single threaded increment and decrement counter[Modulo: 944]" classname="serie2.ex1.CounterModuloTest" time="0.001"/>
  <testcase name="single threaded decrement at 0 gives module - 1[Modulo: 944]" classname="serie2.ex1.CounterModuloTest" time="0.0"/>
  <testcase name="single threaded increment at module - 1 gives 0[Modulo: 944]" classname="serie2.ex1.CounterModuloTest" time="0.0"/>
  <testcase name="multi threaded decrement counter[Modulo: 944]" classname="serie2.ex1.CounterModuloTest" time="0.012"/>
  <testcase name="multi threaded increment counter[Modulo: 945]" classname="serie2.ex1.CounterModuloTest" time="0.012"/>
  <testcase name="single threaded increment and decrement counter[Modulo: 945]" classname="serie2.ex1.CounterModuloTest" time="0.001"/>
  <testcase name="single threaded decrement at 0 gives module - 1[Modulo: 945]" classname="serie2.ex1.CounterModuloTest" time="0.0"/>
  <testcase name="single threaded increment at module - 1 gives 0[Modulo: 945]" classname="serie2.ex1.CounterModuloTest" time="0.0"/>
  <testcase name="multi threaded decrement counter[Modulo: 945]" classname="serie2.ex1.CounterModuloTest" time="0.011"/>
  <testcase name="multi threaded increment counter[Modulo: 946]" classname="serie2.ex1.CounterModuloTest" time="0.012"/>
  <testcase name="single threaded increment and decrement counter[Modulo: 946]" classname="serie2.ex1.CounterModuloTest" time="0.0"/>
  <testcase name="single threaded decrement at 0 gives module - 1[Modulo: 946]" classname="serie2.ex1.CounterModuloTest" time="0.0"/>
  <testcase name="single threaded increment at module - 1 gives 0[Modulo: 946]" classname="serie2.ex1.CounterModuloTest" time="0.0"/>
  <testcase name="multi threaded decrement counter[Modulo: 946]" classname="serie2.ex1.CounterModuloTest" time="0.012"/>
  <testcase name="multi threaded increment counter[Modulo: 947]" classname="serie2.ex1.CounterModuloTest" time="0.012"/>
  <testcase name="single threaded increment and decrement counter[Modulo: 947]" classname="serie2.ex1.CounterModuloTest" time="0.0"/>
  <testcase name="single threaded decrement at 0 gives module - 1[Modulo: 947]" classname="serie2.ex1.CounterModuloTest" time="0.0"/>
  <testcase name="single threaded increment at module - 1 gives 0[Modulo: 947]" classname="serie2.ex1.CounterModuloTest" time="0.0"/>
  <testcase name="multi threaded decrement counter[Modulo: 947]" classname="serie2.ex1.CounterModuloTest" time="0.013"/>
  <testcase name="multi threaded increment counter[Modulo: 948]" classname="serie2.ex1.CounterModuloTest" time="0.013"/>
  <testcase name="single threaded increment and decrement counter[Modulo: 948]" classname="serie2.ex1.CounterModuloTest" time="0.0"/>
  <testcase name="single threaded decrement at 0 gives module - 1[Modulo: 948]" classname="serie2.ex1.CounterModuloTest" time="0.0"/>
  <testcase name="single threaded increment at module - 1 gives 0[Modulo: 948]" classname="serie2.ex1.CounterModuloTest" time="0.0"/>
  <testcase name="multi threaded decrement counter[Modulo: 948]" classname="serie2.ex1.CounterModuloTest" time="0.011"/>
  <testcase name="multi threaded increment counter[Modulo: 949]" classname="serie2.ex1.CounterModuloTest" time="0.011"/>
  <testcase name="single threaded increment and decrement counter[Modulo: 949]" classname="serie2.ex1.CounterModuloTest" time="0.0"/>
  <testcase name="single threaded decrement at 0 gives module - 1[Modulo: 949]" classname="serie2.ex1.CounterModuloTest" time="0.0"/>
  <testcase name="single threaded increment at module - 1 gives 0[Modulo: 949]" classname="serie2.ex1.CounterModuloTest" time="0.0"/>
  <testcase name="multi threaded decrement counter[Modulo: 949]" classname="serie2.ex1.CounterModuloTest" time="0.013"/>
  <testcase name="multi threaded increment counter[Modulo: 950]" classname="serie2.ex1.CounterModuloTest" time="0.011"/>
  <testcase name="single threaded increment and decrement counter[Modulo: 950]" classname="serie2.ex1.CounterModuloTest" time="0.0"/>
  <testcase name="single threaded decrement at 0 gives module - 1[Modulo: 950]" classname="serie2.ex1.CounterModuloTest" time="0.0"/>
  <testcase name="single threaded increment at module - 1 gives 0[Modulo: 950]" classname="serie2.ex1.CounterModuloTest" time="0.0"/>
  <testcase name="multi threaded decrement counter[Modulo: 950]" classname="serie2.ex1.CounterModuloTest" time="0.012"/>
  <testcase name="multi threaded increment counter[Modulo: 951]" classname="serie2.ex1.CounterModuloTest" time="0.013"/>
  <testcase name="single threaded increment and decrement counter[Modulo: 951]" classname="serie2.ex1.CounterModuloTest" time="0.0"/>
  <testcase name="single threaded decrement at 0 gives module - 1[Modulo: 951]" classname="serie2.ex1.CounterModuloTest" time="0.0"/>
  <testcase name="single threaded increment at module - 1 gives 0[Modulo: 951]" classname="serie2.ex1.CounterModuloTest" time="0.0"/>
  <testcase name="multi threaded decrement counter[Modulo: 951]" classname="serie2.ex1.CounterModuloTest" time="0.011"/>
  <testcase name="multi threaded increment counter[Modulo: 952]" classname="serie2.ex1.CounterModuloTest" time="0.012"/>
  <testcase name="single threaded increment and decrement counter[Modulo: 952]" classname="serie2.ex1.CounterModuloTest" time="0.0"/>
  <testcase name="single threaded decrement at 0 gives module - 1[Modulo: 952]" classname="serie2.ex1.CounterModuloTest" time="0.0"/>
  <testcase name="single threaded increment at module - 1 gives 0[Modulo: 952]" classname="serie2.ex1.CounterModuloTest" time="0.0"/>
  <testcase name="multi threaded decrement counter[Modulo: 952]" classname="serie2.ex1.CounterModuloTest" time="0.013"/>
  <testcase name="multi threaded increment counter[Modulo: 953]" classname="serie2.ex1.CounterModuloTest" time="0.012"/>
  <testcase name="single threaded increment and decrement counter[Modulo: 953]" classname="serie2.ex1.CounterModuloTest" time="0.001"/>
  <testcase name="single threaded decrement at 0 gives module - 1[Modulo: 953]" classname="serie2.ex1.CounterModuloTest" time="0.0"/>
  <testcase name="single threaded increment at module - 1 gives 0[Modulo: 953]" classname="serie2.ex1.CounterModuloTest" time="0.0"/>
  <testcase name="multi threaded decrement counter[Modulo: 953]" classname="serie2.ex1.CounterModuloTest" time="0.012"/>
  <testcase name="multi threaded increment counter[Modulo: 954]" classname="serie2.ex1.CounterModuloTest" time="0.012"/>
  <testcase name="single threaded increment and decrement counter[Modulo: 954]" classname="serie2.ex1.CounterModuloTest" time="0.001"/>
  <testcase name="single threaded decrement at 0 gives module - 1[Modulo: 954]" classname="serie2.ex1.CounterModuloTest" time="0.0"/>
  <testcase name="single threaded increment at module - 1 gives 0[Modulo: 954]" classname="serie2.ex1.CounterModuloTest" time="0.0"/>
  <testcase name="multi threaded decrement counter[Modulo: 954]" classname="serie2.ex1.CounterModuloTest" time="0.01"/>
  <testcase name="multi threaded increment counter[Modulo: 955]" classname="serie2.ex1.CounterModuloTest" time="0.013"/>
  <testcase name="single threaded increment and decrement counter[Modulo: 955]" classname="serie2.ex1.CounterModuloTest" time="0.0"/>
  <testcase name="single threaded decrement at 0 gives module - 1[Modulo: 955]" classname="serie2.ex1.CounterModuloTest" time="0.0"/>
  <testcase name="single threaded increment at module - 1 gives 0[Modulo: 955]" classname="serie2.ex1.CounterModuloTest" time="0.0"/>
  <testcase name="multi threaded decrement counter[Modulo: 955]" classname="serie2.ex1.CounterModuloTest" time="0.011"/>
  <testcase name="multi threaded increment counter[Modulo: 956]" classname="serie2.ex1.CounterModuloTest" time="0.012"/>
  <testcase name="single threaded increment and decrement counter[Modulo: 956]" classname="serie2.ex1.CounterModuloTest" time="0.0"/>
  <testcase name="single threaded decrement at 0 gives module - 1[Modulo: 956]" classname="serie2.ex1.CounterModuloTest" time="0.0"/>
  <testcase name="single threaded increment at module - 1 gives 0[Modulo: 956]" classname="serie2.ex1.CounterModuloTest" time="0.0"/>
  <testcase name="multi threaded decrement counter[Modulo: 956]" classname="serie2.ex1.CounterModuloTest" time="0.012"/>
  <testcase name="multi threaded increment counter[Modulo: 957]" classname="serie2.ex1.CounterModuloTest" time="0.012"/>
  <testcase name="single threaded increment and decrement counter[Modulo: 957]" classname="serie2.ex1.CounterModuloTest" time="0.001"/>
  <testcase name="single threaded decrement at 0 gives module - 1[Modulo: 957]" classname="serie2.ex1.CounterModuloTest" time="0.0"/>
  <testcase name="single threaded increment at module - 1 gives 0[Modulo: 957]" classname="serie2.ex1.CounterModuloTest" time="0.0"/>
  <testcase name="multi threaded decrement counter[Modulo: 957]" classname="serie2.ex1.CounterModuloTest" time="0.011"/>
  <testcase name="multi threaded increment counter[Modulo: 958]" classname="serie2.ex1.CounterModuloTest" time="0.012"/>
  <testcase name="single threaded increment and decrement counter[Modulo: 958]" classname="serie2.ex1.CounterModuloTest" time="0.0"/>
  <testcase name="single threaded decrement at 0 gives module - 1[Modulo: 958]" classname="serie2.ex1.CounterModuloTest" time="0.0"/>
  <testcase name="single threaded increment at module - 1 gives 0[Modulo: 958]" classname="serie2.ex1.CounterModuloTest" time="0.0"/>
  <testcase name="multi threaded decrement counter[Modulo: 958]" classname="serie2.ex1.CounterModuloTest" time="0.012"/>
  <testcase name="multi threaded increment counter[Modulo: 959]" classname="serie2.ex1.CounterModuloTest" time="0.012"/>
  <testcase name="single threaded increment and decrement counter[Modulo: 959]" classname="serie2.ex1.CounterModuloTest" time="0.0"/>
  <testcase name="single threaded decrement at 0 gives module - 1[Modulo: 959]" classname="serie2.ex1.CounterModuloTest" time="0.0"/>
  <testcase name="single threaded increment at module - 1 gives 0[Modulo: 959]" classname="serie2.ex1.CounterModuloTest" time="0.0"/>
  <testcase name="multi threaded decrement counter[Modulo: 959]" classname="serie2.ex1.CounterModuloTest" time="0.013"/>
  <testcase name="multi threaded increment counter[Modulo: 960]" classname="serie2.ex1.CounterModuloTest" time="0.011"/>
  <testcase name="single threaded increment and decrement counter[Modulo: 960]" classname="serie2.ex1.CounterModuloTest" time="0.001"/>
  <testcase name="single threaded decrement at 0 gives module - 1[Modulo: 960]" classname="serie2.ex1.CounterModuloTest" time="0.0"/>
  <testcase name="single threaded increment at module - 1 gives 0[Modulo: 960]" classname="serie2.ex1.CounterModuloTest" time="0.0"/>
  <testcase name="multi threaded decrement counter[Modulo: 960]" classname="serie2.ex1.CounterModuloTest" time="0.012"/>
  <testcase name="multi threaded increment counter[Modulo: 961]" classname="serie2.ex1.CounterModuloTest" time="0.014"/>
  <testcase name="single threaded increment and decrement counter[Modulo: 961]" classname="serie2.ex1.CounterModuloTest" time="0.001"/>
  <testcase name="single threaded decrement at 0 gives module - 1[Modulo: 961]" classname="serie2.ex1.CounterModuloTest" time="0.0"/>
  <testcase name="single threaded increment at module - 1 gives 0[Modulo: 961]" classname="serie2.ex1.CounterModuloTest" time="0.0"/>
  <testcase name="multi threaded decrement counter[Modulo: 961]" classname="serie2.ex1.CounterModuloTest" time="0.012"/>
  <testcase name="multi threaded increment counter[Modulo: 962]" classname="serie2.ex1.CounterModuloTest" time="0.01"/>
  <testcase name="single threaded increment and decrement counter[Modulo: 962]" classname="serie2.ex1.CounterModuloTest" time="0.001"/>
  <testcase name="single threaded decrement at 0 gives module - 1[Modulo: 962]" classname="serie2.ex1.CounterModuloTest" time="0.0"/>
  <testcase name="single threaded increment at module - 1 gives 0[Modulo: 962]" classname="serie2.ex1.CounterModuloTest" time="0.0"/>
  <testcase name="multi threaded decrement counter[Modulo: 962]" classname="serie2.ex1.CounterModuloTest" time="0.011"/>
  <testcase name="multi threaded increment counter[Modulo: 963]" classname="serie2.ex1.CounterModuloTest" time="0.012"/>
  <testcase name="single threaded increment and decrement counter[Modulo: 963]" classname="serie2.ex1.CounterModuloTest" time="0.001"/>
  <testcase name="single threaded decrement at 0 gives module - 1[Modulo: 963]" classname="serie2.ex1.CounterModuloTest" time="0.0"/>
  <testcase name="single threaded increment at module - 1 gives 0[Modulo: 963]" classname="serie2.ex1.CounterModuloTest" time="0.0"/>
  <testcase name="multi threaded decrement counter[Modulo: 963]" classname="serie2.ex1.CounterModuloTest" time="0.01"/>
  <testcase name="multi threaded increment counter[Modulo: 964]" classname="serie2.ex1.CounterModuloTest" time="0.011"/>
  <testcase name="single threaded increment and decrement counter[Modulo: 964]" classname="serie2.ex1.CounterModuloTest" time="0.001"/>
  <testcase name="single threaded decrement at 0 gives module - 1[Modulo: 964]" classname="serie2.ex1.CounterModuloTest" time="0.0"/>
  <testcase name="single threaded increment at module - 1 gives 0[Modulo: 964]" classname="serie2.ex1.CounterModuloTest" time="0.0"/>
  <testcase name="multi threaded decrement counter[Modulo: 964]" classname="serie2.ex1.CounterModuloTest" time="0.013"/>
  <testcase name="multi threaded increment counter[Modulo: 965]" classname="serie2.ex1.CounterModuloTest" time="0.012"/>
  <testcase name="single threaded increment and decrement counter[Modulo: 965]" classname="serie2.ex1.CounterModuloTest" time="0.001"/>
  <testcase name="single threaded decrement at 0 gives module - 1[Modulo: 965]" classname="serie2.ex1.CounterModuloTest" time="0.0"/>
  <testcase name="single threaded increment at module - 1 gives 0[Modulo: 965]" classname="serie2.ex1.CounterModuloTest" time="0.0"/>
  <testcase name="multi threaded decrement counter[Modulo: 965]" classname="serie2.ex1.CounterModuloTest" time="0.013"/>
  <testcase name="multi threaded increment counter[Modulo: 966]" classname="serie2.ex1.CounterModuloTest" time="0.013"/>
  <testcase name="single threaded increment and decrement counter[Modulo: 966]" classname="serie2.ex1.CounterModuloTest" time="0.001"/>
  <testcase name="single threaded decrement at 0 gives module - 1[Modulo: 966]" classname="serie2.ex1.CounterModuloTest" time="0.0"/>
  <testcase name="single threaded increment at module - 1 gives 0[Modulo: 966]" classname="serie2.ex1.CounterModuloTest" time="0.0"/>
  <testcase name="multi threaded decrement counter[Modulo: 966]" classname="serie2.ex1.CounterModuloTest" time="0.011"/>
  <testcase name="multi threaded increment counter[Modulo: 967]" classname="serie2.ex1.CounterModuloTest" time="0.012"/>
  <testcase name="single threaded increment and decrement counter[Modulo: 967]" classname="serie2.ex1.CounterModuloTest" time="0.001"/>
  <testcase name="single threaded decrement at 0 gives module - 1[Modulo: 967]" classname="serie2.ex1.CounterModuloTest" time="0.0"/>
  <testcase name="single threaded increment at module - 1 gives 0[Modulo: 967]" classname="serie2.ex1.CounterModuloTest" time="0.0"/>
  <testcase name="multi threaded decrement counter[Modulo: 967]" classname="serie2.ex1.CounterModuloTest" time="0.01"/>
  <testcase name="multi threaded increment counter[Modulo: 968]" classname="serie2.ex1.CounterModuloTest" time="0.012"/>
  <testcase name="single threaded increment and decrement counter[Modulo: 968]" classname="serie2.ex1.CounterModuloTest" time="0.0"/>
  <testcase name="single threaded decrement at 0 gives module - 1[Modulo: 968]" classname="serie2.ex1.CounterModuloTest" time="0.0"/>
  <testcase name="single threaded increment at module - 1 gives 0[Modulo: 968]" classname="serie2.ex1.CounterModuloTest" time="0.0"/>
  <testcase name="multi threaded decrement counter[Modulo: 968]" classname="serie2.ex1.CounterModuloTest" time="0.013"/>
  <testcase name="multi threaded increment counter[Modulo: 969]" classname="serie2.ex1.CounterModuloTest" time="0.012"/>
  <testcase name="single threaded increment and decrement counter[Modulo: 969]" classname="serie2.ex1.CounterModuloTest" time="0.0"/>
  <testcase name="single threaded decrement at 0 gives module - 1[Modulo: 969]" classname="serie2.ex1.CounterModuloTest" time="0.0"/>
  <testcase name="single threaded increment at module - 1 gives 0[Modulo: 969]" classname="serie2.ex1.CounterModuloTest" time="0.0"/>
  <testcase name="multi threaded decrement counter[Modulo: 969]" classname="serie2.ex1.CounterModuloTest" time="0.013"/>
  <testcase name="multi threaded increment counter[Modulo: 970]" classname="serie2.ex1.CounterModuloTest" time="0.012"/>
  <testcase name="single threaded increment and decrement counter[Modulo: 970]" classname="serie2.ex1.CounterModuloTest" time="0.001"/>
  <testcase name="single threaded decrement at 0 gives module - 1[Modulo: 970]" classname="serie2.ex1.CounterModuloTest" time="0.0"/>
  <testcase name="single threaded increment at module - 1 gives 0[Modulo: 970]" classname="serie2.ex1.CounterModuloTest" time="0.0"/>
  <testcase name="multi threaded decrement counter[Modulo: 970]" classname="serie2.ex1.CounterModuloTest" time="0.012"/>
  <testcase name="multi threaded increment counter[Modulo: 971]" classname="serie2.ex1.CounterModuloTest" time="0.012"/>
  <testcase name="single threaded increment and decrement counter[Modulo: 971]" classname="serie2.ex1.CounterModuloTest" time="0.001"/>
  <testcase name="single threaded decrement at 0 gives module - 1[Modulo: 971]" classname="serie2.ex1.CounterModuloTest" time="0.0"/>
  <testcase name="single threaded increment at module - 1 gives 0[Modulo: 971]" classname="serie2.ex1.CounterModuloTest" time="0.0"/>
  <testcase name="multi threaded decrement counter[Modulo: 971]" classname="serie2.ex1.CounterModuloTest" time="0.013"/>
  <testcase name="multi threaded increment counter[Modulo: 972]" classname="serie2.ex1.CounterModuloTest" time="0.013"/>
  <testcase name="single threaded increment and decrement counter[Modulo: 972]" classname="serie2.ex1.CounterModuloTest" time="0.001"/>
  <testcase name="single threaded decrement at 0 gives module - 1[Modulo: 972]" classname="serie2.ex1.CounterModuloTest" time="0.0"/>
  <testcase name="single threaded increment at module - 1 gives 0[Modulo: 972]" classname="serie2.ex1.CounterModuloTest" time="0.0"/>
  <testcase name="multi threaded decrement counter[Modulo: 972]" classname="serie2.ex1.CounterModuloTest" time="0.013"/>
  <testcase name="multi threaded increment counter[Modulo: 973]" classname="serie2.ex1.CounterModuloTest" time="0.011"/>
  <testcase name="single threaded increment and decrement counter[Modulo: 973]" classname="serie2.ex1.CounterModuloTest" time="0.001"/>
  <testcase name="single threaded decrement at 0 gives module - 1[Modulo: 973]" classname="serie2.ex1.CounterModuloTest" time="0.0"/>
  <testcase name="single threaded increment at module - 1 gives 0[Modulo: 973]" classname="serie2.ex1.CounterModuloTest" time="0.0"/>
  <testcase name="multi threaded decrement counter[Modulo: 973]" classname="serie2.ex1.CounterModuloTest" time="0.013"/>
  <testcase name="multi threaded increment counter[Modulo: 974]" classname="serie2.ex1.CounterModuloTest" time="0.012"/>
  <testcase name="single threaded increment and decrement counter[Modulo: 974]" classname="serie2.ex1.CounterModuloTest" time="0.0"/>
  <testcase name="single threaded decrement at 0 gives module - 1[Modulo: 974]" classname="serie2.ex1.CounterModuloTest" time="0.0"/>
  <testcase name="single threaded increment at module - 1 gives 0[Modulo: 974]" classname="serie2.ex1.CounterModuloTest" time="0.0"/>
  <testcase name="multi threaded decrement counter[Modulo: 974]" classname="serie2.ex1.CounterModuloTest" time="0.012"/>
  <testcase name="multi threaded increment counter[Modulo: 975]" classname="serie2.ex1.CounterModuloTest" time="0.012"/>
  <testcase name="single threaded increment and decrement counter[Modulo: 975]" classname="serie2.ex1.CounterModuloTest" time="0.0"/>
  <testcase name="single threaded decrement at 0 gives module - 1[Modulo: 975]" classname="serie2.ex1.CounterModuloTest" time="0.0"/>
  <testcase name="single threaded increment at module - 1 gives 0[Modulo: 975]" classname="serie2.ex1.CounterModuloTest" time="0.0"/>
  <testcase name="multi threaded decrement counter[Modulo: 975]" classname="serie2.ex1.CounterModuloTest" time="0.012"/>
  <testcase name="multi threaded increment counter[Modulo: 976]" classname="serie2.ex1.CounterModuloTest" time="0.013"/>
  <testcase name="single threaded increment and decrement counter[Modulo: 976]" classname="serie2.ex1.CounterModuloTest" time="0.0"/>
  <testcase name="single threaded decrement at 0 gives module - 1[Modulo: 976]" classname="serie2.ex1.CounterModuloTest" time="0.0"/>
  <testcase name="single threaded increment at module - 1 gives 0[Modulo: 976]" classname="serie2.ex1.CounterModuloTest" time="0.0"/>
  <testcase name="multi threaded decrement counter[Modulo: 976]" classname="serie2.ex1.CounterModuloTest" time="0.012"/>
  <testcase name="multi threaded increment counter[Modulo: 977]" classname="serie2.ex1.CounterModuloTest" time="0.012"/>
  <testcase name="single threaded increment and decrement counter[Modulo: 977]" classname="serie2.ex1.CounterModuloTest" time="0.0"/>
  <testcase name="single threaded decrement at 0 gives module - 1[Modulo: 977]" classname="serie2.ex1.CounterModuloTest" time="0.0"/>
  <testcase name="single threaded increment at module - 1 gives 0[Modulo: 977]" classname="serie2.ex1.CounterModuloTest" time="0.0"/>
  <testcase name="multi threaded decrement counter[Modulo: 977]" classname="serie2.ex1.CounterModuloTest" time="0.012"/>
  <testcase name="multi threaded increment counter[Modulo: 978]" classname="serie2.ex1.CounterModuloTest" time="0.013"/>
  <testcase name="single threaded increment and decrement counter[Modulo: 978]" classname="serie2.ex1.CounterModuloTest" time="0.0"/>
  <testcase name="single threaded decrement at 0 gives module - 1[Modulo: 978]" classname="serie2.ex1.CounterModuloTest" time="0.0"/>
  <testcase name="single threaded increment at module - 1 gives 0[Modulo: 978]" classname="serie2.ex1.CounterModuloTest" time="0.0"/>
  <testcase name="multi threaded decrement counter[Modulo: 978]" classname="serie2.ex1.CounterModuloTest" time="0.012"/>
  <testcase name="multi threaded increment counter[Modulo: 979]" classname="serie2.ex1.CounterModuloTest" time="0.012"/>
  <testcase name="single threaded increment and decrement counter[Modulo: 979]" classname="serie2.ex1.CounterModuloTest" time="0.0"/>
  <testcase name="single threaded decrement at 0 gives module - 1[Modulo: 979]" classname="serie2.ex1.CounterModuloTest" time="0.0"/>
  <testcase name="single threaded increment at module - 1 gives 0[Modulo: 979]" classname="serie2.ex1.CounterModuloTest" time="0.0"/>
  <testcase name="multi threaded decrement counter[Modulo: 979]" classname="serie2.ex1.CounterModuloTest" time="0.012"/>
  <testcase name="multi threaded increment counter[Modulo: 980]" classname="serie2.ex1.CounterModuloTest" time="0.012"/>
  <testcase name="single threaded increment and decrement counter[Modulo: 980]" classname="serie2.ex1.CounterModuloTest" time="0.001"/>
  <testcase name="single threaded decrement at 0 gives module - 1[Modulo: 980]" classname="serie2.ex1.CounterModuloTest" time="0.0"/>
  <testcase name="single threaded increment at module - 1 gives 0[Modulo: 980]" classname="serie2.ex1.CounterModuloTest" time="0.0"/>
  <testcase name="multi threaded decrement counter[Modulo: 980]" classname="serie2.ex1.CounterModuloTest" time="0.012"/>
  <testcase name="multi threaded increment counter[Modulo: 981]" classname="serie2.ex1.CounterModuloTest" time="0.012"/>
  <testcase name="single threaded increment and decrement counter[Modulo: 981]" classname="serie2.ex1.CounterModuloTest" time="0.001"/>
  <testcase name="single threaded decrement at 0 gives module - 1[Modulo: 981]" classname="serie2.ex1.CounterModuloTest" time="0.0"/>
  <testcase name="single threaded increment at module - 1 gives 0[Modulo: 981]" classname="serie2.ex1.CounterModuloTest" time="0.0"/>
  <testcase name="multi threaded decrement counter[Modulo: 981]" classname="serie2.ex1.CounterModuloTest" time="0.012"/>
  <testcase name="multi threaded increment counter[Modulo: 982]" classname="serie2.ex1.CounterModuloTest" time="0.012"/>
  <testcase name="single threaded increment and decrement counter[Modulo: 982]" classname="serie2.ex1.CounterModuloTest" time="0.001"/>
  <testcase name="single threaded decrement at 0 gives module - 1[Modulo: 982]" classname="serie2.ex1.CounterModuloTest" time="0.0"/>
  <testcase name="single threaded increment at module - 1 gives 0[Modulo: 982]" classname="serie2.ex1.CounterModuloTest" time="0.0"/>
  <testcase name="multi threaded decrement counter[Modulo: 982]" classname="serie2.ex1.CounterModuloTest" time="0.011"/>
  <testcase name="multi threaded increment counter[Modulo: 983]" classname="serie2.ex1.CounterModuloTest" time="0.012"/>
  <testcase name="single threaded increment and decrement counter[Modulo: 983]" classname="serie2.ex1.CounterModuloTest" time="0.001"/>
  <testcase name="single threaded decrement at 0 gives module - 1[Modulo: 983]" classname="serie2.ex1.CounterModuloTest" time="0.0"/>
  <testcase name="single threaded increment at module - 1 gives 0[Modulo: 983]" classname="serie2.ex1.CounterModuloTest" time="0.0"/>
  <testcase name="multi threaded decrement counter[Modulo: 983]" classname="serie2.ex1.CounterModuloTest" time="0.01"/>
  <testcase name="multi threaded increment counter[Modulo: 984]" classname="serie2.ex1.CounterModuloTest" time="0.011"/>
  <testcase name="single threaded increment and decrement counter[Modulo: 984]" classname="serie2.ex1.CounterModuloTest" time="0.0"/>
  <testcase name="single threaded decrement at 0 gives module - 1[Modulo: 984]" classname="serie2.ex1.CounterModuloTest" time="0.0"/>
  <testcase name="single threaded increment at module - 1 gives 0[Modulo: 984]" classname="serie2.ex1.CounterModuloTest" time="0.0"/>
  <testcase name="multi threaded decrement counter[Modulo: 984]" classname="serie2.ex1.CounterModuloTest" time="0.011"/>
  <testcase name="multi threaded increment counter[Modulo: 985]" classname="serie2.ex1.CounterModuloTest" time="0.011"/>
  <testcase name="single threaded increment and decrement counter[Modulo: 985]" classname="serie2.ex1.CounterModuloTest" time="0.0"/>
  <testcase name="single threaded decrement at 0 gives module - 1[Modulo: 985]" classname="serie2.ex1.CounterModuloTest" time="0.0"/>
  <testcase name="single threaded increment at module - 1 gives 0[Modulo: 985]" classname="serie2.ex1.CounterModuloTest" time="0.0"/>
  <testcase name="multi threaded decrement counter[Modulo: 985]" classname="serie2.ex1.CounterModuloTest" time="0.013"/>
  <testcase name="multi threaded increment counter[Modulo: 986]" classname="serie2.ex1.CounterModuloTest" time="0.012"/>
  <testcase name="single threaded increment and decrement counter[Modulo: 986]" classname="serie2.ex1.CounterModuloTest" time="0.0"/>
  <testcase name="single threaded decrement at 0 gives module - 1[Modulo: 986]" classname="serie2.ex1.CounterModuloTest" time="0.0"/>
  <testcase name="single threaded increment at module - 1 gives 0[Modulo: 986]" classname="serie2.ex1.CounterModuloTest" time="0.0"/>
  <testcase name="multi threaded decrement counter[Modulo: 986]" classname="serie2.ex1.CounterModuloTest" time="0.012"/>
  <testcase name="multi threaded increment counter[Modulo: 987]" classname="serie2.ex1.CounterModuloTest" time="0.011"/>
  <testcase name="single threaded increment and decrement counter[Modulo: 987]" classname="serie2.ex1.CounterModuloTest" time="0.001"/>
  <testcase name="single threaded decrement at 0 gives module - 1[Modulo: 987]" classname="serie2.ex1.CounterModuloTest" time="0.0"/>
  <testcase name="single threaded increment at module - 1 gives 0[Modulo: 987]" classname="serie2.ex1.CounterModuloTest" time="0.0"/>
  <testcase name="multi threaded decrement counter[Modulo: 987]" classname="serie2.ex1.CounterModuloTest" time="0.012"/>
  <testcase name="multi threaded increment counter[Modulo: 988]" classname="serie2.ex1.CounterModuloTest" time="0.012"/>
  <testcase name="single threaded increment and decrement counter[Modulo: 988]" classname="serie2.ex1.CounterModuloTest" time="0.0"/>
  <testcase name="single threaded decrement at 0 gives module - 1[Modulo: 988]" classname="serie2.ex1.CounterModuloTest" time="0.0"/>
  <testcase name="single threaded increment at module - 1 gives 0[Modulo: 988]" classname="serie2.ex1.CounterModuloTest" time="0.0"/>
  <testcase name="multi threaded decrement counter[Modulo: 988]" classname="serie2.ex1.CounterModuloTest" time="0.012"/>
  <testcase name="multi threaded increment counter[Modulo: 989]" classname="serie2.ex1.CounterModuloTest" time="0.013"/>
  <testcase name="single threaded increment and decrement counter[Modulo: 989]" classname="serie2.ex1.CounterModuloTest" time="0.001"/>
  <testcase name="single threaded decrement at 0 gives module - 1[Modulo: 989]" classname="serie2.ex1.CounterModuloTest" time="0.0"/>
  <testcase name="single threaded increment at module - 1 gives 0[Modulo: 989]" classname="serie2.ex1.CounterModuloTest" time="0.0"/>
  <testcase name="multi threaded decrement counter[Modulo: 989]" classname="serie2.ex1.CounterModuloTest" time="0.013"/>
  <testcase name="multi threaded increment counter[Modulo: 990]" classname="serie2.ex1.CounterModuloTest" time="0.012"/>
  <testcase name="single threaded increment and decrement counter[Modulo: 990]" classname="serie2.ex1.CounterModuloTest" time="0.001"/>
  <testcase name="single threaded decrement at 0 gives module - 1[Modulo: 990]" classname="serie2.ex1.CounterModuloTest" time="0.0"/>
  <testcase name="single threaded increment at module - 1 gives 0[Modulo: 990]" classname="serie2.ex1.CounterModuloTest" time="0.0"/>
  <testcase name="multi threaded decrement counter[Modulo: 990]" classname="serie2.ex1.CounterModuloTest" time="0.013"/>
  <testcase name="multi threaded increment counter[Modulo: 991]" classname="serie2.ex1.CounterModuloTest" time="0.012"/>
  <testcase name="single threaded increment and decrement counter[Modulo: 991]" classname="serie2.ex1.CounterModuloTest" time="0.0"/>
  <testcase name="single threaded decrement at 0 gives module - 1[Modulo: 991]" classname="serie2.ex1.CounterModuloTest" time="0.001"/>
  <testcase name="single threaded increment at module - 1 gives 0[Modulo: 991]" classname="serie2.ex1.CounterModuloTest" time="0.0"/>
  <testcase name="multi threaded decrement counter[Modulo: 991]" classname="serie2.ex1.CounterModuloTest" time="0.01"/>
  <testcase name="multi threaded increment counter[Modulo: 992]" classname="serie2.ex1.CounterModuloTest" time="0.013"/>
  <testcase name="single threaded increment and decrement counter[Modulo: 992]" classname="serie2.ex1.CounterModuloTest" time="0.001"/>
  <testcase name="single threaded decrement at 0 gives module - 1[Modulo: 992]" classname="serie2.ex1.CounterModuloTest" time="0.0"/>
  <testcase name="single threaded increment at module - 1 gives 0[Modulo: 992]" classname="serie2.ex1.CounterModuloTest" time="0.0"/>
  <testcase name="multi threaded decrement counter[Modulo: 992]" classname="serie2.ex1.CounterModuloTest" time="0.012"/>
  <testcase name="multi threaded increment counter[Modulo: 993]" classname="serie2.ex1.CounterModuloTest" time="0.012"/>
  <testcase name="single threaded increment and decrement counter[Modulo: 993]" classname="serie2.ex1.CounterModuloTest" time="0.0"/>
  <testcase name="single threaded decrement at 0 gives module - 1[Modulo: 993]" classname="serie2.ex1.CounterModuloTest" time="0.0"/>
  <testcase name="single threaded increment at module - 1 gives 0[Modulo: 993]" classname="serie2.ex1.CounterModuloTest" time="0.0"/>
  <testcase name="multi threaded decrement counter[Modulo: 993]" classname="serie2.ex1.CounterModuloTest" time="0.011"/>
  <testcase name="multi threaded increment counter[Modulo: 994]" classname="serie2.ex1.CounterModuloTest" time="0.011"/>
  <testcase name="single threaded increment and decrement counter[Modulo: 994]" classname="serie2.ex1.CounterModuloTest" time="0.001"/>
  <testcase name="single threaded decrement at 0 gives module - 1[Modulo: 994]" classname="serie2.ex1.CounterModuloTest" time="0.0"/>
  <testcase name="single threaded increment at module - 1 gives 0[Modulo: 994]" classname="serie2.ex1.CounterModuloTest" time="0.0"/>
  <testcase name="multi threaded decrement counter[Modulo: 994]" classname="serie2.ex1.CounterModuloTest" time="0.012"/>
  <testcase name="multi threaded increment counter[Modulo: 995]" classname="serie2.ex1.CounterModuloTest" time="0.011"/>
  <testcase name="single threaded increment and decrement counter[Modulo: 995]" classname="serie2.ex1.CounterModuloTest" time="0.0"/>
  <testcase name="single threaded decrement at 0 gives module - 1[Modulo: 995]" classname="serie2.ex1.CounterModuloTest" time="0.0"/>
  <testcase name="single threaded increment at module - 1 gives 0[Modulo: 995]" classname="serie2.ex1.CounterModuloTest" time="0.0"/>
  <testcase name="multi threaded decrement counter[Modulo: 995]" classname="serie2.ex1.CounterModuloTest" time="0.012"/>
  <testcase name="multi threaded increment counter[Modulo: 996]" classname="serie2.ex1.CounterModuloTest" time="0.012"/>
  <testcase name="single threaded increment and decrement counter[Modulo: 996]" classname="serie2.ex1.CounterModuloTest" time="0.0"/>
  <testcase name="single threaded decrement at 0 gives module - 1[Modulo: 996]" classname="serie2.ex1.CounterModuloTest" time="0.0"/>
  <testcase name="single threaded increment at module - 1 gives 0[Modulo: 996]" classname="serie2.ex1.CounterModuloTest" time="0.0"/>
  <testcase name="multi threaded decrement counter[Modulo: 996]" classname="serie2.ex1.CounterModuloTest" time="0.012"/>
  <testcase name="multi threaded increment counter[Modulo: 997]" classname="serie2.ex1.CounterModuloTest" time="0.01"/>
  <testcase name="single threaded increment and decrement counter[Modulo: 997]" classname="serie2.ex1.CounterModuloTest" time="0.001"/>
  <testcase name="single threaded decrement at 0 gives module - 1[Modulo: 997]" classname="serie2.ex1.CounterModuloTest" time="0.0"/>
  <testcase name="single threaded increment at module - 1 gives 0[Modulo: 997]" classname="serie2.ex1.CounterModuloTest" time="0.0"/>
  <testcase name="multi threaded decrement counter[Modulo: 997]" classname="serie2.ex1.CounterModuloTest" time="0.012"/>
  <testcase name="multi threaded increment counter[Modulo: 998]" classname="serie2.ex1.CounterModuloTest" time="0.013"/>
  <testcase name="single threaded increment and decrement counter[Modulo: 998]" classname="serie2.ex1.CounterModuloTest" time="0.0"/>
  <testcase name="single threaded decrement at 0 gives module - 1[Modulo: 998]" classname="serie2.ex1.CounterModuloTest" time="0.0"/>
  <testcase name="single threaded increment at module - 1 gives 0[Modulo: 998]" classname="serie2.ex1.CounterModuloTest" time="0.0"/>
  <testcase name="multi threaded decrement counter[Modulo: 998]" classname="serie2.ex1.CounterModuloTest" time="0.012"/>
  <testcase name="multi threaded increment counter[Modulo: 999]" classname="serie2.ex1.CounterModuloTest" time="0.013"/>
  <testcase name="single threaded increment and decrement counter[Modulo: 999]" classname="serie2.ex1.CounterModuloTest" time="0.0"/>
  <testcase name="single threaded decrement at 0 gives module - 1[Modulo: 999]" classname="serie2.ex1.CounterModuloTest" time="0.0"/>
  <testcase name="single threaded increment at module - 1 gives 0[Modulo: 999]" classname="serie2.ex1.CounterModuloTest" time="0.0"/>
  <testcase name="multi threaded decrement counter[Modulo: 999]" classname="serie2.ex1.CounterModuloTest" time="0.012"/>
  <testcase name="multi threaded increment counter[Modulo: 1,000]" classname="serie2.ex1.CounterModuloTest" time="0.013"/>
  <testcase name="single threaded increment and decrement counter[Modulo: 1,000]" classname="serie2.ex1.CounterModuloTest" time="0.0"/>
  <testcase name="single threaded decrement at 0 gives module - 1[Modulo: 1,000]" classname="serie2.ex1.CounterModuloTest" time="0.0"/>
  <testcase name="single threaded increment at module - 1 gives 0[Modulo: 1,000]" classname="serie2.ex1.CounterModuloTest" time="0.0"/>
  <testcase name="multi threaded decrement counter[Modulo: 1,000]" classname="serie2.ex1.CounterModuloTest" time="0.01"/>
  <system-out><![CDATA[]]></system-out>
  <system-err><![CDATA[]]></system-err>
</testsuite>
