<?xml version="1.0" encoding="UTF-8"?>
<testsuite name="ExchangerTest" tests="4" skipped="0" failures="0" errors="0" timestamp="2022-04-22T20:49:29" hostname="LAPTOP-8IJG8NP1" time="11.063">
  <properties/>
  <testcase name="Exchange between two threads and the third times out" classname="ExchangerTest" time="3.02"/>
  <testcase name="First thread times out and then next two exchange" classname="ExchangerTest" time="5.014"/>
  <testcase name="First thread times out then all get null" classname="ExchangerTest" time="3.027"/>
  <testcase name="Interruption throws InterruptedException" classname="ExchangerTest" time="0.002"/>
  <system-out><![CDATA[]]></system-out>
  <system-err><![CDATA[]]></system-err>
</testsuite>
